[2025-05-24T04:22:27.666+0530] {processor.py:161} INFO - Started process (PID=15614) to work on /Library/Frameworks/Python.framework/Versions/3.12/lib/python3.12/site-packages/airflow/example_dags/plugins/decreasing_priority_weight_strategy.py
[2025-05-24T04:22:27.666+0530] {processor.py:830} INFO - Processing file /Library/Frameworks/Python.framework/Versions/3.12/lib/python3.12/site-packages/airflow/example_dags/plugins/decreasing_priority_weight_strategy.py for tasks to queue
[2025-05-24T04:22:27.667+0530] {logging_mixin.py:188} INFO - [2025-05-24T04:22:27.667+0530] {dagbag.py:540} INFO - Filling up the DagBag from /Library/Frameworks/Python.framework/Versions/3.12/lib/python3.12/site-packages/airflow/example_dags/plugins/decreasing_priority_weight_strategy.py
[2025-05-24T04:22:27.668+0530] {processor.py:842} WARNING - No viable dags retrieved from /Library/Frameworks/Python.framework/Versions/3.12/lib/python3.12/site-packages/airflow/example_dags/plugins/decreasing_priority_weight_strategy.py
[2025-05-24T04:22:27.739+0530] {processor.py:183} INFO - Processing /Library/Frameworks/Python.framework/Versions/3.12/lib/python3.12/site-packages/airflow/example_dags/plugins/decreasing_priority_weight_strategy.py took 0.077 seconds
[2025-05-24T04:25:01.667+0530] {processor.py:161} INFO - Started process (PID=15717) to work on /Library/Frameworks/Python.framework/Versions/3.12/lib/python3.12/site-packages/airflow/example_dags/plugins/decreasing_priority_weight_strategy.py
[2025-05-24T04:25:01.668+0530] {processor.py:830} INFO - Processing file /Library/Frameworks/Python.framework/Versions/3.12/lib/python3.12/site-packages/airflow/example_dags/plugins/decreasing_priority_weight_strategy.py for tasks to queue
[2025-05-24T04:25:01.669+0530] {logging_mixin.py:188} INFO - [2025-05-24T04:25:01.669+0530] {dagbag.py:540} INFO - Filling up the DagBag from /Library/Frameworks/Python.framework/Versions/3.12/lib/python3.12/site-packages/airflow/example_dags/plugins/decreasing_priority_weight_strategy.py
[2025-05-24T04:25:01.670+0530] {processor.py:842} WARNING - No viable dags retrieved from /Library/Frameworks/Python.framework/Versions/3.12/lib/python3.12/site-packages/airflow/example_dags/plugins/decreasing_priority_weight_strategy.py
[2025-05-24T04:25:01.748+0530] {processor.py:183} INFO - Processing /Library/Frameworks/Python.framework/Versions/3.12/lib/python3.12/site-packages/airflow/example_dags/plugins/decreasing_priority_weight_strategy.py took 0.084 seconds
[2025-05-24T04:27:03.956+0530] {processor.py:161} INFO - Started process (PID=15786) to work on /Library/Frameworks/Python.framework/Versions/3.12/lib/python3.12/site-packages/airflow/example_dags/plugins/decreasing_priority_weight_strategy.py
[2025-05-24T04:27:03.958+0530] {processor.py:830} INFO - Processing file /Library/Frameworks/Python.framework/Versions/3.12/lib/python3.12/site-packages/airflow/example_dags/plugins/decreasing_priority_weight_strategy.py for tasks to queue
[2025-05-24T04:27:03.959+0530] {logging_mixin.py:188} INFO - [2025-05-24T04:27:03.959+0530] {dagbag.py:540} INFO - Filling up the DagBag from /Library/Frameworks/Python.framework/Versions/3.12/lib/python3.12/site-packages/airflow/example_dags/plugins/decreasing_priority_weight_strategy.py
[2025-05-24T04:27:03.960+0530] {processor.py:842} WARNING - No viable dags retrieved from /Library/Frameworks/Python.framework/Versions/3.12/lib/python3.12/site-packages/airflow/example_dags/plugins/decreasing_priority_weight_strategy.py
[2025-05-24T04:27:04.026+0530] {processor.py:183} INFO - Processing /Library/Frameworks/Python.framework/Versions/3.12/lib/python3.12/site-packages/airflow/example_dags/plugins/decreasing_priority_weight_strategy.py took 0.074 seconds
[2025-05-24T04:28:57.344+0530] {processor.py:161} INFO - Started process (PID=15837) to work on /Library/Frameworks/Python.framework/Versions/3.12/lib/python3.12/site-packages/airflow/example_dags/plugins/decreasing_priority_weight_strategy.py
[2025-05-24T04:28:57.346+0530] {processor.py:830} INFO - Processing file /Library/Frameworks/Python.framework/Versions/3.12/lib/python3.12/site-packages/airflow/example_dags/plugins/decreasing_priority_weight_strategy.py for tasks to queue
[2025-05-24T04:28:57.346+0530] {logging_mixin.py:188} INFO - [2025-05-24T04:28:57.346+0530] {dagbag.py:540} INFO - Filling up the DagBag from /Library/Frameworks/Python.framework/Versions/3.12/lib/python3.12/site-packages/airflow/example_dags/plugins/decreasing_priority_weight_strategy.py
[2025-05-24T04:28:57.347+0530] {processor.py:842} WARNING - No viable dags retrieved from /Library/Frameworks/Python.framework/Versions/3.12/lib/python3.12/site-packages/airflow/example_dags/plugins/decreasing_priority_weight_strategy.py
[2025-05-24T04:28:57.412+0530] {processor.py:183} INFO - Processing /Library/Frameworks/Python.framework/Versions/3.12/lib/python3.12/site-packages/airflow/example_dags/plugins/decreasing_priority_weight_strategy.py took 0.071 seconds
[2025-05-24T04:30:54.422+0530] {processor.py:161} INFO - Started process (PID=15915) to work on /Library/Frameworks/Python.framework/Versions/3.12/lib/python3.12/site-packages/airflow/example_dags/plugins/decreasing_priority_weight_strategy.py
[2025-05-24T04:30:54.423+0530] {processor.py:830} INFO - Processing file /Library/Frameworks/Python.framework/Versions/3.12/lib/python3.12/site-packages/airflow/example_dags/plugins/decreasing_priority_weight_strategy.py for tasks to queue
[2025-05-24T04:30:54.424+0530] {logging_mixin.py:188} INFO - [2025-05-24T04:30:54.423+0530] {dagbag.py:540} INFO - Filling up the DagBag from /Library/Frameworks/Python.framework/Versions/3.12/lib/python3.12/site-packages/airflow/example_dags/plugins/decreasing_priority_weight_strategy.py
[2025-05-24T04:30:54.425+0530] {processor.py:842} WARNING - No viable dags retrieved from /Library/Frameworks/Python.framework/Versions/3.12/lib/python3.12/site-packages/airflow/example_dags/plugins/decreasing_priority_weight_strategy.py
[2025-05-24T04:30:54.493+0530] {processor.py:183} INFO - Processing /Library/Frameworks/Python.framework/Versions/3.12/lib/python3.12/site-packages/airflow/example_dags/plugins/decreasing_priority_weight_strategy.py took 0.075 seconds
[2025-05-24T04:32:54.146+0530] {processor.py:161} INFO - Started process (PID=15977) to work on /Library/Frameworks/Python.framework/Versions/3.12/lib/python3.12/site-packages/airflow/example_dags/plugins/decreasing_priority_weight_strategy.py
[2025-05-24T04:32:54.149+0530] {processor.py:830} INFO - Processing file /Library/Frameworks/Python.framework/Versions/3.12/lib/python3.12/site-packages/airflow/example_dags/plugins/decreasing_priority_weight_strategy.py for tasks to queue
[2025-05-24T04:32:54.150+0530] {logging_mixin.py:188} INFO - [2025-05-24T04:32:54.149+0530] {dagbag.py:540} INFO - Filling up the DagBag from /Library/Frameworks/Python.framework/Versions/3.12/lib/python3.12/site-packages/airflow/example_dags/plugins/decreasing_priority_weight_strategy.py
[2025-05-24T04:32:54.151+0530] {processor.py:842} WARNING - No viable dags retrieved from /Library/Frameworks/Python.framework/Versions/3.12/lib/python3.12/site-packages/airflow/example_dags/plugins/decreasing_priority_weight_strategy.py
[2025-05-24T04:32:54.220+0530] {processor.py:183} INFO - Processing /Library/Frameworks/Python.framework/Versions/3.12/lib/python3.12/site-packages/airflow/example_dags/plugins/decreasing_priority_weight_strategy.py took 0.077 seconds
[2025-05-24T04:34:57.794+0530] {processor.py:161} INFO - Started process (PID=16055) to work on /Library/Frameworks/Python.framework/Versions/3.12/lib/python3.12/site-packages/airflow/example_dags/plugins/decreasing_priority_weight_strategy.py
[2025-05-24T04:34:57.797+0530] {processor.py:830} INFO - Processing file /Library/Frameworks/Python.framework/Versions/3.12/lib/python3.12/site-packages/airflow/example_dags/plugins/decreasing_priority_weight_strategy.py for tasks to queue
[2025-05-24T04:34:57.798+0530] {logging_mixin.py:188} INFO - [2025-05-24T04:34:57.797+0530] {dagbag.py:540} INFO - Filling up the DagBag from /Library/Frameworks/Python.framework/Versions/3.12/lib/python3.12/site-packages/airflow/example_dags/plugins/decreasing_priority_weight_strategy.py
[2025-05-24T04:34:57.799+0530] {processor.py:842} WARNING - No viable dags retrieved from /Library/Frameworks/Python.framework/Versions/3.12/lib/python3.12/site-packages/airflow/example_dags/plugins/decreasing_priority_weight_strategy.py
[2025-05-24T04:34:57.899+0530] {processor.py:183} INFO - Processing /Library/Frameworks/Python.framework/Versions/3.12/lib/python3.12/site-packages/airflow/example_dags/plugins/decreasing_priority_weight_strategy.py took 0.109 seconds
[2025-05-24T04:36:59.510+0530] {processor.py:161} INFO - Started process (PID=16123) to work on /Library/Frameworks/Python.framework/Versions/3.12/lib/python3.12/site-packages/airflow/example_dags/plugins/decreasing_priority_weight_strategy.py
[2025-05-24T04:36:59.512+0530] {processor.py:830} INFO - Processing file /Library/Frameworks/Python.framework/Versions/3.12/lib/python3.12/site-packages/airflow/example_dags/plugins/decreasing_priority_weight_strategy.py for tasks to queue
[2025-05-24T04:36:59.513+0530] {logging_mixin.py:188} INFO - [2025-05-24T04:36:59.512+0530] {dagbag.py:540} INFO - Filling up the DagBag from /Library/Frameworks/Python.framework/Versions/3.12/lib/python3.12/site-packages/airflow/example_dags/plugins/decreasing_priority_weight_strategy.py
[2025-05-24T04:36:59.514+0530] {processor.py:842} WARNING - No viable dags retrieved from /Library/Frameworks/Python.framework/Versions/3.12/lib/python3.12/site-packages/airflow/example_dags/plugins/decreasing_priority_weight_strategy.py
[2025-05-24T04:36:59.579+0530] {processor.py:183} INFO - Processing /Library/Frameworks/Python.framework/Versions/3.12/lib/python3.12/site-packages/airflow/example_dags/plugins/decreasing_priority_weight_strategy.py took 0.073 seconds
[2025-05-24T04:38:58.908+0530] {processor.py:161} INFO - Started process (PID=16196) to work on /Library/Frameworks/Python.framework/Versions/3.12/lib/python3.12/site-packages/airflow/example_dags/plugins/decreasing_priority_weight_strategy.py
[2025-05-24T04:38:58.909+0530] {processor.py:830} INFO - Processing file /Library/Frameworks/Python.framework/Versions/3.12/lib/python3.12/site-packages/airflow/example_dags/plugins/decreasing_priority_weight_strategy.py for tasks to queue
[2025-05-24T04:38:58.910+0530] {logging_mixin.py:188} INFO - [2025-05-24T04:38:58.910+0530] {dagbag.py:540} INFO - Filling up the DagBag from /Library/Frameworks/Python.framework/Versions/3.12/lib/python3.12/site-packages/airflow/example_dags/plugins/decreasing_priority_weight_strategy.py
[2025-05-24T04:38:58.911+0530] {processor.py:842} WARNING - No viable dags retrieved from /Library/Frameworks/Python.framework/Versions/3.12/lib/python3.12/site-packages/airflow/example_dags/plugins/decreasing_priority_weight_strategy.py
[2025-05-24T04:38:58.977+0530] {processor.py:183} INFO - Processing /Library/Frameworks/Python.framework/Versions/3.12/lib/python3.12/site-packages/airflow/example_dags/plugins/decreasing_priority_weight_strategy.py took 0.073 seconds
[2025-05-24T04:41:00.067+0530] {processor.py:161} INFO - Started process (PID=16261) to work on /Library/Frameworks/Python.framework/Versions/3.12/lib/python3.12/site-packages/airflow/example_dags/plugins/decreasing_priority_weight_strategy.py
[2025-05-24T04:41:00.068+0530] {processor.py:830} INFO - Processing file /Library/Frameworks/Python.framework/Versions/3.12/lib/python3.12/site-packages/airflow/example_dags/plugins/decreasing_priority_weight_strategy.py for tasks to queue
[2025-05-24T04:41:00.068+0530] {logging_mixin.py:188} INFO - [2025-05-24T04:41:00.068+0530] {dagbag.py:540} INFO - Filling up the DagBag from /Library/Frameworks/Python.framework/Versions/3.12/lib/python3.12/site-packages/airflow/example_dags/plugins/decreasing_priority_weight_strategy.py
[2025-05-24T04:41:00.069+0530] {processor.py:842} WARNING - No viable dags retrieved from /Library/Frameworks/Python.framework/Versions/3.12/lib/python3.12/site-packages/airflow/example_dags/plugins/decreasing_priority_weight_strategy.py
[2025-05-24T04:41:00.147+0530] {processor.py:183} INFO - Processing /Library/Frameworks/Python.framework/Versions/3.12/lib/python3.12/site-packages/airflow/example_dags/plugins/decreasing_priority_weight_strategy.py took 0.083 seconds
[2025-05-24T04:43:07.842+0530] {processor.py:161} INFO - Started process (PID=16419) to work on /Library/Frameworks/Python.framework/Versions/3.12/lib/python3.12/site-packages/airflow/example_dags/plugins/decreasing_priority_weight_strategy.py
[2025-05-24T04:43:07.843+0530] {processor.py:830} INFO - Processing file /Library/Frameworks/Python.framework/Versions/3.12/lib/python3.12/site-packages/airflow/example_dags/plugins/decreasing_priority_weight_strategy.py for tasks to queue
[2025-05-24T04:43:07.843+0530] {logging_mixin.py:188} INFO - [2025-05-24T04:43:07.843+0530] {dagbag.py:540} INFO - Filling up the DagBag from /Library/Frameworks/Python.framework/Versions/3.12/lib/python3.12/site-packages/airflow/example_dags/plugins/decreasing_priority_weight_strategy.py
[2025-05-24T04:43:07.844+0530] {processor.py:842} WARNING - No viable dags retrieved from /Library/Frameworks/Python.framework/Versions/3.12/lib/python3.12/site-packages/airflow/example_dags/plugins/decreasing_priority_weight_strategy.py
[2025-05-24T04:43:07.917+0530] {processor.py:183} INFO - Processing /Library/Frameworks/Python.framework/Versions/3.12/lib/python3.12/site-packages/airflow/example_dags/plugins/decreasing_priority_weight_strategy.py took 0.078 seconds
[2025-05-24T04:45:08.321+0530] {processor.py:161} INFO - Started process (PID=17314) to work on /Library/Frameworks/Python.framework/Versions/3.12/lib/python3.12/site-packages/airflow/example_dags/plugins/decreasing_priority_weight_strategy.py
[2025-05-24T04:45:08.322+0530] {processor.py:830} INFO - Processing file /Library/Frameworks/Python.framework/Versions/3.12/lib/python3.12/site-packages/airflow/example_dags/plugins/decreasing_priority_weight_strategy.py for tasks to queue
[2025-05-24T04:45:08.323+0530] {logging_mixin.py:188} INFO - [2025-05-24T04:45:08.323+0530] {dagbag.py:540} INFO - Filling up the DagBag from /Library/Frameworks/Python.framework/Versions/3.12/lib/python3.12/site-packages/airflow/example_dags/plugins/decreasing_priority_weight_strategy.py
[2025-05-24T04:45:08.324+0530] {processor.py:842} WARNING - No viable dags retrieved from /Library/Frameworks/Python.framework/Versions/3.12/lib/python3.12/site-packages/airflow/example_dags/plugins/decreasing_priority_weight_strategy.py
[2025-05-24T04:45:08.394+0530] {processor.py:183} INFO - Processing /Library/Frameworks/Python.framework/Versions/3.12/lib/python3.12/site-packages/airflow/example_dags/plugins/decreasing_priority_weight_strategy.py took 0.076 seconds
[2025-05-24T04:47:05.829+0530] {processor.py:161} INFO - Started process (PID=17367) to work on /Library/Frameworks/Python.framework/Versions/3.12/lib/python3.12/site-packages/airflow/example_dags/plugins/decreasing_priority_weight_strategy.py
[2025-05-24T04:47:05.830+0530] {processor.py:830} INFO - Processing file /Library/Frameworks/Python.framework/Versions/3.12/lib/python3.12/site-packages/airflow/example_dags/plugins/decreasing_priority_weight_strategy.py for tasks to queue
[2025-05-24T04:47:05.830+0530] {logging_mixin.py:188} INFO - [2025-05-24T04:47:05.830+0530] {dagbag.py:540} INFO - Filling up the DagBag from /Library/Frameworks/Python.framework/Versions/3.12/lib/python3.12/site-packages/airflow/example_dags/plugins/decreasing_priority_weight_strategy.py
[2025-05-24T04:47:05.831+0530] {processor.py:842} WARNING - No viable dags retrieved from /Library/Frameworks/Python.framework/Versions/3.12/lib/python3.12/site-packages/airflow/example_dags/plugins/decreasing_priority_weight_strategy.py
[2025-05-24T04:47:05.903+0530] {processor.py:183} INFO - Processing /Library/Frameworks/Python.framework/Versions/3.12/lib/python3.12/site-packages/airflow/example_dags/plugins/decreasing_priority_weight_strategy.py took 0.077 seconds
[2025-05-24T04:49:13.182+0530] {processor.py:161} INFO - Started process (PID=17458) to work on /Library/Frameworks/Python.framework/Versions/3.12/lib/python3.12/site-packages/airflow/example_dags/plugins/decreasing_priority_weight_strategy.py
[2025-05-24T04:49:13.183+0530] {processor.py:830} INFO - Processing file /Library/Frameworks/Python.framework/Versions/3.12/lib/python3.12/site-packages/airflow/example_dags/plugins/decreasing_priority_weight_strategy.py for tasks to queue
[2025-05-24T04:49:13.184+0530] {logging_mixin.py:188} INFO - [2025-05-24T04:49:13.184+0530] {dagbag.py:540} INFO - Filling up the DagBag from /Library/Frameworks/Python.framework/Versions/3.12/lib/python3.12/site-packages/airflow/example_dags/plugins/decreasing_priority_weight_strategy.py
[2025-05-24T04:49:13.185+0530] {processor.py:842} WARNING - No viable dags retrieved from /Library/Frameworks/Python.framework/Versions/3.12/lib/python3.12/site-packages/airflow/example_dags/plugins/decreasing_priority_weight_strategy.py
[2025-05-24T04:49:13.256+0530] {processor.py:183} INFO - Processing /Library/Frameworks/Python.framework/Versions/3.12/lib/python3.12/site-packages/airflow/example_dags/plugins/decreasing_priority_weight_strategy.py took 0.076 seconds
[2025-05-24T04:51:04.675+0530] {processor.py:161} INFO - Started process (PID=17531) to work on /Library/Frameworks/Python.framework/Versions/3.12/lib/python3.12/site-packages/airflow/example_dags/plugins/decreasing_priority_weight_strategy.py
[2025-05-24T04:51:04.676+0530] {processor.py:830} INFO - Processing file /Library/Frameworks/Python.framework/Versions/3.12/lib/python3.12/site-packages/airflow/example_dags/plugins/decreasing_priority_weight_strategy.py for tasks to queue
[2025-05-24T04:51:04.677+0530] {logging_mixin.py:188} INFO - [2025-05-24T04:51:04.677+0530] {dagbag.py:540} INFO - Filling up the DagBag from /Library/Frameworks/Python.framework/Versions/3.12/lib/python3.12/site-packages/airflow/example_dags/plugins/decreasing_priority_weight_strategy.py
[2025-05-24T04:51:04.678+0530] {processor.py:842} WARNING - No viable dags retrieved from /Library/Frameworks/Python.framework/Versions/3.12/lib/python3.12/site-packages/airflow/example_dags/plugins/decreasing_priority_weight_strategy.py
[2025-05-24T04:51:04.744+0530] {processor.py:183} INFO - Processing /Library/Frameworks/Python.framework/Versions/3.12/lib/python3.12/site-packages/airflow/example_dags/plugins/decreasing_priority_weight_strategy.py took 0.073 seconds
[2025-05-24T04:52:57.987+0530] {processor.py:161} INFO - Started process (PID=17581) to work on /Library/Frameworks/Python.framework/Versions/3.12/lib/python3.12/site-packages/airflow/example_dags/plugins/decreasing_priority_weight_strategy.py
[2025-05-24T04:52:57.988+0530] {processor.py:830} INFO - Processing file /Library/Frameworks/Python.framework/Versions/3.12/lib/python3.12/site-packages/airflow/example_dags/plugins/decreasing_priority_weight_strategy.py for tasks to queue
[2025-05-24T04:52:57.989+0530] {logging_mixin.py:188} INFO - [2025-05-24T04:52:57.989+0530] {dagbag.py:540} INFO - Filling up the DagBag from /Library/Frameworks/Python.framework/Versions/3.12/lib/python3.12/site-packages/airflow/example_dags/plugins/decreasing_priority_weight_strategy.py
[2025-05-24T04:52:57.990+0530] {processor.py:842} WARNING - No viable dags retrieved from /Library/Frameworks/Python.framework/Versions/3.12/lib/python3.12/site-packages/airflow/example_dags/plugins/decreasing_priority_weight_strategy.py
[2025-05-24T04:52:58.059+0530] {processor.py:183} INFO - Processing /Library/Frameworks/Python.framework/Versions/3.12/lib/python3.12/site-packages/airflow/example_dags/plugins/decreasing_priority_weight_strategy.py took 0.074 seconds
[2025-05-24T04:54:52.088+0530] {processor.py:161} INFO - Started process (PID=17661) to work on /Library/Frameworks/Python.framework/Versions/3.12/lib/python3.12/site-packages/airflow/example_dags/plugins/decreasing_priority_weight_strategy.py
[2025-05-24T04:54:52.090+0530] {processor.py:830} INFO - Processing file /Library/Frameworks/Python.framework/Versions/3.12/lib/python3.12/site-packages/airflow/example_dags/plugins/decreasing_priority_weight_strategy.py for tasks to queue
[2025-05-24T04:54:52.091+0530] {logging_mixin.py:188} INFO - [2025-05-24T04:54:52.091+0530] {dagbag.py:540} INFO - Filling up the DagBag from /Library/Frameworks/Python.framework/Versions/3.12/lib/python3.12/site-packages/airflow/example_dags/plugins/decreasing_priority_weight_strategy.py
[2025-05-24T04:54:52.092+0530] {processor.py:842} WARNING - No viable dags retrieved from /Library/Frameworks/Python.framework/Versions/3.12/lib/python3.12/site-packages/airflow/example_dags/plugins/decreasing_priority_weight_strategy.py
[2025-05-24T04:54:52.160+0530] {processor.py:183} INFO - Processing /Library/Frameworks/Python.framework/Versions/3.12/lib/python3.12/site-packages/airflow/example_dags/plugins/decreasing_priority_weight_strategy.py took 0.076 seconds
[2025-05-24T04:56:46.753+0530] {processor.py:161} INFO - Started process (PID=17721) to work on /Library/Frameworks/Python.framework/Versions/3.12/lib/python3.12/site-packages/airflow/example_dags/plugins/decreasing_priority_weight_strategy.py
[2025-05-24T04:56:46.755+0530] {processor.py:830} INFO - Processing file /Library/Frameworks/Python.framework/Versions/3.12/lib/python3.12/site-packages/airflow/example_dags/plugins/decreasing_priority_weight_strategy.py for tasks to queue
[2025-05-24T04:56:46.756+0530] {logging_mixin.py:188} INFO - [2025-05-24T04:56:46.756+0530] {dagbag.py:540} INFO - Filling up the DagBag from /Library/Frameworks/Python.framework/Versions/3.12/lib/python3.12/site-packages/airflow/example_dags/plugins/decreasing_priority_weight_strategy.py
[2025-05-24T04:56:46.758+0530] {processor.py:842} WARNING - No viable dags retrieved from /Library/Frameworks/Python.framework/Versions/3.12/lib/python3.12/site-packages/airflow/example_dags/plugins/decreasing_priority_weight_strategy.py
[2025-05-24T04:56:46.824+0530] {processor.py:183} INFO - Processing /Library/Frameworks/Python.framework/Versions/3.12/lib/python3.12/site-packages/airflow/example_dags/plugins/decreasing_priority_weight_strategy.py took 0.075 seconds
[2025-05-24T04:58:41.233+0530] {processor.py:161} INFO - Started process (PID=17780) to work on /Library/Frameworks/Python.framework/Versions/3.12/lib/python3.12/site-packages/airflow/example_dags/plugins/decreasing_priority_weight_strategy.py
[2025-05-24T04:58:41.235+0530] {processor.py:830} INFO - Processing file /Library/Frameworks/Python.framework/Versions/3.12/lib/python3.12/site-packages/airflow/example_dags/plugins/decreasing_priority_weight_strategy.py for tasks to queue
[2025-05-24T04:58:41.235+0530] {logging_mixin.py:188} INFO - [2025-05-24T04:58:41.235+0530] {dagbag.py:540} INFO - Filling up the DagBag from /Library/Frameworks/Python.framework/Versions/3.12/lib/python3.12/site-packages/airflow/example_dags/plugins/decreasing_priority_weight_strategy.py
[2025-05-24T04:58:41.236+0530] {processor.py:842} WARNING - No viable dags retrieved from /Library/Frameworks/Python.framework/Versions/3.12/lib/python3.12/site-packages/airflow/example_dags/plugins/decreasing_priority_weight_strategy.py
[2025-05-24T04:58:41.301+0530] {processor.py:183} INFO - Processing /Library/Frameworks/Python.framework/Versions/3.12/lib/python3.12/site-packages/airflow/example_dags/plugins/decreasing_priority_weight_strategy.py took 0.072 seconds
[2025-05-24T05:00:34.388+0530] {processor.py:161} INFO - Started process (PID=17856) to work on /Library/Frameworks/Python.framework/Versions/3.12/lib/python3.12/site-packages/airflow/example_dags/plugins/decreasing_priority_weight_strategy.py
[2025-05-24T05:00:34.390+0530] {processor.py:830} INFO - Processing file /Library/Frameworks/Python.framework/Versions/3.12/lib/python3.12/site-packages/airflow/example_dags/plugins/decreasing_priority_weight_strategy.py for tasks to queue
[2025-05-24T05:00:34.391+0530] {logging_mixin.py:188} INFO - [2025-05-24T05:00:34.391+0530] {dagbag.py:540} INFO - Filling up the DagBag from /Library/Frameworks/Python.framework/Versions/3.12/lib/python3.12/site-packages/airflow/example_dags/plugins/decreasing_priority_weight_strategy.py
[2025-05-24T05:00:34.392+0530] {processor.py:842} WARNING - No viable dags retrieved from /Library/Frameworks/Python.framework/Versions/3.12/lib/python3.12/site-packages/airflow/example_dags/plugins/decreasing_priority_weight_strategy.py
[2025-05-24T05:00:34.456+0530] {processor.py:183} INFO - Processing /Library/Frameworks/Python.framework/Versions/3.12/lib/python3.12/site-packages/airflow/example_dags/plugins/decreasing_priority_weight_strategy.py took 0.071 seconds
[2025-05-24T05:02:27.596+0530] {processor.py:161} INFO - Started process (PID=17922) to work on /Library/Frameworks/Python.framework/Versions/3.12/lib/python3.12/site-packages/airflow/example_dags/plugins/decreasing_priority_weight_strategy.py
[2025-05-24T05:02:27.598+0530] {processor.py:830} INFO - Processing file /Library/Frameworks/Python.framework/Versions/3.12/lib/python3.12/site-packages/airflow/example_dags/plugins/decreasing_priority_weight_strategy.py for tasks to queue
[2025-05-24T05:02:27.598+0530] {logging_mixin.py:188} INFO - [2025-05-24T05:02:27.598+0530] {dagbag.py:540} INFO - Filling up the DagBag from /Library/Frameworks/Python.framework/Versions/3.12/lib/python3.12/site-packages/airflow/example_dags/plugins/decreasing_priority_weight_strategy.py
[2025-05-24T05:02:27.599+0530] {processor.py:842} WARNING - No viable dags retrieved from /Library/Frameworks/Python.framework/Versions/3.12/lib/python3.12/site-packages/airflow/example_dags/plugins/decreasing_priority_weight_strategy.py
[2025-05-24T05:02:27.663+0530] {processor.py:183} INFO - Processing /Library/Frameworks/Python.framework/Versions/3.12/lib/python3.12/site-packages/airflow/example_dags/plugins/decreasing_priority_weight_strategy.py took 0.070 seconds
[2025-05-24T05:04:20.690+0530] {processor.py:161} INFO - Started process (PID=17976) to work on /Library/Frameworks/Python.framework/Versions/3.12/lib/python3.12/site-packages/airflow/example_dags/plugins/decreasing_priority_weight_strategy.py
[2025-05-24T05:04:20.692+0530] {processor.py:830} INFO - Processing file /Library/Frameworks/Python.framework/Versions/3.12/lib/python3.12/site-packages/airflow/example_dags/plugins/decreasing_priority_weight_strategy.py for tasks to queue
[2025-05-24T05:04:20.692+0530] {logging_mixin.py:188} INFO - [2025-05-24T05:04:20.692+0530] {dagbag.py:540} INFO - Filling up the DagBag from /Library/Frameworks/Python.framework/Versions/3.12/lib/python3.12/site-packages/airflow/example_dags/plugins/decreasing_priority_weight_strategy.py
[2025-05-24T05:04:20.693+0530] {processor.py:842} WARNING - No viable dags retrieved from /Library/Frameworks/Python.framework/Versions/3.12/lib/python3.12/site-packages/airflow/example_dags/plugins/decreasing_priority_weight_strategy.py
[2025-05-24T05:04:20.757+0530] {processor.py:183} INFO - Processing /Library/Frameworks/Python.framework/Versions/3.12/lib/python3.12/site-packages/airflow/example_dags/plugins/decreasing_priority_weight_strategy.py took 0.070 seconds
[2025-05-24T05:06:13.962+0530] {processor.py:161} INFO - Started process (PID=18024) to work on /Library/Frameworks/Python.framework/Versions/3.12/lib/python3.12/site-packages/airflow/example_dags/plugins/decreasing_priority_weight_strategy.py
[2025-05-24T05:06:13.963+0530] {processor.py:830} INFO - Processing file /Library/Frameworks/Python.framework/Versions/3.12/lib/python3.12/site-packages/airflow/example_dags/plugins/decreasing_priority_weight_strategy.py for tasks to queue
[2025-05-24T05:06:13.964+0530] {logging_mixin.py:188} INFO - [2025-05-24T05:06:13.964+0530] {dagbag.py:540} INFO - Filling up the DagBag from /Library/Frameworks/Python.framework/Versions/3.12/lib/python3.12/site-packages/airflow/example_dags/plugins/decreasing_priority_weight_strategy.py
[2025-05-24T05:06:13.965+0530] {processor.py:842} WARNING - No viable dags retrieved from /Library/Frameworks/Python.framework/Versions/3.12/lib/python3.12/site-packages/airflow/example_dags/plugins/decreasing_priority_weight_strategy.py
[2025-05-24T05:06:14.029+0530] {processor.py:183} INFO - Processing /Library/Frameworks/Python.framework/Versions/3.12/lib/python3.12/site-packages/airflow/example_dags/plugins/decreasing_priority_weight_strategy.py took 0.071 seconds
[2025-05-24T05:08:04.817+0530] {processor.py:161} INFO - Started process (PID=18075) to work on /Library/Frameworks/Python.framework/Versions/3.12/lib/python3.12/site-packages/airflow/example_dags/plugins/decreasing_priority_weight_strategy.py
[2025-05-24T05:08:04.819+0530] {processor.py:830} INFO - Processing file /Library/Frameworks/Python.framework/Versions/3.12/lib/python3.12/site-packages/airflow/example_dags/plugins/decreasing_priority_weight_strategy.py for tasks to queue
[2025-05-24T05:08:04.820+0530] {logging_mixin.py:188} INFO - [2025-05-24T05:08:04.820+0530] {dagbag.py:540} INFO - Filling up the DagBag from /Library/Frameworks/Python.framework/Versions/3.12/lib/python3.12/site-packages/airflow/example_dags/plugins/decreasing_priority_weight_strategy.py
[2025-05-24T05:08:04.821+0530] {processor.py:842} WARNING - No viable dags retrieved from /Library/Frameworks/Python.framework/Versions/3.12/lib/python3.12/site-packages/airflow/example_dags/plugins/decreasing_priority_weight_strategy.py
[2025-05-24T05:08:04.883+0530] {processor.py:183} INFO - Processing /Library/Frameworks/Python.framework/Versions/3.12/lib/python3.12/site-packages/airflow/example_dags/plugins/decreasing_priority_weight_strategy.py took 0.069 seconds
[2025-05-24T05:10:03.436+0530] {processor.py:161} INFO - Started process (PID=18129) to work on /Library/Frameworks/Python.framework/Versions/3.12/lib/python3.12/site-packages/airflow/example_dags/plugins/decreasing_priority_weight_strategy.py
[2025-05-24T05:10:03.438+0530] {processor.py:830} INFO - Processing file /Library/Frameworks/Python.framework/Versions/3.12/lib/python3.12/site-packages/airflow/example_dags/plugins/decreasing_priority_weight_strategy.py for tasks to queue
[2025-05-24T05:10:03.439+0530] {logging_mixin.py:188} INFO - [2025-05-24T05:10:03.439+0530] {dagbag.py:540} INFO - Filling up the DagBag from /Library/Frameworks/Python.framework/Versions/3.12/lib/python3.12/site-packages/airflow/example_dags/plugins/decreasing_priority_weight_strategy.py
[2025-05-24T05:10:03.440+0530] {processor.py:842} WARNING - No viable dags retrieved from /Library/Frameworks/Python.framework/Versions/3.12/lib/python3.12/site-packages/airflow/example_dags/plugins/decreasing_priority_weight_strategy.py
[2025-05-24T05:10:03.505+0530] {processor.py:183} INFO - Processing /Library/Frameworks/Python.framework/Versions/3.12/lib/python3.12/site-packages/airflow/example_dags/plugins/decreasing_priority_weight_strategy.py took 0.072 seconds
[2025-05-24T05:14:34.544+0530] {processor.py:161} INFO - Started process (PID=18275) to work on /Library/Frameworks/Python.framework/Versions/3.12/lib/python3.12/site-packages/airflow/example_dags/plugins/decreasing_priority_weight_strategy.py
[2025-05-24T05:14:34.546+0530] {processor.py:830} INFO - Processing file /Library/Frameworks/Python.framework/Versions/3.12/lib/python3.12/site-packages/airflow/example_dags/plugins/decreasing_priority_weight_strategy.py for tasks to queue
[2025-05-24T05:14:34.546+0530] {logging_mixin.py:188} INFO - [2025-05-24T05:14:34.546+0530] {dagbag.py:540} INFO - Filling up the DagBag from /Library/Frameworks/Python.framework/Versions/3.12/lib/python3.12/site-packages/airflow/example_dags/plugins/decreasing_priority_weight_strategy.py
[2025-05-24T05:14:34.548+0530] {processor.py:842} WARNING - No viable dags retrieved from /Library/Frameworks/Python.framework/Versions/3.12/lib/python3.12/site-packages/airflow/example_dags/plugins/decreasing_priority_weight_strategy.py
[2025-05-24T05:14:34.619+0530] {processor.py:183} INFO - Processing /Library/Frameworks/Python.framework/Versions/3.12/lib/python3.12/site-packages/airflow/example_dags/plugins/decreasing_priority_weight_strategy.py took 0.078 seconds
[2025-05-24T05:16:34.893+0530] {processor.py:161} INFO - Started process (PID=18416) to work on /Library/Frameworks/Python.framework/Versions/3.12/lib/python3.12/site-packages/airflow/example_dags/plugins/decreasing_priority_weight_strategy.py
[2025-05-24T05:16:34.896+0530] {processor.py:830} INFO - Processing file /Library/Frameworks/Python.framework/Versions/3.12/lib/python3.12/site-packages/airflow/example_dags/plugins/decreasing_priority_weight_strategy.py for tasks to queue
[2025-05-24T05:16:34.896+0530] {logging_mixin.py:188} INFO - [2025-05-24T05:16:34.896+0530] {dagbag.py:540} INFO - Filling up the DagBag from /Library/Frameworks/Python.framework/Versions/3.12/lib/python3.12/site-packages/airflow/example_dags/plugins/decreasing_priority_weight_strategy.py
[2025-05-24T05:16:34.898+0530] {processor.py:842} WARNING - No viable dags retrieved from /Library/Frameworks/Python.framework/Versions/3.12/lib/python3.12/site-packages/airflow/example_dags/plugins/decreasing_priority_weight_strategy.py
[2025-05-24T05:16:34.965+0530] {processor.py:183} INFO - Processing /Library/Frameworks/Python.framework/Versions/3.12/lib/python3.12/site-packages/airflow/example_dags/plugins/decreasing_priority_weight_strategy.py took 0.077 seconds
[2025-05-24T05:18:35.329+0530] {processor.py:161} INFO - Started process (PID=18860) to work on /Library/Frameworks/Python.framework/Versions/3.12/lib/python3.12/site-packages/airflow/example_dags/plugins/decreasing_priority_weight_strategy.py
[2025-05-24T05:18:35.331+0530] {processor.py:830} INFO - Processing file /Library/Frameworks/Python.framework/Versions/3.12/lib/python3.12/site-packages/airflow/example_dags/plugins/decreasing_priority_weight_strategy.py for tasks to queue
[2025-05-24T05:18:35.331+0530] {logging_mixin.py:188} INFO - [2025-05-24T05:18:35.331+0530] {dagbag.py:540} INFO - Filling up the DagBag from /Library/Frameworks/Python.framework/Versions/3.12/lib/python3.12/site-packages/airflow/example_dags/plugins/decreasing_priority_weight_strategy.py
[2025-05-24T05:18:35.333+0530] {processor.py:842} WARNING - No viable dags retrieved from /Library/Frameworks/Python.framework/Versions/3.12/lib/python3.12/site-packages/airflow/example_dags/plugins/decreasing_priority_weight_strategy.py
[2025-05-24T05:18:35.418+0530] {processor.py:183} INFO - Processing /Library/Frameworks/Python.framework/Versions/3.12/lib/python3.12/site-packages/airflow/example_dags/plugins/decreasing_priority_weight_strategy.py took 0.093 seconds
[2025-05-24T05:20:31.389+0530] {processor.py:161} INFO - Started process (PID=19022) to work on /Library/Frameworks/Python.framework/Versions/3.12/lib/python3.12/site-packages/airflow/example_dags/plugins/decreasing_priority_weight_strategy.py
[2025-05-24T05:20:31.390+0530] {processor.py:830} INFO - Processing file /Library/Frameworks/Python.framework/Versions/3.12/lib/python3.12/site-packages/airflow/example_dags/plugins/decreasing_priority_weight_strategy.py for tasks to queue
[2025-05-24T05:20:31.391+0530] {logging_mixin.py:188} INFO - [2025-05-24T05:20:31.391+0530] {dagbag.py:540} INFO - Filling up the DagBag from /Library/Frameworks/Python.framework/Versions/3.12/lib/python3.12/site-packages/airflow/example_dags/plugins/decreasing_priority_weight_strategy.py
[2025-05-24T05:20:31.393+0530] {processor.py:842} WARNING - No viable dags retrieved from /Library/Frameworks/Python.framework/Versions/3.12/lib/python3.12/site-packages/airflow/example_dags/plugins/decreasing_priority_weight_strategy.py
[2025-05-24T05:20:31.460+0530] {processor.py:183} INFO - Processing /Library/Frameworks/Python.framework/Versions/3.12/lib/python3.12/site-packages/airflow/example_dags/plugins/decreasing_priority_weight_strategy.py took 0.075 seconds
[2025-05-24T05:28:14.264+0530] {processor.py:161} INFO - Started process (PID=20660) to work on /Library/Frameworks/Python.framework/Versions/3.12/lib/python3.12/site-packages/airflow/example_dags/plugins/decreasing_priority_weight_strategy.py
[2025-05-24T05:28:14.266+0530] {processor.py:830} INFO - Processing file /Library/Frameworks/Python.framework/Versions/3.12/lib/python3.12/site-packages/airflow/example_dags/plugins/decreasing_priority_weight_strategy.py for tasks to queue
[2025-05-24T05:28:14.267+0530] {logging_mixin.py:188} INFO - [2025-05-24T05:28:14.266+0530] {dagbag.py:540} INFO - Filling up the DagBag from /Library/Frameworks/Python.framework/Versions/3.12/lib/python3.12/site-packages/airflow/example_dags/plugins/decreasing_priority_weight_strategy.py
[2025-05-24T05:28:14.268+0530] {processor.py:842} WARNING - No viable dags retrieved from /Library/Frameworks/Python.framework/Versions/3.12/lib/python3.12/site-packages/airflow/example_dags/plugins/decreasing_priority_weight_strategy.py
[2025-05-24T05:28:14.344+0530] {processor.py:183} INFO - Processing /Library/Frameworks/Python.framework/Versions/3.12/lib/python3.12/site-packages/airflow/example_dags/plugins/decreasing_priority_weight_strategy.py took 0.082 seconds
