[2025-05-24T04:22:24.620+0530] {processor.py:161} INFO - Started process (PID=15612) to work on /Library/Frameworks/Python.framework/Versions/3.12/lib/python3.12/site-packages/airflow/example_dags/plugins/event_listener.py
[2025-05-24T04:22:24.621+0530] {processor.py:830} INFO - Processing file /Library/Frameworks/Python.framework/Versions/3.12/lib/python3.12/site-packages/airflow/example_dags/plugins/event_listener.py for tasks to queue
[2025-05-24T04:22:24.622+0530] {logging_mixin.py:188} INFO - [2025-05-24T04:22:24.621+0530] {dagbag.py:540} INFO - Filling up the DagBag from /Library/Frameworks/Python.framework/Versions/3.12/lib/python3.12/site-packages/airflow/example_dags/plugins/event_listener.py
[2025-05-24T04:22:24.622+0530] {processor.py:842} WARNING - No viable dags retrieved from /Library/Frameworks/Python.framework/Versions/3.12/lib/python3.12/site-packages/airflow/example_dags/plugins/event_listener.py
[2025-05-24T04:22:24.697+0530] {processor.py:183} INFO - Processing /Library/Frameworks/Python.framework/Versions/3.12/lib/python3.12/site-packages/airflow/example_dags/plugins/event_listener.py took 0.080 seconds
[2025-05-24T04:24:58.651+0530] {processor.py:161} INFO - Started process (PID=15714) to work on /Library/Frameworks/Python.framework/Versions/3.12/lib/python3.12/site-packages/airflow/example_dags/plugins/event_listener.py
[2025-05-24T04:24:58.653+0530] {processor.py:830} INFO - Processing file /Library/Frameworks/Python.framework/Versions/3.12/lib/python3.12/site-packages/airflow/example_dags/plugins/event_listener.py for tasks to queue
[2025-05-24T04:24:58.654+0530] {logging_mixin.py:188} INFO - [2025-05-24T04:24:58.654+0530] {dagbag.py:540} INFO - Filling up the DagBag from /Library/Frameworks/Python.framework/Versions/3.12/lib/python3.12/site-packages/airflow/example_dags/plugins/event_listener.py
[2025-05-24T04:24:58.656+0530] {processor.py:842} WARNING - No viable dags retrieved from /Library/Frameworks/Python.framework/Versions/3.12/lib/python3.12/site-packages/airflow/example_dags/plugins/event_listener.py
[2025-05-24T04:24:58.724+0530] {processor.py:183} INFO - Processing /Library/Frameworks/Python.framework/Versions/3.12/lib/python3.12/site-packages/airflow/example_dags/plugins/event_listener.py took 0.077 seconds
[2025-05-24T04:27:01.322+0530] {processor.py:161} INFO - Started process (PID=15785) to work on /Library/Frameworks/Python.framework/Versions/3.12/lib/python3.12/site-packages/airflow/example_dags/plugins/event_listener.py
[2025-05-24T04:27:01.323+0530] {processor.py:830} INFO - Processing file /Library/Frameworks/Python.framework/Versions/3.12/lib/python3.12/site-packages/airflow/example_dags/plugins/event_listener.py for tasks to queue
[2025-05-24T04:27:01.324+0530] {logging_mixin.py:188} INFO - [2025-05-24T04:27:01.324+0530] {dagbag.py:540} INFO - Filling up the DagBag from /Library/Frameworks/Python.framework/Versions/3.12/lib/python3.12/site-packages/airflow/example_dags/plugins/event_listener.py
[2025-05-24T04:27:01.325+0530] {processor.py:842} WARNING - No viable dags retrieved from /Library/Frameworks/Python.framework/Versions/3.12/lib/python3.12/site-packages/airflow/example_dags/plugins/event_listener.py
[2025-05-24T04:27:01.392+0530] {processor.py:183} INFO - Processing /Library/Frameworks/Python.framework/Versions/3.12/lib/python3.12/site-packages/airflow/example_dags/plugins/event_listener.py took 0.072 seconds
[2025-05-24T04:28:54.647+0530] {processor.py:161} INFO - Started process (PID=15836) to work on /Library/Frameworks/Python.framework/Versions/3.12/lib/python3.12/site-packages/airflow/example_dags/plugins/event_listener.py
[2025-05-24T04:28:54.648+0530] {processor.py:830} INFO - Processing file /Library/Frameworks/Python.framework/Versions/3.12/lib/python3.12/site-packages/airflow/example_dags/plugins/event_listener.py for tasks to queue
[2025-05-24T04:28:54.650+0530] {logging_mixin.py:188} INFO - [2025-05-24T04:28:54.649+0530] {dagbag.py:540} INFO - Filling up the DagBag from /Library/Frameworks/Python.framework/Versions/3.12/lib/python3.12/site-packages/airflow/example_dags/plugins/event_listener.py
[2025-05-24T04:28:54.652+0530] {processor.py:842} WARNING - No viable dags retrieved from /Library/Frameworks/Python.framework/Versions/3.12/lib/python3.12/site-packages/airflow/example_dags/plugins/event_listener.py
[2025-05-24T04:28:54.719+0530] {processor.py:183} INFO - Processing /Library/Frameworks/Python.framework/Versions/3.12/lib/python3.12/site-packages/airflow/example_dags/plugins/event_listener.py took 0.075 seconds
[2025-05-24T04:30:51.803+0530] {processor.py:161} INFO - Started process (PID=15914) to work on /Library/Frameworks/Python.framework/Versions/3.12/lib/python3.12/site-packages/airflow/example_dags/plugins/event_listener.py
[2025-05-24T04:30:51.804+0530] {processor.py:830} INFO - Processing file /Library/Frameworks/Python.framework/Versions/3.12/lib/python3.12/site-packages/airflow/example_dags/plugins/event_listener.py for tasks to queue
[2025-05-24T04:30:51.805+0530] {logging_mixin.py:188} INFO - [2025-05-24T04:30:51.804+0530] {dagbag.py:540} INFO - Filling up the DagBag from /Library/Frameworks/Python.framework/Versions/3.12/lib/python3.12/site-packages/airflow/example_dags/plugins/event_listener.py
[2025-05-24T04:30:51.805+0530] {processor.py:842} WARNING - No viable dags retrieved from /Library/Frameworks/Python.framework/Versions/3.12/lib/python3.12/site-packages/airflow/example_dags/plugins/event_listener.py
[2025-05-24T04:30:51.872+0530] {processor.py:183} INFO - Processing /Library/Frameworks/Python.framework/Versions/3.12/lib/python3.12/site-packages/airflow/example_dags/plugins/event_listener.py took 0.073 seconds
[2025-05-24T04:32:48.735+0530] {processor.py:161} INFO - Started process (PID=15973) to work on /Library/Frameworks/Python.framework/Versions/3.12/lib/python3.12/site-packages/airflow/example_dags/plugins/event_listener.py
[2025-05-24T04:32:48.737+0530] {processor.py:830} INFO - Processing file /Library/Frameworks/Python.framework/Versions/3.12/lib/python3.12/site-packages/airflow/example_dags/plugins/event_listener.py for tasks to queue
[2025-05-24T04:32:48.739+0530] {logging_mixin.py:188} INFO - [2025-05-24T04:32:48.738+0530] {dagbag.py:540} INFO - Filling up the DagBag from /Library/Frameworks/Python.framework/Versions/3.12/lib/python3.12/site-packages/airflow/example_dags/plugins/event_listener.py
[2025-05-24T04:32:48.740+0530] {processor.py:842} WARNING - No viable dags retrieved from /Library/Frameworks/Python.framework/Versions/3.12/lib/python3.12/site-packages/airflow/example_dags/plugins/event_listener.py
[2025-05-24T04:32:48.806+0530] {processor.py:183} INFO - Processing /Library/Frameworks/Python.framework/Versions/3.12/lib/python3.12/site-packages/airflow/example_dags/plugins/event_listener.py took 0.074 seconds
[2025-05-24T04:34:55.116+0530] {processor.py:161} INFO - Started process (PID=16054) to work on /Library/Frameworks/Python.framework/Versions/3.12/lib/python3.12/site-packages/airflow/example_dags/plugins/event_listener.py
[2025-05-24T04:34:55.117+0530] {processor.py:830} INFO - Processing file /Library/Frameworks/Python.framework/Versions/3.12/lib/python3.12/site-packages/airflow/example_dags/plugins/event_listener.py for tasks to queue
[2025-05-24T04:34:55.118+0530] {logging_mixin.py:188} INFO - [2025-05-24T04:34:55.118+0530] {dagbag.py:540} INFO - Filling up the DagBag from /Library/Frameworks/Python.framework/Versions/3.12/lib/python3.12/site-packages/airflow/example_dags/plugins/event_listener.py
[2025-05-24T04:34:55.119+0530] {processor.py:842} WARNING - No viable dags retrieved from /Library/Frameworks/Python.framework/Versions/3.12/lib/python3.12/site-packages/airflow/example_dags/plugins/event_listener.py
[2025-05-24T04:34:55.196+0530] {processor.py:183} INFO - Processing /Library/Frameworks/Python.framework/Versions/3.12/lib/python3.12/site-packages/airflow/example_dags/plugins/event_listener.py took 0.083 seconds
[2025-05-24T04:36:56.863+0530] {processor.py:161} INFO - Started process (PID=16122) to work on /Library/Frameworks/Python.framework/Versions/3.12/lib/python3.12/site-packages/airflow/example_dags/plugins/event_listener.py
[2025-05-24T04:36:56.865+0530] {processor.py:830} INFO - Processing file /Library/Frameworks/Python.framework/Versions/3.12/lib/python3.12/site-packages/airflow/example_dags/plugins/event_listener.py for tasks to queue
[2025-05-24T04:36:56.866+0530] {logging_mixin.py:188} INFO - [2025-05-24T04:36:56.866+0530] {dagbag.py:540} INFO - Filling up the DagBag from /Library/Frameworks/Python.framework/Versions/3.12/lib/python3.12/site-packages/airflow/example_dags/plugins/event_listener.py
[2025-05-24T04:36:56.867+0530] {processor.py:842} WARNING - No viable dags retrieved from /Library/Frameworks/Python.framework/Versions/3.12/lib/python3.12/site-packages/airflow/example_dags/plugins/event_listener.py
[2025-05-24T04:36:56.936+0530] {processor.py:183} INFO - Processing /Library/Frameworks/Python.framework/Versions/3.12/lib/python3.12/site-packages/airflow/example_dags/plugins/event_listener.py took 0.078 seconds
[2025-05-24T04:38:57.069+0530] {processor.py:161} INFO - Started process (PID=16195) to work on /Library/Frameworks/Python.framework/Versions/3.12/lib/python3.12/site-packages/airflow/example_dags/plugins/event_listener.py
[2025-05-24T04:38:57.070+0530] {processor.py:830} INFO - Processing file /Library/Frameworks/Python.framework/Versions/3.12/lib/python3.12/site-packages/airflow/example_dags/plugins/event_listener.py for tasks to queue
[2025-05-24T04:38:57.071+0530] {logging_mixin.py:188} INFO - [2025-05-24T04:38:57.070+0530] {dagbag.py:540} INFO - Filling up the DagBag from /Library/Frameworks/Python.framework/Versions/3.12/lib/python3.12/site-packages/airflow/example_dags/plugins/event_listener.py
[2025-05-24T04:38:57.071+0530] {processor.py:842} WARNING - No viable dags retrieved from /Library/Frameworks/Python.framework/Versions/3.12/lib/python3.12/site-packages/airflow/example_dags/plugins/event_listener.py
[2025-05-24T04:38:57.142+0530] {processor.py:183} INFO - Processing /Library/Frameworks/Python.framework/Versions/3.12/lib/python3.12/site-packages/airflow/example_dags/plugins/event_listener.py took 0.078 seconds
[2025-05-24T04:40:57.286+0530] {processor.py:161} INFO - Started process (PID=16259) to work on /Library/Frameworks/Python.framework/Versions/3.12/lib/python3.12/site-packages/airflow/example_dags/plugins/event_listener.py
[2025-05-24T04:40:57.287+0530] {processor.py:830} INFO - Processing file /Library/Frameworks/Python.framework/Versions/3.12/lib/python3.12/site-packages/airflow/example_dags/plugins/event_listener.py for tasks to queue
[2025-05-24T04:40:57.287+0530] {logging_mixin.py:188} INFO - [2025-05-24T04:40:57.287+0530] {dagbag.py:540} INFO - Filling up the DagBag from /Library/Frameworks/Python.framework/Versions/3.12/lib/python3.12/site-packages/airflow/example_dags/plugins/event_listener.py
[2025-05-24T04:40:57.288+0530] {processor.py:842} WARNING - No viable dags retrieved from /Library/Frameworks/Python.framework/Versions/3.12/lib/python3.12/site-packages/airflow/example_dags/plugins/event_listener.py
[2025-05-24T04:40:57.356+0530] {processor.py:183} INFO - Processing /Library/Frameworks/Python.framework/Versions/3.12/lib/python3.12/site-packages/airflow/example_dags/plugins/event_listener.py took 0.073 seconds
[2025-05-24T04:43:05.394+0530] {processor.py:161} INFO - Started process (PID=16418) to work on /Library/Frameworks/Python.framework/Versions/3.12/lib/python3.12/site-packages/airflow/example_dags/plugins/event_listener.py
[2025-05-24T04:43:05.395+0530] {processor.py:830} INFO - Processing file /Library/Frameworks/Python.framework/Versions/3.12/lib/python3.12/site-packages/airflow/example_dags/plugins/event_listener.py for tasks to queue
[2025-05-24T04:43:05.395+0530] {logging_mixin.py:188} INFO - [2025-05-24T04:43:05.395+0530] {dagbag.py:540} INFO - Filling up the DagBag from /Library/Frameworks/Python.framework/Versions/3.12/lib/python3.12/site-packages/airflow/example_dags/plugins/event_listener.py
[2025-05-24T04:43:05.396+0530] {processor.py:842} WARNING - No viable dags retrieved from /Library/Frameworks/Python.framework/Versions/3.12/lib/python3.12/site-packages/airflow/example_dags/plugins/event_listener.py
[2025-05-24T04:43:05.462+0530] {processor.py:183} INFO - Processing /Library/Frameworks/Python.framework/Versions/3.12/lib/python3.12/site-packages/airflow/example_dags/plugins/event_listener.py took 0.072 seconds
[2025-05-24T04:45:05.596+0530] {processor.py:161} INFO - Started process (PID=17313) to work on /Library/Frameworks/Python.framework/Versions/3.12/lib/python3.12/site-packages/airflow/example_dags/plugins/event_listener.py
[2025-05-24T04:45:05.598+0530] {processor.py:830} INFO - Processing file /Library/Frameworks/Python.framework/Versions/3.12/lib/python3.12/site-packages/airflow/example_dags/plugins/event_listener.py for tasks to queue
[2025-05-24T04:45:05.599+0530] {logging_mixin.py:188} INFO - [2025-05-24T04:45:05.599+0530] {dagbag.py:540} INFO - Filling up the DagBag from /Library/Frameworks/Python.framework/Versions/3.12/lib/python3.12/site-packages/airflow/example_dags/plugins/event_listener.py
[2025-05-24T04:45:05.600+0530] {processor.py:842} WARNING - No viable dags retrieved from /Library/Frameworks/Python.framework/Versions/3.12/lib/python3.12/site-packages/airflow/example_dags/plugins/event_listener.py
[2025-05-24T04:45:05.667+0530] {processor.py:183} INFO - Processing /Library/Frameworks/Python.framework/Versions/3.12/lib/python3.12/site-packages/airflow/example_dags/plugins/event_listener.py took 0.075 seconds
[2025-05-24T04:47:02.996+0530] {processor.py:161} INFO - Started process (PID=17361) to work on /Library/Frameworks/Python.framework/Versions/3.12/lib/python3.12/site-packages/airflow/example_dags/plugins/event_listener.py
[2025-05-24T04:47:02.997+0530] {processor.py:830} INFO - Processing file /Library/Frameworks/Python.framework/Versions/3.12/lib/python3.12/site-packages/airflow/example_dags/plugins/event_listener.py for tasks to queue
[2025-05-24T04:47:02.997+0530] {logging_mixin.py:188} INFO - [2025-05-24T04:47:02.997+0530] {dagbag.py:540} INFO - Filling up the DagBag from /Library/Frameworks/Python.framework/Versions/3.12/lib/python3.12/site-packages/airflow/example_dags/plugins/event_listener.py
[2025-05-24T04:47:02.998+0530] {processor.py:842} WARNING - No viable dags retrieved from /Library/Frameworks/Python.framework/Versions/3.12/lib/python3.12/site-packages/airflow/example_dags/plugins/event_listener.py
[2025-05-24T04:47:03.070+0530] {processor.py:183} INFO - Processing /Library/Frameworks/Python.framework/Versions/3.12/lib/python3.12/site-packages/airflow/example_dags/plugins/event_listener.py took 0.077 seconds
[2025-05-24T04:49:08.424+0530] {processor.py:161} INFO - Started process (PID=17453) to work on /Library/Frameworks/Python.framework/Versions/3.12/lib/python3.12/site-packages/airflow/example_dags/plugins/event_listener.py
[2025-05-24T04:49:08.425+0530] {processor.py:830} INFO - Processing file /Library/Frameworks/Python.framework/Versions/3.12/lib/python3.12/site-packages/airflow/example_dags/plugins/event_listener.py for tasks to queue
[2025-05-24T04:49:08.426+0530] {logging_mixin.py:188} INFO - [2025-05-24T04:49:08.426+0530] {dagbag.py:540} INFO - Filling up the DagBag from /Library/Frameworks/Python.framework/Versions/3.12/lib/python3.12/site-packages/airflow/example_dags/plugins/event_listener.py
[2025-05-24T04:49:08.427+0530] {processor.py:842} WARNING - No viable dags retrieved from /Library/Frameworks/Python.framework/Versions/3.12/lib/python3.12/site-packages/airflow/example_dags/plugins/event_listener.py
[2025-05-24T04:49:08.497+0530] {processor.py:183} INFO - Processing /Library/Frameworks/Python.framework/Versions/3.12/lib/python3.12/site-packages/airflow/example_dags/plugins/event_listener.py took 0.075 seconds
[2025-05-24T04:51:02.051+0530] {processor.py:161} INFO - Started process (PID=17530) to work on /Library/Frameworks/Python.framework/Versions/3.12/lib/python3.12/site-packages/airflow/example_dags/plugins/event_listener.py
[2025-05-24T04:51:02.052+0530] {processor.py:830} INFO - Processing file /Library/Frameworks/Python.framework/Versions/3.12/lib/python3.12/site-packages/airflow/example_dags/plugins/event_listener.py for tasks to queue
[2025-05-24T04:51:02.053+0530] {logging_mixin.py:188} INFO - [2025-05-24T04:51:02.053+0530] {dagbag.py:540} INFO - Filling up the DagBag from /Library/Frameworks/Python.framework/Versions/3.12/lib/python3.12/site-packages/airflow/example_dags/plugins/event_listener.py
[2025-05-24T04:51:02.054+0530] {processor.py:842} WARNING - No viable dags retrieved from /Library/Frameworks/Python.framework/Versions/3.12/lib/python3.12/site-packages/airflow/example_dags/plugins/event_listener.py
[2025-05-24T04:51:02.120+0530] {processor.py:183} INFO - Processing /Library/Frameworks/Python.framework/Versions/3.12/lib/python3.12/site-packages/airflow/example_dags/plugins/event_listener.py took 0.073 seconds
[2025-05-24T04:52:55.241+0530] {processor.py:161} INFO - Started process (PID=17580) to work on /Library/Frameworks/Python.framework/Versions/3.12/lib/python3.12/site-packages/airflow/example_dags/plugins/event_listener.py
[2025-05-24T04:52:55.242+0530] {processor.py:830} INFO - Processing file /Library/Frameworks/Python.framework/Versions/3.12/lib/python3.12/site-packages/airflow/example_dags/plugins/event_listener.py for tasks to queue
[2025-05-24T04:52:55.243+0530] {logging_mixin.py:188} INFO - [2025-05-24T04:52:55.243+0530] {dagbag.py:540} INFO - Filling up the DagBag from /Library/Frameworks/Python.framework/Versions/3.12/lib/python3.12/site-packages/airflow/example_dags/plugins/event_listener.py
[2025-05-24T04:52:55.244+0530] {processor.py:842} WARNING - No viable dags retrieved from /Library/Frameworks/Python.framework/Versions/3.12/lib/python3.12/site-packages/airflow/example_dags/plugins/event_listener.py
[2025-05-24T04:52:55.311+0530] {processor.py:183} INFO - Processing /Library/Frameworks/Python.framework/Versions/3.12/lib/python3.12/site-packages/airflow/example_dags/plugins/event_listener.py took 0.073 seconds
[2025-05-24T04:54:49.403+0530] {processor.py:161} INFO - Started process (PID=17660) to work on /Library/Frameworks/Python.framework/Versions/3.12/lib/python3.12/site-packages/airflow/example_dags/plugins/event_listener.py
[2025-05-24T04:54:49.405+0530] {processor.py:830} INFO - Processing file /Library/Frameworks/Python.framework/Versions/3.12/lib/python3.12/site-packages/airflow/example_dags/plugins/event_listener.py for tasks to queue
[2025-05-24T04:54:49.405+0530] {logging_mixin.py:188} INFO - [2025-05-24T04:54:49.405+0530] {dagbag.py:540} INFO - Filling up the DagBag from /Library/Frameworks/Python.framework/Versions/3.12/lib/python3.12/site-packages/airflow/example_dags/plugins/event_listener.py
[2025-05-24T04:54:49.406+0530] {processor.py:842} WARNING - No viable dags retrieved from /Library/Frameworks/Python.framework/Versions/3.12/lib/python3.12/site-packages/airflow/example_dags/plugins/event_listener.py
[2025-05-24T04:54:49.488+0530] {processor.py:183} INFO - Processing /Library/Frameworks/Python.framework/Versions/3.12/lib/python3.12/site-packages/airflow/example_dags/plugins/event_listener.py took 0.088 seconds
[2025-05-24T04:56:44.063+0530] {processor.py:161} INFO - Started process (PID=17719) to work on /Library/Frameworks/Python.framework/Versions/3.12/lib/python3.12/site-packages/airflow/example_dags/plugins/event_listener.py
[2025-05-24T04:56:44.065+0530] {processor.py:830} INFO - Processing file /Library/Frameworks/Python.framework/Versions/3.12/lib/python3.12/site-packages/airflow/example_dags/plugins/event_listener.py for tasks to queue
[2025-05-24T04:56:44.065+0530] {logging_mixin.py:188} INFO - [2025-05-24T04:56:44.065+0530] {dagbag.py:540} INFO - Filling up the DagBag from /Library/Frameworks/Python.framework/Versions/3.12/lib/python3.12/site-packages/airflow/example_dags/plugins/event_listener.py
[2025-05-24T04:56:44.066+0530] {processor.py:842} WARNING - No viable dags retrieved from /Library/Frameworks/Python.framework/Versions/3.12/lib/python3.12/site-packages/airflow/example_dags/plugins/event_listener.py
[2025-05-24T04:56:44.135+0530] {processor.py:183} INFO - Processing /Library/Frameworks/Python.framework/Versions/3.12/lib/python3.12/site-packages/airflow/example_dags/plugins/event_listener.py took 0.075 seconds
[2025-05-24T04:58:38.581+0530] {processor.py:161} INFO - Started process (PID=17777) to work on /Library/Frameworks/Python.framework/Versions/3.12/lib/python3.12/site-packages/airflow/example_dags/plugins/event_listener.py
[2025-05-24T04:58:38.582+0530] {processor.py:830} INFO - Processing file /Library/Frameworks/Python.framework/Versions/3.12/lib/python3.12/site-packages/airflow/example_dags/plugins/event_listener.py for tasks to queue
[2025-05-24T04:58:38.583+0530] {logging_mixin.py:188} INFO - [2025-05-24T04:58:38.583+0530] {dagbag.py:540} INFO - Filling up the DagBag from /Library/Frameworks/Python.framework/Versions/3.12/lib/python3.12/site-packages/airflow/example_dags/plugins/event_listener.py
[2025-05-24T04:58:38.584+0530] {processor.py:842} WARNING - No viable dags retrieved from /Library/Frameworks/Python.framework/Versions/3.12/lib/python3.12/site-packages/airflow/example_dags/plugins/event_listener.py
[2025-05-24T04:58:38.651+0530] {processor.py:183} INFO - Processing /Library/Frameworks/Python.framework/Versions/3.12/lib/python3.12/site-packages/airflow/example_dags/plugins/event_listener.py took 0.072 seconds
[2025-05-24T05:00:31.788+0530] {processor.py:161} INFO - Started process (PID=17855) to work on /Library/Frameworks/Python.framework/Versions/3.12/lib/python3.12/site-packages/airflow/example_dags/plugins/event_listener.py
[2025-05-24T05:00:31.790+0530] {processor.py:830} INFO - Processing file /Library/Frameworks/Python.framework/Versions/3.12/lib/python3.12/site-packages/airflow/example_dags/plugins/event_listener.py for tasks to queue
[2025-05-24T05:00:31.791+0530] {logging_mixin.py:188} INFO - [2025-05-24T05:00:31.791+0530] {dagbag.py:540} INFO - Filling up the DagBag from /Library/Frameworks/Python.framework/Versions/3.12/lib/python3.12/site-packages/airflow/example_dags/plugins/event_listener.py
[2025-05-24T05:00:31.791+0530] {processor.py:842} WARNING - No viable dags retrieved from /Library/Frameworks/Python.framework/Versions/3.12/lib/python3.12/site-packages/airflow/example_dags/plugins/event_listener.py
[2025-05-24T05:00:31.855+0530] {processor.py:183} INFO - Processing /Library/Frameworks/Python.framework/Versions/3.12/lib/python3.12/site-packages/airflow/example_dags/plugins/event_listener.py took 0.071 seconds
[2025-05-24T05:02:25.538+0530] {processor.py:161} INFO - Started process (PID=17919) to work on /Library/Frameworks/Python.framework/Versions/3.12/lib/python3.12/site-packages/airflow/example_dags/plugins/event_listener.py
[2025-05-24T05:02:25.540+0530] {processor.py:830} INFO - Processing file /Library/Frameworks/Python.framework/Versions/3.12/lib/python3.12/site-packages/airflow/example_dags/plugins/event_listener.py for tasks to queue
[2025-05-24T05:02:25.540+0530] {logging_mixin.py:188} INFO - [2025-05-24T05:02:25.540+0530] {dagbag.py:540} INFO - Filling up the DagBag from /Library/Frameworks/Python.framework/Versions/3.12/lib/python3.12/site-packages/airflow/example_dags/plugins/event_listener.py
[2025-05-24T05:02:25.541+0530] {processor.py:842} WARNING - No viable dags retrieved from /Library/Frameworks/Python.framework/Versions/3.12/lib/python3.12/site-packages/airflow/example_dags/plugins/event_listener.py
[2025-05-24T05:02:25.604+0530] {processor.py:183} INFO - Processing /Library/Frameworks/Python.framework/Versions/3.12/lib/python3.12/site-packages/airflow/example_dags/plugins/event_listener.py took 0.069 seconds
[2025-05-24T05:04:18.049+0530] {processor.py:161} INFO - Started process (PID=17974) to work on /Library/Frameworks/Python.framework/Versions/3.12/lib/python3.12/site-packages/airflow/example_dags/plugins/event_listener.py
[2025-05-24T05:04:18.050+0530] {processor.py:830} INFO - Processing file /Library/Frameworks/Python.framework/Versions/3.12/lib/python3.12/site-packages/airflow/example_dags/plugins/event_listener.py for tasks to queue
[2025-05-24T05:04:18.051+0530] {logging_mixin.py:188} INFO - [2025-05-24T05:04:18.051+0530] {dagbag.py:540} INFO - Filling up the DagBag from /Library/Frameworks/Python.framework/Versions/3.12/lib/python3.12/site-packages/airflow/example_dags/plugins/event_listener.py
[2025-05-24T05:04:18.052+0530] {processor.py:842} WARNING - No viable dags retrieved from /Library/Frameworks/Python.framework/Versions/3.12/lib/python3.12/site-packages/airflow/example_dags/plugins/event_listener.py
[2025-05-24T05:04:18.116+0530] {processor.py:183} INFO - Processing /Library/Frameworks/Python.framework/Versions/3.12/lib/python3.12/site-packages/airflow/example_dags/plugins/event_listener.py took 0.071 seconds
[2025-05-24T05:06:11.368+0530] {processor.py:161} INFO - Started process (PID=18023) to work on /Library/Frameworks/Python.framework/Versions/3.12/lib/python3.12/site-packages/airflow/example_dags/plugins/event_listener.py
[2025-05-24T05:06:11.370+0530] {processor.py:830} INFO - Processing file /Library/Frameworks/Python.framework/Versions/3.12/lib/python3.12/site-packages/airflow/example_dags/plugins/event_listener.py for tasks to queue
[2025-05-24T05:06:11.371+0530] {logging_mixin.py:188} INFO - [2025-05-24T05:06:11.371+0530] {dagbag.py:540} INFO - Filling up the DagBag from /Library/Frameworks/Python.framework/Versions/3.12/lib/python3.12/site-packages/airflow/example_dags/plugins/event_listener.py
[2025-05-24T05:06:11.372+0530] {processor.py:842} WARNING - No viable dags retrieved from /Library/Frameworks/Python.framework/Versions/3.12/lib/python3.12/site-packages/airflow/example_dags/plugins/event_listener.py
[2025-05-24T05:06:11.435+0530] {processor.py:183} INFO - Processing /Library/Frameworks/Python.framework/Versions/3.12/lib/python3.12/site-packages/airflow/example_dags/plugins/event_listener.py took 0.070 seconds
[2025-05-24T05:08:02.430+0530] {processor.py:161} INFO - Started process (PID=18074) to work on /Library/Frameworks/Python.framework/Versions/3.12/lib/python3.12/site-packages/airflow/example_dags/plugins/event_listener.py
[2025-05-24T05:08:02.432+0530] {processor.py:830} INFO - Processing file /Library/Frameworks/Python.framework/Versions/3.12/lib/python3.12/site-packages/airflow/example_dags/plugins/event_listener.py for tasks to queue
[2025-05-24T05:08:02.432+0530] {logging_mixin.py:188} INFO - [2025-05-24T05:08:02.432+0530] {dagbag.py:540} INFO - Filling up the DagBag from /Library/Frameworks/Python.framework/Versions/3.12/lib/python3.12/site-packages/airflow/example_dags/plugins/event_listener.py
[2025-05-24T05:08:02.433+0530] {processor.py:842} WARNING - No viable dags retrieved from /Library/Frameworks/Python.framework/Versions/3.12/lib/python3.12/site-packages/airflow/example_dags/plugins/event_listener.py
[2025-05-24T05:08:02.494+0530] {processor.py:183} INFO - Processing /Library/Frameworks/Python.framework/Versions/3.12/lib/python3.12/site-packages/airflow/example_dags/plugins/event_listener.py took 0.068 seconds
[2025-05-24T05:10:00.864+0530] {processor.py:161} INFO - Started process (PID=18128) to work on /Library/Frameworks/Python.framework/Versions/3.12/lib/python3.12/site-packages/airflow/example_dags/plugins/event_listener.py
[2025-05-24T05:10:00.866+0530] {processor.py:830} INFO - Processing file /Library/Frameworks/Python.framework/Versions/3.12/lib/python3.12/site-packages/airflow/example_dags/plugins/event_listener.py for tasks to queue
[2025-05-24T05:10:00.867+0530] {logging_mixin.py:188} INFO - [2025-05-24T05:10:00.867+0530] {dagbag.py:540} INFO - Filling up the DagBag from /Library/Frameworks/Python.framework/Versions/3.12/lib/python3.12/site-packages/airflow/example_dags/plugins/event_listener.py
[2025-05-24T05:10:00.868+0530] {processor.py:842} WARNING - No viable dags retrieved from /Library/Frameworks/Python.framework/Versions/3.12/lib/python3.12/site-packages/airflow/example_dags/plugins/event_listener.py
[2025-05-24T05:10:00.931+0530] {processor.py:183} INFO - Processing /Library/Frameworks/Python.framework/Versions/3.12/lib/python3.12/site-packages/airflow/example_dags/plugins/event_listener.py took 0.070 seconds
[2025-05-24T05:14:31.461+0530] {processor.py:161} INFO - Started process (PID=18268) to work on /Library/Frameworks/Python.framework/Versions/3.12/lib/python3.12/site-packages/airflow/example_dags/plugins/event_listener.py
[2025-05-24T05:14:31.463+0530] {processor.py:830} INFO - Processing file /Library/Frameworks/Python.framework/Versions/3.12/lib/python3.12/site-packages/airflow/example_dags/plugins/event_listener.py for tasks to queue
[2025-05-24T05:14:31.464+0530] {logging_mixin.py:188} INFO - [2025-05-24T05:14:31.464+0530] {dagbag.py:540} INFO - Filling up the DagBag from /Library/Frameworks/Python.framework/Versions/3.12/lib/python3.12/site-packages/airflow/example_dags/plugins/event_listener.py
[2025-05-24T05:14:31.465+0530] {processor.py:842} WARNING - No viable dags retrieved from /Library/Frameworks/Python.framework/Versions/3.12/lib/python3.12/site-packages/airflow/example_dags/plugins/event_listener.py
[2025-05-24T05:14:31.544+0530] {processor.py:183} INFO - Processing /Library/Frameworks/Python.framework/Versions/3.12/lib/python3.12/site-packages/airflow/example_dags/plugins/event_listener.py took 0.086 seconds
[2025-05-24T05:16:32.872+0530] {processor.py:161} INFO - Started process (PID=18415) to work on /Library/Frameworks/Python.framework/Versions/3.12/lib/python3.12/site-packages/airflow/example_dags/plugins/event_listener.py
[2025-05-24T05:16:32.873+0530] {processor.py:830} INFO - Processing file /Library/Frameworks/Python.framework/Versions/3.12/lib/python3.12/site-packages/airflow/example_dags/plugins/event_listener.py for tasks to queue
[2025-05-24T05:16:32.874+0530] {logging_mixin.py:188} INFO - [2025-05-24T05:16:32.874+0530] {dagbag.py:540} INFO - Filling up the DagBag from /Library/Frameworks/Python.framework/Versions/3.12/lib/python3.12/site-packages/airflow/example_dags/plugins/event_listener.py
[2025-05-24T05:16:32.875+0530] {processor.py:842} WARNING - No viable dags retrieved from /Library/Frameworks/Python.framework/Versions/3.12/lib/python3.12/site-packages/airflow/example_dags/plugins/event_listener.py
[2025-05-24T05:16:32.960+0530] {processor.py:183} INFO - Processing /Library/Frameworks/Python.framework/Versions/3.12/lib/python3.12/site-packages/airflow/example_dags/plugins/event_listener.py took 0.091 seconds
[2025-05-24T05:18:33.103+0530] {processor.py:161} INFO - Started process (PID=18858) to work on /Library/Frameworks/Python.framework/Versions/3.12/lib/python3.12/site-packages/airflow/example_dags/plugins/event_listener.py
[2025-05-24T05:18:33.105+0530] {processor.py:830} INFO - Processing file /Library/Frameworks/Python.framework/Versions/3.12/lib/python3.12/site-packages/airflow/example_dags/plugins/event_listener.py for tasks to queue
[2025-05-24T05:18:33.105+0530] {logging_mixin.py:188} INFO - [2025-05-24T05:18:33.105+0530] {dagbag.py:540} INFO - Filling up the DagBag from /Library/Frameworks/Python.framework/Versions/3.12/lib/python3.12/site-packages/airflow/example_dags/plugins/event_listener.py
[2025-05-24T05:18:33.106+0530] {processor.py:842} WARNING - No viable dags retrieved from /Library/Frameworks/Python.framework/Versions/3.12/lib/python3.12/site-packages/airflow/example_dags/plugins/event_listener.py
[2025-05-24T05:18:33.185+0530] {processor.py:183} INFO - Processing /Library/Frameworks/Python.framework/Versions/3.12/lib/python3.12/site-packages/airflow/example_dags/plugins/event_listener.py took 0.085 seconds
