[2025-05-27T19:45:08.439+0530] {taskinstance.py:1956} INFO - Dependencies all met for dep_context=non-requeueable deps ti=<TaskInstance: order_monitoring_dag16.run_dbt_models manual__2025-05-27T14:15:03.733225+00:00 [queued]>
[2025-05-27T19:45:08.444+0530] {taskinstance.py:1956} INFO - Dependencies all met for dep_context=requeueable deps ti=<TaskInstance: order_monitoring_dag16.run_dbt_models manual__2025-05-27T14:15:03.733225+00:00 [queued]>
[2025-05-27T19:45:08.444+0530] {taskinstance.py:2170} INFO - Starting attempt 1 of 1
[2025-05-27T19:45:08.454+0530] {taskinstance.py:2191} INFO - Executing <Task(BashOperator): run_dbt_models> on 2025-05-27 14:15:03.733225+00:00
[2025-05-27T19:45:08.459+0530] {standard_task_runner.py:60} INFO - Started process 28811 to run task
[2025-05-27T19:45:08.464+0530] {standard_task_runner.py:87} INFO - Running: ['airflow', 'tasks', 'run', 'order_monitoring_dag16', 'run_dbt_models', 'manual__2025-05-27T14:15:03.733225+00:00', '--job-id', '31', '--raw', '--subdir', 'DAGS_FOLDER/order_monitoring_dag.py', '--cfg-path', '/var/folders/7w/779kl2wj7p9971zq3yv085jm0000gn/T/tmpf3j66jrj']
[2025-05-27T19:45:08.466+0530] {standard_task_runner.py:88} INFO - Job 31: Subtask run_dbt_models
[2025-05-27T19:45:08.501+0530] {task_command.py:423} INFO - Running <TaskInstance: order_monitoring_dag16.run_dbt_models manual__2025-05-27T14:15:03.733225+00:00 [running]> on host zafars-macbook-pro.local
[2025-05-27T19:45:08.546+0530] {taskinstance.py:2480} INFO - Exporting env vars: AIRFLOW_CTX_DAG_EMAIL='imamzafar100@gmail.com' AIRFLOW_CTX_DAG_OWNER='airflow' AIRFLOW_CTX_DAG_ID='order_monitoring_dag16' AIRFLOW_CTX_TASK_ID='run_dbt_models' AIRFLOW_CTX_EXECUTION_DATE='2025-05-27T14:15:03.733225+00:00' AIRFLOW_CTX_TRY_NUMBER='1' AIRFLOW_CTX_DAG_RUN_ID='manual__2025-05-27T14:15:03.733225+00:00'
[2025-05-27T19:45:08.548+0530] {subprocess.py:63} INFO - Tmp dir root location: /var/folders/7w/779kl2wj7p9971zq3yv085jm0000gn/T
[2025-05-27T19:45:08.549+0530] {subprocess.py:75} INFO - Running command: ['/bin/bash', '-c', 'source "/Users/zafarimam/Documents/E-Commerce Order Pipeline/airflow_venv_39/bin/activate" && cd "/Users/zafarimam/Documents/E-Commerce Order Pipeline/dbt_ecommerce" && dbt run']
[2025-05-27T19:45:08.554+0530] {subprocess.py:86} INFO - Output:
[2025-05-27T19:45:10.695+0530] {subprocess.py:93} INFO - [0m14:15:10  Running with dbt=1.9.4
[2025-05-27T19:45:11.507+0530] {subprocess.py:93} INFO - [0m14:15:11  Registered adapter: snowflake=1.9.4
[2025-05-27T19:45:11.992+0530] {subprocess.py:93} INFO - [0m14:15:11  Found 4 models, 476 macros
[2025-05-27T19:45:11.994+0530] {subprocess.py:93} INFO - [0m14:15:11
[2025-05-27T19:45:11.994+0530] {subprocess.py:93} INFO - [0m14:15:11  Concurrency: 1 threads (target='dev')
[2025-05-27T19:45:11.995+0530] {subprocess.py:93} INFO - [0m14:15:11
[2025-05-27T19:45:12.985+0530] {subprocess.py:93} INFO - [0m14:15:12  1 of 4 START sql view model analytics.stg_customers ............................ [RUN]
[2025-05-27T19:45:13.331+0530] {subprocess.py:93} INFO - [0m14:15:13  1 of 4 OK created sql view model analytics.stg_customers ....................... [[32mSUCCESS 1[0m in 0.34s]
[2025-05-27T19:45:13.333+0530] {subprocess.py:93} INFO - [0m14:15:13  2 of 4 START sql view model analytics.stg_orders ............................... [RUN]
[2025-05-27T19:45:13.572+0530] {subprocess.py:93} INFO - [0m14:15:13  2 of 4 OK created sql view model analytics.stg_orders .......................... [[32mSUCCESS 1[0m in 0.24s]
[2025-05-27T19:45:13.575+0530] {subprocess.py:93} INFO - [0m14:15:13  3 of 4 START sql view model analytics.stg_shipments ............................ [RUN]
[2025-05-27T19:45:13.801+0530] {subprocess.py:93} INFO - [0m14:15:13  3 of 4 OK created sql view model analytics.stg_shipments ....................... [[32mSUCCESS 1[0m in 0.22s]
[2025-05-27T19:45:13.803+0530] {subprocess.py:93} INFO - [0m14:15:13  4 of 4 START sql view model analytics.order_status ............................. [RUN]
[2025-05-27T19:45:14.224+0530] {subprocess.py:93} INFO - [0m14:15:14  4 of 4 OK created sql view model analytics.order_status ........................ [[32mSUCCESS 1[0m in 0.42s]
[2025-05-27T19:45:14.328+0530] {subprocess.py:93} INFO - [0m14:15:14
[2025-05-27T19:45:14.328+0530] {subprocess.py:93} INFO - [0m14:15:14  Finished running 4 view models in 0 hours 0 minutes and 2.33 seconds (2.33s).
[2025-05-27T19:45:14.376+0530] {subprocess.py:93} INFO - [0m14:15:14
[2025-05-27T19:45:14.376+0530] {subprocess.py:93} INFO - [0m14:15:14  [32mCompleted successfully[0m
[2025-05-27T19:45:14.377+0530] {subprocess.py:93} INFO - [0m14:15:14
[2025-05-27T19:45:14.377+0530] {subprocess.py:93} INFO - [0m14:15:14  Done. PASS=4 WARN=0 ERROR=0 SKIP=0 TOTAL=4
[2025-05-27T19:45:15.554+0530] {subprocess.py:97} INFO - Command exited with return code 0
[2025-05-27T19:45:15.573+0530] {taskinstance.py:1138} INFO - Marking task as SUCCESS. dag_id=order_monitoring_dag16, task_id=run_dbt_models, execution_date=20250527T141503, start_date=20250527T141508, end_date=20250527T141515
[2025-05-27T19:45:15.601+0530] {local_task_job_runner.py:234} INFO - Task exited with return code 0
[2025-05-27T19:45:15.618+0530] {taskinstance.py:3280} INFO - 1 downstream tasks scheduled from follow-on schedule check
