[2025-05-24T05:31:15.158+0530] {processor.py:161} INFO - Started process (PID=20879) to work on /Library/Frameworks/Python.framework/Versions/3.12/lib/python3.12/site-packages/airflow/example_dags/plugins/event_listener.py
[2025-05-24T05:31:15.158+0530] {processor.py:830} INFO - Processing file /Library/Frameworks/Python.framework/Versions/3.12/lib/python3.12/site-packages/airflow/example_dags/plugins/event_listener.py for tasks to queue
[2025-05-24T05:31:15.159+0530] {logging_mixin.py:188} INFO - [2025-05-24T05:31:15.159+0530] {dagbag.py:540} INFO - Filling up the DagBag from /Library/Frameworks/Python.framework/Versions/3.12/lib/python3.12/site-packages/airflow/example_dags/plugins/event_listener.py
[2025-05-24T05:31:15.160+0530] {processor.py:842} WARNING - No viable dags retrieved from /Library/Frameworks/Python.framework/Versions/3.12/lib/python3.12/site-packages/airflow/example_dags/plugins/event_listener.py
[2025-05-24T05:31:15.229+0530] {processor.py:183} INFO - Processing /Library/Frameworks/Python.framework/Versions/3.12/lib/python3.12/site-packages/airflow/example_dags/plugins/event_listener.py took 0.074 seconds
[2025-05-24T05:33:34.982+0530] {processor.py:161} INFO - Started process (PID=20941) to work on /Library/Frameworks/Python.framework/Versions/3.12/lib/python3.12/site-packages/airflow/example_dags/plugins/event_listener.py
[2025-05-24T05:33:34.984+0530] {processor.py:830} INFO - Processing file /Library/Frameworks/Python.framework/Versions/3.12/lib/python3.12/site-packages/airflow/example_dags/plugins/event_listener.py for tasks to queue
[2025-05-24T05:33:34.984+0530] {logging_mixin.py:188} INFO - [2025-05-24T05:33:34.984+0530] {dagbag.py:540} INFO - Filling up the DagBag from /Library/Frameworks/Python.framework/Versions/3.12/lib/python3.12/site-packages/airflow/example_dags/plugins/event_listener.py
[2025-05-24T05:33:34.985+0530] {processor.py:842} WARNING - No viable dags retrieved from /Library/Frameworks/Python.framework/Versions/3.12/lib/python3.12/site-packages/airflow/example_dags/plugins/event_listener.py
[2025-05-24T05:33:35.053+0530] {processor.py:183} INFO - Processing /Library/Frameworks/Python.framework/Versions/3.12/lib/python3.12/site-packages/airflow/example_dags/plugins/event_listener.py took 0.074 seconds
[2025-05-24T05:35:57.839+0530] {processor.py:161} INFO - Started process (PID=21104) to work on /Library/Frameworks/Python.framework/Versions/3.12/lib/python3.12/site-packages/airflow/example_dags/plugins/event_listener.py
[2025-05-24T05:35:57.860+0530] {processor.py:830} INFO - Processing file /Library/Frameworks/Python.framework/Versions/3.12/lib/python3.12/site-packages/airflow/example_dags/plugins/event_listener.py for tasks to queue
[2025-05-24T05:35:57.879+0530] {logging_mixin.py:188} INFO - [2025-05-24T05:35:57.878+0530] {dagbag.py:540} INFO - Filling up the DagBag from /Library/Frameworks/Python.framework/Versions/3.12/lib/python3.12/site-packages/airflow/example_dags/plugins/event_listener.py
[2025-05-24T05:35:57.899+0530] {processor.py:842} WARNING - No viable dags retrieved from /Library/Frameworks/Python.framework/Versions/3.12/lib/python3.12/site-packages/airflow/example_dags/plugins/event_listener.py
[2025-05-24T05:35:58.011+0530] {processor.py:183} INFO - Processing /Library/Frameworks/Python.framework/Versions/3.12/lib/python3.12/site-packages/airflow/example_dags/plugins/event_listener.py took 0.176 seconds
[2025-05-24T05:38:19.127+0530] {processor.py:161} INFO - Started process (PID=21233) to work on /Library/Frameworks/Python.framework/Versions/3.12/lib/python3.12/site-packages/airflow/example_dags/plugins/event_listener.py
[2025-05-24T05:38:19.129+0530] {processor.py:830} INFO - Processing file /Library/Frameworks/Python.framework/Versions/3.12/lib/python3.12/site-packages/airflow/example_dags/plugins/event_listener.py for tasks to queue
[2025-05-24T05:38:19.130+0530] {logging_mixin.py:188} INFO - [2025-05-24T05:38:19.129+0530] {dagbag.py:540} INFO - Filling up the DagBag from /Library/Frameworks/Python.framework/Versions/3.12/lib/python3.12/site-packages/airflow/example_dags/plugins/event_listener.py
[2025-05-24T05:38:19.130+0530] {processor.py:842} WARNING - No viable dags retrieved from /Library/Frameworks/Python.framework/Versions/3.12/lib/python3.12/site-packages/airflow/example_dags/plugins/event_listener.py
[2025-05-24T05:38:19.198+0530] {processor.py:183} INFO - Processing /Library/Frameworks/Python.framework/Versions/3.12/lib/python3.12/site-packages/airflow/example_dags/plugins/event_listener.py took 0.075 seconds
[2025-05-24T05:40:40.496+0530] {processor.py:161} INFO - Started process (PID=21407) to work on /Library/Frameworks/Python.framework/Versions/3.12/lib/python3.12/site-packages/airflow/example_dags/plugins/event_listener.py
[2025-05-24T05:40:40.497+0530] {processor.py:830} INFO - Processing file /Library/Frameworks/Python.framework/Versions/3.12/lib/python3.12/site-packages/airflow/example_dags/plugins/event_listener.py for tasks to queue
[2025-05-24T05:40:40.498+0530] {logging_mixin.py:188} INFO - [2025-05-24T05:40:40.498+0530] {dagbag.py:540} INFO - Filling up the DagBag from /Library/Frameworks/Python.framework/Versions/3.12/lib/python3.12/site-packages/airflow/example_dags/plugins/event_listener.py
[2025-05-24T05:40:40.499+0530] {processor.py:842} WARNING - No viable dags retrieved from /Library/Frameworks/Python.framework/Versions/3.12/lib/python3.12/site-packages/airflow/example_dags/plugins/event_listener.py
[2025-05-24T05:40:40.569+0530] {processor.py:183} INFO - Processing /Library/Frameworks/Python.framework/Versions/3.12/lib/python3.12/site-packages/airflow/example_dags/plugins/event_listener.py took 0.075 seconds
[2025-05-24T05:43:02.482+0530] {processor.py:161} INFO - Started process (PID=21576) to work on /Library/Frameworks/Python.framework/Versions/3.12/lib/python3.12/site-packages/airflow/example_dags/plugins/event_listener.py
[2025-05-24T05:43:02.483+0530] {processor.py:830} INFO - Processing file /Library/Frameworks/Python.framework/Versions/3.12/lib/python3.12/site-packages/airflow/example_dags/plugins/event_listener.py for tasks to queue
[2025-05-24T05:43:02.484+0530] {logging_mixin.py:188} INFO - [2025-05-24T05:43:02.484+0530] {dagbag.py:540} INFO - Filling up the DagBag from /Library/Frameworks/Python.framework/Versions/3.12/lib/python3.12/site-packages/airflow/example_dags/plugins/event_listener.py
[2025-05-24T05:43:02.486+0530] {processor.py:842} WARNING - No viable dags retrieved from /Library/Frameworks/Python.framework/Versions/3.12/lib/python3.12/site-packages/airflow/example_dags/plugins/event_listener.py
[2025-05-24T05:43:02.560+0530] {processor.py:183} INFO - Processing /Library/Frameworks/Python.framework/Versions/3.12/lib/python3.12/site-packages/airflow/example_dags/plugins/event_listener.py took 0.081 seconds
[2025-05-24T05:45:28.550+0530] {processor.py:161} INFO - Started process (PID=22044) to work on /Library/Frameworks/Python.framework/Versions/3.12/lib/python3.12/site-packages/airflow/example_dags/plugins/event_listener.py
[2025-05-24T05:45:28.552+0530] {processor.py:830} INFO - Processing file /Library/Frameworks/Python.framework/Versions/3.12/lib/python3.12/site-packages/airflow/example_dags/plugins/event_listener.py for tasks to queue
[2025-05-24T05:45:28.553+0530] {logging_mixin.py:188} INFO - [2025-05-24T05:45:28.553+0530] {dagbag.py:540} INFO - Filling up the DagBag from /Library/Frameworks/Python.framework/Versions/3.12/lib/python3.12/site-packages/airflow/example_dags/plugins/event_listener.py
[2025-05-24T05:45:28.554+0530] {processor.py:842} WARNING - No viable dags retrieved from /Library/Frameworks/Python.framework/Versions/3.12/lib/python3.12/site-packages/airflow/example_dags/plugins/event_listener.py
[2025-05-24T05:45:28.626+0530] {processor.py:183} INFO - Processing /Library/Frameworks/Python.framework/Versions/3.12/lib/python3.12/site-packages/airflow/example_dags/plugins/event_listener.py took 0.080 seconds
