[2025-05-24T05:31:12.217+0530] {processor.py:161} INFO - Started process (PID=20870) to work on /Library/Frameworks/Python.framework/Versions/3.12/lib/python3.12/site-packages/airflow/example_dags/plugins/listener_plugin.py
[2025-05-24T05:31:12.218+0530] {processor.py:830} INFO - Processing file /Library/Frameworks/Python.framework/Versions/3.12/lib/python3.12/site-packages/airflow/example_dags/plugins/listener_plugin.py for tasks to queue
[2025-05-24T05:31:12.219+0530] {logging_mixin.py:188} INFO - [2025-05-24T05:31:12.219+0530] {dagbag.py:540} INFO - Filling up the DagBag from /Library/Frameworks/Python.framework/Versions/3.12/lib/python3.12/site-packages/airflow/example_dags/plugins/listener_plugin.py
[2025-05-24T05:31:12.223+0530] {processor.py:842} WARNING - No viable dags retrieved from /Library/Frameworks/Python.framework/Versions/3.12/lib/python3.12/site-packages/airflow/example_dags/plugins/listener_plugin.py
[2025-05-24T05:31:12.306+0530] {processor.py:183} INFO - Processing /Library/Frameworks/Python.framework/Versions/3.12/lib/python3.12/site-packages/airflow/example_dags/plugins/listener_plugin.py took 0.093 seconds
[2025-05-24T05:33:32.314+0530] {processor.py:161} INFO - Started process (PID=20940) to work on /Library/Frameworks/Python.framework/Versions/3.12/lib/python3.12/site-packages/airflow/example_dags/plugins/listener_plugin.py
[2025-05-24T05:33:32.316+0530] {processor.py:830} INFO - Processing file /Library/Frameworks/Python.framework/Versions/3.12/lib/python3.12/site-packages/airflow/example_dags/plugins/listener_plugin.py for tasks to queue
[2025-05-24T05:33:32.317+0530] {logging_mixin.py:188} INFO - [2025-05-24T05:33:32.317+0530] {dagbag.py:540} INFO - Filling up the DagBag from /Library/Frameworks/Python.framework/Versions/3.12/lib/python3.12/site-packages/airflow/example_dags/plugins/listener_plugin.py
[2025-05-24T05:33:32.318+0530] {processor.py:842} WARNING - No viable dags retrieved from /Library/Frameworks/Python.framework/Versions/3.12/lib/python3.12/site-packages/airflow/example_dags/plugins/listener_plugin.py
[2025-05-24T05:33:32.387+0530] {processor.py:183} INFO - Processing /Library/Frameworks/Python.framework/Versions/3.12/lib/python3.12/site-packages/airflow/example_dags/plugins/listener_plugin.py took 0.077 seconds
[2025-05-24T05:35:54.934+0530] {processor.py:161} INFO - Started process (PID=21099) to work on /Library/Frameworks/Python.framework/Versions/3.12/lib/python3.12/site-packages/airflow/example_dags/plugins/listener_plugin.py
[2025-05-24T05:35:54.935+0530] {processor.py:830} INFO - Processing file /Library/Frameworks/Python.framework/Versions/3.12/lib/python3.12/site-packages/airflow/example_dags/plugins/listener_plugin.py for tasks to queue
[2025-05-24T05:35:54.936+0530] {logging_mixin.py:188} INFO - [2025-05-24T05:35:54.935+0530] {dagbag.py:540} INFO - Filling up the DagBag from /Library/Frameworks/Python.framework/Versions/3.12/lib/python3.12/site-packages/airflow/example_dags/plugins/listener_plugin.py
[2025-05-24T05:35:54.939+0530] {processor.py:842} WARNING - No viable dags retrieved from /Library/Frameworks/Python.framework/Versions/3.12/lib/python3.12/site-packages/airflow/example_dags/plugins/listener_plugin.py
[2025-05-24T05:35:55.010+0530] {processor.py:183} INFO - Processing /Library/Frameworks/Python.framework/Versions/3.12/lib/python3.12/site-packages/airflow/example_dags/plugins/listener_plugin.py took 0.079 seconds
[2025-05-24T05:38:16.459+0530] {processor.py:161} INFO - Started process (PID=21231) to work on /Library/Frameworks/Python.framework/Versions/3.12/lib/python3.12/site-packages/airflow/example_dags/plugins/listener_plugin.py
[2025-05-24T05:38:16.461+0530] {processor.py:830} INFO - Processing file /Library/Frameworks/Python.framework/Versions/3.12/lib/python3.12/site-packages/airflow/example_dags/plugins/listener_plugin.py for tasks to queue
[2025-05-24T05:38:16.462+0530] {logging_mixin.py:188} INFO - [2025-05-24T05:38:16.461+0530] {dagbag.py:540} INFO - Filling up the DagBag from /Library/Frameworks/Python.framework/Versions/3.12/lib/python3.12/site-packages/airflow/example_dags/plugins/listener_plugin.py
[2025-05-24T05:38:16.463+0530] {processor.py:842} WARNING - No viable dags retrieved from /Library/Frameworks/Python.framework/Versions/3.12/lib/python3.12/site-packages/airflow/example_dags/plugins/listener_plugin.py
[2025-05-24T05:38:16.533+0530] {processor.py:183} INFO - Processing /Library/Frameworks/Python.framework/Versions/3.12/lib/python3.12/site-packages/airflow/example_dags/plugins/listener_plugin.py took 0.077 seconds
[2025-05-24T05:40:38.155+0530] {processor.py:161} INFO - Started process (PID=21405) to work on /Library/Frameworks/Python.framework/Versions/3.12/lib/python3.12/site-packages/airflow/example_dags/plugins/listener_plugin.py
[2025-05-24T05:40:38.156+0530] {processor.py:830} INFO - Processing file /Library/Frameworks/Python.framework/Versions/3.12/lib/python3.12/site-packages/airflow/example_dags/plugins/listener_plugin.py for tasks to queue
[2025-05-24T05:40:38.157+0530] {logging_mixin.py:188} INFO - [2025-05-24T05:40:38.157+0530] {dagbag.py:540} INFO - Filling up the DagBag from /Library/Frameworks/Python.framework/Versions/3.12/lib/python3.12/site-packages/airflow/example_dags/plugins/listener_plugin.py
[2025-05-24T05:40:38.160+0530] {processor.py:842} WARNING - No viable dags retrieved from /Library/Frameworks/Python.framework/Versions/3.12/lib/python3.12/site-packages/airflow/example_dags/plugins/listener_plugin.py
[2025-05-24T05:40:38.230+0530] {processor.py:183} INFO - Processing /Library/Frameworks/Python.framework/Versions/3.12/lib/python3.12/site-packages/airflow/example_dags/plugins/listener_plugin.py took 0.077 seconds
[2025-05-24T05:42:59.694+0530] {processor.py:161} INFO - Started process (PID=21575) to work on /Library/Frameworks/Python.framework/Versions/3.12/lib/python3.12/site-packages/airflow/example_dags/plugins/listener_plugin.py
[2025-05-24T05:42:59.695+0530] {processor.py:830} INFO - Processing file /Library/Frameworks/Python.framework/Versions/3.12/lib/python3.12/site-packages/airflow/example_dags/plugins/listener_plugin.py for tasks to queue
[2025-05-24T05:42:59.696+0530] {logging_mixin.py:188} INFO - [2025-05-24T05:42:59.696+0530] {dagbag.py:540} INFO - Filling up the DagBag from /Library/Frameworks/Python.framework/Versions/3.12/lib/python3.12/site-packages/airflow/example_dags/plugins/listener_plugin.py
[2025-05-24T05:42:59.699+0530] {processor.py:842} WARNING - No viable dags retrieved from /Library/Frameworks/Python.framework/Versions/3.12/lib/python3.12/site-packages/airflow/example_dags/plugins/listener_plugin.py
[2025-05-24T05:42:59.777+0530] {processor.py:183} INFO - Processing /Library/Frameworks/Python.framework/Versions/3.12/lib/python3.12/site-packages/airflow/example_dags/plugins/listener_plugin.py took 0.086 seconds
[2025-05-24T05:45:25.589+0530] {processor.py:161} INFO - Started process (PID=22041) to work on /Library/Frameworks/Python.framework/Versions/3.12/lib/python3.12/site-packages/airflow/example_dags/plugins/listener_plugin.py
[2025-05-24T05:45:25.590+0530] {processor.py:830} INFO - Processing file /Library/Frameworks/Python.framework/Versions/3.12/lib/python3.12/site-packages/airflow/example_dags/plugins/listener_plugin.py for tasks to queue
[2025-05-24T05:45:25.591+0530] {logging_mixin.py:188} INFO - [2025-05-24T05:45:25.590+0530] {dagbag.py:540} INFO - Filling up the DagBag from /Library/Frameworks/Python.framework/Versions/3.12/lib/python3.12/site-packages/airflow/example_dags/plugins/listener_plugin.py
[2025-05-24T05:45:25.594+0530] {processor.py:842} WARNING - No viable dags retrieved from /Library/Frameworks/Python.framework/Versions/3.12/lib/python3.12/site-packages/airflow/example_dags/plugins/listener_plugin.py
[2025-05-24T05:45:25.676+0530] {processor.py:183} INFO - Processing /Library/Frameworks/Python.framework/Versions/3.12/lib/python3.12/site-packages/airflow/example_dags/plugins/listener_plugin.py took 0.090 seconds
