[2025-05-24T04:24:16.162+0530] {processor.py:161} INFO - Started process (PID=15683) to work on /Library/Frameworks/Python.framework/Versions/3.12/lib/python3.12/site-packages/airflow/example_dags/example_dag_decorator.py
[2025-05-24T04:24:16.163+0530] {processor.py:830} INFO - Processing file /Library/Frameworks/Python.framework/Versions/3.12/lib/python3.12/site-packages/airflow/example_dags/example_dag_decorator.py for tasks to queue
[2025-05-24T04:24:16.164+0530] {logging_mixin.py:188} INFO - [2025-05-24T04:24:16.163+0530] {dagbag.py:540} INFO - Filling up the DagBag from /Library/Frameworks/Python.framework/Versions/3.12/lib/python3.12/site-packages/airflow/example_dags/example_dag_decorator.py
[2025-05-24T04:24:16.421+0530] {processor.py:840} INFO - DAG(s) 'example_dag_decorator' retrieved from /Library/Frameworks/Python.framework/Versions/3.12/lib/python3.12/site-packages/airflow/example_dags/example_dag_decorator.py
[2025-05-24T04:24:16.583+0530] {logging_mixin.py:188} INFO - [2025-05-24T04:24:16.583+0530] {dag.py:3096} INFO - Sync 1 DAGs
[2025-05-24T04:24:16.591+0530] {logging_mixin.py:188} INFO - [2025-05-24T04:24:16.591+0530] {dag.py:3954} INFO - Setting next_dagrun for example_dag_decorator to None, run_after=None
[2025-05-24T04:24:16.605+0530] {processor.py:183} INFO - Processing /Library/Frameworks/Python.framework/Versions/3.12/lib/python3.12/site-packages/airflow/example_dags/example_dag_decorator.py took 0.446 seconds
[2025-05-24T04:26:49.916+0530] {processor.py:161} INFO - Started process (PID=15781) to work on /Library/Frameworks/Python.framework/Versions/3.12/lib/python3.12/site-packages/airflow/example_dags/example_dag_decorator.py
[2025-05-24T04:26:49.917+0530] {processor.py:830} INFO - Processing file /Library/Frameworks/Python.framework/Versions/3.12/lib/python3.12/site-packages/airflow/example_dags/example_dag_decorator.py for tasks to queue
[2025-05-24T04:26:49.918+0530] {logging_mixin.py:188} INFO - [2025-05-24T04:26:49.918+0530] {dagbag.py:540} INFO - Filling up the DagBag from /Library/Frameworks/Python.framework/Versions/3.12/lib/python3.12/site-packages/airflow/example_dags/example_dag_decorator.py
[2025-05-24T04:26:50.108+0530] {processor.py:840} INFO - DAG(s) 'example_dag_decorator' retrieved from /Library/Frameworks/Python.framework/Versions/3.12/lib/python3.12/site-packages/airflow/example_dags/example_dag_decorator.py
[2025-05-24T04:26:50.265+0530] {logging_mixin.py:188} INFO - [2025-05-24T04:26:50.264+0530] {dag.py:3096} INFO - Sync 1 DAGs
[2025-05-24T04:26:50.272+0530] {logging_mixin.py:188} INFO - [2025-05-24T04:26:50.272+0530] {dag.py:3954} INFO - Setting next_dagrun for example_dag_decorator to None, run_after=None
[2025-05-24T04:26:50.290+0530] {processor.py:183} INFO - Processing /Library/Frameworks/Python.framework/Versions/3.12/lib/python3.12/site-packages/airflow/example_dags/example_dag_decorator.py took 0.378 seconds
[2025-05-24T04:30:39.621+0530] {processor.py:161} INFO - Started process (PID=15903) to work on /Library/Frameworks/Python.framework/Versions/3.12/lib/python3.12/site-packages/airflow/example_dags/example_dag_decorator.py
[2025-05-24T04:30:39.623+0530] {processor.py:830} INFO - Processing file /Library/Frameworks/Python.framework/Versions/3.12/lib/python3.12/site-packages/airflow/example_dags/example_dag_decorator.py for tasks to queue
[2025-05-24T04:30:39.624+0530] {logging_mixin.py:188} INFO - [2025-05-24T04:30:39.623+0530] {dagbag.py:540} INFO - Filling up the DagBag from /Library/Frameworks/Python.framework/Versions/3.12/lib/python3.12/site-packages/airflow/example_dags/example_dag_decorator.py
[2025-05-24T04:30:39.816+0530] {processor.py:840} INFO - DAG(s) 'example_dag_decorator' retrieved from /Library/Frameworks/Python.framework/Versions/3.12/lib/python3.12/site-packages/airflow/example_dags/example_dag_decorator.py
[2025-05-24T04:30:39.967+0530] {logging_mixin.py:188} INFO - [2025-05-24T04:30:39.967+0530] {dag.py:3096} INFO - Sync 1 DAGs
[2025-05-24T04:30:39.974+0530] {logging_mixin.py:188} INFO - [2025-05-24T04:30:39.974+0530] {dag.py:3954} INFO - Setting next_dagrun for example_dag_decorator to None, run_after=None
[2025-05-24T04:30:39.987+0530] {processor.py:183} INFO - Processing /Library/Frameworks/Python.framework/Versions/3.12/lib/python3.12/site-packages/airflow/example_dags/example_dag_decorator.py took 0.369 seconds
[2025-05-24T04:34:40.175+0530] {processor.py:161} INFO - Started process (PID=16044) to work on /Library/Frameworks/Python.framework/Versions/3.12/lib/python3.12/site-packages/airflow/example_dags/example_dag_decorator.py
[2025-05-24T04:34:40.176+0530] {processor.py:830} INFO - Processing file /Library/Frameworks/Python.framework/Versions/3.12/lib/python3.12/site-packages/airflow/example_dags/example_dag_decorator.py for tasks to queue
[2025-05-24T04:34:40.177+0530] {logging_mixin.py:188} INFO - [2025-05-24T04:34:40.177+0530] {dagbag.py:540} INFO - Filling up the DagBag from /Library/Frameworks/Python.framework/Versions/3.12/lib/python3.12/site-packages/airflow/example_dags/example_dag_decorator.py
[2025-05-24T04:34:40.386+0530] {processor.py:840} INFO - DAG(s) 'example_dag_decorator' retrieved from /Library/Frameworks/Python.framework/Versions/3.12/lib/python3.12/site-packages/airflow/example_dags/example_dag_decorator.py
[2025-05-24T04:34:40.633+0530] {logging_mixin.py:188} INFO - [2025-05-24T04:34:40.633+0530] {dag.py:3096} INFO - Sync 1 DAGs
[2025-05-24T04:34:40.641+0530] {logging_mixin.py:188} INFO - [2025-05-24T04:34:40.641+0530] {dag.py:3954} INFO - Setting next_dagrun for example_dag_decorator to None, run_after=None
[2025-05-24T04:34:40.656+0530] {processor.py:183} INFO - Processing /Library/Frameworks/Python.framework/Versions/3.12/lib/python3.12/site-packages/airflow/example_dags/example_dag_decorator.py took 0.484 seconds
[2025-05-24T04:38:43.008+0530] {processor.py:161} INFO - Started process (PID=16190) to work on /Library/Frameworks/Python.framework/Versions/3.12/lib/python3.12/site-packages/airflow/example_dags/example_dag_decorator.py
[2025-05-24T04:38:43.010+0530] {processor.py:830} INFO - Processing file /Library/Frameworks/Python.framework/Versions/3.12/lib/python3.12/site-packages/airflow/example_dags/example_dag_decorator.py for tasks to queue
[2025-05-24T04:38:43.010+0530] {logging_mixin.py:188} INFO - [2025-05-24T04:38:43.010+0530] {dagbag.py:540} INFO - Filling up the DagBag from /Library/Frameworks/Python.framework/Versions/3.12/lib/python3.12/site-packages/airflow/example_dags/example_dag_decorator.py
[2025-05-24T04:38:43.206+0530] {processor.py:840} INFO - DAG(s) 'example_dag_decorator' retrieved from /Library/Frameworks/Python.framework/Versions/3.12/lib/python3.12/site-packages/airflow/example_dags/example_dag_decorator.py
[2025-05-24T04:38:43.366+0530] {logging_mixin.py:188} INFO - [2025-05-24T04:38:43.365+0530] {dag.py:3096} INFO - Sync 1 DAGs
[2025-05-24T04:38:43.373+0530] {logging_mixin.py:188} INFO - [2025-05-24T04:38:43.372+0530] {dag.py:3954} INFO - Setting next_dagrun for example_dag_decorator to None, run_after=None
[2025-05-24T04:38:43.386+0530] {processor.py:183} INFO - Processing /Library/Frameworks/Python.framework/Versions/3.12/lib/python3.12/site-packages/airflow/example_dags/example_dag_decorator.py took 0.381 seconds
[2025-05-24T04:42:50.729+0530] {processor.py:161} INFO - Started process (PID=16406) to work on /Library/Frameworks/Python.framework/Versions/3.12/lib/python3.12/site-packages/airflow/example_dags/example_dag_decorator.py
[2025-05-24T04:42:50.729+0530] {processor.py:830} INFO - Processing file /Library/Frameworks/Python.framework/Versions/3.12/lib/python3.12/site-packages/airflow/example_dags/example_dag_decorator.py for tasks to queue
[2025-05-24T04:42:50.730+0530] {logging_mixin.py:188} INFO - [2025-05-24T04:42:50.730+0530] {dagbag.py:540} INFO - Filling up the DagBag from /Library/Frameworks/Python.framework/Versions/3.12/lib/python3.12/site-packages/airflow/example_dags/example_dag_decorator.py
[2025-05-24T04:42:50.929+0530] {processor.py:840} INFO - DAG(s) 'example_dag_decorator' retrieved from /Library/Frameworks/Python.framework/Versions/3.12/lib/python3.12/site-packages/airflow/example_dags/example_dag_decorator.py
[2025-05-24T04:42:51.133+0530] {logging_mixin.py:188} INFO - [2025-05-24T04:42:51.132+0530] {dag.py:3096} INFO - Sync 1 DAGs
[2025-05-24T04:42:51.146+0530] {logging_mixin.py:188} INFO - [2025-05-24T04:42:51.146+0530] {dag.py:3954} INFO - Setting next_dagrun for example_dag_decorator to None, run_after=None
[2025-05-24T04:42:51.162+0530] {processor.py:183} INFO - Processing /Library/Frameworks/Python.framework/Versions/3.12/lib/python3.12/site-packages/airflow/example_dags/example_dag_decorator.py took 0.436 seconds
[2025-05-24T04:46:48.941+0530] {processor.py:161} INFO - Started process (PID=17356) to work on /Library/Frameworks/Python.framework/Versions/3.12/lib/python3.12/site-packages/airflow/example_dags/example_dag_decorator.py
[2025-05-24T04:46:48.942+0530] {processor.py:830} INFO - Processing file /Library/Frameworks/Python.framework/Versions/3.12/lib/python3.12/site-packages/airflow/example_dags/example_dag_decorator.py for tasks to queue
[2025-05-24T04:46:48.943+0530] {logging_mixin.py:188} INFO - [2025-05-24T04:46:48.943+0530] {dagbag.py:540} INFO - Filling up the DagBag from /Library/Frameworks/Python.framework/Versions/3.12/lib/python3.12/site-packages/airflow/example_dags/example_dag_decorator.py
[2025-05-24T04:46:49.142+0530] {processor.py:840} INFO - DAG(s) 'example_dag_decorator' retrieved from /Library/Frameworks/Python.framework/Versions/3.12/lib/python3.12/site-packages/airflow/example_dags/example_dag_decorator.py
[2025-05-24T04:46:49.298+0530] {logging_mixin.py:188} INFO - [2025-05-24T04:46:49.298+0530] {dag.py:3096} INFO - Sync 1 DAGs
[2025-05-24T04:46:49.304+0530] {logging_mixin.py:188} INFO - [2025-05-24T04:46:49.304+0530] {dag.py:3954} INFO - Setting next_dagrun for example_dag_decorator to None, run_after=None
[2025-05-24T04:46:49.319+0530] {processor.py:183} INFO - Processing /Library/Frameworks/Python.framework/Versions/3.12/lib/python3.12/site-packages/airflow/example_dags/example_dag_decorator.py took 0.382 seconds
[2025-05-24T04:50:48.046+0530] {processor.py:161} INFO - Started process (PID=17525) to work on /Library/Frameworks/Python.framework/Versions/3.12/lib/python3.12/site-packages/airflow/example_dags/example_dag_decorator.py
[2025-05-24T04:50:48.047+0530] {processor.py:830} INFO - Processing file /Library/Frameworks/Python.framework/Versions/3.12/lib/python3.12/site-packages/airflow/example_dags/example_dag_decorator.py for tasks to queue
[2025-05-24T04:50:48.048+0530] {logging_mixin.py:188} INFO - [2025-05-24T04:50:48.048+0530] {dagbag.py:540} INFO - Filling up the DagBag from /Library/Frameworks/Python.framework/Versions/3.12/lib/python3.12/site-packages/airflow/example_dags/example_dag_decorator.py
[2025-05-24T04:50:48.243+0530] {processor.py:840} INFO - DAG(s) 'example_dag_decorator' retrieved from /Library/Frameworks/Python.framework/Versions/3.12/lib/python3.12/site-packages/airflow/example_dags/example_dag_decorator.py
[2025-05-24T04:50:48.401+0530] {logging_mixin.py:188} INFO - [2025-05-24T04:50:48.401+0530] {dag.py:3096} INFO - Sync 1 DAGs
[2025-05-24T04:50:48.408+0530] {logging_mixin.py:188} INFO - [2025-05-24T04:50:48.408+0530] {dag.py:3954} INFO - Setting next_dagrun for example_dag_decorator to None, run_after=None
[2025-05-24T04:50:48.427+0530] {processor.py:183} INFO - Processing /Library/Frameworks/Python.framework/Versions/3.12/lib/python3.12/site-packages/airflow/example_dags/example_dag_decorator.py took 0.385 seconds
[2025-05-24T04:54:34.856+0530] {processor.py:161} INFO - Started process (PID=17652) to work on /Library/Frameworks/Python.framework/Versions/3.12/lib/python3.12/site-packages/airflow/example_dags/example_dag_decorator.py
[2025-05-24T04:54:34.858+0530] {processor.py:830} INFO - Processing file /Library/Frameworks/Python.framework/Versions/3.12/lib/python3.12/site-packages/airflow/example_dags/example_dag_decorator.py for tasks to queue
[2025-05-24T04:54:34.859+0530] {logging_mixin.py:188} INFO - [2025-05-24T04:54:34.858+0530] {dagbag.py:540} INFO - Filling up the DagBag from /Library/Frameworks/Python.framework/Versions/3.12/lib/python3.12/site-packages/airflow/example_dags/example_dag_decorator.py
[2025-05-24T04:54:35.128+0530] {processor.py:840} INFO - DAG(s) 'example_dag_decorator' retrieved from /Library/Frameworks/Python.framework/Versions/3.12/lib/python3.12/site-packages/airflow/example_dags/example_dag_decorator.py
[2025-05-24T04:54:35.343+0530] {logging_mixin.py:188} INFO - [2025-05-24T04:54:35.343+0530] {dag.py:3096} INFO - Sync 1 DAGs
[2025-05-24T04:54:35.352+0530] {logging_mixin.py:188} INFO - [2025-05-24T04:54:35.351+0530] {dag.py:3954} INFO - Setting next_dagrun for example_dag_decorator to None, run_after=None
[2025-05-24T04:54:35.368+0530] {processor.py:183} INFO - Processing /Library/Frameworks/Python.framework/Versions/3.12/lib/python3.12/site-packages/airflow/example_dags/example_dag_decorator.py took 0.516 seconds
[2025-05-24T04:58:24.209+0530] {processor.py:161} INFO - Started process (PID=17767) to work on /Library/Frameworks/Python.framework/Versions/3.12/lib/python3.12/site-packages/airflow/example_dags/example_dag_decorator.py
[2025-05-24T04:58:24.210+0530] {processor.py:830} INFO - Processing file /Library/Frameworks/Python.framework/Versions/3.12/lib/python3.12/site-packages/airflow/example_dags/example_dag_decorator.py for tasks to queue
[2025-05-24T04:58:24.211+0530] {logging_mixin.py:188} INFO - [2025-05-24T04:58:24.211+0530] {dagbag.py:540} INFO - Filling up the DagBag from /Library/Frameworks/Python.framework/Versions/3.12/lib/python3.12/site-packages/airflow/example_dags/example_dag_decorator.py
[2025-05-24T04:58:24.514+0530] {processor.py:840} INFO - DAG(s) 'example_dag_decorator' retrieved from /Library/Frameworks/Python.framework/Versions/3.12/lib/python3.12/site-packages/airflow/example_dags/example_dag_decorator.py
[2025-05-24T04:58:24.749+0530] {logging_mixin.py:188} INFO - [2025-05-24T04:58:24.749+0530] {dag.py:3096} INFO - Sync 1 DAGs
[2025-05-24T04:58:24.756+0530] {logging_mixin.py:188} INFO - [2025-05-24T04:58:24.756+0530] {dag.py:3954} INFO - Setting next_dagrun for example_dag_decorator to None, run_after=None
[2025-05-24T04:58:24.771+0530] {processor.py:183} INFO - Processing /Library/Frameworks/Python.framework/Versions/3.12/lib/python3.12/site-packages/airflow/example_dags/example_dag_decorator.py took 0.565 seconds
[2025-05-24T05:02:11.509+0530] {processor.py:161} INFO - Started process (PID=17908) to work on /Library/Frameworks/Python.framework/Versions/3.12/lib/python3.12/site-packages/airflow/example_dags/example_dag_decorator.py
[2025-05-24T05:02:11.511+0530] {processor.py:830} INFO - Processing file /Library/Frameworks/Python.framework/Versions/3.12/lib/python3.12/site-packages/airflow/example_dags/example_dag_decorator.py for tasks to queue
[2025-05-24T05:02:11.511+0530] {logging_mixin.py:188} INFO - [2025-05-24T05:02:11.511+0530] {dagbag.py:540} INFO - Filling up the DagBag from /Library/Frameworks/Python.framework/Versions/3.12/lib/python3.12/site-packages/airflow/example_dags/example_dag_decorator.py
[2025-05-24T05:02:11.823+0530] {processor.py:840} INFO - DAG(s) 'example_dag_decorator' retrieved from /Library/Frameworks/Python.framework/Versions/3.12/lib/python3.12/site-packages/airflow/example_dags/example_dag_decorator.py
[2025-05-24T05:02:12.055+0530] {logging_mixin.py:188} INFO - [2025-05-24T05:02:12.054+0530] {dag.py:3096} INFO - Sync 1 DAGs
[2025-05-24T05:02:12.063+0530] {logging_mixin.py:188} INFO - [2025-05-24T05:02:12.063+0530] {dag.py:3954} INFO - Setting next_dagrun for example_dag_decorator to None, run_after=None
[2025-05-24T05:02:12.078+0530] {processor.py:183} INFO - Processing /Library/Frameworks/Python.framework/Versions/3.12/lib/python3.12/site-packages/airflow/example_dags/example_dag_decorator.py took 0.572 seconds
[2025-05-24T05:05:57.244+0530] {processor.py:161} INFO - Started process (PID=18018) to work on /Library/Frameworks/Python.framework/Versions/3.12/lib/python3.12/site-packages/airflow/example_dags/example_dag_decorator.py
[2025-05-24T05:05:57.245+0530] {processor.py:830} INFO - Processing file /Library/Frameworks/Python.framework/Versions/3.12/lib/python3.12/site-packages/airflow/example_dags/example_dag_decorator.py for tasks to queue
[2025-05-24T05:05:57.246+0530] {logging_mixin.py:188} INFO - [2025-05-24T05:05:57.246+0530] {dagbag.py:540} INFO - Filling up the DagBag from /Library/Frameworks/Python.framework/Versions/3.12/lib/python3.12/site-packages/airflow/example_dags/example_dag_decorator.py
[2025-05-24T05:05:57.532+0530] {processor.py:840} INFO - DAG(s) 'example_dag_decorator' retrieved from /Library/Frameworks/Python.framework/Versions/3.12/lib/python3.12/site-packages/airflow/example_dags/example_dag_decorator.py
[2025-05-24T05:05:57.767+0530] {logging_mixin.py:188} INFO - [2025-05-24T05:05:57.766+0530] {dag.py:3096} INFO - Sync 1 DAGs
[2025-05-24T05:05:57.775+0530] {logging_mixin.py:188} INFO - [2025-05-24T05:05:57.775+0530] {dag.py:3954} INFO - Setting next_dagrun for example_dag_decorator to None, run_after=None
[2025-05-24T05:05:57.794+0530] {processor.py:183} INFO - Processing /Library/Frameworks/Python.framework/Versions/3.12/lib/python3.12/site-packages/airflow/example_dags/example_dag_decorator.py took 0.554 seconds
[2025-05-24T05:09:46.618+0530] {processor.py:161} INFO - Started process (PID=18122) to work on /Library/Frameworks/Python.framework/Versions/3.12/lib/python3.12/site-packages/airflow/example_dags/example_dag_decorator.py
[2025-05-24T05:09:46.620+0530] {processor.py:830} INFO - Processing file /Library/Frameworks/Python.framework/Versions/3.12/lib/python3.12/site-packages/airflow/example_dags/example_dag_decorator.py for tasks to queue
[2025-05-24T05:09:46.621+0530] {logging_mixin.py:188} INFO - [2025-05-24T05:09:46.621+0530] {dagbag.py:540} INFO - Filling up the DagBag from /Library/Frameworks/Python.framework/Versions/3.12/lib/python3.12/site-packages/airflow/example_dags/example_dag_decorator.py
[2025-05-24T05:09:46.939+0530] {processor.py:840} INFO - DAG(s) 'example_dag_decorator' retrieved from /Library/Frameworks/Python.framework/Versions/3.12/lib/python3.12/site-packages/airflow/example_dags/example_dag_decorator.py
[2025-05-24T05:09:47.190+0530] {logging_mixin.py:188} INFO - [2025-05-24T05:09:47.190+0530] {dag.py:3096} INFO - Sync 1 DAGs
[2025-05-24T05:09:47.199+0530] {logging_mixin.py:188} INFO - [2025-05-24T05:09:47.199+0530] {dag.py:3954} INFO - Setting next_dagrun for example_dag_decorator to None, run_after=None
[2025-05-24T05:09:47.214+0530] {processor.py:183} INFO - Processing /Library/Frameworks/Python.framework/Versions/3.12/lib/python3.12/site-packages/airflow/example_dags/example_dag_decorator.py took 0.600 seconds
[2025-05-24T05:16:18.298+0530] {processor.py:161} INFO - Started process (PID=18393) to work on /Library/Frameworks/Python.framework/Versions/3.12/lib/python3.12/site-packages/airflow/example_dags/example_dag_decorator.py
[2025-05-24T05:16:18.300+0530] {processor.py:830} INFO - Processing file /Library/Frameworks/Python.framework/Versions/3.12/lib/python3.12/site-packages/airflow/example_dags/example_dag_decorator.py for tasks to queue
[2025-05-24T05:16:18.301+0530] {logging_mixin.py:188} INFO - [2025-05-24T05:16:18.301+0530] {dagbag.py:540} INFO - Filling up the DagBag from /Library/Frameworks/Python.framework/Versions/3.12/lib/python3.12/site-packages/airflow/example_dags/example_dag_decorator.py
[2025-05-24T05:16:18.606+0530] {processor.py:840} INFO - DAG(s) 'example_dag_decorator' retrieved from /Library/Frameworks/Python.framework/Versions/3.12/lib/python3.12/site-packages/airflow/example_dags/example_dag_decorator.py
[2025-05-24T05:16:18.831+0530] {logging_mixin.py:188} INFO - [2025-05-24T05:16:18.831+0530] {dag.py:3096} INFO - Sync 1 DAGs
[2025-05-24T05:16:18.839+0530] {logging_mixin.py:188} INFO - [2025-05-24T05:16:18.839+0530] {dag.py:3954} INFO - Setting next_dagrun for example_dag_decorator to None, run_after=None
[2025-05-24T05:16:18.854+0530] {processor.py:183} INFO - Processing /Library/Frameworks/Python.framework/Versions/3.12/lib/python3.12/site-packages/airflow/example_dags/example_dag_decorator.py took 0.559 seconds
[2025-05-24T05:20:14.228+0530] {processor.py:161} INFO - Started process (PID=18965) to work on /Library/Frameworks/Python.framework/Versions/3.12/lib/python3.12/site-packages/airflow/example_dags/example_dag_decorator.py
[2025-05-24T05:20:14.230+0530] {processor.py:830} INFO - Processing file /Library/Frameworks/Python.framework/Versions/3.12/lib/python3.12/site-packages/airflow/example_dags/example_dag_decorator.py for tasks to queue
[2025-05-24T05:20:14.231+0530] {logging_mixin.py:188} INFO - [2025-05-24T05:20:14.231+0530] {dagbag.py:540} INFO - Filling up the DagBag from /Library/Frameworks/Python.framework/Versions/3.12/lib/python3.12/site-packages/airflow/example_dags/example_dag_decorator.py
[2025-05-24T05:20:14.514+0530] {processor.py:840} INFO - DAG(s) 'example_dag_decorator' retrieved from /Library/Frameworks/Python.framework/Versions/3.12/lib/python3.12/site-packages/airflow/example_dags/example_dag_decorator.py
[2025-05-24T05:20:14.741+0530] {logging_mixin.py:188} INFO - [2025-05-24T05:20:14.741+0530] {dag.py:3096} INFO - Sync 1 DAGs
[2025-05-24T05:20:14.749+0530] {logging_mixin.py:188} INFO - [2025-05-24T05:20:14.749+0530] {dag.py:3954} INFO - Setting next_dagrun for example_dag_decorator to None, run_after=None
[2025-05-24T05:20:14.762+0530] {processor.py:183} INFO - Processing /Library/Frameworks/Python.framework/Versions/3.12/lib/python3.12/site-packages/airflow/example_dags/example_dag_decorator.py took 0.538 seconds
