[2025-05-24T04:23:05.121+0530] {processor.py:161} INFO - Started process (PID=15639) to work on /Library/Frameworks/Python.framework/Versions/3.12/lib/python3.12/site-packages/airflow/example_dags/example_subdag_operator.py
[2025-05-24T04:23:05.122+0530] {processor.py:830} INFO - Processing file /Library/Frameworks/Python.framework/Versions/3.12/lib/python3.12/site-packages/airflow/example_dags/example_subdag_operator.py for tasks to queue
[2025-05-24T04:23:05.122+0530] {logging_mixin.py:188} INFO - [2025-05-24T04:23:05.122+0530] {dagbag.py:540} INFO - Filling up the DagBag from /Library/Frameworks/Python.framework/Versions/3.12/lib/python3.12/site-packages/airflow/example_dags/example_subdag_operator.py
[2025-05-24T04:23:05.202+0530] {processor.py:840} INFO - DAG(s) 'example_subdag_operator.section-1', 'example_subdag_operator.section-2', 'example_subdag_operator' retrieved from /Library/Frameworks/Python.framework/Versions/3.12/lib/python3.12/site-packages/airflow/example_dags/example_subdag_operator.py
[2025-05-24T04:23:05.442+0530] {logging_mixin.py:188} INFO - [2025-05-24T04:23:05.441+0530] {dag.py:3096} INFO - Sync 3 DAGs
[2025-05-24T04:23:05.457+0530] {logging_mixin.py:188} INFO - [2025-05-24T04:23:05.457+0530] {dag.py:3954} INFO - Setting next_dagrun for example_subdag_operator to 2022-01-01 00:00:00+00:00, run_after=2022-01-01 00:00:00+00:00
[2025-05-24T04:23:05.459+0530] {logging_mixin.py:188} INFO - [2025-05-24T04:23:05.459+0530] {dag.py:3954} INFO - Setting next_dagrun for example_subdag_operator.section-1 to None, run_after=None
[2025-05-24T04:23:05.460+0530] {logging_mixin.py:188} INFO - [2025-05-24T04:23:05.460+0530] {dag.py:3954} INFO - Setting next_dagrun for example_subdag_operator.section-2 to None, run_after=None
[2025-05-24T04:23:05.466+0530] {logging_mixin.py:188} INFO - [2025-05-24T04:23:05.466+0530] {dag.py:3096} INFO - Sync 2 DAGs
[2025-05-24T04:23:05.469+0530] {logging_mixin.py:188} INFO - [2025-05-24T04:23:05.469+0530] {dag.py:3954} INFO - Setting next_dagrun for example_subdag_operator.section-1 to None, run_after=None
[2025-05-24T04:23:05.470+0530] {logging_mixin.py:188} INFO - [2025-05-24T04:23:05.469+0530] {dag.py:3954} INFO - Setting next_dagrun for example_subdag_operator.section-2 to None, run_after=None
[2025-05-24T04:23:05.481+0530] {processor.py:183} INFO - Processing /Library/Frameworks/Python.framework/Versions/3.12/lib/python3.12/site-packages/airflow/example_dags/example_subdag_operator.py took 0.363 seconds
[2025-05-24T04:25:43.367+0530] {processor.py:161} INFO - Started process (PID=15751) to work on /Library/Frameworks/Python.framework/Versions/3.12/lib/python3.12/site-packages/airflow/example_dags/example_subdag_operator.py
[2025-05-24T04:25:43.368+0530] {processor.py:830} INFO - Processing file /Library/Frameworks/Python.framework/Versions/3.12/lib/python3.12/site-packages/airflow/example_dags/example_subdag_operator.py for tasks to queue
[2025-05-24T04:25:43.369+0530] {logging_mixin.py:188} INFO - [2025-05-24T04:25:43.368+0530] {dagbag.py:540} INFO - Filling up the DagBag from /Library/Frameworks/Python.framework/Versions/3.12/lib/python3.12/site-packages/airflow/example_dags/example_subdag_operator.py
[2025-05-24T04:25:43.449+0530] {processor.py:840} INFO - DAG(s) 'example_subdag_operator.section-1', 'example_subdag_operator.section-2', 'example_subdag_operator' retrieved from /Library/Frameworks/Python.framework/Versions/3.12/lib/python3.12/site-packages/airflow/example_dags/example_subdag_operator.py
[2025-05-24T04:25:43.559+0530] {logging_mixin.py:188} INFO - [2025-05-24T04:25:43.558+0530] {dag.py:3096} INFO - Sync 3 DAGs
[2025-05-24T04:25:43.575+0530] {logging_mixin.py:188} INFO - [2025-05-24T04:25:43.575+0530] {dag.py:3954} INFO - Setting next_dagrun for example_subdag_operator to 2022-01-01 00:00:00+00:00, run_after=2022-01-01 00:00:00+00:00
[2025-05-24T04:25:43.578+0530] {logging_mixin.py:188} INFO - [2025-05-24T04:25:43.578+0530] {dag.py:3954} INFO - Setting next_dagrun for example_subdag_operator.section-1 to None, run_after=None
[2025-05-24T04:25:43.579+0530] {logging_mixin.py:188} INFO - [2025-05-24T04:25:43.578+0530] {dag.py:3954} INFO - Setting next_dagrun for example_subdag_operator.section-2 to None, run_after=None
[2025-05-24T04:25:43.583+0530] {logging_mixin.py:188} INFO - [2025-05-24T04:25:43.583+0530] {dag.py:3096} INFO - Sync 2 DAGs
[2025-05-24T04:25:43.586+0530] {logging_mixin.py:188} INFO - [2025-05-24T04:25:43.586+0530] {dag.py:3954} INFO - Setting next_dagrun for example_subdag_operator.section-1 to None, run_after=None
[2025-05-24T04:25:43.587+0530] {logging_mixin.py:188} INFO - [2025-05-24T04:25:43.586+0530] {dag.py:3954} INFO - Setting next_dagrun for example_subdag_operator.section-2 to None, run_after=None
[2025-05-24T04:25:43.596+0530] {processor.py:183} INFO - Processing /Library/Frameworks/Python.framework/Versions/3.12/lib/python3.12/site-packages/airflow/example_dags/example_subdag_operator.py took 0.232 seconds
[2025-05-24T04:27:39.563+0530] {processor.py:161} INFO - Started process (PID=15806) to work on /Library/Frameworks/Python.framework/Versions/3.12/lib/python3.12/site-packages/airflow/example_dags/example_subdag_operator.py
[2025-05-24T04:27:39.564+0530] {processor.py:830} INFO - Processing file /Library/Frameworks/Python.framework/Versions/3.12/lib/python3.12/site-packages/airflow/example_dags/example_subdag_operator.py for tasks to queue
[2025-05-24T04:27:39.565+0530] {logging_mixin.py:188} INFO - [2025-05-24T04:27:39.565+0530] {dagbag.py:540} INFO - Filling up the DagBag from /Library/Frameworks/Python.framework/Versions/3.12/lib/python3.12/site-packages/airflow/example_dags/example_subdag_operator.py
[2025-05-24T04:27:39.639+0530] {processor.py:840} INFO - DAG(s) 'example_subdag_operator.section-1', 'example_subdag_operator.section-2', 'example_subdag_operator' retrieved from /Library/Frameworks/Python.framework/Versions/3.12/lib/python3.12/site-packages/airflow/example_dags/example_subdag_operator.py
[2025-05-24T04:27:39.745+0530] {logging_mixin.py:188} INFO - [2025-05-24T04:27:39.745+0530] {dag.py:3096} INFO - Sync 3 DAGs
[2025-05-24T04:27:39.759+0530] {logging_mixin.py:188} INFO - [2025-05-24T04:27:39.759+0530] {dag.py:3954} INFO - Setting next_dagrun for example_subdag_operator to 2022-01-01 00:00:00+00:00, run_after=2022-01-01 00:00:00+00:00
[2025-05-24T04:27:39.762+0530] {logging_mixin.py:188} INFO - [2025-05-24T04:27:39.762+0530] {dag.py:3954} INFO - Setting next_dagrun for example_subdag_operator.section-1 to None, run_after=None
[2025-05-24T04:27:39.763+0530] {logging_mixin.py:188} INFO - [2025-05-24T04:27:39.762+0530] {dag.py:3954} INFO - Setting next_dagrun for example_subdag_operator.section-2 to None, run_after=None
[2025-05-24T04:27:39.767+0530] {logging_mixin.py:188} INFO - [2025-05-24T04:27:39.767+0530] {dag.py:3096} INFO - Sync 2 DAGs
[2025-05-24T04:27:39.770+0530] {logging_mixin.py:188} INFO - [2025-05-24T04:27:39.770+0530] {dag.py:3954} INFO - Setting next_dagrun for example_subdag_operator.section-1 to None, run_after=None
[2025-05-24T04:27:39.770+0530] {logging_mixin.py:188} INFO - [2025-05-24T04:27:39.770+0530] {dag.py:3954} INFO - Setting next_dagrun for example_subdag_operator.section-2 to None, run_after=None
[2025-05-24T04:27:39.780+0530] {processor.py:183} INFO - Processing /Library/Frameworks/Python.framework/Versions/3.12/lib/python3.12/site-packages/airflow/example_dags/example_subdag_operator.py took 0.221 seconds
[2025-05-24T04:29:33.507+0530] {processor.py:161} INFO - Started process (PID=15852) to work on /Library/Frameworks/Python.framework/Versions/3.12/lib/python3.12/site-packages/airflow/example_dags/example_subdag_operator.py
[2025-05-24T04:29:33.509+0530] {processor.py:830} INFO - Processing file /Library/Frameworks/Python.framework/Versions/3.12/lib/python3.12/site-packages/airflow/example_dags/example_subdag_operator.py for tasks to queue
[2025-05-24T04:29:33.510+0530] {logging_mixin.py:188} INFO - [2025-05-24T04:29:33.509+0530] {dagbag.py:540} INFO - Filling up the DagBag from /Library/Frameworks/Python.framework/Versions/3.12/lib/python3.12/site-packages/airflow/example_dags/example_subdag_operator.py
[2025-05-24T04:29:33.585+0530] {processor.py:840} INFO - DAG(s) 'example_subdag_operator.section-1', 'example_subdag_operator.section-2', 'example_subdag_operator' retrieved from /Library/Frameworks/Python.framework/Versions/3.12/lib/python3.12/site-packages/airflow/example_dags/example_subdag_operator.py
[2025-05-24T04:29:33.692+0530] {logging_mixin.py:188} INFO - [2025-05-24T04:29:33.691+0530] {dag.py:3096} INFO - Sync 3 DAGs
[2025-05-24T04:29:33.707+0530] {logging_mixin.py:188} INFO - [2025-05-24T04:29:33.706+0530] {dag.py:3954} INFO - Setting next_dagrun for example_subdag_operator to 2022-01-01 00:00:00+00:00, run_after=2022-01-01 00:00:00+00:00
[2025-05-24T04:29:33.709+0530] {logging_mixin.py:188} INFO - [2025-05-24T04:29:33.709+0530] {dag.py:3954} INFO - Setting next_dagrun for example_subdag_operator.section-1 to None, run_after=None
[2025-05-24T04:29:33.710+0530] {logging_mixin.py:188} INFO - [2025-05-24T04:29:33.710+0530] {dag.py:3954} INFO - Setting next_dagrun for example_subdag_operator.section-2 to None, run_after=None
[2025-05-24T04:29:33.715+0530] {logging_mixin.py:188} INFO - [2025-05-24T04:29:33.714+0530] {dag.py:3096} INFO - Sync 2 DAGs
[2025-05-24T04:29:33.717+0530] {logging_mixin.py:188} INFO - [2025-05-24T04:29:33.717+0530] {dag.py:3954} INFO - Setting next_dagrun for example_subdag_operator.section-1 to None, run_after=None
[2025-05-24T04:29:33.718+0530] {logging_mixin.py:188} INFO - [2025-05-24T04:29:33.718+0530] {dag.py:3954} INFO - Setting next_dagrun for example_subdag_operator.section-2 to None, run_after=None
[2025-05-24T04:29:33.728+0530] {processor.py:183} INFO - Processing /Library/Frameworks/Python.framework/Versions/3.12/lib/python3.12/site-packages/airflow/example_dags/example_subdag_operator.py took 0.224 seconds
[2025-05-24T04:31:30.339+0530] {processor.py:161} INFO - Started process (PID=15930) to work on /Library/Frameworks/Python.framework/Versions/3.12/lib/python3.12/site-packages/airflow/example_dags/example_subdag_operator.py
[2025-05-24T04:31:30.340+0530] {processor.py:830} INFO - Processing file /Library/Frameworks/Python.framework/Versions/3.12/lib/python3.12/site-packages/airflow/example_dags/example_subdag_operator.py for tasks to queue
[2025-05-24T04:31:30.341+0530] {logging_mixin.py:188} INFO - [2025-05-24T04:31:30.341+0530] {dagbag.py:540} INFO - Filling up the DagBag from /Library/Frameworks/Python.framework/Versions/3.12/lib/python3.12/site-packages/airflow/example_dags/example_subdag_operator.py
[2025-05-24T04:31:30.415+0530] {processor.py:840} INFO - DAG(s) 'example_subdag_operator.section-1', 'example_subdag_operator.section-2', 'example_subdag_operator' retrieved from /Library/Frameworks/Python.framework/Versions/3.12/lib/python3.12/site-packages/airflow/example_dags/example_subdag_operator.py
[2025-05-24T04:31:30.520+0530] {logging_mixin.py:188} INFO - [2025-05-24T04:31:30.520+0530] {dag.py:3096} INFO - Sync 3 DAGs
[2025-05-24T04:31:30.535+0530] {logging_mixin.py:188} INFO - [2025-05-24T04:31:30.535+0530] {dag.py:3954} INFO - Setting next_dagrun for example_subdag_operator to 2022-01-01 00:00:00+00:00, run_after=2022-01-01 00:00:00+00:00
[2025-05-24T04:31:30.538+0530] {logging_mixin.py:188} INFO - [2025-05-24T04:31:30.538+0530] {dag.py:3954} INFO - Setting next_dagrun for example_subdag_operator.section-1 to None, run_after=None
[2025-05-24T04:31:30.539+0530] {logging_mixin.py:188} INFO - [2025-05-24T04:31:30.538+0530] {dag.py:3954} INFO - Setting next_dagrun for example_subdag_operator.section-2 to None, run_after=None
[2025-05-24T04:31:30.543+0530] {logging_mixin.py:188} INFO - [2025-05-24T04:31:30.543+0530] {dag.py:3096} INFO - Sync 2 DAGs
[2025-05-24T04:31:30.546+0530] {logging_mixin.py:188} INFO - [2025-05-24T04:31:30.546+0530] {dag.py:3954} INFO - Setting next_dagrun for example_subdag_operator.section-1 to None, run_after=None
[2025-05-24T04:31:30.546+0530] {logging_mixin.py:188} INFO - [2025-05-24T04:31:30.546+0530] {dag.py:3954} INFO - Setting next_dagrun for example_subdag_operator.section-2 to None, run_after=None
[2025-05-24T04:31:30.556+0530] {processor.py:183} INFO - Processing /Library/Frameworks/Python.framework/Versions/3.12/lib/python3.12/site-packages/airflow/example_dags/example_subdag_operator.py took 0.221 seconds
[2025-05-24T04:33:29.704+0530] {processor.py:161} INFO - Started process (PID=15998) to work on /Library/Frameworks/Python.framework/Versions/3.12/lib/python3.12/site-packages/airflow/example_dags/example_subdag_operator.py
[2025-05-24T04:33:29.705+0530] {processor.py:830} INFO - Processing file /Library/Frameworks/Python.framework/Versions/3.12/lib/python3.12/site-packages/airflow/example_dags/example_subdag_operator.py for tasks to queue
[2025-05-24T04:33:29.706+0530] {logging_mixin.py:188} INFO - [2025-05-24T04:33:29.706+0530] {dagbag.py:540} INFO - Filling up the DagBag from /Library/Frameworks/Python.framework/Versions/3.12/lib/python3.12/site-packages/airflow/example_dags/example_subdag_operator.py
[2025-05-24T04:33:29.793+0530] {processor.py:840} INFO - DAG(s) 'example_subdag_operator.section-1', 'example_subdag_operator.section-2', 'example_subdag_operator' retrieved from /Library/Frameworks/Python.framework/Versions/3.12/lib/python3.12/site-packages/airflow/example_dags/example_subdag_operator.py
[2025-05-24T04:33:29.907+0530] {logging_mixin.py:188} INFO - [2025-05-24T04:33:29.907+0530] {dag.py:3096} INFO - Sync 3 DAGs
[2025-05-24T04:33:29.923+0530] {logging_mixin.py:188} INFO - [2025-05-24T04:33:29.923+0530] {dag.py:3954} INFO - Setting next_dagrun for example_subdag_operator to 2022-01-01 00:00:00+00:00, run_after=2022-01-01 00:00:00+00:00
[2025-05-24T04:33:29.926+0530] {logging_mixin.py:188} INFO - [2025-05-24T04:33:29.926+0530] {dag.py:3954} INFO - Setting next_dagrun for example_subdag_operator.section-1 to None, run_after=None
[2025-05-24T04:33:29.927+0530] {logging_mixin.py:188} INFO - [2025-05-24T04:33:29.926+0530] {dag.py:3954} INFO - Setting next_dagrun for example_subdag_operator.section-2 to None, run_after=None
[2025-05-24T04:33:29.931+0530] {logging_mixin.py:188} INFO - [2025-05-24T04:33:29.931+0530] {dag.py:3096} INFO - Sync 2 DAGs
[2025-05-24T04:33:29.935+0530] {logging_mixin.py:188} INFO - [2025-05-24T04:33:29.934+0530] {dag.py:3954} INFO - Setting next_dagrun for example_subdag_operator.section-1 to None, run_after=None
[2025-05-24T04:33:29.935+0530] {logging_mixin.py:188} INFO - [2025-05-24T04:33:29.935+0530] {dag.py:3954} INFO - Setting next_dagrun for example_subdag_operator.section-2 to None, run_after=None
[2025-05-24T04:33:29.946+0530] {processor.py:183} INFO - Processing /Library/Frameworks/Python.framework/Versions/3.12/lib/python3.12/site-packages/airflow/example_dags/example_subdag_operator.py took 0.245 seconds
[2025-05-24T04:35:36.260+0530] {processor.py:161} INFO - Started process (PID=16082) to work on /Library/Frameworks/Python.framework/Versions/3.12/lib/python3.12/site-packages/airflow/example_dags/example_subdag_operator.py
[2025-05-24T04:35:36.262+0530] {processor.py:830} INFO - Processing file /Library/Frameworks/Python.framework/Versions/3.12/lib/python3.12/site-packages/airflow/example_dags/example_subdag_operator.py for tasks to queue
[2025-05-24T04:35:36.262+0530] {logging_mixin.py:188} INFO - [2025-05-24T04:35:36.262+0530] {dagbag.py:540} INFO - Filling up the DagBag from /Library/Frameworks/Python.framework/Versions/3.12/lib/python3.12/site-packages/airflow/example_dags/example_subdag_operator.py
[2025-05-24T04:35:36.358+0530] {processor.py:840} INFO - DAG(s) 'example_subdag_operator.section-1', 'example_subdag_operator.section-2', 'example_subdag_operator' retrieved from /Library/Frameworks/Python.framework/Versions/3.12/lib/python3.12/site-packages/airflow/example_dags/example_subdag_operator.py
[2025-05-24T04:35:36.474+0530] {logging_mixin.py:188} INFO - [2025-05-24T04:35:36.474+0530] {dag.py:3096} INFO - Sync 3 DAGs
[2025-05-24T04:35:36.491+0530] {logging_mixin.py:188} INFO - [2025-05-24T04:35:36.491+0530] {dag.py:3954} INFO - Setting next_dagrun for example_subdag_operator to 2022-01-01 00:00:00+00:00, run_after=2022-01-01 00:00:00+00:00
[2025-05-24T04:35:36.495+0530] {logging_mixin.py:188} INFO - [2025-05-24T04:35:36.494+0530] {dag.py:3954} INFO - Setting next_dagrun for example_subdag_operator.section-1 to None, run_after=None
[2025-05-24T04:35:36.495+0530] {logging_mixin.py:188} INFO - [2025-05-24T04:35:36.495+0530] {dag.py:3954} INFO - Setting next_dagrun for example_subdag_operator.section-2 to None, run_after=None
[2025-05-24T04:35:36.501+0530] {logging_mixin.py:188} INFO - [2025-05-24T04:35:36.500+0530] {dag.py:3096} INFO - Sync 2 DAGs
[2025-05-24T04:35:36.505+0530] {logging_mixin.py:188} INFO - [2025-05-24T04:35:36.504+0530] {dag.py:3954} INFO - Setting next_dagrun for example_subdag_operator.section-1 to None, run_after=None
[2025-05-24T04:35:36.505+0530] {logging_mixin.py:188} INFO - [2025-05-24T04:35:36.505+0530] {dag.py:3954} INFO - Setting next_dagrun for example_subdag_operator.section-2 to None, run_after=None
[2025-05-24T04:35:36.516+0530] {processor.py:183} INFO - Processing /Library/Frameworks/Python.framework/Versions/3.12/lib/python3.12/site-packages/airflow/example_dags/example_subdag_operator.py took 0.259 seconds
[2025-05-24T04:37:33.182+0530] {processor.py:161} INFO - Started process (PID=16143) to work on /Library/Frameworks/Python.framework/Versions/3.12/lib/python3.12/site-packages/airflow/example_dags/example_subdag_operator.py
[2025-05-24T04:37:33.183+0530] {processor.py:830} INFO - Processing file /Library/Frameworks/Python.framework/Versions/3.12/lib/python3.12/site-packages/airflow/example_dags/example_subdag_operator.py for tasks to queue
[2025-05-24T04:37:33.185+0530] {logging_mixin.py:188} INFO - [2025-05-24T04:37:33.184+0530] {dagbag.py:540} INFO - Filling up the DagBag from /Library/Frameworks/Python.framework/Versions/3.12/lib/python3.12/site-packages/airflow/example_dags/example_subdag_operator.py
[2025-05-24T04:37:33.263+0530] {processor.py:840} INFO - DAG(s) 'example_subdag_operator.section-1', 'example_subdag_operator.section-2', 'example_subdag_operator' retrieved from /Library/Frameworks/Python.framework/Versions/3.12/lib/python3.12/site-packages/airflow/example_dags/example_subdag_operator.py
[2025-05-24T04:37:33.370+0530] {logging_mixin.py:188} INFO - [2025-05-24T04:37:33.370+0530] {dag.py:3096} INFO - Sync 3 DAGs
[2025-05-24T04:37:33.385+0530] {logging_mixin.py:188} INFO - [2025-05-24T04:37:33.385+0530] {dag.py:3954} INFO - Setting next_dagrun for example_subdag_operator to 2022-01-01 00:00:00+00:00, run_after=2022-01-01 00:00:00+00:00
[2025-05-24T04:37:33.388+0530] {logging_mixin.py:188} INFO - [2025-05-24T04:37:33.387+0530] {dag.py:3954} INFO - Setting next_dagrun for example_subdag_operator.section-1 to None, run_after=None
[2025-05-24T04:37:33.388+0530] {logging_mixin.py:188} INFO - [2025-05-24T04:37:33.388+0530] {dag.py:3954} INFO - Setting next_dagrun for example_subdag_operator.section-2 to None, run_after=None
[2025-05-24T04:37:33.393+0530] {logging_mixin.py:188} INFO - [2025-05-24T04:37:33.393+0530] {dag.py:3096} INFO - Sync 2 DAGs
[2025-05-24T04:37:33.396+0530] {logging_mixin.py:188} INFO - [2025-05-24T04:37:33.395+0530] {dag.py:3954} INFO - Setting next_dagrun for example_subdag_operator.section-1 to None, run_after=None
[2025-05-24T04:37:33.396+0530] {logging_mixin.py:188} INFO - [2025-05-24T04:37:33.396+0530] {dag.py:3954} INFO - Setting next_dagrun for example_subdag_operator.section-2 to None, run_after=None
[2025-05-24T04:37:33.406+0530] {processor.py:183} INFO - Processing /Library/Frameworks/Python.framework/Versions/3.12/lib/python3.12/site-packages/airflow/example_dags/example_subdag_operator.py took 0.228 seconds
[2025-05-24T04:39:34.359+0530] {processor.py:161} INFO - Started process (PID=16214) to work on /Library/Frameworks/Python.framework/Versions/3.12/lib/python3.12/site-packages/airflow/example_dags/example_subdag_operator.py
[2025-05-24T04:39:34.359+0530] {processor.py:830} INFO - Processing file /Library/Frameworks/Python.framework/Versions/3.12/lib/python3.12/site-packages/airflow/example_dags/example_subdag_operator.py for tasks to queue
[2025-05-24T04:39:34.360+0530] {logging_mixin.py:188} INFO - [2025-05-24T04:39:34.360+0530] {dagbag.py:540} INFO - Filling up the DagBag from /Library/Frameworks/Python.framework/Versions/3.12/lib/python3.12/site-packages/airflow/example_dags/example_subdag_operator.py
[2025-05-24T04:39:34.446+0530] {processor.py:840} INFO - DAG(s) 'example_subdag_operator.section-1', 'example_subdag_operator.section-2', 'example_subdag_operator' retrieved from /Library/Frameworks/Python.framework/Versions/3.12/lib/python3.12/site-packages/airflow/example_dags/example_subdag_operator.py
[2025-05-24T04:39:34.558+0530] {logging_mixin.py:188} INFO - [2025-05-24T04:39:34.557+0530] {dag.py:3096} INFO - Sync 3 DAGs
[2025-05-24T04:39:34.573+0530] {logging_mixin.py:188} INFO - [2025-05-24T04:39:34.573+0530] {dag.py:3954} INFO - Setting next_dagrun for example_subdag_operator to 2022-01-01 00:00:00+00:00, run_after=2022-01-01 00:00:00+00:00
[2025-05-24T04:39:34.576+0530] {logging_mixin.py:188} INFO - [2025-05-24T04:39:34.576+0530] {dag.py:3954} INFO - Setting next_dagrun for example_subdag_operator.section-1 to None, run_after=None
[2025-05-24T04:39:34.577+0530] {logging_mixin.py:188} INFO - [2025-05-24T04:39:34.577+0530] {dag.py:3954} INFO - Setting next_dagrun for example_subdag_operator.section-2 to None, run_after=None
[2025-05-24T04:39:34.581+0530] {logging_mixin.py:188} INFO - [2025-05-24T04:39:34.581+0530] {dag.py:3096} INFO - Sync 2 DAGs
[2025-05-24T04:39:34.584+0530] {logging_mixin.py:188} INFO - [2025-05-24T04:39:34.584+0530] {dag.py:3954} INFO - Setting next_dagrun for example_subdag_operator.section-1 to None, run_after=None
[2025-05-24T04:39:34.585+0530] {logging_mixin.py:188} INFO - [2025-05-24T04:39:34.585+0530] {dag.py:3954} INFO - Setting next_dagrun for example_subdag_operator.section-2 to None, run_after=None
[2025-05-24T04:39:34.595+0530] {processor.py:183} INFO - Processing /Library/Frameworks/Python.framework/Versions/3.12/lib/python3.12/site-packages/airflow/example_dags/example_subdag_operator.py took 0.239 seconds
[2025-05-24T04:41:48.113+0530] {processor.py:161} INFO - Started process (PID=16311) to work on /Library/Frameworks/Python.framework/Versions/3.12/lib/python3.12/site-packages/airflow/example_dags/example_subdag_operator.py
[2025-05-24T04:41:48.114+0530] {processor.py:830} INFO - Processing file /Library/Frameworks/Python.framework/Versions/3.12/lib/python3.12/site-packages/airflow/example_dags/example_subdag_operator.py for tasks to queue
[2025-05-24T04:41:48.115+0530] {logging_mixin.py:188} INFO - [2025-05-24T04:41:48.115+0530] {dagbag.py:540} INFO - Filling up the DagBag from /Library/Frameworks/Python.framework/Versions/3.12/lib/python3.12/site-packages/airflow/example_dags/example_subdag_operator.py
[2025-05-24T04:41:48.203+0530] {processor.py:840} INFO - DAG(s) 'example_subdag_operator.section-1', 'example_subdag_operator.section-2', 'example_subdag_operator' retrieved from /Library/Frameworks/Python.framework/Versions/3.12/lib/python3.12/site-packages/airflow/example_dags/example_subdag_operator.py
[2025-05-24T04:41:48.316+0530] {logging_mixin.py:188} INFO - [2025-05-24T04:41:48.316+0530] {dag.py:3096} INFO - Sync 3 DAGs
[2025-05-24T04:41:48.332+0530] {logging_mixin.py:188} INFO - [2025-05-24T04:41:48.332+0530] {dag.py:3954} INFO - Setting next_dagrun for example_subdag_operator to 2022-01-01 00:00:00+00:00, run_after=2022-01-01 00:00:00+00:00
[2025-05-24T04:41:48.335+0530] {logging_mixin.py:188} INFO - [2025-05-24T04:41:48.335+0530] {dag.py:3954} INFO - Setting next_dagrun for example_subdag_operator.section-1 to None, run_after=None
[2025-05-24T04:41:48.335+0530] {logging_mixin.py:188} INFO - [2025-05-24T04:41:48.335+0530] {dag.py:3954} INFO - Setting next_dagrun for example_subdag_operator.section-2 to None, run_after=None
[2025-05-24T04:41:48.340+0530] {logging_mixin.py:188} INFO - [2025-05-24T04:41:48.340+0530] {dag.py:3096} INFO - Sync 2 DAGs
[2025-05-24T04:41:48.343+0530] {logging_mixin.py:188} INFO - [2025-05-24T04:41:48.343+0530] {dag.py:3954} INFO - Setting next_dagrun for example_subdag_operator.section-1 to None, run_after=None
[2025-05-24T04:41:48.343+0530] {logging_mixin.py:188} INFO - [2025-05-24T04:41:48.343+0530] {dag.py:3954} INFO - Setting next_dagrun for example_subdag_operator.section-2 to None, run_after=None
[2025-05-24T04:41:48.354+0530] {processor.py:183} INFO - Processing /Library/Frameworks/Python.framework/Versions/3.12/lib/python3.12/site-packages/airflow/example_dags/example_subdag_operator.py took 0.244 seconds
[2025-05-24T04:43:44.343+0530] {processor.py:161} INFO - Started process (PID=16598) to work on /Library/Frameworks/Python.framework/Versions/3.12/lib/python3.12/site-packages/airflow/example_dags/example_subdag_operator.py
[2025-05-24T04:43:44.345+0530] {processor.py:830} INFO - Processing file /Library/Frameworks/Python.framework/Versions/3.12/lib/python3.12/site-packages/airflow/example_dags/example_subdag_operator.py for tasks to queue
[2025-05-24T04:43:44.346+0530] {logging_mixin.py:188} INFO - [2025-05-24T04:43:44.346+0530] {dagbag.py:540} INFO - Filling up the DagBag from /Library/Frameworks/Python.framework/Versions/3.12/lib/python3.12/site-packages/airflow/example_dags/example_subdag_operator.py
[2025-05-24T04:43:44.426+0530] {processor.py:840} INFO - DAG(s) 'example_subdag_operator.section-1', 'example_subdag_operator.section-2', 'example_subdag_operator' retrieved from /Library/Frameworks/Python.framework/Versions/3.12/lib/python3.12/site-packages/airflow/example_dags/example_subdag_operator.py
[2025-05-24T04:43:44.535+0530] {logging_mixin.py:188} INFO - [2025-05-24T04:43:44.535+0530] {dag.py:3096} INFO - Sync 3 DAGs
[2025-05-24T04:43:44.551+0530] {logging_mixin.py:188} INFO - [2025-05-24T04:43:44.551+0530] {dag.py:3954} INFO - Setting next_dagrun for example_subdag_operator to 2022-01-01 00:00:00+00:00, run_after=2022-01-01 00:00:00+00:00
[2025-05-24T04:43:44.554+0530] {logging_mixin.py:188} INFO - [2025-05-24T04:43:44.554+0530] {dag.py:3954} INFO - Setting next_dagrun for example_subdag_operator.section-1 to None, run_after=None
[2025-05-24T04:43:44.555+0530] {logging_mixin.py:188} INFO - [2025-05-24T04:43:44.555+0530] {dag.py:3954} INFO - Setting next_dagrun for example_subdag_operator.section-2 to None, run_after=None
[2025-05-24T04:43:44.560+0530] {logging_mixin.py:188} INFO - [2025-05-24T04:43:44.559+0530] {dag.py:3096} INFO - Sync 2 DAGs
[2025-05-24T04:43:44.563+0530] {logging_mixin.py:188} INFO - [2025-05-24T04:43:44.562+0530] {dag.py:3954} INFO - Setting next_dagrun for example_subdag_operator.section-1 to None, run_after=None
[2025-05-24T04:43:44.563+0530] {logging_mixin.py:188} INFO - [2025-05-24T04:43:44.563+0530] {dag.py:3954} INFO - Setting next_dagrun for example_subdag_operator.section-2 to None, run_after=None
[2025-05-24T04:43:44.576+0530] {processor.py:183} INFO - Processing /Library/Frameworks/Python.framework/Versions/3.12/lib/python3.12/site-packages/airflow/example_dags/example_subdag_operator.py took 0.237 seconds
[2025-05-24T04:45:43.791+0530] {processor.py:161} INFO - Started process (PID=17330) to work on /Library/Frameworks/Python.framework/Versions/3.12/lib/python3.12/site-packages/airflow/example_dags/example_subdag_operator.py
[2025-05-24T04:45:43.792+0530] {processor.py:830} INFO - Processing file /Library/Frameworks/Python.framework/Versions/3.12/lib/python3.12/site-packages/airflow/example_dags/example_subdag_operator.py for tasks to queue
[2025-05-24T04:45:43.792+0530] {logging_mixin.py:188} INFO - [2025-05-24T04:45:43.792+0530] {dagbag.py:540} INFO - Filling up the DagBag from /Library/Frameworks/Python.framework/Versions/3.12/lib/python3.12/site-packages/airflow/example_dags/example_subdag_operator.py
[2025-05-24T04:45:43.871+0530] {processor.py:840} INFO - DAG(s) 'example_subdag_operator.section-1', 'example_subdag_operator.section-2', 'example_subdag_operator' retrieved from /Library/Frameworks/Python.framework/Versions/3.12/lib/python3.12/site-packages/airflow/example_dags/example_subdag_operator.py
[2025-05-24T04:45:43.977+0530] {logging_mixin.py:188} INFO - [2025-05-24T04:45:43.977+0530] {dag.py:3096} INFO - Sync 3 DAGs
[2025-05-24T04:45:43.992+0530] {logging_mixin.py:188} INFO - [2025-05-24T04:45:43.992+0530] {dag.py:3954} INFO - Setting next_dagrun for example_subdag_operator to 2022-01-01 00:00:00+00:00, run_after=2022-01-01 00:00:00+00:00
[2025-05-24T04:45:43.995+0530] {logging_mixin.py:188} INFO - [2025-05-24T04:45:43.995+0530] {dag.py:3954} INFO - Setting next_dagrun for example_subdag_operator.section-1 to None, run_after=None
[2025-05-24T04:45:43.996+0530] {logging_mixin.py:188} INFO - [2025-05-24T04:45:43.995+0530] {dag.py:3954} INFO - Setting next_dagrun for example_subdag_operator.section-2 to None, run_after=None
[2025-05-24T04:45:44.000+0530] {logging_mixin.py:188} INFO - [2025-05-24T04:45:44.000+0530] {dag.py:3096} INFO - Sync 2 DAGs
[2025-05-24T04:45:44.003+0530] {logging_mixin.py:188} INFO - [2025-05-24T04:45:44.003+0530] {dag.py:3954} INFO - Setting next_dagrun for example_subdag_operator.section-1 to None, run_after=None
[2025-05-24T04:45:44.003+0530] {logging_mixin.py:188} INFO - [2025-05-24T04:45:44.003+0530] {dag.py:3954} INFO - Setting next_dagrun for example_subdag_operator.section-2 to None, run_after=None
[2025-05-24T04:45:44.014+0530] {processor.py:183} INFO - Processing /Library/Frameworks/Python.framework/Versions/3.12/lib/python3.12/site-packages/airflow/example_dags/example_subdag_operator.py took 0.226 seconds
[2025-05-24T04:47:39.030+0530] {processor.py:161} INFO - Started process (PID=17385) to work on /Library/Frameworks/Python.framework/Versions/3.12/lib/python3.12/site-packages/airflow/example_dags/example_subdag_operator.py
[2025-05-24T04:47:39.031+0530] {processor.py:830} INFO - Processing file /Library/Frameworks/Python.framework/Versions/3.12/lib/python3.12/site-packages/airflow/example_dags/example_subdag_operator.py for tasks to queue
[2025-05-24T04:47:39.032+0530] {logging_mixin.py:188} INFO - [2025-05-24T04:47:39.031+0530] {dagbag.py:540} INFO - Filling up the DagBag from /Library/Frameworks/Python.framework/Versions/3.12/lib/python3.12/site-packages/airflow/example_dags/example_subdag_operator.py
[2025-05-24T04:47:39.107+0530] {processor.py:840} INFO - DAG(s) 'example_subdag_operator.section-1', 'example_subdag_operator.section-2', 'example_subdag_operator' retrieved from /Library/Frameworks/Python.framework/Versions/3.12/lib/python3.12/site-packages/airflow/example_dags/example_subdag_operator.py
[2025-05-24T04:47:39.214+0530] {logging_mixin.py:188} INFO - [2025-05-24T04:47:39.213+0530] {dag.py:3096} INFO - Sync 3 DAGs
[2025-05-24T04:47:39.228+0530] {logging_mixin.py:188} INFO - [2025-05-24T04:47:39.228+0530] {dag.py:3954} INFO - Setting next_dagrun for example_subdag_operator to 2022-01-01 00:00:00+00:00, run_after=2022-01-01 00:00:00+00:00
[2025-05-24T04:47:39.231+0530] {logging_mixin.py:188} INFO - [2025-05-24T04:47:39.231+0530] {dag.py:3954} INFO - Setting next_dagrun for example_subdag_operator.section-1 to None, run_after=None
[2025-05-24T04:47:39.232+0530] {logging_mixin.py:188} INFO - [2025-05-24T04:47:39.232+0530] {dag.py:3954} INFO - Setting next_dagrun for example_subdag_operator.section-2 to None, run_after=None
[2025-05-24T04:47:39.236+0530] {logging_mixin.py:188} INFO - [2025-05-24T04:47:39.236+0530] {dag.py:3096} INFO - Sync 2 DAGs
[2025-05-24T04:47:39.239+0530] {logging_mixin.py:188} INFO - [2025-05-24T04:47:39.239+0530] {dag.py:3954} INFO - Setting next_dagrun for example_subdag_operator.section-1 to None, run_after=None
[2025-05-24T04:47:39.239+0530] {logging_mixin.py:188} INFO - [2025-05-24T04:47:39.239+0530] {dag.py:3954} INFO - Setting next_dagrun for example_subdag_operator.section-2 to None, run_after=None
[2025-05-24T04:47:39.250+0530] {processor.py:183} INFO - Processing /Library/Frameworks/Python.framework/Versions/3.12/lib/python3.12/site-packages/airflow/example_dags/example_subdag_operator.py took 0.223 seconds
[2025-05-24T04:49:46.895+0530] {processor.py:161} INFO - Started process (PID=17473) to work on /Library/Frameworks/Python.framework/Versions/3.12/lib/python3.12/site-packages/airflow/example_dags/example_subdag_operator.py
[2025-05-24T04:49:46.896+0530] {processor.py:830} INFO - Processing file /Library/Frameworks/Python.framework/Versions/3.12/lib/python3.12/site-packages/airflow/example_dags/example_subdag_operator.py for tasks to queue
[2025-05-24T04:49:46.897+0530] {logging_mixin.py:188} INFO - [2025-05-24T04:49:46.897+0530] {dagbag.py:540} INFO - Filling up the DagBag from /Library/Frameworks/Python.framework/Versions/3.12/lib/python3.12/site-packages/airflow/example_dags/example_subdag_operator.py
[2025-05-24T04:49:46.979+0530] {processor.py:840} INFO - DAG(s) 'example_subdag_operator.section-1', 'example_subdag_operator.section-2', 'example_subdag_operator' retrieved from /Library/Frameworks/Python.framework/Versions/3.12/lib/python3.12/site-packages/airflow/example_dags/example_subdag_operator.py
[2025-05-24T04:49:47.088+0530] {logging_mixin.py:188} INFO - [2025-05-24T04:49:47.087+0530] {dag.py:3096} INFO - Sync 3 DAGs
[2025-05-24T04:49:47.102+0530] {logging_mixin.py:188} INFO - [2025-05-24T04:49:47.102+0530] {dag.py:3954} INFO - Setting next_dagrun for example_subdag_operator to 2022-01-01 00:00:00+00:00, run_after=2022-01-01 00:00:00+00:00
[2025-05-24T04:49:47.105+0530] {logging_mixin.py:188} INFO - [2025-05-24T04:49:47.104+0530] {dag.py:3954} INFO - Setting next_dagrun for example_subdag_operator.section-1 to None, run_after=None
[2025-05-24T04:49:47.105+0530] {logging_mixin.py:188} INFO - [2025-05-24T04:49:47.105+0530] {dag.py:3954} INFO - Setting next_dagrun for example_subdag_operator.section-2 to None, run_after=None
[2025-05-24T04:49:47.110+0530] {logging_mixin.py:188} INFO - [2025-05-24T04:49:47.110+0530] {dag.py:3096} INFO - Sync 2 DAGs
[2025-05-24T04:49:47.113+0530] {logging_mixin.py:188} INFO - [2025-05-24T04:49:47.112+0530] {dag.py:3954} INFO - Setting next_dagrun for example_subdag_operator.section-1 to None, run_after=None
[2025-05-24T04:49:47.113+0530] {logging_mixin.py:188} INFO - [2025-05-24T04:49:47.113+0530] {dag.py:3954} INFO - Setting next_dagrun for example_subdag_operator.section-2 to None, run_after=None
[2025-05-24T04:49:47.123+0530] {processor.py:183} INFO - Processing /Library/Frameworks/Python.framework/Versions/3.12/lib/python3.12/site-packages/airflow/example_dags/example_subdag_operator.py took 0.231 seconds
[2025-05-24T04:51:40.616+0530] {processor.py:161} INFO - Started process (PID=17547) to work on /Library/Frameworks/Python.framework/Versions/3.12/lib/python3.12/site-packages/airflow/example_dags/example_subdag_operator.py
[2025-05-24T04:51:40.618+0530] {processor.py:830} INFO - Processing file /Library/Frameworks/Python.framework/Versions/3.12/lib/python3.12/site-packages/airflow/example_dags/example_subdag_operator.py for tasks to queue
[2025-05-24T04:51:40.619+0530] {logging_mixin.py:188} INFO - [2025-05-24T04:51:40.619+0530] {dagbag.py:540} INFO - Filling up the DagBag from /Library/Frameworks/Python.framework/Versions/3.12/lib/python3.12/site-packages/airflow/example_dags/example_subdag_operator.py
[2025-05-24T04:51:40.694+0530] {processor.py:840} INFO - DAG(s) 'example_subdag_operator.section-1', 'example_subdag_operator.section-2', 'example_subdag_operator' retrieved from /Library/Frameworks/Python.framework/Versions/3.12/lib/python3.12/site-packages/airflow/example_dags/example_subdag_operator.py
[2025-05-24T04:51:40.797+0530] {logging_mixin.py:188} INFO - [2025-05-24T04:51:40.797+0530] {dag.py:3096} INFO - Sync 3 DAGs
[2025-05-24T04:51:40.812+0530] {logging_mixin.py:188} INFO - [2025-05-24T04:51:40.812+0530] {dag.py:3954} INFO - Setting next_dagrun for example_subdag_operator to 2022-01-01 00:00:00+00:00, run_after=2022-01-01 00:00:00+00:00
[2025-05-24T04:51:40.815+0530] {logging_mixin.py:188} INFO - [2025-05-24T04:51:40.815+0530] {dag.py:3954} INFO - Setting next_dagrun for example_subdag_operator.section-1 to None, run_after=None
[2025-05-24T04:51:40.816+0530] {logging_mixin.py:188} INFO - [2025-05-24T04:51:40.815+0530] {dag.py:3954} INFO - Setting next_dagrun for example_subdag_operator.section-2 to None, run_after=None
[2025-05-24T04:51:40.820+0530] {logging_mixin.py:188} INFO - [2025-05-24T04:51:40.820+0530] {dag.py:3096} INFO - Sync 2 DAGs
[2025-05-24T04:51:40.823+0530] {logging_mixin.py:188} INFO - [2025-05-24T04:51:40.823+0530] {dag.py:3954} INFO - Setting next_dagrun for example_subdag_operator.section-1 to None, run_after=None
[2025-05-24T04:51:40.823+0530] {logging_mixin.py:188} INFO - [2025-05-24T04:51:40.823+0530] {dag.py:3954} INFO - Setting next_dagrun for example_subdag_operator.section-2 to None, run_after=None
[2025-05-24T04:51:40.836+0530] {processor.py:183} INFO - Processing /Library/Frameworks/Python.framework/Versions/3.12/lib/python3.12/site-packages/airflow/example_dags/example_subdag_operator.py took 0.224 seconds
[2025-05-24T04:53:33.778+0530] {processor.py:161} INFO - Started process (PID=17598) to work on /Library/Frameworks/Python.framework/Versions/3.12/lib/python3.12/site-packages/airflow/example_dags/example_subdag_operator.py
[2025-05-24T04:53:33.779+0530] {processor.py:830} INFO - Processing file /Library/Frameworks/Python.framework/Versions/3.12/lib/python3.12/site-packages/airflow/example_dags/example_subdag_operator.py for tasks to queue
[2025-05-24T04:53:33.779+0530] {logging_mixin.py:188} INFO - [2025-05-24T04:53:33.779+0530] {dagbag.py:540} INFO - Filling up the DagBag from /Library/Frameworks/Python.framework/Versions/3.12/lib/python3.12/site-packages/airflow/example_dags/example_subdag_operator.py
[2025-05-24T04:53:33.854+0530] {processor.py:840} INFO - DAG(s) 'example_subdag_operator.section-1', 'example_subdag_operator.section-2', 'example_subdag_operator' retrieved from /Library/Frameworks/Python.framework/Versions/3.12/lib/python3.12/site-packages/airflow/example_dags/example_subdag_operator.py
[2025-05-24T04:53:33.959+0530] {logging_mixin.py:188} INFO - [2025-05-24T04:53:33.959+0530] {dag.py:3096} INFO - Sync 3 DAGs
[2025-05-24T04:53:33.975+0530] {logging_mixin.py:188} INFO - [2025-05-24T04:53:33.975+0530] {dag.py:3954} INFO - Setting next_dagrun for example_subdag_operator to 2022-01-01 00:00:00+00:00, run_after=2022-01-01 00:00:00+00:00
[2025-05-24T04:53:33.977+0530] {logging_mixin.py:188} INFO - [2025-05-24T04:53:33.977+0530] {dag.py:3954} INFO - Setting next_dagrun for example_subdag_operator.section-1 to None, run_after=None
[2025-05-24T04:53:33.978+0530] {logging_mixin.py:188} INFO - [2025-05-24T04:53:33.978+0530] {dag.py:3954} INFO - Setting next_dagrun for example_subdag_operator.section-2 to None, run_after=None
[2025-05-24T04:53:33.983+0530] {logging_mixin.py:188} INFO - [2025-05-24T04:53:33.983+0530] {dag.py:3096} INFO - Sync 2 DAGs
[2025-05-24T04:53:33.986+0530] {logging_mixin.py:188} INFO - [2025-05-24T04:53:33.986+0530] {dag.py:3954} INFO - Setting next_dagrun for example_subdag_operator.section-1 to None, run_after=None
[2025-05-24T04:53:33.986+0530] {logging_mixin.py:188} INFO - [2025-05-24T04:53:33.986+0530] {dag.py:3954} INFO - Setting next_dagrun for example_subdag_operator.section-2 to None, run_after=None
[2025-05-24T04:53:33.997+0530] {processor.py:183} INFO - Processing /Library/Frameworks/Python.framework/Versions/3.12/lib/python3.12/site-packages/airflow/example_dags/example_subdag_operator.py took 0.223 seconds
[2025-05-24T04:55:28.434+0530] {processor.py:161} INFO - Started process (PID=17680) to work on /Library/Frameworks/Python.framework/Versions/3.12/lib/python3.12/site-packages/airflow/example_dags/example_subdag_operator.py
[2025-05-24T04:55:28.436+0530] {processor.py:830} INFO - Processing file /Library/Frameworks/Python.framework/Versions/3.12/lib/python3.12/site-packages/airflow/example_dags/example_subdag_operator.py for tasks to queue
[2025-05-24T04:55:28.437+0530] {logging_mixin.py:188} INFO - [2025-05-24T04:55:28.437+0530] {dagbag.py:540} INFO - Filling up the DagBag from /Library/Frameworks/Python.framework/Versions/3.12/lib/python3.12/site-packages/airflow/example_dags/example_subdag_operator.py
[2025-05-24T04:55:28.521+0530] {processor.py:840} INFO - DAG(s) 'example_subdag_operator.section-1', 'example_subdag_operator.section-2', 'example_subdag_operator' retrieved from /Library/Frameworks/Python.framework/Versions/3.12/lib/python3.12/site-packages/airflow/example_dags/example_subdag_operator.py
[2025-05-24T04:55:28.622+0530] {logging_mixin.py:188} INFO - [2025-05-24T04:55:28.621+0530] {dag.py:3096} INFO - Sync 3 DAGs
[2025-05-24T04:55:28.635+0530] {logging_mixin.py:188} INFO - [2025-05-24T04:55:28.635+0530] {dag.py:3954} INFO - Setting next_dagrun for example_subdag_operator to 2022-01-01 00:00:00+00:00, run_after=2022-01-01 00:00:00+00:00
[2025-05-24T04:55:28.638+0530] {logging_mixin.py:188} INFO - [2025-05-24T04:55:28.638+0530] {dag.py:3954} INFO - Setting next_dagrun for example_subdag_operator.section-1 to None, run_after=None
[2025-05-24T04:55:28.639+0530] {logging_mixin.py:188} INFO - [2025-05-24T04:55:28.639+0530] {dag.py:3954} INFO - Setting next_dagrun for example_subdag_operator.section-2 to None, run_after=None
[2025-05-24T04:55:28.643+0530] {logging_mixin.py:188} INFO - [2025-05-24T04:55:28.643+0530] {dag.py:3096} INFO - Sync 2 DAGs
[2025-05-24T04:55:28.646+0530] {logging_mixin.py:188} INFO - [2025-05-24T04:55:28.646+0530] {dag.py:3954} INFO - Setting next_dagrun for example_subdag_operator.section-1 to None, run_after=None
[2025-05-24T04:55:28.646+0530] {logging_mixin.py:188} INFO - [2025-05-24T04:55:28.646+0530] {dag.py:3954} INFO - Setting next_dagrun for example_subdag_operator.section-2 to None, run_after=None
[2025-05-24T04:55:28.656+0530] {processor.py:183} INFO - Processing /Library/Frameworks/Python.framework/Versions/3.12/lib/python3.12/site-packages/airflow/example_dags/example_subdag_operator.py took 0.225 seconds
[2025-05-24T04:57:22.881+0530] {processor.py:161} INFO - Started process (PID=17737) to work on /Library/Frameworks/Python.framework/Versions/3.12/lib/python3.12/site-packages/airflow/example_dags/example_subdag_operator.py
[2025-05-24T04:57:22.883+0530] {processor.py:830} INFO - Processing file /Library/Frameworks/Python.framework/Versions/3.12/lib/python3.12/site-packages/airflow/example_dags/example_subdag_operator.py for tasks to queue
[2025-05-24T04:57:22.883+0530] {logging_mixin.py:188} INFO - [2025-05-24T04:57:22.883+0530] {dagbag.py:540} INFO - Filling up the DagBag from /Library/Frameworks/Python.framework/Versions/3.12/lib/python3.12/site-packages/airflow/example_dags/example_subdag_operator.py
[2025-05-24T04:57:22.964+0530] {processor.py:840} INFO - DAG(s) 'example_subdag_operator.section-1', 'example_subdag_operator.section-2', 'example_subdag_operator' retrieved from /Library/Frameworks/Python.framework/Versions/3.12/lib/python3.12/site-packages/airflow/example_dags/example_subdag_operator.py
[2025-05-24T04:57:23.072+0530] {logging_mixin.py:188} INFO - [2025-05-24T04:57:23.071+0530] {dag.py:3096} INFO - Sync 3 DAGs
[2025-05-24T04:57:23.086+0530] {logging_mixin.py:188} INFO - [2025-05-24T04:57:23.086+0530] {dag.py:3954} INFO - Setting next_dagrun for example_subdag_operator to 2022-01-01 00:00:00+00:00, run_after=2022-01-01 00:00:00+00:00
[2025-05-24T04:57:23.088+0530] {logging_mixin.py:188} INFO - [2025-05-24T04:57:23.088+0530] {dag.py:3954} INFO - Setting next_dagrun for example_subdag_operator.section-1 to None, run_after=None
[2025-05-24T04:57:23.089+0530] {logging_mixin.py:188} INFO - [2025-05-24T04:57:23.089+0530] {dag.py:3954} INFO - Setting next_dagrun for example_subdag_operator.section-2 to None, run_after=None
[2025-05-24T04:57:23.094+0530] {logging_mixin.py:188} INFO - [2025-05-24T04:57:23.094+0530] {dag.py:3096} INFO - Sync 2 DAGs
[2025-05-24T04:57:23.097+0530] {logging_mixin.py:188} INFO - [2025-05-24T04:57:23.096+0530] {dag.py:3954} INFO - Setting next_dagrun for example_subdag_operator.section-1 to None, run_after=None
[2025-05-24T04:57:23.097+0530] {logging_mixin.py:188} INFO - [2025-05-24T04:57:23.097+0530] {dag.py:3954} INFO - Setting next_dagrun for example_subdag_operator.section-2 to None, run_after=None
[2025-05-24T04:57:23.106+0530] {processor.py:183} INFO - Processing /Library/Frameworks/Python.framework/Versions/3.12/lib/python3.12/site-packages/airflow/example_dags/example_subdag_operator.py took 0.229 seconds
[2025-05-24T04:59:17.704+0530] {processor.py:161} INFO - Started process (PID=17799) to work on /Library/Frameworks/Python.framework/Versions/3.12/lib/python3.12/site-packages/airflow/example_dags/example_subdag_operator.py
[2025-05-24T04:59:17.705+0530] {processor.py:830} INFO - Processing file /Library/Frameworks/Python.framework/Versions/3.12/lib/python3.12/site-packages/airflow/example_dags/example_subdag_operator.py for tasks to queue
[2025-05-24T04:59:17.706+0530] {logging_mixin.py:188} INFO - [2025-05-24T04:59:17.706+0530] {dagbag.py:540} INFO - Filling up the DagBag from /Library/Frameworks/Python.framework/Versions/3.12/lib/python3.12/site-packages/airflow/example_dags/example_subdag_operator.py
[2025-05-24T04:59:17.787+0530] {processor.py:840} INFO - DAG(s) 'example_subdag_operator.section-1', 'example_subdag_operator.section-2', 'example_subdag_operator' retrieved from /Library/Frameworks/Python.framework/Versions/3.12/lib/python3.12/site-packages/airflow/example_dags/example_subdag_operator.py
[2025-05-24T04:59:17.898+0530] {logging_mixin.py:188} INFO - [2025-05-24T04:59:17.897+0530] {dag.py:3096} INFO - Sync 3 DAGs
[2025-05-24T04:59:17.915+0530] {logging_mixin.py:188} INFO - [2025-05-24T04:59:17.914+0530] {dag.py:3954} INFO - Setting next_dagrun for example_subdag_operator to 2022-01-01 00:00:00+00:00, run_after=2022-01-01 00:00:00+00:00
[2025-05-24T04:59:17.917+0530] {logging_mixin.py:188} INFO - [2025-05-24T04:59:17.917+0530] {dag.py:3954} INFO - Setting next_dagrun for example_subdag_operator.section-1 to None, run_after=None
[2025-05-24T04:59:17.918+0530] {logging_mixin.py:188} INFO - [2025-05-24T04:59:17.918+0530] {dag.py:3954} INFO - Setting next_dagrun for example_subdag_operator.section-2 to None, run_after=None
[2025-05-24T04:59:17.924+0530] {logging_mixin.py:188} INFO - [2025-05-24T04:59:17.924+0530] {dag.py:3096} INFO - Sync 2 DAGs
[2025-05-24T04:59:17.927+0530] {logging_mixin.py:188} INFO - [2025-05-24T04:59:17.927+0530] {dag.py:3954} INFO - Setting next_dagrun for example_subdag_operator.section-1 to None, run_after=None
[2025-05-24T04:59:17.927+0530] {logging_mixin.py:188} INFO - [2025-05-24T04:59:17.927+0530] {dag.py:3954} INFO - Setting next_dagrun for example_subdag_operator.section-2 to None, run_after=None
[2025-05-24T04:59:17.937+0530] {processor.py:183} INFO - Processing /Library/Frameworks/Python.framework/Versions/3.12/lib/python3.12/site-packages/airflow/example_dags/example_subdag_operator.py took 0.236 seconds
[2025-05-24T05:01:10.195+0530] {processor.py:161} INFO - Started process (PID=17871) to work on /Library/Frameworks/Python.framework/Versions/3.12/lib/python3.12/site-packages/airflow/example_dags/example_subdag_operator.py
[2025-05-24T05:01:10.196+0530] {processor.py:830} INFO - Processing file /Library/Frameworks/Python.framework/Versions/3.12/lib/python3.12/site-packages/airflow/example_dags/example_subdag_operator.py for tasks to queue
[2025-05-24T05:01:10.197+0530] {logging_mixin.py:188} INFO - [2025-05-24T05:01:10.197+0530] {dagbag.py:540} INFO - Filling up the DagBag from /Library/Frameworks/Python.framework/Versions/3.12/lib/python3.12/site-packages/airflow/example_dags/example_subdag_operator.py
[2025-05-24T05:01:10.271+0530] {processor.py:840} INFO - DAG(s) 'example_subdag_operator.section-1', 'example_subdag_operator.section-2', 'example_subdag_operator' retrieved from /Library/Frameworks/Python.framework/Versions/3.12/lib/python3.12/site-packages/airflow/example_dags/example_subdag_operator.py
[2025-05-24T05:01:10.374+0530] {logging_mixin.py:188} INFO - [2025-05-24T05:01:10.374+0530] {dag.py:3096} INFO - Sync 3 DAGs
[2025-05-24T05:01:10.389+0530] {logging_mixin.py:188} INFO - [2025-05-24T05:01:10.388+0530] {dag.py:3954} INFO - Setting next_dagrun for example_subdag_operator to 2022-01-01 00:00:00+00:00, run_after=2022-01-01 00:00:00+00:00
[2025-05-24T05:01:10.391+0530] {logging_mixin.py:188} INFO - [2025-05-24T05:01:10.391+0530] {dag.py:3954} INFO - Setting next_dagrun for example_subdag_operator.section-1 to None, run_after=None
[2025-05-24T05:01:10.392+0530] {logging_mixin.py:188} INFO - [2025-05-24T05:01:10.392+0530] {dag.py:3954} INFO - Setting next_dagrun for example_subdag_operator.section-2 to None, run_after=None
[2025-05-24T05:01:10.398+0530] {logging_mixin.py:188} INFO - [2025-05-24T05:01:10.397+0530] {dag.py:3096} INFO - Sync 2 DAGs
[2025-05-24T05:01:10.401+0530] {logging_mixin.py:188} INFO - [2025-05-24T05:01:10.400+0530] {dag.py:3954} INFO - Setting next_dagrun for example_subdag_operator.section-1 to None, run_after=None
[2025-05-24T05:01:10.401+0530] {logging_mixin.py:188} INFO - [2025-05-24T05:01:10.401+0530] {dag.py:3954} INFO - Setting next_dagrun for example_subdag_operator.section-2 to None, run_after=None
[2025-05-24T05:01:10.411+0530] {processor.py:183} INFO - Processing /Library/Frameworks/Python.framework/Versions/3.12/lib/python3.12/site-packages/airflow/example_dags/example_subdag_operator.py took 0.220 seconds
[2025-05-24T05:03:03.413+0530] {processor.py:161} INFO - Started process (PID=17940) to work on /Library/Frameworks/Python.framework/Versions/3.12/lib/python3.12/site-packages/airflow/example_dags/example_subdag_operator.py
[2025-05-24T05:03:03.414+0530] {processor.py:830} INFO - Processing file /Library/Frameworks/Python.framework/Versions/3.12/lib/python3.12/site-packages/airflow/example_dags/example_subdag_operator.py for tasks to queue
[2025-05-24T05:03:03.415+0530] {logging_mixin.py:188} INFO - [2025-05-24T05:03:03.415+0530] {dagbag.py:540} INFO - Filling up the DagBag from /Library/Frameworks/Python.framework/Versions/3.12/lib/python3.12/site-packages/airflow/example_dags/example_subdag_operator.py
[2025-05-24T05:03:03.489+0530] {processor.py:840} INFO - DAG(s) 'example_subdag_operator.section-1', 'example_subdag_operator.section-2', 'example_subdag_operator' retrieved from /Library/Frameworks/Python.framework/Versions/3.12/lib/python3.12/site-packages/airflow/example_dags/example_subdag_operator.py
[2025-05-24T05:03:03.589+0530] {logging_mixin.py:188} INFO - [2025-05-24T05:03:03.589+0530] {dag.py:3096} INFO - Sync 3 DAGs
[2025-05-24T05:03:03.603+0530] {logging_mixin.py:188} INFO - [2025-05-24T05:03:03.603+0530] {dag.py:3954} INFO - Setting next_dagrun for example_subdag_operator to 2022-01-01 00:00:00+00:00, run_after=2022-01-01 00:00:00+00:00
[2025-05-24T05:03:03.606+0530] {logging_mixin.py:188} INFO - [2025-05-24T05:03:03.606+0530] {dag.py:3954} INFO - Setting next_dagrun for example_subdag_operator.section-1 to None, run_after=None
[2025-05-24T05:03:03.607+0530] {logging_mixin.py:188} INFO - [2025-05-24T05:03:03.607+0530] {dag.py:3954} INFO - Setting next_dagrun for example_subdag_operator.section-2 to None, run_after=None
[2025-05-24T05:03:03.612+0530] {logging_mixin.py:188} INFO - [2025-05-24T05:03:03.611+0530] {dag.py:3096} INFO - Sync 2 DAGs
[2025-05-24T05:03:03.614+0530] {logging_mixin.py:188} INFO - [2025-05-24T05:03:03.614+0530] {dag.py:3954} INFO - Setting next_dagrun for example_subdag_operator.section-1 to None, run_after=None
[2025-05-24T05:03:03.615+0530] {logging_mixin.py:188} INFO - [2025-05-24T05:03:03.615+0530] {dag.py:3954} INFO - Setting next_dagrun for example_subdag_operator.section-2 to None, run_after=None
[2025-05-24T05:03:03.627+0530] {processor.py:183} INFO - Processing /Library/Frameworks/Python.framework/Versions/3.12/lib/python3.12/site-packages/airflow/example_dags/example_subdag_operator.py took 0.218 seconds
[2025-05-24T05:04:56.461+0530] {processor.py:161} INFO - Started process (PID=17991) to work on /Library/Frameworks/Python.framework/Versions/3.12/lib/python3.12/site-packages/airflow/example_dags/example_subdag_operator.py
[2025-05-24T05:04:56.463+0530] {processor.py:830} INFO - Processing file /Library/Frameworks/Python.framework/Versions/3.12/lib/python3.12/site-packages/airflow/example_dags/example_subdag_operator.py for tasks to queue
[2025-05-24T05:04:56.464+0530] {logging_mixin.py:188} INFO - [2025-05-24T05:04:56.463+0530] {dagbag.py:540} INFO - Filling up the DagBag from /Library/Frameworks/Python.framework/Versions/3.12/lib/python3.12/site-packages/airflow/example_dags/example_subdag_operator.py
[2025-05-24T05:04:56.538+0530] {processor.py:840} INFO - DAG(s) 'example_subdag_operator.section-1', 'example_subdag_operator.section-2', 'example_subdag_operator' retrieved from /Library/Frameworks/Python.framework/Versions/3.12/lib/python3.12/site-packages/airflow/example_dags/example_subdag_operator.py
[2025-05-24T05:04:56.642+0530] {logging_mixin.py:188} INFO - [2025-05-24T05:04:56.642+0530] {dag.py:3096} INFO - Sync 3 DAGs
[2025-05-24T05:04:56.656+0530] {logging_mixin.py:188} INFO - [2025-05-24T05:04:56.656+0530] {dag.py:3954} INFO - Setting next_dagrun for example_subdag_operator to 2022-01-01 00:00:00+00:00, run_after=2022-01-01 00:00:00+00:00
[2025-05-24T05:04:56.659+0530] {logging_mixin.py:188} INFO - [2025-05-24T05:04:56.658+0530] {dag.py:3954} INFO - Setting next_dagrun for example_subdag_operator.section-1 to None, run_after=None
[2025-05-24T05:04:56.659+0530] {logging_mixin.py:188} INFO - [2025-05-24T05:04:56.659+0530] {dag.py:3954} INFO - Setting next_dagrun for example_subdag_operator.section-2 to None, run_after=None
[2025-05-24T05:04:56.664+0530] {logging_mixin.py:188} INFO - [2025-05-24T05:04:56.664+0530] {dag.py:3096} INFO - Sync 2 DAGs
[2025-05-24T05:04:56.667+0530] {logging_mixin.py:188} INFO - [2025-05-24T05:04:56.667+0530] {dag.py:3954} INFO - Setting next_dagrun for example_subdag_operator.section-1 to None, run_after=None
[2025-05-24T05:04:56.668+0530] {logging_mixin.py:188} INFO - [2025-05-24T05:04:56.668+0530] {dag.py:3954} INFO - Setting next_dagrun for example_subdag_operator.section-2 to None, run_after=None
[2025-05-24T05:04:56.677+0530] {processor.py:183} INFO - Processing /Library/Frameworks/Python.framework/Versions/3.12/lib/python3.12/site-packages/airflow/example_dags/example_subdag_operator.py took 0.220 seconds
[2025-05-24T05:06:49.703+0530] {processor.py:161} INFO - Started process (PID=18040) to work on /Library/Frameworks/Python.framework/Versions/3.12/lib/python3.12/site-packages/airflow/example_dags/example_subdag_operator.py
[2025-05-24T05:06:49.705+0530] {processor.py:830} INFO - Processing file /Library/Frameworks/Python.framework/Versions/3.12/lib/python3.12/site-packages/airflow/example_dags/example_subdag_operator.py for tasks to queue
[2025-05-24T05:06:49.706+0530] {logging_mixin.py:188} INFO - [2025-05-24T05:06:49.705+0530] {dagbag.py:540} INFO - Filling up the DagBag from /Library/Frameworks/Python.framework/Versions/3.12/lib/python3.12/site-packages/airflow/example_dags/example_subdag_operator.py
[2025-05-24T05:06:49.780+0530] {processor.py:840} INFO - DAG(s) 'example_subdag_operator.section-1', 'example_subdag_operator.section-2', 'example_subdag_operator' retrieved from /Library/Frameworks/Python.framework/Versions/3.12/lib/python3.12/site-packages/airflow/example_dags/example_subdag_operator.py
[2025-05-24T05:06:49.874+0530] {logging_mixin.py:188} INFO - [2025-05-24T05:06:49.874+0530] {dag.py:3096} INFO - Sync 3 DAGs
[2025-05-24T05:06:49.890+0530] {logging_mixin.py:188} INFO - [2025-05-24T05:06:49.890+0530] {dag.py:3954} INFO - Setting next_dagrun for example_subdag_operator to 2022-01-01 00:00:00+00:00, run_after=2022-01-01 00:00:00+00:00
[2025-05-24T05:06:49.893+0530] {logging_mixin.py:188} INFO - [2025-05-24T05:06:49.893+0530] {dag.py:3954} INFO - Setting next_dagrun for example_subdag_operator.section-1 to None, run_after=None
[2025-05-24T05:06:49.894+0530] {logging_mixin.py:188} INFO - [2025-05-24T05:06:49.894+0530] {dag.py:3954} INFO - Setting next_dagrun for example_subdag_operator.section-2 to None, run_after=None
[2025-05-24T05:06:49.900+0530] {logging_mixin.py:188} INFO - [2025-05-24T05:06:49.900+0530] {dag.py:3096} INFO - Sync 2 DAGs
[2025-05-24T05:06:49.903+0530] {logging_mixin.py:188} INFO - [2025-05-24T05:06:49.903+0530] {dag.py:3954} INFO - Setting next_dagrun for example_subdag_operator.section-1 to None, run_after=None
[2025-05-24T05:06:49.903+0530] {logging_mixin.py:188} INFO - [2025-05-24T05:06:49.903+0530] {dag.py:3954} INFO - Setting next_dagrun for example_subdag_operator.section-2 to None, run_after=None
[2025-05-24T05:06:49.913+0530] {processor.py:183} INFO - Processing /Library/Frameworks/Python.framework/Versions/3.12/lib/python3.12/site-packages/airflow/example_dags/example_subdag_operator.py took 0.213 seconds
[2025-05-24T05:08:37.986+0530] {processor.py:161} INFO - Started process (PID=18091) to work on /Library/Frameworks/Python.framework/Versions/3.12/lib/python3.12/site-packages/airflow/example_dags/example_subdag_operator.py
[2025-05-24T05:08:37.988+0530] {processor.py:830} INFO - Processing file /Library/Frameworks/Python.framework/Versions/3.12/lib/python3.12/site-packages/airflow/example_dags/example_subdag_operator.py for tasks to queue
[2025-05-24T05:08:37.989+0530] {logging_mixin.py:188} INFO - [2025-05-24T05:08:37.988+0530] {dagbag.py:540} INFO - Filling up the DagBag from /Library/Frameworks/Python.framework/Versions/3.12/lib/python3.12/site-packages/airflow/example_dags/example_subdag_operator.py
[2025-05-24T05:08:38.065+0530] {processor.py:840} INFO - DAG(s) 'example_subdag_operator.section-1', 'example_subdag_operator.section-2', 'example_subdag_operator' retrieved from /Library/Frameworks/Python.framework/Versions/3.12/lib/python3.12/site-packages/airflow/example_dags/example_subdag_operator.py
[2025-05-24T05:08:38.160+0530] {logging_mixin.py:188} INFO - [2025-05-24T05:08:38.160+0530] {dag.py:3096} INFO - Sync 3 DAGs
[2025-05-24T05:08:38.174+0530] {logging_mixin.py:188} INFO - [2025-05-24T05:08:38.174+0530] {dag.py:3954} INFO - Setting next_dagrun for example_subdag_operator to 2022-01-01 00:00:00+00:00, run_after=2022-01-01 00:00:00+00:00
[2025-05-24T05:08:38.177+0530] {logging_mixin.py:188} INFO - [2025-05-24T05:08:38.177+0530] {dag.py:3954} INFO - Setting next_dagrun for example_subdag_operator.section-1 to None, run_after=None
[2025-05-24T05:08:38.178+0530] {logging_mixin.py:188} INFO - [2025-05-24T05:08:38.177+0530] {dag.py:3954} INFO - Setting next_dagrun for example_subdag_operator.section-2 to None, run_after=None
[2025-05-24T05:08:38.182+0530] {logging_mixin.py:188} INFO - [2025-05-24T05:08:38.182+0530] {dag.py:3096} INFO - Sync 2 DAGs
[2025-05-24T05:08:38.185+0530] {logging_mixin.py:188} INFO - [2025-05-24T05:08:38.185+0530] {dag.py:3954} INFO - Setting next_dagrun for example_subdag_operator.section-1 to None, run_after=None
[2025-05-24T05:08:38.185+0530] {logging_mixin.py:188} INFO - [2025-05-24T05:08:38.185+0530] {dag.py:3954} INFO - Setting next_dagrun for example_subdag_operator.section-2 to None, run_after=None
[2025-05-24T05:08:38.194+0530] {processor.py:183} INFO - Processing /Library/Frameworks/Python.framework/Versions/3.12/lib/python3.12/site-packages/airflow/example_dags/example_subdag_operator.py took 0.212 seconds
[2025-05-24T05:13:08.358+0530] {processor.py:161} INFO - Started process (PID=18179) to work on /Library/Frameworks/Python.framework/Versions/3.12/lib/python3.12/site-packages/airflow/example_dags/example_subdag_operator.py
[2025-05-24T05:13:08.360+0530] {processor.py:830} INFO - Processing file /Library/Frameworks/Python.framework/Versions/3.12/lib/python3.12/site-packages/airflow/example_dags/example_subdag_operator.py for tasks to queue
[2025-05-24T05:13:08.361+0530] {logging_mixin.py:188} INFO - [2025-05-24T05:13:08.361+0530] {dagbag.py:540} INFO - Filling up the DagBag from /Library/Frameworks/Python.framework/Versions/3.12/lib/python3.12/site-packages/airflow/example_dags/example_subdag_operator.py
[2025-05-24T05:13:08.440+0530] {processor.py:840} INFO - DAG(s) 'example_subdag_operator.section-1', 'example_subdag_operator.section-2', 'example_subdag_operator' retrieved from /Library/Frameworks/Python.framework/Versions/3.12/lib/python3.12/site-packages/airflow/example_dags/example_subdag_operator.py
[2025-05-24T05:13:08.549+0530] {logging_mixin.py:188} INFO - [2025-05-24T05:13:08.549+0530] {dag.py:3096} INFO - Sync 3 DAGs
[2025-05-24T05:13:08.565+0530] {logging_mixin.py:188} INFO - [2025-05-24T05:13:08.565+0530] {dag.py:3954} INFO - Setting next_dagrun for example_subdag_operator to 2022-01-01 00:00:00+00:00, run_after=2022-01-01 00:00:00+00:00
[2025-05-24T05:13:08.567+0530] {logging_mixin.py:188} INFO - [2025-05-24T05:13:08.567+0530] {dag.py:3954} INFO - Setting next_dagrun for example_subdag_operator.section-1 to None, run_after=None
[2025-05-24T05:13:08.568+0530] {logging_mixin.py:188} INFO - [2025-05-24T05:13:08.568+0530] {dag.py:3954} INFO - Setting next_dagrun for example_subdag_operator.section-2 to None, run_after=None
[2025-05-24T05:13:08.574+0530] {logging_mixin.py:188} INFO - [2025-05-24T05:13:08.573+0530] {dag.py:3096} INFO - Sync 2 DAGs
[2025-05-24T05:13:08.576+0530] {logging_mixin.py:188} INFO - [2025-05-24T05:13:08.576+0530] {dag.py:3954} INFO - Setting next_dagrun for example_subdag_operator.section-1 to None, run_after=None
[2025-05-24T05:13:08.577+0530] {logging_mixin.py:188} INFO - [2025-05-24T05:13:08.577+0530] {dag.py:3954} INFO - Setting next_dagrun for example_subdag_operator.section-2 to None, run_after=None
[2025-05-24T05:13:08.586+0530] {processor.py:183} INFO - Processing /Library/Frameworks/Python.framework/Versions/3.12/lib/python3.12/site-packages/airflow/example_dags/example_subdag_operator.py took 0.233 seconds
