[2025-05-24T04:24:10.078+0530] {processor.py:161} INFO - Started process (PID=15675) to work on /Library/Frameworks/Python.framework/Versions/3.12/lib/python3.12/site-packages/airflow/example_dags/example_display_name.py
[2025-05-24T04:24:10.079+0530] {processor.py:830} INFO - Processing file /Library/Frameworks/Python.framework/Versions/3.12/lib/python3.12/site-packages/airflow/example_dags/example_display_name.py for tasks to queue
[2025-05-24T04:24:10.080+0530] {logging_mixin.py:188} INFO - [2025-05-24T04:24:10.080+0530] {dagbag.py:540} INFO - Filling up the DagBag from /Library/Frameworks/Python.framework/Versions/3.12/lib/python3.12/site-packages/airflow/example_dags/example_display_name.py
[2025-05-24T04:24:10.117+0530] {processor.py:840} INFO - DAG(s) 'example_display_name' retrieved from /Library/Frameworks/Python.framework/Versions/3.12/lib/python3.12/site-packages/airflow/example_dags/example_display_name.py
[2025-05-24T04:24:10.348+0530] {logging_mixin.py:188} INFO - [2025-05-24T04:24:10.347+0530] {dag.py:3096} INFO - Sync 1 DAGs
[2025-05-24T04:24:10.355+0530] {logging_mixin.py:188} INFO - [2025-05-24T04:24:10.355+0530] {dag.py:3954} INFO - Setting next_dagrun for example_display_name to None, run_after=None
[2025-05-24T04:24:10.369+0530] {processor.py:183} INFO - Processing /Library/Frameworks/Python.framework/Versions/3.12/lib/python3.12/site-packages/airflow/example_dags/example_display_name.py took 0.294 seconds
[2025-05-24T04:26:44.297+0530] {processor.py:161} INFO - Started process (PID=15778) to work on /Library/Frameworks/Python.framework/Versions/3.12/lib/python3.12/site-packages/airflow/example_dags/example_display_name.py
[2025-05-24T04:26:44.298+0530] {processor.py:830} INFO - Processing file /Library/Frameworks/Python.framework/Versions/3.12/lib/python3.12/site-packages/airflow/example_dags/example_display_name.py for tasks to queue
[2025-05-24T04:26:44.298+0530] {logging_mixin.py:188} INFO - [2025-05-24T04:26:44.298+0530] {dagbag.py:540} INFO - Filling up the DagBag from /Library/Frameworks/Python.framework/Versions/3.12/lib/python3.12/site-packages/airflow/example_dags/example_display_name.py
[2025-05-24T04:26:44.334+0530] {processor.py:840} INFO - DAG(s) 'example_display_name' retrieved from /Library/Frameworks/Python.framework/Versions/3.12/lib/python3.12/site-packages/airflow/example_dags/example_display_name.py
[2025-05-24T04:26:44.479+0530] {logging_mixin.py:188} INFO - [2025-05-24T04:26:44.479+0530] {dag.py:3096} INFO - Sync 1 DAGs
[2025-05-24T04:26:44.488+0530] {logging_mixin.py:188} INFO - [2025-05-24T04:26:44.488+0530] {dag.py:3954} INFO - Setting next_dagrun for example_display_name to None, run_after=None
[2025-05-24T04:26:44.505+0530] {processor.py:183} INFO - Processing /Library/Frameworks/Python.framework/Versions/3.12/lib/python3.12/site-packages/airflow/example_dags/example_display_name.py took 0.211 seconds
[2025-05-24T04:30:34.005+0530] {processor.py:161} INFO - Started process (PID=15901) to work on /Library/Frameworks/Python.framework/Versions/3.12/lib/python3.12/site-packages/airflow/example_dags/example_display_name.py
[2025-05-24T04:30:34.006+0530] {processor.py:830} INFO - Processing file /Library/Frameworks/Python.framework/Versions/3.12/lib/python3.12/site-packages/airflow/example_dags/example_display_name.py for tasks to queue
[2025-05-24T04:30:34.007+0530] {logging_mixin.py:188} INFO - [2025-05-24T04:30:34.007+0530] {dagbag.py:540} INFO - Filling up the DagBag from /Library/Frameworks/Python.framework/Versions/3.12/lib/python3.12/site-packages/airflow/example_dags/example_display_name.py
[2025-05-24T04:30:34.041+0530] {processor.py:840} INFO - DAG(s) 'example_display_name' retrieved from /Library/Frameworks/Python.framework/Versions/3.12/lib/python3.12/site-packages/airflow/example_dags/example_display_name.py
[2025-05-24T04:30:34.183+0530] {logging_mixin.py:188} INFO - [2025-05-24T04:30:34.183+0530] {dag.py:3096} INFO - Sync 1 DAGs
[2025-05-24T04:30:34.192+0530] {logging_mixin.py:188} INFO - [2025-05-24T04:30:34.192+0530] {dag.py:3954} INFO - Setting next_dagrun for example_display_name to None, run_after=None
[2025-05-24T04:30:34.208+0530] {processor.py:183} INFO - Processing /Library/Frameworks/Python.framework/Versions/3.12/lib/python3.12/site-packages/airflow/example_dags/example_display_name.py took 0.207 seconds
[2025-05-24T04:34:34.190+0530] {processor.py:161} INFO - Started process (PID=16040) to work on /Library/Frameworks/Python.framework/Versions/3.12/lib/python3.12/site-packages/airflow/example_dags/example_display_name.py
[2025-05-24T04:34:34.191+0530] {processor.py:830} INFO - Processing file /Library/Frameworks/Python.framework/Versions/3.12/lib/python3.12/site-packages/airflow/example_dags/example_display_name.py for tasks to queue
[2025-05-24T04:34:34.192+0530] {logging_mixin.py:188} INFO - [2025-05-24T04:34:34.192+0530] {dagbag.py:540} INFO - Filling up the DagBag from /Library/Frameworks/Python.framework/Versions/3.12/lib/python3.12/site-packages/airflow/example_dags/example_display_name.py
[2025-05-24T04:34:34.228+0530] {processor.py:840} INFO - DAG(s) 'example_display_name' retrieved from /Library/Frameworks/Python.framework/Versions/3.12/lib/python3.12/site-packages/airflow/example_dags/example_display_name.py
[2025-05-24T04:34:34.377+0530] {logging_mixin.py:188} INFO - [2025-05-24T04:34:34.376+0530] {dag.py:3096} INFO - Sync 1 DAGs
[2025-05-24T04:34:34.386+0530] {logging_mixin.py:188} INFO - [2025-05-24T04:34:34.386+0530] {dag.py:3954} INFO - Setting next_dagrun for example_display_name to None, run_after=None
[2025-05-24T04:34:34.403+0530] {processor.py:183} INFO - Processing /Library/Frameworks/Python.framework/Versions/3.12/lib/python3.12/site-packages/airflow/example_dags/example_display_name.py took 0.215 seconds
[2025-05-24T04:38:37.031+0530] {processor.py:161} INFO - Started process (PID=16188) to work on /Library/Frameworks/Python.framework/Versions/3.12/lib/python3.12/site-packages/airflow/example_dags/example_display_name.py
[2025-05-24T04:38:37.033+0530] {processor.py:830} INFO - Processing file /Library/Frameworks/Python.framework/Versions/3.12/lib/python3.12/site-packages/airflow/example_dags/example_display_name.py for tasks to queue
[2025-05-24T04:38:37.035+0530] {logging_mixin.py:188} INFO - [2025-05-24T04:38:37.034+0530] {dagbag.py:540} INFO - Filling up the DagBag from /Library/Frameworks/Python.framework/Versions/3.12/lib/python3.12/site-packages/airflow/example_dags/example_display_name.py
[2025-05-24T04:38:37.070+0530] {processor.py:840} INFO - DAG(s) 'example_display_name' retrieved from /Library/Frameworks/Python.framework/Versions/3.12/lib/python3.12/site-packages/airflow/example_dags/example_display_name.py
[2025-05-24T04:38:37.221+0530] {logging_mixin.py:188} INFO - [2025-05-24T04:38:37.220+0530] {dag.py:3096} INFO - Sync 1 DAGs
[2025-05-24T04:38:37.230+0530] {logging_mixin.py:188} INFO - [2025-05-24T04:38:37.230+0530] {dag.py:3954} INFO - Setting next_dagrun for example_display_name to None, run_after=None
[2025-05-24T04:38:37.248+0530] {processor.py:183} INFO - Processing /Library/Frameworks/Python.framework/Versions/3.12/lib/python3.12/site-packages/airflow/example_dags/example_display_name.py took 0.221 seconds
[2025-05-24T04:42:45.406+0530] {processor.py:161} INFO - Started process (PID=16402) to work on /Library/Frameworks/Python.framework/Versions/3.12/lib/python3.12/site-packages/airflow/example_dags/example_display_name.py
[2025-05-24T04:42:45.407+0530] {processor.py:830} INFO - Processing file /Library/Frameworks/Python.framework/Versions/3.12/lib/python3.12/site-packages/airflow/example_dags/example_display_name.py for tasks to queue
[2025-05-24T04:42:45.408+0530] {logging_mixin.py:188} INFO - [2025-05-24T04:42:45.408+0530] {dagbag.py:540} INFO - Filling up the DagBag from /Library/Frameworks/Python.framework/Versions/3.12/lib/python3.12/site-packages/airflow/example_dags/example_display_name.py
[2025-05-24T04:42:45.447+0530] {processor.py:840} INFO - DAG(s) 'example_display_name' retrieved from /Library/Frameworks/Python.framework/Versions/3.12/lib/python3.12/site-packages/airflow/example_dags/example_display_name.py
[2025-05-24T04:42:45.591+0530] {logging_mixin.py:188} INFO - [2025-05-24T04:42:45.591+0530] {dag.py:3096} INFO - Sync 1 DAGs
[2025-05-24T04:42:45.601+0530] {logging_mixin.py:188} INFO - [2025-05-24T04:42:45.600+0530] {dag.py:3954} INFO - Setting next_dagrun for example_display_name to None, run_after=None
[2025-05-24T04:42:45.617+0530] {processor.py:183} INFO - Processing /Library/Frameworks/Python.framework/Versions/3.12/lib/python3.12/site-packages/airflow/example_dags/example_display_name.py took 0.215 seconds
[2025-05-24T04:46:43.370+0530] {processor.py:161} INFO - Started process (PID=17354) to work on /Library/Frameworks/Python.framework/Versions/3.12/lib/python3.12/site-packages/airflow/example_dags/example_display_name.py
[2025-05-24T04:46:43.370+0530] {processor.py:830} INFO - Processing file /Library/Frameworks/Python.framework/Versions/3.12/lib/python3.12/site-packages/airflow/example_dags/example_display_name.py for tasks to queue
[2025-05-24T04:46:43.371+0530] {logging_mixin.py:188} INFO - [2025-05-24T04:46:43.371+0530] {dagbag.py:540} INFO - Filling up the DagBag from /Library/Frameworks/Python.framework/Versions/3.12/lib/python3.12/site-packages/airflow/example_dags/example_display_name.py
[2025-05-24T04:46:43.407+0530] {processor.py:840} INFO - DAG(s) 'example_display_name' retrieved from /Library/Frameworks/Python.framework/Versions/3.12/lib/python3.12/site-packages/airflow/example_dags/example_display_name.py
[2025-05-24T04:46:43.557+0530] {logging_mixin.py:188} INFO - [2025-05-24T04:46:43.556+0530] {dag.py:3096} INFO - Sync 1 DAGs
[2025-05-24T04:46:43.566+0530] {logging_mixin.py:188} INFO - [2025-05-24T04:46:43.566+0530] {dag.py:3954} INFO - Setting next_dagrun for example_display_name to None, run_after=None
[2025-05-24T04:46:43.583+0530] {processor.py:183} INFO - Processing /Library/Frameworks/Python.framework/Versions/3.12/lib/python3.12/site-packages/airflow/example_dags/example_display_name.py took 0.216 seconds
[2025-05-24T04:50:42.428+0530] {processor.py:161} INFO - Started process (PID=17523) to work on /Library/Frameworks/Python.framework/Versions/3.12/lib/python3.12/site-packages/airflow/example_dags/example_display_name.py
[2025-05-24T04:50:42.429+0530] {processor.py:830} INFO - Processing file /Library/Frameworks/Python.framework/Versions/3.12/lib/python3.12/site-packages/airflow/example_dags/example_display_name.py for tasks to queue
[2025-05-24T04:50:42.430+0530] {logging_mixin.py:188} INFO - [2025-05-24T04:50:42.430+0530] {dagbag.py:540} INFO - Filling up the DagBag from /Library/Frameworks/Python.framework/Versions/3.12/lib/python3.12/site-packages/airflow/example_dags/example_display_name.py
[2025-05-24T04:50:42.465+0530] {processor.py:840} INFO - DAG(s) 'example_display_name' retrieved from /Library/Frameworks/Python.framework/Versions/3.12/lib/python3.12/site-packages/airflow/example_dags/example_display_name.py
[2025-05-24T04:50:42.602+0530] {logging_mixin.py:188} INFO - [2025-05-24T04:50:42.601+0530] {dag.py:3096} INFO - Sync 1 DAGs
[2025-05-24T04:50:42.610+0530] {logging_mixin.py:188} INFO - [2025-05-24T04:50:42.610+0530] {dag.py:3954} INFO - Setting next_dagrun for example_display_name to None, run_after=None
[2025-05-24T04:50:42.628+0530] {processor.py:183} INFO - Processing /Library/Frameworks/Python.framework/Versions/3.12/lib/python3.12/site-packages/airflow/example_dags/example_display_name.py took 0.204 seconds
[2025-05-24T04:54:29.464+0530] {processor.py:161} INFO - Started process (PID=17650) to work on /Library/Frameworks/Python.framework/Versions/3.12/lib/python3.12/site-packages/airflow/example_dags/example_display_name.py
[2025-05-24T04:54:29.465+0530] {processor.py:830} INFO - Processing file /Library/Frameworks/Python.framework/Versions/3.12/lib/python3.12/site-packages/airflow/example_dags/example_display_name.py for tasks to queue
[2025-05-24T04:54:29.466+0530] {logging_mixin.py:188} INFO - [2025-05-24T04:54:29.466+0530] {dagbag.py:540} INFO - Filling up the DagBag from /Library/Frameworks/Python.framework/Versions/3.12/lib/python3.12/site-packages/airflow/example_dags/example_display_name.py
[2025-05-24T04:54:29.501+0530] {processor.py:840} INFO - DAG(s) 'example_display_name' retrieved from /Library/Frameworks/Python.framework/Versions/3.12/lib/python3.12/site-packages/airflow/example_dags/example_display_name.py
[2025-05-24T04:54:29.643+0530] {logging_mixin.py:188} INFO - [2025-05-24T04:54:29.643+0530] {dag.py:3096} INFO - Sync 1 DAGs
[2025-05-24T04:54:29.652+0530] {logging_mixin.py:188} INFO - [2025-05-24T04:54:29.652+0530] {dag.py:3954} INFO - Setting next_dagrun for example_display_name to None, run_after=None
[2025-05-24T04:54:29.668+0530] {processor.py:183} INFO - Processing /Library/Frameworks/Python.framework/Versions/3.12/lib/python3.12/site-packages/airflow/example_dags/example_display_name.py took 0.206 seconds
[2025-05-24T04:58:18.539+0530] {processor.py:161} INFO - Started process (PID=17764) to work on /Library/Frameworks/Python.framework/Versions/3.12/lib/python3.12/site-packages/airflow/example_dags/example_display_name.py
[2025-05-24T04:58:18.540+0530] {processor.py:830} INFO - Processing file /Library/Frameworks/Python.framework/Versions/3.12/lib/python3.12/site-packages/airflow/example_dags/example_display_name.py for tasks to queue
[2025-05-24T04:58:18.541+0530] {logging_mixin.py:188} INFO - [2025-05-24T04:58:18.541+0530] {dagbag.py:540} INFO - Filling up the DagBag from /Library/Frameworks/Python.framework/Versions/3.12/lib/python3.12/site-packages/airflow/example_dags/example_display_name.py
[2025-05-24T04:58:18.575+0530] {processor.py:840} INFO - DAG(s) 'example_display_name' retrieved from /Library/Frameworks/Python.framework/Versions/3.12/lib/python3.12/site-packages/airflow/example_dags/example_display_name.py
[2025-05-24T04:58:18.712+0530] {logging_mixin.py:188} INFO - [2025-05-24T04:58:18.711+0530] {dag.py:3096} INFO - Sync 1 DAGs
[2025-05-24T04:58:18.720+0530] {logging_mixin.py:188} INFO - [2025-05-24T04:58:18.719+0530] {dag.py:3954} INFO - Setting next_dagrun for example_display_name to None, run_after=None
[2025-05-24T04:58:18.735+0530] {processor.py:183} INFO - Processing /Library/Frameworks/Python.framework/Versions/3.12/lib/python3.12/site-packages/airflow/example_dags/example_display_name.py took 0.200 seconds
[2025-05-24T05:02:05.776+0530] {processor.py:161} INFO - Started process (PID=17902) to work on /Library/Frameworks/Python.framework/Versions/3.12/lib/python3.12/site-packages/airflow/example_dags/example_display_name.py
[2025-05-24T05:02:05.777+0530] {processor.py:830} INFO - Processing file /Library/Frameworks/Python.framework/Versions/3.12/lib/python3.12/site-packages/airflow/example_dags/example_display_name.py for tasks to queue
[2025-05-24T05:02:05.778+0530] {logging_mixin.py:188} INFO - [2025-05-24T05:02:05.778+0530] {dagbag.py:540} INFO - Filling up the DagBag from /Library/Frameworks/Python.framework/Versions/3.12/lib/python3.12/site-packages/airflow/example_dags/example_display_name.py
[2025-05-24T05:02:05.811+0530] {processor.py:840} INFO - DAG(s) 'example_display_name' retrieved from /Library/Frameworks/Python.framework/Versions/3.12/lib/python3.12/site-packages/airflow/example_dags/example_display_name.py
[2025-05-24T05:02:05.943+0530] {logging_mixin.py:188} INFO - [2025-05-24T05:02:05.943+0530] {dag.py:3096} INFO - Sync 1 DAGs
[2025-05-24T05:02:05.951+0530] {logging_mixin.py:188} INFO - [2025-05-24T05:02:05.951+0530] {dag.py:3954} INFO - Setting next_dagrun for example_display_name to None, run_after=None
[2025-05-24T05:02:05.967+0530] {processor.py:183} INFO - Processing /Library/Frameworks/Python.framework/Versions/3.12/lib/python3.12/site-packages/airflow/example_dags/example_display_name.py took 0.195 seconds
[2025-05-24T05:05:51.657+0530] {processor.py:161} INFO - Started process (PID=18016) to work on /Library/Frameworks/Python.framework/Versions/3.12/lib/python3.12/site-packages/airflow/example_dags/example_display_name.py
[2025-05-24T05:05:51.658+0530] {processor.py:830} INFO - Processing file /Library/Frameworks/Python.framework/Versions/3.12/lib/python3.12/site-packages/airflow/example_dags/example_display_name.py for tasks to queue
[2025-05-24T05:05:51.659+0530] {logging_mixin.py:188} INFO - [2025-05-24T05:05:51.659+0530] {dagbag.py:540} INFO - Filling up the DagBag from /Library/Frameworks/Python.framework/Versions/3.12/lib/python3.12/site-packages/airflow/example_dags/example_display_name.py
[2025-05-24T05:05:51.690+0530] {processor.py:840} INFO - DAG(s) 'example_display_name' retrieved from /Library/Frameworks/Python.framework/Versions/3.12/lib/python3.12/site-packages/airflow/example_dags/example_display_name.py
[2025-05-24T05:05:51.817+0530] {logging_mixin.py:188} INFO - [2025-05-24T05:05:51.817+0530] {dag.py:3096} INFO - Sync 1 DAGs
[2025-05-24T05:05:51.825+0530] {logging_mixin.py:188} INFO - [2025-05-24T05:05:51.825+0530] {dag.py:3954} INFO - Setting next_dagrun for example_display_name to None, run_after=None
[2025-05-24T05:05:51.844+0530] {processor.py:183} INFO - Processing /Library/Frameworks/Python.framework/Versions/3.12/lib/python3.12/site-packages/airflow/example_dags/example_display_name.py took 0.191 seconds
[2025-05-24T05:09:41.030+0530] {processor.py:161} INFO - Started process (PID=18120) to work on /Library/Frameworks/Python.framework/Versions/3.12/lib/python3.12/site-packages/airflow/example_dags/example_display_name.py
[2025-05-24T05:09:41.032+0530] {processor.py:830} INFO - Processing file /Library/Frameworks/Python.framework/Versions/3.12/lib/python3.12/site-packages/airflow/example_dags/example_display_name.py for tasks to queue
[2025-05-24T05:09:41.032+0530] {logging_mixin.py:188} INFO - [2025-05-24T05:09:41.032+0530] {dagbag.py:540} INFO - Filling up the DagBag from /Library/Frameworks/Python.framework/Versions/3.12/lib/python3.12/site-packages/airflow/example_dags/example_display_name.py
[2025-05-24T05:09:41.065+0530] {processor.py:840} INFO - DAG(s) 'example_display_name' retrieved from /Library/Frameworks/Python.framework/Versions/3.12/lib/python3.12/site-packages/airflow/example_dags/example_display_name.py
[2025-05-24T05:09:41.195+0530] {logging_mixin.py:188} INFO - [2025-05-24T05:09:41.195+0530] {dag.py:3096} INFO - Sync 1 DAGs
[2025-05-24T05:09:41.203+0530] {logging_mixin.py:188} INFO - [2025-05-24T05:09:41.203+0530] {dag.py:3954} INFO - Setting next_dagrun for example_display_name to None, run_after=None
[2025-05-24T05:09:41.218+0530] {processor.py:183} INFO - Processing /Library/Frameworks/Python.framework/Versions/3.12/lib/python3.12/site-packages/airflow/example_dags/example_display_name.py took 0.192 seconds
