[2025-05-24T04:24:04.635+0530] {processor.py:161} INFO - Started process (PID=15673) to work on /Library/Frameworks/Python.framework/Versions/3.12/lib/python3.12/site-packages/airflow/example_dags/example_dynamic_task_mapping_with_no_taskflow_operators.py
[2025-05-24T04:24:04.635+0530] {processor.py:830} INFO - Processing file /Library/Frameworks/Python.framework/Versions/3.12/lib/python3.12/site-packages/airflow/example_dags/example_dynamic_task_mapping_with_no_taskflow_operators.py for tasks to queue
[2025-05-24T04:24:04.636+0530] {logging_mixin.py:188} INFO - [2025-05-24T04:24:04.636+0530] {dagbag.py:540} INFO - Filling up the DagBag from /Library/Frameworks/Python.framework/Versions/3.12/lib/python3.12/site-packages/airflow/example_dags/example_dynamic_task_mapping_with_no_taskflow_operators.py
[2025-05-24T04:24:04.644+0530] {processor.py:840} INFO - DAG(s) 'example_dynamic_task_mapping_with_no_taskflow_operators' retrieved from /Library/Frameworks/Python.framework/Versions/3.12/lib/python3.12/site-packages/airflow/example_dags/example_dynamic_task_mapping_with_no_taskflow_operators.py
[2025-05-24T04:24:04.883+0530] {logging_mixin.py:188} INFO - [2025-05-24T04:24:04.882+0530] {dag.py:3096} INFO - Sync 1 DAGs
[2025-05-24T04:24:04.896+0530] {logging_mixin.py:188} INFO - [2025-05-24T04:24:04.896+0530] {dag.py:3954} INFO - Setting next_dagrun for example_dynamic_task_mapping_with_no_taskflow_operators to 2025-05-22 00:00:00+00:00, run_after=2025-05-23 00:00:00+00:00
[2025-05-24T04:24:04.913+0530] {processor.py:183} INFO - Processing /Library/Frameworks/Python.framework/Versions/3.12/lib/python3.12/site-packages/airflow/example_dags/example_dynamic_task_mapping_with_no_taskflow_operators.py took 0.282 seconds
[2025-05-24T04:26:38.748+0530] {processor.py:161} INFO - Started process (PID=15776) to work on /Library/Frameworks/Python.framework/Versions/3.12/lib/python3.12/site-packages/airflow/example_dags/example_dynamic_task_mapping_with_no_taskflow_operators.py
[2025-05-24T04:26:38.749+0530] {processor.py:830} INFO - Processing file /Library/Frameworks/Python.framework/Versions/3.12/lib/python3.12/site-packages/airflow/example_dags/example_dynamic_task_mapping_with_no_taskflow_operators.py for tasks to queue
[2025-05-24T04:26:38.750+0530] {logging_mixin.py:188} INFO - [2025-05-24T04:26:38.750+0530] {dagbag.py:540} INFO - Filling up the DagBag from /Library/Frameworks/Python.framework/Versions/3.12/lib/python3.12/site-packages/airflow/example_dags/example_dynamic_task_mapping_with_no_taskflow_operators.py
[2025-05-24T04:26:38.757+0530] {processor.py:840} INFO - DAG(s) 'example_dynamic_task_mapping_with_no_taskflow_operators' retrieved from /Library/Frameworks/Python.framework/Versions/3.12/lib/python3.12/site-packages/airflow/example_dags/example_dynamic_task_mapping_with_no_taskflow_operators.py
[2025-05-24T04:26:38.892+0530] {logging_mixin.py:188} INFO - [2025-05-24T04:26:38.892+0530] {dag.py:3096} INFO - Sync 1 DAGs
[2025-05-24T04:26:38.909+0530] {logging_mixin.py:188} INFO - [2025-05-24T04:26:38.909+0530] {dag.py:3954} INFO - Setting next_dagrun for example_dynamic_task_mapping_with_no_taskflow_operators to 2025-05-22 00:00:00+00:00, run_after=2025-05-23 00:00:00+00:00
[2025-05-24T04:26:38.928+0530] {processor.py:183} INFO - Processing /Library/Frameworks/Python.framework/Versions/3.12/lib/python3.12/site-packages/airflow/example_dags/example_dynamic_task_mapping_with_no_taskflow_operators.py took 0.184 seconds
[2025-05-24T04:30:28.480+0530] {processor.py:161} INFO - Started process (PID=15898) to work on /Library/Frameworks/Python.framework/Versions/3.12/lib/python3.12/site-packages/airflow/example_dags/example_dynamic_task_mapping_with_no_taskflow_operators.py
[2025-05-24T04:30:28.481+0530] {processor.py:830} INFO - Processing file /Library/Frameworks/Python.framework/Versions/3.12/lib/python3.12/site-packages/airflow/example_dags/example_dynamic_task_mapping_with_no_taskflow_operators.py for tasks to queue
[2025-05-24T04:30:28.481+0530] {logging_mixin.py:188} INFO - [2025-05-24T04:30:28.481+0530] {dagbag.py:540} INFO - Filling up the DagBag from /Library/Frameworks/Python.framework/Versions/3.12/lib/python3.12/site-packages/airflow/example_dags/example_dynamic_task_mapping_with_no_taskflow_operators.py
[2025-05-24T04:30:28.488+0530] {processor.py:840} INFO - DAG(s) 'example_dynamic_task_mapping_with_no_taskflow_operators' retrieved from /Library/Frameworks/Python.framework/Versions/3.12/lib/python3.12/site-packages/airflow/example_dags/example_dynamic_task_mapping_with_no_taskflow_operators.py
[2025-05-24T04:30:28.625+0530] {logging_mixin.py:188} INFO - [2025-05-24T04:30:28.625+0530] {dag.py:3096} INFO - Sync 1 DAGs
[2025-05-24T04:30:28.643+0530] {logging_mixin.py:188} INFO - [2025-05-24T04:30:28.643+0530] {dag.py:3954} INFO - Setting next_dagrun for example_dynamic_task_mapping_with_no_taskflow_operators to 2025-05-22 00:00:00+00:00, run_after=2025-05-23 00:00:00+00:00
[2025-05-24T04:30:28.662+0530] {processor.py:183} INFO - Processing /Library/Frameworks/Python.framework/Versions/3.12/lib/python3.12/site-packages/airflow/example_dags/example_dynamic_task_mapping_with_no_taskflow_operators.py took 0.186 seconds
[2025-05-24T04:34:28.261+0530] {processor.py:161} INFO - Started process (PID=16036) to work on /Library/Frameworks/Python.framework/Versions/3.12/lib/python3.12/site-packages/airflow/example_dags/example_dynamic_task_mapping_with_no_taskflow_operators.py
[2025-05-24T04:34:28.262+0530] {processor.py:830} INFO - Processing file /Library/Frameworks/Python.framework/Versions/3.12/lib/python3.12/site-packages/airflow/example_dags/example_dynamic_task_mapping_with_no_taskflow_operators.py for tasks to queue
[2025-05-24T04:34:28.263+0530] {logging_mixin.py:188} INFO - [2025-05-24T04:34:28.263+0530] {dagbag.py:540} INFO - Filling up the DagBag from /Library/Frameworks/Python.framework/Versions/3.12/lib/python3.12/site-packages/airflow/example_dags/example_dynamic_task_mapping_with_no_taskflow_operators.py
[2025-05-24T04:34:28.270+0530] {processor.py:840} INFO - DAG(s) 'example_dynamic_task_mapping_with_no_taskflow_operators' retrieved from /Library/Frameworks/Python.framework/Versions/3.12/lib/python3.12/site-packages/airflow/example_dags/example_dynamic_task_mapping_with_no_taskflow_operators.py
[2025-05-24T04:34:28.413+0530] {logging_mixin.py:188} INFO - [2025-05-24T04:34:28.413+0530] {dag.py:3096} INFO - Sync 1 DAGs
[2025-05-24T04:34:28.432+0530] {logging_mixin.py:188} INFO - [2025-05-24T04:34:28.432+0530] {dag.py:3954} INFO - Setting next_dagrun for example_dynamic_task_mapping_with_no_taskflow_operators to 2025-05-22 00:00:00+00:00, run_after=2025-05-23 00:00:00+00:00
[2025-05-24T04:34:28.450+0530] {processor.py:183} INFO - Processing /Library/Frameworks/Python.framework/Versions/3.12/lib/python3.12/site-packages/airflow/example_dags/example_dynamic_task_mapping_with_no_taskflow_operators.py took 0.192 seconds
[2025-05-24T04:38:30.991+0530] {processor.py:161} INFO - Started process (PID=16186) to work on /Library/Frameworks/Python.framework/Versions/3.12/lib/python3.12/site-packages/airflow/example_dags/example_dynamic_task_mapping_with_no_taskflow_operators.py
[2025-05-24T04:38:30.993+0530] {processor.py:830} INFO - Processing file /Library/Frameworks/Python.framework/Versions/3.12/lib/python3.12/site-packages/airflow/example_dags/example_dynamic_task_mapping_with_no_taskflow_operators.py for tasks to queue
[2025-05-24T04:38:30.993+0530] {logging_mixin.py:188} INFO - [2025-05-24T04:38:30.993+0530] {dagbag.py:540} INFO - Filling up the DagBag from /Library/Frameworks/Python.framework/Versions/3.12/lib/python3.12/site-packages/airflow/example_dags/example_dynamic_task_mapping_with_no_taskflow_operators.py
[2025-05-24T04:38:31.000+0530] {processor.py:840} INFO - DAG(s) 'example_dynamic_task_mapping_with_no_taskflow_operators' retrieved from /Library/Frameworks/Python.framework/Versions/3.12/lib/python3.12/site-packages/airflow/example_dags/example_dynamic_task_mapping_with_no_taskflow_operators.py
[2025-05-24T04:38:31.133+0530] {logging_mixin.py:188} INFO - [2025-05-24T04:38:31.133+0530] {dag.py:3096} INFO - Sync 1 DAGs
[2025-05-24T04:38:31.151+0530] {logging_mixin.py:188} INFO - [2025-05-24T04:38:31.150+0530] {dag.py:3954} INFO - Setting next_dagrun for example_dynamic_task_mapping_with_no_taskflow_operators to 2025-05-22 00:00:00+00:00, run_after=2025-05-23 00:00:00+00:00
[2025-05-24T04:38:31.169+0530] {processor.py:183} INFO - Processing /Library/Frameworks/Python.framework/Versions/3.12/lib/python3.12/site-packages/airflow/example_dags/example_dynamic_task_mapping_with_no_taskflow_operators.py took 0.182 seconds
[2025-05-24T04:42:39.494+0530] {processor.py:161} INFO - Started process (PID=16333) to work on /Library/Frameworks/Python.framework/Versions/3.12/lib/python3.12/site-packages/airflow/example_dags/example_dynamic_task_mapping_with_no_taskflow_operators.py
[2025-05-24T04:42:39.495+0530] {processor.py:830} INFO - Processing file /Library/Frameworks/Python.framework/Versions/3.12/lib/python3.12/site-packages/airflow/example_dags/example_dynamic_task_mapping_with_no_taskflow_operators.py for tasks to queue
[2025-05-24T04:42:39.496+0530] {logging_mixin.py:188} INFO - [2025-05-24T04:42:39.496+0530] {dagbag.py:540} INFO - Filling up the DagBag from /Library/Frameworks/Python.framework/Versions/3.12/lib/python3.12/site-packages/airflow/example_dags/example_dynamic_task_mapping_with_no_taskflow_operators.py
[2025-05-24T04:42:39.503+0530] {processor.py:840} INFO - DAG(s) 'example_dynamic_task_mapping_with_no_taskflow_operators' retrieved from /Library/Frameworks/Python.framework/Versions/3.12/lib/python3.12/site-packages/airflow/example_dags/example_dynamic_task_mapping_with_no_taskflow_operators.py
[2025-05-24T04:42:39.637+0530] {logging_mixin.py:188} INFO - [2025-05-24T04:42:39.637+0530] {dag.py:3096} INFO - Sync 1 DAGs
[2025-05-24T04:42:39.654+0530] {logging_mixin.py:188} INFO - [2025-05-24T04:42:39.653+0530] {dag.py:3954} INFO - Setting next_dagrun for example_dynamic_task_mapping_with_no_taskflow_operators to 2025-05-22 00:00:00+00:00, run_after=2025-05-23 00:00:00+00:00
[2025-05-24T04:42:39.670+0530] {processor.py:183} INFO - Processing /Library/Frameworks/Python.framework/Versions/3.12/lib/python3.12/site-packages/airflow/example_dags/example_dynamic_task_mapping_with_no_taskflow_operators.py took 0.180 seconds
[2025-05-24T04:46:37.666+0530] {processor.py:161} INFO - Started process (PID=17351) to work on /Library/Frameworks/Python.framework/Versions/3.12/lib/python3.12/site-packages/airflow/example_dags/example_dynamic_task_mapping_with_no_taskflow_operators.py
[2025-05-24T04:46:37.667+0530] {processor.py:830} INFO - Processing file /Library/Frameworks/Python.framework/Versions/3.12/lib/python3.12/site-packages/airflow/example_dags/example_dynamic_task_mapping_with_no_taskflow_operators.py for tasks to queue
[2025-05-24T04:46:37.667+0530] {logging_mixin.py:188} INFO - [2025-05-24T04:46:37.667+0530] {dagbag.py:540} INFO - Filling up the DagBag from /Library/Frameworks/Python.framework/Versions/3.12/lib/python3.12/site-packages/airflow/example_dags/example_dynamic_task_mapping_with_no_taskflow_operators.py
[2025-05-24T04:46:37.675+0530] {processor.py:840} INFO - DAG(s) 'example_dynamic_task_mapping_with_no_taskflow_operators' retrieved from /Library/Frameworks/Python.framework/Versions/3.12/lib/python3.12/site-packages/airflow/example_dags/example_dynamic_task_mapping_with_no_taskflow_operators.py
[2025-05-24T04:46:37.839+0530] {logging_mixin.py:188} INFO - [2025-05-24T04:46:37.838+0530] {dag.py:3096} INFO - Sync 1 DAGs
[2025-05-24T04:46:37.858+0530] {logging_mixin.py:188} INFO - [2025-05-24T04:46:37.858+0530] {dag.py:3954} INFO - Setting next_dagrun for example_dynamic_task_mapping_with_no_taskflow_operators to 2025-05-22 00:00:00+00:00, run_after=2025-05-23 00:00:00+00:00
[2025-05-24T04:46:37.876+0530] {processor.py:183} INFO - Processing /Library/Frameworks/Python.framework/Versions/3.12/lib/python3.12/site-packages/airflow/example_dags/example_dynamic_task_mapping_with_no_taskflow_operators.py took 0.213 seconds
[2025-05-24T04:50:36.929+0530] {processor.py:161} INFO - Started process (PID=17520) to work on /Library/Frameworks/Python.framework/Versions/3.12/lib/python3.12/site-packages/airflow/example_dags/example_dynamic_task_mapping_with_no_taskflow_operators.py
[2025-05-24T04:50:36.930+0530] {processor.py:830} INFO - Processing file /Library/Frameworks/Python.framework/Versions/3.12/lib/python3.12/site-packages/airflow/example_dags/example_dynamic_task_mapping_with_no_taskflow_operators.py for tasks to queue
[2025-05-24T04:50:36.930+0530] {logging_mixin.py:188} INFO - [2025-05-24T04:50:36.930+0530] {dagbag.py:540} INFO - Filling up the DagBag from /Library/Frameworks/Python.framework/Versions/3.12/lib/python3.12/site-packages/airflow/example_dags/example_dynamic_task_mapping_with_no_taskflow_operators.py
[2025-05-24T04:50:36.937+0530] {processor.py:840} INFO - DAG(s) 'example_dynamic_task_mapping_with_no_taskflow_operators' retrieved from /Library/Frameworks/Python.framework/Versions/3.12/lib/python3.12/site-packages/airflow/example_dags/example_dynamic_task_mapping_with_no_taskflow_operators.py
[2025-05-24T04:50:37.073+0530] {logging_mixin.py:188} INFO - [2025-05-24T04:50:37.072+0530] {dag.py:3096} INFO - Sync 1 DAGs
[2025-05-24T04:50:37.090+0530] {logging_mixin.py:188} INFO - [2025-05-24T04:50:37.090+0530] {dag.py:3954} INFO - Setting next_dagrun for example_dynamic_task_mapping_with_no_taskflow_operators to 2025-05-22 00:00:00+00:00, run_after=2025-05-23 00:00:00+00:00
[2025-05-24T04:50:37.107+0530] {processor.py:183} INFO - Processing /Library/Frameworks/Python.framework/Versions/3.12/lib/python3.12/site-packages/airflow/example_dags/example_dynamic_task_mapping_with_no_taskflow_operators.py took 0.181 seconds
[2025-05-24T04:54:23.858+0530] {processor.py:161} INFO - Started process (PID=17648) to work on /Library/Frameworks/Python.framework/Versions/3.12/lib/python3.12/site-packages/airflow/example_dags/example_dynamic_task_mapping_with_no_taskflow_operators.py
[2025-05-24T04:54:23.859+0530] {processor.py:830} INFO - Processing file /Library/Frameworks/Python.framework/Versions/3.12/lib/python3.12/site-packages/airflow/example_dags/example_dynamic_task_mapping_with_no_taskflow_operators.py for tasks to queue
[2025-05-24T04:54:23.859+0530] {logging_mixin.py:188} INFO - [2025-05-24T04:54:23.859+0530] {dagbag.py:540} INFO - Filling up the DagBag from /Library/Frameworks/Python.framework/Versions/3.12/lib/python3.12/site-packages/airflow/example_dags/example_dynamic_task_mapping_with_no_taskflow_operators.py
[2025-05-24T04:54:23.866+0530] {processor.py:840} INFO - DAG(s) 'example_dynamic_task_mapping_with_no_taskflow_operators' retrieved from /Library/Frameworks/Python.framework/Versions/3.12/lib/python3.12/site-packages/airflow/example_dags/example_dynamic_task_mapping_with_no_taskflow_operators.py
[2025-05-24T04:54:24.012+0530] {logging_mixin.py:188} INFO - [2025-05-24T04:54:24.011+0530] {dag.py:3096} INFO - Sync 1 DAGs
[2025-05-24T04:54:24.028+0530] {logging_mixin.py:188} INFO - [2025-05-24T04:54:24.028+0530] {dag.py:3954} INFO - Setting next_dagrun for example_dynamic_task_mapping_with_no_taskflow_operators to 2025-05-22 00:00:00+00:00, run_after=2025-05-23 00:00:00+00:00
[2025-05-24T04:54:24.045+0530] {processor.py:183} INFO - Processing /Library/Frameworks/Python.framework/Versions/3.12/lib/python3.12/site-packages/airflow/example_dags/example_dynamic_task_mapping_with_no_taskflow_operators.py took 0.191 seconds
[2025-05-24T04:58:12.982+0530] {processor.py:161} INFO - Started process (PID=17760) to work on /Library/Frameworks/Python.framework/Versions/3.12/lib/python3.12/site-packages/airflow/example_dags/example_dynamic_task_mapping_with_no_taskflow_operators.py
[2025-05-24T04:58:12.983+0530] {processor.py:830} INFO - Processing file /Library/Frameworks/Python.framework/Versions/3.12/lib/python3.12/site-packages/airflow/example_dags/example_dynamic_task_mapping_with_no_taskflow_operators.py for tasks to queue
[2025-05-24T04:58:12.983+0530] {logging_mixin.py:188} INFO - [2025-05-24T04:58:12.983+0530] {dagbag.py:540} INFO - Filling up the DagBag from /Library/Frameworks/Python.framework/Versions/3.12/lib/python3.12/site-packages/airflow/example_dags/example_dynamic_task_mapping_with_no_taskflow_operators.py
[2025-05-24T04:58:12.990+0530] {processor.py:840} INFO - DAG(s) 'example_dynamic_task_mapping_with_no_taskflow_operators' retrieved from /Library/Frameworks/Python.framework/Versions/3.12/lib/python3.12/site-packages/airflow/example_dags/example_dynamic_task_mapping_with_no_taskflow_operators.py
[2025-05-24T04:58:13.125+0530] {logging_mixin.py:188} INFO - [2025-05-24T04:58:13.124+0530] {dag.py:3096} INFO - Sync 1 DAGs
[2025-05-24T04:58:13.141+0530] {logging_mixin.py:188} INFO - [2025-05-24T04:58:13.141+0530] {dag.py:3954} INFO - Setting next_dagrun for example_dynamic_task_mapping_with_no_taskflow_operators to 2025-05-22 00:00:00+00:00, run_after=2025-05-23 00:00:00+00:00
[2025-05-24T04:58:13.157+0530] {processor.py:183} INFO - Processing /Library/Frameworks/Python.framework/Versions/3.12/lib/python3.12/site-packages/airflow/example_dags/example_dynamic_task_mapping_with_no_taskflow_operators.py took 0.179 seconds
[2025-05-24T05:02:00.089+0530] {processor.py:161} INFO - Started process (PID=17898) to work on /Library/Frameworks/Python.framework/Versions/3.12/lib/python3.12/site-packages/airflow/example_dags/example_dynamic_task_mapping_with_no_taskflow_operators.py
[2025-05-24T05:02:00.091+0530] {processor.py:830} INFO - Processing file /Library/Frameworks/Python.framework/Versions/3.12/lib/python3.12/site-packages/airflow/example_dags/example_dynamic_task_mapping_with_no_taskflow_operators.py for tasks to queue
[2025-05-24T05:02:00.092+0530] {logging_mixin.py:188} INFO - [2025-05-24T05:02:00.091+0530] {dagbag.py:540} INFO - Filling up the DagBag from /Library/Frameworks/Python.framework/Versions/3.12/lib/python3.12/site-packages/airflow/example_dags/example_dynamic_task_mapping_with_no_taskflow_operators.py
[2025-05-24T05:02:00.098+0530] {processor.py:840} INFO - DAG(s) 'example_dynamic_task_mapping_with_no_taskflow_operators' retrieved from /Library/Frameworks/Python.framework/Versions/3.12/lib/python3.12/site-packages/airflow/example_dags/example_dynamic_task_mapping_with_no_taskflow_operators.py
[2025-05-24T05:02:00.225+0530] {logging_mixin.py:188} INFO - [2025-05-24T05:02:00.225+0530] {dag.py:3096} INFO - Sync 1 DAGs
[2025-05-24T05:02:00.243+0530] {logging_mixin.py:188} INFO - [2025-05-24T05:02:00.243+0530] {dag.py:3954} INFO - Setting next_dagrun for example_dynamic_task_mapping_with_no_taskflow_operators to 2025-05-22 00:00:00+00:00, run_after=2025-05-23 00:00:00+00:00
[2025-05-24T05:02:00.260+0530] {processor.py:183} INFO - Processing /Library/Frameworks/Python.framework/Versions/3.12/lib/python3.12/site-packages/airflow/example_dags/example_dynamic_task_mapping_with_no_taskflow_operators.py took 0.175 seconds
[2025-05-24T05:05:46.172+0530] {processor.py:161} INFO - Started process (PID=18013) to work on /Library/Frameworks/Python.framework/Versions/3.12/lib/python3.12/site-packages/airflow/example_dags/example_dynamic_task_mapping_with_no_taskflow_operators.py
[2025-05-24T05:05:46.174+0530] {processor.py:830} INFO - Processing file /Library/Frameworks/Python.framework/Versions/3.12/lib/python3.12/site-packages/airflow/example_dags/example_dynamic_task_mapping_with_no_taskflow_operators.py for tasks to queue
[2025-05-24T05:05:46.175+0530] {logging_mixin.py:188} INFO - [2025-05-24T05:05:46.174+0530] {dagbag.py:540} INFO - Filling up the DagBag from /Library/Frameworks/Python.framework/Versions/3.12/lib/python3.12/site-packages/airflow/example_dags/example_dynamic_task_mapping_with_no_taskflow_operators.py
[2025-05-24T05:05:46.181+0530] {processor.py:840} INFO - DAG(s) 'example_dynamic_task_mapping_with_no_taskflow_operators' retrieved from /Library/Frameworks/Python.framework/Versions/3.12/lib/python3.12/site-packages/airflow/example_dags/example_dynamic_task_mapping_with_no_taskflow_operators.py
[2025-05-24T05:05:46.302+0530] {logging_mixin.py:188} INFO - [2025-05-24T05:05:46.302+0530] {dag.py:3096} INFO - Sync 1 DAGs
[2025-05-24T05:05:46.321+0530] {logging_mixin.py:188} INFO - [2025-05-24T05:05:46.321+0530] {dag.py:3954} INFO - Setting next_dagrun for example_dynamic_task_mapping_with_no_taskflow_operators to 2025-05-22 00:00:00+00:00, run_after=2025-05-23 00:00:00+00:00
[2025-05-24T05:05:46.339+0530] {processor.py:183} INFO - Processing /Library/Frameworks/Python.framework/Versions/3.12/lib/python3.12/site-packages/airflow/example_dags/example_dynamic_task_mapping_with_no_taskflow_operators.py took 0.171 seconds
[2025-05-24T05:09:35.601+0530] {processor.py:161} INFO - Started process (PID=18118) to work on /Library/Frameworks/Python.framework/Versions/3.12/lib/python3.12/site-packages/airflow/example_dags/example_dynamic_task_mapping_with_no_taskflow_operators.py
[2025-05-24T05:09:35.603+0530] {processor.py:830} INFO - Processing file /Library/Frameworks/Python.framework/Versions/3.12/lib/python3.12/site-packages/airflow/example_dags/example_dynamic_task_mapping_with_no_taskflow_operators.py for tasks to queue
[2025-05-24T05:09:35.604+0530] {logging_mixin.py:188} INFO - [2025-05-24T05:09:35.604+0530] {dagbag.py:540} INFO - Filling up the DagBag from /Library/Frameworks/Python.framework/Versions/3.12/lib/python3.12/site-packages/airflow/example_dags/example_dynamic_task_mapping_with_no_taskflow_operators.py
[2025-05-24T05:09:35.611+0530] {processor.py:840} INFO - DAG(s) 'example_dynamic_task_mapping_with_no_taskflow_operators' retrieved from /Library/Frameworks/Python.framework/Versions/3.12/lib/python3.12/site-packages/airflow/example_dags/example_dynamic_task_mapping_with_no_taskflow_operators.py
[2025-05-24T05:09:35.735+0530] {logging_mixin.py:188} INFO - [2025-05-24T05:09:35.735+0530] {dag.py:3096} INFO - Sync 1 DAGs
[2025-05-24T05:09:35.754+0530] {logging_mixin.py:188} INFO - [2025-05-24T05:09:35.753+0530] {dag.py:3954} INFO - Setting next_dagrun for example_dynamic_task_mapping_with_no_taskflow_operators to 2025-05-22 00:00:00+00:00, run_after=2025-05-23 00:00:00+00:00
[2025-05-24T05:09:35.771+0530] {processor.py:183} INFO - Processing /Library/Frameworks/Python.framework/Versions/3.12/lib/python3.12/site-packages/airflow/example_dags/example_dynamic_task_mapping_with_no_taskflow_operators.py took 0.174 seconds
