[2025-05-24T04:24:22.225+0530] {processor.py:161} INFO - Started process (PID=15687) to work on /Library/Frameworks/Python.framework/Versions/3.12/lib/python3.12/site-packages/airflow/example_dags/example_branch_python_dop_operator_3.py
[2025-05-24T04:24:22.226+0530] {processor.py:830} INFO - Processing file /Library/Frameworks/Python.framework/Versions/3.12/lib/python3.12/site-packages/airflow/example_dags/example_branch_python_dop_operator_3.py for tasks to queue
[2025-05-24T04:24:22.228+0530] {logging_mixin.py:188} INFO - [2025-05-24T04:24:22.227+0530] {dagbag.py:540} INFO - Filling up the DagBag from /Library/Frameworks/Python.framework/Versions/3.12/lib/python3.12/site-packages/airflow/example_dags/example_branch_python_dop_operator_3.py
[2025-05-24T04:24:22.270+0530] {processor.py:840} INFO - DAG(s) 'example_branch_dop_operator_v3' retrieved from /Library/Frameworks/Python.framework/Versions/3.12/lib/python3.12/site-packages/airflow/example_dags/example_branch_python_dop_operator_3.py
[2025-05-24T04:24:22.495+0530] {logging_mixin.py:188} INFO - [2025-05-24T04:24:22.494+0530] {dag.py:3096} INFO - Sync 1 DAGs
[2025-05-24T04:24:22.509+0530] {logging_mixin.py:188} INFO - [2025-05-24T04:24:22.509+0530] {dag.py:3954} INFO - Setting next_dagrun for example_branch_dop_operator_v3 to 2025-05-23 22:53:00+00:00, run_after=2025-05-23 22:54:00+00:00
[2025-05-24T04:24:22.522+0530] {processor.py:183} INFO - Processing /Library/Frameworks/Python.framework/Versions/3.12/lib/python3.12/site-packages/airflow/example_dags/example_branch_python_dop_operator_3.py took 0.300 seconds
[2025-05-24T04:28:21.488+0530] {processor.py:161} INFO - Started process (PID=15823) to work on /Library/Frameworks/Python.framework/Versions/3.12/lib/python3.12/site-packages/airflow/example_dags/example_branch_python_dop_operator_3.py
[2025-05-24T04:28:21.490+0530] {processor.py:830} INFO - Processing file /Library/Frameworks/Python.framework/Versions/3.12/lib/python3.12/site-packages/airflow/example_dags/example_branch_python_dop_operator_3.py for tasks to queue
[2025-05-24T04:28:21.490+0530] {logging_mixin.py:188} INFO - [2025-05-24T04:28:21.490+0530] {dagbag.py:540} INFO - Filling up the DagBag from /Library/Frameworks/Python.framework/Versions/3.12/lib/python3.12/site-packages/airflow/example_dags/example_branch_python_dop_operator_3.py
[2025-05-24T04:28:21.527+0530] {processor.py:840} INFO - DAG(s) 'example_branch_dop_operator_v3' retrieved from /Library/Frameworks/Python.framework/Versions/3.12/lib/python3.12/site-packages/airflow/example_dags/example_branch_python_dop_operator_3.py
[2025-05-24T04:28:21.666+0530] {logging_mixin.py:188} INFO - [2025-05-24T04:28:21.666+0530] {dag.py:3096} INFO - Sync 1 DAGs
[2025-05-24T04:28:21.684+0530] {logging_mixin.py:188} INFO - [2025-05-24T04:28:21.683+0530] {dag.py:3954} INFO - Setting next_dagrun for example_branch_dop_operator_v3 to 2025-05-23 22:57:00+00:00, run_after=2025-05-23 22:58:00+00:00
[2025-05-24T04:28:21.700+0530] {processor.py:183} INFO - Processing /Library/Frameworks/Python.framework/Versions/3.12/lib/python3.12/site-packages/airflow/example_dags/example_branch_python_dop_operator_3.py took 0.215 seconds
[2025-05-24T04:32:13.328+0530] {processor.py:161} INFO - Started process (PID=15948) to work on /Library/Frameworks/Python.framework/Versions/3.12/lib/python3.12/site-packages/airflow/example_dags/example_branch_python_dop_operator_3.py
[2025-05-24T04:32:13.330+0530] {processor.py:830} INFO - Processing file /Library/Frameworks/Python.framework/Versions/3.12/lib/python3.12/site-packages/airflow/example_dags/example_branch_python_dop_operator_3.py for tasks to queue
[2025-05-24T04:32:13.331+0530] {logging_mixin.py:188} INFO - [2025-05-24T04:32:13.331+0530] {dagbag.py:540} INFO - Filling up the DagBag from /Library/Frameworks/Python.framework/Versions/3.12/lib/python3.12/site-packages/airflow/example_dags/example_branch_python_dop_operator_3.py
[2025-05-24T04:32:13.369+0530] {processor.py:840} INFO - DAG(s) 'example_branch_dop_operator_v3' retrieved from /Library/Frameworks/Python.framework/Versions/3.12/lib/python3.12/site-packages/airflow/example_dags/example_branch_python_dop_operator_3.py
[2025-05-24T04:32:13.549+0530] {logging_mixin.py:188} INFO - [2025-05-24T04:32:13.548+0530] {dag.py:3096} INFO - Sync 1 DAGs
[2025-05-24T04:32:13.568+0530] {logging_mixin.py:188} INFO - [2025-05-24T04:32:13.568+0530] {dag.py:3954} INFO - Setting next_dagrun for example_branch_dop_operator_v3 to 2025-05-23 23:01:00+00:00, run_after=2025-05-23 23:02:00+00:00
[2025-05-24T04:32:13.584+0530] {processor.py:183} INFO - Processing /Library/Frameworks/Python.framework/Versions/3.12/lib/python3.12/site-packages/airflow/example_dags/example_branch_python_dop_operator_3.py took 0.261 seconds
[2025-05-24T04:36:23.250+0530] {processor.py:161} INFO - Started process (PID=16110) to work on /Library/Frameworks/Python.framework/Versions/3.12/lib/python3.12/site-packages/airflow/example_dags/example_branch_python_dop_operator_3.py
[2025-05-24T04:36:23.251+0530] {processor.py:830} INFO - Processing file /Library/Frameworks/Python.framework/Versions/3.12/lib/python3.12/site-packages/airflow/example_dags/example_branch_python_dop_operator_3.py for tasks to queue
[2025-05-24T04:36:23.251+0530] {logging_mixin.py:188} INFO - [2025-05-24T04:36:23.251+0530] {dagbag.py:540} INFO - Filling up the DagBag from /Library/Frameworks/Python.framework/Versions/3.12/lib/python3.12/site-packages/airflow/example_dags/example_branch_python_dop_operator_3.py
[2025-05-24T04:36:23.289+0530] {processor.py:840} INFO - DAG(s) 'example_branch_dop_operator_v3' retrieved from /Library/Frameworks/Python.framework/Versions/3.12/lib/python3.12/site-packages/airflow/example_dags/example_branch_python_dop_operator_3.py
[2025-05-24T04:36:23.439+0530] {logging_mixin.py:188} INFO - [2025-05-24T04:36:23.439+0530] {dag.py:3096} INFO - Sync 1 DAGs
[2025-05-24T04:36:23.459+0530] {logging_mixin.py:188} INFO - [2025-05-24T04:36:23.459+0530] {dag.py:3954} INFO - Setting next_dagrun for example_branch_dop_operator_v3 to 2025-05-23 23:05:00+00:00, run_after=2025-05-23 23:06:00+00:00
[2025-05-24T04:36:23.475+0530] {processor.py:183} INFO - Processing /Library/Frameworks/Python.framework/Versions/3.12/lib/python3.12/site-packages/airflow/example_dags/example_branch_python_dop_operator_3.py took 0.228 seconds
[2025-05-24T04:40:23.419+0530] {processor.py:161} INFO - Started process (PID=16235) to work on /Library/Frameworks/Python.framework/Versions/3.12/lib/python3.12/site-packages/airflow/example_dags/example_branch_python_dop_operator_3.py
[2025-05-24T04:40:23.420+0530] {processor.py:830} INFO - Processing file /Library/Frameworks/Python.framework/Versions/3.12/lib/python3.12/site-packages/airflow/example_dags/example_branch_python_dop_operator_3.py for tasks to queue
[2025-05-24T04:40:23.420+0530] {logging_mixin.py:188} INFO - [2025-05-24T04:40:23.420+0530] {dagbag.py:540} INFO - Filling up the DagBag from /Library/Frameworks/Python.framework/Versions/3.12/lib/python3.12/site-packages/airflow/example_dags/example_branch_python_dop_operator_3.py
[2025-05-24T04:40:23.459+0530] {processor.py:840} INFO - DAG(s) 'example_branch_dop_operator_v3' retrieved from /Library/Frameworks/Python.framework/Versions/3.12/lib/python3.12/site-packages/airflow/example_dags/example_branch_python_dop_operator_3.py
[2025-05-24T04:40:23.615+0530] {logging_mixin.py:188} INFO - [2025-05-24T04:40:23.614+0530] {dag.py:3096} INFO - Sync 1 DAGs
[2025-05-24T04:40:23.633+0530] {logging_mixin.py:188} INFO - [2025-05-24T04:40:23.633+0530] {dag.py:3954} INFO - Setting next_dagrun for example_branch_dop_operator_v3 to 2025-05-23 23:09:00+00:00, run_after=2025-05-23 23:10:00+00:00
[2025-05-24T04:40:23.650+0530] {processor.py:183} INFO - Processing /Library/Frameworks/Python.framework/Versions/3.12/lib/python3.12/site-packages/airflow/example_dags/example_branch_python_dop_operator_3.py took 0.234 seconds
[2025-05-24T04:44:26.875+0530] {processor.py:161} INFO - Started process (PID=17113) to work on /Library/Frameworks/Python.framework/Versions/3.12/lib/python3.12/site-packages/airflow/example_dags/example_branch_python_dop_operator_3.py
[2025-05-24T04:44:26.875+0530] {processor.py:830} INFO - Processing file /Library/Frameworks/Python.framework/Versions/3.12/lib/python3.12/site-packages/airflow/example_dags/example_branch_python_dop_operator_3.py for tasks to queue
[2025-05-24T04:44:26.876+0530] {logging_mixin.py:188} INFO - [2025-05-24T04:44:26.876+0530] {dagbag.py:540} INFO - Filling up the DagBag from /Library/Frameworks/Python.framework/Versions/3.12/lib/python3.12/site-packages/airflow/example_dags/example_branch_python_dop_operator_3.py
[2025-05-24T04:44:26.917+0530] {processor.py:840} INFO - DAG(s) 'example_branch_dop_operator_v3' retrieved from /Library/Frameworks/Python.framework/Versions/3.12/lib/python3.12/site-packages/airflow/example_dags/example_branch_python_dop_operator_3.py
[2025-05-24T04:44:27.065+0530] {logging_mixin.py:188} INFO - [2025-05-24T04:44:27.065+0530] {dag.py:3096} INFO - Sync 1 DAGs
[2025-05-24T04:44:27.082+0530] {logging_mixin.py:188} INFO - [2025-05-24T04:44:27.082+0530] {dag.py:3954} INFO - Setting next_dagrun for example_branch_dop_operator_v3 to 2025-05-23 23:13:00+00:00, run_after=2025-05-23 23:14:00+00:00
[2025-05-24T04:44:27.097+0530] {processor.py:183} INFO - Processing /Library/Frameworks/Python.framework/Versions/3.12/lib/python3.12/site-packages/airflow/example_dags/example_branch_python_dop_operator_3.py took 0.225 seconds
[2025-05-24T04:48:21.512+0530] {processor.py:161} INFO - Started process (PID=17415) to work on /Library/Frameworks/Python.framework/Versions/3.12/lib/python3.12/site-packages/airflow/example_dags/example_branch_python_dop_operator_3.py
[2025-05-24T04:48:21.512+0530] {processor.py:830} INFO - Processing file /Library/Frameworks/Python.framework/Versions/3.12/lib/python3.12/site-packages/airflow/example_dags/example_branch_python_dop_operator_3.py for tasks to queue
[2025-05-24T04:48:21.513+0530] {logging_mixin.py:188} INFO - [2025-05-24T04:48:21.513+0530] {dagbag.py:540} INFO - Filling up the DagBag from /Library/Frameworks/Python.framework/Versions/3.12/lib/python3.12/site-packages/airflow/example_dags/example_branch_python_dop_operator_3.py
[2025-05-24T04:48:21.551+0530] {processor.py:840} INFO - DAG(s) 'example_branch_dop_operator_v3' retrieved from /Library/Frameworks/Python.framework/Versions/3.12/lib/python3.12/site-packages/airflow/example_dags/example_branch_python_dop_operator_3.py
[2025-05-24T04:48:21.704+0530] {logging_mixin.py:188} INFO - [2025-05-24T04:48:21.704+0530] {dag.py:3096} INFO - Sync 1 DAGs
[2025-05-24T04:48:21.724+0530] {logging_mixin.py:188} INFO - [2025-05-24T04:48:21.724+0530] {dag.py:3954} INFO - Setting next_dagrun for example_branch_dop_operator_v3 to 2025-05-23 23:17:00+00:00, run_after=2025-05-23 23:18:00+00:00
[2025-05-24T04:48:21.739+0530] {processor.py:183} INFO - Processing /Library/Frameworks/Python.framework/Versions/3.12/lib/python3.12/site-packages/airflow/example_dags/example_branch_python_dop_operator_3.py took 0.230 seconds
[2025-05-24T04:52:22.293+0530] {processor.py:161} INFO - Started process (PID=17565) to work on /Library/Frameworks/Python.framework/Versions/3.12/lib/python3.12/site-packages/airflow/example_dags/example_branch_python_dop_operator_3.py
[2025-05-24T04:52:22.295+0530] {processor.py:830} INFO - Processing file /Library/Frameworks/Python.framework/Versions/3.12/lib/python3.12/site-packages/airflow/example_dags/example_branch_python_dop_operator_3.py for tasks to queue
[2025-05-24T04:52:22.296+0530] {logging_mixin.py:188} INFO - [2025-05-24T04:52:22.295+0530] {dagbag.py:540} INFO - Filling up the DagBag from /Library/Frameworks/Python.framework/Versions/3.12/lib/python3.12/site-packages/airflow/example_dags/example_branch_python_dop_operator_3.py
[2025-05-24T04:52:22.332+0530] {processor.py:840} INFO - DAG(s) 'example_branch_dop_operator_v3' retrieved from /Library/Frameworks/Python.framework/Versions/3.12/lib/python3.12/site-packages/airflow/example_dags/example_branch_python_dop_operator_3.py
[2025-05-24T04:52:22.469+0530] {logging_mixin.py:188} INFO - [2025-05-24T04:52:22.469+0530] {dag.py:3096} INFO - Sync 1 DAGs
[2025-05-24T04:52:22.487+0530] {logging_mixin.py:188} INFO - [2025-05-24T04:52:22.486+0530] {dag.py:3954} INFO - Setting next_dagrun for example_branch_dop_operator_v3 to 2025-05-23 23:21:00+00:00, run_after=2025-05-23 23:22:00+00:00
[2025-05-24T04:52:22.502+0530] {processor.py:183} INFO - Processing /Library/Frameworks/Python.framework/Versions/3.12/lib/python3.12/site-packages/airflow/example_dags/example_branch_python_dop_operator_3.py took 0.212 seconds
[2025-05-24T04:56:10.426+0530] {processor.py:161} INFO - Started process (PID=17695) to work on /Library/Frameworks/Python.framework/Versions/3.12/lib/python3.12/site-packages/airflow/example_dags/example_branch_python_dop_operator_3.py
[2025-05-24T04:56:10.428+0530] {processor.py:830} INFO - Processing file /Library/Frameworks/Python.framework/Versions/3.12/lib/python3.12/site-packages/airflow/example_dags/example_branch_python_dop_operator_3.py for tasks to queue
[2025-05-24T04:56:10.429+0530] {logging_mixin.py:188} INFO - [2025-05-24T04:56:10.428+0530] {dagbag.py:540} INFO - Filling up the DagBag from /Library/Frameworks/Python.framework/Versions/3.12/lib/python3.12/site-packages/airflow/example_dags/example_branch_python_dop_operator_3.py
[2025-05-24T04:56:10.467+0530] {processor.py:840} INFO - DAG(s) 'example_branch_dop_operator_v3' retrieved from /Library/Frameworks/Python.framework/Versions/3.12/lib/python3.12/site-packages/airflow/example_dags/example_branch_python_dop_operator_3.py
[2025-05-24T04:56:10.615+0530] {logging_mixin.py:188} INFO - [2025-05-24T04:56:10.615+0530] {dag.py:3096} INFO - Sync 1 DAGs
[2025-05-24T04:56:10.633+0530] {logging_mixin.py:188} INFO - [2025-05-24T04:56:10.633+0530] {dag.py:3954} INFO - Setting next_dagrun for example_branch_dop_operator_v3 to 2025-05-23 23:25:00+00:00, run_after=2025-05-23 23:26:00+00:00
[2025-05-24T04:56:10.648+0530] {processor.py:183} INFO - Processing /Library/Frameworks/Python.framework/Versions/3.12/lib/python3.12/site-packages/airflow/example_dags/example_branch_python_dop_operator_3.py took 0.225 seconds
[2025-05-24T04:59:58.834+0530] {processor.py:161} INFO - Started process (PID=17836) to work on /Library/Frameworks/Python.framework/Versions/3.12/lib/python3.12/site-packages/airflow/example_dags/example_branch_python_dop_operator_3.py
[2025-05-24T04:59:58.835+0530] {processor.py:830} INFO - Processing file /Library/Frameworks/Python.framework/Versions/3.12/lib/python3.12/site-packages/airflow/example_dags/example_branch_python_dop_operator_3.py for tasks to queue
[2025-05-24T04:59:58.836+0530] {logging_mixin.py:188} INFO - [2025-05-24T04:59:58.836+0530] {dagbag.py:540} INFO - Filling up the DagBag from /Library/Frameworks/Python.framework/Versions/3.12/lib/python3.12/site-packages/airflow/example_dags/example_branch_python_dop_operator_3.py
[2025-05-24T04:59:58.870+0530] {processor.py:840} INFO - DAG(s) 'example_branch_dop_operator_v3' retrieved from /Library/Frameworks/Python.framework/Versions/3.12/lib/python3.12/site-packages/airflow/example_dags/example_branch_python_dop_operator_3.py
[2025-05-24T04:59:59.001+0530] {logging_mixin.py:188} INFO - [2025-05-24T04:59:59.001+0530] {dag.py:3096} INFO - Sync 1 DAGs
[2025-05-24T04:59:59.018+0530] {logging_mixin.py:188} INFO - [2025-05-24T04:59:59.018+0530] {dag.py:3954} INFO - Setting next_dagrun for example_branch_dop_operator_v3 to 2025-05-23 23:28:00+00:00, run_after=2025-05-23 23:29:00+00:00
[2025-05-24T04:59:59.034+0530] {processor.py:183} INFO - Processing /Library/Frameworks/Python.framework/Versions/3.12/lib/python3.12/site-packages/airflow/example_dags/example_branch_python_dop_operator_3.py took 0.204 seconds
[2025-05-24T05:03:44.831+0530] {processor.py:161} INFO - Started process (PID=17958) to work on /Library/Frameworks/Python.framework/Versions/3.12/lib/python3.12/site-packages/airflow/example_dags/example_branch_python_dop_operator_3.py
[2025-05-24T05:03:44.833+0530] {processor.py:830} INFO - Processing file /Library/Frameworks/Python.framework/Versions/3.12/lib/python3.12/site-packages/airflow/example_dags/example_branch_python_dop_operator_3.py for tasks to queue
[2025-05-24T05:03:44.834+0530] {logging_mixin.py:188} INFO - [2025-05-24T05:03:44.834+0530] {dagbag.py:540} INFO - Filling up the DagBag from /Library/Frameworks/Python.framework/Versions/3.12/lib/python3.12/site-packages/airflow/example_dags/example_branch_python_dop_operator_3.py
[2025-05-24T05:03:44.867+0530] {processor.py:840} INFO - DAG(s) 'example_branch_dop_operator_v3' retrieved from /Library/Frameworks/Python.framework/Versions/3.12/lib/python3.12/site-packages/airflow/example_dags/example_branch_python_dop_operator_3.py
[2025-05-24T05:03:45.008+0530] {logging_mixin.py:188} INFO - [2025-05-24T05:03:45.007+0530] {dag.py:3096} INFO - Sync 1 DAGs
[2025-05-24T05:03:45.025+0530] {logging_mixin.py:188} INFO - [2025-05-24T05:03:45.025+0530] {dag.py:3954} INFO - Setting next_dagrun for example_branch_dop_operator_v3 to 2025-05-23 23:32:00+00:00, run_after=2025-05-23 23:33:00+00:00
[2025-05-24T05:03:45.041+0530] {processor.py:183} INFO - Processing /Library/Frameworks/Python.framework/Versions/3.12/lib/python3.12/site-packages/airflow/example_dags/example_branch_python_dop_operator_3.py took 0.214 seconds
[2025-05-24T05:07:30.591+0530] {processor.py:161} INFO - Started process (PID=18061) to work on /Library/Frameworks/Python.framework/Versions/3.12/lib/python3.12/site-packages/airflow/example_dags/example_branch_python_dop_operator_3.py
[2025-05-24T05:07:30.593+0530] {processor.py:830} INFO - Processing file /Library/Frameworks/Python.framework/Versions/3.12/lib/python3.12/site-packages/airflow/example_dags/example_branch_python_dop_operator_3.py for tasks to queue
[2025-05-24T05:07:30.594+0530] {logging_mixin.py:188} INFO - [2025-05-24T05:07:30.594+0530] {dagbag.py:540} INFO - Filling up the DagBag from /Library/Frameworks/Python.framework/Versions/3.12/lib/python3.12/site-packages/airflow/example_dags/example_branch_python_dop_operator_3.py
[2025-05-24T05:07:30.630+0530] {processor.py:840} INFO - DAG(s) 'example_branch_dop_operator_v3' retrieved from /Library/Frameworks/Python.framework/Versions/3.12/lib/python3.12/site-packages/airflow/example_dags/example_branch_python_dop_operator_3.py
[2025-05-24T05:07:30.767+0530] {logging_mixin.py:188} INFO - [2025-05-24T05:07:30.767+0530] {dag.py:3096} INFO - Sync 1 DAGs
[2025-05-24T05:07:30.784+0530] {logging_mixin.py:188} INFO - [2025-05-24T05:07:30.783+0530] {dag.py:3954} INFO - Setting next_dagrun for example_branch_dop_operator_v3 to 2025-05-23 23:36:00+00:00, run_after=2025-05-23 23:37:00+00:00
[2025-05-24T05:07:30.802+0530] {processor.py:183} INFO - Processing /Library/Frameworks/Python.framework/Versions/3.12/lib/python3.12/site-packages/airflow/example_dags/example_branch_python_dop_operator_3.py took 0.214 seconds
[2025-05-24T05:13:55.254+0530] {processor.py:161} INFO - Started process (PID=18207) to work on /Library/Frameworks/Python.framework/Versions/3.12/lib/python3.12/site-packages/airflow/example_dags/example_branch_python_dop_operator_3.py
[2025-05-24T05:13:55.255+0530] {processor.py:830} INFO - Processing file /Library/Frameworks/Python.framework/Versions/3.12/lib/python3.12/site-packages/airflow/example_dags/example_branch_python_dop_operator_3.py for tasks to queue
[2025-05-24T05:13:55.256+0530] {logging_mixin.py:188} INFO - [2025-05-24T05:13:55.256+0530] {dagbag.py:540} INFO - Filling up the DagBag from /Library/Frameworks/Python.framework/Versions/3.12/lib/python3.12/site-packages/airflow/example_dags/example_branch_python_dop_operator_3.py
[2025-05-24T05:13:55.296+0530] {processor.py:840} INFO - DAG(s) 'example_branch_dop_operator_v3' retrieved from /Library/Frameworks/Python.framework/Versions/3.12/lib/python3.12/site-packages/airflow/example_dags/example_branch_python_dop_operator_3.py
