[2025-05-24T04:24:13.120+0530] {processor.py:161} INFO - Started process (PID=15676) to work on /Library/Frameworks/Python.framework/Versions/3.12/lib/python3.12/site-packages/airflow/example_dags/example_datasets.py
[2025-05-24T04:24:13.121+0530] {processor.py:830} INFO - Processing file /Library/Frameworks/Python.framework/Versions/3.12/lib/python3.12/site-packages/airflow/example_dags/example_datasets.py for tasks to queue
[2025-05-24T04:24:13.121+0530] {logging_mixin.py:188} INFO - [2025-05-24T04:24:13.121+0530] {dagbag.py:540} INFO - Filling up the DagBag from /Library/Frameworks/Python.framework/Versions/3.12/lib/python3.12/site-packages/airflow/example_dags/example_datasets.py
[2025-05-24T04:24:13.195+0530] {processor.py:840} INFO - DAG(s) 'consume_1_or_2_with_dataset_expressions', 'dataset_consumes_1', 'dataset_produces_2', 'dataset_consumes_1_never_scheduled', 'consume_1_and_2_with_dataset_expressions', 'dataset_produces_1', 'dataset_consumes_1_and_2', 'dataset_consumes_unknown_never_scheduled', 'conditional_dataset_and_time_based_timetable', 'consume_1_or_both_2_and_3_with_dataset_expressions' retrieved from /Library/Frameworks/Python.framework/Versions/3.12/lib/python3.12/site-packages/airflow/example_dags/example_datasets.py
[2025-05-24T04:24:13.465+0530] {logging_mixin.py:188} INFO - [2025-05-24T04:24:13.465+0530] {dag.py:3096} INFO - Sync 10 DAGs
[2025-05-24T04:24:13.478+0530] {logging_mixin.py:188} INFO - [2025-05-24T04:24:13.478+0530] {dag.py:3954} INFO - Setting next_dagrun for conditional_dataset_and_time_based_timetable to 2025-05-21 01:00:00+00:00, run_after=2025-05-21 01:00:00+00:00
[2025-05-24T04:24:13.480+0530] {logging_mixin.py:188} INFO - [2025-05-24T04:24:13.480+0530] {dag.py:3954} INFO - Setting next_dagrun for consume_1_and_2_with_dataset_expressions to None, run_after=None
[2025-05-24T04:24:13.481+0530] {logging_mixin.py:188} INFO - [2025-05-24T04:24:13.481+0530] {dag.py:3954} INFO - Setting next_dagrun for consume_1_or_2_with_dataset_expressions to None, run_after=None
[2025-05-24T04:24:13.482+0530] {logging_mixin.py:188} INFO - [2025-05-24T04:24:13.481+0530] {dag.py:3954} INFO - Setting next_dagrun for consume_1_or_both_2_and_3_with_dataset_expressions to None, run_after=None
[2025-05-24T04:24:13.482+0530] {logging_mixin.py:188} INFO - [2025-05-24T04:24:13.482+0530] {dag.py:3954} INFO - Setting next_dagrun for dataset_consumes_1 to None, run_after=None
[2025-05-24T04:24:13.483+0530] {logging_mixin.py:188} INFO - [2025-05-24T04:24:13.483+0530] {dag.py:3954} INFO - Setting next_dagrun for dataset_consumes_1_and_2 to None, run_after=None
[2025-05-24T04:24:13.484+0530] {logging_mixin.py:188} INFO - [2025-05-24T04:24:13.484+0530] {dag.py:3954} INFO - Setting next_dagrun for dataset_consumes_1_never_scheduled to None, run_after=None
[2025-05-24T04:24:13.484+0530] {logging_mixin.py:188} INFO - [2025-05-24T04:24:13.484+0530] {dag.py:3954} INFO - Setting next_dagrun for dataset_consumes_unknown_never_scheduled to None, run_after=None
[2025-05-24T04:24:13.486+0530] {logging_mixin.py:188} INFO - [2025-05-24T04:24:13.486+0530] {dag.py:3954} INFO - Setting next_dagrun for dataset_produces_1 to 2025-05-22 00:00:00+00:00, run_after=2025-05-23 00:00:00+00:00
[2025-05-24T04:24:13.486+0530] {logging_mixin.py:188} INFO - [2025-05-24T04:24:13.486+0530] {dag.py:3954} INFO - Setting next_dagrun for dataset_produces_2 to None, run_after=None
[2025-05-24T04:24:13.510+0530] {processor.py:183} INFO - Processing /Library/Frameworks/Python.framework/Versions/3.12/lib/python3.12/site-packages/airflow/example_dags/example_datasets.py took 0.394 seconds
[2025-05-24T04:26:47.090+0530] {processor.py:161} INFO - Started process (PID=15779) to work on /Library/Frameworks/Python.framework/Versions/3.12/lib/python3.12/site-packages/airflow/example_dags/example_datasets.py
[2025-05-24T04:26:47.091+0530] {processor.py:830} INFO - Processing file /Library/Frameworks/Python.framework/Versions/3.12/lib/python3.12/site-packages/airflow/example_dags/example_datasets.py for tasks to queue
[2025-05-24T04:26:47.092+0530] {logging_mixin.py:188} INFO - [2025-05-24T04:26:47.091+0530] {dagbag.py:540} INFO - Filling up the DagBag from /Library/Frameworks/Python.framework/Versions/3.12/lib/python3.12/site-packages/airflow/example_dags/example_datasets.py
[2025-05-24T04:26:47.138+0530] {processor.py:840} INFO - DAG(s) 'dataset_produces_1', 'dataset_produces_2', 'dataset_consumes_1', 'dataset_consumes_1_and_2', 'dataset_consumes_1_never_scheduled', 'consume_1_and_2_with_dataset_expressions', 'dataset_consumes_unknown_never_scheduled', 'consume_1_or_2_with_dataset_expressions', 'consume_1_or_both_2_and_3_with_dataset_expressions', 'conditional_dataset_and_time_based_timetable' retrieved from /Library/Frameworks/Python.framework/Versions/3.12/lib/python3.12/site-packages/airflow/example_dags/example_datasets.py
[2025-05-24T04:26:47.302+0530] {logging_mixin.py:188} INFO - [2025-05-24T04:26:47.302+0530] {dag.py:3096} INFO - Sync 10 DAGs
[2025-05-24T04:26:47.319+0530] {logging_mixin.py:188} INFO - [2025-05-24T04:26:47.319+0530] {dag.py:3954} INFO - Setting next_dagrun for conditional_dataset_and_time_based_timetable to 2025-05-21 01:00:00+00:00, run_after=2025-05-21 01:00:00+00:00
[2025-05-24T04:26:47.322+0530] {logging_mixin.py:188} INFO - [2025-05-24T04:26:47.322+0530] {dag.py:3954} INFO - Setting next_dagrun for consume_1_and_2_with_dataset_expressions to None, run_after=None
[2025-05-24T04:26:47.323+0530] {logging_mixin.py:188} INFO - [2025-05-24T04:26:47.323+0530] {dag.py:3954} INFO - Setting next_dagrun for consume_1_or_2_with_dataset_expressions to None, run_after=None
[2025-05-24T04:26:47.324+0530] {logging_mixin.py:188} INFO - [2025-05-24T04:26:47.323+0530] {dag.py:3954} INFO - Setting next_dagrun for consume_1_or_both_2_and_3_with_dataset_expressions to None, run_after=None
[2025-05-24T04:26:47.324+0530] {logging_mixin.py:188} INFO - [2025-05-24T04:26:47.324+0530] {dag.py:3954} INFO - Setting next_dagrun for dataset_consumes_1 to None, run_after=None
[2025-05-24T04:26:47.325+0530] {logging_mixin.py:188} INFO - [2025-05-24T04:26:47.325+0530] {dag.py:3954} INFO - Setting next_dagrun for dataset_consumes_1_and_2 to None, run_after=None
[2025-05-24T04:26:47.326+0530] {logging_mixin.py:188} INFO - [2025-05-24T04:26:47.326+0530] {dag.py:3954} INFO - Setting next_dagrun for dataset_consumes_1_never_scheduled to None, run_after=None
[2025-05-24T04:26:47.327+0530] {logging_mixin.py:188} INFO - [2025-05-24T04:26:47.326+0530] {dag.py:3954} INFO - Setting next_dagrun for dataset_consumes_unknown_never_scheduled to None, run_after=None
[2025-05-24T04:26:47.328+0530] {logging_mixin.py:188} INFO - [2025-05-24T04:26:47.328+0530] {dag.py:3954} INFO - Setting next_dagrun for dataset_produces_1 to 2025-05-22 00:00:00+00:00, run_after=2025-05-23 00:00:00+00:00
[2025-05-24T04:26:47.329+0530] {logging_mixin.py:188} INFO - [2025-05-24T04:26:47.329+0530] {dag.py:3954} INFO - Setting next_dagrun for dataset_produces_2 to None, run_after=None
[2025-05-24T04:26:47.352+0530] {processor.py:183} INFO - Processing /Library/Frameworks/Python.framework/Versions/3.12/lib/python3.12/site-packages/airflow/example_dags/example_datasets.py took 0.266 seconds
[2025-05-24T04:30:36.777+0530] {processor.py:161} INFO - Started process (PID=15902) to work on /Library/Frameworks/Python.framework/Versions/3.12/lib/python3.12/site-packages/airflow/example_dags/example_datasets.py
[2025-05-24T04:30:36.778+0530] {processor.py:830} INFO - Processing file /Library/Frameworks/Python.framework/Versions/3.12/lib/python3.12/site-packages/airflow/example_dags/example_datasets.py for tasks to queue
[2025-05-24T04:30:36.779+0530] {logging_mixin.py:188} INFO - [2025-05-24T04:30:36.779+0530] {dagbag.py:540} INFO - Filling up the DagBag from /Library/Frameworks/Python.framework/Versions/3.12/lib/python3.12/site-packages/airflow/example_dags/example_datasets.py
[2025-05-24T04:30:36.826+0530] {processor.py:840} INFO - DAG(s) 'dataset_consumes_1_and_2', 'dataset_consumes_unknown_never_scheduled', 'conditional_dataset_and_time_based_timetable', 'consume_1_or_2_with_dataset_expressions', 'dataset_produces_2', 'dataset_consumes_1', 'dataset_consumes_1_never_scheduled', 'consume_1_or_both_2_and_3_with_dataset_expressions', 'consume_1_and_2_with_dataset_expressions', 'dataset_produces_1' retrieved from /Library/Frameworks/Python.framework/Versions/3.12/lib/python3.12/site-packages/airflow/example_dags/example_datasets.py
[2025-05-24T04:30:36.989+0530] {logging_mixin.py:188} INFO - [2025-05-24T04:30:36.989+0530] {dag.py:3096} INFO - Sync 10 DAGs
[2025-05-24T04:30:37.006+0530] {logging_mixin.py:188} INFO - [2025-05-24T04:30:37.006+0530] {dag.py:3954} INFO - Setting next_dagrun for conditional_dataset_and_time_based_timetable to 2025-05-21 01:00:00+00:00, run_after=2025-05-21 01:00:00+00:00
[2025-05-24T04:30:37.009+0530] {logging_mixin.py:188} INFO - [2025-05-24T04:30:37.008+0530] {dag.py:3954} INFO - Setting next_dagrun for consume_1_and_2_with_dataset_expressions to None, run_after=None
[2025-05-24T04:30:37.009+0530] {logging_mixin.py:188} INFO - [2025-05-24T04:30:37.009+0530] {dag.py:3954} INFO - Setting next_dagrun for consume_1_or_2_with_dataset_expressions to None, run_after=None
[2025-05-24T04:30:37.010+0530] {logging_mixin.py:188} INFO - [2025-05-24T04:30:37.010+0530] {dag.py:3954} INFO - Setting next_dagrun for consume_1_or_both_2_and_3_with_dataset_expressions to None, run_after=None
[2025-05-24T04:30:37.011+0530] {logging_mixin.py:188} INFO - [2025-05-24T04:30:37.011+0530] {dag.py:3954} INFO - Setting next_dagrun for dataset_consumes_1 to None, run_after=None
[2025-05-24T04:30:37.012+0530] {logging_mixin.py:188} INFO - [2025-05-24T04:30:37.011+0530] {dag.py:3954} INFO - Setting next_dagrun for dataset_consumes_1_and_2 to None, run_after=None
[2025-05-24T04:30:37.012+0530] {logging_mixin.py:188} INFO - [2025-05-24T04:30:37.012+0530] {dag.py:3954} INFO - Setting next_dagrun for dataset_consumes_1_never_scheduled to None, run_after=None
[2025-05-24T04:30:37.013+0530] {logging_mixin.py:188} INFO - [2025-05-24T04:30:37.013+0530] {dag.py:3954} INFO - Setting next_dagrun for dataset_consumes_unknown_never_scheduled to None, run_after=None
[2025-05-24T04:30:37.015+0530] {logging_mixin.py:188} INFO - [2025-05-24T04:30:37.015+0530] {dag.py:3954} INFO - Setting next_dagrun for dataset_produces_1 to 2025-05-22 00:00:00+00:00, run_after=2025-05-23 00:00:00+00:00
[2025-05-24T04:30:37.016+0530] {logging_mixin.py:188} INFO - [2025-05-24T04:30:37.016+0530] {dag.py:3954} INFO - Setting next_dagrun for dataset_produces_2 to None, run_after=None
[2025-05-24T04:30:37.037+0530] {processor.py:183} INFO - Processing /Library/Frameworks/Python.framework/Versions/3.12/lib/python3.12/site-packages/airflow/example_dags/example_datasets.py took 0.264 seconds
[2025-05-24T04:34:37.098+0530] {processor.py:161} INFO - Started process (PID=16043) to work on /Library/Frameworks/Python.framework/Versions/3.12/lib/python3.12/site-packages/airflow/example_dags/example_datasets.py
[2025-05-24T04:34:37.100+0530] {processor.py:830} INFO - Processing file /Library/Frameworks/Python.framework/Versions/3.12/lib/python3.12/site-packages/airflow/example_dags/example_datasets.py for tasks to queue
[2025-05-24T04:34:37.100+0530] {logging_mixin.py:188} INFO - [2025-05-24T04:34:37.100+0530] {dagbag.py:540} INFO - Filling up the DagBag from /Library/Frameworks/Python.framework/Versions/3.12/lib/python3.12/site-packages/airflow/example_dags/example_datasets.py
[2025-05-24T04:34:37.155+0530] {processor.py:840} INFO - DAG(s) 'dataset_produces_2', 'consume_1_or_2_with_dataset_expressions', 'dataset_consumes_1_never_scheduled', 'dataset_consumes_1_and_2', 'conditional_dataset_and_time_based_timetable', 'consume_1_or_both_2_and_3_with_dataset_expressions', 'dataset_consumes_unknown_never_scheduled', 'dataset_produces_1', 'consume_1_and_2_with_dataset_expressions', 'dataset_consumes_1' retrieved from /Library/Frameworks/Python.framework/Versions/3.12/lib/python3.12/site-packages/airflow/example_dags/example_datasets.py
[2025-05-24T04:34:37.357+0530] {logging_mixin.py:188} INFO - [2025-05-24T04:34:37.357+0530] {dag.py:3096} INFO - Sync 10 DAGs
[2025-05-24T04:34:37.375+0530] {logging_mixin.py:188} INFO - [2025-05-24T04:34:37.375+0530] {dag.py:3954} INFO - Setting next_dagrun for conditional_dataset_and_time_based_timetable to 2025-05-21 01:00:00+00:00, run_after=2025-05-21 01:00:00+00:00
[2025-05-24T04:34:37.378+0530] {logging_mixin.py:188} INFO - [2025-05-24T04:34:37.378+0530] {dag.py:3954} INFO - Setting next_dagrun for consume_1_and_2_with_dataset_expressions to None, run_after=None
[2025-05-24T04:34:37.379+0530] {logging_mixin.py:188} INFO - [2025-05-24T04:34:37.379+0530] {dag.py:3954} INFO - Setting next_dagrun for consume_1_or_2_with_dataset_expressions to None, run_after=None
[2025-05-24T04:34:37.379+0530] {logging_mixin.py:188} INFO - [2025-05-24T04:34:37.379+0530] {dag.py:3954} INFO - Setting next_dagrun for consume_1_or_both_2_and_3_with_dataset_expressions to None, run_after=None
[2025-05-24T04:34:37.380+0530] {logging_mixin.py:188} INFO - [2025-05-24T04:34:37.380+0530] {dag.py:3954} INFO - Setting next_dagrun for dataset_consumes_1 to None, run_after=None
[2025-05-24T04:34:37.381+0530] {logging_mixin.py:188} INFO - [2025-05-24T04:34:37.381+0530] {dag.py:3954} INFO - Setting next_dagrun for dataset_consumes_1_and_2 to None, run_after=None
[2025-05-24T04:34:37.382+0530] {logging_mixin.py:188} INFO - [2025-05-24T04:34:37.382+0530] {dag.py:3954} INFO - Setting next_dagrun for dataset_consumes_1_never_scheduled to None, run_after=None
[2025-05-24T04:34:37.383+0530] {logging_mixin.py:188} INFO - [2025-05-24T04:34:37.383+0530] {dag.py:3954} INFO - Setting next_dagrun for dataset_consumes_unknown_never_scheduled to None, run_after=None
[2025-05-24T04:34:37.385+0530] {logging_mixin.py:188} INFO - [2025-05-24T04:34:37.385+0530] {dag.py:3954} INFO - Setting next_dagrun for dataset_produces_1 to 2025-05-22 00:00:00+00:00, run_after=2025-05-23 00:00:00+00:00
[2025-05-24T04:34:37.386+0530] {logging_mixin.py:188} INFO - [2025-05-24T04:34:37.385+0530] {dag.py:3954} INFO - Setting next_dagrun for dataset_produces_2 to None, run_after=None
[2025-05-24T04:34:37.410+0530] {processor.py:183} INFO - Processing /Library/Frameworks/Python.framework/Versions/3.12/lib/python3.12/site-packages/airflow/example_dags/example_datasets.py took 0.315 seconds
[2025-05-24T04:38:40.057+0530] {processor.py:161} INFO - Started process (PID=16189) to work on /Library/Frameworks/Python.framework/Versions/3.12/lib/python3.12/site-packages/airflow/example_dags/example_datasets.py
[2025-05-24T04:38:40.058+0530] {processor.py:830} INFO - Processing file /Library/Frameworks/Python.framework/Versions/3.12/lib/python3.12/site-packages/airflow/example_dags/example_datasets.py for tasks to queue
[2025-05-24T04:38:40.059+0530] {logging_mixin.py:188} INFO - [2025-05-24T04:38:40.059+0530] {dagbag.py:540} INFO - Filling up the DagBag from /Library/Frameworks/Python.framework/Versions/3.12/lib/python3.12/site-packages/airflow/example_dags/example_datasets.py
[2025-05-24T04:38:40.114+0530] {processor.py:840} INFO - DAG(s) 'dataset_consumes_1_and_2', 'consume_1_and_2_with_dataset_expressions', 'dataset_produces_2', 'dataset_consumes_1_never_scheduled', 'dataset_consumes_1', 'consume_1_or_2_with_dataset_expressions', 'dataset_consumes_unknown_never_scheduled', 'conditional_dataset_and_time_based_timetable', 'dataset_produces_1', 'consume_1_or_both_2_and_3_with_dataset_expressions' retrieved from /Library/Frameworks/Python.framework/Versions/3.12/lib/python3.12/site-packages/airflow/example_dags/example_datasets.py
[2025-05-24T04:38:40.292+0530] {logging_mixin.py:188} INFO - [2025-05-24T04:38:40.291+0530] {dag.py:3096} INFO - Sync 10 DAGs
[2025-05-24T04:38:40.314+0530] {logging_mixin.py:188} INFO - [2025-05-24T04:38:40.314+0530] {dag.py:3954} INFO - Setting next_dagrun for conditional_dataset_and_time_based_timetable to 2025-05-21 01:00:00+00:00, run_after=2025-05-21 01:00:00+00:00
[2025-05-24T04:38:40.317+0530] {logging_mixin.py:188} INFO - [2025-05-24T04:38:40.317+0530] {dag.py:3954} INFO - Setting next_dagrun for consume_1_and_2_with_dataset_expressions to None, run_after=None
[2025-05-24T04:38:40.318+0530] {logging_mixin.py:188} INFO - [2025-05-24T04:38:40.318+0530] {dag.py:3954} INFO - Setting next_dagrun for consume_1_or_2_with_dataset_expressions to None, run_after=None
[2025-05-24T04:38:40.319+0530] {logging_mixin.py:188} INFO - [2025-05-24T04:38:40.319+0530] {dag.py:3954} INFO - Setting next_dagrun for consume_1_or_both_2_and_3_with_dataset_expressions to None, run_after=None
[2025-05-24T04:38:40.320+0530] {logging_mixin.py:188} INFO - [2025-05-24T04:38:40.320+0530] {dag.py:3954} INFO - Setting next_dagrun for dataset_consumes_1 to None, run_after=None
[2025-05-24T04:38:40.321+0530] {logging_mixin.py:188} INFO - [2025-05-24T04:38:40.321+0530] {dag.py:3954} INFO - Setting next_dagrun for dataset_consumes_1_and_2 to None, run_after=None
[2025-05-24T04:38:40.322+0530] {logging_mixin.py:188} INFO - [2025-05-24T04:38:40.321+0530] {dag.py:3954} INFO - Setting next_dagrun for dataset_consumes_1_never_scheduled to None, run_after=None
[2025-05-24T04:38:40.322+0530] {logging_mixin.py:188} INFO - [2025-05-24T04:38:40.322+0530] {dag.py:3954} INFO - Setting next_dagrun for dataset_consumes_unknown_never_scheduled to None, run_after=None
[2025-05-24T04:38:40.324+0530] {logging_mixin.py:188} INFO - [2025-05-24T04:38:40.324+0530] {dag.py:3954} INFO - Setting next_dagrun for dataset_produces_1 to 2025-05-22 00:00:00+00:00, run_after=2025-05-23 00:00:00+00:00
[2025-05-24T04:38:40.325+0530] {logging_mixin.py:188} INFO - [2025-05-24T04:38:40.325+0530] {dag.py:3954} INFO - Setting next_dagrun for dataset_produces_2 to None, run_after=None
[2025-05-24T04:38:40.348+0530] {processor.py:183} INFO - Processing /Library/Frameworks/Python.framework/Versions/3.12/lib/python3.12/site-packages/airflow/example_dags/example_datasets.py took 0.294 seconds
[2025-05-24T04:42:48.305+0530] {processor.py:161} INFO - Started process (PID=16403) to work on /Library/Frameworks/Python.framework/Versions/3.12/lib/python3.12/site-packages/airflow/example_dags/example_datasets.py
[2025-05-24T04:42:48.306+0530] {processor.py:830} INFO - Processing file /Library/Frameworks/Python.framework/Versions/3.12/lib/python3.12/site-packages/airflow/example_dags/example_datasets.py for tasks to queue
[2025-05-24T04:42:48.307+0530] {logging_mixin.py:188} INFO - [2025-05-24T04:42:48.306+0530] {dagbag.py:540} INFO - Filling up the DagBag from /Library/Frameworks/Python.framework/Versions/3.12/lib/python3.12/site-packages/airflow/example_dags/example_datasets.py
[2025-05-24T04:42:48.363+0530] {processor.py:840} INFO - DAG(s) 'dataset_produces_1', 'consume_1_and_2_with_dataset_expressions', 'conditional_dataset_and_time_based_timetable', 'dataset_consumes_unknown_never_scheduled', 'dataset_consumes_1_and_2', 'consume_1_or_2_with_dataset_expressions', 'dataset_consumes_1', 'consume_1_or_both_2_and_3_with_dataset_expressions', 'dataset_produces_2', 'dataset_consumes_1_never_scheduled' retrieved from /Library/Frameworks/Python.framework/Versions/3.12/lib/python3.12/site-packages/airflow/example_dags/example_datasets.py
[2025-05-24T04:42:48.533+0530] {logging_mixin.py:188} INFO - [2025-05-24T04:42:48.533+0530] {dag.py:3096} INFO - Sync 10 DAGs
[2025-05-24T04:42:48.550+0530] {logging_mixin.py:188} INFO - [2025-05-24T04:42:48.550+0530] {dag.py:3954} INFO - Setting next_dagrun for conditional_dataset_and_time_based_timetable to 2025-05-21 01:00:00+00:00, run_after=2025-05-21 01:00:00+00:00
[2025-05-24T04:42:48.553+0530] {logging_mixin.py:188} INFO - [2025-05-24T04:42:48.553+0530] {dag.py:3954} INFO - Setting next_dagrun for consume_1_and_2_with_dataset_expressions to None, run_after=None
[2025-05-24T04:42:48.554+0530] {logging_mixin.py:188} INFO - [2025-05-24T04:42:48.554+0530] {dag.py:3954} INFO - Setting next_dagrun for consume_1_or_2_with_dataset_expressions to None, run_after=None
[2025-05-24T04:42:48.555+0530] {logging_mixin.py:188} INFO - [2025-05-24T04:42:48.555+0530] {dag.py:3954} INFO - Setting next_dagrun for consume_1_or_both_2_and_3_with_dataset_expressions to None, run_after=None
[2025-05-24T04:42:48.556+0530] {logging_mixin.py:188} INFO - [2025-05-24T04:42:48.555+0530] {dag.py:3954} INFO - Setting next_dagrun for dataset_consumes_1 to None, run_after=None
[2025-05-24T04:42:48.556+0530] {logging_mixin.py:188} INFO - [2025-05-24T04:42:48.556+0530] {dag.py:3954} INFO - Setting next_dagrun for dataset_consumes_1_and_2 to None, run_after=None
[2025-05-24T04:42:48.557+0530] {logging_mixin.py:188} INFO - [2025-05-24T04:42:48.557+0530] {dag.py:3954} INFO - Setting next_dagrun for dataset_consumes_1_never_scheduled to None, run_after=None
[2025-05-24T04:42:48.558+0530] {logging_mixin.py:188} INFO - [2025-05-24T04:42:48.558+0530] {dag.py:3954} INFO - Setting next_dagrun for dataset_consumes_unknown_never_scheduled to None, run_after=None
[2025-05-24T04:42:48.560+0530] {logging_mixin.py:188} INFO - [2025-05-24T04:42:48.560+0530] {dag.py:3954} INFO - Setting next_dagrun for dataset_produces_1 to 2025-05-22 00:00:00+00:00, run_after=2025-05-23 00:00:00+00:00
[2025-05-24T04:42:48.561+0530] {logging_mixin.py:188} INFO - [2025-05-24T04:42:48.560+0530] {dag.py:3954} INFO - Setting next_dagrun for dataset_produces_2 to None, run_after=None
[2025-05-24T04:42:48.584+0530] {processor.py:183} INFO - Processing /Library/Frameworks/Python.framework/Versions/3.12/lib/python3.12/site-packages/airflow/example_dags/example_datasets.py took 0.282 seconds
[2025-05-24T04:46:45.860+0530] {processor.py:161} INFO - Started process (PID=17355) to work on /Library/Frameworks/Python.framework/Versions/3.12/lib/python3.12/site-packages/airflow/example_dags/example_datasets.py
[2025-05-24T04:46:45.861+0530] {processor.py:830} INFO - Processing file /Library/Frameworks/Python.framework/Versions/3.12/lib/python3.12/site-packages/airflow/example_dags/example_datasets.py for tasks to queue
[2025-05-24T04:46:45.861+0530] {logging_mixin.py:188} INFO - [2025-05-24T04:46:45.861+0530] {dagbag.py:540} INFO - Filling up the DagBag from /Library/Frameworks/Python.framework/Versions/3.12/lib/python3.12/site-packages/airflow/example_dags/example_datasets.py
[2025-05-24T04:46:45.913+0530] {processor.py:840} INFO - DAG(s) 'dataset_produces_2', 'dataset_consumes_1_never_scheduled', 'consume_1_and_2_with_dataset_expressions', 'conditional_dataset_and_time_based_timetable', 'dataset_consumes_1_and_2', 'consume_1_or_both_2_and_3_with_dataset_expressions', 'dataset_consumes_unknown_never_scheduled', 'dataset_produces_1', 'dataset_consumes_1', 'consume_1_or_2_with_dataset_expressions' retrieved from /Library/Frameworks/Python.framework/Versions/3.12/lib/python3.12/site-packages/airflow/example_dags/example_datasets.py
[2025-05-24T04:46:46.086+0530] {logging_mixin.py:188} INFO - [2025-05-24T04:46:46.086+0530] {dag.py:3096} INFO - Sync 10 DAGs
[2025-05-24T04:46:46.104+0530] {logging_mixin.py:188} INFO - [2025-05-24T04:46:46.103+0530] {dag.py:3954} INFO - Setting next_dagrun for conditional_dataset_and_time_based_timetable to 2025-05-21 01:00:00+00:00, run_after=2025-05-21 01:00:00+00:00
[2025-05-24T04:46:46.106+0530] {logging_mixin.py:188} INFO - [2025-05-24T04:46:46.106+0530] {dag.py:3954} INFO - Setting next_dagrun for consume_1_and_2_with_dataset_expressions to None, run_after=None
[2025-05-24T04:46:46.107+0530] {logging_mixin.py:188} INFO - [2025-05-24T04:46:46.107+0530] {dag.py:3954} INFO - Setting next_dagrun for consume_1_or_2_with_dataset_expressions to None, run_after=None
[2025-05-24T04:46:46.108+0530] {logging_mixin.py:188} INFO - [2025-05-24T04:46:46.108+0530] {dag.py:3954} INFO - Setting next_dagrun for consume_1_or_both_2_and_3_with_dataset_expressions to None, run_after=None
[2025-05-24T04:46:46.109+0530] {logging_mixin.py:188} INFO - [2025-05-24T04:46:46.108+0530] {dag.py:3954} INFO - Setting next_dagrun for dataset_consumes_1 to None, run_after=None
[2025-05-24T04:46:46.109+0530] {logging_mixin.py:188} INFO - [2025-05-24T04:46:46.109+0530] {dag.py:3954} INFO - Setting next_dagrun for dataset_consumes_1_and_2 to None, run_after=None
[2025-05-24T04:46:46.110+0530] {logging_mixin.py:188} INFO - [2025-05-24T04:46:46.110+0530] {dag.py:3954} INFO - Setting next_dagrun for dataset_consumes_1_never_scheduled to None, run_after=None
[2025-05-24T04:46:46.111+0530] {logging_mixin.py:188} INFO - [2025-05-24T04:46:46.111+0530] {dag.py:3954} INFO - Setting next_dagrun for dataset_consumes_unknown_never_scheduled to None, run_after=None
[2025-05-24T04:46:46.113+0530] {logging_mixin.py:188} INFO - [2025-05-24T04:46:46.113+0530] {dag.py:3954} INFO - Setting next_dagrun for dataset_produces_1 to 2025-05-22 00:00:00+00:00, run_after=2025-05-23 00:00:00+00:00
[2025-05-24T04:46:46.114+0530] {logging_mixin.py:188} INFO - [2025-05-24T04:46:46.113+0530] {dag.py:3954} INFO - Setting next_dagrun for dataset_produces_2 to None, run_after=None
[2025-05-24T04:46:46.137+0530] {processor.py:183} INFO - Processing /Library/Frameworks/Python.framework/Versions/3.12/lib/python3.12/site-packages/airflow/example_dags/example_datasets.py took 0.280 seconds
[2025-05-24T04:50:45.201+0530] {processor.py:161} INFO - Started process (PID=17524) to work on /Library/Frameworks/Python.framework/Versions/3.12/lib/python3.12/site-packages/airflow/example_dags/example_datasets.py
[2025-05-24T04:50:45.202+0530] {processor.py:830} INFO - Processing file /Library/Frameworks/Python.framework/Versions/3.12/lib/python3.12/site-packages/airflow/example_dags/example_datasets.py for tasks to queue
[2025-05-24T04:50:45.203+0530] {logging_mixin.py:188} INFO - [2025-05-24T04:50:45.202+0530] {dagbag.py:540} INFO - Filling up the DagBag from /Library/Frameworks/Python.framework/Versions/3.12/lib/python3.12/site-packages/airflow/example_dags/example_datasets.py
[2025-05-24T04:50:45.250+0530] {processor.py:840} INFO - DAG(s) 'dataset_consumes_1_and_2', 'consume_1_and_2_with_dataset_expressions', 'dataset_produces_2', 'dataset_consumes_1_never_scheduled', 'dataset_consumes_unknown_never_scheduled', 'dataset_produces_1', 'conditional_dataset_and_time_based_timetable', 'consume_1_or_2_with_dataset_expressions', 'consume_1_or_both_2_and_3_with_dataset_expressions', 'dataset_consumes_1' retrieved from /Library/Frameworks/Python.framework/Versions/3.12/lib/python3.12/site-packages/airflow/example_dags/example_datasets.py
[2025-05-24T04:50:45.418+0530] {logging_mixin.py:188} INFO - [2025-05-24T04:50:45.417+0530] {dag.py:3096} INFO - Sync 10 DAGs
[2025-05-24T04:50:45.435+0530] {logging_mixin.py:188} INFO - [2025-05-24T04:50:45.434+0530] {dag.py:3954} INFO - Setting next_dagrun for conditional_dataset_and_time_based_timetable to 2025-05-21 01:00:00+00:00, run_after=2025-05-21 01:00:00+00:00
[2025-05-24T04:50:45.437+0530] {logging_mixin.py:188} INFO - [2025-05-24T04:50:45.437+0530] {dag.py:3954} INFO - Setting next_dagrun for consume_1_and_2_with_dataset_expressions to None, run_after=None
[2025-05-24T04:50:45.438+0530] {logging_mixin.py:188} INFO - [2025-05-24T04:50:45.438+0530] {dag.py:3954} INFO - Setting next_dagrun for consume_1_or_2_with_dataset_expressions to None, run_after=None
[2025-05-24T04:50:45.439+0530] {logging_mixin.py:188} INFO - [2025-05-24T04:50:45.439+0530] {dag.py:3954} INFO - Setting next_dagrun for consume_1_or_both_2_and_3_with_dataset_expressions to None, run_after=None
[2025-05-24T04:50:45.440+0530] {logging_mixin.py:188} INFO - [2025-05-24T04:50:45.440+0530] {dag.py:3954} INFO - Setting next_dagrun for dataset_consumes_1 to None, run_after=None
[2025-05-24T04:50:45.440+0530] {logging_mixin.py:188} INFO - [2025-05-24T04:50:45.440+0530] {dag.py:3954} INFO - Setting next_dagrun for dataset_consumes_1_and_2 to None, run_after=None
[2025-05-24T04:50:45.441+0530] {logging_mixin.py:188} INFO - [2025-05-24T04:50:45.441+0530] {dag.py:3954} INFO - Setting next_dagrun for dataset_consumes_1_never_scheduled to None, run_after=None
[2025-05-24T04:50:45.442+0530] {logging_mixin.py:188} INFO - [2025-05-24T04:50:45.442+0530] {dag.py:3954} INFO - Setting next_dagrun for dataset_consumes_unknown_never_scheduled to None, run_after=None
[2025-05-24T04:50:45.444+0530] {logging_mixin.py:188} INFO - [2025-05-24T04:50:45.444+0530] {dag.py:3954} INFO - Setting next_dagrun for dataset_produces_1 to 2025-05-22 00:00:00+00:00, run_after=2025-05-23 00:00:00+00:00
[2025-05-24T04:50:45.445+0530] {logging_mixin.py:188} INFO - [2025-05-24T04:50:45.444+0530] {dag.py:3954} INFO - Setting next_dagrun for dataset_produces_2 to None, run_after=None
[2025-05-24T04:50:45.467+0530] {processor.py:183} INFO - Processing /Library/Frameworks/Python.framework/Versions/3.12/lib/python3.12/site-packages/airflow/example_dags/example_datasets.py took 0.269 seconds
[2025-05-24T04:54:32.317+0530] {processor.py:161} INFO - Started process (PID=17651) to work on /Library/Frameworks/Python.framework/Versions/3.12/lib/python3.12/site-packages/airflow/example_dags/example_datasets.py
[2025-05-24T04:54:32.318+0530] {processor.py:830} INFO - Processing file /Library/Frameworks/Python.framework/Versions/3.12/lib/python3.12/site-packages/airflow/example_dags/example_datasets.py for tasks to queue
[2025-05-24T04:54:32.318+0530] {logging_mixin.py:188} INFO - [2025-05-24T04:54:32.318+0530] {dagbag.py:540} INFO - Filling up the DagBag from /Library/Frameworks/Python.framework/Versions/3.12/lib/python3.12/site-packages/airflow/example_dags/example_datasets.py
[2025-05-24T04:54:32.387+0530] {processor.py:840} INFO - DAG(s) 'consume_1_or_both_2_and_3_with_dataset_expressions', 'dataset_consumes_unknown_never_scheduled', 'dataset_consumes_1', 'dataset_consumes_1_never_scheduled', 'dataset_produces_1', 'dataset_produces_2', 'conditional_dataset_and_time_based_timetable', 'dataset_consumes_1_and_2', 'consume_1_or_2_with_dataset_expressions', 'consume_1_and_2_with_dataset_expressions' retrieved from /Library/Frameworks/Python.framework/Versions/3.12/lib/python3.12/site-packages/airflow/example_dags/example_datasets.py
[2025-05-24T04:54:32.572+0530] {logging_mixin.py:188} INFO - [2025-05-24T04:54:32.572+0530] {dag.py:3096} INFO - Sync 10 DAGs
[2025-05-24T04:54:32.594+0530] {logging_mixin.py:188} INFO - [2025-05-24T04:54:32.593+0530] {dag.py:3954} INFO - Setting next_dagrun for conditional_dataset_and_time_based_timetable to 2025-05-21 01:00:00+00:00, run_after=2025-05-21 01:00:00+00:00
[2025-05-24T04:54:32.596+0530] {logging_mixin.py:188} INFO - [2025-05-24T04:54:32.596+0530] {dag.py:3954} INFO - Setting next_dagrun for consume_1_and_2_with_dataset_expressions to None, run_after=None
[2025-05-24T04:54:32.597+0530] {logging_mixin.py:188} INFO - [2025-05-24T04:54:32.597+0530] {dag.py:3954} INFO - Setting next_dagrun for consume_1_or_2_with_dataset_expressions to None, run_after=None
[2025-05-24T04:54:32.598+0530] {logging_mixin.py:188} INFO - [2025-05-24T04:54:32.598+0530] {dag.py:3954} INFO - Setting next_dagrun for consume_1_or_both_2_and_3_with_dataset_expressions to None, run_after=None
[2025-05-24T04:54:32.599+0530] {logging_mixin.py:188} INFO - [2025-05-24T04:54:32.599+0530] {dag.py:3954} INFO - Setting next_dagrun for dataset_consumes_1 to None, run_after=None
[2025-05-24T04:54:32.600+0530] {logging_mixin.py:188} INFO - [2025-05-24T04:54:32.599+0530] {dag.py:3954} INFO - Setting next_dagrun for dataset_consumes_1_and_2 to None, run_after=None
[2025-05-24T04:54:32.600+0530] {logging_mixin.py:188} INFO - [2025-05-24T04:54:32.600+0530] {dag.py:3954} INFO - Setting next_dagrun for dataset_consumes_1_never_scheduled to None, run_after=None
[2025-05-24T04:54:32.601+0530] {logging_mixin.py:188} INFO - [2025-05-24T04:54:32.601+0530] {dag.py:3954} INFO - Setting next_dagrun for dataset_consumes_unknown_never_scheduled to None, run_after=None
[2025-05-24T04:54:32.603+0530] {logging_mixin.py:188} INFO - [2025-05-24T04:54:32.603+0530] {dag.py:3954} INFO - Setting next_dagrun for dataset_produces_1 to 2025-05-22 00:00:00+00:00, run_after=2025-05-23 00:00:00+00:00
[2025-05-24T04:54:32.604+0530] {logging_mixin.py:188} INFO - [2025-05-24T04:54:32.604+0530] {dag.py:3954} INFO - Setting next_dagrun for dataset_produces_2 to None, run_after=None
[2025-05-24T04:54:32.626+0530] {processor.py:183} INFO - Processing /Library/Frameworks/Python.framework/Versions/3.12/lib/python3.12/site-packages/airflow/example_dags/example_datasets.py took 0.312 seconds
[2025-05-24T04:58:21.331+0530] {processor.py:161} INFO - Started process (PID=17766) to work on /Library/Frameworks/Python.framework/Versions/3.12/lib/python3.12/site-packages/airflow/example_dags/example_datasets.py
[2025-05-24T04:58:21.333+0530] {processor.py:830} INFO - Processing file /Library/Frameworks/Python.framework/Versions/3.12/lib/python3.12/site-packages/airflow/example_dags/example_datasets.py for tasks to queue
[2025-05-24T04:58:21.333+0530] {logging_mixin.py:188} INFO - [2025-05-24T04:58:21.333+0530] {dagbag.py:540} INFO - Filling up the DagBag from /Library/Frameworks/Python.framework/Versions/3.12/lib/python3.12/site-packages/airflow/example_dags/example_datasets.py
[2025-05-24T04:58:21.405+0530] {processor.py:840} INFO - DAG(s) 'dataset_consumes_1', 'conditional_dataset_and_time_based_timetable', 'consume_1_or_both_2_and_3_with_dataset_expressions', 'consume_1_and_2_with_dataset_expressions', 'dataset_consumes_1_never_scheduled', 'consume_1_or_2_with_dataset_expressions', 'dataset_produces_1', 'dataset_produces_2', 'dataset_consumes_1_and_2', 'dataset_consumes_unknown_never_scheduled' retrieved from /Library/Frameworks/Python.framework/Versions/3.12/lib/python3.12/site-packages/airflow/example_dags/example_datasets.py
[2025-05-24T04:58:21.570+0530] {logging_mixin.py:188} INFO - [2025-05-24T04:58:21.570+0530] {dag.py:3096} INFO - Sync 10 DAGs
[2025-05-24T04:58:21.587+0530] {logging_mixin.py:188} INFO - [2025-05-24T04:58:21.587+0530] {dag.py:3954} INFO - Setting next_dagrun for conditional_dataset_and_time_based_timetable to 2025-05-21 01:00:00+00:00, run_after=2025-05-21 01:00:00+00:00
[2025-05-24T04:58:21.589+0530] {logging_mixin.py:188} INFO - [2025-05-24T04:58:21.589+0530] {dag.py:3954} INFO - Setting next_dagrun for consume_1_and_2_with_dataset_expressions to None, run_after=None
[2025-05-24T04:58:21.590+0530] {logging_mixin.py:188} INFO - [2025-05-24T04:58:21.590+0530] {dag.py:3954} INFO - Setting next_dagrun for consume_1_or_2_with_dataset_expressions to None, run_after=None
[2025-05-24T04:58:21.591+0530] {logging_mixin.py:188} INFO - [2025-05-24T04:58:21.591+0530] {dag.py:3954} INFO - Setting next_dagrun for consume_1_or_both_2_and_3_with_dataset_expressions to None, run_after=None
[2025-05-24T04:58:21.592+0530] {logging_mixin.py:188} INFO - [2025-05-24T04:58:21.592+0530] {dag.py:3954} INFO - Setting next_dagrun for dataset_consumes_1 to None, run_after=None
[2025-05-24T04:58:21.593+0530] {logging_mixin.py:188} INFO - [2025-05-24T04:58:21.592+0530] {dag.py:3954} INFO - Setting next_dagrun for dataset_consumes_1_and_2 to None, run_after=None
[2025-05-24T04:58:21.593+0530] {logging_mixin.py:188} INFO - [2025-05-24T04:58:21.593+0530] {dag.py:3954} INFO - Setting next_dagrun for dataset_consumes_1_never_scheduled to None, run_after=None
[2025-05-24T04:58:21.594+0530] {logging_mixin.py:188} INFO - [2025-05-24T04:58:21.594+0530] {dag.py:3954} INFO - Setting next_dagrun for dataset_consumes_unknown_never_scheduled to None, run_after=None
[2025-05-24T04:58:21.596+0530] {logging_mixin.py:188} INFO - [2025-05-24T04:58:21.596+0530] {dag.py:3954} INFO - Setting next_dagrun for dataset_produces_1 to 2025-05-22 00:00:00+00:00, run_after=2025-05-23 00:00:00+00:00
[2025-05-24T04:58:21.597+0530] {logging_mixin.py:188} INFO - [2025-05-24T04:58:21.597+0530] {dag.py:3954} INFO - Setting next_dagrun for dataset_produces_2 to None, run_after=None
[2025-05-24T04:58:21.617+0530] {processor.py:183} INFO - Processing /Library/Frameworks/Python.framework/Versions/3.12/lib/python3.12/site-packages/airflow/example_dags/example_datasets.py took 0.288 seconds
[2025-05-24T05:02:08.645+0530] {processor.py:161} INFO - Started process (PID=17905) to work on /Library/Frameworks/Python.framework/Versions/3.12/lib/python3.12/site-packages/airflow/example_dags/example_datasets.py
[2025-05-24T05:02:08.647+0530] {processor.py:830} INFO - Processing file /Library/Frameworks/Python.framework/Versions/3.12/lib/python3.12/site-packages/airflow/example_dags/example_datasets.py for tasks to queue
[2025-05-24T05:02:08.647+0530] {logging_mixin.py:188} INFO - [2025-05-24T05:02:08.647+0530] {dagbag.py:540} INFO - Filling up the DagBag from /Library/Frameworks/Python.framework/Versions/3.12/lib/python3.12/site-packages/airflow/example_dags/example_datasets.py
[2025-05-24T05:02:08.727+0530] {processor.py:840} INFO - DAG(s) 'dataset_produces_1', 'dataset_consumes_1', 'dataset_consumes_1_and_2', 'consume_1_or_2_with_dataset_expressions', 'dataset_consumes_1_never_scheduled', 'dataset_produces_2', 'conditional_dataset_and_time_based_timetable', 'consume_1_or_both_2_and_3_with_dataset_expressions', 'consume_1_and_2_with_dataset_expressions', 'dataset_consumes_unknown_never_scheduled' retrieved from /Library/Frameworks/Python.framework/Versions/3.12/lib/python3.12/site-packages/airflow/example_dags/example_datasets.py
[2025-05-24T05:02:08.883+0530] {logging_mixin.py:188} INFO - [2025-05-24T05:02:08.883+0530] {dag.py:3096} INFO - Sync 10 DAGs
[2025-05-24T05:02:08.901+0530] {logging_mixin.py:188} INFO - [2025-05-24T05:02:08.901+0530] {dag.py:3954} INFO - Setting next_dagrun for conditional_dataset_and_time_based_timetable to 2025-05-21 01:00:00+00:00, run_after=2025-05-21 01:00:00+00:00
[2025-05-24T05:02:08.904+0530] {logging_mixin.py:188} INFO - [2025-05-24T05:02:08.904+0530] {dag.py:3954} INFO - Setting next_dagrun for consume_1_and_2_with_dataset_expressions to None, run_after=None
[2025-05-24T05:02:08.905+0530] {logging_mixin.py:188} INFO - [2025-05-24T05:02:08.904+0530] {dag.py:3954} INFO - Setting next_dagrun for consume_1_or_2_with_dataset_expressions to None, run_after=None
[2025-05-24T05:02:08.905+0530] {logging_mixin.py:188} INFO - [2025-05-24T05:02:08.905+0530] {dag.py:3954} INFO - Setting next_dagrun for consume_1_or_both_2_and_3_with_dataset_expressions to None, run_after=None
[2025-05-24T05:02:08.906+0530] {logging_mixin.py:188} INFO - [2025-05-24T05:02:08.906+0530] {dag.py:3954} INFO - Setting next_dagrun for dataset_consumes_1 to None, run_after=None
[2025-05-24T05:02:08.907+0530] {logging_mixin.py:188} INFO - [2025-05-24T05:02:08.907+0530] {dag.py:3954} INFO - Setting next_dagrun for dataset_consumes_1_and_2 to None, run_after=None
[2025-05-24T05:02:08.908+0530] {logging_mixin.py:188} INFO - [2025-05-24T05:02:08.908+0530] {dag.py:3954} INFO - Setting next_dagrun for dataset_consumes_1_never_scheduled to None, run_after=None
[2025-05-24T05:02:08.909+0530] {logging_mixin.py:188} INFO - [2025-05-24T05:02:08.908+0530] {dag.py:3954} INFO - Setting next_dagrun for dataset_consumes_unknown_never_scheduled to None, run_after=None
[2025-05-24T05:02:08.910+0530] {logging_mixin.py:188} INFO - [2025-05-24T05:02:08.910+0530] {dag.py:3954} INFO - Setting next_dagrun for dataset_produces_1 to 2025-05-22 00:00:00+00:00, run_after=2025-05-23 00:00:00+00:00
[2025-05-24T05:02:08.911+0530] {logging_mixin.py:188} INFO - [2025-05-24T05:02:08.911+0530] {dag.py:3954} INFO - Setting next_dagrun for dataset_produces_2 to None, run_after=None
[2025-05-24T05:02:08.932+0530] {processor.py:183} INFO - Processing /Library/Frameworks/Python.framework/Versions/3.12/lib/python3.12/site-packages/airflow/example_dags/example_datasets.py took 0.291 seconds
[2025-05-24T05:05:54.388+0530] {processor.py:161} INFO - Started process (PID=18017) to work on /Library/Frameworks/Python.framework/Versions/3.12/lib/python3.12/site-packages/airflow/example_dags/example_datasets.py
[2025-05-24T05:05:54.389+0530] {processor.py:830} INFO - Processing file /Library/Frameworks/Python.framework/Versions/3.12/lib/python3.12/site-packages/airflow/example_dags/example_datasets.py for tasks to queue
[2025-05-24T05:05:54.390+0530] {logging_mixin.py:188} INFO - [2025-05-24T05:05:54.390+0530] {dagbag.py:540} INFO - Filling up the DagBag from /Library/Frameworks/Python.framework/Versions/3.12/lib/python3.12/site-packages/airflow/example_dags/example_datasets.py
[2025-05-24T05:05:54.482+0530] {processor.py:840} INFO - DAG(s) 'consume_1_or_2_with_dataset_expressions', 'conditional_dataset_and_time_based_timetable', 'consume_1_and_2_with_dataset_expressions', 'dataset_consumes_unknown_never_scheduled', 'dataset_produces_1', 'dataset_consumes_1_never_scheduled', 'dataset_produces_2', 'dataset_consumes_1', 'consume_1_or_both_2_and_3_with_dataset_expressions', 'dataset_consumes_1_and_2' retrieved from /Library/Frameworks/Python.framework/Versions/3.12/lib/python3.12/site-packages/airflow/example_dags/example_datasets.py
[2025-05-24T05:05:54.636+0530] {logging_mixin.py:188} INFO - [2025-05-24T05:05:54.636+0530] {dag.py:3096} INFO - Sync 10 DAGs
[2025-05-24T05:05:54.654+0530] {logging_mixin.py:188} INFO - [2025-05-24T05:05:54.653+0530] {dag.py:3954} INFO - Setting next_dagrun for conditional_dataset_and_time_based_timetable to 2025-05-21 01:00:00+00:00, run_after=2025-05-21 01:00:00+00:00
[2025-05-24T05:05:54.656+0530] {logging_mixin.py:188} INFO - [2025-05-24T05:05:54.656+0530] {dag.py:3954} INFO - Setting next_dagrun for consume_1_and_2_with_dataset_expressions to None, run_after=None
[2025-05-24T05:05:54.657+0530] {logging_mixin.py:188} INFO - [2025-05-24T05:05:54.657+0530] {dag.py:3954} INFO - Setting next_dagrun for consume_1_or_2_with_dataset_expressions to None, run_after=None
[2025-05-24T05:05:54.658+0530] {logging_mixin.py:188} INFO - [2025-05-24T05:05:54.658+0530] {dag.py:3954} INFO - Setting next_dagrun for consume_1_or_both_2_and_3_with_dataset_expressions to None, run_after=None
[2025-05-24T05:05:54.659+0530] {logging_mixin.py:188} INFO - [2025-05-24T05:05:54.659+0530] {dag.py:3954} INFO - Setting next_dagrun for dataset_consumes_1 to None, run_after=None
[2025-05-24T05:05:54.660+0530] {logging_mixin.py:188} INFO - [2025-05-24T05:05:54.660+0530] {dag.py:3954} INFO - Setting next_dagrun for dataset_consumes_1_and_2 to None, run_after=None
[2025-05-24T05:05:54.660+0530] {logging_mixin.py:188} INFO - [2025-05-24T05:05:54.660+0530] {dag.py:3954} INFO - Setting next_dagrun for dataset_consumes_1_never_scheduled to None, run_after=None
[2025-05-24T05:05:54.661+0530] {logging_mixin.py:188} INFO - [2025-05-24T05:05:54.661+0530] {dag.py:3954} INFO - Setting next_dagrun for dataset_consumes_unknown_never_scheduled to None, run_after=None
[2025-05-24T05:05:54.663+0530] {logging_mixin.py:188} INFO - [2025-05-24T05:05:54.663+0530] {dag.py:3954} INFO - Setting next_dagrun for dataset_produces_1 to 2025-05-22 00:00:00+00:00, run_after=2025-05-23 00:00:00+00:00
[2025-05-24T05:05:54.664+0530] {logging_mixin.py:188} INFO - [2025-05-24T05:05:54.664+0530] {dag.py:3954} INFO - Setting next_dagrun for dataset_produces_2 to None, run_after=None
[2025-05-24T05:05:54.686+0530] {processor.py:183} INFO - Processing /Library/Frameworks/Python.framework/Versions/3.12/lib/python3.12/site-packages/airflow/example_dags/example_datasets.py took 0.302 seconds
[2025-05-24T05:09:43.759+0530] {processor.py:161} INFO - Started process (PID=18121) to work on /Library/Frameworks/Python.framework/Versions/3.12/lib/python3.12/site-packages/airflow/example_dags/example_datasets.py
[2025-05-24T05:09:43.761+0530] {processor.py:830} INFO - Processing file /Library/Frameworks/Python.framework/Versions/3.12/lib/python3.12/site-packages/airflow/example_dags/example_datasets.py for tasks to queue
[2025-05-24T05:09:43.762+0530] {logging_mixin.py:188} INFO - [2025-05-24T05:09:43.761+0530] {dagbag.py:540} INFO - Filling up the DagBag from /Library/Frameworks/Python.framework/Versions/3.12/lib/python3.12/site-packages/airflow/example_dags/example_datasets.py
[2025-05-24T05:09:43.836+0530] {processor.py:840} INFO - DAG(s) 'conditional_dataset_and_time_based_timetable', 'dataset_consumes_1', 'dataset_produces_1', 'dataset_consumes_1_never_scheduled', 'dataset_produces_2', 'consume_1_or_2_with_dataset_expressions', 'consume_1_and_2_with_dataset_expressions', 'dataset_consumes_unknown_never_scheduled', 'dataset_consumes_1_and_2', 'consume_1_or_both_2_and_3_with_dataset_expressions' retrieved from /Library/Frameworks/Python.framework/Versions/3.12/lib/python3.12/site-packages/airflow/example_dags/example_datasets.py
[2025-05-24T05:09:43.995+0530] {logging_mixin.py:188} INFO - [2025-05-24T05:09:43.995+0530] {dag.py:3096} INFO - Sync 10 DAGs
[2025-05-24T05:09:44.014+0530] {logging_mixin.py:188} INFO - [2025-05-24T05:09:44.014+0530] {dag.py:3954} INFO - Setting next_dagrun for conditional_dataset_and_time_based_timetable to 2025-05-21 01:00:00+00:00, run_after=2025-05-21 01:00:00+00:00
[2025-05-24T05:09:44.017+0530] {logging_mixin.py:188} INFO - [2025-05-24T05:09:44.017+0530] {dag.py:3954} INFO - Setting next_dagrun for consume_1_and_2_with_dataset_expressions to None, run_after=None
[2025-05-24T05:09:44.018+0530] {logging_mixin.py:188} INFO - [2025-05-24T05:09:44.017+0530] {dag.py:3954} INFO - Setting next_dagrun for consume_1_or_2_with_dataset_expressions to None, run_after=None
[2025-05-24T05:09:44.018+0530] {logging_mixin.py:188} INFO - [2025-05-24T05:09:44.018+0530] {dag.py:3954} INFO - Setting next_dagrun for consume_1_or_both_2_and_3_with_dataset_expressions to None, run_after=None
[2025-05-24T05:09:44.019+0530] {logging_mixin.py:188} INFO - [2025-05-24T05:09:44.019+0530] {dag.py:3954} INFO - Setting next_dagrun for dataset_consumes_1 to None, run_after=None
[2025-05-24T05:09:44.020+0530] {logging_mixin.py:188} INFO - [2025-05-24T05:09:44.020+0530] {dag.py:3954} INFO - Setting next_dagrun for dataset_consumes_1_and_2 to None, run_after=None
[2025-05-24T05:09:44.021+0530] {logging_mixin.py:188} INFO - [2025-05-24T05:09:44.021+0530] {dag.py:3954} INFO - Setting next_dagrun for dataset_consumes_1_never_scheduled to None, run_after=None
[2025-05-24T05:09:44.021+0530] {logging_mixin.py:188} INFO - [2025-05-24T05:09:44.021+0530] {dag.py:3954} INFO - Setting next_dagrun for dataset_consumes_unknown_never_scheduled to None, run_after=None
[2025-05-24T05:09:44.023+0530] {logging_mixin.py:188} INFO - [2025-05-24T05:09:44.023+0530] {dag.py:3954} INFO - Setting next_dagrun for dataset_produces_1 to 2025-05-22 00:00:00+00:00, run_after=2025-05-23 00:00:00+00:00
[2025-05-24T05:09:44.024+0530] {logging_mixin.py:188} INFO - [2025-05-24T05:09:44.024+0530] {dag.py:3954} INFO - Setting next_dagrun for dataset_produces_2 to None, run_after=None
[2025-05-24T05:09:44.047+0530] {processor.py:183} INFO - Processing /Library/Frameworks/Python.framework/Versions/3.12/lib/python3.12/site-packages/airflow/example_dags/example_datasets.py took 0.292 seconds
[2025-05-24T05:16:15.136+0530] {processor.py:161} INFO - Started process (PID=18392) to work on /Library/Frameworks/Python.framework/Versions/3.12/lib/python3.12/site-packages/airflow/example_dags/example_datasets.py
[2025-05-24T05:16:15.137+0530] {processor.py:830} INFO - Processing file /Library/Frameworks/Python.framework/Versions/3.12/lib/python3.12/site-packages/airflow/example_dags/example_datasets.py for tasks to queue
[2025-05-24T05:16:15.138+0530] {logging_mixin.py:188} INFO - [2025-05-24T05:16:15.138+0530] {dagbag.py:540} INFO - Filling up the DagBag from /Library/Frameworks/Python.framework/Versions/3.12/lib/python3.12/site-packages/airflow/example_dags/example_datasets.py
[2025-05-24T05:16:15.209+0530] {processor.py:840} INFO - DAG(s) 'dataset_consumes_unknown_never_scheduled', 'consume_1_and_2_with_dataset_expressions', 'consume_1_or_both_2_and_3_with_dataset_expressions', 'dataset_consumes_1_never_scheduled', 'dataset_produces_1', 'conditional_dataset_and_time_based_timetable', 'dataset_produces_2', 'consume_1_or_2_with_dataset_expressions', 'dataset_consumes_1', 'dataset_consumes_1_and_2' retrieved from /Library/Frameworks/Python.framework/Versions/3.12/lib/python3.12/site-packages/airflow/example_dags/example_datasets.py
[2025-05-24T05:16:15.384+0530] {logging_mixin.py:188} INFO - [2025-05-24T05:16:15.384+0530] {dag.py:3096} INFO - Sync 10 DAGs
[2025-05-24T05:16:15.401+0530] {logging_mixin.py:188} INFO - [2025-05-24T05:16:15.401+0530] {dag.py:3954} INFO - Setting next_dagrun for conditional_dataset_and_time_based_timetable to 2025-05-21 01:00:00+00:00, run_after=2025-05-21 01:00:00+00:00
[2025-05-24T05:16:15.404+0530] {logging_mixin.py:188} INFO - [2025-05-24T05:16:15.404+0530] {dag.py:3954} INFO - Setting next_dagrun for consume_1_and_2_with_dataset_expressions to None, run_after=None
[2025-05-24T05:16:15.405+0530] {logging_mixin.py:188} INFO - [2025-05-24T05:16:15.404+0530] {dag.py:3954} INFO - Setting next_dagrun for consume_1_or_2_with_dataset_expressions to None, run_after=None
[2025-05-24T05:16:15.405+0530] {logging_mixin.py:188} INFO - [2025-05-24T05:16:15.405+0530] {dag.py:3954} INFO - Setting next_dagrun for consume_1_or_both_2_and_3_with_dataset_expressions to None, run_after=None
[2025-05-24T05:16:15.406+0530] {logging_mixin.py:188} INFO - [2025-05-24T05:16:15.406+0530] {dag.py:3954} INFO - Setting next_dagrun for dataset_consumes_1 to None, run_after=None
[2025-05-24T05:16:15.407+0530] {logging_mixin.py:188} INFO - [2025-05-24T05:16:15.407+0530] {dag.py:3954} INFO - Setting next_dagrun for dataset_consumes_1_and_2 to None, run_after=None
[2025-05-24T05:16:15.408+0530] {logging_mixin.py:188} INFO - [2025-05-24T05:16:15.408+0530] {dag.py:3954} INFO - Setting next_dagrun for dataset_consumes_1_never_scheduled to None, run_after=None
[2025-05-24T05:16:15.408+0530] {logging_mixin.py:188} INFO - [2025-05-24T05:16:15.408+0530] {dag.py:3954} INFO - Setting next_dagrun for dataset_consumes_unknown_never_scheduled to None, run_after=None
[2025-05-24T05:16:15.410+0530] {logging_mixin.py:188} INFO - [2025-05-24T05:16:15.410+0530] {dag.py:3954} INFO - Setting next_dagrun for dataset_produces_1 to 2025-05-22 00:00:00+00:00, run_after=2025-05-23 00:00:00+00:00
[2025-05-24T05:16:15.411+0530] {logging_mixin.py:188} INFO - [2025-05-24T05:16:15.411+0530] {dag.py:3954} INFO - Setting next_dagrun for dataset_produces_2 to None, run_after=None
[2025-05-24T05:16:15.434+0530] {processor.py:183} INFO - Processing /Library/Frameworks/Python.framework/Versions/3.12/lib/python3.12/site-packages/airflow/example_dags/example_datasets.py took 0.301 seconds
[2025-05-24T05:20:11.357+0530] {processor.py:161} INFO - Started process (PID=18964) to work on /Library/Frameworks/Python.framework/Versions/3.12/lib/python3.12/site-packages/airflow/example_dags/example_datasets.py
[2025-05-24T05:20:11.358+0530] {processor.py:830} INFO - Processing file /Library/Frameworks/Python.framework/Versions/3.12/lib/python3.12/site-packages/airflow/example_dags/example_datasets.py for tasks to queue
[2025-05-24T05:20:11.359+0530] {logging_mixin.py:188} INFO - [2025-05-24T05:20:11.359+0530] {dagbag.py:540} INFO - Filling up the DagBag from /Library/Frameworks/Python.framework/Versions/3.12/lib/python3.12/site-packages/airflow/example_dags/example_datasets.py
[2025-05-24T05:20:11.431+0530] {processor.py:840} INFO - DAG(s) 'consume_1_or_both_2_and_3_with_dataset_expressions', 'consume_1_or_2_with_dataset_expressions', 'dataset_consumes_1_and_2', 'dataset_produces_1', 'conditional_dataset_and_time_based_timetable', 'dataset_consumes_unknown_never_scheduled', 'dataset_consumes_1_never_scheduled', 'dataset_produces_2', 'dataset_consumes_1', 'consume_1_and_2_with_dataset_expressions' retrieved from /Library/Frameworks/Python.framework/Versions/3.12/lib/python3.12/site-packages/airflow/example_dags/example_datasets.py
[2025-05-24T05:20:11.610+0530] {logging_mixin.py:188} INFO - [2025-05-24T05:20:11.610+0530] {dag.py:3096} INFO - Sync 10 DAGs
[2025-05-24T05:20:11.629+0530] {logging_mixin.py:188} INFO - [2025-05-24T05:20:11.629+0530] {dag.py:3954} INFO - Setting next_dagrun for conditional_dataset_and_time_based_timetable to 2025-05-21 01:00:00+00:00, run_after=2025-05-21 01:00:00+00:00
[2025-05-24T05:20:11.632+0530] {logging_mixin.py:188} INFO - [2025-05-24T05:20:11.631+0530] {dag.py:3954} INFO - Setting next_dagrun for consume_1_and_2_with_dataset_expressions to None, run_after=None
[2025-05-24T05:20:11.632+0530] {logging_mixin.py:188} INFO - [2025-05-24T05:20:11.632+0530] {dag.py:3954} INFO - Setting next_dagrun for consume_1_or_2_with_dataset_expressions to None, run_after=None
[2025-05-24T05:20:11.633+0530] {logging_mixin.py:188} INFO - [2025-05-24T05:20:11.633+0530] {dag.py:3954} INFO - Setting next_dagrun for consume_1_or_both_2_and_3_with_dataset_expressions to None, run_after=None
[2025-05-24T05:20:11.634+0530] {logging_mixin.py:188} INFO - [2025-05-24T05:20:11.634+0530] {dag.py:3954} INFO - Setting next_dagrun for dataset_consumes_1 to None, run_after=None
[2025-05-24T05:20:11.635+0530] {logging_mixin.py:188} INFO - [2025-05-24T05:20:11.634+0530] {dag.py:3954} INFO - Setting next_dagrun for dataset_consumes_1_and_2 to None, run_after=None
[2025-05-24T05:20:11.635+0530] {logging_mixin.py:188} INFO - [2025-05-24T05:20:11.635+0530] {dag.py:3954} INFO - Setting next_dagrun for dataset_consumes_1_never_scheduled to None, run_after=None
[2025-05-24T05:20:11.636+0530] {logging_mixin.py:188} INFO - [2025-05-24T05:20:11.636+0530] {dag.py:3954} INFO - Setting next_dagrun for dataset_consumes_unknown_never_scheduled to None, run_after=None
[2025-05-24T05:20:11.638+0530] {logging_mixin.py:188} INFO - [2025-05-24T05:20:11.638+0530] {dag.py:3954} INFO - Setting next_dagrun for dataset_produces_1 to 2025-05-22 00:00:00+00:00, run_after=2025-05-23 00:00:00+00:00
[2025-05-24T05:20:11.639+0530] {logging_mixin.py:188} INFO - [2025-05-24T05:20:11.639+0530] {dag.py:3954} INFO - Setting next_dagrun for dataset_produces_2 to None, run_after=None
[2025-05-24T05:20:11.661+0530] {processor.py:183} INFO - Processing /Library/Frameworks/Python.framework/Versions/3.12/lib/python3.12/site-packages/airflow/example_dags/example_datasets.py took 0.307 seconds
