[2025-05-24T04:23:08.460+0530] {processor.py:161} INFO - Started process (PID=15640) to work on /Library/Frameworks/Python.framework/Versions/3.12/lib/python3.12/site-packages/airflow/example_dags/example_sla_dag.py
[2025-05-24T04:23:08.461+0530] {processor.py:830} INFO - Processing file /Library/Frameworks/Python.framework/Versions/3.12/lib/python3.12/site-packages/airflow/example_dags/example_sla_dag.py for tasks to queue
[2025-05-24T04:23:08.462+0530] {logging_mixin.py:188} INFO - [2025-05-24T04:23:08.462+0530] {dagbag.py:540} INFO - Filling up the DagBag from /Library/Frameworks/Python.framework/Versions/3.12/lib/python3.12/site-packages/airflow/example_dags/example_sla_dag.py
[2025-05-24T04:23:08.515+0530] {processor.py:840} INFO - DAG(s) 'example_sla_dag' retrieved from /Library/Frameworks/Python.framework/Versions/3.12/lib/python3.12/site-packages/airflow/example_dags/example_sla_dag.py
[2025-05-24T04:23:08.790+0530] {logging_mixin.py:188} INFO - [2025-05-24T04:23:08.789+0530] {dag.py:3096} INFO - Sync 1 DAGs
[2025-05-24T04:23:08.806+0530] {logging_mixin.py:188} INFO - [2025-05-24T04:23:08.806+0530] {dag.py:3954} INFO - Setting next_dagrun for example_sla_dag to 2025-05-23 22:50:00+00:00, run_after=2025-05-23 22:52:00+00:00
[2025-05-24T04:23:08.823+0530] {processor.py:183} INFO - Processing /Library/Frameworks/Python.framework/Versions/3.12/lib/python3.12/site-packages/airflow/example_dags/example_sla_dag.py took 0.366 seconds
[2025-05-24T04:25:46.234+0530] {processor.py:161} INFO - Started process (PID=15754) to work on /Library/Frameworks/Python.framework/Versions/3.12/lib/python3.12/site-packages/airflow/example_dags/example_sla_dag.py
[2025-05-24T04:25:46.235+0530] {processor.py:830} INFO - Processing file /Library/Frameworks/Python.framework/Versions/3.12/lib/python3.12/site-packages/airflow/example_dags/example_sla_dag.py for tasks to queue
[2025-05-24T04:25:46.236+0530] {logging_mixin.py:188} INFO - [2025-05-24T04:25:46.235+0530] {dagbag.py:540} INFO - Filling up the DagBag from /Library/Frameworks/Python.framework/Versions/3.12/lib/python3.12/site-packages/airflow/example_dags/example_sla_dag.py
[2025-05-24T04:25:46.272+0530] {processor.py:840} INFO - DAG(s) 'example_sla_dag' retrieved from /Library/Frameworks/Python.framework/Versions/3.12/lib/python3.12/site-packages/airflow/example_dags/example_sla_dag.py
[2025-05-24T04:25:46.419+0530] {logging_mixin.py:188} INFO - [2025-05-24T04:25:46.419+0530] {dag.py:3096} INFO - Sync 1 DAGs
[2025-05-24T04:25:46.438+0530] {logging_mixin.py:188} INFO - [2025-05-24T04:25:46.438+0530] {dag.py:3954} INFO - Setting next_dagrun for example_sla_dag to 2025-05-23 22:52:00+00:00, run_after=2025-05-23 22:54:00+00:00
[2025-05-24T04:25:46.453+0530] {processor.py:183} INFO - Processing /Library/Frameworks/Python.framework/Versions/3.12/lib/python3.12/site-packages/airflow/example_dags/example_sla_dag.py took 0.223 seconds
[2025-05-24T04:27:42.350+0530] {processor.py:161} INFO - Started process (PID=15807) to work on /Library/Frameworks/Python.framework/Versions/3.12/lib/python3.12/site-packages/airflow/example_dags/example_sla_dag.py
[2025-05-24T04:27:42.351+0530] {processor.py:830} INFO - Processing file /Library/Frameworks/Python.framework/Versions/3.12/lib/python3.12/site-packages/airflow/example_dags/example_sla_dag.py for tasks to queue
[2025-05-24T04:27:42.352+0530] {logging_mixin.py:188} INFO - [2025-05-24T04:27:42.352+0530] {dagbag.py:540} INFO - Filling up the DagBag from /Library/Frameworks/Python.framework/Versions/3.12/lib/python3.12/site-packages/airflow/example_dags/example_sla_dag.py
[2025-05-24T04:27:42.385+0530] {processor.py:840} INFO - DAG(s) 'example_sla_dag' retrieved from /Library/Frameworks/Python.framework/Versions/3.12/lib/python3.12/site-packages/airflow/example_dags/example_sla_dag.py
[2025-05-24T04:27:42.525+0530] {logging_mixin.py:188} INFO - [2025-05-24T04:27:42.525+0530] {dag.py:3096} INFO - Sync 1 DAGs
[2025-05-24T04:27:42.542+0530] {logging_mixin.py:188} INFO - [2025-05-24T04:27:42.542+0530] {dag.py:3954} INFO - Setting next_dagrun for example_sla_dag to 2025-05-23 22:54:00+00:00, run_after=2025-05-23 22:56:00+00:00
[2025-05-24T04:27:42.558+0530] {processor.py:183} INFO - Processing /Library/Frameworks/Python.framework/Versions/3.12/lib/python3.12/site-packages/airflow/example_dags/example_sla_dag.py took 0.212 seconds
[2025-05-24T04:29:36.287+0530] {processor.py:161} INFO - Started process (PID=15853) to work on /Library/Frameworks/Python.framework/Versions/3.12/lib/python3.12/site-packages/airflow/example_dags/example_sla_dag.py
[2025-05-24T04:29:36.288+0530] {processor.py:830} INFO - Processing file /Library/Frameworks/Python.framework/Versions/3.12/lib/python3.12/site-packages/airflow/example_dags/example_sla_dag.py for tasks to queue
[2025-05-24T04:29:36.289+0530] {logging_mixin.py:188} INFO - [2025-05-24T04:29:36.288+0530] {dagbag.py:540} INFO - Filling up the DagBag from /Library/Frameworks/Python.framework/Versions/3.12/lib/python3.12/site-packages/airflow/example_dags/example_sla_dag.py
[2025-05-24T04:29:36.326+0530] {processor.py:840} INFO - DAG(s) 'example_sla_dag' retrieved from /Library/Frameworks/Python.framework/Versions/3.12/lib/python3.12/site-packages/airflow/example_dags/example_sla_dag.py
[2025-05-24T04:29:36.470+0530] {logging_mixin.py:188} INFO - [2025-05-24T04:29:36.470+0530] {dag.py:3096} INFO - Sync 1 DAGs
[2025-05-24T04:29:36.488+0530] {logging_mixin.py:188} INFO - [2025-05-24T04:29:36.487+0530] {dag.py:3954} INFO - Setting next_dagrun for example_sla_dag to 2025-05-23 22:56:00+00:00, run_after=2025-05-23 22:58:00+00:00
[2025-05-24T04:29:36.503+0530] {processor.py:183} INFO - Processing /Library/Frameworks/Python.framework/Versions/3.12/lib/python3.12/site-packages/airflow/example_dags/example_sla_dag.py took 0.219 seconds
[2025-05-24T04:31:33.301+0530] {processor.py:161} INFO - Started process (PID=15931) to work on /Library/Frameworks/Python.framework/Versions/3.12/lib/python3.12/site-packages/airflow/example_dags/example_sla_dag.py
[2025-05-24T04:31:33.301+0530] {processor.py:830} INFO - Processing file /Library/Frameworks/Python.framework/Versions/3.12/lib/python3.12/site-packages/airflow/example_dags/example_sla_dag.py for tasks to queue
[2025-05-24T04:31:33.302+0530] {logging_mixin.py:188} INFO - [2025-05-24T04:31:33.302+0530] {dagbag.py:540} INFO - Filling up the DagBag from /Library/Frameworks/Python.framework/Versions/3.12/lib/python3.12/site-packages/airflow/example_dags/example_sla_dag.py
[2025-05-24T04:31:33.339+0530] {processor.py:840} INFO - DAG(s) 'example_sla_dag' retrieved from /Library/Frameworks/Python.framework/Versions/3.12/lib/python3.12/site-packages/airflow/example_dags/example_sla_dag.py
[2025-05-24T04:31:33.500+0530] {logging_mixin.py:188} INFO - [2025-05-24T04:31:33.500+0530] {dag.py:3096} INFO - Sync 1 DAGs
[2025-05-24T04:31:33.520+0530] {logging_mixin.py:188} INFO - [2025-05-24T04:31:33.519+0530] {dag.py:3954} INFO - Setting next_dagrun for example_sla_dag to 2025-05-23 22:58:00+00:00, run_after=2025-05-23 23:00:00+00:00
[2025-05-24T04:31:33.537+0530] {processor.py:183} INFO - Processing /Library/Frameworks/Python.framework/Versions/3.12/lib/python3.12/site-packages/airflow/example_dags/example_sla_dag.py took 0.240 seconds
[2025-05-24T04:33:32.564+0530] {processor.py:161} INFO - Started process (PID=15999) to work on /Library/Frameworks/Python.framework/Versions/3.12/lib/python3.12/site-packages/airflow/example_dags/example_sla_dag.py
[2025-05-24T04:33:32.566+0530] {processor.py:830} INFO - Processing file /Library/Frameworks/Python.framework/Versions/3.12/lib/python3.12/site-packages/airflow/example_dags/example_sla_dag.py for tasks to queue
[2025-05-24T04:33:32.567+0530] {logging_mixin.py:188} INFO - [2025-05-24T04:33:32.566+0530] {dagbag.py:540} INFO - Filling up the DagBag from /Library/Frameworks/Python.framework/Versions/3.12/lib/python3.12/site-packages/airflow/example_dags/example_sla_dag.py
[2025-05-24T04:33:32.600+0530] {processor.py:840} INFO - DAG(s) 'example_sla_dag' retrieved from /Library/Frameworks/Python.framework/Versions/3.12/lib/python3.12/site-packages/airflow/example_dags/example_sla_dag.py
[2025-05-24T04:33:32.743+0530] {logging_mixin.py:188} INFO - [2025-05-24T04:33:32.743+0530] {dag.py:3096} INFO - Sync 1 DAGs
[2025-05-24T04:33:32.763+0530] {logging_mixin.py:188} INFO - [2025-05-24T04:33:32.763+0530] {dag.py:3954} INFO - Setting next_dagrun for example_sla_dag to 2025-05-23 23:00:00+00:00, run_after=2025-05-23 23:02:00+00:00
[2025-05-24T04:33:32.778+0530] {processor.py:183} INFO - Processing /Library/Frameworks/Python.framework/Versions/3.12/lib/python3.12/site-packages/airflow/example_dags/example_sla_dag.py took 0.217 seconds
[2025-05-24T04:35:39.308+0530] {processor.py:161} INFO - Started process (PID=16083) to work on /Library/Frameworks/Python.framework/Versions/3.12/lib/python3.12/site-packages/airflow/example_dags/example_sla_dag.py
[2025-05-24T04:35:39.309+0530] {processor.py:830} INFO - Processing file /Library/Frameworks/Python.framework/Versions/3.12/lib/python3.12/site-packages/airflow/example_dags/example_sla_dag.py for tasks to queue
[2025-05-24T04:35:39.309+0530] {logging_mixin.py:188} INFO - [2025-05-24T04:35:39.309+0530] {dagbag.py:540} INFO - Filling up the DagBag from /Library/Frameworks/Python.framework/Versions/3.12/lib/python3.12/site-packages/airflow/example_dags/example_sla_dag.py
[2025-05-24T04:35:39.347+0530] {processor.py:840} INFO - DAG(s) 'example_sla_dag' retrieved from /Library/Frameworks/Python.framework/Versions/3.12/lib/python3.12/site-packages/airflow/example_dags/example_sla_dag.py
[2025-05-24T04:35:39.503+0530] {logging_mixin.py:188} INFO - [2025-05-24T04:35:39.503+0530] {dag.py:3096} INFO - Sync 1 DAGs
[2025-05-24T04:35:39.522+0530] {logging_mixin.py:188} INFO - [2025-05-24T04:35:39.522+0530] {dag.py:3954} INFO - Setting next_dagrun for example_sla_dag to 2025-05-23 23:02:00+00:00, run_after=2025-05-23 23:04:00+00:00
[2025-05-24T04:35:39.537+0530] {processor.py:183} INFO - Processing /Library/Frameworks/Python.framework/Versions/3.12/lib/python3.12/site-packages/airflow/example_dags/example_sla_dag.py took 0.233 seconds
[2025-05-24T04:37:35.980+0530] {processor.py:161} INFO - Started process (PID=16144) to work on /Library/Frameworks/Python.framework/Versions/3.12/lib/python3.12/site-packages/airflow/example_dags/example_sla_dag.py
[2025-05-24T04:37:35.981+0530] {processor.py:830} INFO - Processing file /Library/Frameworks/Python.framework/Versions/3.12/lib/python3.12/site-packages/airflow/example_dags/example_sla_dag.py for tasks to queue
[2025-05-24T04:37:35.982+0530] {logging_mixin.py:188} INFO - [2025-05-24T04:37:35.982+0530] {dagbag.py:540} INFO - Filling up the DagBag from /Library/Frameworks/Python.framework/Versions/3.12/lib/python3.12/site-packages/airflow/example_dags/example_sla_dag.py
[2025-05-24T04:37:36.017+0530] {processor.py:840} INFO - DAG(s) 'example_sla_dag' retrieved from /Library/Frameworks/Python.framework/Versions/3.12/lib/python3.12/site-packages/airflow/example_dags/example_sla_dag.py
[2025-05-24T04:37:36.154+0530] {logging_mixin.py:188} INFO - [2025-05-24T04:37:36.153+0530] {dag.py:3096} INFO - Sync 1 DAGs
[2025-05-24T04:37:36.171+0530] {logging_mixin.py:188} INFO - [2025-05-24T04:37:36.170+0530] {dag.py:3954} INFO - Setting next_dagrun for example_sla_dag to 2025-05-23 23:04:00+00:00, run_after=2025-05-23 23:06:00+00:00
[2025-05-24T04:37:36.186+0530] {processor.py:183} INFO - Processing /Library/Frameworks/Python.framework/Versions/3.12/lib/python3.12/site-packages/airflow/example_dags/example_sla_dag.py took 0.209 seconds
[2025-05-24T04:39:37.208+0530] {processor.py:161} INFO - Started process (PID=16215) to work on /Library/Frameworks/Python.framework/Versions/3.12/lib/python3.12/site-packages/airflow/example_dags/example_sla_dag.py
[2025-05-24T04:39:37.209+0530] {processor.py:830} INFO - Processing file /Library/Frameworks/Python.framework/Versions/3.12/lib/python3.12/site-packages/airflow/example_dags/example_sla_dag.py for tasks to queue
[2025-05-24T04:39:37.210+0530] {logging_mixin.py:188} INFO - [2025-05-24T04:39:37.210+0530] {dagbag.py:540} INFO - Filling up the DagBag from /Library/Frameworks/Python.framework/Versions/3.12/lib/python3.12/site-packages/airflow/example_dags/example_sla_dag.py
[2025-05-24T04:39:37.246+0530] {processor.py:840} INFO - DAG(s) 'example_sla_dag' retrieved from /Library/Frameworks/Python.framework/Versions/3.12/lib/python3.12/site-packages/airflow/example_dags/example_sla_dag.py
[2025-05-24T04:39:37.388+0530] {logging_mixin.py:188} INFO - [2025-05-24T04:39:37.388+0530] {dag.py:3096} INFO - Sync 1 DAGs
[2025-05-24T04:39:37.406+0530] {logging_mixin.py:188} INFO - [2025-05-24T04:39:37.406+0530] {dag.py:3954} INFO - Setting next_dagrun for example_sla_dag to 2025-05-23 23:06:00+00:00, run_after=2025-05-23 23:08:00+00:00
[2025-05-24T04:39:37.422+0530] {processor.py:183} INFO - Processing /Library/Frameworks/Python.framework/Versions/3.12/lib/python3.12/site-packages/airflow/example_dags/example_sla_dag.py took 0.218 seconds
[2025-05-24T04:41:51.275+0530] {processor.py:161} INFO - Started process (PID=16312) to work on /Library/Frameworks/Python.framework/Versions/3.12/lib/python3.12/site-packages/airflow/example_dags/example_sla_dag.py
[2025-05-24T04:41:51.275+0530] {processor.py:830} INFO - Processing file /Library/Frameworks/Python.framework/Versions/3.12/lib/python3.12/site-packages/airflow/example_dags/example_sla_dag.py for tasks to queue
[2025-05-24T04:41:51.276+0530] {logging_mixin.py:188} INFO - [2025-05-24T04:41:51.276+0530] {dagbag.py:540} INFO - Filling up the DagBag from /Library/Frameworks/Python.framework/Versions/3.12/lib/python3.12/site-packages/airflow/example_dags/example_sla_dag.py
[2025-05-24T04:41:51.314+0530] {processor.py:840} INFO - DAG(s) 'example_sla_dag' retrieved from /Library/Frameworks/Python.framework/Versions/3.12/lib/python3.12/site-packages/airflow/example_dags/example_sla_dag.py
[2025-05-24T04:41:51.480+0530] {logging_mixin.py:188} INFO - [2025-05-24T04:41:51.479+0530] {dag.py:3096} INFO - Sync 1 DAGs
[2025-05-24T04:41:51.499+0530] {logging_mixin.py:188} INFO - [2025-05-24T04:41:51.499+0530] {dag.py:3954} INFO - Setting next_dagrun for example_sla_dag to 2025-05-23 23:08:00+00:00, run_after=2025-05-23 23:10:00+00:00
[2025-05-24T04:41:51.515+0530] {processor.py:183} INFO - Processing /Library/Frameworks/Python.framework/Versions/3.12/lib/python3.12/site-packages/airflow/example_dags/example_sla_dag.py took 0.243 seconds
[2025-05-24T04:43:47.374+0530] {processor.py:161} INFO - Started process (PID=16599) to work on /Library/Frameworks/Python.framework/Versions/3.12/lib/python3.12/site-packages/airflow/example_dags/example_sla_dag.py
[2025-05-24T04:43:47.375+0530] {processor.py:830} INFO - Processing file /Library/Frameworks/Python.framework/Versions/3.12/lib/python3.12/site-packages/airflow/example_dags/example_sla_dag.py for tasks to queue
[2025-05-24T04:43:47.376+0530] {logging_mixin.py:188} INFO - [2025-05-24T04:43:47.375+0530] {dagbag.py:540} INFO - Filling up the DagBag from /Library/Frameworks/Python.framework/Versions/3.12/lib/python3.12/site-packages/airflow/example_dags/example_sla_dag.py
[2025-05-24T04:43:47.413+0530] {processor.py:840} INFO - DAG(s) 'example_sla_dag' retrieved from /Library/Frameworks/Python.framework/Versions/3.12/lib/python3.12/site-packages/airflow/example_dags/example_sla_dag.py
[2025-05-24T04:43:47.557+0530] {logging_mixin.py:188} INFO - [2025-05-24T04:43:47.557+0530] {dag.py:3096} INFO - Sync 1 DAGs
[2025-05-24T04:43:47.575+0530] {logging_mixin.py:188} INFO - [2025-05-24T04:43:47.575+0530] {dag.py:3954} INFO - Setting next_dagrun for example_sla_dag to 2025-05-23 23:10:00+00:00, run_after=2025-05-23 23:12:00+00:00
[2025-05-24T04:43:47.590+0530] {processor.py:183} INFO - Processing /Library/Frameworks/Python.framework/Versions/3.12/lib/python3.12/site-packages/airflow/example_dags/example_sla_dag.py took 0.219 seconds
[2025-05-24T04:45:46.606+0530] {processor.py:161} INFO - Started process (PID=17331) to work on /Library/Frameworks/Python.framework/Versions/3.12/lib/python3.12/site-packages/airflow/example_dags/example_sla_dag.py
[2025-05-24T04:45:46.607+0530] {processor.py:830} INFO - Processing file /Library/Frameworks/Python.framework/Versions/3.12/lib/python3.12/site-packages/airflow/example_dags/example_sla_dag.py for tasks to queue
[2025-05-24T04:45:46.608+0530] {logging_mixin.py:188} INFO - [2025-05-24T04:45:46.608+0530] {dagbag.py:540} INFO - Filling up the DagBag from /Library/Frameworks/Python.framework/Versions/3.12/lib/python3.12/site-packages/airflow/example_dags/example_sla_dag.py
[2025-05-24T04:45:46.646+0530] {processor.py:840} INFO - DAG(s) 'example_sla_dag' retrieved from /Library/Frameworks/Python.framework/Versions/3.12/lib/python3.12/site-packages/airflow/example_dags/example_sla_dag.py
[2025-05-24T04:45:46.792+0530] {logging_mixin.py:188} INFO - [2025-05-24T04:45:46.791+0530] {dag.py:3096} INFO - Sync 1 DAGs
[2025-05-24T04:45:46.810+0530] {logging_mixin.py:188} INFO - [2025-05-24T04:45:46.810+0530] {dag.py:3954} INFO - Setting next_dagrun for example_sla_dag to 2025-05-23 23:12:00+00:00, run_after=2025-05-23 23:14:00+00:00
[2025-05-24T04:45:46.825+0530] {processor.py:183} INFO - Processing /Library/Frameworks/Python.framework/Versions/3.12/lib/python3.12/site-packages/airflow/example_dags/example_sla_dag.py took 0.222 seconds
[2025-05-24T04:47:41.826+0530] {processor.py:161} INFO - Started process (PID=17386) to work on /Library/Frameworks/Python.framework/Versions/3.12/lib/python3.12/site-packages/airflow/example_dags/example_sla_dag.py
[2025-05-24T04:47:41.828+0530] {processor.py:830} INFO - Processing file /Library/Frameworks/Python.framework/Versions/3.12/lib/python3.12/site-packages/airflow/example_dags/example_sla_dag.py for tasks to queue
[2025-05-24T04:47:41.829+0530] {logging_mixin.py:188} INFO - [2025-05-24T04:47:41.829+0530] {dagbag.py:540} INFO - Filling up the DagBag from /Library/Frameworks/Python.framework/Versions/3.12/lib/python3.12/site-packages/airflow/example_dags/example_sla_dag.py
[2025-05-24T04:47:41.866+0530] {processor.py:840} INFO - DAG(s) 'example_sla_dag' retrieved from /Library/Frameworks/Python.framework/Versions/3.12/lib/python3.12/site-packages/airflow/example_dags/example_sla_dag.py
[2025-05-24T04:47:42.013+0530] {logging_mixin.py:188} INFO - [2025-05-24T04:47:42.013+0530] {dag.py:3096} INFO - Sync 1 DAGs
[2025-05-24T04:47:42.030+0530] {logging_mixin.py:188} INFO - [2025-05-24T04:47:42.030+0530] {dag.py:3954} INFO - Setting next_dagrun for example_sla_dag to 2025-05-23 23:14:00+00:00, run_after=2025-05-23 23:16:00+00:00
[2025-05-24T04:47:42.044+0530] {processor.py:183} INFO - Processing /Library/Frameworks/Python.framework/Versions/3.12/lib/python3.12/site-packages/airflow/example_dags/example_sla_dag.py took 0.222 seconds
[2025-05-24T04:49:49.681+0530] {processor.py:161} INFO - Started process (PID=17474) to work on /Library/Frameworks/Python.framework/Versions/3.12/lib/python3.12/site-packages/airflow/example_dags/example_sla_dag.py
[2025-05-24T04:49:49.682+0530] {processor.py:830} INFO - Processing file /Library/Frameworks/Python.framework/Versions/3.12/lib/python3.12/site-packages/airflow/example_dags/example_sla_dag.py for tasks to queue
[2025-05-24T04:49:49.683+0530] {logging_mixin.py:188} INFO - [2025-05-24T04:49:49.683+0530] {dagbag.py:540} INFO - Filling up the DagBag from /Library/Frameworks/Python.framework/Versions/3.12/lib/python3.12/site-packages/airflow/example_dags/example_sla_dag.py
[2025-05-24T04:49:49.718+0530] {processor.py:840} INFO - DAG(s) 'example_sla_dag' retrieved from /Library/Frameworks/Python.framework/Versions/3.12/lib/python3.12/site-packages/airflow/example_dags/example_sla_dag.py
[2025-05-24T04:49:49.856+0530] {logging_mixin.py:188} INFO - [2025-05-24T04:49:49.855+0530] {dag.py:3096} INFO - Sync 1 DAGs
[2025-05-24T04:49:49.873+0530] {logging_mixin.py:188} INFO - [2025-05-24T04:49:49.873+0530] {dag.py:3954} INFO - Setting next_dagrun for example_sla_dag to 2025-05-23 23:16:00+00:00, run_after=2025-05-23 23:18:00+00:00
[2025-05-24T04:49:49.888+0530] {processor.py:183} INFO - Processing /Library/Frameworks/Python.framework/Versions/3.12/lib/python3.12/site-packages/airflow/example_dags/example_sla_dag.py took 0.211 seconds
[2025-05-24T04:51:43.385+0530] {processor.py:161} INFO - Started process (PID=17548) to work on /Library/Frameworks/Python.framework/Versions/3.12/lib/python3.12/site-packages/airflow/example_dags/example_sla_dag.py
[2025-05-24T04:51:43.386+0530] {processor.py:830} INFO - Processing file /Library/Frameworks/Python.framework/Versions/3.12/lib/python3.12/site-packages/airflow/example_dags/example_sla_dag.py for tasks to queue
[2025-05-24T04:51:43.387+0530] {logging_mixin.py:188} INFO - [2025-05-24T04:51:43.387+0530] {dagbag.py:540} INFO - Filling up the DagBag from /Library/Frameworks/Python.framework/Versions/3.12/lib/python3.12/site-packages/airflow/example_dags/example_sla_dag.py
[2025-05-24T04:51:43.423+0530] {processor.py:840} INFO - DAG(s) 'example_sla_dag' retrieved from /Library/Frameworks/Python.framework/Versions/3.12/lib/python3.12/site-packages/airflow/example_dags/example_sla_dag.py
[2025-05-24T04:51:43.564+0530] {logging_mixin.py:188} INFO - [2025-05-24T04:51:43.564+0530] {dag.py:3096} INFO - Sync 1 DAGs
[2025-05-24T04:51:43.582+0530] {logging_mixin.py:188} INFO - [2025-05-24T04:51:43.582+0530] {dag.py:3954} INFO - Setting next_dagrun for example_sla_dag to 2025-05-23 23:18:00+00:00, run_after=2025-05-23 23:20:00+00:00
[2025-05-24T04:51:43.600+0530] {processor.py:183} INFO - Processing /Library/Frameworks/Python.framework/Versions/3.12/lib/python3.12/site-packages/airflow/example_dags/example_sla_dag.py took 0.220 seconds
[2025-05-24T04:53:36.567+0530] {processor.py:161} INFO - Started process (PID=17599) to work on /Library/Frameworks/Python.framework/Versions/3.12/lib/python3.12/site-packages/airflow/example_dags/example_sla_dag.py
[2025-05-24T04:53:36.568+0530] {processor.py:830} INFO - Processing file /Library/Frameworks/Python.framework/Versions/3.12/lib/python3.12/site-packages/airflow/example_dags/example_sla_dag.py for tasks to queue
[2025-05-24T04:53:36.569+0530] {logging_mixin.py:188} INFO - [2025-05-24T04:53:36.568+0530] {dagbag.py:540} INFO - Filling up the DagBag from /Library/Frameworks/Python.framework/Versions/3.12/lib/python3.12/site-packages/airflow/example_dags/example_sla_dag.py
[2025-05-24T04:53:36.605+0530] {processor.py:840} INFO - DAG(s) 'example_sla_dag' retrieved from /Library/Frameworks/Python.framework/Versions/3.12/lib/python3.12/site-packages/airflow/example_dags/example_sla_dag.py
[2025-05-24T04:53:36.744+0530] {logging_mixin.py:188} INFO - [2025-05-24T04:53:36.743+0530] {dag.py:3096} INFO - Sync 1 DAGs
[2025-05-24T04:53:36.760+0530] {logging_mixin.py:188} INFO - [2025-05-24T04:53:36.760+0530] {dag.py:3954} INFO - Setting next_dagrun for example_sla_dag to 2025-05-23 23:20:00+00:00, run_after=2025-05-23 23:22:00+00:00
[2025-05-24T04:53:36.776+0530] {processor.py:183} INFO - Processing /Library/Frameworks/Python.framework/Versions/3.12/lib/python3.12/site-packages/airflow/example_dags/example_sla_dag.py took 0.212 seconds
[2025-05-24T04:55:31.284+0530] {processor.py:161} INFO - Started process (PID=17681) to work on /Library/Frameworks/Python.framework/Versions/3.12/lib/python3.12/site-packages/airflow/example_dags/example_sla_dag.py
[2025-05-24T04:55:31.285+0530] {processor.py:830} INFO - Processing file /Library/Frameworks/Python.framework/Versions/3.12/lib/python3.12/site-packages/airflow/example_dags/example_sla_dag.py for tasks to queue
[2025-05-24T04:55:31.286+0530] {logging_mixin.py:188} INFO - [2025-05-24T04:55:31.286+0530] {dagbag.py:540} INFO - Filling up the DagBag from /Library/Frameworks/Python.framework/Versions/3.12/lib/python3.12/site-packages/airflow/example_dags/example_sla_dag.py
[2025-05-24T04:55:31.325+0530] {processor.py:840} INFO - DAG(s) 'example_sla_dag' retrieved from /Library/Frameworks/Python.framework/Versions/3.12/lib/python3.12/site-packages/airflow/example_dags/example_sla_dag.py
[2025-05-24T04:55:31.474+0530] {logging_mixin.py:188} INFO - [2025-05-24T04:55:31.474+0530] {dag.py:3096} INFO - Sync 1 DAGs
[2025-05-24T04:55:31.492+0530] {logging_mixin.py:188} INFO - [2025-05-24T04:55:31.492+0530] {dag.py:3954} INFO - Setting next_dagrun for example_sla_dag to 2025-05-23 23:22:00+00:00, run_after=2025-05-23 23:24:00+00:00
[2025-05-24T04:55:31.508+0530] {processor.py:183} INFO - Processing /Library/Frameworks/Python.framework/Versions/3.12/lib/python3.12/site-packages/airflow/example_dags/example_sla_dag.py took 0.226 seconds
[2025-05-24T04:57:25.789+0530] {processor.py:161} INFO - Started process (PID=17740) to work on /Library/Frameworks/Python.framework/Versions/3.12/lib/python3.12/site-packages/airflow/example_dags/example_sla_dag.py
[2025-05-24T04:57:25.790+0530] {processor.py:830} INFO - Processing file /Library/Frameworks/Python.framework/Versions/3.12/lib/python3.12/site-packages/airflow/example_dags/example_sla_dag.py for tasks to queue
[2025-05-24T04:57:25.791+0530] {logging_mixin.py:188} INFO - [2025-05-24T04:57:25.791+0530] {dagbag.py:540} INFO - Filling up the DagBag from /Library/Frameworks/Python.framework/Versions/3.12/lib/python3.12/site-packages/airflow/example_dags/example_sla_dag.py
[2025-05-24T04:57:25.826+0530] {processor.py:840} INFO - DAG(s) 'example_sla_dag' retrieved from /Library/Frameworks/Python.framework/Versions/3.12/lib/python3.12/site-packages/airflow/example_dags/example_sla_dag.py
[2025-05-24T04:57:25.966+0530] {logging_mixin.py:188} INFO - [2025-05-24T04:57:25.965+0530] {dag.py:3096} INFO - Sync 1 DAGs
[2025-05-24T04:57:25.983+0530] {logging_mixin.py:188} INFO - [2025-05-24T04:57:25.983+0530] {dag.py:3954} INFO - Setting next_dagrun for example_sla_dag to 2025-05-23 23:24:00+00:00, run_after=2025-05-23 23:26:00+00:00
[2025-05-24T04:57:25.997+0530] {processor.py:183} INFO - Processing /Library/Frameworks/Python.framework/Versions/3.12/lib/python3.12/site-packages/airflow/example_dags/example_sla_dag.py took 0.211 seconds
[2025-05-24T04:59:20.551+0530] {processor.py:161} INFO - Started process (PID=17810) to work on /Library/Frameworks/Python.framework/Versions/3.12/lib/python3.12/site-packages/airflow/example_dags/example_sla_dag.py
[2025-05-24T04:59:20.553+0530] {processor.py:830} INFO - Processing file /Library/Frameworks/Python.framework/Versions/3.12/lib/python3.12/site-packages/airflow/example_dags/example_sla_dag.py for tasks to queue
[2025-05-24T04:59:20.554+0530] {logging_mixin.py:188} INFO - [2025-05-24T04:59:20.554+0530] {dagbag.py:540} INFO - Filling up the DagBag from /Library/Frameworks/Python.framework/Versions/3.12/lib/python3.12/site-packages/airflow/example_dags/example_sla_dag.py
[2025-05-24T04:59:20.590+0530] {processor.py:840} INFO - DAG(s) 'example_sla_dag' retrieved from /Library/Frameworks/Python.framework/Versions/3.12/lib/python3.12/site-packages/airflow/example_dags/example_sla_dag.py
[2025-05-24T04:59:20.730+0530] {logging_mixin.py:188} INFO - [2025-05-24T04:59:20.730+0530] {dag.py:3096} INFO - Sync 1 DAGs
[2025-05-24T04:59:20.748+0530] {logging_mixin.py:188} INFO - [2025-05-24T04:59:20.748+0530] {dag.py:3954} INFO - Setting next_dagrun for example_sla_dag to 2025-05-23 23:26:00+00:00, run_after=2025-05-23 23:28:00+00:00
[2025-05-24T04:59:20.765+0530] {processor.py:183} INFO - Processing /Library/Frameworks/Python.framework/Versions/3.12/lib/python3.12/site-packages/airflow/example_dags/example_sla_dag.py took 0.219 seconds
[2025-05-24T05:01:12.986+0530] {processor.py:161} INFO - Started process (PID=17872) to work on /Library/Frameworks/Python.framework/Versions/3.12/lib/python3.12/site-packages/airflow/example_dags/example_sla_dag.py
[2025-05-24T05:01:12.988+0530] {processor.py:830} INFO - Processing file /Library/Frameworks/Python.framework/Versions/3.12/lib/python3.12/site-packages/airflow/example_dags/example_sla_dag.py for tasks to queue
[2025-05-24T05:01:12.989+0530] {logging_mixin.py:188} INFO - [2025-05-24T05:01:12.989+0530] {dagbag.py:540} INFO - Filling up the DagBag from /Library/Frameworks/Python.framework/Versions/3.12/lib/python3.12/site-packages/airflow/example_dags/example_sla_dag.py
[2025-05-24T05:01:13.022+0530] {processor.py:840} INFO - DAG(s) 'example_sla_dag' retrieved from /Library/Frameworks/Python.framework/Versions/3.12/lib/python3.12/site-packages/airflow/example_dags/example_sla_dag.py
[2025-05-24T05:01:13.155+0530] {logging_mixin.py:188} INFO - [2025-05-24T05:01:13.154+0530] {dag.py:3096} INFO - Sync 1 DAGs
[2025-05-24T05:01:13.174+0530] {logging_mixin.py:188} INFO - [2025-05-24T05:01:13.174+0530] {dag.py:3954} INFO - Setting next_dagrun for example_sla_dag to 2025-05-23 23:28:00+00:00, run_after=2025-05-23 23:30:00+00:00
[2025-05-24T05:01:13.194+0530] {processor.py:183} INFO - Processing /Library/Frameworks/Python.framework/Versions/3.12/lib/python3.12/site-packages/airflow/example_dags/example_sla_dag.py took 0.211 seconds
[2025-05-24T05:03:06.197+0530] {processor.py:161} INFO - Started process (PID=17941) to work on /Library/Frameworks/Python.framework/Versions/3.12/lib/python3.12/site-packages/airflow/example_dags/example_sla_dag.py
[2025-05-24T05:03:06.199+0530] {processor.py:830} INFO - Processing file /Library/Frameworks/Python.framework/Versions/3.12/lib/python3.12/site-packages/airflow/example_dags/example_sla_dag.py for tasks to queue
[2025-05-24T05:03:06.200+0530] {logging_mixin.py:188} INFO - [2025-05-24T05:03:06.200+0530] {dagbag.py:540} INFO - Filling up the DagBag from /Library/Frameworks/Python.framework/Versions/3.12/lib/python3.12/site-packages/airflow/example_dags/example_sla_dag.py
[2025-05-24T05:03:06.232+0530] {processor.py:840} INFO - DAG(s) 'example_sla_dag' retrieved from /Library/Frameworks/Python.framework/Versions/3.12/lib/python3.12/site-packages/airflow/example_dags/example_sla_dag.py
[2025-05-24T05:03:06.362+0530] {logging_mixin.py:188} INFO - [2025-05-24T05:03:06.362+0530] {dag.py:3096} INFO - Sync 1 DAGs
[2025-05-24T05:03:06.381+0530] {logging_mixin.py:188} INFO - [2025-05-24T05:03:06.380+0530] {dag.py:3954} INFO - Setting next_dagrun for example_sla_dag to 2025-05-23 23:30:00+00:00, run_after=2025-05-23 23:32:00+00:00
[2025-05-24T05:03:06.397+0530] {processor.py:183} INFO - Processing /Library/Frameworks/Python.framework/Versions/3.12/lib/python3.12/site-packages/airflow/example_dags/example_sla_dag.py took 0.203 seconds
[2025-05-24T05:04:59.265+0530] {processor.py:161} INFO - Started process (PID=17992) to work on /Library/Frameworks/Python.framework/Versions/3.12/lib/python3.12/site-packages/airflow/example_dags/example_sla_dag.py
[2025-05-24T05:04:59.266+0530] {processor.py:830} INFO - Processing file /Library/Frameworks/Python.framework/Versions/3.12/lib/python3.12/site-packages/airflow/example_dags/example_sla_dag.py for tasks to queue
[2025-05-24T05:04:59.267+0530] {logging_mixin.py:188} INFO - [2025-05-24T05:04:59.267+0530] {dagbag.py:540} INFO - Filling up the DagBag from /Library/Frameworks/Python.framework/Versions/3.12/lib/python3.12/site-packages/airflow/example_dags/example_sla_dag.py
[2025-05-24T05:04:59.298+0530] {processor.py:840} INFO - DAG(s) 'example_sla_dag' retrieved from /Library/Frameworks/Python.framework/Versions/3.12/lib/python3.12/site-packages/airflow/example_dags/example_sla_dag.py
[2025-05-24T05:04:59.429+0530] {logging_mixin.py:188} INFO - [2025-05-24T05:04:59.428+0530] {dag.py:3096} INFO - Sync 1 DAGs
[2025-05-24T05:04:59.448+0530] {logging_mixin.py:188} INFO - [2025-05-24T05:04:59.447+0530] {dag.py:3954} INFO - Setting next_dagrun for example_sla_dag to 2025-05-23 23:32:00+00:00, run_after=2025-05-23 23:34:00+00:00
[2025-05-24T05:04:59.464+0530] {processor.py:183} INFO - Processing /Library/Frameworks/Python.framework/Versions/3.12/lib/python3.12/site-packages/airflow/example_dags/example_sla_dag.py took 0.203 seconds
[2025-05-24T05:06:52.470+0530] {processor.py:161} INFO - Started process (PID=18042) to work on /Library/Frameworks/Python.framework/Versions/3.12/lib/python3.12/site-packages/airflow/example_dags/example_sla_dag.py
[2025-05-24T05:06:52.471+0530] {processor.py:830} INFO - Processing file /Library/Frameworks/Python.framework/Versions/3.12/lib/python3.12/site-packages/airflow/example_dags/example_sla_dag.py for tasks to queue
[2025-05-24T05:06:52.472+0530] {logging_mixin.py:188} INFO - [2025-05-24T05:06:52.472+0530] {dagbag.py:540} INFO - Filling up the DagBag from /Library/Frameworks/Python.framework/Versions/3.12/lib/python3.12/site-packages/airflow/example_dags/example_sla_dag.py
[2025-05-24T05:06:52.503+0530] {processor.py:840} INFO - DAG(s) 'example_sla_dag' retrieved from /Library/Frameworks/Python.framework/Versions/3.12/lib/python3.12/site-packages/airflow/example_dags/example_sla_dag.py
[2025-05-24T05:06:52.637+0530] {logging_mixin.py:188} INFO - [2025-05-24T05:06:52.636+0530] {dag.py:3096} INFO - Sync 1 DAGs
[2025-05-24T05:06:52.655+0530] {logging_mixin.py:188} INFO - [2025-05-24T05:06:52.654+0530] {dag.py:3954} INFO - Setting next_dagrun for example_sla_dag to 2025-05-23 23:34:00+00:00, run_after=2025-05-23 23:36:00+00:00
[2025-05-24T05:06:52.672+0530] {processor.py:183} INFO - Processing /Library/Frameworks/Python.framework/Versions/3.12/lib/python3.12/site-packages/airflow/example_dags/example_sla_dag.py took 0.206 seconds
[2025-05-24T05:08:40.883+0530] {processor.py:161} INFO - Started process (PID=18092) to work on /Library/Frameworks/Python.framework/Versions/3.12/lib/python3.12/site-packages/airflow/example_dags/example_sla_dag.py
[2025-05-24T05:08:40.885+0530] {processor.py:830} INFO - Processing file /Library/Frameworks/Python.framework/Versions/3.12/lib/python3.12/site-packages/airflow/example_dags/example_sla_dag.py for tasks to queue
[2025-05-24T05:08:40.886+0530] {logging_mixin.py:188} INFO - [2025-05-24T05:08:40.886+0530] {dagbag.py:540} INFO - Filling up the DagBag from /Library/Frameworks/Python.framework/Versions/3.12/lib/python3.12/site-packages/airflow/example_dags/example_sla_dag.py
[2025-05-24T05:08:40.919+0530] {processor.py:840} INFO - DAG(s) 'example_sla_dag' retrieved from /Library/Frameworks/Python.framework/Versions/3.12/lib/python3.12/site-packages/airflow/example_dags/example_sla_dag.py
[2025-05-24T05:08:41.049+0530] {logging_mixin.py:188} INFO - [2025-05-24T05:08:41.048+0530] {dag.py:3096} INFO - Sync 1 DAGs
[2025-05-24T05:08:41.065+0530] {logging_mixin.py:188} INFO - [2025-05-24T05:08:41.065+0530] {dag.py:3954} INFO - Setting next_dagrun for example_sla_dag to 2025-05-23 23:36:00+00:00, run_after=2025-05-23 23:38:00+00:00
[2025-05-24T05:08:41.080+0530] {processor.py:183} INFO - Processing /Library/Frameworks/Python.framework/Versions/3.12/lib/python3.12/site-packages/airflow/example_dags/example_sla_dag.py took 0.200 seconds
[2025-05-24T05:13:10.368+0530] {processor.py:161} INFO - Started process (PID=18180) to work on /Library/Frameworks/Python.framework/Versions/3.12/lib/python3.12/site-packages/airflow/example_dags/example_sla_dag.py
[2025-05-24T05:13:10.370+0530] {processor.py:830} INFO - Processing file /Library/Frameworks/Python.framework/Versions/3.12/lib/python3.12/site-packages/airflow/example_dags/example_sla_dag.py for tasks to queue
[2025-05-24T05:13:10.371+0530] {logging_mixin.py:188} INFO - [2025-05-24T05:13:10.370+0530] {dagbag.py:540} INFO - Filling up the DagBag from /Library/Frameworks/Python.framework/Versions/3.12/lib/python3.12/site-packages/airflow/example_dags/example_sla_dag.py
[2025-05-24T05:13:10.404+0530] {processor.py:840} INFO - DAG(s) 'example_sla_dag' retrieved from /Library/Frameworks/Python.framework/Versions/3.12/lib/python3.12/site-packages/airflow/example_dags/example_sla_dag.py
[2025-05-24T05:13:10.548+0530] {logging_mixin.py:188} INFO - [2025-05-24T05:13:10.548+0530] {dag.py:3096} INFO - Sync 1 DAGs
[2025-05-24T05:13:10.568+0530] {logging_mixin.py:188} INFO - [2025-05-24T05:13:10.568+0530] {dag.py:3954} INFO - Setting next_dagrun for example_sla_dag to 2025-05-23 23:40:00+00:00, run_after=2025-05-23 23:42:00+00:00
[2025-05-24T05:13:10.583+0530] {processor.py:183} INFO - Processing /Library/Frameworks/Python.framework/Versions/3.12/lib/python3.12/site-packages/airflow/example_dags/example_sla_dag.py took 0.219 seconds
