[2025-05-24T04:24:34.431+0530] {processor.py:161} INFO - Started process (PID=15699) to work on /Library/Frameworks/Python.framework/Versions/3.12/lib/python3.12/site-packages/airflow/example_dags/example_branch_day_of_week_operator.py
[2025-05-24T04:24:34.432+0530] {processor.py:830} INFO - Processing file /Library/Frameworks/Python.framework/Versions/3.12/lib/python3.12/site-packages/airflow/example_dags/example_branch_day_of_week_operator.py for tasks to queue
[2025-05-24T04:24:34.433+0530] {logging_mixin.py:188} INFO - [2025-05-24T04:24:34.432+0530] {dagbag.py:540} INFO - Filling up the DagBag from /Library/Frameworks/Python.framework/Versions/3.12/lib/python3.12/site-packages/airflow/example_dags/example_branch_day_of_week_operator.py
[2025-05-24T04:24:34.443+0530] {processor.py:840} INFO - DAG(s) 'example_weekday_branch_operator' retrieved from /Library/Frameworks/Python.framework/Versions/3.12/lib/python3.12/site-packages/airflow/example_dags/example_branch_day_of_week_operator.py
[2025-05-24T04:24:34.675+0530] {logging_mixin.py:188} INFO - [2025-05-24T04:24:34.675+0530] {dag.py:3096} INFO - Sync 1 DAGs
[2025-05-24T04:24:34.689+0530] {logging_mixin.py:188} INFO - [2025-05-24T04:24:34.689+0530] {dag.py:3954} INFO - Setting next_dagrun for example_weekday_branch_operator to 2025-05-22 00:00:00+00:00, run_after=2025-05-23 00:00:00+00:00
[2025-05-24T04:24:34.706+0530] {processor.py:183} INFO - Processing /Library/Frameworks/Python.framework/Versions/3.12/lib/python3.12/site-packages/airflow/example_dags/example_branch_day_of_week_operator.py took 0.277 seconds
[2025-05-24T04:28:32.409+0530] {processor.py:161} INFO - Started process (PID=15827) to work on /Library/Frameworks/Python.framework/Versions/3.12/lib/python3.12/site-packages/airflow/example_dags/example_branch_day_of_week_operator.py
[2025-05-24T04:28:32.410+0530] {processor.py:830} INFO - Processing file /Library/Frameworks/Python.framework/Versions/3.12/lib/python3.12/site-packages/airflow/example_dags/example_branch_day_of_week_operator.py for tasks to queue
[2025-05-24T04:28:32.411+0530] {logging_mixin.py:188} INFO - [2025-05-24T04:28:32.411+0530] {dagbag.py:540} INFO - Filling up the DagBag from /Library/Frameworks/Python.framework/Versions/3.12/lib/python3.12/site-packages/airflow/example_dags/example_branch_day_of_week_operator.py
[2025-05-24T04:28:32.421+0530] {processor.py:840} INFO - DAG(s) 'example_weekday_branch_operator' retrieved from /Library/Frameworks/Python.framework/Versions/3.12/lib/python3.12/site-packages/airflow/example_dags/example_branch_day_of_week_operator.py
[2025-05-24T04:28:32.557+0530] {logging_mixin.py:188} INFO - [2025-05-24T04:28:32.557+0530] {dag.py:3096} INFO - Sync 1 DAGs
[2025-05-24T04:28:32.575+0530] {logging_mixin.py:188} INFO - [2025-05-24T04:28:32.575+0530] {dag.py:3954} INFO - Setting next_dagrun for example_weekday_branch_operator to 2025-05-22 00:00:00+00:00, run_after=2025-05-23 00:00:00+00:00
[2025-05-24T04:28:32.593+0530] {processor.py:183} INFO - Processing /Library/Frameworks/Python.framework/Versions/3.12/lib/python3.12/site-packages/airflow/example_dags/example_branch_day_of_week_operator.py took 0.188 seconds
[2025-05-24T04:32:25.203+0530] {processor.py:161} INFO - Started process (PID=15956) to work on /Library/Frameworks/Python.framework/Versions/3.12/lib/python3.12/site-packages/airflow/example_dags/example_branch_day_of_week_operator.py
[2025-05-24T04:32:25.205+0530] {processor.py:830} INFO - Processing file /Library/Frameworks/Python.framework/Versions/3.12/lib/python3.12/site-packages/airflow/example_dags/example_branch_day_of_week_operator.py for tasks to queue
[2025-05-24T04:32:25.206+0530] {logging_mixin.py:188} INFO - [2025-05-24T04:32:25.206+0530] {dagbag.py:540} INFO - Filling up the DagBag from /Library/Frameworks/Python.framework/Versions/3.12/lib/python3.12/site-packages/airflow/example_dags/example_branch_day_of_week_operator.py
[2025-05-24T04:32:25.215+0530] {processor.py:840} INFO - DAG(s) 'example_weekday_branch_operator' retrieved from /Library/Frameworks/Python.framework/Versions/3.12/lib/python3.12/site-packages/airflow/example_dags/example_branch_day_of_week_operator.py
[2025-05-24T04:32:25.350+0530] {logging_mixin.py:188} INFO - [2025-05-24T04:32:25.350+0530] {dag.py:3096} INFO - Sync 1 DAGs
[2025-05-24T04:32:25.368+0530] {logging_mixin.py:188} INFO - [2025-05-24T04:32:25.368+0530] {dag.py:3954} INFO - Setting next_dagrun for example_weekday_branch_operator to 2025-05-22 00:00:00+00:00, run_after=2025-05-23 00:00:00+00:00
[2025-05-24T04:32:25.386+0530] {processor.py:183} INFO - Processing /Library/Frameworks/Python.framework/Versions/3.12/lib/python3.12/site-packages/airflow/example_dags/example_branch_day_of_week_operator.py took 0.187 seconds
[2025-05-24T04:36:34.177+0530] {processor.py:161} INFO - Started process (PID=16114) to work on /Library/Frameworks/Python.framework/Versions/3.12/lib/python3.12/site-packages/airflow/example_dags/example_branch_day_of_week_operator.py
[2025-05-24T04:36:34.179+0530] {processor.py:830} INFO - Processing file /Library/Frameworks/Python.framework/Versions/3.12/lib/python3.12/site-packages/airflow/example_dags/example_branch_day_of_week_operator.py for tasks to queue
[2025-05-24T04:36:34.180+0530] {logging_mixin.py:188} INFO - [2025-05-24T04:36:34.180+0530] {dagbag.py:540} INFO - Filling up the DagBag from /Library/Frameworks/Python.framework/Versions/3.12/lib/python3.12/site-packages/airflow/example_dags/example_branch_day_of_week_operator.py
[2025-05-24T04:36:34.192+0530] {processor.py:840} INFO - DAG(s) 'example_weekday_branch_operator' retrieved from /Library/Frameworks/Python.framework/Versions/3.12/lib/python3.12/site-packages/airflow/example_dags/example_branch_day_of_week_operator.py
[2025-05-24T04:36:34.329+0530] {logging_mixin.py:188} INFO - [2025-05-24T04:36:34.329+0530] {dag.py:3096} INFO - Sync 1 DAGs
[2025-05-24T04:36:34.347+0530] {logging_mixin.py:188} INFO - [2025-05-24T04:36:34.347+0530] {dag.py:3954} INFO - Setting next_dagrun for example_weekday_branch_operator to 2025-05-22 00:00:00+00:00, run_after=2025-05-23 00:00:00+00:00
[2025-05-24T04:36:34.366+0530] {processor.py:183} INFO - Processing /Library/Frameworks/Python.framework/Versions/3.12/lib/python3.12/site-packages/airflow/example_dags/example_branch_day_of_week_operator.py took 0.193 seconds
[2025-05-24T04:40:35.304+0530] {processor.py:161} INFO - Started process (PID=16239) to work on /Library/Frameworks/Python.framework/Versions/3.12/lib/python3.12/site-packages/airflow/example_dags/example_branch_day_of_week_operator.py
[2025-05-24T04:40:35.305+0530] {processor.py:830} INFO - Processing file /Library/Frameworks/Python.framework/Versions/3.12/lib/python3.12/site-packages/airflow/example_dags/example_branch_day_of_week_operator.py for tasks to queue
[2025-05-24T04:40:35.306+0530] {logging_mixin.py:188} INFO - [2025-05-24T04:40:35.306+0530] {dagbag.py:540} INFO - Filling up the DagBag from /Library/Frameworks/Python.framework/Versions/3.12/lib/python3.12/site-packages/airflow/example_dags/example_branch_day_of_week_operator.py
[2025-05-24T04:40:35.315+0530] {processor.py:840} INFO - DAG(s) 'example_weekday_branch_operator' retrieved from /Library/Frameworks/Python.framework/Versions/3.12/lib/python3.12/site-packages/airflow/example_dags/example_branch_day_of_week_operator.py
[2025-05-24T04:40:35.448+0530] {logging_mixin.py:188} INFO - [2025-05-24T04:40:35.448+0530] {dag.py:3096} INFO - Sync 1 DAGs
[2025-05-24T04:40:35.467+0530] {logging_mixin.py:188} INFO - [2025-05-24T04:40:35.466+0530] {dag.py:3954} INFO - Setting next_dagrun for example_weekday_branch_operator to 2025-05-22 00:00:00+00:00, run_after=2025-05-23 00:00:00+00:00
[2025-05-24T04:40:35.485+0530] {processor.py:183} INFO - Processing /Library/Frameworks/Python.framework/Versions/3.12/lib/python3.12/site-packages/airflow/example_dags/example_branch_day_of_week_operator.py took 0.184 seconds
[2025-05-24T04:44:38.987+0530] {processor.py:161} INFO - Started process (PID=17162) to work on /Library/Frameworks/Python.framework/Versions/3.12/lib/python3.12/site-packages/airflow/example_dags/example_branch_day_of_week_operator.py
[2025-05-24T04:44:38.988+0530] {processor.py:830} INFO - Processing file /Library/Frameworks/Python.framework/Versions/3.12/lib/python3.12/site-packages/airflow/example_dags/example_branch_day_of_week_operator.py for tasks to queue
[2025-05-24T04:44:38.989+0530] {logging_mixin.py:188} INFO - [2025-05-24T04:44:38.988+0530] {dagbag.py:540} INFO - Filling up the DagBag from /Library/Frameworks/Python.framework/Versions/3.12/lib/python3.12/site-packages/airflow/example_dags/example_branch_day_of_week_operator.py
[2025-05-24T04:44:39.000+0530] {processor.py:840} INFO - DAG(s) 'example_weekday_branch_operator' retrieved from /Library/Frameworks/Python.framework/Versions/3.12/lib/python3.12/site-packages/airflow/example_dags/example_branch_day_of_week_operator.py
[2025-05-24T04:44:39.196+0530] {logging_mixin.py:188} INFO - [2025-05-24T04:44:39.195+0530] {dag.py:3096} INFO - Sync 1 DAGs
[2025-05-24T04:44:39.219+0530] {logging_mixin.py:188} INFO - [2025-05-24T04:44:39.219+0530] {dag.py:3954} INFO - Setting next_dagrun for example_weekday_branch_operator to 2025-05-22 00:00:00+00:00, run_after=2025-05-23 00:00:00+00:00
[2025-05-24T04:44:39.237+0530] {processor.py:183} INFO - Processing /Library/Frameworks/Python.framework/Versions/3.12/lib/python3.12/site-packages/airflow/example_dags/example_branch_day_of_week_operator.py took 0.254 seconds
[2025-05-24T04:48:32.527+0530] {processor.py:161} INFO - Started process (PID=17419) to work on /Library/Frameworks/Python.framework/Versions/3.12/lib/python3.12/site-packages/airflow/example_dags/example_branch_day_of_week_operator.py
[2025-05-24T04:48:32.528+0530] {processor.py:830} INFO - Processing file /Library/Frameworks/Python.framework/Versions/3.12/lib/python3.12/site-packages/airflow/example_dags/example_branch_day_of_week_operator.py for tasks to queue
[2025-05-24T04:48:32.528+0530] {logging_mixin.py:188} INFO - [2025-05-24T04:48:32.528+0530] {dagbag.py:540} INFO - Filling up the DagBag from /Library/Frameworks/Python.framework/Versions/3.12/lib/python3.12/site-packages/airflow/example_dags/example_branch_day_of_week_operator.py
[2025-05-24T04:48:32.538+0530] {processor.py:840} INFO - DAG(s) 'example_weekday_branch_operator' retrieved from /Library/Frameworks/Python.framework/Versions/3.12/lib/python3.12/site-packages/airflow/example_dags/example_branch_day_of_week_operator.py
[2025-05-24T04:48:32.688+0530] {logging_mixin.py:188} INFO - [2025-05-24T04:48:32.688+0530] {dag.py:3096} INFO - Sync 1 DAGs
[2025-05-24T04:48:32.708+0530] {logging_mixin.py:188} INFO - [2025-05-24T04:48:32.707+0530] {dag.py:3954} INFO - Setting next_dagrun for example_weekday_branch_operator to 2025-05-22 00:00:00+00:00, run_after=2025-05-23 00:00:00+00:00
[2025-05-24T04:48:32.726+0530] {processor.py:183} INFO - Processing /Library/Frameworks/Python.framework/Versions/3.12/lib/python3.12/site-packages/airflow/example_dags/example_branch_day_of_week_operator.py took 0.201 seconds
[2025-05-24T04:52:33.074+0530] {processor.py:161} INFO - Started process (PID=17571) to work on /Library/Frameworks/Python.framework/Versions/3.12/lib/python3.12/site-packages/airflow/example_dags/example_branch_day_of_week_operator.py
[2025-05-24T04:52:33.075+0530] {processor.py:830} INFO - Processing file /Library/Frameworks/Python.framework/Versions/3.12/lib/python3.12/site-packages/airflow/example_dags/example_branch_day_of_week_operator.py for tasks to queue
[2025-05-24T04:52:33.076+0530] {logging_mixin.py:188} INFO - [2025-05-24T04:52:33.076+0530] {dagbag.py:540} INFO - Filling up the DagBag from /Library/Frameworks/Python.framework/Versions/3.12/lib/python3.12/site-packages/airflow/example_dags/example_branch_day_of_week_operator.py
[2025-05-24T04:52:33.086+0530] {processor.py:840} INFO - DAG(s) 'example_weekday_branch_operator' retrieved from /Library/Frameworks/Python.framework/Versions/3.12/lib/python3.12/site-packages/airflow/example_dags/example_branch_day_of_week_operator.py
[2025-05-24T04:52:33.220+0530] {logging_mixin.py:188} INFO - [2025-05-24T04:52:33.220+0530] {dag.py:3096} INFO - Sync 1 DAGs
[2025-05-24T04:52:33.239+0530] {logging_mixin.py:188} INFO - [2025-05-24T04:52:33.239+0530] {dag.py:3954} INFO - Setting next_dagrun for example_weekday_branch_operator to 2025-05-22 00:00:00+00:00, run_after=2025-05-23 00:00:00+00:00
[2025-05-24T04:52:33.259+0530] {processor.py:183} INFO - Processing /Library/Frameworks/Python.framework/Versions/3.12/lib/python3.12/site-packages/airflow/example_dags/example_branch_day_of_week_operator.py took 0.190 seconds
[2025-05-24T04:56:21.795+0530] {processor.py:161} INFO - Started process (PID=17703) to work on /Library/Frameworks/Python.framework/Versions/3.12/lib/python3.12/site-packages/airflow/example_dags/example_branch_day_of_week_operator.py
[2025-05-24T04:56:21.797+0530] {processor.py:830} INFO - Processing file /Library/Frameworks/Python.framework/Versions/3.12/lib/python3.12/site-packages/airflow/example_dags/example_branch_day_of_week_operator.py for tasks to queue
[2025-05-24T04:56:21.798+0530] {logging_mixin.py:188} INFO - [2025-05-24T04:56:21.798+0530] {dagbag.py:540} INFO - Filling up the DagBag from /Library/Frameworks/Python.framework/Versions/3.12/lib/python3.12/site-packages/airflow/example_dags/example_branch_day_of_week_operator.py
[2025-05-24T04:56:21.809+0530] {processor.py:840} INFO - DAG(s) 'example_weekday_branch_operator' retrieved from /Library/Frameworks/Python.framework/Versions/3.12/lib/python3.12/site-packages/airflow/example_dags/example_branch_day_of_week_operator.py
[2025-05-24T04:56:21.972+0530] {logging_mixin.py:188} INFO - [2025-05-24T04:56:21.971+0530] {dag.py:3096} INFO - Sync 1 DAGs
[2025-05-24T04:56:21.990+0530] {logging_mixin.py:188} INFO - [2025-05-24T04:56:21.989+0530] {dag.py:3954} INFO - Setting next_dagrun for example_weekday_branch_operator to 2025-05-22 00:00:00+00:00, run_after=2025-05-23 00:00:00+00:00
[2025-05-24T04:56:22.007+0530] {processor.py:183} INFO - Processing /Library/Frameworks/Python.framework/Versions/3.12/lib/python3.12/site-packages/airflow/example_dags/example_branch_day_of_week_operator.py took 0.215 seconds
[2025-05-24T05:00:09.615+0530] {processor.py:161} INFO - Started process (PID=17840) to work on /Library/Frameworks/Python.framework/Versions/3.12/lib/python3.12/site-packages/airflow/example_dags/example_branch_day_of_week_operator.py
[2025-05-24T05:00:09.616+0530] {processor.py:830} INFO - Processing file /Library/Frameworks/Python.framework/Versions/3.12/lib/python3.12/site-packages/airflow/example_dags/example_branch_day_of_week_operator.py for tasks to queue
[2025-05-24T05:00:09.617+0530] {logging_mixin.py:188} INFO - [2025-05-24T05:00:09.617+0530] {dagbag.py:540} INFO - Filling up the DagBag from /Library/Frameworks/Python.framework/Versions/3.12/lib/python3.12/site-packages/airflow/example_dags/example_branch_day_of_week_operator.py
[2025-05-24T05:00:09.627+0530] {processor.py:840} INFO - DAG(s) 'example_weekday_branch_operator' retrieved from /Library/Frameworks/Python.framework/Versions/3.12/lib/python3.12/site-packages/airflow/example_dags/example_branch_day_of_week_operator.py
[2025-05-24T05:00:09.760+0530] {logging_mixin.py:188} INFO - [2025-05-24T05:00:09.760+0530] {dag.py:3096} INFO - Sync 1 DAGs
[2025-05-24T05:00:09.777+0530] {logging_mixin.py:188} INFO - [2025-05-24T05:00:09.777+0530] {dag.py:3954} INFO - Setting next_dagrun for example_weekday_branch_operator to 2025-05-22 00:00:00+00:00, run_after=2025-05-23 00:00:00+00:00
[2025-05-24T05:00:09.793+0530] {processor.py:183} INFO - Processing /Library/Frameworks/Python.framework/Versions/3.12/lib/python3.12/site-packages/airflow/example_dags/example_branch_day_of_week_operator.py took 0.182 seconds
[2025-05-24T05:03:55.587+0530] {processor.py:161} INFO - Started process (PID=17964) to work on /Library/Frameworks/Python.framework/Versions/3.12/lib/python3.12/site-packages/airflow/example_dags/example_branch_day_of_week_operator.py
[2025-05-24T05:03:55.588+0530] {processor.py:830} INFO - Processing file /Library/Frameworks/Python.framework/Versions/3.12/lib/python3.12/site-packages/airflow/example_dags/example_branch_day_of_week_operator.py for tasks to queue
[2025-05-24T05:03:55.589+0530] {logging_mixin.py:188} INFO - [2025-05-24T05:03:55.589+0530] {dagbag.py:540} INFO - Filling up the DagBag from /Library/Frameworks/Python.framework/Versions/3.12/lib/python3.12/site-packages/airflow/example_dags/example_branch_day_of_week_operator.py
[2025-05-24T05:03:55.599+0530] {processor.py:840} INFO - DAG(s) 'example_weekday_branch_operator' retrieved from /Library/Frameworks/Python.framework/Versions/3.12/lib/python3.12/site-packages/airflow/example_dags/example_branch_day_of_week_operator.py
[2025-05-24T05:03:55.731+0530] {logging_mixin.py:188} INFO - [2025-05-24T05:03:55.730+0530] {dag.py:3096} INFO - Sync 1 DAGs
[2025-05-24T05:03:55.748+0530] {logging_mixin.py:188} INFO - [2025-05-24T05:03:55.748+0530] {dag.py:3954} INFO - Setting next_dagrun for example_weekday_branch_operator to 2025-05-22 00:00:00+00:00, run_after=2025-05-23 00:00:00+00:00
[2025-05-24T05:03:55.764+0530] {processor.py:183} INFO - Processing /Library/Frameworks/Python.framework/Versions/3.12/lib/python3.12/site-packages/airflow/example_dags/example_branch_day_of_week_operator.py took 0.181 seconds
[2025-05-24T05:07:41.201+0530] {processor.py:161} INFO - Started process (PID=18065) to work on /Library/Frameworks/Python.framework/Versions/3.12/lib/python3.12/site-packages/airflow/example_dags/example_branch_day_of_week_operator.py
[2025-05-24T05:07:41.203+0530] {processor.py:830} INFO - Processing file /Library/Frameworks/Python.framework/Versions/3.12/lib/python3.12/site-packages/airflow/example_dags/example_branch_day_of_week_operator.py for tasks to queue
[2025-05-24T05:07:41.204+0530] {logging_mixin.py:188} INFO - [2025-05-24T05:07:41.203+0530] {dagbag.py:540} INFO - Filling up the DagBag from /Library/Frameworks/Python.framework/Versions/3.12/lib/python3.12/site-packages/airflow/example_dags/example_branch_day_of_week_operator.py
[2025-05-24T05:07:41.213+0530] {processor.py:840} INFO - DAG(s) 'example_weekday_branch_operator' retrieved from /Library/Frameworks/Python.framework/Versions/3.12/lib/python3.12/site-packages/airflow/example_dags/example_branch_day_of_week_operator.py
[2025-05-24T05:07:41.338+0530] {logging_mixin.py:188} INFO - [2025-05-24T05:07:41.338+0530] {dag.py:3096} INFO - Sync 1 DAGs
[2025-05-24T05:07:41.355+0530] {logging_mixin.py:188} INFO - [2025-05-24T05:07:41.355+0530] {dag.py:3954} INFO - Setting next_dagrun for example_weekday_branch_operator to 2025-05-22 00:00:00+00:00, run_after=2025-05-23 00:00:00+00:00
[2025-05-24T05:07:41.372+0530] {processor.py:183} INFO - Processing /Library/Frameworks/Python.framework/Versions/3.12/lib/python3.12/site-packages/airflow/example_dags/example_branch_day_of_week_operator.py took 0.176 seconds
