[2025-05-24T04:23:40.801+0530] {processor.py:161} INFO - Started process (PID=15665) to work on /Library/Frameworks/Python.framework/Versions/3.12/lib/python3.12/site-packages/airflow/example_dags/example_params_ui_tutorial.py
[2025-05-24T04:23:40.802+0530] {processor.py:830} INFO - Processing file /Library/Frameworks/Python.framework/Versions/3.12/lib/python3.12/site-packages/airflow/example_dags/example_params_ui_tutorial.py for tasks to queue
[2025-05-24T04:23:40.803+0530] {logging_mixin.py:188} INFO - [2025-05-24T04:23:40.803+0530] {dagbag.py:540} INFO - Filling up the DagBag from /Library/Frameworks/Python.framework/Versions/3.12/lib/python3.12/site-packages/airflow/example_dags/example_params_ui_tutorial.py
[2025-05-24T04:23:40.844+0530] {processor.py:840} INFO - DAG(s) 'example_params_ui_tutorial' retrieved from /Library/Frameworks/Python.framework/Versions/3.12/lib/python3.12/site-packages/airflow/example_dags/example_params_ui_tutorial.py
[2025-05-24T04:23:41.121+0530] {logging_mixin.py:188} INFO - [2025-05-24T04:23:41.120+0530] {dag.py:3096} INFO - Sync 1 DAGs
[2025-05-24T04:23:41.128+0530] {logging_mixin.py:188} INFO - [2025-05-24T04:23:41.128+0530] {dag.py:3954} INFO - Setting next_dagrun for example_params_ui_tutorial to None, run_after=None
[2025-05-24T04:23:41.145+0530] {processor.py:183} INFO - Processing /Library/Frameworks/Python.framework/Versions/3.12/lib/python3.12/site-packages/airflow/example_dags/example_params_ui_tutorial.py took 0.347 seconds
[2025-05-24T04:26:16.985+0530] {processor.py:161} INFO - Started process (PID=15767) to work on /Library/Frameworks/Python.framework/Versions/3.12/lib/python3.12/site-packages/airflow/example_dags/example_params_ui_tutorial.py
[2025-05-24T04:26:16.986+0530] {processor.py:830} INFO - Processing file /Library/Frameworks/Python.framework/Versions/3.12/lib/python3.12/site-packages/airflow/example_dags/example_params_ui_tutorial.py for tasks to queue
[2025-05-24T04:26:16.987+0530] {logging_mixin.py:188} INFO - [2025-05-24T04:26:16.987+0530] {dagbag.py:540} INFO - Filling up the DagBag from /Library/Frameworks/Python.framework/Versions/3.12/lib/python3.12/site-packages/airflow/example_dags/example_params_ui_tutorial.py
[2025-05-24T04:26:17.023+0530] {processor.py:840} INFO - DAG(s) 'example_params_ui_tutorial' retrieved from /Library/Frameworks/Python.framework/Versions/3.12/lib/python3.12/site-packages/airflow/example_dags/example_params_ui_tutorial.py
[2025-05-24T04:26:17.189+0530] {logging_mixin.py:188} INFO - [2025-05-24T04:26:17.189+0530] {dag.py:3096} INFO - Sync 1 DAGs
[2025-05-24T04:26:17.198+0530] {logging_mixin.py:188} INFO - [2025-05-24T04:26:17.198+0530] {dag.py:3954} INFO - Setting next_dagrun for example_params_ui_tutorial to None, run_after=None
[2025-05-24T04:26:17.213+0530] {processor.py:183} INFO - Processing /Library/Frameworks/Python.framework/Versions/3.12/lib/python3.12/site-packages/airflow/example_dags/example_params_ui_tutorial.py took 0.232 seconds
[2025-05-24T04:28:13.065+0530] {processor.py:161} INFO - Started process (PID=15818) to work on /Library/Frameworks/Python.framework/Versions/3.12/lib/python3.12/site-packages/airflow/example_dags/example_params_ui_tutorial.py
[2025-05-24T04:28:13.066+0530] {processor.py:830} INFO - Processing file /Library/Frameworks/Python.framework/Versions/3.12/lib/python3.12/site-packages/airflow/example_dags/example_params_ui_tutorial.py for tasks to queue
[2025-05-24T04:28:13.067+0530] {logging_mixin.py:188} INFO - [2025-05-24T04:28:13.067+0530] {dagbag.py:540} INFO - Filling up the DagBag from /Library/Frameworks/Python.framework/Versions/3.12/lib/python3.12/site-packages/airflow/example_dags/example_params_ui_tutorial.py
[2025-05-24T04:28:13.103+0530] {processor.py:840} INFO - DAG(s) 'example_params_ui_tutorial' retrieved from /Library/Frameworks/Python.framework/Versions/3.12/lib/python3.12/site-packages/airflow/example_dags/example_params_ui_tutorial.py
[2025-05-24T04:28:13.274+0530] {logging_mixin.py:188} INFO - [2025-05-24T04:28:13.274+0530] {dag.py:3096} INFO - Sync 1 DAGs
[2025-05-24T04:28:13.284+0530] {logging_mixin.py:188} INFO - [2025-05-24T04:28:13.283+0530] {dag.py:3954} INFO - Setting next_dagrun for example_params_ui_tutorial to None, run_after=None
[2025-05-24T04:28:13.299+0530] {processor.py:183} INFO - Processing /Library/Frameworks/Python.framework/Versions/3.12/lib/python3.12/site-packages/airflow/example_dags/example_params_ui_tutorial.py took 0.238 seconds
[2025-05-24T04:30:09.246+0530] {processor.py:161} INFO - Started process (PID=15871) to work on /Library/Frameworks/Python.framework/Versions/3.12/lib/python3.12/site-packages/airflow/example_dags/example_params_ui_tutorial.py
[2025-05-24T04:30:09.247+0530] {processor.py:830} INFO - Processing file /Library/Frameworks/Python.framework/Versions/3.12/lib/python3.12/site-packages/airflow/example_dags/example_params_ui_tutorial.py for tasks to queue
[2025-05-24T04:30:09.248+0530] {logging_mixin.py:188} INFO - [2025-05-24T04:30:09.247+0530] {dagbag.py:540} INFO - Filling up the DagBag from /Library/Frameworks/Python.framework/Versions/3.12/lib/python3.12/site-packages/airflow/example_dags/example_params_ui_tutorial.py
[2025-05-24T04:30:09.288+0530] {processor.py:840} INFO - DAG(s) 'example_params_ui_tutorial' retrieved from /Library/Frameworks/Python.framework/Versions/3.12/lib/python3.12/site-packages/airflow/example_dags/example_params_ui_tutorial.py
[2025-05-24T04:30:09.481+0530] {logging_mixin.py:188} INFO - [2025-05-24T04:30:09.480+0530] {dag.py:3096} INFO - Sync 1 DAGs
[2025-05-24T04:30:09.490+0530] {logging_mixin.py:188} INFO - [2025-05-24T04:30:09.490+0530] {dag.py:3954} INFO - Setting next_dagrun for example_params_ui_tutorial to None, run_after=None
[2025-05-24T04:30:09.505+0530] {processor.py:183} INFO - Processing /Library/Frameworks/Python.framework/Versions/3.12/lib/python3.12/site-packages/airflow/example_dags/example_params_ui_tutorial.py took 0.261 seconds
[2025-05-24T04:32:05.376+0530] {processor.py:161} INFO - Started process (PID=15945) to work on /Library/Frameworks/Python.framework/Versions/3.12/lib/python3.12/site-packages/airflow/example_dags/example_params_ui_tutorial.py
[2025-05-24T04:32:05.377+0530] {processor.py:830} INFO - Processing file /Library/Frameworks/Python.framework/Versions/3.12/lib/python3.12/site-packages/airflow/example_dags/example_params_ui_tutorial.py for tasks to queue
[2025-05-24T04:32:05.378+0530] {logging_mixin.py:188} INFO - [2025-05-24T04:32:05.377+0530] {dagbag.py:540} INFO - Filling up the DagBag from /Library/Frameworks/Python.framework/Versions/3.12/lib/python3.12/site-packages/airflow/example_dags/example_params_ui_tutorial.py
[2025-05-24T04:32:05.420+0530] {processor.py:840} INFO - DAG(s) 'example_params_ui_tutorial' retrieved from /Library/Frameworks/Python.framework/Versions/3.12/lib/python3.12/site-packages/airflow/example_dags/example_params_ui_tutorial.py
[2025-05-24T04:32:05.613+0530] {logging_mixin.py:188} INFO - [2025-05-24T04:32:05.612+0530] {dag.py:3096} INFO - Sync 1 DAGs
[2025-05-24T04:32:05.631+0530] {logging_mixin.py:188} INFO - [2025-05-24T04:32:05.630+0530] {dag.py:3954} INFO - Setting next_dagrun for example_params_ui_tutorial to None, run_after=None
[2025-05-24T04:32:05.655+0530] {processor.py:183} INFO - Processing /Library/Frameworks/Python.framework/Versions/3.12/lib/python3.12/site-packages/airflow/example_dags/example_params_ui_tutorial.py took 0.282 seconds
[2025-05-24T04:34:05.221+0530] {processor.py:161} INFO - Started process (PID=16019) to work on /Library/Frameworks/Python.framework/Versions/3.12/lib/python3.12/site-packages/airflow/example_dags/example_params_ui_tutorial.py
[2025-05-24T04:34:05.222+0530] {processor.py:830} INFO - Processing file /Library/Frameworks/Python.framework/Versions/3.12/lib/python3.12/site-packages/airflow/example_dags/example_params_ui_tutorial.py for tasks to queue
[2025-05-24T04:34:05.223+0530] {logging_mixin.py:188} INFO - [2025-05-24T04:34:05.222+0530] {dagbag.py:540} INFO - Filling up the DagBag from /Library/Frameworks/Python.framework/Versions/3.12/lib/python3.12/site-packages/airflow/example_dags/example_params_ui_tutorial.py
[2025-05-24T04:34:05.263+0530] {processor.py:840} INFO - DAG(s) 'example_params_ui_tutorial' retrieved from /Library/Frameworks/Python.framework/Versions/3.12/lib/python3.12/site-packages/airflow/example_dags/example_params_ui_tutorial.py
[2025-05-24T04:34:05.454+0530] {logging_mixin.py:188} INFO - [2025-05-24T04:34:05.454+0530] {dag.py:3096} INFO - Sync 1 DAGs
[2025-05-24T04:34:05.464+0530] {logging_mixin.py:188} INFO - [2025-05-24T04:34:05.464+0530] {dag.py:3954} INFO - Setting next_dagrun for example_params_ui_tutorial to None, run_after=None
[2025-05-24T04:34:05.479+0530] {processor.py:183} INFO - Processing /Library/Frameworks/Python.framework/Versions/3.12/lib/python3.12/site-packages/airflow/example_dags/example_params_ui_tutorial.py took 0.262 seconds
[2025-05-24T04:36:11.864+0530] {processor.py:161} INFO - Started process (PID=16104) to work on /Library/Frameworks/Python.framework/Versions/3.12/lib/python3.12/site-packages/airflow/example_dags/example_params_ui_tutorial.py
[2025-05-24T04:36:11.866+0530] {processor.py:830} INFO - Processing file /Library/Frameworks/Python.framework/Versions/3.12/lib/python3.12/site-packages/airflow/example_dags/example_params_ui_tutorial.py for tasks to queue
[2025-05-24T04:36:11.867+0530] {logging_mixin.py:188} INFO - [2025-05-24T04:36:11.867+0530] {dagbag.py:540} INFO - Filling up the DagBag from /Library/Frameworks/Python.framework/Versions/3.12/lib/python3.12/site-packages/airflow/example_dags/example_params_ui_tutorial.py
[2025-05-24T04:36:11.912+0530] {processor.py:840} INFO - DAG(s) 'example_params_ui_tutorial' retrieved from /Library/Frameworks/Python.framework/Versions/3.12/lib/python3.12/site-packages/airflow/example_dags/example_params_ui_tutorial.py
[2025-05-24T04:36:12.088+0530] {logging_mixin.py:188} INFO - [2025-05-24T04:36:12.088+0530] {dag.py:3096} INFO - Sync 1 DAGs
[2025-05-24T04:36:12.097+0530] {logging_mixin.py:188} INFO - [2025-05-24T04:36:12.097+0530] {dag.py:3954} INFO - Setting next_dagrun for example_params_ui_tutorial to None, run_after=None
[2025-05-24T04:36:12.111+0530] {processor.py:183} INFO - Processing /Library/Frameworks/Python.framework/Versions/3.12/lib/python3.12/site-packages/airflow/example_dags/example_params_ui_tutorial.py took 0.251 seconds
[2025-05-24T04:38:05.890+0530] {processor.py:161} INFO - Started process (PID=16161) to work on /Library/Frameworks/Python.framework/Versions/3.12/lib/python3.12/site-packages/airflow/example_dags/example_params_ui_tutorial.py
[2025-05-24T04:38:05.891+0530] {processor.py:830} INFO - Processing file /Library/Frameworks/Python.framework/Versions/3.12/lib/python3.12/site-packages/airflow/example_dags/example_params_ui_tutorial.py for tasks to queue
[2025-05-24T04:38:05.892+0530] {logging_mixin.py:188} INFO - [2025-05-24T04:38:05.891+0530] {dagbag.py:540} INFO - Filling up the DagBag from /Library/Frameworks/Python.framework/Versions/3.12/lib/python3.12/site-packages/airflow/example_dags/example_params_ui_tutorial.py
[2025-05-24T04:38:05.930+0530] {processor.py:840} INFO - DAG(s) 'example_params_ui_tutorial' retrieved from /Library/Frameworks/Python.framework/Versions/3.12/lib/python3.12/site-packages/airflow/example_dags/example_params_ui_tutorial.py
[2025-05-24T04:38:06.099+0530] {logging_mixin.py:188} INFO - [2025-05-24T04:38:06.099+0530] {dag.py:3096} INFO - Sync 1 DAGs
[2025-05-24T04:38:06.108+0530] {logging_mixin.py:188} INFO - [2025-05-24T04:38:06.108+0530] {dag.py:3954} INFO - Setting next_dagrun for example_params_ui_tutorial to None, run_after=None
[2025-05-24T04:38:06.123+0530] {processor.py:183} INFO - Processing /Library/Frameworks/Python.framework/Versions/3.12/lib/python3.12/site-packages/airflow/example_dags/example_params_ui_tutorial.py took 0.237 seconds
[2025-05-24T04:40:06.262+0530] {processor.py:161} INFO - Started process (PID=16226) to work on /Library/Frameworks/Python.framework/Versions/3.12/lib/python3.12/site-packages/airflow/example_dags/example_params_ui_tutorial.py
[2025-05-24T04:40:06.263+0530] {processor.py:830} INFO - Processing file /Library/Frameworks/Python.framework/Versions/3.12/lib/python3.12/site-packages/airflow/example_dags/example_params_ui_tutorial.py for tasks to queue
[2025-05-24T04:40:06.264+0530] {logging_mixin.py:188} INFO - [2025-05-24T04:40:06.263+0530] {dagbag.py:540} INFO - Filling up the DagBag from /Library/Frameworks/Python.framework/Versions/3.12/lib/python3.12/site-packages/airflow/example_dags/example_params_ui_tutorial.py
[2025-05-24T04:40:06.303+0530] {processor.py:840} INFO - DAG(s) 'example_params_ui_tutorial' retrieved from /Library/Frameworks/Python.framework/Versions/3.12/lib/python3.12/site-packages/airflow/example_dags/example_params_ui_tutorial.py
[2025-05-24T04:40:06.483+0530] {logging_mixin.py:188} INFO - [2025-05-24T04:40:06.483+0530] {dag.py:3096} INFO - Sync 1 DAGs
[2025-05-24T04:40:06.492+0530] {logging_mixin.py:188} INFO - [2025-05-24T04:40:06.492+0530] {dag.py:3954} INFO - Setting next_dagrun for example_params_ui_tutorial to None, run_after=None
[2025-05-24T04:40:06.508+0530] {processor.py:183} INFO - Processing /Library/Frameworks/Python.framework/Versions/3.12/lib/python3.12/site-packages/airflow/example_dags/example_params_ui_tutorial.py took 0.249 seconds
[2025-05-24T04:42:23.020+0530] {processor.py:161} INFO - Started process (PID=16325) to work on /Library/Frameworks/Python.framework/Versions/3.12/lib/python3.12/site-packages/airflow/example_dags/example_params_ui_tutorial.py
[2025-05-24T04:42:23.021+0530] {processor.py:830} INFO - Processing file /Library/Frameworks/Python.framework/Versions/3.12/lib/python3.12/site-packages/airflow/example_dags/example_params_ui_tutorial.py for tasks to queue
[2025-05-24T04:42:23.022+0530] {logging_mixin.py:188} INFO - [2025-05-24T04:42:23.022+0530] {dagbag.py:540} INFO - Filling up the DagBag from /Library/Frameworks/Python.framework/Versions/3.12/lib/python3.12/site-packages/airflow/example_dags/example_params_ui_tutorial.py
[2025-05-24T04:42:23.062+0530] {processor.py:840} INFO - DAG(s) 'example_params_ui_tutorial' retrieved from /Library/Frameworks/Python.framework/Versions/3.12/lib/python3.12/site-packages/airflow/example_dags/example_params_ui_tutorial.py
[2025-05-24T04:42:23.263+0530] {logging_mixin.py:188} INFO - [2025-05-24T04:42:23.262+0530] {dag.py:3096} INFO - Sync 1 DAGs
[2025-05-24T04:42:23.274+0530] {logging_mixin.py:188} INFO - [2025-05-24T04:42:23.274+0530] {dag.py:3954} INFO - Setting next_dagrun for example_params_ui_tutorial to None, run_after=None
[2025-05-24T04:42:23.292+0530] {processor.py:183} INFO - Processing /Library/Frameworks/Python.framework/Versions/3.12/lib/python3.12/site-packages/airflow/example_dags/example_params_ui_tutorial.py took 0.275 seconds
[2025-05-24T04:46:17.898+0530] {processor.py:161} INFO - Started process (PID=17344) to work on /Library/Frameworks/Python.framework/Versions/3.12/lib/python3.12/site-packages/airflow/example_dags/example_params_ui_tutorial.py
[2025-05-24T04:46:17.899+0530] {processor.py:830} INFO - Processing file /Library/Frameworks/Python.framework/Versions/3.12/lib/python3.12/site-packages/airflow/example_dags/example_params_ui_tutorial.py for tasks to queue
[2025-05-24T04:46:17.899+0530] {logging_mixin.py:188} INFO - [2025-05-24T04:46:17.899+0530] {dagbag.py:540} INFO - Filling up the DagBag from /Library/Frameworks/Python.framework/Versions/3.12/lib/python3.12/site-packages/airflow/example_dags/example_params_ui_tutorial.py
[2025-05-24T04:46:17.938+0530] {processor.py:840} INFO - DAG(s) 'example_params_ui_tutorial' retrieved from /Library/Frameworks/Python.framework/Versions/3.12/lib/python3.12/site-packages/airflow/example_dags/example_params_ui_tutorial.py
[2025-05-24T04:46:18.112+0530] {logging_mixin.py:188} INFO - [2025-05-24T04:46:18.111+0530] {dag.py:3096} INFO - Sync 1 DAGs
[2025-05-24T04:46:18.121+0530] {logging_mixin.py:188} INFO - [2025-05-24T04:46:18.120+0530] {dag.py:3954} INFO - Setting next_dagrun for example_params_ui_tutorial to None, run_after=None
[2025-05-24T04:46:18.136+0530] {processor.py:183} INFO - Processing /Library/Frameworks/Python.framework/Versions/3.12/lib/python3.12/site-packages/airflow/example_dags/example_params_ui_tutorial.py took 0.242 seconds
[2025-05-24T04:48:14.485+0530] {processor.py:161} INFO - Started process (PID=17410) to work on /Library/Frameworks/Python.framework/Versions/3.12/lib/python3.12/site-packages/airflow/example_dags/example_params_ui_tutorial.py
[2025-05-24T04:48:14.487+0530] {processor.py:830} INFO - Processing file /Library/Frameworks/Python.framework/Versions/3.12/lib/python3.12/site-packages/airflow/example_dags/example_params_ui_tutorial.py for tasks to queue
[2025-05-24T04:48:14.488+0530] {logging_mixin.py:188} INFO - [2025-05-24T04:48:14.488+0530] {dagbag.py:540} INFO - Filling up the DagBag from /Library/Frameworks/Python.framework/Versions/3.12/lib/python3.12/site-packages/airflow/example_dags/example_params_ui_tutorial.py
[2025-05-24T04:48:14.524+0530] {processor.py:840} INFO - DAG(s) 'example_params_ui_tutorial' retrieved from /Library/Frameworks/Python.framework/Versions/3.12/lib/python3.12/site-packages/airflow/example_dags/example_params_ui_tutorial.py
[2025-05-24T04:48:14.698+0530] {logging_mixin.py:188} INFO - [2025-05-24T04:48:14.698+0530] {dag.py:3096} INFO - Sync 1 DAGs
[2025-05-24T04:48:14.707+0530] {logging_mixin.py:188} INFO - [2025-05-24T04:48:14.707+0530] {dag.py:3954} INFO - Setting next_dagrun for example_params_ui_tutorial to None, run_after=None
[2025-05-24T04:48:14.721+0530] {processor.py:183} INFO - Processing /Library/Frameworks/Python.framework/Versions/3.12/lib/python3.12/site-packages/airflow/example_dags/example_params_ui_tutorial.py took 0.241 seconds
[2025-05-24T04:52:13.970+0530] {processor.py:161} INFO - Started process (PID=17559) to work on /Library/Frameworks/Python.framework/Versions/3.12/lib/python3.12/site-packages/airflow/example_dags/example_params_ui_tutorial.py
[2025-05-24T04:52:13.970+0530] {processor.py:830} INFO - Processing file /Library/Frameworks/Python.framework/Versions/3.12/lib/python3.12/site-packages/airflow/example_dags/example_params_ui_tutorial.py for tasks to queue
[2025-05-24T04:52:13.971+0530] {logging_mixin.py:188} INFO - [2025-05-24T04:52:13.971+0530] {dagbag.py:540} INFO - Filling up the DagBag from /Library/Frameworks/Python.framework/Versions/3.12/lib/python3.12/site-packages/airflow/example_dags/example_params_ui_tutorial.py
[2025-05-24T04:52:14.009+0530] {processor.py:840} INFO - DAG(s) 'example_params_ui_tutorial' retrieved from /Library/Frameworks/Python.framework/Versions/3.12/lib/python3.12/site-packages/airflow/example_dags/example_params_ui_tutorial.py
[2025-05-24T04:52:14.181+0530] {logging_mixin.py:188} INFO - [2025-05-24T04:52:14.181+0530] {dag.py:3096} INFO - Sync 1 DAGs
[2025-05-24T04:52:14.190+0530] {logging_mixin.py:188} INFO - [2025-05-24T04:52:14.190+0530] {dag.py:3954} INFO - Setting next_dagrun for example_params_ui_tutorial to None, run_after=None
[2025-05-24T04:52:14.205+0530] {processor.py:183} INFO - Processing /Library/Frameworks/Python.framework/Versions/3.12/lib/python3.12/site-packages/airflow/example_dags/example_params_ui_tutorial.py took 0.238 seconds
[2025-05-24T04:56:02.011+0530] {processor.py:161} INFO - Started process (PID=17692) to work on /Library/Frameworks/Python.framework/Versions/3.12/lib/python3.12/site-packages/airflow/example_dags/example_params_ui_tutorial.py
[2025-05-24T04:56:02.012+0530] {processor.py:830} INFO - Processing file /Library/Frameworks/Python.framework/Versions/3.12/lib/python3.12/site-packages/airflow/example_dags/example_params_ui_tutorial.py for tasks to queue
[2025-05-24T04:56:02.013+0530] {logging_mixin.py:188} INFO - [2025-05-24T04:56:02.013+0530] {dagbag.py:540} INFO - Filling up the DagBag from /Library/Frameworks/Python.framework/Versions/3.12/lib/python3.12/site-packages/airflow/example_dags/example_params_ui_tutorial.py
[2025-05-24T04:56:02.053+0530] {processor.py:840} INFO - DAG(s) 'example_params_ui_tutorial' retrieved from /Library/Frameworks/Python.framework/Versions/3.12/lib/python3.12/site-packages/airflow/example_dags/example_params_ui_tutorial.py
[2025-05-24T04:56:02.237+0530] {logging_mixin.py:188} INFO - [2025-05-24T04:56:02.237+0530] {dag.py:3096} INFO - Sync 1 DAGs
[2025-05-24T04:56:02.247+0530] {logging_mixin.py:188} INFO - [2025-05-24T04:56:02.247+0530] {dag.py:3954} INFO - Setting next_dagrun for example_params_ui_tutorial to None, run_after=None
[2025-05-24T04:56:02.263+0530] {processor.py:183} INFO - Processing /Library/Frameworks/Python.framework/Versions/3.12/lib/python3.12/site-packages/airflow/example_dags/example_params_ui_tutorial.py took 0.255 seconds
[2025-05-24T04:59:50.500+0530] {processor.py:161} INFO - Started process (PID=17833) to work on /Library/Frameworks/Python.framework/Versions/3.12/lib/python3.12/site-packages/airflow/example_dags/example_params_ui_tutorial.py
[2025-05-24T04:59:50.501+0530] {processor.py:830} INFO - Processing file /Library/Frameworks/Python.framework/Versions/3.12/lib/python3.12/site-packages/airflow/example_dags/example_params_ui_tutorial.py for tasks to queue
[2025-05-24T04:59:50.502+0530] {logging_mixin.py:188} INFO - [2025-05-24T04:59:50.502+0530] {dagbag.py:540} INFO - Filling up the DagBag from /Library/Frameworks/Python.framework/Versions/3.12/lib/python3.12/site-packages/airflow/example_dags/example_params_ui_tutorial.py
[2025-05-24T04:59:50.541+0530] {processor.py:840} INFO - DAG(s) 'example_params_ui_tutorial' retrieved from /Library/Frameworks/Python.framework/Versions/3.12/lib/python3.12/site-packages/airflow/example_dags/example_params_ui_tutorial.py
[2025-05-24T04:59:50.717+0530] {logging_mixin.py:188} INFO - [2025-05-24T04:59:50.717+0530] {dag.py:3096} INFO - Sync 1 DAGs
[2025-05-24T04:59:50.726+0530] {logging_mixin.py:188} INFO - [2025-05-24T04:59:50.726+0530] {dag.py:3954} INFO - Setting next_dagrun for example_params_ui_tutorial to None, run_after=None
[2025-05-24T04:59:50.743+0530] {processor.py:183} INFO - Processing /Library/Frameworks/Python.framework/Versions/3.12/lib/python3.12/site-packages/airflow/example_dags/example_params_ui_tutorial.py took 0.245 seconds
[2025-05-24T05:03:36.533+0530] {processor.py:161} INFO - Started process (PID=17955) to work on /Library/Frameworks/Python.framework/Versions/3.12/lib/python3.12/site-packages/airflow/example_dags/example_params_ui_tutorial.py
[2025-05-24T05:03:36.534+0530] {processor.py:830} INFO - Processing file /Library/Frameworks/Python.framework/Versions/3.12/lib/python3.12/site-packages/airflow/example_dags/example_params_ui_tutorial.py for tasks to queue
[2025-05-24T05:03:36.534+0530] {logging_mixin.py:188} INFO - [2025-05-24T05:03:36.534+0530] {dagbag.py:540} INFO - Filling up the DagBag from /Library/Frameworks/Python.framework/Versions/3.12/lib/python3.12/site-packages/airflow/example_dags/example_params_ui_tutorial.py
[2025-05-24T05:03:36.571+0530] {processor.py:840} INFO - DAG(s) 'example_params_ui_tutorial' retrieved from /Library/Frameworks/Python.framework/Versions/3.12/lib/python3.12/site-packages/airflow/example_dags/example_params_ui_tutorial.py
[2025-05-24T05:03:36.739+0530] {logging_mixin.py:188} INFO - [2025-05-24T05:03:36.739+0530] {dag.py:3096} INFO - Sync 1 DAGs
[2025-05-24T05:03:36.748+0530] {logging_mixin.py:188} INFO - [2025-05-24T05:03:36.748+0530] {dag.py:3954} INFO - Setting next_dagrun for example_params_ui_tutorial to None, run_after=None
[2025-05-24T05:03:36.763+0530] {processor.py:183} INFO - Processing /Library/Frameworks/Python.framework/Versions/3.12/lib/python3.12/site-packages/airflow/example_dags/example_params_ui_tutorial.py took 0.233 seconds
[2025-05-24T05:07:22.639+0530] {processor.py:161} INFO - Started process (PID=18056) to work on /Library/Frameworks/Python.framework/Versions/3.12/lib/python3.12/site-packages/airflow/example_dags/example_params_ui_tutorial.py
[2025-05-24T05:07:22.640+0530] {processor.py:830} INFO - Processing file /Library/Frameworks/Python.framework/Versions/3.12/lib/python3.12/site-packages/airflow/example_dags/example_params_ui_tutorial.py for tasks to queue
[2025-05-24T05:07:22.641+0530] {logging_mixin.py:188} INFO - [2025-05-24T05:07:22.641+0530] {dagbag.py:540} INFO - Filling up the DagBag from /Library/Frameworks/Python.framework/Versions/3.12/lib/python3.12/site-packages/airflow/example_dags/example_params_ui_tutorial.py
[2025-05-24T05:07:22.682+0530] {processor.py:840} INFO - DAG(s) 'example_params_ui_tutorial' retrieved from /Library/Frameworks/Python.framework/Versions/3.12/lib/python3.12/site-packages/airflow/example_dags/example_params_ui_tutorial.py
[2025-05-24T05:07:22.858+0530] {logging_mixin.py:188} INFO - [2025-05-24T05:07:22.857+0530] {dag.py:3096} INFO - Sync 1 DAGs
[2025-05-24T05:07:22.866+0530] {logging_mixin.py:188} INFO - [2025-05-24T05:07:22.866+0530] {dag.py:3954} INFO - Setting next_dagrun for example_params_ui_tutorial to None, run_after=None
[2025-05-24T05:07:22.884+0530] {processor.py:183} INFO - Processing /Library/Frameworks/Python.framework/Versions/3.12/lib/python3.12/site-packages/airflow/example_dags/example_params_ui_tutorial.py took 0.249 seconds
[2025-05-24T05:13:43.485+0530] {processor.py:161} INFO - Started process (PID=18201) to work on /Library/Frameworks/Python.framework/Versions/3.12/lib/python3.12/site-packages/airflow/example_dags/example_params_ui_tutorial.py
[2025-05-24T05:13:43.487+0530] {processor.py:830} INFO - Processing file /Library/Frameworks/Python.framework/Versions/3.12/lib/python3.12/site-packages/airflow/example_dags/example_params_ui_tutorial.py for tasks to queue
[2025-05-24T05:13:43.488+0530] {logging_mixin.py:188} INFO - [2025-05-24T05:13:43.487+0530] {dagbag.py:540} INFO - Filling up the DagBag from /Library/Frameworks/Python.framework/Versions/3.12/lib/python3.12/site-packages/airflow/example_dags/example_params_ui_tutorial.py
[2025-05-24T05:13:43.530+0530] {processor.py:840} INFO - DAG(s) 'example_params_ui_tutorial' retrieved from /Library/Frameworks/Python.framework/Versions/3.12/lib/python3.12/site-packages/airflow/example_dags/example_params_ui_tutorial.py
[2025-05-24T05:13:43.716+0530] {logging_mixin.py:188} INFO - [2025-05-24T05:13:43.716+0530] {dag.py:3096} INFO - Sync 1 DAGs
[2025-05-24T05:13:43.725+0530] {logging_mixin.py:188} INFO - [2025-05-24T05:13:43.725+0530] {dag.py:3954} INFO - Setting next_dagrun for example_params_ui_tutorial to None, run_after=None
[2025-05-24T05:13:43.742+0530] {processor.py:183} INFO - Processing /Library/Frameworks/Python.framework/Versions/3.12/lib/python3.12/site-packages/airflow/example_dags/example_params_ui_tutorial.py took 0.260 seconds
[2025-05-24T05:15:46.110+0530] {processor.py:161} INFO - Started process (PID=18359) to work on /Library/Frameworks/Python.framework/Versions/3.12/lib/python3.12/site-packages/airflow/example_dags/example_params_ui_tutorial.py
[2025-05-24T05:15:46.111+0530] {processor.py:830} INFO - Processing file /Library/Frameworks/Python.framework/Versions/3.12/lib/python3.12/site-packages/airflow/example_dags/example_params_ui_tutorial.py for tasks to queue
[2025-05-24T05:15:46.112+0530] {logging_mixin.py:188} INFO - [2025-05-24T05:15:46.112+0530] {dagbag.py:540} INFO - Filling up the DagBag from /Library/Frameworks/Python.framework/Versions/3.12/lib/python3.12/site-packages/airflow/example_dags/example_params_ui_tutorial.py
[2025-05-24T05:15:46.150+0530] {processor.py:840} INFO - DAG(s) 'example_params_ui_tutorial' retrieved from /Library/Frameworks/Python.framework/Versions/3.12/lib/python3.12/site-packages/airflow/example_dags/example_params_ui_tutorial.py
[2025-05-24T05:15:46.328+0530] {logging_mixin.py:188} INFO - [2025-05-24T05:15:46.327+0530] {dag.py:3096} INFO - Sync 1 DAGs
[2025-05-24T05:15:46.337+0530] {logging_mixin.py:188} INFO - [2025-05-24T05:15:46.337+0530] {dag.py:3954} INFO - Setting next_dagrun for example_params_ui_tutorial to None, run_after=None
[2025-05-24T05:15:46.353+0530] {processor.py:183} INFO - Processing /Library/Frameworks/Python.framework/Versions/3.12/lib/python3.12/site-packages/airflow/example_dags/example_params_ui_tutorial.py took 0.245 seconds
[2025-05-24T05:17:47.032+0530] {processor.py:161} INFO - Started process (PID=18703) to work on /Library/Frameworks/Python.framework/Versions/3.12/lib/python3.12/site-packages/airflow/example_dags/example_params_ui_tutorial.py
[2025-05-24T05:17:47.033+0530] {processor.py:830} INFO - Processing file /Library/Frameworks/Python.framework/Versions/3.12/lib/python3.12/site-packages/airflow/example_dags/example_params_ui_tutorial.py for tasks to queue
[2025-05-24T05:17:47.034+0530] {logging_mixin.py:188} INFO - [2025-05-24T05:17:47.034+0530] {dagbag.py:540} INFO - Filling up the DagBag from /Library/Frameworks/Python.framework/Versions/3.12/lib/python3.12/site-packages/airflow/example_dags/example_params_ui_tutorial.py
[2025-05-24T05:17:47.077+0530] {processor.py:840} INFO - DAG(s) 'example_params_ui_tutorial' retrieved from /Library/Frameworks/Python.framework/Versions/3.12/lib/python3.12/site-packages/airflow/example_dags/example_params_ui_tutorial.py
[2025-05-24T05:17:47.254+0530] {logging_mixin.py:188} INFO - [2025-05-24T05:17:47.254+0530] {dag.py:3096} INFO - Sync 1 DAGs
[2025-05-24T05:17:47.264+0530] {logging_mixin.py:188} INFO - [2025-05-24T05:17:47.264+0530] {dag.py:3954} INFO - Setting next_dagrun for example_params_ui_tutorial to None, run_after=None
[2025-05-24T05:17:47.278+0530] {processor.py:183} INFO - Processing /Library/Frameworks/Python.framework/Versions/3.12/lib/python3.12/site-packages/airflow/example_dags/example_params_ui_tutorial.py took 0.252 seconds
[2025-05-24T05:19:46.360+0530] {processor.py:161} INFO - Started process (PID=18902) to work on /Library/Frameworks/Python.framework/Versions/3.12/lib/python3.12/site-packages/airflow/example_dags/example_params_ui_tutorial.py
[2025-05-24T05:19:46.361+0530] {processor.py:830} INFO - Processing file /Library/Frameworks/Python.framework/Versions/3.12/lib/python3.12/site-packages/airflow/example_dags/example_params_ui_tutorial.py for tasks to queue
[2025-05-24T05:19:46.362+0530] {logging_mixin.py:188} INFO - [2025-05-24T05:19:46.362+0530] {dagbag.py:540} INFO - Filling up the DagBag from /Library/Frameworks/Python.framework/Versions/3.12/lib/python3.12/site-packages/airflow/example_dags/example_params_ui_tutorial.py
[2025-05-24T05:19:46.404+0530] {processor.py:840} INFO - DAG(s) 'example_params_ui_tutorial' retrieved from /Library/Frameworks/Python.framework/Versions/3.12/lib/python3.12/site-packages/airflow/example_dags/example_params_ui_tutorial.py
[2025-05-24T05:19:46.587+0530] {logging_mixin.py:188} INFO - [2025-05-24T05:19:46.587+0530] {dag.py:3096} INFO - Sync 1 DAGs
[2025-05-24T05:19:46.597+0530] {logging_mixin.py:188} INFO - [2025-05-24T05:19:46.597+0530] {dag.py:3954} INFO - Setting next_dagrun for example_params_ui_tutorial to None, run_after=None
[2025-05-24T05:19:46.614+0530] {processor.py:183} INFO - Processing /Library/Frameworks/Python.framework/Versions/3.12/lib/python3.12/site-packages/airflow/example_dags/example_params_ui_tutorial.py took 0.258 seconds
[2025-05-24T05:29:28.157+0530] {processor.py:161} INFO - Started process (PID=20738) to work on /Library/Frameworks/Python.framework/Versions/3.12/lib/python3.12/site-packages/airflow/example_dags/example_params_ui_tutorial.py
[2025-05-24T05:29:28.159+0530] {processor.py:830} INFO - Processing file /Library/Frameworks/Python.framework/Versions/3.12/lib/python3.12/site-packages/airflow/example_dags/example_params_ui_tutorial.py for tasks to queue
[2025-05-24T05:29:28.159+0530] {logging_mixin.py:188} INFO - [2025-05-24T05:29:28.159+0530] {dagbag.py:540} INFO - Filling up the DagBag from /Library/Frameworks/Python.framework/Versions/3.12/lib/python3.12/site-packages/airflow/example_dags/example_params_ui_tutorial.py
[2025-05-24T05:29:28.203+0530] {processor.py:840} INFO - DAG(s) 'example_params_ui_tutorial' retrieved from /Library/Frameworks/Python.framework/Versions/3.12/lib/python3.12/site-packages/airflow/example_dags/example_params_ui_tutorial.py
[2025-05-24T05:29:28.461+0530] {logging_mixin.py:188} INFO - [2025-05-24T05:29:28.461+0530] {dag.py:3096} INFO - Sync 1 DAGs
[2025-05-24T05:29:28.467+0530] {logging_mixin.py:188} INFO - [2025-05-24T05:29:28.467+0530] {dag.py:3954} INFO - Setting next_dagrun for example_params_ui_tutorial to None, run_after=None
[2025-05-24T05:29:28.481+0530] {processor.py:183} INFO - Processing /Library/Frameworks/Python.framework/Versions/3.12/lib/python3.12/site-packages/airflow/example_dags/example_params_ui_tutorial.py took 0.328 seconds
