[2025-05-24T04:22:44.135+0530] {processor.py:161} INFO - Started process (PID=15632) to work on /Library/Frameworks/Python.framework/Versions/3.12/lib/python3.12/site-packages/airflow/example_dags/example_xcomargs.py
[2025-05-24T04:22:44.136+0530] {processor.py:830} INFO - Processing file /Library/Frameworks/Python.framework/Versions/3.12/lib/python3.12/site-packages/airflow/example_dags/example_xcomargs.py for tasks to queue
[2025-05-24T04:22:44.137+0530] {logging_mixin.py:188} INFO - [2025-05-24T04:22:44.137+0530] {dagbag.py:540} INFO - Filling up the DagBag from /Library/Frameworks/Python.framework/Versions/3.12/lib/python3.12/site-packages/airflow/example_dags/example_xcomargs.py
[2025-05-24T04:22:44.188+0530] {processor.py:840} INFO - DAG(s) 'example_xcom_args', 'example_xcom_args_with_operators' retrieved from /Library/Frameworks/Python.framework/Versions/3.12/lib/python3.12/site-packages/airflow/example_dags/example_xcomargs.py
[2025-05-24T04:22:44.476+0530] {logging_mixin.py:188} INFO - [2025-05-24T04:22:44.476+0530] {dag.py:3096} INFO - Sync 2 DAGs
[2025-05-24T04:22:44.484+0530] {logging_mixin.py:188} INFO - [2025-05-24T04:22:44.484+0530] {dag.py:3954} INFO - Setting next_dagrun for example_xcom_args to None, run_after=None
[2025-05-24T04:22:44.486+0530] {logging_mixin.py:188} INFO - [2025-05-24T04:22:44.486+0530] {dag.py:3954} INFO - Setting next_dagrun for example_xcom_args_with_operators to None, run_after=None
[2025-05-24T04:22:44.501+0530] {processor.py:183} INFO - Processing /Library/Frameworks/Python.framework/Versions/3.12/lib/python3.12/site-packages/airflow/example_dags/example_xcomargs.py took 0.370 seconds
[2025-05-24T04:25:23.751+0530] {processor.py:161} INFO - Started process (PID=15739) to work on /Library/Frameworks/Python.framework/Versions/3.12/lib/python3.12/site-packages/airflow/example_dags/example_xcomargs.py
[2025-05-24T04:25:23.752+0530] {processor.py:830} INFO - Processing file /Library/Frameworks/Python.framework/Versions/3.12/lib/python3.12/site-packages/airflow/example_dags/example_xcomargs.py for tasks to queue
[2025-05-24T04:25:23.753+0530] {logging_mixin.py:188} INFO - [2025-05-24T04:25:23.752+0530] {dagbag.py:540} INFO - Filling up the DagBag from /Library/Frameworks/Python.framework/Versions/3.12/lib/python3.12/site-packages/airflow/example_dags/example_xcomargs.py
[2025-05-24T04:25:23.789+0530] {processor.py:840} INFO - DAG(s) 'example_xcom_args', 'example_xcom_args_with_operators' retrieved from /Library/Frameworks/Python.framework/Versions/3.12/lib/python3.12/site-packages/airflow/example_dags/example_xcomargs.py
[2025-05-24T04:25:23.943+0530] {logging_mixin.py:188} INFO - [2025-05-24T04:25:23.942+0530] {dag.py:3096} INFO - Sync 2 DAGs
[2025-05-24T04:25:23.954+0530] {logging_mixin.py:188} INFO - [2025-05-24T04:25:23.953+0530] {dag.py:3954} INFO - Setting next_dagrun for example_xcom_args to None, run_after=None
[2025-05-24T04:25:23.957+0530] {logging_mixin.py:188} INFO - [2025-05-24T04:25:23.957+0530] {dag.py:3954} INFO - Setting next_dagrun for example_xcom_args_with_operators to None, run_after=None
[2025-05-24T04:25:23.975+0530] {processor.py:183} INFO - Processing /Library/Frameworks/Python.framework/Versions/3.12/lib/python3.12/site-packages/airflow/example_dags/example_xcomargs.py took 0.226 seconds
[2025-05-24T04:27:20.044+0530] {processor.py:161} INFO - Started process (PID=15794) to work on /Library/Frameworks/Python.framework/Versions/3.12/lib/python3.12/site-packages/airflow/example_dags/example_xcomargs.py
[2025-05-24T04:27:20.046+0530] {processor.py:830} INFO - Processing file /Library/Frameworks/Python.framework/Versions/3.12/lib/python3.12/site-packages/airflow/example_dags/example_xcomargs.py for tasks to queue
[2025-05-24T04:27:20.047+0530] {logging_mixin.py:188} INFO - [2025-05-24T04:27:20.047+0530] {dagbag.py:540} INFO - Filling up the DagBag from /Library/Frameworks/Python.framework/Versions/3.12/lib/python3.12/site-packages/airflow/example_dags/example_xcomargs.py
[2025-05-24T04:27:20.083+0530] {processor.py:840} INFO - DAG(s) 'example_xcom_args_with_operators', 'example_xcom_args' retrieved from /Library/Frameworks/Python.framework/Versions/3.12/lib/python3.12/site-packages/airflow/example_dags/example_xcomargs.py
[2025-05-24T04:27:20.230+0530] {logging_mixin.py:188} INFO - [2025-05-24T04:27:20.230+0530] {dag.py:3096} INFO - Sync 2 DAGs
[2025-05-24T04:27:20.240+0530] {logging_mixin.py:188} INFO - [2025-05-24T04:27:20.240+0530] {dag.py:3954} INFO - Setting next_dagrun for example_xcom_args to None, run_after=None
[2025-05-24T04:27:20.243+0530] {logging_mixin.py:188} INFO - [2025-05-24T04:27:20.243+0530] {dag.py:3954} INFO - Setting next_dagrun for example_xcom_args_with_operators to None, run_after=None
[2025-05-24T04:27:20.257+0530] {processor.py:183} INFO - Processing /Library/Frameworks/Python.framework/Versions/3.12/lib/python3.12/site-packages/airflow/example_dags/example_xcomargs.py took 0.218 seconds
[2025-05-24T04:29:13.908+0530] {processor.py:161} INFO - Started process (PID=15843) to work on /Library/Frameworks/Python.framework/Versions/3.12/lib/python3.12/site-packages/airflow/example_dags/example_xcomargs.py
[2025-05-24T04:29:13.909+0530] {processor.py:830} INFO - Processing file /Library/Frameworks/Python.framework/Versions/3.12/lib/python3.12/site-packages/airflow/example_dags/example_xcomargs.py for tasks to queue
[2025-05-24T04:29:13.910+0530] {logging_mixin.py:188} INFO - [2025-05-24T04:29:13.909+0530] {dagbag.py:540} INFO - Filling up the DagBag from /Library/Frameworks/Python.framework/Versions/3.12/lib/python3.12/site-packages/airflow/example_dags/example_xcomargs.py
[2025-05-24T04:29:13.947+0530] {processor.py:840} INFO - DAG(s) 'example_xcom_args_with_operators', 'example_xcom_args' retrieved from /Library/Frameworks/Python.framework/Versions/3.12/lib/python3.12/site-packages/airflow/example_dags/example_xcomargs.py
[2025-05-24T04:29:14.097+0530] {logging_mixin.py:188} INFO - [2025-05-24T04:29:14.096+0530] {dag.py:3096} INFO - Sync 2 DAGs
[2025-05-24T04:29:14.106+0530] {logging_mixin.py:188} INFO - [2025-05-24T04:29:14.106+0530] {dag.py:3954} INFO - Setting next_dagrun for example_xcom_args to None, run_after=None
[2025-05-24T04:29:14.109+0530] {logging_mixin.py:188} INFO - [2025-05-24T04:29:14.108+0530] {dag.py:3954} INFO - Setting next_dagrun for example_xcom_args_with_operators to None, run_after=None
[2025-05-24T04:29:14.122+0530] {processor.py:183} INFO - Processing /Library/Frameworks/Python.framework/Versions/3.12/lib/python3.12/site-packages/airflow/example_dags/example_xcomargs.py took 0.218 seconds
[2025-05-24T04:31:11.315+0530] {processor.py:161} INFO - Started process (PID=15921) to work on /Library/Frameworks/Python.framework/Versions/3.12/lib/python3.12/site-packages/airflow/example_dags/example_xcomargs.py
[2025-05-24T04:31:11.316+0530] {processor.py:830} INFO - Processing file /Library/Frameworks/Python.framework/Versions/3.12/lib/python3.12/site-packages/airflow/example_dags/example_xcomargs.py for tasks to queue
[2025-05-24T04:31:11.318+0530] {logging_mixin.py:188} INFO - [2025-05-24T04:31:11.317+0530] {dagbag.py:540} INFO - Filling up the DagBag from /Library/Frameworks/Python.framework/Versions/3.12/lib/python3.12/site-packages/airflow/example_dags/example_xcomargs.py
[2025-05-24T04:31:11.355+0530] {processor.py:840} INFO - DAG(s) 'example_xcom_args_with_operators', 'example_xcom_args' retrieved from /Library/Frameworks/Python.framework/Versions/3.12/lib/python3.12/site-packages/airflow/example_dags/example_xcomargs.py
[2025-05-24T04:31:11.500+0530] {logging_mixin.py:188} INFO - [2025-05-24T04:31:11.499+0530] {dag.py:3096} INFO - Sync 2 DAGs
[2025-05-24T04:31:11.510+0530] {logging_mixin.py:188} INFO - [2025-05-24T04:31:11.509+0530] {dag.py:3954} INFO - Setting next_dagrun for example_xcom_args to None, run_after=None
[2025-05-24T04:31:11.512+0530] {logging_mixin.py:188} INFO - [2025-05-24T04:31:11.512+0530] {dag.py:3954} INFO - Setting next_dagrun for example_xcom_args_with_operators to None, run_after=None
[2025-05-24T04:31:11.526+0530] {processor.py:183} INFO - Processing /Library/Frameworks/Python.framework/Versions/3.12/lib/python3.12/site-packages/airflow/example_dags/example_xcomargs.py took 0.215 seconds
[2025-05-24T04:33:09.712+0530] {processor.py:161} INFO - Started process (PID=15989) to work on /Library/Frameworks/Python.framework/Versions/3.12/lib/python3.12/site-packages/airflow/example_dags/example_xcomargs.py
[2025-05-24T04:33:09.713+0530] {processor.py:830} INFO - Processing file /Library/Frameworks/Python.framework/Versions/3.12/lib/python3.12/site-packages/airflow/example_dags/example_xcomargs.py for tasks to queue
[2025-05-24T04:33:09.714+0530] {logging_mixin.py:188} INFO - [2025-05-24T04:33:09.713+0530] {dagbag.py:540} INFO - Filling up the DagBag from /Library/Frameworks/Python.framework/Versions/3.12/lib/python3.12/site-packages/airflow/example_dags/example_xcomargs.py
[2025-05-24T04:33:09.752+0530] {processor.py:840} INFO - DAG(s) 'example_xcom_args', 'example_xcom_args_with_operators' retrieved from /Library/Frameworks/Python.framework/Versions/3.12/lib/python3.12/site-packages/airflow/example_dags/example_xcomargs.py
[2025-05-24T04:33:09.914+0530] {logging_mixin.py:188} INFO - [2025-05-24T04:33:09.914+0530] {dag.py:3096} INFO - Sync 2 DAGs
[2025-05-24T04:33:09.925+0530] {logging_mixin.py:188} INFO - [2025-05-24T04:33:09.925+0530] {dag.py:3954} INFO - Setting next_dagrun for example_xcom_args to None, run_after=None
[2025-05-24T04:33:09.928+0530] {logging_mixin.py:188} INFO - [2025-05-24T04:33:09.928+0530] {dag.py:3954} INFO - Setting next_dagrun for example_xcom_args_with_operators to None, run_after=None
[2025-05-24T04:33:09.943+0530] {processor.py:183} INFO - Processing /Library/Frameworks/Python.framework/Versions/3.12/lib/python3.12/site-packages/airflow/example_dags/example_xcomargs.py took 0.234 seconds
[2025-05-24T04:35:15.653+0530] {processor.py:161} INFO - Started process (PID=16067) to work on /Library/Frameworks/Python.framework/Versions/3.12/lib/python3.12/site-packages/airflow/example_dags/example_xcomargs.py
[2025-05-24T04:35:15.655+0530] {processor.py:830} INFO - Processing file /Library/Frameworks/Python.framework/Versions/3.12/lib/python3.12/site-packages/airflow/example_dags/example_xcomargs.py for tasks to queue
[2025-05-24T04:35:15.656+0530] {logging_mixin.py:188} INFO - [2025-05-24T04:35:15.656+0530] {dagbag.py:540} INFO - Filling up the DagBag from /Library/Frameworks/Python.framework/Versions/3.12/lib/python3.12/site-packages/airflow/example_dags/example_xcomargs.py
[2025-05-24T04:35:15.692+0530] {processor.py:840} INFO - DAG(s) 'example_xcom_args_with_operators', 'example_xcom_args' retrieved from /Library/Frameworks/Python.framework/Versions/3.12/lib/python3.12/site-packages/airflow/example_dags/example_xcomargs.py
[2025-05-24T04:35:15.840+0530] {logging_mixin.py:188} INFO - [2025-05-24T04:35:15.840+0530] {dag.py:3096} INFO - Sync 2 DAGs
[2025-05-24T04:35:15.851+0530] {logging_mixin.py:188} INFO - [2025-05-24T04:35:15.851+0530] {dag.py:3954} INFO - Setting next_dagrun for example_xcom_args to None, run_after=None
[2025-05-24T04:35:15.854+0530] {logging_mixin.py:188} INFO - [2025-05-24T04:35:15.854+0530] {dag.py:3954} INFO - Setting next_dagrun for example_xcom_args_with_operators to None, run_after=None
[2025-05-24T04:35:15.869+0530] {processor.py:183} INFO - Processing /Library/Frameworks/Python.framework/Versions/3.12/lib/python3.12/site-packages/airflow/example_dags/example_xcomargs.py took 0.219 seconds
[2025-05-24T04:37:16.122+0530] {processor.py:161} INFO - Started process (PID=16134) to work on /Library/Frameworks/Python.framework/Versions/3.12/lib/python3.12/site-packages/airflow/example_dags/example_xcomargs.py
[2025-05-24T04:37:16.123+0530] {processor.py:830} INFO - Processing file /Library/Frameworks/Python.framework/Versions/3.12/lib/python3.12/site-packages/airflow/example_dags/example_xcomargs.py for tasks to queue
[2025-05-24T04:37:16.124+0530] {logging_mixin.py:188} INFO - [2025-05-24T04:37:16.124+0530] {dagbag.py:540} INFO - Filling up the DagBag from /Library/Frameworks/Python.framework/Versions/3.12/lib/python3.12/site-packages/airflow/example_dags/example_xcomargs.py
[2025-05-24T04:37:16.159+0530] {processor.py:840} INFO - DAG(s) 'example_xcom_args', 'example_xcom_args_with_operators' retrieved from /Library/Frameworks/Python.framework/Versions/3.12/lib/python3.12/site-packages/airflow/example_dags/example_xcomargs.py
[2025-05-24T04:37:16.302+0530] {logging_mixin.py:188} INFO - [2025-05-24T04:37:16.302+0530] {dag.py:3096} INFO - Sync 2 DAGs
[2025-05-24T04:37:16.312+0530] {logging_mixin.py:188} INFO - [2025-05-24T04:37:16.311+0530] {dag.py:3954} INFO - Setting next_dagrun for example_xcom_args to None, run_after=None
[2025-05-24T04:37:16.314+0530] {logging_mixin.py:188} INFO - [2025-05-24T04:37:16.314+0530] {dag.py:3954} INFO - Setting next_dagrun for example_xcom_args_with_operators to None, run_after=None
[2025-05-24T04:37:16.327+0530] {processor.py:183} INFO - Processing /Library/Frameworks/Python.framework/Versions/3.12/lib/python3.12/site-packages/airflow/example_dags/example_xcomargs.py took 0.210 seconds
[2025-05-24T04:39:15.434+0530] {processor.py:161} INFO - Started process (PID=16202) to work on /Library/Frameworks/Python.framework/Versions/3.12/lib/python3.12/site-packages/airflow/example_dags/example_xcomargs.py
[2025-05-24T04:39:15.435+0530] {processor.py:830} INFO - Processing file /Library/Frameworks/Python.framework/Versions/3.12/lib/python3.12/site-packages/airflow/example_dags/example_xcomargs.py for tasks to queue
[2025-05-24T04:39:15.435+0530] {logging_mixin.py:188} INFO - [2025-05-24T04:39:15.435+0530] {dagbag.py:540} INFO - Filling up the DagBag from /Library/Frameworks/Python.framework/Versions/3.12/lib/python3.12/site-packages/airflow/example_dags/example_xcomargs.py
[2025-05-24T04:39:15.476+0530] {processor.py:840} INFO - DAG(s) 'example_xcom_args_with_operators', 'example_xcom_args' retrieved from /Library/Frameworks/Python.framework/Versions/3.12/lib/python3.12/site-packages/airflow/example_dags/example_xcomargs.py
[2025-05-24T04:39:15.649+0530] {logging_mixin.py:188} INFO - [2025-05-24T04:39:15.649+0530] {dag.py:3096} INFO - Sync 2 DAGs
[2025-05-24T04:39:15.660+0530] {logging_mixin.py:188} INFO - [2025-05-24T04:39:15.660+0530] {dag.py:3954} INFO - Setting next_dagrun for example_xcom_args to None, run_after=None
[2025-05-24T04:39:15.664+0530] {logging_mixin.py:188} INFO - [2025-05-24T04:39:15.664+0530] {dag.py:3954} INFO - Setting next_dagrun for example_xcom_args_with_operators to None, run_after=None
[2025-05-24T04:39:15.680+0530] {processor.py:183} INFO - Processing /Library/Frameworks/Python.framework/Versions/3.12/lib/python3.12/site-packages/airflow/example_dags/example_xcomargs.py took 0.250 seconds
[2025-05-24T04:41:21.267+0530] {processor.py:161} INFO - Started process (PID=16283) to work on /Library/Frameworks/Python.framework/Versions/3.12/lib/python3.12/site-packages/airflow/example_dags/example_xcomargs.py
[2025-05-24T04:41:21.268+0530] {processor.py:830} INFO - Processing file /Library/Frameworks/Python.framework/Versions/3.12/lib/python3.12/site-packages/airflow/example_dags/example_xcomargs.py for tasks to queue
[2025-05-24T04:41:21.269+0530] {logging_mixin.py:188} INFO - [2025-05-24T04:41:21.269+0530] {dagbag.py:540} INFO - Filling up the DagBag from /Library/Frameworks/Python.framework/Versions/3.12/lib/python3.12/site-packages/airflow/example_dags/example_xcomargs.py
[2025-05-24T04:41:21.317+0530] {processor.py:840} INFO - DAG(s) 'example_xcom_args_with_operators', 'example_xcom_args' retrieved from /Library/Frameworks/Python.framework/Versions/3.12/lib/python3.12/site-packages/airflow/example_dags/example_xcomargs.py
[2025-05-24T04:41:21.490+0530] {logging_mixin.py:188} INFO - [2025-05-24T04:41:21.490+0530] {dag.py:3096} INFO - Sync 2 DAGs
[2025-05-24T04:41:21.500+0530] {logging_mixin.py:188} INFO - [2025-05-24T04:41:21.500+0530] {dag.py:3954} INFO - Setting next_dagrun for example_xcom_args to None, run_after=None
[2025-05-24T04:41:21.503+0530] {logging_mixin.py:188} INFO - [2025-05-24T04:41:21.502+0530] {dag.py:3954} INFO - Setting next_dagrun for example_xcom_args_with_operators to None, run_after=None
[2025-05-24T04:41:21.516+0530] {processor.py:183} INFO - Processing /Library/Frameworks/Python.framework/Versions/3.12/lib/python3.12/site-packages/airflow/example_dags/example_xcomargs.py took 0.252 seconds
[2025-05-24T04:43:24.538+0530] {processor.py:161} INFO - Started process (PID=16587) to work on /Library/Frameworks/Python.framework/Versions/3.12/lib/python3.12/site-packages/airflow/example_dags/example_xcomargs.py
[2025-05-24T04:43:24.539+0530] {processor.py:830} INFO - Processing file /Library/Frameworks/Python.framework/Versions/3.12/lib/python3.12/site-packages/airflow/example_dags/example_xcomargs.py for tasks to queue
[2025-05-24T04:43:24.540+0530] {logging_mixin.py:188} INFO - [2025-05-24T04:43:24.540+0530] {dagbag.py:540} INFO - Filling up the DagBag from /Library/Frameworks/Python.framework/Versions/3.12/lib/python3.12/site-packages/airflow/example_dags/example_xcomargs.py
[2025-05-24T04:43:24.576+0530] {processor.py:840} INFO - DAG(s) 'example_xcom_args', 'example_xcom_args_with_operators' retrieved from /Library/Frameworks/Python.framework/Versions/3.12/lib/python3.12/site-packages/airflow/example_dags/example_xcomargs.py
[2025-05-24T04:43:24.726+0530] {logging_mixin.py:188} INFO - [2025-05-24T04:43:24.726+0530] {dag.py:3096} INFO - Sync 2 DAGs
[2025-05-24T04:43:24.737+0530] {logging_mixin.py:188} INFO - [2025-05-24T04:43:24.736+0530] {dag.py:3954} INFO - Setting next_dagrun for example_xcom_args to None, run_after=None
[2025-05-24T04:43:24.740+0530] {logging_mixin.py:188} INFO - [2025-05-24T04:43:24.740+0530] {dag.py:3954} INFO - Setting next_dagrun for example_xcom_args_with_operators to None, run_after=None
[2025-05-24T04:43:24.756+0530] {processor.py:183} INFO - Processing /Library/Frameworks/Python.framework/Versions/3.12/lib/python3.12/site-packages/airflow/example_dags/example_xcomargs.py took 0.222 seconds
[2025-05-24T04:45:25.226+0530] {processor.py:161} INFO - Started process (PID=17322) to work on /Library/Frameworks/Python.framework/Versions/3.12/lib/python3.12/site-packages/airflow/example_dags/example_xcomargs.py
[2025-05-24T04:45:25.227+0530] {processor.py:830} INFO - Processing file /Library/Frameworks/Python.framework/Versions/3.12/lib/python3.12/site-packages/airflow/example_dags/example_xcomargs.py for tasks to queue
[2025-05-24T04:45:25.227+0530] {logging_mixin.py:188} INFO - [2025-05-24T04:45:25.227+0530] {dagbag.py:540} INFO - Filling up the DagBag from /Library/Frameworks/Python.framework/Versions/3.12/lib/python3.12/site-packages/airflow/example_dags/example_xcomargs.py
[2025-05-24T04:45:25.264+0530] {processor.py:840} INFO - DAG(s) 'example_xcom_args_with_operators', 'example_xcom_args' retrieved from /Library/Frameworks/Python.framework/Versions/3.12/lib/python3.12/site-packages/airflow/example_dags/example_xcomargs.py
[2025-05-24T04:45:25.416+0530] {logging_mixin.py:188} INFO - [2025-05-24T04:45:25.416+0530] {dag.py:3096} INFO - Sync 2 DAGs
[2025-05-24T04:45:25.426+0530] {logging_mixin.py:188} INFO - [2025-05-24T04:45:25.426+0530] {dag.py:3954} INFO - Setting next_dagrun for example_xcom_args to None, run_after=None
[2025-05-24T04:45:25.429+0530] {logging_mixin.py:188} INFO - [2025-05-24T04:45:25.429+0530] {dag.py:3954} INFO - Setting next_dagrun for example_xcom_args_with_operators to None, run_after=None
[2025-05-24T04:45:25.443+0530] {processor.py:183} INFO - Processing /Library/Frameworks/Python.framework/Versions/3.12/lib/python3.12/site-packages/airflow/example_dags/example_xcomargs.py took 0.220 seconds
[2025-05-24T04:47:21.783+0530] {processor.py:161} INFO - Started process (PID=17376) to work on /Library/Frameworks/Python.framework/Versions/3.12/lib/python3.12/site-packages/airflow/example_dags/example_xcomargs.py
[2025-05-24T04:47:21.784+0530] {processor.py:830} INFO - Processing file /Library/Frameworks/Python.framework/Versions/3.12/lib/python3.12/site-packages/airflow/example_dags/example_xcomargs.py for tasks to queue
[2025-05-24T04:47:21.785+0530] {logging_mixin.py:188} INFO - [2025-05-24T04:47:21.784+0530] {dagbag.py:540} INFO - Filling up the DagBag from /Library/Frameworks/Python.framework/Versions/3.12/lib/python3.12/site-packages/airflow/example_dags/example_xcomargs.py
[2025-05-24T04:47:21.820+0530] {processor.py:840} INFO - DAG(s) 'example_xcom_args_with_operators', 'example_xcom_args' retrieved from /Library/Frameworks/Python.framework/Versions/3.12/lib/python3.12/site-packages/airflow/example_dags/example_xcomargs.py
[2025-05-24T04:47:21.968+0530] {logging_mixin.py:188} INFO - [2025-05-24T04:47:21.968+0530] {dag.py:3096} INFO - Sync 2 DAGs
[2025-05-24T04:47:21.978+0530] {logging_mixin.py:188} INFO - [2025-05-24T04:47:21.978+0530] {dag.py:3954} INFO - Setting next_dagrun for example_xcom_args to None, run_after=None
[2025-05-24T04:47:21.981+0530] {logging_mixin.py:188} INFO - [2025-05-24T04:47:21.981+0530] {dag.py:3954} INFO - Setting next_dagrun for example_xcom_args_with_operators to None, run_after=None
[2025-05-24T04:47:21.995+0530] {processor.py:183} INFO - Processing /Library/Frameworks/Python.framework/Versions/3.12/lib/python3.12/site-packages/airflow/example_dags/example_xcomargs.py took 0.217 seconds
[2025-05-24T04:49:27.852+0530] {processor.py:161} INFO - Started process (PID=17466) to work on /Library/Frameworks/Python.framework/Versions/3.12/lib/python3.12/site-packages/airflow/example_dags/example_xcomargs.py
[2025-05-24T04:49:27.853+0530] {processor.py:830} INFO - Processing file /Library/Frameworks/Python.framework/Versions/3.12/lib/python3.12/site-packages/airflow/example_dags/example_xcomargs.py for tasks to queue
[2025-05-24T04:49:27.854+0530] {logging_mixin.py:188} INFO - [2025-05-24T04:49:27.854+0530] {dagbag.py:540} INFO - Filling up the DagBag from /Library/Frameworks/Python.framework/Versions/3.12/lib/python3.12/site-packages/airflow/example_dags/example_xcomargs.py
[2025-05-24T04:49:27.891+0530] {processor.py:840} INFO - DAG(s) 'example_xcom_args', 'example_xcom_args_with_operators' retrieved from /Library/Frameworks/Python.framework/Versions/3.12/lib/python3.12/site-packages/airflow/example_dags/example_xcomargs.py
[2025-05-24T04:49:28.041+0530] {logging_mixin.py:188} INFO - [2025-05-24T04:49:28.040+0530] {dag.py:3096} INFO - Sync 2 DAGs
[2025-05-24T04:49:28.050+0530] {logging_mixin.py:188} INFO - [2025-05-24T04:49:28.050+0530] {dag.py:3954} INFO - Setting next_dagrun for example_xcom_args to None, run_after=None
[2025-05-24T04:49:28.053+0530] {logging_mixin.py:188} INFO - [2025-05-24T04:49:28.052+0530] {dag.py:3954} INFO - Setting next_dagrun for example_xcom_args_with_operators to None, run_after=None
[2025-05-24T04:49:28.067+0530] {processor.py:183} INFO - Processing /Library/Frameworks/Python.framework/Versions/3.12/lib/python3.12/site-packages/airflow/example_dags/example_xcomargs.py took 0.220 seconds
[2025-05-24T04:51:21.234+0530] {processor.py:161} INFO - Started process (PID=17540) to work on /Library/Frameworks/Python.framework/Versions/3.12/lib/python3.12/site-packages/airflow/example_dags/example_xcomargs.py
[2025-05-24T04:51:21.235+0530] {processor.py:830} INFO - Processing file /Library/Frameworks/Python.framework/Versions/3.12/lib/python3.12/site-packages/airflow/example_dags/example_xcomargs.py for tasks to queue
[2025-05-24T04:51:21.236+0530] {logging_mixin.py:188} INFO - [2025-05-24T04:51:21.236+0530] {dagbag.py:540} INFO - Filling up the DagBag from /Library/Frameworks/Python.framework/Versions/3.12/lib/python3.12/site-packages/airflow/example_dags/example_xcomargs.py
[2025-05-24T04:51:21.273+0530] {processor.py:840} INFO - DAG(s) 'example_xcom_args_with_operators', 'example_xcom_args' retrieved from /Library/Frameworks/Python.framework/Versions/3.12/lib/python3.12/site-packages/airflow/example_dags/example_xcomargs.py
[2025-05-24T04:51:21.414+0530] {logging_mixin.py:188} INFO - [2025-05-24T04:51:21.414+0530] {dag.py:3096} INFO - Sync 2 DAGs
[2025-05-24T04:51:21.423+0530] {logging_mixin.py:188} INFO - [2025-05-24T04:51:21.423+0530] {dag.py:3954} INFO - Setting next_dagrun for example_xcom_args to None, run_after=None
[2025-05-24T04:51:21.426+0530] {logging_mixin.py:188} INFO - [2025-05-24T04:51:21.425+0530] {dag.py:3954} INFO - Setting next_dagrun for example_xcom_args_with_operators to None, run_after=None
[2025-05-24T04:51:21.439+0530] {processor.py:183} INFO - Processing /Library/Frameworks/Python.framework/Versions/3.12/lib/python3.12/site-packages/airflow/example_dags/example_xcomargs.py took 0.210 seconds
[2025-05-24T04:53:14.433+0530] {processor.py:161} INFO - Started process (PID=17588) to work on /Library/Frameworks/Python.framework/Versions/3.12/lib/python3.12/site-packages/airflow/example_dags/example_xcomargs.py
[2025-05-24T04:53:14.434+0530] {processor.py:830} INFO - Processing file /Library/Frameworks/Python.framework/Versions/3.12/lib/python3.12/site-packages/airflow/example_dags/example_xcomargs.py for tasks to queue
[2025-05-24T04:53:14.435+0530] {logging_mixin.py:188} INFO - [2025-05-24T04:53:14.435+0530] {dagbag.py:540} INFO - Filling up the DagBag from /Library/Frameworks/Python.framework/Versions/3.12/lib/python3.12/site-packages/airflow/example_dags/example_xcomargs.py
[2025-05-24T04:53:14.472+0530] {processor.py:840} INFO - DAG(s) 'example_xcom_args', 'example_xcom_args_with_operators' retrieved from /Library/Frameworks/Python.framework/Versions/3.12/lib/python3.12/site-packages/airflow/example_dags/example_xcomargs.py
[2025-05-24T04:53:14.618+0530] {logging_mixin.py:188} INFO - [2025-05-24T04:53:14.618+0530] {dag.py:3096} INFO - Sync 2 DAGs
[2025-05-24T04:53:14.627+0530] {logging_mixin.py:188} INFO - [2025-05-24T04:53:14.627+0530] {dag.py:3954} INFO - Setting next_dagrun for example_xcom_args to None, run_after=None
[2025-05-24T04:53:14.630+0530] {logging_mixin.py:188} INFO - [2025-05-24T04:53:14.629+0530] {dag.py:3954} INFO - Setting next_dagrun for example_xcom_args_with_operators to None, run_after=None
[2025-05-24T04:53:14.644+0530] {processor.py:183} INFO - Processing /Library/Frameworks/Python.framework/Versions/3.12/lib/python3.12/site-packages/airflow/example_dags/example_xcomargs.py took 0.215 seconds
[2025-05-24T04:55:08.813+0530] {processor.py:161} INFO - Started process (PID=17669) to work on /Library/Frameworks/Python.framework/Versions/3.12/lib/python3.12/site-packages/airflow/example_dags/example_xcomargs.py
[2025-05-24T04:55:08.815+0530] {processor.py:830} INFO - Processing file /Library/Frameworks/Python.framework/Versions/3.12/lib/python3.12/site-packages/airflow/example_dags/example_xcomargs.py for tasks to queue
[2025-05-24T04:55:08.816+0530] {logging_mixin.py:188} INFO - [2025-05-24T04:55:08.816+0530] {dagbag.py:540} INFO - Filling up the DagBag from /Library/Frameworks/Python.framework/Versions/3.12/lib/python3.12/site-packages/airflow/example_dags/example_xcomargs.py
[2025-05-24T04:55:08.852+0530] {processor.py:840} INFO - DAG(s) 'example_xcom_args_with_operators', 'example_xcom_args' retrieved from /Library/Frameworks/Python.framework/Versions/3.12/lib/python3.12/site-packages/airflow/example_dags/example_xcomargs.py
[2025-05-24T04:55:09.014+0530] {logging_mixin.py:188} INFO - [2025-05-24T04:55:09.014+0530] {dag.py:3096} INFO - Sync 2 DAGs
[2025-05-24T04:55:09.024+0530] {logging_mixin.py:188} INFO - [2025-05-24T04:55:09.024+0530] {dag.py:3954} INFO - Setting next_dagrun for example_xcom_args to None, run_after=None
[2025-05-24T04:55:09.027+0530] {logging_mixin.py:188} INFO - [2025-05-24T04:55:09.027+0530] {dag.py:3954} INFO - Setting next_dagrun for example_xcom_args_with_operators to None, run_after=None
[2025-05-24T04:55:09.041+0530] {processor.py:183} INFO - Processing /Library/Frameworks/Python.framework/Versions/3.12/lib/python3.12/site-packages/airflow/example_dags/example_xcomargs.py took 0.232 seconds
[2025-05-24T04:57:03.449+0530] {processor.py:161} INFO - Started process (PID=17727) to work on /Library/Frameworks/Python.framework/Versions/3.12/lib/python3.12/site-packages/airflow/example_dags/example_xcomargs.py
[2025-05-24T04:57:03.450+0530] {processor.py:830} INFO - Processing file /Library/Frameworks/Python.framework/Versions/3.12/lib/python3.12/site-packages/airflow/example_dags/example_xcomargs.py for tasks to queue
[2025-05-24T04:57:03.451+0530] {logging_mixin.py:188} INFO - [2025-05-24T04:57:03.451+0530] {dagbag.py:540} INFO - Filling up the DagBag from /Library/Frameworks/Python.framework/Versions/3.12/lib/python3.12/site-packages/airflow/example_dags/example_xcomargs.py
[2025-05-24T04:57:03.488+0530] {processor.py:840} INFO - DAG(s) 'example_xcom_args', 'example_xcom_args_with_operators' retrieved from /Library/Frameworks/Python.framework/Versions/3.12/lib/python3.12/site-packages/airflow/example_dags/example_xcomargs.py
[2025-05-24T04:57:03.636+0530] {logging_mixin.py:188} INFO - [2025-05-24T04:57:03.636+0530] {dag.py:3096} INFO - Sync 2 DAGs
[2025-05-24T04:57:03.646+0530] {logging_mixin.py:188} INFO - [2025-05-24T04:57:03.646+0530] {dag.py:3954} INFO - Setting next_dagrun for example_xcom_args to None, run_after=None
[2025-05-24T04:57:03.649+0530] {logging_mixin.py:188} INFO - [2025-05-24T04:57:03.649+0530] {dag.py:3954} INFO - Setting next_dagrun for example_xcom_args_with_operators to None, run_after=None
[2025-05-24T04:57:03.663+0530] {processor.py:183} INFO - Processing /Library/Frameworks/Python.framework/Versions/3.12/lib/python3.12/site-packages/airflow/example_dags/example_xcomargs.py took 0.217 seconds
[2025-05-24T04:58:58.004+0530] {processor.py:161} INFO - Started process (PID=17786) to work on /Library/Frameworks/Python.framework/Versions/3.12/lib/python3.12/site-packages/airflow/example_dags/example_xcomargs.py
[2025-05-24T04:58:58.006+0530] {processor.py:830} INFO - Processing file /Library/Frameworks/Python.framework/Versions/3.12/lib/python3.12/site-packages/airflow/example_dags/example_xcomargs.py for tasks to queue
[2025-05-24T04:58:58.006+0530] {logging_mixin.py:188} INFO - [2025-05-24T04:58:58.006+0530] {dagbag.py:540} INFO - Filling up the DagBag from /Library/Frameworks/Python.framework/Versions/3.12/lib/python3.12/site-packages/airflow/example_dags/example_xcomargs.py
[2025-05-24T04:58:58.043+0530] {processor.py:840} INFO - DAG(s) 'example_xcom_args', 'example_xcom_args_with_operators' retrieved from /Library/Frameworks/Python.framework/Versions/3.12/lib/python3.12/site-packages/airflow/example_dags/example_xcomargs.py
[2025-05-24T04:58:58.186+0530] {logging_mixin.py:188} INFO - [2025-05-24T04:58:58.185+0530] {dag.py:3096} INFO - Sync 2 DAGs
[2025-05-24T04:58:58.195+0530] {logging_mixin.py:188} INFO - [2025-05-24T04:58:58.195+0530] {dag.py:3954} INFO - Setting next_dagrun for example_xcom_args to None, run_after=None
[2025-05-24T04:58:58.198+0530] {logging_mixin.py:188} INFO - [2025-05-24T04:58:58.197+0530] {dag.py:3954} INFO - Setting next_dagrun for example_xcom_args_with_operators to None, run_after=None
[2025-05-24T04:58:58.211+0530] {processor.py:183} INFO - Processing /Library/Frameworks/Python.framework/Versions/3.12/lib/python3.12/site-packages/airflow/example_dags/example_xcomargs.py took 0.209 seconds
[2025-05-24T05:00:50.903+0530] {processor.py:161} INFO - Started process (PID=17864) to work on /Library/Frameworks/Python.framework/Versions/3.12/lib/python3.12/site-packages/airflow/example_dags/example_xcomargs.py
[2025-05-24T05:00:50.904+0530] {processor.py:830} INFO - Processing file /Library/Frameworks/Python.framework/Versions/3.12/lib/python3.12/site-packages/airflow/example_dags/example_xcomargs.py for tasks to queue
[2025-05-24T05:00:50.905+0530] {logging_mixin.py:188} INFO - [2025-05-24T05:00:50.904+0530] {dagbag.py:540} INFO - Filling up the DagBag from /Library/Frameworks/Python.framework/Versions/3.12/lib/python3.12/site-packages/airflow/example_dags/example_xcomargs.py
[2025-05-24T05:00:50.937+0530] {processor.py:840} INFO - DAG(s) 'example_xcom_args', 'example_xcom_args_with_operators' retrieved from /Library/Frameworks/Python.framework/Versions/3.12/lib/python3.12/site-packages/airflow/example_dags/example_xcomargs.py
[2025-05-24T05:00:51.079+0530] {logging_mixin.py:188} INFO - [2025-05-24T05:00:51.079+0530] {dag.py:3096} INFO - Sync 2 DAGs
[2025-05-24T05:00:51.090+0530] {logging_mixin.py:188} INFO - [2025-05-24T05:00:51.090+0530] {dag.py:3954} INFO - Setting next_dagrun for example_xcom_args to None, run_after=None
[2025-05-24T05:00:51.093+0530] {logging_mixin.py:188} INFO - [2025-05-24T05:00:51.093+0530] {dag.py:3954} INFO - Setting next_dagrun for example_xcom_args_with_operators to None, run_after=None
[2025-05-24T05:00:51.108+0530] {processor.py:183} INFO - Processing /Library/Frameworks/Python.framework/Versions/3.12/lib/python3.12/site-packages/airflow/example_dags/example_xcomargs.py took 0.209 seconds
[2025-05-24T05:02:44.120+0530] {processor.py:161} INFO - Started process (PID=17928) to work on /Library/Frameworks/Python.framework/Versions/3.12/lib/python3.12/site-packages/airflow/example_dags/example_xcomargs.py
[2025-05-24T05:02:44.122+0530] {processor.py:830} INFO - Processing file /Library/Frameworks/Python.framework/Versions/3.12/lib/python3.12/site-packages/airflow/example_dags/example_xcomargs.py for tasks to queue
[2025-05-24T05:02:44.123+0530] {logging_mixin.py:188} INFO - [2025-05-24T05:02:44.122+0530] {dagbag.py:540} INFO - Filling up the DagBag from /Library/Frameworks/Python.framework/Versions/3.12/lib/python3.12/site-packages/airflow/example_dags/example_xcomargs.py
[2025-05-24T05:02:44.155+0530] {processor.py:840} INFO - DAG(s) 'example_xcom_args_with_operators', 'example_xcom_args' retrieved from /Library/Frameworks/Python.framework/Versions/3.12/lib/python3.12/site-packages/airflow/example_dags/example_xcomargs.py
[2025-05-24T05:02:44.291+0530] {logging_mixin.py:188} INFO - [2025-05-24T05:02:44.291+0530] {dag.py:3096} INFO - Sync 2 DAGs
[2025-05-24T05:02:44.300+0530] {logging_mixin.py:188} INFO - [2025-05-24T05:02:44.300+0530] {dag.py:3954} INFO - Setting next_dagrun for example_xcom_args to None, run_after=None
[2025-05-24T05:02:44.303+0530] {logging_mixin.py:188} INFO - [2025-05-24T05:02:44.302+0530] {dag.py:3954} INFO - Setting next_dagrun for example_xcom_args_with_operators to None, run_after=None
[2025-05-24T05:02:44.316+0530] {processor.py:183} INFO - Processing /Library/Frameworks/Python.framework/Versions/3.12/lib/python3.12/site-packages/airflow/example_dags/example_xcomargs.py took 0.200 seconds
[2025-05-24T05:04:37.151+0530] {processor.py:161} INFO - Started process (PID=17982) to work on /Library/Frameworks/Python.framework/Versions/3.12/lib/python3.12/site-packages/airflow/example_dags/example_xcomargs.py
[2025-05-24T05:04:37.153+0530] {processor.py:830} INFO - Processing file /Library/Frameworks/Python.framework/Versions/3.12/lib/python3.12/site-packages/airflow/example_dags/example_xcomargs.py for tasks to queue
[2025-05-24T05:04:37.153+0530] {logging_mixin.py:188} INFO - [2025-05-24T05:04:37.153+0530] {dagbag.py:540} INFO - Filling up the DagBag from /Library/Frameworks/Python.framework/Versions/3.12/lib/python3.12/site-packages/airflow/example_dags/example_xcomargs.py
[2025-05-24T05:04:37.186+0530] {processor.py:840} INFO - DAG(s) 'example_xcom_args_with_operators', 'example_xcom_args' retrieved from /Library/Frameworks/Python.framework/Versions/3.12/lib/python3.12/site-packages/airflow/example_dags/example_xcomargs.py
[2025-05-24T05:04:37.324+0530] {logging_mixin.py:188} INFO - [2025-05-24T05:04:37.324+0530] {dag.py:3096} INFO - Sync 2 DAGs
[2025-05-24T05:04:37.334+0530] {logging_mixin.py:188} INFO - [2025-05-24T05:04:37.334+0530] {dag.py:3954} INFO - Setting next_dagrun for example_xcom_args to None, run_after=None
[2025-05-24T05:04:37.337+0530] {logging_mixin.py:188} INFO - [2025-05-24T05:04:37.337+0530] {dag.py:3954} INFO - Setting next_dagrun for example_xcom_args_with_operators to None, run_after=None
[2025-05-24T05:04:37.350+0530] {processor.py:183} INFO - Processing /Library/Frameworks/Python.framework/Versions/3.12/lib/python3.12/site-packages/airflow/example_dags/example_xcomargs.py took 0.202 seconds
[2025-05-24T05:06:30.438+0530] {processor.py:161} INFO - Started process (PID=18033) to work on /Library/Frameworks/Python.framework/Versions/3.12/lib/python3.12/site-packages/airflow/example_dags/example_xcomargs.py
[2025-05-24T05:06:30.439+0530] {processor.py:830} INFO - Processing file /Library/Frameworks/Python.framework/Versions/3.12/lib/python3.12/site-packages/airflow/example_dags/example_xcomargs.py for tasks to queue
[2025-05-24T05:06:30.440+0530] {logging_mixin.py:188} INFO - [2025-05-24T05:06:30.440+0530] {dagbag.py:540} INFO - Filling up the DagBag from /Library/Frameworks/Python.framework/Versions/3.12/lib/python3.12/site-packages/airflow/example_dags/example_xcomargs.py
[2025-05-24T05:06:30.473+0530] {processor.py:840} INFO - DAG(s) 'example_xcom_args', 'example_xcom_args_with_operators' retrieved from /Library/Frameworks/Python.framework/Versions/3.12/lib/python3.12/site-packages/airflow/example_dags/example_xcomargs.py
[2025-05-24T05:06:30.611+0530] {logging_mixin.py:188} INFO - [2025-05-24T05:06:30.611+0530] {dag.py:3096} INFO - Sync 2 DAGs
[2025-05-24T05:06:30.620+0530] {logging_mixin.py:188} INFO - [2025-05-24T05:06:30.620+0530] {dag.py:3954} INFO - Setting next_dagrun for example_xcom_args to None, run_after=None
[2025-05-24T05:06:30.622+0530] {logging_mixin.py:188} INFO - [2025-05-24T05:06:30.622+0530] {dag.py:3954} INFO - Setting next_dagrun for example_xcom_args_with_operators to None, run_after=None
[2025-05-24T05:06:30.640+0530] {processor.py:183} INFO - Processing /Library/Frameworks/Python.framework/Versions/3.12/lib/python3.12/site-packages/airflow/example_dags/example_xcomargs.py took 0.206 seconds
[2025-05-24T05:08:19.319+0530] {processor.py:161} INFO - Started process (PID=18083) to work on /Library/Frameworks/Python.framework/Versions/3.12/lib/python3.12/site-packages/airflow/example_dags/example_xcomargs.py
[2025-05-24T05:08:19.321+0530] {processor.py:830} INFO - Processing file /Library/Frameworks/Python.framework/Versions/3.12/lib/python3.12/site-packages/airflow/example_dags/example_xcomargs.py for tasks to queue
[2025-05-24T05:08:19.321+0530] {logging_mixin.py:188} INFO - [2025-05-24T05:08:19.321+0530] {dagbag.py:540} INFO - Filling up the DagBag from /Library/Frameworks/Python.framework/Versions/3.12/lib/python3.12/site-packages/airflow/example_dags/example_xcomargs.py
[2025-05-24T05:08:19.353+0530] {processor.py:840} INFO - DAG(s) 'example_xcom_args', 'example_xcom_args_with_operators' retrieved from /Library/Frameworks/Python.framework/Versions/3.12/lib/python3.12/site-packages/airflow/example_dags/example_xcomargs.py
[2025-05-24T05:08:19.485+0530] {logging_mixin.py:188} INFO - [2025-05-24T05:08:19.485+0530] {dag.py:3096} INFO - Sync 2 DAGs
[2025-05-24T05:08:19.494+0530] {logging_mixin.py:188} INFO - [2025-05-24T05:08:19.493+0530] {dag.py:3954} INFO - Setting next_dagrun for example_xcom_args to None, run_after=None
[2025-05-24T05:08:19.496+0530] {logging_mixin.py:188} INFO - [2025-05-24T05:08:19.496+0530] {dag.py:3954} INFO - Setting next_dagrun for example_xcom_args_with_operators to None, run_after=None
[2025-05-24T05:08:19.510+0530] {processor.py:183} INFO - Processing /Library/Frameworks/Python.framework/Versions/3.12/lib/python3.12/site-packages/airflow/example_dags/example_xcomargs.py took 0.195 seconds
[2025-05-24T05:12:47.860+0530] {processor.py:161} INFO - Started process (PID=18148) to work on /Library/Frameworks/Python.framework/Versions/3.12/lib/python3.12/site-packages/airflow/example_dags/example_xcomargs.py
[2025-05-24T05:12:47.862+0530] {processor.py:830} INFO - Processing file /Library/Frameworks/Python.framework/Versions/3.12/lib/python3.12/site-packages/airflow/example_dags/example_xcomargs.py for tasks to queue
[2025-05-24T05:12:47.863+0530] {logging_mixin.py:188} INFO - [2025-05-24T05:12:47.863+0530] {dagbag.py:540} INFO - Filling up the DagBag from /Library/Frameworks/Python.framework/Versions/3.12/lib/python3.12/site-packages/airflow/example_dags/example_xcomargs.py
[2025-05-24T05:12:47.895+0530] {processor.py:840} INFO - DAG(s) 'example_xcom_args', 'example_xcom_args_with_operators' retrieved from /Library/Frameworks/Python.framework/Versions/3.12/lib/python3.12/site-packages/airflow/example_dags/example_xcomargs.py
[2025-05-24T05:12:48.036+0530] {logging_mixin.py:188} INFO - [2025-05-24T05:12:48.036+0530] {dag.py:3096} INFO - Sync 2 DAGs
[2025-05-24T05:12:48.045+0530] {logging_mixin.py:188} INFO - [2025-05-24T05:12:48.045+0530] {dag.py:3954} INFO - Setting next_dagrun for example_xcom_args to None, run_after=None
[2025-05-24T05:12:48.047+0530] {logging_mixin.py:188} INFO - [2025-05-24T05:12:48.047+0530] {dag.py:3954} INFO - Setting next_dagrun for example_xcom_args_with_operators to None, run_after=None
[2025-05-24T05:12:48.062+0530] {processor.py:183} INFO - Processing /Library/Frameworks/Python.framework/Versions/3.12/lib/python3.12/site-packages/airflow/example_dags/example_xcomargs.py took 0.206 seconds
[2025-05-24T05:14:51.869+0530] {processor.py:161} INFO - Started process (PID=18291) to work on /Library/Frameworks/Python.framework/Versions/3.12/lib/python3.12/site-packages/airflow/example_dags/example_xcomargs.py
[2025-05-24T05:14:51.872+0530] {processor.py:830} INFO - Processing file /Library/Frameworks/Python.framework/Versions/3.12/lib/python3.12/site-packages/airflow/example_dags/example_xcomargs.py for tasks to queue
[2025-05-24T05:14:51.873+0530] {logging_mixin.py:188} INFO - [2025-05-24T05:14:51.873+0530] {dagbag.py:540} INFO - Filling up the DagBag from /Library/Frameworks/Python.framework/Versions/3.12/lib/python3.12/site-packages/airflow/example_dags/example_xcomargs.py
[2025-05-24T05:14:51.912+0530] {processor.py:840} INFO - DAG(s) 'example_xcom_args_with_operators', 'example_xcom_args' retrieved from /Library/Frameworks/Python.framework/Versions/3.12/lib/python3.12/site-packages/airflow/example_dags/example_xcomargs.py
[2025-05-24T05:14:52.054+0530] {logging_mixin.py:188} INFO - [2025-05-24T05:14:52.054+0530] {dag.py:3096} INFO - Sync 2 DAGs
[2025-05-24T05:14:52.064+0530] {logging_mixin.py:188} INFO - [2025-05-24T05:14:52.063+0530] {dag.py:3954} INFO - Setting next_dagrun for example_xcom_args to None, run_after=None
[2025-05-24T05:14:52.066+0530] {logging_mixin.py:188} INFO - [2025-05-24T05:14:52.066+0530] {dag.py:3954} INFO - Setting next_dagrun for example_xcom_args_with_operators to None, run_after=None
[2025-05-24T05:14:52.080+0530] {processor.py:183} INFO - Processing /Library/Frameworks/Python.framework/Versions/3.12/lib/python3.12/site-packages/airflow/example_dags/example_xcomargs.py took 0.214 seconds
[2025-05-24T05:16:52.267+0530] {processor.py:161} INFO - Started process (PID=18440) to work on /Library/Frameworks/Python.framework/Versions/3.12/lib/python3.12/site-packages/airflow/example_dags/example_xcomargs.py
[2025-05-24T05:16:52.269+0530] {processor.py:830} INFO - Processing file /Library/Frameworks/Python.framework/Versions/3.12/lib/python3.12/site-packages/airflow/example_dags/example_xcomargs.py for tasks to queue
[2025-05-24T05:16:52.269+0530] {logging_mixin.py:188} INFO - [2025-05-24T05:16:52.269+0530] {dagbag.py:540} INFO - Filling up the DagBag from /Library/Frameworks/Python.framework/Versions/3.12/lib/python3.12/site-packages/airflow/example_dags/example_xcomargs.py
[2025-05-24T05:16:52.311+0530] {processor.py:840} INFO - DAG(s) 'example_xcom_args_with_operators', 'example_xcom_args' retrieved from /Library/Frameworks/Python.framework/Versions/3.12/lib/python3.12/site-packages/airflow/example_dags/example_xcomargs.py
[2025-05-24T05:16:52.477+0530] {logging_mixin.py:188} INFO - [2025-05-24T05:16:52.476+0530] {dag.py:3096} INFO - Sync 2 DAGs
[2025-05-24T05:16:52.487+0530] {logging_mixin.py:188} INFO - [2025-05-24T05:16:52.487+0530] {dag.py:3954} INFO - Setting next_dagrun for example_xcom_args to None, run_after=None
[2025-05-24T05:16:52.490+0530] {logging_mixin.py:188} INFO - [2025-05-24T05:16:52.490+0530] {dag.py:3954} INFO - Setting next_dagrun for example_xcom_args_with_operators to None, run_after=None
[2025-05-24T05:16:52.504+0530] {processor.py:183} INFO - Processing /Library/Frameworks/Python.framework/Versions/3.12/lib/python3.12/site-packages/airflow/example_dags/example_xcomargs.py took 0.241 seconds
