[2025-05-24T04:24:06.808+0530] {processor.py:161} INFO - Started process (PID=15674) to work on /Library/Frameworks/Python.framework/Versions/3.12/lib/python3.12/site-packages/airflow/example_dags/example_dynamic_task_mapping.py
[2025-05-24T04:24:06.809+0530] {processor.py:830} INFO - Processing file /Library/Frameworks/Python.framework/Versions/3.12/lib/python3.12/site-packages/airflow/example_dags/example_dynamic_task_mapping.py for tasks to queue
[2025-05-24T04:24:06.809+0530] {logging_mixin.py:188} INFO - [2025-05-24T04:24:06.809+0530] {dagbag.py:540} INFO - Filling up the DagBag from /Library/Frameworks/Python.framework/Versions/3.12/lib/python3.12/site-packages/airflow/example_dags/example_dynamic_task_mapping.py
[2025-05-24T04:24:06.845+0530] {processor.py:840} INFO - DAG(s) 'example_dynamic_task_mapping' retrieved from /Library/Frameworks/Python.framework/Versions/3.12/lib/python3.12/site-packages/airflow/example_dags/example_dynamic_task_mapping.py
[2025-05-24T04:24:07.078+0530] {logging_mixin.py:188} INFO - [2025-05-24T04:24:07.077+0530] {dag.py:3096} INFO - Sync 1 DAGs
[2025-05-24T04:24:07.091+0530] {logging_mixin.py:188} INFO - [2025-05-24T04:24:07.091+0530] {dag.py:3954} INFO - Setting next_dagrun for example_dynamic_task_mapping to 2022-03-04 00:00:00+00:00, run_after=2022-03-05 00:00:00+00:00
[2025-05-24T04:24:07.107+0530] {processor.py:183} INFO - Processing /Library/Frameworks/Python.framework/Versions/3.12/lib/python3.12/site-packages/airflow/example_dags/example_dynamic_task_mapping.py took 0.302 seconds
[2025-05-24T04:26:41.512+0530] {processor.py:161} INFO - Started process (PID=15777) to work on /Library/Frameworks/Python.framework/Versions/3.12/lib/python3.12/site-packages/airflow/example_dags/example_dynamic_task_mapping.py
[2025-05-24T04:26:41.513+0530] {processor.py:830} INFO - Processing file /Library/Frameworks/Python.framework/Versions/3.12/lib/python3.12/site-packages/airflow/example_dags/example_dynamic_task_mapping.py for tasks to queue
[2025-05-24T04:26:41.514+0530] {logging_mixin.py:188} INFO - [2025-05-24T04:26:41.514+0530] {dagbag.py:540} INFO - Filling up the DagBag from /Library/Frameworks/Python.framework/Versions/3.12/lib/python3.12/site-packages/airflow/example_dags/example_dynamic_task_mapping.py
[2025-05-24T04:26:41.548+0530] {processor.py:840} INFO - DAG(s) 'example_dynamic_task_mapping' retrieved from /Library/Frameworks/Python.framework/Versions/3.12/lib/python3.12/site-packages/airflow/example_dags/example_dynamic_task_mapping.py
[2025-05-24T04:26:41.690+0530] {logging_mixin.py:188} INFO - [2025-05-24T04:26:41.689+0530] {dag.py:3096} INFO - Sync 1 DAGs
[2025-05-24T04:26:41.705+0530] {logging_mixin.py:188} INFO - [2025-05-24T04:26:41.705+0530] {dag.py:3954} INFO - Setting next_dagrun for example_dynamic_task_mapping to 2022-03-04 00:00:00+00:00, run_after=2022-03-05 00:00:00+00:00
[2025-05-24T04:26:41.720+0530] {processor.py:183} INFO - Processing /Library/Frameworks/Python.framework/Versions/3.12/lib/python3.12/site-packages/airflow/example_dags/example_dynamic_task_mapping.py took 0.212 seconds
[2025-05-24T04:30:31.233+0530] {processor.py:161} INFO - Started process (PID=15900) to work on /Library/Frameworks/Python.framework/Versions/3.12/lib/python3.12/site-packages/airflow/example_dags/example_dynamic_task_mapping.py
[2025-05-24T04:30:31.234+0530] {processor.py:830} INFO - Processing file /Library/Frameworks/Python.framework/Versions/3.12/lib/python3.12/site-packages/airflow/example_dags/example_dynamic_task_mapping.py for tasks to queue
[2025-05-24T04:30:31.235+0530] {logging_mixin.py:188} INFO - [2025-05-24T04:30:31.234+0530] {dagbag.py:540} INFO - Filling up the DagBag from /Library/Frameworks/Python.framework/Versions/3.12/lib/python3.12/site-packages/airflow/example_dags/example_dynamic_task_mapping.py
[2025-05-24T04:30:31.271+0530] {processor.py:840} INFO - DAG(s) 'example_dynamic_task_mapping' retrieved from /Library/Frameworks/Python.framework/Versions/3.12/lib/python3.12/site-packages/airflow/example_dags/example_dynamic_task_mapping.py
[2025-05-24T04:30:31.416+0530] {logging_mixin.py:188} INFO - [2025-05-24T04:30:31.415+0530] {dag.py:3096} INFO - Sync 1 DAGs
[2025-05-24T04:30:31.431+0530] {logging_mixin.py:188} INFO - [2025-05-24T04:30:31.431+0530] {dag.py:3954} INFO - Setting next_dagrun for example_dynamic_task_mapping to 2022-03-04 00:00:00+00:00, run_after=2022-03-05 00:00:00+00:00
[2025-05-24T04:30:31.446+0530] {processor.py:183} INFO - Processing /Library/Frameworks/Python.framework/Versions/3.12/lib/python3.12/site-packages/airflow/example_dags/example_dynamic_task_mapping.py took 0.216 seconds
[2025-05-24T04:34:31.390+0530] {processor.py:161} INFO - Started process (PID=16037) to work on /Library/Frameworks/Python.framework/Versions/3.12/lib/python3.12/site-packages/airflow/example_dags/example_dynamic_task_mapping.py
[2025-05-24T04:34:31.392+0530] {processor.py:830} INFO - Processing file /Library/Frameworks/Python.framework/Versions/3.12/lib/python3.12/site-packages/airflow/example_dags/example_dynamic_task_mapping.py for tasks to queue
[2025-05-24T04:34:31.392+0530] {logging_mixin.py:188} INFO - [2025-05-24T04:34:31.392+0530] {dagbag.py:540} INFO - Filling up the DagBag from /Library/Frameworks/Python.framework/Versions/3.12/lib/python3.12/site-packages/airflow/example_dags/example_dynamic_task_mapping.py
[2025-05-24T04:34:31.428+0530] {processor.py:840} INFO - DAG(s) 'example_dynamic_task_mapping' retrieved from /Library/Frameworks/Python.framework/Versions/3.12/lib/python3.12/site-packages/airflow/example_dags/example_dynamic_task_mapping.py
[2025-05-24T04:34:31.580+0530] {logging_mixin.py:188} INFO - [2025-05-24T04:34:31.580+0530] {dag.py:3096} INFO - Sync 1 DAGs
[2025-05-24T04:34:31.597+0530] {logging_mixin.py:188} INFO - [2025-05-24T04:34:31.597+0530] {dag.py:3954} INFO - Setting next_dagrun for example_dynamic_task_mapping to 2022-03-04 00:00:00+00:00, run_after=2022-03-05 00:00:00+00:00
[2025-05-24T04:34:31.613+0530] {processor.py:183} INFO - Processing /Library/Frameworks/Python.framework/Versions/3.12/lib/python3.12/site-packages/airflow/example_dags/example_dynamic_task_mapping.py took 0.225 seconds
[2025-05-24T04:38:34.004+0530] {processor.py:161} INFO - Started process (PID=16187) to work on /Library/Frameworks/Python.framework/Versions/3.12/lib/python3.12/site-packages/airflow/example_dags/example_dynamic_task_mapping.py
[2025-05-24T04:38:34.006+0530] {processor.py:830} INFO - Processing file /Library/Frameworks/Python.framework/Versions/3.12/lib/python3.12/site-packages/airflow/example_dags/example_dynamic_task_mapping.py for tasks to queue
[2025-05-24T04:38:34.006+0530] {logging_mixin.py:188} INFO - [2025-05-24T04:38:34.006+0530] {dagbag.py:540} INFO - Filling up the DagBag from /Library/Frameworks/Python.framework/Versions/3.12/lib/python3.12/site-packages/airflow/example_dags/example_dynamic_task_mapping.py
[2025-05-24T04:38:34.042+0530] {processor.py:840} INFO - DAG(s) 'example_dynamic_task_mapping' retrieved from /Library/Frameworks/Python.framework/Versions/3.12/lib/python3.12/site-packages/airflow/example_dags/example_dynamic_task_mapping.py
[2025-05-24T04:38:34.196+0530] {logging_mixin.py:188} INFO - [2025-05-24T04:38:34.195+0530] {dag.py:3096} INFO - Sync 1 DAGs
[2025-05-24T04:38:34.211+0530] {logging_mixin.py:188} INFO - [2025-05-24T04:38:34.211+0530] {dag.py:3954} INFO - Setting next_dagrun for example_dynamic_task_mapping to 2022-03-04 00:00:00+00:00, run_after=2022-03-05 00:00:00+00:00
[2025-05-24T04:38:34.226+0530] {processor.py:183} INFO - Processing /Library/Frameworks/Python.framework/Versions/3.12/lib/python3.12/site-packages/airflow/example_dags/example_dynamic_task_mapping.py took 0.225 seconds
[2025-05-24T04:42:42.497+0530] {processor.py:161} INFO - Started process (PID=16334) to work on /Library/Frameworks/Python.framework/Versions/3.12/lib/python3.12/site-packages/airflow/example_dags/example_dynamic_task_mapping.py
[2025-05-24T04:42:42.498+0530] {processor.py:830} INFO - Processing file /Library/Frameworks/Python.framework/Versions/3.12/lib/python3.12/site-packages/airflow/example_dags/example_dynamic_task_mapping.py for tasks to queue
[2025-05-24T04:42:42.499+0530] {logging_mixin.py:188} INFO - [2025-05-24T04:42:42.499+0530] {dagbag.py:540} INFO - Filling up the DagBag from /Library/Frameworks/Python.framework/Versions/3.12/lib/python3.12/site-packages/airflow/example_dags/example_dynamic_task_mapping.py
[2025-05-24T04:42:42.535+0530] {processor.py:840} INFO - DAG(s) 'example_dynamic_task_mapping' retrieved from /Library/Frameworks/Python.framework/Versions/3.12/lib/python3.12/site-packages/airflow/example_dags/example_dynamic_task_mapping.py
[2025-05-24T04:42:42.687+0530] {logging_mixin.py:188} INFO - [2025-05-24T04:42:42.687+0530] {dag.py:3096} INFO - Sync 1 DAGs
[2025-05-24T04:42:42.704+0530] {logging_mixin.py:188} INFO - [2025-05-24T04:42:42.704+0530] {dag.py:3954} INFO - Setting next_dagrun for example_dynamic_task_mapping to 2022-03-04 00:00:00+00:00, run_after=2022-03-05 00:00:00+00:00
[2025-05-24T04:42:42.719+0530] {processor.py:183} INFO - Processing /Library/Frameworks/Python.framework/Versions/3.12/lib/python3.12/site-packages/airflow/example_dags/example_dynamic_task_mapping.py took 0.225 seconds
[2025-05-24T04:46:40.498+0530] {processor.py:161} INFO - Started process (PID=17353) to work on /Library/Frameworks/Python.framework/Versions/3.12/lib/python3.12/site-packages/airflow/example_dags/example_dynamic_task_mapping.py
[2025-05-24T04:46:40.499+0530] {processor.py:830} INFO - Processing file /Library/Frameworks/Python.framework/Versions/3.12/lib/python3.12/site-packages/airflow/example_dags/example_dynamic_task_mapping.py for tasks to queue
[2025-05-24T04:46:40.500+0530] {logging_mixin.py:188} INFO - [2025-05-24T04:46:40.500+0530] {dagbag.py:540} INFO - Filling up the DagBag from /Library/Frameworks/Python.framework/Versions/3.12/lib/python3.12/site-packages/airflow/example_dags/example_dynamic_task_mapping.py
[2025-05-24T04:46:40.535+0530] {processor.py:840} INFO - DAG(s) 'example_dynamic_task_mapping' retrieved from /Library/Frameworks/Python.framework/Versions/3.12/lib/python3.12/site-packages/airflow/example_dags/example_dynamic_task_mapping.py
[2025-05-24T04:46:40.675+0530] {logging_mixin.py:188} INFO - [2025-05-24T04:46:40.674+0530] {dag.py:3096} INFO - Sync 1 DAGs
[2025-05-24T04:46:40.690+0530] {logging_mixin.py:188} INFO - [2025-05-24T04:46:40.690+0530] {dag.py:3954} INFO - Setting next_dagrun for example_dynamic_task_mapping to 2022-03-04 00:00:00+00:00, run_after=2022-03-05 00:00:00+00:00
[2025-05-24T04:46:40.705+0530] {processor.py:183} INFO - Processing /Library/Frameworks/Python.framework/Versions/3.12/lib/python3.12/site-packages/airflow/example_dags/example_dynamic_task_mapping.py took 0.211 seconds
[2025-05-24T04:50:39.673+0530] {processor.py:161} INFO - Started process (PID=17521) to work on /Library/Frameworks/Python.framework/Versions/3.12/lib/python3.12/site-packages/airflow/example_dags/example_dynamic_task_mapping.py
[2025-05-24T04:50:39.673+0530] {processor.py:830} INFO - Processing file /Library/Frameworks/Python.framework/Versions/3.12/lib/python3.12/site-packages/airflow/example_dags/example_dynamic_task_mapping.py for tasks to queue
[2025-05-24T04:50:39.674+0530] {logging_mixin.py:188} INFO - [2025-05-24T04:50:39.674+0530] {dagbag.py:540} INFO - Filling up the DagBag from /Library/Frameworks/Python.framework/Versions/3.12/lib/python3.12/site-packages/airflow/example_dags/example_dynamic_task_mapping.py
[2025-05-24T04:50:39.709+0530] {processor.py:840} INFO - DAG(s) 'example_dynamic_task_mapping' retrieved from /Library/Frameworks/Python.framework/Versions/3.12/lib/python3.12/site-packages/airflow/example_dags/example_dynamic_task_mapping.py
[2025-05-24T04:50:39.849+0530] {logging_mixin.py:188} INFO - [2025-05-24T04:50:39.849+0530] {dag.py:3096} INFO - Sync 1 DAGs
[2025-05-24T04:50:39.864+0530] {logging_mixin.py:188} INFO - [2025-05-24T04:50:39.863+0530] {dag.py:3954} INFO - Setting next_dagrun for example_dynamic_task_mapping to 2022-03-04 00:00:00+00:00, run_after=2022-03-05 00:00:00+00:00
[2025-05-24T04:50:39.879+0530] {processor.py:183} INFO - Processing /Library/Frameworks/Python.framework/Versions/3.12/lib/python3.12/site-packages/airflow/example_dags/example_dynamic_task_mapping.py took 0.209 seconds
[2025-05-24T04:54:26.643+0530] {processor.py:161} INFO - Started process (PID=17649) to work on /Library/Frameworks/Python.framework/Versions/3.12/lib/python3.12/site-packages/airflow/example_dags/example_dynamic_task_mapping.py
[2025-05-24T04:54:26.644+0530] {processor.py:830} INFO - Processing file /Library/Frameworks/Python.framework/Versions/3.12/lib/python3.12/site-packages/airflow/example_dags/example_dynamic_task_mapping.py for tasks to queue
[2025-05-24T04:54:26.644+0530] {logging_mixin.py:188} INFO - [2025-05-24T04:54:26.644+0530] {dagbag.py:540} INFO - Filling up the DagBag from /Library/Frameworks/Python.framework/Versions/3.12/lib/python3.12/site-packages/airflow/example_dags/example_dynamic_task_mapping.py
[2025-05-24T04:54:26.677+0530] {processor.py:840} INFO - DAG(s) 'example_dynamic_task_mapping' retrieved from /Library/Frameworks/Python.framework/Versions/3.12/lib/python3.12/site-packages/airflow/example_dags/example_dynamic_task_mapping.py
[2025-05-24T04:54:26.811+0530] {logging_mixin.py:188} INFO - [2025-05-24T04:54:26.810+0530] {dag.py:3096} INFO - Sync 1 DAGs
[2025-05-24T04:54:26.825+0530] {logging_mixin.py:188} INFO - [2025-05-24T04:54:26.825+0530] {dag.py:3954} INFO - Setting next_dagrun for example_dynamic_task_mapping to 2022-03-04 00:00:00+00:00, run_after=2022-03-05 00:00:00+00:00
[2025-05-24T04:54:26.839+0530] {processor.py:183} INFO - Processing /Library/Frameworks/Python.framework/Versions/3.12/lib/python3.12/site-packages/airflow/example_dags/example_dynamic_task_mapping.py took 0.199 seconds
[2025-05-24T04:58:15.719+0530] {processor.py:161} INFO - Started process (PID=17761) to work on /Library/Frameworks/Python.framework/Versions/3.12/lib/python3.12/site-packages/airflow/example_dags/example_dynamic_task_mapping.py
[2025-05-24T04:58:15.721+0530] {processor.py:830} INFO - Processing file /Library/Frameworks/Python.framework/Versions/3.12/lib/python3.12/site-packages/airflow/example_dags/example_dynamic_task_mapping.py for tasks to queue
[2025-05-24T04:58:15.721+0530] {logging_mixin.py:188} INFO - [2025-05-24T04:58:15.721+0530] {dagbag.py:540} INFO - Filling up the DagBag from /Library/Frameworks/Python.framework/Versions/3.12/lib/python3.12/site-packages/airflow/example_dags/example_dynamic_task_mapping.py
[2025-05-24T04:58:15.753+0530] {processor.py:840} INFO - DAG(s) 'example_dynamic_task_mapping' retrieved from /Library/Frameworks/Python.framework/Versions/3.12/lib/python3.12/site-packages/airflow/example_dags/example_dynamic_task_mapping.py
[2025-05-24T04:58:15.896+0530] {logging_mixin.py:188} INFO - [2025-05-24T04:58:15.896+0530] {dag.py:3096} INFO - Sync 1 DAGs
[2025-05-24T04:58:15.913+0530] {logging_mixin.py:188} INFO - [2025-05-24T04:58:15.913+0530] {dag.py:3954} INFO - Setting next_dagrun for example_dynamic_task_mapping to 2022-03-04 00:00:00+00:00, run_after=2022-03-05 00:00:00+00:00
[2025-05-24T04:58:15.929+0530] {processor.py:183} INFO - Processing /Library/Frameworks/Python.framework/Versions/3.12/lib/python3.12/site-packages/airflow/example_dags/example_dynamic_task_mapping.py took 0.214 seconds
[2025-05-24T05:02:02.982+0530] {processor.py:161} INFO - Started process (PID=17901) to work on /Library/Frameworks/Python.framework/Versions/3.12/lib/python3.12/site-packages/airflow/example_dags/example_dynamic_task_mapping.py
[2025-05-24T05:02:02.983+0530] {processor.py:830} INFO - Processing file /Library/Frameworks/Python.framework/Versions/3.12/lib/python3.12/site-packages/airflow/example_dags/example_dynamic_task_mapping.py for tasks to queue
[2025-05-24T05:02:02.984+0530] {logging_mixin.py:188} INFO - [2025-05-24T05:02:02.984+0530] {dagbag.py:540} INFO - Filling up the DagBag from /Library/Frameworks/Python.framework/Versions/3.12/lib/python3.12/site-packages/airflow/example_dags/example_dynamic_task_mapping.py
[2025-05-24T05:02:03.017+0530] {processor.py:840} INFO - DAG(s) 'example_dynamic_task_mapping' retrieved from /Library/Frameworks/Python.framework/Versions/3.12/lib/python3.12/site-packages/airflow/example_dags/example_dynamic_task_mapping.py
[2025-05-24T05:02:03.158+0530] {logging_mixin.py:188} INFO - [2025-05-24T05:02:03.157+0530] {dag.py:3096} INFO - Sync 1 DAGs
[2025-05-24T05:02:03.172+0530] {logging_mixin.py:188} INFO - [2025-05-24T05:02:03.172+0530] {dag.py:3954} INFO - Setting next_dagrun for example_dynamic_task_mapping to 2022-03-04 00:00:00+00:00, run_after=2022-03-05 00:00:00+00:00
[2025-05-24T05:02:03.186+0530] {processor.py:183} INFO - Processing /Library/Frameworks/Python.framework/Versions/3.12/lib/python3.12/site-packages/airflow/example_dags/example_dynamic_task_mapping.py took 0.208 seconds
[2025-05-24T05:05:48.907+0530] {processor.py:161} INFO - Started process (PID=18014) to work on /Library/Frameworks/Python.framework/Versions/3.12/lib/python3.12/site-packages/airflow/example_dags/example_dynamic_task_mapping.py
[2025-05-24T05:05:48.909+0530] {processor.py:830} INFO - Processing file /Library/Frameworks/Python.framework/Versions/3.12/lib/python3.12/site-packages/airflow/example_dags/example_dynamic_task_mapping.py for tasks to queue
[2025-05-24T05:05:48.910+0530] {logging_mixin.py:188} INFO - [2025-05-24T05:05:48.910+0530] {dagbag.py:540} INFO - Filling up the DagBag from /Library/Frameworks/Python.framework/Versions/3.12/lib/python3.12/site-packages/airflow/example_dags/example_dynamic_task_mapping.py
[2025-05-24T05:05:48.940+0530] {processor.py:840} INFO - DAG(s) 'example_dynamic_task_mapping' retrieved from /Library/Frameworks/Python.framework/Versions/3.12/lib/python3.12/site-packages/airflow/example_dags/example_dynamic_task_mapping.py
[2025-05-24T05:05:49.071+0530] {logging_mixin.py:188} INFO - [2025-05-24T05:05:49.070+0530] {dag.py:3096} INFO - Sync 1 DAGs
[2025-05-24T05:05:49.085+0530] {logging_mixin.py:188} INFO - [2025-05-24T05:05:49.085+0530] {dag.py:3954} INFO - Setting next_dagrun for example_dynamic_task_mapping to 2022-03-04 00:00:00+00:00, run_after=2022-03-05 00:00:00+00:00
[2025-05-24T05:05:49.100+0530] {processor.py:183} INFO - Processing /Library/Frameworks/Python.framework/Versions/3.12/lib/python3.12/site-packages/airflow/example_dags/example_dynamic_task_mapping.py took 0.195 seconds
[2025-05-24T05:09:38.289+0530] {processor.py:161} INFO - Started process (PID=18119) to work on /Library/Frameworks/Python.framework/Versions/3.12/lib/python3.12/site-packages/airflow/example_dags/example_dynamic_task_mapping.py
[2025-05-24T05:09:38.290+0530] {processor.py:830} INFO - Processing file /Library/Frameworks/Python.framework/Versions/3.12/lib/python3.12/site-packages/airflow/example_dags/example_dynamic_task_mapping.py for tasks to queue
[2025-05-24T05:09:38.291+0530] {logging_mixin.py:188} INFO - [2025-05-24T05:09:38.291+0530] {dagbag.py:540} INFO - Filling up the DagBag from /Library/Frameworks/Python.framework/Versions/3.12/lib/python3.12/site-packages/airflow/example_dags/example_dynamic_task_mapping.py
[2025-05-24T05:09:38.322+0530] {processor.py:840} INFO - DAG(s) 'example_dynamic_task_mapping' retrieved from /Library/Frameworks/Python.framework/Versions/3.12/lib/python3.12/site-packages/airflow/example_dags/example_dynamic_task_mapping.py
[2025-05-24T05:09:38.454+0530] {logging_mixin.py:188} INFO - [2025-05-24T05:09:38.454+0530] {dag.py:3096} INFO - Sync 1 DAGs
[2025-05-24T05:09:38.468+0530] {logging_mixin.py:188} INFO - [2025-05-24T05:09:38.468+0530] {dag.py:3954} INFO - Setting next_dagrun for example_dynamic_task_mapping to 2022-03-04 00:00:00+00:00, run_after=2022-03-05 00:00:00+00:00
[2025-05-24T05:09:38.483+0530] {processor.py:183} INFO - Processing /Library/Frameworks/Python.framework/Versions/3.12/lib/python3.12/site-packages/airflow/example_dags/example_dynamic_task_mapping.py took 0.198 seconds
[2025-05-24T05:16:09.134+0530] {processor.py:161} INFO - Started process (PID=18387) to work on /Library/Frameworks/Python.framework/Versions/3.12/lib/python3.12/site-packages/airflow/example_dags/example_dynamic_task_mapping.py
[2025-05-24T05:16:09.135+0530] {processor.py:830} INFO - Processing file /Library/Frameworks/Python.framework/Versions/3.12/lib/python3.12/site-packages/airflow/example_dags/example_dynamic_task_mapping.py for tasks to queue
[2025-05-24T05:16:09.136+0530] {logging_mixin.py:188} INFO - [2025-05-24T05:16:09.136+0530] {dagbag.py:540} INFO - Filling up the DagBag from /Library/Frameworks/Python.framework/Versions/3.12/lib/python3.12/site-packages/airflow/example_dags/example_dynamic_task_mapping.py
[2025-05-24T05:16:09.173+0530] {processor.py:840} INFO - DAG(s) 'example_dynamic_task_mapping' retrieved from /Library/Frameworks/Python.framework/Versions/3.12/lib/python3.12/site-packages/airflow/example_dags/example_dynamic_task_mapping.py
[2025-05-24T05:16:09.322+0530] {logging_mixin.py:188} INFO - [2025-05-24T05:16:09.321+0530] {dag.py:3096} INFO - Sync 1 DAGs
[2025-05-24T05:16:09.337+0530] {logging_mixin.py:188} INFO - [2025-05-24T05:16:09.337+0530] {dag.py:3954} INFO - Setting next_dagrun for example_dynamic_task_mapping to 2022-03-04 00:00:00+00:00, run_after=2022-03-05 00:00:00+00:00
[2025-05-24T05:16:09.352+0530] {processor.py:183} INFO - Processing /Library/Frameworks/Python.framework/Versions/3.12/lib/python3.12/site-packages/airflow/example_dags/example_dynamic_task_mapping.py took 0.220 seconds
