[2025-05-24T04:24:37.484+0530] {processor.py:161} INFO - Started process (PID=15700) to work on /Library/Frameworks/Python.framework/Versions/3.12/lib/python3.12/site-packages/airflow/example_dags/example_branch_datetime_operator.py
[2025-05-24T04:24:37.485+0530] {processor.py:830} INFO - Processing file /Library/Frameworks/Python.framework/Versions/3.12/lib/python3.12/site-packages/airflow/example_dags/example_branch_datetime_operator.py for tasks to queue
[2025-05-24T04:24:37.486+0530] {logging_mixin.py:188} INFO - [2025-05-24T04:24:37.486+0530] {dagbag.py:540} INFO - Filling up the DagBag from /Library/Frameworks/Python.framework/Versions/3.12/lib/python3.12/site-packages/airflow/example_dags/example_branch_datetime_operator.py
[2025-05-24T04:24:37.500+0530] {processor.py:840} INFO - DAG(s) 'example_branch_datetime_operator_3', 'example_branch_datetime_operator_2', 'example_branch_datetime_operator' retrieved from /Library/Frameworks/Python.framework/Versions/3.12/lib/python3.12/site-packages/airflow/example_dags/example_branch_datetime_operator.py
[2025-05-24T04:24:37.739+0530] {logging_mixin.py:188} INFO - [2025-05-24T04:24:37.739+0530] {dag.py:3096} INFO - Sync 3 DAGs
[2025-05-24T04:24:37.754+0530] {logging_mixin.py:188} INFO - [2025-05-24T04:24:37.754+0530] {dag.py:3954} INFO - Setting next_dagrun for example_branch_datetime_operator to 2025-05-22 00:00:00+00:00, run_after=2025-05-23 00:00:00+00:00
[2025-05-24T04:24:37.757+0530] {logging_mixin.py:188} INFO - [2025-05-24T04:24:37.757+0530] {dag.py:3954} INFO - Setting next_dagrun for example_branch_datetime_operator_2 to 2025-05-22 00:00:00+00:00, run_after=2025-05-23 00:00:00+00:00
[2025-05-24T04:24:37.759+0530] {logging_mixin.py:188} INFO - [2025-05-24T04:24:37.758+0530] {dag.py:3954} INFO - Setting next_dagrun for example_branch_datetime_operator_3 to 2025-05-22 00:00:00+00:00, run_after=2025-05-23 00:00:00+00:00
[2025-05-24T04:24:37.773+0530] {processor.py:183} INFO - Processing /Library/Frameworks/Python.framework/Versions/3.12/lib/python3.12/site-packages/airflow/example_dags/example_branch_datetime_operator.py took 0.293 seconds
[2025-05-24T04:28:35.149+0530] {processor.py:161} INFO - Started process (PID=15828) to work on /Library/Frameworks/Python.framework/Versions/3.12/lib/python3.12/site-packages/airflow/example_dags/example_branch_datetime_operator.py
[2025-05-24T04:28:35.150+0530] {processor.py:830} INFO - Processing file /Library/Frameworks/Python.framework/Versions/3.12/lib/python3.12/site-packages/airflow/example_dags/example_branch_datetime_operator.py for tasks to queue
[2025-05-24T04:28:35.151+0530] {logging_mixin.py:188} INFO - [2025-05-24T04:28:35.151+0530] {dagbag.py:540} INFO - Filling up the DagBag from /Library/Frameworks/Python.framework/Versions/3.12/lib/python3.12/site-packages/airflow/example_dags/example_branch_datetime_operator.py
[2025-05-24T04:28:35.164+0530] {processor.py:840} INFO - DAG(s) 'example_branch_datetime_operator', 'example_branch_datetime_operator_3', 'example_branch_datetime_operator_2' retrieved from /Library/Frameworks/Python.framework/Versions/3.12/lib/python3.12/site-packages/airflow/example_dags/example_branch_datetime_operator.py
[2025-05-24T04:28:35.310+0530] {logging_mixin.py:188} INFO - [2025-05-24T04:28:35.310+0530] {dag.py:3096} INFO - Sync 3 DAGs
[2025-05-24T04:28:35.329+0530] {logging_mixin.py:188} INFO - [2025-05-24T04:28:35.328+0530] {dag.py:3954} INFO - Setting next_dagrun for example_branch_datetime_operator to 2025-05-22 00:00:00+00:00, run_after=2025-05-23 00:00:00+00:00
[2025-05-24T04:28:35.333+0530] {logging_mixin.py:188} INFO - [2025-05-24T04:28:35.333+0530] {dag.py:3954} INFO - Setting next_dagrun for example_branch_datetime_operator_2 to 2025-05-22 00:00:00+00:00, run_after=2025-05-23 00:00:00+00:00
[2025-05-24T04:28:35.335+0530] {logging_mixin.py:188} INFO - [2025-05-24T04:28:35.335+0530] {dag.py:3954} INFO - Setting next_dagrun for example_branch_datetime_operator_3 to 2025-05-22 00:00:00+00:00, run_after=2025-05-23 00:00:00+00:00
[2025-05-24T04:28:35.350+0530] {processor.py:183} INFO - Processing /Library/Frameworks/Python.framework/Versions/3.12/lib/python3.12/site-packages/airflow/example_dags/example_branch_datetime_operator.py took 0.205 seconds
[2025-05-24T04:32:27.998+0530] {processor.py:161} INFO - Started process (PID=15957) to work on /Library/Frameworks/Python.framework/Versions/3.12/lib/python3.12/site-packages/airflow/example_dags/example_branch_datetime_operator.py
[2025-05-24T04:32:28.001+0530] {processor.py:830} INFO - Processing file /Library/Frameworks/Python.framework/Versions/3.12/lib/python3.12/site-packages/airflow/example_dags/example_branch_datetime_operator.py for tasks to queue
[2025-05-24T04:32:28.002+0530] {logging_mixin.py:188} INFO - [2025-05-24T04:32:28.002+0530] {dagbag.py:540} INFO - Filling up the DagBag from /Library/Frameworks/Python.framework/Versions/3.12/lib/python3.12/site-packages/airflow/example_dags/example_branch_datetime_operator.py
[2025-05-24T04:32:28.015+0530] {processor.py:840} INFO - DAG(s) 'example_branch_datetime_operator', 'example_branch_datetime_operator_2', 'example_branch_datetime_operator_3' retrieved from /Library/Frameworks/Python.framework/Versions/3.12/lib/python3.12/site-packages/airflow/example_dags/example_branch_datetime_operator.py
[2025-05-24T04:32:28.158+0530] {logging_mixin.py:188} INFO - [2025-05-24T04:32:28.158+0530] {dag.py:3096} INFO - Sync 3 DAGs
[2025-05-24T04:32:28.177+0530] {logging_mixin.py:188} INFO - [2025-05-24T04:32:28.176+0530] {dag.py:3954} INFO - Setting next_dagrun for example_branch_datetime_operator to 2025-05-22 00:00:00+00:00, run_after=2025-05-23 00:00:00+00:00
[2025-05-24T04:32:28.181+0530] {logging_mixin.py:188} INFO - [2025-05-24T04:32:28.181+0530] {dag.py:3954} INFO - Setting next_dagrun for example_branch_datetime_operator_2 to 2025-05-22 00:00:00+00:00, run_after=2025-05-23 00:00:00+00:00
[2025-05-24T04:32:28.183+0530] {logging_mixin.py:188} INFO - [2025-05-24T04:32:28.183+0530] {dag.py:3954} INFO - Setting next_dagrun for example_branch_datetime_operator_3 to 2025-05-22 00:00:00+00:00, run_after=2025-05-23 00:00:00+00:00
[2025-05-24T04:32:28.198+0530] {processor.py:183} INFO - Processing /Library/Frameworks/Python.framework/Versions/3.12/lib/python3.12/site-packages/airflow/example_dags/example_branch_datetime_operator.py took 0.203 seconds
[2025-05-24T04:36:36.963+0530] {processor.py:161} INFO - Started process (PID=16115) to work on /Library/Frameworks/Python.framework/Versions/3.12/lib/python3.12/site-packages/airflow/example_dags/example_branch_datetime_operator.py
[2025-05-24T04:36:36.965+0530] {processor.py:830} INFO - Processing file /Library/Frameworks/Python.framework/Versions/3.12/lib/python3.12/site-packages/airflow/example_dags/example_branch_datetime_operator.py for tasks to queue
[2025-05-24T04:36:36.966+0530] {logging_mixin.py:188} INFO - [2025-05-24T04:36:36.966+0530] {dagbag.py:540} INFO - Filling up the DagBag from /Library/Frameworks/Python.framework/Versions/3.12/lib/python3.12/site-packages/airflow/example_dags/example_branch_datetime_operator.py
[2025-05-24T04:36:36.979+0530] {processor.py:840} INFO - DAG(s) 'example_branch_datetime_operator', 'example_branch_datetime_operator_2', 'example_branch_datetime_operator_3' retrieved from /Library/Frameworks/Python.framework/Versions/3.12/lib/python3.12/site-packages/airflow/example_dags/example_branch_datetime_operator.py
[2025-05-24T04:36:37.123+0530] {logging_mixin.py:188} INFO - [2025-05-24T04:36:37.123+0530] {dag.py:3096} INFO - Sync 3 DAGs
[2025-05-24T04:36:37.142+0530] {logging_mixin.py:188} INFO - [2025-05-24T04:36:37.141+0530] {dag.py:3954} INFO - Setting next_dagrun for example_branch_datetime_operator to 2025-05-22 00:00:00+00:00, run_after=2025-05-23 00:00:00+00:00
[2025-05-24T04:36:37.146+0530] {logging_mixin.py:188} INFO - [2025-05-24T04:36:37.146+0530] {dag.py:3954} INFO - Setting next_dagrun for example_branch_datetime_operator_2 to 2025-05-22 00:00:00+00:00, run_after=2025-05-23 00:00:00+00:00
[2025-05-24T04:36:37.148+0530] {logging_mixin.py:188} INFO - [2025-05-24T04:36:37.148+0530] {dag.py:3954} INFO - Setting next_dagrun for example_branch_datetime_operator_3 to 2025-05-22 00:00:00+00:00, run_after=2025-05-23 00:00:00+00:00
[2025-05-24T04:36:37.166+0530] {processor.py:183} INFO - Processing /Library/Frameworks/Python.framework/Versions/3.12/lib/python3.12/site-packages/airflow/example_dags/example_branch_datetime_operator.py took 0.208 seconds
[2025-05-24T04:40:37.242+0530] {processor.py:161} INFO - Started process (PID=16240) to work on /Library/Frameworks/Python.framework/Versions/3.12/lib/python3.12/site-packages/airflow/example_dags/example_branch_datetime_operator.py
[2025-05-24T04:40:37.242+0530] {processor.py:830} INFO - Processing file /Library/Frameworks/Python.framework/Versions/3.12/lib/python3.12/site-packages/airflow/example_dags/example_branch_datetime_operator.py for tasks to queue
[2025-05-24T04:40:37.243+0530] {logging_mixin.py:188} INFO - [2025-05-24T04:40:37.243+0530] {dagbag.py:540} INFO - Filling up the DagBag from /Library/Frameworks/Python.framework/Versions/3.12/lib/python3.12/site-packages/airflow/example_dags/example_branch_datetime_operator.py
[2025-05-24T04:40:37.255+0530] {processor.py:840} INFO - DAG(s) 'example_branch_datetime_operator_2', 'example_branch_datetime_operator_3', 'example_branch_datetime_operator' retrieved from /Library/Frameworks/Python.framework/Versions/3.12/lib/python3.12/site-packages/airflow/example_dags/example_branch_datetime_operator.py
[2025-05-24T04:40:37.409+0530] {logging_mixin.py:188} INFO - [2025-05-24T04:40:37.409+0530] {dag.py:3096} INFO - Sync 3 DAGs
[2025-05-24T04:40:37.428+0530] {logging_mixin.py:188} INFO - [2025-05-24T04:40:37.428+0530] {dag.py:3954} INFO - Setting next_dagrun for example_branch_datetime_operator to 2025-05-22 00:00:00+00:00, run_after=2025-05-23 00:00:00+00:00
[2025-05-24T04:40:37.433+0530] {logging_mixin.py:188} INFO - [2025-05-24T04:40:37.433+0530] {dag.py:3954} INFO - Setting next_dagrun for example_branch_datetime_operator_2 to 2025-05-22 00:00:00+00:00, run_after=2025-05-23 00:00:00+00:00
[2025-05-24T04:40:37.435+0530] {logging_mixin.py:188} INFO - [2025-05-24T04:40:37.435+0530] {dag.py:3954} INFO - Setting next_dagrun for example_branch_datetime_operator_3 to 2025-05-22 00:00:00+00:00, run_after=2025-05-23 00:00:00+00:00
[2025-05-24T04:40:37.451+0530] {processor.py:183} INFO - Processing /Library/Frameworks/Python.framework/Versions/3.12/lib/python3.12/site-packages/airflow/example_dags/example_branch_datetime_operator.py took 0.212 seconds
[2025-05-24T04:44:42.206+0530] {processor.py:161} INFO - Started process (PID=17177) to work on /Library/Frameworks/Python.framework/Versions/3.12/lib/python3.12/site-packages/airflow/example_dags/example_branch_datetime_operator.py
[2025-05-24T04:44:42.207+0530] {processor.py:830} INFO - Processing file /Library/Frameworks/Python.framework/Versions/3.12/lib/python3.12/site-packages/airflow/example_dags/example_branch_datetime_operator.py for tasks to queue
[2025-05-24T04:44:42.208+0530] {logging_mixin.py:188} INFO - [2025-05-24T04:44:42.208+0530] {dagbag.py:540} INFO - Filling up the DagBag from /Library/Frameworks/Python.framework/Versions/3.12/lib/python3.12/site-packages/airflow/example_dags/example_branch_datetime_operator.py
[2025-05-24T04:44:42.225+0530] {processor.py:840} INFO - DAG(s) 'example_branch_datetime_operator_2', 'example_branch_datetime_operator_3', 'example_branch_datetime_operator' retrieved from /Library/Frameworks/Python.framework/Versions/3.12/lib/python3.12/site-packages/airflow/example_dags/example_branch_datetime_operator.py
[2025-05-24T04:44:42.427+0530] {logging_mixin.py:188} INFO - [2025-05-24T04:44:42.427+0530] {dag.py:3096} INFO - Sync 3 DAGs
[2025-05-24T04:44:42.447+0530] {logging_mixin.py:188} INFO - [2025-05-24T04:44:42.447+0530] {dag.py:3954} INFO - Setting next_dagrun for example_branch_datetime_operator to 2025-05-22 00:00:00+00:00, run_after=2025-05-23 00:00:00+00:00
[2025-05-24T04:44:42.452+0530] {logging_mixin.py:188} INFO - [2025-05-24T04:44:42.452+0530] {dag.py:3954} INFO - Setting next_dagrun for example_branch_datetime_operator_2 to 2025-05-22 00:00:00+00:00, run_after=2025-05-23 00:00:00+00:00
[2025-05-24T04:44:42.455+0530] {logging_mixin.py:188} INFO - [2025-05-24T04:44:42.455+0530] {dag.py:3954} INFO - Setting next_dagrun for example_branch_datetime_operator_3 to 2025-05-22 00:00:00+00:00, run_after=2025-05-23 00:00:00+00:00
[2025-05-24T04:44:42.476+0530] {processor.py:183} INFO - Processing /Library/Frameworks/Python.framework/Versions/3.12/lib/python3.12/site-packages/airflow/example_dags/example_branch_datetime_operator.py took 0.274 seconds
[2025-05-24T04:48:35.524+0530] {processor.py:161} INFO - Started process (PID=17420) to work on /Library/Frameworks/Python.framework/Versions/3.12/lib/python3.12/site-packages/airflow/example_dags/example_branch_datetime_operator.py
[2025-05-24T04:48:35.524+0530] {processor.py:830} INFO - Processing file /Library/Frameworks/Python.framework/Versions/3.12/lib/python3.12/site-packages/airflow/example_dags/example_branch_datetime_operator.py for tasks to queue
[2025-05-24T04:48:35.525+0530] {logging_mixin.py:188} INFO - [2025-05-24T04:48:35.525+0530] {dagbag.py:540} INFO - Filling up the DagBag from /Library/Frameworks/Python.framework/Versions/3.12/lib/python3.12/site-packages/airflow/example_dags/example_branch_datetime_operator.py
[2025-05-24T04:48:35.537+0530] {processor.py:840} INFO - DAG(s) 'example_branch_datetime_operator', 'example_branch_datetime_operator_2', 'example_branch_datetime_operator_3' retrieved from /Library/Frameworks/Python.framework/Versions/3.12/lib/python3.12/site-packages/airflow/example_dags/example_branch_datetime_operator.py
[2025-05-24T04:48:35.722+0530] {logging_mixin.py:188} INFO - [2025-05-24T04:48:35.722+0530] {dag.py:3096} INFO - Sync 3 DAGs
[2025-05-24T04:48:35.745+0530] {logging_mixin.py:188} INFO - [2025-05-24T04:48:35.745+0530] {dag.py:3954} INFO - Setting next_dagrun for example_branch_datetime_operator to 2025-05-22 00:00:00+00:00, run_after=2025-05-23 00:00:00+00:00
[2025-05-24T04:48:35.750+0530] {logging_mixin.py:188} INFO - [2025-05-24T04:48:35.750+0530] {dag.py:3954} INFO - Setting next_dagrun for example_branch_datetime_operator_2 to 2025-05-22 00:00:00+00:00, run_after=2025-05-23 00:00:00+00:00
[2025-05-24T04:48:35.753+0530] {logging_mixin.py:188} INFO - [2025-05-24T04:48:35.753+0530] {dag.py:3954} INFO - Setting next_dagrun for example_branch_datetime_operator_3 to 2025-05-22 00:00:00+00:00, run_after=2025-05-23 00:00:00+00:00
[2025-05-24T04:48:35.773+0530] {processor.py:183} INFO - Processing /Library/Frameworks/Python.framework/Versions/3.12/lib/python3.12/site-packages/airflow/example_dags/example_branch_datetime_operator.py took 0.252 seconds
[2025-05-24T04:52:35.832+0530] {processor.py:161} INFO - Started process (PID=17572) to work on /Library/Frameworks/Python.framework/Versions/3.12/lib/python3.12/site-packages/airflow/example_dags/example_branch_datetime_operator.py
[2025-05-24T04:52:35.833+0530] {processor.py:830} INFO - Processing file /Library/Frameworks/Python.framework/Versions/3.12/lib/python3.12/site-packages/airflow/example_dags/example_branch_datetime_operator.py for tasks to queue
[2025-05-24T04:52:35.834+0530] {logging_mixin.py:188} INFO - [2025-05-24T04:52:35.834+0530] {dagbag.py:540} INFO - Filling up the DagBag from /Library/Frameworks/Python.framework/Versions/3.12/lib/python3.12/site-packages/airflow/example_dags/example_branch_datetime_operator.py
[2025-05-24T04:52:35.846+0530] {processor.py:840} INFO - DAG(s) 'example_branch_datetime_operator_3', 'example_branch_datetime_operator', 'example_branch_datetime_operator_2' retrieved from /Library/Frameworks/Python.framework/Versions/3.12/lib/python3.12/site-packages/airflow/example_dags/example_branch_datetime_operator.py
[2025-05-24T04:52:35.992+0530] {logging_mixin.py:188} INFO - [2025-05-24T04:52:35.992+0530] {dag.py:3096} INFO - Sync 3 DAGs
[2025-05-24T04:52:36.010+0530] {logging_mixin.py:188} INFO - [2025-05-24T04:52:36.010+0530] {dag.py:3954} INFO - Setting next_dagrun for example_branch_datetime_operator to 2025-05-22 00:00:00+00:00, run_after=2025-05-23 00:00:00+00:00
[2025-05-24T04:52:36.015+0530] {logging_mixin.py:188} INFO - [2025-05-24T04:52:36.014+0530] {dag.py:3954} INFO - Setting next_dagrun for example_branch_datetime_operator_2 to 2025-05-22 00:00:00+00:00, run_after=2025-05-23 00:00:00+00:00
[2025-05-24T04:52:36.017+0530] {logging_mixin.py:188} INFO - [2025-05-24T04:52:36.017+0530] {dag.py:3954} INFO - Setting next_dagrun for example_branch_datetime_operator_3 to 2025-05-22 00:00:00+00:00, run_after=2025-05-23 00:00:00+00:00
[2025-05-24T04:52:36.031+0530] {processor.py:183} INFO - Processing /Library/Frameworks/Python.framework/Versions/3.12/lib/python3.12/site-packages/airflow/example_dags/example_branch_datetime_operator.py took 0.203 seconds
[2025-05-24T04:56:24.626+0530] {processor.py:161} INFO - Started process (PID=17705) to work on /Library/Frameworks/Python.framework/Versions/3.12/lib/python3.12/site-packages/airflow/example_dags/example_branch_datetime_operator.py
[2025-05-24T04:56:24.628+0530] {processor.py:830} INFO - Processing file /Library/Frameworks/Python.framework/Versions/3.12/lib/python3.12/site-packages/airflow/example_dags/example_branch_datetime_operator.py for tasks to queue
[2025-05-24T04:56:24.628+0530] {logging_mixin.py:188} INFO - [2025-05-24T04:56:24.628+0530] {dagbag.py:540} INFO - Filling up the DagBag from /Library/Frameworks/Python.framework/Versions/3.12/lib/python3.12/site-packages/airflow/example_dags/example_branch_datetime_operator.py
[2025-05-24T04:56:24.641+0530] {processor.py:840} INFO - DAG(s) 'example_branch_datetime_operator', 'example_branch_datetime_operator_2', 'example_branch_datetime_operator_3' retrieved from /Library/Frameworks/Python.framework/Versions/3.12/lib/python3.12/site-packages/airflow/example_dags/example_branch_datetime_operator.py
[2025-05-24T04:56:24.785+0530] {logging_mixin.py:188} INFO - [2025-05-24T04:56:24.784+0530] {dag.py:3096} INFO - Sync 3 DAGs
[2025-05-24T04:56:24.804+0530] {logging_mixin.py:188} INFO - [2025-05-24T04:56:24.803+0530] {dag.py:3954} INFO - Setting next_dagrun for example_branch_datetime_operator to 2025-05-22 00:00:00+00:00, run_after=2025-05-23 00:00:00+00:00
[2025-05-24T04:56:24.808+0530] {logging_mixin.py:188} INFO - [2025-05-24T04:56:24.808+0530] {dag.py:3954} INFO - Setting next_dagrun for example_branch_datetime_operator_2 to 2025-05-22 00:00:00+00:00, run_after=2025-05-23 00:00:00+00:00
[2025-05-24T04:56:24.810+0530] {logging_mixin.py:188} INFO - [2025-05-24T04:56:24.810+0530] {dag.py:3954} INFO - Setting next_dagrun for example_branch_datetime_operator_3 to 2025-05-22 00:00:00+00:00, run_after=2025-05-23 00:00:00+00:00
[2025-05-24T04:56:24.825+0530] {processor.py:183} INFO - Processing /Library/Frameworks/Python.framework/Versions/3.12/lib/python3.12/site-packages/airflow/example_dags/example_branch_datetime_operator.py took 0.203 seconds
[2025-05-24T05:00:12.348+0530] {processor.py:161} INFO - Started process (PID=17841) to work on /Library/Frameworks/Python.framework/Versions/3.12/lib/python3.12/site-packages/airflow/example_dags/example_branch_datetime_operator.py
[2025-05-24T05:00:12.350+0530] {processor.py:830} INFO - Processing file /Library/Frameworks/Python.framework/Versions/3.12/lib/python3.12/site-packages/airflow/example_dags/example_branch_datetime_operator.py for tasks to queue
[2025-05-24T05:00:12.351+0530] {logging_mixin.py:188} INFO - [2025-05-24T05:00:12.350+0530] {dagbag.py:540} INFO - Filling up the DagBag from /Library/Frameworks/Python.framework/Versions/3.12/lib/python3.12/site-packages/airflow/example_dags/example_branch_datetime_operator.py
[2025-05-24T05:00:12.362+0530] {processor.py:840} INFO - DAG(s) 'example_branch_datetime_operator', 'example_branch_datetime_operator_2', 'example_branch_datetime_operator_3' retrieved from /Library/Frameworks/Python.framework/Versions/3.12/lib/python3.12/site-packages/airflow/example_dags/example_branch_datetime_operator.py
[2025-05-24T05:00:12.493+0530] {logging_mixin.py:188} INFO - [2025-05-24T05:00:12.493+0530] {dag.py:3096} INFO - Sync 3 DAGs
[2025-05-24T05:00:12.513+0530] {logging_mixin.py:188} INFO - [2025-05-24T05:00:12.513+0530] {dag.py:3954} INFO - Setting next_dagrun for example_branch_datetime_operator to 2025-05-22 00:00:00+00:00, run_after=2025-05-23 00:00:00+00:00
[2025-05-24T05:00:12.517+0530] {logging_mixin.py:188} INFO - [2025-05-24T05:00:12.517+0530] {dag.py:3954} INFO - Setting next_dagrun for example_branch_datetime_operator_2 to 2025-05-22 00:00:00+00:00, run_after=2025-05-23 00:00:00+00:00
[2025-05-24T05:00:12.519+0530] {logging_mixin.py:188} INFO - [2025-05-24T05:00:12.519+0530] {dag.py:3954} INFO - Setting next_dagrun for example_branch_datetime_operator_3 to 2025-05-22 00:00:00+00:00, run_after=2025-05-23 00:00:00+00:00
[2025-05-24T05:00:12.533+0530] {processor.py:183} INFO - Processing /Library/Frameworks/Python.framework/Versions/3.12/lib/python3.12/site-packages/airflow/example_dags/example_branch_datetime_operator.py took 0.188 seconds
[2025-05-24T05:03:58.344+0530] {processor.py:161} INFO - Started process (PID=17965) to work on /Library/Frameworks/Python.framework/Versions/3.12/lib/python3.12/site-packages/airflow/example_dags/example_branch_datetime_operator.py
[2025-05-24T05:03:58.346+0530] {processor.py:830} INFO - Processing file /Library/Frameworks/Python.framework/Versions/3.12/lib/python3.12/site-packages/airflow/example_dags/example_branch_datetime_operator.py for tasks to queue
[2025-05-24T05:03:58.347+0530] {logging_mixin.py:188} INFO - [2025-05-24T05:03:58.347+0530] {dagbag.py:540} INFO - Filling up the DagBag from /Library/Frameworks/Python.framework/Versions/3.12/lib/python3.12/site-packages/airflow/example_dags/example_branch_datetime_operator.py
[2025-05-24T05:03:58.360+0530] {processor.py:840} INFO - DAG(s) 'example_branch_datetime_operator_3', 'example_branch_datetime_operator', 'example_branch_datetime_operator_2' retrieved from /Library/Frameworks/Python.framework/Versions/3.12/lib/python3.12/site-packages/airflow/example_dags/example_branch_datetime_operator.py
[2025-05-24T05:03:58.489+0530] {logging_mixin.py:188} INFO - [2025-05-24T05:03:58.488+0530] {dag.py:3096} INFO - Sync 3 DAGs
[2025-05-24T05:03:58.507+0530] {logging_mixin.py:188} INFO - [2025-05-24T05:03:58.506+0530] {dag.py:3954} INFO - Setting next_dagrun for example_branch_datetime_operator to 2025-05-22 00:00:00+00:00, run_after=2025-05-23 00:00:00+00:00
[2025-05-24T05:03:58.511+0530] {logging_mixin.py:188} INFO - [2025-05-24T05:03:58.511+0530] {dag.py:3954} INFO - Setting next_dagrun for example_branch_datetime_operator_2 to 2025-05-22 00:00:00+00:00, run_after=2025-05-23 00:00:00+00:00
[2025-05-24T05:03:58.513+0530] {logging_mixin.py:188} INFO - [2025-05-24T05:03:58.513+0530] {dag.py:3954} INFO - Setting next_dagrun for example_branch_datetime_operator_3 to 2025-05-22 00:00:00+00:00, run_after=2025-05-23 00:00:00+00:00
[2025-05-24T05:03:58.530+0530] {processor.py:183} INFO - Processing /Library/Frameworks/Python.framework/Versions/3.12/lib/python3.12/site-packages/airflow/example_dags/example_branch_datetime_operator.py took 0.189 seconds
[2025-05-24T05:07:43.911+0530] {processor.py:161} INFO - Started process (PID=18066) to work on /Library/Frameworks/Python.framework/Versions/3.12/lib/python3.12/site-packages/airflow/example_dags/example_branch_datetime_operator.py
[2025-05-24T05:07:43.913+0530] {processor.py:830} INFO - Processing file /Library/Frameworks/Python.framework/Versions/3.12/lib/python3.12/site-packages/airflow/example_dags/example_branch_datetime_operator.py for tasks to queue
[2025-05-24T05:07:43.914+0530] {logging_mixin.py:188} INFO - [2025-05-24T05:07:43.914+0530] {dagbag.py:540} INFO - Filling up the DagBag from /Library/Frameworks/Python.framework/Versions/3.12/lib/python3.12/site-packages/airflow/example_dags/example_branch_datetime_operator.py
[2025-05-24T05:07:43.925+0530] {processor.py:840} INFO - DAG(s) 'example_branch_datetime_operator', 'example_branch_datetime_operator_3', 'example_branch_datetime_operator_2' retrieved from /Library/Frameworks/Python.framework/Versions/3.12/lib/python3.12/site-packages/airflow/example_dags/example_branch_datetime_operator.py
[2025-05-24T05:07:44.054+0530] {logging_mixin.py:188} INFO - [2025-05-24T05:07:44.054+0530] {dag.py:3096} INFO - Sync 3 DAGs
[2025-05-24T05:07:44.073+0530] {logging_mixin.py:188} INFO - [2025-05-24T05:07:44.072+0530] {dag.py:3954} INFO - Setting next_dagrun for example_branch_datetime_operator to 2025-05-22 00:00:00+00:00, run_after=2025-05-23 00:00:00+00:00
[2025-05-24T05:07:44.077+0530] {logging_mixin.py:188} INFO - [2025-05-24T05:07:44.077+0530] {dag.py:3954} INFO - Setting next_dagrun for example_branch_datetime_operator_2 to 2025-05-22 00:00:00+00:00, run_after=2025-05-23 00:00:00+00:00
[2025-05-24T05:07:44.079+0530] {logging_mixin.py:188} INFO - [2025-05-24T05:07:44.079+0530] {dag.py:3954} INFO - Setting next_dagrun for example_branch_datetime_operator_3 to 2025-05-22 00:00:00+00:00, run_after=2025-05-23 00:00:00+00:00
[2025-05-24T05:07:44.092+0530] {processor.py:183} INFO - Processing /Library/Frameworks/Python.framework/Versions/3.12/lib/python3.12/site-packages/airflow/example_dags/example_branch_datetime_operator.py took 0.185 seconds
[2025-05-24T05:14:10.621+0530] {processor.py:161} INFO - Started process (PID=18239) to work on /Library/Frameworks/Python.framework/Versions/3.12/lib/python3.12/site-packages/airflow/example_dags/example_branch_datetime_operator.py
[2025-05-24T05:14:10.622+0530] {processor.py:830} INFO - Processing file /Library/Frameworks/Python.framework/Versions/3.12/lib/python3.12/site-packages/airflow/example_dags/example_branch_datetime_operator.py for tasks to queue
[2025-05-24T05:14:10.623+0530] {logging_mixin.py:188} INFO - [2025-05-24T05:14:10.622+0530] {dagbag.py:540} INFO - Filling up the DagBag from /Library/Frameworks/Python.framework/Versions/3.12/lib/python3.12/site-packages/airflow/example_dags/example_branch_datetime_operator.py
[2025-05-24T05:14:10.642+0530] {processor.py:840} INFO - DAG(s) 'example_branch_datetime_operator_3', 'example_branch_datetime_operator_2', 'example_branch_datetime_operator' retrieved from /Library/Frameworks/Python.framework/Versions/3.12/lib/python3.12/site-packages/airflow/example_dags/example_branch_datetime_operator.py
[2025-05-24T05:14:10.803+0530] {logging_mixin.py:188} INFO - [2025-05-24T05:14:10.803+0530] {dag.py:3096} INFO - Sync 3 DAGs
[2025-05-24T05:14:10.822+0530] {logging_mixin.py:188} INFO - [2025-05-24T05:14:10.822+0530] {dag.py:3954} INFO - Setting next_dagrun for example_branch_datetime_operator to 2025-05-22 00:00:00+00:00, run_after=2025-05-23 00:00:00+00:00
[2025-05-24T05:14:10.827+0530] {logging_mixin.py:188} INFO - [2025-05-24T05:14:10.826+0530] {dag.py:3954} INFO - Setting next_dagrun for example_branch_datetime_operator_2 to 2025-05-22 00:00:00+00:00, run_after=2025-05-23 00:00:00+00:00
[2025-05-24T05:14:10.829+0530] {logging_mixin.py:188} INFO - [2025-05-24T05:14:10.829+0530] {dag.py:3954} INFO - Setting next_dagrun for example_branch_datetime_operator_3 to 2025-05-22 00:00:00+00:00, run_after=2025-05-23 00:00:00+00:00
[2025-05-24T05:14:10.844+0530] {processor.py:183} INFO - Processing /Library/Frameworks/Python.framework/Versions/3.12/lib/python3.12/site-packages/airflow/example_dags/example_branch_datetime_operator.py took 0.228 seconds
[2025-05-24T05:18:11.428+0530] {processor.py:161} INFO - Started process (PID=18784) to work on /Library/Frameworks/Python.framework/Versions/3.12/lib/python3.12/site-packages/airflow/example_dags/example_branch_datetime_operator.py
[2025-05-24T05:18:11.430+0530] {processor.py:830} INFO - Processing file /Library/Frameworks/Python.framework/Versions/3.12/lib/python3.12/site-packages/airflow/example_dags/example_branch_datetime_operator.py for tasks to queue
[2025-05-24T05:18:11.431+0530] {logging_mixin.py:188} INFO - [2025-05-24T05:18:11.430+0530] {dagbag.py:540} INFO - Filling up the DagBag from /Library/Frameworks/Python.framework/Versions/3.12/lib/python3.12/site-packages/airflow/example_dags/example_branch_datetime_operator.py
[2025-05-24T05:18:11.443+0530] {processor.py:840} INFO - DAG(s) 'example_branch_datetime_operator', 'example_branch_datetime_operator_2', 'example_branch_datetime_operator_3' retrieved from /Library/Frameworks/Python.framework/Versions/3.12/lib/python3.12/site-packages/airflow/example_dags/example_branch_datetime_operator.py
[2025-05-24T05:18:11.593+0530] {logging_mixin.py:188} INFO - [2025-05-24T05:18:11.593+0530] {dag.py:3096} INFO - Sync 3 DAGs
[2025-05-24T05:18:11.613+0530] {logging_mixin.py:188} INFO - [2025-05-24T05:18:11.613+0530] {dag.py:3954} INFO - Setting next_dagrun for example_branch_datetime_operator to 2025-05-22 00:00:00+00:00, run_after=2025-05-23 00:00:00+00:00
[2025-05-24T05:18:11.618+0530] {logging_mixin.py:188} INFO - [2025-05-24T05:18:11.617+0530] {dag.py:3954} INFO - Setting next_dagrun for example_branch_datetime_operator_2 to 2025-05-22 00:00:00+00:00, run_after=2025-05-23 00:00:00+00:00
[2025-05-24T05:18:11.620+0530] {logging_mixin.py:188} INFO - [2025-05-24T05:18:11.620+0530] {dag.py:3954} INFO - Setting next_dagrun for example_branch_datetime_operator_3 to 2025-05-22 00:00:00+00:00, run_after=2025-05-23 00:00:00+00:00
[2025-05-24T05:18:11.636+0530] {processor.py:183} INFO - Processing /Library/Frameworks/Python.framework/Versions/3.12/lib/python3.12/site-packages/airflow/example_dags/example_branch_datetime_operator.py took 0.210 seconds
