[2025-05-24T04:24:01.509+0530] {processor.py:161} INFO - Started process (PID=15672) to work on /Library/Frameworks/Python.framework/Versions/3.12/lib/python3.12/site-packages/airflow/example_dags/example_external_task_marker_dag.py
[2025-05-24T04:24:01.510+0530] {processor.py:830} INFO - Processing file /Library/Frameworks/Python.framework/Versions/3.12/lib/python3.12/site-packages/airflow/example_dags/example_external_task_marker_dag.py for tasks to queue
[2025-05-24T04:24:01.510+0530] {logging_mixin.py:188} INFO - [2025-05-24T04:24:01.510+0530] {dagbag.py:540} INFO - Filling up the DagBag from /Library/Frameworks/Python.framework/Versions/3.12/lib/python3.12/site-packages/airflow/example_dags/example_external_task_marker_dag.py
[2025-05-24T04:24:01.524+0530] {processor.py:840} INFO - DAG(s) 'example_external_task_marker_parent', 'example_external_task_marker_child' retrieved from /Library/Frameworks/Python.framework/Versions/3.12/lib/python3.12/site-packages/airflow/example_dags/example_external_task_marker_dag.py
[2025-05-24T04:24:01.770+0530] {logging_mixin.py:188} INFO - [2025-05-24T04:24:01.769+0530] {dag.py:3096} INFO - Sync 2 DAGs
[2025-05-24T04:24:01.777+0530] {logging_mixin.py:188} INFO - [2025-05-24T04:24:01.777+0530] {dag.py:3954} INFO - Setting next_dagrun for example_external_task_marker_child to None, run_after=None
[2025-05-24T04:24:01.779+0530] {logging_mixin.py:188} INFO - [2025-05-24T04:24:01.779+0530] {dag.py:3954} INFO - Setting next_dagrun for example_external_task_marker_parent to None, run_after=None
[2025-05-24T04:24:01.792+0530] {processor.py:183} INFO - Processing /Library/Frameworks/Python.framework/Versions/3.12/lib/python3.12/site-packages/airflow/example_dags/example_external_task_marker_dag.py took 0.286 seconds
[2025-05-24T04:26:35.973+0530] {processor.py:161} INFO - Started process (PID=15775) to work on /Library/Frameworks/Python.framework/Versions/3.12/lib/python3.12/site-packages/airflow/example_dags/example_external_task_marker_dag.py
[2025-05-24T04:26:35.974+0530] {processor.py:830} INFO - Processing file /Library/Frameworks/Python.framework/Versions/3.12/lib/python3.12/site-packages/airflow/example_dags/example_external_task_marker_dag.py for tasks to queue
[2025-05-24T04:26:35.976+0530] {logging_mixin.py:188} INFO - [2025-05-24T04:26:35.975+0530] {dagbag.py:540} INFO - Filling up the DagBag from /Library/Frameworks/Python.framework/Versions/3.12/lib/python3.12/site-packages/airflow/example_dags/example_external_task_marker_dag.py
[2025-05-24T04:26:35.989+0530] {processor.py:840} INFO - DAG(s) 'example_external_task_marker_child', 'example_external_task_marker_parent' retrieved from /Library/Frameworks/Python.framework/Versions/3.12/lib/python3.12/site-packages/airflow/example_dags/example_external_task_marker_dag.py
[2025-05-24T04:26:36.148+0530] {logging_mixin.py:188} INFO - [2025-05-24T04:26:36.148+0530] {dag.py:3096} INFO - Sync 2 DAGs
[2025-05-24T04:26:36.158+0530] {logging_mixin.py:188} INFO - [2025-05-24T04:26:36.158+0530] {dag.py:3954} INFO - Setting next_dagrun for example_external_task_marker_child to None, run_after=None
[2025-05-24T04:26:36.161+0530] {logging_mixin.py:188} INFO - [2025-05-24T04:26:36.161+0530] {dag.py:3954} INFO - Setting next_dagrun for example_external_task_marker_parent to None, run_after=None
[2025-05-24T04:26:36.175+0530] {processor.py:183} INFO - Processing /Library/Frameworks/Python.framework/Versions/3.12/lib/python3.12/site-packages/airflow/example_dags/example_external_task_marker_dag.py took 0.206 seconds
[2025-05-24T04:30:25.712+0530] {processor.py:161} INFO - Started process (PID=15897) to work on /Library/Frameworks/Python.framework/Versions/3.12/lib/python3.12/site-packages/airflow/example_dags/example_external_task_marker_dag.py
[2025-05-24T04:30:25.714+0530] {processor.py:830} INFO - Processing file /Library/Frameworks/Python.framework/Versions/3.12/lib/python3.12/site-packages/airflow/example_dags/example_external_task_marker_dag.py for tasks to queue
[2025-05-24T04:30:25.714+0530] {logging_mixin.py:188} INFO - [2025-05-24T04:30:25.714+0530] {dagbag.py:540} INFO - Filling up the DagBag from /Library/Frameworks/Python.framework/Versions/3.12/lib/python3.12/site-packages/airflow/example_dags/example_external_task_marker_dag.py
[2025-05-24T04:30:25.727+0530] {processor.py:840} INFO - DAG(s) 'example_external_task_marker_parent', 'example_external_task_marker_child' retrieved from /Library/Frameworks/Python.framework/Versions/3.12/lib/python3.12/site-packages/airflow/example_dags/example_external_task_marker_dag.py
[2025-05-24T04:30:25.886+0530] {logging_mixin.py:188} INFO - [2025-05-24T04:30:25.886+0530] {dag.py:3096} INFO - Sync 2 DAGs
[2025-05-24T04:30:25.896+0530] {logging_mixin.py:188} INFO - [2025-05-24T04:30:25.896+0530] {dag.py:3954} INFO - Setting next_dagrun for example_external_task_marker_child to None, run_after=None
[2025-05-24T04:30:25.899+0530] {logging_mixin.py:188} INFO - [2025-05-24T04:30:25.898+0530] {dag.py:3954} INFO - Setting next_dagrun for example_external_task_marker_parent to None, run_after=None
[2025-05-24T04:30:25.916+0530] {processor.py:183} INFO - Processing /Library/Frameworks/Python.framework/Versions/3.12/lib/python3.12/site-packages/airflow/example_dags/example_external_task_marker_dag.py took 0.209 seconds
[2025-05-24T04:34:23.048+0530] {processor.py:161} INFO - Started process (PID=16032) to work on /Library/Frameworks/Python.framework/Versions/3.12/lib/python3.12/site-packages/airflow/example_dags/example_external_task_marker_dag.py
[2025-05-24T04:34:23.049+0530] {processor.py:830} INFO - Processing file /Library/Frameworks/Python.framework/Versions/3.12/lib/python3.12/site-packages/airflow/example_dags/example_external_task_marker_dag.py for tasks to queue
[2025-05-24T04:34:23.049+0530] {logging_mixin.py:188} INFO - [2025-05-24T04:34:23.049+0530] {dagbag.py:540} INFO - Filling up the DagBag from /Library/Frameworks/Python.framework/Versions/3.12/lib/python3.12/site-packages/airflow/example_dags/example_external_task_marker_dag.py
[2025-05-24T04:34:23.062+0530] {processor.py:840} INFO - DAG(s) 'example_external_task_marker_child', 'example_external_task_marker_parent' retrieved from /Library/Frameworks/Python.framework/Versions/3.12/lib/python3.12/site-packages/airflow/example_dags/example_external_task_marker_dag.py
[2025-05-24T04:34:23.239+0530] {logging_mixin.py:188} INFO - [2025-05-24T04:34:23.239+0530] {dag.py:3096} INFO - Sync 2 DAGs
[2025-05-24T04:34:23.249+0530] {logging_mixin.py:188} INFO - [2025-05-24T04:34:23.249+0530] {dag.py:3954} INFO - Setting next_dagrun for example_external_task_marker_child to None, run_after=None
[2025-05-24T04:34:23.252+0530] {logging_mixin.py:188} INFO - [2025-05-24T04:34:23.252+0530] {dag.py:3954} INFO - Setting next_dagrun for example_external_task_marker_parent to None, run_after=None
[2025-05-24T04:34:23.268+0530] {processor.py:183} INFO - Processing /Library/Frameworks/Python.framework/Versions/3.12/lib/python3.12/site-packages/airflow/example_dags/example_external_task_marker_dag.py took 0.223 seconds
[2025-05-24T04:38:28.083+0530] {processor.py:161} INFO - Started process (PID=16183) to work on /Library/Frameworks/Python.framework/Versions/3.12/lib/python3.12/site-packages/airflow/example_dags/example_external_task_marker_dag.py
[2025-05-24T04:38:28.085+0530] {processor.py:830} INFO - Processing file /Library/Frameworks/Python.framework/Versions/3.12/lib/python3.12/site-packages/airflow/example_dags/example_external_task_marker_dag.py for tasks to queue
[2025-05-24T04:38:28.086+0530] {logging_mixin.py:188} INFO - [2025-05-24T04:38:28.085+0530] {dagbag.py:540} INFO - Filling up the DagBag from /Library/Frameworks/Python.framework/Versions/3.12/lib/python3.12/site-packages/airflow/example_dags/example_external_task_marker_dag.py
[2025-05-24T04:38:28.099+0530] {processor.py:840} INFO - DAG(s) 'example_external_task_marker_child', 'example_external_task_marker_parent' retrieved from /Library/Frameworks/Python.framework/Versions/3.12/lib/python3.12/site-packages/airflow/example_dags/example_external_task_marker_dag.py
[2025-05-24T04:38:28.283+0530] {logging_mixin.py:188} INFO - [2025-05-24T04:38:28.283+0530] {dag.py:3096} INFO - Sync 2 DAGs
[2025-05-24T04:38:28.292+0530] {logging_mixin.py:188} INFO - [2025-05-24T04:38:28.292+0530] {dag.py:3954} INFO - Setting next_dagrun for example_external_task_marker_child to None, run_after=None
[2025-05-24T04:38:28.295+0530] {logging_mixin.py:188} INFO - [2025-05-24T04:38:28.295+0530] {dag.py:3954} INFO - Setting next_dagrun for example_external_task_marker_parent to None, run_after=None
[2025-05-24T04:38:28.310+0530] {processor.py:183} INFO - Processing /Library/Frameworks/Python.framework/Versions/3.12/lib/python3.12/site-packages/airflow/example_dags/example_external_task_marker_dag.py took 0.230 seconds
[2025-05-24T04:42:36.687+0530] {processor.py:161} INFO - Started process (PID=16332) to work on /Library/Frameworks/Python.framework/Versions/3.12/lib/python3.12/site-packages/airflow/example_dags/example_external_task_marker_dag.py
[2025-05-24T04:42:36.689+0530] {processor.py:830} INFO - Processing file /Library/Frameworks/Python.framework/Versions/3.12/lib/python3.12/site-packages/airflow/example_dags/example_external_task_marker_dag.py for tasks to queue
[2025-05-24T04:42:36.690+0530] {logging_mixin.py:188} INFO - [2025-05-24T04:42:36.690+0530] {dagbag.py:540} INFO - Filling up the DagBag from /Library/Frameworks/Python.framework/Versions/3.12/lib/python3.12/site-packages/airflow/example_dags/example_external_task_marker_dag.py
[2025-05-24T04:42:36.703+0530] {processor.py:840} INFO - DAG(s) 'example_external_task_marker_parent', 'example_external_task_marker_child' retrieved from /Library/Frameworks/Python.framework/Versions/3.12/lib/python3.12/site-packages/airflow/example_dags/example_external_task_marker_dag.py
[2025-05-24T04:42:36.871+0530] {logging_mixin.py:188} INFO - [2025-05-24T04:42:36.871+0530] {dag.py:3096} INFO - Sync 2 DAGs
[2025-05-24T04:42:36.881+0530] {logging_mixin.py:188} INFO - [2025-05-24T04:42:36.881+0530] {dag.py:3954} INFO - Setting next_dagrun for example_external_task_marker_child to None, run_after=None
[2025-05-24T04:42:36.884+0530] {logging_mixin.py:188} INFO - [2025-05-24T04:42:36.884+0530] {dag.py:3954} INFO - Setting next_dagrun for example_external_task_marker_parent to None, run_after=None
[2025-05-24T04:42:36.898+0530] {processor.py:183} INFO - Processing /Library/Frameworks/Python.framework/Versions/3.12/lib/python3.12/site-packages/airflow/example_dags/example_external_task_marker_dag.py took 0.215 seconds
[2025-05-24T04:46:34.648+0530] {processor.py:161} INFO - Started process (PID=17350) to work on /Library/Frameworks/Python.framework/Versions/3.12/lib/python3.12/site-packages/airflow/example_dags/example_external_task_marker_dag.py
[2025-05-24T04:46:34.650+0530] {processor.py:830} INFO - Processing file /Library/Frameworks/Python.framework/Versions/3.12/lib/python3.12/site-packages/airflow/example_dags/example_external_task_marker_dag.py for tasks to queue
[2025-05-24T04:46:34.650+0530] {logging_mixin.py:188} INFO - [2025-05-24T04:46:34.650+0530] {dagbag.py:540} INFO - Filling up the DagBag from /Library/Frameworks/Python.framework/Versions/3.12/lib/python3.12/site-packages/airflow/example_dags/example_external_task_marker_dag.py
[2025-05-24T04:46:34.664+0530] {processor.py:840} INFO - DAG(s) 'example_external_task_marker_child', 'example_external_task_marker_parent' retrieved from /Library/Frameworks/Python.framework/Versions/3.12/lib/python3.12/site-packages/airflow/example_dags/example_external_task_marker_dag.py
[2025-05-24T04:46:34.835+0530] {logging_mixin.py:188} INFO - [2025-05-24T04:46:34.834+0530] {dag.py:3096} INFO - Sync 2 DAGs
[2025-05-24T04:46:34.844+0530] {logging_mixin.py:188} INFO - [2025-05-24T04:46:34.844+0530] {dag.py:3954} INFO - Setting next_dagrun for example_external_task_marker_child to None, run_after=None
[2025-05-24T04:46:34.847+0530] {logging_mixin.py:188} INFO - [2025-05-24T04:46:34.847+0530] {dag.py:3954} INFO - Setting next_dagrun for example_external_task_marker_parent to None, run_after=None
[2025-05-24T04:46:34.861+0530] {processor.py:183} INFO - Processing /Library/Frameworks/Python.framework/Versions/3.12/lib/python3.12/site-packages/airflow/example_dags/example_external_task_marker_dag.py took 0.216 seconds
[2025-05-24T04:50:34.169+0530] {processor.py:161} INFO - Started process (PID=17494) to work on /Library/Frameworks/Python.framework/Versions/3.12/lib/python3.12/site-packages/airflow/example_dags/example_external_task_marker_dag.py
[2025-05-24T04:50:34.170+0530] {processor.py:830} INFO - Processing file /Library/Frameworks/Python.framework/Versions/3.12/lib/python3.12/site-packages/airflow/example_dags/example_external_task_marker_dag.py for tasks to queue
[2025-05-24T04:50:34.171+0530] {logging_mixin.py:188} INFO - [2025-05-24T04:50:34.171+0530] {dagbag.py:540} INFO - Filling up the DagBag from /Library/Frameworks/Python.framework/Versions/3.12/lib/python3.12/site-packages/airflow/example_dags/example_external_task_marker_dag.py
[2025-05-24T04:50:34.184+0530] {processor.py:840} INFO - DAG(s) 'example_external_task_marker_child', 'example_external_task_marker_parent' retrieved from /Library/Frameworks/Python.framework/Versions/3.12/lib/python3.12/site-packages/airflow/example_dags/example_external_task_marker_dag.py
[2025-05-24T04:50:34.343+0530] {logging_mixin.py:188} INFO - [2025-05-24T04:50:34.343+0530] {dag.py:3096} INFO - Sync 2 DAGs
[2025-05-24T04:50:34.353+0530] {logging_mixin.py:188} INFO - [2025-05-24T04:50:34.353+0530] {dag.py:3954} INFO - Setting next_dagrun for example_external_task_marker_child to None, run_after=None
[2025-05-24T04:50:34.356+0530] {logging_mixin.py:188} INFO - [2025-05-24T04:50:34.355+0530] {dag.py:3954} INFO - Setting next_dagrun for example_external_task_marker_parent to None, run_after=None
[2025-05-24T04:50:34.369+0530] {processor.py:183} INFO - Processing /Library/Frameworks/Python.framework/Versions/3.12/lib/python3.12/site-packages/airflow/example_dags/example_external_task_marker_dag.py took 0.204 seconds
[2025-05-24T04:54:21.089+0530] {processor.py:161} INFO - Started process (PID=17647) to work on /Library/Frameworks/Python.framework/Versions/3.12/lib/python3.12/site-packages/airflow/example_dags/example_external_task_marker_dag.py
[2025-05-24T04:54:21.090+0530] {processor.py:830} INFO - Processing file /Library/Frameworks/Python.framework/Versions/3.12/lib/python3.12/site-packages/airflow/example_dags/example_external_task_marker_dag.py for tasks to queue
[2025-05-24T04:54:21.090+0530] {logging_mixin.py:188} INFO - [2025-05-24T04:54:21.090+0530] {dagbag.py:540} INFO - Filling up the DagBag from /Library/Frameworks/Python.framework/Versions/3.12/lib/python3.12/site-packages/airflow/example_dags/example_external_task_marker_dag.py
[2025-05-24T04:54:21.106+0530] {processor.py:840} INFO - DAG(s) 'example_external_task_marker_child', 'example_external_task_marker_parent' retrieved from /Library/Frameworks/Python.framework/Versions/3.12/lib/python3.12/site-packages/airflow/example_dags/example_external_task_marker_dag.py
[2025-05-24T04:54:21.268+0530] {logging_mixin.py:188} INFO - [2025-05-24T04:54:21.268+0530] {dag.py:3096} INFO - Sync 2 DAGs
[2025-05-24T04:54:21.277+0530] {logging_mixin.py:188} INFO - [2025-05-24T04:54:21.277+0530] {dag.py:3954} INFO - Setting next_dagrun for example_external_task_marker_child to None, run_after=None
[2025-05-24T04:54:21.280+0530] {logging_mixin.py:188} INFO - [2025-05-24T04:54:21.280+0530] {dag.py:3954} INFO - Setting next_dagrun for example_external_task_marker_parent to None, run_after=None
[2025-05-24T04:54:21.293+0530] {processor.py:183} INFO - Processing /Library/Frameworks/Python.framework/Versions/3.12/lib/python3.12/site-packages/airflow/example_dags/example_external_task_marker_dag.py took 0.208 seconds
[2025-05-24T04:58:10.217+0530] {processor.py:161} INFO - Started process (PID=17759) to work on /Library/Frameworks/Python.framework/Versions/3.12/lib/python3.12/site-packages/airflow/example_dags/example_external_task_marker_dag.py
[2025-05-24T04:58:10.219+0530] {processor.py:830} INFO - Processing file /Library/Frameworks/Python.framework/Versions/3.12/lib/python3.12/site-packages/airflow/example_dags/example_external_task_marker_dag.py for tasks to queue
[2025-05-24T04:58:10.220+0530] {logging_mixin.py:188} INFO - [2025-05-24T04:58:10.220+0530] {dagbag.py:540} INFO - Filling up the DagBag from /Library/Frameworks/Python.framework/Versions/3.12/lib/python3.12/site-packages/airflow/example_dags/example_external_task_marker_dag.py
[2025-05-24T04:58:10.233+0530] {processor.py:840} INFO - DAG(s) 'example_external_task_marker_parent', 'example_external_task_marker_child' retrieved from /Library/Frameworks/Python.framework/Versions/3.12/lib/python3.12/site-packages/airflow/example_dags/example_external_task_marker_dag.py
[2025-05-24T04:58:10.387+0530] {logging_mixin.py:188} INFO - [2025-05-24T04:58:10.386+0530] {dag.py:3096} INFO - Sync 2 DAGs
[2025-05-24T04:58:10.395+0530] {logging_mixin.py:188} INFO - [2025-05-24T04:58:10.395+0530] {dag.py:3954} INFO - Setting next_dagrun for example_external_task_marker_child to None, run_after=None
[2025-05-24T04:58:10.398+0530] {logging_mixin.py:188} INFO - [2025-05-24T04:58:10.398+0530] {dag.py:3954} INFO - Setting next_dagrun for example_external_task_marker_parent to None, run_after=None
[2025-05-24T04:58:10.411+0530] {processor.py:183} INFO - Processing /Library/Frameworks/Python.framework/Versions/3.12/lib/python3.12/site-packages/airflow/example_dags/example_external_task_marker_dag.py took 0.198 seconds
[2025-05-24T05:01:57.288+0530] {processor.py:161} INFO - Started process (PID=17891) to work on /Library/Frameworks/Python.framework/Versions/3.12/lib/python3.12/site-packages/airflow/example_dags/example_external_task_marker_dag.py
[2025-05-24T05:01:57.289+0530] {processor.py:830} INFO - Processing file /Library/Frameworks/Python.framework/Versions/3.12/lib/python3.12/site-packages/airflow/example_dags/example_external_task_marker_dag.py for tasks to queue
[2025-05-24T05:01:57.290+0530] {logging_mixin.py:188} INFO - [2025-05-24T05:01:57.289+0530] {dagbag.py:540} INFO - Filling up the DagBag from /Library/Frameworks/Python.framework/Versions/3.12/lib/python3.12/site-packages/airflow/example_dags/example_external_task_marker_dag.py
[2025-05-24T05:01:57.303+0530] {processor.py:840} INFO - DAG(s) 'example_external_task_marker_child', 'example_external_task_marker_parent' retrieved from /Library/Frameworks/Python.framework/Versions/3.12/lib/python3.12/site-packages/airflow/example_dags/example_external_task_marker_dag.py
[2025-05-24T05:01:57.444+0530] {logging_mixin.py:188} INFO - [2025-05-24T05:01:57.444+0530] {dag.py:3096} INFO - Sync 2 DAGs
[2025-05-24T05:01:57.452+0530] {logging_mixin.py:188} INFO - [2025-05-24T05:01:57.452+0530] {dag.py:3954} INFO - Setting next_dagrun for example_external_task_marker_child to None, run_after=None
[2025-05-24T05:01:57.455+0530] {logging_mixin.py:188} INFO - [2025-05-24T05:01:57.455+0530] {dag.py:3954} INFO - Setting next_dagrun for example_external_task_marker_parent to None, run_after=None
[2025-05-24T05:01:57.466+0530] {processor.py:183} INFO - Processing /Library/Frameworks/Python.framework/Versions/3.12/lib/python3.12/site-packages/airflow/example_dags/example_external_task_marker_dag.py took 0.182 seconds
[2025-05-24T05:05:43.427+0530] {processor.py:161} INFO - Started process (PID=18012) to work on /Library/Frameworks/Python.framework/Versions/3.12/lib/python3.12/site-packages/airflow/example_dags/example_external_task_marker_dag.py
[2025-05-24T05:05:43.429+0530] {processor.py:830} INFO - Processing file /Library/Frameworks/Python.framework/Versions/3.12/lib/python3.12/site-packages/airflow/example_dags/example_external_task_marker_dag.py for tasks to queue
[2025-05-24T05:05:43.430+0530] {logging_mixin.py:188} INFO - [2025-05-24T05:05:43.430+0530] {dagbag.py:540} INFO - Filling up the DagBag from /Library/Frameworks/Python.framework/Versions/3.12/lib/python3.12/site-packages/airflow/example_dags/example_external_task_marker_dag.py
[2025-05-24T05:05:43.441+0530] {processor.py:840} INFO - DAG(s) 'example_external_task_marker_parent', 'example_external_task_marker_child' retrieved from /Library/Frameworks/Python.framework/Versions/3.12/lib/python3.12/site-packages/airflow/example_dags/example_external_task_marker_dag.py
[2025-05-24T05:05:43.591+0530] {logging_mixin.py:188} INFO - [2025-05-24T05:05:43.591+0530] {dag.py:3096} INFO - Sync 2 DAGs
[2025-05-24T05:05:43.599+0530] {logging_mixin.py:188} INFO - [2025-05-24T05:05:43.599+0530] {dag.py:3954} INFO - Setting next_dagrun for example_external_task_marker_child to None, run_after=None
[2025-05-24T05:05:43.602+0530] {logging_mixin.py:188} INFO - [2025-05-24T05:05:43.602+0530] {dag.py:3954} INFO - Setting next_dagrun for example_external_task_marker_parent to None, run_after=None
[2025-05-24T05:05:43.615+0530] {processor.py:183} INFO - Processing /Library/Frameworks/Python.framework/Versions/3.12/lib/python3.12/site-packages/airflow/example_dags/example_external_task_marker_dag.py took 0.191 seconds
[2025-05-24T05:09:32.864+0530] {processor.py:161} INFO - Started process (PID=18117) to work on /Library/Frameworks/Python.framework/Versions/3.12/lib/python3.12/site-packages/airflow/example_dags/example_external_task_marker_dag.py
[2025-05-24T05:09:32.866+0530] {processor.py:830} INFO - Processing file /Library/Frameworks/Python.framework/Versions/3.12/lib/python3.12/site-packages/airflow/example_dags/example_external_task_marker_dag.py for tasks to queue
[2025-05-24T05:09:32.867+0530] {logging_mixin.py:188} INFO - [2025-05-24T05:09:32.867+0530] {dagbag.py:540} INFO - Filling up the DagBag from /Library/Frameworks/Python.framework/Versions/3.12/lib/python3.12/site-packages/airflow/example_dags/example_external_task_marker_dag.py
[2025-05-24T05:09:32.880+0530] {processor.py:840} INFO - DAG(s) 'example_external_task_marker_parent', 'example_external_task_marker_child' retrieved from /Library/Frameworks/Python.framework/Versions/3.12/lib/python3.12/site-packages/airflow/example_dags/example_external_task_marker_dag.py
[2025-05-24T05:09:33.031+0530] {logging_mixin.py:188} INFO - [2025-05-24T05:09:33.031+0530] {dag.py:3096} INFO - Sync 2 DAGs
[2025-05-24T05:09:33.039+0530] {logging_mixin.py:188} INFO - [2025-05-24T05:09:33.039+0530] {dag.py:3954} INFO - Setting next_dagrun for example_external_task_marker_child to None, run_after=None
[2025-05-24T05:09:33.042+0530] {logging_mixin.py:188} INFO - [2025-05-24T05:09:33.042+0530] {dag.py:3954} INFO - Setting next_dagrun for example_external_task_marker_parent to None, run_after=None
[2025-05-24T05:09:33.055+0530] {processor.py:183} INFO - Processing /Library/Frameworks/Python.framework/Versions/3.12/lib/python3.12/site-packages/airflow/example_dags/example_external_task_marker_dag.py took 0.195 seconds
[2025-05-24T05:16:04.090+0530] {processor.py:161} INFO - Started process (PID=18384) to work on /Library/Frameworks/Python.framework/Versions/3.12/lib/python3.12/site-packages/airflow/example_dags/example_external_task_marker_dag.py
[2025-05-24T05:16:04.092+0530] {processor.py:830} INFO - Processing file /Library/Frameworks/Python.framework/Versions/3.12/lib/python3.12/site-packages/airflow/example_dags/example_external_task_marker_dag.py for tasks to queue
[2025-05-24T05:16:04.092+0530] {logging_mixin.py:188} INFO - [2025-05-24T05:16:04.092+0530] {dagbag.py:540} INFO - Filling up the DagBag from /Library/Frameworks/Python.framework/Versions/3.12/lib/python3.12/site-packages/airflow/example_dags/example_external_task_marker_dag.py
[2025-05-24T05:16:04.106+0530] {processor.py:840} INFO - DAG(s) 'example_external_task_marker_parent', 'example_external_task_marker_child' retrieved from /Library/Frameworks/Python.framework/Versions/3.12/lib/python3.12/site-packages/airflow/example_dags/example_external_task_marker_dag.py
[2025-05-24T05:16:04.273+0530] {logging_mixin.py:188} INFO - [2025-05-24T05:16:04.273+0530] {dag.py:3096} INFO - Sync 2 DAGs
[2025-05-24T05:16:04.283+0530] {logging_mixin.py:188} INFO - [2025-05-24T05:16:04.283+0530] {dag.py:3954} INFO - Setting next_dagrun for example_external_task_marker_child to None, run_after=None
[2025-05-24T05:16:04.286+0530] {logging_mixin.py:188} INFO - [2025-05-24T05:16:04.286+0530] {dag.py:3954} INFO - Setting next_dagrun for example_external_task_marker_parent to None, run_after=None
[2025-05-24T05:16:04.301+0530] {processor.py:183} INFO - Processing /Library/Frameworks/Python.framework/Versions/3.12/lib/python3.12/site-packages/airflow/example_dags/example_external_task_marker_dag.py took 0.215 seconds
[2025-05-24T05:19:59.493+0530] {processor.py:161} INFO - Started process (PID=18917) to work on /Library/Frameworks/Python.framework/Versions/3.12/lib/python3.12/site-packages/airflow/example_dags/example_external_task_marker_dag.py
[2025-05-24T05:19:59.494+0530] {processor.py:830} INFO - Processing file /Library/Frameworks/Python.framework/Versions/3.12/lib/python3.12/site-packages/airflow/example_dags/example_external_task_marker_dag.py for tasks to queue
[2025-05-24T05:19:59.495+0530] {logging_mixin.py:188} INFO - [2025-05-24T05:19:59.495+0530] {dagbag.py:540} INFO - Filling up the DagBag from /Library/Frameworks/Python.framework/Versions/3.12/lib/python3.12/site-packages/airflow/example_dags/example_external_task_marker_dag.py
[2025-05-24T05:19:59.510+0530] {processor.py:840} INFO - DAG(s) 'example_external_task_marker_parent', 'example_external_task_marker_child' retrieved from /Library/Frameworks/Python.framework/Versions/3.12/lib/python3.12/site-packages/airflow/example_dags/example_external_task_marker_dag.py
[2025-05-24T05:19:59.713+0530] {logging_mixin.py:188} INFO - [2025-05-24T05:19:59.712+0530] {dag.py:3096} INFO - Sync 2 DAGs
[2025-05-24T05:19:59.723+0530] {logging_mixin.py:188} INFO - [2025-05-24T05:19:59.722+0530] {dag.py:3954} INFO - Setting next_dagrun for example_external_task_marker_child to None, run_after=None
[2025-05-24T05:19:59.726+0530] {logging_mixin.py:188} INFO - [2025-05-24T05:19:59.725+0530] {dag.py:3954} INFO - Setting next_dagrun for example_external_task_marker_parent to None, run_after=None
[2025-05-24T05:19:59.742+0530] {processor.py:183} INFO - Processing /Library/Frameworks/Python.framework/Versions/3.12/lib/python3.12/site-packages/airflow/example_dags/example_external_task_marker_dag.py took 0.252 seconds
