[2025-05-24T04:23:34.473+0530] {processor.py:161} INFO - Started process (PID=15663) to work on /Library/Frameworks/Python.framework/Versions/3.12/lib/python3.12/site-packages/airflow/example_dags/example_python_decorator.py
[2025-05-24T04:23:34.474+0530] {processor.py:830} INFO - Processing file /Library/Frameworks/Python.framework/Versions/3.12/lib/python3.12/site-packages/airflow/example_dags/example_python_decorator.py for tasks to queue
[2025-05-24T04:23:34.475+0530] {logging_mixin.py:188} INFO - [2025-05-24T04:23:34.474+0530] {dagbag.py:540} INFO - Filling up the DagBag from /Library/Frameworks/Python.framework/Versions/3.12/lib/python3.12/site-packages/airflow/example_dags/example_python_decorator.py
[2025-05-24T04:23:34.512+0530] {logging_mixin.py:188} INFO - [2025-05-24T04:23:34.512+0530] {example_python_decorator.py:80} WARNING - The virtalenv_python example task requires virtualenv, please install it.
[2025-05-24T04:23:34.514+0530] {processor.py:840} INFO - DAG(s) 'example_python_decorator' retrieved from /Library/Frameworks/Python.framework/Versions/3.12/lib/python3.12/site-packages/airflow/example_dags/example_python_decorator.py
[2025-05-24T04:23:34.734+0530] {logging_mixin.py:188} INFO - [2025-05-24T04:23:34.734+0530] {dag.py:3096} INFO - Sync 1 DAGs
[2025-05-24T04:23:34.740+0530] {logging_mixin.py:188} INFO - [2025-05-24T04:23:34.740+0530] {dag.py:3954} INFO - Setting next_dagrun for example_python_decorator to None, run_after=None
[2025-05-24T04:23:34.753+0530] {processor.py:183} INFO - Processing /Library/Frameworks/Python.framework/Versions/3.12/lib/python3.12/site-packages/airflow/example_dags/example_python_decorator.py took 0.284 seconds
[2025-05-24T04:26:11.441+0530] {processor.py:161} INFO - Started process (PID=15763) to work on /Library/Frameworks/Python.framework/Versions/3.12/lib/python3.12/site-packages/airflow/example_dags/example_python_decorator.py
[2025-05-24T04:26:11.443+0530] {processor.py:830} INFO - Processing file /Library/Frameworks/Python.framework/Versions/3.12/lib/python3.12/site-packages/airflow/example_dags/example_python_decorator.py for tasks to queue
[2025-05-24T04:26:11.444+0530] {logging_mixin.py:188} INFO - [2025-05-24T04:26:11.444+0530] {dagbag.py:540} INFO - Filling up the DagBag from /Library/Frameworks/Python.framework/Versions/3.12/lib/python3.12/site-packages/airflow/example_dags/example_python_decorator.py
[2025-05-24T04:26:11.480+0530] {logging_mixin.py:188} INFO - [2025-05-24T04:26:11.479+0530] {example_python_decorator.py:80} WARNING - The virtalenv_python example task requires virtualenv, please install it.
[2025-05-24T04:26:11.481+0530] {processor.py:840} INFO - DAG(s) 'example_python_decorator' retrieved from /Library/Frameworks/Python.framework/Versions/3.12/lib/python3.12/site-packages/airflow/example_dags/example_python_decorator.py
[2025-05-24T04:26:11.625+0530] {logging_mixin.py:188} INFO - [2025-05-24T04:26:11.625+0530] {dag.py:3096} INFO - Sync 1 DAGs
[2025-05-24T04:26:11.633+0530] {logging_mixin.py:188} INFO - [2025-05-24T04:26:11.633+0530] {dag.py:3954} INFO - Setting next_dagrun for example_python_decorator to None, run_after=None
[2025-05-24T04:26:11.649+0530] {processor.py:183} INFO - Processing /Library/Frameworks/Python.framework/Versions/3.12/lib/python3.12/site-packages/airflow/example_dags/example_python_decorator.py took 0.212 seconds
[2025-05-24T04:28:07.472+0530] {processor.py:161} INFO - Started process (PID=15816) to work on /Library/Frameworks/Python.framework/Versions/3.12/lib/python3.12/site-packages/airflow/example_dags/example_python_decorator.py
[2025-05-24T04:28:07.473+0530] {processor.py:830} INFO - Processing file /Library/Frameworks/Python.framework/Versions/3.12/lib/python3.12/site-packages/airflow/example_dags/example_python_decorator.py for tasks to queue
[2025-05-24T04:28:07.474+0530] {logging_mixin.py:188} INFO - [2025-05-24T04:28:07.474+0530] {dagbag.py:540} INFO - Filling up the DagBag from /Library/Frameworks/Python.framework/Versions/3.12/lib/python3.12/site-packages/airflow/example_dags/example_python_decorator.py
[2025-05-24T04:28:07.508+0530] {logging_mixin.py:188} INFO - [2025-05-24T04:28:07.508+0530] {example_python_decorator.py:80} WARNING - The virtalenv_python example task requires virtualenv, please install it.
[2025-05-24T04:28:07.510+0530] {processor.py:840} INFO - DAG(s) 'example_python_decorator' retrieved from /Library/Frameworks/Python.framework/Versions/3.12/lib/python3.12/site-packages/airflow/example_dags/example_python_decorator.py
[2025-05-24T04:28:07.652+0530] {logging_mixin.py:188} INFO - [2025-05-24T04:28:07.652+0530] {dag.py:3096} INFO - Sync 1 DAGs
[2025-05-24T04:28:07.661+0530] {logging_mixin.py:188} INFO - [2025-05-24T04:28:07.661+0530] {dag.py:3954} INFO - Setting next_dagrun for example_python_decorator to None, run_after=None
[2025-05-24T04:28:07.678+0530] {processor.py:183} INFO - Processing /Library/Frameworks/Python.framework/Versions/3.12/lib/python3.12/site-packages/airflow/example_dags/example_python_decorator.py took 0.210 seconds
[2025-05-24T04:30:01.338+0530] {processor.py:161} INFO - Started process (PID=15863) to work on /Library/Frameworks/Python.framework/Versions/3.12/lib/python3.12/site-packages/airflow/example_dags/example_python_decorator.py
[2025-05-24T04:30:01.339+0530] {processor.py:830} INFO - Processing file /Library/Frameworks/Python.framework/Versions/3.12/lib/python3.12/site-packages/airflow/example_dags/example_python_decorator.py for tasks to queue
[2025-05-24T04:30:01.340+0530] {logging_mixin.py:188} INFO - [2025-05-24T04:30:01.339+0530] {dagbag.py:540} INFO - Filling up the DagBag from /Library/Frameworks/Python.framework/Versions/3.12/lib/python3.12/site-packages/airflow/example_dags/example_python_decorator.py
[2025-05-24T04:30:01.375+0530] {logging_mixin.py:188} INFO - [2025-05-24T04:30:01.375+0530] {example_python_decorator.py:80} WARNING - The virtalenv_python example task requires virtualenv, please install it.
[2025-05-24T04:30:01.377+0530] {processor.py:840} INFO - DAG(s) 'example_python_decorator' retrieved from /Library/Frameworks/Python.framework/Versions/3.12/lib/python3.12/site-packages/airflow/example_dags/example_python_decorator.py
[2025-05-24T04:30:01.521+0530] {logging_mixin.py:188} INFO - [2025-05-24T04:30:01.520+0530] {dag.py:3096} INFO - Sync 1 DAGs
[2025-05-24T04:30:01.529+0530] {logging_mixin.py:188} INFO - [2025-05-24T04:30:01.529+0530] {dag.py:3954} INFO - Setting next_dagrun for example_python_decorator to None, run_after=None
[2025-05-24T04:30:01.545+0530] {processor.py:183} INFO - Processing /Library/Frameworks/Python.framework/Versions/3.12/lib/python3.12/site-packages/airflow/example_dags/example_python_decorator.py took 0.210 seconds
[2025-05-24T04:32:00.531+0530] {processor.py:161} INFO - Started process (PID=15943) to work on /Library/Frameworks/Python.framework/Versions/3.12/lib/python3.12/site-packages/airflow/example_dags/example_python_decorator.py
[2025-05-24T04:32:00.532+0530] {processor.py:830} INFO - Processing file /Library/Frameworks/Python.framework/Versions/3.12/lib/python3.12/site-packages/airflow/example_dags/example_python_decorator.py for tasks to queue
[2025-05-24T04:32:00.533+0530] {logging_mixin.py:188} INFO - [2025-05-24T04:32:00.533+0530] {dagbag.py:540} INFO - Filling up the DagBag from /Library/Frameworks/Python.framework/Versions/3.12/lib/python3.12/site-packages/airflow/example_dags/example_python_decorator.py
[2025-05-24T04:32:00.572+0530] {logging_mixin.py:188} INFO - [2025-05-24T04:32:00.572+0530] {example_python_decorator.py:80} WARNING - The virtalenv_python example task requires virtualenv, please install it.
[2025-05-24T04:32:00.574+0530] {processor.py:840} INFO - DAG(s) 'example_python_decorator' retrieved from /Library/Frameworks/Python.framework/Versions/3.12/lib/python3.12/site-packages/airflow/example_dags/example_python_decorator.py
[2025-05-24T04:32:00.737+0530] {logging_mixin.py:188} INFO - [2025-05-24T04:32:00.737+0530] {dag.py:3096} INFO - Sync 1 DAGs
[2025-05-24T04:32:00.747+0530] {logging_mixin.py:188} INFO - [2025-05-24T04:32:00.747+0530] {dag.py:3954} INFO - Setting next_dagrun for example_python_decorator to None, run_after=None
[2025-05-24T04:32:00.768+0530] {processor.py:183} INFO - Processing /Library/Frameworks/Python.framework/Versions/3.12/lib/python3.12/site-packages/airflow/example_dags/example_python_decorator.py took 0.240 seconds
[2025-05-24T04:33:59.346+0530] {processor.py:161} INFO - Started process (PID=16017) to work on /Library/Frameworks/Python.framework/Versions/3.12/lib/python3.12/site-packages/airflow/example_dags/example_python_decorator.py
[2025-05-24T04:33:59.348+0530] {processor.py:830} INFO - Processing file /Library/Frameworks/Python.framework/Versions/3.12/lib/python3.12/site-packages/airflow/example_dags/example_python_decorator.py for tasks to queue
[2025-05-24T04:33:59.349+0530] {logging_mixin.py:188} INFO - [2025-05-24T04:33:59.348+0530] {dagbag.py:540} INFO - Filling up the DagBag from /Library/Frameworks/Python.framework/Versions/3.12/lib/python3.12/site-packages/airflow/example_dags/example_python_decorator.py
[2025-05-24T04:33:59.385+0530] {logging_mixin.py:188} INFO - [2025-05-24T04:33:59.385+0530] {example_python_decorator.py:80} WARNING - The virtalenv_python example task requires virtualenv, please install it.
[2025-05-24T04:33:59.387+0530] {processor.py:840} INFO - DAG(s) 'example_python_decorator' retrieved from /Library/Frameworks/Python.framework/Versions/3.12/lib/python3.12/site-packages/airflow/example_dags/example_python_decorator.py
[2025-05-24T04:33:59.537+0530] {logging_mixin.py:188} INFO - [2025-05-24T04:33:59.537+0530] {dag.py:3096} INFO - Sync 1 DAGs
[2025-05-24T04:33:59.546+0530] {logging_mixin.py:188} INFO - [2025-05-24T04:33:59.546+0530] {dag.py:3954} INFO - Setting next_dagrun for example_python_decorator to None, run_after=None
[2025-05-24T04:33:59.563+0530] {processor.py:183} INFO - Processing /Library/Frameworks/Python.framework/Versions/3.12/lib/python3.12/site-packages/airflow/example_dags/example_python_decorator.py took 0.220 seconds
[2025-05-24T04:36:06.175+0530] {processor.py:161} INFO - Started process (PID=16102) to work on /Library/Frameworks/Python.framework/Versions/3.12/lib/python3.12/site-packages/airflow/example_dags/example_python_decorator.py
[2025-05-24T04:36:06.177+0530] {processor.py:830} INFO - Processing file /Library/Frameworks/Python.framework/Versions/3.12/lib/python3.12/site-packages/airflow/example_dags/example_python_decorator.py for tasks to queue
[2025-05-24T04:36:06.178+0530] {logging_mixin.py:188} INFO - [2025-05-24T04:36:06.178+0530] {dagbag.py:540} INFO - Filling up the DagBag from /Library/Frameworks/Python.framework/Versions/3.12/lib/python3.12/site-packages/airflow/example_dags/example_python_decorator.py
[2025-05-24T04:36:06.215+0530] {logging_mixin.py:188} INFO - [2025-05-24T04:36:06.215+0530] {example_python_decorator.py:80} WARNING - The virtalenv_python example task requires virtualenv, please install it.
[2025-05-24T04:36:06.217+0530] {processor.py:840} INFO - DAG(s) 'example_python_decorator' retrieved from /Library/Frameworks/Python.framework/Versions/3.12/lib/python3.12/site-packages/airflow/example_dags/example_python_decorator.py
[2025-05-24T04:36:06.363+0530] {logging_mixin.py:188} INFO - [2025-05-24T04:36:06.363+0530] {dag.py:3096} INFO - Sync 1 DAGs
[2025-05-24T04:36:06.371+0530] {logging_mixin.py:188} INFO - [2025-05-24T04:36:06.371+0530] {dag.py:3954} INFO - Setting next_dagrun for example_python_decorator to None, run_after=None
[2025-05-24T04:36:06.388+0530] {processor.py:183} INFO - Processing /Library/Frameworks/Python.framework/Versions/3.12/lib/python3.12/site-packages/airflow/example_dags/example_python_decorator.py took 0.217 seconds
[2025-05-24T04:37:59.866+0530] {processor.py:161} INFO - Started process (PID=16153) to work on /Library/Frameworks/Python.framework/Versions/3.12/lib/python3.12/site-packages/airflow/example_dags/example_python_decorator.py
[2025-05-24T04:37:59.867+0530] {processor.py:830} INFO - Processing file /Library/Frameworks/Python.framework/Versions/3.12/lib/python3.12/site-packages/airflow/example_dags/example_python_decorator.py for tasks to queue
[2025-05-24T04:37:59.868+0530] {logging_mixin.py:188} INFO - [2025-05-24T04:37:59.868+0530] {dagbag.py:540} INFO - Filling up the DagBag from /Library/Frameworks/Python.framework/Versions/3.12/lib/python3.12/site-packages/airflow/example_dags/example_python_decorator.py
[2025-05-24T04:37:59.905+0530] {logging_mixin.py:188} INFO - [2025-05-24T04:37:59.905+0530] {example_python_decorator.py:80} WARNING - The virtalenv_python example task requires virtualenv, please install it.
[2025-05-24T04:37:59.907+0530] {processor.py:840} INFO - DAG(s) 'example_python_decorator' retrieved from /Library/Frameworks/Python.framework/Versions/3.12/lib/python3.12/site-packages/airflow/example_dags/example_python_decorator.py
[2025-05-24T04:38:00.070+0530] {logging_mixin.py:188} INFO - [2025-05-24T04:38:00.070+0530] {dag.py:3096} INFO - Sync 1 DAGs
[2025-05-24T04:38:00.080+0530] {logging_mixin.py:188} INFO - [2025-05-24T04:38:00.080+0530] {dag.py:3954} INFO - Setting next_dagrun for example_python_decorator to None, run_after=None
[2025-05-24T04:38:00.097+0530] {processor.py:183} INFO - Processing /Library/Frameworks/Python.framework/Versions/3.12/lib/python3.12/site-packages/airflow/example_dags/example_python_decorator.py took 0.234 seconds
[2025-05-24T04:40:00.199+0530] {processor.py:161} INFO - Started process (PID=16224) to work on /Library/Frameworks/Python.framework/Versions/3.12/lib/python3.12/site-packages/airflow/example_dags/example_python_decorator.py
[2025-05-24T04:40:00.200+0530] {processor.py:830} INFO - Processing file /Library/Frameworks/Python.framework/Versions/3.12/lib/python3.12/site-packages/airflow/example_dags/example_python_decorator.py for tasks to queue
[2025-05-24T04:40:00.201+0530] {logging_mixin.py:188} INFO - [2025-05-24T04:40:00.200+0530] {dagbag.py:540} INFO - Filling up the DagBag from /Library/Frameworks/Python.framework/Versions/3.12/lib/python3.12/site-packages/airflow/example_dags/example_python_decorator.py
[2025-05-24T04:40:00.255+0530] {logging_mixin.py:188} INFO - [2025-05-24T04:40:00.255+0530] {example_python_decorator.py:80} WARNING - The virtalenv_python example task requires virtualenv, please install it.
[2025-05-24T04:40:00.257+0530] {processor.py:840} INFO - DAG(s) 'example_python_decorator' retrieved from /Library/Frameworks/Python.framework/Versions/3.12/lib/python3.12/site-packages/airflow/example_dags/example_python_decorator.py
[2025-05-24T04:40:00.424+0530] {logging_mixin.py:188} INFO - [2025-05-24T04:40:00.424+0530] {dag.py:3096} INFO - Sync 1 DAGs
[2025-05-24T04:40:00.434+0530] {logging_mixin.py:188} INFO - [2025-05-24T04:40:00.434+0530] {dag.py:3954} INFO - Setting next_dagrun for example_python_decorator to None, run_after=None
[2025-05-24T04:40:00.453+0530] {processor.py:183} INFO - Processing /Library/Frameworks/Python.framework/Versions/3.12/lib/python3.12/site-packages/airflow/example_dags/example_python_decorator.py took 0.259 seconds
[2025-05-24T04:42:17.089+0530] {processor.py:161} INFO - Started process (PID=16323) to work on /Library/Frameworks/Python.framework/Versions/3.12/lib/python3.12/site-packages/airflow/example_dags/example_python_decorator.py
[2025-05-24T04:42:17.090+0530] {processor.py:830} INFO - Processing file /Library/Frameworks/Python.framework/Versions/3.12/lib/python3.12/site-packages/airflow/example_dags/example_python_decorator.py for tasks to queue
[2025-05-24T04:42:17.091+0530] {logging_mixin.py:188} INFO - [2025-05-24T04:42:17.091+0530] {dagbag.py:540} INFO - Filling up the DagBag from /Library/Frameworks/Python.framework/Versions/3.12/lib/python3.12/site-packages/airflow/example_dags/example_python_decorator.py
[2025-05-24T04:42:17.127+0530] {logging_mixin.py:188} INFO - [2025-05-24T04:42:17.126+0530] {example_python_decorator.py:80} WARNING - The virtalenv_python example task requires virtualenv, please install it.
[2025-05-24T04:42:17.128+0530] {processor.py:840} INFO - DAG(s) 'example_python_decorator' retrieved from /Library/Frameworks/Python.framework/Versions/3.12/lib/python3.12/site-packages/airflow/example_dags/example_python_decorator.py
[2025-05-24T04:42:17.280+0530] {logging_mixin.py:188} INFO - [2025-05-24T04:42:17.280+0530] {dag.py:3096} INFO - Sync 1 DAGs
[2025-05-24T04:42:17.289+0530] {logging_mixin.py:188} INFO - [2025-05-24T04:42:17.288+0530] {dag.py:3954} INFO - Setting next_dagrun for example_python_decorator to None, run_after=None
[2025-05-24T04:42:17.305+0530] {processor.py:183} INFO - Processing /Library/Frameworks/Python.framework/Versions/3.12/lib/python3.12/site-packages/airflow/example_dags/example_python_decorator.py took 0.221 seconds
[2025-05-24T04:44:12.810+0530] {processor.py:161} INFO - Started process (PID=16925) to work on /Library/Frameworks/Python.framework/Versions/3.12/lib/python3.12/site-packages/airflow/example_dags/example_python_decorator.py
[2025-05-24T04:44:12.811+0530] {processor.py:830} INFO - Processing file /Library/Frameworks/Python.framework/Versions/3.12/lib/python3.12/site-packages/airflow/example_dags/example_python_decorator.py for tasks to queue
[2025-05-24T04:44:12.812+0530] {logging_mixin.py:188} INFO - [2025-05-24T04:44:12.811+0530] {dagbag.py:540} INFO - Filling up the DagBag from /Library/Frameworks/Python.framework/Versions/3.12/lib/python3.12/site-packages/airflow/example_dags/example_python_decorator.py
[2025-05-24T04:44:12.846+0530] {logging_mixin.py:188} INFO - [2025-05-24T04:44:12.845+0530] {example_python_decorator.py:80} WARNING - The virtalenv_python example task requires virtualenv, please install it.
[2025-05-24T04:44:12.847+0530] {processor.py:840} INFO - DAG(s) 'example_python_decorator' retrieved from /Library/Frameworks/Python.framework/Versions/3.12/lib/python3.12/site-packages/airflow/example_dags/example_python_decorator.py
[2025-05-24T04:44:12.991+0530] {logging_mixin.py:188} INFO - [2025-05-24T04:44:12.990+0530] {dag.py:3096} INFO - Sync 1 DAGs
[2025-05-24T04:44:13.000+0530] {logging_mixin.py:188} INFO - [2025-05-24T04:44:13.000+0530] {dag.py:3954} INFO - Setting next_dagrun for example_python_decorator to None, run_after=None
[2025-05-24T04:44:13.017+0530] {processor.py:183} INFO - Processing /Library/Frameworks/Python.framework/Versions/3.12/lib/python3.12/site-packages/airflow/example_dags/example_python_decorator.py took 0.210 seconds
[2025-05-24T04:46:12.146+0530] {processor.py:161} INFO - Started process (PID=17340) to work on /Library/Frameworks/Python.framework/Versions/3.12/lib/python3.12/site-packages/airflow/example_dags/example_python_decorator.py
[2025-05-24T04:46:12.147+0530] {processor.py:830} INFO - Processing file /Library/Frameworks/Python.framework/Versions/3.12/lib/python3.12/site-packages/airflow/example_dags/example_python_decorator.py for tasks to queue
[2025-05-24T04:46:12.148+0530] {logging_mixin.py:188} INFO - [2025-05-24T04:46:12.148+0530] {dagbag.py:540} INFO - Filling up the DagBag from /Library/Frameworks/Python.framework/Versions/3.12/lib/python3.12/site-packages/airflow/example_dags/example_python_decorator.py
[2025-05-24T04:46:12.185+0530] {logging_mixin.py:188} INFO - [2025-05-24T04:46:12.185+0530] {example_python_decorator.py:80} WARNING - The virtalenv_python example task requires virtualenv, please install it.
[2025-05-24T04:46:12.187+0530] {processor.py:840} INFO - DAG(s) 'example_python_decorator' retrieved from /Library/Frameworks/Python.framework/Versions/3.12/lib/python3.12/site-packages/airflow/example_dags/example_python_decorator.py
[2025-05-24T04:46:12.347+0530] {logging_mixin.py:188} INFO - [2025-05-24T04:46:12.346+0530] {dag.py:3096} INFO - Sync 1 DAGs
[2025-05-24T04:46:12.356+0530] {logging_mixin.py:188} INFO - [2025-05-24T04:46:12.356+0530] {dag.py:3954} INFO - Setting next_dagrun for example_python_decorator to None, run_after=None
[2025-05-24T04:46:12.373+0530] {processor.py:183} INFO - Processing /Library/Frameworks/Python.framework/Versions/3.12/lib/python3.12/site-packages/airflow/example_dags/example_python_decorator.py took 0.231 seconds
[2025-05-24T04:48:09.807+0530] {processor.py:161} INFO - Started process (PID=17405) to work on /Library/Frameworks/Python.framework/Versions/3.12/lib/python3.12/site-packages/airflow/example_dags/example_python_decorator.py
[2025-05-24T04:48:09.808+0530] {processor.py:830} INFO - Processing file /Library/Frameworks/Python.framework/Versions/3.12/lib/python3.12/site-packages/airflow/example_dags/example_python_decorator.py for tasks to queue
[2025-05-24T04:48:09.809+0530] {logging_mixin.py:188} INFO - [2025-05-24T04:48:09.809+0530] {dagbag.py:540} INFO - Filling up the DagBag from /Library/Frameworks/Python.framework/Versions/3.12/lib/python3.12/site-packages/airflow/example_dags/example_python_decorator.py
[2025-05-24T04:48:09.843+0530] {logging_mixin.py:188} INFO - [2025-05-24T04:48:09.842+0530] {example_python_decorator.py:80} WARNING - The virtalenv_python example task requires virtualenv, please install it.
[2025-05-24T04:48:09.844+0530] {processor.py:840} INFO - DAG(s) 'example_python_decorator' retrieved from /Library/Frameworks/Python.framework/Versions/3.12/lib/python3.12/site-packages/airflow/example_dags/example_python_decorator.py
[2025-05-24T04:48:09.985+0530] {logging_mixin.py:188} INFO - [2025-05-24T04:48:09.985+0530] {dag.py:3096} INFO - Sync 1 DAGs
[2025-05-24T04:48:09.994+0530] {logging_mixin.py:188} INFO - [2025-05-24T04:48:09.994+0530] {dag.py:3954} INFO - Setting next_dagrun for example_python_decorator to None, run_after=None
[2025-05-24T04:48:10.013+0530] {processor.py:183} INFO - Processing /Library/Frameworks/Python.framework/Versions/3.12/lib/python3.12/site-packages/airflow/example_dags/example_python_decorator.py took 0.210 seconds
[2025-05-24T04:50:14.776+0530] {processor.py:161} INFO - Started process (PID=17483) to work on /Library/Frameworks/Python.framework/Versions/3.12/lib/python3.12/site-packages/airflow/example_dags/example_python_decorator.py
[2025-05-24T04:50:14.777+0530] {processor.py:830} INFO - Processing file /Library/Frameworks/Python.framework/Versions/3.12/lib/python3.12/site-packages/airflow/example_dags/example_python_decorator.py for tasks to queue
[2025-05-24T04:50:14.778+0530] {logging_mixin.py:188} INFO - [2025-05-24T04:50:14.778+0530] {dagbag.py:540} INFO - Filling up the DagBag from /Library/Frameworks/Python.framework/Versions/3.12/lib/python3.12/site-packages/airflow/example_dags/example_python_decorator.py
[2025-05-24T04:50:14.813+0530] {logging_mixin.py:188} INFO - [2025-05-24T04:50:14.813+0530] {example_python_decorator.py:80} WARNING - The virtalenv_python example task requires virtualenv, please install it.
[2025-05-24T04:50:14.815+0530] {processor.py:840} INFO - DAG(s) 'example_python_decorator' retrieved from /Library/Frameworks/Python.framework/Versions/3.12/lib/python3.12/site-packages/airflow/example_dags/example_python_decorator.py
[2025-05-24T04:50:14.957+0530] {logging_mixin.py:188} INFO - [2025-05-24T04:50:14.956+0530] {dag.py:3096} INFO - Sync 1 DAGs
[2025-05-24T04:50:14.965+0530] {logging_mixin.py:188} INFO - [2025-05-24T04:50:14.965+0530] {dag.py:3954} INFO - Setting next_dagrun for example_python_decorator to None, run_after=None
[2025-05-24T04:50:14.981+0530] {processor.py:183} INFO - Processing /Library/Frameworks/Python.framework/Versions/3.12/lib/python3.12/site-packages/airflow/example_dags/example_python_decorator.py took 0.208 seconds
[2025-05-24T04:52:08.419+0530] {processor.py:161} INFO - Started process (PID=17557) to work on /Library/Frameworks/Python.framework/Versions/3.12/lib/python3.12/site-packages/airflow/example_dags/example_python_decorator.py
[2025-05-24T04:52:08.420+0530] {processor.py:830} INFO - Processing file /Library/Frameworks/Python.framework/Versions/3.12/lib/python3.12/site-packages/airflow/example_dags/example_python_decorator.py for tasks to queue
[2025-05-24T04:52:08.422+0530] {logging_mixin.py:188} INFO - [2025-05-24T04:52:08.421+0530] {dagbag.py:540} INFO - Filling up the DagBag from /Library/Frameworks/Python.framework/Versions/3.12/lib/python3.12/site-packages/airflow/example_dags/example_python_decorator.py
[2025-05-24T04:52:08.456+0530] {logging_mixin.py:188} INFO - [2025-05-24T04:52:08.456+0530] {example_python_decorator.py:80} WARNING - The virtalenv_python example task requires virtualenv, please install it.
[2025-05-24T04:52:08.458+0530] {processor.py:840} INFO - DAG(s) 'example_python_decorator' retrieved from /Library/Frameworks/Python.framework/Versions/3.12/lib/python3.12/site-packages/airflow/example_dags/example_python_decorator.py
[2025-05-24T04:52:08.597+0530] {logging_mixin.py:188} INFO - [2025-05-24T04:52:08.596+0530] {dag.py:3096} INFO - Sync 1 DAGs
[2025-05-24T04:52:08.605+0530] {logging_mixin.py:188} INFO - [2025-05-24T04:52:08.605+0530] {dag.py:3954} INFO - Setting next_dagrun for example_python_decorator to None, run_after=None
[2025-05-24T04:52:08.625+0530] {processor.py:183} INFO - Processing /Library/Frameworks/Python.framework/Versions/3.12/lib/python3.12/site-packages/airflow/example_dags/example_python_decorator.py took 0.209 seconds
[2025-05-24T04:54:01.524+0530] {processor.py:161} INFO - Started process (PID=17608) to work on /Library/Frameworks/Python.framework/Versions/3.12/lib/python3.12/site-packages/airflow/example_dags/example_python_decorator.py
[2025-05-24T04:54:01.525+0530] {processor.py:830} INFO - Processing file /Library/Frameworks/Python.framework/Versions/3.12/lib/python3.12/site-packages/airflow/example_dags/example_python_decorator.py for tasks to queue
[2025-05-24T04:54:01.525+0530] {logging_mixin.py:188} INFO - [2025-05-24T04:54:01.525+0530] {dagbag.py:540} INFO - Filling up the DagBag from /Library/Frameworks/Python.framework/Versions/3.12/lib/python3.12/site-packages/airflow/example_dags/example_python_decorator.py
[2025-05-24T04:54:01.560+0530] {logging_mixin.py:188} INFO - [2025-05-24T04:54:01.560+0530] {example_python_decorator.py:80} WARNING - The virtalenv_python example task requires virtualenv, please install it.
[2025-05-24T04:54:01.562+0530] {processor.py:840} INFO - DAG(s) 'example_python_decorator' retrieved from /Library/Frameworks/Python.framework/Versions/3.12/lib/python3.12/site-packages/airflow/example_dags/example_python_decorator.py
[2025-05-24T04:54:01.702+0530] {logging_mixin.py:188} INFO - [2025-05-24T04:54:01.702+0530] {dag.py:3096} INFO - Sync 1 DAGs
[2025-05-24T04:54:01.711+0530] {logging_mixin.py:188} INFO - [2025-05-24T04:54:01.710+0530] {dag.py:3954} INFO - Setting next_dagrun for example_python_decorator to None, run_after=None
[2025-05-24T04:54:01.730+0530] {processor.py:183} INFO - Processing /Library/Frameworks/Python.framework/Versions/3.12/lib/python3.12/site-packages/airflow/example_dags/example_python_decorator.py took 0.209 seconds
[2025-05-24T04:55:56.541+0530] {processor.py:161} INFO - Started process (PID=17690) to work on /Library/Frameworks/Python.framework/Versions/3.12/lib/python3.12/site-packages/airflow/example_dags/example_python_decorator.py
[2025-05-24T04:55:56.543+0530] {processor.py:830} INFO - Processing file /Library/Frameworks/Python.framework/Versions/3.12/lib/python3.12/site-packages/airflow/example_dags/example_python_decorator.py for tasks to queue
[2025-05-24T04:55:56.543+0530] {logging_mixin.py:188} INFO - [2025-05-24T04:55:56.543+0530] {dagbag.py:540} INFO - Filling up the DagBag from /Library/Frameworks/Python.framework/Versions/3.12/lib/python3.12/site-packages/airflow/example_dags/example_python_decorator.py
[2025-05-24T04:55:56.579+0530] {logging_mixin.py:188} INFO - [2025-05-24T04:55:56.579+0530] {example_python_decorator.py:80} WARNING - The virtalenv_python example task requires virtualenv, please install it.
[2025-05-24T04:55:56.581+0530] {processor.py:840} INFO - DAG(s) 'example_python_decorator' retrieved from /Library/Frameworks/Python.framework/Versions/3.12/lib/python3.12/site-packages/airflow/example_dags/example_python_decorator.py
[2025-05-24T04:55:56.731+0530] {logging_mixin.py:188} INFO - [2025-05-24T04:55:56.731+0530] {dag.py:3096} INFO - Sync 1 DAGs
[2025-05-24T04:55:56.740+0530] {logging_mixin.py:188} INFO - [2025-05-24T04:55:56.740+0530] {dag.py:3954} INFO - Setting next_dagrun for example_python_decorator to None, run_after=None
[2025-05-24T04:55:56.757+0530] {processor.py:183} INFO - Processing /Library/Frameworks/Python.framework/Versions/3.12/lib/python3.12/site-packages/airflow/example_dags/example_python_decorator.py took 0.219 seconds
[2025-05-24T04:57:51.073+0530] {processor.py:161} INFO - Started process (PID=17752) to work on /Library/Frameworks/Python.framework/Versions/3.12/lib/python3.12/site-packages/airflow/example_dags/example_python_decorator.py
[2025-05-24T04:57:51.074+0530] {processor.py:830} INFO - Processing file /Library/Frameworks/Python.framework/Versions/3.12/lib/python3.12/site-packages/airflow/example_dags/example_python_decorator.py for tasks to queue
[2025-05-24T04:57:51.075+0530] {logging_mixin.py:188} INFO - [2025-05-24T04:57:51.075+0530] {dagbag.py:540} INFO - Filling up the DagBag from /Library/Frameworks/Python.framework/Versions/3.12/lib/python3.12/site-packages/airflow/example_dags/example_python_decorator.py
[2025-05-24T04:57:51.114+0530] {logging_mixin.py:188} INFO - [2025-05-24T04:57:51.114+0530] {example_python_decorator.py:80} WARNING - The virtalenv_python example task requires virtualenv, please install it.
[2025-05-24T04:57:51.116+0530] {processor.py:840} INFO - DAG(s) 'example_python_decorator' retrieved from /Library/Frameworks/Python.framework/Versions/3.12/lib/python3.12/site-packages/airflow/example_dags/example_python_decorator.py
[2025-05-24T04:57:51.266+0530] {logging_mixin.py:188} INFO - [2025-05-24T04:57:51.265+0530] {dag.py:3096} INFO - Sync 1 DAGs
[2025-05-24T04:57:51.274+0530] {logging_mixin.py:188} INFO - [2025-05-24T04:57:51.274+0530] {dag.py:3954} INFO - Setting next_dagrun for example_python_decorator to None, run_after=None
[2025-05-24T04:57:51.293+0530] {processor.py:183} INFO - Processing /Library/Frameworks/Python.framework/Versions/3.12/lib/python3.12/site-packages/airflow/example_dags/example_python_decorator.py took 0.223 seconds
[2025-05-24T04:59:44.864+0530] {processor.py:161} INFO - Started process (PID=17831) to work on /Library/Frameworks/Python.framework/Versions/3.12/lib/python3.12/site-packages/airflow/example_dags/example_python_decorator.py
[2025-05-24T04:59:44.866+0530] {processor.py:830} INFO - Processing file /Library/Frameworks/Python.framework/Versions/3.12/lib/python3.12/site-packages/airflow/example_dags/example_python_decorator.py for tasks to queue
[2025-05-24T04:59:44.867+0530] {logging_mixin.py:188} INFO - [2025-05-24T04:59:44.867+0530] {dagbag.py:540} INFO - Filling up the DagBag from /Library/Frameworks/Python.framework/Versions/3.12/lib/python3.12/site-packages/airflow/example_dags/example_python_decorator.py
[2025-05-24T04:59:44.899+0530] {logging_mixin.py:188} INFO - [2025-05-24T04:59:44.899+0530] {example_python_decorator.py:80} WARNING - The virtalenv_python example task requires virtualenv, please install it.
[2025-05-24T04:59:44.901+0530] {processor.py:840} INFO - DAG(s) 'example_python_decorator' retrieved from /Library/Frameworks/Python.framework/Versions/3.12/lib/python3.12/site-packages/airflow/example_dags/example_python_decorator.py
[2025-05-24T04:59:45.039+0530] {logging_mixin.py:188} INFO - [2025-05-24T04:59:45.039+0530] {dag.py:3096} INFO - Sync 1 DAGs
[2025-05-24T04:59:45.047+0530] {logging_mixin.py:188} INFO - [2025-05-24T04:59:45.047+0530] {dag.py:3954} INFO - Setting next_dagrun for example_python_decorator to None, run_after=None
[2025-05-24T04:59:45.063+0530] {processor.py:183} INFO - Processing /Library/Frameworks/Python.framework/Versions/3.12/lib/python3.12/site-packages/airflow/example_dags/example_python_decorator.py took 0.202 seconds
[2025-05-24T05:01:37.869+0530] {processor.py:161} INFO - Started process (PID=17884) to work on /Library/Frameworks/Python.framework/Versions/3.12/lib/python3.12/site-packages/airflow/example_dags/example_python_decorator.py
[2025-05-24T05:01:37.870+0530] {processor.py:830} INFO - Processing file /Library/Frameworks/Python.framework/Versions/3.12/lib/python3.12/site-packages/airflow/example_dags/example_python_decorator.py for tasks to queue
[2025-05-24T05:01:37.871+0530] {logging_mixin.py:188} INFO - [2025-05-24T05:01:37.871+0530] {dagbag.py:540} INFO - Filling up the DagBag from /Library/Frameworks/Python.framework/Versions/3.12/lib/python3.12/site-packages/airflow/example_dags/example_python_decorator.py
[2025-05-24T05:01:37.903+0530] {logging_mixin.py:188} INFO - [2025-05-24T05:01:37.903+0530] {example_python_decorator.py:80} WARNING - The virtalenv_python example task requires virtualenv, please install it.
[2025-05-24T05:01:37.904+0530] {processor.py:840} INFO - DAG(s) 'example_python_decorator' retrieved from /Library/Frameworks/Python.framework/Versions/3.12/lib/python3.12/site-packages/airflow/example_dags/example_python_decorator.py
[2025-05-24T05:01:38.044+0530] {logging_mixin.py:188} INFO - [2025-05-24T05:01:38.044+0530] {dag.py:3096} INFO - Sync 1 DAGs
[2025-05-24T05:01:38.052+0530] {logging_mixin.py:188} INFO - [2025-05-24T05:01:38.052+0530] {dag.py:3954} INFO - Setting next_dagrun for example_python_decorator to None, run_after=None
[2025-05-24T05:01:38.071+0530] {processor.py:183} INFO - Processing /Library/Frameworks/Python.framework/Versions/3.12/lib/python3.12/site-packages/airflow/example_dags/example_python_decorator.py took 0.206 seconds
[2025-05-24T05:03:30.972+0530] {processor.py:161} INFO - Started process (PID=17953) to work on /Library/Frameworks/Python.framework/Versions/3.12/lib/python3.12/site-packages/airflow/example_dags/example_python_decorator.py
[2025-05-24T05:03:30.973+0530] {processor.py:830} INFO - Processing file /Library/Frameworks/Python.framework/Versions/3.12/lib/python3.12/site-packages/airflow/example_dags/example_python_decorator.py for tasks to queue
[2025-05-24T05:03:30.974+0530] {logging_mixin.py:188} INFO - [2025-05-24T05:03:30.974+0530] {dagbag.py:540} INFO - Filling up the DagBag from /Library/Frameworks/Python.framework/Versions/3.12/lib/python3.12/site-packages/airflow/example_dags/example_python_decorator.py
[2025-05-24T05:03:31.006+0530] {logging_mixin.py:188} INFO - [2025-05-24T05:03:31.006+0530] {example_python_decorator.py:80} WARNING - The virtalenv_python example task requires virtualenv, please install it.
[2025-05-24T05:03:31.008+0530] {processor.py:840} INFO - DAG(s) 'example_python_decorator' retrieved from /Library/Frameworks/Python.framework/Versions/3.12/lib/python3.12/site-packages/airflow/example_dags/example_python_decorator.py
[2025-05-24T05:03:31.150+0530] {logging_mixin.py:188} INFO - [2025-05-24T05:03:31.149+0530] {dag.py:3096} INFO - Sync 1 DAGs
[2025-05-24T05:03:31.158+0530] {logging_mixin.py:188} INFO - [2025-05-24T05:03:31.157+0530] {dag.py:3954} INFO - Setting next_dagrun for example_python_decorator to None, run_after=None
[2025-05-24T05:03:31.174+0530] {processor.py:183} INFO - Processing /Library/Frameworks/Python.framework/Versions/3.12/lib/python3.12/site-packages/airflow/example_dags/example_python_decorator.py took 0.206 seconds
[2025-05-24T05:05:24.234+0530] {processor.py:161} INFO - Started process (PID=18004) to work on /Library/Frameworks/Python.framework/Versions/3.12/lib/python3.12/site-packages/airflow/example_dags/example_python_decorator.py
[2025-05-24T05:05:24.235+0530] {processor.py:830} INFO - Processing file /Library/Frameworks/Python.framework/Versions/3.12/lib/python3.12/site-packages/airflow/example_dags/example_python_decorator.py for tasks to queue
[2025-05-24T05:05:24.236+0530] {logging_mixin.py:188} INFO - [2025-05-24T05:05:24.236+0530] {dagbag.py:540} INFO - Filling up the DagBag from /Library/Frameworks/Python.framework/Versions/3.12/lib/python3.12/site-packages/airflow/example_dags/example_python_decorator.py
[2025-05-24T05:05:24.268+0530] {logging_mixin.py:188} INFO - [2025-05-24T05:05:24.267+0530] {example_python_decorator.py:80} WARNING - The virtalenv_python example task requires virtualenv, please install it.
[2025-05-24T05:05:24.269+0530] {processor.py:840} INFO - DAG(s) 'example_python_decorator' retrieved from /Library/Frameworks/Python.framework/Versions/3.12/lib/python3.12/site-packages/airflow/example_dags/example_python_decorator.py
[2025-05-24T05:05:24.407+0530] {logging_mixin.py:188} INFO - [2025-05-24T05:05:24.407+0530] {dag.py:3096} INFO - Sync 1 DAGs
[2025-05-24T05:05:24.415+0530] {logging_mixin.py:188} INFO - [2025-05-24T05:05:24.415+0530] {dag.py:3954} INFO - Setting next_dagrun for example_python_decorator to None, run_after=None
[2025-05-24T05:05:24.431+0530] {processor.py:183} INFO - Processing /Library/Frameworks/Python.framework/Versions/3.12/lib/python3.12/site-packages/airflow/example_dags/example_python_decorator.py took 0.201 seconds
[2025-05-24T05:07:17.155+0530] {processor.py:161} INFO - Started process (PID=18051) to work on /Library/Frameworks/Python.framework/Versions/3.12/lib/python3.12/site-packages/airflow/example_dags/example_python_decorator.py
[2025-05-24T05:07:17.157+0530] {processor.py:830} INFO - Processing file /Library/Frameworks/Python.framework/Versions/3.12/lib/python3.12/site-packages/airflow/example_dags/example_python_decorator.py for tasks to queue
[2025-05-24T05:07:17.158+0530] {logging_mixin.py:188} INFO - [2025-05-24T05:07:17.157+0530] {dagbag.py:540} INFO - Filling up the DagBag from /Library/Frameworks/Python.framework/Versions/3.12/lib/python3.12/site-packages/airflow/example_dags/example_python_decorator.py
[2025-05-24T05:07:17.188+0530] {logging_mixin.py:188} INFO - [2025-05-24T05:07:17.188+0530] {example_python_decorator.py:80} WARNING - The virtalenv_python example task requires virtualenv, please install it.
[2025-05-24T05:07:17.190+0530] {processor.py:840} INFO - DAG(s) 'example_python_decorator' retrieved from /Library/Frameworks/Python.framework/Versions/3.12/lib/python3.12/site-packages/airflow/example_dags/example_python_decorator.py
[2025-05-24T05:07:17.328+0530] {logging_mixin.py:188} INFO - [2025-05-24T05:07:17.328+0530] {dag.py:3096} INFO - Sync 1 DAGs
[2025-05-24T05:07:17.336+0530] {logging_mixin.py:188} INFO - [2025-05-24T05:07:17.336+0530] {dag.py:3954} INFO - Setting next_dagrun for example_python_decorator to None, run_after=None
[2025-05-24T05:07:17.353+0530] {processor.py:183} INFO - Processing /Library/Frameworks/Python.framework/Versions/3.12/lib/python3.12/site-packages/airflow/example_dags/example_python_decorator.py took 0.201 seconds
[2025-05-24T05:09:05.141+0530] {processor.py:161} INFO - Started process (PID=18103) to work on /Library/Frameworks/Python.framework/Versions/3.12/lib/python3.12/site-packages/airflow/example_dags/example_python_decorator.py
[2025-05-24T05:09:05.143+0530] {processor.py:830} INFO - Processing file /Library/Frameworks/Python.framework/Versions/3.12/lib/python3.12/site-packages/airflow/example_dags/example_python_decorator.py for tasks to queue
[2025-05-24T05:09:05.144+0530] {logging_mixin.py:188} INFO - [2025-05-24T05:09:05.144+0530] {dagbag.py:540} INFO - Filling up the DagBag from /Library/Frameworks/Python.framework/Versions/3.12/lib/python3.12/site-packages/airflow/example_dags/example_python_decorator.py
[2025-05-24T05:09:05.176+0530] {logging_mixin.py:188} INFO - [2025-05-24T05:09:05.176+0530] {example_python_decorator.py:80} WARNING - The virtalenv_python example task requires virtualenv, please install it.
[2025-05-24T05:09:05.178+0530] {processor.py:840} INFO - DAG(s) 'example_python_decorator' retrieved from /Library/Frameworks/Python.framework/Versions/3.12/lib/python3.12/site-packages/airflow/example_dags/example_python_decorator.py
[2025-05-24T05:09:05.319+0530] {logging_mixin.py:188} INFO - [2025-05-24T05:09:05.319+0530] {dag.py:3096} INFO - Sync 1 DAGs
[2025-05-24T05:09:05.327+0530] {logging_mixin.py:188} INFO - [2025-05-24T05:09:05.327+0530] {dag.py:3954} INFO - Setting next_dagrun for example_python_decorator to None, run_after=None
[2025-05-24T05:09:05.347+0530] {processor.py:183} INFO - Processing /Library/Frameworks/Python.framework/Versions/3.12/lib/python3.12/site-packages/airflow/example_dags/example_python_decorator.py took 0.210 seconds
[2025-05-24T05:13:37.743+0530] {processor.py:161} INFO - Started process (PID=18198) to work on /Library/Frameworks/Python.framework/Versions/3.12/lib/python3.12/site-packages/airflow/example_dags/example_python_decorator.py
[2025-05-24T05:13:37.744+0530] {processor.py:830} INFO - Processing file /Library/Frameworks/Python.framework/Versions/3.12/lib/python3.12/site-packages/airflow/example_dags/example_python_decorator.py for tasks to queue
[2025-05-24T05:13:37.745+0530] {logging_mixin.py:188} INFO - [2025-05-24T05:13:37.745+0530] {dagbag.py:540} INFO - Filling up the DagBag from /Library/Frameworks/Python.framework/Versions/3.12/lib/python3.12/site-packages/airflow/example_dags/example_python_decorator.py
[2025-05-24T05:13:37.783+0530] {logging_mixin.py:188} INFO - [2025-05-24T05:13:37.783+0530] {example_python_decorator.py:80} WARNING - The virtalenv_python example task requires virtualenv, please install it.
[2025-05-24T05:13:37.785+0530] {processor.py:840} INFO - DAG(s) 'example_python_decorator' retrieved from /Library/Frameworks/Python.framework/Versions/3.12/lib/python3.12/site-packages/airflow/example_dags/example_python_decorator.py
[2025-05-24T05:13:37.950+0530] {logging_mixin.py:188} INFO - [2025-05-24T05:13:37.950+0530] {dag.py:3096} INFO - Sync 1 DAGs
[2025-05-24T05:13:37.960+0530] {logging_mixin.py:188} INFO - [2025-05-24T05:13:37.960+0530] {dag.py:3954} INFO - Setting next_dagrun for example_python_decorator to None, run_after=None
[2025-05-24T05:13:37.980+0530] {processor.py:183} INFO - Processing /Library/Frameworks/Python.framework/Versions/3.12/lib/python3.12/site-packages/airflow/example_dags/example_python_decorator.py took 0.240 seconds
