[2025-05-24T04:23:31.824+0530] {processor.py:161} INFO - Started process (PID=15661) to work on /Library/Frameworks/Python.framework/Versions/3.12/lib/python3.12/site-packages/airflow/example_dags/example_python_operator.py
[2025-05-24T04:23:31.825+0530] {processor.py:830} INFO - Processing file /Library/Frameworks/Python.framework/Versions/3.12/lib/python3.12/site-packages/airflow/example_dags/example_python_operator.py for tasks to queue
[2025-05-24T04:23:31.825+0530] {logging_mixin.py:188} INFO - [2025-05-24T04:23:31.825+0530] {dagbag.py:540} INFO - Filling up the DagBag from /Library/Frameworks/Python.framework/Versions/3.12/lib/python3.12/site-packages/airflow/example_dags/example_python_operator.py
[2025-05-24T04:23:31.850+0530] {logging_mixin.py:188} INFO - [2025-05-24T04:23:31.850+0530] {example_python_operator.py:93} WARNING - The virtalenv_python example task requires virtualenv, please install it.
[2025-05-24T04:23:31.853+0530] {processor.py:840} INFO - DAG(s) 'example_python_operator' retrieved from /Library/Frameworks/Python.framework/Versions/3.12/lib/python3.12/site-packages/airflow/example_dags/example_python_operator.py
[2025-05-24T04:23:32.073+0530] {logging_mixin.py:188} INFO - [2025-05-24T04:23:32.073+0530] {dag.py:3096} INFO - Sync 1 DAGs
[2025-05-24T04:23:32.085+0530] {logging_mixin.py:188} INFO - [2025-05-24T04:23:32.085+0530] {dag.py:3954} INFO - Setting next_dagrun for example_python_operator to None, run_after=None
[2025-05-24T04:23:32.100+0530] {processor.py:183} INFO - Processing /Library/Frameworks/Python.framework/Versions/3.12/lib/python3.12/site-packages/airflow/example_dags/example_python_operator.py took 0.279 seconds
[2025-05-24T04:26:08.634+0530] {processor.py:161} INFO - Started process (PID=15762) to work on /Library/Frameworks/Python.framework/Versions/3.12/lib/python3.12/site-packages/airflow/example_dags/example_python_operator.py
[2025-05-24T04:26:08.636+0530] {processor.py:830} INFO - Processing file /Library/Frameworks/Python.framework/Versions/3.12/lib/python3.12/site-packages/airflow/example_dags/example_python_operator.py for tasks to queue
[2025-05-24T04:26:08.637+0530] {logging_mixin.py:188} INFO - [2025-05-24T04:26:08.637+0530] {dagbag.py:540} INFO - Filling up the DagBag from /Library/Frameworks/Python.framework/Versions/3.12/lib/python3.12/site-packages/airflow/example_dags/example_python_operator.py
[2025-05-24T04:26:08.661+0530] {logging_mixin.py:188} INFO - [2025-05-24T04:26:08.661+0530] {example_python_operator.py:93} WARNING - The virtalenv_python example task requires virtualenv, please install it.
[2025-05-24T04:26:08.664+0530] {processor.py:840} INFO - DAG(s) 'example_python_operator' retrieved from /Library/Frameworks/Python.framework/Versions/3.12/lib/python3.12/site-packages/airflow/example_dags/example_python_operator.py
[2025-05-24T04:26:08.814+0530] {logging_mixin.py:188} INFO - [2025-05-24T04:26:08.813+0530] {dag.py:3096} INFO - Sync 1 DAGs
[2025-05-24T04:26:08.824+0530] {logging_mixin.py:188} INFO - [2025-05-24T04:26:08.823+0530] {dag.py:3954} INFO - Setting next_dagrun for example_python_operator to None, run_after=None
[2025-05-24T04:26:08.840+0530] {processor.py:183} INFO - Processing /Library/Frameworks/Python.framework/Versions/3.12/lib/python3.12/site-packages/airflow/example_dags/example_python_operator.py took 0.210 seconds
[2025-05-24T04:28:04.687+0530] {processor.py:161} INFO - Started process (PID=15815) to work on /Library/Frameworks/Python.framework/Versions/3.12/lib/python3.12/site-packages/airflow/example_dags/example_python_operator.py
[2025-05-24T04:28:04.689+0530] {processor.py:830} INFO - Processing file /Library/Frameworks/Python.framework/Versions/3.12/lib/python3.12/site-packages/airflow/example_dags/example_python_operator.py for tasks to queue
[2025-05-24T04:28:04.690+0530] {logging_mixin.py:188} INFO - [2025-05-24T04:28:04.689+0530] {dagbag.py:540} INFO - Filling up the DagBag from /Library/Frameworks/Python.framework/Versions/3.12/lib/python3.12/site-packages/airflow/example_dags/example_python_operator.py
[2025-05-24T04:28:04.713+0530] {logging_mixin.py:188} INFO - [2025-05-24T04:28:04.713+0530] {example_python_operator.py:93} WARNING - The virtalenv_python example task requires virtualenv, please install it.
[2025-05-24T04:28:04.716+0530] {processor.py:840} INFO - DAG(s) 'example_python_operator' retrieved from /Library/Frameworks/Python.framework/Versions/3.12/lib/python3.12/site-packages/airflow/example_dags/example_python_operator.py
[2025-05-24T04:28:04.860+0530] {logging_mixin.py:188} INFO - [2025-05-24T04:28:04.859+0530] {dag.py:3096} INFO - Sync 1 DAGs
[2025-05-24T04:28:04.869+0530] {logging_mixin.py:188} INFO - [2025-05-24T04:28:04.869+0530] {dag.py:3954} INFO - Setting next_dagrun for example_python_operator to None, run_after=None
[2025-05-24T04:28:04.886+0530] {processor.py:183} INFO - Processing /Library/Frameworks/Python.framework/Versions/3.12/lib/python3.12/site-packages/airflow/example_dags/example_python_operator.py took 0.204 seconds
[2025-05-24T04:29:58.559+0530] {processor.py:161} INFO - Started process (PID=15861) to work on /Library/Frameworks/Python.framework/Versions/3.12/lib/python3.12/site-packages/airflow/example_dags/example_python_operator.py
[2025-05-24T04:29:58.560+0530] {processor.py:830} INFO - Processing file /Library/Frameworks/Python.framework/Versions/3.12/lib/python3.12/site-packages/airflow/example_dags/example_python_operator.py for tasks to queue
[2025-05-24T04:29:58.561+0530] {logging_mixin.py:188} INFO - [2025-05-24T04:29:58.561+0530] {dagbag.py:540} INFO - Filling up the DagBag from /Library/Frameworks/Python.framework/Versions/3.12/lib/python3.12/site-packages/airflow/example_dags/example_python_operator.py
[2025-05-24T04:29:58.584+0530] {logging_mixin.py:188} INFO - [2025-05-24T04:29:58.584+0530] {example_python_operator.py:93} WARNING - The virtalenv_python example task requires virtualenv, please install it.
[2025-05-24T04:29:58.587+0530] {processor.py:840} INFO - DAG(s) 'example_python_operator' retrieved from /Library/Frameworks/Python.framework/Versions/3.12/lib/python3.12/site-packages/airflow/example_dags/example_python_operator.py
[2025-05-24T04:29:58.729+0530] {logging_mixin.py:188} INFO - [2025-05-24T04:29:58.728+0530] {dag.py:3096} INFO - Sync 1 DAGs
[2025-05-24T04:29:58.738+0530] {logging_mixin.py:188} INFO - [2025-05-24T04:29:58.738+0530] {dag.py:3954} INFO - Setting next_dagrun for example_python_operator to None, run_after=None
[2025-05-24T04:29:58.755+0530] {processor.py:183} INFO - Processing /Library/Frameworks/Python.framework/Versions/3.12/lib/python3.12/site-packages/airflow/example_dags/example_python_operator.py took 0.200 seconds
[2025-05-24T04:31:57.444+0530] {processor.py:161} INFO - Started process (PID=15940) to work on /Library/Frameworks/Python.framework/Versions/3.12/lib/python3.12/site-packages/airflow/example_dags/example_python_operator.py
[2025-05-24T04:31:57.446+0530] {processor.py:830} INFO - Processing file /Library/Frameworks/Python.framework/Versions/3.12/lib/python3.12/site-packages/airflow/example_dags/example_python_operator.py for tasks to queue
[2025-05-24T04:31:57.446+0530] {logging_mixin.py:188} INFO - [2025-05-24T04:31:57.446+0530] {dagbag.py:540} INFO - Filling up the DagBag from /Library/Frameworks/Python.framework/Versions/3.12/lib/python3.12/site-packages/airflow/example_dags/example_python_operator.py
[2025-05-24T04:31:57.472+0530] {logging_mixin.py:188} INFO - [2025-05-24T04:31:57.471+0530] {example_python_operator.py:93} WARNING - The virtalenv_python example task requires virtualenv, please install it.
[2025-05-24T04:31:57.475+0530] {processor.py:840} INFO - DAG(s) 'example_python_operator' retrieved from /Library/Frameworks/Python.framework/Versions/3.12/lib/python3.12/site-packages/airflow/example_dags/example_python_operator.py
[2025-05-24T04:31:57.633+0530] {logging_mixin.py:188} INFO - [2025-05-24T04:31:57.632+0530] {dag.py:3096} INFO - Sync 1 DAGs
[2025-05-24T04:31:57.642+0530] {logging_mixin.py:188} INFO - [2025-05-24T04:31:57.642+0530] {dag.py:3954} INFO - Setting next_dagrun for example_python_operator to None, run_after=None
[2025-05-24T04:31:57.660+0530] {processor.py:183} INFO - Processing /Library/Frameworks/Python.framework/Versions/3.12/lib/python3.12/site-packages/airflow/example_dags/example_python_operator.py took 0.219 seconds
[2025-05-24T04:33:56.461+0530] {processor.py:161} INFO - Started process (PID=16014) to work on /Library/Frameworks/Python.framework/Versions/3.12/lib/python3.12/site-packages/airflow/example_dags/example_python_operator.py
[2025-05-24T04:33:56.462+0530] {processor.py:830} INFO - Processing file /Library/Frameworks/Python.framework/Versions/3.12/lib/python3.12/site-packages/airflow/example_dags/example_python_operator.py for tasks to queue
[2025-05-24T04:33:56.463+0530] {logging_mixin.py:188} INFO - [2025-05-24T04:33:56.463+0530] {dagbag.py:540} INFO - Filling up the DagBag from /Library/Frameworks/Python.framework/Versions/3.12/lib/python3.12/site-packages/airflow/example_dags/example_python_operator.py
[2025-05-24T04:33:56.487+0530] {logging_mixin.py:188} INFO - [2025-05-24T04:33:56.487+0530] {example_python_operator.py:93} WARNING - The virtalenv_python example task requires virtualenv, please install it.
[2025-05-24T04:33:56.491+0530] {processor.py:840} INFO - DAG(s) 'example_python_operator' retrieved from /Library/Frameworks/Python.framework/Versions/3.12/lib/python3.12/site-packages/airflow/example_dags/example_python_operator.py
[2025-05-24T04:33:56.644+0530] {logging_mixin.py:188} INFO - [2025-05-24T04:33:56.644+0530] {dag.py:3096} INFO - Sync 1 DAGs
[2025-05-24T04:33:56.654+0530] {logging_mixin.py:188} INFO - [2025-05-24T04:33:56.654+0530] {dag.py:3954} INFO - Setting next_dagrun for example_python_operator to None, run_after=None
[2025-05-24T04:33:56.673+0530] {processor.py:183} INFO - Processing /Library/Frameworks/Python.framework/Versions/3.12/lib/python3.12/site-packages/airflow/example_dags/example_python_operator.py took 0.215 seconds
[2025-05-24T04:36:03.235+0530] {processor.py:161} INFO - Started process (PID=16101) to work on /Library/Frameworks/Python.framework/Versions/3.12/lib/python3.12/site-packages/airflow/example_dags/example_python_operator.py
[2025-05-24T04:36:03.236+0530] {processor.py:830} INFO - Processing file /Library/Frameworks/Python.framework/Versions/3.12/lib/python3.12/site-packages/airflow/example_dags/example_python_operator.py for tasks to queue
[2025-05-24T04:36:03.237+0530] {logging_mixin.py:188} INFO - [2025-05-24T04:36:03.237+0530] {dagbag.py:540} INFO - Filling up the DagBag from /Library/Frameworks/Python.framework/Versions/3.12/lib/python3.12/site-packages/airflow/example_dags/example_python_operator.py
[2025-05-24T04:36:03.261+0530] {logging_mixin.py:188} INFO - [2025-05-24T04:36:03.261+0530] {example_python_operator.py:93} WARNING - The virtalenv_python example task requires virtualenv, please install it.
[2025-05-24T04:36:03.264+0530] {processor.py:840} INFO - DAG(s) 'example_python_operator' retrieved from /Library/Frameworks/Python.framework/Versions/3.12/lib/python3.12/site-packages/airflow/example_dags/example_python_operator.py
[2025-05-24T04:36:03.414+0530] {logging_mixin.py:188} INFO - [2025-05-24T04:36:03.414+0530] {dag.py:3096} INFO - Sync 1 DAGs
[2025-05-24T04:36:03.424+0530] {logging_mixin.py:188} INFO - [2025-05-24T04:36:03.424+0530] {dag.py:3954} INFO - Setting next_dagrun for example_python_operator to None, run_after=None
[2025-05-24T04:36:03.441+0530] {processor.py:183} INFO - Processing /Library/Frameworks/Python.framework/Versions/3.12/lib/python3.12/site-packages/airflow/example_dags/example_python_operator.py took 0.208 seconds
[2025-05-24T04:37:56.971+0530] {processor.py:161} INFO - Started process (PID=16152) to work on /Library/Frameworks/Python.framework/Versions/3.12/lib/python3.12/site-packages/airflow/example_dags/example_python_operator.py
[2025-05-24T04:37:56.972+0530] {processor.py:830} INFO - Processing file /Library/Frameworks/Python.framework/Versions/3.12/lib/python3.12/site-packages/airflow/example_dags/example_python_operator.py for tasks to queue
[2025-05-24T04:37:56.973+0530] {logging_mixin.py:188} INFO - [2025-05-24T04:37:56.973+0530] {dagbag.py:540} INFO - Filling up the DagBag from /Library/Frameworks/Python.framework/Versions/3.12/lib/python3.12/site-packages/airflow/example_dags/example_python_operator.py
[2025-05-24T04:37:56.998+0530] {logging_mixin.py:188} INFO - [2025-05-24T04:37:56.998+0530] {example_python_operator.py:93} WARNING - The virtalenv_python example task requires virtualenv, please install it.
[2025-05-24T04:37:57.001+0530] {processor.py:840} INFO - DAG(s) 'example_python_operator' retrieved from /Library/Frameworks/Python.framework/Versions/3.12/lib/python3.12/site-packages/airflow/example_dags/example_python_operator.py
[2025-05-24T04:37:57.145+0530] {logging_mixin.py:188} INFO - [2025-05-24T04:37:57.144+0530] {dag.py:3096} INFO - Sync 1 DAGs
[2025-05-24T04:37:57.154+0530] {logging_mixin.py:188} INFO - [2025-05-24T04:37:57.154+0530] {dag.py:3954} INFO - Setting next_dagrun for example_python_operator to None, run_after=None
[2025-05-24T04:37:57.172+0530] {processor.py:183} INFO - Processing /Library/Frameworks/Python.framework/Versions/3.12/lib/python3.12/site-packages/airflow/example_dags/example_python_operator.py took 0.204 seconds
[2025-05-24T04:39:57.189+0530] {processor.py:161} INFO - Started process (PID=16223) to work on /Library/Frameworks/Python.framework/Versions/3.12/lib/python3.12/site-packages/airflow/example_dags/example_python_operator.py
[2025-05-24T04:39:57.190+0530] {processor.py:830} INFO - Processing file /Library/Frameworks/Python.framework/Versions/3.12/lib/python3.12/site-packages/airflow/example_dags/example_python_operator.py for tasks to queue
[2025-05-24T04:39:57.191+0530] {logging_mixin.py:188} INFO - [2025-05-24T04:39:57.190+0530] {dagbag.py:540} INFO - Filling up the DagBag from /Library/Frameworks/Python.framework/Versions/3.12/lib/python3.12/site-packages/airflow/example_dags/example_python_operator.py
[2025-05-24T04:39:57.214+0530] {logging_mixin.py:188} INFO - [2025-05-24T04:39:57.214+0530] {example_python_operator.py:93} WARNING - The virtalenv_python example task requires virtualenv, please install it.
[2025-05-24T04:39:57.217+0530] {processor.py:840} INFO - DAG(s) 'example_python_operator' retrieved from /Library/Frameworks/Python.framework/Versions/3.12/lib/python3.12/site-packages/airflow/example_dags/example_python_operator.py
[2025-05-24T04:39:57.385+0530] {logging_mixin.py:188} INFO - [2025-05-24T04:39:57.385+0530] {dag.py:3096} INFO - Sync 1 DAGs
[2025-05-24T04:39:57.396+0530] {logging_mixin.py:188} INFO - [2025-05-24T04:39:57.396+0530] {dag.py:3954} INFO - Setting next_dagrun for example_python_operator to None, run_after=None
[2025-05-24T04:39:57.415+0530] {processor.py:183} INFO - Processing /Library/Frameworks/Python.framework/Versions/3.12/lib/python3.12/site-packages/airflow/example_dags/example_python_operator.py took 0.228 seconds
[2025-05-24T04:42:14.509+0530] {processor.py:161} INFO - Started process (PID=16320) to work on /Library/Frameworks/Python.framework/Versions/3.12/lib/python3.12/site-packages/airflow/example_dags/example_python_operator.py
[2025-05-24T04:42:14.510+0530] {processor.py:830} INFO - Processing file /Library/Frameworks/Python.framework/Versions/3.12/lib/python3.12/site-packages/airflow/example_dags/example_python_operator.py for tasks to queue
[2025-05-24T04:42:14.511+0530] {logging_mixin.py:188} INFO - [2025-05-24T04:42:14.511+0530] {dagbag.py:540} INFO - Filling up the DagBag from /Library/Frameworks/Python.framework/Versions/3.12/lib/python3.12/site-packages/airflow/example_dags/example_python_operator.py
[2025-05-24T04:42:14.535+0530] {logging_mixin.py:188} INFO - [2025-05-24T04:42:14.534+0530] {example_python_operator.py:93} WARNING - The virtalenv_python example task requires virtualenv, please install it.
[2025-05-24T04:42:14.538+0530] {processor.py:840} INFO - DAG(s) 'example_python_operator' retrieved from /Library/Frameworks/Python.framework/Versions/3.12/lib/python3.12/site-packages/airflow/example_dags/example_python_operator.py
[2025-05-24T04:42:14.687+0530] {logging_mixin.py:188} INFO - [2025-05-24T04:42:14.686+0530] {dag.py:3096} INFO - Sync 1 DAGs
[2025-05-24T04:42:14.697+0530] {logging_mixin.py:188} INFO - [2025-05-24T04:42:14.697+0530] {dag.py:3954} INFO - Setting next_dagrun for example_python_operator to None, run_after=None
[2025-05-24T04:42:14.714+0530] {processor.py:183} INFO - Processing /Library/Frameworks/Python.framework/Versions/3.12/lib/python3.12/site-packages/airflow/example_dags/example_python_operator.py took 0.208 seconds
[2025-05-24T04:44:09.965+0530] {processor.py:161} INFO - Started process (PID=16924) to work on /Library/Frameworks/Python.framework/Versions/3.12/lib/python3.12/site-packages/airflow/example_dags/example_python_operator.py
[2025-05-24T04:44:09.966+0530] {processor.py:830} INFO - Processing file /Library/Frameworks/Python.framework/Versions/3.12/lib/python3.12/site-packages/airflow/example_dags/example_python_operator.py for tasks to queue
[2025-05-24T04:44:09.967+0530] {logging_mixin.py:188} INFO - [2025-05-24T04:44:09.966+0530] {dagbag.py:540} INFO - Filling up the DagBag from /Library/Frameworks/Python.framework/Versions/3.12/lib/python3.12/site-packages/airflow/example_dags/example_python_operator.py
[2025-05-24T04:44:09.990+0530] {logging_mixin.py:188} INFO - [2025-05-24T04:44:09.990+0530] {example_python_operator.py:93} WARNING - The virtalenv_python example task requires virtualenv, please install it.
[2025-05-24T04:44:09.994+0530] {processor.py:840} INFO - DAG(s) 'example_python_operator' retrieved from /Library/Frameworks/Python.framework/Versions/3.12/lib/python3.12/site-packages/airflow/example_dags/example_python_operator.py
[2025-05-24T04:44:10.136+0530] {logging_mixin.py:188} INFO - [2025-05-24T04:44:10.135+0530] {dag.py:3096} INFO - Sync 1 DAGs
[2025-05-24T04:44:10.144+0530] {logging_mixin.py:188} INFO - [2025-05-24T04:44:10.144+0530] {dag.py:3954} INFO - Setting next_dagrun for example_python_operator to None, run_after=None
[2025-05-24T04:44:10.162+0530] {processor.py:183} INFO - Processing /Library/Frameworks/Python.framework/Versions/3.12/lib/python3.12/site-packages/airflow/example_dags/example_python_operator.py took 0.201 seconds
[2025-05-24T04:46:09.613+0530] {processor.py:161} INFO - Started process (PID=17339) to work on /Library/Frameworks/Python.framework/Versions/3.12/lib/python3.12/site-packages/airflow/example_dags/example_python_operator.py
[2025-05-24T04:46:09.615+0530] {processor.py:830} INFO - Processing file /Library/Frameworks/Python.framework/Versions/3.12/lib/python3.12/site-packages/airflow/example_dags/example_python_operator.py for tasks to queue
[2025-05-24T04:46:09.616+0530] {logging_mixin.py:188} INFO - [2025-05-24T04:46:09.615+0530] {dagbag.py:540} INFO - Filling up the DagBag from /Library/Frameworks/Python.framework/Versions/3.12/lib/python3.12/site-packages/airflow/example_dags/example_python_operator.py
[2025-05-24T04:46:09.639+0530] {logging_mixin.py:188} INFO - [2025-05-24T04:46:09.639+0530] {example_python_operator.py:93} WARNING - The virtalenv_python example task requires virtualenv, please install it.
[2025-05-24T04:46:09.643+0530] {processor.py:840} INFO - DAG(s) 'example_python_operator' retrieved from /Library/Frameworks/Python.framework/Versions/3.12/lib/python3.12/site-packages/airflow/example_dags/example_python_operator.py
[2025-05-24T04:46:09.789+0530] {logging_mixin.py:188} INFO - [2025-05-24T04:46:09.788+0530] {dag.py:3096} INFO - Sync 1 DAGs
[2025-05-24T04:46:09.798+0530] {logging_mixin.py:188} INFO - [2025-05-24T04:46:09.798+0530] {dag.py:3954} INFO - Setting next_dagrun for example_python_operator to None, run_after=None
[2025-05-24T04:46:09.815+0530] {processor.py:183} INFO - Processing /Library/Frameworks/Python.framework/Versions/3.12/lib/python3.12/site-packages/airflow/example_dags/example_python_operator.py took 0.206 seconds
[2025-05-24T04:48:06.944+0530] {processor.py:161} INFO - Started process (PID=17402) to work on /Library/Frameworks/Python.framework/Versions/3.12/lib/python3.12/site-packages/airflow/example_dags/example_python_operator.py
[2025-05-24T04:48:06.946+0530] {processor.py:830} INFO - Processing file /Library/Frameworks/Python.framework/Versions/3.12/lib/python3.12/site-packages/airflow/example_dags/example_python_operator.py for tasks to queue
[2025-05-24T04:48:06.947+0530] {logging_mixin.py:188} INFO - [2025-05-24T04:48:06.947+0530] {dagbag.py:540} INFO - Filling up the DagBag from /Library/Frameworks/Python.framework/Versions/3.12/lib/python3.12/site-packages/airflow/example_dags/example_python_operator.py
[2025-05-24T04:48:06.971+0530] {logging_mixin.py:188} INFO - [2025-05-24T04:48:06.970+0530] {example_python_operator.py:93} WARNING - The virtalenv_python example task requires virtualenv, please install it.
[2025-05-24T04:48:06.974+0530] {processor.py:840} INFO - DAG(s) 'example_python_operator' retrieved from /Library/Frameworks/Python.framework/Versions/3.12/lib/python3.12/site-packages/airflow/example_dags/example_python_operator.py
[2025-05-24T04:48:07.127+0530] {logging_mixin.py:188} INFO - [2025-05-24T04:48:07.127+0530] {dag.py:3096} INFO - Sync 1 DAGs
[2025-05-24T04:48:07.137+0530] {logging_mixin.py:188} INFO - [2025-05-24T04:48:07.137+0530] {dag.py:3954} INFO - Setting next_dagrun for example_python_operator to None, run_after=None
[2025-05-24T04:48:07.156+0530] {processor.py:183} INFO - Processing /Library/Frameworks/Python.framework/Versions/3.12/lib/python3.12/site-packages/airflow/example_dags/example_python_operator.py took 0.215 seconds
[2025-05-24T04:50:11.991+0530] {processor.py:161} INFO - Started process (PID=17482) to work on /Library/Frameworks/Python.framework/Versions/3.12/lib/python3.12/site-packages/airflow/example_dags/example_python_operator.py
[2025-05-24T04:50:11.992+0530] {processor.py:830} INFO - Processing file /Library/Frameworks/Python.framework/Versions/3.12/lib/python3.12/site-packages/airflow/example_dags/example_python_operator.py for tasks to queue
[2025-05-24T04:50:11.992+0530] {logging_mixin.py:188} INFO - [2025-05-24T04:50:11.992+0530] {dagbag.py:540} INFO - Filling up the DagBag from /Library/Frameworks/Python.framework/Versions/3.12/lib/python3.12/site-packages/airflow/example_dags/example_python_operator.py
[2025-05-24T04:50:12.016+0530] {logging_mixin.py:188} INFO - [2025-05-24T04:50:12.016+0530] {example_python_operator.py:93} WARNING - The virtalenv_python example task requires virtualenv, please install it.
[2025-05-24T04:50:12.019+0530] {processor.py:840} INFO - DAG(s) 'example_python_operator' retrieved from /Library/Frameworks/Python.framework/Versions/3.12/lib/python3.12/site-packages/airflow/example_dags/example_python_operator.py
[2025-05-24T04:50:12.160+0530] {logging_mixin.py:188} INFO - [2025-05-24T04:50:12.160+0530] {dag.py:3096} INFO - Sync 1 DAGs
[2025-05-24T04:50:12.170+0530] {logging_mixin.py:188} INFO - [2025-05-24T04:50:12.170+0530] {dag.py:3954} INFO - Setting next_dagrun for example_python_operator to None, run_after=None
[2025-05-24T04:50:12.186+0530] {processor.py:183} INFO - Processing /Library/Frameworks/Python.framework/Versions/3.12/lib/python3.12/site-packages/airflow/example_dags/example_python_operator.py took 0.198 seconds
[2025-05-24T04:52:05.633+0530] {processor.py:161} INFO - Started process (PID=17556) to work on /Library/Frameworks/Python.framework/Versions/3.12/lib/python3.12/site-packages/airflow/example_dags/example_python_operator.py
[2025-05-24T04:52:05.634+0530] {processor.py:830} INFO - Processing file /Library/Frameworks/Python.framework/Versions/3.12/lib/python3.12/site-packages/airflow/example_dags/example_python_operator.py for tasks to queue
[2025-05-24T04:52:05.634+0530] {logging_mixin.py:188} INFO - [2025-05-24T04:52:05.634+0530] {dagbag.py:540} INFO - Filling up the DagBag from /Library/Frameworks/Python.framework/Versions/3.12/lib/python3.12/site-packages/airflow/example_dags/example_python_operator.py
[2025-05-24T04:52:05.658+0530] {logging_mixin.py:188} INFO - [2025-05-24T04:52:05.658+0530] {example_python_operator.py:93} WARNING - The virtalenv_python example task requires virtualenv, please install it.
[2025-05-24T04:52:05.661+0530] {processor.py:840} INFO - DAG(s) 'example_python_operator' retrieved from /Library/Frameworks/Python.framework/Versions/3.12/lib/python3.12/site-packages/airflow/example_dags/example_python_operator.py
[2025-05-24T04:52:05.803+0530] {logging_mixin.py:188} INFO - [2025-05-24T04:52:05.803+0530] {dag.py:3096} INFO - Sync 1 DAGs
[2025-05-24T04:52:05.813+0530] {logging_mixin.py:188} INFO - [2025-05-24T04:52:05.813+0530] {dag.py:3954} INFO - Setting next_dagrun for example_python_operator to None, run_after=None
[2025-05-24T04:52:05.829+0530] {processor.py:183} INFO - Processing /Library/Frameworks/Python.framework/Versions/3.12/lib/python3.12/site-packages/airflow/example_dags/example_python_operator.py took 0.200 seconds
[2025-05-24T04:53:58.760+0530] {processor.py:161} INFO - Started process (PID=17607) to work on /Library/Frameworks/Python.framework/Versions/3.12/lib/python3.12/site-packages/airflow/example_dags/example_python_operator.py
[2025-05-24T04:53:58.762+0530] {processor.py:830} INFO - Processing file /Library/Frameworks/Python.framework/Versions/3.12/lib/python3.12/site-packages/airflow/example_dags/example_python_operator.py for tasks to queue
[2025-05-24T04:53:58.763+0530] {logging_mixin.py:188} INFO - [2025-05-24T04:53:58.763+0530] {dagbag.py:540} INFO - Filling up the DagBag from /Library/Frameworks/Python.framework/Versions/3.12/lib/python3.12/site-packages/airflow/example_dags/example_python_operator.py
[2025-05-24T04:53:58.787+0530] {logging_mixin.py:188} INFO - [2025-05-24T04:53:58.787+0530] {example_python_operator.py:93} WARNING - The virtalenv_python example task requires virtualenv, please install it.
[2025-05-24T04:53:58.790+0530] {processor.py:840} INFO - DAG(s) 'example_python_operator' retrieved from /Library/Frameworks/Python.framework/Versions/3.12/lib/python3.12/site-packages/airflow/example_dags/example_python_operator.py
[2025-05-24T04:53:58.931+0530] {logging_mixin.py:188} INFO - [2025-05-24T04:53:58.931+0530] {dag.py:3096} INFO - Sync 1 DAGs
[2025-05-24T04:53:58.941+0530] {logging_mixin.py:188} INFO - [2025-05-24T04:53:58.941+0530] {dag.py:3954} INFO - Setting next_dagrun for example_python_operator to None, run_after=None
[2025-05-24T04:53:58.958+0530] {processor.py:183} INFO - Processing /Library/Frameworks/Python.framework/Versions/3.12/lib/python3.12/site-packages/airflow/example_dags/example_python_operator.py took 0.202 seconds
[2025-05-24T04:55:53.747+0530] {processor.py:161} INFO - Started process (PID=17689) to work on /Library/Frameworks/Python.framework/Versions/3.12/lib/python3.12/site-packages/airflow/example_dags/example_python_operator.py
[2025-05-24T04:55:53.749+0530] {processor.py:830} INFO - Processing file /Library/Frameworks/Python.framework/Versions/3.12/lib/python3.12/site-packages/airflow/example_dags/example_python_operator.py for tasks to queue
[2025-05-24T04:55:53.749+0530] {logging_mixin.py:188} INFO - [2025-05-24T04:55:53.749+0530] {dagbag.py:540} INFO - Filling up the DagBag from /Library/Frameworks/Python.framework/Versions/3.12/lib/python3.12/site-packages/airflow/example_dags/example_python_operator.py
[2025-05-24T04:55:53.773+0530] {logging_mixin.py:188} INFO - [2025-05-24T04:55:53.772+0530] {example_python_operator.py:93} WARNING - The virtalenv_python example task requires virtualenv, please install it.
[2025-05-24T04:55:53.775+0530] {processor.py:840} INFO - DAG(s) 'example_python_operator' retrieved from /Library/Frameworks/Python.framework/Versions/3.12/lib/python3.12/site-packages/airflow/example_dags/example_python_operator.py
[2025-05-24T04:55:53.922+0530] {logging_mixin.py:188} INFO - [2025-05-24T04:55:53.922+0530] {dag.py:3096} INFO - Sync 1 DAGs
[2025-05-24T04:55:53.932+0530] {logging_mixin.py:188} INFO - [2025-05-24T04:55:53.932+0530] {dag.py:3954} INFO - Setting next_dagrun for example_python_operator to None, run_after=None
[2025-05-24T04:55:53.951+0530] {processor.py:183} INFO - Processing /Library/Frameworks/Python.framework/Versions/3.12/lib/python3.12/site-packages/airflow/example_dags/example_python_operator.py took 0.209 seconds
[2025-05-24T04:57:48.307+0530] {processor.py:161} INFO - Started process (PID=17751) to work on /Library/Frameworks/Python.framework/Versions/3.12/lib/python3.12/site-packages/airflow/example_dags/example_python_operator.py
[2025-05-24T04:57:48.308+0530] {processor.py:830} INFO - Processing file /Library/Frameworks/Python.framework/Versions/3.12/lib/python3.12/site-packages/airflow/example_dags/example_python_operator.py for tasks to queue
[2025-05-24T04:57:48.309+0530] {logging_mixin.py:188} INFO - [2025-05-24T04:57:48.309+0530] {dagbag.py:540} INFO - Filling up the DagBag from /Library/Frameworks/Python.framework/Versions/3.12/lib/python3.12/site-packages/airflow/example_dags/example_python_operator.py
[2025-05-24T04:57:48.334+0530] {logging_mixin.py:188} INFO - [2025-05-24T04:57:48.334+0530] {example_python_operator.py:93} WARNING - The virtalenv_python example task requires virtualenv, please install it.
[2025-05-24T04:57:48.337+0530] {processor.py:840} INFO - DAG(s) 'example_python_operator' retrieved from /Library/Frameworks/Python.framework/Versions/3.12/lib/python3.12/site-packages/airflow/example_dags/example_python_operator.py
[2025-05-24T04:57:48.490+0530] {logging_mixin.py:188} INFO - [2025-05-24T04:57:48.490+0530] {dag.py:3096} INFO - Sync 1 DAGs
[2025-05-24T04:57:48.500+0530] {logging_mixin.py:188} INFO - [2025-05-24T04:57:48.500+0530] {dag.py:3954} INFO - Setting next_dagrun for example_python_operator to None, run_after=None
[2025-05-24T04:57:48.515+0530] {processor.py:183} INFO - Processing /Library/Frameworks/Python.framework/Versions/3.12/lib/python3.12/site-packages/airflow/example_dags/example_python_operator.py took 0.212 seconds
[2025-05-24T04:59:42.885+0530] {processor.py:161} INFO - Started process (PID=17830) to work on /Library/Frameworks/Python.framework/Versions/3.12/lib/python3.12/site-packages/airflow/example_dags/example_python_operator.py
[2025-05-24T04:59:42.887+0530] {processor.py:830} INFO - Processing file /Library/Frameworks/Python.framework/Versions/3.12/lib/python3.12/site-packages/airflow/example_dags/example_python_operator.py for tasks to queue
[2025-05-24T04:59:42.887+0530] {logging_mixin.py:188} INFO - [2025-05-24T04:59:42.887+0530] {dagbag.py:540} INFO - Filling up the DagBag from /Library/Frameworks/Python.framework/Versions/3.12/lib/python3.12/site-packages/airflow/example_dags/example_python_operator.py
[2025-05-24T04:59:42.909+0530] {logging_mixin.py:188} INFO - [2025-05-24T04:59:42.909+0530] {example_python_operator.py:93} WARNING - The virtalenv_python example task requires virtualenv, please install it.
[2025-05-24T04:59:42.912+0530] {processor.py:840} INFO - DAG(s) 'example_python_operator' retrieved from /Library/Frameworks/Python.framework/Versions/3.12/lib/python3.12/site-packages/airflow/example_dags/example_python_operator.py
[2025-05-24T04:59:43.042+0530] {logging_mixin.py:188} INFO - [2025-05-24T04:59:43.042+0530] {dag.py:3096} INFO - Sync 1 DAGs
[2025-05-24T04:59:43.050+0530] {logging_mixin.py:188} INFO - [2025-05-24T04:59:43.050+0530] {dag.py:3954} INFO - Setting next_dagrun for example_python_operator to None, run_after=None
[2025-05-24T04:59:43.065+0530] {processor.py:183} INFO - Processing /Library/Frameworks/Python.framework/Versions/3.12/lib/python3.12/site-packages/airflow/example_dags/example_python_operator.py took 0.184 seconds
[2025-05-24T05:01:35.129+0530] {processor.py:161} INFO - Started process (PID=17883) to work on /Library/Frameworks/Python.framework/Versions/3.12/lib/python3.12/site-packages/airflow/example_dags/example_python_operator.py
[2025-05-24T05:01:35.130+0530] {processor.py:830} INFO - Processing file /Library/Frameworks/Python.framework/Versions/3.12/lib/python3.12/site-packages/airflow/example_dags/example_python_operator.py for tasks to queue
[2025-05-24T05:01:35.131+0530] {logging_mixin.py:188} INFO - [2025-05-24T05:01:35.131+0530] {dagbag.py:540} INFO - Filling up the DagBag from /Library/Frameworks/Python.framework/Versions/3.12/lib/python3.12/site-packages/airflow/example_dags/example_python_operator.py
[2025-05-24T05:01:35.152+0530] {logging_mixin.py:188} INFO - [2025-05-24T05:01:35.152+0530] {example_python_operator.py:93} WARNING - The virtalenv_python example task requires virtualenv, please install it.
[2025-05-24T05:01:35.155+0530] {processor.py:840} INFO - DAG(s) 'example_python_operator' retrieved from /Library/Frameworks/Python.framework/Versions/3.12/lib/python3.12/site-packages/airflow/example_dags/example_python_operator.py
[2025-05-24T05:01:35.292+0530] {logging_mixin.py:188} INFO - [2025-05-24T05:01:35.292+0530] {dag.py:3096} INFO - Sync 1 DAGs
[2025-05-24T05:01:35.300+0530] {logging_mixin.py:188} INFO - [2025-05-24T05:01:35.300+0530] {dag.py:3954} INFO - Setting next_dagrun for example_python_operator to None, run_after=None
[2025-05-24T05:01:35.315+0530] {processor.py:183} INFO - Processing /Library/Frameworks/Python.framework/Versions/3.12/lib/python3.12/site-packages/airflow/example_dags/example_python_operator.py took 0.190 seconds
[2025-05-24T05:03:28.195+0530] {processor.py:161} INFO - Started process (PID=17952) to work on /Library/Frameworks/Python.framework/Versions/3.12/lib/python3.12/site-packages/airflow/example_dags/example_python_operator.py
[2025-05-24T05:03:28.198+0530] {processor.py:830} INFO - Processing file /Library/Frameworks/Python.framework/Versions/3.12/lib/python3.12/site-packages/airflow/example_dags/example_python_operator.py for tasks to queue
[2025-05-24T05:03:28.199+0530] {logging_mixin.py:188} INFO - [2025-05-24T05:03:28.198+0530] {dagbag.py:540} INFO - Filling up the DagBag from /Library/Frameworks/Python.framework/Versions/3.12/lib/python3.12/site-packages/airflow/example_dags/example_python_operator.py
[2025-05-24T05:03:28.228+0530] {logging_mixin.py:188} INFO - [2025-05-24T05:03:28.228+0530] {example_python_operator.py:93} WARNING - The virtalenv_python example task requires virtualenv, please install it.
[2025-05-24T05:03:28.233+0530] {processor.py:840} INFO - DAG(s) 'example_python_operator' retrieved from /Library/Frameworks/Python.framework/Versions/3.12/lib/python3.12/site-packages/airflow/example_dags/example_python_operator.py
[2025-05-24T05:03:28.372+0530] {logging_mixin.py:188} INFO - [2025-05-24T05:03:28.372+0530] {dag.py:3096} INFO - Sync 1 DAGs
[2025-05-24T05:03:28.381+0530] {logging_mixin.py:188} INFO - [2025-05-24T05:03:28.381+0530] {dag.py:3954} INFO - Setting next_dagrun for example_python_operator to None, run_after=None
[2025-05-24T05:03:28.400+0530] {processor.py:183} INFO - Processing /Library/Frameworks/Python.framework/Versions/3.12/lib/python3.12/site-packages/airflow/example_dags/example_python_operator.py took 0.209 seconds
[2025-05-24T05:05:21.474+0530] {processor.py:161} INFO - Started process (PID=18003) to work on /Library/Frameworks/Python.framework/Versions/3.12/lib/python3.12/site-packages/airflow/example_dags/example_python_operator.py
[2025-05-24T05:05:21.476+0530] {processor.py:830} INFO - Processing file /Library/Frameworks/Python.framework/Versions/3.12/lib/python3.12/site-packages/airflow/example_dags/example_python_operator.py for tasks to queue
[2025-05-24T05:05:21.476+0530] {logging_mixin.py:188} INFO - [2025-05-24T05:05:21.476+0530] {dagbag.py:540} INFO - Filling up the DagBag from /Library/Frameworks/Python.framework/Versions/3.12/lib/python3.12/site-packages/airflow/example_dags/example_python_operator.py
[2025-05-24T05:05:21.502+0530] {logging_mixin.py:188} INFO - [2025-05-24T05:05:21.502+0530] {example_python_operator.py:93} WARNING - The virtalenv_python example task requires virtualenv, please install it.
[2025-05-24T05:05:21.506+0530] {processor.py:840} INFO - DAG(s) 'example_python_operator' retrieved from /Library/Frameworks/Python.framework/Versions/3.12/lib/python3.12/site-packages/airflow/example_dags/example_python_operator.py
[2025-05-24T05:05:21.638+0530] {logging_mixin.py:188} INFO - [2025-05-24T05:05:21.638+0530] {dag.py:3096} INFO - Sync 1 DAGs
[2025-05-24T05:05:21.646+0530] {logging_mixin.py:188} INFO - [2025-05-24T05:05:21.646+0530] {dag.py:3954} INFO - Setting next_dagrun for example_python_operator to None, run_after=None
[2025-05-24T05:05:21.660+0530] {processor.py:183} INFO - Processing /Library/Frameworks/Python.framework/Versions/3.12/lib/python3.12/site-packages/airflow/example_dags/example_python_operator.py took 0.190 seconds
[2025-05-24T05:07:14.437+0530] {processor.py:161} INFO - Started process (PID=18050) to work on /Library/Frameworks/Python.framework/Versions/3.12/lib/python3.12/site-packages/airflow/example_dags/example_python_operator.py
[2025-05-24T05:07:14.439+0530] {processor.py:830} INFO - Processing file /Library/Frameworks/Python.framework/Versions/3.12/lib/python3.12/site-packages/airflow/example_dags/example_python_operator.py for tasks to queue
[2025-05-24T05:07:14.440+0530] {logging_mixin.py:188} INFO - [2025-05-24T05:07:14.440+0530] {dagbag.py:540} INFO - Filling up the DagBag from /Library/Frameworks/Python.framework/Versions/3.12/lib/python3.12/site-packages/airflow/example_dags/example_python_operator.py
[2025-05-24T05:07:14.461+0530] {logging_mixin.py:188} INFO - [2025-05-24T05:07:14.461+0530] {example_python_operator.py:93} WARNING - The virtalenv_python example task requires virtualenv, please install it.
[2025-05-24T05:07:14.464+0530] {processor.py:840} INFO - DAG(s) 'example_python_operator' retrieved from /Library/Frameworks/Python.framework/Versions/3.12/lib/python3.12/site-packages/airflow/example_dags/example_python_operator.py
[2025-05-24T05:07:14.593+0530] {logging_mixin.py:188} INFO - [2025-05-24T05:07:14.593+0530] {dag.py:3096} INFO - Sync 1 DAGs
[2025-05-24T05:07:14.602+0530] {logging_mixin.py:188} INFO - [2025-05-24T05:07:14.602+0530] {dag.py:3954} INFO - Setting next_dagrun for example_python_operator to None, run_after=None
[2025-05-24T05:07:14.617+0530] {processor.py:183} INFO - Processing /Library/Frameworks/Python.framework/Versions/3.12/lib/python3.12/site-packages/airflow/example_dags/example_python_operator.py took 0.184 seconds
[2025-05-24T05:09:02.360+0530] {processor.py:161} INFO - Started process (PID=18102) to work on /Library/Frameworks/Python.framework/Versions/3.12/lib/python3.12/site-packages/airflow/example_dags/example_python_operator.py
[2025-05-24T05:09:02.362+0530] {processor.py:830} INFO - Processing file /Library/Frameworks/Python.framework/Versions/3.12/lib/python3.12/site-packages/airflow/example_dags/example_python_operator.py for tasks to queue
[2025-05-24T05:09:02.363+0530] {logging_mixin.py:188} INFO - [2025-05-24T05:09:02.362+0530] {dagbag.py:540} INFO - Filling up the DagBag from /Library/Frameworks/Python.framework/Versions/3.12/lib/python3.12/site-packages/airflow/example_dags/example_python_operator.py
[2025-05-24T05:09:02.383+0530] {logging_mixin.py:188} INFO - [2025-05-24T05:09:02.383+0530] {example_python_operator.py:93} WARNING - The virtalenv_python example task requires virtualenv, please install it.
[2025-05-24T05:09:02.385+0530] {processor.py:840} INFO - DAG(s) 'example_python_operator' retrieved from /Library/Frameworks/Python.framework/Versions/3.12/lib/python3.12/site-packages/airflow/example_dags/example_python_operator.py
[2025-05-24T05:09:02.513+0530] {logging_mixin.py:188} INFO - [2025-05-24T05:09:02.512+0530] {dag.py:3096} INFO - Sync 1 DAGs
[2025-05-24T05:09:02.521+0530] {logging_mixin.py:188} INFO - [2025-05-24T05:09:02.521+0530] {dag.py:3954} INFO - Setting next_dagrun for example_python_operator to None, run_after=None
[2025-05-24T05:09:02.538+0530] {processor.py:183} INFO - Processing /Library/Frameworks/Python.framework/Versions/3.12/lib/python3.12/site-packages/airflow/example_dags/example_python_operator.py took 0.182 seconds
[2025-05-24T05:13:34.539+0530] {processor.py:161} INFO - Started process (PID=18196) to work on /Library/Frameworks/Python.framework/Versions/3.12/lib/python3.12/site-packages/airflow/example_dags/example_python_operator.py
[2025-05-24T05:13:34.540+0530] {processor.py:830} INFO - Processing file /Library/Frameworks/Python.framework/Versions/3.12/lib/python3.12/site-packages/airflow/example_dags/example_python_operator.py for tasks to queue
[2025-05-24T05:13:34.541+0530] {logging_mixin.py:188} INFO - [2025-05-24T05:13:34.541+0530] {dagbag.py:540} INFO - Filling up the DagBag from /Library/Frameworks/Python.framework/Versions/3.12/lib/python3.12/site-packages/airflow/example_dags/example_python_operator.py
[2025-05-24T05:13:34.566+0530] {logging_mixin.py:188} INFO - [2025-05-24T05:13:34.566+0530] {example_python_operator.py:93} WARNING - The virtalenv_python example task requires virtualenv, please install it.
[2025-05-24T05:13:34.570+0530] {processor.py:840} INFO - DAG(s) 'example_python_operator' retrieved from /Library/Frameworks/Python.framework/Versions/3.12/lib/python3.12/site-packages/airflow/example_dags/example_python_operator.py
[2025-05-24T05:13:34.731+0530] {logging_mixin.py:188} INFO - [2025-05-24T05:13:34.731+0530] {dag.py:3096} INFO - Sync 1 DAGs
[2025-05-24T05:13:34.742+0530] {logging_mixin.py:188} INFO - [2025-05-24T05:13:34.741+0530] {dag.py:3954} INFO - Setting next_dagrun for example_python_operator to None, run_after=None
[2025-05-24T05:13:34.760+0530] {processor.py:183} INFO - Processing /Library/Frameworks/Python.framework/Versions/3.12/lib/python3.12/site-packages/airflow/example_dags/example_python_operator.py took 0.224 seconds
[2025-05-24T05:15:37.200+0530] {processor.py:161} INFO - Started process (PID=18335) to work on /Library/Frameworks/Python.framework/Versions/3.12/lib/python3.12/site-packages/airflow/example_dags/example_python_operator.py
[2025-05-24T05:15:37.201+0530] {processor.py:830} INFO - Processing file /Library/Frameworks/Python.framework/Versions/3.12/lib/python3.12/site-packages/airflow/example_dags/example_python_operator.py for tasks to queue
[2025-05-24T05:15:37.202+0530] {logging_mixin.py:188} INFO - [2025-05-24T05:15:37.201+0530] {dagbag.py:540} INFO - Filling up the DagBag from /Library/Frameworks/Python.framework/Versions/3.12/lib/python3.12/site-packages/airflow/example_dags/example_python_operator.py
[2025-05-24T05:15:37.227+0530] {logging_mixin.py:188} INFO - [2025-05-24T05:15:37.226+0530] {example_python_operator.py:93} WARNING - The virtalenv_python example task requires virtualenv, please install it.
[2025-05-24T05:15:37.230+0530] {processor.py:840} INFO - DAG(s) 'example_python_operator' retrieved from /Library/Frameworks/Python.framework/Versions/3.12/lib/python3.12/site-packages/airflow/example_dags/example_python_operator.py
[2025-05-24T05:15:37.390+0530] {logging_mixin.py:188} INFO - [2025-05-24T05:15:37.389+0530] {dag.py:3096} INFO - Sync 1 DAGs
[2025-05-24T05:15:37.399+0530] {logging_mixin.py:188} INFO - [2025-05-24T05:15:37.399+0530] {dag.py:3954} INFO - Setting next_dagrun for example_python_operator to None, run_after=None
[2025-05-24T05:15:37.415+0530] {processor.py:183} INFO - Processing /Library/Frameworks/Python.framework/Versions/3.12/lib/python3.12/site-packages/airflow/example_dags/example_python_operator.py took 0.218 seconds
[2025-05-24T05:17:37.865+0530] {processor.py:161} INFO - Started process (PID=18461) to work on /Library/Frameworks/Python.framework/Versions/3.12/lib/python3.12/site-packages/airflow/example_dags/example_python_operator.py
[2025-05-24T05:17:37.867+0530] {processor.py:830} INFO - Processing file /Library/Frameworks/Python.framework/Versions/3.12/lib/python3.12/site-packages/airflow/example_dags/example_python_operator.py for tasks to queue
[2025-05-24T05:17:37.868+0530] {logging_mixin.py:188} INFO - [2025-05-24T05:17:37.868+0530] {dagbag.py:540} INFO - Filling up the DagBag from /Library/Frameworks/Python.framework/Versions/3.12/lib/python3.12/site-packages/airflow/example_dags/example_python_operator.py
[2025-05-24T05:17:37.892+0530] {logging_mixin.py:188} INFO - [2025-05-24T05:17:37.892+0530] {example_python_operator.py:93} WARNING - The virtalenv_python example task requires virtualenv, please install it.
[2025-05-24T05:17:37.896+0530] {processor.py:840} INFO - DAG(s) 'example_python_operator' retrieved from /Library/Frameworks/Python.framework/Versions/3.12/lib/python3.12/site-packages/airflow/example_dags/example_python_operator.py
[2025-05-24T05:17:38.045+0530] {logging_mixin.py:188} INFO - [2025-05-24T05:17:38.045+0530] {dag.py:3096} INFO - Sync 1 DAGs
[2025-05-24T05:17:38.055+0530] {logging_mixin.py:188} INFO - [2025-05-24T05:17:38.055+0530] {dag.py:3954} INFO - Setting next_dagrun for example_python_operator to None, run_after=None
[2025-05-24T05:17:38.072+0530] {processor.py:183} INFO - Processing /Library/Frameworks/Python.framework/Versions/3.12/lib/python3.12/site-packages/airflow/example_dags/example_python_operator.py took 0.211 seconds
[2025-05-24T05:19:37.392+0530] {processor.py:161} INFO - Started process (PID=18890) to work on /Library/Frameworks/Python.framework/Versions/3.12/lib/python3.12/site-packages/airflow/example_dags/example_python_operator.py
[2025-05-24T05:19:37.393+0530] {processor.py:830} INFO - Processing file /Library/Frameworks/Python.framework/Versions/3.12/lib/python3.12/site-packages/airflow/example_dags/example_python_operator.py for tasks to queue
[2025-05-24T05:19:37.394+0530] {logging_mixin.py:188} INFO - [2025-05-24T05:19:37.394+0530] {dagbag.py:540} INFO - Filling up the DagBag from /Library/Frameworks/Python.framework/Versions/3.12/lib/python3.12/site-packages/airflow/example_dags/example_python_operator.py
[2025-05-24T05:19:37.419+0530] {logging_mixin.py:188} INFO - [2025-05-24T05:19:37.419+0530] {example_python_operator.py:93} WARNING - The virtalenv_python example task requires virtualenv, please install it.
[2025-05-24T05:19:37.422+0530] {processor.py:840} INFO - DAG(s) 'example_python_operator' retrieved from /Library/Frameworks/Python.framework/Versions/3.12/lib/python3.12/site-packages/airflow/example_dags/example_python_operator.py
[2025-05-24T05:19:37.583+0530] {logging_mixin.py:188} INFO - [2025-05-24T05:19:37.582+0530] {dag.py:3096} INFO - Sync 1 DAGs
[2025-05-24T05:19:37.593+0530] {logging_mixin.py:188} INFO - [2025-05-24T05:19:37.593+0530] {dag.py:3954} INFO - Setting next_dagrun for example_python_operator to None, run_after=None
[2025-05-24T05:19:37.609+0530] {processor.py:183} INFO - Processing /Library/Frameworks/Python.framework/Versions/3.12/lib/python3.12/site-packages/airflow/example_dags/example_python_operator.py took 0.220 seconds
[2025-05-24T05:21:34.103+0530] {processor.py:161} INFO - Started process (PID=19220) to work on /Library/Frameworks/Python.framework/Versions/3.12/lib/python3.12/site-packages/airflow/example_dags/example_python_operator.py
[2025-05-24T05:21:34.104+0530] {processor.py:830} INFO - Processing file /Library/Frameworks/Python.framework/Versions/3.12/lib/python3.12/site-packages/airflow/example_dags/example_python_operator.py for tasks to queue
[2025-05-24T05:21:34.104+0530] {logging_mixin.py:188} INFO - [2025-05-24T05:21:34.104+0530] {dagbag.py:540} INFO - Filling up the DagBag from /Library/Frameworks/Python.framework/Versions/3.12/lib/python3.12/site-packages/airflow/example_dags/example_python_operator.py
[2025-05-24T05:21:34.129+0530] {logging_mixin.py:188} INFO - [2025-05-24T05:21:34.129+0530] {example_python_operator.py:93} WARNING - The virtalenv_python example task requires virtualenv, please install it.
[2025-05-24T05:21:34.132+0530] {processor.py:840} INFO - DAG(s) 'example_python_operator' retrieved from /Library/Frameworks/Python.framework/Versions/3.12/lib/python3.12/site-packages/airflow/example_dags/example_python_operator.py
[2025-05-24T05:21:34.280+0530] {logging_mixin.py:188} INFO - [2025-05-24T05:21:34.279+0530] {dag.py:3096} INFO - Sync 1 DAGs
[2025-05-24T05:21:34.289+0530] {logging_mixin.py:188} INFO - [2025-05-24T05:21:34.289+0530] {dag.py:3954} INFO - Setting next_dagrun for example_python_operator to None, run_after=None
[2025-05-24T05:21:34.306+0530] {processor.py:183} INFO - Processing /Library/Frameworks/Python.framework/Versions/3.12/lib/python3.12/site-packages/airflow/example_dags/example_python_operator.py took 0.206 seconds
[2025-05-24T05:29:19.275+0530] {processor.py:161} INFO - Started process (PID=20735) to work on /Library/Frameworks/Python.framework/Versions/3.12/lib/python3.12/site-packages/airflow/example_dags/example_python_operator.py
[2025-05-24T05:29:19.276+0530] {processor.py:830} INFO - Processing file /Library/Frameworks/Python.framework/Versions/3.12/lib/python3.12/site-packages/airflow/example_dags/example_python_operator.py for tasks to queue
[2025-05-24T05:29:19.277+0530] {logging_mixin.py:188} INFO - [2025-05-24T05:29:19.276+0530] {dagbag.py:540} INFO - Filling up the DagBag from /Library/Frameworks/Python.framework/Versions/3.12/lib/python3.12/site-packages/airflow/example_dags/example_python_operator.py
[2025-05-24T05:29:19.302+0530] {logging_mixin.py:188} INFO - [2025-05-24T05:29:19.301+0530] {example_python_operator.py:93} WARNING - The virtalenv_python example task requires virtualenv, please install it.
[2025-05-24T05:29:19.305+0530] {processor.py:840} INFO - DAG(s) 'example_python_operator' retrieved from /Library/Frameworks/Python.framework/Versions/3.12/lib/python3.12/site-packages/airflow/example_dags/example_python_operator.py
[2025-05-24T05:29:19.533+0530] {logging_mixin.py:188} INFO - [2025-05-24T05:29:19.532+0530] {dag.py:3096} INFO - Sync 1 DAGs
[2025-05-24T05:29:19.541+0530] {logging_mixin.py:188} INFO - [2025-05-24T05:29:19.541+0530] {dag.py:3954} INFO - Setting next_dagrun for example_python_operator to None, run_after=None
[2025-05-24T05:29:19.558+0530] {processor.py:183} INFO - Processing /Library/Frameworks/Python.framework/Versions/3.12/lib/python3.12/site-packages/airflow/example_dags/example_python_operator.py took 0.286 seconds
