[2025-05-24T04:23:01.890+0530] {processor.py:161} INFO - Started process (PID=15638) to work on /Library/Frameworks/Python.framework/Versions/3.12/lib/python3.12/site-packages/airflow/example_dags/example_task_group.py
[2025-05-24T04:23:01.891+0530] {processor.py:830} INFO - Processing file /Library/Frameworks/Python.framework/Versions/3.12/lib/python3.12/site-packages/airflow/example_dags/example_task_group.py for tasks to queue
[2025-05-24T04:23:01.892+0530] {logging_mixin.py:188} INFO - [2025-05-24T04:23:01.892+0530] {dagbag.py:540} INFO - Filling up the DagBag from /Library/Frameworks/Python.framework/Versions/3.12/lib/python3.12/site-packages/airflow/example_dags/example_task_group.py
[2025-05-24T04:23:01.902+0530] {processor.py:840} INFO - DAG(s) 'example_task_group' retrieved from /Library/Frameworks/Python.framework/Versions/3.12/lib/python3.12/site-packages/airflow/example_dags/example_task_group.py
[2025-05-24T04:23:02.126+0530] {logging_mixin.py:188} INFO - [2025-05-24T04:23:02.126+0530] {dag.py:3096} INFO - Sync 1 DAGs
[2025-05-24T04:23:02.139+0530] {logging_mixin.py:188} INFO - [2025-05-24T04:23:02.139+0530] {dag.py:3954} INFO - Setting next_dagrun for example_task_group to 2025-05-22 00:00:00+00:00, run_after=2025-05-23 00:00:00+00:00
[2025-05-24T04:23:02.158+0530] {processor.py:183} INFO - Processing /Library/Frameworks/Python.framework/Versions/3.12/lib/python3.12/site-packages/airflow/example_dags/example_task_group.py took 0.272 seconds
[2025-05-24T04:25:41.191+0530] {processor.py:161} INFO - Started process (PID=15749) to work on /Library/Frameworks/Python.framework/Versions/3.12/lib/python3.12/site-packages/airflow/example_dags/example_task_group.py
[2025-05-24T04:25:41.192+0530] {processor.py:830} INFO - Processing file /Library/Frameworks/Python.framework/Versions/3.12/lib/python3.12/site-packages/airflow/example_dags/example_task_group.py for tasks to queue
[2025-05-24T04:25:41.193+0530] {logging_mixin.py:188} INFO - [2025-05-24T04:25:41.193+0530] {dagbag.py:540} INFO - Filling up the DagBag from /Library/Frameworks/Python.framework/Versions/3.12/lib/python3.12/site-packages/airflow/example_dags/example_task_group.py
[2025-05-24T04:25:41.202+0530] {processor.py:840} INFO - DAG(s) 'example_task_group' retrieved from /Library/Frameworks/Python.framework/Versions/3.12/lib/python3.12/site-packages/airflow/example_dags/example_task_group.py
[2025-05-24T04:25:41.346+0530] {logging_mixin.py:188} INFO - [2025-05-24T04:25:41.346+0530] {dag.py:3096} INFO - Sync 1 DAGs
[2025-05-24T04:25:41.363+0530] {logging_mixin.py:188} INFO - [2025-05-24T04:25:41.363+0530] {dag.py:3954} INFO - Setting next_dagrun for example_task_group to 2025-05-22 00:00:00+00:00, run_after=2025-05-23 00:00:00+00:00
[2025-05-24T04:25:41.383+0530] {processor.py:183} INFO - Processing /Library/Frameworks/Python.framework/Versions/3.12/lib/python3.12/site-packages/airflow/example_dags/example_task_group.py took 0.196 seconds
[2025-05-24T04:27:36.809+0530] {processor.py:161} INFO - Started process (PID=15805) to work on /Library/Frameworks/Python.framework/Versions/3.12/lib/python3.12/site-packages/airflow/example_dags/example_task_group.py
[2025-05-24T04:27:36.810+0530] {processor.py:830} INFO - Processing file /Library/Frameworks/Python.framework/Versions/3.12/lib/python3.12/site-packages/airflow/example_dags/example_task_group.py for tasks to queue
[2025-05-24T04:27:36.811+0530] {logging_mixin.py:188} INFO - [2025-05-24T04:27:36.811+0530] {dagbag.py:540} INFO - Filling up the DagBag from /Library/Frameworks/Python.framework/Versions/3.12/lib/python3.12/site-packages/airflow/example_dags/example_task_group.py
[2025-05-24T04:27:36.821+0530] {processor.py:840} INFO - DAG(s) 'example_task_group' retrieved from /Library/Frameworks/Python.framework/Versions/3.12/lib/python3.12/site-packages/airflow/example_dags/example_task_group.py
[2025-05-24T04:27:36.957+0530] {logging_mixin.py:188} INFO - [2025-05-24T04:27:36.957+0530] {dag.py:3096} INFO - Sync 1 DAGs
[2025-05-24T04:27:36.974+0530] {logging_mixin.py:188} INFO - [2025-05-24T04:27:36.974+0530] {dag.py:3954} INFO - Setting next_dagrun for example_task_group to 2025-05-22 00:00:00+00:00, run_after=2025-05-23 00:00:00+00:00
[2025-05-24T04:27:36.992+0530] {processor.py:183} INFO - Processing /Library/Frameworks/Python.framework/Versions/3.12/lib/python3.12/site-packages/airflow/example_dags/example_task_group.py took 0.186 seconds
[2025-05-24T04:29:30.704+0530] {processor.py:161} INFO - Started process (PID=15851) to work on /Library/Frameworks/Python.framework/Versions/3.12/lib/python3.12/site-packages/airflow/example_dags/example_task_group.py
[2025-05-24T04:29:30.705+0530] {processor.py:830} INFO - Processing file /Library/Frameworks/Python.framework/Versions/3.12/lib/python3.12/site-packages/airflow/example_dags/example_task_group.py for tasks to queue
[2025-05-24T04:29:30.706+0530] {logging_mixin.py:188} INFO - [2025-05-24T04:29:30.706+0530] {dagbag.py:540} INFO - Filling up the DagBag from /Library/Frameworks/Python.framework/Versions/3.12/lib/python3.12/site-packages/airflow/example_dags/example_task_group.py
[2025-05-24T04:29:30.715+0530] {processor.py:840} INFO - DAG(s) 'example_task_group' retrieved from /Library/Frameworks/Python.framework/Versions/3.12/lib/python3.12/site-packages/airflow/example_dags/example_task_group.py
[2025-05-24T04:29:30.853+0530] {logging_mixin.py:188} INFO - [2025-05-24T04:29:30.853+0530] {dag.py:3096} INFO - Sync 1 DAGs
[2025-05-24T04:29:30.870+0530] {logging_mixin.py:188} INFO - [2025-05-24T04:29:30.870+0530] {dag.py:3954} INFO - Setting next_dagrun for example_task_group to 2025-05-22 00:00:00+00:00, run_after=2025-05-23 00:00:00+00:00
[2025-05-24T04:29:30.889+0530] {processor.py:183} INFO - Processing /Library/Frameworks/Python.framework/Versions/3.12/lib/python3.12/site-packages/airflow/example_dags/example_task_group.py took 0.188 seconds
[2025-05-24T04:31:27.584+0530] {processor.py:161} INFO - Started process (PID=15929) to work on /Library/Frameworks/Python.framework/Versions/3.12/lib/python3.12/site-packages/airflow/example_dags/example_task_group.py
[2025-05-24T04:31:27.585+0530] {processor.py:830} INFO - Processing file /Library/Frameworks/Python.framework/Versions/3.12/lib/python3.12/site-packages/airflow/example_dags/example_task_group.py for tasks to queue
[2025-05-24T04:31:27.586+0530] {logging_mixin.py:188} INFO - [2025-05-24T04:31:27.586+0530] {dagbag.py:540} INFO - Filling up the DagBag from /Library/Frameworks/Python.framework/Versions/3.12/lib/python3.12/site-packages/airflow/example_dags/example_task_group.py
[2025-05-24T04:31:27.595+0530] {processor.py:840} INFO - DAG(s) 'example_task_group' retrieved from /Library/Frameworks/Python.framework/Versions/3.12/lib/python3.12/site-packages/airflow/example_dags/example_task_group.py
[2025-05-24T04:31:27.733+0530] {logging_mixin.py:188} INFO - [2025-05-24T04:31:27.733+0530] {dag.py:3096} INFO - Sync 1 DAGs
[2025-05-24T04:31:27.751+0530] {logging_mixin.py:188} INFO - [2025-05-24T04:31:27.750+0530] {dag.py:3954} INFO - Setting next_dagrun for example_task_group to 2025-05-22 00:00:00+00:00, run_after=2025-05-23 00:00:00+00:00
[2025-05-24T04:31:27.769+0530] {processor.py:183} INFO - Processing /Library/Frameworks/Python.framework/Versions/3.12/lib/python3.12/site-packages/airflow/example_dags/example_task_group.py took 0.189 seconds
[2025-05-24T04:33:27.167+0530] {processor.py:161} INFO - Started process (PID=15997) to work on /Library/Frameworks/Python.framework/Versions/3.12/lib/python3.12/site-packages/airflow/example_dags/example_task_group.py
[2025-05-24T04:33:27.168+0530] {processor.py:830} INFO - Processing file /Library/Frameworks/Python.framework/Versions/3.12/lib/python3.12/site-packages/airflow/example_dags/example_task_group.py for tasks to queue
[2025-05-24T04:33:27.169+0530] {logging_mixin.py:188} INFO - [2025-05-24T04:33:27.169+0530] {dagbag.py:540} INFO - Filling up the DagBag from /Library/Frameworks/Python.framework/Versions/3.12/lib/python3.12/site-packages/airflow/example_dags/example_task_group.py
[2025-05-24T04:33:27.178+0530] {processor.py:840} INFO - DAG(s) 'example_task_group' retrieved from /Library/Frameworks/Python.framework/Versions/3.12/lib/python3.12/site-packages/airflow/example_dags/example_task_group.py
[2025-05-24T04:33:27.333+0530] {logging_mixin.py:188} INFO - [2025-05-24T04:33:27.332+0530] {dag.py:3096} INFO - Sync 1 DAGs
[2025-05-24T04:33:27.350+0530] {logging_mixin.py:188} INFO - [2025-05-24T04:33:27.350+0530] {dag.py:3954} INFO - Setting next_dagrun for example_task_group to 2025-05-22 00:00:00+00:00, run_after=2025-05-23 00:00:00+00:00
[2025-05-24T04:33:27.369+0530] {processor.py:183} INFO - Processing /Library/Frameworks/Python.framework/Versions/3.12/lib/python3.12/site-packages/airflow/example_dags/example_task_group.py took 0.205 seconds
[2025-05-24T04:35:33.234+0530] {processor.py:161} INFO - Started process (PID=16079) to work on /Library/Frameworks/Python.framework/Versions/3.12/lib/python3.12/site-packages/airflow/example_dags/example_task_group.py
[2025-05-24T04:35:33.236+0530] {processor.py:830} INFO - Processing file /Library/Frameworks/Python.framework/Versions/3.12/lib/python3.12/site-packages/airflow/example_dags/example_task_group.py for tasks to queue
[2025-05-24T04:35:33.236+0530] {logging_mixin.py:188} INFO - [2025-05-24T04:35:33.236+0530] {dagbag.py:540} INFO - Filling up the DagBag from /Library/Frameworks/Python.framework/Versions/3.12/lib/python3.12/site-packages/airflow/example_dags/example_task_group.py
[2025-05-24T04:35:33.246+0530] {processor.py:840} INFO - DAG(s) 'example_task_group' retrieved from /Library/Frameworks/Python.framework/Versions/3.12/lib/python3.12/site-packages/airflow/example_dags/example_task_group.py
[2025-05-24T04:35:33.393+0530] {logging_mixin.py:188} INFO - [2025-05-24T04:35:33.393+0530] {dag.py:3096} INFO - Sync 1 DAGs
[2025-05-24T04:35:33.412+0530] {logging_mixin.py:188} INFO - [2025-05-24T04:35:33.412+0530] {dag.py:3954} INFO - Setting next_dagrun for example_task_group to 2025-05-22 00:00:00+00:00, run_after=2025-05-23 00:00:00+00:00
[2025-05-24T04:35:33.430+0530] {processor.py:183} INFO - Processing /Library/Frameworks/Python.framework/Versions/3.12/lib/python3.12/site-packages/airflow/example_dags/example_task_group.py took 0.199 seconds
[2025-05-24T04:37:31.251+0530] {processor.py:161} INFO - Started process (PID=16142) to work on /Library/Frameworks/Python.framework/Versions/3.12/lib/python3.12/site-packages/airflow/example_dags/example_task_group.py
[2025-05-24T04:37:31.252+0530] {processor.py:830} INFO - Processing file /Library/Frameworks/Python.framework/Versions/3.12/lib/python3.12/site-packages/airflow/example_dags/example_task_group.py for tasks to queue
[2025-05-24T04:37:31.253+0530] {logging_mixin.py:188} INFO - [2025-05-24T04:37:31.253+0530] {dagbag.py:540} INFO - Filling up the DagBag from /Library/Frameworks/Python.framework/Versions/3.12/lib/python3.12/site-packages/airflow/example_dags/example_task_group.py
[2025-05-24T04:37:31.261+0530] {processor.py:840} INFO - DAG(s) 'example_task_group' retrieved from /Library/Frameworks/Python.framework/Versions/3.12/lib/python3.12/site-packages/airflow/example_dags/example_task_group.py
[2025-05-24T04:37:31.398+0530] {logging_mixin.py:188} INFO - [2025-05-24T04:37:31.398+0530] {dag.py:3096} INFO - Sync 1 DAGs
[2025-05-24T04:37:31.415+0530] {logging_mixin.py:188} INFO - [2025-05-24T04:37:31.415+0530] {dag.py:3954} INFO - Setting next_dagrun for example_task_group to 2025-05-22 00:00:00+00:00, run_after=2025-05-23 00:00:00+00:00
[2025-05-24T04:37:31.432+0530] {processor.py:183} INFO - Processing /Library/Frameworks/Python.framework/Versions/3.12/lib/python3.12/site-packages/airflow/example_dags/example_task_group.py took 0.184 seconds
[2025-05-24T04:39:32.231+0530] {processor.py:161} INFO - Started process (PID=16213) to work on /Library/Frameworks/Python.framework/Versions/3.12/lib/python3.12/site-packages/airflow/example_dags/example_task_group.py
[2025-05-24T04:39:32.232+0530] {processor.py:830} INFO - Processing file /Library/Frameworks/Python.framework/Versions/3.12/lib/python3.12/site-packages/airflow/example_dags/example_task_group.py for tasks to queue
[2025-05-24T04:39:32.233+0530] {logging_mixin.py:188} INFO - [2025-05-24T04:39:32.233+0530] {dagbag.py:540} INFO - Filling up the DagBag from /Library/Frameworks/Python.framework/Versions/3.12/lib/python3.12/site-packages/airflow/example_dags/example_task_group.py
[2025-05-24T04:39:32.242+0530] {processor.py:840} INFO - DAG(s) 'example_task_group' retrieved from /Library/Frameworks/Python.framework/Versions/3.12/lib/python3.12/site-packages/airflow/example_dags/example_task_group.py
[2025-05-24T04:39:32.379+0530] {logging_mixin.py:188} INFO - [2025-05-24T04:39:32.379+0530] {dag.py:3096} INFO - Sync 1 DAGs
[2025-05-24T04:39:32.396+0530] {logging_mixin.py:188} INFO - [2025-05-24T04:39:32.396+0530] {dag.py:3954} INFO - Setting next_dagrun for example_task_group to 2025-05-22 00:00:00+00:00, run_after=2025-05-23 00:00:00+00:00
[2025-05-24T04:39:32.414+0530] {processor.py:183} INFO - Processing /Library/Frameworks/Python.framework/Versions/3.12/lib/python3.12/site-packages/airflow/example_dags/example_task_group.py took 0.187 seconds
[2025-05-24T04:41:45.147+0530] {processor.py:161} INFO - Started process (PID=16310) to work on /Library/Frameworks/Python.framework/Versions/3.12/lib/python3.12/site-packages/airflow/example_dags/example_task_group.py
[2025-05-24T04:41:45.149+0530] {processor.py:830} INFO - Processing file /Library/Frameworks/Python.framework/Versions/3.12/lib/python3.12/site-packages/airflow/example_dags/example_task_group.py for tasks to queue
[2025-05-24T04:41:45.149+0530] {logging_mixin.py:188} INFO - [2025-05-24T04:41:45.149+0530] {dagbag.py:540} INFO - Filling up the DagBag from /Library/Frameworks/Python.framework/Versions/3.12/lib/python3.12/site-packages/airflow/example_dags/example_task_group.py
[2025-05-24T04:41:45.163+0530] {processor.py:840} INFO - DAG(s) 'example_task_group' retrieved from /Library/Frameworks/Python.framework/Versions/3.12/lib/python3.12/site-packages/airflow/example_dags/example_task_group.py
[2025-05-24T04:41:45.323+0530] {logging_mixin.py:188} INFO - [2025-05-24T04:41:45.323+0530] {dag.py:3096} INFO - Sync 1 DAGs
[2025-05-24T04:41:45.341+0530] {logging_mixin.py:188} INFO - [2025-05-24T04:41:45.341+0530] {dag.py:3954} INFO - Setting next_dagrun for example_task_group to 2025-05-22 00:00:00+00:00, run_after=2025-05-23 00:00:00+00:00
[2025-05-24T04:41:45.359+0530] {processor.py:183} INFO - Processing /Library/Frameworks/Python.framework/Versions/3.12/lib/python3.12/site-packages/airflow/example_dags/example_task_group.py took 0.214 seconds
[2025-05-24T04:43:41.431+0530] {processor.py:161} INFO - Started process (PID=16597) to work on /Library/Frameworks/Python.framework/Versions/3.12/lib/python3.12/site-packages/airflow/example_dags/example_task_group.py
[2025-05-24T04:43:41.432+0530] {processor.py:830} INFO - Processing file /Library/Frameworks/Python.framework/Versions/3.12/lib/python3.12/site-packages/airflow/example_dags/example_task_group.py for tasks to queue
[2025-05-24T04:43:41.432+0530] {logging_mixin.py:188} INFO - [2025-05-24T04:43:41.432+0530] {dagbag.py:540} INFO - Filling up the DagBag from /Library/Frameworks/Python.framework/Versions/3.12/lib/python3.12/site-packages/airflow/example_dags/example_task_group.py
[2025-05-24T04:43:41.441+0530] {processor.py:840} INFO - DAG(s) 'example_task_group' retrieved from /Library/Frameworks/Python.framework/Versions/3.12/lib/python3.12/site-packages/airflow/example_dags/example_task_group.py
[2025-05-24T04:43:41.589+0530] {logging_mixin.py:188} INFO - [2025-05-24T04:43:41.589+0530] {dag.py:3096} INFO - Sync 1 DAGs
[2025-05-24T04:43:41.607+0530] {logging_mixin.py:188} INFO - [2025-05-24T04:43:41.606+0530] {dag.py:3954} INFO - Setting next_dagrun for example_task_group to 2025-05-22 00:00:00+00:00, run_after=2025-05-23 00:00:00+00:00
[2025-05-24T04:43:41.628+0530] {processor.py:183} INFO - Processing /Library/Frameworks/Python.framework/Versions/3.12/lib/python3.12/site-packages/airflow/example_dags/example_task_group.py took 0.199 seconds
[2025-05-24T04:45:41.011+0530] {processor.py:161} INFO - Started process (PID=17329) to work on /Library/Frameworks/Python.framework/Versions/3.12/lib/python3.12/site-packages/airflow/example_dags/example_task_group.py
[2025-05-24T04:45:41.011+0530] {processor.py:830} INFO - Processing file /Library/Frameworks/Python.framework/Versions/3.12/lib/python3.12/site-packages/airflow/example_dags/example_task_group.py for tasks to queue
[2025-05-24T04:45:41.013+0530] {logging_mixin.py:188} INFO - [2025-05-24T04:45:41.012+0530] {dagbag.py:540} INFO - Filling up the DagBag from /Library/Frameworks/Python.framework/Versions/3.12/lib/python3.12/site-packages/airflow/example_dags/example_task_group.py
[2025-05-24T04:45:41.022+0530] {processor.py:840} INFO - DAG(s) 'example_task_group' retrieved from /Library/Frameworks/Python.framework/Versions/3.12/lib/python3.12/site-packages/airflow/example_dags/example_task_group.py
[2025-05-24T04:45:41.163+0530] {logging_mixin.py:188} INFO - [2025-05-24T04:45:41.162+0530] {dag.py:3096} INFO - Sync 1 DAGs
[2025-05-24T04:45:41.180+0530] {logging_mixin.py:188} INFO - [2025-05-24T04:45:41.180+0530] {dag.py:3954} INFO - Setting next_dagrun for example_task_group to 2025-05-22 00:00:00+00:00, run_after=2025-05-23 00:00:00+00:00
[2025-05-24T04:45:41.198+0530] {processor.py:183} INFO - Processing /Library/Frameworks/Python.framework/Versions/3.12/lib/python3.12/site-packages/airflow/example_dags/example_task_group.py took 0.190 seconds
[2025-05-24T04:47:36.273+0530] {processor.py:161} INFO - Started process (PID=17384) to work on /Library/Frameworks/Python.framework/Versions/3.12/lib/python3.12/site-packages/airflow/example_dags/example_task_group.py
[2025-05-24T04:47:36.275+0530] {processor.py:830} INFO - Processing file /Library/Frameworks/Python.framework/Versions/3.12/lib/python3.12/site-packages/airflow/example_dags/example_task_group.py for tasks to queue
[2025-05-24T04:47:36.275+0530] {logging_mixin.py:188} INFO - [2025-05-24T04:47:36.275+0530] {dagbag.py:540} INFO - Filling up the DagBag from /Library/Frameworks/Python.framework/Versions/3.12/lib/python3.12/site-packages/airflow/example_dags/example_task_group.py
[2025-05-24T04:47:36.284+0530] {processor.py:840} INFO - DAG(s) 'example_task_group' retrieved from /Library/Frameworks/Python.framework/Versions/3.12/lib/python3.12/site-packages/airflow/example_dags/example_task_group.py
[2025-05-24T04:47:36.421+0530] {logging_mixin.py:188} INFO - [2025-05-24T04:47:36.421+0530] {dag.py:3096} INFO - Sync 1 DAGs
[2025-05-24T04:47:36.438+0530] {logging_mixin.py:188} INFO - [2025-05-24T04:47:36.437+0530] {dag.py:3954} INFO - Setting next_dagrun for example_task_group to 2025-05-22 00:00:00+00:00, run_after=2025-05-23 00:00:00+00:00
[2025-05-24T04:47:36.455+0530] {processor.py:183} INFO - Processing /Library/Frameworks/Python.framework/Versions/3.12/lib/python3.12/site-packages/airflow/example_dags/example_task_group.py took 0.185 seconds
[2025-05-24T04:49:44.075+0530] {processor.py:161} INFO - Started process (PID=17472) to work on /Library/Frameworks/Python.framework/Versions/3.12/lib/python3.12/site-packages/airflow/example_dags/example_task_group.py
[2025-05-24T04:49:44.079+0530] {processor.py:830} INFO - Processing file /Library/Frameworks/Python.framework/Versions/3.12/lib/python3.12/site-packages/airflow/example_dags/example_task_group.py for tasks to queue
[2025-05-24T04:49:44.080+0530] {logging_mixin.py:188} INFO - [2025-05-24T04:49:44.080+0530] {dagbag.py:540} INFO - Filling up the DagBag from /Library/Frameworks/Python.framework/Versions/3.12/lib/python3.12/site-packages/airflow/example_dags/example_task_group.py
[2025-05-24T04:49:44.088+0530] {processor.py:840} INFO - DAG(s) 'example_task_group' retrieved from /Library/Frameworks/Python.framework/Versions/3.12/lib/python3.12/site-packages/airflow/example_dags/example_task_group.py
[2025-05-24T04:49:44.230+0530] {logging_mixin.py:188} INFO - [2025-05-24T04:49:44.230+0530] {dag.py:3096} INFO - Sync 1 DAGs
[2025-05-24T04:49:44.247+0530] {logging_mixin.py:188} INFO - [2025-05-24T04:49:44.247+0530] {dag.py:3954} INFO - Setting next_dagrun for example_task_group to 2025-05-22 00:00:00+00:00, run_after=2025-05-23 00:00:00+00:00
[2025-05-24T04:49:44.264+0530] {processor.py:183} INFO - Processing /Library/Frameworks/Python.framework/Versions/3.12/lib/python3.12/site-packages/airflow/example_dags/example_task_group.py took 0.192 seconds
[2025-05-24T04:51:37.869+0530] {processor.py:161} INFO - Started process (PID=17546) to work on /Library/Frameworks/Python.framework/Versions/3.12/lib/python3.12/site-packages/airflow/example_dags/example_task_group.py
[2025-05-24T04:51:37.870+0530] {processor.py:830} INFO - Processing file /Library/Frameworks/Python.framework/Versions/3.12/lib/python3.12/site-packages/airflow/example_dags/example_task_group.py for tasks to queue
[2025-05-24T04:51:37.871+0530] {logging_mixin.py:188} INFO - [2025-05-24T04:51:37.871+0530] {dagbag.py:540} INFO - Filling up the DagBag from /Library/Frameworks/Python.framework/Versions/3.12/lib/python3.12/site-packages/airflow/example_dags/example_task_group.py
[2025-05-24T04:51:37.880+0530] {processor.py:840} INFO - DAG(s) 'example_task_group' retrieved from /Library/Frameworks/Python.framework/Versions/3.12/lib/python3.12/site-packages/airflow/example_dags/example_task_group.py
[2025-05-24T04:51:38.022+0530] {logging_mixin.py:188} INFO - [2025-05-24T04:51:38.022+0530] {dag.py:3096} INFO - Sync 1 DAGs
[2025-05-24T04:51:38.040+0530] {logging_mixin.py:188} INFO - [2025-05-24T04:51:38.039+0530] {dag.py:3954} INFO - Setting next_dagrun for example_task_group to 2025-05-22 00:00:00+00:00, run_after=2025-05-23 00:00:00+00:00
[2025-05-24T04:51:38.057+0530] {processor.py:183} INFO - Processing /Library/Frameworks/Python.framework/Versions/3.12/lib/python3.12/site-packages/airflow/example_dags/example_task_group.py took 0.192 seconds
[2025-05-24T04:53:31.034+0530] {processor.py:161} INFO - Started process (PID=17597) to work on /Library/Frameworks/Python.framework/Versions/3.12/lib/python3.12/site-packages/airflow/example_dags/example_task_group.py
[2025-05-24T04:53:31.036+0530] {processor.py:830} INFO - Processing file /Library/Frameworks/Python.framework/Versions/3.12/lib/python3.12/site-packages/airflow/example_dags/example_task_group.py for tasks to queue
[2025-05-24T04:53:31.036+0530] {logging_mixin.py:188} INFO - [2025-05-24T04:53:31.036+0530] {dagbag.py:540} INFO - Filling up the DagBag from /Library/Frameworks/Python.framework/Versions/3.12/lib/python3.12/site-packages/airflow/example_dags/example_task_group.py
[2025-05-24T04:53:31.044+0530] {processor.py:840} INFO - DAG(s) 'example_task_group' retrieved from /Library/Frameworks/Python.framework/Versions/3.12/lib/python3.12/site-packages/airflow/example_dags/example_task_group.py
[2025-05-24T04:53:31.180+0530] {logging_mixin.py:188} INFO - [2025-05-24T04:53:31.180+0530] {dag.py:3096} INFO - Sync 1 DAGs
[2025-05-24T04:53:31.197+0530] {logging_mixin.py:188} INFO - [2025-05-24T04:53:31.197+0530] {dag.py:3954} INFO - Setting next_dagrun for example_task_group to 2025-05-22 00:00:00+00:00, run_after=2025-05-23 00:00:00+00:00
[2025-05-24T04:53:31.215+0530] {processor.py:183} INFO - Processing /Library/Frameworks/Python.framework/Versions/3.12/lib/python3.12/site-packages/airflow/example_dags/example_task_group.py took 0.184 seconds
[2025-05-24T04:55:25.975+0530] {processor.py:161} INFO - Started process (PID=17678) to work on /Library/Frameworks/Python.framework/Versions/3.12/lib/python3.12/site-packages/airflow/example_dags/example_task_group.py
[2025-05-24T04:55:25.976+0530] {processor.py:830} INFO - Processing file /Library/Frameworks/Python.framework/Versions/3.12/lib/python3.12/site-packages/airflow/example_dags/example_task_group.py for tasks to queue
[2025-05-24T04:55:25.976+0530] {logging_mixin.py:188} INFO - [2025-05-24T04:55:25.976+0530] {dagbag.py:540} INFO - Filling up the DagBag from /Library/Frameworks/Python.framework/Versions/3.12/lib/python3.12/site-packages/airflow/example_dags/example_task_group.py
[2025-05-24T04:55:25.986+0530] {processor.py:840} INFO - DAG(s) 'example_task_group' retrieved from /Library/Frameworks/Python.framework/Versions/3.12/lib/python3.12/site-packages/airflow/example_dags/example_task_group.py
[2025-05-24T04:55:26.129+0530] {logging_mixin.py:188} INFO - [2025-05-24T04:55:26.128+0530] {dag.py:3096} INFO - Sync 1 DAGs
[2025-05-24T04:55:26.145+0530] {logging_mixin.py:188} INFO - [2025-05-24T04:55:26.145+0530] {dag.py:3954} INFO - Setting next_dagrun for example_task_group to 2025-05-22 00:00:00+00:00, run_after=2025-05-23 00:00:00+00:00
[2025-05-24T04:55:26.162+0530] {processor.py:183} INFO - Processing /Library/Frameworks/Python.framework/Versions/3.12/lib/python3.12/site-packages/airflow/example_dags/example_task_group.py took 0.190 seconds
[2025-05-24T04:57:20.107+0530] {processor.py:161} INFO - Started process (PID=17736) to work on /Library/Frameworks/Python.framework/Versions/3.12/lib/python3.12/site-packages/airflow/example_dags/example_task_group.py
[2025-05-24T04:57:20.108+0530] {processor.py:830} INFO - Processing file /Library/Frameworks/Python.framework/Versions/3.12/lib/python3.12/site-packages/airflow/example_dags/example_task_group.py for tasks to queue
[2025-05-24T04:57:20.110+0530] {logging_mixin.py:188} INFO - [2025-05-24T04:57:20.109+0530] {dagbag.py:540} INFO - Filling up the DagBag from /Library/Frameworks/Python.framework/Versions/3.12/lib/python3.12/site-packages/airflow/example_dags/example_task_group.py
[2025-05-24T04:57:20.119+0530] {processor.py:840} INFO - DAG(s) 'example_task_group' retrieved from /Library/Frameworks/Python.framework/Versions/3.12/lib/python3.12/site-packages/airflow/example_dags/example_task_group.py
[2025-05-24T04:57:20.261+0530] {logging_mixin.py:188} INFO - [2025-05-24T04:57:20.261+0530] {dag.py:3096} INFO - Sync 1 DAGs
[2025-05-24T04:57:20.278+0530] {logging_mixin.py:188} INFO - [2025-05-24T04:57:20.278+0530] {dag.py:3954} INFO - Setting next_dagrun for example_task_group to 2025-05-22 00:00:00+00:00, run_after=2025-05-23 00:00:00+00:00
[2025-05-24T04:57:20.296+0530] {processor.py:183} INFO - Processing /Library/Frameworks/Python.framework/Versions/3.12/lib/python3.12/site-packages/airflow/example_dags/example_task_group.py took 0.192 seconds
[2025-05-24T04:59:14.887+0530] {processor.py:161} INFO - Started process (PID=17796) to work on /Library/Frameworks/Python.framework/Versions/3.12/lib/python3.12/site-packages/airflow/example_dags/example_task_group.py
[2025-05-24T04:59:14.888+0530] {processor.py:830} INFO - Processing file /Library/Frameworks/Python.framework/Versions/3.12/lib/python3.12/site-packages/airflow/example_dags/example_task_group.py for tasks to queue
[2025-05-24T04:59:14.889+0530] {logging_mixin.py:188} INFO - [2025-05-24T04:59:14.889+0530] {dagbag.py:540} INFO - Filling up the DagBag from /Library/Frameworks/Python.framework/Versions/3.12/lib/python3.12/site-packages/airflow/example_dags/example_task_group.py
[2025-05-24T04:59:14.898+0530] {processor.py:840} INFO - DAG(s) 'example_task_group' retrieved from /Library/Frameworks/Python.framework/Versions/3.12/lib/python3.12/site-packages/airflow/example_dags/example_task_group.py
[2025-05-24T04:59:15.045+0530] {logging_mixin.py:188} INFO - [2025-05-24T04:59:15.044+0530] {dag.py:3096} INFO - Sync 1 DAGs
[2025-05-24T04:59:15.062+0530] {logging_mixin.py:188} INFO - [2025-05-24T04:59:15.062+0530] {dag.py:3954} INFO - Setting next_dagrun for example_task_group to 2025-05-22 00:00:00+00:00, run_after=2025-05-23 00:00:00+00:00
[2025-05-24T04:59:15.080+0530] {processor.py:183} INFO - Processing /Library/Frameworks/Python.framework/Versions/3.12/lib/python3.12/site-packages/airflow/example_dags/example_task_group.py took 0.195 seconds
[2025-05-24T05:01:07.406+0530] {processor.py:161} INFO - Started process (PID=17870) to work on /Library/Frameworks/Python.framework/Versions/3.12/lib/python3.12/site-packages/airflow/example_dags/example_task_group.py
[2025-05-24T05:01:07.408+0530] {processor.py:830} INFO - Processing file /Library/Frameworks/Python.framework/Versions/3.12/lib/python3.12/site-packages/airflow/example_dags/example_task_group.py for tasks to queue
[2025-05-24T05:01:07.409+0530] {logging_mixin.py:188} INFO - [2025-05-24T05:01:07.409+0530] {dagbag.py:540} INFO - Filling up the DagBag from /Library/Frameworks/Python.framework/Versions/3.12/lib/python3.12/site-packages/airflow/example_dags/example_task_group.py
[2025-05-24T05:01:07.417+0530] {processor.py:840} INFO - DAG(s) 'example_task_group' retrieved from /Library/Frameworks/Python.framework/Versions/3.12/lib/python3.12/site-packages/airflow/example_dags/example_task_group.py
[2025-05-24T05:01:07.547+0530] {logging_mixin.py:188} INFO - [2025-05-24T05:01:07.547+0530] {dag.py:3096} INFO - Sync 1 DAGs
[2025-05-24T05:01:07.564+0530] {logging_mixin.py:188} INFO - [2025-05-24T05:01:07.563+0530] {dag.py:3954} INFO - Setting next_dagrun for example_task_group to 2025-05-22 00:00:00+00:00, run_after=2025-05-23 00:00:00+00:00
[2025-05-24T05:01:07.581+0530] {processor.py:183} INFO - Processing /Library/Frameworks/Python.framework/Versions/3.12/lib/python3.12/site-packages/airflow/example_dags/example_task_group.py took 0.177 seconds
[2025-05-24T05:03:00.687+0530] {processor.py:161} INFO - Started process (PID=17939) to work on /Library/Frameworks/Python.framework/Versions/3.12/lib/python3.12/site-packages/airflow/example_dags/example_task_group.py
[2025-05-24T05:03:00.689+0530] {processor.py:830} INFO - Processing file /Library/Frameworks/Python.framework/Versions/3.12/lib/python3.12/site-packages/airflow/example_dags/example_task_group.py for tasks to queue
[2025-05-24T05:03:00.690+0530] {logging_mixin.py:188} INFO - [2025-05-24T05:03:00.690+0530] {dagbag.py:540} INFO - Filling up the DagBag from /Library/Frameworks/Python.framework/Versions/3.12/lib/python3.12/site-packages/airflow/example_dags/example_task_group.py
[2025-05-24T05:03:00.698+0530] {processor.py:840} INFO - DAG(s) 'example_task_group' retrieved from /Library/Frameworks/Python.framework/Versions/3.12/lib/python3.12/site-packages/airflow/example_dags/example_task_group.py
[2025-05-24T05:03:00.835+0530] {logging_mixin.py:188} INFO - [2025-05-24T05:03:00.835+0530] {dag.py:3096} INFO - Sync 1 DAGs
[2025-05-24T05:03:00.851+0530] {logging_mixin.py:188} INFO - [2025-05-24T05:03:00.851+0530] {dag.py:3954} INFO - Setting next_dagrun for example_task_group to 2025-05-22 00:00:00+00:00, run_after=2025-05-23 00:00:00+00:00
[2025-05-24T05:03:00.869+0530] {processor.py:183} INFO - Processing /Library/Frameworks/Python.framework/Versions/3.12/lib/python3.12/site-packages/airflow/example_dags/example_task_group.py took 0.185 seconds
[2025-05-24T05:04:53.717+0530] {processor.py:161} INFO - Started process (PID=17990) to work on /Library/Frameworks/Python.framework/Versions/3.12/lib/python3.12/site-packages/airflow/example_dags/example_task_group.py
[2025-05-24T05:04:53.719+0530] {processor.py:830} INFO - Processing file /Library/Frameworks/Python.framework/Versions/3.12/lib/python3.12/site-packages/airflow/example_dags/example_task_group.py for tasks to queue
[2025-05-24T05:04:53.720+0530] {logging_mixin.py:188} INFO - [2025-05-24T05:04:53.720+0530] {dagbag.py:540} INFO - Filling up the DagBag from /Library/Frameworks/Python.framework/Versions/3.12/lib/python3.12/site-packages/airflow/example_dags/example_task_group.py
[2025-05-24T05:04:53.728+0530] {processor.py:840} INFO - DAG(s) 'example_task_group' retrieved from /Library/Frameworks/Python.framework/Versions/3.12/lib/python3.12/site-packages/airflow/example_dags/example_task_group.py
[2025-05-24T05:04:53.864+0530] {logging_mixin.py:188} INFO - [2025-05-24T05:04:53.864+0530] {dag.py:3096} INFO - Sync 1 DAGs
[2025-05-24T05:04:53.880+0530] {logging_mixin.py:188} INFO - [2025-05-24T05:04:53.880+0530] {dag.py:3954} INFO - Setting next_dagrun for example_task_group to 2025-05-22 00:00:00+00:00, run_after=2025-05-23 00:00:00+00:00
[2025-05-24T05:04:53.900+0530] {processor.py:183} INFO - Processing /Library/Frameworks/Python.framework/Versions/3.12/lib/python3.12/site-packages/airflow/example_dags/example_task_group.py took 0.186 seconds
[2025-05-24T05:06:46.973+0530] {processor.py:161} INFO - Started process (PID=18039) to work on /Library/Frameworks/Python.framework/Versions/3.12/lib/python3.12/site-packages/airflow/example_dags/example_task_group.py
[2025-05-24T05:06:46.974+0530] {processor.py:830} INFO - Processing file /Library/Frameworks/Python.framework/Versions/3.12/lib/python3.12/site-packages/airflow/example_dags/example_task_group.py for tasks to queue
[2025-05-24T05:06:46.975+0530] {logging_mixin.py:188} INFO - [2025-05-24T05:06:46.975+0530] {dagbag.py:540} INFO - Filling up the DagBag from /Library/Frameworks/Python.framework/Versions/3.12/lib/python3.12/site-packages/airflow/example_dags/example_task_group.py
[2025-05-24T05:06:46.983+0530] {processor.py:840} INFO - DAG(s) 'example_task_group' retrieved from /Library/Frameworks/Python.framework/Versions/3.12/lib/python3.12/site-packages/airflow/example_dags/example_task_group.py
[2025-05-24T05:06:47.113+0530] {logging_mixin.py:188} INFO - [2025-05-24T05:06:47.113+0530] {dag.py:3096} INFO - Sync 1 DAGs
[2025-05-24T05:06:47.130+0530] {logging_mixin.py:188} INFO - [2025-05-24T05:06:47.130+0530] {dag.py:3954} INFO - Setting next_dagrun for example_task_group to 2025-05-22 00:00:00+00:00, run_after=2025-05-23 00:00:00+00:00
[2025-05-24T05:06:47.146+0530] {processor.py:183} INFO - Processing /Library/Frameworks/Python.framework/Versions/3.12/lib/python3.12/site-packages/airflow/example_dags/example_task_group.py took 0.177 seconds
[2025-05-24T05:08:35.267+0530] {processor.py:161} INFO - Started process (PID=18090) to work on /Library/Frameworks/Python.framework/Versions/3.12/lib/python3.12/site-packages/airflow/example_dags/example_task_group.py
[2025-05-24T05:08:35.270+0530] {processor.py:830} INFO - Processing file /Library/Frameworks/Python.framework/Versions/3.12/lib/python3.12/site-packages/airflow/example_dags/example_task_group.py for tasks to queue
[2025-05-24T05:08:35.270+0530] {logging_mixin.py:188} INFO - [2025-05-24T05:08:35.270+0530] {dagbag.py:540} INFO - Filling up the DagBag from /Library/Frameworks/Python.framework/Versions/3.12/lib/python3.12/site-packages/airflow/example_dags/example_task_group.py
[2025-05-24T05:08:35.278+0530] {processor.py:840} INFO - DAG(s) 'example_task_group' retrieved from /Library/Frameworks/Python.framework/Versions/3.12/lib/python3.12/site-packages/airflow/example_dags/example_task_group.py
[2025-05-24T05:08:35.412+0530] {logging_mixin.py:188} INFO - [2025-05-24T05:08:35.412+0530] {dag.py:3096} INFO - Sync 1 DAGs
[2025-05-24T05:08:35.428+0530] {logging_mixin.py:188} INFO - [2025-05-24T05:08:35.428+0530] {dag.py:3954} INFO - Setting next_dagrun for example_task_group to 2025-05-22 00:00:00+00:00, run_after=2025-05-23 00:00:00+00:00
[2025-05-24T05:08:35.445+0530] {processor.py:183} INFO - Processing /Library/Frameworks/Python.framework/Versions/3.12/lib/python3.12/site-packages/airflow/example_dags/example_task_group.py took 0.181 seconds
[2025-05-24T05:13:06.355+0530] {processor.py:161} INFO - Started process (PID=18178) to work on /Library/Frameworks/Python.framework/Versions/3.12/lib/python3.12/site-packages/airflow/example_dags/example_task_group.py
[2025-05-24T05:13:06.358+0530] {processor.py:830} INFO - Processing file /Library/Frameworks/Python.framework/Versions/3.12/lib/python3.12/site-packages/airflow/example_dags/example_task_group.py for tasks to queue
[2025-05-24T05:13:06.359+0530] {logging_mixin.py:188} INFO - [2025-05-24T05:13:06.359+0530] {dagbag.py:540} INFO - Filling up the DagBag from /Library/Frameworks/Python.framework/Versions/3.12/lib/python3.12/site-packages/airflow/example_dags/example_task_group.py
[2025-05-24T05:13:06.367+0530] {processor.py:840} INFO - DAG(s) 'example_task_group' retrieved from /Library/Frameworks/Python.framework/Versions/3.12/lib/python3.12/site-packages/airflow/example_dags/example_task_group.py
[2025-05-24T05:13:06.518+0530] {logging_mixin.py:188} INFO - [2025-05-24T05:13:06.518+0530] {dag.py:3096} INFO - Sync 1 DAGs
[2025-05-24T05:13:06.534+0530] {logging_mixin.py:188} INFO - [2025-05-24T05:13:06.534+0530] {dag.py:3954} INFO - Setting next_dagrun for example_task_group to 2025-05-22 00:00:00+00:00, run_after=2025-05-23 00:00:00+00:00
[2025-05-24T05:13:06.553+0530] {processor.py:183} INFO - Processing /Library/Frameworks/Python.framework/Versions/3.12/lib/python3.12/site-packages/airflow/example_dags/example_task_group.py took 0.202 seconds
[2025-05-24T05:15:07.789+0530] {processor.py:161} INFO - Started process (PID=18300) to work on /Library/Frameworks/Python.framework/Versions/3.12/lib/python3.12/site-packages/airflow/example_dags/example_task_group.py
[2025-05-24T05:15:07.791+0530] {processor.py:830} INFO - Processing file /Library/Frameworks/Python.framework/Versions/3.12/lib/python3.12/site-packages/airflow/example_dags/example_task_group.py for tasks to queue
[2025-05-24T05:15:07.792+0530] {logging_mixin.py:188} INFO - [2025-05-24T05:15:07.792+0530] {dagbag.py:540} INFO - Filling up the DagBag from /Library/Frameworks/Python.framework/Versions/3.12/lib/python3.12/site-packages/airflow/example_dags/example_task_group.py
[2025-05-24T05:15:07.801+0530] {processor.py:840} INFO - DAG(s) 'example_task_group' retrieved from /Library/Frameworks/Python.framework/Versions/3.12/lib/python3.12/site-packages/airflow/example_dags/example_task_group.py
[2025-05-24T05:15:07.949+0530] {logging_mixin.py:188} INFO - [2025-05-24T05:15:07.948+0530] {dag.py:3096} INFO - Sync 1 DAGs
[2025-05-24T05:15:07.966+0530] {logging_mixin.py:188} INFO - [2025-05-24T05:15:07.966+0530] {dag.py:3954} INFO - Setting next_dagrun for example_task_group to 2025-05-22 00:00:00+00:00, run_after=2025-05-23 00:00:00+00:00
[2025-05-24T05:15:07.984+0530] {processor.py:183} INFO - Processing /Library/Frameworks/Python.framework/Versions/3.12/lib/python3.12/site-packages/airflow/example_dags/example_task_group.py took 0.199 seconds
[2025-05-24T05:17:09.763+0530] {processor.py:161} INFO - Started process (PID=18446) to work on /Library/Frameworks/Python.framework/Versions/3.12/lib/python3.12/site-packages/airflow/example_dags/example_task_group.py
[2025-05-24T05:17:09.765+0530] {processor.py:830} INFO - Processing file /Library/Frameworks/Python.framework/Versions/3.12/lib/python3.12/site-packages/airflow/example_dags/example_task_group.py for tasks to queue
[2025-05-24T05:17:09.766+0530] {logging_mixin.py:188} INFO - [2025-05-24T05:17:09.766+0530] {dagbag.py:540} INFO - Filling up the DagBag from /Library/Frameworks/Python.framework/Versions/3.12/lib/python3.12/site-packages/airflow/example_dags/example_task_group.py
[2025-05-24T05:17:09.775+0530] {processor.py:840} INFO - DAG(s) 'example_task_group' retrieved from /Library/Frameworks/Python.framework/Versions/3.12/lib/python3.12/site-packages/airflow/example_dags/example_task_group.py
[2025-05-24T05:17:09.928+0530] {logging_mixin.py:188} INFO - [2025-05-24T05:17:09.928+0530] {dag.py:3096} INFO - Sync 1 DAGs
[2025-05-24T05:17:09.947+0530] {logging_mixin.py:188} INFO - [2025-05-24T05:17:09.947+0530] {dag.py:3954} INFO - Setting next_dagrun for example_task_group to 2025-05-22 00:00:00+00:00, run_after=2025-05-23 00:00:00+00:00
[2025-05-24T05:17:09.965+0530] {processor.py:183} INFO - Processing /Library/Frameworks/Python.framework/Versions/3.12/lib/python3.12/site-packages/airflow/example_dags/example_task_group.py took 0.205 seconds
