[2025-05-24T04:23:52.702+0530] {processor.py:161} INFO - Started process (PID=15669) to work on /Library/Frameworks/Python.framework/Versions/3.12/lib/python3.12/site-packages/airflow/example_dags/example_latest_only_with_trigger.py
[2025-05-24T04:23:52.704+0530] {processor.py:830} INFO - Processing file /Library/Frameworks/Python.framework/Versions/3.12/lib/python3.12/site-packages/airflow/example_dags/example_latest_only_with_trigger.py for tasks to queue
[2025-05-24T04:23:52.705+0530] {logging_mixin.py:188} INFO - [2025-05-24T04:23:52.704+0530] {dagbag.py:540} INFO - Filling up the DagBag from /Library/Frameworks/Python.framework/Versions/3.12/lib/python3.12/site-packages/airflow/example_dags/example_latest_only_with_trigger.py
[2025-05-24T04:23:52.713+0530] {processor.py:840} INFO - DAG(s) 'latest_only_with_trigger' retrieved from /Library/Frameworks/Python.framework/Versions/3.12/lib/python3.12/site-packages/airflow/example_dags/example_latest_only_with_trigger.py
[2025-05-24T04:23:52.939+0530] {logging_mixin.py:188} INFO - [2025-05-24T04:23:52.939+0530] {dag.py:3096} INFO - Sync 1 DAGs
[2025-05-24T04:23:52.952+0530] {logging_mixin.py:188} INFO - [2025-05-24T04:23:52.952+0530] {dag.py:3954} INFO - Setting next_dagrun for latest_only_with_trigger to 2025-05-23 16:00:00+00:00, run_after=2025-05-23 20:00:00+00:00
[2025-05-24T04:23:52.968+0530] {processor.py:183} INFO - Processing /Library/Frameworks/Python.framework/Versions/3.12/lib/python3.12/site-packages/airflow/example_dags/example_latest_only_with_trigger.py took 0.270 seconds
[2025-05-24T04:26:27.709+0530] {processor.py:161} INFO - Started process (PID=15772) to work on /Library/Frameworks/Python.framework/Versions/3.12/lib/python3.12/site-packages/airflow/example_dags/example_latest_only_with_trigger.py
[2025-05-24T04:26:27.710+0530] {processor.py:830} INFO - Processing file /Library/Frameworks/Python.framework/Versions/3.12/lib/python3.12/site-packages/airflow/example_dags/example_latest_only_with_trigger.py for tasks to queue
[2025-05-24T04:26:27.711+0530] {logging_mixin.py:188} INFO - [2025-05-24T04:26:27.711+0530] {dagbag.py:540} INFO - Filling up the DagBag from /Library/Frameworks/Python.framework/Versions/3.12/lib/python3.12/site-packages/airflow/example_dags/example_latest_only_with_trigger.py
[2025-05-24T04:26:27.719+0530] {processor.py:840} INFO - DAG(s) 'latest_only_with_trigger' retrieved from /Library/Frameworks/Python.framework/Versions/3.12/lib/python3.12/site-packages/airflow/example_dags/example_latest_only_with_trigger.py
[2025-05-24T04:26:27.853+0530] {logging_mixin.py:188} INFO - [2025-05-24T04:26:27.853+0530] {dag.py:3096} INFO - Sync 1 DAGs
[2025-05-24T04:26:27.871+0530] {logging_mixin.py:188} INFO - [2025-05-24T04:26:27.870+0530] {dag.py:3954} INFO - Setting next_dagrun for latest_only_with_trigger to 2025-05-23 16:00:00+00:00, run_after=2025-05-23 20:00:00+00:00
[2025-05-24T04:26:27.890+0530] {processor.py:183} INFO - Processing /Library/Frameworks/Python.framework/Versions/3.12/lib/python3.12/site-packages/airflow/example_dags/example_latest_only_with_trigger.py took 0.184 seconds
[2025-05-24T04:30:17.376+0530] {processor.py:161} INFO - Started process (PID=15890) to work on /Library/Frameworks/Python.framework/Versions/3.12/lib/python3.12/site-packages/airflow/example_dags/example_latest_only_with_trigger.py
[2025-05-24T04:30:17.376+0530] {processor.py:830} INFO - Processing file /Library/Frameworks/Python.framework/Versions/3.12/lib/python3.12/site-packages/airflow/example_dags/example_latest_only_with_trigger.py for tasks to queue
[2025-05-24T04:30:17.377+0530] {logging_mixin.py:188} INFO - [2025-05-24T04:30:17.377+0530] {dagbag.py:540} INFO - Filling up the DagBag from /Library/Frameworks/Python.framework/Versions/3.12/lib/python3.12/site-packages/airflow/example_dags/example_latest_only_with_trigger.py
[2025-05-24T04:30:17.385+0530] {processor.py:840} INFO - DAG(s) 'latest_only_with_trigger' retrieved from /Library/Frameworks/Python.framework/Versions/3.12/lib/python3.12/site-packages/airflow/example_dags/example_latest_only_with_trigger.py
[2025-05-24T04:30:17.546+0530] {logging_mixin.py:188} INFO - [2025-05-24T04:30:17.545+0530] {dag.py:3096} INFO - Sync 1 DAGs
[2025-05-24T04:30:17.564+0530] {logging_mixin.py:188} INFO - [2025-05-24T04:30:17.563+0530] {dag.py:3954} INFO - Setting next_dagrun for latest_only_with_trigger to 2025-05-23 16:00:00+00:00, run_after=2025-05-23 20:00:00+00:00
[2025-05-24T04:30:17.582+0530] {processor.py:183} INFO - Processing /Library/Frameworks/Python.framework/Versions/3.12/lib/python3.12/site-packages/airflow/example_dags/example_latest_only_with_trigger.py took 0.209 seconds
[2025-05-24T04:34:14.257+0530] {processor.py:161} INFO - Started process (PID=16025) to work on /Library/Frameworks/Python.framework/Versions/3.12/lib/python3.12/site-packages/airflow/example_dags/example_latest_only_with_trigger.py
[2025-05-24T04:34:14.259+0530] {processor.py:830} INFO - Processing file /Library/Frameworks/Python.framework/Versions/3.12/lib/python3.12/site-packages/airflow/example_dags/example_latest_only_with_trigger.py for tasks to queue
[2025-05-24T04:34:14.259+0530] {logging_mixin.py:188} INFO - [2025-05-24T04:34:14.259+0530] {dagbag.py:540} INFO - Filling up the DagBag from /Library/Frameworks/Python.framework/Versions/3.12/lib/python3.12/site-packages/airflow/example_dags/example_latest_only_with_trigger.py
[2025-05-24T04:34:14.268+0530] {processor.py:840} INFO - DAG(s) 'latest_only_with_trigger' retrieved from /Library/Frameworks/Python.framework/Versions/3.12/lib/python3.12/site-packages/airflow/example_dags/example_latest_only_with_trigger.py
[2025-05-24T04:34:14.420+0530] {logging_mixin.py:188} INFO - [2025-05-24T04:34:14.419+0530] {dag.py:3096} INFO - Sync 1 DAGs
[2025-05-24T04:34:14.438+0530] {logging_mixin.py:188} INFO - [2025-05-24T04:34:14.438+0530] {dag.py:3954} INFO - Setting next_dagrun for latest_only_with_trigger to 2025-05-23 16:00:00+00:00, run_after=2025-05-23 20:00:00+00:00
[2025-05-24T04:34:14.456+0530] {processor.py:183} INFO - Processing /Library/Frameworks/Python.framework/Versions/3.12/lib/python3.12/site-packages/airflow/example_dags/example_latest_only_with_trigger.py took 0.202 seconds
[2025-05-24T04:38:11.907+0530] {processor.py:161} INFO - Started process (PID=16166) to work on /Library/Frameworks/Python.framework/Versions/3.12/lib/python3.12/site-packages/airflow/example_dags/example_latest_only_with_trigger.py
[2025-05-24T04:38:11.909+0530] {processor.py:830} INFO - Processing file /Library/Frameworks/Python.framework/Versions/3.12/lib/python3.12/site-packages/airflow/example_dags/example_latest_only_with_trigger.py for tasks to queue
[2025-05-24T04:38:11.909+0530] {logging_mixin.py:188} INFO - [2025-05-24T04:38:11.909+0530] {dagbag.py:540} INFO - Filling up the DagBag from /Library/Frameworks/Python.framework/Versions/3.12/lib/python3.12/site-packages/airflow/example_dags/example_latest_only_with_trigger.py
[2025-05-24T04:38:11.918+0530] {processor.py:840} INFO - DAG(s) 'latest_only_with_trigger' retrieved from /Library/Frameworks/Python.framework/Versions/3.12/lib/python3.12/site-packages/airflow/example_dags/example_latest_only_with_trigger.py
[2025-05-24T04:38:12.060+0530] {logging_mixin.py:188} INFO - [2025-05-24T04:38:12.060+0530] {dag.py:3096} INFO - Sync 1 DAGs
[2025-05-24T04:38:12.077+0530] {logging_mixin.py:188} INFO - [2025-05-24T04:38:12.077+0530] {dag.py:3954} INFO - Setting next_dagrun for latest_only_with_trigger to 2025-05-23 16:00:00+00:00, run_after=2025-05-23 20:00:00+00:00
[2025-05-24T04:38:12.095+0530] {processor.py:183} INFO - Processing /Library/Frameworks/Python.framework/Versions/3.12/lib/python3.12/site-packages/airflow/example_dags/example_latest_only_with_trigger.py took 0.191 seconds
[2025-05-24T04:40:18.046+0530] {processor.py:161} INFO - Started process (PID=16232) to work on /Library/Frameworks/Python.framework/Versions/3.12/lib/python3.12/site-packages/airflow/example_dags/example_latest_only_with_trigger.py
[2025-05-24T04:40:18.047+0530] {processor.py:830} INFO - Processing file /Library/Frameworks/Python.framework/Versions/3.12/lib/python3.12/site-packages/airflow/example_dags/example_latest_only_with_trigger.py for tasks to queue
[2025-05-24T04:40:18.048+0530] {logging_mixin.py:188} INFO - [2025-05-24T04:40:18.048+0530] {dagbag.py:540} INFO - Filling up the DagBag from /Library/Frameworks/Python.framework/Versions/3.12/lib/python3.12/site-packages/airflow/example_dags/example_latest_only_with_trigger.py
[2025-05-24T04:40:18.057+0530] {processor.py:840} INFO - DAG(s) 'latest_only_with_trigger' retrieved from /Library/Frameworks/Python.framework/Versions/3.12/lib/python3.12/site-packages/airflow/example_dags/example_latest_only_with_trigger.py
[2025-05-24T04:40:18.210+0530] {logging_mixin.py:188} INFO - [2025-05-24T04:40:18.210+0530] {dag.py:3096} INFO - Sync 1 DAGs
[2025-05-24T04:40:18.229+0530] {logging_mixin.py:188} INFO - [2025-05-24T04:40:18.229+0530] {dag.py:3954} INFO - Setting next_dagrun for latest_only_with_trigger to 2025-05-23 16:00:00+00:00, run_after=2025-05-23 20:00:00+00:00
[2025-05-24T04:40:18.248+0530] {processor.py:183} INFO - Processing /Library/Frameworks/Python.framework/Versions/3.12/lib/python3.12/site-packages/airflow/example_dags/example_latest_only_with_trigger.py took 0.206 seconds
[2025-05-24T04:44:20.985+0530] {processor.py:161} INFO - Started process (PID=17082) to work on /Library/Frameworks/Python.framework/Versions/3.12/lib/python3.12/site-packages/airflow/example_dags/example_latest_only_with_trigger.py
[2025-05-24T04:44:20.986+0530] {processor.py:830} INFO - Processing file /Library/Frameworks/Python.framework/Versions/3.12/lib/python3.12/site-packages/airflow/example_dags/example_latest_only_with_trigger.py for tasks to queue
[2025-05-24T04:44:20.987+0530] {logging_mixin.py:188} INFO - [2025-05-24T04:44:20.987+0530] {dagbag.py:540} INFO - Filling up the DagBag from /Library/Frameworks/Python.framework/Versions/3.12/lib/python3.12/site-packages/airflow/example_dags/example_latest_only_with_trigger.py
[2025-05-24T04:44:20.994+0530] {processor.py:840} INFO - DAG(s) 'latest_only_with_trigger' retrieved from /Library/Frameworks/Python.framework/Versions/3.12/lib/python3.12/site-packages/airflow/example_dags/example_latest_only_with_trigger.py
[2025-05-24T04:44:21.166+0530] {logging_mixin.py:188} INFO - [2025-05-24T04:44:21.165+0530] {dag.py:3096} INFO - Sync 1 DAGs
[2025-05-24T04:44:21.184+0530] {logging_mixin.py:188} INFO - [2025-05-24T04:44:21.184+0530] {dag.py:3954} INFO - Setting next_dagrun for latest_only_with_trigger to 2025-05-23 16:00:00+00:00, run_after=2025-05-23 20:00:00+00:00
[2025-05-24T04:44:21.202+0530] {processor.py:183} INFO - Processing /Library/Frameworks/Python.framework/Versions/3.12/lib/python3.12/site-packages/airflow/example_dags/example_latest_only_with_trigger.py took 0.221 seconds
[2025-05-24T04:48:16.649+0530] {processor.py:161} INFO - Started process (PID=17411) to work on /Library/Frameworks/Python.framework/Versions/3.12/lib/python3.12/site-packages/airflow/example_dags/example_latest_only_with_trigger.py
[2025-05-24T04:48:16.651+0530] {processor.py:830} INFO - Processing file /Library/Frameworks/Python.framework/Versions/3.12/lib/python3.12/site-packages/airflow/example_dags/example_latest_only_with_trigger.py for tasks to queue
[2025-05-24T04:48:16.652+0530] {logging_mixin.py:188} INFO - [2025-05-24T04:48:16.651+0530] {dagbag.py:540} INFO - Filling up the DagBag from /Library/Frameworks/Python.framework/Versions/3.12/lib/python3.12/site-packages/airflow/example_dags/example_latest_only_with_trigger.py
[2025-05-24T04:48:16.660+0530] {processor.py:840} INFO - DAG(s) 'latest_only_with_trigger' retrieved from /Library/Frameworks/Python.framework/Versions/3.12/lib/python3.12/site-packages/airflow/example_dags/example_latest_only_with_trigger.py
[2025-05-24T04:48:16.795+0530] {logging_mixin.py:188} INFO - [2025-05-24T04:48:16.794+0530] {dag.py:3096} INFO - Sync 1 DAGs
[2025-05-24T04:48:16.812+0530] {logging_mixin.py:188} INFO - [2025-05-24T04:48:16.812+0530] {dag.py:3954} INFO - Setting next_dagrun for latest_only_with_trigger to 2025-05-23 16:00:00+00:00, run_after=2025-05-23 20:00:00+00:00
[2025-05-24T04:48:16.830+0530] {processor.py:183} INFO - Processing /Library/Frameworks/Python.framework/Versions/3.12/lib/python3.12/site-packages/airflow/example_dags/example_latest_only_with_trigger.py took 0.185 seconds
[2025-05-24T04:52:16.757+0530] {processor.py:161} INFO - Started process (PID=17562) to work on /Library/Frameworks/Python.framework/Versions/3.12/lib/python3.12/site-packages/airflow/example_dags/example_latest_only_with_trigger.py
[2025-05-24T04:52:16.758+0530] {processor.py:830} INFO - Processing file /Library/Frameworks/Python.framework/Versions/3.12/lib/python3.12/site-packages/airflow/example_dags/example_latest_only_with_trigger.py for tasks to queue
[2025-05-24T04:52:16.760+0530] {logging_mixin.py:188} INFO - [2025-05-24T04:52:16.759+0530] {dagbag.py:540} INFO - Filling up the DagBag from /Library/Frameworks/Python.framework/Versions/3.12/lib/python3.12/site-packages/airflow/example_dags/example_latest_only_with_trigger.py
[2025-05-24T04:52:16.769+0530] {processor.py:840} INFO - DAG(s) 'latest_only_with_trigger' retrieved from /Library/Frameworks/Python.framework/Versions/3.12/lib/python3.12/site-packages/airflow/example_dags/example_latest_only_with_trigger.py
[2025-05-24T04:52:16.909+0530] {logging_mixin.py:188} INFO - [2025-05-24T04:52:16.908+0530] {dag.py:3096} INFO - Sync 1 DAGs
[2025-05-24T04:52:16.926+0530] {logging_mixin.py:188} INFO - [2025-05-24T04:52:16.926+0530] {dag.py:3954} INFO - Setting next_dagrun for latest_only_with_trigger to 2025-05-23 16:00:00+00:00, run_after=2025-05-23 20:00:00+00:00
[2025-05-24T04:52:16.945+0530] {processor.py:183} INFO - Processing /Library/Frameworks/Python.framework/Versions/3.12/lib/python3.12/site-packages/airflow/example_dags/example_latest_only_with_trigger.py took 0.191 seconds
[2025-05-24T04:56:04.831+0530] {processor.py:161} INFO - Started process (PID=17693) to work on /Library/Frameworks/Python.framework/Versions/3.12/lib/python3.12/site-packages/airflow/example_dags/example_latest_only_with_trigger.py
[2025-05-24T04:56:04.833+0530] {processor.py:830} INFO - Processing file /Library/Frameworks/Python.framework/Versions/3.12/lib/python3.12/site-packages/airflow/example_dags/example_latest_only_with_trigger.py for tasks to queue
[2025-05-24T04:56:04.834+0530] {logging_mixin.py:188} INFO - [2025-05-24T04:56:04.833+0530] {dagbag.py:540} INFO - Filling up the DagBag from /Library/Frameworks/Python.framework/Versions/3.12/lib/python3.12/site-packages/airflow/example_dags/example_latest_only_with_trigger.py
[2025-05-24T04:56:04.842+0530] {processor.py:840} INFO - DAG(s) 'latest_only_with_trigger' retrieved from /Library/Frameworks/Python.framework/Versions/3.12/lib/python3.12/site-packages/airflow/example_dags/example_latest_only_with_trigger.py
[2025-05-24T04:56:04.993+0530] {logging_mixin.py:188} INFO - [2025-05-24T04:56:04.993+0530] {dag.py:3096} INFO - Sync 1 DAGs
[2025-05-24T04:56:05.012+0530] {logging_mixin.py:188} INFO - [2025-05-24T04:56:05.012+0530] {dag.py:3954} INFO - Setting next_dagrun for latest_only_with_trigger to 2025-05-23 16:00:00+00:00, run_after=2025-05-23 20:00:00+00:00
[2025-05-24T04:56:05.030+0530] {processor.py:183} INFO - Processing /Library/Frameworks/Python.framework/Versions/3.12/lib/python3.12/site-packages/airflow/example_dags/example_latest_only_with_trigger.py took 0.203 seconds
[2025-05-24T04:59:53.324+0530] {processor.py:161} INFO - Started process (PID=17834) to work on /Library/Frameworks/Python.framework/Versions/3.12/lib/python3.12/site-packages/airflow/example_dags/example_latest_only_with_trigger.py
[2025-05-24T04:59:53.326+0530] {processor.py:830} INFO - Processing file /Library/Frameworks/Python.framework/Versions/3.12/lib/python3.12/site-packages/airflow/example_dags/example_latest_only_with_trigger.py for tasks to queue
[2025-05-24T04:59:53.326+0530] {logging_mixin.py:188} INFO - [2025-05-24T04:59:53.326+0530] {dagbag.py:540} INFO - Filling up the DagBag from /Library/Frameworks/Python.framework/Versions/3.12/lib/python3.12/site-packages/airflow/example_dags/example_latest_only_with_trigger.py
[2025-05-24T04:59:53.335+0530] {processor.py:840} INFO - DAG(s) 'latest_only_with_trigger' retrieved from /Library/Frameworks/Python.framework/Versions/3.12/lib/python3.12/site-packages/airflow/example_dags/example_latest_only_with_trigger.py
[2025-05-24T04:59:53.462+0530] {logging_mixin.py:188} INFO - [2025-05-24T04:59:53.462+0530] {dag.py:3096} INFO - Sync 1 DAGs
[2025-05-24T04:59:53.480+0530] {logging_mixin.py:188} INFO - [2025-05-24T04:59:53.480+0530] {dag.py:3954} INFO - Setting next_dagrun for latest_only_with_trigger to 2025-05-23 16:00:00+00:00, run_after=2025-05-23 20:00:00+00:00
[2025-05-24T04:59:53.496+0530] {processor.py:183} INFO - Processing /Library/Frameworks/Python.framework/Versions/3.12/lib/python3.12/site-packages/airflow/example_dags/example_latest_only_with_trigger.py took 0.176 seconds
[2025-05-24T05:03:39.392+0530] {processor.py:161} INFO - Started process (PID=17956) to work on /Library/Frameworks/Python.framework/Versions/3.12/lib/python3.12/site-packages/airflow/example_dags/example_latest_only_with_trigger.py
[2025-05-24T05:03:39.393+0530] {processor.py:830} INFO - Processing file /Library/Frameworks/Python.framework/Versions/3.12/lib/python3.12/site-packages/airflow/example_dags/example_latest_only_with_trigger.py for tasks to queue
[2025-05-24T05:03:39.394+0530] {logging_mixin.py:188} INFO - [2025-05-24T05:03:39.394+0530] {dagbag.py:540} INFO - Filling up the DagBag from /Library/Frameworks/Python.framework/Versions/3.12/lib/python3.12/site-packages/airflow/example_dags/example_latest_only_with_trigger.py
[2025-05-24T05:03:39.402+0530] {processor.py:840} INFO - DAG(s) 'latest_only_with_trigger' retrieved from /Library/Frameworks/Python.framework/Versions/3.12/lib/python3.12/site-packages/airflow/example_dags/example_latest_only_with_trigger.py
[2025-05-24T05:03:39.529+0530] {logging_mixin.py:188} INFO - [2025-05-24T05:03:39.529+0530] {dag.py:3096} INFO - Sync 1 DAGs
[2025-05-24T05:03:39.547+0530] {logging_mixin.py:188} INFO - [2025-05-24T05:03:39.547+0530] {dag.py:3954} INFO - Setting next_dagrun for latest_only_with_trigger to 2025-05-23 16:00:00+00:00, run_after=2025-05-23 20:00:00+00:00
[2025-05-24T05:03:39.563+0530] {processor.py:183} INFO - Processing /Library/Frameworks/Python.framework/Versions/3.12/lib/python3.12/site-packages/airflow/example_dags/example_latest_only_with_trigger.py took 0.175 seconds
[2025-05-24T05:07:25.085+0530] {processor.py:161} INFO - Started process (PID=18057) to work on /Library/Frameworks/Python.framework/Versions/3.12/lib/python3.12/site-packages/airflow/example_dags/example_latest_only_with_trigger.py
[2025-05-24T05:07:25.087+0530] {processor.py:830} INFO - Processing file /Library/Frameworks/Python.framework/Versions/3.12/lib/python3.12/site-packages/airflow/example_dags/example_latest_only_with_trigger.py for tasks to queue
[2025-05-24T05:07:25.088+0530] {logging_mixin.py:188} INFO - [2025-05-24T05:07:25.088+0530] {dagbag.py:540} INFO - Filling up the DagBag from /Library/Frameworks/Python.framework/Versions/3.12/lib/python3.12/site-packages/airflow/example_dags/example_latest_only_with_trigger.py
[2025-05-24T05:07:25.096+0530] {processor.py:840} INFO - DAG(s) 'latest_only_with_trigger' retrieved from /Library/Frameworks/Python.framework/Versions/3.12/lib/python3.12/site-packages/airflow/example_dags/example_latest_only_with_trigger.py
[2025-05-24T05:07:25.219+0530] {logging_mixin.py:188} INFO - [2025-05-24T05:07:25.219+0530] {dag.py:3096} INFO - Sync 1 DAGs
[2025-05-24T05:07:25.238+0530] {logging_mixin.py:188} INFO - [2025-05-24T05:07:25.237+0530] {dag.py:3954} INFO - Setting next_dagrun for latest_only_with_trigger to 2025-05-23 16:00:00+00:00, run_after=2025-05-23 20:00:00+00:00
[2025-05-24T05:07:25.256+0530] {processor.py:183} INFO - Processing /Library/Frameworks/Python.framework/Versions/3.12/lib/python3.12/site-packages/airflow/example_dags/example_latest_only_with_trigger.py took 0.174 seconds
[2025-05-24T05:13:49.278+0530] {processor.py:161} INFO - Started process (PID=18205) to work on /Library/Frameworks/Python.framework/Versions/3.12/lib/python3.12/site-packages/airflow/example_dags/example_latest_only_with_trigger.py
[2025-05-24T05:13:49.280+0530] {processor.py:830} INFO - Processing file /Library/Frameworks/Python.framework/Versions/3.12/lib/python3.12/site-packages/airflow/example_dags/example_latest_only_with_trigger.py for tasks to queue
[2025-05-24T05:13:49.281+0530] {logging_mixin.py:188} INFO - [2025-05-24T05:13:49.280+0530] {dagbag.py:540} INFO - Filling up the DagBag from /Library/Frameworks/Python.framework/Versions/3.12/lib/python3.12/site-packages/airflow/example_dags/example_latest_only_with_trigger.py
[2025-05-24T05:13:49.290+0530] {processor.py:840} INFO - DAG(s) 'latest_only_with_trigger' retrieved from /Library/Frameworks/Python.framework/Versions/3.12/lib/python3.12/site-packages/airflow/example_dags/example_latest_only_with_trigger.py
[2025-05-24T05:13:49.434+0530] {logging_mixin.py:188} INFO - [2025-05-24T05:13:49.433+0530] {dag.py:3096} INFO - Sync 1 DAGs
[2025-05-24T05:13:49.452+0530] {logging_mixin.py:188} INFO - [2025-05-24T05:13:49.452+0530] {dag.py:3954} INFO - Setting next_dagrun for latest_only_with_trigger to 2025-05-23 16:00:00+00:00, run_after=2025-05-23 20:00:00+00:00
[2025-05-24T05:13:49.470+0530] {processor.py:183} INFO - Processing /Library/Frameworks/Python.framework/Versions/3.12/lib/python3.12/site-packages/airflow/example_dags/example_latest_only_with_trigger.py took 0.196 seconds
[2025-05-24T05:17:52.840+0530] {processor.py:161} INFO - Started process (PID=18729) to work on /Library/Frameworks/Python.framework/Versions/3.12/lib/python3.12/site-packages/airflow/example_dags/example_latest_only_with_trigger.py
[2025-05-24T05:17:52.842+0530] {processor.py:830} INFO - Processing file /Library/Frameworks/Python.framework/Versions/3.12/lib/python3.12/site-packages/airflow/example_dags/example_latest_only_with_trigger.py for tasks to queue
[2025-05-24T05:17:52.842+0530] {logging_mixin.py:188} INFO - [2025-05-24T05:17:52.842+0530] {dagbag.py:540} INFO - Filling up the DagBag from /Library/Frameworks/Python.framework/Versions/3.12/lib/python3.12/site-packages/airflow/example_dags/example_latest_only_with_trigger.py
[2025-05-24T05:17:52.851+0530] {processor.py:840} INFO - DAG(s) 'latest_only_with_trigger' retrieved from /Library/Frameworks/Python.framework/Versions/3.12/lib/python3.12/site-packages/airflow/example_dags/example_latest_only_with_trigger.py
[2025-05-24T05:17:52.996+0530] {logging_mixin.py:188} INFO - [2025-05-24T05:17:52.996+0530] {dag.py:3096} INFO - Sync 1 DAGs
[2025-05-24T05:17:53.016+0530] {logging_mixin.py:188} INFO - [2025-05-24T05:17:53.015+0530] {dag.py:3954} INFO - Setting next_dagrun for latest_only_with_trigger to 2025-05-23 16:00:00+00:00, run_after=2025-05-23 20:00:00+00:00
[2025-05-24T05:17:53.033+0530] {processor.py:183} INFO - Processing /Library/Frameworks/Python.framework/Versions/3.12/lib/python3.12/site-packages/airflow/example_dags/example_latest_only_with_trigger.py took 0.197 seconds
[2025-05-24T05:21:44.202+0530] {processor.py:161} INFO - Started process (PID=19384) to work on /Library/Frameworks/Python.framework/Versions/3.12/lib/python3.12/site-packages/airflow/example_dags/example_latest_only_with_trigger.py
[2025-05-24T05:21:44.203+0530] {processor.py:830} INFO - Processing file /Library/Frameworks/Python.framework/Versions/3.12/lib/python3.12/site-packages/airflow/example_dags/example_latest_only_with_trigger.py for tasks to queue
[2025-05-24T05:21:44.204+0530] {logging_mixin.py:188} INFO - [2025-05-24T05:21:44.204+0530] {dagbag.py:540} INFO - Filling up the DagBag from /Library/Frameworks/Python.framework/Versions/3.12/lib/python3.12/site-packages/airflow/example_dags/example_latest_only_with_trigger.py
[2025-05-24T05:21:44.213+0530] {processor.py:840} INFO - DAG(s) 'latest_only_with_trigger' retrieved from /Library/Frameworks/Python.framework/Versions/3.12/lib/python3.12/site-packages/airflow/example_dags/example_latest_only_with_trigger.py
[2025-05-24T05:21:44.362+0530] {logging_mixin.py:188} INFO - [2025-05-24T05:21:44.362+0530] {dag.py:3096} INFO - Sync 1 DAGs
[2025-05-24T05:21:44.381+0530] {logging_mixin.py:188} INFO - [2025-05-24T05:21:44.381+0530] {dag.py:3954} INFO - Setting next_dagrun for latest_only_with_trigger to 2025-05-23 16:00:00+00:00, run_after=2025-05-23 20:00:00+00:00
[2025-05-24T05:21:44.400+0530] {processor.py:183} INFO - Processing /Library/Frameworks/Python.framework/Versions/3.12/lib/python3.12/site-packages/airflow/example_dags/example_latest_only_with_trigger.py took 0.201 seconds
