[2025-05-24T04:24:40.690+0530] {processor.py:161} INFO - Started process (PID=15701) to work on /Library/Frameworks/Python.framework/Versions/3.12/lib/python3.12/site-packages/airflow/example_dags/example_bash_operator.py
[2025-05-24T04:24:40.690+0530] {processor.py:830} INFO - Processing file /Library/Frameworks/Python.framework/Versions/3.12/lib/python3.12/site-packages/airflow/example_dags/example_bash_operator.py for tasks to queue
[2025-05-24T04:24:40.691+0530] {logging_mixin.py:188} INFO - [2025-05-24T04:24:40.691+0530] {dagbag.py:540} INFO - Filling up the DagBag from /Library/Frameworks/Python.framework/Versions/3.12/lib/python3.12/site-packages/airflow/example_dags/example_bash_operator.py
[2025-05-24T04:24:40.705+0530] {processor.py:840} INFO - DAG(s) 'example_bash_operator' retrieved from /Library/Frameworks/Python.framework/Versions/3.12/lib/python3.12/site-packages/airflow/example_dags/example_bash_operator.py
[2025-05-24T04:24:40.974+0530] {logging_mixin.py:188} INFO - [2025-05-24T04:24:40.973+0530] {dag.py:3096} INFO - Sync 1 DAGs
[2025-05-24T04:24:40.989+0530] {logging_mixin.py:188} INFO - [2025-05-24T04:24:40.989+0530] {dag.py:3954} INFO - Setting next_dagrun for example_bash_operator to 2025-05-22 00:00:00+00:00, run_after=2025-05-23 00:00:00+00:00
[2025-05-24T04:24:41.015+0530] {processor.py:183} INFO - Processing /Library/Frameworks/Python.framework/Versions/3.12/lib/python3.12/site-packages/airflow/example_dags/example_bash_operator.py took 0.329 seconds
[2025-05-24T04:28:37.923+0530] {processor.py:161} INFO - Started process (PID=15829) to work on /Library/Frameworks/Python.framework/Versions/3.12/lib/python3.12/site-packages/airflow/example_dags/example_bash_operator.py
[2025-05-24T04:28:37.924+0530] {processor.py:830} INFO - Processing file /Library/Frameworks/Python.framework/Versions/3.12/lib/python3.12/site-packages/airflow/example_dags/example_bash_operator.py for tasks to queue
[2025-05-24T04:28:37.925+0530] {logging_mixin.py:188} INFO - [2025-05-24T04:28:37.925+0530] {dagbag.py:540} INFO - Filling up the DagBag from /Library/Frameworks/Python.framework/Versions/3.12/lib/python3.12/site-packages/airflow/example_dags/example_bash_operator.py
[2025-05-24T04:28:37.937+0530] {processor.py:840} INFO - DAG(s) 'example_bash_operator' retrieved from /Library/Frameworks/Python.framework/Versions/3.12/lib/python3.12/site-packages/airflow/example_dags/example_bash_operator.py
[2025-05-24T04:28:38.081+0530] {logging_mixin.py:188} INFO - [2025-05-24T04:28:38.081+0530] {dag.py:3096} INFO - Sync 1 DAGs
[2025-05-24T04:28:38.099+0530] {logging_mixin.py:188} INFO - [2025-05-24T04:28:38.098+0530] {dag.py:3954} INFO - Setting next_dagrun for example_bash_operator to 2025-05-22 00:00:00+00:00, run_after=2025-05-23 00:00:00+00:00
[2025-05-24T04:28:38.116+0530] {processor.py:183} INFO - Processing /Library/Frameworks/Python.framework/Versions/3.12/lib/python3.12/site-packages/airflow/example_dags/example_bash_operator.py took 0.198 seconds
[2025-05-24T04:32:30.798+0530] {processor.py:161} INFO - Started process (PID=15959) to work on /Library/Frameworks/Python.framework/Versions/3.12/lib/python3.12/site-packages/airflow/example_dags/example_bash_operator.py
[2025-05-24T04:32:30.800+0530] {processor.py:830} INFO - Processing file /Library/Frameworks/Python.framework/Versions/3.12/lib/python3.12/site-packages/airflow/example_dags/example_bash_operator.py for tasks to queue
[2025-05-24T04:32:30.801+0530] {logging_mixin.py:188} INFO - [2025-05-24T04:32:30.801+0530] {dagbag.py:540} INFO - Filling up the DagBag from /Library/Frameworks/Python.framework/Versions/3.12/lib/python3.12/site-packages/airflow/example_dags/example_bash_operator.py
[2025-05-24T04:32:30.812+0530] {processor.py:840} INFO - DAG(s) 'example_bash_operator' retrieved from /Library/Frameworks/Python.framework/Versions/3.12/lib/python3.12/site-packages/airflow/example_dags/example_bash_operator.py
[2025-05-24T04:32:30.960+0530] {logging_mixin.py:188} INFO - [2025-05-24T04:32:30.960+0530] {dag.py:3096} INFO - Sync 1 DAGs
[2025-05-24T04:32:30.978+0530] {logging_mixin.py:188} INFO - [2025-05-24T04:32:30.978+0530] {dag.py:3954} INFO - Setting next_dagrun for example_bash_operator to 2025-05-22 00:00:00+00:00, run_after=2025-05-23 00:00:00+00:00
[2025-05-24T04:32:30.996+0530] {processor.py:183} INFO - Processing /Library/Frameworks/Python.framework/Versions/3.12/lib/python3.12/site-packages/airflow/example_dags/example_bash_operator.py took 0.200 seconds
[2025-05-24T04:36:39.751+0530] {processor.py:161} INFO - Started process (PID=16116) to work on /Library/Frameworks/Python.framework/Versions/3.12/lib/python3.12/site-packages/airflow/example_dags/example_bash_operator.py
[2025-05-24T04:36:39.753+0530] {processor.py:830} INFO - Processing file /Library/Frameworks/Python.framework/Versions/3.12/lib/python3.12/site-packages/airflow/example_dags/example_bash_operator.py for tasks to queue
[2025-05-24T04:36:39.754+0530] {logging_mixin.py:188} INFO - [2025-05-24T04:36:39.753+0530] {dagbag.py:540} INFO - Filling up the DagBag from /Library/Frameworks/Python.framework/Versions/3.12/lib/python3.12/site-packages/airflow/example_dags/example_bash_operator.py
[2025-05-24T04:36:39.765+0530] {processor.py:840} INFO - DAG(s) 'example_bash_operator' retrieved from /Library/Frameworks/Python.framework/Versions/3.12/lib/python3.12/site-packages/airflow/example_dags/example_bash_operator.py
[2025-05-24T04:36:39.912+0530] {logging_mixin.py:188} INFO - [2025-05-24T04:36:39.912+0530] {dag.py:3096} INFO - Sync 1 DAGs
[2025-05-24T04:36:39.931+0530] {logging_mixin.py:188} INFO - [2025-05-24T04:36:39.930+0530] {dag.py:3954} INFO - Setting next_dagrun for example_bash_operator to 2025-05-22 00:00:00+00:00, run_after=2025-05-23 00:00:00+00:00
[2025-05-24T04:36:39.949+0530] {processor.py:183} INFO - Processing /Library/Frameworks/Python.framework/Versions/3.12/lib/python3.12/site-packages/airflow/example_dags/example_bash_operator.py took 0.201 seconds
[2025-05-24T04:40:40.251+0530] {processor.py:161} INFO - Started process (PID=16241) to work on /Library/Frameworks/Python.framework/Versions/3.12/lib/python3.12/site-packages/airflow/example_dags/example_bash_operator.py
[2025-05-24T04:40:40.252+0530] {processor.py:830} INFO - Processing file /Library/Frameworks/Python.framework/Versions/3.12/lib/python3.12/site-packages/airflow/example_dags/example_bash_operator.py for tasks to queue
[2025-05-24T04:40:40.253+0530] {logging_mixin.py:188} INFO - [2025-05-24T04:40:40.252+0530] {dagbag.py:540} INFO - Filling up the DagBag from /Library/Frameworks/Python.framework/Versions/3.12/lib/python3.12/site-packages/airflow/example_dags/example_bash_operator.py
[2025-05-24T04:40:40.266+0530] {processor.py:840} INFO - DAG(s) 'example_bash_operator' retrieved from /Library/Frameworks/Python.framework/Versions/3.12/lib/python3.12/site-packages/airflow/example_dags/example_bash_operator.py
[2025-05-24T04:40:40.424+0530] {logging_mixin.py:188} INFO - [2025-05-24T04:40:40.424+0530] {dag.py:3096} INFO - Sync 1 DAGs
[2025-05-24T04:40:40.443+0530] {logging_mixin.py:188} INFO - [2025-05-24T04:40:40.443+0530] {dag.py:3954} INFO - Setting next_dagrun for example_bash_operator to 2025-05-22 00:00:00+00:00, run_after=2025-05-23 00:00:00+00:00
[2025-05-24T04:40:40.462+0530] {processor.py:183} INFO - Processing /Library/Frameworks/Python.framework/Versions/3.12/lib/python3.12/site-packages/airflow/example_dags/example_bash_operator.py took 0.213 seconds
[2025-05-24T04:44:45.359+0530] {processor.py:161} INFO - Started process (PID=17263) to work on /Library/Frameworks/Python.framework/Versions/3.12/lib/python3.12/site-packages/airflow/example_dags/example_bash_operator.py
[2025-05-24T04:44:45.361+0530] {processor.py:830} INFO - Processing file /Library/Frameworks/Python.framework/Versions/3.12/lib/python3.12/site-packages/airflow/example_dags/example_bash_operator.py for tasks to queue
[2025-05-24T04:44:45.362+0530] {logging_mixin.py:188} INFO - [2025-05-24T04:44:45.361+0530] {dagbag.py:540} INFO - Filling up the DagBag from /Library/Frameworks/Python.framework/Versions/3.12/lib/python3.12/site-packages/airflow/example_dags/example_bash_operator.py
[2025-05-24T04:44:45.374+0530] {processor.py:840} INFO - DAG(s) 'example_bash_operator' retrieved from /Library/Frameworks/Python.framework/Versions/3.12/lib/python3.12/site-packages/airflow/example_dags/example_bash_operator.py
[2025-05-24T04:44:45.533+0530] {logging_mixin.py:188} INFO - [2025-05-24T04:44:45.533+0530] {dag.py:3096} INFO - Sync 1 DAGs
[2025-05-24T04:44:45.551+0530] {logging_mixin.py:188} INFO - [2025-05-24T04:44:45.551+0530] {dag.py:3954} INFO - Setting next_dagrun for example_bash_operator to 2025-05-22 00:00:00+00:00, run_after=2025-05-23 00:00:00+00:00
[2025-05-24T04:44:45.571+0530] {processor.py:183} INFO - Processing /Library/Frameworks/Python.framework/Versions/3.12/lib/python3.12/site-packages/airflow/example_dags/example_bash_operator.py took 0.216 seconds
[2025-05-24T04:48:38.567+0530] {processor.py:161} INFO - Started process (PID=17421) to work on /Library/Frameworks/Python.framework/Versions/3.12/lib/python3.12/site-packages/airflow/example_dags/example_bash_operator.py
[2025-05-24T04:48:38.568+0530] {processor.py:830} INFO - Processing file /Library/Frameworks/Python.framework/Versions/3.12/lib/python3.12/site-packages/airflow/example_dags/example_bash_operator.py for tasks to queue
[2025-05-24T04:48:38.568+0530] {logging_mixin.py:188} INFO - [2025-05-24T04:48:38.568+0530] {dagbag.py:540} INFO - Filling up the DagBag from /Library/Frameworks/Python.framework/Versions/3.12/lib/python3.12/site-packages/airflow/example_dags/example_bash_operator.py
[2025-05-24T04:48:38.579+0530] {processor.py:840} INFO - DAG(s) 'example_bash_operator' retrieved from /Library/Frameworks/Python.framework/Versions/3.12/lib/python3.12/site-packages/airflow/example_dags/example_bash_operator.py
[2025-05-24T04:48:38.725+0530] {logging_mixin.py:188} INFO - [2025-05-24T04:48:38.724+0530] {dag.py:3096} INFO - Sync 1 DAGs
[2025-05-24T04:48:38.743+0530] {logging_mixin.py:188} INFO - [2025-05-24T04:48:38.743+0530] {dag.py:3954} INFO - Setting next_dagrun for example_bash_operator to 2025-05-22 00:00:00+00:00, run_after=2025-05-23 00:00:00+00:00
[2025-05-24T04:48:38.761+0530] {processor.py:183} INFO - Processing /Library/Frameworks/Python.framework/Versions/3.12/lib/python3.12/site-packages/airflow/example_dags/example_bash_operator.py took 0.197 seconds
[2025-05-24T04:52:38.572+0530] {processor.py:161} INFO - Started process (PID=17573) to work on /Library/Frameworks/Python.framework/Versions/3.12/lib/python3.12/site-packages/airflow/example_dags/example_bash_operator.py
[2025-05-24T04:52:38.573+0530] {processor.py:830} INFO - Processing file /Library/Frameworks/Python.framework/Versions/3.12/lib/python3.12/site-packages/airflow/example_dags/example_bash_operator.py for tasks to queue
[2025-05-24T04:52:38.573+0530] {logging_mixin.py:188} INFO - [2025-05-24T04:52:38.573+0530] {dagbag.py:540} INFO - Filling up the DagBag from /Library/Frameworks/Python.framework/Versions/3.12/lib/python3.12/site-packages/airflow/example_dags/example_bash_operator.py
[2025-05-24T04:52:38.585+0530] {processor.py:840} INFO - DAG(s) 'example_bash_operator' retrieved from /Library/Frameworks/Python.framework/Versions/3.12/lib/python3.12/site-packages/airflow/example_dags/example_bash_operator.py
[2025-05-24T04:52:38.731+0530] {logging_mixin.py:188} INFO - [2025-05-24T04:52:38.730+0530] {dag.py:3096} INFO - Sync 1 DAGs
[2025-05-24T04:52:38.749+0530] {logging_mixin.py:188} INFO - [2025-05-24T04:52:38.749+0530] {dag.py:3954} INFO - Setting next_dagrun for example_bash_operator to 2025-05-22 00:00:00+00:00, run_after=2025-05-23 00:00:00+00:00
[2025-05-24T04:52:38.767+0530] {processor.py:183} INFO - Processing /Library/Frameworks/Python.framework/Versions/3.12/lib/python3.12/site-packages/airflow/example_dags/example_bash_operator.py took 0.198 seconds
[2025-05-24T04:56:27.414+0530] {processor.py:161} INFO - Started process (PID=17711) to work on /Library/Frameworks/Python.framework/Versions/3.12/lib/python3.12/site-packages/airflow/example_dags/example_bash_operator.py
[2025-05-24T04:56:27.416+0530] {processor.py:830} INFO - Processing file /Library/Frameworks/Python.framework/Versions/3.12/lib/python3.12/site-packages/airflow/example_dags/example_bash_operator.py for tasks to queue
[2025-05-24T04:56:27.417+0530] {logging_mixin.py:188} INFO - [2025-05-24T04:56:27.417+0530] {dagbag.py:540} INFO - Filling up the DagBag from /Library/Frameworks/Python.framework/Versions/3.12/lib/python3.12/site-packages/airflow/example_dags/example_bash_operator.py
[2025-05-24T04:56:27.429+0530] {processor.py:840} INFO - DAG(s) 'example_bash_operator' retrieved from /Library/Frameworks/Python.framework/Versions/3.12/lib/python3.12/site-packages/airflow/example_dags/example_bash_operator.py
[2025-05-24T04:56:27.581+0530] {logging_mixin.py:188} INFO - [2025-05-24T04:56:27.581+0530] {dag.py:3096} INFO - Sync 1 DAGs
[2025-05-24T04:56:27.600+0530] {logging_mixin.py:188} INFO - [2025-05-24T04:56:27.600+0530] {dag.py:3954} INFO - Setting next_dagrun for example_bash_operator to 2025-05-22 00:00:00+00:00, run_after=2025-05-23 00:00:00+00:00
[2025-05-24T04:56:27.618+0530] {processor.py:183} INFO - Processing /Library/Frameworks/Python.framework/Versions/3.12/lib/python3.12/site-packages/airflow/example_dags/example_bash_operator.py took 0.208 seconds
[2025-05-24T05:00:15.105+0530] {processor.py:161} INFO - Started process (PID=17842) to work on /Library/Frameworks/Python.framework/Versions/3.12/lib/python3.12/site-packages/airflow/example_dags/example_bash_operator.py
[2025-05-24T05:00:15.106+0530] {processor.py:830} INFO - Processing file /Library/Frameworks/Python.framework/Versions/3.12/lib/python3.12/site-packages/airflow/example_dags/example_bash_operator.py for tasks to queue
[2025-05-24T05:00:15.107+0530] {logging_mixin.py:188} INFO - [2025-05-24T05:00:15.107+0530] {dagbag.py:540} INFO - Filling up the DagBag from /Library/Frameworks/Python.framework/Versions/3.12/lib/python3.12/site-packages/airflow/example_dags/example_bash_operator.py
[2025-05-24T05:00:15.118+0530] {processor.py:840} INFO - DAG(s) 'example_bash_operator' retrieved from /Library/Frameworks/Python.framework/Versions/3.12/lib/python3.12/site-packages/airflow/example_dags/example_bash_operator.py
[2025-05-24T05:00:15.258+0530] {logging_mixin.py:188} INFO - [2025-05-24T05:00:15.258+0530] {dag.py:3096} INFO - Sync 1 DAGs
[2025-05-24T05:00:15.276+0530] {logging_mixin.py:188} INFO - [2025-05-24T05:00:15.276+0530] {dag.py:3954} INFO - Setting next_dagrun for example_bash_operator to 2025-05-22 00:00:00+00:00, run_after=2025-05-23 00:00:00+00:00
[2025-05-24T05:00:15.292+0530] {processor.py:183} INFO - Processing /Library/Frameworks/Python.framework/Versions/3.12/lib/python3.12/site-packages/airflow/example_dags/example_bash_operator.py took 0.191 seconds
[2025-05-24T05:04:01.091+0530] {processor.py:161} INFO - Started process (PID=17966) to work on /Library/Frameworks/Python.framework/Versions/3.12/lib/python3.12/site-packages/airflow/example_dags/example_bash_operator.py
[2025-05-24T05:04:01.093+0530] {processor.py:830} INFO - Processing file /Library/Frameworks/Python.framework/Versions/3.12/lib/python3.12/site-packages/airflow/example_dags/example_bash_operator.py for tasks to queue
[2025-05-24T05:04:01.093+0530] {logging_mixin.py:188} INFO - [2025-05-24T05:04:01.093+0530] {dagbag.py:540} INFO - Filling up the DagBag from /Library/Frameworks/Python.framework/Versions/3.12/lib/python3.12/site-packages/airflow/example_dags/example_bash_operator.py
[2025-05-24T05:04:01.105+0530] {processor.py:840} INFO - DAG(s) 'example_bash_operator' retrieved from /Library/Frameworks/Python.framework/Versions/3.12/lib/python3.12/site-packages/airflow/example_dags/example_bash_operator.py
[2025-05-24T05:04:01.242+0530] {logging_mixin.py:188} INFO - [2025-05-24T05:04:01.242+0530] {dag.py:3096} INFO - Sync 1 DAGs
[2025-05-24T05:04:01.260+0530] {logging_mixin.py:188} INFO - [2025-05-24T05:04:01.259+0530] {dag.py:3954} INFO - Setting next_dagrun for example_bash_operator to 2025-05-22 00:00:00+00:00, run_after=2025-05-23 00:00:00+00:00
[2025-05-24T05:04:01.279+0530] {processor.py:183} INFO - Processing /Library/Frameworks/Python.framework/Versions/3.12/lib/python3.12/site-packages/airflow/example_dags/example_bash_operator.py took 0.192 seconds
[2025-05-24T05:07:46.634+0530] {processor.py:161} INFO - Started process (PID=18067) to work on /Library/Frameworks/Python.framework/Versions/3.12/lib/python3.12/site-packages/airflow/example_dags/example_bash_operator.py
[2025-05-24T05:07:46.635+0530] {processor.py:830} INFO - Processing file /Library/Frameworks/Python.framework/Versions/3.12/lib/python3.12/site-packages/airflow/example_dags/example_bash_operator.py for tasks to queue
[2025-05-24T05:07:46.636+0530] {logging_mixin.py:188} INFO - [2025-05-24T05:07:46.635+0530] {dagbag.py:540} INFO - Filling up the DagBag from /Library/Frameworks/Python.framework/Versions/3.12/lib/python3.12/site-packages/airflow/example_dags/example_bash_operator.py
[2025-05-24T05:07:46.647+0530] {processor.py:840} INFO - DAG(s) 'example_bash_operator' retrieved from /Library/Frameworks/Python.framework/Versions/3.12/lib/python3.12/site-packages/airflow/example_dags/example_bash_operator.py
[2025-05-24T05:07:46.790+0530] {logging_mixin.py:188} INFO - [2025-05-24T05:07:46.790+0530] {dag.py:3096} INFO - Sync 1 DAGs
[2025-05-24T05:07:46.808+0530] {logging_mixin.py:188} INFO - [2025-05-24T05:07:46.807+0530] {dag.py:3954} INFO - Setting next_dagrun for example_bash_operator to 2025-05-22 00:00:00+00:00, run_after=2025-05-23 00:00:00+00:00
[2025-05-24T05:07:46.823+0530] {processor.py:183} INFO - Processing /Library/Frameworks/Python.framework/Versions/3.12/lib/python3.12/site-packages/airflow/example_dags/example_bash_operator.py took 0.192 seconds
[2025-05-24T05:14:13.597+0530] {processor.py:161} INFO - Started process (PID=18250) to work on /Library/Frameworks/Python.framework/Versions/3.12/lib/python3.12/site-packages/airflow/example_dags/example_bash_operator.py
[2025-05-24T05:14:13.599+0530] {processor.py:830} INFO - Processing file /Library/Frameworks/Python.framework/Versions/3.12/lib/python3.12/site-packages/airflow/example_dags/example_bash_operator.py for tasks to queue
[2025-05-24T05:14:13.600+0530] {logging_mixin.py:188} INFO - [2025-05-24T05:14:13.600+0530] {dagbag.py:540} INFO - Filling up the DagBag from /Library/Frameworks/Python.framework/Versions/3.12/lib/python3.12/site-packages/airflow/example_dags/example_bash_operator.py
[2025-05-24T05:14:13.613+0530] {processor.py:840} INFO - DAG(s) 'example_bash_operator' retrieved from /Library/Frameworks/Python.framework/Versions/3.12/lib/python3.12/site-packages/airflow/example_dags/example_bash_operator.py
[2025-05-24T05:14:13.765+0530] {logging_mixin.py:188} INFO - [2025-05-24T05:14:13.765+0530] {dag.py:3096} INFO - Sync 1 DAGs
[2025-05-24T05:14:13.784+0530] {logging_mixin.py:188} INFO - [2025-05-24T05:14:13.783+0530] {dag.py:3954} INFO - Setting next_dagrun for example_bash_operator to 2025-05-22 00:00:00+00:00, run_after=2025-05-23 00:00:00+00:00
[2025-05-24T05:14:13.802+0530] {processor.py:183} INFO - Processing /Library/Frameworks/Python.framework/Versions/3.12/lib/python3.12/site-packages/airflow/example_dags/example_bash_operator.py took 0.209 seconds
[2025-05-24T05:18:14.418+0530] {processor.py:161} INFO - Started process (PID=18800) to work on /Library/Frameworks/Python.framework/Versions/3.12/lib/python3.12/site-packages/airflow/example_dags/example_bash_operator.py
[2025-05-24T05:18:14.419+0530] {processor.py:830} INFO - Processing file /Library/Frameworks/Python.framework/Versions/3.12/lib/python3.12/site-packages/airflow/example_dags/example_bash_operator.py for tasks to queue
[2025-05-24T05:18:14.420+0530] {logging_mixin.py:188} INFO - [2025-05-24T05:18:14.420+0530] {dagbag.py:540} INFO - Filling up the DagBag from /Library/Frameworks/Python.framework/Versions/3.12/lib/python3.12/site-packages/airflow/example_dags/example_bash_operator.py
[2025-05-24T05:18:14.432+0530] {processor.py:840} INFO - DAG(s) 'example_bash_operator' retrieved from /Library/Frameworks/Python.framework/Versions/3.12/lib/python3.12/site-packages/airflow/example_dags/example_bash_operator.py
[2025-05-24T05:18:14.595+0530] {logging_mixin.py:188} INFO - [2025-05-24T05:18:14.595+0530] {dag.py:3096} INFO - Sync 1 DAGs
[2025-05-24T05:18:14.614+0530] {logging_mixin.py:188} INFO - [2025-05-24T05:18:14.614+0530] {dag.py:3954} INFO - Setting next_dagrun for example_bash_operator to 2025-05-22 00:00:00+00:00, run_after=2025-05-23 00:00:00+00:00
[2025-05-24T05:18:14.633+0530] {processor.py:183} INFO - Processing /Library/Frameworks/Python.framework/Versions/3.12/lib/python3.12/site-packages/airflow/example_dags/example_bash_operator.py took 0.218 seconds
