[2025-05-24T04:23:17.414+0530] {processor.py:161} INFO - Started process (PID=15656) to work on /Library/Frameworks/Python.framework/Versions/3.12/lib/python3.12/site-packages/airflow/example_dags/example_short_circuit_decorator.py
[2025-05-24T04:23:17.415+0530] {processor.py:830} INFO - Processing file /Library/Frameworks/Python.framework/Versions/3.12/lib/python3.12/site-packages/airflow/example_dags/example_short_circuit_decorator.py for tasks to queue
[2025-05-24T04:23:17.416+0530] {logging_mixin.py:188} INFO - [2025-05-24T04:23:17.416+0530] {dagbag.py:540} INFO - Filling up the DagBag from /Library/Frameworks/Python.framework/Versions/3.12/lib/python3.12/site-packages/airflow/example_dags/example_short_circuit_decorator.py
[2025-05-24T04:23:17.456+0530] {processor.py:840} INFO - DAG(s) 'example_short_circuit_decorator' retrieved from /Library/Frameworks/Python.framework/Versions/3.12/lib/python3.12/site-packages/airflow/example_dags/example_short_circuit_decorator.py
[2025-05-24T04:23:17.693+0530] {logging_mixin.py:188} INFO - [2025-05-24T04:23:17.693+0530] {dag.py:3096} INFO - Sync 1 DAGs
[2025-05-24T04:23:17.707+0530] {logging_mixin.py:188} INFO - [2025-05-24T04:23:17.707+0530] {dag.py:3954} INFO - Setting next_dagrun for example_short_circuit_decorator to 2025-05-22 00:00:00+00:00, run_after=2025-05-23 00:00:00+00:00
[2025-05-24T04:23:17.723+0530] {processor.py:183} INFO - Processing /Library/Frameworks/Python.framework/Versions/3.12/lib/python3.12/site-packages/airflow/example_dags/example_short_circuit_decorator.py took 0.312 seconds
[2025-05-24T04:25:54.640+0530] {processor.py:161} INFO - Started process (PID=15757) to work on /Library/Frameworks/Python.framework/Versions/3.12/lib/python3.12/site-packages/airflow/example_dags/example_short_circuit_decorator.py
[2025-05-24T04:25:54.641+0530] {processor.py:830} INFO - Processing file /Library/Frameworks/Python.framework/Versions/3.12/lib/python3.12/site-packages/airflow/example_dags/example_short_circuit_decorator.py for tasks to queue
[2025-05-24T04:25:54.642+0530] {logging_mixin.py:188} INFO - [2025-05-24T04:25:54.641+0530] {dagbag.py:540} INFO - Filling up the DagBag from /Library/Frameworks/Python.framework/Versions/3.12/lib/python3.12/site-packages/airflow/example_dags/example_short_circuit_decorator.py
[2025-05-24T04:25:54.680+0530] {processor.py:840} INFO - DAG(s) 'example_short_circuit_decorator' retrieved from /Library/Frameworks/Python.framework/Versions/3.12/lib/python3.12/site-packages/airflow/example_dags/example_short_circuit_decorator.py
[2025-05-24T04:25:54.833+0530] {logging_mixin.py:188} INFO - [2025-05-24T04:25:54.832+0530] {dag.py:3096} INFO - Sync 1 DAGs
[2025-05-24T04:25:54.848+0530] {logging_mixin.py:188} INFO - [2025-05-24T04:25:54.848+0530] {dag.py:3954} INFO - Setting next_dagrun for example_short_circuit_decorator to 2025-05-22 00:00:00+00:00, run_after=2025-05-23 00:00:00+00:00
[2025-05-24T04:25:54.864+0530] {processor.py:183} INFO - Processing /Library/Frameworks/Python.framework/Versions/3.12/lib/python3.12/site-packages/airflow/example_dags/example_short_circuit_decorator.py took 0.228 seconds
[2025-05-24T04:27:50.691+0530] {processor.py:161} INFO - Started process (PID=15810) to work on /Library/Frameworks/Python.framework/Versions/3.12/lib/python3.12/site-packages/airflow/example_dags/example_short_circuit_decorator.py
[2025-05-24T04:27:50.692+0530] {processor.py:830} INFO - Processing file /Library/Frameworks/Python.framework/Versions/3.12/lib/python3.12/site-packages/airflow/example_dags/example_short_circuit_decorator.py for tasks to queue
[2025-05-24T04:27:50.693+0530] {logging_mixin.py:188} INFO - [2025-05-24T04:27:50.693+0530] {dagbag.py:540} INFO - Filling up the DagBag from /Library/Frameworks/Python.framework/Versions/3.12/lib/python3.12/site-packages/airflow/example_dags/example_short_circuit_decorator.py
[2025-05-24T04:27:50.731+0530] {processor.py:840} INFO - DAG(s) 'example_short_circuit_decorator' retrieved from /Library/Frameworks/Python.framework/Versions/3.12/lib/python3.12/site-packages/airflow/example_dags/example_short_circuit_decorator.py
[2025-05-24T04:27:50.878+0530] {logging_mixin.py:188} INFO - [2025-05-24T04:27:50.878+0530] {dag.py:3096} INFO - Sync 1 DAGs
[2025-05-24T04:27:50.893+0530] {logging_mixin.py:188} INFO - [2025-05-24T04:27:50.893+0530] {dag.py:3954} INFO - Setting next_dagrun for example_short_circuit_decorator to 2025-05-22 00:00:00+00:00, run_after=2025-05-23 00:00:00+00:00
[2025-05-24T04:27:50.908+0530] {processor.py:183} INFO - Processing /Library/Frameworks/Python.framework/Versions/3.12/lib/python3.12/site-packages/airflow/example_dags/example_short_circuit_decorator.py took 0.221 seconds
[2025-05-24T04:29:44.645+0530] {processor.py:161} INFO - Started process (PID=15856) to work on /Library/Frameworks/Python.framework/Versions/3.12/lib/python3.12/site-packages/airflow/example_dags/example_short_circuit_decorator.py
[2025-05-24T04:29:44.647+0530] {processor.py:830} INFO - Processing file /Library/Frameworks/Python.framework/Versions/3.12/lib/python3.12/site-packages/airflow/example_dags/example_short_circuit_decorator.py for tasks to queue
[2025-05-24T04:29:44.648+0530] {logging_mixin.py:188} INFO - [2025-05-24T04:29:44.648+0530] {dagbag.py:540} INFO - Filling up the DagBag from /Library/Frameworks/Python.framework/Versions/3.12/lib/python3.12/site-packages/airflow/example_dags/example_short_circuit_decorator.py
[2025-05-24T04:29:44.687+0530] {processor.py:840} INFO - DAG(s) 'example_short_circuit_decorator' retrieved from /Library/Frameworks/Python.framework/Versions/3.12/lib/python3.12/site-packages/airflow/example_dags/example_short_circuit_decorator.py
[2025-05-24T04:29:44.832+0530] {logging_mixin.py:188} INFO - [2025-05-24T04:29:44.832+0530] {dag.py:3096} INFO - Sync 1 DAGs
[2025-05-24T04:29:44.847+0530] {logging_mixin.py:188} INFO - [2025-05-24T04:29:44.847+0530] {dag.py:3954} INFO - Setting next_dagrun for example_short_circuit_decorator to 2025-05-22 00:00:00+00:00, run_after=2025-05-23 00:00:00+00:00
[2025-05-24T04:29:44.862+0530] {processor.py:183} INFO - Processing /Library/Frameworks/Python.framework/Versions/3.12/lib/python3.12/site-packages/airflow/example_dags/example_short_circuit_decorator.py took 0.220 seconds
[2025-05-24T04:31:42.338+0530] {processor.py:161} INFO - Started process (PID=15935) to work on /Library/Frameworks/Python.framework/Versions/3.12/lib/python3.12/site-packages/airflow/example_dags/example_short_circuit_decorator.py
[2025-05-24T04:31:42.339+0530] {processor.py:830} INFO - Processing file /Library/Frameworks/Python.framework/Versions/3.12/lib/python3.12/site-packages/airflow/example_dags/example_short_circuit_decorator.py for tasks to queue
[2025-05-24T04:31:42.340+0530] {logging_mixin.py:188} INFO - [2025-05-24T04:31:42.339+0530] {dagbag.py:540} INFO - Filling up the DagBag from /Library/Frameworks/Python.framework/Versions/3.12/lib/python3.12/site-packages/airflow/example_dags/example_short_circuit_decorator.py
[2025-05-24T04:31:42.380+0530] {processor.py:840} INFO - DAG(s) 'example_short_circuit_decorator' retrieved from /Library/Frameworks/Python.framework/Versions/3.12/lib/python3.12/site-packages/airflow/example_dags/example_short_circuit_decorator.py
[2025-05-24T04:31:42.538+0530] {logging_mixin.py:188} INFO - [2025-05-24T04:31:42.537+0530] {dag.py:3096} INFO - Sync 1 DAGs
[2025-05-24T04:31:42.553+0530] {logging_mixin.py:188} INFO - [2025-05-24T04:31:42.553+0530] {dag.py:3954} INFO - Setting next_dagrun for example_short_circuit_decorator to 2025-05-22 00:00:00+00:00, run_after=2025-05-23 00:00:00+00:00
[2025-05-24T04:31:42.569+0530] {processor.py:183} INFO - Processing /Library/Frameworks/Python.framework/Versions/3.12/lib/python3.12/site-packages/airflow/example_dags/example_short_circuit_decorator.py took 0.234 seconds
[2025-05-24T04:33:41.729+0530] {processor.py:161} INFO - Started process (PID=16002) to work on /Library/Frameworks/Python.framework/Versions/3.12/lib/python3.12/site-packages/airflow/example_dags/example_short_circuit_decorator.py
[2025-05-24T04:33:41.730+0530] {processor.py:830} INFO - Processing file /Library/Frameworks/Python.framework/Versions/3.12/lib/python3.12/site-packages/airflow/example_dags/example_short_circuit_decorator.py for tasks to queue
[2025-05-24T04:33:41.731+0530] {logging_mixin.py:188} INFO - [2025-05-24T04:33:41.731+0530] {dagbag.py:540} INFO - Filling up the DagBag from /Library/Frameworks/Python.framework/Versions/3.12/lib/python3.12/site-packages/airflow/example_dags/example_short_circuit_decorator.py
[2025-05-24T04:33:41.772+0530] {processor.py:840} INFO - DAG(s) 'example_short_circuit_decorator' retrieved from /Library/Frameworks/Python.framework/Versions/3.12/lib/python3.12/site-packages/airflow/example_dags/example_short_circuit_decorator.py
[2025-05-24T04:33:41.941+0530] {logging_mixin.py:188} INFO - [2025-05-24T04:33:41.940+0530] {dag.py:3096} INFO - Sync 1 DAGs
[2025-05-24T04:33:41.959+0530] {logging_mixin.py:188} INFO - [2025-05-24T04:33:41.959+0530] {dag.py:3954} INFO - Setting next_dagrun for example_short_circuit_decorator to 2025-05-22 00:00:00+00:00, run_after=2025-05-23 00:00:00+00:00
[2025-05-24T04:33:41.978+0530] {processor.py:183} INFO - Processing /Library/Frameworks/Python.framework/Versions/3.12/lib/python3.12/site-packages/airflow/example_dags/example_short_circuit_decorator.py took 0.254 seconds
[2025-05-24T04:35:47.848+0530] {processor.py:161} INFO - Started process (PID=16086) to work on /Library/Frameworks/Python.framework/Versions/3.12/lib/python3.12/site-packages/airflow/example_dags/example_short_circuit_decorator.py
[2025-05-24T04:35:47.850+0530] {processor.py:830} INFO - Processing file /Library/Frameworks/Python.framework/Versions/3.12/lib/python3.12/site-packages/airflow/example_dags/example_short_circuit_decorator.py for tasks to queue
[2025-05-24T04:35:47.851+0530] {logging_mixin.py:188} INFO - [2025-05-24T04:35:47.850+0530] {dagbag.py:540} INFO - Filling up the DagBag from /Library/Frameworks/Python.framework/Versions/3.12/lib/python3.12/site-packages/airflow/example_dags/example_short_circuit_decorator.py
[2025-05-24T04:35:47.890+0530] {processor.py:840} INFO - DAG(s) 'example_short_circuit_decorator' retrieved from /Library/Frameworks/Python.framework/Versions/3.12/lib/python3.12/site-packages/airflow/example_dags/example_short_circuit_decorator.py
[2025-05-24T04:35:48.048+0530] {logging_mixin.py:188} INFO - [2025-05-24T04:35:48.047+0530] {dag.py:3096} INFO - Sync 1 DAGs
[2025-05-24T04:35:48.063+0530] {logging_mixin.py:188} INFO - [2025-05-24T04:35:48.063+0530] {dag.py:3954} INFO - Setting next_dagrun for example_short_circuit_decorator to 2025-05-22 00:00:00+00:00, run_after=2025-05-23 00:00:00+00:00
[2025-05-24T04:35:48.078+0530] {processor.py:183} INFO - Processing /Library/Frameworks/Python.framework/Versions/3.12/lib/python3.12/site-packages/airflow/example_dags/example_short_circuit_decorator.py took 0.234 seconds
[2025-05-24T04:37:43.021+0530] {processor.py:161} INFO - Started process (PID=16147) to work on /Library/Frameworks/Python.framework/Versions/3.12/lib/python3.12/site-packages/airflow/example_dags/example_short_circuit_decorator.py
[2025-05-24T04:37:43.022+0530] {processor.py:830} INFO - Processing file /Library/Frameworks/Python.framework/Versions/3.12/lib/python3.12/site-packages/airflow/example_dags/example_short_circuit_decorator.py for tasks to queue
[2025-05-24T04:37:43.023+0530] {logging_mixin.py:188} INFO - [2025-05-24T04:37:43.023+0530] {dagbag.py:540} INFO - Filling up the DagBag from /Library/Frameworks/Python.framework/Versions/3.12/lib/python3.12/site-packages/airflow/example_dags/example_short_circuit_decorator.py
[2025-05-24T04:37:43.060+0530] {processor.py:840} INFO - DAG(s) 'example_short_circuit_decorator' retrieved from /Library/Frameworks/Python.framework/Versions/3.12/lib/python3.12/site-packages/airflow/example_dags/example_short_circuit_decorator.py
[2025-05-24T04:37:43.202+0530] {logging_mixin.py:188} INFO - [2025-05-24T04:37:43.202+0530] {dag.py:3096} INFO - Sync 1 DAGs
[2025-05-24T04:37:43.217+0530] {logging_mixin.py:188} INFO - [2025-05-24T04:37:43.216+0530] {dag.py:3954} INFO - Setting next_dagrun for example_short_circuit_decorator to 2025-05-22 00:00:00+00:00, run_after=2025-05-23 00:00:00+00:00
[2025-05-24T04:37:43.235+0530] {processor.py:183} INFO - Processing /Library/Frameworks/Python.framework/Versions/3.12/lib/python3.12/site-packages/airflow/example_dags/example_short_circuit_decorator.py took 0.219 seconds
[2025-05-24T04:39:44.335+0530] {processor.py:161} INFO - Started process (PID=16218) to work on /Library/Frameworks/Python.framework/Versions/3.12/lib/python3.12/site-packages/airflow/example_dags/example_short_circuit_decorator.py
[2025-05-24T04:39:44.336+0530] {processor.py:830} INFO - Processing file /Library/Frameworks/Python.framework/Versions/3.12/lib/python3.12/site-packages/airflow/example_dags/example_short_circuit_decorator.py for tasks to queue
[2025-05-24T04:39:44.336+0530] {logging_mixin.py:188} INFO - [2025-05-24T04:39:44.336+0530] {dagbag.py:540} INFO - Filling up the DagBag from /Library/Frameworks/Python.framework/Versions/3.12/lib/python3.12/site-packages/airflow/example_dags/example_short_circuit_decorator.py
[2025-05-24T04:39:44.375+0530] {processor.py:840} INFO - DAG(s) 'example_short_circuit_decorator' retrieved from /Library/Frameworks/Python.framework/Versions/3.12/lib/python3.12/site-packages/airflow/example_dags/example_short_circuit_decorator.py
[2025-05-24T04:39:44.536+0530] {logging_mixin.py:188} INFO - [2025-05-24T04:39:44.536+0530] {dag.py:3096} INFO - Sync 1 DAGs
[2025-05-24T04:39:44.552+0530] {logging_mixin.py:188} INFO - [2025-05-24T04:39:44.552+0530] {dag.py:3954} INFO - Setting next_dagrun for example_short_circuit_decorator to 2025-05-22 00:00:00+00:00, run_after=2025-05-23 00:00:00+00:00
[2025-05-24T04:39:44.568+0530] {processor.py:183} INFO - Processing /Library/Frameworks/Python.framework/Versions/3.12/lib/python3.12/site-packages/airflow/example_dags/example_short_circuit_decorator.py took 0.236 seconds
[2025-05-24T04:42:00.206+0530] {processor.py:161} INFO - Started process (PID=16315) to work on /Library/Frameworks/Python.framework/Versions/3.12/lib/python3.12/site-packages/airflow/example_dags/example_short_circuit_decorator.py
[2025-05-24T04:42:00.207+0530] {processor.py:830} INFO - Processing file /Library/Frameworks/Python.framework/Versions/3.12/lib/python3.12/site-packages/airflow/example_dags/example_short_circuit_decorator.py for tasks to queue
[2025-05-24T04:42:00.207+0530] {logging_mixin.py:188} INFO - [2025-05-24T04:42:00.207+0530] {dagbag.py:540} INFO - Filling up the DagBag from /Library/Frameworks/Python.framework/Versions/3.12/lib/python3.12/site-packages/airflow/example_dags/example_short_circuit_decorator.py
[2025-05-24T04:42:00.245+0530] {processor.py:840} INFO - DAG(s) 'example_short_circuit_decorator' retrieved from /Library/Frameworks/Python.framework/Versions/3.12/lib/python3.12/site-packages/airflow/example_dags/example_short_circuit_decorator.py
[2025-05-24T04:42:00.401+0530] {logging_mixin.py:188} INFO - [2025-05-24T04:42:00.401+0530] {dag.py:3096} INFO - Sync 1 DAGs
[2025-05-24T04:42:00.419+0530] {logging_mixin.py:188} INFO - [2025-05-24T04:42:00.419+0530] {dag.py:3954} INFO - Setting next_dagrun for example_short_circuit_decorator to 2025-05-22 00:00:00+00:00, run_after=2025-05-23 00:00:00+00:00
[2025-05-24T04:42:00.437+0530] {processor.py:183} INFO - Processing /Library/Frameworks/Python.framework/Versions/3.12/lib/python3.12/site-packages/airflow/example_dags/example_short_circuit_decorator.py took 0.234 seconds
[2025-05-24T04:43:56.016+0530] {processor.py:161} INFO - Started process (PID=16762) to work on /Library/Frameworks/Python.framework/Versions/3.12/lib/python3.12/site-packages/airflow/example_dags/example_short_circuit_decorator.py
[2025-05-24T04:43:56.017+0530] {processor.py:830} INFO - Processing file /Library/Frameworks/Python.framework/Versions/3.12/lib/python3.12/site-packages/airflow/example_dags/example_short_circuit_decorator.py for tasks to queue
[2025-05-24T04:43:56.017+0530] {logging_mixin.py:188} INFO - [2025-05-24T04:43:56.017+0530] {dagbag.py:540} INFO - Filling up the DagBag from /Library/Frameworks/Python.framework/Versions/3.12/lib/python3.12/site-packages/airflow/example_dags/example_short_circuit_decorator.py
[2025-05-24T04:43:56.057+0530] {processor.py:840} INFO - DAG(s) 'example_short_circuit_decorator' retrieved from /Library/Frameworks/Python.framework/Versions/3.12/lib/python3.12/site-packages/airflow/example_dags/example_short_circuit_decorator.py
[2025-05-24T04:43:56.211+0530] {logging_mixin.py:188} INFO - [2025-05-24T04:43:56.211+0530] {dag.py:3096} INFO - Sync 1 DAGs
[2025-05-24T04:43:56.228+0530] {logging_mixin.py:188} INFO - [2025-05-24T04:43:56.227+0530] {dag.py:3954} INFO - Setting next_dagrun for example_short_circuit_decorator to 2025-05-22 00:00:00+00:00, run_after=2025-05-23 00:00:00+00:00
[2025-05-24T04:43:56.244+0530] {processor.py:183} INFO - Processing /Library/Frameworks/Python.framework/Versions/3.12/lib/python3.12/site-packages/airflow/example_dags/example_short_circuit_decorator.py took 0.231 seconds
[2025-05-24T04:45:55.215+0530] {processor.py:161} INFO - Started process (PID=17334) to work on /Library/Frameworks/Python.framework/Versions/3.12/lib/python3.12/site-packages/airflow/example_dags/example_short_circuit_decorator.py
[2025-05-24T04:45:55.217+0530] {processor.py:830} INFO - Processing file /Library/Frameworks/Python.framework/Versions/3.12/lib/python3.12/site-packages/airflow/example_dags/example_short_circuit_decorator.py for tasks to queue
[2025-05-24T04:45:55.218+0530] {logging_mixin.py:188} INFO - [2025-05-24T04:45:55.217+0530] {dagbag.py:540} INFO - Filling up the DagBag from /Library/Frameworks/Python.framework/Versions/3.12/lib/python3.12/site-packages/airflow/example_dags/example_short_circuit_decorator.py
[2025-05-24T04:45:55.256+0530] {processor.py:840} INFO - DAG(s) 'example_short_circuit_decorator' retrieved from /Library/Frameworks/Python.framework/Versions/3.12/lib/python3.12/site-packages/airflow/example_dags/example_short_circuit_decorator.py
[2025-05-24T04:45:55.413+0530] {logging_mixin.py:188} INFO - [2025-05-24T04:45:55.413+0530] {dag.py:3096} INFO - Sync 1 DAGs
[2025-05-24T04:45:55.427+0530] {logging_mixin.py:188} INFO - [2025-05-24T04:45:55.427+0530] {dag.py:3954} INFO - Setting next_dagrun for example_short_circuit_decorator to 2025-05-22 00:00:00+00:00, run_after=2025-05-23 00:00:00+00:00
[2025-05-24T04:45:55.442+0530] {processor.py:183} INFO - Processing /Library/Frameworks/Python.framework/Versions/3.12/lib/python3.12/site-packages/airflow/example_dags/example_short_circuit_decorator.py took 0.232 seconds
[2025-05-24T04:47:50.158+0530] {processor.py:161} INFO - Started process (PID=17389) to work on /Library/Frameworks/Python.framework/Versions/3.12/lib/python3.12/site-packages/airflow/example_dags/example_short_circuit_decorator.py
[2025-05-24T04:47:50.159+0530] {processor.py:830} INFO - Processing file /Library/Frameworks/Python.framework/Versions/3.12/lib/python3.12/site-packages/airflow/example_dags/example_short_circuit_decorator.py for tasks to queue
[2025-05-24T04:47:50.160+0530] {logging_mixin.py:188} INFO - [2025-05-24T04:47:50.160+0530] {dagbag.py:540} INFO - Filling up the DagBag from /Library/Frameworks/Python.framework/Versions/3.12/lib/python3.12/site-packages/airflow/example_dags/example_short_circuit_decorator.py
[2025-05-24T04:47:50.196+0530] {processor.py:840} INFO - DAG(s) 'example_short_circuit_decorator' retrieved from /Library/Frameworks/Python.framework/Versions/3.12/lib/python3.12/site-packages/airflow/example_dags/example_short_circuit_decorator.py
[2025-05-24T04:47:50.339+0530] {logging_mixin.py:188} INFO - [2025-05-24T04:47:50.338+0530] {dag.py:3096} INFO - Sync 1 DAGs
[2025-05-24T04:47:50.353+0530] {logging_mixin.py:188} INFO - [2025-05-24T04:47:50.353+0530] {dag.py:3954} INFO - Setting next_dagrun for example_short_circuit_decorator to 2025-05-22 00:00:00+00:00, run_after=2025-05-23 00:00:00+00:00
[2025-05-24T04:47:50.369+0530] {processor.py:183} INFO - Processing /Library/Frameworks/Python.framework/Versions/3.12/lib/python3.12/site-packages/airflow/example_dags/example_short_circuit_decorator.py took 0.214 seconds
[2025-05-24T04:49:58.020+0530] {processor.py:161} INFO - Started process (PID=17477) to work on /Library/Frameworks/Python.framework/Versions/3.12/lib/python3.12/site-packages/airflow/example_dags/example_short_circuit_decorator.py
[2025-05-24T04:49:58.021+0530] {processor.py:830} INFO - Processing file /Library/Frameworks/Python.framework/Versions/3.12/lib/python3.12/site-packages/airflow/example_dags/example_short_circuit_decorator.py for tasks to queue
[2025-05-24T04:49:58.022+0530] {logging_mixin.py:188} INFO - [2025-05-24T04:49:58.022+0530] {dagbag.py:540} INFO - Filling up the DagBag from /Library/Frameworks/Python.framework/Versions/3.12/lib/python3.12/site-packages/airflow/example_dags/example_short_circuit_decorator.py
[2025-05-24T04:49:58.058+0530] {processor.py:840} INFO - DAG(s) 'example_short_circuit_decorator' retrieved from /Library/Frameworks/Python.framework/Versions/3.12/lib/python3.12/site-packages/airflow/example_dags/example_short_circuit_decorator.py
[2025-05-24T04:49:58.201+0530] {logging_mixin.py:188} INFO - [2025-05-24T04:49:58.200+0530] {dag.py:3096} INFO - Sync 1 DAGs
[2025-05-24T04:49:58.216+0530] {logging_mixin.py:188} INFO - [2025-05-24T04:49:58.215+0530] {dag.py:3954} INFO - Setting next_dagrun for example_short_circuit_decorator to 2025-05-22 00:00:00+00:00, run_after=2025-05-23 00:00:00+00:00
[2025-05-24T04:49:58.231+0530] {processor.py:183} INFO - Processing /Library/Frameworks/Python.framework/Versions/3.12/lib/python3.12/site-packages/airflow/example_dags/example_short_circuit_decorator.py took 0.214 seconds
[2025-05-24T04:51:51.716+0530] {processor.py:161} INFO - Started process (PID=17551) to work on /Library/Frameworks/Python.framework/Versions/3.12/lib/python3.12/site-packages/airflow/example_dags/example_short_circuit_decorator.py
[2025-05-24T04:51:51.717+0530] {processor.py:830} INFO - Processing file /Library/Frameworks/Python.framework/Versions/3.12/lib/python3.12/site-packages/airflow/example_dags/example_short_circuit_decorator.py for tasks to queue
[2025-05-24T04:51:51.718+0530] {logging_mixin.py:188} INFO - [2025-05-24T04:51:51.717+0530] {dagbag.py:540} INFO - Filling up the DagBag from /Library/Frameworks/Python.framework/Versions/3.12/lib/python3.12/site-packages/airflow/example_dags/example_short_circuit_decorator.py
[2025-05-24T04:51:51.754+0530] {processor.py:840} INFO - DAG(s) 'example_short_circuit_decorator' retrieved from /Library/Frameworks/Python.framework/Versions/3.12/lib/python3.12/site-packages/airflow/example_dags/example_short_circuit_decorator.py
[2025-05-24T04:51:51.896+0530] {logging_mixin.py:188} INFO - [2025-05-24T04:51:51.896+0530] {dag.py:3096} INFO - Sync 1 DAGs
[2025-05-24T04:51:51.911+0530] {logging_mixin.py:188} INFO - [2025-05-24T04:51:51.911+0530] {dag.py:3954} INFO - Setting next_dagrun for example_short_circuit_decorator to 2025-05-22 00:00:00+00:00, run_after=2025-05-23 00:00:00+00:00
[2025-05-24T04:51:51.926+0530] {processor.py:183} INFO - Processing /Library/Frameworks/Python.framework/Versions/3.12/lib/python3.12/site-packages/airflow/example_dags/example_short_circuit_decorator.py took 0.214 seconds
[2025-05-24T04:53:44.878+0530] {processor.py:161} INFO - Started process (PID=17602) to work on /Library/Frameworks/Python.framework/Versions/3.12/lib/python3.12/site-packages/airflow/example_dags/example_short_circuit_decorator.py
[2025-05-24T04:53:44.879+0530] {processor.py:830} INFO - Processing file /Library/Frameworks/Python.framework/Versions/3.12/lib/python3.12/site-packages/airflow/example_dags/example_short_circuit_decorator.py for tasks to queue
[2025-05-24T04:53:44.880+0530] {logging_mixin.py:188} INFO - [2025-05-24T04:53:44.880+0530] {dagbag.py:540} INFO - Filling up the DagBag from /Library/Frameworks/Python.framework/Versions/3.12/lib/python3.12/site-packages/airflow/example_dags/example_short_circuit_decorator.py
[2025-05-24T04:53:44.917+0530] {processor.py:840} INFO - DAG(s) 'example_short_circuit_decorator' retrieved from /Library/Frameworks/Python.framework/Versions/3.12/lib/python3.12/site-packages/airflow/example_dags/example_short_circuit_decorator.py
[2025-05-24T04:53:45.077+0530] {logging_mixin.py:188} INFO - [2025-05-24T04:53:45.076+0530] {dag.py:3096} INFO - Sync 1 DAGs
[2025-05-24T04:53:45.091+0530] {logging_mixin.py:188} INFO - [2025-05-24T04:53:45.091+0530] {dag.py:3954} INFO - Setting next_dagrun for example_short_circuit_decorator to 2025-05-22 00:00:00+00:00, run_after=2025-05-23 00:00:00+00:00
[2025-05-24T04:53:45.107+0530] {processor.py:183} INFO - Processing /Library/Frameworks/Python.framework/Versions/3.12/lib/python3.12/site-packages/airflow/example_dags/example_short_circuit_decorator.py took 0.232 seconds
[2025-05-24T04:55:39.769+0530] {processor.py:161} INFO - Started process (PID=17684) to work on /Library/Frameworks/Python.framework/Versions/3.12/lib/python3.12/site-packages/airflow/example_dags/example_short_circuit_decorator.py
[2025-05-24T04:55:39.770+0530] {processor.py:830} INFO - Processing file /Library/Frameworks/Python.framework/Versions/3.12/lib/python3.12/site-packages/airflow/example_dags/example_short_circuit_decorator.py for tasks to queue
[2025-05-24T04:55:39.771+0530] {logging_mixin.py:188} INFO - [2025-05-24T04:55:39.770+0530] {dagbag.py:540} INFO - Filling up the DagBag from /Library/Frameworks/Python.framework/Versions/3.12/lib/python3.12/site-packages/airflow/example_dags/example_short_circuit_decorator.py
[2025-05-24T04:55:39.809+0530] {processor.py:840} INFO - DAG(s) 'example_short_circuit_decorator' retrieved from /Library/Frameworks/Python.framework/Versions/3.12/lib/python3.12/site-packages/airflow/example_dags/example_short_circuit_decorator.py
[2025-05-24T04:55:39.959+0530] {logging_mixin.py:188} INFO - [2025-05-24T04:55:39.958+0530] {dag.py:3096} INFO - Sync 1 DAGs
[2025-05-24T04:55:39.973+0530] {logging_mixin.py:188} INFO - [2025-05-24T04:55:39.973+0530] {dag.py:3954} INFO - Setting next_dagrun for example_short_circuit_decorator to 2025-05-22 00:00:00+00:00, run_after=2025-05-23 00:00:00+00:00
[2025-05-24T04:55:39.989+0530] {processor.py:183} INFO - Processing /Library/Frameworks/Python.framework/Versions/3.12/lib/python3.12/site-packages/airflow/example_dags/example_short_circuit_decorator.py took 0.223 seconds
[2025-05-24T04:57:34.121+0530] {processor.py:161} INFO - Started process (PID=17743) to work on /Library/Frameworks/Python.framework/Versions/3.12/lib/python3.12/site-packages/airflow/example_dags/example_short_circuit_decorator.py
[2025-05-24T04:57:34.123+0530] {processor.py:830} INFO - Processing file /Library/Frameworks/Python.framework/Versions/3.12/lib/python3.12/site-packages/airflow/example_dags/example_short_circuit_decorator.py for tasks to queue
[2025-05-24T04:57:34.124+0530] {logging_mixin.py:188} INFO - [2025-05-24T04:57:34.123+0530] {dagbag.py:540} INFO - Filling up the DagBag from /Library/Frameworks/Python.framework/Versions/3.12/lib/python3.12/site-packages/airflow/example_dags/example_short_circuit_decorator.py
[2025-05-24T04:57:34.157+0530] {processor.py:840} INFO - DAG(s) 'example_short_circuit_decorator' retrieved from /Library/Frameworks/Python.framework/Versions/3.12/lib/python3.12/site-packages/airflow/example_dags/example_short_circuit_decorator.py
[2025-05-24T04:57:34.300+0530] {logging_mixin.py:188} INFO - [2025-05-24T04:57:34.300+0530] {dag.py:3096} INFO - Sync 1 DAGs
[2025-05-24T04:57:34.315+0530] {logging_mixin.py:188} INFO - [2025-05-24T04:57:34.315+0530] {dag.py:3954} INFO - Setting next_dagrun for example_short_circuit_decorator to 2025-05-22 00:00:00+00:00, run_after=2025-05-23 00:00:00+00:00
[2025-05-24T04:57:34.330+0530] {processor.py:183} INFO - Processing /Library/Frameworks/Python.framework/Versions/3.12/lib/python3.12/site-packages/airflow/example_dags/example_short_circuit_decorator.py took 0.212 seconds
[2025-05-24T04:59:29.587+0530] {processor.py:161} INFO - Started process (PID=17817) to work on /Library/Frameworks/Python.framework/Versions/3.12/lib/python3.12/site-packages/airflow/example_dags/example_short_circuit_decorator.py
[2025-05-24T04:59:29.589+0530] {processor.py:830} INFO - Processing file /Library/Frameworks/Python.framework/Versions/3.12/lib/python3.12/site-packages/airflow/example_dags/example_short_circuit_decorator.py for tasks to queue
[2025-05-24T04:59:29.590+0530] {logging_mixin.py:188} INFO - [2025-05-24T04:59:29.589+0530] {dagbag.py:540} INFO - Filling up the DagBag from /Library/Frameworks/Python.framework/Versions/3.12/lib/python3.12/site-packages/airflow/example_dags/example_short_circuit_decorator.py
[2025-05-24T04:59:29.624+0530] {processor.py:840} INFO - DAG(s) 'example_short_circuit_decorator' retrieved from /Library/Frameworks/Python.framework/Versions/3.12/lib/python3.12/site-packages/airflow/example_dags/example_short_circuit_decorator.py
[2025-05-24T04:59:29.761+0530] {logging_mixin.py:188} INFO - [2025-05-24T04:59:29.761+0530] {dag.py:3096} INFO - Sync 1 DAGs
[2025-05-24T04:59:29.775+0530] {logging_mixin.py:188} INFO - [2025-05-24T04:59:29.775+0530] {dag.py:3954} INFO - Setting next_dagrun for example_short_circuit_decorator to 2025-05-22 00:00:00+00:00, run_after=2025-05-23 00:00:00+00:00
[2025-05-24T04:59:29.790+0530] {processor.py:183} INFO - Processing /Library/Frameworks/Python.framework/Versions/3.12/lib/python3.12/site-packages/airflow/example_dags/example_short_circuit_decorator.py took 0.207 seconds
[2025-05-24T05:01:21.298+0530] {processor.py:161} INFO - Started process (PID=17878) to work on /Library/Frameworks/Python.framework/Versions/3.12/lib/python3.12/site-packages/airflow/example_dags/example_short_circuit_decorator.py
[2025-05-24T05:01:21.299+0530] {processor.py:830} INFO - Processing file /Library/Frameworks/Python.framework/Versions/3.12/lib/python3.12/site-packages/airflow/example_dags/example_short_circuit_decorator.py for tasks to queue
[2025-05-24T05:01:21.300+0530] {logging_mixin.py:188} INFO - [2025-05-24T05:01:21.300+0530] {dagbag.py:540} INFO - Filling up the DagBag from /Library/Frameworks/Python.framework/Versions/3.12/lib/python3.12/site-packages/airflow/example_dags/example_short_circuit_decorator.py
[2025-05-24T05:01:21.332+0530] {processor.py:840} INFO - DAG(s) 'example_short_circuit_decorator' retrieved from /Library/Frameworks/Python.framework/Versions/3.12/lib/python3.12/site-packages/airflow/example_dags/example_short_circuit_decorator.py
[2025-05-24T05:01:21.466+0530] {logging_mixin.py:188} INFO - [2025-05-24T05:01:21.466+0530] {dag.py:3096} INFO - Sync 1 DAGs
[2025-05-24T05:01:21.480+0530] {logging_mixin.py:188} INFO - [2025-05-24T05:01:21.480+0530] {dag.py:3954} INFO - Setting next_dagrun for example_short_circuit_decorator to 2025-05-22 00:00:00+00:00, run_after=2025-05-23 00:00:00+00:00
[2025-05-24T05:01:21.495+0530] {processor.py:183} INFO - Processing /Library/Frameworks/Python.framework/Versions/3.12/lib/python3.12/site-packages/airflow/example_dags/example_short_circuit_decorator.py took 0.200 seconds
[2025-05-24T05:03:14.428+0530] {processor.py:161} INFO - Started process (PID=17944) to work on /Library/Frameworks/Python.framework/Versions/3.12/lib/python3.12/site-packages/airflow/example_dags/example_short_circuit_decorator.py
[2025-05-24T05:03:14.429+0530] {processor.py:830} INFO - Processing file /Library/Frameworks/Python.framework/Versions/3.12/lib/python3.12/site-packages/airflow/example_dags/example_short_circuit_decorator.py for tasks to queue
[2025-05-24T05:03:14.431+0530] {logging_mixin.py:188} INFO - [2025-05-24T05:03:14.430+0530] {dagbag.py:540} INFO - Filling up the DagBag from /Library/Frameworks/Python.framework/Versions/3.12/lib/python3.12/site-packages/airflow/example_dags/example_short_circuit_decorator.py
[2025-05-24T05:03:14.464+0530] {processor.py:840} INFO - DAG(s) 'example_short_circuit_decorator' retrieved from /Library/Frameworks/Python.framework/Versions/3.12/lib/python3.12/site-packages/airflow/example_dags/example_short_circuit_decorator.py
[2025-05-24T05:03:14.600+0530] {logging_mixin.py:188} INFO - [2025-05-24T05:03:14.600+0530] {dag.py:3096} INFO - Sync 1 DAGs
[2025-05-24T05:03:14.614+0530] {logging_mixin.py:188} INFO - [2025-05-24T05:03:14.614+0530] {dag.py:3954} INFO - Setting next_dagrun for example_short_circuit_decorator to 2025-05-22 00:00:00+00:00, run_after=2025-05-23 00:00:00+00:00
[2025-05-24T05:03:14.629+0530] {processor.py:183} INFO - Processing /Library/Frameworks/Python.framework/Versions/3.12/lib/python3.12/site-packages/airflow/example_dags/example_short_circuit_decorator.py took 0.204 seconds
[2025-05-24T05:05:07.512+0530] {processor.py:161} INFO - Started process (PID=17995) to work on /Library/Frameworks/Python.framework/Versions/3.12/lib/python3.12/site-packages/airflow/example_dags/example_short_circuit_decorator.py
[2025-05-24T05:05:07.513+0530] {processor.py:830} INFO - Processing file /Library/Frameworks/Python.framework/Versions/3.12/lib/python3.12/site-packages/airflow/example_dags/example_short_circuit_decorator.py for tasks to queue
[2025-05-24T05:05:07.514+0530] {logging_mixin.py:188} INFO - [2025-05-24T05:05:07.514+0530] {dagbag.py:540} INFO - Filling up the DagBag from /Library/Frameworks/Python.framework/Versions/3.12/lib/python3.12/site-packages/airflow/example_dags/example_short_circuit_decorator.py
[2025-05-24T05:05:07.546+0530] {processor.py:840} INFO - DAG(s) 'example_short_circuit_decorator' retrieved from /Library/Frameworks/Python.framework/Versions/3.12/lib/python3.12/site-packages/airflow/example_dags/example_short_circuit_decorator.py
[2025-05-24T05:05:07.683+0530] {logging_mixin.py:188} INFO - [2025-05-24T05:05:07.682+0530] {dag.py:3096} INFO - Sync 1 DAGs
[2025-05-24T05:05:07.697+0530] {logging_mixin.py:188} INFO - [2025-05-24T05:05:07.697+0530] {dag.py:3954} INFO - Setting next_dagrun for example_short_circuit_decorator to 2025-05-22 00:00:00+00:00, run_after=2025-05-23 00:00:00+00:00
[2025-05-24T05:05:07.712+0530] {processor.py:183} INFO - Processing /Library/Frameworks/Python.framework/Versions/3.12/lib/python3.12/site-packages/airflow/example_dags/example_short_circuit_decorator.py took 0.203 seconds
[2025-05-24T05:07:00.697+0530] {processor.py:161} INFO - Started process (PID=18045) to work on /Library/Frameworks/Python.framework/Versions/3.12/lib/python3.12/site-packages/airflow/example_dags/example_short_circuit_decorator.py
[2025-05-24T05:07:00.699+0530] {processor.py:830} INFO - Processing file /Library/Frameworks/Python.framework/Versions/3.12/lib/python3.12/site-packages/airflow/example_dags/example_short_circuit_decorator.py for tasks to queue
[2025-05-24T05:07:00.700+0530] {logging_mixin.py:188} INFO - [2025-05-24T05:07:00.699+0530] {dagbag.py:540} INFO - Filling up the DagBag from /Library/Frameworks/Python.framework/Versions/3.12/lib/python3.12/site-packages/airflow/example_dags/example_short_circuit_decorator.py
[2025-05-24T05:07:00.732+0530] {processor.py:840} INFO - DAG(s) 'example_short_circuit_decorator' retrieved from /Library/Frameworks/Python.framework/Versions/3.12/lib/python3.12/site-packages/airflow/example_dags/example_short_circuit_decorator.py
[2025-05-24T05:07:00.873+0530] {logging_mixin.py:188} INFO - [2025-05-24T05:07:00.873+0530] {dag.py:3096} INFO - Sync 1 DAGs
[2025-05-24T05:07:00.887+0530] {logging_mixin.py:188} INFO - [2025-05-24T05:07:00.887+0530] {dag.py:3954} INFO - Setting next_dagrun for example_short_circuit_decorator to 2025-05-22 00:00:00+00:00, run_after=2025-05-23 00:00:00+00:00
[2025-05-24T05:07:00.906+0530] {processor.py:183} INFO - Processing /Library/Frameworks/Python.framework/Versions/3.12/lib/python3.12/site-packages/airflow/example_dags/example_short_circuit_decorator.py took 0.212 seconds
[2025-05-24T05:08:48.662+0530] {processor.py:161} INFO - Started process (PID=18095) to work on /Library/Frameworks/Python.framework/Versions/3.12/lib/python3.12/site-packages/airflow/example_dags/example_short_circuit_decorator.py
[2025-05-24T05:08:48.663+0530] {processor.py:830} INFO - Processing file /Library/Frameworks/Python.framework/Versions/3.12/lib/python3.12/site-packages/airflow/example_dags/example_short_circuit_decorator.py for tasks to queue
[2025-05-24T05:08:48.664+0530] {logging_mixin.py:188} INFO - [2025-05-24T05:08:48.664+0530] {dagbag.py:540} INFO - Filling up the DagBag from /Library/Frameworks/Python.framework/Versions/3.12/lib/python3.12/site-packages/airflow/example_dags/example_short_circuit_decorator.py
[2025-05-24T05:08:48.698+0530] {processor.py:840} INFO - DAG(s) 'example_short_circuit_decorator' retrieved from /Library/Frameworks/Python.framework/Versions/3.12/lib/python3.12/site-packages/airflow/example_dags/example_short_circuit_decorator.py
[2025-05-24T05:08:48.840+0530] {logging_mixin.py:188} INFO - [2025-05-24T05:08:48.840+0530] {dag.py:3096} INFO - Sync 1 DAGs
[2025-05-24T05:08:48.854+0530] {logging_mixin.py:188} INFO - [2025-05-24T05:08:48.854+0530] {dag.py:3954} INFO - Setting next_dagrun for example_short_circuit_decorator to 2025-05-22 00:00:00+00:00, run_after=2025-05-23 00:00:00+00:00
[2025-05-24T05:08:48.870+0530] {processor.py:183} INFO - Processing /Library/Frameworks/Python.framework/Versions/3.12/lib/python3.12/site-packages/airflow/example_dags/example_short_circuit_decorator.py took 0.212 seconds
[2025-05-24T05:13:19.145+0530] {processor.py:161} INFO - Started process (PID=18184) to work on /Library/Frameworks/Python.framework/Versions/3.12/lib/python3.12/site-packages/airflow/example_dags/example_short_circuit_decorator.py
[2025-05-24T05:13:19.146+0530] {processor.py:830} INFO - Processing file /Library/Frameworks/Python.framework/Versions/3.12/lib/python3.12/site-packages/airflow/example_dags/example_short_circuit_decorator.py for tasks to queue
[2025-05-24T05:13:19.147+0530] {logging_mixin.py:188} INFO - [2025-05-24T05:13:19.147+0530] {dagbag.py:540} INFO - Filling up the DagBag from /Library/Frameworks/Python.framework/Versions/3.12/lib/python3.12/site-packages/airflow/example_dags/example_short_circuit_decorator.py
[2025-05-24T05:13:19.187+0530] {processor.py:840} INFO - DAG(s) 'example_short_circuit_decorator' retrieved from /Library/Frameworks/Python.framework/Versions/3.12/lib/python3.12/site-packages/airflow/example_dags/example_short_circuit_decorator.py
[2025-05-24T05:13:19.344+0530] {logging_mixin.py:188} INFO - [2025-05-24T05:13:19.344+0530] {dag.py:3096} INFO - Sync 1 DAGs
[2025-05-24T05:13:19.360+0530] {logging_mixin.py:188} INFO - [2025-05-24T05:13:19.360+0530] {dag.py:3954} INFO - Setting next_dagrun for example_short_circuit_decorator to 2025-05-22 00:00:00+00:00, run_after=2025-05-23 00:00:00+00:00
[2025-05-24T05:13:19.376+0530] {processor.py:183} INFO - Processing /Library/Frameworks/Python.framework/Versions/3.12/lib/python3.12/site-packages/airflow/example_dags/example_short_circuit_decorator.py took 0.234 seconds
