[2025-05-24T04:23:28.884+0530] {processor.py:161} INFO - Started process (PID=15660) to work on /Library/Frameworks/Python.framework/Versions/3.12/lib/python3.12/site-packages/airflow/example_dags/example_sensor_decorator.py
[2025-05-24T04:23:28.885+0530] {processor.py:830} INFO - Processing file /Library/Frameworks/Python.framework/Versions/3.12/lib/python3.12/site-packages/airflow/example_dags/example_sensor_decorator.py for tasks to queue
[2025-05-24T04:23:28.886+0530] {logging_mixin.py:188} INFO - [2025-05-24T04:23:28.886+0530] {dagbag.py:540} INFO - Filling up the DagBag from /Library/Frameworks/Python.framework/Versions/3.12/lib/python3.12/site-packages/airflow/example_dags/example_sensor_decorator.py
[2025-05-24T04:23:28.922+0530] {processor.py:840} INFO - DAG(s) 'example_sensor_decorator' retrieved from /Library/Frameworks/Python.framework/Versions/3.12/lib/python3.12/site-packages/airflow/example_dags/example_sensor_decorator.py
[2025-05-24T04:23:29.152+0530] {logging_mixin.py:188} INFO - [2025-05-24T04:23:29.152+0530] {dag.py:3096} INFO - Sync 1 DAGs
[2025-05-24T04:23:29.158+0530] {logging_mixin.py:188} INFO - [2025-05-24T04:23:29.158+0530] {dag.py:3954} INFO - Setting next_dagrun for example_sensor_decorator to None, run_after=None
[2025-05-24T04:23:29.171+0530] {processor.py:183} INFO - Processing /Library/Frameworks/Python.framework/Versions/3.12/lib/python3.12/site-packages/airflow/example_dags/example_sensor_decorator.py took 0.292 seconds
[2025-05-24T04:26:05.756+0530] {processor.py:161} INFO - Started process (PID=15761) to work on /Library/Frameworks/Python.framework/Versions/3.12/lib/python3.12/site-packages/airflow/example_dags/example_sensor_decorator.py
[2025-05-24T04:26:05.757+0530] {processor.py:830} INFO - Processing file /Library/Frameworks/Python.framework/Versions/3.12/lib/python3.12/site-packages/airflow/example_dags/example_sensor_decorator.py for tasks to queue
[2025-05-24T04:26:05.758+0530] {logging_mixin.py:188} INFO - [2025-05-24T04:26:05.758+0530] {dagbag.py:540} INFO - Filling up the DagBag from /Library/Frameworks/Python.framework/Versions/3.12/lib/python3.12/site-packages/airflow/example_dags/example_sensor_decorator.py
[2025-05-24T04:26:05.792+0530] {processor.py:840} INFO - DAG(s) 'example_sensor_decorator' retrieved from /Library/Frameworks/Python.framework/Versions/3.12/lib/python3.12/site-packages/airflow/example_dags/example_sensor_decorator.py
[2025-05-24T04:26:05.967+0530] {logging_mixin.py:188} INFO - [2025-05-24T04:26:05.966+0530] {dag.py:3096} INFO - Sync 1 DAGs
[2025-05-24T04:26:05.975+0530] {logging_mixin.py:188} INFO - [2025-05-24T04:26:05.975+0530] {dag.py:3954} INFO - Setting next_dagrun for example_sensor_decorator to None, run_after=None
[2025-05-24T04:26:05.990+0530] {processor.py:183} INFO - Processing /Library/Frameworks/Python.framework/Versions/3.12/lib/python3.12/site-packages/airflow/example_dags/example_sensor_decorator.py took 0.237 seconds
[2025-05-24T04:28:01.864+0530] {processor.py:161} INFO - Started process (PID=15814) to work on /Library/Frameworks/Python.framework/Versions/3.12/lib/python3.12/site-packages/airflow/example_dags/example_sensor_decorator.py
[2025-05-24T04:28:01.865+0530] {processor.py:830} INFO - Processing file /Library/Frameworks/Python.framework/Versions/3.12/lib/python3.12/site-packages/airflow/example_dags/example_sensor_decorator.py for tasks to queue
[2025-05-24T04:28:01.866+0530] {logging_mixin.py:188} INFO - [2025-05-24T04:28:01.866+0530] {dagbag.py:540} INFO - Filling up the DagBag from /Library/Frameworks/Python.framework/Versions/3.12/lib/python3.12/site-packages/airflow/example_dags/example_sensor_decorator.py
[2025-05-24T04:28:01.900+0530] {processor.py:840} INFO - DAG(s) 'example_sensor_decorator' retrieved from /Library/Frameworks/Python.framework/Versions/3.12/lib/python3.12/site-packages/airflow/example_dags/example_sensor_decorator.py
[2025-05-24T04:28:02.062+0530] {logging_mixin.py:188} INFO - [2025-05-24T04:28:02.061+0530] {dag.py:3096} INFO - Sync 1 DAGs
[2025-05-24T04:28:02.069+0530] {logging_mixin.py:188} INFO - [2025-05-24T04:28:02.069+0530] {dag.py:3954} INFO - Setting next_dagrun for example_sensor_decorator to None, run_after=None
[2025-05-24T04:28:02.084+0530] {processor.py:183} INFO - Processing /Library/Frameworks/Python.framework/Versions/3.12/lib/python3.12/site-packages/airflow/example_dags/example_sensor_decorator.py took 0.224 seconds
[2025-05-24T04:29:55.742+0530] {processor.py:161} INFO - Started process (PID=15860) to work on /Library/Frameworks/Python.framework/Versions/3.12/lib/python3.12/site-packages/airflow/example_dags/example_sensor_decorator.py
[2025-05-24T04:29:55.744+0530] {processor.py:830} INFO - Processing file /Library/Frameworks/Python.framework/Versions/3.12/lib/python3.12/site-packages/airflow/example_dags/example_sensor_decorator.py for tasks to queue
[2025-05-24T04:29:55.745+0530] {logging_mixin.py:188} INFO - [2025-05-24T04:29:55.745+0530] {dagbag.py:540} INFO - Filling up the DagBag from /Library/Frameworks/Python.framework/Versions/3.12/lib/python3.12/site-packages/airflow/example_dags/example_sensor_decorator.py
[2025-05-24T04:29:55.779+0530] {processor.py:840} INFO - DAG(s) 'example_sensor_decorator' retrieved from /Library/Frameworks/Python.framework/Versions/3.12/lib/python3.12/site-packages/airflow/example_dags/example_sensor_decorator.py
[2025-05-24T04:29:55.938+0530] {logging_mixin.py:188} INFO - [2025-05-24T04:29:55.938+0530] {dag.py:3096} INFO - Sync 1 DAGs
[2025-05-24T04:29:55.947+0530] {logging_mixin.py:188} INFO - [2025-05-24T04:29:55.946+0530] {dag.py:3954} INFO - Setting next_dagrun for example_sensor_decorator to None, run_after=None
[2025-05-24T04:29:55.962+0530] {processor.py:183} INFO - Processing /Library/Frameworks/Python.framework/Versions/3.12/lib/python3.12/site-packages/airflow/example_dags/example_sensor_decorator.py took 0.223 seconds
[2025-05-24T04:31:54.249+0530] {processor.py:161} INFO - Started process (PID=15939) to work on /Library/Frameworks/Python.framework/Versions/3.12/lib/python3.12/site-packages/airflow/example_dags/example_sensor_decorator.py
[2025-05-24T04:31:54.250+0530] {processor.py:830} INFO - Processing file /Library/Frameworks/Python.framework/Versions/3.12/lib/python3.12/site-packages/airflow/example_dags/example_sensor_decorator.py for tasks to queue
[2025-05-24T04:31:54.250+0530] {logging_mixin.py:188} INFO - [2025-05-24T04:31:54.250+0530] {dagbag.py:540} INFO - Filling up the DagBag from /Library/Frameworks/Python.framework/Versions/3.12/lib/python3.12/site-packages/airflow/example_dags/example_sensor_decorator.py
[2025-05-24T04:31:54.287+0530] {processor.py:840} INFO - DAG(s) 'example_sensor_decorator' retrieved from /Library/Frameworks/Python.framework/Versions/3.12/lib/python3.12/site-packages/airflow/example_dags/example_sensor_decorator.py
[2025-05-24T04:31:54.461+0530] {logging_mixin.py:188} INFO - [2025-05-24T04:31:54.461+0530] {dag.py:3096} INFO - Sync 1 DAGs
[2025-05-24T04:31:54.469+0530] {logging_mixin.py:188} INFO - [2025-05-24T04:31:54.469+0530] {dag.py:3954} INFO - Setting next_dagrun for example_sensor_decorator to None, run_after=None
[2025-05-24T04:31:54.484+0530] {processor.py:183} INFO - Processing /Library/Frameworks/Python.framework/Versions/3.12/lib/python3.12/site-packages/airflow/example_dags/example_sensor_decorator.py took 0.237 seconds
[2025-05-24T04:33:53.420+0530] {processor.py:161} INFO - Started process (PID=16013) to work on /Library/Frameworks/Python.framework/Versions/3.12/lib/python3.12/site-packages/airflow/example_dags/example_sensor_decorator.py
[2025-05-24T04:33:53.422+0530] {processor.py:830} INFO - Processing file /Library/Frameworks/Python.framework/Versions/3.12/lib/python3.12/site-packages/airflow/example_dags/example_sensor_decorator.py for tasks to queue
[2025-05-24T04:33:53.422+0530] {logging_mixin.py:188} INFO - [2025-05-24T04:33:53.422+0530] {dagbag.py:540} INFO - Filling up the DagBag from /Library/Frameworks/Python.framework/Versions/3.12/lib/python3.12/site-packages/airflow/example_dags/example_sensor_decorator.py
[2025-05-24T04:33:53.458+0530] {processor.py:840} INFO - DAG(s) 'example_sensor_decorator' retrieved from /Library/Frameworks/Python.framework/Versions/3.12/lib/python3.12/site-packages/airflow/example_dags/example_sensor_decorator.py
[2025-05-24T04:33:53.634+0530] {logging_mixin.py:188} INFO - [2025-05-24T04:33:53.634+0530] {dag.py:3096} INFO - Sync 1 DAGs
[2025-05-24T04:33:53.642+0530] {logging_mixin.py:188} INFO - [2025-05-24T04:33:53.642+0530] {dag.py:3954} INFO - Setting next_dagrun for example_sensor_decorator to None, run_after=None
[2025-05-24T04:33:53.657+0530] {processor.py:183} INFO - Processing /Library/Frameworks/Python.framework/Versions/3.12/lib/python3.12/site-packages/airflow/example_dags/example_sensor_decorator.py took 0.241 seconds
[2025-05-24T04:36:00.160+0530] {processor.py:161} INFO - Started process (PID=16092) to work on /Library/Frameworks/Python.framework/Versions/3.12/lib/python3.12/site-packages/airflow/example_dags/example_sensor_decorator.py
[2025-05-24T04:36:00.161+0530] {processor.py:830} INFO - Processing file /Library/Frameworks/Python.framework/Versions/3.12/lib/python3.12/site-packages/airflow/example_dags/example_sensor_decorator.py for tasks to queue
[2025-05-24T04:36:00.162+0530] {logging_mixin.py:188} INFO - [2025-05-24T04:36:00.162+0530] {dagbag.py:540} INFO - Filling up the DagBag from /Library/Frameworks/Python.framework/Versions/3.12/lib/python3.12/site-packages/airflow/example_dags/example_sensor_decorator.py
[2025-05-24T04:36:00.200+0530] {processor.py:840} INFO - DAG(s) 'example_sensor_decorator' retrieved from /Library/Frameworks/Python.framework/Versions/3.12/lib/python3.12/site-packages/airflow/example_dags/example_sensor_decorator.py
[2025-05-24T04:36:00.375+0530] {logging_mixin.py:188} INFO - [2025-05-24T04:36:00.375+0530] {dag.py:3096} INFO - Sync 1 DAGs
[2025-05-24T04:36:00.384+0530] {logging_mixin.py:188} INFO - [2025-05-24T04:36:00.383+0530] {dag.py:3954} INFO - Setting next_dagrun for example_sensor_decorator to None, run_after=None
[2025-05-24T04:36:00.399+0530] {processor.py:183} INFO - Processing /Library/Frameworks/Python.framework/Versions/3.12/lib/python3.12/site-packages/airflow/example_dags/example_sensor_decorator.py took 0.244 seconds
[2025-05-24T04:37:54.130+0530] {processor.py:161} INFO - Started process (PID=16151) to work on /Library/Frameworks/Python.framework/Versions/3.12/lib/python3.12/site-packages/airflow/example_dags/example_sensor_decorator.py
[2025-05-24T04:37:54.131+0530] {processor.py:830} INFO - Processing file /Library/Frameworks/Python.framework/Versions/3.12/lib/python3.12/site-packages/airflow/example_dags/example_sensor_decorator.py for tasks to queue
[2025-05-24T04:37:54.132+0530] {logging_mixin.py:188} INFO - [2025-05-24T04:37:54.131+0530] {dagbag.py:540} INFO - Filling up the DagBag from /Library/Frameworks/Python.framework/Versions/3.12/lib/python3.12/site-packages/airflow/example_dags/example_sensor_decorator.py
[2025-05-24T04:37:54.174+0530] {processor.py:840} INFO - DAG(s) 'example_sensor_decorator' retrieved from /Library/Frameworks/Python.framework/Versions/3.12/lib/python3.12/site-packages/airflow/example_dags/example_sensor_decorator.py
[2025-05-24T04:37:54.361+0530] {logging_mixin.py:188} INFO - [2025-05-24T04:37:54.360+0530] {dag.py:3096} INFO - Sync 1 DAGs
[2025-05-24T04:37:54.369+0530] {logging_mixin.py:188} INFO - [2025-05-24T04:37:54.368+0530] {dag.py:3954} INFO - Setting next_dagrun for example_sensor_decorator to None, run_after=None
[2025-05-24T04:37:54.383+0530] {processor.py:183} INFO - Processing /Library/Frameworks/Python.framework/Versions/3.12/lib/python3.12/site-packages/airflow/example_dags/example_sensor_decorator.py took 0.257 seconds
[2025-05-24T04:39:54.159+0530] {processor.py:161} INFO - Started process (PID=16222) to work on /Library/Frameworks/Python.framework/Versions/3.12/lib/python3.12/site-packages/airflow/example_dags/example_sensor_decorator.py
[2025-05-24T04:39:54.160+0530] {processor.py:830} INFO - Processing file /Library/Frameworks/Python.framework/Versions/3.12/lib/python3.12/site-packages/airflow/example_dags/example_sensor_decorator.py for tasks to queue
[2025-05-24T04:39:54.161+0530] {logging_mixin.py:188} INFO - [2025-05-24T04:39:54.160+0530] {dagbag.py:540} INFO - Filling up the DagBag from /Library/Frameworks/Python.framework/Versions/3.12/lib/python3.12/site-packages/airflow/example_dags/example_sensor_decorator.py
[2025-05-24T04:39:54.196+0530] {processor.py:840} INFO - DAG(s) 'example_sensor_decorator' retrieved from /Library/Frameworks/Python.framework/Versions/3.12/lib/python3.12/site-packages/airflow/example_dags/example_sensor_decorator.py
[2025-05-24T04:39:54.380+0530] {logging_mixin.py:188} INFO - [2025-05-24T04:39:54.380+0530] {dag.py:3096} INFO - Sync 1 DAGs
[2025-05-24T04:39:54.389+0530] {logging_mixin.py:188} INFO - [2025-05-24T04:39:54.389+0530] {dag.py:3954} INFO - Setting next_dagrun for example_sensor_decorator to None, run_after=None
[2025-05-24T04:39:54.405+0530] {processor.py:183} INFO - Processing /Library/Frameworks/Python.framework/Versions/3.12/lib/python3.12/site-packages/airflow/example_dags/example_sensor_decorator.py took 0.249 seconds
[2025-05-24T04:42:11.601+0530] {processor.py:161} INFO - Started process (PID=16319) to work on /Library/Frameworks/Python.framework/Versions/3.12/lib/python3.12/site-packages/airflow/example_dags/example_sensor_decorator.py
[2025-05-24T04:42:11.602+0530] {processor.py:830} INFO - Processing file /Library/Frameworks/Python.framework/Versions/3.12/lib/python3.12/site-packages/airflow/example_dags/example_sensor_decorator.py for tasks to queue
[2025-05-24T04:42:11.603+0530] {logging_mixin.py:188} INFO - [2025-05-24T04:42:11.603+0530] {dagbag.py:540} INFO - Filling up the DagBag from /Library/Frameworks/Python.framework/Versions/3.12/lib/python3.12/site-packages/airflow/example_dags/example_sensor_decorator.py
[2025-05-24T04:42:11.639+0530] {processor.py:840} INFO - DAG(s) 'example_sensor_decorator' retrieved from /Library/Frameworks/Python.framework/Versions/3.12/lib/python3.12/site-packages/airflow/example_dags/example_sensor_decorator.py
[2025-05-24T04:42:11.814+0530] {logging_mixin.py:188} INFO - [2025-05-24T04:42:11.814+0530] {dag.py:3096} INFO - Sync 1 DAGs
[2025-05-24T04:42:11.822+0530] {logging_mixin.py:188} INFO - [2025-05-24T04:42:11.822+0530] {dag.py:3954} INFO - Setting next_dagrun for example_sensor_decorator to None, run_after=None
[2025-05-24T04:42:11.837+0530] {processor.py:183} INFO - Processing /Library/Frameworks/Python.framework/Versions/3.12/lib/python3.12/site-packages/airflow/example_dags/example_sensor_decorator.py took 0.240 seconds
[2025-05-24T04:44:07.150+0530] {processor.py:161} INFO - Started process (PID=16921) to work on /Library/Frameworks/Python.framework/Versions/3.12/lib/python3.12/site-packages/airflow/example_dags/example_sensor_decorator.py
[2025-05-24T04:44:07.152+0530] {processor.py:830} INFO - Processing file /Library/Frameworks/Python.framework/Versions/3.12/lib/python3.12/site-packages/airflow/example_dags/example_sensor_decorator.py for tasks to queue
[2025-05-24T04:44:07.153+0530] {logging_mixin.py:188} INFO - [2025-05-24T04:44:07.153+0530] {dagbag.py:540} INFO - Filling up the DagBag from /Library/Frameworks/Python.framework/Versions/3.12/lib/python3.12/site-packages/airflow/example_dags/example_sensor_decorator.py
[2025-05-24T04:44:07.189+0530] {processor.py:840} INFO - DAG(s) 'example_sensor_decorator' retrieved from /Library/Frameworks/Python.framework/Versions/3.12/lib/python3.12/site-packages/airflow/example_dags/example_sensor_decorator.py
[2025-05-24T04:44:07.356+0530] {logging_mixin.py:188} INFO - [2025-05-24T04:44:07.355+0530] {dag.py:3096} INFO - Sync 1 DAGs
[2025-05-24T04:44:07.364+0530] {logging_mixin.py:188} INFO - [2025-05-24T04:44:07.363+0530] {dag.py:3954} INFO - Setting next_dagrun for example_sensor_decorator to None, run_after=None
[2025-05-24T04:44:07.379+0530] {processor.py:183} INFO - Processing /Library/Frameworks/Python.framework/Versions/3.12/lib/python3.12/site-packages/airflow/example_dags/example_sensor_decorator.py took 0.233 seconds
[2025-05-24T04:46:06.592+0530] {processor.py:161} INFO - Started process (PID=17338) to work on /Library/Frameworks/Python.framework/Versions/3.12/lib/python3.12/site-packages/airflow/example_dags/example_sensor_decorator.py
[2025-05-24T04:46:06.594+0530] {processor.py:830} INFO - Processing file /Library/Frameworks/Python.framework/Versions/3.12/lib/python3.12/site-packages/airflow/example_dags/example_sensor_decorator.py for tasks to queue
[2025-05-24T04:46:06.595+0530] {logging_mixin.py:188} INFO - [2025-05-24T04:46:06.594+0530] {dagbag.py:540} INFO - Filling up the DagBag from /Library/Frameworks/Python.framework/Versions/3.12/lib/python3.12/site-packages/airflow/example_dags/example_sensor_decorator.py
[2025-05-24T04:46:06.630+0530] {processor.py:840} INFO - DAG(s) 'example_sensor_decorator' retrieved from /Library/Frameworks/Python.framework/Versions/3.12/lib/python3.12/site-packages/airflow/example_dags/example_sensor_decorator.py
[2025-05-24T04:46:06.806+0530] {logging_mixin.py:188} INFO - [2025-05-24T04:46:06.806+0530] {dag.py:3096} INFO - Sync 1 DAGs
[2025-05-24T04:46:06.814+0530] {logging_mixin.py:188} INFO - [2025-05-24T04:46:06.814+0530] {dag.py:3954} INFO - Setting next_dagrun for example_sensor_decorator to None, run_after=None
[2025-05-24T04:46:06.830+0530] {processor.py:183} INFO - Processing /Library/Frameworks/Python.framework/Versions/3.12/lib/python3.12/site-packages/airflow/example_dags/example_sensor_decorator.py took 0.242 seconds
[2025-05-24T04:48:01.642+0530] {processor.py:161} INFO - Started process (PID=17394) to work on /Library/Frameworks/Python.framework/Versions/3.12/lib/python3.12/site-packages/airflow/example_dags/example_sensor_decorator.py
[2025-05-24T04:48:01.643+0530] {processor.py:830} INFO - Processing file /Library/Frameworks/Python.framework/Versions/3.12/lib/python3.12/site-packages/airflow/example_dags/example_sensor_decorator.py for tasks to queue
[2025-05-24T04:48:01.644+0530] {logging_mixin.py:188} INFO - [2025-05-24T04:48:01.644+0530] {dagbag.py:540} INFO - Filling up the DagBag from /Library/Frameworks/Python.framework/Versions/3.12/lib/python3.12/site-packages/airflow/example_dags/example_sensor_decorator.py
[2025-05-24T04:48:01.682+0530] {processor.py:840} INFO - DAG(s) 'example_sensor_decorator' retrieved from /Library/Frameworks/Python.framework/Versions/3.12/lib/python3.12/site-packages/airflow/example_dags/example_sensor_decorator.py
[2025-05-24T04:48:01.894+0530] {logging_mixin.py:188} INFO - [2025-05-24T04:48:01.893+0530] {dag.py:3096} INFO - Sync 1 DAGs
[2025-05-24T04:48:01.903+0530] {logging_mixin.py:188} INFO - [2025-05-24T04:48:01.903+0530] {dag.py:3954} INFO - Setting next_dagrun for example_sensor_decorator to None, run_after=None
[2025-05-24T04:48:01.926+0530] {processor.py:183} INFO - Processing /Library/Frameworks/Python.framework/Versions/3.12/lib/python3.12/site-packages/airflow/example_dags/example_sensor_decorator.py took 0.289 seconds
[2025-05-24T04:50:09.146+0530] {processor.py:161} INFO - Started process (PID=17481) to work on /Library/Frameworks/Python.framework/Versions/3.12/lib/python3.12/site-packages/airflow/example_dags/example_sensor_decorator.py
[2025-05-24T04:50:09.148+0530] {processor.py:830} INFO - Processing file /Library/Frameworks/Python.framework/Versions/3.12/lib/python3.12/site-packages/airflow/example_dags/example_sensor_decorator.py for tasks to queue
[2025-05-24T04:50:09.148+0530] {logging_mixin.py:188} INFO - [2025-05-24T04:50:09.148+0530] {dagbag.py:540} INFO - Filling up the DagBag from /Library/Frameworks/Python.framework/Versions/3.12/lib/python3.12/site-packages/airflow/example_dags/example_sensor_decorator.py
[2025-05-24T04:50:09.182+0530] {processor.py:840} INFO - DAG(s) 'example_sensor_decorator' retrieved from /Library/Frameworks/Python.framework/Versions/3.12/lib/python3.12/site-packages/airflow/example_dags/example_sensor_decorator.py
[2025-05-24T04:50:09.342+0530] {logging_mixin.py:188} INFO - [2025-05-24T04:50:09.342+0530] {dag.py:3096} INFO - Sync 1 DAGs
[2025-05-24T04:50:09.350+0530] {logging_mixin.py:188} INFO - [2025-05-24T04:50:09.350+0530] {dag.py:3954} INFO - Setting next_dagrun for example_sensor_decorator to None, run_after=None
[2025-05-24T04:50:09.365+0530] {processor.py:183} INFO - Processing /Library/Frameworks/Python.framework/Versions/3.12/lib/python3.12/site-packages/airflow/example_dags/example_sensor_decorator.py took 0.223 seconds
[2025-05-24T04:52:02.851+0530] {processor.py:161} INFO - Started process (PID=17555) to work on /Library/Frameworks/Python.framework/Versions/3.12/lib/python3.12/site-packages/airflow/example_dags/example_sensor_decorator.py
[2025-05-24T04:52:02.852+0530] {processor.py:830} INFO - Processing file /Library/Frameworks/Python.framework/Versions/3.12/lib/python3.12/site-packages/airflow/example_dags/example_sensor_decorator.py for tasks to queue
[2025-05-24T04:52:02.853+0530] {logging_mixin.py:188} INFO - [2025-05-24T04:52:02.853+0530] {dagbag.py:540} INFO - Filling up the DagBag from /Library/Frameworks/Python.framework/Versions/3.12/lib/python3.12/site-packages/airflow/example_dags/example_sensor_decorator.py
[2025-05-24T04:52:02.889+0530] {processor.py:840} INFO - DAG(s) 'example_sensor_decorator' retrieved from /Library/Frameworks/Python.framework/Versions/3.12/lib/python3.12/site-packages/airflow/example_dags/example_sensor_decorator.py
[2025-05-24T04:52:03.056+0530] {logging_mixin.py:188} INFO - [2025-05-24T04:52:03.055+0530] {dag.py:3096} INFO - Sync 1 DAGs
[2025-05-24T04:52:03.064+0530] {logging_mixin.py:188} INFO - [2025-05-24T04:52:03.063+0530] {dag.py:3954} INFO - Setting next_dagrun for example_sensor_decorator to None, run_after=None
[2025-05-24T04:52:03.083+0530] {processor.py:183} INFO - Processing /Library/Frameworks/Python.framework/Versions/3.12/lib/python3.12/site-packages/airflow/example_dags/example_sensor_decorator.py took 0.235 seconds
[2025-05-24T04:53:55.945+0530] {processor.py:161} INFO - Started process (PID=17606) to work on /Library/Frameworks/Python.framework/Versions/3.12/lib/python3.12/site-packages/airflow/example_dags/example_sensor_decorator.py
[2025-05-24T04:53:55.946+0530] {processor.py:830} INFO - Processing file /Library/Frameworks/Python.framework/Versions/3.12/lib/python3.12/site-packages/airflow/example_dags/example_sensor_decorator.py for tasks to queue
[2025-05-24T04:53:55.947+0530] {logging_mixin.py:188} INFO - [2025-05-24T04:53:55.947+0530] {dagbag.py:540} INFO - Filling up the DagBag from /Library/Frameworks/Python.framework/Versions/3.12/lib/python3.12/site-packages/airflow/example_dags/example_sensor_decorator.py
[2025-05-24T04:53:55.984+0530] {processor.py:840} INFO - DAG(s) 'example_sensor_decorator' retrieved from /Library/Frameworks/Python.framework/Versions/3.12/lib/python3.12/site-packages/airflow/example_dags/example_sensor_decorator.py
[2025-05-24T04:53:56.153+0530] {logging_mixin.py:188} INFO - [2025-05-24T04:53:56.152+0530] {dag.py:3096} INFO - Sync 1 DAGs
[2025-05-24T04:53:56.161+0530] {logging_mixin.py:188} INFO - [2025-05-24T04:53:56.161+0530] {dag.py:3954} INFO - Setting next_dagrun for example_sensor_decorator to None, run_after=None
[2025-05-24T04:53:56.176+0530] {processor.py:183} INFO - Processing /Library/Frameworks/Python.framework/Versions/3.12/lib/python3.12/site-packages/airflow/example_dags/example_sensor_decorator.py took 0.235 seconds
[2025-05-24T04:55:50.899+0530] {processor.py:161} INFO - Started process (PID=17688) to work on /Library/Frameworks/Python.framework/Versions/3.12/lib/python3.12/site-packages/airflow/example_dags/example_sensor_decorator.py
[2025-05-24T04:55:50.901+0530] {processor.py:830} INFO - Processing file /Library/Frameworks/Python.framework/Versions/3.12/lib/python3.12/site-packages/airflow/example_dags/example_sensor_decorator.py for tasks to queue
[2025-05-24T04:55:50.901+0530] {logging_mixin.py:188} INFO - [2025-05-24T04:55:50.901+0530] {dagbag.py:540} INFO - Filling up the DagBag from /Library/Frameworks/Python.framework/Versions/3.12/lib/python3.12/site-packages/airflow/example_dags/example_sensor_decorator.py
[2025-05-24T04:55:50.938+0530] {processor.py:840} INFO - DAG(s) 'example_sensor_decorator' retrieved from /Library/Frameworks/Python.framework/Versions/3.12/lib/python3.12/site-packages/airflow/example_dags/example_sensor_decorator.py
[2025-05-24T04:55:51.106+0530] {logging_mixin.py:188} INFO - [2025-05-24T04:55:51.105+0530] {dag.py:3096} INFO - Sync 1 DAGs
[2025-05-24T04:55:51.114+0530] {logging_mixin.py:188} INFO - [2025-05-24T04:55:51.113+0530] {dag.py:3954} INFO - Setting next_dagrun for example_sensor_decorator to None, run_after=None
[2025-05-24T04:55:51.130+0530] {processor.py:183} INFO - Processing /Library/Frameworks/Python.framework/Versions/3.12/lib/python3.12/site-packages/airflow/example_dags/example_sensor_decorator.py took 0.235 seconds
[2025-05-24T04:57:45.258+0530] {processor.py:161} INFO - Started process (PID=17748) to work on /Library/Frameworks/Python.framework/Versions/3.12/lib/python3.12/site-packages/airflow/example_dags/example_sensor_decorator.py
[2025-05-24T04:57:45.259+0530] {processor.py:830} INFO - Processing file /Library/Frameworks/Python.framework/Versions/3.12/lib/python3.12/site-packages/airflow/example_dags/example_sensor_decorator.py for tasks to queue
[2025-05-24T04:57:45.260+0530] {logging_mixin.py:188} INFO - [2025-05-24T04:57:45.260+0530] {dagbag.py:540} INFO - Filling up the DagBag from /Library/Frameworks/Python.framework/Versions/3.12/lib/python3.12/site-packages/airflow/example_dags/example_sensor_decorator.py
[2025-05-24T04:57:45.295+0530] {processor.py:840} INFO - DAG(s) 'example_sensor_decorator' retrieved from /Library/Frameworks/Python.framework/Versions/3.12/lib/python3.12/site-packages/airflow/example_dags/example_sensor_decorator.py
[2025-05-24T04:57:45.457+0530] {logging_mixin.py:188} INFO - [2025-05-24T04:57:45.457+0530] {dag.py:3096} INFO - Sync 1 DAGs
[2025-05-24T04:57:45.465+0530] {logging_mixin.py:188} INFO - [2025-05-24T04:57:45.465+0530] {dag.py:3954} INFO - Setting next_dagrun for example_sensor_decorator to None, run_after=None
[2025-05-24T04:57:45.480+0530] {processor.py:183} INFO - Processing /Library/Frameworks/Python.framework/Versions/3.12/lib/python3.12/site-packages/airflow/example_dags/example_sensor_decorator.py took 0.226 seconds
[2025-05-24T04:59:40.071+0530] {processor.py:161} INFO - Started process (PID=17828) to work on /Library/Frameworks/Python.framework/Versions/3.12/lib/python3.12/site-packages/airflow/example_dags/example_sensor_decorator.py
[2025-05-24T04:59:40.073+0530] {processor.py:830} INFO - Processing file /Library/Frameworks/Python.framework/Versions/3.12/lib/python3.12/site-packages/airflow/example_dags/example_sensor_decorator.py for tasks to queue
[2025-05-24T04:59:40.073+0530] {logging_mixin.py:188} INFO - [2025-05-24T04:59:40.073+0530] {dagbag.py:540} INFO - Filling up the DagBag from /Library/Frameworks/Python.framework/Versions/3.12/lib/python3.12/site-packages/airflow/example_dags/example_sensor_decorator.py
[2025-05-24T04:59:40.107+0530] {processor.py:840} INFO - DAG(s) 'example_sensor_decorator' retrieved from /Library/Frameworks/Python.framework/Versions/3.12/lib/python3.12/site-packages/airflow/example_dags/example_sensor_decorator.py
[2025-05-24T04:59:40.263+0530] {logging_mixin.py:188} INFO - [2025-05-24T04:59:40.262+0530] {dag.py:3096} INFO - Sync 1 DAGs
[2025-05-24T04:59:40.270+0530] {logging_mixin.py:188} INFO - [2025-05-24T04:59:40.270+0530] {dag.py:3954} INFO - Setting next_dagrun for example_sensor_decorator to None, run_after=None
[2025-05-24T04:59:40.286+0530] {processor.py:183} INFO - Processing /Library/Frameworks/Python.framework/Versions/3.12/lib/python3.12/site-packages/airflow/example_dags/example_sensor_decorator.py took 0.218 seconds
[2025-05-24T05:01:32.337+0530] {processor.py:161} INFO - Started process (PID=17882) to work on /Library/Frameworks/Python.framework/Versions/3.12/lib/python3.12/site-packages/airflow/example_dags/example_sensor_decorator.py
[2025-05-24T05:01:32.339+0530] {processor.py:830} INFO - Processing file /Library/Frameworks/Python.framework/Versions/3.12/lib/python3.12/site-packages/airflow/example_dags/example_sensor_decorator.py for tasks to queue
[2025-05-24T05:01:32.340+0530] {logging_mixin.py:188} INFO - [2025-05-24T05:01:32.339+0530] {dagbag.py:540} INFO - Filling up the DagBag from /Library/Frameworks/Python.framework/Versions/3.12/lib/python3.12/site-packages/airflow/example_dags/example_sensor_decorator.py
[2025-05-24T05:01:32.371+0530] {processor.py:840} INFO - DAG(s) 'example_sensor_decorator' retrieved from /Library/Frameworks/Python.framework/Versions/3.12/lib/python3.12/site-packages/airflow/example_dags/example_sensor_decorator.py
[2025-05-24T05:01:32.520+0530] {logging_mixin.py:188} INFO - [2025-05-24T05:01:32.520+0530] {dag.py:3096} INFO - Sync 1 DAGs
[2025-05-24T05:01:32.528+0530] {logging_mixin.py:188} INFO - [2025-05-24T05:01:32.528+0530] {dag.py:3954} INFO - Setting next_dagrun for example_sensor_decorator to None, run_after=None
[2025-05-24T05:01:32.540+0530] {processor.py:183} INFO - Processing /Library/Frameworks/Python.framework/Versions/3.12/lib/python3.12/site-packages/airflow/example_dags/example_sensor_decorator.py took 0.207 seconds
[2025-05-24T05:03:25.435+0530] {processor.py:161} INFO - Started process (PID=17951) to work on /Library/Frameworks/Python.framework/Versions/3.12/lib/python3.12/site-packages/airflow/example_dags/example_sensor_decorator.py
[2025-05-24T05:03:25.437+0530] {processor.py:830} INFO - Processing file /Library/Frameworks/Python.framework/Versions/3.12/lib/python3.12/site-packages/airflow/example_dags/example_sensor_decorator.py for tasks to queue
[2025-05-24T05:03:25.438+0530] {logging_mixin.py:188} INFO - [2025-05-24T05:03:25.438+0530] {dagbag.py:540} INFO - Filling up the DagBag from /Library/Frameworks/Python.framework/Versions/3.12/lib/python3.12/site-packages/airflow/example_dags/example_sensor_decorator.py
[2025-05-24T05:03:25.470+0530] {processor.py:840} INFO - DAG(s) 'example_sensor_decorator' retrieved from /Library/Frameworks/Python.framework/Versions/3.12/lib/python3.12/site-packages/airflow/example_dags/example_sensor_decorator.py
[2025-05-24T05:03:25.622+0530] {logging_mixin.py:188} INFO - [2025-05-24T05:03:25.622+0530] {dag.py:3096} INFO - Sync 1 DAGs
[2025-05-24T05:03:25.630+0530] {logging_mixin.py:188} INFO - [2025-05-24T05:03:25.630+0530] {dag.py:3954} INFO - Setting next_dagrun for example_sensor_decorator to None, run_after=None
[2025-05-24T05:03:25.643+0530] {processor.py:183} INFO - Processing /Library/Frameworks/Python.framework/Versions/3.12/lib/python3.12/site-packages/airflow/example_dags/example_sensor_decorator.py took 0.211 seconds
[2025-05-24T05:05:18.681+0530] {processor.py:161} INFO - Started process (PID=18001) to work on /Library/Frameworks/Python.framework/Versions/3.12/lib/python3.12/site-packages/airflow/example_dags/example_sensor_decorator.py
[2025-05-24T05:05:18.683+0530] {processor.py:830} INFO - Processing file /Library/Frameworks/Python.framework/Versions/3.12/lib/python3.12/site-packages/airflow/example_dags/example_sensor_decorator.py for tasks to queue
[2025-05-24T05:05:18.684+0530] {logging_mixin.py:188} INFO - [2025-05-24T05:05:18.683+0530] {dagbag.py:540} INFO - Filling up the DagBag from /Library/Frameworks/Python.framework/Versions/3.12/lib/python3.12/site-packages/airflow/example_dags/example_sensor_decorator.py
[2025-05-24T05:05:18.716+0530] {processor.py:840} INFO - DAG(s) 'example_sensor_decorator' retrieved from /Library/Frameworks/Python.framework/Versions/3.12/lib/python3.12/site-packages/airflow/example_dags/example_sensor_decorator.py
[2025-05-24T05:05:18.870+0530] {logging_mixin.py:188} INFO - [2025-05-24T05:05:18.869+0530] {dag.py:3096} INFO - Sync 1 DAGs
[2025-05-24T05:05:18.877+0530] {logging_mixin.py:188} INFO - [2025-05-24T05:05:18.877+0530] {dag.py:3954} INFO - Setting next_dagrun for example_sensor_decorator to None, run_after=None
[2025-05-24T05:05:18.895+0530] {processor.py:183} INFO - Processing /Library/Frameworks/Python.framework/Versions/3.12/lib/python3.12/site-packages/airflow/example_dags/example_sensor_decorator.py took 0.218 seconds
[2025-05-24T05:07:11.687+0530] {processor.py:161} INFO - Started process (PID=18049) to work on /Library/Frameworks/Python.framework/Versions/3.12/lib/python3.12/site-packages/airflow/example_dags/example_sensor_decorator.py
[2025-05-24T05:07:11.689+0530] {processor.py:830} INFO - Processing file /Library/Frameworks/Python.framework/Versions/3.12/lib/python3.12/site-packages/airflow/example_dags/example_sensor_decorator.py for tasks to queue
[2025-05-24T05:07:11.690+0530] {logging_mixin.py:188} INFO - [2025-05-24T05:07:11.689+0530] {dagbag.py:540} INFO - Filling up the DagBag from /Library/Frameworks/Python.framework/Versions/3.12/lib/python3.12/site-packages/airflow/example_dags/example_sensor_decorator.py
[2025-05-24T05:07:11.720+0530] {processor.py:840} INFO - DAG(s) 'example_sensor_decorator' retrieved from /Library/Frameworks/Python.framework/Versions/3.12/lib/python3.12/site-packages/airflow/example_dags/example_sensor_decorator.py
[2025-05-24T05:07:11.872+0530] {logging_mixin.py:188} INFO - [2025-05-24T05:07:11.871+0530] {dag.py:3096} INFO - Sync 1 DAGs
[2025-05-24T05:07:11.880+0530] {logging_mixin.py:188} INFO - [2025-05-24T05:07:11.879+0530] {dag.py:3954} INFO - Setting next_dagrun for example_sensor_decorator to None, run_after=None
[2025-05-24T05:07:11.898+0530] {processor.py:183} INFO - Processing /Library/Frameworks/Python.framework/Versions/3.12/lib/python3.12/site-packages/airflow/example_dags/example_sensor_decorator.py took 0.216 seconds
[2025-05-24T05:08:59.617+0530] {processor.py:161} INFO - Started process (PID=18101) to work on /Library/Frameworks/Python.framework/Versions/3.12/lib/python3.12/site-packages/airflow/example_dags/example_sensor_decorator.py
[2025-05-24T05:08:59.619+0530] {processor.py:830} INFO - Processing file /Library/Frameworks/Python.framework/Versions/3.12/lib/python3.12/site-packages/airflow/example_dags/example_sensor_decorator.py for tasks to queue
[2025-05-24T05:08:59.620+0530] {logging_mixin.py:188} INFO - [2025-05-24T05:08:59.620+0530] {dagbag.py:540} INFO - Filling up the DagBag from /Library/Frameworks/Python.framework/Versions/3.12/lib/python3.12/site-packages/airflow/example_dags/example_sensor_decorator.py
[2025-05-24T05:08:59.650+0530] {processor.py:840} INFO - DAG(s) 'example_sensor_decorator' retrieved from /Library/Frameworks/Python.framework/Versions/3.12/lib/python3.12/site-packages/airflow/example_dags/example_sensor_decorator.py
[2025-05-24T05:08:59.804+0530] {logging_mixin.py:188} INFO - [2025-05-24T05:08:59.803+0530] {dag.py:3096} INFO - Sync 1 DAGs
[2025-05-24T05:08:59.811+0530] {logging_mixin.py:188} INFO - [2025-05-24T05:08:59.811+0530] {dag.py:3954} INFO - Setting next_dagrun for example_sensor_decorator to None, run_after=None
[2025-05-24T05:08:59.829+0530] {processor.py:183} INFO - Processing /Library/Frameworks/Python.framework/Versions/3.12/lib/python3.12/site-packages/airflow/example_dags/example_sensor_decorator.py took 0.216 seconds
[2025-05-24T05:13:31.396+0530] {processor.py:161} INFO - Started process (PID=18194) to work on /Library/Frameworks/Python.framework/Versions/3.12/lib/python3.12/site-packages/airflow/example_dags/example_sensor_decorator.py
[2025-05-24T05:13:31.398+0530] {processor.py:830} INFO - Processing file /Library/Frameworks/Python.framework/Versions/3.12/lib/python3.12/site-packages/airflow/example_dags/example_sensor_decorator.py for tasks to queue
[2025-05-24T05:13:31.399+0530] {logging_mixin.py:188} INFO - [2025-05-24T05:13:31.398+0530] {dagbag.py:540} INFO - Filling up the DagBag from /Library/Frameworks/Python.framework/Versions/3.12/lib/python3.12/site-packages/airflow/example_dags/example_sensor_decorator.py
[2025-05-24T05:13:31.436+0530] {processor.py:840} INFO - DAG(s) 'example_sensor_decorator' retrieved from /Library/Frameworks/Python.framework/Versions/3.12/lib/python3.12/site-packages/airflow/example_dags/example_sensor_decorator.py
[2025-05-24T05:13:31.621+0530] {logging_mixin.py:188} INFO - [2025-05-24T05:13:31.621+0530] {dag.py:3096} INFO - Sync 1 DAGs
[2025-05-24T05:13:31.629+0530] {logging_mixin.py:188} INFO - [2025-05-24T05:13:31.629+0530] {dag.py:3954} INFO - Setting next_dagrun for example_sensor_decorator to None, run_after=None
[2025-05-24T05:13:31.644+0530] {processor.py:183} INFO - Processing /Library/Frameworks/Python.framework/Versions/3.12/lib/python3.12/site-packages/airflow/example_dags/example_sensor_decorator.py took 0.250 seconds
[2025-05-24T05:15:34.146+0530] {processor.py:161} INFO - Started process (PID=18333) to work on /Library/Frameworks/Python.framework/Versions/3.12/lib/python3.12/site-packages/airflow/example_dags/example_sensor_decorator.py
[2025-05-24T05:15:34.149+0530] {processor.py:830} INFO - Processing file /Library/Frameworks/Python.framework/Versions/3.12/lib/python3.12/site-packages/airflow/example_dags/example_sensor_decorator.py for tasks to queue
[2025-05-24T05:15:34.150+0530] {logging_mixin.py:188} INFO - [2025-05-24T05:15:34.150+0530] {dagbag.py:540} INFO - Filling up the DagBag from /Library/Frameworks/Python.framework/Versions/3.12/lib/python3.12/site-packages/airflow/example_dags/example_sensor_decorator.py
[2025-05-24T05:15:34.186+0530] {processor.py:840} INFO - DAG(s) 'example_sensor_decorator' retrieved from /Library/Frameworks/Python.framework/Versions/3.12/lib/python3.12/site-packages/airflow/example_dags/example_sensor_decorator.py
[2025-05-24T05:15:34.345+0530] {logging_mixin.py:188} INFO - [2025-05-24T05:15:34.345+0530] {dag.py:3096} INFO - Sync 1 DAGs
[2025-05-24T05:15:34.353+0530] {logging_mixin.py:188} INFO - [2025-05-24T05:15:34.353+0530] {dag.py:3954} INFO - Setting next_dagrun for example_sensor_decorator to None, run_after=None
[2025-05-24T05:15:34.368+0530] {processor.py:183} INFO - Processing /Library/Frameworks/Python.framework/Versions/3.12/lib/python3.12/site-packages/airflow/example_dags/example_sensor_decorator.py took 0.225 seconds
[2025-05-24T05:17:34.743+0530] {processor.py:161} INFO - Started process (PID=18460) to work on /Library/Frameworks/Python.framework/Versions/3.12/lib/python3.12/site-packages/airflow/example_dags/example_sensor_decorator.py
[2025-05-24T05:17:34.744+0530] {processor.py:830} INFO - Processing file /Library/Frameworks/Python.framework/Versions/3.12/lib/python3.12/site-packages/airflow/example_dags/example_sensor_decorator.py for tasks to queue
[2025-05-24T05:17:34.745+0530] {logging_mixin.py:188} INFO - [2025-05-24T05:17:34.745+0530] {dagbag.py:540} INFO - Filling up the DagBag from /Library/Frameworks/Python.framework/Versions/3.12/lib/python3.12/site-packages/airflow/example_dags/example_sensor_decorator.py
[2025-05-24T05:17:34.782+0530] {processor.py:840} INFO - DAG(s) 'example_sensor_decorator' retrieved from /Library/Frameworks/Python.framework/Versions/3.12/lib/python3.12/site-packages/airflow/example_dags/example_sensor_decorator.py
[2025-05-24T05:17:34.969+0530] {logging_mixin.py:188} INFO - [2025-05-24T05:17:34.969+0530] {dag.py:3096} INFO - Sync 1 DAGs
[2025-05-24T05:17:34.977+0530] {logging_mixin.py:188} INFO - [2025-05-24T05:17:34.977+0530] {dag.py:3954} INFO - Setting next_dagrun for example_sensor_decorator to None, run_after=None
[2025-05-24T05:17:34.993+0530] {processor.py:183} INFO - Processing /Library/Frameworks/Python.framework/Versions/3.12/lib/python3.12/site-packages/airflow/example_dags/example_sensor_decorator.py took 0.254 seconds
[2025-05-24T05:19:34.997+0530] {processor.py:161} INFO - Started process (PID=18889) to work on /Library/Frameworks/Python.framework/Versions/3.12/lib/python3.12/site-packages/airflow/example_dags/example_sensor_decorator.py
[2025-05-24T05:19:34.999+0530] {processor.py:830} INFO - Processing file /Library/Frameworks/Python.framework/Versions/3.12/lib/python3.12/site-packages/airflow/example_dags/example_sensor_decorator.py for tasks to queue
[2025-05-24T05:19:35.000+0530] {logging_mixin.py:188} INFO - [2025-05-24T05:19:35.000+0530] {dagbag.py:540} INFO - Filling up the DagBag from /Library/Frameworks/Python.framework/Versions/3.12/lib/python3.12/site-packages/airflow/example_dags/example_sensor_decorator.py
[2025-05-24T05:19:35.053+0530] {processor.py:840} INFO - DAG(s) 'example_sensor_decorator' retrieved from /Library/Frameworks/Python.framework/Versions/3.12/lib/python3.12/site-packages/airflow/example_dags/example_sensor_decorator.py
[2025-05-24T05:19:35.248+0530] {logging_mixin.py:188} INFO - [2025-05-24T05:19:35.248+0530] {dag.py:3096} INFO - Sync 1 DAGs
[2025-05-24T05:19:35.256+0530] {logging_mixin.py:188} INFO - [2025-05-24T05:19:35.256+0530] {dag.py:3954} INFO - Setting next_dagrun for example_sensor_decorator to None, run_after=None
[2025-05-24T05:19:35.270+0530] {processor.py:183} INFO - Processing /Library/Frameworks/Python.framework/Versions/3.12/lib/python3.12/site-packages/airflow/example_dags/example_sensor_decorator.py took 0.279 seconds
[2025-05-24T05:21:31.114+0530] {processor.py:161} INFO - Started process (PID=19219) to work on /Library/Frameworks/Python.framework/Versions/3.12/lib/python3.12/site-packages/airflow/example_dags/example_sensor_decorator.py
[2025-05-24T05:21:31.115+0530] {processor.py:830} INFO - Processing file /Library/Frameworks/Python.framework/Versions/3.12/lib/python3.12/site-packages/airflow/example_dags/example_sensor_decorator.py for tasks to queue
[2025-05-24T05:21:31.116+0530] {logging_mixin.py:188} INFO - [2025-05-24T05:21:31.116+0530] {dagbag.py:540} INFO - Filling up the DagBag from /Library/Frameworks/Python.framework/Versions/3.12/lib/python3.12/site-packages/airflow/example_dags/example_sensor_decorator.py
[2025-05-24T05:21:31.153+0530] {processor.py:840} INFO - DAG(s) 'example_sensor_decorator' retrieved from /Library/Frameworks/Python.framework/Versions/3.12/lib/python3.12/site-packages/airflow/example_dags/example_sensor_decorator.py
[2025-05-24T05:21:31.326+0530] {logging_mixin.py:188} INFO - [2025-05-24T05:21:31.326+0530] {dag.py:3096} INFO - Sync 1 DAGs
[2025-05-24T05:21:31.334+0530] {logging_mixin.py:188} INFO - [2025-05-24T05:21:31.334+0530] {dag.py:3954} INFO - Setting next_dagrun for example_sensor_decorator to None, run_after=None
[2025-05-24T05:21:31.349+0530] {processor.py:183} INFO - Processing /Library/Frameworks/Python.framework/Versions/3.12/lib/python3.12/site-packages/airflow/example_dags/example_sensor_decorator.py took 0.240 seconds
[2025-05-24T05:29:15.959+0530] {processor.py:161} INFO - Started process (PID=20733) to work on /Library/Frameworks/Python.framework/Versions/3.12/lib/python3.12/site-packages/airflow/example_dags/example_sensor_decorator.py
[2025-05-24T05:29:15.960+0530] {processor.py:830} INFO - Processing file /Library/Frameworks/Python.framework/Versions/3.12/lib/python3.12/site-packages/airflow/example_dags/example_sensor_decorator.py for tasks to queue
[2025-05-24T05:29:15.961+0530] {logging_mixin.py:188} INFO - [2025-05-24T05:29:15.961+0530] {dagbag.py:540} INFO - Filling up the DagBag from /Library/Frameworks/Python.framework/Versions/3.12/lib/python3.12/site-packages/airflow/example_dags/example_sensor_decorator.py
[2025-05-24T05:29:15.999+0530] {processor.py:840} INFO - DAG(s) 'example_sensor_decorator' retrieved from /Library/Frameworks/Python.framework/Versions/3.12/lib/python3.12/site-packages/airflow/example_dags/example_sensor_decorator.py
[2025-05-24T05:29:16.288+0530] {logging_mixin.py:188} INFO - [2025-05-24T05:29:16.287+0530] {dag.py:3096} INFO - Sync 1 DAGs
[2025-05-24T05:29:16.295+0530] {logging_mixin.py:188} INFO - [2025-05-24T05:29:16.295+0530] {dag.py:3954} INFO - Setting next_dagrun for example_sensor_decorator to None, run_after=None
[2025-05-24T05:29:16.311+0530] {processor.py:183} INFO - Processing /Library/Frameworks/Python.framework/Versions/3.12/lib/python3.12/site-packages/airflow/example_dags/example_sensor_decorator.py took 0.355 seconds
