[2025-05-24T04:23:23.043+0530] {processor.py:161} INFO - Started process (PID=15658) to work on /Library/Frameworks/Python.framework/Versions/3.12/lib/python3.12/site-packages/airflow/example_dags/example_setup_teardown.py
[2025-05-24T04:23:23.044+0530] {processor.py:830} INFO - Processing file /Library/Frameworks/Python.framework/Versions/3.12/lib/python3.12/site-packages/airflow/example_dags/example_setup_teardown.py for tasks to queue
[2025-05-24T04:23:23.046+0530] {logging_mixin.py:188} INFO - [2025-05-24T04:23:23.045+0530] {dagbag.py:540} INFO - Filling up the DagBag from /Library/Frameworks/Python.framework/Versions/3.12/lib/python3.12/site-packages/airflow/example_dags/example_setup_teardown.py
[2025-05-24T04:23:23.055+0530] {processor.py:840} INFO - DAG(s) 'example_setup_teardown' retrieved from /Library/Frameworks/Python.framework/Versions/3.12/lib/python3.12/site-packages/airflow/example_dags/example_setup_teardown.py
[2025-05-24T04:23:23.267+0530] {logging_mixin.py:188} INFO - [2025-05-24T04:23:23.266+0530] {dag.py:3096} INFO - Sync 1 DAGs
[2025-05-24T04:23:23.279+0530] {logging_mixin.py:188} INFO - [2025-05-24T04:23:23.278+0530] {dag.py:3954} INFO - Setting next_dagrun for example_setup_teardown to 2025-05-22 00:00:00+00:00, run_after=2025-05-23 00:00:00+00:00
[2025-05-24T04:23:23.292+0530] {processor.py:183} INFO - Processing /Library/Frameworks/Python.framework/Versions/3.12/lib/python3.12/site-packages/airflow/example_dags/example_setup_teardown.py took 0.253 seconds
[2025-05-24T04:26:00.190+0530] {processor.py:161} INFO - Started process (PID=15759) to work on /Library/Frameworks/Python.framework/Versions/3.12/lib/python3.12/site-packages/airflow/example_dags/example_setup_teardown.py
[2025-05-24T04:26:00.191+0530] {processor.py:830} INFO - Processing file /Library/Frameworks/Python.framework/Versions/3.12/lib/python3.12/site-packages/airflow/example_dags/example_setup_teardown.py for tasks to queue
[2025-05-24T04:26:00.191+0530] {logging_mixin.py:188} INFO - [2025-05-24T04:26:00.191+0530] {dagbag.py:540} INFO - Filling up the DagBag from /Library/Frameworks/Python.framework/Versions/3.12/lib/python3.12/site-packages/airflow/example_dags/example_setup_teardown.py
[2025-05-24T04:26:00.199+0530] {processor.py:840} INFO - DAG(s) 'example_setup_teardown' retrieved from /Library/Frameworks/Python.framework/Versions/3.12/lib/python3.12/site-packages/airflow/example_dags/example_setup_teardown.py
[2025-05-24T04:26:00.344+0530] {logging_mixin.py:188} INFO - [2025-05-24T04:26:00.344+0530] {dag.py:3096} INFO - Sync 1 DAGs
[2025-05-24T04:26:00.362+0530] {logging_mixin.py:188} INFO - [2025-05-24T04:26:00.362+0530] {dag.py:3954} INFO - Setting next_dagrun for example_setup_teardown to 2025-05-22 00:00:00+00:00, run_after=2025-05-23 00:00:00+00:00
[2025-05-24T04:26:00.381+0530] {processor.py:183} INFO - Processing /Library/Frameworks/Python.framework/Versions/3.12/lib/python3.12/site-packages/airflow/example_dags/example_setup_teardown.py took 0.195 seconds
[2025-05-24T04:27:56.290+0530] {processor.py:161} INFO - Started process (PID=15812) to work on /Library/Frameworks/Python.framework/Versions/3.12/lib/python3.12/site-packages/airflow/example_dags/example_setup_teardown.py
[2025-05-24T04:27:56.290+0530] {processor.py:830} INFO - Processing file /Library/Frameworks/Python.framework/Versions/3.12/lib/python3.12/site-packages/airflow/example_dags/example_setup_teardown.py for tasks to queue
[2025-05-24T04:27:56.291+0530] {logging_mixin.py:188} INFO - [2025-05-24T04:27:56.291+0530] {dagbag.py:540} INFO - Filling up the DagBag from /Library/Frameworks/Python.framework/Versions/3.12/lib/python3.12/site-packages/airflow/example_dags/example_setup_teardown.py
[2025-05-24T04:27:56.299+0530] {processor.py:840} INFO - DAG(s) 'example_setup_teardown' retrieved from /Library/Frameworks/Python.framework/Versions/3.12/lib/python3.12/site-packages/airflow/example_dags/example_setup_teardown.py
[2025-05-24T04:27:56.441+0530] {logging_mixin.py:188} INFO - [2025-05-24T04:27:56.441+0530] {dag.py:3096} INFO - Sync 1 DAGs
[2025-05-24T04:27:56.460+0530] {logging_mixin.py:188} INFO - [2025-05-24T04:27:56.460+0530] {dag.py:3954} INFO - Setting next_dagrun for example_setup_teardown to 2025-05-22 00:00:00+00:00, run_after=2025-05-23 00:00:00+00:00
[2025-05-24T04:27:56.478+0530] {processor.py:183} INFO - Processing /Library/Frameworks/Python.framework/Versions/3.12/lib/python3.12/site-packages/airflow/example_dags/example_setup_teardown.py took 0.191 seconds
[2025-05-24T04:29:50.223+0530] {processor.py:161} INFO - Started process (PID=15858) to work on /Library/Frameworks/Python.framework/Versions/3.12/lib/python3.12/site-packages/airflow/example_dags/example_setup_teardown.py
[2025-05-24T04:29:50.224+0530] {processor.py:830} INFO - Processing file /Library/Frameworks/Python.framework/Versions/3.12/lib/python3.12/site-packages/airflow/example_dags/example_setup_teardown.py for tasks to queue
[2025-05-24T04:29:50.225+0530] {logging_mixin.py:188} INFO - [2025-05-24T04:29:50.225+0530] {dagbag.py:540} INFO - Filling up the DagBag from /Library/Frameworks/Python.framework/Versions/3.12/lib/python3.12/site-packages/airflow/example_dags/example_setup_teardown.py
[2025-05-24T04:29:50.233+0530] {processor.py:840} INFO - DAG(s) 'example_setup_teardown' retrieved from /Library/Frameworks/Python.framework/Versions/3.12/lib/python3.12/site-packages/airflow/example_dags/example_setup_teardown.py
[2025-05-24T04:29:50.373+0530] {logging_mixin.py:188} INFO - [2025-05-24T04:29:50.373+0530] {dag.py:3096} INFO - Sync 1 DAGs
[2025-05-24T04:29:50.391+0530] {logging_mixin.py:188} INFO - [2025-05-24T04:29:50.391+0530] {dag.py:3954} INFO - Setting next_dagrun for example_setup_teardown to 2025-05-22 00:00:00+00:00, run_after=2025-05-23 00:00:00+00:00
[2025-05-24T04:29:50.409+0530] {processor.py:183} INFO - Processing /Library/Frameworks/Python.framework/Versions/3.12/lib/python3.12/site-packages/airflow/example_dags/example_setup_teardown.py took 0.189 seconds
[2025-05-24T04:31:48.428+0530] {processor.py:161} INFO - Started process (PID=15937) to work on /Library/Frameworks/Python.framework/Versions/3.12/lib/python3.12/site-packages/airflow/example_dags/example_setup_teardown.py
[2025-05-24T04:31:48.428+0530] {processor.py:830} INFO - Processing file /Library/Frameworks/Python.framework/Versions/3.12/lib/python3.12/site-packages/airflow/example_dags/example_setup_teardown.py for tasks to queue
[2025-05-24T04:31:48.429+0530] {logging_mixin.py:188} INFO - [2025-05-24T04:31:48.429+0530] {dagbag.py:540} INFO - Filling up the DagBag from /Library/Frameworks/Python.framework/Versions/3.12/lib/python3.12/site-packages/airflow/example_dags/example_setup_teardown.py
[2025-05-24T04:31:48.437+0530] {processor.py:840} INFO - DAG(s) 'example_setup_teardown' retrieved from /Library/Frameworks/Python.framework/Versions/3.12/lib/python3.12/site-packages/airflow/example_dags/example_setup_teardown.py
[2025-05-24T04:31:48.583+0530] {logging_mixin.py:188} INFO - [2025-05-24T04:31:48.583+0530] {dag.py:3096} INFO - Sync 1 DAGs
[2025-05-24T04:31:48.602+0530] {logging_mixin.py:188} INFO - [2025-05-24T04:31:48.602+0530] {dag.py:3954} INFO - Setting next_dagrun for example_setup_teardown to 2025-05-22 00:00:00+00:00, run_after=2025-05-23 00:00:00+00:00
[2025-05-24T04:31:48.621+0530] {processor.py:183} INFO - Processing /Library/Frameworks/Python.framework/Versions/3.12/lib/python3.12/site-packages/airflow/example_dags/example_setup_teardown.py took 0.196 seconds
[2025-05-24T04:33:48.242+0530] {processor.py:161} INFO - Started process (PID=16009) to work on /Library/Frameworks/Python.framework/Versions/3.12/lib/python3.12/site-packages/airflow/example_dags/example_setup_teardown.py
[2025-05-24T04:33:48.244+0530] {processor.py:830} INFO - Processing file /Library/Frameworks/Python.framework/Versions/3.12/lib/python3.12/site-packages/airflow/example_dags/example_setup_teardown.py for tasks to queue
[2025-05-24T04:33:48.244+0530] {logging_mixin.py:188} INFO - [2025-05-24T04:33:48.244+0530] {dagbag.py:540} INFO - Filling up the DagBag from /Library/Frameworks/Python.framework/Versions/3.12/lib/python3.12/site-packages/airflow/example_dags/example_setup_teardown.py
[2025-05-24T04:33:48.253+0530] {processor.py:840} INFO - DAG(s) 'example_setup_teardown' retrieved from /Library/Frameworks/Python.framework/Versions/3.12/lib/python3.12/site-packages/airflow/example_dags/example_setup_teardown.py
[2025-05-24T04:33:48.394+0530] {logging_mixin.py:188} INFO - [2025-05-24T04:33:48.394+0530] {dag.py:3096} INFO - Sync 1 DAGs
[2025-05-24T04:33:48.412+0530] {logging_mixin.py:188} INFO - [2025-05-24T04:33:48.412+0530] {dag.py:3954} INFO - Setting next_dagrun for example_setup_teardown to 2025-05-22 00:00:00+00:00, run_after=2025-05-23 00:00:00+00:00
[2025-05-24T04:33:48.430+0530] {processor.py:183} INFO - Processing /Library/Frameworks/Python.framework/Versions/3.12/lib/python3.12/site-packages/airflow/example_dags/example_setup_teardown.py took 0.190 seconds
[2025-05-24T04:35:53.677+0530] {processor.py:161} INFO - Started process (PID=16088) to work on /Library/Frameworks/Python.framework/Versions/3.12/lib/python3.12/site-packages/airflow/example_dags/example_setup_teardown.py
[2025-05-24T04:35:53.678+0530] {processor.py:830} INFO - Processing file /Library/Frameworks/Python.framework/Versions/3.12/lib/python3.12/site-packages/airflow/example_dags/example_setup_teardown.py for tasks to queue
[2025-05-24T04:35:53.679+0530] {logging_mixin.py:188} INFO - [2025-05-24T04:35:53.679+0530] {dagbag.py:540} INFO - Filling up the DagBag from /Library/Frameworks/Python.framework/Versions/3.12/lib/python3.12/site-packages/airflow/example_dags/example_setup_teardown.py
[2025-05-24T04:35:53.688+0530] {processor.py:840} INFO - DAG(s) 'example_setup_teardown' retrieved from /Library/Frameworks/Python.framework/Versions/3.12/lib/python3.12/site-packages/airflow/example_dags/example_setup_teardown.py
[2025-05-24T04:35:53.849+0530] {logging_mixin.py:188} INFO - [2025-05-24T04:35:53.849+0530] {dag.py:3096} INFO - Sync 1 DAGs
[2025-05-24T04:35:53.868+0530] {logging_mixin.py:188} INFO - [2025-05-24T04:35:53.868+0530] {dag.py:3954} INFO - Setting next_dagrun for example_setup_teardown to 2025-05-22 00:00:00+00:00, run_after=2025-05-23 00:00:00+00:00
[2025-05-24T04:35:53.888+0530] {processor.py:183} INFO - Processing /Library/Frameworks/Python.framework/Versions/3.12/lib/python3.12/site-packages/airflow/example_dags/example_setup_teardown.py took 0.214 seconds
[2025-05-24T04:37:48.575+0530] {processor.py:161} INFO - Started process (PID=16149) to work on /Library/Frameworks/Python.framework/Versions/3.12/lib/python3.12/site-packages/airflow/example_dags/example_setup_teardown.py
[2025-05-24T04:37:48.576+0530] {processor.py:830} INFO - Processing file /Library/Frameworks/Python.framework/Versions/3.12/lib/python3.12/site-packages/airflow/example_dags/example_setup_teardown.py for tasks to queue
[2025-05-24T04:37:48.577+0530] {logging_mixin.py:188} INFO - [2025-05-24T04:37:48.577+0530] {dagbag.py:540} INFO - Filling up the DagBag from /Library/Frameworks/Python.framework/Versions/3.12/lib/python3.12/site-packages/airflow/example_dags/example_setup_teardown.py
[2025-05-24T04:37:48.585+0530] {processor.py:840} INFO - DAG(s) 'example_setup_teardown' retrieved from /Library/Frameworks/Python.framework/Versions/3.12/lib/python3.12/site-packages/airflow/example_dags/example_setup_teardown.py
[2025-05-24T04:37:48.723+0530] {logging_mixin.py:188} INFO - [2025-05-24T04:37:48.722+0530] {dag.py:3096} INFO - Sync 1 DAGs
[2025-05-24T04:37:48.739+0530] {logging_mixin.py:188} INFO - [2025-05-24T04:37:48.739+0530] {dag.py:3954} INFO - Setting next_dagrun for example_setup_teardown to 2025-05-22 00:00:00+00:00, run_after=2025-05-23 00:00:00+00:00
[2025-05-24T04:37:48.759+0530] {processor.py:183} INFO - Processing /Library/Frameworks/Python.framework/Versions/3.12/lib/python3.12/site-packages/airflow/example_dags/example_setup_teardown.py took 0.187 seconds
[2025-05-24T04:39:48.304+0530] {processor.py:161} INFO - Started process (PID=16220) to work on /Library/Frameworks/Python.framework/Versions/3.12/lib/python3.12/site-packages/airflow/example_dags/example_setup_teardown.py
[2025-05-24T04:39:48.306+0530] {processor.py:830} INFO - Processing file /Library/Frameworks/Python.framework/Versions/3.12/lib/python3.12/site-packages/airflow/example_dags/example_setup_teardown.py for tasks to queue
[2025-05-24T04:39:48.306+0530] {logging_mixin.py:188} INFO - [2025-05-24T04:39:48.306+0530] {dagbag.py:540} INFO - Filling up the DagBag from /Library/Frameworks/Python.framework/Versions/3.12/lib/python3.12/site-packages/airflow/example_dags/example_setup_teardown.py
[2025-05-24T04:39:48.315+0530] {processor.py:840} INFO - DAG(s) 'example_setup_teardown' retrieved from /Library/Frameworks/Python.framework/Versions/3.12/lib/python3.12/site-packages/airflow/example_dags/example_setup_teardown.py
[2025-05-24T04:39:48.460+0530] {logging_mixin.py:188} INFO - [2025-05-24T04:39:48.460+0530] {dag.py:3096} INFO - Sync 1 DAGs
[2025-05-24T04:39:48.479+0530] {logging_mixin.py:188} INFO - [2025-05-24T04:39:48.479+0530] {dag.py:3954} INFO - Setting next_dagrun for example_setup_teardown to 2025-05-22 00:00:00+00:00, run_after=2025-05-23 00:00:00+00:00
[2025-05-24T04:39:48.497+0530] {processor.py:183} INFO - Processing /Library/Frameworks/Python.framework/Versions/3.12/lib/python3.12/site-packages/airflow/example_dags/example_setup_teardown.py took 0.197 seconds
[2025-05-24T04:42:05.975+0530] {processor.py:161} INFO - Started process (PID=16317) to work on /Library/Frameworks/Python.framework/Versions/3.12/lib/python3.12/site-packages/airflow/example_dags/example_setup_teardown.py
[2025-05-24T04:42:05.976+0530] {processor.py:830} INFO - Processing file /Library/Frameworks/Python.framework/Versions/3.12/lib/python3.12/site-packages/airflow/example_dags/example_setup_teardown.py for tasks to queue
[2025-05-24T04:42:05.977+0530] {logging_mixin.py:188} INFO - [2025-05-24T04:42:05.977+0530] {dagbag.py:540} INFO - Filling up the DagBag from /Library/Frameworks/Python.framework/Versions/3.12/lib/python3.12/site-packages/airflow/example_dags/example_setup_teardown.py
[2025-05-24T04:42:05.985+0530] {processor.py:840} INFO - DAG(s) 'example_setup_teardown' retrieved from /Library/Frameworks/Python.framework/Versions/3.12/lib/python3.12/site-packages/airflow/example_dags/example_setup_teardown.py
[2025-05-24T04:42:06.122+0530] {logging_mixin.py:188} INFO - [2025-05-24T04:42:06.122+0530] {dag.py:3096} INFO - Sync 1 DAGs
[2025-05-24T04:42:06.140+0530] {logging_mixin.py:188} INFO - [2025-05-24T04:42:06.140+0530] {dag.py:3954} INFO - Setting next_dagrun for example_setup_teardown to 2025-05-22 00:00:00+00:00, run_after=2025-05-23 00:00:00+00:00
[2025-05-24T04:42:06.158+0530] {processor.py:183} INFO - Processing /Library/Frameworks/Python.framework/Versions/3.12/lib/python3.12/site-packages/airflow/example_dags/example_setup_teardown.py took 0.188 seconds
[2025-05-24T04:44:01.436+0530] {processor.py:161} INFO - Started process (PID=16766) to work on /Library/Frameworks/Python.framework/Versions/3.12/lib/python3.12/site-packages/airflow/example_dags/example_setup_teardown.py
[2025-05-24T04:44:01.437+0530] {processor.py:830} INFO - Processing file /Library/Frameworks/Python.framework/Versions/3.12/lib/python3.12/site-packages/airflow/example_dags/example_setup_teardown.py for tasks to queue
[2025-05-24T04:44:01.438+0530] {logging_mixin.py:188} INFO - [2025-05-24T04:44:01.438+0530] {dagbag.py:540} INFO - Filling up the DagBag from /Library/Frameworks/Python.framework/Versions/3.12/lib/python3.12/site-packages/airflow/example_dags/example_setup_teardown.py
[2025-05-24T04:44:01.446+0530] {processor.py:840} INFO - DAG(s) 'example_setup_teardown' retrieved from /Library/Frameworks/Python.framework/Versions/3.12/lib/python3.12/site-packages/airflow/example_dags/example_setup_teardown.py
[2025-05-24T04:44:01.603+0530] {logging_mixin.py:188} INFO - [2025-05-24T04:44:01.603+0530] {dag.py:3096} INFO - Sync 1 DAGs
[2025-05-24T04:44:01.622+0530] {logging_mixin.py:188} INFO - [2025-05-24T04:44:01.622+0530] {dag.py:3954} INFO - Setting next_dagrun for example_setup_teardown to 2025-05-22 00:00:00+00:00, run_after=2025-05-23 00:00:00+00:00
[2025-05-24T04:44:01.640+0530] {processor.py:183} INFO - Processing /Library/Frameworks/Python.framework/Versions/3.12/lib/python3.12/site-packages/airflow/example_dags/example_setup_teardown.py took 0.208 seconds
[2025-05-24T04:46:00.910+0530] {processor.py:161} INFO - Started process (PID=17336) to work on /Library/Frameworks/Python.framework/Versions/3.12/lib/python3.12/site-packages/airflow/example_dags/example_setup_teardown.py
[2025-05-24T04:46:00.911+0530] {processor.py:830} INFO - Processing file /Library/Frameworks/Python.framework/Versions/3.12/lib/python3.12/site-packages/airflow/example_dags/example_setup_teardown.py for tasks to queue
[2025-05-24T04:46:00.912+0530] {logging_mixin.py:188} INFO - [2025-05-24T04:46:00.912+0530] {dagbag.py:540} INFO - Filling up the DagBag from /Library/Frameworks/Python.framework/Versions/3.12/lib/python3.12/site-packages/airflow/example_dags/example_setup_teardown.py
[2025-05-24T04:46:00.920+0530] {processor.py:840} INFO - DAG(s) 'example_setup_teardown' retrieved from /Library/Frameworks/Python.framework/Versions/3.12/lib/python3.12/site-packages/airflow/example_dags/example_setup_teardown.py
[2025-05-24T04:46:01.058+0530] {logging_mixin.py:188} INFO - [2025-05-24T04:46:01.058+0530] {dag.py:3096} INFO - Sync 1 DAGs
[2025-05-24T04:46:01.077+0530] {logging_mixin.py:188} INFO - [2025-05-24T04:46:01.076+0530] {dag.py:3954} INFO - Setting next_dagrun for example_setup_teardown to 2025-05-22 00:00:00+00:00, run_after=2025-05-23 00:00:00+00:00
[2025-05-24T04:46:01.095+0530] {processor.py:183} INFO - Processing /Library/Frameworks/Python.framework/Versions/3.12/lib/python3.12/site-packages/airflow/example_dags/example_setup_teardown.py took 0.190 seconds
[2025-05-24T04:47:55.723+0530] {processor.py:161} INFO - Started process (PID=17391) to work on /Library/Frameworks/Python.framework/Versions/3.12/lib/python3.12/site-packages/airflow/example_dags/example_setup_teardown.py
[2025-05-24T04:47:55.724+0530] {processor.py:830} INFO - Processing file /Library/Frameworks/Python.framework/Versions/3.12/lib/python3.12/site-packages/airflow/example_dags/example_setup_teardown.py for tasks to queue
[2025-05-24T04:47:55.725+0530] {logging_mixin.py:188} INFO - [2025-05-24T04:47:55.725+0530] {dagbag.py:540} INFO - Filling up the DagBag from /Library/Frameworks/Python.framework/Versions/3.12/lib/python3.12/site-packages/airflow/example_dags/example_setup_teardown.py
[2025-05-24T04:47:55.732+0530] {processor.py:840} INFO - DAG(s) 'example_setup_teardown' retrieved from /Library/Frameworks/Python.framework/Versions/3.12/lib/python3.12/site-packages/airflow/example_dags/example_setup_teardown.py
[2025-05-24T04:47:55.871+0530] {logging_mixin.py:188} INFO - [2025-05-24T04:47:55.871+0530] {dag.py:3096} INFO - Sync 1 DAGs
[2025-05-24T04:47:55.889+0530] {logging_mixin.py:188} INFO - [2025-05-24T04:47:55.889+0530] {dag.py:3954} INFO - Setting next_dagrun for example_setup_teardown to 2025-05-22 00:00:00+00:00, run_after=2025-05-23 00:00:00+00:00
[2025-05-24T04:47:55.907+0530] {processor.py:183} INFO - Processing /Library/Frameworks/Python.framework/Versions/3.12/lib/python3.12/site-packages/airflow/example_dags/example_setup_teardown.py took 0.188 seconds
[2025-05-24T04:50:03.606+0530] {processor.py:161} INFO - Started process (PID=17479) to work on /Library/Frameworks/Python.framework/Versions/3.12/lib/python3.12/site-packages/airflow/example_dags/example_setup_teardown.py
[2025-05-24T04:50:03.607+0530] {processor.py:830} INFO - Processing file /Library/Frameworks/Python.framework/Versions/3.12/lib/python3.12/site-packages/airflow/example_dags/example_setup_teardown.py for tasks to queue
[2025-05-24T04:50:03.608+0530] {logging_mixin.py:188} INFO - [2025-05-24T04:50:03.608+0530] {dagbag.py:540} INFO - Filling up the DagBag from /Library/Frameworks/Python.framework/Versions/3.12/lib/python3.12/site-packages/airflow/example_dags/example_setup_teardown.py
[2025-05-24T04:50:03.616+0530] {processor.py:840} INFO - DAG(s) 'example_setup_teardown' retrieved from /Library/Frameworks/Python.framework/Versions/3.12/lib/python3.12/site-packages/airflow/example_dags/example_setup_teardown.py
[2025-05-24T04:50:03.753+0530] {logging_mixin.py:188} INFO - [2025-05-24T04:50:03.753+0530] {dag.py:3096} INFO - Sync 1 DAGs
[2025-05-24T04:50:03.770+0530] {logging_mixin.py:188} INFO - [2025-05-24T04:50:03.770+0530] {dag.py:3954} INFO - Setting next_dagrun for example_setup_teardown to 2025-05-22 00:00:00+00:00, run_after=2025-05-23 00:00:00+00:00
[2025-05-24T04:50:03.788+0530] {processor.py:183} INFO - Processing /Library/Frameworks/Python.framework/Versions/3.12/lib/python3.12/site-packages/airflow/example_dags/example_setup_teardown.py took 0.186 seconds
[2025-05-24T04:51:57.327+0530] {processor.py:161} INFO - Started process (PID=17553) to work on /Library/Frameworks/Python.framework/Versions/3.12/lib/python3.12/site-packages/airflow/example_dags/example_setup_teardown.py
[2025-05-24T04:51:57.328+0530] {processor.py:830} INFO - Processing file /Library/Frameworks/Python.framework/Versions/3.12/lib/python3.12/site-packages/airflow/example_dags/example_setup_teardown.py for tasks to queue
[2025-05-24T04:51:57.329+0530] {logging_mixin.py:188} INFO - [2025-05-24T04:51:57.329+0530] {dagbag.py:540} INFO - Filling up the DagBag from /Library/Frameworks/Python.framework/Versions/3.12/lib/python3.12/site-packages/airflow/example_dags/example_setup_teardown.py
[2025-05-24T04:51:57.336+0530] {processor.py:840} INFO - DAG(s) 'example_setup_teardown' retrieved from /Library/Frameworks/Python.framework/Versions/3.12/lib/python3.12/site-packages/airflow/example_dags/example_setup_teardown.py
[2025-05-24T04:51:57.472+0530] {logging_mixin.py:188} INFO - [2025-05-24T04:51:57.472+0530] {dag.py:3096} INFO - Sync 1 DAGs
[2025-05-24T04:51:57.490+0530] {logging_mixin.py:188} INFO - [2025-05-24T04:51:57.490+0530] {dag.py:3954} INFO - Setting next_dagrun for example_setup_teardown to 2025-05-22 00:00:00+00:00, run_after=2025-05-23 00:00:00+00:00
[2025-05-24T04:51:57.509+0530] {processor.py:183} INFO - Processing /Library/Frameworks/Python.framework/Versions/3.12/lib/python3.12/site-packages/airflow/example_dags/example_setup_teardown.py took 0.187 seconds
[2025-05-24T04:53:50.451+0530] {processor.py:161} INFO - Started process (PID=17604) to work on /Library/Frameworks/Python.framework/Versions/3.12/lib/python3.12/site-packages/airflow/example_dags/example_setup_teardown.py
[2025-05-24T04:53:50.452+0530] {processor.py:830} INFO - Processing file /Library/Frameworks/Python.framework/Versions/3.12/lib/python3.12/site-packages/airflow/example_dags/example_setup_teardown.py for tasks to queue
[2025-05-24T04:53:50.453+0530] {logging_mixin.py:188} INFO - [2025-05-24T04:53:50.453+0530] {dagbag.py:540} INFO - Filling up the DagBag from /Library/Frameworks/Python.framework/Versions/3.12/lib/python3.12/site-packages/airflow/example_dags/example_setup_teardown.py
[2025-05-24T04:53:50.462+0530] {processor.py:840} INFO - DAG(s) 'example_setup_teardown' retrieved from /Library/Frameworks/Python.framework/Versions/3.12/lib/python3.12/site-packages/airflow/example_dags/example_setup_teardown.py
[2025-05-24T04:53:50.598+0530] {logging_mixin.py:188} INFO - [2025-05-24T04:53:50.598+0530] {dag.py:3096} INFO - Sync 1 DAGs
[2025-05-24T04:53:50.616+0530] {logging_mixin.py:188} INFO - [2025-05-24T04:53:50.615+0530] {dag.py:3954} INFO - Setting next_dagrun for example_setup_teardown to 2025-05-22 00:00:00+00:00, run_after=2025-05-23 00:00:00+00:00
[2025-05-24T04:53:50.636+0530] {processor.py:183} INFO - Processing /Library/Frameworks/Python.framework/Versions/3.12/lib/python3.12/site-packages/airflow/example_dags/example_setup_teardown.py took 0.190 seconds
[2025-05-24T04:55:45.245+0530] {processor.py:161} INFO - Started process (PID=17686) to work on /Library/Frameworks/Python.framework/Versions/3.12/lib/python3.12/site-packages/airflow/example_dags/example_setup_teardown.py
[2025-05-24T04:55:45.247+0530] {processor.py:830} INFO - Processing file /Library/Frameworks/Python.framework/Versions/3.12/lib/python3.12/site-packages/airflow/example_dags/example_setup_teardown.py for tasks to queue
[2025-05-24T04:55:45.247+0530] {logging_mixin.py:188} INFO - [2025-05-24T04:55:45.247+0530] {dagbag.py:540} INFO - Filling up the DagBag from /Library/Frameworks/Python.framework/Versions/3.12/lib/python3.12/site-packages/airflow/example_dags/example_setup_teardown.py
[2025-05-24T04:55:45.256+0530] {processor.py:840} INFO - DAG(s) 'example_setup_teardown' retrieved from /Library/Frameworks/Python.framework/Versions/3.12/lib/python3.12/site-packages/airflow/example_dags/example_setup_teardown.py
[2025-05-24T04:55:45.395+0530] {logging_mixin.py:188} INFO - [2025-05-24T04:55:45.394+0530] {dag.py:3096} INFO - Sync 1 DAGs
[2025-05-24T04:55:45.412+0530] {logging_mixin.py:188} INFO - [2025-05-24T04:55:45.412+0530] {dag.py:3954} INFO - Setting next_dagrun for example_setup_teardown to 2025-05-22 00:00:00+00:00, run_after=2025-05-23 00:00:00+00:00
[2025-05-24T04:55:45.430+0530] {processor.py:183} INFO - Processing /Library/Frameworks/Python.framework/Versions/3.12/lib/python3.12/site-packages/airflow/example_dags/example_setup_teardown.py took 0.189 seconds
[2025-05-24T04:57:39.708+0530] {processor.py:161} INFO - Started process (PID=17745) to work on /Library/Frameworks/Python.framework/Versions/3.12/lib/python3.12/site-packages/airflow/example_dags/example_setup_teardown.py
[2025-05-24T04:57:39.710+0530] {processor.py:830} INFO - Processing file /Library/Frameworks/Python.framework/Versions/3.12/lib/python3.12/site-packages/airflow/example_dags/example_setup_teardown.py for tasks to queue
[2025-05-24T04:57:39.711+0530] {logging_mixin.py:188} INFO - [2025-05-24T04:57:39.710+0530] {dagbag.py:540} INFO - Filling up the DagBag from /Library/Frameworks/Python.framework/Versions/3.12/lib/python3.12/site-packages/airflow/example_dags/example_setup_teardown.py
[2025-05-24T04:57:39.719+0530] {processor.py:840} INFO - DAG(s) 'example_setup_teardown' retrieved from /Library/Frameworks/Python.framework/Versions/3.12/lib/python3.12/site-packages/airflow/example_dags/example_setup_teardown.py
[2025-05-24T04:57:39.848+0530] {logging_mixin.py:188} INFO - [2025-05-24T04:57:39.848+0530] {dag.py:3096} INFO - Sync 1 DAGs
[2025-05-24T04:57:39.865+0530] {logging_mixin.py:188} INFO - [2025-05-24T04:57:39.865+0530] {dag.py:3954} INFO - Setting next_dagrun for example_setup_teardown to 2025-05-22 00:00:00+00:00, run_after=2025-05-23 00:00:00+00:00
[2025-05-24T04:57:39.882+0530] {processor.py:183} INFO - Processing /Library/Frameworks/Python.framework/Versions/3.12/lib/python3.12/site-packages/airflow/example_dags/example_setup_teardown.py took 0.178 seconds
[2025-05-24T04:59:35.273+0530] {processor.py:161} INFO - Started process (PID=17823) to work on /Library/Frameworks/Python.framework/Versions/3.12/lib/python3.12/site-packages/airflow/example_dags/example_setup_teardown.py
[2025-05-24T04:59:35.275+0530] {processor.py:830} INFO - Processing file /Library/Frameworks/Python.framework/Versions/3.12/lib/python3.12/site-packages/airflow/example_dags/example_setup_teardown.py for tasks to queue
[2025-05-24T04:59:35.276+0530] {logging_mixin.py:188} INFO - [2025-05-24T04:59:35.275+0530] {dagbag.py:540} INFO - Filling up the DagBag from /Library/Frameworks/Python.framework/Versions/3.12/lib/python3.12/site-packages/airflow/example_dags/example_setup_teardown.py
[2025-05-24T04:59:35.283+0530] {processor.py:840} INFO - DAG(s) 'example_setup_teardown' retrieved from /Library/Frameworks/Python.framework/Versions/3.12/lib/python3.12/site-packages/airflow/example_dags/example_setup_teardown.py
[2025-05-24T04:59:35.418+0530] {logging_mixin.py:188} INFO - [2025-05-24T04:59:35.417+0530] {dag.py:3096} INFO - Sync 1 DAGs
[2025-05-24T04:59:35.434+0530] {logging_mixin.py:188} INFO - [2025-05-24T04:59:35.434+0530] {dag.py:3954} INFO - Setting next_dagrun for example_setup_teardown to 2025-05-22 00:00:00+00:00, run_after=2025-05-23 00:00:00+00:00
[2025-05-24T04:59:35.450+0530] {processor.py:183} INFO - Processing /Library/Frameworks/Python.framework/Versions/3.12/lib/python3.12/site-packages/airflow/example_dags/example_setup_teardown.py took 0.180 seconds
[2025-05-24T05:01:26.831+0530] {processor.py:161} INFO - Started process (PID=17880) to work on /Library/Frameworks/Python.framework/Versions/3.12/lib/python3.12/site-packages/airflow/example_dags/example_setup_teardown.py
[2025-05-24T05:01:26.833+0530] {processor.py:830} INFO - Processing file /Library/Frameworks/Python.framework/Versions/3.12/lib/python3.12/site-packages/airflow/example_dags/example_setup_teardown.py for tasks to queue
[2025-05-24T05:01:26.834+0530] {logging_mixin.py:188} INFO - [2025-05-24T05:01:26.834+0530] {dagbag.py:540} INFO - Filling up the DagBag from /Library/Frameworks/Python.framework/Versions/3.12/lib/python3.12/site-packages/airflow/example_dags/example_setup_teardown.py
[2025-05-24T05:01:26.841+0530] {processor.py:840} INFO - DAG(s) 'example_setup_teardown' retrieved from /Library/Frameworks/Python.framework/Versions/3.12/lib/python3.12/site-packages/airflow/example_dags/example_setup_teardown.py
[2025-05-24T05:01:26.975+0530] {logging_mixin.py:188} INFO - [2025-05-24T05:01:26.975+0530] {dag.py:3096} INFO - Sync 1 DAGs
[2025-05-24T05:01:26.991+0530] {logging_mixin.py:188} INFO - [2025-05-24T05:01:26.991+0530] {dag.py:3954} INFO - Setting next_dagrun for example_setup_teardown to 2025-05-22 00:00:00+00:00, run_after=2025-05-23 00:00:00+00:00
[2025-05-24T05:01:27.010+0530] {processor.py:183} INFO - Processing /Library/Frameworks/Python.framework/Versions/3.12/lib/python3.12/site-packages/airflow/example_dags/example_setup_teardown.py took 0.182 seconds
[2025-05-24T05:03:19.950+0530] {processor.py:161} INFO - Started process (PID=17949) to work on /Library/Frameworks/Python.framework/Versions/3.12/lib/python3.12/site-packages/airflow/example_dags/example_setup_teardown.py
[2025-05-24T05:03:19.952+0530] {processor.py:830} INFO - Processing file /Library/Frameworks/Python.framework/Versions/3.12/lib/python3.12/site-packages/airflow/example_dags/example_setup_teardown.py for tasks to queue
[2025-05-24T05:03:19.952+0530] {logging_mixin.py:188} INFO - [2025-05-24T05:03:19.952+0530] {dagbag.py:540} INFO - Filling up the DagBag from /Library/Frameworks/Python.framework/Versions/3.12/lib/python3.12/site-packages/airflow/example_dags/example_setup_teardown.py
[2025-05-24T05:03:19.960+0530] {processor.py:840} INFO - DAG(s) 'example_setup_teardown' retrieved from /Library/Frameworks/Python.framework/Versions/3.12/lib/python3.12/site-packages/airflow/example_dags/example_setup_teardown.py
[2025-05-24T05:03:20.087+0530] {logging_mixin.py:188} INFO - [2025-05-24T05:03:20.087+0530] {dag.py:3096} INFO - Sync 1 DAGs
[2025-05-24T05:03:20.104+0530] {logging_mixin.py:188} INFO - [2025-05-24T05:03:20.104+0530] {dag.py:3954} INFO - Setting next_dagrun for example_setup_teardown to 2025-05-22 00:00:00+00:00, run_after=2025-05-23 00:00:00+00:00
[2025-05-24T05:03:20.120+0530] {processor.py:183} INFO - Processing /Library/Frameworks/Python.framework/Versions/3.12/lib/python3.12/site-packages/airflow/example_dags/example_setup_teardown.py took 0.173 seconds
[2025-05-24T05:05:13.077+0530] {processor.py:161} INFO - Started process (PID=17997) to work on /Library/Frameworks/Python.framework/Versions/3.12/lib/python3.12/site-packages/airflow/example_dags/example_setup_teardown.py
[2025-05-24T05:05:13.079+0530] {processor.py:830} INFO - Processing file /Library/Frameworks/Python.framework/Versions/3.12/lib/python3.12/site-packages/airflow/example_dags/example_setup_teardown.py for tasks to queue
[2025-05-24T05:05:13.080+0530] {logging_mixin.py:188} INFO - [2025-05-24T05:05:13.079+0530] {dagbag.py:540} INFO - Filling up the DagBag from /Library/Frameworks/Python.framework/Versions/3.12/lib/python3.12/site-packages/airflow/example_dags/example_setup_teardown.py
[2025-05-24T05:05:13.087+0530] {processor.py:840} INFO - DAG(s) 'example_setup_teardown' retrieved from /Library/Frameworks/Python.framework/Versions/3.12/lib/python3.12/site-packages/airflow/example_dags/example_setup_teardown.py
[2025-05-24T05:05:13.212+0530] {logging_mixin.py:188} INFO - [2025-05-24T05:05:13.212+0530] {dag.py:3096} INFO - Sync 1 DAGs
[2025-05-24T05:05:13.228+0530] {logging_mixin.py:188} INFO - [2025-05-24T05:05:13.228+0530] {dag.py:3954} INFO - Setting next_dagrun for example_setup_teardown to 2025-05-22 00:00:00+00:00, run_after=2025-05-23 00:00:00+00:00
[2025-05-24T05:05:13.247+0530] {processor.py:183} INFO - Processing /Library/Frameworks/Python.framework/Versions/3.12/lib/python3.12/site-packages/airflow/example_dags/example_setup_teardown.py took 0.173 seconds
[2025-05-24T05:07:06.218+0530] {processor.py:161} INFO - Started process (PID=18047) to work on /Library/Frameworks/Python.framework/Versions/3.12/lib/python3.12/site-packages/airflow/example_dags/example_setup_teardown.py
[2025-05-24T05:07:06.219+0530] {processor.py:830} INFO - Processing file /Library/Frameworks/Python.framework/Versions/3.12/lib/python3.12/site-packages/airflow/example_dags/example_setup_teardown.py for tasks to queue
[2025-05-24T05:07:06.220+0530] {logging_mixin.py:188} INFO - [2025-05-24T05:07:06.220+0530] {dagbag.py:540} INFO - Filling up the DagBag from /Library/Frameworks/Python.framework/Versions/3.12/lib/python3.12/site-packages/airflow/example_dags/example_setup_teardown.py
[2025-05-24T05:07:06.228+0530] {processor.py:840} INFO - DAG(s) 'example_setup_teardown' retrieved from /Library/Frameworks/Python.framework/Versions/3.12/lib/python3.12/site-packages/airflow/example_dags/example_setup_teardown.py
[2025-05-24T05:07:06.353+0530] {logging_mixin.py:188} INFO - [2025-05-24T05:07:06.352+0530] {dag.py:3096} INFO - Sync 1 DAGs
[2025-05-24T05:07:06.369+0530] {logging_mixin.py:188} INFO - [2025-05-24T05:07:06.369+0530] {dag.py:3954} INFO - Setting next_dagrun for example_setup_teardown to 2025-05-22 00:00:00+00:00, run_after=2025-05-23 00:00:00+00:00
[2025-05-24T05:07:06.387+0530] {processor.py:183} INFO - Processing /Library/Frameworks/Python.framework/Versions/3.12/lib/python3.12/site-packages/airflow/example_dags/example_setup_teardown.py took 0.172 seconds
[2025-05-24T05:08:54.176+0530] {processor.py:161} INFO - Started process (PID=18099) to work on /Library/Frameworks/Python.framework/Versions/3.12/lib/python3.12/site-packages/airflow/example_dags/example_setup_teardown.py
[2025-05-24T05:08:54.178+0530] {processor.py:830} INFO - Processing file /Library/Frameworks/Python.framework/Versions/3.12/lib/python3.12/site-packages/airflow/example_dags/example_setup_teardown.py for tasks to queue
[2025-05-24T05:08:54.179+0530] {logging_mixin.py:188} INFO - [2025-05-24T05:08:54.179+0530] {dagbag.py:540} INFO - Filling up the DagBag from /Library/Frameworks/Python.framework/Versions/3.12/lib/python3.12/site-packages/airflow/example_dags/example_setup_teardown.py
[2025-05-24T05:08:54.186+0530] {processor.py:840} INFO - DAG(s) 'example_setup_teardown' retrieved from /Library/Frameworks/Python.framework/Versions/3.12/lib/python3.12/site-packages/airflow/example_dags/example_setup_teardown.py
[2025-05-24T05:08:54.312+0530] {logging_mixin.py:188} INFO - [2025-05-24T05:08:54.311+0530] {dag.py:3096} INFO - Sync 1 DAGs
[2025-05-24T05:08:54.328+0530] {logging_mixin.py:188} INFO - [2025-05-24T05:08:54.328+0530] {dag.py:3954} INFO - Setting next_dagrun for example_setup_teardown to 2025-05-22 00:00:00+00:00, run_after=2025-05-23 00:00:00+00:00
[2025-05-24T05:08:54.347+0530] {processor.py:183} INFO - Processing /Library/Frameworks/Python.framework/Versions/3.12/lib/python3.12/site-packages/airflow/example_dags/example_setup_teardown.py took 0.175 seconds
[2025-05-24T05:13:25.019+0530] {processor.py:161} INFO - Started process (PID=18186) to work on /Library/Frameworks/Python.framework/Versions/3.12/lib/python3.12/site-packages/airflow/example_dags/example_setup_teardown.py
[2025-05-24T05:13:25.021+0530] {processor.py:830} INFO - Processing file /Library/Frameworks/Python.framework/Versions/3.12/lib/python3.12/site-packages/airflow/example_dags/example_setup_teardown.py for tasks to queue
[2025-05-24T05:13:25.021+0530] {logging_mixin.py:188} INFO - [2025-05-24T05:13:25.021+0530] {dagbag.py:540} INFO - Filling up the DagBag from /Library/Frameworks/Python.framework/Versions/3.12/lib/python3.12/site-packages/airflow/example_dags/example_setup_teardown.py
[2025-05-24T05:13:25.029+0530] {processor.py:840} INFO - DAG(s) 'example_setup_teardown' retrieved from /Library/Frameworks/Python.framework/Versions/3.12/lib/python3.12/site-packages/airflow/example_dags/example_setup_teardown.py
[2025-05-24T05:13:25.177+0530] {logging_mixin.py:188} INFO - [2025-05-24T05:13:25.177+0530] {dag.py:3096} INFO - Sync 1 DAGs
[2025-05-24T05:13:25.195+0530] {logging_mixin.py:188} INFO - [2025-05-24T05:13:25.195+0530] {dag.py:3954} INFO - Setting next_dagrun for example_setup_teardown to 2025-05-22 00:00:00+00:00, run_after=2025-05-23 00:00:00+00:00
[2025-05-24T05:13:25.213+0530] {processor.py:183} INFO - Processing /Library/Frameworks/Python.framework/Versions/3.12/lib/python3.12/site-packages/airflow/example_dags/example_setup_teardown.py took 0.197 seconds
