[2025-05-24T04:22:56.226+0530] {processor.py:161} INFO - Started process (PID=15636) to work on /Library/Frameworks/Python.framework/Versions/3.12/lib/python3.12/site-packages/airflow/example_dags/example_time_delta_sensor_async.py
[2025-05-24T04:22:56.227+0530] {processor.py:830} INFO - Processing file /Library/Frameworks/Python.framework/Versions/3.12/lib/python3.12/site-packages/airflow/example_dags/example_time_delta_sensor_async.py for tasks to queue
[2025-05-24T04:22:56.227+0530] {logging_mixin.py:188} INFO - [2025-05-24T04:22:56.227+0530] {dagbag.py:540} INFO - Filling up the DagBag from /Library/Frameworks/Python.framework/Versions/3.12/lib/python3.12/site-packages/airflow/example_dags/example_time_delta_sensor_async.py
[2025-05-24T04:22:56.236+0530] {processor.py:840} INFO - DAG(s) 'example_time_delta_sensor_async' retrieved from /Library/Frameworks/Python.framework/Versions/3.12/lib/python3.12/site-packages/airflow/example_dags/example_time_delta_sensor_async.py
[2025-05-24T04:22:56.485+0530] {logging_mixin.py:188} INFO - [2025-05-24T04:22:56.484+0530] {dag.py:3096} INFO - Sync 1 DAGs
[2025-05-24T04:22:56.493+0530] {logging_mixin.py:188} INFO - [2025-05-24T04:22:56.493+0530] {dag.py:3954} INFO - Setting next_dagrun for example_time_delta_sensor_async to None, run_after=None
[2025-05-24T04:22:56.509+0530] {processor.py:183} INFO - Processing /Library/Frameworks/Python.framework/Versions/3.12/lib/python3.12/site-packages/airflow/example_dags/example_time_delta_sensor_async.py took 0.286 seconds
[2025-05-24T04:25:35.153+0530] {processor.py:161} INFO - Started process (PID=15747) to work on /Library/Frameworks/Python.framework/Versions/3.12/lib/python3.12/site-packages/airflow/example_dags/example_time_delta_sensor_async.py
[2025-05-24T04:25:35.155+0530] {processor.py:830} INFO - Processing file /Library/Frameworks/Python.framework/Versions/3.12/lib/python3.12/site-packages/airflow/example_dags/example_time_delta_sensor_async.py for tasks to queue
[2025-05-24T04:25:35.156+0530] {logging_mixin.py:188} INFO - [2025-05-24T04:25:35.156+0530] {dagbag.py:540} INFO - Filling up the DagBag from /Library/Frameworks/Python.framework/Versions/3.12/lib/python3.12/site-packages/airflow/example_dags/example_time_delta_sensor_async.py
[2025-05-24T04:25:35.165+0530] {processor.py:840} INFO - DAG(s) 'example_time_delta_sensor_async' retrieved from /Library/Frameworks/Python.framework/Versions/3.12/lib/python3.12/site-packages/airflow/example_dags/example_time_delta_sensor_async.py
[2025-05-24T04:25:35.334+0530] {logging_mixin.py:188} INFO - [2025-05-24T04:25:35.333+0530] {dag.py:3096} INFO - Sync 1 DAGs
[2025-05-24T04:25:35.343+0530] {logging_mixin.py:188} INFO - [2025-05-24T04:25:35.343+0530] {dag.py:3954} INFO - Setting next_dagrun for example_time_delta_sensor_async to None, run_after=None
[2025-05-24T04:25:35.360+0530] {processor.py:183} INFO - Processing /Library/Frameworks/Python.framework/Versions/3.12/lib/python3.12/site-packages/airflow/example_dags/example_time_delta_sensor_async.py took 0.211 seconds
[2025-05-24T04:27:31.236+0530] {processor.py:161} INFO - Started process (PID=15803) to work on /Library/Frameworks/Python.framework/Versions/3.12/lib/python3.12/site-packages/airflow/example_dags/example_time_delta_sensor_async.py
[2025-05-24T04:27:31.237+0530] {processor.py:830} INFO - Processing file /Library/Frameworks/Python.framework/Versions/3.12/lib/python3.12/site-packages/airflow/example_dags/example_time_delta_sensor_async.py for tasks to queue
[2025-05-24T04:27:31.238+0530] {logging_mixin.py:188} INFO - [2025-05-24T04:27:31.238+0530] {dagbag.py:540} INFO - Filling up the DagBag from /Library/Frameworks/Python.framework/Versions/3.12/lib/python3.12/site-packages/airflow/example_dags/example_time_delta_sensor_async.py
[2025-05-24T04:27:31.245+0530] {processor.py:840} INFO - DAG(s) 'example_time_delta_sensor_async' retrieved from /Library/Frameworks/Python.framework/Versions/3.12/lib/python3.12/site-packages/airflow/example_dags/example_time_delta_sensor_async.py
[2025-05-24T04:27:31.410+0530] {logging_mixin.py:188} INFO - [2025-05-24T04:27:31.409+0530] {dag.py:3096} INFO - Sync 1 DAGs
[2025-05-24T04:27:31.419+0530] {logging_mixin.py:188} INFO - [2025-05-24T04:27:31.419+0530] {dag.py:3954} INFO - Setting next_dagrun for example_time_delta_sensor_async to None, run_after=None
[2025-05-24T04:27:31.435+0530] {processor.py:183} INFO - Processing /Library/Frameworks/Python.framework/Versions/3.12/lib/python3.12/site-packages/airflow/example_dags/example_time_delta_sensor_async.py took 0.204 seconds
[2025-05-24T04:29:25.109+0530] {processor.py:161} INFO - Started process (PID=15849) to work on /Library/Frameworks/Python.framework/Versions/3.12/lib/python3.12/site-packages/airflow/example_dags/example_time_delta_sensor_async.py
[2025-05-24T04:29:25.111+0530] {processor.py:830} INFO - Processing file /Library/Frameworks/Python.framework/Versions/3.12/lib/python3.12/site-packages/airflow/example_dags/example_time_delta_sensor_async.py for tasks to queue
[2025-05-24T04:29:25.112+0530] {logging_mixin.py:188} INFO - [2025-05-24T04:29:25.112+0530] {dagbag.py:540} INFO - Filling up the DagBag from /Library/Frameworks/Python.framework/Versions/3.12/lib/python3.12/site-packages/airflow/example_dags/example_time_delta_sensor_async.py
[2025-05-24T04:29:25.120+0530] {processor.py:840} INFO - DAG(s) 'example_time_delta_sensor_async' retrieved from /Library/Frameworks/Python.framework/Versions/3.12/lib/python3.12/site-packages/airflow/example_dags/example_time_delta_sensor_async.py
[2025-05-24T04:29:25.283+0530] {logging_mixin.py:188} INFO - [2025-05-24T04:29:25.283+0530] {dag.py:3096} INFO - Sync 1 DAGs
[2025-05-24T04:29:25.293+0530] {logging_mixin.py:188} INFO - [2025-05-24T04:29:25.292+0530] {dag.py:3954} INFO - Setting next_dagrun for example_time_delta_sensor_async to None, run_after=None
[2025-05-24T04:29:25.311+0530] {processor.py:183} INFO - Processing /Library/Frameworks/Python.framework/Versions/3.12/lib/python3.12/site-packages/airflow/example_dags/example_time_delta_sensor_async.py took 0.206 seconds
[2025-05-24T04:31:22.155+0530] {processor.py:161} INFO - Started process (PID=15927) to work on /Library/Frameworks/Python.framework/Versions/3.12/lib/python3.12/site-packages/airflow/example_dags/example_time_delta_sensor_async.py
[2025-05-24T04:31:22.157+0530] {processor.py:830} INFO - Processing file /Library/Frameworks/Python.framework/Versions/3.12/lib/python3.12/site-packages/airflow/example_dags/example_time_delta_sensor_async.py for tasks to queue
[2025-05-24T04:31:22.158+0530] {logging_mixin.py:188} INFO - [2025-05-24T04:31:22.157+0530] {dagbag.py:540} INFO - Filling up the DagBag from /Library/Frameworks/Python.framework/Versions/3.12/lib/python3.12/site-packages/airflow/example_dags/example_time_delta_sensor_async.py
[2025-05-24T04:31:22.166+0530] {processor.py:840} INFO - DAG(s) 'example_time_delta_sensor_async' retrieved from /Library/Frameworks/Python.framework/Versions/3.12/lib/python3.12/site-packages/airflow/example_dags/example_time_delta_sensor_async.py
[2025-05-24T04:31:22.326+0530] {logging_mixin.py:188} INFO - [2025-05-24T04:31:22.325+0530] {dag.py:3096} INFO - Sync 1 DAGs
[2025-05-24T04:31:22.335+0530] {logging_mixin.py:188} INFO - [2025-05-24T04:31:22.335+0530] {dag.py:3954} INFO - Setting next_dagrun for example_time_delta_sensor_async to None, run_after=None
[2025-05-24T04:31:22.351+0530] {processor.py:183} INFO - Processing /Library/Frameworks/Python.framework/Versions/3.12/lib/python3.12/site-packages/airflow/example_dags/example_time_delta_sensor_async.py took 0.199 seconds
[2025-05-24T04:33:21.462+0530] {processor.py:161} INFO - Started process (PID=15995) to work on /Library/Frameworks/Python.framework/Versions/3.12/lib/python3.12/site-packages/airflow/example_dags/example_time_delta_sensor_async.py
[2025-05-24T04:33:21.464+0530] {processor.py:830} INFO - Processing file /Library/Frameworks/Python.framework/Versions/3.12/lib/python3.12/site-packages/airflow/example_dags/example_time_delta_sensor_async.py for tasks to queue
[2025-05-24T04:33:21.464+0530] {logging_mixin.py:188} INFO - [2025-05-24T04:33:21.464+0530] {dagbag.py:540} INFO - Filling up the DagBag from /Library/Frameworks/Python.framework/Versions/3.12/lib/python3.12/site-packages/airflow/example_dags/example_time_delta_sensor_async.py
[2025-05-24T04:33:21.474+0530] {processor.py:840} INFO - DAG(s) 'example_time_delta_sensor_async' retrieved from /Library/Frameworks/Python.framework/Versions/3.12/lib/python3.12/site-packages/airflow/example_dags/example_time_delta_sensor_async.py
[2025-05-24T04:33:21.639+0530] {logging_mixin.py:188} INFO - [2025-05-24T04:33:21.639+0530] {dag.py:3096} INFO - Sync 1 DAGs
[2025-05-24T04:33:21.649+0530] {logging_mixin.py:188} INFO - [2025-05-24T04:33:21.649+0530] {dag.py:3954} INFO - Setting next_dagrun for example_time_delta_sensor_async to None, run_after=None
[2025-05-24T04:33:21.665+0530] {processor.py:183} INFO - Processing /Library/Frameworks/Python.framework/Versions/3.12/lib/python3.12/site-packages/airflow/example_dags/example_time_delta_sensor_async.py took 0.207 seconds
[2025-05-24T04:35:27.591+0530] {processor.py:161} INFO - Started process (PID=16077) to work on /Library/Frameworks/Python.framework/Versions/3.12/lib/python3.12/site-packages/airflow/example_dags/example_time_delta_sensor_async.py
[2025-05-24T04:35:27.592+0530] {processor.py:830} INFO - Processing file /Library/Frameworks/Python.framework/Versions/3.12/lib/python3.12/site-packages/airflow/example_dags/example_time_delta_sensor_async.py for tasks to queue
[2025-05-24T04:35:27.593+0530] {logging_mixin.py:188} INFO - [2025-05-24T04:35:27.593+0530] {dagbag.py:540} INFO - Filling up the DagBag from /Library/Frameworks/Python.framework/Versions/3.12/lib/python3.12/site-packages/airflow/example_dags/example_time_delta_sensor_async.py
[2025-05-24T04:35:27.603+0530] {processor.py:840} INFO - DAG(s) 'example_time_delta_sensor_async' retrieved from /Library/Frameworks/Python.framework/Versions/3.12/lib/python3.12/site-packages/airflow/example_dags/example_time_delta_sensor_async.py
[2025-05-24T04:35:27.773+0530] {logging_mixin.py:188} INFO - [2025-05-24T04:35:27.772+0530] {dag.py:3096} INFO - Sync 1 DAGs
[2025-05-24T04:35:27.783+0530] {logging_mixin.py:188} INFO - [2025-05-24T04:35:27.782+0530] {dag.py:3954} INFO - Setting next_dagrun for example_time_delta_sensor_async to None, run_after=None
[2025-05-24T04:35:27.799+0530] {processor.py:183} INFO - Processing /Library/Frameworks/Python.framework/Versions/3.12/lib/python3.12/site-packages/airflow/example_dags/example_time_delta_sensor_async.py took 0.211 seconds
[2025-05-24T04:37:25.694+0530] {processor.py:161} INFO - Started process (PID=16140) to work on /Library/Frameworks/Python.framework/Versions/3.12/lib/python3.12/site-packages/airflow/example_dags/example_time_delta_sensor_async.py
[2025-05-24T04:37:25.695+0530] {processor.py:830} INFO - Processing file /Library/Frameworks/Python.framework/Versions/3.12/lib/python3.12/site-packages/airflow/example_dags/example_time_delta_sensor_async.py for tasks to queue
[2025-05-24T04:37:25.696+0530] {logging_mixin.py:188} INFO - [2025-05-24T04:37:25.696+0530] {dagbag.py:540} INFO - Filling up the DagBag from /Library/Frameworks/Python.framework/Versions/3.12/lib/python3.12/site-packages/airflow/example_dags/example_time_delta_sensor_async.py
[2025-05-24T04:37:25.703+0530] {processor.py:840} INFO - DAG(s) 'example_time_delta_sensor_async' retrieved from /Library/Frameworks/Python.framework/Versions/3.12/lib/python3.12/site-packages/airflow/example_dags/example_time_delta_sensor_async.py
[2025-05-24T04:37:25.865+0530] {logging_mixin.py:188} INFO - [2025-05-24T04:37:25.865+0530] {dag.py:3096} INFO - Sync 1 DAGs
[2025-05-24T04:37:25.875+0530] {logging_mixin.py:188} INFO - [2025-05-24T04:37:25.875+0530] {dag.py:3954} INFO - Setting next_dagrun for example_time_delta_sensor_async to None, run_after=None
[2025-05-24T04:37:25.890+0530] {processor.py:183} INFO - Processing /Library/Frameworks/Python.framework/Versions/3.12/lib/python3.12/site-packages/airflow/example_dags/example_time_delta_sensor_async.py took 0.199 seconds
[2025-05-24T04:39:27.406+0530] {processor.py:161} INFO - Started process (PID=16210) to work on /Library/Frameworks/Python.framework/Versions/3.12/lib/python3.12/site-packages/airflow/example_dags/example_time_delta_sensor_async.py
[2025-05-24T04:39:27.407+0530] {processor.py:830} INFO - Processing file /Library/Frameworks/Python.framework/Versions/3.12/lib/python3.12/site-packages/airflow/example_dags/example_time_delta_sensor_async.py for tasks to queue
[2025-05-24T04:39:27.408+0530] {logging_mixin.py:188} INFO - [2025-05-24T04:39:27.407+0530] {dagbag.py:540} INFO - Filling up the DagBag from /Library/Frameworks/Python.framework/Versions/3.12/lib/python3.12/site-packages/airflow/example_dags/example_time_delta_sensor_async.py
[2025-05-24T04:39:27.416+0530] {processor.py:840} INFO - DAG(s) 'example_time_delta_sensor_async' retrieved from /Library/Frameworks/Python.framework/Versions/3.12/lib/python3.12/site-packages/airflow/example_dags/example_time_delta_sensor_async.py
[2025-05-24T04:39:27.583+0530] {logging_mixin.py:188} INFO - [2025-05-24T04:39:27.582+0530] {dag.py:3096} INFO - Sync 1 DAGs
[2025-05-24T04:39:27.592+0530] {logging_mixin.py:188} INFO - [2025-05-24T04:39:27.592+0530] {dag.py:3954} INFO - Setting next_dagrun for example_time_delta_sensor_async to None, run_after=None
[2025-05-24T04:39:27.610+0530] {processor.py:183} INFO - Processing /Library/Frameworks/Python.framework/Versions/3.12/lib/python3.12/site-packages/airflow/example_dags/example_time_delta_sensor_async.py took 0.208 seconds
[2025-05-24T04:41:39.345+0530] {processor.py:161} INFO - Started process (PID=16305) to work on /Library/Frameworks/Python.framework/Versions/3.12/lib/python3.12/site-packages/airflow/example_dags/example_time_delta_sensor_async.py
[2025-05-24T04:41:39.346+0530] {processor.py:830} INFO - Processing file /Library/Frameworks/Python.framework/Versions/3.12/lib/python3.12/site-packages/airflow/example_dags/example_time_delta_sensor_async.py for tasks to queue
[2025-05-24T04:41:39.347+0530] {logging_mixin.py:188} INFO - [2025-05-24T04:41:39.347+0530] {dagbag.py:540} INFO - Filling up the DagBag from /Library/Frameworks/Python.framework/Versions/3.12/lib/python3.12/site-packages/airflow/example_dags/example_time_delta_sensor_async.py
[2025-05-24T04:41:39.356+0530] {processor.py:840} INFO - DAG(s) 'example_time_delta_sensor_async' retrieved from /Library/Frameworks/Python.framework/Versions/3.12/lib/python3.12/site-packages/airflow/example_dags/example_time_delta_sensor_async.py
[2025-05-24T04:41:39.519+0530] {logging_mixin.py:188} INFO - [2025-05-24T04:41:39.518+0530] {dag.py:3096} INFO - Sync 1 DAGs
[2025-05-24T04:41:39.528+0530] {logging_mixin.py:188} INFO - [2025-05-24T04:41:39.528+0530] {dag.py:3954} INFO - Setting next_dagrun for example_time_delta_sensor_async to None, run_after=None
[2025-05-24T04:41:39.543+0530] {processor.py:183} INFO - Processing /Library/Frameworks/Python.framework/Versions/3.12/lib/python3.12/site-packages/airflow/example_dags/example_time_delta_sensor_async.py took 0.202 seconds
[2025-05-24T04:43:36.230+0530] {processor.py:161} INFO - Started process (PID=16595) to work on /Library/Frameworks/Python.framework/Versions/3.12/lib/python3.12/site-packages/airflow/example_dags/example_time_delta_sensor_async.py
[2025-05-24T04:43:36.231+0530] {processor.py:830} INFO - Processing file /Library/Frameworks/Python.framework/Versions/3.12/lib/python3.12/site-packages/airflow/example_dags/example_time_delta_sensor_async.py for tasks to queue
[2025-05-24T04:43:36.231+0530] {logging_mixin.py:188} INFO - [2025-05-24T04:43:36.231+0530] {dagbag.py:540} INFO - Filling up the DagBag from /Library/Frameworks/Python.framework/Versions/3.12/lib/python3.12/site-packages/airflow/example_dags/example_time_delta_sensor_async.py
[2025-05-24T04:43:36.239+0530] {processor.py:840} INFO - DAG(s) 'example_time_delta_sensor_async' retrieved from /Library/Frameworks/Python.framework/Versions/3.12/lib/python3.12/site-packages/airflow/example_dags/example_time_delta_sensor_async.py
[2025-05-24T04:43:36.418+0530] {logging_mixin.py:188} INFO - [2025-05-24T04:43:36.417+0530] {dag.py:3096} INFO - Sync 1 DAGs
[2025-05-24T04:43:36.427+0530] {logging_mixin.py:188} INFO - [2025-05-24T04:43:36.427+0530] {dag.py:3954} INFO - Setting next_dagrun for example_time_delta_sensor_async to None, run_after=None
[2025-05-24T04:43:36.445+0530] {processor.py:183} INFO - Processing /Library/Frameworks/Python.framework/Versions/3.12/lib/python3.12/site-packages/airflow/example_dags/example_time_delta_sensor_async.py took 0.218 seconds
[2025-05-24T04:45:37.161+0530] {processor.py:161} INFO - Started process (PID=17326) to work on /Library/Frameworks/Python.framework/Versions/3.12/lib/python3.12/site-packages/airflow/example_dags/example_time_delta_sensor_async.py
[2025-05-24T04:45:37.162+0530] {processor.py:830} INFO - Processing file /Library/Frameworks/Python.framework/Versions/3.12/lib/python3.12/site-packages/airflow/example_dags/example_time_delta_sensor_async.py for tasks to queue
[2025-05-24T04:45:37.163+0530] {logging_mixin.py:188} INFO - [2025-05-24T04:45:37.163+0530] {dagbag.py:540} INFO - Filling up the DagBag from /Library/Frameworks/Python.framework/Versions/3.12/lib/python3.12/site-packages/airflow/example_dags/example_time_delta_sensor_async.py
[2025-05-24T04:45:37.171+0530] {processor.py:840} INFO - DAG(s) 'example_time_delta_sensor_async' retrieved from /Library/Frameworks/Python.framework/Versions/3.12/lib/python3.12/site-packages/airflow/example_dags/example_time_delta_sensor_async.py
[2025-05-24T04:45:37.341+0530] {logging_mixin.py:188} INFO - [2025-05-24T04:45:37.341+0530] {dag.py:3096} INFO - Sync 1 DAGs
[2025-05-24T04:45:37.351+0530] {logging_mixin.py:188} INFO - [2025-05-24T04:45:37.350+0530] {dag.py:3954} INFO - Setting next_dagrun for example_time_delta_sensor_async to None, run_after=None
[2025-05-24T04:45:37.369+0530] {processor.py:183} INFO - Processing /Library/Frameworks/Python.framework/Versions/3.12/lib/python3.12/site-packages/airflow/example_dags/example_time_delta_sensor_async.py took 0.211 seconds
[2025-05-24T04:47:31.429+0530] {processor.py:161} INFO - Started process (PID=17382) to work on /Library/Frameworks/Python.framework/Versions/3.12/lib/python3.12/site-packages/airflow/example_dags/example_time_delta_sensor_async.py
[2025-05-24T04:47:31.430+0530] {processor.py:830} INFO - Processing file /Library/Frameworks/Python.framework/Versions/3.12/lib/python3.12/site-packages/airflow/example_dags/example_time_delta_sensor_async.py for tasks to queue
[2025-05-24T04:47:31.430+0530] {logging_mixin.py:188} INFO - [2025-05-24T04:47:31.430+0530] {dagbag.py:540} INFO - Filling up the DagBag from /Library/Frameworks/Python.framework/Versions/3.12/lib/python3.12/site-packages/airflow/example_dags/example_time_delta_sensor_async.py
[2025-05-24T04:47:31.438+0530] {processor.py:840} INFO - DAG(s) 'example_time_delta_sensor_async' retrieved from /Library/Frameworks/Python.framework/Versions/3.12/lib/python3.12/site-packages/airflow/example_dags/example_time_delta_sensor_async.py
[2025-05-24T04:47:31.609+0530] {logging_mixin.py:188} INFO - [2025-05-24T04:47:31.608+0530] {dag.py:3096} INFO - Sync 1 DAGs
[2025-05-24T04:47:31.618+0530] {logging_mixin.py:188} INFO - [2025-05-24T04:47:31.618+0530] {dag.py:3954} INFO - Setting next_dagrun for example_time_delta_sensor_async to None, run_after=None
[2025-05-24T04:47:31.637+0530] {processor.py:183} INFO - Processing /Library/Frameworks/Python.framework/Versions/3.12/lib/python3.12/site-packages/airflow/example_dags/example_time_delta_sensor_async.py took 0.211 seconds
[2025-05-24T04:49:38.499+0530] {processor.py:161} INFO - Started process (PID=17470) to work on /Library/Frameworks/Python.framework/Versions/3.12/lib/python3.12/site-packages/airflow/example_dags/example_time_delta_sensor_async.py
[2025-05-24T04:49:38.500+0530] {processor.py:830} INFO - Processing file /Library/Frameworks/Python.framework/Versions/3.12/lib/python3.12/site-packages/airflow/example_dags/example_time_delta_sensor_async.py for tasks to queue
[2025-05-24T04:49:38.501+0530] {logging_mixin.py:188} INFO - [2025-05-24T04:49:38.501+0530] {dagbag.py:540} INFO - Filling up the DagBag from /Library/Frameworks/Python.framework/Versions/3.12/lib/python3.12/site-packages/airflow/example_dags/example_time_delta_sensor_async.py
[2025-05-24T04:49:38.509+0530] {processor.py:840} INFO - DAG(s) 'example_time_delta_sensor_async' retrieved from /Library/Frameworks/Python.framework/Versions/3.12/lib/python3.12/site-packages/airflow/example_dags/example_time_delta_sensor_async.py
[2025-05-24T04:49:38.670+0530] {logging_mixin.py:188} INFO - [2025-05-24T04:49:38.669+0530] {dag.py:3096} INFO - Sync 1 DAGs
[2025-05-24T04:49:38.679+0530] {logging_mixin.py:188} INFO - [2025-05-24T04:49:38.679+0530] {dag.py:3954} INFO - Setting next_dagrun for example_time_delta_sensor_async to None, run_after=None
[2025-05-24T04:49:38.695+0530] {processor.py:183} INFO - Processing /Library/Frameworks/Python.framework/Versions/3.12/lib/python3.12/site-packages/airflow/example_dags/example_time_delta_sensor_async.py took 0.200 seconds
[2025-05-24T04:51:32.309+0530] {processor.py:161} INFO - Started process (PID=17544) to work on /Library/Frameworks/Python.framework/Versions/3.12/lib/python3.12/site-packages/airflow/example_dags/example_time_delta_sensor_async.py
[2025-05-24T04:51:32.310+0530] {processor.py:830} INFO - Processing file /Library/Frameworks/Python.framework/Versions/3.12/lib/python3.12/site-packages/airflow/example_dags/example_time_delta_sensor_async.py for tasks to queue
[2025-05-24T04:51:32.311+0530] {logging_mixin.py:188} INFO - [2025-05-24T04:51:32.311+0530] {dagbag.py:540} INFO - Filling up the DagBag from /Library/Frameworks/Python.framework/Versions/3.12/lib/python3.12/site-packages/airflow/example_dags/example_time_delta_sensor_async.py
[2025-05-24T04:51:32.319+0530] {processor.py:840} INFO - DAG(s) 'example_time_delta_sensor_async' retrieved from /Library/Frameworks/Python.framework/Versions/3.12/lib/python3.12/site-packages/airflow/example_dags/example_time_delta_sensor_async.py
[2025-05-24T04:51:32.480+0530] {logging_mixin.py:188} INFO - [2025-05-24T04:51:32.479+0530] {dag.py:3096} INFO - Sync 1 DAGs
[2025-05-24T04:51:32.489+0530] {logging_mixin.py:188} INFO - [2025-05-24T04:51:32.489+0530] {dag.py:3954} INFO - Setting next_dagrun for example_time_delta_sensor_async to None, run_after=None
[2025-05-24T04:51:32.506+0530] {processor.py:183} INFO - Processing /Library/Frameworks/Python.framework/Versions/3.12/lib/python3.12/site-packages/airflow/example_dags/example_time_delta_sensor_async.py took 0.200 seconds
[2025-05-24T04:53:25.476+0530] {processor.py:161} INFO - Started process (PID=17595) to work on /Library/Frameworks/Python.framework/Versions/3.12/lib/python3.12/site-packages/airflow/example_dags/example_time_delta_sensor_async.py
[2025-05-24T04:53:25.477+0530] {processor.py:830} INFO - Processing file /Library/Frameworks/Python.framework/Versions/3.12/lib/python3.12/site-packages/airflow/example_dags/example_time_delta_sensor_async.py for tasks to queue
[2025-05-24T04:53:25.477+0530] {logging_mixin.py:188} INFO - [2025-05-24T04:53:25.477+0530] {dagbag.py:540} INFO - Filling up the DagBag from /Library/Frameworks/Python.framework/Versions/3.12/lib/python3.12/site-packages/airflow/example_dags/example_time_delta_sensor_async.py
[2025-05-24T04:53:25.485+0530] {processor.py:840} INFO - DAG(s) 'example_time_delta_sensor_async' retrieved from /Library/Frameworks/Python.framework/Versions/3.12/lib/python3.12/site-packages/airflow/example_dags/example_time_delta_sensor_async.py
[2025-05-24T04:53:25.646+0530] {logging_mixin.py:188} INFO - [2025-05-24T04:53:25.646+0530] {dag.py:3096} INFO - Sync 1 DAGs
[2025-05-24T04:53:25.655+0530] {logging_mixin.py:188} INFO - [2025-05-24T04:53:25.655+0530] {dag.py:3954} INFO - Setting next_dagrun for example_time_delta_sensor_async to None, run_after=None
[2025-05-24T04:53:25.670+0530] {processor.py:183} INFO - Processing /Library/Frameworks/Python.framework/Versions/3.12/lib/python3.12/site-packages/airflow/example_dags/example_time_delta_sensor_async.py took 0.197 seconds
[2025-05-24T04:55:19.990+0530] {processor.py:161} INFO - Started process (PID=17676) to work on /Library/Frameworks/Python.framework/Versions/3.12/lib/python3.12/site-packages/airflow/example_dags/example_time_delta_sensor_async.py
[2025-05-24T04:55:19.991+0530] {processor.py:830} INFO - Processing file /Library/Frameworks/Python.framework/Versions/3.12/lib/python3.12/site-packages/airflow/example_dags/example_time_delta_sensor_async.py for tasks to queue
[2025-05-24T04:55:19.992+0530] {logging_mixin.py:188} INFO - [2025-05-24T04:55:19.992+0530] {dagbag.py:540} INFO - Filling up the DagBag from /Library/Frameworks/Python.framework/Versions/3.12/lib/python3.12/site-packages/airflow/example_dags/example_time_delta_sensor_async.py
[2025-05-24T04:55:20.001+0530] {processor.py:840} INFO - DAG(s) 'example_time_delta_sensor_async' retrieved from /Library/Frameworks/Python.framework/Versions/3.12/lib/python3.12/site-packages/airflow/example_dags/example_time_delta_sensor_async.py
[2025-05-24T04:55:20.170+0530] {logging_mixin.py:188} INFO - [2025-05-24T04:55:20.169+0530] {dag.py:3096} INFO - Sync 1 DAGs
[2025-05-24T04:55:20.179+0530] {logging_mixin.py:188} INFO - [2025-05-24T04:55:20.179+0530] {dag.py:3954} INFO - Setting next_dagrun for example_time_delta_sensor_async to None, run_after=None
[2025-05-24T04:55:20.199+0530] {processor.py:183} INFO - Processing /Library/Frameworks/Python.framework/Versions/3.12/lib/python3.12/site-packages/airflow/example_dags/example_time_delta_sensor_async.py took 0.211 seconds
[2025-05-24T04:57:14.494+0530] {processor.py:161} INFO - Started process (PID=17731) to work on /Library/Frameworks/Python.framework/Versions/3.12/lib/python3.12/site-packages/airflow/example_dags/example_time_delta_sensor_async.py
[2025-05-24T04:57:14.495+0530] {processor.py:830} INFO - Processing file /Library/Frameworks/Python.framework/Versions/3.12/lib/python3.12/site-packages/airflow/example_dags/example_time_delta_sensor_async.py for tasks to queue
[2025-05-24T04:57:14.496+0530] {logging_mixin.py:188} INFO - [2025-05-24T04:57:14.495+0530] {dagbag.py:540} INFO - Filling up the DagBag from /Library/Frameworks/Python.framework/Versions/3.12/lib/python3.12/site-packages/airflow/example_dags/example_time_delta_sensor_async.py
[2025-05-24T04:57:14.505+0530] {processor.py:840} INFO - DAG(s) 'example_time_delta_sensor_async' retrieved from /Library/Frameworks/Python.framework/Versions/3.12/lib/python3.12/site-packages/airflow/example_dags/example_time_delta_sensor_async.py
[2025-05-24T04:57:14.669+0530] {logging_mixin.py:188} INFO - [2025-05-24T04:57:14.669+0530] {dag.py:3096} INFO - Sync 1 DAGs
[2025-05-24T04:57:14.678+0530] {logging_mixin.py:188} INFO - [2025-05-24T04:57:14.678+0530] {dag.py:3954} INFO - Setting next_dagrun for example_time_delta_sensor_async to None, run_after=None
[2025-05-24T04:57:14.694+0530] {processor.py:183} INFO - Processing /Library/Frameworks/Python.framework/Versions/3.12/lib/python3.12/site-packages/airflow/example_dags/example_time_delta_sensor_async.py took 0.204 seconds
[2025-05-24T04:59:09.211+0530] {processor.py:161} INFO - Started process (PID=17790) to work on /Library/Frameworks/Python.framework/Versions/3.12/lib/python3.12/site-packages/airflow/example_dags/example_time_delta_sensor_async.py
[2025-05-24T04:59:09.212+0530] {processor.py:830} INFO - Processing file /Library/Frameworks/Python.framework/Versions/3.12/lib/python3.12/site-packages/airflow/example_dags/example_time_delta_sensor_async.py for tasks to queue
[2025-05-24T04:59:09.213+0530] {logging_mixin.py:188} INFO - [2025-05-24T04:59:09.213+0530] {dagbag.py:540} INFO - Filling up the DagBag from /Library/Frameworks/Python.framework/Versions/3.12/lib/python3.12/site-packages/airflow/example_dags/example_time_delta_sensor_async.py
[2025-05-24T04:59:09.222+0530] {processor.py:840} INFO - DAG(s) 'example_time_delta_sensor_async' retrieved from /Library/Frameworks/Python.framework/Versions/3.12/lib/python3.12/site-packages/airflow/example_dags/example_time_delta_sensor_async.py
[2025-05-24T04:59:09.382+0530] {logging_mixin.py:188} INFO - [2025-05-24T04:59:09.382+0530] {dag.py:3096} INFO - Sync 1 DAGs
[2025-05-24T04:59:09.391+0530] {logging_mixin.py:188} INFO - [2025-05-24T04:59:09.391+0530] {dag.py:3954} INFO - Setting next_dagrun for example_time_delta_sensor_async to None, run_after=None
[2025-05-24T04:59:09.407+0530] {processor.py:183} INFO - Processing /Library/Frameworks/Python.framework/Versions/3.12/lib/python3.12/site-packages/airflow/example_dags/example_time_delta_sensor_async.py took 0.198 seconds
[2025-05-24T05:01:01.923+0530] {processor.py:161} INFO - Started process (PID=17868) to work on /Library/Frameworks/Python.framework/Versions/3.12/lib/python3.12/site-packages/airflow/example_dags/example_time_delta_sensor_async.py
[2025-05-24T05:01:01.925+0530] {processor.py:830} INFO - Processing file /Library/Frameworks/Python.framework/Versions/3.12/lib/python3.12/site-packages/airflow/example_dags/example_time_delta_sensor_async.py for tasks to queue
[2025-05-24T05:01:01.926+0530] {logging_mixin.py:188} INFO - [2025-05-24T05:01:01.925+0530] {dagbag.py:540} INFO - Filling up the DagBag from /Library/Frameworks/Python.framework/Versions/3.12/lib/python3.12/site-packages/airflow/example_dags/example_time_delta_sensor_async.py
[2025-05-24T05:01:01.934+0530] {processor.py:840} INFO - DAG(s) 'example_time_delta_sensor_async' retrieved from /Library/Frameworks/Python.framework/Versions/3.12/lib/python3.12/site-packages/airflow/example_dags/example_time_delta_sensor_async.py
[2025-05-24T05:01:02.082+0530] {logging_mixin.py:188} INFO - [2025-05-24T05:01:02.082+0530] {dag.py:3096} INFO - Sync 1 DAGs
[2025-05-24T05:01:02.090+0530] {logging_mixin.py:188} INFO - [2025-05-24T05:01:02.090+0530] {dag.py:3954} INFO - Setting next_dagrun for example_time_delta_sensor_async to None, run_after=None
[2025-05-24T05:01:02.105+0530] {processor.py:183} INFO - Processing /Library/Frameworks/Python.framework/Versions/3.12/lib/python3.12/site-packages/airflow/example_dags/example_time_delta_sensor_async.py took 0.185 seconds
[2025-05-24T05:02:55.183+0530] {processor.py:161} INFO - Started process (PID=17936) to work on /Library/Frameworks/Python.framework/Versions/3.12/lib/python3.12/site-packages/airflow/example_dags/example_time_delta_sensor_async.py
[2025-05-24T05:02:55.185+0530] {processor.py:830} INFO - Processing file /Library/Frameworks/Python.framework/Versions/3.12/lib/python3.12/site-packages/airflow/example_dags/example_time_delta_sensor_async.py for tasks to queue
[2025-05-24T05:02:55.186+0530] {logging_mixin.py:188} INFO - [2025-05-24T05:02:55.185+0530] {dagbag.py:540} INFO - Filling up the DagBag from /Library/Frameworks/Python.framework/Versions/3.12/lib/python3.12/site-packages/airflow/example_dags/example_time_delta_sensor_async.py
[2025-05-24T05:02:55.193+0530] {processor.py:840} INFO - DAG(s) 'example_time_delta_sensor_async' retrieved from /Library/Frameworks/Python.framework/Versions/3.12/lib/python3.12/site-packages/airflow/example_dags/example_time_delta_sensor_async.py
[2025-05-24T05:02:55.343+0530] {logging_mixin.py:188} INFO - [2025-05-24T05:02:55.343+0530] {dag.py:3096} INFO - Sync 1 DAGs
[2025-05-24T05:02:55.351+0530] {logging_mixin.py:188} INFO - [2025-05-24T05:02:55.351+0530] {dag.py:3954} INFO - Setting next_dagrun for example_time_delta_sensor_async to None, run_after=None
[2025-05-24T05:02:55.366+0530] {processor.py:183} INFO - Processing /Library/Frameworks/Python.framework/Versions/3.12/lib/python3.12/site-packages/airflow/example_dags/example_time_delta_sensor_async.py took 0.186 seconds
[2025-05-24T05:04:48.161+0530] {processor.py:161} INFO - Started process (PID=17987) to work on /Library/Frameworks/Python.framework/Versions/3.12/lib/python3.12/site-packages/airflow/example_dags/example_time_delta_sensor_async.py
[2025-05-24T05:04:48.162+0530] {processor.py:830} INFO - Processing file /Library/Frameworks/Python.framework/Versions/3.12/lib/python3.12/site-packages/airflow/example_dags/example_time_delta_sensor_async.py for tasks to queue
[2025-05-24T05:04:48.163+0530] {logging_mixin.py:188} INFO - [2025-05-24T05:04:48.163+0530] {dagbag.py:540} INFO - Filling up the DagBag from /Library/Frameworks/Python.framework/Versions/3.12/lib/python3.12/site-packages/airflow/example_dags/example_time_delta_sensor_async.py
[2025-05-24T05:04:48.172+0530] {processor.py:840} INFO - DAG(s) 'example_time_delta_sensor_async' retrieved from /Library/Frameworks/Python.framework/Versions/3.12/lib/python3.12/site-packages/airflow/example_dags/example_time_delta_sensor_async.py
[2025-05-24T05:04:48.342+0530] {logging_mixin.py:188} INFO - [2025-05-24T05:04:48.342+0530] {dag.py:3096} INFO - Sync 1 DAGs
[2025-05-24T05:04:48.350+0530] {logging_mixin.py:188} INFO - [2025-05-24T05:04:48.350+0530] {dag.py:3954} INFO - Setting next_dagrun for example_time_delta_sensor_async to None, run_after=None
[2025-05-24T05:04:48.366+0530] {processor.py:183} INFO - Processing /Library/Frameworks/Python.framework/Versions/3.12/lib/python3.12/site-packages/airflow/example_dags/example_time_delta_sensor_async.py took 0.208 seconds
[2025-05-24T05:06:41.431+0530] {processor.py:161} INFO - Started process (PID=18037) to work on /Library/Frameworks/Python.framework/Versions/3.12/lib/python3.12/site-packages/airflow/example_dags/example_time_delta_sensor_async.py
[2025-05-24T05:06:41.432+0530] {processor.py:830} INFO - Processing file /Library/Frameworks/Python.framework/Versions/3.12/lib/python3.12/site-packages/airflow/example_dags/example_time_delta_sensor_async.py for tasks to queue
[2025-05-24T05:06:41.433+0530] {logging_mixin.py:188} INFO - [2025-05-24T05:06:41.433+0530] {dagbag.py:540} INFO - Filling up the DagBag from /Library/Frameworks/Python.framework/Versions/3.12/lib/python3.12/site-packages/airflow/example_dags/example_time_delta_sensor_async.py
[2025-05-24T05:06:41.442+0530] {processor.py:840} INFO - DAG(s) 'example_time_delta_sensor_async' retrieved from /Library/Frameworks/Python.framework/Versions/3.12/lib/python3.12/site-packages/airflow/example_dags/example_time_delta_sensor_async.py
[2025-05-24T05:06:41.591+0530] {logging_mixin.py:188} INFO - [2025-05-24T05:06:41.591+0530] {dag.py:3096} INFO - Sync 1 DAGs
[2025-05-24T05:06:41.599+0530] {logging_mixin.py:188} INFO - [2025-05-24T05:06:41.599+0530] {dag.py:3954} INFO - Setting next_dagrun for example_time_delta_sensor_async to None, run_after=None
[2025-05-24T05:06:41.614+0530] {processor.py:183} INFO - Processing /Library/Frameworks/Python.framework/Versions/3.12/lib/python3.12/site-packages/airflow/example_dags/example_time_delta_sensor_async.py took 0.187 seconds
[2025-05-24T05:08:29.797+0530] {processor.py:161} INFO - Started process (PID=18088) to work on /Library/Frameworks/Python.framework/Versions/3.12/lib/python3.12/site-packages/airflow/example_dags/example_time_delta_sensor_async.py
[2025-05-24T05:08:29.799+0530] {processor.py:830} INFO - Processing file /Library/Frameworks/Python.framework/Versions/3.12/lib/python3.12/site-packages/airflow/example_dags/example_time_delta_sensor_async.py for tasks to queue
[2025-05-24T05:08:29.799+0530] {logging_mixin.py:188} INFO - [2025-05-24T05:08:29.799+0530] {dagbag.py:540} INFO - Filling up the DagBag from /Library/Frameworks/Python.framework/Versions/3.12/lib/python3.12/site-packages/airflow/example_dags/example_time_delta_sensor_async.py
[2025-05-24T05:08:29.809+0530] {processor.py:840} INFO - DAG(s) 'example_time_delta_sensor_async' retrieved from /Library/Frameworks/Python.framework/Versions/3.12/lib/python3.12/site-packages/airflow/example_dags/example_time_delta_sensor_async.py
[2025-05-24T05:08:29.953+0530] {logging_mixin.py:188} INFO - [2025-05-24T05:08:29.953+0530] {dag.py:3096} INFO - Sync 1 DAGs
[2025-05-24T05:08:29.961+0530] {logging_mixin.py:188} INFO - [2025-05-24T05:08:29.961+0530] {dag.py:3954} INFO - Setting next_dagrun for example_time_delta_sensor_async to None, run_after=None
[2025-05-24T05:08:29.980+0530] {processor.py:183} INFO - Processing /Library/Frameworks/Python.framework/Versions/3.12/lib/python3.12/site-packages/airflow/example_dags/example_time_delta_sensor_async.py took 0.187 seconds
[2025-05-24T05:13:00.493+0530] {processor.py:161} INFO - Started process (PID=18176) to work on /Library/Frameworks/Python.framework/Versions/3.12/lib/python3.12/site-packages/airflow/example_dags/example_time_delta_sensor_async.py
[2025-05-24T05:13:00.495+0530] {processor.py:830} INFO - Processing file /Library/Frameworks/Python.framework/Versions/3.12/lib/python3.12/site-packages/airflow/example_dags/example_time_delta_sensor_async.py for tasks to queue
[2025-05-24T05:13:00.495+0530] {logging_mixin.py:188} INFO - [2025-05-24T05:13:00.495+0530] {dagbag.py:540} INFO - Filling up the DagBag from /Library/Frameworks/Python.framework/Versions/3.12/lib/python3.12/site-packages/airflow/example_dags/example_time_delta_sensor_async.py
[2025-05-24T05:13:00.505+0530] {processor.py:840} INFO - DAG(s) 'example_time_delta_sensor_async' retrieved from /Library/Frameworks/Python.framework/Versions/3.12/lib/python3.12/site-packages/airflow/example_dags/example_time_delta_sensor_async.py
[2025-05-24T05:13:00.666+0530] {logging_mixin.py:188} INFO - [2025-05-24T05:13:00.665+0530] {dag.py:3096} INFO - Sync 1 DAGs
[2025-05-24T05:13:00.674+0530] {logging_mixin.py:188} INFO - [2025-05-24T05:13:00.674+0530] {dag.py:3954} INFO - Setting next_dagrun for example_time_delta_sensor_async to None, run_after=None
[2025-05-24T05:13:00.690+0530] {processor.py:183} INFO - Processing /Library/Frameworks/Python.framework/Versions/3.12/lib/python3.12/site-packages/airflow/example_dags/example_time_delta_sensor_async.py took 0.200 seconds
[2025-05-24T05:15:02.978+0530] {processor.py:161} INFO - Started process (PID=18298) to work on /Library/Frameworks/Python.framework/Versions/3.12/lib/python3.12/site-packages/airflow/example_dags/example_time_delta_sensor_async.py
[2025-05-24T05:15:02.979+0530] {processor.py:830} INFO - Processing file /Library/Frameworks/Python.framework/Versions/3.12/lib/python3.12/site-packages/airflow/example_dags/example_time_delta_sensor_async.py for tasks to queue
[2025-05-24T05:15:02.980+0530] {logging_mixin.py:188} INFO - [2025-05-24T05:15:02.980+0530] {dagbag.py:540} INFO - Filling up the DagBag from /Library/Frameworks/Python.framework/Versions/3.12/lib/python3.12/site-packages/airflow/example_dags/example_time_delta_sensor_async.py
[2025-05-24T05:15:02.989+0530] {processor.py:840} INFO - DAG(s) 'example_time_delta_sensor_async' retrieved from /Library/Frameworks/Python.framework/Versions/3.12/lib/python3.12/site-packages/airflow/example_dags/example_time_delta_sensor_async.py
[2025-05-24T05:15:03.161+0530] {logging_mixin.py:188} INFO - [2025-05-24T05:15:03.160+0530] {dag.py:3096} INFO - Sync 1 DAGs
[2025-05-24T05:15:03.170+0530] {logging_mixin.py:188} INFO - [2025-05-24T05:15:03.170+0530] {dag.py:3954} INFO - Setting next_dagrun for example_time_delta_sensor_async to None, run_after=None
[2025-05-24T05:15:03.189+0530] {processor.py:183} INFO - Processing /Library/Frameworks/Python.framework/Versions/3.12/lib/python3.12/site-packages/airflow/example_dags/example_time_delta_sensor_async.py took 0.213 seconds
[2025-05-24T05:17:03.753+0530] {processor.py:161} INFO - Started process (PID=18444) to work on /Library/Frameworks/Python.framework/Versions/3.12/lib/python3.12/site-packages/airflow/example_dags/example_time_delta_sensor_async.py
[2025-05-24T05:17:03.755+0530] {processor.py:830} INFO - Processing file /Library/Frameworks/Python.framework/Versions/3.12/lib/python3.12/site-packages/airflow/example_dags/example_time_delta_sensor_async.py for tasks to queue
[2025-05-24T05:17:03.755+0530] {logging_mixin.py:188} INFO - [2025-05-24T05:17:03.755+0530] {dagbag.py:540} INFO - Filling up the DagBag from /Library/Frameworks/Python.framework/Versions/3.12/lib/python3.12/site-packages/airflow/example_dags/example_time_delta_sensor_async.py
[2025-05-24T05:17:03.765+0530] {processor.py:840} INFO - DAG(s) 'example_time_delta_sensor_async' retrieved from /Library/Frameworks/Python.framework/Versions/3.12/lib/python3.12/site-packages/airflow/example_dags/example_time_delta_sensor_async.py
[2025-05-24T05:17:03.951+0530] {logging_mixin.py:188} INFO - [2025-05-24T05:17:03.950+0530] {dag.py:3096} INFO - Sync 1 DAGs
[2025-05-24T05:17:03.961+0530] {logging_mixin.py:188} INFO - [2025-05-24T05:17:03.960+0530] {dag.py:3954} INFO - Setting next_dagrun for example_time_delta_sensor_async to None, run_after=None
[2025-05-24T05:17:03.980+0530] {processor.py:183} INFO - Processing /Library/Frameworks/Python.framework/Versions/3.12/lib/python3.12/site-packages/airflow/example_dags/example_time_delta_sensor_async.py took 0.230 seconds
