[2025-05-24T04:22:46.745+0530] {processor.py:161} INFO - Started process (PID=15633) to work on /Library/Frameworks/Python.framework/Versions/3.12/lib/python3.12/site-packages/airflow/example_dags/example_xcom.py
[2025-05-24T04:22:46.746+0530] {processor.py:830} INFO - Processing file /Library/Frameworks/Python.framework/Versions/3.12/lib/python3.12/site-packages/airflow/example_dags/example_xcom.py for tasks to queue
[2025-05-24T04:22:46.747+0530] {logging_mixin.py:188} INFO - [2025-05-24T04:22:46.747+0530] {dagbag.py:540} INFO - Filling up the DagBag from /Library/Frameworks/Python.framework/Versions/3.12/lib/python3.12/site-packages/airflow/example_dags/example_xcom.py
[2025-05-24T04:22:46.785+0530] {processor.py:840} INFO - DAG(s) 'example_xcom' retrieved from /Library/Frameworks/Python.framework/Versions/3.12/lib/python3.12/site-packages/airflow/example_dags/example_xcom.py
[2025-05-24T04:22:47.017+0530] {logging_mixin.py:188} INFO - [2025-05-24T04:22:47.017+0530] {dag.py:3096} INFO - Sync 1 DAGs
[2025-05-24T04:22:47.030+0530] {logging_mixin.py:188} INFO - [2025-05-24T04:22:47.030+0530] {dag.py:3954} INFO - Setting next_dagrun for example_xcom to 2021-01-01 00:00:00+00:00, run_after=2021-01-01 00:00:00+00:00
[2025-05-24T04:22:47.046+0530] {processor.py:183} INFO - Processing /Library/Frameworks/Python.framework/Versions/3.12/lib/python3.12/site-packages/airflow/example_dags/example_xcom.py took 0.306 seconds
[2025-05-24T04:25:26.467+0530] {processor.py:161} INFO - Started process (PID=15742) to work on /Library/Frameworks/Python.framework/Versions/3.12/lib/python3.12/site-packages/airflow/example_dags/example_xcom.py
[2025-05-24T04:25:26.469+0530] {processor.py:830} INFO - Processing file /Library/Frameworks/Python.framework/Versions/3.12/lib/python3.12/site-packages/airflow/example_dags/example_xcom.py for tasks to queue
[2025-05-24T04:25:26.470+0530] {logging_mixin.py:188} INFO - [2025-05-24T04:25:26.469+0530] {dagbag.py:540} INFO - Filling up the DagBag from /Library/Frameworks/Python.framework/Versions/3.12/lib/python3.12/site-packages/airflow/example_dags/example_xcom.py
[2025-05-24T04:25:26.503+0530] {processor.py:840} INFO - DAG(s) 'example_xcom' retrieved from /Library/Frameworks/Python.framework/Versions/3.12/lib/python3.12/site-packages/airflow/example_dags/example_xcom.py
[2025-05-24T04:25:26.646+0530] {logging_mixin.py:188} INFO - [2025-05-24T04:25:26.646+0530] {dag.py:3096} INFO - Sync 1 DAGs
[2025-05-24T04:25:26.661+0530] {logging_mixin.py:188} INFO - [2025-05-24T04:25:26.661+0530] {dag.py:3954} INFO - Setting next_dagrun for example_xcom to 2021-01-01 00:00:00+00:00, run_after=2021-01-01 00:00:00+00:00
[2025-05-24T04:25:26.676+0530] {processor.py:183} INFO - Processing /Library/Frameworks/Python.framework/Versions/3.12/lib/python3.12/site-packages/airflow/example_dags/example_xcom.py took 0.212 seconds
[2025-05-24T04:27:22.858+0530] {processor.py:161} INFO - Started process (PID=15800) to work on /Library/Frameworks/Python.framework/Versions/3.12/lib/python3.12/site-packages/airflow/example_dags/example_xcom.py
[2025-05-24T04:27:22.859+0530] {processor.py:830} INFO - Processing file /Library/Frameworks/Python.framework/Versions/3.12/lib/python3.12/site-packages/airflow/example_dags/example_xcom.py for tasks to queue
[2025-05-24T04:27:22.860+0530] {logging_mixin.py:188} INFO - [2025-05-24T04:27:22.860+0530] {dagbag.py:540} INFO - Filling up the DagBag from /Library/Frameworks/Python.framework/Versions/3.12/lib/python3.12/site-packages/airflow/example_dags/example_xcom.py
[2025-05-24T04:27:22.892+0530] {processor.py:840} INFO - DAG(s) 'example_xcom' retrieved from /Library/Frameworks/Python.framework/Versions/3.12/lib/python3.12/site-packages/airflow/example_dags/example_xcom.py
[2025-05-24T04:27:23.038+0530] {logging_mixin.py:188} INFO - [2025-05-24T04:27:23.038+0530] {dag.py:3096} INFO - Sync 1 DAGs
[2025-05-24T04:27:23.054+0530] {logging_mixin.py:188} INFO - [2025-05-24T04:27:23.054+0530] {dag.py:3954} INFO - Setting next_dagrun for example_xcom to 2021-01-01 00:00:00+00:00, run_after=2021-01-01 00:00:00+00:00
[2025-05-24T04:27:23.070+0530] {processor.py:183} INFO - Processing /Library/Frameworks/Python.framework/Versions/3.12/lib/python3.12/site-packages/airflow/example_dags/example_xcom.py took 0.215 seconds
[2025-05-24T04:29:16.741+0530] {processor.py:161} INFO - Started process (PID=15846) to work on /Library/Frameworks/Python.framework/Versions/3.12/lib/python3.12/site-packages/airflow/example_dags/example_xcom.py
[2025-05-24T04:29:16.742+0530] {processor.py:830} INFO - Processing file /Library/Frameworks/Python.framework/Versions/3.12/lib/python3.12/site-packages/airflow/example_dags/example_xcom.py for tasks to queue
[2025-05-24T04:29:16.743+0530] {logging_mixin.py:188} INFO - [2025-05-24T04:29:16.743+0530] {dagbag.py:540} INFO - Filling up the DagBag from /Library/Frameworks/Python.framework/Versions/3.12/lib/python3.12/site-packages/airflow/example_dags/example_xcom.py
[2025-05-24T04:29:16.779+0530] {processor.py:840} INFO - DAG(s) 'example_xcom' retrieved from /Library/Frameworks/Python.framework/Versions/3.12/lib/python3.12/site-packages/airflow/example_dags/example_xcom.py
[2025-05-24T04:29:16.922+0530] {logging_mixin.py:188} INFO - [2025-05-24T04:29:16.922+0530] {dag.py:3096} INFO - Sync 1 DAGs
[2025-05-24T04:29:16.937+0530] {logging_mixin.py:188} INFO - [2025-05-24T04:29:16.937+0530] {dag.py:3954} INFO - Setting next_dagrun for example_xcom to 2021-01-01 00:00:00+00:00, run_after=2021-01-01 00:00:00+00:00
[2025-05-24T04:29:16.952+0530] {processor.py:183} INFO - Processing /Library/Frameworks/Python.framework/Versions/3.12/lib/python3.12/site-packages/airflow/example_dags/example_xcom.py took 0.216 seconds
[2025-05-24T04:31:14.110+0530] {processor.py:161} INFO - Started process (PID=15922) to work on /Library/Frameworks/Python.framework/Versions/3.12/lib/python3.12/site-packages/airflow/example_dags/example_xcom.py
[2025-05-24T04:31:14.111+0530] {processor.py:830} INFO - Processing file /Library/Frameworks/Python.framework/Versions/3.12/lib/python3.12/site-packages/airflow/example_dags/example_xcom.py for tasks to queue
[2025-05-24T04:31:14.111+0530] {logging_mixin.py:188} INFO - [2025-05-24T04:31:14.111+0530] {dagbag.py:540} INFO - Filling up the DagBag from /Library/Frameworks/Python.framework/Versions/3.12/lib/python3.12/site-packages/airflow/example_dags/example_xcom.py
[2025-05-24T04:31:14.148+0530] {processor.py:840} INFO - DAG(s) 'example_xcom' retrieved from /Library/Frameworks/Python.framework/Versions/3.12/lib/python3.12/site-packages/airflow/example_dags/example_xcom.py
[2025-05-24T04:31:14.290+0530] {logging_mixin.py:188} INFO - [2025-05-24T04:31:14.289+0530] {dag.py:3096} INFO - Sync 1 DAGs
[2025-05-24T04:31:14.304+0530] {logging_mixin.py:188} INFO - [2025-05-24T04:31:14.304+0530] {dag.py:3954} INFO - Setting next_dagrun for example_xcom to 2021-01-01 00:00:00+00:00, run_after=2021-01-01 00:00:00+00:00
[2025-05-24T04:31:14.320+0530] {processor.py:183} INFO - Processing /Library/Frameworks/Python.framework/Versions/3.12/lib/python3.12/site-packages/airflow/example_dags/example_xcom.py took 0.213 seconds
[2025-05-24T04:33:12.674+0530] {processor.py:161} INFO - Started process (PID=15990) to work on /Library/Frameworks/Python.framework/Versions/3.12/lib/python3.12/site-packages/airflow/example_dags/example_xcom.py
[2025-05-24T04:33:12.677+0530] {processor.py:830} INFO - Processing file /Library/Frameworks/Python.framework/Versions/3.12/lib/python3.12/site-packages/airflow/example_dags/example_xcom.py for tasks to queue
[2025-05-24T04:33:12.678+0530] {logging_mixin.py:188} INFO - [2025-05-24T04:33:12.678+0530] {dagbag.py:540} INFO - Filling up the DagBag from /Library/Frameworks/Python.framework/Versions/3.12/lib/python3.12/site-packages/airflow/example_dags/example_xcom.py
[2025-05-24T04:33:12.716+0530] {processor.py:840} INFO - DAG(s) 'example_xcom' retrieved from /Library/Frameworks/Python.framework/Versions/3.12/lib/python3.12/site-packages/airflow/example_dags/example_xcom.py
[2025-05-24T04:33:12.877+0530] {logging_mixin.py:188} INFO - [2025-05-24T04:33:12.877+0530] {dag.py:3096} INFO - Sync 1 DAGs
[2025-05-24T04:33:12.895+0530] {logging_mixin.py:188} INFO - [2025-05-24T04:33:12.895+0530] {dag.py:3954} INFO - Setting next_dagrun for example_xcom to 2021-01-01 00:00:00+00:00, run_after=2021-01-01 00:00:00+00:00
[2025-05-24T04:33:12.911+0530] {processor.py:183} INFO - Processing /Library/Frameworks/Python.framework/Versions/3.12/lib/python3.12/site-packages/airflow/example_dags/example_xcom.py took 0.241 seconds
[2025-05-24T04:35:19.034+0530] {processor.py:161} INFO - Started process (PID=16070) to work on /Library/Frameworks/Python.framework/Versions/3.12/lib/python3.12/site-packages/airflow/example_dags/example_xcom.py
[2025-05-24T04:35:19.035+0530] {processor.py:830} INFO - Processing file /Library/Frameworks/Python.framework/Versions/3.12/lib/python3.12/site-packages/airflow/example_dags/example_xcom.py for tasks to queue
[2025-05-24T04:35:19.036+0530] {logging_mixin.py:188} INFO - [2025-05-24T04:35:19.036+0530] {dagbag.py:540} INFO - Filling up the DagBag from /Library/Frameworks/Python.framework/Versions/3.12/lib/python3.12/site-packages/airflow/example_dags/example_xcom.py
[2025-05-24T04:35:19.079+0530] {processor.py:840} INFO - DAG(s) 'example_xcom' retrieved from /Library/Frameworks/Python.framework/Versions/3.12/lib/python3.12/site-packages/airflow/example_dags/example_xcom.py
[2025-05-24T04:35:19.267+0530] {logging_mixin.py:188} INFO - [2025-05-24T04:35:19.267+0530] {dag.py:3096} INFO - Sync 1 DAGs
[2025-05-24T04:35:19.286+0530] {logging_mixin.py:188} INFO - [2025-05-24T04:35:19.286+0530] {dag.py:3954} INFO - Setting next_dagrun for example_xcom to 2021-01-01 00:00:00+00:00, run_after=2021-01-01 00:00:00+00:00
[2025-05-24T04:35:19.306+0530] {processor.py:183} INFO - Processing /Library/Frameworks/Python.framework/Versions/3.12/lib/python3.12/site-packages/airflow/example_dags/example_xcom.py took 0.275 seconds
[2025-05-24T04:37:18.069+0530] {processor.py:161} INFO - Started process (PID=16135) to work on /Library/Frameworks/Python.framework/Versions/3.12/lib/python3.12/site-packages/airflow/example_dags/example_xcom.py
[2025-05-24T04:37:18.071+0530] {processor.py:830} INFO - Processing file /Library/Frameworks/Python.framework/Versions/3.12/lib/python3.12/site-packages/airflow/example_dags/example_xcom.py for tasks to queue
[2025-05-24T04:37:18.071+0530] {logging_mixin.py:188} INFO - [2025-05-24T04:37:18.071+0530] {dagbag.py:540} INFO - Filling up the DagBag from /Library/Frameworks/Python.framework/Versions/3.12/lib/python3.12/site-packages/airflow/example_dags/example_xcom.py
[2025-05-24T04:37:18.108+0530] {processor.py:840} INFO - DAG(s) 'example_xcom' retrieved from /Library/Frameworks/Python.framework/Versions/3.12/lib/python3.12/site-packages/airflow/example_dags/example_xcom.py
[2025-05-24T04:37:18.255+0530] {logging_mixin.py:188} INFO - [2025-05-24T04:37:18.255+0530] {dag.py:3096} INFO - Sync 1 DAGs
[2025-05-24T04:37:18.270+0530] {logging_mixin.py:188} INFO - [2025-05-24T04:37:18.269+0530] {dag.py:3954} INFO - Setting next_dagrun for example_xcom to 2021-01-01 00:00:00+00:00, run_after=2021-01-01 00:00:00+00:00
[2025-05-24T04:37:18.284+0530] {processor.py:183} INFO - Processing /Library/Frameworks/Python.framework/Versions/3.12/lib/python3.12/site-packages/airflow/example_dags/example_xcom.py took 0.219 seconds
[2025-05-24T04:39:18.616+0530] {processor.py:161} INFO - Started process (PID=16205) to work on /Library/Frameworks/Python.framework/Versions/3.12/lib/python3.12/site-packages/airflow/example_dags/example_xcom.py
[2025-05-24T04:39:18.617+0530] {processor.py:830} INFO - Processing file /Library/Frameworks/Python.framework/Versions/3.12/lib/python3.12/site-packages/airflow/example_dags/example_xcom.py for tasks to queue
[2025-05-24T04:39:18.618+0530] {logging_mixin.py:188} INFO - [2025-05-24T04:39:18.618+0530] {dagbag.py:540} INFO - Filling up the DagBag from /Library/Frameworks/Python.framework/Versions/3.12/lib/python3.12/site-packages/airflow/example_dags/example_xcom.py
[2025-05-24T04:39:18.655+0530] {processor.py:840} INFO - DAG(s) 'example_xcom' retrieved from /Library/Frameworks/Python.framework/Versions/3.12/lib/python3.12/site-packages/airflow/example_dags/example_xcom.py
[2025-05-24T04:39:18.812+0530] {logging_mixin.py:188} INFO - [2025-05-24T04:39:18.812+0530] {dag.py:3096} INFO - Sync 1 DAGs
[2025-05-24T04:39:18.829+0530] {logging_mixin.py:188} INFO - [2025-05-24T04:39:18.829+0530] {dag.py:3954} INFO - Setting next_dagrun for example_xcom to 2021-01-01 00:00:00+00:00, run_after=2021-01-01 00:00:00+00:00
[2025-05-24T04:39:18.846+0530] {processor.py:183} INFO - Processing /Library/Frameworks/Python.framework/Versions/3.12/lib/python3.12/site-packages/airflow/example_dags/example_xcom.py took 0.232 seconds
[2025-05-24T04:41:30.249+0530] {processor.py:161} INFO - Started process (PID=16298) to work on /Library/Frameworks/Python.framework/Versions/3.12/lib/python3.12/site-packages/airflow/example_dags/example_xcom.py
[2025-05-24T04:41:30.250+0530] {processor.py:830} INFO - Processing file /Library/Frameworks/Python.framework/Versions/3.12/lib/python3.12/site-packages/airflow/example_dags/example_xcom.py for tasks to queue
[2025-05-24T04:41:30.250+0530] {logging_mixin.py:188} INFO - [2025-05-24T04:41:30.250+0530] {dagbag.py:540} INFO - Filling up the DagBag from /Library/Frameworks/Python.framework/Versions/3.12/lib/python3.12/site-packages/airflow/example_dags/example_xcom.py
[2025-05-24T04:41:30.288+0530] {processor.py:840} INFO - DAG(s) 'example_xcom' retrieved from /Library/Frameworks/Python.framework/Versions/3.12/lib/python3.12/site-packages/airflow/example_dags/example_xcom.py
[2025-05-24T04:41:30.440+0530] {logging_mixin.py:188} INFO - [2025-05-24T04:41:30.440+0530] {dag.py:3096} INFO - Sync 1 DAGs
[2025-05-24T04:41:30.456+0530] {logging_mixin.py:188} INFO - [2025-05-24T04:41:30.456+0530] {dag.py:3954} INFO - Setting next_dagrun for example_xcom to 2021-01-01 00:00:00+00:00, run_after=2021-01-01 00:00:00+00:00
[2025-05-24T04:41:30.471+0530] {processor.py:183} INFO - Processing /Library/Frameworks/Python.framework/Versions/3.12/lib/python3.12/site-packages/airflow/example_dags/example_xcom.py took 0.225 seconds
[2025-05-24T04:43:27.463+0530] {processor.py:161} INFO - Started process (PID=16588) to work on /Library/Frameworks/Python.framework/Versions/3.12/lib/python3.12/site-packages/airflow/example_dags/example_xcom.py
[2025-05-24T04:43:27.464+0530] {processor.py:830} INFO - Processing file /Library/Frameworks/Python.framework/Versions/3.12/lib/python3.12/site-packages/airflow/example_dags/example_xcom.py for tasks to queue
[2025-05-24T04:43:27.465+0530] {logging_mixin.py:188} INFO - [2025-05-24T04:43:27.465+0530] {dagbag.py:540} INFO - Filling up the DagBag from /Library/Frameworks/Python.framework/Versions/3.12/lib/python3.12/site-packages/airflow/example_dags/example_xcom.py
[2025-05-24T04:43:27.502+0530] {processor.py:840} INFO - DAG(s) 'example_xcom' retrieved from /Library/Frameworks/Python.framework/Versions/3.12/lib/python3.12/site-packages/airflow/example_dags/example_xcom.py
[2025-05-24T04:43:27.663+0530] {logging_mixin.py:188} INFO - [2025-05-24T04:43:27.663+0530] {dag.py:3096} INFO - Sync 1 DAGs
[2025-05-24T04:43:27.680+0530] {logging_mixin.py:188} INFO - [2025-05-24T04:43:27.679+0530] {dag.py:3954} INFO - Setting next_dagrun for example_xcom to 2021-01-01 00:00:00+00:00, run_after=2021-01-01 00:00:00+00:00
[2025-05-24T04:43:27.695+0530] {processor.py:183} INFO - Processing /Library/Frameworks/Python.framework/Versions/3.12/lib/python3.12/site-packages/airflow/example_dags/example_xcom.py took 0.236 seconds
[2025-05-24T04:45:28.137+0530] {processor.py:161} INFO - Started process (PID=17323) to work on /Library/Frameworks/Python.framework/Versions/3.12/lib/python3.12/site-packages/airflow/example_dags/example_xcom.py
[2025-05-24T04:45:28.139+0530] {processor.py:830} INFO - Processing file /Library/Frameworks/Python.framework/Versions/3.12/lib/python3.12/site-packages/airflow/example_dags/example_xcom.py for tasks to queue
[2025-05-24T04:45:28.140+0530] {logging_mixin.py:188} INFO - [2025-05-24T04:45:28.140+0530] {dagbag.py:540} INFO - Filling up the DagBag from /Library/Frameworks/Python.framework/Versions/3.12/lib/python3.12/site-packages/airflow/example_dags/example_xcom.py
[2025-05-24T04:45:28.177+0530] {processor.py:840} INFO - DAG(s) 'example_xcom' retrieved from /Library/Frameworks/Python.framework/Versions/3.12/lib/python3.12/site-packages/airflow/example_dags/example_xcom.py
[2025-05-24T04:45:28.330+0530] {logging_mixin.py:188} INFO - [2025-05-24T04:45:28.330+0530] {dag.py:3096} INFO - Sync 1 DAGs
[2025-05-24T04:45:28.347+0530] {logging_mixin.py:188} INFO - [2025-05-24T04:45:28.347+0530] {dag.py:3954} INFO - Setting next_dagrun for example_xcom to 2021-01-01 00:00:00+00:00, run_after=2021-01-01 00:00:00+00:00
[2025-05-24T04:45:28.362+0530] {processor.py:183} INFO - Processing /Library/Frameworks/Python.framework/Versions/3.12/lib/python3.12/site-packages/airflow/example_dags/example_xcom.py took 0.229 seconds
[2025-05-24T04:47:23.960+0530] {processor.py:161} INFO - Started process (PID=17377) to work on /Library/Frameworks/Python.framework/Versions/3.12/lib/python3.12/site-packages/airflow/example_dags/example_xcom.py
[2025-05-24T04:47:23.961+0530] {processor.py:830} INFO - Processing file /Library/Frameworks/Python.framework/Versions/3.12/lib/python3.12/site-packages/airflow/example_dags/example_xcom.py for tasks to queue
[2025-05-24T04:47:23.962+0530] {logging_mixin.py:188} INFO - [2025-05-24T04:47:23.962+0530] {dagbag.py:540} INFO - Filling up the DagBag from /Library/Frameworks/Python.framework/Versions/3.12/lib/python3.12/site-packages/airflow/example_dags/example_xcom.py
[2025-05-24T04:47:23.999+0530] {processor.py:840} INFO - DAG(s) 'example_xcom' retrieved from /Library/Frameworks/Python.framework/Versions/3.12/lib/python3.12/site-packages/airflow/example_dags/example_xcom.py
[2025-05-24T04:47:24.143+0530] {logging_mixin.py:188} INFO - [2025-05-24T04:47:24.142+0530] {dag.py:3096} INFO - Sync 1 DAGs
[2025-05-24T04:47:24.157+0530] {logging_mixin.py:188} INFO - [2025-05-24T04:47:24.157+0530] {dag.py:3954} INFO - Setting next_dagrun for example_xcom to 2021-01-01 00:00:00+00:00, run_after=2021-01-01 00:00:00+00:00
[2025-05-24T04:47:24.173+0530] {processor.py:183} INFO - Processing /Library/Frameworks/Python.framework/Versions/3.12/lib/python3.12/site-packages/airflow/example_dags/example_xcom.py took 0.218 seconds
[2025-05-24T04:49:30.076+0530] {processor.py:161} INFO - Started process (PID=17467) to work on /Library/Frameworks/Python.framework/Versions/3.12/lib/python3.12/site-packages/airflow/example_dags/example_xcom.py
[2025-05-24T04:49:30.076+0530] {processor.py:830} INFO - Processing file /Library/Frameworks/Python.framework/Versions/3.12/lib/python3.12/site-packages/airflow/example_dags/example_xcom.py for tasks to queue
[2025-05-24T04:49:30.077+0530] {logging_mixin.py:188} INFO - [2025-05-24T04:49:30.077+0530] {dagbag.py:540} INFO - Filling up the DagBag from /Library/Frameworks/Python.framework/Versions/3.12/lib/python3.12/site-packages/airflow/example_dags/example_xcom.py
[2025-05-24T04:49:30.113+0530] {processor.py:840} INFO - DAG(s) 'example_xcom' retrieved from /Library/Frameworks/Python.framework/Versions/3.12/lib/python3.12/site-packages/airflow/example_dags/example_xcom.py
[2025-05-24T04:49:30.256+0530] {logging_mixin.py:188} INFO - [2025-05-24T04:49:30.255+0530] {dag.py:3096} INFO - Sync 1 DAGs
[2025-05-24T04:49:30.270+0530] {logging_mixin.py:188} INFO - [2025-05-24T04:49:30.270+0530] {dag.py:3954} INFO - Setting next_dagrun for example_xcom to 2021-01-01 00:00:00+00:00, run_after=2021-01-01 00:00:00+00:00
[2025-05-24T04:49:30.286+0530] {processor.py:183} INFO - Processing /Library/Frameworks/Python.framework/Versions/3.12/lib/python3.12/site-packages/airflow/example_dags/example_xcom.py took 0.213 seconds
[2025-05-24T04:51:24.003+0530] {processor.py:161} INFO - Started process (PID=17541) to work on /Library/Frameworks/Python.framework/Versions/3.12/lib/python3.12/site-packages/airflow/example_dags/example_xcom.py
[2025-05-24T04:51:24.004+0530] {processor.py:830} INFO - Processing file /Library/Frameworks/Python.framework/Versions/3.12/lib/python3.12/site-packages/airflow/example_dags/example_xcom.py for tasks to queue
[2025-05-24T04:51:24.005+0530] {logging_mixin.py:188} INFO - [2025-05-24T04:51:24.005+0530] {dagbag.py:540} INFO - Filling up the DagBag from /Library/Frameworks/Python.framework/Versions/3.12/lib/python3.12/site-packages/airflow/example_dags/example_xcom.py
[2025-05-24T04:51:24.040+0530] {processor.py:840} INFO - DAG(s) 'example_xcom' retrieved from /Library/Frameworks/Python.framework/Versions/3.12/lib/python3.12/site-packages/airflow/example_dags/example_xcom.py
[2025-05-24T04:51:24.180+0530] {logging_mixin.py:188} INFO - [2025-05-24T04:51:24.179+0530] {dag.py:3096} INFO - Sync 1 DAGs
[2025-05-24T04:51:24.194+0530] {logging_mixin.py:188} INFO - [2025-05-24T04:51:24.194+0530] {dag.py:3954} INFO - Setting next_dagrun for example_xcom to 2021-01-01 00:00:00+00:00, run_after=2021-01-01 00:00:00+00:00
[2025-05-24T04:51:24.210+0530] {processor.py:183} INFO - Processing /Library/Frameworks/Python.framework/Versions/3.12/lib/python3.12/site-packages/airflow/example_dags/example_xcom.py took 0.209 seconds
[2025-05-24T04:53:17.208+0530] {processor.py:161} INFO - Started process (PID=17591) to work on /Library/Frameworks/Python.framework/Versions/3.12/lib/python3.12/site-packages/airflow/example_dags/example_xcom.py
[2025-05-24T04:53:17.210+0530] {processor.py:830} INFO - Processing file /Library/Frameworks/Python.framework/Versions/3.12/lib/python3.12/site-packages/airflow/example_dags/example_xcom.py for tasks to queue
[2025-05-24T04:53:17.211+0530] {logging_mixin.py:188} INFO - [2025-05-24T04:53:17.211+0530] {dagbag.py:540} INFO - Filling up the DagBag from /Library/Frameworks/Python.framework/Versions/3.12/lib/python3.12/site-packages/airflow/example_dags/example_xcom.py
[2025-05-24T04:53:17.245+0530] {processor.py:840} INFO - DAG(s) 'example_xcom' retrieved from /Library/Frameworks/Python.framework/Versions/3.12/lib/python3.12/site-packages/airflow/example_dags/example_xcom.py
[2025-05-24T04:53:17.385+0530] {logging_mixin.py:188} INFO - [2025-05-24T04:53:17.385+0530] {dag.py:3096} INFO - Sync 1 DAGs
[2025-05-24T04:53:17.400+0530] {logging_mixin.py:188} INFO - [2025-05-24T04:53:17.400+0530] {dag.py:3954} INFO - Setting next_dagrun for example_xcom to 2021-01-01 00:00:00+00:00, run_after=2021-01-01 00:00:00+00:00
[2025-05-24T04:53:17.416+0530] {processor.py:183} INFO - Processing /Library/Frameworks/Python.framework/Versions/3.12/lib/python3.12/site-packages/airflow/example_dags/example_xcom.py took 0.212 seconds
[2025-05-24T04:55:11.583+0530] {processor.py:161} INFO - Started process (PID=17670) to work on /Library/Frameworks/Python.framework/Versions/3.12/lib/python3.12/site-packages/airflow/example_dags/example_xcom.py
[2025-05-24T04:55:11.585+0530] {processor.py:830} INFO - Processing file /Library/Frameworks/Python.framework/Versions/3.12/lib/python3.12/site-packages/airflow/example_dags/example_xcom.py for tasks to queue
[2025-05-24T04:55:11.585+0530] {logging_mixin.py:188} INFO - [2025-05-24T04:55:11.585+0530] {dagbag.py:540} INFO - Filling up the DagBag from /Library/Frameworks/Python.framework/Versions/3.12/lib/python3.12/site-packages/airflow/example_dags/example_xcom.py
[2025-05-24T04:55:11.622+0530] {processor.py:840} INFO - DAG(s) 'example_xcom' retrieved from /Library/Frameworks/Python.framework/Versions/3.12/lib/python3.12/site-packages/airflow/example_dags/example_xcom.py
[2025-05-24T04:55:11.776+0530] {logging_mixin.py:188} INFO - [2025-05-24T04:55:11.775+0530] {dag.py:3096} INFO - Sync 1 DAGs
[2025-05-24T04:55:11.791+0530] {logging_mixin.py:188} INFO - [2025-05-24T04:55:11.791+0530] {dag.py:3954} INFO - Setting next_dagrun for example_xcom to 2021-01-01 00:00:00+00:00, run_after=2021-01-01 00:00:00+00:00
[2025-05-24T04:55:11.806+0530] {processor.py:183} INFO - Processing /Library/Frameworks/Python.framework/Versions/3.12/lib/python3.12/site-packages/airflow/example_dags/example_xcom.py took 0.226 seconds
[2025-05-24T04:57:06.257+0530] {processor.py:161} INFO - Started process (PID=17728) to work on /Library/Frameworks/Python.framework/Versions/3.12/lib/python3.12/site-packages/airflow/example_dags/example_xcom.py
[2025-05-24T04:57:06.259+0530] {processor.py:830} INFO - Processing file /Library/Frameworks/Python.framework/Versions/3.12/lib/python3.12/site-packages/airflow/example_dags/example_xcom.py for tasks to queue
[2025-05-24T04:57:06.260+0530] {logging_mixin.py:188} INFO - [2025-05-24T04:57:06.260+0530] {dagbag.py:540} INFO - Filling up the DagBag from /Library/Frameworks/Python.framework/Versions/3.12/lib/python3.12/site-packages/airflow/example_dags/example_xcom.py
[2025-05-24T04:57:06.297+0530] {processor.py:840} INFO - DAG(s) 'example_xcom' retrieved from /Library/Frameworks/Python.framework/Versions/3.12/lib/python3.12/site-packages/airflow/example_dags/example_xcom.py
[2025-05-24T04:57:06.442+0530] {logging_mixin.py:188} INFO - [2025-05-24T04:57:06.442+0530] {dag.py:3096} INFO - Sync 1 DAGs
[2025-05-24T04:57:06.457+0530] {logging_mixin.py:188} INFO - [2025-05-24T04:57:06.457+0530] {dag.py:3954} INFO - Setting next_dagrun for example_xcom to 2021-01-01 00:00:00+00:00, run_after=2021-01-01 00:00:00+00:00
[2025-05-24T04:57:06.471+0530] {processor.py:183} INFO - Processing /Library/Frameworks/Python.framework/Versions/3.12/lib/python3.12/site-packages/airflow/example_dags/example_xcom.py took 0.218 seconds
[2025-05-24T04:59:00.823+0530] {processor.py:161} INFO - Started process (PID=17787) to work on /Library/Frameworks/Python.framework/Versions/3.12/lib/python3.12/site-packages/airflow/example_dags/example_xcom.py
[2025-05-24T04:59:00.825+0530] {processor.py:830} INFO - Processing file /Library/Frameworks/Python.framework/Versions/3.12/lib/python3.12/site-packages/airflow/example_dags/example_xcom.py for tasks to queue
[2025-05-24T04:59:00.826+0530] {logging_mixin.py:188} INFO - [2025-05-24T04:59:00.826+0530] {dagbag.py:540} INFO - Filling up the DagBag from /Library/Frameworks/Python.framework/Versions/3.12/lib/python3.12/site-packages/airflow/example_dags/example_xcom.py
[2025-05-24T04:59:00.863+0530] {processor.py:840} INFO - DAG(s) 'example_xcom' retrieved from /Library/Frameworks/Python.framework/Versions/3.12/lib/python3.12/site-packages/airflow/example_dags/example_xcom.py
[2025-05-24T04:59:01.015+0530] {logging_mixin.py:188} INFO - [2025-05-24T04:59:01.015+0530] {dag.py:3096} INFO - Sync 1 DAGs
[2025-05-24T04:59:01.030+0530] {logging_mixin.py:188} INFO - [2025-05-24T04:59:01.030+0530] {dag.py:3954} INFO - Setting next_dagrun for example_xcom to 2021-01-01 00:00:00+00:00, run_after=2021-01-01 00:00:00+00:00
[2025-05-24T04:59:01.045+0530] {processor.py:183} INFO - Processing /Library/Frameworks/Python.framework/Versions/3.12/lib/python3.12/site-packages/airflow/example_dags/example_xcom.py took 0.225 seconds
[2025-05-24T05:00:53.678+0530] {processor.py:161} INFO - Started process (PID=17865) to work on /Library/Frameworks/Python.framework/Versions/3.12/lib/python3.12/site-packages/airflow/example_dags/example_xcom.py
[2025-05-24T05:00:53.680+0530] {processor.py:830} INFO - Processing file /Library/Frameworks/Python.framework/Versions/3.12/lib/python3.12/site-packages/airflow/example_dags/example_xcom.py for tasks to queue
[2025-05-24T05:00:53.680+0530] {logging_mixin.py:188} INFO - [2025-05-24T05:00:53.680+0530] {dagbag.py:540} INFO - Filling up the DagBag from /Library/Frameworks/Python.framework/Versions/3.12/lib/python3.12/site-packages/airflow/example_dags/example_xcom.py
[2025-05-24T05:00:53.712+0530] {processor.py:840} INFO - DAG(s) 'example_xcom' retrieved from /Library/Frameworks/Python.framework/Versions/3.12/lib/python3.12/site-packages/airflow/example_dags/example_xcom.py
[2025-05-24T05:00:53.845+0530] {logging_mixin.py:188} INFO - [2025-05-24T05:00:53.845+0530] {dag.py:3096} INFO - Sync 1 DAGs
[2025-05-24T05:00:53.859+0530] {logging_mixin.py:188} INFO - [2025-05-24T05:00:53.859+0530] {dag.py:3954} INFO - Setting next_dagrun for example_xcom to 2021-01-01 00:00:00+00:00, run_after=2021-01-01 00:00:00+00:00
[2025-05-24T05:00:53.874+0530] {processor.py:183} INFO - Processing /Library/Frameworks/Python.framework/Versions/3.12/lib/python3.12/site-packages/airflow/example_dags/example_xcom.py took 0.200 seconds
[2025-05-24T05:02:46.881+0530] {processor.py:161} INFO - Started process (PID=17929) to work on /Library/Frameworks/Python.framework/Versions/3.12/lib/python3.12/site-packages/airflow/example_dags/example_xcom.py
[2025-05-24T05:02:46.883+0530] {processor.py:830} INFO - Processing file /Library/Frameworks/Python.framework/Versions/3.12/lib/python3.12/site-packages/airflow/example_dags/example_xcom.py for tasks to queue
[2025-05-24T05:02:46.884+0530] {logging_mixin.py:188} INFO - [2025-05-24T05:02:46.883+0530] {dagbag.py:540} INFO - Filling up the DagBag from /Library/Frameworks/Python.framework/Versions/3.12/lib/python3.12/site-packages/airflow/example_dags/example_xcom.py
[2025-05-24T05:02:46.916+0530] {processor.py:840} INFO - DAG(s) 'example_xcom' retrieved from /Library/Frameworks/Python.framework/Versions/3.12/lib/python3.12/site-packages/airflow/example_dags/example_xcom.py
[2025-05-24T05:02:47.048+0530] {logging_mixin.py:188} INFO - [2025-05-24T05:02:47.047+0530] {dag.py:3096} INFO - Sync 1 DAGs
[2025-05-24T05:02:47.061+0530] {logging_mixin.py:188} INFO - [2025-05-24T05:02:47.061+0530] {dag.py:3954} INFO - Setting next_dagrun for example_xcom to 2021-01-01 00:00:00+00:00, run_after=2021-01-01 00:00:00+00:00
[2025-05-24T05:02:47.080+0530] {processor.py:183} INFO - Processing /Library/Frameworks/Python.framework/Versions/3.12/lib/python3.12/site-packages/airflow/example_dags/example_xcom.py took 0.202 seconds
[2025-05-24T05:04:39.931+0530] {processor.py:161} INFO - Started process (PID=17983) to work on /Library/Frameworks/Python.framework/Versions/3.12/lib/python3.12/site-packages/airflow/example_dags/example_xcom.py
[2025-05-24T05:04:39.932+0530] {processor.py:830} INFO - Processing file /Library/Frameworks/Python.framework/Versions/3.12/lib/python3.12/site-packages/airflow/example_dags/example_xcom.py for tasks to queue
[2025-05-24T05:04:39.933+0530] {logging_mixin.py:188} INFO - [2025-05-24T05:04:39.933+0530] {dagbag.py:540} INFO - Filling up the DagBag from /Library/Frameworks/Python.framework/Versions/3.12/lib/python3.12/site-packages/airflow/example_dags/example_xcom.py
[2025-05-24T05:04:39.965+0530] {processor.py:840} INFO - DAG(s) 'example_xcom' retrieved from /Library/Frameworks/Python.framework/Versions/3.12/lib/python3.12/site-packages/airflow/example_dags/example_xcom.py
[2025-05-24T05:04:40.096+0530] {logging_mixin.py:188} INFO - [2025-05-24T05:04:40.096+0530] {dag.py:3096} INFO - Sync 1 DAGs
[2025-05-24T05:04:40.110+0530] {logging_mixin.py:188} INFO - [2025-05-24T05:04:40.110+0530] {dag.py:3954} INFO - Setting next_dagrun for example_xcom to 2021-01-01 00:00:00+00:00, run_after=2021-01-01 00:00:00+00:00
[2025-05-24T05:04:40.129+0530] {processor.py:183} INFO - Processing /Library/Frameworks/Python.framework/Versions/3.12/lib/python3.12/site-packages/airflow/example_dags/example_xcom.py took 0.202 seconds
[2025-05-24T05:06:33.205+0530] {processor.py:161} INFO - Started process (PID=18034) to work on /Library/Frameworks/Python.framework/Versions/3.12/lib/python3.12/site-packages/airflow/example_dags/example_xcom.py
[2025-05-24T05:06:33.207+0530] {processor.py:830} INFO - Processing file /Library/Frameworks/Python.framework/Versions/3.12/lib/python3.12/site-packages/airflow/example_dags/example_xcom.py for tasks to queue
[2025-05-24T05:06:33.208+0530] {logging_mixin.py:188} INFO - [2025-05-24T05:06:33.207+0530] {dagbag.py:540} INFO - Filling up the DagBag from /Library/Frameworks/Python.framework/Versions/3.12/lib/python3.12/site-packages/airflow/example_dags/example_xcom.py
[2025-05-24T05:06:33.239+0530] {processor.py:840} INFO - DAG(s) 'example_xcom' retrieved from /Library/Frameworks/Python.framework/Versions/3.12/lib/python3.12/site-packages/airflow/example_dags/example_xcom.py
[2025-05-24T05:06:33.371+0530] {logging_mixin.py:188} INFO - [2025-05-24T05:06:33.370+0530] {dag.py:3096} INFO - Sync 1 DAGs
[2025-05-24T05:06:33.384+0530] {logging_mixin.py:188} INFO - [2025-05-24T05:06:33.384+0530] {dag.py:3954} INFO - Setting next_dagrun for example_xcom to 2021-01-01 00:00:00+00:00, run_after=2021-01-01 00:00:00+00:00
[2025-05-24T05:06:33.399+0530] {processor.py:183} INFO - Processing /Library/Frameworks/Python.framework/Versions/3.12/lib/python3.12/site-packages/airflow/example_dags/example_xcom.py took 0.197 seconds
[2025-05-24T05:08:21.585+0530] {processor.py:161} INFO - Started process (PID=18085) to work on /Library/Frameworks/Python.framework/Versions/3.12/lib/python3.12/site-packages/airflow/example_dags/example_xcom.py
[2025-05-24T05:08:21.587+0530] {processor.py:830} INFO - Processing file /Library/Frameworks/Python.framework/Versions/3.12/lib/python3.12/site-packages/airflow/example_dags/example_xcom.py for tasks to queue
[2025-05-24T05:08:21.587+0530] {logging_mixin.py:188} INFO - [2025-05-24T05:08:21.587+0530] {dagbag.py:540} INFO - Filling up the DagBag from /Library/Frameworks/Python.framework/Versions/3.12/lib/python3.12/site-packages/airflow/example_dags/example_xcom.py
[2025-05-24T05:08:21.622+0530] {processor.py:840} INFO - DAG(s) 'example_xcom' retrieved from /Library/Frameworks/Python.framework/Versions/3.12/lib/python3.12/site-packages/airflow/example_dags/example_xcom.py
[2025-05-24T05:08:21.756+0530] {logging_mixin.py:188} INFO - [2025-05-24T05:08:21.755+0530] {dag.py:3096} INFO - Sync 1 DAGs
[2025-05-24T05:08:21.769+0530] {logging_mixin.py:188} INFO - [2025-05-24T05:08:21.769+0530] {dag.py:3954} INFO - Setting next_dagrun for example_xcom to 2021-01-01 00:00:00+00:00, run_after=2021-01-01 00:00:00+00:00
[2025-05-24T05:08:21.788+0530] {processor.py:183} INFO - Processing /Library/Frameworks/Python.framework/Versions/3.12/lib/python3.12/site-packages/airflow/example_dags/example_xcom.py took 0.207 seconds
[2025-05-24T05:12:51.314+0530] {processor.py:161} INFO - Started process (PID=18151) to work on /Library/Frameworks/Python.framework/Versions/3.12/lib/python3.12/site-packages/airflow/example_dags/example_xcom.py
[2025-05-24T05:12:51.315+0530] {processor.py:830} INFO - Processing file /Library/Frameworks/Python.framework/Versions/3.12/lib/python3.12/site-packages/airflow/example_dags/example_xcom.py for tasks to queue
[2025-05-24T05:12:51.316+0530] {logging_mixin.py:188} INFO - [2025-05-24T05:12:51.316+0530] {dagbag.py:540} INFO - Filling up the DagBag from /Library/Frameworks/Python.framework/Versions/3.12/lib/python3.12/site-packages/airflow/example_dags/example_xcom.py
[2025-05-24T05:12:51.357+0530] {processor.py:840} INFO - DAG(s) 'example_xcom' retrieved from /Library/Frameworks/Python.framework/Versions/3.12/lib/python3.12/site-packages/airflow/example_dags/example_xcom.py
[2025-05-24T05:12:51.515+0530] {logging_mixin.py:188} INFO - [2025-05-24T05:12:51.515+0530] {dag.py:3096} INFO - Sync 1 DAGs
[2025-05-24T05:12:51.533+0530] {logging_mixin.py:188} INFO - [2025-05-24T05:12:51.533+0530] {dag.py:3954} INFO - Setting next_dagrun for example_xcom to 2021-01-01 00:00:00+00:00, run_after=2021-01-01 00:00:00+00:00
[2025-05-24T05:12:51.550+0530] {processor.py:183} INFO - Processing /Library/Frameworks/Python.framework/Versions/3.12/lib/python3.12/site-packages/airflow/example_dags/example_xcom.py took 0.240 seconds
