[2025-05-24T04:23:58.583+0530] {processor.py:161} INFO - Started process (PID=15671) to work on /Library/Frameworks/Python.framework/Versions/3.12/lib/python3.12/site-packages/airflow/example_dags/example_kubernetes_executor.py
[2025-05-24T04:23:58.584+0530] {processor.py:830} INFO - Processing file /Library/Frameworks/Python.framework/Versions/3.12/lib/python3.12/site-packages/airflow/example_dags/example_kubernetes_executor.py for tasks to queue
[2025-05-24T04:23:58.586+0530] {logging_mixin.py:188} INFO - [2025-05-24T04:23:58.585+0530] {dagbag.py:540} INFO - Filling up the DagBag from /Library/Frameworks/Python.framework/Versions/3.12/lib/python3.12/site-packages/airflow/example_dags/example_kubernetes_executor.py
[2025-05-24T04:23:58.620+0530] {logging_mixin.py:188} INFO - [2025-05-24T04:23:58.620+0530] {example_kubernetes_executor.py:39} WARNING - The example_kubernetes_executor example DAG requires the kubernetes provider. Please install it with: pip install apache-airflow[cncf.kubernetes]
[2025-05-24T04:23:58.621+0530] {processor.py:842} WARNING - No viable dags retrieved from /Library/Frameworks/Python.framework/Versions/3.12/lib/python3.12/site-packages/airflow/example_dags/example_kubernetes_executor.py
[2025-05-24T04:23:58.742+0530] {processor.py:183} INFO - Processing /Library/Frameworks/Python.framework/Versions/3.12/lib/python3.12/site-packages/airflow/example_dags/example_kubernetes_executor.py took 0.163 seconds
[2025-05-24T04:26:33.251+0530] {processor.py:161} INFO - Started process (PID=15774) to work on /Library/Frameworks/Python.framework/Versions/3.12/lib/python3.12/site-packages/airflow/example_dags/example_kubernetes_executor.py
[2025-05-24T04:26:33.251+0530] {processor.py:830} INFO - Processing file /Library/Frameworks/Python.framework/Versions/3.12/lib/python3.12/site-packages/airflow/example_dags/example_kubernetes_executor.py for tasks to queue
[2025-05-24T04:26:33.252+0530] {logging_mixin.py:188} INFO - [2025-05-24T04:26:33.252+0530] {dagbag.py:540} INFO - Filling up the DagBag from /Library/Frameworks/Python.framework/Versions/3.12/lib/python3.12/site-packages/airflow/example_dags/example_kubernetes_executor.py
[2025-05-24T04:26:33.286+0530] {logging_mixin.py:188} INFO - [2025-05-24T04:26:33.286+0530] {example_kubernetes_executor.py:39} WARNING - The example_kubernetes_executor example DAG requires the kubernetes provider. Please install it with: pip install apache-airflow[cncf.kubernetes]
[2025-05-24T04:26:33.286+0530] {processor.py:842} WARNING - No viable dags retrieved from /Library/Frameworks/Python.framework/Versions/3.12/lib/python3.12/site-packages/airflow/example_dags/example_kubernetes_executor.py
[2025-05-24T04:26:33.400+0530] {processor.py:183} INFO - Processing /Library/Frameworks/Python.framework/Versions/3.12/lib/python3.12/site-packages/airflow/example_dags/example_kubernetes_executor.py took 0.154 seconds
[2025-05-24T04:30:22.996+0530] {processor.py:161} INFO - Started process (PID=15894) to work on /Library/Frameworks/Python.framework/Versions/3.12/lib/python3.12/site-packages/airflow/example_dags/example_kubernetes_executor.py
[2025-05-24T04:30:22.997+0530] {processor.py:830} INFO - Processing file /Library/Frameworks/Python.framework/Versions/3.12/lib/python3.12/site-packages/airflow/example_dags/example_kubernetes_executor.py for tasks to queue
[2025-05-24T04:30:22.998+0530] {logging_mixin.py:188} INFO - [2025-05-24T04:30:22.997+0530] {dagbag.py:540} INFO - Filling up the DagBag from /Library/Frameworks/Python.framework/Versions/3.12/lib/python3.12/site-packages/airflow/example_dags/example_kubernetes_executor.py
[2025-05-24T04:30:23.031+0530] {logging_mixin.py:188} INFO - [2025-05-24T04:30:23.031+0530] {example_kubernetes_executor.py:39} WARNING - The example_kubernetes_executor example DAG requires the kubernetes provider. Please install it with: pip install apache-airflow[cncf.kubernetes]
[2025-05-24T04:30:23.032+0530] {processor.py:842} WARNING - No viable dags retrieved from /Library/Frameworks/Python.framework/Versions/3.12/lib/python3.12/site-packages/airflow/example_dags/example_kubernetes_executor.py
[2025-05-24T04:30:23.147+0530] {processor.py:183} INFO - Processing /Library/Frameworks/Python.framework/Versions/3.12/lib/python3.12/site-packages/airflow/example_dags/example_kubernetes_executor.py took 0.155 seconds
[2025-05-24T04:34:20.095+0530] {processor.py:161} INFO - Started process (PID=16029) to work on /Library/Frameworks/Python.framework/Versions/3.12/lib/python3.12/site-packages/airflow/example_dags/example_kubernetes_executor.py
[2025-05-24T04:34:20.096+0530] {processor.py:830} INFO - Processing file /Library/Frameworks/Python.framework/Versions/3.12/lib/python3.12/site-packages/airflow/example_dags/example_kubernetes_executor.py for tasks to queue
[2025-05-24T04:34:20.097+0530] {logging_mixin.py:188} INFO - [2025-05-24T04:34:20.097+0530] {dagbag.py:540} INFO - Filling up the DagBag from /Library/Frameworks/Python.framework/Versions/3.12/lib/python3.12/site-packages/airflow/example_dags/example_kubernetes_executor.py
[2025-05-24T04:34:20.132+0530] {logging_mixin.py:188} INFO - [2025-05-24T04:34:20.132+0530] {example_kubernetes_executor.py:39} WARNING - The example_kubernetes_executor example DAG requires the kubernetes provider. Please install it with: pip install apache-airflow[cncf.kubernetes]
[2025-05-24T04:34:20.132+0530] {processor.py:842} WARNING - No viable dags retrieved from /Library/Frameworks/Python.framework/Versions/3.12/lib/python3.12/site-packages/airflow/example_dags/example_kubernetes_executor.py
[2025-05-24T04:34:20.254+0530] {processor.py:183} INFO - Processing /Library/Frameworks/Python.framework/Versions/3.12/lib/python3.12/site-packages/airflow/example_dags/example_kubernetes_executor.py took 0.162 seconds
[2025-05-24T04:38:25.155+0530] {processor.py:161} INFO - Started process (PID=16180) to work on /Library/Frameworks/Python.framework/Versions/3.12/lib/python3.12/site-packages/airflow/example_dags/example_kubernetes_executor.py
[2025-05-24T04:38:25.156+0530] {processor.py:830} INFO - Processing file /Library/Frameworks/Python.framework/Versions/3.12/lib/python3.12/site-packages/airflow/example_dags/example_kubernetes_executor.py for tasks to queue
[2025-05-24T04:38:25.157+0530] {logging_mixin.py:188} INFO - [2025-05-24T04:38:25.157+0530] {dagbag.py:540} INFO - Filling up the DagBag from /Library/Frameworks/Python.framework/Versions/3.12/lib/python3.12/site-packages/airflow/example_dags/example_kubernetes_executor.py
[2025-05-24T04:38:25.191+0530] {logging_mixin.py:188} INFO - [2025-05-24T04:38:25.191+0530] {example_kubernetes_executor.py:39} WARNING - The example_kubernetes_executor example DAG requires the kubernetes provider. Please install it with: pip install apache-airflow[cncf.kubernetes]
[2025-05-24T04:38:25.191+0530] {processor.py:842} WARNING - No viable dags retrieved from /Library/Frameworks/Python.framework/Versions/3.12/lib/python3.12/site-packages/airflow/example_dags/example_kubernetes_executor.py
[2025-05-24T04:38:25.313+0530] {processor.py:183} INFO - Processing /Library/Frameworks/Python.framework/Versions/3.12/lib/python3.12/site-packages/airflow/example_dags/example_kubernetes_executor.py took 0.161 seconds
[2025-05-24T04:42:33.951+0530] {processor.py:161} INFO - Started process (PID=16331) to work on /Library/Frameworks/Python.framework/Versions/3.12/lib/python3.12/site-packages/airflow/example_dags/example_kubernetes_executor.py
[2025-05-24T04:42:33.952+0530] {processor.py:830} INFO - Processing file /Library/Frameworks/Python.framework/Versions/3.12/lib/python3.12/site-packages/airflow/example_dags/example_kubernetes_executor.py for tasks to queue
[2025-05-24T04:42:33.953+0530] {logging_mixin.py:188} INFO - [2025-05-24T04:42:33.953+0530] {dagbag.py:540} INFO - Filling up the DagBag from /Library/Frameworks/Python.framework/Versions/3.12/lib/python3.12/site-packages/airflow/example_dags/example_kubernetes_executor.py
[2025-05-24T04:42:33.987+0530] {logging_mixin.py:188} INFO - [2025-05-24T04:42:33.987+0530] {example_kubernetes_executor.py:39} WARNING - The example_kubernetes_executor example DAG requires the kubernetes provider. Please install it with: pip install apache-airflow[cncf.kubernetes]
[2025-05-24T04:42:33.987+0530] {processor.py:842} WARNING - No viable dags retrieved from /Library/Frameworks/Python.framework/Versions/3.12/lib/python3.12/site-packages/airflow/example_dags/example_kubernetes_executor.py
[2025-05-24T04:42:34.102+0530] {processor.py:183} INFO - Processing /Library/Frameworks/Python.framework/Versions/3.12/lib/python3.12/site-packages/airflow/example_dags/example_kubernetes_executor.py took 0.155 seconds
[2025-05-24T04:46:31.806+0530] {processor.py:161} INFO - Started process (PID=17349) to work on /Library/Frameworks/Python.framework/Versions/3.12/lib/python3.12/site-packages/airflow/example_dags/example_kubernetes_executor.py
[2025-05-24T04:46:31.808+0530] {processor.py:830} INFO - Processing file /Library/Frameworks/Python.framework/Versions/3.12/lib/python3.12/site-packages/airflow/example_dags/example_kubernetes_executor.py for tasks to queue
[2025-05-24T04:46:31.808+0530] {logging_mixin.py:188} INFO - [2025-05-24T04:46:31.808+0530] {dagbag.py:540} INFO - Filling up the DagBag from /Library/Frameworks/Python.framework/Versions/3.12/lib/python3.12/site-packages/airflow/example_dags/example_kubernetes_executor.py
[2025-05-24T04:46:31.842+0530] {logging_mixin.py:188} INFO - [2025-05-24T04:46:31.841+0530] {example_kubernetes_executor.py:39} WARNING - The example_kubernetes_executor example DAG requires the kubernetes provider. Please install it with: pip install apache-airflow[cncf.kubernetes]
[2025-05-24T04:46:31.842+0530] {processor.py:842} WARNING - No viable dags retrieved from /Library/Frameworks/Python.framework/Versions/3.12/lib/python3.12/site-packages/airflow/example_dags/example_kubernetes_executor.py
[2025-05-24T04:46:31.958+0530] {processor.py:183} INFO - Processing /Library/Frameworks/Python.framework/Versions/3.12/lib/python3.12/site-packages/airflow/example_dags/example_kubernetes_executor.py took 0.155 seconds
[2025-05-24T04:50:31.347+0530] {processor.py:161} INFO - Started process (PID=17493) to work on /Library/Frameworks/Python.framework/Versions/3.12/lib/python3.12/site-packages/airflow/example_dags/example_kubernetes_executor.py
[2025-05-24T04:50:31.349+0530] {processor.py:830} INFO - Processing file /Library/Frameworks/Python.framework/Versions/3.12/lib/python3.12/site-packages/airflow/example_dags/example_kubernetes_executor.py for tasks to queue
[2025-05-24T04:50:31.350+0530] {logging_mixin.py:188} INFO - [2025-05-24T04:50:31.350+0530] {dagbag.py:540} INFO - Filling up the DagBag from /Library/Frameworks/Python.framework/Versions/3.12/lib/python3.12/site-packages/airflow/example_dags/example_kubernetes_executor.py
[2025-05-24T04:50:31.383+0530] {logging_mixin.py:188} INFO - [2025-05-24T04:50:31.383+0530] {example_kubernetes_executor.py:39} WARNING - The example_kubernetes_executor example DAG requires the kubernetes provider. Please install it with: pip install apache-airflow[cncf.kubernetes]
[2025-05-24T04:50:31.384+0530] {processor.py:842} WARNING - No viable dags retrieved from /Library/Frameworks/Python.framework/Versions/3.12/lib/python3.12/site-packages/airflow/example_dags/example_kubernetes_executor.py
[2025-05-24T04:50:31.497+0530] {processor.py:183} INFO - Processing /Library/Frameworks/Python.framework/Versions/3.12/lib/python3.12/site-packages/airflow/example_dags/example_kubernetes_executor.py took 0.154 seconds
[2025-05-24T04:54:18.298+0530] {processor.py:161} INFO - Started process (PID=17641) to work on /Library/Frameworks/Python.framework/Versions/3.12/lib/python3.12/site-packages/airflow/example_dags/example_kubernetes_executor.py
[2025-05-24T04:54:18.299+0530] {processor.py:830} INFO - Processing file /Library/Frameworks/Python.framework/Versions/3.12/lib/python3.12/site-packages/airflow/example_dags/example_kubernetes_executor.py for tasks to queue
[2025-05-24T04:54:18.300+0530] {logging_mixin.py:188} INFO - [2025-05-24T04:54:18.299+0530] {dagbag.py:540} INFO - Filling up the DagBag from /Library/Frameworks/Python.framework/Versions/3.12/lib/python3.12/site-packages/airflow/example_dags/example_kubernetes_executor.py
[2025-05-24T04:54:18.335+0530] {logging_mixin.py:188} INFO - [2025-05-24T04:54:18.334+0530] {example_kubernetes_executor.py:39} WARNING - The example_kubernetes_executor example DAG requires the kubernetes provider. Please install it with: pip install apache-airflow[cncf.kubernetes]
[2025-05-24T04:54:18.335+0530] {processor.py:842} WARNING - No viable dags retrieved from /Library/Frameworks/Python.framework/Versions/3.12/lib/python3.12/site-packages/airflow/example_dags/example_kubernetes_executor.py
[2025-05-24T04:54:18.465+0530] {processor.py:183} INFO - Processing /Library/Frameworks/Python.framework/Versions/3.12/lib/python3.12/site-packages/airflow/example_dags/example_kubernetes_executor.py took 0.170 seconds
[2025-05-24T04:58:07.502+0530] {processor.py:161} INFO - Started process (PID=17758) to work on /Library/Frameworks/Python.framework/Versions/3.12/lib/python3.12/site-packages/airflow/example_dags/example_kubernetes_executor.py
[2025-05-24T04:58:07.504+0530] {processor.py:830} INFO - Processing file /Library/Frameworks/Python.framework/Versions/3.12/lib/python3.12/site-packages/airflow/example_dags/example_kubernetes_executor.py for tasks to queue
[2025-05-24T04:58:07.505+0530] {logging_mixin.py:188} INFO - [2025-05-24T04:58:07.505+0530] {dagbag.py:540} INFO - Filling up the DagBag from /Library/Frameworks/Python.framework/Versions/3.12/lib/python3.12/site-packages/airflow/example_dags/example_kubernetes_executor.py
[2025-05-24T04:58:07.536+0530] {logging_mixin.py:188} INFO - [2025-05-24T04:58:07.535+0530] {example_kubernetes_executor.py:39} WARNING - The example_kubernetes_executor example DAG requires the kubernetes provider. Please install it with: pip install apache-airflow[cncf.kubernetes]
[2025-05-24T04:58:07.536+0530] {processor.py:842} WARNING - No viable dags retrieved from /Library/Frameworks/Python.framework/Versions/3.12/lib/python3.12/site-packages/airflow/example_dags/example_kubernetes_executor.py
[2025-05-24T04:58:07.642+0530] {processor.py:183} INFO - Processing /Library/Frameworks/Python.framework/Versions/3.12/lib/python3.12/site-packages/airflow/example_dags/example_kubernetes_executor.py took 0.143 seconds
[2025-05-24T05:01:54.469+0530] {processor.py:161} INFO - Started process (PID=17890) to work on /Library/Frameworks/Python.framework/Versions/3.12/lib/python3.12/site-packages/airflow/example_dags/example_kubernetes_executor.py
[2025-05-24T05:01:54.471+0530] {processor.py:830} INFO - Processing file /Library/Frameworks/Python.framework/Versions/3.12/lib/python3.12/site-packages/airflow/example_dags/example_kubernetes_executor.py for tasks to queue
[2025-05-24T05:01:54.472+0530] {logging_mixin.py:188} INFO - [2025-05-24T05:01:54.472+0530] {dagbag.py:540} INFO - Filling up the DagBag from /Library/Frameworks/Python.framework/Versions/3.12/lib/python3.12/site-packages/airflow/example_dags/example_kubernetes_executor.py
[2025-05-24T05:01:54.501+0530] {logging_mixin.py:188} INFO - [2025-05-24T05:01:54.501+0530] {example_kubernetes_executor.py:39} WARNING - The example_kubernetes_executor example DAG requires the kubernetes provider. Please install it with: pip install apache-airflow[cncf.kubernetes]
[2025-05-24T05:01:54.502+0530] {processor.py:842} WARNING - No viable dags retrieved from /Library/Frameworks/Python.framework/Versions/3.12/lib/python3.12/site-packages/airflow/example_dags/example_kubernetes_executor.py
[2025-05-24T05:01:54.603+0530] {processor.py:183} INFO - Processing /Library/Frameworks/Python.framework/Versions/3.12/lib/python3.12/site-packages/airflow/example_dags/example_kubernetes_executor.py took 0.137 seconds
[2025-05-24T05:05:40.760+0530] {processor.py:161} INFO - Started process (PID=18011) to work on /Library/Frameworks/Python.framework/Versions/3.12/lib/python3.12/site-packages/airflow/example_dags/example_kubernetes_executor.py
[2025-05-24T05:05:40.761+0530] {processor.py:830} INFO - Processing file /Library/Frameworks/Python.framework/Versions/3.12/lib/python3.12/site-packages/airflow/example_dags/example_kubernetes_executor.py for tasks to queue
[2025-05-24T05:05:40.762+0530] {logging_mixin.py:188} INFO - [2025-05-24T05:05:40.762+0530] {dagbag.py:540} INFO - Filling up the DagBag from /Library/Frameworks/Python.framework/Versions/3.12/lib/python3.12/site-packages/airflow/example_dags/example_kubernetes_executor.py
[2025-05-24T05:05:40.791+0530] {logging_mixin.py:188} INFO - [2025-05-24T05:05:40.791+0530] {example_kubernetes_executor.py:39} WARNING - The example_kubernetes_executor example DAG requires the kubernetes provider. Please install it with: pip install apache-airflow[cncf.kubernetes]
[2025-05-24T05:05:40.791+0530] {processor.py:842} WARNING - No viable dags retrieved from /Library/Frameworks/Python.framework/Versions/3.12/lib/python3.12/site-packages/airflow/example_dags/example_kubernetes_executor.py
[2025-05-24T05:05:40.892+0530] {processor.py:183} INFO - Processing /Library/Frameworks/Python.framework/Versions/3.12/lib/python3.12/site-packages/airflow/example_dags/example_kubernetes_executor.py took 0.135 seconds
[2025-05-24T05:09:30.087+0530] {processor.py:161} INFO - Started process (PID=18116) to work on /Library/Frameworks/Python.framework/Versions/3.12/lib/python3.12/site-packages/airflow/example_dags/example_kubernetes_executor.py
[2025-05-24T05:09:30.091+0530] {processor.py:830} INFO - Processing file /Library/Frameworks/Python.framework/Versions/3.12/lib/python3.12/site-packages/airflow/example_dags/example_kubernetes_executor.py for tasks to queue
[2025-05-24T05:09:30.092+0530] {logging_mixin.py:188} INFO - [2025-05-24T05:09:30.092+0530] {dagbag.py:540} INFO - Filling up the DagBag from /Library/Frameworks/Python.framework/Versions/3.12/lib/python3.12/site-packages/airflow/example_dags/example_kubernetes_executor.py
[2025-05-24T05:09:30.125+0530] {logging_mixin.py:188} INFO - [2025-05-24T05:09:30.125+0530] {example_kubernetes_executor.py:39} WARNING - The example_kubernetes_executor example DAG requires the kubernetes provider. Please install it with: pip install apache-airflow[cncf.kubernetes]
[2025-05-24T05:09:30.125+0530] {processor.py:842} WARNING - No viable dags retrieved from /Library/Frameworks/Python.framework/Versions/3.12/lib/python3.12/site-packages/airflow/example_dags/example_kubernetes_executor.py
[2025-05-24T05:09:30.233+0530] {processor.py:183} INFO - Processing /Library/Frameworks/Python.framework/Versions/3.12/lib/python3.12/site-packages/airflow/example_dags/example_kubernetes_executor.py took 0.149 seconds
