[2025-05-24T04:22:53.184+0530] {processor.py:161} INFO - Started process (PID=15635) to work on /Library/Frameworks/Python.framework/Versions/3.12/lib/python3.12/site-packages/airflow/example_dags/example_trigger_controller_dag.py
[2025-05-24T04:22:53.185+0530] {processor.py:830} INFO - Processing file /Library/Frameworks/Python.framework/Versions/3.12/lib/python3.12/site-packages/airflow/example_dags/example_trigger_controller_dag.py for tasks to queue
[2025-05-24T04:22:53.186+0530] {logging_mixin.py:188} INFO - [2025-05-24T04:22:53.186+0530] {dagbag.py:540} INFO - Filling up the DagBag from /Library/Frameworks/Python.framework/Versions/3.12/lib/python3.12/site-packages/airflow/example_dags/example_trigger_controller_dag.py
[2025-05-24T04:22:53.198+0530] {processor.py:840} INFO - DAG(s) 'example_trigger_controller_dag' retrieved from /Library/Frameworks/Python.framework/Versions/3.12/lib/python3.12/site-packages/airflow/example_dags/example_trigger_controller_dag.py
[2025-05-24T04:22:53.427+0530] {logging_mixin.py:188} INFO - [2025-05-24T04:22:53.427+0530] {dag.py:3096} INFO - Sync 1 DAGs
[2025-05-24T04:22:53.440+0530] {logging_mixin.py:188} INFO - [2025-05-24T04:22:53.439+0530] {dag.py:3954} INFO - Setting next_dagrun for example_trigger_controller_dag to 2021-01-01 00:00:00+00:00, run_after=2021-01-01 00:00:00+00:00
[2025-05-24T04:22:53.458+0530] {processor.py:183} INFO - Processing /Library/Frameworks/Python.framework/Versions/3.12/lib/python3.12/site-packages/airflow/example_dags/example_trigger_controller_dag.py took 0.278 seconds
[2025-05-24T04:25:32.346+0530] {processor.py:161} INFO - Started process (PID=15746) to work on /Library/Frameworks/Python.framework/Versions/3.12/lib/python3.12/site-packages/airflow/example_dags/example_trigger_controller_dag.py
[2025-05-24T04:25:32.347+0530] {processor.py:830} INFO - Processing file /Library/Frameworks/Python.framework/Versions/3.12/lib/python3.12/site-packages/airflow/example_dags/example_trigger_controller_dag.py for tasks to queue
[2025-05-24T04:25:32.348+0530] {logging_mixin.py:188} INFO - [2025-05-24T04:25:32.347+0530] {dagbag.py:540} INFO - Filling up the DagBag from /Library/Frameworks/Python.framework/Versions/3.12/lib/python3.12/site-packages/airflow/example_dags/example_trigger_controller_dag.py
[2025-05-24T04:25:32.359+0530] {processor.py:840} INFO - DAG(s) 'example_trigger_controller_dag' retrieved from /Library/Frameworks/Python.framework/Versions/3.12/lib/python3.12/site-packages/airflow/example_dags/example_trigger_controller_dag.py
[2025-05-24T04:25:32.492+0530] {logging_mixin.py:188} INFO - [2025-05-24T04:25:32.491+0530] {dag.py:3096} INFO - Sync 1 DAGs
[2025-05-24T04:25:32.509+0530] {logging_mixin.py:188} INFO - [2025-05-24T04:25:32.509+0530] {dag.py:3954} INFO - Setting next_dagrun for example_trigger_controller_dag to 2021-01-01 00:00:00+00:00, run_after=2021-01-01 00:00:00+00:00
[2025-05-24T04:25:32.527+0530] {processor.py:183} INFO - Processing /Library/Frameworks/Python.framework/Versions/3.12/lib/python3.12/site-packages/airflow/example_dags/example_trigger_controller_dag.py took 0.184 seconds
[2025-05-24T04:27:28.456+0530] {processor.py:161} INFO - Started process (PID=15802) to work on /Library/Frameworks/Python.framework/Versions/3.12/lib/python3.12/site-packages/airflow/example_dags/example_trigger_controller_dag.py
[2025-05-24T04:27:28.457+0530] {processor.py:830} INFO - Processing file /Library/Frameworks/Python.framework/Versions/3.12/lib/python3.12/site-packages/airflow/example_dags/example_trigger_controller_dag.py for tasks to queue
[2025-05-24T04:27:28.458+0530] {logging_mixin.py:188} INFO - [2025-05-24T04:27:28.457+0530] {dagbag.py:540} INFO - Filling up the DagBag from /Library/Frameworks/Python.framework/Versions/3.12/lib/python3.12/site-packages/airflow/example_dags/example_trigger_controller_dag.py
[2025-05-24T04:27:28.469+0530] {processor.py:840} INFO - DAG(s) 'example_trigger_controller_dag' retrieved from /Library/Frameworks/Python.framework/Versions/3.12/lib/python3.12/site-packages/airflow/example_dags/example_trigger_controller_dag.py
[2025-05-24T04:27:28.598+0530] {logging_mixin.py:188} INFO - [2025-05-24T04:27:28.597+0530] {dag.py:3096} INFO - Sync 1 DAGs
[2025-05-24T04:27:28.615+0530] {logging_mixin.py:188} INFO - [2025-05-24T04:27:28.615+0530] {dag.py:3954} INFO - Setting next_dagrun for example_trigger_controller_dag to 2021-01-01 00:00:00+00:00, run_after=2021-01-01 00:00:00+00:00
[2025-05-24T04:27:28.633+0530] {processor.py:183} INFO - Processing /Library/Frameworks/Python.framework/Versions/3.12/lib/python3.12/site-packages/airflow/example_dags/example_trigger_controller_dag.py took 0.181 seconds
[2025-05-24T04:29:22.325+0530] {processor.py:161} INFO - Started process (PID=15848) to work on /Library/Frameworks/Python.framework/Versions/3.12/lib/python3.12/site-packages/airflow/example_dags/example_trigger_controller_dag.py
[2025-05-24T04:29:22.326+0530] {processor.py:830} INFO - Processing file /Library/Frameworks/Python.framework/Versions/3.12/lib/python3.12/site-packages/airflow/example_dags/example_trigger_controller_dag.py for tasks to queue
[2025-05-24T04:29:22.327+0530] {logging_mixin.py:188} INFO - [2025-05-24T04:29:22.327+0530] {dagbag.py:540} INFO - Filling up the DagBag from /Library/Frameworks/Python.framework/Versions/3.12/lib/python3.12/site-packages/airflow/example_dags/example_trigger_controller_dag.py
[2025-05-24T04:29:22.339+0530] {processor.py:840} INFO - DAG(s) 'example_trigger_controller_dag' retrieved from /Library/Frameworks/Python.framework/Versions/3.12/lib/python3.12/site-packages/airflow/example_dags/example_trigger_controller_dag.py
[2025-05-24T04:29:22.467+0530] {logging_mixin.py:188} INFO - [2025-05-24T04:29:22.467+0530] {dag.py:3096} INFO - Sync 1 DAGs
[2025-05-24T04:29:22.485+0530] {logging_mixin.py:188} INFO - [2025-05-24T04:29:22.485+0530] {dag.py:3954} INFO - Setting next_dagrun for example_trigger_controller_dag to 2021-01-01 00:00:00+00:00, run_after=2021-01-01 00:00:00+00:00
[2025-05-24T04:29:22.503+0530] {processor.py:183} INFO - Processing /Library/Frameworks/Python.framework/Versions/3.12/lib/python3.12/site-packages/airflow/example_dags/example_trigger_controller_dag.py took 0.184 seconds
[2025-05-24T04:31:19.357+0530] {processor.py:161} INFO - Started process (PID=15926) to work on /Library/Frameworks/Python.framework/Versions/3.12/lib/python3.12/site-packages/airflow/example_dags/example_trigger_controller_dag.py
[2025-05-24T04:31:19.358+0530] {processor.py:830} INFO - Processing file /Library/Frameworks/Python.framework/Versions/3.12/lib/python3.12/site-packages/airflow/example_dags/example_trigger_controller_dag.py for tasks to queue
[2025-05-24T04:31:19.359+0530] {logging_mixin.py:188} INFO - [2025-05-24T04:31:19.359+0530] {dagbag.py:540} INFO - Filling up the DagBag from /Library/Frameworks/Python.framework/Versions/3.12/lib/python3.12/site-packages/airflow/example_dags/example_trigger_controller_dag.py
[2025-05-24T04:31:19.370+0530] {processor.py:840} INFO - DAG(s) 'example_trigger_controller_dag' retrieved from /Library/Frameworks/Python.framework/Versions/3.12/lib/python3.12/site-packages/airflow/example_dags/example_trigger_controller_dag.py
[2025-05-24T04:31:19.500+0530] {logging_mixin.py:188} INFO - [2025-05-24T04:31:19.499+0530] {dag.py:3096} INFO - Sync 1 DAGs
[2025-05-24T04:31:19.517+0530] {logging_mixin.py:188} INFO - [2025-05-24T04:31:19.517+0530] {dag.py:3954} INFO - Setting next_dagrun for example_trigger_controller_dag to 2021-01-01 00:00:00+00:00, run_after=2021-01-01 00:00:00+00:00
[2025-05-24T04:31:19.536+0530] {processor.py:183} INFO - Processing /Library/Frameworks/Python.framework/Versions/3.12/lib/python3.12/site-packages/airflow/example_dags/example_trigger_controller_dag.py took 0.183 seconds
[2025-05-24T04:33:18.556+0530] {processor.py:161} INFO - Started process (PID=15994) to work on /Library/Frameworks/Python.framework/Versions/3.12/lib/python3.12/site-packages/airflow/example_dags/example_trigger_controller_dag.py
[2025-05-24T04:33:18.558+0530] {processor.py:830} INFO - Processing file /Library/Frameworks/Python.framework/Versions/3.12/lib/python3.12/site-packages/airflow/example_dags/example_trigger_controller_dag.py for tasks to queue
[2025-05-24T04:33:18.559+0530] {logging_mixin.py:188} INFO - [2025-05-24T04:33:18.559+0530] {dagbag.py:540} INFO - Filling up the DagBag from /Library/Frameworks/Python.framework/Versions/3.12/lib/python3.12/site-packages/airflow/example_dags/example_trigger_controller_dag.py
[2025-05-24T04:33:18.570+0530] {processor.py:840} INFO - DAG(s) 'example_trigger_controller_dag' retrieved from /Library/Frameworks/Python.framework/Versions/3.12/lib/python3.12/site-packages/airflow/example_dags/example_trigger_controller_dag.py
[2025-05-24T04:33:18.711+0530] {logging_mixin.py:188} INFO - [2025-05-24T04:33:18.711+0530] {dag.py:3096} INFO - Sync 1 DAGs
[2025-05-24T04:33:18.729+0530] {logging_mixin.py:188} INFO - [2025-05-24T04:33:18.729+0530] {dag.py:3954} INFO - Setting next_dagrun for example_trigger_controller_dag to 2021-01-01 00:00:00+00:00, run_after=2021-01-01 00:00:00+00:00
[2025-05-24T04:33:18.748+0530] {processor.py:183} INFO - Processing /Library/Frameworks/Python.framework/Versions/3.12/lib/python3.12/site-packages/airflow/example_dags/example_trigger_controller_dag.py took 0.196 seconds
[2025-05-24T04:35:24.726+0530] {processor.py:161} INFO - Started process (PID=16074) to work on /Library/Frameworks/Python.framework/Versions/3.12/lib/python3.12/site-packages/airflow/example_dags/example_trigger_controller_dag.py
[2025-05-24T04:35:24.727+0530] {processor.py:830} INFO - Processing file /Library/Frameworks/Python.framework/Versions/3.12/lib/python3.12/site-packages/airflow/example_dags/example_trigger_controller_dag.py for tasks to queue
[2025-05-24T04:35:24.728+0530] {logging_mixin.py:188} INFO - [2025-05-24T04:35:24.728+0530] {dagbag.py:540} INFO - Filling up the DagBag from /Library/Frameworks/Python.framework/Versions/3.12/lib/python3.12/site-packages/airflow/example_dags/example_trigger_controller_dag.py
[2025-05-24T04:35:24.740+0530] {processor.py:840} INFO - DAG(s) 'example_trigger_controller_dag' retrieved from /Library/Frameworks/Python.framework/Versions/3.12/lib/python3.12/site-packages/airflow/example_dags/example_trigger_controller_dag.py
[2025-05-24T04:35:24.881+0530] {logging_mixin.py:188} INFO - [2025-05-24T04:35:24.881+0530] {dag.py:3096} INFO - Sync 1 DAGs
[2025-05-24T04:35:24.899+0530] {logging_mixin.py:188} INFO - [2025-05-24T04:35:24.898+0530] {dag.py:3954} INFO - Setting next_dagrun for example_trigger_controller_dag to 2021-01-01 00:00:00+00:00, run_after=2021-01-01 00:00:00+00:00
[2025-05-24T04:35:24.917+0530] {processor.py:183} INFO - Processing /Library/Frameworks/Python.framework/Versions/3.12/lib/python3.12/site-packages/airflow/example_dags/example_trigger_controller_dag.py took 0.194 seconds
[2025-05-24T04:37:22.949+0530] {processor.py:161} INFO - Started process (PID=16139) to work on /Library/Frameworks/Python.framework/Versions/3.12/lib/python3.12/site-packages/airflow/example_dags/example_trigger_controller_dag.py
[2025-05-24T04:37:22.950+0530] {processor.py:830} INFO - Processing file /Library/Frameworks/Python.framework/Versions/3.12/lib/python3.12/site-packages/airflow/example_dags/example_trigger_controller_dag.py for tasks to queue
[2025-05-24T04:37:22.951+0530] {logging_mixin.py:188} INFO - [2025-05-24T04:37:22.951+0530] {dagbag.py:540} INFO - Filling up the DagBag from /Library/Frameworks/Python.framework/Versions/3.12/lib/python3.12/site-packages/airflow/example_dags/example_trigger_controller_dag.py
[2025-05-24T04:37:22.961+0530] {processor.py:840} INFO - DAG(s) 'example_trigger_controller_dag' retrieved from /Library/Frameworks/Python.framework/Versions/3.12/lib/python3.12/site-packages/airflow/example_dags/example_trigger_controller_dag.py
[2025-05-24T04:37:23.096+0530] {logging_mixin.py:188} INFO - [2025-05-24T04:37:23.095+0530] {dag.py:3096} INFO - Sync 1 DAGs
[2025-05-24T04:37:23.112+0530] {logging_mixin.py:188} INFO - [2025-05-24T04:37:23.112+0530] {dag.py:3954} INFO - Setting next_dagrun for example_trigger_controller_dag to 2021-01-01 00:00:00+00:00, run_after=2021-01-01 00:00:00+00:00
[2025-05-24T04:37:23.129+0530] {processor.py:183} INFO - Processing /Library/Frameworks/Python.framework/Versions/3.12/lib/python3.12/site-packages/airflow/example_dags/example_trigger_controller_dag.py took 0.184 seconds
[2025-05-24T04:39:24.711+0530] {processor.py:161} INFO - Started process (PID=16209) to work on /Library/Frameworks/Python.framework/Versions/3.12/lib/python3.12/site-packages/airflow/example_dags/example_trigger_controller_dag.py
[2025-05-24T04:39:24.712+0530] {processor.py:830} INFO - Processing file /Library/Frameworks/Python.framework/Versions/3.12/lib/python3.12/site-packages/airflow/example_dags/example_trigger_controller_dag.py for tasks to queue
[2025-05-24T04:39:24.712+0530] {logging_mixin.py:188} INFO - [2025-05-24T04:39:24.712+0530] {dagbag.py:540} INFO - Filling up the DagBag from /Library/Frameworks/Python.framework/Versions/3.12/lib/python3.12/site-packages/airflow/example_dags/example_trigger_controller_dag.py
[2025-05-24T04:39:24.723+0530] {processor.py:840} INFO - DAG(s) 'example_trigger_controller_dag' retrieved from /Library/Frameworks/Python.framework/Versions/3.12/lib/python3.12/site-packages/airflow/example_dags/example_trigger_controller_dag.py
[2025-05-24T04:39:24.867+0530] {logging_mixin.py:188} INFO - [2025-05-24T04:39:24.867+0530] {dag.py:3096} INFO - Sync 1 DAGs
[2025-05-24T04:39:24.886+0530] {logging_mixin.py:188} INFO - [2025-05-24T04:39:24.886+0530] {dag.py:3954} INFO - Setting next_dagrun for example_trigger_controller_dag to 2021-01-01 00:00:00+00:00, run_after=2021-01-01 00:00:00+00:00
[2025-05-24T04:39:24.904+0530] {processor.py:183} INFO - Processing /Library/Frameworks/Python.framework/Versions/3.12/lib/python3.12/site-packages/airflow/example_dags/example_trigger_controller_dag.py took 0.197 seconds
[2025-05-24T04:41:36.430+0530] {processor.py:161} INFO - Started process (PID=16303) to work on /Library/Frameworks/Python.framework/Versions/3.12/lib/python3.12/site-packages/airflow/example_dags/example_trigger_controller_dag.py
[2025-05-24T04:41:36.431+0530] {processor.py:830} INFO - Processing file /Library/Frameworks/Python.framework/Versions/3.12/lib/python3.12/site-packages/airflow/example_dags/example_trigger_controller_dag.py for tasks to queue
[2025-05-24T04:41:36.431+0530] {logging_mixin.py:188} INFO - [2025-05-24T04:41:36.431+0530] {dagbag.py:540} INFO - Filling up the DagBag from /Library/Frameworks/Python.framework/Versions/3.12/lib/python3.12/site-packages/airflow/example_dags/example_trigger_controller_dag.py
[2025-05-24T04:41:36.442+0530] {processor.py:840} INFO - DAG(s) 'example_trigger_controller_dag' retrieved from /Library/Frameworks/Python.framework/Versions/3.12/lib/python3.12/site-packages/airflow/example_dags/example_trigger_controller_dag.py
[2025-05-24T04:41:36.620+0530] {logging_mixin.py:188} INFO - [2025-05-24T04:41:36.620+0530] {dag.py:3096} INFO - Sync 1 DAGs
[2025-05-24T04:41:36.638+0530] {logging_mixin.py:188} INFO - [2025-05-24T04:41:36.638+0530] {dag.py:3954} INFO - Setting next_dagrun for example_trigger_controller_dag to 2021-01-01 00:00:00+00:00, run_after=2021-01-01 00:00:00+00:00
[2025-05-24T04:41:36.658+0530] {processor.py:183} INFO - Processing /Library/Frameworks/Python.framework/Versions/3.12/lib/python3.12/site-packages/airflow/example_dags/example_trigger_controller_dag.py took 0.232 seconds
[2025-05-24T04:43:33.301+0530] {processor.py:161} INFO - Started process (PID=16594) to work on /Library/Frameworks/Python.framework/Versions/3.12/lib/python3.12/site-packages/airflow/example_dags/example_trigger_controller_dag.py
[2025-05-24T04:43:33.302+0530] {processor.py:830} INFO - Processing file /Library/Frameworks/Python.framework/Versions/3.12/lib/python3.12/site-packages/airflow/example_dags/example_trigger_controller_dag.py for tasks to queue
[2025-05-24T04:43:33.303+0530] {logging_mixin.py:188} INFO - [2025-05-24T04:43:33.303+0530] {dagbag.py:540} INFO - Filling up the DagBag from /Library/Frameworks/Python.framework/Versions/3.12/lib/python3.12/site-packages/airflow/example_dags/example_trigger_controller_dag.py
[2025-05-24T04:43:33.314+0530] {processor.py:840} INFO - DAG(s) 'example_trigger_controller_dag' retrieved from /Library/Frameworks/Python.framework/Versions/3.12/lib/python3.12/site-packages/airflow/example_dags/example_trigger_controller_dag.py
[2025-05-24T04:43:33.446+0530] {logging_mixin.py:188} INFO - [2025-05-24T04:43:33.446+0530] {dag.py:3096} INFO - Sync 1 DAGs
[2025-05-24T04:43:33.464+0530] {logging_mixin.py:188} INFO - [2025-05-24T04:43:33.464+0530] {dag.py:3954} INFO - Setting next_dagrun for example_trigger_controller_dag to 2021-01-01 00:00:00+00:00, run_after=2021-01-01 00:00:00+00:00
[2025-05-24T04:43:33.482+0530] {processor.py:183} INFO - Processing /Library/Frameworks/Python.framework/Versions/3.12/lib/python3.12/site-packages/airflow/example_dags/example_trigger_controller_dag.py took 0.185 seconds
[2025-05-24T04:45:34.166+0530] {processor.py:161} INFO - Started process (PID=17325) to work on /Library/Frameworks/Python.framework/Versions/3.12/lib/python3.12/site-packages/airflow/example_dags/example_trigger_controller_dag.py
[2025-05-24T04:45:34.167+0530] {processor.py:830} INFO - Processing file /Library/Frameworks/Python.framework/Versions/3.12/lib/python3.12/site-packages/airflow/example_dags/example_trigger_controller_dag.py for tasks to queue
[2025-05-24T04:45:34.167+0530] {logging_mixin.py:188} INFO - [2025-05-24T04:45:34.167+0530] {dagbag.py:540} INFO - Filling up the DagBag from /Library/Frameworks/Python.framework/Versions/3.12/lib/python3.12/site-packages/airflow/example_dags/example_trigger_controller_dag.py
[2025-05-24T04:45:34.178+0530] {processor.py:840} INFO - DAG(s) 'example_trigger_controller_dag' retrieved from /Library/Frameworks/Python.framework/Versions/3.12/lib/python3.12/site-packages/airflow/example_dags/example_trigger_controller_dag.py
[2025-05-24T04:45:34.317+0530] {logging_mixin.py:188} INFO - [2025-05-24T04:45:34.317+0530] {dag.py:3096} INFO - Sync 1 DAGs
[2025-05-24T04:45:34.335+0530] {logging_mixin.py:188} INFO - [2025-05-24T04:45:34.334+0530] {dag.py:3954} INFO - Setting next_dagrun for example_trigger_controller_dag to 2021-01-01 00:00:00+00:00, run_after=2021-01-01 00:00:00+00:00
[2025-05-24T04:45:34.353+0530] {processor.py:183} INFO - Processing /Library/Frameworks/Python.framework/Versions/3.12/lib/python3.12/site-packages/airflow/example_dags/example_trigger_controller_dag.py took 0.190 seconds
[2025-05-24T04:47:29.506+0530] {processor.py:161} INFO - Started process (PID=17381) to work on /Library/Frameworks/Python.framework/Versions/3.12/lib/python3.12/site-packages/airflow/example_dags/example_trigger_controller_dag.py
[2025-05-24T04:47:29.507+0530] {processor.py:830} INFO - Processing file /Library/Frameworks/Python.framework/Versions/3.12/lib/python3.12/site-packages/airflow/example_dags/example_trigger_controller_dag.py for tasks to queue
[2025-05-24T04:47:29.508+0530] {logging_mixin.py:188} INFO - [2025-05-24T04:47:29.507+0530] {dagbag.py:540} INFO - Filling up the DagBag from /Library/Frameworks/Python.framework/Versions/3.12/lib/python3.12/site-packages/airflow/example_dags/example_trigger_controller_dag.py
[2025-05-24T04:47:29.519+0530] {processor.py:840} INFO - DAG(s) 'example_trigger_controller_dag' retrieved from /Library/Frameworks/Python.framework/Versions/3.12/lib/python3.12/site-packages/airflow/example_dags/example_trigger_controller_dag.py
[2025-05-24T04:47:29.648+0530] {logging_mixin.py:188} INFO - [2025-05-24T04:47:29.648+0530] {dag.py:3096} INFO - Sync 1 DAGs
[2025-05-24T04:47:29.666+0530] {logging_mixin.py:188} INFO - [2025-05-24T04:47:29.666+0530] {dag.py:3954} INFO - Setting next_dagrun for example_trigger_controller_dag to 2021-01-01 00:00:00+00:00, run_after=2021-01-01 00:00:00+00:00
[2025-05-24T04:47:29.684+0530] {processor.py:183} INFO - Processing /Library/Frameworks/Python.framework/Versions/3.12/lib/python3.12/site-packages/airflow/example_dags/example_trigger_controller_dag.py took 0.181 seconds
[2025-05-24T04:49:35.728+0530] {processor.py:161} INFO - Started process (PID=17469) to work on /Library/Frameworks/Python.framework/Versions/3.12/lib/python3.12/site-packages/airflow/example_dags/example_trigger_controller_dag.py
[2025-05-24T04:49:35.729+0530] {processor.py:830} INFO - Processing file /Library/Frameworks/Python.framework/Versions/3.12/lib/python3.12/site-packages/airflow/example_dags/example_trigger_controller_dag.py for tasks to queue
[2025-05-24T04:49:35.730+0530] {logging_mixin.py:188} INFO - [2025-05-24T04:49:35.729+0530] {dagbag.py:540} INFO - Filling up the DagBag from /Library/Frameworks/Python.framework/Versions/3.12/lib/python3.12/site-packages/airflow/example_dags/example_trigger_controller_dag.py
[2025-05-24T04:49:35.740+0530] {processor.py:840} INFO - DAG(s) 'example_trigger_controller_dag' retrieved from /Library/Frameworks/Python.framework/Versions/3.12/lib/python3.12/site-packages/airflow/example_dags/example_trigger_controller_dag.py
[2025-05-24T04:49:35.870+0530] {logging_mixin.py:188} INFO - [2025-05-24T04:49:35.869+0530] {dag.py:3096} INFO - Sync 1 DAGs
[2025-05-24T04:49:35.886+0530] {logging_mixin.py:188} INFO - [2025-05-24T04:49:35.885+0530] {dag.py:3954} INFO - Setting next_dagrun for example_trigger_controller_dag to 2021-01-01 00:00:00+00:00, run_after=2021-01-01 00:00:00+00:00
[2025-05-24T04:49:35.905+0530] {processor.py:183} INFO - Processing /Library/Frameworks/Python.framework/Versions/3.12/lib/python3.12/site-packages/airflow/example_dags/example_trigger_controller_dag.py took 0.181 seconds
[2025-05-24T04:51:29.547+0530] {processor.py:161} INFO - Started process (PID=17543) to work on /Library/Frameworks/Python.framework/Versions/3.12/lib/python3.12/site-packages/airflow/example_dags/example_trigger_controller_dag.py
[2025-05-24T04:51:29.548+0530] {processor.py:830} INFO - Processing file /Library/Frameworks/Python.framework/Versions/3.12/lib/python3.12/site-packages/airflow/example_dags/example_trigger_controller_dag.py for tasks to queue
[2025-05-24T04:51:29.549+0530] {logging_mixin.py:188} INFO - [2025-05-24T04:51:29.549+0530] {dagbag.py:540} INFO - Filling up the DagBag from /Library/Frameworks/Python.framework/Versions/3.12/lib/python3.12/site-packages/airflow/example_dags/example_trigger_controller_dag.py
[2025-05-24T04:51:29.560+0530] {processor.py:840} INFO - DAG(s) 'example_trigger_controller_dag' retrieved from /Library/Frameworks/Python.framework/Versions/3.12/lib/python3.12/site-packages/airflow/example_dags/example_trigger_controller_dag.py
[2025-05-24T04:51:29.689+0530] {logging_mixin.py:188} INFO - [2025-05-24T04:51:29.689+0530] {dag.py:3096} INFO - Sync 1 DAGs
[2025-05-24T04:51:29.707+0530] {logging_mixin.py:188} INFO - [2025-05-24T04:51:29.707+0530] {dag.py:3954} INFO - Setting next_dagrun for example_trigger_controller_dag to 2021-01-01 00:00:00+00:00, run_after=2021-01-01 00:00:00+00:00
[2025-05-24T04:51:29.725+0530] {processor.py:183} INFO - Processing /Library/Frameworks/Python.framework/Versions/3.12/lib/python3.12/site-packages/airflow/example_dags/example_trigger_controller_dag.py took 0.182 seconds
[2025-05-24T04:53:22.750+0530] {processor.py:161} INFO - Started process (PID=17594) to work on /Library/Frameworks/Python.framework/Versions/3.12/lib/python3.12/site-packages/airflow/example_dags/example_trigger_controller_dag.py
[2025-05-24T04:53:22.752+0530] {processor.py:830} INFO - Processing file /Library/Frameworks/Python.framework/Versions/3.12/lib/python3.12/site-packages/airflow/example_dags/example_trigger_controller_dag.py for tasks to queue
[2025-05-24T04:53:22.753+0530] {logging_mixin.py:188} INFO - [2025-05-24T04:53:22.753+0530] {dagbag.py:540} INFO - Filling up the DagBag from /Library/Frameworks/Python.framework/Versions/3.12/lib/python3.12/site-packages/airflow/example_dags/example_trigger_controller_dag.py
[2025-05-24T04:53:22.764+0530] {processor.py:840} INFO - DAG(s) 'example_trigger_controller_dag' retrieved from /Library/Frameworks/Python.framework/Versions/3.12/lib/python3.12/site-packages/airflow/example_dags/example_trigger_controller_dag.py
[2025-05-24T04:53:22.895+0530] {logging_mixin.py:188} INFO - [2025-05-24T04:53:22.894+0530] {dag.py:3096} INFO - Sync 1 DAGs
[2025-05-24T04:53:22.912+0530] {logging_mixin.py:188} INFO - [2025-05-24T04:53:22.912+0530] {dag.py:3954} INFO - Setting next_dagrun for example_trigger_controller_dag to 2021-01-01 00:00:00+00:00, run_after=2021-01-01 00:00:00+00:00
[2025-05-24T04:53:22.930+0530] {processor.py:183} INFO - Processing /Library/Frameworks/Python.framework/Versions/3.12/lib/python3.12/site-packages/airflow/example_dags/example_trigger_controller_dag.py took 0.184 seconds
[2025-05-24T04:55:17.222+0530] {processor.py:161} INFO - Started process (PID=17674) to work on /Library/Frameworks/Python.framework/Versions/3.12/lib/python3.12/site-packages/airflow/example_dags/example_trigger_controller_dag.py
[2025-05-24T04:55:17.224+0530] {processor.py:830} INFO - Processing file /Library/Frameworks/Python.framework/Versions/3.12/lib/python3.12/site-packages/airflow/example_dags/example_trigger_controller_dag.py for tasks to queue
[2025-05-24T04:55:17.225+0530] {logging_mixin.py:188} INFO - [2025-05-24T04:55:17.224+0530] {dagbag.py:540} INFO - Filling up the DagBag from /Library/Frameworks/Python.framework/Versions/3.12/lib/python3.12/site-packages/airflow/example_dags/example_trigger_controller_dag.py
[2025-05-24T04:55:17.235+0530] {processor.py:840} INFO - DAG(s) 'example_trigger_controller_dag' retrieved from /Library/Frameworks/Python.framework/Versions/3.12/lib/python3.12/site-packages/airflow/example_dags/example_trigger_controller_dag.py
[2025-05-24T04:55:17.365+0530] {logging_mixin.py:188} INFO - [2025-05-24T04:55:17.365+0530] {dag.py:3096} INFO - Sync 1 DAGs
[2025-05-24T04:55:17.383+0530] {logging_mixin.py:188} INFO - [2025-05-24T04:55:17.383+0530] {dag.py:3954} INFO - Setting next_dagrun for example_trigger_controller_dag to 2021-01-01 00:00:00+00:00, run_after=2021-01-01 00:00:00+00:00
[2025-05-24T04:55:17.401+0530] {processor.py:183} INFO - Processing /Library/Frameworks/Python.framework/Versions/3.12/lib/python3.12/site-packages/airflow/example_dags/example_trigger_controller_dag.py took 0.183 seconds
[2025-05-24T04:57:11.713+0530] {processor.py:161} INFO - Started process (PID=17730) to work on /Library/Frameworks/Python.framework/Versions/3.12/lib/python3.12/site-packages/airflow/example_dags/example_trigger_controller_dag.py
[2025-05-24T04:57:11.715+0530] {processor.py:830} INFO - Processing file /Library/Frameworks/Python.framework/Versions/3.12/lib/python3.12/site-packages/airflow/example_dags/example_trigger_controller_dag.py for tasks to queue
[2025-05-24T04:57:11.716+0530] {logging_mixin.py:188} INFO - [2025-05-24T04:57:11.716+0530] {dagbag.py:540} INFO - Filling up the DagBag from /Library/Frameworks/Python.framework/Versions/3.12/lib/python3.12/site-packages/airflow/example_dags/example_trigger_controller_dag.py
[2025-05-24T04:57:11.728+0530] {processor.py:840} INFO - DAG(s) 'example_trigger_controller_dag' retrieved from /Library/Frameworks/Python.framework/Versions/3.12/lib/python3.12/site-packages/airflow/example_dags/example_trigger_controller_dag.py
[2025-05-24T04:57:11.862+0530] {logging_mixin.py:188} INFO - [2025-05-24T04:57:11.861+0530] {dag.py:3096} INFO - Sync 1 DAGs
[2025-05-24T04:57:11.879+0530] {logging_mixin.py:188} INFO - [2025-05-24T04:57:11.879+0530] {dag.py:3954} INFO - Setting next_dagrun for example_trigger_controller_dag to 2021-01-01 00:00:00+00:00, run_after=2021-01-01 00:00:00+00:00
[2025-05-24T04:57:11.897+0530] {processor.py:183} INFO - Processing /Library/Frameworks/Python.framework/Versions/3.12/lib/python3.12/site-packages/airflow/example_dags/example_trigger_controller_dag.py took 0.187 seconds
[2025-05-24T04:59:06.422+0530] {processor.py:161} INFO - Started process (PID=17789) to work on /Library/Frameworks/Python.framework/Versions/3.12/lib/python3.12/site-packages/airflow/example_dags/example_trigger_controller_dag.py
[2025-05-24T04:59:06.424+0530] {processor.py:830} INFO - Processing file /Library/Frameworks/Python.framework/Versions/3.12/lib/python3.12/site-packages/airflow/example_dags/example_trigger_controller_dag.py for tasks to queue
[2025-05-24T04:59:06.425+0530] {logging_mixin.py:188} INFO - [2025-05-24T04:59:06.425+0530] {dagbag.py:540} INFO - Filling up the DagBag from /Library/Frameworks/Python.framework/Versions/3.12/lib/python3.12/site-packages/airflow/example_dags/example_trigger_controller_dag.py
[2025-05-24T04:59:06.436+0530] {processor.py:840} INFO - DAG(s) 'example_trigger_controller_dag' retrieved from /Library/Frameworks/Python.framework/Versions/3.12/lib/python3.12/site-packages/airflow/example_dags/example_trigger_controller_dag.py
[2025-05-24T04:59:06.570+0530] {logging_mixin.py:188} INFO - [2025-05-24T04:59:06.569+0530] {dag.py:3096} INFO - Sync 1 DAGs
[2025-05-24T04:59:06.587+0530] {logging_mixin.py:188} INFO - [2025-05-24T04:59:06.587+0530] {dag.py:3954} INFO - Setting next_dagrun for example_trigger_controller_dag to 2021-01-01 00:00:00+00:00, run_after=2021-01-01 00:00:00+00:00
[2025-05-24T04:59:06.607+0530] {processor.py:183} INFO - Processing /Library/Frameworks/Python.framework/Versions/3.12/lib/python3.12/site-packages/airflow/example_dags/example_trigger_controller_dag.py took 0.188 seconds
[2025-05-24T05:00:59.162+0530] {processor.py:161} INFO - Started process (PID=17867) to work on /Library/Frameworks/Python.framework/Versions/3.12/lib/python3.12/site-packages/airflow/example_dags/example_trigger_controller_dag.py
[2025-05-24T05:00:59.163+0530] {processor.py:830} INFO - Processing file /Library/Frameworks/Python.framework/Versions/3.12/lib/python3.12/site-packages/airflow/example_dags/example_trigger_controller_dag.py for tasks to queue
[2025-05-24T05:00:59.164+0530] {logging_mixin.py:188} INFO - [2025-05-24T05:00:59.163+0530] {dagbag.py:540} INFO - Filling up the DagBag from /Library/Frameworks/Python.framework/Versions/3.12/lib/python3.12/site-packages/airflow/example_dags/example_trigger_controller_dag.py
[2025-05-24T05:00:59.174+0530] {processor.py:840} INFO - DAG(s) 'example_trigger_controller_dag' retrieved from /Library/Frameworks/Python.framework/Versions/3.12/lib/python3.12/site-packages/airflow/example_dags/example_trigger_controller_dag.py
[2025-05-24T05:00:59.294+0530] {logging_mixin.py:188} INFO - [2025-05-24T05:00:59.294+0530] {dag.py:3096} INFO - Sync 1 DAGs
[2025-05-24T05:00:59.310+0530] {logging_mixin.py:188} INFO - [2025-05-24T05:00:59.310+0530] {dag.py:3954} INFO - Setting next_dagrun for example_trigger_controller_dag to 2021-01-01 00:00:00+00:00, run_after=2021-01-01 00:00:00+00:00
[2025-05-24T05:00:59.329+0530] {processor.py:183} INFO - Processing /Library/Frameworks/Python.framework/Versions/3.12/lib/python3.12/site-packages/airflow/example_dags/example_trigger_controller_dag.py took 0.171 seconds
[2025-05-24T05:02:52.468+0530] {processor.py:161} INFO - Started process (PID=17934) to work on /Library/Frameworks/Python.framework/Versions/3.12/lib/python3.12/site-packages/airflow/example_dags/example_trigger_controller_dag.py
[2025-05-24T05:02:52.470+0530] {processor.py:830} INFO - Processing file /Library/Frameworks/Python.framework/Versions/3.12/lib/python3.12/site-packages/airflow/example_dags/example_trigger_controller_dag.py for tasks to queue
[2025-05-24T05:02:52.471+0530] {logging_mixin.py:188} INFO - [2025-05-24T05:02:52.470+0530] {dagbag.py:540} INFO - Filling up the DagBag from /Library/Frameworks/Python.framework/Versions/3.12/lib/python3.12/site-packages/airflow/example_dags/example_trigger_controller_dag.py
[2025-05-24T05:02:52.480+0530] {processor.py:840} INFO - DAG(s) 'example_trigger_controller_dag' retrieved from /Library/Frameworks/Python.framework/Versions/3.12/lib/python3.12/site-packages/airflow/example_dags/example_trigger_controller_dag.py
[2025-05-24T05:02:52.601+0530] {logging_mixin.py:188} INFO - [2025-05-24T05:02:52.600+0530] {dag.py:3096} INFO - Sync 1 DAGs
[2025-05-24T05:02:52.617+0530] {logging_mixin.py:188} INFO - [2025-05-24T05:02:52.617+0530] {dag.py:3954} INFO - Setting next_dagrun for example_trigger_controller_dag to 2021-01-01 00:00:00+00:00, run_after=2021-01-01 00:00:00+00:00
[2025-05-24T05:02:52.636+0530] {processor.py:183} INFO - Processing /Library/Frameworks/Python.framework/Versions/3.12/lib/python3.12/site-packages/airflow/example_dags/example_trigger_controller_dag.py took 0.171 seconds
[2025-05-24T05:04:45.432+0530] {processor.py:161} INFO - Started process (PID=17985) to work on /Library/Frameworks/Python.framework/Versions/3.12/lib/python3.12/site-packages/airflow/example_dags/example_trigger_controller_dag.py
[2025-05-24T05:04:45.434+0530] {processor.py:830} INFO - Processing file /Library/Frameworks/Python.framework/Versions/3.12/lib/python3.12/site-packages/airflow/example_dags/example_trigger_controller_dag.py for tasks to queue
[2025-05-24T05:04:45.435+0530] {logging_mixin.py:188} INFO - [2025-05-24T05:04:45.435+0530] {dagbag.py:540} INFO - Filling up the DagBag from /Library/Frameworks/Python.framework/Versions/3.12/lib/python3.12/site-packages/airflow/example_dags/example_trigger_controller_dag.py
[2025-05-24T05:04:45.444+0530] {processor.py:840} INFO - DAG(s) 'example_trigger_controller_dag' retrieved from /Library/Frameworks/Python.framework/Versions/3.12/lib/python3.12/site-packages/airflow/example_dags/example_trigger_controller_dag.py
[2025-05-24T05:04:45.573+0530] {logging_mixin.py:188} INFO - [2025-05-24T05:04:45.573+0530] {dag.py:3096} INFO - Sync 1 DAGs
[2025-05-24T05:04:45.589+0530] {logging_mixin.py:188} INFO - [2025-05-24T05:04:45.589+0530] {dag.py:3954} INFO - Setting next_dagrun for example_trigger_controller_dag to 2021-01-01 00:00:00+00:00, run_after=2021-01-01 00:00:00+00:00
[2025-05-24T05:04:45.609+0530] {processor.py:183} INFO - Processing /Library/Frameworks/Python.framework/Versions/3.12/lib/python3.12/site-packages/airflow/example_dags/example_trigger_controller_dag.py took 0.180 seconds
[2025-05-24T05:06:38.719+0530] {processor.py:161} INFO - Started process (PID=18036) to work on /Library/Frameworks/Python.framework/Versions/3.12/lib/python3.12/site-packages/airflow/example_dags/example_trigger_controller_dag.py
[2025-05-24T05:06:38.721+0530] {processor.py:830} INFO - Processing file /Library/Frameworks/Python.framework/Versions/3.12/lib/python3.12/site-packages/airflow/example_dags/example_trigger_controller_dag.py for tasks to queue
[2025-05-24T05:06:38.721+0530] {logging_mixin.py:188} INFO - [2025-05-24T05:06:38.721+0530] {dagbag.py:540} INFO - Filling up the DagBag from /Library/Frameworks/Python.framework/Versions/3.12/lib/python3.12/site-packages/airflow/example_dags/example_trigger_controller_dag.py
[2025-05-24T05:06:38.731+0530] {processor.py:840} INFO - DAG(s) 'example_trigger_controller_dag' retrieved from /Library/Frameworks/Python.framework/Versions/3.12/lib/python3.12/site-packages/airflow/example_dags/example_trigger_controller_dag.py
[2025-05-24T05:06:38.851+0530] {logging_mixin.py:188} INFO - [2025-05-24T05:06:38.851+0530] {dag.py:3096} INFO - Sync 1 DAGs
[2025-05-24T05:06:38.867+0530] {logging_mixin.py:188} INFO - [2025-05-24T05:06:38.867+0530] {dag.py:3954} INFO - Setting next_dagrun for example_trigger_controller_dag to 2021-01-01 00:00:00+00:00, run_after=2021-01-01 00:00:00+00:00
[2025-05-24T05:06:38.886+0530] {processor.py:183} INFO - Processing /Library/Frameworks/Python.framework/Versions/3.12/lib/python3.12/site-packages/airflow/example_dags/example_trigger_controller_dag.py took 0.170 seconds
[2025-05-24T05:08:27.090+0530] {processor.py:161} INFO - Started process (PID=18087) to work on /Library/Frameworks/Python.framework/Versions/3.12/lib/python3.12/site-packages/airflow/example_dags/example_trigger_controller_dag.py
[2025-05-24T05:08:27.092+0530] {processor.py:830} INFO - Processing file /Library/Frameworks/Python.framework/Versions/3.12/lib/python3.12/site-packages/airflow/example_dags/example_trigger_controller_dag.py for tasks to queue
[2025-05-24T05:08:27.093+0530] {logging_mixin.py:188} INFO - [2025-05-24T05:08:27.093+0530] {dagbag.py:540} INFO - Filling up the DagBag from /Library/Frameworks/Python.framework/Versions/3.12/lib/python3.12/site-packages/airflow/example_dags/example_trigger_controller_dag.py
[2025-05-24T05:08:27.103+0530] {processor.py:840} INFO - DAG(s) 'example_trigger_controller_dag' retrieved from /Library/Frameworks/Python.framework/Versions/3.12/lib/python3.12/site-packages/airflow/example_dags/example_trigger_controller_dag.py
[2025-05-24T05:08:27.223+0530] {logging_mixin.py:188} INFO - [2025-05-24T05:08:27.222+0530] {dag.py:3096} INFO - Sync 1 DAGs
[2025-05-24T05:08:27.239+0530] {logging_mixin.py:188} INFO - [2025-05-24T05:08:27.239+0530] {dag.py:3954} INFO - Setting next_dagrun for example_trigger_controller_dag to 2021-01-01 00:00:00+00:00, run_after=2021-01-01 00:00:00+00:00
[2025-05-24T05:08:27.259+0530] {processor.py:183} INFO - Processing /Library/Frameworks/Python.framework/Versions/3.12/lib/python3.12/site-packages/airflow/example_dags/example_trigger_controller_dag.py took 0.173 seconds
[2025-05-24T05:12:57.457+0530] {processor.py:161} INFO - Started process (PID=18158) to work on /Library/Frameworks/Python.framework/Versions/3.12/lib/python3.12/site-packages/airflow/example_dags/example_trigger_controller_dag.py
[2025-05-24T05:12:57.459+0530] {processor.py:830} INFO - Processing file /Library/Frameworks/Python.framework/Versions/3.12/lib/python3.12/site-packages/airflow/example_dags/example_trigger_controller_dag.py for tasks to queue
[2025-05-24T05:12:57.460+0530] {logging_mixin.py:188} INFO - [2025-05-24T05:12:57.459+0530] {dagbag.py:540} INFO - Filling up the DagBag from /Library/Frameworks/Python.framework/Versions/3.12/lib/python3.12/site-packages/airflow/example_dags/example_trigger_controller_dag.py
[2025-05-24T05:12:57.473+0530] {processor.py:840} INFO - DAG(s) 'example_trigger_controller_dag' retrieved from /Library/Frameworks/Python.framework/Versions/3.12/lib/python3.12/site-packages/airflow/example_dags/example_trigger_controller_dag.py
[2025-05-24T05:12:57.623+0530] {logging_mixin.py:188} INFO - [2025-05-24T05:12:57.623+0530] {dag.py:3096} INFO - Sync 1 DAGs
[2025-05-24T05:12:57.639+0530] {logging_mixin.py:188} INFO - [2025-05-24T05:12:57.639+0530] {dag.py:3954} INFO - Setting next_dagrun for example_trigger_controller_dag to 2021-01-01 00:00:00+00:00, run_after=2021-01-01 00:00:00+00:00
[2025-05-24T05:12:57.657+0530] {processor.py:183} INFO - Processing /Library/Frameworks/Python.framework/Versions/3.12/lib/python3.12/site-packages/airflow/example_dags/example_trigger_controller_dag.py took 0.203 seconds
