[2025-05-24T04:22:31.515+0530] {processor.py:161} INFO - Started process (PID=15620) to work on /Library/Frameworks/Python.framework/Versions/3.12/lib/python3.12/site-packages/airflow/example_dags/tutorial_taskflow_api.py
[2025-05-24T04:22:31.516+0530] {processor.py:830} INFO - Processing file /Library/Frameworks/Python.framework/Versions/3.12/lib/python3.12/site-packages/airflow/example_dags/tutorial_taskflow_api.py for tasks to queue
[2025-05-24T04:22:31.517+0530] {logging_mixin.py:188} INFO - [2025-05-24T04:22:31.517+0530] {dagbag.py:540} INFO - Filling up the DagBag from /Library/Frameworks/Python.framework/Versions/3.12/lib/python3.12/site-packages/airflow/example_dags/tutorial_taskflow_api.py
[2025-05-24T04:22:31.556+0530] {processor.py:840} INFO - DAG(s) 'tutorial_taskflow_api' retrieved from /Library/Frameworks/Python.framework/Versions/3.12/lib/python3.12/site-packages/airflow/example_dags/tutorial_taskflow_api.py
[2025-05-24T04:22:31.591+0530] {logging_mixin.py:188} INFO - [2025-05-24T04:22:31.591+0530] {dag.py:3096} INFO - Sync 1 DAGs
[2025-05-24T04:22:31.725+0530] {logging_mixin.py:188} INFO - [2025-05-24T04:22:31.724+0530] {dag.py:3954} INFO - Setting next_dagrun for tutorial_taskflow_api to None, run_after=None
[2025-05-24T04:22:31.743+0530] {processor.py:183} INFO - Processing /Library/Frameworks/Python.framework/Versions/3.12/lib/python3.12/site-packages/airflow/example_dags/tutorial_taskflow_api.py took 0.231 seconds
[2025-05-24T04:25:12.464+0530] {processor.py:161} INFO - Started process (PID=15731) to work on /Library/Frameworks/Python.framework/Versions/3.12/lib/python3.12/site-packages/airflow/example_dags/tutorial_taskflow_api.py
[2025-05-24T04:25:12.465+0530] {processor.py:830} INFO - Processing file /Library/Frameworks/Python.framework/Versions/3.12/lib/python3.12/site-packages/airflow/example_dags/tutorial_taskflow_api.py for tasks to queue
[2025-05-24T04:25:12.466+0530] {logging_mixin.py:188} INFO - [2025-05-24T04:25:12.465+0530] {dagbag.py:540} INFO - Filling up the DagBag from /Library/Frameworks/Python.framework/Versions/3.12/lib/python3.12/site-packages/airflow/example_dags/tutorial_taskflow_api.py
[2025-05-24T04:25:12.507+0530] {processor.py:840} INFO - DAG(s) 'tutorial_taskflow_api' retrieved from /Library/Frameworks/Python.framework/Versions/3.12/lib/python3.12/site-packages/airflow/example_dags/tutorial_taskflow_api.py
[2025-05-24T04:25:12.729+0530] {logging_mixin.py:188} INFO - [2025-05-24T04:25:12.729+0530] {dag.py:3096} INFO - Sync 1 DAGs
[2025-05-24T04:25:12.737+0530] {logging_mixin.py:188} INFO - [2025-05-24T04:25:12.737+0530] {dag.py:3954} INFO - Setting next_dagrun for tutorial_taskflow_api to None, run_after=None
[2025-05-24T04:25:12.752+0530] {processor.py:183} INFO - Processing /Library/Frameworks/Python.framework/Versions/3.12/lib/python3.12/site-packages/airflow/example_dags/tutorial_taskflow_api.py took 0.291 seconds
[2025-05-24T04:27:09.354+0530] {processor.py:161} INFO - Started process (PID=15788) to work on /Library/Frameworks/Python.framework/Versions/3.12/lib/python3.12/site-packages/airflow/example_dags/tutorial_taskflow_api.py
[2025-05-24T04:27:09.356+0530] {processor.py:830} INFO - Processing file /Library/Frameworks/Python.framework/Versions/3.12/lib/python3.12/site-packages/airflow/example_dags/tutorial_taskflow_api.py for tasks to queue
[2025-05-24T04:27:09.356+0530] {logging_mixin.py:188} INFO - [2025-05-24T04:27:09.356+0530] {dagbag.py:540} INFO - Filling up the DagBag from /Library/Frameworks/Python.framework/Versions/3.12/lib/python3.12/site-packages/airflow/example_dags/tutorial_taskflow_api.py
[2025-05-24T04:27:09.392+0530] {processor.py:840} INFO - DAG(s) 'tutorial_taskflow_api' retrieved from /Library/Frameworks/Python.framework/Versions/3.12/lib/python3.12/site-packages/airflow/example_dags/tutorial_taskflow_api.py
[2025-05-24T04:27:09.533+0530] {logging_mixin.py:188} INFO - [2025-05-24T04:27:09.533+0530] {dag.py:3096} INFO - Sync 1 DAGs
[2025-05-24T04:27:09.541+0530] {logging_mixin.py:188} INFO - [2025-05-24T04:27:09.541+0530] {dag.py:3954} INFO - Setting next_dagrun for tutorial_taskflow_api to None, run_after=None
[2025-05-24T04:27:09.557+0530] {processor.py:183} INFO - Processing /Library/Frameworks/Python.framework/Versions/3.12/lib/python3.12/site-packages/airflow/example_dags/tutorial_taskflow_api.py took 0.206 seconds
[2025-05-24T04:29:02.698+0530] {processor.py:161} INFO - Started process (PID=15839) to work on /Library/Frameworks/Python.framework/Versions/3.12/lib/python3.12/site-packages/airflow/example_dags/tutorial_taskflow_api.py
[2025-05-24T04:29:02.699+0530] {processor.py:830} INFO - Processing file /Library/Frameworks/Python.framework/Versions/3.12/lib/python3.12/site-packages/airflow/example_dags/tutorial_taskflow_api.py for tasks to queue
[2025-05-24T04:29:02.700+0530] {logging_mixin.py:188} INFO - [2025-05-24T04:29:02.700+0530] {dagbag.py:540} INFO - Filling up the DagBag from /Library/Frameworks/Python.framework/Versions/3.12/lib/python3.12/site-packages/airflow/example_dags/tutorial_taskflow_api.py
[2025-05-24T04:29:02.736+0530] {processor.py:840} INFO - DAG(s) 'tutorial_taskflow_api' retrieved from /Library/Frameworks/Python.framework/Versions/3.12/lib/python3.12/site-packages/airflow/example_dags/tutorial_taskflow_api.py
[2025-05-24T04:29:02.878+0530] {logging_mixin.py:188} INFO - [2025-05-24T04:29:02.878+0530] {dag.py:3096} INFO - Sync 1 DAGs
[2025-05-24T04:29:02.887+0530] {logging_mixin.py:188} INFO - [2025-05-24T04:29:02.887+0530] {dag.py:3954} INFO - Setting next_dagrun for tutorial_taskflow_api to None, run_after=None
[2025-05-24T04:29:02.903+0530] {processor.py:183} INFO - Processing /Library/Frameworks/Python.framework/Versions/3.12/lib/python3.12/site-packages/airflow/example_dags/tutorial_taskflow_api.py took 0.209 seconds
[2025-05-24T04:30:59.479+0530] {processor.py:161} INFO - Started process (PID=15917) to work on /Library/Frameworks/Python.framework/Versions/3.12/lib/python3.12/site-packages/airflow/example_dags/tutorial_taskflow_api.py
[2025-05-24T04:30:59.479+0530] {processor.py:830} INFO - Processing file /Library/Frameworks/Python.framework/Versions/3.12/lib/python3.12/site-packages/airflow/example_dags/tutorial_taskflow_api.py for tasks to queue
[2025-05-24T04:30:59.480+0530] {logging_mixin.py:188} INFO - [2025-05-24T04:30:59.480+0530] {dagbag.py:540} INFO - Filling up the DagBag from /Library/Frameworks/Python.framework/Versions/3.12/lib/python3.12/site-packages/airflow/example_dags/tutorial_taskflow_api.py
[2025-05-24T04:30:59.524+0530] {processor.py:840} INFO - DAG(s) 'tutorial_taskflow_api' retrieved from /Library/Frameworks/Python.framework/Versions/3.12/lib/python3.12/site-packages/airflow/example_dags/tutorial_taskflow_api.py
[2025-05-24T04:30:59.712+0530] {logging_mixin.py:188} INFO - [2025-05-24T04:30:59.712+0530] {dag.py:3096} INFO - Sync 1 DAGs
[2025-05-24T04:30:59.723+0530] {logging_mixin.py:188} INFO - [2025-05-24T04:30:59.722+0530] {dag.py:3954} INFO - Setting next_dagrun for tutorial_taskflow_api to None, run_after=None
[2025-05-24T04:30:59.741+0530] {processor.py:183} INFO - Processing /Library/Frameworks/Python.framework/Versions/3.12/lib/python3.12/site-packages/airflow/example_dags/tutorial_taskflow_api.py took 0.266 seconds
[2025-05-24T04:32:58.555+0530] {processor.py:161} INFO - Started process (PID=15981) to work on /Library/Frameworks/Python.framework/Versions/3.12/lib/python3.12/site-packages/airflow/example_dags/tutorial_taskflow_api.py
[2025-05-24T04:32:58.557+0530] {processor.py:830} INFO - Processing file /Library/Frameworks/Python.framework/Versions/3.12/lib/python3.12/site-packages/airflow/example_dags/tutorial_taskflow_api.py for tasks to queue
[2025-05-24T04:32:58.558+0530] {logging_mixin.py:188} INFO - [2025-05-24T04:32:58.558+0530] {dagbag.py:540} INFO - Filling up the DagBag from /Library/Frameworks/Python.framework/Versions/3.12/lib/python3.12/site-packages/airflow/example_dags/tutorial_taskflow_api.py
[2025-05-24T04:32:58.597+0530] {processor.py:840} INFO - DAG(s) 'tutorial_taskflow_api' retrieved from /Library/Frameworks/Python.framework/Versions/3.12/lib/python3.12/site-packages/airflow/example_dags/tutorial_taskflow_api.py
[2025-05-24T04:32:58.776+0530] {logging_mixin.py:188} INFO - [2025-05-24T04:32:58.775+0530] {dag.py:3096} INFO - Sync 1 DAGs
[2025-05-24T04:32:58.785+0530] {logging_mixin.py:188} INFO - [2025-05-24T04:32:58.785+0530] {dag.py:3954} INFO - Setting next_dagrun for tutorial_taskflow_api to None, run_after=None
[2025-05-24T04:32:58.804+0530] {processor.py:183} INFO - Processing /Library/Frameworks/Python.framework/Versions/3.12/lib/python3.12/site-packages/airflow/example_dags/tutorial_taskflow_api.py took 0.252 seconds
[2025-05-24T04:35:03.807+0530] {processor.py:161} INFO - Started process (PID=16059) to work on /Library/Frameworks/Python.framework/Versions/3.12/lib/python3.12/site-packages/airflow/example_dags/tutorial_taskflow_api.py
[2025-05-24T04:35:03.809+0530] {processor.py:830} INFO - Processing file /Library/Frameworks/Python.framework/Versions/3.12/lib/python3.12/site-packages/airflow/example_dags/tutorial_taskflow_api.py for tasks to queue
[2025-05-24T04:35:03.810+0530] {logging_mixin.py:188} INFO - [2025-05-24T04:35:03.809+0530] {dagbag.py:540} INFO - Filling up the DagBag from /Library/Frameworks/Python.framework/Versions/3.12/lib/python3.12/site-packages/airflow/example_dags/tutorial_taskflow_api.py
[2025-05-24T04:35:03.847+0530] {processor.py:840} INFO - DAG(s) 'tutorial_taskflow_api' retrieved from /Library/Frameworks/Python.framework/Versions/3.12/lib/python3.12/site-packages/airflow/example_dags/tutorial_taskflow_api.py
[2025-05-24T04:35:04.005+0530] {logging_mixin.py:188} INFO - [2025-05-24T04:35:04.005+0530] {dag.py:3096} INFO - Sync 1 DAGs
[2025-05-24T04:35:04.015+0530] {logging_mixin.py:188} INFO - [2025-05-24T04:35:04.015+0530] {dag.py:3954} INFO - Setting next_dagrun for tutorial_taskflow_api to None, run_after=None
[2025-05-24T04:35:04.034+0530] {processor.py:183} INFO - Processing /Library/Frameworks/Python.framework/Versions/3.12/lib/python3.12/site-packages/airflow/example_dags/tutorial_taskflow_api.py took 0.230 seconds
[2025-05-24T04:37:04.858+0530] {processor.py:161} INFO - Started process (PID=16125) to work on /Library/Frameworks/Python.framework/Versions/3.12/lib/python3.12/site-packages/airflow/example_dags/tutorial_taskflow_api.py
[2025-05-24T04:37:04.860+0530] {processor.py:830} INFO - Processing file /Library/Frameworks/Python.framework/Versions/3.12/lib/python3.12/site-packages/airflow/example_dags/tutorial_taskflow_api.py for tasks to queue
[2025-05-24T04:37:04.861+0530] {logging_mixin.py:188} INFO - [2025-05-24T04:37:04.861+0530] {dagbag.py:540} INFO - Filling up the DagBag from /Library/Frameworks/Python.framework/Versions/3.12/lib/python3.12/site-packages/airflow/example_dags/tutorial_taskflow_api.py
[2025-05-24T04:37:04.897+0530] {processor.py:840} INFO - DAG(s) 'tutorial_taskflow_api' retrieved from /Library/Frameworks/Python.framework/Versions/3.12/lib/python3.12/site-packages/airflow/example_dags/tutorial_taskflow_api.py
[2025-05-24T04:37:05.043+0530] {logging_mixin.py:188} INFO - [2025-05-24T04:37:05.043+0530] {dag.py:3096} INFO - Sync 1 DAGs
[2025-05-24T04:37:05.053+0530] {logging_mixin.py:188} INFO - [2025-05-24T04:37:05.053+0530] {dag.py:3954} INFO - Setting next_dagrun for tutorial_taskflow_api to None, run_after=None
[2025-05-24T04:37:05.069+0530] {processor.py:183} INFO - Processing /Library/Frameworks/Python.framework/Versions/3.12/lib/python3.12/site-packages/airflow/example_dags/tutorial_taskflow_api.py took 0.216 seconds
[2025-05-24T04:39:03.931+0530] {processor.py:161} INFO - Started process (PID=16198) to work on /Library/Frameworks/Python.framework/Versions/3.12/lib/python3.12/site-packages/airflow/example_dags/tutorial_taskflow_api.py
[2025-05-24T04:39:03.932+0530] {processor.py:830} INFO - Processing file /Library/Frameworks/Python.framework/Versions/3.12/lib/python3.12/site-packages/airflow/example_dags/tutorial_taskflow_api.py for tasks to queue
[2025-05-24T04:39:03.932+0530] {logging_mixin.py:188} INFO - [2025-05-24T04:39:03.932+0530] {dagbag.py:540} INFO - Filling up the DagBag from /Library/Frameworks/Python.framework/Versions/3.12/lib/python3.12/site-packages/airflow/example_dags/tutorial_taskflow_api.py
[2025-05-24T04:39:03.966+0530] {processor.py:840} INFO - DAG(s) 'tutorial_taskflow_api' retrieved from /Library/Frameworks/Python.framework/Versions/3.12/lib/python3.12/site-packages/airflow/example_dags/tutorial_taskflow_api.py
[2025-05-24T04:39:04.112+0530] {logging_mixin.py:188} INFO - [2025-05-24T04:39:04.111+0530] {dag.py:3096} INFO - Sync 1 DAGs
[2025-05-24T04:39:04.121+0530] {logging_mixin.py:188} INFO - [2025-05-24T04:39:04.121+0530] {dag.py:3954} INFO - Setting next_dagrun for tutorial_taskflow_api to None, run_after=None
[2025-05-24T04:39:04.137+0530] {processor.py:183} INFO - Processing /Library/Frameworks/Python.framework/Versions/3.12/lib/python3.12/site-packages/airflow/example_dags/tutorial_taskflow_api.py took 0.209 seconds
[2025-05-24T04:41:07.779+0530] {processor.py:161} INFO - Started process (PID=16270) to work on /Library/Frameworks/Python.framework/Versions/3.12/lib/python3.12/site-packages/airflow/example_dags/tutorial_taskflow_api.py
[2025-05-24T04:41:07.780+0530] {processor.py:830} INFO - Processing file /Library/Frameworks/Python.framework/Versions/3.12/lib/python3.12/site-packages/airflow/example_dags/tutorial_taskflow_api.py for tasks to queue
[2025-05-24T04:41:07.782+0530] {logging_mixin.py:188} INFO - [2025-05-24T04:41:07.781+0530] {dagbag.py:540} INFO - Filling up the DagBag from /Library/Frameworks/Python.framework/Versions/3.12/lib/python3.12/site-packages/airflow/example_dags/tutorial_taskflow_api.py
[2025-05-24T04:41:07.818+0530] {processor.py:840} INFO - DAG(s) 'tutorial_taskflow_api' retrieved from /Library/Frameworks/Python.framework/Versions/3.12/lib/python3.12/site-packages/airflow/example_dags/tutorial_taskflow_api.py
[2025-05-24T04:41:07.960+0530] {logging_mixin.py:188} INFO - [2025-05-24T04:41:07.960+0530] {dag.py:3096} INFO - Sync 1 DAGs
[2025-05-24T04:41:07.968+0530] {logging_mixin.py:188} INFO - [2025-05-24T04:41:07.968+0530] {dag.py:3954} INFO - Setting next_dagrun for tutorial_taskflow_api to None, run_after=None
[2025-05-24T04:41:07.984+0530] {processor.py:183} INFO - Processing /Library/Frameworks/Python.framework/Versions/3.12/lib/python3.12/site-packages/airflow/example_dags/tutorial_taskflow_api.py took 0.210 seconds
[2025-05-24T04:43:13.449+0530] {processor.py:161} INFO - Started process (PID=16425) to work on /Library/Frameworks/Python.framework/Versions/3.12/lib/python3.12/site-packages/airflow/example_dags/tutorial_taskflow_api.py
[2025-05-24T04:43:13.450+0530] {processor.py:830} INFO - Processing file /Library/Frameworks/Python.framework/Versions/3.12/lib/python3.12/site-packages/airflow/example_dags/tutorial_taskflow_api.py for tasks to queue
[2025-05-24T04:43:13.451+0530] {logging_mixin.py:188} INFO - [2025-05-24T04:43:13.451+0530] {dagbag.py:540} INFO - Filling up the DagBag from /Library/Frameworks/Python.framework/Versions/3.12/lib/python3.12/site-packages/airflow/example_dags/tutorial_taskflow_api.py
[2025-05-24T04:43:13.483+0530] {processor.py:840} INFO - DAG(s) 'tutorial_taskflow_api' retrieved from /Library/Frameworks/Python.framework/Versions/3.12/lib/python3.12/site-packages/airflow/example_dags/tutorial_taskflow_api.py
[2025-05-24T04:43:13.624+0530] {logging_mixin.py:188} INFO - [2025-05-24T04:43:13.623+0530] {dag.py:3096} INFO - Sync 1 DAGs
[2025-05-24T04:43:13.633+0530] {logging_mixin.py:188} INFO - [2025-05-24T04:43:13.633+0530] {dag.py:3954} INFO - Setting next_dagrun for tutorial_taskflow_api to None, run_after=None
[2025-05-24T04:43:13.653+0530] {processor.py:183} INFO - Processing /Library/Frameworks/Python.framework/Versions/3.12/lib/python3.12/site-packages/airflow/example_dags/tutorial_taskflow_api.py took 0.207 seconds
[2025-05-24T04:45:13.752+0530] {processor.py:161} INFO - Started process (PID=17316) to work on /Library/Frameworks/Python.framework/Versions/3.12/lib/python3.12/site-packages/airflow/example_dags/tutorial_taskflow_api.py
[2025-05-24T04:45:13.754+0530] {processor.py:830} INFO - Processing file /Library/Frameworks/Python.framework/Versions/3.12/lib/python3.12/site-packages/airflow/example_dags/tutorial_taskflow_api.py for tasks to queue
[2025-05-24T04:45:13.754+0530] {logging_mixin.py:188} INFO - [2025-05-24T04:45:13.754+0530] {dagbag.py:540} INFO - Filling up the DagBag from /Library/Frameworks/Python.framework/Versions/3.12/lib/python3.12/site-packages/airflow/example_dags/tutorial_taskflow_api.py
[2025-05-24T04:45:13.789+0530] {processor.py:840} INFO - DAG(s) 'tutorial_taskflow_api' retrieved from /Library/Frameworks/Python.framework/Versions/3.12/lib/python3.12/site-packages/airflow/example_dags/tutorial_taskflow_api.py
[2025-05-24T04:45:13.944+0530] {logging_mixin.py:188} INFO - [2025-05-24T04:45:13.944+0530] {dag.py:3096} INFO - Sync 1 DAGs
[2025-05-24T04:45:13.954+0530] {logging_mixin.py:188} INFO - [2025-05-24T04:45:13.954+0530] {dag.py:3954} INFO - Setting next_dagrun for tutorial_taskflow_api to None, run_after=None
[2025-05-24T04:45:13.975+0530] {processor.py:183} INFO - Processing /Library/Frameworks/Python.framework/Versions/3.12/lib/python3.12/site-packages/airflow/example_dags/tutorial_taskflow_api.py took 0.226 seconds
[2025-05-24T04:47:11.498+0530] {processor.py:161} INFO - Started process (PID=17369) to work on /Library/Frameworks/Python.framework/Versions/3.12/lib/python3.12/site-packages/airflow/example_dags/tutorial_taskflow_api.py
[2025-05-24T04:47:11.500+0530] {processor.py:830} INFO - Processing file /Library/Frameworks/Python.framework/Versions/3.12/lib/python3.12/site-packages/airflow/example_dags/tutorial_taskflow_api.py for tasks to queue
[2025-05-24T04:47:11.501+0530] {logging_mixin.py:188} INFO - [2025-05-24T04:47:11.501+0530] {dagbag.py:540} INFO - Filling up the DagBag from /Library/Frameworks/Python.framework/Versions/3.12/lib/python3.12/site-packages/airflow/example_dags/tutorial_taskflow_api.py
[2025-05-24T04:47:11.535+0530] {processor.py:840} INFO - DAG(s) 'tutorial_taskflow_api' retrieved from /Library/Frameworks/Python.framework/Versions/3.12/lib/python3.12/site-packages/airflow/example_dags/tutorial_taskflow_api.py
[2025-05-24T04:47:11.677+0530] {logging_mixin.py:188} INFO - [2025-05-24T04:47:11.677+0530] {dag.py:3096} INFO - Sync 1 DAGs
[2025-05-24T04:47:11.686+0530] {logging_mixin.py:188} INFO - [2025-05-24T04:47:11.686+0530] {dag.py:3954} INFO - Setting next_dagrun for tutorial_taskflow_api to None, run_after=None
[2025-05-24T04:47:11.702+0530] {processor.py:183} INFO - Processing /Library/Frameworks/Python.framework/Versions/3.12/lib/python3.12/site-packages/airflow/example_dags/tutorial_taskflow_api.py took 0.207 seconds
[2025-05-24T04:49:18.266+0530] {processor.py:161} INFO - Started process (PID=17462) to work on /Library/Frameworks/Python.framework/Versions/3.12/lib/python3.12/site-packages/airflow/example_dags/tutorial_taskflow_api.py
[2025-05-24T04:49:18.267+0530] {processor.py:830} INFO - Processing file /Library/Frameworks/Python.framework/Versions/3.12/lib/python3.12/site-packages/airflow/example_dags/tutorial_taskflow_api.py for tasks to queue
[2025-05-24T04:49:18.267+0530] {logging_mixin.py:188} INFO - [2025-05-24T04:49:18.267+0530] {dagbag.py:540} INFO - Filling up the DagBag from /Library/Frameworks/Python.framework/Versions/3.12/lib/python3.12/site-packages/airflow/example_dags/tutorial_taskflow_api.py
[2025-05-24T04:49:18.303+0530] {processor.py:840} INFO - DAG(s) 'tutorial_taskflow_api' retrieved from /Library/Frameworks/Python.framework/Versions/3.12/lib/python3.12/site-packages/airflow/example_dags/tutorial_taskflow_api.py
[2025-05-24T04:49:18.443+0530] {logging_mixin.py:188} INFO - [2025-05-24T04:49:18.443+0530] {dag.py:3096} INFO - Sync 1 DAGs
[2025-05-24T04:49:18.451+0530] {logging_mixin.py:188} INFO - [2025-05-24T04:49:18.451+0530] {dag.py:3954} INFO - Setting next_dagrun for tutorial_taskflow_api to None, run_after=None
[2025-05-24T04:49:18.468+0530] {processor.py:183} INFO - Processing /Library/Frameworks/Python.framework/Versions/3.12/lib/python3.12/site-packages/airflow/example_dags/tutorial_taskflow_api.py took 0.205 seconds
[2025-05-24T04:51:10.057+0530] {processor.py:161} INFO - Started process (PID=17533) to work on /Library/Frameworks/Python.framework/Versions/3.12/lib/python3.12/site-packages/airflow/example_dags/tutorial_taskflow_api.py
[2025-05-24T04:51:10.058+0530] {processor.py:830} INFO - Processing file /Library/Frameworks/Python.framework/Versions/3.12/lib/python3.12/site-packages/airflow/example_dags/tutorial_taskflow_api.py for tasks to queue
[2025-05-24T04:51:10.059+0530] {logging_mixin.py:188} INFO - [2025-05-24T04:51:10.059+0530] {dagbag.py:540} INFO - Filling up the DagBag from /Library/Frameworks/Python.framework/Versions/3.12/lib/python3.12/site-packages/airflow/example_dags/tutorial_taskflow_api.py
[2025-05-24T04:51:10.095+0530] {processor.py:840} INFO - DAG(s) 'tutorial_taskflow_api' retrieved from /Library/Frameworks/Python.framework/Versions/3.12/lib/python3.12/site-packages/airflow/example_dags/tutorial_taskflow_api.py
[2025-05-24T04:51:10.235+0530] {logging_mixin.py:188} INFO - [2025-05-24T04:51:10.235+0530] {dag.py:3096} INFO - Sync 1 DAGs
[2025-05-24T04:51:10.244+0530] {logging_mixin.py:188} INFO - [2025-05-24T04:51:10.244+0530] {dag.py:3954} INFO - Setting next_dagrun for tutorial_taskflow_api to None, run_after=None
[2025-05-24T04:51:10.260+0530] {processor.py:183} INFO - Processing /Library/Frameworks/Python.framework/Versions/3.12/lib/python3.12/site-packages/airflow/example_dags/tutorial_taskflow_api.py took 0.208 seconds
[2025-05-24T04:53:03.333+0530] {processor.py:161} INFO - Started process (PID=17584) to work on /Library/Frameworks/Python.framework/Versions/3.12/lib/python3.12/site-packages/airflow/example_dags/tutorial_taskflow_api.py
[2025-05-24T04:53:03.334+0530] {processor.py:830} INFO - Processing file /Library/Frameworks/Python.framework/Versions/3.12/lib/python3.12/site-packages/airflow/example_dags/tutorial_taskflow_api.py for tasks to queue
[2025-05-24T04:53:03.334+0530] {logging_mixin.py:188} INFO - [2025-05-24T04:53:03.334+0530] {dagbag.py:540} INFO - Filling up the DagBag from /Library/Frameworks/Python.framework/Versions/3.12/lib/python3.12/site-packages/airflow/example_dags/tutorial_taskflow_api.py
[2025-05-24T04:53:03.370+0530] {processor.py:840} INFO - DAG(s) 'tutorial_taskflow_api' retrieved from /Library/Frameworks/Python.framework/Versions/3.12/lib/python3.12/site-packages/airflow/example_dags/tutorial_taskflow_api.py
[2025-05-24T04:53:03.510+0530] {logging_mixin.py:188} INFO - [2025-05-24T04:53:03.510+0530] {dag.py:3096} INFO - Sync 1 DAGs
[2025-05-24T04:53:03.518+0530] {logging_mixin.py:188} INFO - [2025-05-24T04:53:03.518+0530] {dag.py:3954} INFO - Setting next_dagrun for tutorial_taskflow_api to None, run_after=None
[2025-05-24T04:53:03.534+0530] {processor.py:183} INFO - Processing /Library/Frameworks/Python.framework/Versions/3.12/lib/python3.12/site-packages/airflow/example_dags/tutorial_taskflow_api.py took 0.204 seconds
[2025-05-24T04:54:57.505+0530] {processor.py:161} INFO - Started process (PID=17663) to work on /Library/Frameworks/Python.framework/Versions/3.12/lib/python3.12/site-packages/airflow/example_dags/tutorial_taskflow_api.py
[2025-05-24T04:54:57.506+0530] {processor.py:830} INFO - Processing file /Library/Frameworks/Python.framework/Versions/3.12/lib/python3.12/site-packages/airflow/example_dags/tutorial_taskflow_api.py for tasks to queue
[2025-05-24T04:54:57.508+0530] {logging_mixin.py:188} INFO - [2025-05-24T04:54:57.507+0530] {dagbag.py:540} INFO - Filling up the DagBag from /Library/Frameworks/Python.framework/Versions/3.12/lib/python3.12/site-packages/airflow/example_dags/tutorial_taskflow_api.py
[2025-05-24T04:54:57.544+0530] {processor.py:840} INFO - DAG(s) 'tutorial_taskflow_api' retrieved from /Library/Frameworks/Python.framework/Versions/3.12/lib/python3.12/site-packages/airflow/example_dags/tutorial_taskflow_api.py
[2025-05-24T04:54:57.691+0530] {logging_mixin.py:188} INFO - [2025-05-24T04:54:57.690+0530] {dag.py:3096} INFO - Sync 1 DAGs
[2025-05-24T04:54:57.700+0530] {logging_mixin.py:188} INFO - [2025-05-24T04:54:57.700+0530] {dag.py:3954} INFO - Setting next_dagrun for tutorial_taskflow_api to None, run_after=None
[2025-05-24T04:54:57.718+0530] {processor.py:183} INFO - Processing /Library/Frameworks/Python.framework/Versions/3.12/lib/python3.12/site-packages/airflow/example_dags/tutorial_taskflow_api.py took 0.217 seconds
[2025-05-24T04:56:52.101+0530] {processor.py:161} INFO - Started process (PID=17723) to work on /Library/Frameworks/Python.framework/Versions/3.12/lib/python3.12/site-packages/airflow/example_dags/tutorial_taskflow_api.py
[2025-05-24T04:56:52.102+0530] {processor.py:830} INFO - Processing file /Library/Frameworks/Python.framework/Versions/3.12/lib/python3.12/site-packages/airflow/example_dags/tutorial_taskflow_api.py for tasks to queue
[2025-05-24T04:56:52.103+0530] {logging_mixin.py:188} INFO - [2025-05-24T04:56:52.103+0530] {dagbag.py:540} INFO - Filling up the DagBag from /Library/Frameworks/Python.framework/Versions/3.12/lib/python3.12/site-packages/airflow/example_dags/tutorial_taskflow_api.py
[2025-05-24T04:56:52.140+0530] {processor.py:840} INFO - DAG(s) 'tutorial_taskflow_api' retrieved from /Library/Frameworks/Python.framework/Versions/3.12/lib/python3.12/site-packages/airflow/example_dags/tutorial_taskflow_api.py
[2025-05-24T04:56:52.286+0530] {logging_mixin.py:188} INFO - [2025-05-24T04:56:52.286+0530] {dag.py:3096} INFO - Sync 1 DAGs
[2025-05-24T04:56:52.295+0530] {logging_mixin.py:188} INFO - [2025-05-24T04:56:52.295+0530] {dag.py:3954} INFO - Setting next_dagrun for tutorial_taskflow_api to None, run_after=None
[2025-05-24T04:56:52.312+0530] {processor.py:183} INFO - Processing /Library/Frameworks/Python.framework/Versions/3.12/lib/python3.12/site-packages/airflow/example_dags/tutorial_taskflow_api.py took 0.215 seconds
[2025-05-24T04:58:46.647+0530] {processor.py:161} INFO - Started process (PID=17782) to work on /Library/Frameworks/Python.framework/Versions/3.12/lib/python3.12/site-packages/airflow/example_dags/tutorial_taskflow_api.py
[2025-05-24T04:58:46.648+0530] {processor.py:830} INFO - Processing file /Library/Frameworks/Python.framework/Versions/3.12/lib/python3.12/site-packages/airflow/example_dags/tutorial_taskflow_api.py for tasks to queue
[2025-05-24T04:58:46.649+0530] {logging_mixin.py:188} INFO - [2025-05-24T04:58:46.649+0530] {dagbag.py:540} INFO - Filling up the DagBag from /Library/Frameworks/Python.framework/Versions/3.12/lib/python3.12/site-packages/airflow/example_dags/tutorial_taskflow_api.py
[2025-05-24T04:58:46.684+0530] {processor.py:840} INFO - DAG(s) 'tutorial_taskflow_api' retrieved from /Library/Frameworks/Python.framework/Versions/3.12/lib/python3.12/site-packages/airflow/example_dags/tutorial_taskflow_api.py
[2025-05-24T04:58:46.820+0530] {logging_mixin.py:188} INFO - [2025-05-24T04:58:46.820+0530] {dag.py:3096} INFO - Sync 1 DAGs
[2025-05-24T04:58:46.828+0530] {logging_mixin.py:188} INFO - [2025-05-24T04:58:46.828+0530] {dag.py:3954} INFO - Setting next_dagrun for tutorial_taskflow_api to None, run_after=None
[2025-05-24T04:58:46.844+0530] {processor.py:183} INFO - Processing /Library/Frameworks/Python.framework/Versions/3.12/lib/python3.12/site-packages/airflow/example_dags/tutorial_taskflow_api.py took 0.200 seconds
[2025-05-24T05:00:39.766+0530] {processor.py:161} INFO - Started process (PID=17859) to work on /Library/Frameworks/Python.framework/Versions/3.12/lib/python3.12/site-packages/airflow/example_dags/tutorial_taskflow_api.py
[2025-05-24T05:00:39.768+0530] {processor.py:830} INFO - Processing file /Library/Frameworks/Python.framework/Versions/3.12/lib/python3.12/site-packages/airflow/example_dags/tutorial_taskflow_api.py for tasks to queue
[2025-05-24T05:00:39.769+0530] {logging_mixin.py:188} INFO - [2025-05-24T05:00:39.769+0530] {dagbag.py:540} INFO - Filling up the DagBag from /Library/Frameworks/Python.framework/Versions/3.12/lib/python3.12/site-packages/airflow/example_dags/tutorial_taskflow_api.py
[2025-05-24T05:00:39.800+0530] {processor.py:840} INFO - DAG(s) 'tutorial_taskflow_api' retrieved from /Library/Frameworks/Python.framework/Versions/3.12/lib/python3.12/site-packages/airflow/example_dags/tutorial_taskflow_api.py
[2025-05-24T05:00:39.938+0530] {logging_mixin.py:188} INFO - [2025-05-24T05:00:39.938+0530] {dag.py:3096} INFO - Sync 1 DAGs
[2025-05-24T05:00:39.946+0530] {logging_mixin.py:188} INFO - [2025-05-24T05:00:39.946+0530] {dag.py:3954} INFO - Setting next_dagrun for tutorial_taskflow_api to None, run_after=None
[2025-05-24T05:00:39.961+0530] {processor.py:183} INFO - Processing /Library/Frameworks/Python.framework/Versions/3.12/lib/python3.12/site-packages/airflow/example_dags/tutorial_taskflow_api.py took 0.198 seconds
[2025-05-24T05:02:32.930+0530] {processor.py:161} INFO - Started process (PID=17924) to work on /Library/Frameworks/Python.framework/Versions/3.12/lib/python3.12/site-packages/airflow/example_dags/tutorial_taskflow_api.py
[2025-05-24T05:02:32.932+0530] {processor.py:830} INFO - Processing file /Library/Frameworks/Python.framework/Versions/3.12/lib/python3.12/site-packages/airflow/example_dags/tutorial_taskflow_api.py for tasks to queue
[2025-05-24T05:02:32.933+0530] {logging_mixin.py:188} INFO - [2025-05-24T05:02:32.933+0530] {dagbag.py:540} INFO - Filling up the DagBag from /Library/Frameworks/Python.framework/Versions/3.12/lib/python3.12/site-packages/airflow/example_dags/tutorial_taskflow_api.py
[2025-05-24T05:02:32.972+0530] {processor.py:840} INFO - DAG(s) 'tutorial_taskflow_api' retrieved from /Library/Frameworks/Python.framework/Versions/3.12/lib/python3.12/site-packages/airflow/example_dags/tutorial_taskflow_api.py
[2025-05-24T05:02:33.154+0530] {logging_mixin.py:188} INFO - [2025-05-24T05:02:33.154+0530] {dag.py:3096} INFO - Sync 1 DAGs
[2025-05-24T05:02:33.163+0530] {logging_mixin.py:188} INFO - [2025-05-24T05:02:33.163+0530] {dag.py:3954} INFO - Setting next_dagrun for tutorial_taskflow_api to None, run_after=None
[2025-05-24T05:02:33.178+0530] {processor.py:183} INFO - Processing /Library/Frameworks/Python.framework/Versions/3.12/lib/python3.12/site-packages/airflow/example_dags/tutorial_taskflow_api.py took 0.251 seconds
[2025-05-24T05:04:25.993+0530] {processor.py:161} INFO - Started process (PID=17978) to work on /Library/Frameworks/Python.framework/Versions/3.12/lib/python3.12/site-packages/airflow/example_dags/tutorial_taskflow_api.py
[2025-05-24T05:04:25.995+0530] {processor.py:830} INFO - Processing file /Library/Frameworks/Python.framework/Versions/3.12/lib/python3.12/site-packages/airflow/example_dags/tutorial_taskflow_api.py for tasks to queue
[2025-05-24T05:04:25.995+0530] {logging_mixin.py:188} INFO - [2025-05-24T05:04:25.995+0530] {dagbag.py:540} INFO - Filling up the DagBag from /Library/Frameworks/Python.framework/Versions/3.12/lib/python3.12/site-packages/airflow/example_dags/tutorial_taskflow_api.py
[2025-05-24T05:04:26.035+0530] {processor.py:840} INFO - DAG(s) 'tutorial_taskflow_api' retrieved from /Library/Frameworks/Python.framework/Versions/3.12/lib/python3.12/site-packages/airflow/example_dags/tutorial_taskflow_api.py
[2025-05-24T05:04:26.213+0530] {logging_mixin.py:188} INFO - [2025-05-24T05:04:26.212+0530] {dag.py:3096} INFO - Sync 1 DAGs
[2025-05-24T05:04:26.221+0530] {logging_mixin.py:188} INFO - [2025-05-24T05:04:26.221+0530] {dag.py:3954} INFO - Setting next_dagrun for tutorial_taskflow_api to None, run_after=None
[2025-05-24T05:04:26.236+0530] {processor.py:183} INFO - Processing /Library/Frameworks/Python.framework/Versions/3.12/lib/python3.12/site-packages/airflow/example_dags/tutorial_taskflow_api.py took 0.247 seconds
[2025-05-24T05:06:19.352+0530] {processor.py:161} INFO - Started process (PID=18028) to work on /Library/Frameworks/Python.framework/Versions/3.12/lib/python3.12/site-packages/airflow/example_dags/tutorial_taskflow_api.py
[2025-05-24T05:06:19.353+0530] {processor.py:830} INFO - Processing file /Library/Frameworks/Python.framework/Versions/3.12/lib/python3.12/site-packages/airflow/example_dags/tutorial_taskflow_api.py for tasks to queue
[2025-05-24T05:06:19.354+0530] {logging_mixin.py:188} INFO - [2025-05-24T05:06:19.354+0530] {dagbag.py:540} INFO - Filling up the DagBag from /Library/Frameworks/Python.framework/Versions/3.12/lib/python3.12/site-packages/airflow/example_dags/tutorial_taskflow_api.py
[2025-05-24T05:06:19.390+0530] {processor.py:840} INFO - DAG(s) 'tutorial_taskflow_api' retrieved from /Library/Frameworks/Python.framework/Versions/3.12/lib/python3.12/site-packages/airflow/example_dags/tutorial_taskflow_api.py
[2025-05-24T05:06:19.563+0530] {logging_mixin.py:188} INFO - [2025-05-24T05:06:19.563+0530] {dag.py:3096} INFO - Sync 1 DAGs
[2025-05-24T05:06:19.571+0530] {logging_mixin.py:188} INFO - [2025-05-24T05:06:19.571+0530] {dag.py:3954} INFO - Setting next_dagrun for tutorial_taskflow_api to None, run_after=None
[2025-05-24T05:06:19.587+0530] {processor.py:183} INFO - Processing /Library/Frameworks/Python.framework/Versions/3.12/lib/python3.12/site-packages/airflow/example_dags/tutorial_taskflow_api.py took 0.238 seconds
[2025-05-24T05:08:09.808+0530] {processor.py:161} INFO - Started process (PID=18077) to work on /Library/Frameworks/Python.framework/Versions/3.12/lib/python3.12/site-packages/airflow/example_dags/tutorial_taskflow_api.py
[2025-05-24T05:08:09.810+0530] {processor.py:830} INFO - Processing file /Library/Frameworks/Python.framework/Versions/3.12/lib/python3.12/site-packages/airflow/example_dags/tutorial_taskflow_api.py for tasks to queue
[2025-05-24T05:08:09.811+0530] {logging_mixin.py:188} INFO - [2025-05-24T05:08:09.811+0530] {dagbag.py:540} INFO - Filling up the DagBag from /Library/Frameworks/Python.framework/Versions/3.12/lib/python3.12/site-packages/airflow/example_dags/tutorial_taskflow_api.py
[2025-05-24T05:08:09.841+0530] {processor.py:840} INFO - DAG(s) 'tutorial_taskflow_api' retrieved from /Library/Frameworks/Python.framework/Versions/3.12/lib/python3.12/site-packages/airflow/example_dags/tutorial_taskflow_api.py
[2025-05-24T05:08:09.975+0530] {logging_mixin.py:188} INFO - [2025-05-24T05:08:09.974+0530] {dag.py:3096} INFO - Sync 1 DAGs
[2025-05-24T05:08:09.983+0530] {logging_mixin.py:188} INFO - [2025-05-24T05:08:09.982+0530] {dag.py:3954} INFO - Setting next_dagrun for tutorial_taskflow_api to None, run_after=None
[2025-05-24T05:08:09.998+0530] {processor.py:183} INFO - Processing /Library/Frameworks/Python.framework/Versions/3.12/lib/python3.12/site-packages/airflow/example_dags/tutorial_taskflow_api.py took 0.194 seconds
[2025-05-24T05:10:08.667+0530] {processor.py:161} INFO - Started process (PID=18131) to work on /Library/Frameworks/Python.framework/Versions/3.12/lib/python3.12/site-packages/airflow/example_dags/tutorial_taskflow_api.py
[2025-05-24T05:10:08.669+0530] {processor.py:830} INFO - Processing file /Library/Frameworks/Python.framework/Versions/3.12/lib/python3.12/site-packages/airflow/example_dags/tutorial_taskflow_api.py for tasks to queue
[2025-05-24T05:10:08.670+0530] {logging_mixin.py:188} INFO - [2025-05-24T05:10:08.669+0530] {dagbag.py:540} INFO - Filling up the DagBag from /Library/Frameworks/Python.framework/Versions/3.12/lib/python3.12/site-packages/airflow/example_dags/tutorial_taskflow_api.py
[2025-05-24T05:10:08.701+0530] {processor.py:840} INFO - DAG(s) 'tutorial_taskflow_api' retrieved from /Library/Frameworks/Python.framework/Versions/3.12/lib/python3.12/site-packages/airflow/example_dags/tutorial_taskflow_api.py
[2025-05-24T05:10:08.837+0530] {logging_mixin.py:188} INFO - [2025-05-24T05:10:08.836+0530] {dag.py:3096} INFO - Sync 1 DAGs
[2025-05-24T05:10:08.844+0530] {logging_mixin.py:188} INFO - [2025-05-24T05:10:08.844+0530] {dag.py:3954} INFO - Setting next_dagrun for tutorial_taskflow_api to None, run_after=None
[2025-05-24T05:10:08.859+0530] {processor.py:183} INFO - Processing /Library/Frameworks/Python.framework/Versions/3.12/lib/python3.12/site-packages/airflow/example_dags/tutorial_taskflow_api.py took 0.196 seconds
[2025-05-24T05:14:40.231+0530] {processor.py:161} INFO - Started process (PID=18277) to work on /Library/Frameworks/Python.framework/Versions/3.12/lib/python3.12/site-packages/airflow/example_dags/tutorial_taskflow_api.py
[2025-05-24T05:14:40.233+0530] {processor.py:830} INFO - Processing file /Library/Frameworks/Python.framework/Versions/3.12/lib/python3.12/site-packages/airflow/example_dags/tutorial_taskflow_api.py for tasks to queue
[2025-05-24T05:14:40.235+0530] {logging_mixin.py:188} INFO - [2025-05-24T05:14:40.235+0530] {dagbag.py:540} INFO - Filling up the DagBag from /Library/Frameworks/Python.framework/Versions/3.12/lib/python3.12/site-packages/airflow/example_dags/tutorial_taskflow_api.py
[2025-05-24T05:14:40.288+0530] {processor.py:840} INFO - DAG(s) 'tutorial_taskflow_api' retrieved from /Library/Frameworks/Python.framework/Versions/3.12/lib/python3.12/site-packages/airflow/example_dags/tutorial_taskflow_api.py
[2025-05-24T05:14:40.462+0530] {logging_mixin.py:188} INFO - [2025-05-24T05:14:40.462+0530] {dag.py:3096} INFO - Sync 1 DAGs
[2025-05-24T05:14:40.474+0530] {logging_mixin.py:188} INFO - [2025-05-24T05:14:40.474+0530] {dag.py:3954} INFO - Setting next_dagrun for tutorial_taskflow_api to None, run_after=None
[2025-05-24T05:14:40.496+0530] {processor.py:183} INFO - Processing /Library/Frameworks/Python.framework/Versions/3.12/lib/python3.12/site-packages/airflow/example_dags/tutorial_taskflow_api.py took 0.269 seconds
[2025-05-24T05:16:39.896+0530] {processor.py:161} INFO - Started process (PID=18418) to work on /Library/Frameworks/Python.framework/Versions/3.12/lib/python3.12/site-packages/airflow/example_dags/tutorial_taskflow_api.py
[2025-05-24T05:16:39.898+0530] {processor.py:830} INFO - Processing file /Library/Frameworks/Python.framework/Versions/3.12/lib/python3.12/site-packages/airflow/example_dags/tutorial_taskflow_api.py for tasks to queue
[2025-05-24T05:16:39.899+0530] {logging_mixin.py:188} INFO - [2025-05-24T05:16:39.899+0530] {dagbag.py:540} INFO - Filling up the DagBag from /Library/Frameworks/Python.framework/Versions/3.12/lib/python3.12/site-packages/airflow/example_dags/tutorial_taskflow_api.py
[2025-05-24T05:16:39.936+0530] {processor.py:840} INFO - DAG(s) 'tutorial_taskflow_api' retrieved from /Library/Frameworks/Python.framework/Versions/3.12/lib/python3.12/site-packages/airflow/example_dags/tutorial_taskflow_api.py
[2025-05-24T05:16:40.103+0530] {logging_mixin.py:188} INFO - [2025-05-24T05:16:40.102+0530] {dag.py:3096} INFO - Sync 1 DAGs
[2025-05-24T05:16:40.113+0530] {logging_mixin.py:188} INFO - [2025-05-24T05:16:40.113+0530] {dag.py:3954} INFO - Setting next_dagrun for tutorial_taskflow_api to None, run_after=None
[2025-05-24T05:16:40.132+0530] {processor.py:183} INFO - Processing /Library/Frameworks/Python.framework/Versions/3.12/lib/python3.12/site-packages/airflow/example_dags/tutorial_taskflow_api.py took 0.240 seconds
[2025-05-24T05:18:40.911+0530] {processor.py:161} INFO - Started process (PID=18865) to work on /Library/Frameworks/Python.framework/Versions/3.12/lib/python3.12/site-packages/airflow/example_dags/tutorial_taskflow_api.py
[2025-05-24T05:18:40.914+0530] {processor.py:830} INFO - Processing file /Library/Frameworks/Python.framework/Versions/3.12/lib/python3.12/site-packages/airflow/example_dags/tutorial_taskflow_api.py for tasks to queue
[2025-05-24T05:18:40.915+0530] {logging_mixin.py:188} INFO - [2025-05-24T05:18:40.914+0530] {dagbag.py:540} INFO - Filling up the DagBag from /Library/Frameworks/Python.framework/Versions/3.12/lib/python3.12/site-packages/airflow/example_dags/tutorial_taskflow_api.py
[2025-05-24T05:18:40.956+0530] {processor.py:840} INFO - DAG(s) 'tutorial_taskflow_api' retrieved from /Library/Frameworks/Python.framework/Versions/3.12/lib/python3.12/site-packages/airflow/example_dags/tutorial_taskflow_api.py
[2025-05-24T05:18:41.140+0530] {logging_mixin.py:188} INFO - [2025-05-24T05:18:41.140+0530] {dag.py:3096} INFO - Sync 1 DAGs
[2025-05-24T05:18:41.150+0530] {logging_mixin.py:188} INFO - [2025-05-24T05:18:41.150+0530] {dag.py:3954} INFO - Setting next_dagrun for tutorial_taskflow_api to None, run_after=None
[2025-05-24T05:18:41.169+0530] {processor.py:183} INFO - Processing /Library/Frameworks/Python.framework/Versions/3.12/lib/python3.12/site-packages/airflow/example_dags/tutorial_taskflow_api.py took 0.261 seconds
[2025-05-24T05:20:36.191+0530] {processor.py:161} INFO - Started process (PID=19029) to work on /Library/Frameworks/Python.framework/Versions/3.12/lib/python3.12/site-packages/airflow/example_dags/tutorial_taskflow_api.py
[2025-05-24T05:20:36.192+0530] {processor.py:830} INFO - Processing file /Library/Frameworks/Python.framework/Versions/3.12/lib/python3.12/site-packages/airflow/example_dags/tutorial_taskflow_api.py for tasks to queue
[2025-05-24T05:20:36.193+0530] {logging_mixin.py:188} INFO - [2025-05-24T05:20:36.192+0530] {dagbag.py:540} INFO - Filling up the DagBag from /Library/Frameworks/Python.framework/Versions/3.12/lib/python3.12/site-packages/airflow/example_dags/tutorial_taskflow_api.py
[2025-05-24T05:20:36.230+0530] {processor.py:840} INFO - DAG(s) 'tutorial_taskflow_api' retrieved from /Library/Frameworks/Python.framework/Versions/3.12/lib/python3.12/site-packages/airflow/example_dags/tutorial_taskflow_api.py
[2025-05-24T05:20:36.380+0530] {logging_mixin.py:188} INFO - [2025-05-24T05:20:36.380+0530] {dag.py:3096} INFO - Sync 1 DAGs
[2025-05-24T05:20:36.389+0530] {logging_mixin.py:188} INFO - [2025-05-24T05:20:36.389+0530] {dag.py:3954} INFO - Setting next_dagrun for tutorial_taskflow_api to None, run_after=None
[2025-05-24T05:20:36.406+0530] {processor.py:183} INFO - Processing /Library/Frameworks/Python.framework/Versions/3.12/lib/python3.12/site-packages/airflow/example_dags/tutorial_taskflow_api.py took 0.219 seconds
