[2025-05-24T04:22:40.657+0530] {processor.py:161} INFO - Started process (PID=15629) to work on /Library/Frameworks/Python.framework/Versions/3.12/lib/python3.12/site-packages/airflow/example_dags/tutorial.py
[2025-05-24T04:22:40.659+0530] {processor.py:830} INFO - Processing file /Library/Frameworks/Python.framework/Versions/3.12/lib/python3.12/site-packages/airflow/example_dags/tutorial.py for tasks to queue
[2025-05-24T04:22:40.660+0530] {logging_mixin.py:188} INFO - [2025-05-24T04:22:40.660+0530] {dagbag.py:540} INFO - Filling up the DagBag from /Library/Frameworks/Python.framework/Versions/3.12/lib/python3.12/site-packages/airflow/example_dags/tutorial.py
[2025-05-24T04:22:40.669+0530] {processor.py:840} INFO - DAG(s) 'tutorial' retrieved from /Library/Frameworks/Python.framework/Versions/3.12/lib/python3.12/site-packages/airflow/example_dags/tutorial.py
[2025-05-24T04:22:40.953+0530] {logging_mixin.py:188} INFO - [2025-05-24T04:22:40.953+0530] {dag.py:3096} INFO - Sync 1 DAGs
[2025-05-24T04:22:40.966+0530] {logging_mixin.py:188} INFO - [2025-05-24T04:22:40.966+0530] {dag.py:3954} INFO - Setting next_dagrun for tutorial to 2025-05-22 00:00:00+00:00, run_after=2025-05-23 00:00:00+00:00
[2025-05-24T04:22:40.982+0530] {processor.py:183} INFO - Processing /Library/Frameworks/Python.framework/Versions/3.12/lib/python3.12/site-packages/airflow/example_dags/tutorial.py took 0.329 seconds
[2025-05-24T04:25:20.612+0530] {processor.py:161} INFO - Started process (PID=15738) to work on /Library/Frameworks/Python.framework/Versions/3.12/lib/python3.12/site-packages/airflow/example_dags/tutorial.py
[2025-05-24T04:25:20.613+0530] {processor.py:830} INFO - Processing file /Library/Frameworks/Python.framework/Versions/3.12/lib/python3.12/site-packages/airflow/example_dags/tutorial.py for tasks to queue
[2025-05-24T04:25:20.613+0530] {logging_mixin.py:188} INFO - [2025-05-24T04:25:20.613+0530] {dagbag.py:540} INFO - Filling up the DagBag from /Library/Frameworks/Python.framework/Versions/3.12/lib/python3.12/site-packages/airflow/example_dags/tutorial.py
[2025-05-24T04:25:20.621+0530] {processor.py:840} INFO - DAG(s) 'tutorial' retrieved from /Library/Frameworks/Python.framework/Versions/3.12/lib/python3.12/site-packages/airflow/example_dags/tutorial.py
[2025-05-24T04:25:20.759+0530] {logging_mixin.py:188} INFO - [2025-05-24T04:25:20.759+0530] {dag.py:3096} INFO - Sync 1 DAGs
[2025-05-24T04:25:20.777+0530] {logging_mixin.py:188} INFO - [2025-05-24T04:25:20.776+0530] {dag.py:3954} INFO - Setting next_dagrun for tutorial to 2025-05-22 00:00:00+00:00, run_after=2025-05-23 00:00:00+00:00
[2025-05-24T04:25:20.794+0530] {processor.py:183} INFO - Processing /Library/Frameworks/Python.framework/Versions/3.12/lib/python3.12/site-packages/airflow/example_dags/tutorial.py took 0.185 seconds
[2025-05-24T04:27:17.258+0530] {processor.py:161} INFO - Started process (PID=15793) to work on /Library/Frameworks/Python.framework/Versions/3.12/lib/python3.12/site-packages/airflow/example_dags/tutorial.py
[2025-05-24T04:27:17.259+0530] {processor.py:830} INFO - Processing file /Library/Frameworks/Python.framework/Versions/3.12/lib/python3.12/site-packages/airflow/example_dags/tutorial.py for tasks to queue
[2025-05-24T04:27:17.260+0530] {logging_mixin.py:188} INFO - [2025-05-24T04:27:17.260+0530] {dagbag.py:540} INFO - Filling up the DagBag from /Library/Frameworks/Python.framework/Versions/3.12/lib/python3.12/site-packages/airflow/example_dags/tutorial.py
[2025-05-24T04:27:17.268+0530] {processor.py:840} INFO - DAG(s) 'tutorial' retrieved from /Library/Frameworks/Python.framework/Versions/3.12/lib/python3.12/site-packages/airflow/example_dags/tutorial.py
[2025-05-24T04:27:17.409+0530] {logging_mixin.py:188} INFO - [2025-05-24T04:27:17.408+0530] {dag.py:3096} INFO - Sync 1 DAGs
[2025-05-24T04:27:17.426+0530] {logging_mixin.py:188} INFO - [2025-05-24T04:27:17.426+0530] {dag.py:3954} INFO - Setting next_dagrun for tutorial to 2025-05-22 00:00:00+00:00, run_after=2025-05-23 00:00:00+00:00
[2025-05-24T04:27:17.444+0530] {processor.py:183} INFO - Processing /Library/Frameworks/Python.framework/Versions/3.12/lib/python3.12/site-packages/airflow/example_dags/tutorial.py took 0.190 seconds
[2025-05-24T04:29:11.133+0530] {processor.py:161} INFO - Started process (PID=15842) to work on /Library/Frameworks/Python.framework/Versions/3.12/lib/python3.12/site-packages/airflow/example_dags/tutorial.py
[2025-05-24T04:29:11.135+0530] {processor.py:830} INFO - Processing file /Library/Frameworks/Python.framework/Versions/3.12/lib/python3.12/site-packages/airflow/example_dags/tutorial.py for tasks to queue
[2025-05-24T04:29:11.135+0530] {logging_mixin.py:188} INFO - [2025-05-24T04:29:11.135+0530] {dagbag.py:540} INFO - Filling up the DagBag from /Library/Frameworks/Python.framework/Versions/3.12/lib/python3.12/site-packages/airflow/example_dags/tutorial.py
[2025-05-24T04:29:11.142+0530] {processor.py:840} INFO - DAG(s) 'tutorial' retrieved from /Library/Frameworks/Python.framework/Versions/3.12/lib/python3.12/site-packages/airflow/example_dags/tutorial.py
[2025-05-24T04:29:11.283+0530] {logging_mixin.py:188} INFO - [2025-05-24T04:29:11.283+0530] {dag.py:3096} INFO - Sync 1 DAGs
[2025-05-24T04:29:11.301+0530] {logging_mixin.py:188} INFO - [2025-05-24T04:29:11.301+0530] {dag.py:3954} INFO - Setting next_dagrun for tutorial to 2025-05-22 00:00:00+00:00, run_after=2025-05-23 00:00:00+00:00
[2025-05-24T04:29:11.319+0530] {processor.py:183} INFO - Processing /Library/Frameworks/Python.framework/Versions/3.12/lib/python3.12/site-packages/airflow/example_dags/tutorial.py took 0.189 seconds
[2025-05-24T04:31:08.469+0530] {processor.py:161} INFO - Started process (PID=15920) to work on /Library/Frameworks/Python.framework/Versions/3.12/lib/python3.12/site-packages/airflow/example_dags/tutorial.py
[2025-05-24T04:31:08.470+0530] {processor.py:830} INFO - Processing file /Library/Frameworks/Python.framework/Versions/3.12/lib/python3.12/site-packages/airflow/example_dags/tutorial.py for tasks to queue
[2025-05-24T04:31:08.471+0530] {logging_mixin.py:188} INFO - [2025-05-24T04:31:08.471+0530] {dagbag.py:540} INFO - Filling up the DagBag from /Library/Frameworks/Python.framework/Versions/3.12/lib/python3.12/site-packages/airflow/example_dags/tutorial.py
[2025-05-24T04:31:08.480+0530] {processor.py:840} INFO - DAG(s) 'tutorial' retrieved from /Library/Frameworks/Python.framework/Versions/3.12/lib/python3.12/site-packages/airflow/example_dags/tutorial.py
[2025-05-24T04:31:08.614+0530] {logging_mixin.py:188} INFO - [2025-05-24T04:31:08.614+0530] {dag.py:3096} INFO - Sync 1 DAGs
[2025-05-24T04:31:08.632+0530] {logging_mixin.py:188} INFO - [2025-05-24T04:31:08.632+0530] {dag.py:3954} INFO - Setting next_dagrun for tutorial to 2025-05-22 00:00:00+00:00, run_after=2025-05-23 00:00:00+00:00
[2025-05-24T04:31:08.650+0530] {processor.py:183} INFO - Processing /Library/Frameworks/Python.framework/Versions/3.12/lib/python3.12/site-packages/airflow/example_dags/tutorial.py took 0.184 seconds
[2025-05-24T04:33:06.826+0530] {processor.py:161} INFO - Started process (PID=15986) to work on /Library/Frameworks/Python.framework/Versions/3.12/lib/python3.12/site-packages/airflow/example_dags/tutorial.py
[2025-05-24T04:33:06.828+0530] {processor.py:830} INFO - Processing file /Library/Frameworks/Python.framework/Versions/3.12/lib/python3.12/site-packages/airflow/example_dags/tutorial.py for tasks to queue
[2025-05-24T04:33:06.829+0530] {logging_mixin.py:188} INFO - [2025-05-24T04:33:06.829+0530] {dagbag.py:540} INFO - Filling up the DagBag from /Library/Frameworks/Python.framework/Versions/3.12/lib/python3.12/site-packages/airflow/example_dags/tutorial.py
[2025-05-24T04:33:06.839+0530] {processor.py:840} INFO - DAG(s) 'tutorial' retrieved from /Library/Frameworks/Python.framework/Versions/3.12/lib/python3.12/site-packages/airflow/example_dags/tutorial.py
[2025-05-24T04:33:07.000+0530] {logging_mixin.py:188} INFO - [2025-05-24T04:33:07.000+0530] {dag.py:3096} INFO - Sync 1 DAGs
[2025-05-24T04:33:07.021+0530] {logging_mixin.py:188} INFO - [2025-05-24T04:33:07.021+0530] {dag.py:3954} INFO - Setting next_dagrun for tutorial to 2025-05-22 00:00:00+00:00, run_after=2025-05-23 00:00:00+00:00
[2025-05-24T04:33:07.039+0530] {processor.py:183} INFO - Processing /Library/Frameworks/Python.framework/Versions/3.12/lib/python3.12/site-packages/airflow/example_dags/tutorial.py took 0.216 seconds
[2025-05-24T04:35:12.739+0530] {processor.py:161} INFO - Started process (PID=16066) to work on /Library/Frameworks/Python.framework/Versions/3.12/lib/python3.12/site-packages/airflow/example_dags/tutorial.py
[2025-05-24T04:35:12.741+0530] {processor.py:830} INFO - Processing file /Library/Frameworks/Python.framework/Versions/3.12/lib/python3.12/site-packages/airflow/example_dags/tutorial.py for tasks to queue
[2025-05-24T04:35:12.742+0530] {logging_mixin.py:188} INFO - [2025-05-24T04:35:12.742+0530] {dagbag.py:540} INFO - Filling up the DagBag from /Library/Frameworks/Python.framework/Versions/3.12/lib/python3.12/site-packages/airflow/example_dags/tutorial.py
[2025-05-24T04:35:12.750+0530] {processor.py:840} INFO - DAG(s) 'tutorial' retrieved from /Library/Frameworks/Python.framework/Versions/3.12/lib/python3.12/site-packages/airflow/example_dags/tutorial.py
[2025-05-24T04:35:12.889+0530] {logging_mixin.py:188} INFO - [2025-05-24T04:35:12.889+0530] {dag.py:3096} INFO - Sync 1 DAGs
[2025-05-24T04:35:12.907+0530] {logging_mixin.py:188} INFO - [2025-05-24T04:35:12.907+0530] {dag.py:3954} INFO - Setting next_dagrun for tutorial to 2025-05-22 00:00:00+00:00, run_after=2025-05-23 00:00:00+00:00
[2025-05-24T04:35:12.926+0530] {processor.py:183} INFO - Processing /Library/Frameworks/Python.framework/Versions/3.12/lib/python3.12/site-packages/airflow/example_dags/tutorial.py took 0.191 seconds
[2025-05-24T04:37:13.338+0530] {processor.py:161} INFO - Started process (PID=16131) to work on /Library/Frameworks/Python.framework/Versions/3.12/lib/python3.12/site-packages/airflow/example_dags/tutorial.py
[2025-05-24T04:37:13.339+0530] {processor.py:830} INFO - Processing file /Library/Frameworks/Python.framework/Versions/3.12/lib/python3.12/site-packages/airflow/example_dags/tutorial.py for tasks to queue
[2025-05-24T04:37:13.341+0530] {logging_mixin.py:188} INFO - [2025-05-24T04:37:13.340+0530] {dagbag.py:540} INFO - Filling up the DagBag from /Library/Frameworks/Python.framework/Versions/3.12/lib/python3.12/site-packages/airflow/example_dags/tutorial.py
[2025-05-24T04:37:13.348+0530] {processor.py:840} INFO - DAG(s) 'tutorial' retrieved from /Library/Frameworks/Python.framework/Versions/3.12/lib/python3.12/site-packages/airflow/example_dags/tutorial.py
[2025-05-24T04:37:13.482+0530] {logging_mixin.py:188} INFO - [2025-05-24T04:37:13.481+0530] {dag.py:3096} INFO - Sync 1 DAGs
[2025-05-24T04:37:13.499+0530] {logging_mixin.py:188} INFO - [2025-05-24T04:37:13.499+0530] {dag.py:3954} INFO - Setting next_dagrun for tutorial to 2025-05-22 00:00:00+00:00, run_after=2025-05-23 00:00:00+00:00
[2025-05-24T04:37:13.520+0530] {processor.py:183} INFO - Processing /Library/Frameworks/Python.framework/Versions/3.12/lib/python3.12/site-packages/airflow/example_dags/tutorial.py took 0.186 seconds
[2025-05-24T04:39:12.543+0530] {processor.py:161} INFO - Started process (PID=16201) to work on /Library/Frameworks/Python.framework/Versions/3.12/lib/python3.12/site-packages/airflow/example_dags/tutorial.py
[2025-05-24T04:39:12.544+0530] {processor.py:830} INFO - Processing file /Library/Frameworks/Python.framework/Versions/3.12/lib/python3.12/site-packages/airflow/example_dags/tutorial.py for tasks to queue
[2025-05-24T04:39:12.545+0530] {logging_mixin.py:188} INFO - [2025-05-24T04:39:12.545+0530] {dagbag.py:540} INFO - Filling up the DagBag from /Library/Frameworks/Python.framework/Versions/3.12/lib/python3.12/site-packages/airflow/example_dags/tutorial.py
[2025-05-24T04:39:12.553+0530] {processor.py:840} INFO - DAG(s) 'tutorial' retrieved from /Library/Frameworks/Python.framework/Versions/3.12/lib/python3.12/site-packages/airflow/example_dags/tutorial.py
[2025-05-24T04:39:12.697+0530] {logging_mixin.py:188} INFO - [2025-05-24T04:39:12.697+0530] {dag.py:3096} INFO - Sync 1 DAGs
[2025-05-24T04:39:12.715+0530] {logging_mixin.py:188} INFO - [2025-05-24T04:39:12.715+0530] {dag.py:3954} INFO - Setting next_dagrun for tutorial to 2025-05-22 00:00:00+00:00, run_after=2025-05-23 00:00:00+00:00
[2025-05-24T04:39:12.734+0530] {processor.py:183} INFO - Processing /Library/Frameworks/Python.framework/Versions/3.12/lib/python3.12/site-packages/airflow/example_dags/tutorial.py took 0.194 seconds
[2025-05-24T04:41:15.832+0530] {processor.py:161} INFO - Started process (PID=16277) to work on /Library/Frameworks/Python.framework/Versions/3.12/lib/python3.12/site-packages/airflow/example_dags/tutorial.py
[2025-05-24T04:41:15.833+0530] {processor.py:830} INFO - Processing file /Library/Frameworks/Python.framework/Versions/3.12/lib/python3.12/site-packages/airflow/example_dags/tutorial.py for tasks to queue
[2025-05-24T04:41:15.833+0530] {logging_mixin.py:188} INFO - [2025-05-24T04:41:15.833+0530] {dagbag.py:540} INFO - Filling up the DagBag from /Library/Frameworks/Python.framework/Versions/3.12/lib/python3.12/site-packages/airflow/example_dags/tutorial.py
[2025-05-24T04:41:15.841+0530] {processor.py:840} INFO - DAG(s) 'tutorial' retrieved from /Library/Frameworks/Python.framework/Versions/3.12/lib/python3.12/site-packages/airflow/example_dags/tutorial.py
[2025-05-24T04:41:15.986+0530] {logging_mixin.py:188} INFO - [2025-05-24T04:41:15.985+0530] {dag.py:3096} INFO - Sync 1 DAGs
[2025-05-24T04:41:16.003+0530] {logging_mixin.py:188} INFO - [2025-05-24T04:41:16.003+0530] {dag.py:3954} INFO - Setting next_dagrun for tutorial to 2025-05-22 00:00:00+00:00, run_after=2025-05-23 00:00:00+00:00
[2025-05-24T04:41:16.021+0530] {processor.py:183} INFO - Processing /Library/Frameworks/Python.framework/Versions/3.12/lib/python3.12/site-packages/airflow/example_dags/tutorial.py took 0.193 seconds
[2025-05-24T04:43:21.979+0530] {processor.py:161} INFO - Started process (PID=16584) to work on /Library/Frameworks/Python.framework/Versions/3.12/lib/python3.12/site-packages/airflow/example_dags/tutorial.py
[2025-05-24T04:43:21.981+0530] {processor.py:830} INFO - Processing file /Library/Frameworks/Python.framework/Versions/3.12/lib/python3.12/site-packages/airflow/example_dags/tutorial.py for tasks to queue
[2025-05-24T04:43:21.981+0530] {logging_mixin.py:188} INFO - [2025-05-24T04:43:21.981+0530] {dagbag.py:540} INFO - Filling up the DagBag from /Library/Frameworks/Python.framework/Versions/3.12/lib/python3.12/site-packages/airflow/example_dags/tutorial.py
[2025-05-24T04:43:21.989+0530] {processor.py:840} INFO - DAG(s) 'tutorial' retrieved from /Library/Frameworks/Python.framework/Versions/3.12/lib/python3.12/site-packages/airflow/example_dags/tutorial.py
[2025-05-24T04:43:22.128+0530] {logging_mixin.py:188} INFO - [2025-05-24T04:43:22.127+0530] {dag.py:3096} INFO - Sync 1 DAGs
[2025-05-24T04:43:22.144+0530] {logging_mixin.py:188} INFO - [2025-05-24T04:43:22.144+0530] {dag.py:3954} INFO - Setting next_dagrun for tutorial to 2025-05-22 00:00:00+00:00, run_after=2025-05-23 00:00:00+00:00
[2025-05-24T04:43:22.161+0530] {processor.py:183} INFO - Processing /Library/Frameworks/Python.framework/Versions/3.12/lib/python3.12/site-packages/airflow/example_dags/tutorial.py took 0.185 seconds
[2025-05-24T04:45:22.271+0530] {processor.py:161} INFO - Started process (PID=17321) to work on /Library/Frameworks/Python.framework/Versions/3.12/lib/python3.12/site-packages/airflow/example_dags/tutorial.py
[2025-05-24T04:45:22.272+0530] {processor.py:830} INFO - Processing file /Library/Frameworks/Python.framework/Versions/3.12/lib/python3.12/site-packages/airflow/example_dags/tutorial.py for tasks to queue
[2025-05-24T04:45:22.273+0530] {logging_mixin.py:188} INFO - [2025-05-24T04:45:22.272+0530] {dagbag.py:540} INFO - Filling up the DagBag from /Library/Frameworks/Python.framework/Versions/3.12/lib/python3.12/site-packages/airflow/example_dags/tutorial.py
[2025-05-24T04:45:22.280+0530] {processor.py:840} INFO - DAG(s) 'tutorial' retrieved from /Library/Frameworks/Python.framework/Versions/3.12/lib/python3.12/site-packages/airflow/example_dags/tutorial.py
[2025-05-24T04:45:22.420+0530] {logging_mixin.py:188} INFO - [2025-05-24T04:45:22.420+0530] {dag.py:3096} INFO - Sync 1 DAGs
[2025-05-24T04:45:22.437+0530] {logging_mixin.py:188} INFO - [2025-05-24T04:45:22.437+0530] {dag.py:3954} INFO - Setting next_dagrun for tutorial to 2025-05-22 00:00:00+00:00, run_after=2025-05-23 00:00:00+00:00
[2025-05-24T04:45:22.455+0530] {processor.py:183} INFO - Processing /Library/Frameworks/Python.framework/Versions/3.12/lib/python3.12/site-packages/airflow/example_dags/tutorial.py took 0.187 seconds
[2025-05-24T04:47:19.659+0530] {processor.py:161} INFO - Started process (PID=17375) to work on /Library/Frameworks/Python.framework/Versions/3.12/lib/python3.12/site-packages/airflow/example_dags/tutorial.py
[2025-05-24T04:47:19.660+0530] {processor.py:830} INFO - Processing file /Library/Frameworks/Python.framework/Versions/3.12/lib/python3.12/site-packages/airflow/example_dags/tutorial.py for tasks to queue
[2025-05-24T04:47:19.662+0530] {logging_mixin.py:188} INFO - [2025-05-24T04:47:19.661+0530] {dagbag.py:540} INFO - Filling up the DagBag from /Library/Frameworks/Python.framework/Versions/3.12/lib/python3.12/site-packages/airflow/example_dags/tutorial.py
[2025-05-24T04:47:19.670+0530] {processor.py:840} INFO - DAG(s) 'tutorial' retrieved from /Library/Frameworks/Python.framework/Versions/3.12/lib/python3.12/site-packages/airflow/example_dags/tutorial.py
[2025-05-24T04:47:19.807+0530] {logging_mixin.py:188} INFO - [2025-05-24T04:47:19.807+0530] {dag.py:3096} INFO - Sync 1 DAGs
[2025-05-24T04:47:19.824+0530] {logging_mixin.py:188} INFO - [2025-05-24T04:47:19.824+0530] {dag.py:3954} INFO - Setting next_dagrun for tutorial to 2025-05-22 00:00:00+00:00, run_after=2025-05-23 00:00:00+00:00
[2025-05-24T04:47:19.842+0530] {processor.py:183} INFO - Processing /Library/Frameworks/Python.framework/Versions/3.12/lib/python3.12/site-packages/airflow/example_dags/tutorial.py took 0.186 seconds
[2025-05-24T04:49:25.091+0530] {processor.py:161} INFO - Started process (PID=17465) to work on /Library/Frameworks/Python.framework/Versions/3.12/lib/python3.12/site-packages/airflow/example_dags/tutorial.py
[2025-05-24T04:49:25.091+0530] {processor.py:830} INFO - Processing file /Library/Frameworks/Python.framework/Versions/3.12/lib/python3.12/site-packages/airflow/example_dags/tutorial.py for tasks to queue
[2025-05-24T04:49:25.092+0530] {logging_mixin.py:188} INFO - [2025-05-24T04:49:25.092+0530] {dagbag.py:540} INFO - Filling up the DagBag from /Library/Frameworks/Python.framework/Versions/3.12/lib/python3.12/site-packages/airflow/example_dags/tutorial.py
[2025-05-24T04:49:25.099+0530] {processor.py:840} INFO - DAG(s) 'tutorial' retrieved from /Library/Frameworks/Python.framework/Versions/3.12/lib/python3.12/site-packages/airflow/example_dags/tutorial.py
[2025-05-24T04:49:25.237+0530] {logging_mixin.py:188} INFO - [2025-05-24T04:49:25.237+0530] {dag.py:3096} INFO - Sync 1 DAGs
[2025-05-24T04:49:25.254+0530] {logging_mixin.py:188} INFO - [2025-05-24T04:49:25.254+0530] {dag.py:3954} INFO - Setting next_dagrun for tutorial to 2025-05-22 00:00:00+00:00, run_after=2025-05-23 00:00:00+00:00
[2025-05-24T04:49:25.272+0530] {processor.py:183} INFO - Processing /Library/Frameworks/Python.framework/Versions/3.12/lib/python3.12/site-packages/airflow/example_dags/tutorial.py took 0.184 seconds
[2025-05-24T04:51:18.488+0530] {processor.py:161} INFO - Started process (PID=17538) to work on /Library/Frameworks/Python.framework/Versions/3.12/lib/python3.12/site-packages/airflow/example_dags/tutorial.py
[2025-05-24T04:51:18.489+0530] {processor.py:830} INFO - Processing file /Library/Frameworks/Python.framework/Versions/3.12/lib/python3.12/site-packages/airflow/example_dags/tutorial.py for tasks to queue
[2025-05-24T04:51:18.489+0530] {logging_mixin.py:188} INFO - [2025-05-24T04:51:18.489+0530] {dagbag.py:540} INFO - Filling up the DagBag from /Library/Frameworks/Python.framework/Versions/3.12/lib/python3.12/site-packages/airflow/example_dags/tutorial.py
[2025-05-24T04:51:18.497+0530] {processor.py:840} INFO - DAG(s) 'tutorial' retrieved from /Library/Frameworks/Python.framework/Versions/3.12/lib/python3.12/site-packages/airflow/example_dags/tutorial.py
[2025-05-24T04:51:18.635+0530] {logging_mixin.py:188} INFO - [2025-05-24T04:51:18.634+0530] {dag.py:3096} INFO - Sync 1 DAGs
[2025-05-24T04:51:18.652+0530] {logging_mixin.py:188} INFO - [2025-05-24T04:51:18.651+0530] {dag.py:3954} INFO - Setting next_dagrun for tutorial to 2025-05-22 00:00:00+00:00, run_after=2025-05-23 00:00:00+00:00
[2025-05-24T04:51:18.670+0530] {processor.py:183} INFO - Processing /Library/Frameworks/Python.framework/Versions/3.12/lib/python3.12/site-packages/airflow/example_dags/tutorial.py took 0.185 seconds
[2025-05-24T04:53:11.690+0530] {processor.py:161} INFO - Started process (PID=17587) to work on /Library/Frameworks/Python.framework/Versions/3.12/lib/python3.12/site-packages/airflow/example_dags/tutorial.py
[2025-05-24T04:53:11.691+0530] {processor.py:830} INFO - Processing file /Library/Frameworks/Python.framework/Versions/3.12/lib/python3.12/site-packages/airflow/example_dags/tutorial.py for tasks to queue
[2025-05-24T04:53:11.692+0530] {logging_mixin.py:188} INFO - [2025-05-24T04:53:11.692+0530] {dagbag.py:540} INFO - Filling up the DagBag from /Library/Frameworks/Python.framework/Versions/3.12/lib/python3.12/site-packages/airflow/example_dags/tutorial.py
[2025-05-24T04:53:11.699+0530] {processor.py:840} INFO - DAG(s) 'tutorial' retrieved from /Library/Frameworks/Python.framework/Versions/3.12/lib/python3.12/site-packages/airflow/example_dags/tutorial.py
[2025-05-24T04:53:11.835+0530] {logging_mixin.py:188} INFO - [2025-05-24T04:53:11.835+0530] {dag.py:3096} INFO - Sync 1 DAGs
[2025-05-24T04:53:11.854+0530] {logging_mixin.py:188} INFO - [2025-05-24T04:53:11.853+0530] {dag.py:3954} INFO - Setting next_dagrun for tutorial to 2025-05-22 00:00:00+00:00, run_after=2025-05-23 00:00:00+00:00
[2025-05-24T04:53:11.872+0530] {processor.py:183} INFO - Processing /Library/Frameworks/Python.framework/Versions/3.12/lib/python3.12/site-packages/airflow/example_dags/tutorial.py took 0.186 seconds
[2025-05-24T04:55:06.007+0530] {processor.py:161} INFO - Started process (PID=17668) to work on /Library/Frameworks/Python.framework/Versions/3.12/lib/python3.12/site-packages/airflow/example_dags/tutorial.py
[2025-05-24T04:55:06.008+0530] {processor.py:830} INFO - Processing file /Library/Frameworks/Python.framework/Versions/3.12/lib/python3.12/site-packages/airflow/example_dags/tutorial.py for tasks to queue
[2025-05-24T04:55:06.009+0530] {logging_mixin.py:188} INFO - [2025-05-24T04:55:06.009+0530] {dagbag.py:540} INFO - Filling up the DagBag from /Library/Frameworks/Python.framework/Versions/3.12/lib/python3.12/site-packages/airflow/example_dags/tutorial.py
[2025-05-24T04:55:06.017+0530] {processor.py:840} INFO - DAG(s) 'tutorial' retrieved from /Library/Frameworks/Python.framework/Versions/3.12/lib/python3.12/site-packages/airflow/example_dags/tutorial.py
[2025-05-24T04:55:06.161+0530] {logging_mixin.py:188} INFO - [2025-05-24T04:55:06.161+0530] {dag.py:3096} INFO - Sync 1 DAGs
[2025-05-24T04:55:06.180+0530] {logging_mixin.py:188} INFO - [2025-05-24T04:55:06.180+0530] {dag.py:3954} INFO - Setting next_dagrun for tutorial to 2025-05-22 00:00:00+00:00, run_after=2025-05-23 00:00:00+00:00
[2025-05-24T04:55:06.198+0530] {processor.py:183} INFO - Processing /Library/Frameworks/Python.framework/Versions/3.12/lib/python3.12/site-packages/airflow/example_dags/tutorial.py took 0.194 seconds
[2025-05-24T04:57:00.627+0530] {processor.py:161} INFO - Started process (PID=17726) to work on /Library/Frameworks/Python.framework/Versions/3.12/lib/python3.12/site-packages/airflow/example_dags/tutorial.py
[2025-05-24T04:57:00.628+0530] {processor.py:830} INFO - Processing file /Library/Frameworks/Python.framework/Versions/3.12/lib/python3.12/site-packages/airflow/example_dags/tutorial.py for tasks to queue
[2025-05-24T04:57:00.629+0530] {logging_mixin.py:188} INFO - [2025-05-24T04:57:00.629+0530] {dagbag.py:540} INFO - Filling up the DagBag from /Library/Frameworks/Python.framework/Versions/3.12/lib/python3.12/site-packages/airflow/example_dags/tutorial.py
[2025-05-24T04:57:00.637+0530] {processor.py:840} INFO - DAG(s) 'tutorial' retrieved from /Library/Frameworks/Python.framework/Versions/3.12/lib/python3.12/site-packages/airflow/example_dags/tutorial.py
[2025-05-24T04:57:00.771+0530] {logging_mixin.py:188} INFO - [2025-05-24T04:57:00.771+0530] {dag.py:3096} INFO - Sync 1 DAGs
[2025-05-24T04:57:00.788+0530] {logging_mixin.py:188} INFO - [2025-05-24T04:57:00.788+0530] {dag.py:3954} INFO - Setting next_dagrun for tutorial to 2025-05-22 00:00:00+00:00, run_after=2025-05-23 00:00:00+00:00
[2025-05-24T04:57:00.807+0530] {processor.py:183} INFO - Processing /Library/Frameworks/Python.framework/Versions/3.12/lib/python3.12/site-packages/airflow/example_dags/tutorial.py took 0.183 seconds
[2025-05-24T04:58:55.203+0530] {processor.py:161} INFO - Started process (PID=17785) to work on /Library/Frameworks/Python.framework/Versions/3.12/lib/python3.12/site-packages/airflow/example_dags/tutorial.py
[2025-05-24T04:58:55.205+0530] {processor.py:830} INFO - Processing file /Library/Frameworks/Python.framework/Versions/3.12/lib/python3.12/site-packages/airflow/example_dags/tutorial.py for tasks to queue
[2025-05-24T04:58:55.206+0530] {logging_mixin.py:188} INFO - [2025-05-24T04:58:55.206+0530] {dagbag.py:540} INFO - Filling up the DagBag from /Library/Frameworks/Python.framework/Versions/3.12/lib/python3.12/site-packages/airflow/example_dags/tutorial.py
[2025-05-24T04:58:55.215+0530] {processor.py:840} INFO - DAG(s) 'tutorial' retrieved from /Library/Frameworks/Python.framework/Versions/3.12/lib/python3.12/site-packages/airflow/example_dags/tutorial.py
[2025-05-24T04:58:55.357+0530] {logging_mixin.py:188} INFO - [2025-05-24T04:58:55.357+0530] {dag.py:3096} INFO - Sync 1 DAGs
[2025-05-24T04:58:55.375+0530] {logging_mixin.py:188} INFO - [2025-05-24T04:58:55.375+0530] {dag.py:3954} INFO - Setting next_dagrun for tutorial to 2025-05-22 00:00:00+00:00, run_after=2025-05-23 00:00:00+00:00
[2025-05-24T04:58:55.393+0530] {processor.py:183} INFO - Processing /Library/Frameworks/Python.framework/Versions/3.12/lib/python3.12/site-packages/airflow/example_dags/tutorial.py took 0.194 seconds
[2025-05-24T05:00:48.166+0530] {processor.py:161} INFO - Started process (PID=17862) to work on /Library/Frameworks/Python.framework/Versions/3.12/lib/python3.12/site-packages/airflow/example_dags/tutorial.py
[2025-05-24T05:00:48.168+0530] {processor.py:830} INFO - Processing file /Library/Frameworks/Python.framework/Versions/3.12/lib/python3.12/site-packages/airflow/example_dags/tutorial.py for tasks to queue
[2025-05-24T05:00:48.168+0530] {logging_mixin.py:188} INFO - [2025-05-24T05:00:48.168+0530] {dagbag.py:540} INFO - Filling up the DagBag from /Library/Frameworks/Python.framework/Versions/3.12/lib/python3.12/site-packages/airflow/example_dags/tutorial.py
[2025-05-24T05:00:48.175+0530] {processor.py:840} INFO - DAG(s) 'tutorial' retrieved from /Library/Frameworks/Python.framework/Versions/3.12/lib/python3.12/site-packages/airflow/example_dags/tutorial.py
[2025-05-24T05:00:48.308+0530] {logging_mixin.py:188} INFO - [2025-05-24T05:00:48.308+0530] {dag.py:3096} INFO - Sync 1 DAGs
[2025-05-24T05:00:48.324+0530] {logging_mixin.py:188} INFO - [2025-05-24T05:00:48.324+0530] {dag.py:3954} INFO - Setting next_dagrun for tutorial to 2025-05-22 00:00:00+00:00, run_after=2025-05-23 00:00:00+00:00
[2025-05-24T05:00:48.342+0530] {processor.py:183} INFO - Processing /Library/Frameworks/Python.framework/Versions/3.12/lib/python3.12/site-packages/airflow/example_dags/tutorial.py took 0.181 seconds
[2025-05-24T05:02:41.388+0530] {processor.py:161} INFO - Started process (PID=17927) to work on /Library/Frameworks/Python.framework/Versions/3.12/lib/python3.12/site-packages/airflow/example_dags/tutorial.py
[2025-05-24T05:02:41.390+0530] {processor.py:830} INFO - Processing file /Library/Frameworks/Python.framework/Versions/3.12/lib/python3.12/site-packages/airflow/example_dags/tutorial.py for tasks to queue
[2025-05-24T05:02:41.390+0530] {logging_mixin.py:188} INFO - [2025-05-24T05:02:41.390+0530] {dagbag.py:540} INFO - Filling up the DagBag from /Library/Frameworks/Python.framework/Versions/3.12/lib/python3.12/site-packages/airflow/example_dags/tutorial.py
[2025-05-24T05:02:41.397+0530] {processor.py:840} INFO - DAG(s) 'tutorial' retrieved from /Library/Frameworks/Python.framework/Versions/3.12/lib/python3.12/site-packages/airflow/example_dags/tutorial.py
[2025-05-24T05:02:41.532+0530] {logging_mixin.py:188} INFO - [2025-05-24T05:02:41.532+0530] {dag.py:3096} INFO - Sync 1 DAGs
[2025-05-24T05:02:41.550+0530] {logging_mixin.py:188} INFO - [2025-05-24T05:02:41.550+0530] {dag.py:3954} INFO - Setting next_dagrun for tutorial to 2025-05-22 00:00:00+00:00, run_after=2025-05-23 00:00:00+00:00
[2025-05-24T05:02:41.567+0530] {processor.py:183} INFO - Processing /Library/Frameworks/Python.framework/Versions/3.12/lib/python3.12/site-packages/airflow/example_dags/tutorial.py took 0.183 seconds
[2025-05-24T05:04:34.407+0530] {processor.py:161} INFO - Started process (PID=17981) to work on /Library/Frameworks/Python.framework/Versions/3.12/lib/python3.12/site-packages/airflow/example_dags/tutorial.py
[2025-05-24T05:04:34.409+0530] {processor.py:830} INFO - Processing file /Library/Frameworks/Python.framework/Versions/3.12/lib/python3.12/site-packages/airflow/example_dags/tutorial.py for tasks to queue
[2025-05-24T05:04:34.410+0530] {logging_mixin.py:188} INFO - [2025-05-24T05:04:34.410+0530] {dagbag.py:540} INFO - Filling up the DagBag from /Library/Frameworks/Python.framework/Versions/3.12/lib/python3.12/site-packages/airflow/example_dags/tutorial.py
[2025-05-24T05:04:34.417+0530] {processor.py:840} INFO - DAG(s) 'tutorial' retrieved from /Library/Frameworks/Python.framework/Versions/3.12/lib/python3.12/site-packages/airflow/example_dags/tutorial.py
[2025-05-24T05:04:34.551+0530] {logging_mixin.py:188} INFO - [2025-05-24T05:04:34.551+0530] {dag.py:3096} INFO - Sync 1 DAGs
[2025-05-24T05:04:34.569+0530] {logging_mixin.py:188} INFO - [2025-05-24T05:04:34.569+0530] {dag.py:3954} INFO - Setting next_dagrun for tutorial to 2025-05-22 00:00:00+00:00, run_after=2025-05-23 00:00:00+00:00
[2025-05-24T05:04:34.586+0530] {processor.py:183} INFO - Processing /Library/Frameworks/Python.framework/Versions/3.12/lib/python3.12/site-packages/airflow/example_dags/tutorial.py took 0.182 seconds
[2025-05-24T05:06:27.713+0530] {processor.py:161} INFO - Started process (PID=18032) to work on /Library/Frameworks/Python.framework/Versions/3.12/lib/python3.12/site-packages/airflow/example_dags/tutorial.py
[2025-05-24T05:06:27.714+0530] {processor.py:830} INFO - Processing file /Library/Frameworks/Python.framework/Versions/3.12/lib/python3.12/site-packages/airflow/example_dags/tutorial.py for tasks to queue
[2025-05-24T05:06:27.715+0530] {logging_mixin.py:188} INFO - [2025-05-24T05:06:27.715+0530] {dagbag.py:540} INFO - Filling up the DagBag from /Library/Frameworks/Python.framework/Versions/3.12/lib/python3.12/site-packages/airflow/example_dags/tutorial.py
[2025-05-24T05:06:27.722+0530] {processor.py:840} INFO - DAG(s) 'tutorial' retrieved from /Library/Frameworks/Python.framework/Versions/3.12/lib/python3.12/site-packages/airflow/example_dags/tutorial.py
[2025-05-24T05:06:27.850+0530] {logging_mixin.py:188} INFO - [2025-05-24T05:06:27.850+0530] {dag.py:3096} INFO - Sync 1 DAGs
[2025-05-24T05:06:27.868+0530] {logging_mixin.py:188} INFO - [2025-05-24T05:06:27.868+0530] {dag.py:3954} INFO - Setting next_dagrun for tutorial to 2025-05-22 00:00:00+00:00, run_after=2025-05-23 00:00:00+00:00
[2025-05-24T05:06:27.887+0530] {processor.py:183} INFO - Processing /Library/Frameworks/Python.framework/Versions/3.12/lib/python3.12/site-packages/airflow/example_dags/tutorial.py took 0.177 seconds
[2025-05-24T05:08:16.530+0530] {processor.py:161} INFO - Started process (PID=18080) to work on /Library/Frameworks/Python.framework/Versions/3.12/lib/python3.12/site-packages/airflow/example_dags/tutorial.py
[2025-05-24T05:08:16.532+0530] {processor.py:830} INFO - Processing file /Library/Frameworks/Python.framework/Versions/3.12/lib/python3.12/site-packages/airflow/example_dags/tutorial.py for tasks to queue
[2025-05-24T05:08:16.533+0530] {logging_mixin.py:188} INFO - [2025-05-24T05:08:16.533+0530] {dagbag.py:540} INFO - Filling up the DagBag from /Library/Frameworks/Python.framework/Versions/3.12/lib/python3.12/site-packages/airflow/example_dags/tutorial.py
[2025-05-24T05:08:16.539+0530] {processor.py:840} INFO - DAG(s) 'tutorial' retrieved from /Library/Frameworks/Python.framework/Versions/3.12/lib/python3.12/site-packages/airflow/example_dags/tutorial.py
[2025-05-24T05:08:16.663+0530] {logging_mixin.py:188} INFO - [2025-05-24T05:08:16.663+0530] {dag.py:3096} INFO - Sync 1 DAGs
[2025-05-24T05:08:16.682+0530] {logging_mixin.py:188} INFO - [2025-05-24T05:08:16.682+0530] {dag.py:3954} INFO - Setting next_dagrun for tutorial to 2025-05-22 00:00:00+00:00, run_after=2025-05-23 00:00:00+00:00
[2025-05-24T05:08:16.701+0530] {processor.py:183} INFO - Processing /Library/Frameworks/Python.framework/Versions/3.12/lib/python3.12/site-packages/airflow/example_dags/tutorial.py took 0.175 seconds
[2025-05-24T05:12:45.013+0530] {processor.py:161} INFO - Started process (PID=18134) to work on /Library/Frameworks/Python.framework/Versions/3.12/lib/python3.12/site-packages/airflow/example_dags/tutorial.py
[2025-05-24T05:12:45.015+0530] {processor.py:830} INFO - Processing file /Library/Frameworks/Python.framework/Versions/3.12/lib/python3.12/site-packages/airflow/example_dags/tutorial.py for tasks to queue
[2025-05-24T05:12:45.016+0530] {logging_mixin.py:188} INFO - [2025-05-24T05:12:45.015+0530] {dagbag.py:540} INFO - Filling up the DagBag from /Library/Frameworks/Python.framework/Versions/3.12/lib/python3.12/site-packages/airflow/example_dags/tutorial.py
[2025-05-24T05:12:45.024+0530] {processor.py:840} INFO - DAG(s) 'tutorial' retrieved from /Library/Frameworks/Python.framework/Versions/3.12/lib/python3.12/site-packages/airflow/example_dags/tutorial.py
[2025-05-24T05:12:45.153+0530] {logging_mixin.py:188} INFO - [2025-05-24T05:12:45.153+0530] {dag.py:3096} INFO - Sync 1 DAGs
[2025-05-24T05:12:45.165+0530] {logging_mixin.py:188} INFO - [2025-05-24T05:12:45.165+0530] {dag.py:3954} INFO - Setting next_dagrun for tutorial to 2025-05-22 00:00:00+00:00, run_after=2025-05-23 00:00:00+00:00
[2025-05-24T05:12:45.181+0530] {processor.py:183} INFO - Processing /Library/Frameworks/Python.framework/Versions/3.12/lib/python3.12/site-packages/airflow/example_dags/tutorial.py took 0.173 seconds
[2025-05-24T05:14:48.837+0530] {processor.py:161} INFO - Started process (PID=18289) to work on /Library/Frameworks/Python.framework/Versions/3.12/lib/python3.12/site-packages/airflow/example_dags/tutorial.py
[2025-05-24T05:14:48.839+0530] {processor.py:830} INFO - Processing file /Library/Frameworks/Python.framework/Versions/3.12/lib/python3.12/site-packages/airflow/example_dags/tutorial.py for tasks to queue
[2025-05-24T05:14:48.839+0530] {logging_mixin.py:188} INFO - [2025-05-24T05:14:48.839+0530] {dagbag.py:540} INFO - Filling up the DagBag from /Library/Frameworks/Python.framework/Versions/3.12/lib/python3.12/site-packages/airflow/example_dags/tutorial.py
[2025-05-24T05:14:48.847+0530] {processor.py:840} INFO - DAG(s) 'tutorial' retrieved from /Library/Frameworks/Python.framework/Versions/3.12/lib/python3.12/site-packages/airflow/example_dags/tutorial.py
[2025-05-24T05:14:49.011+0530] {logging_mixin.py:188} INFO - [2025-05-24T05:14:49.010+0530] {dag.py:3096} INFO - Sync 1 DAGs
[2025-05-24T05:14:49.031+0530] {logging_mixin.py:188} INFO - [2025-05-24T05:14:49.031+0530] {dag.py:3954} INFO - Setting next_dagrun for tutorial to 2025-05-22 00:00:00+00:00, run_after=2025-05-23 00:00:00+00:00
[2025-05-24T05:14:49.052+0530] {processor.py:183} INFO - Processing /Library/Frameworks/Python.framework/Versions/3.12/lib/python3.12/site-packages/airflow/example_dags/tutorial.py took 0.217 seconds
[2025-05-24T05:16:49.632+0530] {processor.py:161} INFO - Started process (PID=18432) to work on /Library/Frameworks/Python.framework/Versions/3.12/lib/python3.12/site-packages/airflow/example_dags/tutorial.py
[2025-05-24T05:16:49.633+0530] {processor.py:830} INFO - Processing file /Library/Frameworks/Python.framework/Versions/3.12/lib/python3.12/site-packages/airflow/example_dags/tutorial.py for tasks to queue
[2025-05-24T05:16:49.634+0530] {logging_mixin.py:188} INFO - [2025-05-24T05:16:49.634+0530] {dagbag.py:540} INFO - Filling up the DagBag from /Library/Frameworks/Python.framework/Versions/3.12/lib/python3.12/site-packages/airflow/example_dags/tutorial.py
[2025-05-24T05:16:49.642+0530] {processor.py:840} INFO - DAG(s) 'tutorial' retrieved from /Library/Frameworks/Python.framework/Versions/3.12/lib/python3.12/site-packages/airflow/example_dags/tutorial.py
[2025-05-24T05:16:49.786+0530] {logging_mixin.py:188} INFO - [2025-05-24T05:16:49.785+0530] {dag.py:3096} INFO - Sync 1 DAGs
[2025-05-24T05:16:49.808+0530] {logging_mixin.py:188} INFO - [2025-05-24T05:16:49.808+0530] {dag.py:3954} INFO - Setting next_dagrun for tutorial to 2025-05-22 00:00:00+00:00, run_after=2025-05-23 00:00:00+00:00
[2025-05-24T05:16:49.830+0530] {processor.py:183} INFO - Processing /Library/Frameworks/Python.framework/Versions/3.12/lib/python3.12/site-packages/airflow/example_dags/tutorial.py took 0.200 seconds
[2025-05-24T05:18:49.773+0530] {processor.py:161} INFO - Started process (PID=18871) to work on /Library/Frameworks/Python.framework/Versions/3.12/lib/python3.12/site-packages/airflow/example_dags/tutorial.py
[2025-05-24T05:18:49.774+0530] {processor.py:830} INFO - Processing file /Library/Frameworks/Python.framework/Versions/3.12/lib/python3.12/site-packages/airflow/example_dags/tutorial.py for tasks to queue
[2025-05-24T05:18:49.775+0530] {logging_mixin.py:188} INFO - [2025-05-24T05:18:49.774+0530] {dagbag.py:540} INFO - Filling up the DagBag from /Library/Frameworks/Python.framework/Versions/3.12/lib/python3.12/site-packages/airflow/example_dags/tutorial.py
[2025-05-24T05:18:49.783+0530] {processor.py:840} INFO - DAG(s) 'tutorial' retrieved from /Library/Frameworks/Python.framework/Versions/3.12/lib/python3.12/site-packages/airflow/example_dags/tutorial.py
[2025-05-24T05:18:49.949+0530] {logging_mixin.py:188} INFO - [2025-05-24T05:18:49.949+0530] {dag.py:3096} INFO - Sync 1 DAGs
[2025-05-24T05:18:49.969+0530] {logging_mixin.py:188} INFO - [2025-05-24T05:18:49.969+0530] {dag.py:3954} INFO - Setting next_dagrun for tutorial to 2025-05-22 00:00:00+00:00, run_after=2025-05-23 00:00:00+00:00
[2025-05-24T05:18:49.988+0530] {processor.py:183} INFO - Processing /Library/Frameworks/Python.framework/Versions/3.12/lib/python3.12/site-packages/airflow/example_dags/tutorial.py took 0.218 seconds
[2025-05-24T05:20:45.611+0530] {processor.py:161} INFO - Started process (PID=19051) to work on /Library/Frameworks/Python.framework/Versions/3.12/lib/python3.12/site-packages/airflow/example_dags/tutorial.py
[2025-05-24T05:20:45.612+0530] {processor.py:830} INFO - Processing file /Library/Frameworks/Python.framework/Versions/3.12/lib/python3.12/site-packages/airflow/example_dags/tutorial.py for tasks to queue
[2025-05-24T05:20:45.612+0530] {logging_mixin.py:188} INFO - [2025-05-24T05:20:45.612+0530] {dagbag.py:540} INFO - Filling up the DagBag from /Library/Frameworks/Python.framework/Versions/3.12/lib/python3.12/site-packages/airflow/example_dags/tutorial.py
[2025-05-24T05:20:45.620+0530] {processor.py:840} INFO - DAG(s) 'tutorial' retrieved from /Library/Frameworks/Python.framework/Versions/3.12/lib/python3.12/site-packages/airflow/example_dags/tutorial.py
[2025-05-24T05:20:45.772+0530] {logging_mixin.py:188} INFO - [2025-05-24T05:20:45.772+0530] {dag.py:3096} INFO - Sync 1 DAGs
[2025-05-24T05:20:45.789+0530] {logging_mixin.py:188} INFO - [2025-05-24T05:20:45.789+0530] {dag.py:3954} INFO - Setting next_dagrun for tutorial to 2025-05-22 00:00:00+00:00, run_after=2025-05-23 00:00:00+00:00
[2025-05-24T05:20:45.808+0530] {processor.py:183} INFO - Processing /Library/Frameworks/Python.framework/Versions/3.12/lib/python3.12/site-packages/airflow/example_dags/tutorial.py took 0.200 seconds
