[2025-05-24T04:22:37.782+0530] {processor.py:161} INFO - Started process (PID=15624) to work on /Library/Frameworks/Python.framework/Versions/3.12/lib/python3.12/site-packages/airflow/example_dags/tutorial_dag.py
[2025-05-24T04:22:37.783+0530] {processor.py:830} INFO - Processing file /Library/Frameworks/Python.framework/Versions/3.12/lib/python3.12/site-packages/airflow/example_dags/tutorial_dag.py for tasks to queue
[2025-05-24T04:22:37.784+0530] {logging_mixin.py:188} INFO - [2025-05-24T04:22:37.784+0530] {dagbag.py:540} INFO - Filling up the DagBag from /Library/Frameworks/Python.framework/Versions/3.12/lib/python3.12/site-packages/airflow/example_dags/tutorial_dag.py
[2025-05-24T04:22:37.811+0530] {processor.py:840} INFO - DAG(s) 'tutorial_dag' retrieved from /Library/Frameworks/Python.framework/Versions/3.12/lib/python3.12/site-packages/airflow/example_dags/tutorial_dag.py
[2025-05-24T04:22:37.832+0530] {logging_mixin.py:188} INFO - [2025-05-24T04:22:37.832+0530] {dag.py:3096} INFO - Sync 1 DAGs
[2025-05-24T04:22:37.952+0530] {logging_mixin.py:188} INFO - [2025-05-24T04:22:37.952+0530] {dag.py:3954} INFO - Setting next_dagrun for tutorial_dag to None, run_after=None
[2025-05-24T04:22:37.969+0530] {processor.py:183} INFO - Processing /Library/Frameworks/Python.framework/Versions/3.12/lib/python3.12/site-packages/airflow/example_dags/tutorial_dag.py took 0.189 seconds
[2025-05-24T04:25:17.467+0530] {processor.py:161} INFO - Started process (PID=15735) to work on /Library/Frameworks/Python.framework/Versions/3.12/lib/python3.12/site-packages/airflow/example_dags/tutorial_dag.py
[2025-05-24T04:25:17.468+0530] {processor.py:830} INFO - Processing file /Library/Frameworks/Python.framework/Versions/3.12/lib/python3.12/site-packages/airflow/example_dags/tutorial_dag.py for tasks to queue
[2025-05-24T04:25:17.469+0530] {logging_mixin.py:188} INFO - [2025-05-24T04:25:17.469+0530] {dagbag.py:540} INFO - Filling up the DagBag from /Library/Frameworks/Python.framework/Versions/3.12/lib/python3.12/site-packages/airflow/example_dags/tutorial_dag.py
[2025-05-24T04:25:17.494+0530] {processor.py:840} INFO - DAG(s) 'tutorial_dag' retrieved from /Library/Frameworks/Python.framework/Versions/3.12/lib/python3.12/site-packages/airflow/example_dags/tutorial_dag.py
[2025-05-24T04:25:17.712+0530] {logging_mixin.py:188} INFO - [2025-05-24T04:25:17.711+0530] {dag.py:3096} INFO - Sync 1 DAGs
[2025-05-24T04:25:17.721+0530] {logging_mixin.py:188} INFO - [2025-05-24T04:25:17.721+0530] {dag.py:3954} INFO - Setting next_dagrun for tutorial_dag to None, run_after=None
[2025-05-24T04:25:17.736+0530] {processor.py:183} INFO - Processing /Library/Frameworks/Python.framework/Versions/3.12/lib/python3.12/site-packages/airflow/example_dags/tutorial_dag.py took 0.273 seconds
[2025-05-24T04:27:14.422+0530] {processor.py:161} INFO - Started process (PID=15790) to work on /Library/Frameworks/Python.framework/Versions/3.12/lib/python3.12/site-packages/airflow/example_dags/tutorial_dag.py
[2025-05-24T04:27:14.423+0530] {processor.py:830} INFO - Processing file /Library/Frameworks/Python.framework/Versions/3.12/lib/python3.12/site-packages/airflow/example_dags/tutorial_dag.py for tasks to queue
[2025-05-24T04:27:14.423+0530] {logging_mixin.py:188} INFO - [2025-05-24T04:27:14.423+0530] {dagbag.py:540} INFO - Filling up the DagBag from /Library/Frameworks/Python.framework/Versions/3.12/lib/python3.12/site-packages/airflow/example_dags/tutorial_dag.py
[2025-05-24T04:27:14.450+0530] {processor.py:840} INFO - DAG(s) 'tutorial_dag' retrieved from /Library/Frameworks/Python.framework/Versions/3.12/lib/python3.12/site-packages/airflow/example_dags/tutorial_dag.py
[2025-05-24T04:27:14.592+0530] {logging_mixin.py:188} INFO - [2025-05-24T04:27:14.592+0530] {dag.py:3096} INFO - Sync 1 DAGs
[2025-05-24T04:27:14.602+0530] {logging_mixin.py:188} INFO - [2025-05-24T04:27:14.602+0530] {dag.py:3954} INFO - Setting next_dagrun for tutorial_dag to None, run_after=None
[2025-05-24T04:27:14.618+0530] {processor.py:183} INFO - Processing /Library/Frameworks/Python.framework/Versions/3.12/lib/python3.12/site-packages/airflow/example_dags/tutorial_dag.py took 0.200 seconds
[2025-05-24T04:29:08.353+0530] {processor.py:161} INFO - Started process (PID=15841) to work on /Library/Frameworks/Python.framework/Versions/3.12/lib/python3.12/site-packages/airflow/example_dags/tutorial_dag.py
[2025-05-24T04:29:08.354+0530] {processor.py:830} INFO - Processing file /Library/Frameworks/Python.framework/Versions/3.12/lib/python3.12/site-packages/airflow/example_dags/tutorial_dag.py for tasks to queue
[2025-05-24T04:29:08.355+0530] {logging_mixin.py:188} INFO - [2025-05-24T04:29:08.355+0530] {dagbag.py:540} INFO - Filling up the DagBag from /Library/Frameworks/Python.framework/Versions/3.12/lib/python3.12/site-packages/airflow/example_dags/tutorial_dag.py
[2025-05-24T04:29:08.380+0530] {processor.py:840} INFO - DAG(s) 'tutorial_dag' retrieved from /Library/Frameworks/Python.framework/Versions/3.12/lib/python3.12/site-packages/airflow/example_dags/tutorial_dag.py
[2025-05-24T04:29:08.521+0530] {logging_mixin.py:188} INFO - [2025-05-24T04:29:08.521+0530] {dag.py:3096} INFO - Sync 1 DAGs
[2025-05-24T04:29:08.531+0530] {logging_mixin.py:188} INFO - [2025-05-24T04:29:08.531+0530] {dag.py:3954} INFO - Setting next_dagrun for tutorial_dag to None, run_after=None
[2025-05-24T04:29:08.548+0530] {processor.py:183} INFO - Processing /Library/Frameworks/Python.framework/Versions/3.12/lib/python3.12/site-packages/airflow/example_dags/tutorial_dag.py took 0.200 seconds
[2025-05-24T04:31:05.474+0530] {processor.py:161} INFO - Started process (PID=15919) to work on /Library/Frameworks/Python.framework/Versions/3.12/lib/python3.12/site-packages/airflow/example_dags/tutorial_dag.py
[2025-05-24T04:31:05.475+0530] {processor.py:830} INFO - Processing file /Library/Frameworks/Python.framework/Versions/3.12/lib/python3.12/site-packages/airflow/example_dags/tutorial_dag.py for tasks to queue
[2025-05-24T04:31:05.475+0530] {logging_mixin.py:188} INFO - [2025-05-24T04:31:05.475+0530] {dagbag.py:540} INFO - Filling up the DagBag from /Library/Frameworks/Python.framework/Versions/3.12/lib/python3.12/site-packages/airflow/example_dags/tutorial_dag.py
[2025-05-24T04:31:05.501+0530] {processor.py:840} INFO - DAG(s) 'tutorial_dag' retrieved from /Library/Frameworks/Python.framework/Versions/3.12/lib/python3.12/site-packages/airflow/example_dags/tutorial_dag.py
[2025-05-24T04:31:05.659+0530] {logging_mixin.py:188} INFO - [2025-05-24T04:31:05.658+0530] {dag.py:3096} INFO - Sync 1 DAGs
[2025-05-24T04:31:05.668+0530] {logging_mixin.py:188} INFO - [2025-05-24T04:31:05.668+0530] {dag.py:3954} INFO - Setting next_dagrun for tutorial_dag to None, run_after=None
[2025-05-24T04:31:05.686+0530] {processor.py:183} INFO - Processing /Library/Frameworks/Python.framework/Versions/3.12/lib/python3.12/site-packages/airflow/example_dags/tutorial_dag.py took 0.216 seconds
[2025-05-24T04:33:03.814+0530] {processor.py:161} INFO - Started process (PID=15985) to work on /Library/Frameworks/Python.framework/Versions/3.12/lib/python3.12/site-packages/airflow/example_dags/tutorial_dag.py
[2025-05-24T04:33:03.816+0530] {processor.py:830} INFO - Processing file /Library/Frameworks/Python.framework/Versions/3.12/lib/python3.12/site-packages/airflow/example_dags/tutorial_dag.py for tasks to queue
[2025-05-24T04:33:03.817+0530] {logging_mixin.py:188} INFO - [2025-05-24T04:33:03.817+0530] {dagbag.py:540} INFO - Filling up the DagBag from /Library/Frameworks/Python.framework/Versions/3.12/lib/python3.12/site-packages/airflow/example_dags/tutorial_dag.py
[2025-05-24T04:33:03.846+0530] {processor.py:840} INFO - DAG(s) 'tutorial_dag' retrieved from /Library/Frameworks/Python.framework/Versions/3.12/lib/python3.12/site-packages/airflow/example_dags/tutorial_dag.py
[2025-05-24T04:33:04.002+0530] {logging_mixin.py:188} INFO - [2025-05-24T04:33:04.002+0530] {dag.py:3096} INFO - Sync 1 DAGs
[2025-05-24T04:33:04.011+0530] {logging_mixin.py:188} INFO - [2025-05-24T04:33:04.011+0530] {dag.py:3954} INFO - Setting next_dagrun for tutorial_dag to None, run_after=None
[2025-05-24T04:33:04.026+0530] {processor.py:183} INFO - Processing /Library/Frameworks/Python.framework/Versions/3.12/lib/python3.12/site-packages/airflow/example_dags/tutorial_dag.py took 0.217 seconds
[2025-05-24T04:35:10.045+0530] {processor.py:161} INFO - Started process (PID=16063) to work on /Library/Frameworks/Python.framework/Versions/3.12/lib/python3.12/site-packages/airflow/example_dags/tutorial_dag.py
[2025-05-24T04:35:10.047+0530] {processor.py:830} INFO - Processing file /Library/Frameworks/Python.framework/Versions/3.12/lib/python3.12/site-packages/airflow/example_dags/tutorial_dag.py for tasks to queue
[2025-05-24T04:35:10.048+0530] {logging_mixin.py:188} INFO - [2025-05-24T04:35:10.048+0530] {dagbag.py:540} INFO - Filling up the DagBag from /Library/Frameworks/Python.framework/Versions/3.12/lib/python3.12/site-packages/airflow/example_dags/tutorial_dag.py
[2025-05-24T04:35:10.074+0530] {processor.py:840} INFO - DAG(s) 'tutorial_dag' retrieved from /Library/Frameworks/Python.framework/Versions/3.12/lib/python3.12/site-packages/airflow/example_dags/tutorial_dag.py
[2025-05-24T04:35:10.220+0530] {logging_mixin.py:188} INFO - [2025-05-24T04:35:10.220+0530] {dag.py:3096} INFO - Sync 1 DAGs
[2025-05-24T04:35:10.230+0530] {logging_mixin.py:188} INFO - [2025-05-24T04:35:10.230+0530] {dag.py:3954} INFO - Setting next_dagrun for tutorial_dag to None, run_after=None
[2025-05-24T04:35:10.248+0530] {processor.py:183} INFO - Processing /Library/Frameworks/Python.framework/Versions/3.12/lib/python3.12/site-packages/airflow/example_dags/tutorial_dag.py took 0.205 seconds
[2025-05-24T04:37:10.583+0530] {processor.py:161} INFO - Started process (PID=16130) to work on /Library/Frameworks/Python.framework/Versions/3.12/lib/python3.12/site-packages/airflow/example_dags/tutorial_dag.py
[2025-05-24T04:37:10.585+0530] {processor.py:830} INFO - Processing file /Library/Frameworks/Python.framework/Versions/3.12/lib/python3.12/site-packages/airflow/example_dags/tutorial_dag.py for tasks to queue
[2025-05-24T04:37:10.586+0530] {logging_mixin.py:188} INFO - [2025-05-24T04:37:10.586+0530] {dagbag.py:540} INFO - Filling up the DagBag from /Library/Frameworks/Python.framework/Versions/3.12/lib/python3.12/site-packages/airflow/example_dags/tutorial_dag.py
[2025-05-24T04:37:10.612+0530] {processor.py:840} INFO - DAG(s) 'tutorial_dag' retrieved from /Library/Frameworks/Python.framework/Versions/3.12/lib/python3.12/site-packages/airflow/example_dags/tutorial_dag.py
[2025-05-24T04:37:10.751+0530] {logging_mixin.py:188} INFO - [2025-05-24T04:37:10.751+0530] {dag.py:3096} INFO - Sync 1 DAGs
[2025-05-24T04:37:10.761+0530] {logging_mixin.py:188} INFO - [2025-05-24T04:37:10.760+0530] {dag.py:3954} INFO - Setting next_dagrun for tutorial_dag to None, run_after=None
[2025-05-24T04:37:10.777+0530] {processor.py:183} INFO - Processing /Library/Frameworks/Python.framework/Versions/3.12/lib/python3.12/site-packages/airflow/example_dags/tutorial_dag.py took 0.197 seconds
[2025-05-24T04:39:09.722+0530] {processor.py:161} INFO - Started process (PID=16200) to work on /Library/Frameworks/Python.framework/Versions/3.12/lib/python3.12/site-packages/airflow/example_dags/tutorial_dag.py
[2025-05-24T04:39:09.723+0530] {processor.py:830} INFO - Processing file /Library/Frameworks/Python.framework/Versions/3.12/lib/python3.12/site-packages/airflow/example_dags/tutorial_dag.py for tasks to queue
[2025-05-24T04:39:09.724+0530] {logging_mixin.py:188} INFO - [2025-05-24T04:39:09.724+0530] {dagbag.py:540} INFO - Filling up the DagBag from /Library/Frameworks/Python.framework/Versions/3.12/lib/python3.12/site-packages/airflow/example_dags/tutorial_dag.py
[2025-05-24T04:39:09.751+0530] {processor.py:840} INFO - DAG(s) 'tutorial_dag' retrieved from /Library/Frameworks/Python.framework/Versions/3.12/lib/python3.12/site-packages/airflow/example_dags/tutorial_dag.py
[2025-05-24T04:39:09.896+0530] {logging_mixin.py:188} INFO - [2025-05-24T04:39:09.895+0530] {dag.py:3096} INFO - Sync 1 DAGs
[2025-05-24T04:39:09.905+0530] {logging_mixin.py:188} INFO - [2025-05-24T04:39:09.905+0530] {dag.py:3954} INFO - Setting next_dagrun for tutorial_dag to None, run_after=None
[2025-05-24T04:39:09.922+0530] {processor.py:183} INFO - Processing /Library/Frameworks/Python.framework/Versions/3.12/lib/python3.12/site-packages/airflow/example_dags/tutorial_dag.py took 0.203 seconds
[2025-05-24T04:41:12.746+0530] {processor.py:161} INFO - Started process (PID=16274) to work on /Library/Frameworks/Python.framework/Versions/3.12/lib/python3.12/site-packages/airflow/example_dags/tutorial_dag.py
[2025-05-24T04:41:12.747+0530] {processor.py:830} INFO - Processing file /Library/Frameworks/Python.framework/Versions/3.12/lib/python3.12/site-packages/airflow/example_dags/tutorial_dag.py for tasks to queue
[2025-05-24T04:41:12.748+0530] {logging_mixin.py:188} INFO - [2025-05-24T04:41:12.747+0530] {dagbag.py:540} INFO - Filling up the DagBag from /Library/Frameworks/Python.framework/Versions/3.12/lib/python3.12/site-packages/airflow/example_dags/tutorial_dag.py
[2025-05-24T04:41:12.772+0530] {processor.py:840} INFO - DAG(s) 'tutorial_dag' retrieved from /Library/Frameworks/Python.framework/Versions/3.12/lib/python3.12/site-packages/airflow/example_dags/tutorial_dag.py
[2025-05-24T04:41:12.912+0530] {logging_mixin.py:188} INFO - [2025-05-24T04:41:12.912+0530] {dag.py:3096} INFO - Sync 1 DAGs
[2025-05-24T04:41:12.922+0530] {logging_mixin.py:188} INFO - [2025-05-24T04:41:12.922+0530] {dag.py:3954} INFO - Setting next_dagrun for tutorial_dag to None, run_after=None
[2025-05-24T04:41:12.940+0530] {processor.py:183} INFO - Processing /Library/Frameworks/Python.framework/Versions/3.12/lib/python3.12/site-packages/airflow/example_dags/tutorial_dag.py took 0.198 seconds
[2025-05-24T04:43:19.199+0530] {processor.py:161} INFO - Started process (PID=16431) to work on /Library/Frameworks/Python.framework/Versions/3.12/lib/python3.12/site-packages/airflow/example_dags/tutorial_dag.py
[2025-05-24T04:43:19.200+0530] {processor.py:830} INFO - Processing file /Library/Frameworks/Python.framework/Versions/3.12/lib/python3.12/site-packages/airflow/example_dags/tutorial_dag.py for tasks to queue
[2025-05-24T04:43:19.201+0530] {logging_mixin.py:188} INFO - [2025-05-24T04:43:19.200+0530] {dagbag.py:540} INFO - Filling up the DagBag from /Library/Frameworks/Python.framework/Versions/3.12/lib/python3.12/site-packages/airflow/example_dags/tutorial_dag.py
[2025-05-24T04:43:19.226+0530] {processor.py:840} INFO - DAG(s) 'tutorial_dag' retrieved from /Library/Frameworks/Python.framework/Versions/3.12/lib/python3.12/site-packages/airflow/example_dags/tutorial_dag.py
[2025-05-24T04:43:19.369+0530] {logging_mixin.py:188} INFO - [2025-05-24T04:43:19.369+0530] {dag.py:3096} INFO - Sync 1 DAGs
[2025-05-24T04:43:19.379+0530] {logging_mixin.py:188} INFO - [2025-05-24T04:43:19.379+0530] {dag.py:3954} INFO - Setting next_dagrun for tutorial_dag to None, run_after=None
[2025-05-24T04:43:19.399+0530] {processor.py:183} INFO - Processing /Library/Frameworks/Python.framework/Versions/3.12/lib/python3.12/site-packages/airflow/example_dags/tutorial_dag.py took 0.203 seconds
[2025-05-24T04:45:19.477+0530] {processor.py:161} INFO - Started process (PID=17320) to work on /Library/Frameworks/Python.framework/Versions/3.12/lib/python3.12/site-packages/airflow/example_dags/tutorial_dag.py
[2025-05-24T04:45:19.478+0530] {processor.py:830} INFO - Processing file /Library/Frameworks/Python.framework/Versions/3.12/lib/python3.12/site-packages/airflow/example_dags/tutorial_dag.py for tasks to queue
[2025-05-24T04:45:19.479+0530] {logging_mixin.py:188} INFO - [2025-05-24T04:45:19.479+0530] {dagbag.py:540} INFO - Filling up the DagBag from /Library/Frameworks/Python.framework/Versions/3.12/lib/python3.12/site-packages/airflow/example_dags/tutorial_dag.py
[2025-05-24T04:45:19.504+0530] {processor.py:840} INFO - DAG(s) 'tutorial_dag' retrieved from /Library/Frameworks/Python.framework/Versions/3.12/lib/python3.12/site-packages/airflow/example_dags/tutorial_dag.py
[2025-05-24T04:45:19.643+0530] {logging_mixin.py:188} INFO - [2025-05-24T04:45:19.642+0530] {dag.py:3096} INFO - Sync 1 DAGs
[2025-05-24T04:45:19.652+0530] {logging_mixin.py:188} INFO - [2025-05-24T04:45:19.652+0530] {dag.py:3954} INFO - Setting next_dagrun for tutorial_dag to None, run_after=None
[2025-05-24T04:45:19.670+0530] {processor.py:183} INFO - Processing /Library/Frameworks/Python.framework/Versions/3.12/lib/python3.12/site-packages/airflow/example_dags/tutorial_dag.py took 0.197 seconds
[2025-05-24T04:47:17.142+0530] {processor.py:161} INFO - Started process (PID=17374) to work on /Library/Frameworks/Python.framework/Versions/3.12/lib/python3.12/site-packages/airflow/example_dags/tutorial_dag.py
[2025-05-24T04:47:17.143+0530] {processor.py:830} INFO - Processing file /Library/Frameworks/Python.framework/Versions/3.12/lib/python3.12/site-packages/airflow/example_dags/tutorial_dag.py for tasks to queue
[2025-05-24T04:47:17.144+0530] {logging_mixin.py:188} INFO - [2025-05-24T04:47:17.144+0530] {dagbag.py:540} INFO - Filling up the DagBag from /Library/Frameworks/Python.framework/Versions/3.12/lib/python3.12/site-packages/airflow/example_dags/tutorial_dag.py
[2025-05-24T04:47:17.169+0530] {processor.py:840} INFO - DAG(s) 'tutorial_dag' retrieved from /Library/Frameworks/Python.framework/Versions/3.12/lib/python3.12/site-packages/airflow/example_dags/tutorial_dag.py
[2025-05-24T04:47:17.307+0530] {logging_mixin.py:188} INFO - [2025-05-24T04:47:17.307+0530] {dag.py:3096} INFO - Sync 1 DAGs
[2025-05-24T04:47:17.317+0530] {logging_mixin.py:188} INFO - [2025-05-24T04:47:17.317+0530] {dag.py:3954} INFO - Setting next_dagrun for tutorial_dag to None, run_after=None
[2025-05-24T04:47:17.335+0530] {processor.py:183} INFO - Processing /Library/Frameworks/Python.framework/Versions/3.12/lib/python3.12/site-packages/airflow/example_dags/tutorial_dag.py took 0.196 seconds
[2025-05-24T04:49:23.266+0530] {processor.py:161} INFO - Started process (PID=17464) to work on /Library/Frameworks/Python.framework/Versions/3.12/lib/python3.12/site-packages/airflow/example_dags/tutorial_dag.py
[2025-05-24T04:49:23.267+0530] {processor.py:830} INFO - Processing file /Library/Frameworks/Python.framework/Versions/3.12/lib/python3.12/site-packages/airflow/example_dags/tutorial_dag.py for tasks to queue
[2025-05-24T04:49:23.268+0530] {logging_mixin.py:188} INFO - [2025-05-24T04:49:23.268+0530] {dagbag.py:540} INFO - Filling up the DagBag from /Library/Frameworks/Python.framework/Versions/3.12/lib/python3.12/site-packages/airflow/example_dags/tutorial_dag.py
[2025-05-24T04:49:23.294+0530] {processor.py:840} INFO - DAG(s) 'tutorial_dag' retrieved from /Library/Frameworks/Python.framework/Versions/3.12/lib/python3.12/site-packages/airflow/example_dags/tutorial_dag.py
[2025-05-24T04:49:23.436+0530] {logging_mixin.py:188} INFO - [2025-05-24T04:49:23.436+0530] {dag.py:3096} INFO - Sync 1 DAGs
[2025-05-24T04:49:23.446+0530] {logging_mixin.py:188} INFO - [2025-05-24T04:49:23.446+0530] {dag.py:3954} INFO - Setting next_dagrun for tutorial_dag to None, run_after=None
[2025-05-24T04:49:23.464+0530] {processor.py:183} INFO - Processing /Library/Frameworks/Python.framework/Versions/3.12/lib/python3.12/site-packages/airflow/example_dags/tutorial_dag.py took 0.203 seconds
[2025-05-24T04:51:15.689+0530] {processor.py:161} INFO - Started process (PID=17535) to work on /Library/Frameworks/Python.framework/Versions/3.12/lib/python3.12/site-packages/airflow/example_dags/tutorial_dag.py
[2025-05-24T04:51:15.690+0530] {processor.py:830} INFO - Processing file /Library/Frameworks/Python.framework/Versions/3.12/lib/python3.12/site-packages/airflow/example_dags/tutorial_dag.py for tasks to queue
[2025-05-24T04:51:15.691+0530] {logging_mixin.py:188} INFO - [2025-05-24T04:51:15.691+0530] {dagbag.py:540} INFO - Filling up the DagBag from /Library/Frameworks/Python.framework/Versions/3.12/lib/python3.12/site-packages/airflow/example_dags/tutorial_dag.py
[2025-05-24T04:51:15.716+0530] {processor.py:840} INFO - DAG(s) 'tutorial_dag' retrieved from /Library/Frameworks/Python.framework/Versions/3.12/lib/python3.12/site-packages/airflow/example_dags/tutorial_dag.py
[2025-05-24T04:51:15.855+0530] {logging_mixin.py:188} INFO - [2025-05-24T04:51:15.855+0530] {dag.py:3096} INFO - Sync 1 DAGs
[2025-05-24T04:51:15.865+0530] {logging_mixin.py:188} INFO - [2025-05-24T04:51:15.865+0530] {dag.py:3954} INFO - Setting next_dagrun for tutorial_dag to None, run_after=None
[2025-05-24T04:51:15.881+0530] {processor.py:183} INFO - Processing /Library/Frameworks/Python.framework/Versions/3.12/lib/python3.12/site-packages/airflow/example_dags/tutorial_dag.py took 0.196 seconds
[2025-05-24T04:53:08.948+0530] {processor.py:161} INFO - Started process (PID=17586) to work on /Library/Frameworks/Python.framework/Versions/3.12/lib/python3.12/site-packages/airflow/example_dags/tutorial_dag.py
[2025-05-24T04:53:08.950+0530] {processor.py:830} INFO - Processing file /Library/Frameworks/Python.framework/Versions/3.12/lib/python3.12/site-packages/airflow/example_dags/tutorial_dag.py for tasks to queue
[2025-05-24T04:53:08.951+0530] {logging_mixin.py:188} INFO - [2025-05-24T04:53:08.951+0530] {dagbag.py:540} INFO - Filling up the DagBag from /Library/Frameworks/Python.framework/Versions/3.12/lib/python3.12/site-packages/airflow/example_dags/tutorial_dag.py
[2025-05-24T04:53:08.979+0530] {processor.py:840} INFO - DAG(s) 'tutorial_dag' retrieved from /Library/Frameworks/Python.framework/Versions/3.12/lib/python3.12/site-packages/airflow/example_dags/tutorial_dag.py
[2025-05-24T04:53:09.123+0530] {logging_mixin.py:188} INFO - [2025-05-24T04:53:09.123+0530] {dag.py:3096} INFO - Sync 1 DAGs
[2025-05-24T04:53:09.133+0530] {logging_mixin.py:188} INFO - [2025-05-24T04:53:09.133+0530] {dag.py:3954} INFO - Setting next_dagrun for tutorial_dag to None, run_after=None
[2025-05-24T04:53:09.151+0530] {processor.py:183} INFO - Processing /Library/Frameworks/Python.framework/Versions/3.12/lib/python3.12/site-packages/airflow/example_dags/tutorial_dag.py took 0.208 seconds
[2025-05-24T04:55:03.213+0530] {processor.py:161} INFO - Started process (PID=17665) to work on /Library/Frameworks/Python.framework/Versions/3.12/lib/python3.12/site-packages/airflow/example_dags/tutorial_dag.py
[2025-05-24T04:55:03.214+0530] {processor.py:830} INFO - Processing file /Library/Frameworks/Python.framework/Versions/3.12/lib/python3.12/site-packages/airflow/example_dags/tutorial_dag.py for tasks to queue
[2025-05-24T04:55:03.215+0530] {logging_mixin.py:188} INFO - [2025-05-24T04:55:03.215+0530] {dagbag.py:540} INFO - Filling up the DagBag from /Library/Frameworks/Python.framework/Versions/3.12/lib/python3.12/site-packages/airflow/example_dags/tutorial_dag.py
[2025-05-24T04:55:03.246+0530] {processor.py:840} INFO - DAG(s) 'tutorial_dag' retrieved from /Library/Frameworks/Python.framework/Versions/3.12/lib/python3.12/site-packages/airflow/example_dags/tutorial_dag.py
[2025-05-24T04:55:03.406+0530] {logging_mixin.py:188} INFO - [2025-05-24T04:55:03.406+0530] {dag.py:3096} INFO - Sync 1 DAGs
[2025-05-24T04:55:03.416+0530] {logging_mixin.py:188} INFO - [2025-05-24T04:55:03.416+0530] {dag.py:3954} INFO - Setting next_dagrun for tutorial_dag to None, run_after=None
[2025-05-24T04:55:03.434+0530] {processor.py:183} INFO - Processing /Library/Frameworks/Python.framework/Versions/3.12/lib/python3.12/site-packages/airflow/example_dags/tutorial_dag.py took 0.225 seconds
[2025-05-24T04:56:57.853+0530] {processor.py:161} INFO - Started process (PID=17725) to work on /Library/Frameworks/Python.framework/Versions/3.12/lib/python3.12/site-packages/airflow/example_dags/tutorial_dag.py
[2025-05-24T04:56:57.854+0530] {processor.py:830} INFO - Processing file /Library/Frameworks/Python.framework/Versions/3.12/lib/python3.12/site-packages/airflow/example_dags/tutorial_dag.py for tasks to queue
[2025-05-24T04:56:57.855+0530] {logging_mixin.py:188} INFO - [2025-05-24T04:56:57.855+0530] {dagbag.py:540} INFO - Filling up the DagBag from /Library/Frameworks/Python.framework/Versions/3.12/lib/python3.12/site-packages/airflow/example_dags/tutorial_dag.py
[2025-05-24T04:56:57.881+0530] {processor.py:840} INFO - DAG(s) 'tutorial_dag' retrieved from /Library/Frameworks/Python.framework/Versions/3.12/lib/python3.12/site-packages/airflow/example_dags/tutorial_dag.py
[2025-05-24T04:56:58.032+0530] {logging_mixin.py:188} INFO - [2025-05-24T04:56:58.032+0530] {dag.py:3096} INFO - Sync 1 DAGs
[2025-05-24T04:56:58.042+0530] {logging_mixin.py:188} INFO - [2025-05-24T04:56:58.042+0530] {dag.py:3954} INFO - Setting next_dagrun for tutorial_dag to None, run_after=None
[2025-05-24T04:56:58.059+0530] {processor.py:183} INFO - Processing /Library/Frameworks/Python.framework/Versions/3.12/lib/python3.12/site-packages/airflow/example_dags/tutorial_dag.py took 0.210 seconds
[2025-05-24T04:58:52.396+0530] {processor.py:161} INFO - Started process (PID=17784) to work on /Library/Frameworks/Python.framework/Versions/3.12/lib/python3.12/site-packages/airflow/example_dags/tutorial_dag.py
[2025-05-24T04:58:52.397+0530] {processor.py:830} INFO - Processing file /Library/Frameworks/Python.framework/Versions/3.12/lib/python3.12/site-packages/airflow/example_dags/tutorial_dag.py for tasks to queue
[2025-05-24T04:58:52.398+0530] {logging_mixin.py:188} INFO - [2025-05-24T04:58:52.397+0530] {dagbag.py:540} INFO - Filling up the DagBag from /Library/Frameworks/Python.framework/Versions/3.12/lib/python3.12/site-packages/airflow/example_dags/tutorial_dag.py
[2025-05-24T04:58:52.424+0530] {processor.py:840} INFO - DAG(s) 'tutorial_dag' retrieved from /Library/Frameworks/Python.framework/Versions/3.12/lib/python3.12/site-packages/airflow/example_dags/tutorial_dag.py
[2025-05-24T04:58:52.563+0530] {logging_mixin.py:188} INFO - [2025-05-24T04:58:52.562+0530] {dag.py:3096} INFO - Sync 1 DAGs
[2025-05-24T04:58:52.572+0530] {logging_mixin.py:188} INFO - [2025-05-24T04:58:52.572+0530] {dag.py:3954} INFO - Setting next_dagrun for tutorial_dag to None, run_after=None
[2025-05-24T04:58:52.591+0530] {processor.py:183} INFO - Processing /Library/Frameworks/Python.framework/Versions/3.12/lib/python3.12/site-packages/airflow/example_dags/tutorial_dag.py took 0.199 seconds
[2025-05-24T05:00:45.413+0530] {processor.py:161} INFO - Started process (PID=17861) to work on /Library/Frameworks/Python.framework/Versions/3.12/lib/python3.12/site-packages/airflow/example_dags/tutorial_dag.py
[2025-05-24T05:00:45.415+0530] {processor.py:830} INFO - Processing file /Library/Frameworks/Python.framework/Versions/3.12/lib/python3.12/site-packages/airflow/example_dags/tutorial_dag.py for tasks to queue
[2025-05-24T05:00:45.416+0530] {logging_mixin.py:188} INFO - [2025-05-24T05:00:45.416+0530] {dagbag.py:540} INFO - Filling up the DagBag from /Library/Frameworks/Python.framework/Versions/3.12/lib/python3.12/site-packages/airflow/example_dags/tutorial_dag.py
[2025-05-24T05:00:45.438+0530] {processor.py:840} INFO - DAG(s) 'tutorial_dag' retrieved from /Library/Frameworks/Python.framework/Versions/3.12/lib/python3.12/site-packages/airflow/example_dags/tutorial_dag.py
[2025-05-24T05:00:45.566+0530] {logging_mixin.py:188} INFO - [2025-05-24T05:00:45.566+0530] {dag.py:3096} INFO - Sync 1 DAGs
[2025-05-24T05:00:45.575+0530] {logging_mixin.py:188} INFO - [2025-05-24T05:00:45.574+0530] {dag.py:3954} INFO - Setting next_dagrun for tutorial_dag to None, run_after=None
[2025-05-24T05:00:45.590+0530] {processor.py:183} INFO - Processing /Library/Frameworks/Python.framework/Versions/3.12/lib/python3.12/site-packages/airflow/example_dags/tutorial_dag.py took 0.180 seconds
[2025-05-24T05:02:38.605+0530] {processor.py:161} INFO - Started process (PID=17926) to work on /Library/Frameworks/Python.framework/Versions/3.12/lib/python3.12/site-packages/airflow/example_dags/tutorial_dag.py
[2025-05-24T05:02:38.607+0530] {processor.py:830} INFO - Processing file /Library/Frameworks/Python.framework/Versions/3.12/lib/python3.12/site-packages/airflow/example_dags/tutorial_dag.py for tasks to queue
[2025-05-24T05:02:38.607+0530] {logging_mixin.py:188} INFO - [2025-05-24T05:02:38.607+0530] {dagbag.py:540} INFO - Filling up the DagBag from /Library/Frameworks/Python.framework/Versions/3.12/lib/python3.12/site-packages/airflow/example_dags/tutorial_dag.py
[2025-05-24T05:02:38.631+0530] {processor.py:840} INFO - DAG(s) 'tutorial_dag' retrieved from /Library/Frameworks/Python.framework/Versions/3.12/lib/python3.12/site-packages/airflow/example_dags/tutorial_dag.py
[2025-05-24T05:02:38.767+0530] {logging_mixin.py:188} INFO - [2025-05-24T05:02:38.766+0530] {dag.py:3096} INFO - Sync 1 DAGs
[2025-05-24T05:02:38.776+0530] {logging_mixin.py:188} INFO - [2025-05-24T05:02:38.776+0530] {dag.py:3954} INFO - Setting next_dagrun for tutorial_dag to None, run_after=None
[2025-05-24T05:02:38.793+0530] {processor.py:183} INFO - Processing /Library/Frameworks/Python.framework/Versions/3.12/lib/python3.12/site-packages/airflow/example_dags/tutorial_dag.py took 0.191 seconds
[2025-05-24T05:04:31.694+0530] {processor.py:161} INFO - Started process (PID=17980) to work on /Library/Frameworks/Python.framework/Versions/3.12/lib/python3.12/site-packages/airflow/example_dags/tutorial_dag.py
[2025-05-24T05:04:31.695+0530] {processor.py:830} INFO - Processing file /Library/Frameworks/Python.framework/Versions/3.12/lib/python3.12/site-packages/airflow/example_dags/tutorial_dag.py for tasks to queue
[2025-05-24T05:04:31.696+0530] {logging_mixin.py:188} INFO - [2025-05-24T05:04:31.696+0530] {dagbag.py:540} INFO - Filling up the DagBag from /Library/Frameworks/Python.framework/Versions/3.12/lib/python3.12/site-packages/airflow/example_dags/tutorial_dag.py
[2025-05-24T05:04:31.719+0530] {processor.py:840} INFO - DAG(s) 'tutorial_dag' retrieved from /Library/Frameworks/Python.framework/Versions/3.12/lib/python3.12/site-packages/airflow/example_dags/tutorial_dag.py
[2025-05-24T05:04:31.847+0530] {logging_mixin.py:188} INFO - [2025-05-24T05:04:31.846+0530] {dag.py:3096} INFO - Sync 1 DAGs
[2025-05-24T05:04:31.855+0530] {logging_mixin.py:188} INFO - [2025-05-24T05:04:31.855+0530] {dag.py:3954} INFO - Setting next_dagrun for tutorial_dag to None, run_after=None
[2025-05-24T05:04:31.870+0530] {processor.py:183} INFO - Processing /Library/Frameworks/Python.framework/Versions/3.12/lib/python3.12/site-packages/airflow/example_dags/tutorial_dag.py took 0.179 seconds
[2025-05-24T05:06:25.003+0530] {processor.py:161} INFO - Started process (PID=18031) to work on /Library/Frameworks/Python.framework/Versions/3.12/lib/python3.12/site-packages/airflow/example_dags/tutorial_dag.py
[2025-05-24T05:06:25.004+0530] {processor.py:830} INFO - Processing file /Library/Frameworks/Python.framework/Versions/3.12/lib/python3.12/site-packages/airflow/example_dags/tutorial_dag.py for tasks to queue
[2025-05-24T05:06:25.005+0530] {logging_mixin.py:188} INFO - [2025-05-24T05:06:25.005+0530] {dagbag.py:540} INFO - Filling up the DagBag from /Library/Frameworks/Python.framework/Versions/3.12/lib/python3.12/site-packages/airflow/example_dags/tutorial_dag.py
[2025-05-24T05:06:25.029+0530] {processor.py:840} INFO - DAG(s) 'tutorial_dag' retrieved from /Library/Frameworks/Python.framework/Versions/3.12/lib/python3.12/site-packages/airflow/example_dags/tutorial_dag.py
[2025-05-24T05:06:25.157+0530] {logging_mixin.py:188} INFO - [2025-05-24T05:06:25.157+0530] {dag.py:3096} INFO - Sync 1 DAGs
[2025-05-24T05:06:25.166+0530] {logging_mixin.py:188} INFO - [2025-05-24T05:06:25.166+0530] {dag.py:3954} INFO - Setting next_dagrun for tutorial_dag to None, run_after=None
[2025-05-24T05:06:25.182+0530] {processor.py:183} INFO - Processing /Library/Frameworks/Python.framework/Versions/3.12/lib/python3.12/site-packages/airflow/example_dags/tutorial_dag.py took 0.183 seconds
[2025-05-24T05:08:14.385+0530] {processor.py:161} INFO - Started process (PID=18079) to work on /Library/Frameworks/Python.framework/Versions/3.12/lib/python3.12/site-packages/airflow/example_dags/tutorial_dag.py
[2025-05-24T05:08:14.386+0530] {processor.py:830} INFO - Processing file /Library/Frameworks/Python.framework/Versions/3.12/lib/python3.12/site-packages/airflow/example_dags/tutorial_dag.py for tasks to queue
[2025-05-24T05:08:14.387+0530] {logging_mixin.py:188} INFO - [2025-05-24T05:08:14.386+0530] {dagbag.py:540} INFO - Filling up the DagBag from /Library/Frameworks/Python.framework/Versions/3.12/lib/python3.12/site-packages/airflow/example_dags/tutorial_dag.py
[2025-05-24T05:08:14.412+0530] {processor.py:840} INFO - DAG(s) 'tutorial_dag' retrieved from /Library/Frameworks/Python.framework/Versions/3.12/lib/python3.12/site-packages/airflow/example_dags/tutorial_dag.py
[2025-05-24T05:08:14.539+0530] {logging_mixin.py:188} INFO - [2025-05-24T05:08:14.539+0530] {dag.py:3096} INFO - Sync 1 DAGs
[2025-05-24T05:08:14.548+0530] {logging_mixin.py:188} INFO - [2025-05-24T05:08:14.547+0530] {dag.py:3954} INFO - Setting next_dagrun for tutorial_dag to None, run_after=None
[2025-05-24T05:08:14.564+0530] {processor.py:183} INFO - Processing /Library/Frameworks/Python.framework/Versions/3.12/lib/python3.12/site-packages/airflow/example_dags/tutorial_dag.py took 0.181 seconds
[2025-05-24T05:10:14.251+0530] {processor.py:161} INFO - Started process (PID=18133) to work on /Library/Frameworks/Python.framework/Versions/3.12/lib/python3.12/site-packages/airflow/example_dags/tutorial_dag.py
[2025-05-24T05:10:14.253+0530] {processor.py:830} INFO - Processing file /Library/Frameworks/Python.framework/Versions/3.12/lib/python3.12/site-packages/airflow/example_dags/tutorial_dag.py for tasks to queue
[2025-05-24T05:10:14.254+0530] {logging_mixin.py:188} INFO - [2025-05-24T05:10:14.253+0530] {dagbag.py:540} INFO - Filling up the DagBag from /Library/Frameworks/Python.framework/Versions/3.12/lib/python3.12/site-packages/airflow/example_dags/tutorial_dag.py
[2025-05-24T05:10:14.276+0530] {processor.py:840} INFO - DAG(s) 'tutorial_dag' retrieved from /Library/Frameworks/Python.framework/Versions/3.12/lib/python3.12/site-packages/airflow/example_dags/tutorial_dag.py
[2025-05-24T05:10:14.404+0530] {logging_mixin.py:188} INFO - [2025-05-24T05:10:14.403+0530] {dag.py:3096} INFO - Sync 1 DAGs
[2025-05-24T05:10:14.413+0530] {logging_mixin.py:188} INFO - [2025-05-24T05:10:14.412+0530] {dag.py:3954} INFO - Setting next_dagrun for tutorial_dag to None, run_after=None
[2025-05-24T05:10:14.428+0530] {processor.py:183} INFO - Processing /Library/Frameworks/Python.framework/Versions/3.12/lib/python3.12/site-packages/airflow/example_dags/tutorial_dag.py took 0.181 seconds
