[2025-05-27T17:38:56.622+0530] {processor.py:161} INFO - Started process (PID=22842) to work on /Users/zafarimam/Documents/E-Commerce Order Pipeline/airflow_venv_39/lib/python3.9/site-packages/airflow/example_dags/example_latest_only.py
[2025-05-27T17:38:56.623+0530] {processor.py:830} INFO - Processing file /Users/zafarimam/Documents/E-Commerce Order Pipeline/airflow_venv_39/lib/python3.9/site-packages/airflow/example_dags/example_latest_only.py for tasks to queue
[2025-05-27T17:38:56.624+0530] {logging_mixin.py:188} INFO - [2025-05-27T17:38:56.624+0530] {dagbag.py:538} INFO - Filling up the DagBag from /Users/zafarimam/Documents/E-Commerce Order Pipeline/airflow_venv_39/lib/python3.9/site-packages/airflow/example_dags/example_latest_only.py
[2025-05-27T17:38:56.631+0530] {processor.py:840} INFO - DAG(s) 'latest_only' retrieved from /Users/zafarimam/Documents/E-Commerce Order Pipeline/airflow_venv_39/lib/python3.9/site-packages/airflow/example_dags/example_latest_only.py
[2025-05-27T17:38:56.780+0530] {logging_mixin.py:188} INFO - [2025-05-27T17:38:56.779+0530] {dag.py:3036} INFO - Sync 1 DAGs
[2025-05-27T17:38:56.791+0530] {logging_mixin.py:188} INFO - [2025-05-27T17:38:56.791+0530] {dag.py:3823} INFO - Setting next_dagrun for latest_only to 2025-05-27 08:00:00+00:00, run_after=2025-05-27 12:00:00+00:00
[2025-05-27T17:38:56.805+0530] {processor.py:183} INFO - Processing /Users/zafarimam/Documents/E-Commerce Order Pipeline/airflow_venv_39/lib/python3.9/site-packages/airflow/example_dags/example_latest_only.py took 0.184 seconds
[2025-05-27T17:41:04.429+0530] {processor.py:161} INFO - Started process (PID=22925) to work on /Users/zafarimam/Documents/E-Commerce Order Pipeline/airflow_venv_39/lib/python3.9/site-packages/airflow/example_dags/example_latest_only.py
[2025-05-27T17:41:04.430+0530] {processor.py:830} INFO - Processing file /Users/zafarimam/Documents/E-Commerce Order Pipeline/airflow_venv_39/lib/python3.9/site-packages/airflow/example_dags/example_latest_only.py for tasks to queue
[2025-05-27T17:41:04.431+0530] {logging_mixin.py:188} INFO - [2025-05-27T17:41:04.431+0530] {dagbag.py:538} INFO - Filling up the DagBag from /Users/zafarimam/Documents/E-Commerce Order Pipeline/airflow_venv_39/lib/python3.9/site-packages/airflow/example_dags/example_latest_only.py
[2025-05-27T17:41:04.439+0530] {processor.py:840} INFO - DAG(s) 'latest_only' retrieved from /Users/zafarimam/Documents/E-Commerce Order Pipeline/airflow_venv_39/lib/python3.9/site-packages/airflow/example_dags/example_latest_only.py
[2025-05-27T17:41:04.527+0530] {logging_mixin.py:188} INFO - [2025-05-27T17:41:04.526+0530] {dag.py:3036} INFO - Sync 1 DAGs
[2025-05-27T17:41:04.538+0530] {logging_mixin.py:188} INFO - [2025-05-27T17:41:04.538+0530] {dag.py:3823} INFO - Setting next_dagrun for latest_only to 2025-05-27 08:00:00+00:00, run_after=2025-05-27 12:00:00+00:00
[2025-05-27T17:41:04.556+0530] {processor.py:183} INFO - Processing /Users/zafarimam/Documents/E-Commerce Order Pipeline/airflow_venv_39/lib/python3.9/site-packages/airflow/example_dags/example_latest_only.py took 0.129 seconds
[2025-05-27T17:42:58.804+0530] {processor.py:161} INFO - Started process (PID=22996) to work on /Users/zafarimam/Documents/E-Commerce Order Pipeline/airflow_venv_39/lib/python3.9/site-packages/airflow/example_dags/example_latest_only.py
[2025-05-27T17:42:58.806+0530] {processor.py:830} INFO - Processing file /Users/zafarimam/Documents/E-Commerce Order Pipeline/airflow_venv_39/lib/python3.9/site-packages/airflow/example_dags/example_latest_only.py for tasks to queue
[2025-05-27T17:42:58.807+0530] {logging_mixin.py:188} INFO - [2025-05-27T17:42:58.806+0530] {dagbag.py:538} INFO - Filling up the DagBag from /Users/zafarimam/Documents/E-Commerce Order Pipeline/airflow_venv_39/lib/python3.9/site-packages/airflow/example_dags/example_latest_only.py
[2025-05-27T17:42:58.814+0530] {processor.py:840} INFO - DAG(s) 'latest_only' retrieved from /Users/zafarimam/Documents/E-Commerce Order Pipeline/airflow_venv_39/lib/python3.9/site-packages/airflow/example_dags/example_latest_only.py
[2025-05-27T17:42:58.903+0530] {logging_mixin.py:188} INFO - [2025-05-27T17:42:58.902+0530] {dag.py:3036} INFO - Sync 1 DAGs
[2025-05-27T17:42:58.916+0530] {logging_mixin.py:188} INFO - [2025-05-27T17:42:58.916+0530] {dag.py:3823} INFO - Setting next_dagrun for latest_only to 2025-05-27 08:00:00+00:00, run_after=2025-05-27 12:00:00+00:00
[2025-05-27T17:42:58.932+0530] {processor.py:183} INFO - Processing /Users/zafarimam/Documents/E-Commerce Order Pipeline/airflow_venv_39/lib/python3.9/site-packages/airflow/example_dags/example_latest_only.py took 0.129 seconds
[2025-05-27T17:44:45.480+0530] {processor.py:161} INFO - Started process (PID=23048) to work on /Users/zafarimam/Documents/E-Commerce Order Pipeline/airflow_venv_39/lib/python3.9/site-packages/airflow/example_dags/example_latest_only.py
[2025-05-27T17:44:45.481+0530] {processor.py:830} INFO - Processing file /Users/zafarimam/Documents/E-Commerce Order Pipeline/airflow_venv_39/lib/python3.9/site-packages/airflow/example_dags/example_latest_only.py for tasks to queue
[2025-05-27T17:44:45.482+0530] {logging_mixin.py:188} INFO - [2025-05-27T17:44:45.482+0530] {dagbag.py:538} INFO - Filling up the DagBag from /Users/zafarimam/Documents/E-Commerce Order Pipeline/airflow_venv_39/lib/python3.9/site-packages/airflow/example_dags/example_latest_only.py
[2025-05-27T17:44:45.489+0530] {processor.py:840} INFO - DAG(s) 'latest_only' retrieved from /Users/zafarimam/Documents/E-Commerce Order Pipeline/airflow_venv_39/lib/python3.9/site-packages/airflow/example_dags/example_latest_only.py
[2025-05-27T17:44:45.573+0530] {logging_mixin.py:188} INFO - [2025-05-27T17:44:45.572+0530] {dag.py:3036} INFO - Sync 1 DAGs
[2025-05-27T17:44:45.584+0530] {logging_mixin.py:188} INFO - [2025-05-27T17:44:45.584+0530] {dag.py:3823} INFO - Setting next_dagrun for latest_only to 2025-05-27 08:00:00+00:00, run_after=2025-05-27 12:00:00+00:00
[2025-05-27T17:44:45.602+0530] {processor.py:183} INFO - Processing /Users/zafarimam/Documents/E-Commerce Order Pipeline/airflow_venv_39/lib/python3.9/site-packages/airflow/example_dags/example_latest_only.py took 0.124 seconds
[2025-05-27T17:51:45.458+0530] {processor.py:161} INFO - Started process (PID=23362) to work on /Users/zafarimam/Documents/E-Commerce Order Pipeline/airflow_venv_39/lib/python3.9/site-packages/airflow/example_dags/example_latest_only.py
[2025-05-27T17:51:45.460+0530] {processor.py:830} INFO - Processing file /Users/zafarimam/Documents/E-Commerce Order Pipeline/airflow_venv_39/lib/python3.9/site-packages/airflow/example_dags/example_latest_only.py for tasks to queue
[2025-05-27T17:51:45.461+0530] {logging_mixin.py:188} INFO - [2025-05-27T17:51:45.460+0530] {dagbag.py:538} INFO - Filling up the DagBag from /Users/zafarimam/Documents/E-Commerce Order Pipeline/airflow_venv_39/lib/python3.9/site-packages/airflow/example_dags/example_latest_only.py
[2025-05-27T17:51:45.468+0530] {processor.py:840} INFO - DAG(s) 'latest_only' retrieved from /Users/zafarimam/Documents/E-Commerce Order Pipeline/airflow_venv_39/lib/python3.9/site-packages/airflow/example_dags/example_latest_only.py
[2025-05-27T17:51:45.556+0530] {logging_mixin.py:188} INFO - [2025-05-27T17:51:45.555+0530] {dag.py:3036} INFO - Sync 1 DAGs
[2025-05-27T17:51:45.567+0530] {logging_mixin.py:188} INFO - [2025-05-27T17:51:45.567+0530] {dag.py:3823} INFO - Setting next_dagrun for latest_only to 2025-05-27 08:00:00+00:00, run_after=2025-05-27 12:00:00+00:00
[2025-05-27T17:51:45.582+0530] {processor.py:183} INFO - Processing /Users/zafarimam/Documents/E-Commerce Order Pipeline/airflow_venv_39/lib/python3.9/site-packages/airflow/example_dags/example_latest_only.py took 0.124 seconds
[2025-05-27T17:53:43.210+0530] {processor.py:161} INFO - Started process (PID=23786) to work on /Users/zafarimam/Documents/E-Commerce Order Pipeline/airflow_venv_39/lib/python3.9/site-packages/airflow/example_dags/example_latest_only.py
[2025-05-27T17:53:43.212+0530] {processor.py:830} INFO - Processing file /Users/zafarimam/Documents/E-Commerce Order Pipeline/airflow_venv_39/lib/python3.9/site-packages/airflow/example_dags/example_latest_only.py for tasks to queue
[2025-05-27T17:53:43.213+0530] {logging_mixin.py:188} INFO - [2025-05-27T17:53:43.213+0530] {dagbag.py:538} INFO - Filling up the DagBag from /Users/zafarimam/Documents/E-Commerce Order Pipeline/airflow_venv_39/lib/python3.9/site-packages/airflow/example_dags/example_latest_only.py
[2025-05-27T17:53:43.221+0530] {processor.py:840} INFO - DAG(s) 'latest_only' retrieved from /Users/zafarimam/Documents/E-Commerce Order Pipeline/airflow_venv_39/lib/python3.9/site-packages/airflow/example_dags/example_latest_only.py
[2025-05-27T17:53:43.318+0530] {logging_mixin.py:188} INFO - [2025-05-27T17:53:43.318+0530] {dag.py:3036} INFO - Sync 1 DAGs
[2025-05-27T17:53:43.332+0530] {logging_mixin.py:188} INFO - [2025-05-27T17:53:43.332+0530] {dag.py:3823} INFO - Setting next_dagrun for latest_only to 2025-05-27 08:00:00+00:00, run_after=2025-05-27 12:00:00+00:00
[2025-05-27T17:53:43.349+0530] {processor.py:183} INFO - Processing /Users/zafarimam/Documents/E-Commerce Order Pipeline/airflow_venv_39/lib/python3.9/site-packages/airflow/example_dags/example_latest_only.py took 0.140 seconds
[2025-05-27T17:56:17.424+0530] {processor.py:161} INFO - Started process (PID=24075) to work on /Users/zafarimam/Documents/E-Commerce Order Pipeline/airflow_venv_39/lib/python3.9/site-packages/airflow/example_dags/example_latest_only.py
[2025-05-27T17:56:17.426+0530] {processor.py:830} INFO - Processing file /Users/zafarimam/Documents/E-Commerce Order Pipeline/airflow_venv_39/lib/python3.9/site-packages/airflow/example_dags/example_latest_only.py for tasks to queue
[2025-05-27T17:56:17.426+0530] {logging_mixin.py:188} INFO - [2025-05-27T17:56:17.426+0530] {dagbag.py:538} INFO - Filling up the DagBag from /Users/zafarimam/Documents/E-Commerce Order Pipeline/airflow_venv_39/lib/python3.9/site-packages/airflow/example_dags/example_latest_only.py
[2025-05-27T17:56:17.434+0530] {processor.py:840} INFO - DAG(s) 'latest_only' retrieved from /Users/zafarimam/Documents/E-Commerce Order Pipeline/airflow_venv_39/lib/python3.9/site-packages/airflow/example_dags/example_latest_only.py
[2025-05-27T17:56:17.584+0530] {logging_mixin.py:188} INFO - [2025-05-27T17:56:17.584+0530] {dag.py:3036} INFO - Sync 1 DAGs
[2025-05-27T17:56:17.596+0530] {logging_mixin.py:188} INFO - [2025-05-27T17:56:17.595+0530] {dag.py:3823} INFO - Setting next_dagrun for latest_only to 2025-05-27 08:00:00+00:00, run_after=2025-05-27 12:00:00+00:00
[2025-05-27T17:56:17.609+0530] {processor.py:183} INFO - Processing /Users/zafarimam/Documents/E-Commerce Order Pipeline/airflow_venv_39/lib/python3.9/site-packages/airflow/example_dags/example_latest_only.py took 0.187 seconds
[2025-05-27T17:58:24.852+0530] {processor.py:161} INFO - Started process (PID=24852) to work on /Users/zafarimam/Documents/E-Commerce Order Pipeline/airflow_venv_39/lib/python3.9/site-packages/airflow/example_dags/example_latest_only.py
[2025-05-27T17:58:24.854+0530] {processor.py:830} INFO - Processing file /Users/zafarimam/Documents/E-Commerce Order Pipeline/airflow_venv_39/lib/python3.9/site-packages/airflow/example_dags/example_latest_only.py for tasks to queue
[2025-05-27T17:58:24.854+0530] {logging_mixin.py:188} INFO - [2025-05-27T17:58:24.854+0530] {dagbag.py:538} INFO - Filling up the DagBag from /Users/zafarimam/Documents/E-Commerce Order Pipeline/airflow_venv_39/lib/python3.9/site-packages/airflow/example_dags/example_latest_only.py
[2025-05-27T17:58:24.862+0530] {processor.py:840} INFO - DAG(s) 'latest_only' retrieved from /Users/zafarimam/Documents/E-Commerce Order Pipeline/airflow_venv_39/lib/python3.9/site-packages/airflow/example_dags/example_latest_only.py
[2025-05-27T17:58:24.958+0530] {logging_mixin.py:188} INFO - [2025-05-27T17:58:24.958+0530] {dag.py:3036} INFO - Sync 1 DAGs
[2025-05-27T17:58:24.973+0530] {logging_mixin.py:188} INFO - [2025-05-27T17:58:24.973+0530] {dag.py:3823} INFO - Setting next_dagrun for latest_only to 2025-05-27 08:00:00+00:00, run_after=2025-05-27 12:00:00+00:00
[2025-05-27T17:58:24.990+0530] {processor.py:183} INFO - Processing /Users/zafarimam/Documents/E-Commerce Order Pipeline/airflow_venv_39/lib/python3.9/site-packages/airflow/example_dags/example_latest_only.py took 0.139 seconds
[2025-05-27T18:06:46.382+0530] {processor.py:161} INFO - Started process (PID=25123) to work on /Users/zafarimam/Documents/E-Commerce Order Pipeline/airflow_venv_39/lib/python3.9/site-packages/airflow/example_dags/example_latest_only.py
[2025-05-27T18:06:46.384+0530] {processor.py:830} INFO - Processing file /Users/zafarimam/Documents/E-Commerce Order Pipeline/airflow_venv_39/lib/python3.9/site-packages/airflow/example_dags/example_latest_only.py for tasks to queue
[2025-05-27T18:06:46.385+0530] {logging_mixin.py:188} INFO - [2025-05-27T18:06:46.385+0530] {dagbag.py:538} INFO - Filling up the DagBag from /Users/zafarimam/Documents/E-Commerce Order Pipeline/airflow_venv_39/lib/python3.9/site-packages/airflow/example_dags/example_latest_only.py
[2025-05-27T18:06:46.393+0530] {processor.py:840} INFO - DAG(s) 'latest_only' retrieved from /Users/zafarimam/Documents/E-Commerce Order Pipeline/airflow_venv_39/lib/python3.9/site-packages/airflow/example_dags/example_latest_only.py
[2025-05-27T18:06:46.482+0530] {logging_mixin.py:188} INFO - [2025-05-27T18:06:46.481+0530] {dag.py:3036} INFO - Sync 1 DAGs
[2025-05-27T18:06:46.493+0530] {logging_mixin.py:188} INFO - [2025-05-27T18:06:46.493+0530] {dag.py:3823} INFO - Setting next_dagrun for latest_only to 2025-05-27 08:00:00+00:00, run_after=2025-05-27 12:00:00+00:00
[2025-05-27T18:06:46.509+0530] {processor.py:183} INFO - Processing /Users/zafarimam/Documents/E-Commerce Order Pipeline/airflow_venv_39/lib/python3.9/site-packages/airflow/example_dags/example_latest_only.py took 0.128 seconds
[2025-05-27T18:08:54.427+0530] {processor.py:161} INFO - Started process (PID=25185) to work on /Users/zafarimam/Documents/E-Commerce Order Pipeline/airflow_venv_39/lib/python3.9/site-packages/airflow/example_dags/example_latest_only.py
[2025-05-27T18:08:54.428+0530] {processor.py:830} INFO - Processing file /Users/zafarimam/Documents/E-Commerce Order Pipeline/airflow_venv_39/lib/python3.9/site-packages/airflow/example_dags/example_latest_only.py for tasks to queue
[2025-05-27T18:08:54.428+0530] {logging_mixin.py:188} INFO - [2025-05-27T18:08:54.428+0530] {dagbag.py:538} INFO - Filling up the DagBag from /Users/zafarimam/Documents/E-Commerce Order Pipeline/airflow_venv_39/lib/python3.9/site-packages/airflow/example_dags/example_latest_only.py
[2025-05-27T18:08:54.436+0530] {processor.py:840} INFO - DAG(s) 'latest_only' retrieved from /Users/zafarimam/Documents/E-Commerce Order Pipeline/airflow_venv_39/lib/python3.9/site-packages/airflow/example_dags/example_latest_only.py
[2025-05-27T18:08:54.557+0530] {logging_mixin.py:188} INFO - [2025-05-27T18:08:54.557+0530] {dag.py:3036} INFO - Sync 1 DAGs
[2025-05-27T18:08:54.572+0530] {logging_mixin.py:188} INFO - [2025-05-27T18:08:54.571+0530] {dag.py:3823} INFO - Setting next_dagrun for latest_only to 2025-05-27 08:00:00+00:00, run_after=2025-05-27 12:00:00+00:00
[2025-05-27T18:08:54.588+0530] {processor.py:183} INFO - Processing /Users/zafarimam/Documents/E-Commerce Order Pipeline/airflow_venv_39/lib/python3.9/site-packages/airflow/example_dags/example_latest_only.py took 0.163 seconds
[2025-05-27T18:10:41.873+0530] {processor.py:161} INFO - Started process (PID=25241) to work on /Users/zafarimam/Documents/E-Commerce Order Pipeline/airflow_venv_39/lib/python3.9/site-packages/airflow/example_dags/example_latest_only.py
[2025-05-27T18:10:41.874+0530] {processor.py:830} INFO - Processing file /Users/zafarimam/Documents/E-Commerce Order Pipeline/airflow_venv_39/lib/python3.9/site-packages/airflow/example_dags/example_latest_only.py for tasks to queue
[2025-05-27T18:10:41.875+0530] {logging_mixin.py:188} INFO - [2025-05-27T18:10:41.875+0530] {dagbag.py:538} INFO - Filling up the DagBag from /Users/zafarimam/Documents/E-Commerce Order Pipeline/airflow_venv_39/lib/python3.9/site-packages/airflow/example_dags/example_latest_only.py
[2025-05-27T18:10:41.882+0530] {processor.py:840} INFO - DAG(s) 'latest_only' retrieved from /Users/zafarimam/Documents/E-Commerce Order Pipeline/airflow_venv_39/lib/python3.9/site-packages/airflow/example_dags/example_latest_only.py
[2025-05-27T18:10:41.970+0530] {logging_mixin.py:188} INFO - [2025-05-27T18:10:41.969+0530] {dag.py:3036} INFO - Sync 1 DAGs
[2025-05-27T18:10:41.982+0530] {logging_mixin.py:188} INFO - [2025-05-27T18:10:41.981+0530] {dag.py:3823} INFO - Setting next_dagrun for latest_only to 2025-05-27 08:00:00+00:00, run_after=2025-05-27 12:00:00+00:00
[2025-05-27T18:10:41.995+0530] {processor.py:183} INFO - Processing /Users/zafarimam/Documents/E-Commerce Order Pipeline/airflow_venv_39/lib/python3.9/site-packages/airflow/example_dags/example_latest_only.py took 0.123 seconds
[2025-05-27T18:12:31.916+0530] {processor.py:161} INFO - Started process (PID=25299) to work on /Users/zafarimam/Documents/E-Commerce Order Pipeline/airflow_venv_39/lib/python3.9/site-packages/airflow/example_dags/example_latest_only.py
[2025-05-27T18:12:31.917+0530] {processor.py:830} INFO - Processing file /Users/zafarimam/Documents/E-Commerce Order Pipeline/airflow_venv_39/lib/python3.9/site-packages/airflow/example_dags/example_latest_only.py for tasks to queue
[2025-05-27T18:12:31.917+0530] {logging_mixin.py:188} INFO - [2025-05-27T18:12:31.917+0530] {dagbag.py:538} INFO - Filling up the DagBag from /Users/zafarimam/Documents/E-Commerce Order Pipeline/airflow_venv_39/lib/python3.9/site-packages/airflow/example_dags/example_latest_only.py
[2025-05-27T18:12:31.925+0530] {processor.py:840} INFO - DAG(s) 'latest_only' retrieved from /Users/zafarimam/Documents/E-Commerce Order Pipeline/airflow_venv_39/lib/python3.9/site-packages/airflow/example_dags/example_latest_only.py
[2025-05-27T18:12:32.018+0530] {logging_mixin.py:188} INFO - [2025-05-27T18:12:32.017+0530] {dag.py:3036} INFO - Sync 1 DAGs
[2025-05-27T18:12:32.032+0530] {logging_mixin.py:188} INFO - [2025-05-27T18:12:32.032+0530] {dag.py:3823} INFO - Setting next_dagrun for latest_only to 2025-05-27 08:00:00+00:00, run_after=2025-05-27 12:00:00+00:00
[2025-05-27T18:12:32.048+0530] {processor.py:183} INFO - Processing /Users/zafarimam/Documents/E-Commerce Order Pipeline/airflow_venv_39/lib/python3.9/site-packages/airflow/example_dags/example_latest_only.py took 0.134 seconds
[2025-05-27T18:14:33.020+0530] {processor.py:161} INFO - Started process (PID=25376) to work on /Users/zafarimam/Documents/E-Commerce Order Pipeline/airflow_venv_39/lib/python3.9/site-packages/airflow/example_dags/example_latest_only.py
[2025-05-27T18:14:33.022+0530] {processor.py:830} INFO - Processing file /Users/zafarimam/Documents/E-Commerce Order Pipeline/airflow_venv_39/lib/python3.9/site-packages/airflow/example_dags/example_latest_only.py for tasks to queue
[2025-05-27T18:14:33.022+0530] {logging_mixin.py:188} INFO - [2025-05-27T18:14:33.022+0530] {dagbag.py:538} INFO - Filling up the DagBag from /Users/zafarimam/Documents/E-Commerce Order Pipeline/airflow_venv_39/lib/python3.9/site-packages/airflow/example_dags/example_latest_only.py
[2025-05-27T18:14:33.030+0530] {processor.py:840} INFO - DAG(s) 'latest_only' retrieved from /Users/zafarimam/Documents/E-Commerce Order Pipeline/airflow_venv_39/lib/python3.9/site-packages/airflow/example_dags/example_latest_only.py
[2025-05-27T18:14:33.113+0530] {logging_mixin.py:188} INFO - [2025-05-27T18:14:33.112+0530] {dag.py:3036} INFO - Sync 1 DAGs
[2025-05-27T18:14:33.124+0530] {logging_mixin.py:188} INFO - [2025-05-27T18:14:33.124+0530] {dag.py:3823} INFO - Setting next_dagrun for latest_only to 2025-05-27 08:00:00+00:00, run_after=2025-05-27 12:00:00+00:00
[2025-05-27T18:14:33.138+0530] {processor.py:183} INFO - Processing /Users/zafarimam/Documents/E-Commerce Order Pipeline/airflow_venv_39/lib/python3.9/site-packages/airflow/example_dags/example_latest_only.py took 0.119 seconds
[2025-05-27T18:16:17.438+0530] {processor.py:161} INFO - Started process (PID=25434) to work on /Users/zafarimam/Documents/E-Commerce Order Pipeline/airflow_venv_39/lib/python3.9/site-packages/airflow/example_dags/example_latest_only.py
[2025-05-27T18:16:17.439+0530] {processor.py:830} INFO - Processing file /Users/zafarimam/Documents/E-Commerce Order Pipeline/airflow_venv_39/lib/python3.9/site-packages/airflow/example_dags/example_latest_only.py for tasks to queue
[2025-05-27T18:16:17.439+0530] {logging_mixin.py:188} INFO - [2025-05-27T18:16:17.439+0530] {dagbag.py:538} INFO - Filling up the DagBag from /Users/zafarimam/Documents/E-Commerce Order Pipeline/airflow_venv_39/lib/python3.9/site-packages/airflow/example_dags/example_latest_only.py
[2025-05-27T18:16:17.447+0530] {processor.py:840} INFO - DAG(s) 'latest_only' retrieved from /Users/zafarimam/Documents/E-Commerce Order Pipeline/airflow_venv_39/lib/python3.9/site-packages/airflow/example_dags/example_latest_only.py
[2025-05-27T18:16:17.529+0530] {logging_mixin.py:188} INFO - [2025-05-27T18:16:17.529+0530] {dag.py:3036} INFO - Sync 1 DAGs
[2025-05-27T18:16:17.541+0530] {logging_mixin.py:188} INFO - [2025-05-27T18:16:17.541+0530] {dag.py:3823} INFO - Setting next_dagrun for latest_only to 2025-05-27 08:00:00+00:00, run_after=2025-05-27 12:00:00+00:00
[2025-05-27T18:16:17.555+0530] {processor.py:183} INFO - Processing /Users/zafarimam/Documents/E-Commerce Order Pipeline/airflow_venv_39/lib/python3.9/site-packages/airflow/example_dags/example_latest_only.py took 0.119 seconds
[2025-05-27T18:18:00.167+0530] {processor.py:161} INFO - Started process (PID=25490) to work on /Users/zafarimam/Documents/E-Commerce Order Pipeline/airflow_venv_39/lib/python3.9/site-packages/airflow/example_dags/example_latest_only.py
[2025-05-27T18:18:00.168+0530] {processor.py:830} INFO - Processing file /Users/zafarimam/Documents/E-Commerce Order Pipeline/airflow_venv_39/lib/python3.9/site-packages/airflow/example_dags/example_latest_only.py for tasks to queue
[2025-05-27T18:18:00.169+0530] {logging_mixin.py:188} INFO - [2025-05-27T18:18:00.169+0530] {dagbag.py:538} INFO - Filling up the DagBag from /Users/zafarimam/Documents/E-Commerce Order Pipeline/airflow_venv_39/lib/python3.9/site-packages/airflow/example_dags/example_latest_only.py
[2025-05-27T18:18:00.176+0530] {processor.py:840} INFO - DAG(s) 'latest_only' retrieved from /Users/zafarimam/Documents/E-Commerce Order Pipeline/airflow_venv_39/lib/python3.9/site-packages/airflow/example_dags/example_latest_only.py
[2025-05-27T18:18:00.262+0530] {logging_mixin.py:188} INFO - [2025-05-27T18:18:00.261+0530] {dag.py:3036} INFO - Sync 1 DAGs
[2025-05-27T18:18:00.273+0530] {logging_mixin.py:188} INFO - [2025-05-27T18:18:00.273+0530] {dag.py:3823} INFO - Setting next_dagrun for latest_only to 2025-05-27 08:00:00+00:00, run_after=2025-05-27 12:00:00+00:00
[2025-05-27T18:18:00.287+0530] {processor.py:183} INFO - Processing /Users/zafarimam/Documents/E-Commerce Order Pipeline/airflow_venv_39/lib/python3.9/site-packages/airflow/example_dags/example_latest_only.py took 0.121 seconds
[2025-05-27T18:22:42.980+0530] {processor.py:161} INFO - Started process (PID=25702) to work on /Users/zafarimam/Documents/E-Commerce Order Pipeline/airflow_venv_39/lib/python3.9/site-packages/airflow/example_dags/example_latest_only.py
[2025-05-27T18:22:42.981+0530] {processor.py:830} INFO - Processing file /Users/zafarimam/Documents/E-Commerce Order Pipeline/airflow_venv_39/lib/python3.9/site-packages/airflow/example_dags/example_latest_only.py for tasks to queue
[2025-05-27T18:22:42.982+0530] {logging_mixin.py:188} INFO - [2025-05-27T18:22:42.981+0530] {dagbag.py:538} INFO - Filling up the DagBag from /Users/zafarimam/Documents/E-Commerce Order Pipeline/airflow_venv_39/lib/python3.9/site-packages/airflow/example_dags/example_latest_only.py
[2025-05-27T18:22:42.990+0530] {processor.py:840} INFO - DAG(s) 'latest_only' retrieved from /Users/zafarimam/Documents/E-Commerce Order Pipeline/airflow_venv_39/lib/python3.9/site-packages/airflow/example_dags/example_latest_only.py
[2025-05-27T18:22:43.093+0530] {logging_mixin.py:188} INFO - [2025-05-27T18:22:43.092+0530] {dag.py:3036} INFO - Sync 1 DAGs
[2025-05-27T18:22:43.108+0530] {logging_mixin.py:188} INFO - [2025-05-27T18:22:43.107+0530] {dag.py:3823} INFO - Setting next_dagrun for latest_only to 2025-05-27 08:00:00+00:00, run_after=2025-05-27 12:00:00+00:00
[2025-05-27T18:22:43.125+0530] {processor.py:183} INFO - Processing /Users/zafarimam/Documents/E-Commerce Order Pipeline/airflow_venv_39/lib/python3.9/site-packages/airflow/example_dags/example_latest_only.py took 0.146 seconds
[2025-05-27T18:27:59.472+0530] {processor.py:161} INFO - Started process (PID=25874) to work on /Users/zafarimam/Documents/E-Commerce Order Pipeline/airflow_venv_39/lib/python3.9/site-packages/airflow/example_dags/example_latest_only.py
[2025-05-27T18:27:59.474+0530] {processor.py:830} INFO - Processing file /Users/zafarimam/Documents/E-Commerce Order Pipeline/airflow_venv_39/lib/python3.9/site-packages/airflow/example_dags/example_latest_only.py for tasks to queue
[2025-05-27T18:27:59.474+0530] {logging_mixin.py:188} INFO - [2025-05-27T18:27:59.474+0530] {dagbag.py:538} INFO - Filling up the DagBag from /Users/zafarimam/Documents/E-Commerce Order Pipeline/airflow_venv_39/lib/python3.9/site-packages/airflow/example_dags/example_latest_only.py
[2025-05-27T18:27:59.482+0530] {processor.py:840} INFO - DAG(s) 'latest_only' retrieved from /Users/zafarimam/Documents/E-Commerce Order Pipeline/airflow_venv_39/lib/python3.9/site-packages/airflow/example_dags/example_latest_only.py
[2025-05-27T18:27:59.571+0530] {logging_mixin.py:188} INFO - [2025-05-27T18:27:59.570+0530] {dag.py:3036} INFO - Sync 1 DAGs
[2025-05-27T18:27:59.584+0530] {logging_mixin.py:188} INFO - [2025-05-27T18:27:59.584+0530] {dag.py:3823} INFO - Setting next_dagrun for latest_only to 2025-05-27 08:00:00+00:00, run_after=2025-05-27 12:00:00+00:00
[2025-05-27T18:27:59.600+0530] {processor.py:183} INFO - Processing /Users/zafarimam/Documents/E-Commerce Order Pipeline/airflow_venv_39/lib/python3.9/site-packages/airflow/example_dags/example_latest_only.py took 0.129 seconds
[2025-05-27T18:29:55.285+0530] {processor.py:161} INFO - Started process (PID=25941) to work on /Users/zafarimam/Documents/E-Commerce Order Pipeline/airflow_venv_39/lib/python3.9/site-packages/airflow/example_dags/example_latest_only.py
[2025-05-27T18:29:55.286+0530] {processor.py:830} INFO - Processing file /Users/zafarimam/Documents/E-Commerce Order Pipeline/airflow_venv_39/lib/python3.9/site-packages/airflow/example_dags/example_latest_only.py for tasks to queue
[2025-05-27T18:29:55.287+0530] {logging_mixin.py:188} INFO - [2025-05-27T18:29:55.287+0530] {dagbag.py:538} INFO - Filling up the DagBag from /Users/zafarimam/Documents/E-Commerce Order Pipeline/airflow_venv_39/lib/python3.9/site-packages/airflow/example_dags/example_latest_only.py
[2025-05-27T18:29:55.294+0530] {processor.py:840} INFO - DAG(s) 'latest_only' retrieved from /Users/zafarimam/Documents/E-Commerce Order Pipeline/airflow_venv_39/lib/python3.9/site-packages/airflow/example_dags/example_latest_only.py
[2025-05-27T18:29:55.378+0530] {logging_mixin.py:188} INFO - [2025-05-27T18:29:55.377+0530] {dag.py:3036} INFO - Sync 1 DAGs
[2025-05-27T18:29:55.389+0530] {logging_mixin.py:188} INFO - [2025-05-27T18:29:55.389+0530] {dag.py:3823} INFO - Setting next_dagrun for latest_only to 2025-05-27 08:00:00+00:00, run_after=2025-05-27 12:00:00+00:00
[2025-05-27T18:29:55.404+0530] {processor.py:183} INFO - Processing /Users/zafarimam/Documents/E-Commerce Order Pipeline/airflow_venv_39/lib/python3.9/site-packages/airflow/example_dags/example_latest_only.py took 0.120 seconds
[2025-05-27T18:31:43.993+0530] {processor.py:161} INFO - Started process (PID=26002) to work on /Users/zafarimam/Documents/E-Commerce Order Pipeline/airflow_venv_39/lib/python3.9/site-packages/airflow/example_dags/example_latest_only.py
[2025-05-27T18:31:43.994+0530] {processor.py:830} INFO - Processing file /Users/zafarimam/Documents/E-Commerce Order Pipeline/airflow_venv_39/lib/python3.9/site-packages/airflow/example_dags/example_latest_only.py for tasks to queue
[2025-05-27T18:31:43.994+0530] {logging_mixin.py:188} INFO - [2025-05-27T18:31:43.994+0530] {dagbag.py:538} INFO - Filling up the DagBag from /Users/zafarimam/Documents/E-Commerce Order Pipeline/airflow_venv_39/lib/python3.9/site-packages/airflow/example_dags/example_latest_only.py
[2025-05-27T18:31:44.002+0530] {processor.py:840} INFO - DAG(s) 'latest_only' retrieved from /Users/zafarimam/Documents/E-Commerce Order Pipeline/airflow_venv_39/lib/python3.9/site-packages/airflow/example_dags/example_latest_only.py
[2025-05-27T18:31:44.085+0530] {logging_mixin.py:188} INFO - [2025-05-27T18:31:44.085+0530] {dag.py:3036} INFO - Sync 1 DAGs
[2025-05-27T18:31:44.096+0530] {logging_mixin.py:188} INFO - [2025-05-27T18:31:44.096+0530] {dag.py:3823} INFO - Setting next_dagrun for latest_only to 2025-05-27 08:00:00+00:00, run_after=2025-05-27 12:00:00+00:00
[2025-05-27T18:31:44.111+0530] {processor.py:183} INFO - Processing /Users/zafarimam/Documents/E-Commerce Order Pipeline/airflow_venv_39/lib/python3.9/site-packages/airflow/example_dags/example_latest_only.py took 0.119 seconds
[2025-05-27T18:33:34.981+0530] {processor.py:161} INFO - Started process (PID=26093) to work on /Users/zafarimam/Documents/E-Commerce Order Pipeline/airflow_venv_39/lib/python3.9/site-packages/airflow/example_dags/example_latest_only.py
[2025-05-27T18:33:34.982+0530] {processor.py:830} INFO - Processing file /Users/zafarimam/Documents/E-Commerce Order Pipeline/airflow_venv_39/lib/python3.9/site-packages/airflow/example_dags/example_latest_only.py for tasks to queue
[2025-05-27T18:33:34.983+0530] {logging_mixin.py:188} INFO - [2025-05-27T18:33:34.982+0530] {dagbag.py:538} INFO - Filling up the DagBag from /Users/zafarimam/Documents/E-Commerce Order Pipeline/airflow_venv_39/lib/python3.9/site-packages/airflow/example_dags/example_latest_only.py
[2025-05-27T18:33:34.990+0530] {processor.py:840} INFO - DAG(s) 'latest_only' retrieved from /Users/zafarimam/Documents/E-Commerce Order Pipeline/airflow_venv_39/lib/python3.9/site-packages/airflow/example_dags/example_latest_only.py
[2025-05-27T18:33:35.081+0530] {logging_mixin.py:188} INFO - [2025-05-27T18:33:35.081+0530] {dag.py:3036} INFO - Sync 1 DAGs
[2025-05-27T18:33:35.094+0530] {logging_mixin.py:188} INFO - [2025-05-27T18:33:35.094+0530] {dag.py:3823} INFO - Setting next_dagrun for latest_only to 2025-05-27 08:00:00+00:00, run_after=2025-05-27 12:00:00+00:00
[2025-05-27T18:33:35.110+0530] {processor.py:183} INFO - Processing /Users/zafarimam/Documents/E-Commerce Order Pipeline/airflow_venv_39/lib/python3.9/site-packages/airflow/example_dags/example_latest_only.py took 0.130 seconds
[2025-05-27T18:37:29.121+0530] {processor.py:161} INFO - Started process (PID=26218) to work on /Users/zafarimam/Documents/E-Commerce Order Pipeline/airflow_venv_39/lib/python3.9/site-packages/airflow/example_dags/example_latest_only.py
[2025-05-27T18:37:29.123+0530] {processor.py:830} INFO - Processing file /Users/zafarimam/Documents/E-Commerce Order Pipeline/airflow_venv_39/lib/python3.9/site-packages/airflow/example_dags/example_latest_only.py for tasks to queue
[2025-05-27T18:37:29.124+0530] {logging_mixin.py:188} INFO - [2025-05-27T18:37:29.124+0530] {dagbag.py:538} INFO - Filling up the DagBag from /Users/zafarimam/Documents/E-Commerce Order Pipeline/airflow_venv_39/lib/python3.9/site-packages/airflow/example_dags/example_latest_only.py
[2025-05-27T18:37:29.131+0530] {processor.py:840} INFO - DAG(s) 'latest_only' retrieved from /Users/zafarimam/Documents/E-Commerce Order Pipeline/airflow_venv_39/lib/python3.9/site-packages/airflow/example_dags/example_latest_only.py
[2025-05-27T18:37:29.223+0530] {logging_mixin.py:188} INFO - [2025-05-27T18:37:29.223+0530] {dag.py:3036} INFO - Sync 1 DAGs
[2025-05-27T18:37:29.238+0530] {logging_mixin.py:188} INFO - [2025-05-27T18:37:29.237+0530] {dag.py:3823} INFO - Setting next_dagrun for latest_only to 2025-05-27 08:00:00+00:00, run_after=2025-05-27 12:00:00+00:00
[2025-05-27T18:37:29.253+0530] {processor.py:183} INFO - Processing /Users/zafarimam/Documents/E-Commerce Order Pipeline/airflow_venv_39/lib/python3.9/site-packages/airflow/example_dags/example_latest_only.py took 0.133 seconds
[2025-05-27T18:47:20.454+0530] {processor.py:161} INFO - Started process (PID=26734) to work on /Users/zafarimam/Documents/E-Commerce Order Pipeline/airflow_venv_39/lib/python3.9/site-packages/airflow/example_dags/example_latest_only.py
[2025-05-27T18:47:20.456+0530] {processor.py:830} INFO - Processing file /Users/zafarimam/Documents/E-Commerce Order Pipeline/airflow_venv_39/lib/python3.9/site-packages/airflow/example_dags/example_latest_only.py for tasks to queue
[2025-05-27T18:47:20.457+0530] {logging_mixin.py:188} INFO - [2025-05-27T18:47:20.456+0530] {dagbag.py:538} INFO - Filling up the DagBag from /Users/zafarimam/Documents/E-Commerce Order Pipeline/airflow_venv_39/lib/python3.9/site-packages/airflow/example_dags/example_latest_only.py
[2025-05-27T18:47:20.464+0530] {processor.py:840} INFO - DAG(s) 'latest_only' retrieved from /Users/zafarimam/Documents/E-Commerce Order Pipeline/airflow_venv_39/lib/python3.9/site-packages/airflow/example_dags/example_latest_only.py
[2025-05-27T18:47:20.614+0530] {logging_mixin.py:188} INFO - [2025-05-27T18:47:20.613+0530] {dag.py:3036} INFO - Sync 1 DAGs
[2025-05-27T18:47:20.628+0530] {logging_mixin.py:188} INFO - [2025-05-27T18:47:20.627+0530] {dag.py:3823} INFO - Setting next_dagrun for latest_only to 2025-05-27 08:00:00+00:00, run_after=2025-05-27 12:00:00+00:00
[2025-05-27T18:47:20.643+0530] {processor.py:183} INFO - Processing /Users/zafarimam/Documents/E-Commerce Order Pipeline/airflow_venv_39/lib/python3.9/site-packages/airflow/example_dags/example_latest_only.py took 0.190 seconds
[2025-05-27T18:49:17.272+0530] {processor.py:161} INFO - Started process (PID=26817) to work on /Users/zafarimam/Documents/E-Commerce Order Pipeline/airflow_venv_39/lib/python3.9/site-packages/airflow/example_dags/example_latest_only.py
[2025-05-27T18:49:17.273+0530] {processor.py:830} INFO - Processing file /Users/zafarimam/Documents/E-Commerce Order Pipeline/airflow_venv_39/lib/python3.9/site-packages/airflow/example_dags/example_latest_only.py for tasks to queue
[2025-05-27T18:49:17.274+0530] {logging_mixin.py:188} INFO - [2025-05-27T18:49:17.273+0530] {dagbag.py:538} INFO - Filling up the DagBag from /Users/zafarimam/Documents/E-Commerce Order Pipeline/airflow_venv_39/lib/python3.9/site-packages/airflow/example_dags/example_latest_only.py
[2025-05-27T18:49:17.281+0530] {processor.py:840} INFO - DAG(s) 'latest_only' retrieved from /Users/zafarimam/Documents/E-Commerce Order Pipeline/airflow_venv_39/lib/python3.9/site-packages/airflow/example_dags/example_latest_only.py
[2025-05-27T18:49:17.364+0530] {logging_mixin.py:188} INFO - [2025-05-27T18:49:17.364+0530] {dag.py:3036} INFO - Sync 1 DAGs
[2025-05-27T18:49:17.376+0530] {logging_mixin.py:188} INFO - [2025-05-27T18:49:17.376+0530] {dag.py:3823} INFO - Setting next_dagrun for latest_only to 2025-05-27 08:00:00+00:00, run_after=2025-05-27 12:00:00+00:00
[2025-05-27T18:49:17.390+0530] {processor.py:183} INFO - Processing /Users/zafarimam/Documents/E-Commerce Order Pipeline/airflow_venv_39/lib/python3.9/site-packages/airflow/example_dags/example_latest_only.py took 0.120 seconds
[2025-05-27T18:51:11.539+0530] {processor.py:161} INFO - Started process (PID=26885) to work on /Users/zafarimam/Documents/E-Commerce Order Pipeline/airflow_venv_39/lib/python3.9/site-packages/airflow/example_dags/example_latest_only.py
[2025-05-27T18:51:11.540+0530] {processor.py:830} INFO - Processing file /Users/zafarimam/Documents/E-Commerce Order Pipeline/airflow_venv_39/lib/python3.9/site-packages/airflow/example_dags/example_latest_only.py for tasks to queue
[2025-05-27T18:51:11.541+0530] {logging_mixin.py:188} INFO - [2025-05-27T18:51:11.540+0530] {dagbag.py:538} INFO - Filling up the DagBag from /Users/zafarimam/Documents/E-Commerce Order Pipeline/airflow_venv_39/lib/python3.9/site-packages/airflow/example_dags/example_latest_only.py
[2025-05-27T18:51:11.548+0530] {processor.py:840} INFO - DAG(s) 'latest_only' retrieved from /Users/zafarimam/Documents/E-Commerce Order Pipeline/airflow_venv_39/lib/python3.9/site-packages/airflow/example_dags/example_latest_only.py
[2025-05-27T18:51:11.631+0530] {logging_mixin.py:188} INFO - [2025-05-27T18:51:11.630+0530] {dag.py:3036} INFO - Sync 1 DAGs
[2025-05-27T18:51:11.642+0530] {logging_mixin.py:188} INFO - [2025-05-27T18:51:11.642+0530] {dag.py:3823} INFO - Setting next_dagrun for latest_only to 2025-05-27 08:00:00+00:00, run_after=2025-05-27 12:00:00+00:00
[2025-05-27T18:51:11.661+0530] {processor.py:183} INFO - Processing /Users/zafarimam/Documents/E-Commerce Order Pipeline/airflow_venv_39/lib/python3.9/site-packages/airflow/example_dags/example_latest_only.py took 0.123 seconds
[2025-05-27T18:53:06.927+0530] {processor.py:161} INFO - Started process (PID=26961) to work on /Users/zafarimam/Documents/E-Commerce Order Pipeline/airflow_venv_39/lib/python3.9/site-packages/airflow/example_dags/example_latest_only.py
[2025-05-27T18:53:06.928+0530] {processor.py:830} INFO - Processing file /Users/zafarimam/Documents/E-Commerce Order Pipeline/airflow_venv_39/lib/python3.9/site-packages/airflow/example_dags/example_latest_only.py for tasks to queue
[2025-05-27T18:53:06.928+0530] {logging_mixin.py:188} INFO - [2025-05-27T18:53:06.928+0530] {dagbag.py:538} INFO - Filling up the DagBag from /Users/zafarimam/Documents/E-Commerce Order Pipeline/airflow_venv_39/lib/python3.9/site-packages/airflow/example_dags/example_latest_only.py
[2025-05-27T18:53:06.936+0530] {processor.py:840} INFO - DAG(s) 'latest_only' retrieved from /Users/zafarimam/Documents/E-Commerce Order Pipeline/airflow_venv_39/lib/python3.9/site-packages/airflow/example_dags/example_latest_only.py
[2025-05-27T18:53:07.032+0530] {logging_mixin.py:188} INFO - [2025-05-27T18:53:07.032+0530] {dag.py:3036} INFO - Sync 1 DAGs
[2025-05-27T18:53:07.046+0530] {logging_mixin.py:188} INFO - [2025-05-27T18:53:07.046+0530] {dag.py:3823} INFO - Setting next_dagrun for latest_only to 2025-05-27 08:00:00+00:00, run_after=2025-05-27 12:00:00+00:00
[2025-05-27T18:53:07.065+0530] {processor.py:183} INFO - Processing /Users/zafarimam/Documents/E-Commerce Order Pipeline/airflow_venv_39/lib/python3.9/site-packages/airflow/example_dags/example_latest_only.py took 0.140 seconds
[2025-05-27T18:55:13.334+0530] {processor.py:161} INFO - Started process (PID=27028) to work on /Users/zafarimam/Documents/E-Commerce Order Pipeline/airflow_venv_39/lib/python3.9/site-packages/airflow/example_dags/example_latest_only.py
[2025-05-27T18:55:13.336+0530] {processor.py:830} INFO - Processing file /Users/zafarimam/Documents/E-Commerce Order Pipeline/airflow_venv_39/lib/python3.9/site-packages/airflow/example_dags/example_latest_only.py for tasks to queue
[2025-05-27T18:55:13.336+0530] {logging_mixin.py:188} INFO - [2025-05-27T18:55:13.336+0530] {dagbag.py:538} INFO - Filling up the DagBag from /Users/zafarimam/Documents/E-Commerce Order Pipeline/airflow_venv_39/lib/python3.9/site-packages/airflow/example_dags/example_latest_only.py
[2025-05-27T18:55:13.344+0530] {processor.py:840} INFO - DAG(s) 'latest_only' retrieved from /Users/zafarimam/Documents/E-Commerce Order Pipeline/airflow_venv_39/lib/python3.9/site-packages/airflow/example_dags/example_latest_only.py
[2025-05-27T18:55:13.441+0530] {logging_mixin.py:188} INFO - [2025-05-27T18:55:13.441+0530] {dag.py:3036} INFO - Sync 1 DAGs
[2025-05-27T18:55:13.456+0530] {logging_mixin.py:188} INFO - [2025-05-27T18:55:13.456+0530] {dag.py:3823} INFO - Setting next_dagrun for latest_only to 2025-05-27 08:00:00+00:00, run_after=2025-05-27 12:00:00+00:00
[2025-05-27T18:55:13.472+0530] {processor.py:183} INFO - Processing /Users/zafarimam/Documents/E-Commerce Order Pipeline/airflow_venv_39/lib/python3.9/site-packages/airflow/example_dags/example_latest_only.py took 0.139 seconds
[2025-05-27T18:57:17.583+0530] {processor.py:161} INFO - Started process (PID=27123) to work on /Users/zafarimam/Documents/E-Commerce Order Pipeline/airflow_venv_39/lib/python3.9/site-packages/airflow/example_dags/example_latest_only.py
[2025-05-27T18:57:17.585+0530] {processor.py:830} INFO - Processing file /Users/zafarimam/Documents/E-Commerce Order Pipeline/airflow_venv_39/lib/python3.9/site-packages/airflow/example_dags/example_latest_only.py for tasks to queue
[2025-05-27T18:57:17.586+0530] {logging_mixin.py:188} INFO - [2025-05-27T18:57:17.585+0530] {dagbag.py:538} INFO - Filling up the DagBag from /Users/zafarimam/Documents/E-Commerce Order Pipeline/airflow_venv_39/lib/python3.9/site-packages/airflow/example_dags/example_latest_only.py
[2025-05-27T18:57:17.593+0530] {processor.py:840} INFO - DAG(s) 'latest_only' retrieved from /Users/zafarimam/Documents/E-Commerce Order Pipeline/airflow_venv_39/lib/python3.9/site-packages/airflow/example_dags/example_latest_only.py
[2025-05-27T18:57:17.678+0530] {logging_mixin.py:188} INFO - [2025-05-27T18:57:17.678+0530] {dag.py:3036} INFO - Sync 1 DAGs
[2025-05-27T18:57:17.690+0530] {logging_mixin.py:188} INFO - [2025-05-27T18:57:17.689+0530] {dag.py:3823} INFO - Setting next_dagrun for latest_only to 2025-05-27 08:00:00+00:00, run_after=2025-05-27 12:00:00+00:00
[2025-05-27T18:57:17.704+0530] {processor.py:183} INFO - Processing /Users/zafarimam/Documents/E-Commerce Order Pipeline/airflow_venv_39/lib/python3.9/site-packages/airflow/example_dags/example_latest_only.py took 0.122 seconds
[2025-05-27T18:59:16.136+0530] {processor.py:161} INFO - Started process (PID=27186) to work on /Users/zafarimam/Documents/E-Commerce Order Pipeline/airflow_venv_39/lib/python3.9/site-packages/airflow/example_dags/example_latest_only.py
[2025-05-27T18:59:16.137+0530] {processor.py:830} INFO - Processing file /Users/zafarimam/Documents/E-Commerce Order Pipeline/airflow_venv_39/lib/python3.9/site-packages/airflow/example_dags/example_latest_only.py for tasks to queue
[2025-05-27T18:59:16.138+0530] {logging_mixin.py:188} INFO - [2025-05-27T18:59:16.138+0530] {dagbag.py:538} INFO - Filling up the DagBag from /Users/zafarimam/Documents/E-Commerce Order Pipeline/airflow_venv_39/lib/python3.9/site-packages/airflow/example_dags/example_latest_only.py
[2025-05-27T18:59:16.146+0530] {processor.py:840} INFO - DAG(s) 'latest_only' retrieved from /Users/zafarimam/Documents/E-Commerce Order Pipeline/airflow_venv_39/lib/python3.9/site-packages/airflow/example_dags/example_latest_only.py
[2025-05-27T18:59:16.231+0530] {logging_mixin.py:188} INFO - [2025-05-27T18:59:16.230+0530] {dag.py:3036} INFO - Sync 1 DAGs
[2025-05-27T18:59:16.243+0530] {logging_mixin.py:188} INFO - [2025-05-27T18:59:16.242+0530] {dag.py:3823} INFO - Setting next_dagrun for latest_only to 2025-05-27 08:00:00+00:00, run_after=2025-05-27 12:00:00+00:00
[2025-05-27T18:59:16.258+0530] {processor.py:183} INFO - Processing /Users/zafarimam/Documents/E-Commerce Order Pipeline/airflow_venv_39/lib/python3.9/site-packages/airflow/example_dags/example_latest_only.py took 0.123 seconds
[2025-05-27T19:01:31.909+0530] {processor.py:161} INFO - Started process (PID=27297) to work on /Users/zafarimam/Documents/E-Commerce Order Pipeline/airflow_venv_39/lib/python3.9/site-packages/airflow/example_dags/example_latest_only.py
[2025-05-27T19:01:31.911+0530] {processor.py:830} INFO - Processing file /Users/zafarimam/Documents/E-Commerce Order Pipeline/airflow_venv_39/lib/python3.9/site-packages/airflow/example_dags/example_latest_only.py for tasks to queue
[2025-05-27T19:01:31.911+0530] {logging_mixin.py:188} INFO - [2025-05-27T19:01:31.911+0530] {dagbag.py:538} INFO - Filling up the DagBag from /Users/zafarimam/Documents/E-Commerce Order Pipeline/airflow_venv_39/lib/python3.9/site-packages/airflow/example_dags/example_latest_only.py
[2025-05-27T19:01:31.919+0530] {processor.py:840} INFO - DAG(s) 'latest_only' retrieved from /Users/zafarimam/Documents/E-Commerce Order Pipeline/airflow_venv_39/lib/python3.9/site-packages/airflow/example_dags/example_latest_only.py
[2025-05-27T19:01:32.002+0530] {logging_mixin.py:188} INFO - [2025-05-27T19:01:32.002+0530] {dag.py:3036} INFO - Sync 1 DAGs
[2025-05-27T19:01:32.013+0530] {logging_mixin.py:188} INFO - [2025-05-27T19:01:32.013+0530] {dag.py:3823} INFO - Setting next_dagrun for latest_only to 2025-05-27 08:00:00+00:00, run_after=2025-05-27 12:00:00+00:00
[2025-05-27T19:01:32.028+0530] {processor.py:183} INFO - Processing /Users/zafarimam/Documents/E-Commerce Order Pipeline/airflow_venv_39/lib/python3.9/site-packages/airflow/example_dags/example_latest_only.py took 0.121 seconds
[2025-05-27T19:03:22.683+0530] {processor.py:161} INFO - Started process (PID=27364) to work on /Users/zafarimam/Documents/E-Commerce Order Pipeline/airflow_venv_39/lib/python3.9/site-packages/airflow/example_dags/example_latest_only.py
[2025-05-27T19:03:22.684+0530] {processor.py:830} INFO - Processing file /Users/zafarimam/Documents/E-Commerce Order Pipeline/airflow_venv_39/lib/python3.9/site-packages/airflow/example_dags/example_latest_only.py for tasks to queue
[2025-05-27T19:03:22.685+0530] {logging_mixin.py:188} INFO - [2025-05-27T19:03:22.685+0530] {dagbag.py:538} INFO - Filling up the DagBag from /Users/zafarimam/Documents/E-Commerce Order Pipeline/airflow_venv_39/lib/python3.9/site-packages/airflow/example_dags/example_latest_only.py
[2025-05-27T19:03:22.693+0530] {processor.py:840} INFO - DAG(s) 'latest_only' retrieved from /Users/zafarimam/Documents/E-Commerce Order Pipeline/airflow_venv_39/lib/python3.9/site-packages/airflow/example_dags/example_latest_only.py
[2025-05-27T19:03:22.785+0530] {logging_mixin.py:188} INFO - [2025-05-27T19:03:22.785+0530] {dag.py:3036} INFO - Sync 1 DAGs
[2025-05-27T19:03:22.797+0530] {logging_mixin.py:188} INFO - [2025-05-27T19:03:22.797+0530] {dag.py:3823} INFO - Setting next_dagrun for latest_only to 2025-05-27 08:00:00+00:00, run_after=2025-05-27 12:00:00+00:00
[2025-05-27T19:03:22.810+0530] {processor.py:183} INFO - Processing /Users/zafarimam/Documents/E-Commerce Order Pipeline/airflow_venv_39/lib/python3.9/site-packages/airflow/example_dags/example_latest_only.py took 0.128 seconds
[2025-05-27T19:05:25.350+0530] {processor.py:161} INFO - Started process (PID=27416) to work on /Users/zafarimam/Documents/E-Commerce Order Pipeline/airflow_venv_39/lib/python3.9/site-packages/airflow/example_dags/example_latest_only.py
[2025-05-27T19:05:25.351+0530] {processor.py:830} INFO - Processing file /Users/zafarimam/Documents/E-Commerce Order Pipeline/airflow_venv_39/lib/python3.9/site-packages/airflow/example_dags/example_latest_only.py for tasks to queue
[2025-05-27T19:05:25.352+0530] {logging_mixin.py:188} INFO - [2025-05-27T19:05:25.352+0530] {dagbag.py:538} INFO - Filling up the DagBag from /Users/zafarimam/Documents/E-Commerce Order Pipeline/airflow_venv_39/lib/python3.9/site-packages/airflow/example_dags/example_latest_only.py
[2025-05-27T19:05:25.366+0530] {processor.py:840} INFO - DAG(s) 'latest_only' retrieved from /Users/zafarimam/Documents/E-Commerce Order Pipeline/airflow_venv_39/lib/python3.9/site-packages/airflow/example_dags/example_latest_only.py
[2025-05-27T19:05:25.503+0530] {logging_mixin.py:188} INFO - [2025-05-27T19:05:25.503+0530] {dag.py:3036} INFO - Sync 1 DAGs
[2025-05-27T19:05:25.519+0530] {logging_mixin.py:188} INFO - [2025-05-27T19:05:25.518+0530] {dag.py:3823} INFO - Setting next_dagrun for latest_only to 2025-05-27 08:00:00+00:00, run_after=2025-05-27 12:00:00+00:00
[2025-05-27T19:05:25.537+0530] {processor.py:183} INFO - Processing /Users/zafarimam/Documents/E-Commerce Order Pipeline/airflow_venv_39/lib/python3.9/site-packages/airflow/example_dags/example_latest_only.py took 0.190 seconds
[2025-05-27T19:07:46.482+0530] {processor.py:161} INFO - Started process (PID=27508) to work on /Users/zafarimam/Documents/E-Commerce Order Pipeline/airflow_venv_39/lib/python3.9/site-packages/airflow/example_dags/example_latest_only.py
[2025-05-27T19:07:46.484+0530] {processor.py:830} INFO - Processing file /Users/zafarimam/Documents/E-Commerce Order Pipeline/airflow_venv_39/lib/python3.9/site-packages/airflow/example_dags/example_latest_only.py for tasks to queue
[2025-05-27T19:07:46.484+0530] {logging_mixin.py:188} INFO - [2025-05-27T19:07:46.484+0530] {dagbag.py:538} INFO - Filling up the DagBag from /Users/zafarimam/Documents/E-Commerce Order Pipeline/airflow_venv_39/lib/python3.9/site-packages/airflow/example_dags/example_latest_only.py
[2025-05-27T19:07:46.492+0530] {processor.py:840} INFO - DAG(s) 'latest_only' retrieved from /Users/zafarimam/Documents/E-Commerce Order Pipeline/airflow_venv_39/lib/python3.9/site-packages/airflow/example_dags/example_latest_only.py
[2025-05-27T19:07:46.576+0530] {logging_mixin.py:188} INFO - [2025-05-27T19:07:46.576+0530] {dag.py:3036} INFO - Sync 1 DAGs
[2025-05-27T19:07:46.588+0530] {logging_mixin.py:188} INFO - [2025-05-27T19:07:46.588+0530] {dag.py:3823} INFO - Setting next_dagrun for latest_only to 2025-05-27 08:00:00+00:00, run_after=2025-05-27 12:00:00+00:00
[2025-05-27T19:07:46.605+0530] {processor.py:183} INFO - Processing /Users/zafarimam/Documents/E-Commerce Order Pipeline/airflow_venv_39/lib/python3.9/site-packages/airflow/example_dags/example_latest_only.py took 0.124 seconds
[2025-05-27T19:09:27.674+0530] {processor.py:161} INFO - Started process (PID=27567) to work on /Users/zafarimam/Documents/E-Commerce Order Pipeline/airflow_venv_39/lib/python3.9/site-packages/airflow/example_dags/example_latest_only.py
[2025-05-27T19:09:27.675+0530] {processor.py:830} INFO - Processing file /Users/zafarimam/Documents/E-Commerce Order Pipeline/airflow_venv_39/lib/python3.9/site-packages/airflow/example_dags/example_latest_only.py for tasks to queue
[2025-05-27T19:09:27.675+0530] {logging_mixin.py:188} INFO - [2025-05-27T19:09:27.675+0530] {dagbag.py:538} INFO - Filling up the DagBag from /Users/zafarimam/Documents/E-Commerce Order Pipeline/airflow_venv_39/lib/python3.9/site-packages/airflow/example_dags/example_latest_only.py
[2025-05-27T19:09:27.682+0530] {processor.py:840} INFO - DAG(s) 'latest_only' retrieved from /Users/zafarimam/Documents/E-Commerce Order Pipeline/airflow_venv_39/lib/python3.9/site-packages/airflow/example_dags/example_latest_only.py
[2025-05-27T19:09:27.760+0530] {logging_mixin.py:188} INFO - [2025-05-27T19:09:27.760+0530] {dag.py:3036} INFO - Sync 1 DAGs
[2025-05-27T19:09:27.772+0530] {logging_mixin.py:188} INFO - [2025-05-27T19:09:27.772+0530] {dag.py:3823} INFO - Setting next_dagrun for latest_only to 2025-05-27 08:00:00+00:00, run_after=2025-05-27 12:00:00+00:00
[2025-05-27T19:09:27.789+0530] {processor.py:183} INFO - Processing /Users/zafarimam/Documents/E-Commerce Order Pipeline/airflow_venv_39/lib/python3.9/site-packages/airflow/example_dags/example_latest_only.py took 0.117 seconds
[2025-05-27T19:11:08.969+0530] {processor.py:161} INFO - Started process (PID=27622) to work on /Users/zafarimam/Documents/E-Commerce Order Pipeline/airflow_venv_39/lib/python3.9/site-packages/airflow/example_dags/example_latest_only.py
[2025-05-27T19:11:08.970+0530] {processor.py:830} INFO - Processing file /Users/zafarimam/Documents/E-Commerce Order Pipeline/airflow_venv_39/lib/python3.9/site-packages/airflow/example_dags/example_latest_only.py for tasks to queue
[2025-05-27T19:11:08.970+0530] {logging_mixin.py:188} INFO - [2025-05-27T19:11:08.970+0530] {dagbag.py:538} INFO - Filling up the DagBag from /Users/zafarimam/Documents/E-Commerce Order Pipeline/airflow_venv_39/lib/python3.9/site-packages/airflow/example_dags/example_latest_only.py
[2025-05-27T19:11:08.977+0530] {processor.py:840} INFO - DAG(s) 'latest_only' retrieved from /Users/zafarimam/Documents/E-Commerce Order Pipeline/airflow_venv_39/lib/python3.9/site-packages/airflow/example_dags/example_latest_only.py
[2025-05-27T19:11:09.054+0530] {logging_mixin.py:188} INFO - [2025-05-27T19:11:09.053+0530] {dag.py:3036} INFO - Sync 1 DAGs
[2025-05-27T19:11:09.065+0530] {logging_mixin.py:188} INFO - [2025-05-27T19:11:09.065+0530] {dag.py:3823} INFO - Setting next_dagrun for latest_only to 2025-05-27 08:00:00+00:00, run_after=2025-05-27 12:00:00+00:00
[2025-05-27T19:11:09.079+0530] {processor.py:183} INFO - Processing /Users/zafarimam/Documents/E-Commerce Order Pipeline/airflow_venv_39/lib/python3.9/site-packages/airflow/example_dags/example_latest_only.py took 0.111 seconds
[2025-05-27T19:12:50.159+0530] {processor.py:161} INFO - Started process (PID=27676) to work on /Users/zafarimam/Documents/E-Commerce Order Pipeline/airflow_venv_39/lib/python3.9/site-packages/airflow/example_dags/example_latest_only.py
[2025-05-27T19:12:50.159+0530] {processor.py:830} INFO - Processing file /Users/zafarimam/Documents/E-Commerce Order Pipeline/airflow_venv_39/lib/python3.9/site-packages/airflow/example_dags/example_latest_only.py for tasks to queue
[2025-05-27T19:12:50.160+0530] {logging_mixin.py:188} INFO - [2025-05-27T19:12:50.160+0530] {dagbag.py:538} INFO - Filling up the DagBag from /Users/zafarimam/Documents/E-Commerce Order Pipeline/airflow_venv_39/lib/python3.9/site-packages/airflow/example_dags/example_latest_only.py
[2025-05-27T19:12:50.167+0530] {processor.py:840} INFO - DAG(s) 'latest_only' retrieved from /Users/zafarimam/Documents/E-Commerce Order Pipeline/airflow_venv_39/lib/python3.9/site-packages/airflow/example_dags/example_latest_only.py
[2025-05-27T19:12:50.244+0530] {logging_mixin.py:188} INFO - [2025-05-27T19:12:50.244+0530] {dag.py:3036} INFO - Sync 1 DAGs
[2025-05-27T19:12:50.256+0530] {logging_mixin.py:188} INFO - [2025-05-27T19:12:50.255+0530] {dag.py:3823} INFO - Setting next_dagrun for latest_only to 2025-05-27 08:00:00+00:00, run_after=2025-05-27 12:00:00+00:00
[2025-05-27T19:12:50.268+0530] {processor.py:183} INFO - Processing /Users/zafarimam/Documents/E-Commerce Order Pipeline/airflow_venv_39/lib/python3.9/site-packages/airflow/example_dags/example_latest_only.py took 0.111 seconds
[2025-05-27T19:14:29.820+0530] {processor.py:161} INFO - Started process (PID=27725) to work on /Users/zafarimam/Documents/E-Commerce Order Pipeline/airflow_venv_39/lib/python3.9/site-packages/airflow/example_dags/example_latest_only.py
[2025-05-27T19:14:29.821+0530] {processor.py:830} INFO - Processing file /Users/zafarimam/Documents/E-Commerce Order Pipeline/airflow_venv_39/lib/python3.9/site-packages/airflow/example_dags/example_latest_only.py for tasks to queue
[2025-05-27T19:14:29.821+0530] {logging_mixin.py:188} INFO - [2025-05-27T19:14:29.821+0530] {dagbag.py:538} INFO - Filling up the DagBag from /Users/zafarimam/Documents/E-Commerce Order Pipeline/airflow_venv_39/lib/python3.9/site-packages/airflow/example_dags/example_latest_only.py
[2025-05-27T19:14:29.828+0530] {processor.py:840} INFO - DAG(s) 'latest_only' retrieved from /Users/zafarimam/Documents/E-Commerce Order Pipeline/airflow_venv_39/lib/python3.9/site-packages/airflow/example_dags/example_latest_only.py
[2025-05-27T19:14:29.905+0530] {logging_mixin.py:188} INFO - [2025-05-27T19:14:29.905+0530] {dag.py:3036} INFO - Sync 1 DAGs
[2025-05-27T19:14:29.917+0530] {logging_mixin.py:188} INFO - [2025-05-27T19:14:29.917+0530] {dag.py:3823} INFO - Setting next_dagrun for latest_only to 2025-05-27 08:00:00+00:00, run_after=2025-05-27 12:00:00+00:00
[2025-05-27T19:14:29.934+0530] {processor.py:183} INFO - Processing /Users/zafarimam/Documents/E-Commerce Order Pipeline/airflow_venv_39/lib/python3.9/site-packages/airflow/example_dags/example_latest_only.py took 0.115 seconds
[2025-05-27T19:16:10.300+0530] {processor.py:161} INFO - Started process (PID=27780) to work on /Users/zafarimam/Documents/E-Commerce Order Pipeline/airflow_venv_39/lib/python3.9/site-packages/airflow/example_dags/example_latest_only.py
[2025-05-27T19:16:10.301+0530] {processor.py:830} INFO - Processing file /Users/zafarimam/Documents/E-Commerce Order Pipeline/airflow_venv_39/lib/python3.9/site-packages/airflow/example_dags/example_latest_only.py for tasks to queue
[2025-05-27T19:16:10.301+0530] {logging_mixin.py:188} INFO - [2025-05-27T19:16:10.301+0530] {dagbag.py:538} INFO - Filling up the DagBag from /Users/zafarimam/Documents/E-Commerce Order Pipeline/airflow_venv_39/lib/python3.9/site-packages/airflow/example_dags/example_latest_only.py
[2025-05-27T19:16:10.308+0530] {processor.py:840} INFO - DAG(s) 'latest_only' retrieved from /Users/zafarimam/Documents/E-Commerce Order Pipeline/airflow_venv_39/lib/python3.9/site-packages/airflow/example_dags/example_latest_only.py
[2025-05-27T19:16:10.385+0530] {logging_mixin.py:188} INFO - [2025-05-27T19:16:10.385+0530] {dag.py:3036} INFO - Sync 1 DAGs
[2025-05-27T19:16:10.397+0530] {logging_mixin.py:188} INFO - [2025-05-27T19:16:10.397+0530] {dag.py:3823} INFO - Setting next_dagrun for latest_only to 2025-05-27 08:00:00+00:00, run_after=2025-05-27 12:00:00+00:00
[2025-05-27T19:16:10.414+0530] {processor.py:183} INFO - Processing /Users/zafarimam/Documents/E-Commerce Order Pipeline/airflow_venv_39/lib/python3.9/site-packages/airflow/example_dags/example_latest_only.py took 0.116 seconds
[2025-05-27T19:17:51.002+0530] {processor.py:161} INFO - Started process (PID=27835) to work on /Users/zafarimam/Documents/E-Commerce Order Pipeline/airflow_venv_39/lib/python3.9/site-packages/airflow/example_dags/example_latest_only.py
[2025-05-27T19:17:51.003+0530] {processor.py:830} INFO - Processing file /Users/zafarimam/Documents/E-Commerce Order Pipeline/airflow_venv_39/lib/python3.9/site-packages/airflow/example_dags/example_latest_only.py for tasks to queue
[2025-05-27T19:17:51.003+0530] {logging_mixin.py:188} INFO - [2025-05-27T19:17:51.003+0530] {dagbag.py:538} INFO - Filling up the DagBag from /Users/zafarimam/Documents/E-Commerce Order Pipeline/airflow_venv_39/lib/python3.9/site-packages/airflow/example_dags/example_latest_only.py
[2025-05-27T19:17:51.010+0530] {processor.py:840} INFO - DAG(s) 'latest_only' retrieved from /Users/zafarimam/Documents/E-Commerce Order Pipeline/airflow_venv_39/lib/python3.9/site-packages/airflow/example_dags/example_latest_only.py
[2025-05-27T19:17:51.089+0530] {logging_mixin.py:188} INFO - [2025-05-27T19:17:51.089+0530] {dag.py:3036} INFO - Sync 1 DAGs
[2025-05-27T19:17:51.101+0530] {logging_mixin.py:188} INFO - [2025-05-27T19:17:51.101+0530] {dag.py:3823} INFO - Setting next_dagrun for latest_only to 2025-05-27 08:00:00+00:00, run_after=2025-05-27 12:00:00+00:00
[2025-05-27T19:17:51.118+0530] {processor.py:183} INFO - Processing /Users/zafarimam/Documents/E-Commerce Order Pipeline/airflow_venv_39/lib/python3.9/site-packages/airflow/example_dags/example_latest_only.py took 0.117 seconds
[2025-05-27T19:19:31.881+0530] {processor.py:161} INFO - Started process (PID=27920) to work on /Users/zafarimam/Documents/E-Commerce Order Pipeline/airflow_venv_39/lib/python3.9/site-packages/airflow/example_dags/example_latest_only.py
[2025-05-27T19:19:31.882+0530] {processor.py:830} INFO - Processing file /Users/zafarimam/Documents/E-Commerce Order Pipeline/airflow_venv_39/lib/python3.9/site-packages/airflow/example_dags/example_latest_only.py for tasks to queue
[2025-05-27T19:19:31.882+0530] {logging_mixin.py:188} INFO - [2025-05-27T19:19:31.882+0530] {dagbag.py:538} INFO - Filling up the DagBag from /Users/zafarimam/Documents/E-Commerce Order Pipeline/airflow_venv_39/lib/python3.9/site-packages/airflow/example_dags/example_latest_only.py
[2025-05-27T19:19:31.889+0530] {processor.py:840} INFO - DAG(s) 'latest_only' retrieved from /Users/zafarimam/Documents/E-Commerce Order Pipeline/airflow_venv_39/lib/python3.9/site-packages/airflow/example_dags/example_latest_only.py
[2025-05-27T19:19:31.965+0530] {logging_mixin.py:188} INFO - [2025-05-27T19:19:31.965+0530] {dag.py:3036} INFO - Sync 1 DAGs
[2025-05-27T19:19:31.977+0530] {logging_mixin.py:188} INFO - [2025-05-27T19:19:31.977+0530] {dag.py:3823} INFO - Setting next_dagrun for latest_only to 2025-05-27 08:00:00+00:00, run_after=2025-05-27 12:00:00+00:00
[2025-05-27T19:19:31.990+0530] {processor.py:183} INFO - Processing /Users/zafarimam/Documents/E-Commerce Order Pipeline/airflow_venv_39/lib/python3.9/site-packages/airflow/example_dags/example_latest_only.py took 0.110 seconds
[2025-05-27T19:21:12.233+0530] {processor.py:161} INFO - Started process (PID=27975) to work on /Users/zafarimam/Documents/E-Commerce Order Pipeline/airflow_venv_39/lib/python3.9/site-packages/airflow/example_dags/example_latest_only.py
[2025-05-27T19:21:12.234+0530] {processor.py:830} INFO - Processing file /Users/zafarimam/Documents/E-Commerce Order Pipeline/airflow_venv_39/lib/python3.9/site-packages/airflow/example_dags/example_latest_only.py for tasks to queue
[2025-05-27T19:21:12.234+0530] {logging_mixin.py:188} INFO - [2025-05-27T19:21:12.234+0530] {dagbag.py:538} INFO - Filling up the DagBag from /Users/zafarimam/Documents/E-Commerce Order Pipeline/airflow_venv_39/lib/python3.9/site-packages/airflow/example_dags/example_latest_only.py
[2025-05-27T19:21:12.241+0530] {processor.py:840} INFO - DAG(s) 'latest_only' retrieved from /Users/zafarimam/Documents/E-Commerce Order Pipeline/airflow_venv_39/lib/python3.9/site-packages/airflow/example_dags/example_latest_only.py
[2025-05-27T19:21:12.318+0530] {logging_mixin.py:188} INFO - [2025-05-27T19:21:12.318+0530] {dag.py:3036} INFO - Sync 1 DAGs
[2025-05-27T19:21:12.330+0530] {logging_mixin.py:188} INFO - [2025-05-27T19:21:12.329+0530] {dag.py:3823} INFO - Setting next_dagrun for latest_only to 2025-05-27 08:00:00+00:00, run_after=2025-05-27 12:00:00+00:00
[2025-05-27T19:21:12.346+0530] {processor.py:183} INFO - Processing /Users/zafarimam/Documents/E-Commerce Order Pipeline/airflow_venv_39/lib/python3.9/site-packages/airflow/example_dags/example_latest_only.py took 0.115 seconds
[2025-05-27T19:22:51.108+0530] {processor.py:161} INFO - Started process (PID=28036) to work on /Users/zafarimam/Documents/E-Commerce Order Pipeline/airflow_venv_39/lib/python3.9/site-packages/airflow/example_dags/example_latest_only.py
[2025-05-27T19:22:51.109+0530] {processor.py:830} INFO - Processing file /Users/zafarimam/Documents/E-Commerce Order Pipeline/airflow_venv_39/lib/python3.9/site-packages/airflow/example_dags/example_latest_only.py for tasks to queue
[2025-05-27T19:22:51.109+0530] {logging_mixin.py:188} INFO - [2025-05-27T19:22:51.109+0530] {dagbag.py:538} INFO - Filling up the DagBag from /Users/zafarimam/Documents/E-Commerce Order Pipeline/airflow_venv_39/lib/python3.9/site-packages/airflow/example_dags/example_latest_only.py
[2025-05-27T19:22:51.116+0530] {processor.py:840} INFO - DAG(s) 'latest_only' retrieved from /Users/zafarimam/Documents/E-Commerce Order Pipeline/airflow_venv_39/lib/python3.9/site-packages/airflow/example_dags/example_latest_only.py
[2025-05-27T19:22:51.195+0530] {logging_mixin.py:188} INFO - [2025-05-27T19:22:51.195+0530] {dag.py:3036} INFO - Sync 1 DAGs
[2025-05-27T19:22:51.207+0530] {logging_mixin.py:188} INFO - [2025-05-27T19:22:51.207+0530] {dag.py:3823} INFO - Setting next_dagrun for latest_only to 2025-05-27 08:00:00+00:00, run_after=2025-05-27 12:00:00+00:00
[2025-05-27T19:22:51.219+0530] {processor.py:183} INFO - Processing /Users/zafarimam/Documents/E-Commerce Order Pipeline/airflow_venv_39/lib/python3.9/site-packages/airflow/example_dags/example_latest_only.py took 0.113 seconds
[2025-05-27T19:24:32.450+0530] {processor.py:161} INFO - Started process (PID=28089) to work on /Users/zafarimam/Documents/E-Commerce Order Pipeline/airflow_venv_39/lib/python3.9/site-packages/airflow/example_dags/example_latest_only.py
[2025-05-27T19:24:32.451+0530] {processor.py:830} INFO - Processing file /Users/zafarimam/Documents/E-Commerce Order Pipeline/airflow_venv_39/lib/python3.9/site-packages/airflow/example_dags/example_latest_only.py for tasks to queue
[2025-05-27T19:24:32.451+0530] {logging_mixin.py:188} INFO - [2025-05-27T19:24:32.451+0530] {dagbag.py:538} INFO - Filling up the DagBag from /Users/zafarimam/Documents/E-Commerce Order Pipeline/airflow_venv_39/lib/python3.9/site-packages/airflow/example_dags/example_latest_only.py
[2025-05-27T19:24:32.458+0530] {processor.py:840} INFO - DAG(s) 'latest_only' retrieved from /Users/zafarimam/Documents/E-Commerce Order Pipeline/airflow_venv_39/lib/python3.9/site-packages/airflow/example_dags/example_latest_only.py
[2025-05-27T19:24:32.535+0530] {logging_mixin.py:188} INFO - [2025-05-27T19:24:32.535+0530] {dag.py:3036} INFO - Sync 1 DAGs
[2025-05-27T19:24:32.547+0530] {logging_mixin.py:188} INFO - [2025-05-27T19:24:32.546+0530] {dag.py:3823} INFO - Setting next_dagrun for latest_only to 2025-05-27 08:00:00+00:00, run_after=2025-05-27 12:00:00+00:00
[2025-05-27T19:24:32.559+0530] {processor.py:183} INFO - Processing /Users/zafarimam/Documents/E-Commerce Order Pipeline/airflow_venv_39/lib/python3.9/site-packages/airflow/example_dags/example_latest_only.py took 0.110 seconds
[2025-05-27T19:26:12.780+0530] {processor.py:161} INFO - Started process (PID=28142) to work on /Users/zafarimam/Documents/E-Commerce Order Pipeline/airflow_venv_39/lib/python3.9/site-packages/airflow/example_dags/example_latest_only.py
[2025-05-27T19:26:12.781+0530] {processor.py:830} INFO - Processing file /Users/zafarimam/Documents/E-Commerce Order Pipeline/airflow_venv_39/lib/python3.9/site-packages/airflow/example_dags/example_latest_only.py for tasks to queue
[2025-05-27T19:26:12.782+0530] {logging_mixin.py:188} INFO - [2025-05-27T19:26:12.781+0530] {dagbag.py:538} INFO - Filling up the DagBag from /Users/zafarimam/Documents/E-Commerce Order Pipeline/airflow_venv_39/lib/python3.9/site-packages/airflow/example_dags/example_latest_only.py
[2025-05-27T19:26:12.788+0530] {processor.py:840} INFO - DAG(s) 'latest_only' retrieved from /Users/zafarimam/Documents/E-Commerce Order Pipeline/airflow_venv_39/lib/python3.9/site-packages/airflow/example_dags/example_latest_only.py
[2025-05-27T19:26:12.867+0530] {logging_mixin.py:188} INFO - [2025-05-27T19:26:12.867+0530] {dag.py:3036} INFO - Sync 1 DAGs
[2025-05-27T19:26:12.879+0530] {logging_mixin.py:188} INFO - [2025-05-27T19:26:12.879+0530] {dag.py:3823} INFO - Setting next_dagrun for latest_only to 2025-05-27 08:00:00+00:00, run_after=2025-05-27 12:00:00+00:00
[2025-05-27T19:26:12.896+0530] {processor.py:183} INFO - Processing /Users/zafarimam/Documents/E-Commerce Order Pipeline/airflow_venv_39/lib/python3.9/site-packages/airflow/example_dags/example_latest_only.py took 0.117 seconds
[2025-05-27T19:27:54.039+0530] {processor.py:161} INFO - Started process (PID=28199) to work on /Users/zafarimam/Documents/E-Commerce Order Pipeline/airflow_venv_39/lib/python3.9/site-packages/airflow/example_dags/example_latest_only.py
[2025-05-27T19:27:54.040+0530] {processor.py:830} INFO - Processing file /Users/zafarimam/Documents/E-Commerce Order Pipeline/airflow_venv_39/lib/python3.9/site-packages/airflow/example_dags/example_latest_only.py for tasks to queue
[2025-05-27T19:27:54.041+0530] {logging_mixin.py:188} INFO - [2025-05-27T19:27:54.040+0530] {dagbag.py:538} INFO - Filling up the DagBag from /Users/zafarimam/Documents/E-Commerce Order Pipeline/airflow_venv_39/lib/python3.9/site-packages/airflow/example_dags/example_latest_only.py
[2025-05-27T19:27:54.047+0530] {processor.py:840} INFO - DAG(s) 'latest_only' retrieved from /Users/zafarimam/Documents/E-Commerce Order Pipeline/airflow_venv_39/lib/python3.9/site-packages/airflow/example_dags/example_latest_only.py
[2025-05-27T19:27:54.125+0530] {logging_mixin.py:188} INFO - [2025-05-27T19:27:54.125+0530] {dag.py:3036} INFO - Sync 1 DAGs
[2025-05-27T19:27:54.137+0530] {logging_mixin.py:188} INFO - [2025-05-27T19:27:54.137+0530] {dag.py:3823} INFO - Setting next_dagrun for latest_only to 2025-05-27 08:00:00+00:00, run_after=2025-05-27 12:00:00+00:00
[2025-05-27T19:27:54.151+0530] {processor.py:183} INFO - Processing /Users/zafarimam/Documents/E-Commerce Order Pipeline/airflow_venv_39/lib/python3.9/site-packages/airflow/example_dags/example_latest_only.py took 0.113 seconds
[2025-05-27T19:29:32.520+0530] {processor.py:161} INFO - Started process (PID=28248) to work on /Users/zafarimam/Documents/E-Commerce Order Pipeline/airflow_venv_39/lib/python3.9/site-packages/airflow/example_dags/example_latest_only.py
[2025-05-27T19:29:32.520+0530] {processor.py:830} INFO - Processing file /Users/zafarimam/Documents/E-Commerce Order Pipeline/airflow_venv_39/lib/python3.9/site-packages/airflow/example_dags/example_latest_only.py for tasks to queue
[2025-05-27T19:29:32.521+0530] {logging_mixin.py:188} INFO - [2025-05-27T19:29:32.521+0530] {dagbag.py:538} INFO - Filling up the DagBag from /Users/zafarimam/Documents/E-Commerce Order Pipeline/airflow_venv_39/lib/python3.9/site-packages/airflow/example_dags/example_latest_only.py
[2025-05-27T19:29:32.527+0530] {processor.py:840} INFO - DAG(s) 'latest_only' retrieved from /Users/zafarimam/Documents/E-Commerce Order Pipeline/airflow_venv_39/lib/python3.9/site-packages/airflow/example_dags/example_latest_only.py
[2025-05-27T19:29:32.604+0530] {logging_mixin.py:188} INFO - [2025-05-27T19:29:32.604+0530] {dag.py:3036} INFO - Sync 1 DAGs
[2025-05-27T19:29:32.616+0530] {logging_mixin.py:188} INFO - [2025-05-27T19:29:32.615+0530] {dag.py:3823} INFO - Setting next_dagrun for latest_only to 2025-05-27 08:00:00+00:00, run_after=2025-05-27 12:00:00+00:00
[2025-05-27T19:29:32.633+0530] {processor.py:183} INFO - Processing /Users/zafarimam/Documents/E-Commerce Order Pipeline/airflow_venv_39/lib/python3.9/site-packages/airflow/example_dags/example_latest_only.py took 0.114 seconds
[2025-05-27T19:31:33.439+0530] {processor.py:161} INFO - Started process (PID=28331) to work on /Users/zafarimam/Documents/E-Commerce Order Pipeline/airflow_venv_39/lib/python3.9/site-packages/airflow/example_dags/example_latest_only.py
[2025-05-27T19:31:33.440+0530] {processor.py:830} INFO - Processing file /Users/zafarimam/Documents/E-Commerce Order Pipeline/airflow_venv_39/lib/python3.9/site-packages/airflow/example_dags/example_latest_only.py for tasks to queue
[2025-05-27T19:31:33.441+0530] {logging_mixin.py:188} INFO - [2025-05-27T19:31:33.441+0530] {dagbag.py:538} INFO - Filling up the DagBag from /Users/zafarimam/Documents/E-Commerce Order Pipeline/airflow_venv_39/lib/python3.9/site-packages/airflow/example_dags/example_latest_only.py
[2025-05-27T19:31:33.448+0530] {processor.py:840} INFO - DAG(s) 'latest_only' retrieved from /Users/zafarimam/Documents/E-Commerce Order Pipeline/airflow_venv_39/lib/python3.9/site-packages/airflow/example_dags/example_latest_only.py
[2025-05-27T19:31:33.527+0530] {logging_mixin.py:188} INFO - [2025-05-27T19:31:33.526+0530] {dag.py:3036} INFO - Sync 1 DAGs
[2025-05-27T19:31:33.541+0530] {logging_mixin.py:188} INFO - [2025-05-27T19:31:33.541+0530] {dag.py:3823} INFO - Setting next_dagrun for latest_only to 2025-05-27 08:00:00+00:00, run_after=2025-05-27 12:00:00+00:00
[2025-05-27T19:31:33.553+0530] {processor.py:183} INFO - Processing /Users/zafarimam/Documents/E-Commerce Order Pipeline/airflow_venv_39/lib/python3.9/site-packages/airflow/example_dags/example_latest_only.py took 0.115 seconds
[2025-05-27T19:33:14.661+0530] {processor.py:161} INFO - Started process (PID=28384) to work on /Users/zafarimam/Documents/E-Commerce Order Pipeline/airflow_venv_39/lib/python3.9/site-packages/airflow/example_dags/example_latest_only.py
[2025-05-27T19:33:14.662+0530] {processor.py:830} INFO - Processing file /Users/zafarimam/Documents/E-Commerce Order Pipeline/airflow_venv_39/lib/python3.9/site-packages/airflow/example_dags/example_latest_only.py for tasks to queue
[2025-05-27T19:33:14.662+0530] {logging_mixin.py:188} INFO - [2025-05-27T19:33:14.662+0530] {dagbag.py:538} INFO - Filling up the DagBag from /Users/zafarimam/Documents/E-Commerce Order Pipeline/airflow_venv_39/lib/python3.9/site-packages/airflow/example_dags/example_latest_only.py
[2025-05-27T19:33:14.669+0530] {processor.py:840} INFO - DAG(s) 'latest_only' retrieved from /Users/zafarimam/Documents/E-Commerce Order Pipeline/airflow_venv_39/lib/python3.9/site-packages/airflow/example_dags/example_latest_only.py
[2025-05-27T19:33:14.747+0530] {logging_mixin.py:188} INFO - [2025-05-27T19:33:14.747+0530] {dag.py:3036} INFO - Sync 1 DAGs
[2025-05-27T19:33:14.759+0530] {logging_mixin.py:188} INFO - [2025-05-27T19:33:14.759+0530] {dag.py:3823} INFO - Setting next_dagrun for latest_only to 2025-05-27 08:00:00+00:00, run_after=2025-05-27 12:00:00+00:00
[2025-05-27T19:33:14.776+0530] {processor.py:183} INFO - Processing /Users/zafarimam/Documents/E-Commerce Order Pipeline/airflow_venv_39/lib/python3.9/site-packages/airflow/example_dags/example_latest_only.py took 0.116 seconds
[2025-05-27T19:34:55.036+0530] {processor.py:161} INFO - Started process (PID=28436) to work on /Users/zafarimam/Documents/E-Commerce Order Pipeline/airflow_venv_39/lib/python3.9/site-packages/airflow/example_dags/example_latest_only.py
[2025-05-27T19:34:55.037+0530] {processor.py:830} INFO - Processing file /Users/zafarimam/Documents/E-Commerce Order Pipeline/airflow_venv_39/lib/python3.9/site-packages/airflow/example_dags/example_latest_only.py for tasks to queue
[2025-05-27T19:34:55.038+0530] {logging_mixin.py:188} INFO - [2025-05-27T19:34:55.037+0530] {dagbag.py:538} INFO - Filling up the DagBag from /Users/zafarimam/Documents/E-Commerce Order Pipeline/airflow_venv_39/lib/python3.9/site-packages/airflow/example_dags/example_latest_only.py
[2025-05-27T19:34:55.044+0530] {processor.py:840} INFO - DAG(s) 'latest_only' retrieved from /Users/zafarimam/Documents/E-Commerce Order Pipeline/airflow_venv_39/lib/python3.9/site-packages/airflow/example_dags/example_latest_only.py
[2025-05-27T19:34:55.122+0530] {logging_mixin.py:188} INFO - [2025-05-27T19:34:55.121+0530] {dag.py:3036} INFO - Sync 1 DAGs
[2025-05-27T19:34:55.133+0530] {logging_mixin.py:188} INFO - [2025-05-27T19:34:55.133+0530] {dag.py:3823} INFO - Setting next_dagrun for latest_only to 2025-05-27 08:00:00+00:00, run_after=2025-05-27 12:00:00+00:00
[2025-05-27T19:34:55.145+0530] {processor.py:183} INFO - Processing /Users/zafarimam/Documents/E-Commerce Order Pipeline/airflow_venv_39/lib/python3.9/site-packages/airflow/example_dags/example_latest_only.py took 0.110 seconds
[2025-05-27T19:36:35.972+0530] {processor.py:161} INFO - Started process (PID=28489) to work on /Users/zafarimam/Documents/E-Commerce Order Pipeline/airflow_venv_39/lib/python3.9/site-packages/airflow/example_dags/example_latest_only.py
[2025-05-27T19:36:35.973+0530] {processor.py:830} INFO - Processing file /Users/zafarimam/Documents/E-Commerce Order Pipeline/airflow_venv_39/lib/python3.9/site-packages/airflow/example_dags/example_latest_only.py for tasks to queue
[2025-05-27T19:36:35.974+0530] {logging_mixin.py:188} INFO - [2025-05-27T19:36:35.973+0530] {dagbag.py:538} INFO - Filling up the DagBag from /Users/zafarimam/Documents/E-Commerce Order Pipeline/airflow_venv_39/lib/python3.9/site-packages/airflow/example_dags/example_latest_only.py
[2025-05-27T19:36:35.980+0530] {processor.py:840} INFO - DAG(s) 'latest_only' retrieved from /Users/zafarimam/Documents/E-Commerce Order Pipeline/airflow_venv_39/lib/python3.9/site-packages/airflow/example_dags/example_latest_only.py
[2025-05-27T19:36:36.058+0530] {logging_mixin.py:188} INFO - [2025-05-27T19:36:36.058+0530] {dag.py:3036} INFO - Sync 1 DAGs
[2025-05-27T19:36:36.070+0530] {logging_mixin.py:188} INFO - [2025-05-27T19:36:36.069+0530] {dag.py:3823} INFO - Setting next_dagrun for latest_only to 2025-05-27 08:00:00+00:00, run_after=2025-05-27 12:00:00+00:00
[2025-05-27T19:36:36.087+0530] {processor.py:183} INFO - Processing /Users/zafarimam/Documents/E-Commerce Order Pipeline/airflow_venv_39/lib/python3.9/site-packages/airflow/example_dags/example_latest_only.py took 0.116 seconds
[2025-05-27T19:38:17.864+0530] {processor.py:161} INFO - Started process (PID=28540) to work on /Users/zafarimam/Documents/E-Commerce Order Pipeline/airflow_venv_39/lib/python3.9/site-packages/airflow/example_dags/example_latest_only.py
[2025-05-27T19:38:17.865+0530] {processor.py:830} INFO - Processing file /Users/zafarimam/Documents/E-Commerce Order Pipeline/airflow_venv_39/lib/python3.9/site-packages/airflow/example_dags/example_latest_only.py for tasks to queue
[2025-05-27T19:38:17.866+0530] {logging_mixin.py:188} INFO - [2025-05-27T19:38:17.866+0530] {dagbag.py:538} INFO - Filling up the DagBag from /Users/zafarimam/Documents/E-Commerce Order Pipeline/airflow_venv_39/lib/python3.9/site-packages/airflow/example_dags/example_latest_only.py
[2025-05-27T19:38:17.872+0530] {processor.py:840} INFO - DAG(s) 'latest_only' retrieved from /Users/zafarimam/Documents/E-Commerce Order Pipeline/airflow_venv_39/lib/python3.9/site-packages/airflow/example_dags/example_latest_only.py
[2025-05-27T19:38:17.951+0530] {logging_mixin.py:188} INFO - [2025-05-27T19:38:17.951+0530] {dag.py:3036} INFO - Sync 1 DAGs
[2025-05-27T19:38:17.962+0530] {logging_mixin.py:188} INFO - [2025-05-27T19:38:17.962+0530] {dag.py:3823} INFO - Setting next_dagrun for latest_only to 2025-05-27 08:00:00+00:00, run_after=2025-05-27 12:00:00+00:00
[2025-05-27T19:38:17.977+0530] {processor.py:183} INFO - Processing /Users/zafarimam/Documents/E-Commerce Order Pipeline/airflow_venv_39/lib/python3.9/site-packages/airflow/example_dags/example_latest_only.py took 0.113 seconds
[2025-05-27T19:39:57.313+0530] {processor.py:161} INFO - Started process (PID=28592) to work on /Users/zafarimam/Documents/E-Commerce Order Pipeline/airflow_venv_39/lib/python3.9/site-packages/airflow/example_dags/example_latest_only.py
[2025-05-27T19:39:57.314+0530] {processor.py:830} INFO - Processing file /Users/zafarimam/Documents/E-Commerce Order Pipeline/airflow_venv_39/lib/python3.9/site-packages/airflow/example_dags/example_latest_only.py for tasks to queue
[2025-05-27T19:39:57.314+0530] {logging_mixin.py:188} INFO - [2025-05-27T19:39:57.314+0530] {dagbag.py:538} INFO - Filling up the DagBag from /Users/zafarimam/Documents/E-Commerce Order Pipeline/airflow_venv_39/lib/python3.9/site-packages/airflow/example_dags/example_latest_only.py
[2025-05-27T19:39:57.321+0530] {processor.py:840} INFO - DAG(s) 'latest_only' retrieved from /Users/zafarimam/Documents/E-Commerce Order Pipeline/airflow_venv_39/lib/python3.9/site-packages/airflow/example_dags/example_latest_only.py
[2025-05-27T19:39:57.400+0530] {logging_mixin.py:188} INFO - [2025-05-27T19:39:57.399+0530] {dag.py:3036} INFO - Sync 1 DAGs
[2025-05-27T19:39:57.411+0530] {logging_mixin.py:188} INFO - [2025-05-27T19:39:57.411+0530] {dag.py:3823} INFO - Setting next_dagrun for latest_only to 2025-05-27 08:00:00+00:00, run_after=2025-05-27 12:00:00+00:00
[2025-05-27T19:39:57.429+0530] {processor.py:183} INFO - Processing /Users/zafarimam/Documents/E-Commerce Order Pipeline/airflow_venv_39/lib/python3.9/site-packages/airflow/example_dags/example_latest_only.py took 0.117 seconds
[2025-05-27T19:41:36.219+0530] {processor.py:161} INFO - Started process (PID=28644) to work on /Users/zafarimam/Documents/E-Commerce Order Pipeline/airflow_venv_39/lib/python3.9/site-packages/airflow/example_dags/example_latest_only.py
[2025-05-27T19:41:36.220+0530] {processor.py:830} INFO - Processing file /Users/zafarimam/Documents/E-Commerce Order Pipeline/airflow_venv_39/lib/python3.9/site-packages/airflow/example_dags/example_latest_only.py for tasks to queue
[2025-05-27T19:41:36.220+0530] {logging_mixin.py:188} INFO - [2025-05-27T19:41:36.220+0530] {dagbag.py:538} INFO - Filling up the DagBag from /Users/zafarimam/Documents/E-Commerce Order Pipeline/airflow_venv_39/lib/python3.9/site-packages/airflow/example_dags/example_latest_only.py
[2025-05-27T19:41:36.226+0530] {processor.py:840} INFO - DAG(s) 'latest_only' retrieved from /Users/zafarimam/Documents/E-Commerce Order Pipeline/airflow_venv_39/lib/python3.9/site-packages/airflow/example_dags/example_latest_only.py
[2025-05-27T19:41:36.304+0530] {logging_mixin.py:188} INFO - [2025-05-27T19:41:36.304+0530] {dag.py:3036} INFO - Sync 1 DAGs
[2025-05-27T19:41:36.316+0530] {logging_mixin.py:188} INFO - [2025-05-27T19:41:36.316+0530] {dag.py:3823} INFO - Setting next_dagrun for latest_only to 2025-05-27 08:00:00+00:00, run_after=2025-05-27 12:00:00+00:00
[2025-05-27T19:41:36.333+0530] {processor.py:183} INFO - Processing /Users/zafarimam/Documents/E-Commerce Order Pipeline/airflow_venv_39/lib/python3.9/site-packages/airflow/example_dags/example_latest_only.py took 0.115 seconds
[2025-05-27T19:43:19.224+0530] {processor.py:161} INFO - Started process (PID=28702) to work on /Users/zafarimam/Documents/E-Commerce Order Pipeline/airflow_venv_39/lib/python3.9/site-packages/airflow/example_dags/example_latest_only.py
[2025-05-27T19:43:19.226+0530] {processor.py:830} INFO - Processing file /Users/zafarimam/Documents/E-Commerce Order Pipeline/airflow_venv_39/lib/python3.9/site-packages/airflow/example_dags/example_latest_only.py for tasks to queue
[2025-05-27T19:43:19.227+0530] {logging_mixin.py:188} INFO - [2025-05-27T19:43:19.227+0530] {dagbag.py:538} INFO - Filling up the DagBag from /Users/zafarimam/Documents/E-Commerce Order Pipeline/airflow_venv_39/lib/python3.9/site-packages/airflow/example_dags/example_latest_only.py
[2025-05-27T19:43:19.235+0530] {processor.py:840} INFO - DAG(s) 'latest_only' retrieved from /Users/zafarimam/Documents/E-Commerce Order Pipeline/airflow_venv_39/lib/python3.9/site-packages/airflow/example_dags/example_latest_only.py
[2025-05-27T19:43:19.325+0530] {logging_mixin.py:188} INFO - [2025-05-27T19:43:19.325+0530] {dag.py:3036} INFO - Sync 1 DAGs
[2025-05-27T19:43:19.340+0530] {logging_mixin.py:188} INFO - [2025-05-27T19:43:19.340+0530] {dag.py:3823} INFO - Setting next_dagrun for latest_only to 2025-05-27 08:00:00+00:00, run_after=2025-05-27 12:00:00+00:00
[2025-05-27T19:43:19.356+0530] {processor.py:183} INFO - Processing /Users/zafarimam/Documents/E-Commerce Order Pipeline/airflow_venv_39/lib/python3.9/site-packages/airflow/example_dags/example_latest_only.py took 0.134 seconds
[2025-05-27T19:45:31.975+0530] {processor.py:161} INFO - Started process (PID=28842) to work on /Users/zafarimam/Documents/E-Commerce Order Pipeline/airflow_venv_39/lib/python3.9/site-packages/airflow/example_dags/example_latest_only.py
[2025-05-27T19:45:31.977+0530] {processor.py:830} INFO - Processing file /Users/zafarimam/Documents/E-Commerce Order Pipeline/airflow_venv_39/lib/python3.9/site-packages/airflow/example_dags/example_latest_only.py for tasks to queue
[2025-05-27T19:45:31.977+0530] {logging_mixin.py:188} INFO - [2025-05-27T19:45:31.977+0530] {dagbag.py:538} INFO - Filling up the DagBag from /Users/zafarimam/Documents/E-Commerce Order Pipeline/airflow_venv_39/lib/python3.9/site-packages/airflow/example_dags/example_latest_only.py
[2025-05-27T19:45:31.985+0530] {processor.py:840} INFO - DAG(s) 'latest_only' retrieved from /Users/zafarimam/Documents/E-Commerce Order Pipeline/airflow_venv_39/lib/python3.9/site-packages/airflow/example_dags/example_latest_only.py
[2025-05-27T19:45:32.068+0530] {logging_mixin.py:188} INFO - [2025-05-27T19:45:32.068+0530] {dag.py:3036} INFO - Sync 1 DAGs
[2025-05-27T19:45:32.080+0530] {logging_mixin.py:188} INFO - [2025-05-27T19:45:32.080+0530] {dag.py:3823} INFO - Setting next_dagrun for latest_only to 2025-05-27 08:00:00+00:00, run_after=2025-05-27 12:00:00+00:00
[2025-05-27T19:45:32.092+0530] {processor.py:183} INFO - Processing /Users/zafarimam/Documents/E-Commerce Order Pipeline/airflow_venv_39/lib/python3.9/site-packages/airflow/example_dags/example_latest_only.py took 0.119 seconds
[2025-05-27T19:47:15.888+0530] {processor.py:161} INFO - Started process (PID=28899) to work on /Users/zafarimam/Documents/E-Commerce Order Pipeline/airflow_venv_39/lib/python3.9/site-packages/airflow/example_dags/example_latest_only.py
[2025-05-27T19:47:15.889+0530] {processor.py:830} INFO - Processing file /Users/zafarimam/Documents/E-Commerce Order Pipeline/airflow_venv_39/lib/python3.9/site-packages/airflow/example_dags/example_latest_only.py for tasks to queue
[2025-05-27T19:47:15.890+0530] {logging_mixin.py:188} INFO - [2025-05-27T19:47:15.890+0530] {dagbag.py:538} INFO - Filling up the DagBag from /Users/zafarimam/Documents/E-Commerce Order Pipeline/airflow_venv_39/lib/python3.9/site-packages/airflow/example_dags/example_latest_only.py
[2025-05-27T19:47:15.897+0530] {processor.py:840} INFO - DAG(s) 'latest_only' retrieved from /Users/zafarimam/Documents/E-Commerce Order Pipeline/airflow_venv_39/lib/python3.9/site-packages/airflow/example_dags/example_latest_only.py
[2025-05-27T19:47:15.977+0530] {logging_mixin.py:188} INFO - [2025-05-27T19:47:15.977+0530] {dag.py:3036} INFO - Sync 1 DAGs
[2025-05-27T19:47:15.990+0530] {logging_mixin.py:188} INFO - [2025-05-27T19:47:15.990+0530] {dag.py:3823} INFO - Setting next_dagrun for latest_only to 2025-05-27 08:00:00+00:00, run_after=2025-05-27 12:00:00+00:00
[2025-05-27T19:47:16.002+0530] {processor.py:183} INFO - Processing /Users/zafarimam/Documents/E-Commerce Order Pipeline/airflow_venv_39/lib/python3.9/site-packages/airflow/example_dags/example_latest_only.py took 0.115 seconds
[2025-05-27T19:48:58.193+0530] {processor.py:161} INFO - Started process (PID=28962) to work on /Users/zafarimam/Documents/E-Commerce Order Pipeline/airflow_venv_39/lib/python3.9/site-packages/airflow/example_dags/example_latest_only.py
[2025-05-27T19:48:58.193+0530] {processor.py:830} INFO - Processing file /Users/zafarimam/Documents/E-Commerce Order Pipeline/airflow_venv_39/lib/python3.9/site-packages/airflow/example_dags/example_latest_only.py for tasks to queue
[2025-05-27T19:48:58.194+0530] {logging_mixin.py:188} INFO - [2025-05-27T19:48:58.194+0530] {dagbag.py:538} INFO - Filling up the DagBag from /Users/zafarimam/Documents/E-Commerce Order Pipeline/airflow_venv_39/lib/python3.9/site-packages/airflow/example_dags/example_latest_only.py
[2025-05-27T19:48:58.201+0530] {processor.py:840} INFO - DAG(s) 'latest_only' retrieved from /Users/zafarimam/Documents/E-Commerce Order Pipeline/airflow_venv_39/lib/python3.9/site-packages/airflow/example_dags/example_latest_only.py
[2025-05-27T19:48:58.284+0530] {logging_mixin.py:188} INFO - [2025-05-27T19:48:58.284+0530] {dag.py:3036} INFO - Sync 1 DAGs
[2025-05-27T19:48:58.296+0530] {logging_mixin.py:188} INFO - [2025-05-27T19:48:58.296+0530] {dag.py:3823} INFO - Setting next_dagrun for latest_only to 2025-05-27 08:00:00+00:00, run_after=2025-05-27 12:00:00+00:00
[2025-05-27T19:48:58.309+0530] {processor.py:183} INFO - Processing /Users/zafarimam/Documents/E-Commerce Order Pipeline/airflow_venv_39/lib/python3.9/site-packages/airflow/example_dags/example_latest_only.py took 0.118 seconds
[2025-05-27T19:50:44.557+0530] {processor.py:161} INFO - Started process (PID=29044) to work on /Users/zafarimam/Documents/E-Commerce Order Pipeline/airflow_venv_39/lib/python3.9/site-packages/airflow/example_dags/example_latest_only.py
[2025-05-27T19:50:44.558+0530] {processor.py:830} INFO - Processing file /Users/zafarimam/Documents/E-Commerce Order Pipeline/airflow_venv_39/lib/python3.9/site-packages/airflow/example_dags/example_latest_only.py for tasks to queue
[2025-05-27T19:50:44.559+0530] {logging_mixin.py:188} INFO - [2025-05-27T19:50:44.559+0530] {dagbag.py:538} INFO - Filling up the DagBag from /Users/zafarimam/Documents/E-Commerce Order Pipeline/airflow_venv_39/lib/python3.9/site-packages/airflow/example_dags/example_latest_only.py
[2025-05-27T19:50:44.566+0530] {processor.py:840} INFO - DAG(s) 'latest_only' retrieved from /Users/zafarimam/Documents/E-Commerce Order Pipeline/airflow_venv_39/lib/python3.9/site-packages/airflow/example_dags/example_latest_only.py
[2025-05-27T19:50:44.649+0530] {logging_mixin.py:188} INFO - [2025-05-27T19:50:44.649+0530] {dag.py:3036} INFO - Sync 1 DAGs
[2025-05-27T19:50:44.662+0530] {logging_mixin.py:188} INFO - [2025-05-27T19:50:44.662+0530] {dag.py:3823} INFO - Setting next_dagrun for latest_only to 2025-05-27 08:00:00+00:00, run_after=2025-05-27 12:00:00+00:00
[2025-05-27T19:50:44.675+0530] {processor.py:183} INFO - Processing /Users/zafarimam/Documents/E-Commerce Order Pipeline/airflow_venv_39/lib/python3.9/site-packages/airflow/example_dags/example_latest_only.py took 0.119 seconds
