[2025-05-27T17:39:15.554+0530] {processor.py:161} INFO - Started process (PID=22852) to work on /Users/zafarimam/Documents/E-Commerce Order Pipeline/airflow_venv_39/lib/python3.9/site-packages/airflow/example_dags/example_complex.py
[2025-05-27T17:39:15.555+0530] {processor.py:830} INFO - Processing file /Users/zafarimam/Documents/E-Commerce Order Pipeline/airflow_venv_39/lib/python3.9/site-packages/airflow/example_dags/example_complex.py for tasks to queue
[2025-05-27T17:39:15.555+0530] {logging_mixin.py:188} INFO - [2025-05-27T17:39:15.555+0530] {dagbag.py:538} INFO - Filling up the DagBag from /Users/zafarimam/Documents/E-Commerce Order Pipeline/airflow_venv_39/lib/python3.9/site-packages/airflow/example_dags/example_complex.py
[2025-05-27T17:39:15.568+0530] {processor.py:840} INFO - DAG(s) 'example_complex' retrieved from /Users/zafarimam/Documents/E-Commerce Order Pipeline/airflow_venv_39/lib/python3.9/site-packages/airflow/example_dags/example_complex.py
[2025-05-27T17:39:15.722+0530] {logging_mixin.py:188} INFO - [2025-05-27T17:39:15.722+0530] {dag.py:3036} INFO - Sync 1 DAGs
[2025-05-27T17:39:15.729+0530] {logging_mixin.py:188} INFO - [2025-05-27T17:39:15.729+0530] {dag.py:3823} INFO - Setting next_dagrun for example_complex to None, run_after=None
[2025-05-27T17:39:15.743+0530] {processor.py:183} INFO - Processing /Users/zafarimam/Documents/E-Commerce Order Pipeline/airflow_venv_39/lib/python3.9/site-packages/airflow/example_dags/example_complex.py took 0.191 seconds
[2025-05-27T17:41:23.791+0530] {processor.py:161} INFO - Started process (PID=22936) to work on /Users/zafarimam/Documents/E-Commerce Order Pipeline/airflow_venv_39/lib/python3.9/site-packages/airflow/example_dags/example_complex.py
[2025-05-27T17:41:23.793+0530] {processor.py:830} INFO - Processing file /Users/zafarimam/Documents/E-Commerce Order Pipeline/airflow_venv_39/lib/python3.9/site-packages/airflow/example_dags/example_complex.py for tasks to queue
[2025-05-27T17:41:23.793+0530] {logging_mixin.py:188} INFO - [2025-05-27T17:41:23.793+0530] {dagbag.py:538} INFO - Filling up the DagBag from /Users/zafarimam/Documents/E-Commerce Order Pipeline/airflow_venv_39/lib/python3.9/site-packages/airflow/example_dags/example_complex.py
[2025-05-27T17:41:23.807+0530] {processor.py:840} INFO - DAG(s) 'example_complex' retrieved from /Users/zafarimam/Documents/E-Commerce Order Pipeline/airflow_venv_39/lib/python3.9/site-packages/airflow/example_dags/example_complex.py
[2025-05-27T17:41:23.900+0530] {logging_mixin.py:188} INFO - [2025-05-27T17:41:23.900+0530] {dag.py:3036} INFO - Sync 1 DAGs
[2025-05-27T17:41:23.906+0530] {logging_mixin.py:188} INFO - [2025-05-27T17:41:23.906+0530] {dag.py:3823} INFO - Setting next_dagrun for example_complex to None, run_after=None
[2025-05-27T17:41:23.919+0530] {processor.py:183} INFO - Processing /Users/zafarimam/Documents/E-Commerce Order Pipeline/airflow_venv_39/lib/python3.9/site-packages/airflow/example_dags/example_complex.py took 0.130 seconds
[2025-05-27T17:43:15.631+0530] {processor.py:161} INFO - Started process (PID=23003) to work on /Users/zafarimam/Documents/E-Commerce Order Pipeline/airflow_venv_39/lib/python3.9/site-packages/airflow/example_dags/example_complex.py
[2025-05-27T17:43:15.633+0530] {processor.py:830} INFO - Processing file /Users/zafarimam/Documents/E-Commerce Order Pipeline/airflow_venv_39/lib/python3.9/site-packages/airflow/example_dags/example_complex.py for tasks to queue
[2025-05-27T17:43:15.633+0530] {logging_mixin.py:188} INFO - [2025-05-27T17:43:15.633+0530] {dagbag.py:538} INFO - Filling up the DagBag from /Users/zafarimam/Documents/E-Commerce Order Pipeline/airflow_venv_39/lib/python3.9/site-packages/airflow/example_dags/example_complex.py
[2025-05-27T17:43:15.647+0530] {processor.py:840} INFO - DAG(s) 'example_complex' retrieved from /Users/zafarimam/Documents/E-Commerce Order Pipeline/airflow_venv_39/lib/python3.9/site-packages/airflow/example_dags/example_complex.py
[2025-05-27T17:43:15.741+0530] {logging_mixin.py:188} INFO - [2025-05-27T17:43:15.741+0530] {dag.py:3036} INFO - Sync 1 DAGs
[2025-05-27T17:43:15.748+0530] {logging_mixin.py:188} INFO - [2025-05-27T17:43:15.747+0530] {dag.py:3823} INFO - Setting next_dagrun for example_complex to None, run_after=None
[2025-05-27T17:43:15.762+0530] {processor.py:183} INFO - Processing /Users/zafarimam/Documents/E-Commerce Order Pipeline/airflow_venv_39/lib/python3.9/site-packages/airflow/example_dags/example_complex.py took 0.132 seconds
[2025-05-27T17:45:01.155+0530] {processor.py:161} INFO - Started process (PID=23055) to work on /Users/zafarimam/Documents/E-Commerce Order Pipeline/airflow_venv_39/lib/python3.9/site-packages/airflow/example_dags/example_complex.py
[2025-05-27T17:45:01.156+0530] {processor.py:830} INFO - Processing file /Users/zafarimam/Documents/E-Commerce Order Pipeline/airflow_venv_39/lib/python3.9/site-packages/airflow/example_dags/example_complex.py for tasks to queue
[2025-05-27T17:45:01.156+0530] {logging_mixin.py:188} INFO - [2025-05-27T17:45:01.156+0530] {dagbag.py:538} INFO - Filling up the DagBag from /Users/zafarimam/Documents/E-Commerce Order Pipeline/airflow_venv_39/lib/python3.9/site-packages/airflow/example_dags/example_complex.py
[2025-05-27T17:45:01.169+0530] {processor.py:840} INFO - DAG(s) 'example_complex' retrieved from /Users/zafarimam/Documents/E-Commerce Order Pipeline/airflow_venv_39/lib/python3.9/site-packages/airflow/example_dags/example_complex.py
[2025-05-27T17:45:01.262+0530] {logging_mixin.py:188} INFO - [2025-05-27T17:45:01.262+0530] {dag.py:3036} INFO - Sync 1 DAGs
[2025-05-27T17:45:01.269+0530] {logging_mixin.py:188} INFO - [2025-05-27T17:45:01.269+0530] {dag.py:3823} INFO - Setting next_dagrun for example_complex to None, run_after=None
[2025-05-27T17:45:01.284+0530] {processor.py:183} INFO - Processing /Users/zafarimam/Documents/E-Commerce Order Pipeline/airflow_venv_39/lib/python3.9/site-packages/airflow/example_dags/example_complex.py took 0.130 seconds
[2025-05-27T17:52:01.482+0530] {processor.py:161} INFO - Started process (PID=23369) to work on /Users/zafarimam/Documents/E-Commerce Order Pipeline/airflow_venv_39/lib/python3.9/site-packages/airflow/example_dags/example_complex.py
[2025-05-27T17:52:01.484+0530] {processor.py:830} INFO - Processing file /Users/zafarimam/Documents/E-Commerce Order Pipeline/airflow_venv_39/lib/python3.9/site-packages/airflow/example_dags/example_complex.py for tasks to queue
[2025-05-27T17:52:01.485+0530] {logging_mixin.py:188} INFO - [2025-05-27T17:52:01.485+0530] {dagbag.py:538} INFO - Filling up the DagBag from /Users/zafarimam/Documents/E-Commerce Order Pipeline/airflow_venv_39/lib/python3.9/site-packages/airflow/example_dags/example_complex.py
[2025-05-27T17:52:01.498+0530] {processor.py:840} INFO - DAG(s) 'example_complex' retrieved from /Users/zafarimam/Documents/E-Commerce Order Pipeline/airflow_venv_39/lib/python3.9/site-packages/airflow/example_dags/example_complex.py
[2025-05-27T17:52:01.601+0530] {logging_mixin.py:188} INFO - [2025-05-27T17:52:01.601+0530] {dag.py:3036} INFO - Sync 1 DAGs
[2025-05-27T17:52:01.609+0530] {logging_mixin.py:188} INFO - [2025-05-27T17:52:01.609+0530] {dag.py:3823} INFO - Setting next_dagrun for example_complex to None, run_after=None
[2025-05-27T17:52:01.624+0530] {processor.py:183} INFO - Processing /Users/zafarimam/Documents/E-Commerce Order Pipeline/airflow_venv_39/lib/python3.9/site-packages/airflow/example_dags/example_complex.py took 0.143 seconds
[2025-05-27T17:54:00.895+0530] {processor.py:161} INFO - Started process (PID=23795) to work on /Users/zafarimam/Documents/E-Commerce Order Pipeline/airflow_venv_39/lib/python3.9/site-packages/airflow/example_dags/example_complex.py
[2025-05-27T17:54:00.897+0530] {processor.py:830} INFO - Processing file /Users/zafarimam/Documents/E-Commerce Order Pipeline/airflow_venv_39/lib/python3.9/site-packages/airflow/example_dags/example_complex.py for tasks to queue
[2025-05-27T17:54:00.898+0530] {logging_mixin.py:188} INFO - [2025-05-27T17:54:00.897+0530] {dagbag.py:538} INFO - Filling up the DagBag from /Users/zafarimam/Documents/E-Commerce Order Pipeline/airflow_venv_39/lib/python3.9/site-packages/airflow/example_dags/example_complex.py
[2025-05-27T17:54:00.911+0530] {processor.py:840} INFO - DAG(s) 'example_complex' retrieved from /Users/zafarimam/Documents/E-Commerce Order Pipeline/airflow_venv_39/lib/python3.9/site-packages/airflow/example_dags/example_complex.py
[2025-05-27T17:54:01.004+0530] {logging_mixin.py:188} INFO - [2025-05-27T17:54:01.004+0530] {dag.py:3036} INFO - Sync 1 DAGs
[2025-05-27T17:54:01.011+0530] {logging_mixin.py:188} INFO - [2025-05-27T17:54:01.011+0530] {dag.py:3823} INFO - Setting next_dagrun for example_complex to None, run_after=None
[2025-05-27T17:54:01.023+0530] {processor.py:183} INFO - Processing /Users/zafarimam/Documents/E-Commerce Order Pipeline/airflow_venv_39/lib/python3.9/site-packages/airflow/example_dags/example_complex.py took 0.130 seconds
[2025-05-27T17:56:36.361+0530] {processor.py:161} INFO - Started process (PID=24083) to work on /Users/zafarimam/Documents/E-Commerce Order Pipeline/airflow_venv_39/lib/python3.9/site-packages/airflow/example_dags/example_complex.py
[2025-05-27T17:56:36.363+0530] {processor.py:830} INFO - Processing file /Users/zafarimam/Documents/E-Commerce Order Pipeline/airflow_venv_39/lib/python3.9/site-packages/airflow/example_dags/example_complex.py for tasks to queue
[2025-05-27T17:56:36.364+0530] {logging_mixin.py:188} INFO - [2025-05-27T17:56:36.363+0530] {dagbag.py:538} INFO - Filling up the DagBag from /Users/zafarimam/Documents/E-Commerce Order Pipeline/airflow_venv_39/lib/python3.9/site-packages/airflow/example_dags/example_complex.py
[2025-05-27T17:56:36.377+0530] {processor.py:840} INFO - DAG(s) 'example_complex' retrieved from /Users/zafarimam/Documents/E-Commerce Order Pipeline/airflow_venv_39/lib/python3.9/site-packages/airflow/example_dags/example_complex.py
[2025-05-27T17:56:36.534+0530] {logging_mixin.py:188} INFO - [2025-05-27T17:56:36.534+0530] {dag.py:3036} INFO - Sync 1 DAGs
[2025-05-27T17:56:36.540+0530] {logging_mixin.py:188} INFO - [2025-05-27T17:56:36.540+0530] {dag.py:3823} INFO - Setting next_dagrun for example_complex to None, run_after=None
[2025-05-27T17:56:36.553+0530] {processor.py:183} INFO - Processing /Users/zafarimam/Documents/E-Commerce Order Pipeline/airflow_venv_39/lib/python3.9/site-packages/airflow/example_dags/example_complex.py took 0.193 seconds
[2025-05-27T17:58:43.776+0530] {processor.py:161} INFO - Started process (PID=24861) to work on /Users/zafarimam/Documents/E-Commerce Order Pipeline/airflow_venv_39/lib/python3.9/site-packages/airflow/example_dags/example_complex.py
[2025-05-27T17:58:43.778+0530] {processor.py:830} INFO - Processing file /Users/zafarimam/Documents/E-Commerce Order Pipeline/airflow_venv_39/lib/python3.9/site-packages/airflow/example_dags/example_complex.py for tasks to queue
[2025-05-27T17:58:43.778+0530] {logging_mixin.py:188} INFO - [2025-05-27T17:58:43.778+0530] {dagbag.py:538} INFO - Filling up the DagBag from /Users/zafarimam/Documents/E-Commerce Order Pipeline/airflow_venv_39/lib/python3.9/site-packages/airflow/example_dags/example_complex.py
[2025-05-27T17:58:43.791+0530] {processor.py:840} INFO - DAG(s) 'example_complex' retrieved from /Users/zafarimam/Documents/E-Commerce Order Pipeline/airflow_venv_39/lib/python3.9/site-packages/airflow/example_dags/example_complex.py
[2025-05-27T17:58:43.903+0530] {logging_mixin.py:188} INFO - [2025-05-27T17:58:43.903+0530] {dag.py:3036} INFO - Sync 1 DAGs
[2025-05-27T17:58:43.911+0530] {logging_mixin.py:188} INFO - [2025-05-27T17:58:43.911+0530] {dag.py:3823} INFO - Setting next_dagrun for example_complex to None, run_after=None
[2025-05-27T17:58:43.928+0530] {processor.py:183} INFO - Processing /Users/zafarimam/Documents/E-Commerce Order Pipeline/airflow_venv_39/lib/python3.9/site-packages/airflow/example_dags/example_complex.py took 0.154 seconds
[2025-05-27T18:07:05.046+0530] {processor.py:161} INFO - Started process (PID=25130) to work on /Users/zafarimam/Documents/E-Commerce Order Pipeline/airflow_venv_39/lib/python3.9/site-packages/airflow/example_dags/example_complex.py
[2025-05-27T18:07:05.048+0530] {processor.py:830} INFO - Processing file /Users/zafarimam/Documents/E-Commerce Order Pipeline/airflow_venv_39/lib/python3.9/site-packages/airflow/example_dags/example_complex.py for tasks to queue
[2025-05-27T18:07:05.049+0530] {logging_mixin.py:188} INFO - [2025-05-27T18:07:05.048+0530] {dagbag.py:538} INFO - Filling up the DagBag from /Users/zafarimam/Documents/E-Commerce Order Pipeline/airflow_venv_39/lib/python3.9/site-packages/airflow/example_dags/example_complex.py
[2025-05-27T18:07:05.061+0530] {processor.py:840} INFO - DAG(s) 'example_complex' retrieved from /Users/zafarimam/Documents/E-Commerce Order Pipeline/airflow_venv_39/lib/python3.9/site-packages/airflow/example_dags/example_complex.py
[2025-05-27T18:07:05.154+0530] {logging_mixin.py:188} INFO - [2025-05-27T18:07:05.154+0530] {dag.py:3036} INFO - Sync 1 DAGs
[2025-05-27T18:07:05.160+0530] {logging_mixin.py:188} INFO - [2025-05-27T18:07:05.160+0530] {dag.py:3823} INFO - Setting next_dagrun for example_complex to None, run_after=None
[2025-05-27T18:07:05.174+0530] {processor.py:183} INFO - Processing /Users/zafarimam/Documents/E-Commerce Order Pipeline/airflow_venv_39/lib/python3.9/site-packages/airflow/example_dags/example_complex.py took 0.129 seconds
[2025-05-27T18:09:12.843+0530] {processor.py:161} INFO - Started process (PID=25195) to work on /Users/zafarimam/Documents/E-Commerce Order Pipeline/airflow_venv_39/lib/python3.9/site-packages/airflow/example_dags/example_complex.py
[2025-05-27T18:09:12.844+0530] {processor.py:830} INFO - Processing file /Users/zafarimam/Documents/E-Commerce Order Pipeline/airflow_venv_39/lib/python3.9/site-packages/airflow/example_dags/example_complex.py for tasks to queue
[2025-05-27T18:09:12.845+0530] {logging_mixin.py:188} INFO - [2025-05-27T18:09:12.845+0530] {dagbag.py:538} INFO - Filling up the DagBag from /Users/zafarimam/Documents/E-Commerce Order Pipeline/airflow_venv_39/lib/python3.9/site-packages/airflow/example_dags/example_complex.py
[2025-05-27T18:09:12.858+0530] {processor.py:840} INFO - DAG(s) 'example_complex' retrieved from /Users/zafarimam/Documents/E-Commerce Order Pipeline/airflow_venv_39/lib/python3.9/site-packages/airflow/example_dags/example_complex.py
[2025-05-27T18:09:12.952+0530] {logging_mixin.py:188} INFO - [2025-05-27T18:09:12.952+0530] {dag.py:3036} INFO - Sync 1 DAGs
[2025-05-27T18:09:12.958+0530] {logging_mixin.py:188} INFO - [2025-05-27T18:09:12.958+0530] {dag.py:3823} INFO - Setting next_dagrun for example_complex to None, run_after=None
[2025-05-27T18:09:12.974+0530] {processor.py:183} INFO - Processing /Users/zafarimam/Documents/E-Commerce Order Pipeline/airflow_venv_39/lib/python3.9/site-packages/airflow/example_dags/example_complex.py took 0.132 seconds
[2025-05-27T18:10:57.402+0530] {processor.py:161} INFO - Started process (PID=25248) to work on /Users/zafarimam/Documents/E-Commerce Order Pipeline/airflow_venv_39/lib/python3.9/site-packages/airflow/example_dags/example_complex.py
[2025-05-27T18:10:57.403+0530] {processor.py:830} INFO - Processing file /Users/zafarimam/Documents/E-Commerce Order Pipeline/airflow_venv_39/lib/python3.9/site-packages/airflow/example_dags/example_complex.py for tasks to queue
[2025-05-27T18:10:57.404+0530] {logging_mixin.py:188} INFO - [2025-05-27T18:10:57.404+0530] {dagbag.py:538} INFO - Filling up the DagBag from /Users/zafarimam/Documents/E-Commerce Order Pipeline/airflow_venv_39/lib/python3.9/site-packages/airflow/example_dags/example_complex.py
[2025-05-27T18:10:57.417+0530] {processor.py:840} INFO - DAG(s) 'example_complex' retrieved from /Users/zafarimam/Documents/E-Commerce Order Pipeline/airflow_venv_39/lib/python3.9/site-packages/airflow/example_dags/example_complex.py
[2025-05-27T18:10:57.510+0530] {logging_mixin.py:188} INFO - [2025-05-27T18:10:57.510+0530] {dag.py:3036} INFO - Sync 1 DAGs
[2025-05-27T18:10:57.517+0530] {logging_mixin.py:188} INFO - [2025-05-27T18:10:57.517+0530] {dag.py:3823} INFO - Setting next_dagrun for example_complex to None, run_after=None
[2025-05-27T18:10:57.532+0530] {processor.py:183} INFO - Processing /Users/zafarimam/Documents/E-Commerce Order Pipeline/airflow_venv_39/lib/python3.9/site-packages/airflow/example_dags/example_complex.py took 0.131 seconds
[2025-05-27T18:12:50.325+0530] {processor.py:161} INFO - Started process (PID=25308) to work on /Users/zafarimam/Documents/E-Commerce Order Pipeline/airflow_venv_39/lib/python3.9/site-packages/airflow/example_dags/example_complex.py
[2025-05-27T18:12:50.326+0530] {processor.py:830} INFO - Processing file /Users/zafarimam/Documents/E-Commerce Order Pipeline/airflow_venv_39/lib/python3.9/site-packages/airflow/example_dags/example_complex.py for tasks to queue
[2025-05-27T18:12:50.326+0530] {logging_mixin.py:188} INFO - [2025-05-27T18:12:50.326+0530] {dagbag.py:538} INFO - Filling up the DagBag from /Users/zafarimam/Documents/E-Commerce Order Pipeline/airflow_venv_39/lib/python3.9/site-packages/airflow/example_dags/example_complex.py
[2025-05-27T18:12:50.339+0530] {processor.py:840} INFO - DAG(s) 'example_complex' retrieved from /Users/zafarimam/Documents/E-Commerce Order Pipeline/airflow_venv_39/lib/python3.9/site-packages/airflow/example_dags/example_complex.py
[2025-05-27T18:12:50.429+0530] {logging_mixin.py:188} INFO - [2025-05-27T18:12:50.429+0530] {dag.py:3036} INFO - Sync 1 DAGs
[2025-05-27T18:12:50.435+0530] {logging_mixin.py:188} INFO - [2025-05-27T18:12:50.435+0530] {dag.py:3823} INFO - Setting next_dagrun for example_complex to None, run_after=None
[2025-05-27T18:12:50.449+0530] {processor.py:183} INFO - Processing /Users/zafarimam/Documents/E-Commerce Order Pipeline/airflow_venv_39/lib/python3.9/site-packages/airflow/example_dags/example_complex.py took 0.125 seconds
[2025-05-27T18:14:48.849+0530] {processor.py:161} INFO - Started process (PID=25385) to work on /Users/zafarimam/Documents/E-Commerce Order Pipeline/airflow_venv_39/lib/python3.9/site-packages/airflow/example_dags/example_complex.py
[2025-05-27T18:14:48.850+0530] {processor.py:830} INFO - Processing file /Users/zafarimam/Documents/E-Commerce Order Pipeline/airflow_venv_39/lib/python3.9/site-packages/airflow/example_dags/example_complex.py for tasks to queue
[2025-05-27T18:14:48.851+0530] {logging_mixin.py:188} INFO - [2025-05-27T18:14:48.851+0530] {dagbag.py:538} INFO - Filling up the DagBag from /Users/zafarimam/Documents/E-Commerce Order Pipeline/airflow_venv_39/lib/python3.9/site-packages/airflow/example_dags/example_complex.py
[2025-05-27T18:14:48.864+0530] {processor.py:840} INFO - DAG(s) 'example_complex' retrieved from /Users/zafarimam/Documents/E-Commerce Order Pipeline/airflow_venv_39/lib/python3.9/site-packages/airflow/example_dags/example_complex.py
[2025-05-27T18:14:48.957+0530] {logging_mixin.py:188} INFO - [2025-05-27T18:14:48.957+0530] {dag.py:3036} INFO - Sync 1 DAGs
[2025-05-27T18:14:48.964+0530] {logging_mixin.py:188} INFO - [2025-05-27T18:14:48.964+0530] {dag.py:3823} INFO - Setting next_dagrun for example_complex to None, run_after=None
[2025-05-27T18:14:48.979+0530] {processor.py:183} INFO - Processing /Users/zafarimam/Documents/E-Commerce Order Pipeline/airflow_venv_39/lib/python3.9/site-packages/airflow/example_dags/example_complex.py took 0.131 seconds
[2025-05-27T18:16:33.089+0530] {processor.py:161} INFO - Started process (PID=25441) to work on /Users/zafarimam/Documents/E-Commerce Order Pipeline/airflow_venv_39/lib/python3.9/site-packages/airflow/example_dags/example_complex.py
[2025-05-27T18:16:33.090+0530] {processor.py:830} INFO - Processing file /Users/zafarimam/Documents/E-Commerce Order Pipeline/airflow_venv_39/lib/python3.9/site-packages/airflow/example_dags/example_complex.py for tasks to queue
[2025-05-27T18:16:33.090+0530] {logging_mixin.py:188} INFO - [2025-05-27T18:16:33.090+0530] {dagbag.py:538} INFO - Filling up the DagBag from /Users/zafarimam/Documents/E-Commerce Order Pipeline/airflow_venv_39/lib/python3.9/site-packages/airflow/example_dags/example_complex.py
[2025-05-27T18:16:33.103+0530] {processor.py:840} INFO - DAG(s) 'example_complex' retrieved from /Users/zafarimam/Documents/E-Commerce Order Pipeline/airflow_venv_39/lib/python3.9/site-packages/airflow/example_dags/example_complex.py
[2025-05-27T18:16:33.193+0530] {logging_mixin.py:188} INFO - [2025-05-27T18:16:33.193+0530] {dag.py:3036} INFO - Sync 1 DAGs
[2025-05-27T18:16:33.200+0530] {logging_mixin.py:188} INFO - [2025-05-27T18:16:33.200+0530] {dag.py:3823} INFO - Setting next_dagrun for example_complex to None, run_after=None
[2025-05-27T18:16:33.214+0530] {processor.py:183} INFO - Processing /Users/zafarimam/Documents/E-Commerce Order Pipeline/airflow_venv_39/lib/python3.9/site-packages/airflow/example_dags/example_complex.py took 0.126 seconds
[2025-05-27T18:18:14.726+0530] {processor.py:161} INFO - Started process (PID=25497) to work on /Users/zafarimam/Documents/E-Commerce Order Pipeline/airflow_venv_39/lib/python3.9/site-packages/airflow/example_dags/example_complex.py
[2025-05-27T18:18:14.727+0530] {processor.py:830} INFO - Processing file /Users/zafarimam/Documents/E-Commerce Order Pipeline/airflow_venv_39/lib/python3.9/site-packages/airflow/example_dags/example_complex.py for tasks to queue
[2025-05-27T18:18:14.728+0530] {logging_mixin.py:188} INFO - [2025-05-27T18:18:14.728+0530] {dagbag.py:538} INFO - Filling up the DagBag from /Users/zafarimam/Documents/E-Commerce Order Pipeline/airflow_venv_39/lib/python3.9/site-packages/airflow/example_dags/example_complex.py
[2025-05-27T18:18:14.741+0530] {processor.py:840} INFO - DAG(s) 'example_complex' retrieved from /Users/zafarimam/Documents/E-Commerce Order Pipeline/airflow_venv_39/lib/python3.9/site-packages/airflow/example_dags/example_complex.py
[2025-05-27T18:18:14.832+0530] {logging_mixin.py:188} INFO - [2025-05-27T18:18:14.832+0530] {dag.py:3036} INFO - Sync 1 DAGs
[2025-05-27T18:18:14.839+0530] {logging_mixin.py:188} INFO - [2025-05-27T18:18:14.838+0530] {dag.py:3823} INFO - Setting next_dagrun for example_complex to None, run_after=None
[2025-05-27T18:18:14.853+0530] {processor.py:183} INFO - Processing /Users/zafarimam/Documents/E-Commerce Order Pipeline/airflow_venv_39/lib/python3.9/site-packages/airflow/example_dags/example_complex.py took 0.128 seconds
[2025-05-27T18:23:02.587+0530] {processor.py:161} INFO - Started process (PID=25716) to work on /Users/zafarimam/Documents/E-Commerce Order Pipeline/airflow_venv_39/lib/python3.9/site-packages/airflow/example_dags/example_complex.py
[2025-05-27T18:23:02.588+0530] {processor.py:830} INFO - Processing file /Users/zafarimam/Documents/E-Commerce Order Pipeline/airflow_venv_39/lib/python3.9/site-packages/airflow/example_dags/example_complex.py for tasks to queue
[2025-05-27T18:23:02.589+0530] {logging_mixin.py:188} INFO - [2025-05-27T18:23:02.589+0530] {dagbag.py:538} INFO - Filling up the DagBag from /Users/zafarimam/Documents/E-Commerce Order Pipeline/airflow_venv_39/lib/python3.9/site-packages/airflow/example_dags/example_complex.py
[2025-05-27T18:23:02.602+0530] {processor.py:840} INFO - DAG(s) 'example_complex' retrieved from /Users/zafarimam/Documents/E-Commerce Order Pipeline/airflow_venv_39/lib/python3.9/site-packages/airflow/example_dags/example_complex.py
[2025-05-27T18:23:02.705+0530] {logging_mixin.py:188} INFO - [2025-05-27T18:23:02.705+0530] {dag.py:3036} INFO - Sync 1 DAGs
[2025-05-27T18:23:02.713+0530] {logging_mixin.py:188} INFO - [2025-05-27T18:23:02.713+0530] {dag.py:3823} INFO - Setting next_dagrun for example_complex to None, run_after=None
[2025-05-27T18:23:02.749+0530] {processor.py:183} INFO - Processing /Users/zafarimam/Documents/E-Commerce Order Pipeline/airflow_venv_39/lib/python3.9/site-packages/airflow/example_dags/example_complex.py took 0.164 seconds
[2025-05-27T18:28:18.146+0530] {processor.py:161} INFO - Started process (PID=25887) to work on /Users/zafarimam/Documents/E-Commerce Order Pipeline/airflow_venv_39/lib/python3.9/site-packages/airflow/example_dags/example_complex.py
[2025-05-27T18:28:18.147+0530] {processor.py:830} INFO - Processing file /Users/zafarimam/Documents/E-Commerce Order Pipeline/airflow_venv_39/lib/python3.9/site-packages/airflow/example_dags/example_complex.py for tasks to queue
[2025-05-27T18:28:18.148+0530] {logging_mixin.py:188} INFO - [2025-05-27T18:28:18.148+0530] {dagbag.py:538} INFO - Filling up the DagBag from /Users/zafarimam/Documents/E-Commerce Order Pipeline/airflow_venv_39/lib/python3.9/site-packages/airflow/example_dags/example_complex.py
[2025-05-27T18:28:18.161+0530] {processor.py:840} INFO - DAG(s) 'example_complex' retrieved from /Users/zafarimam/Documents/E-Commerce Order Pipeline/airflow_venv_39/lib/python3.9/site-packages/airflow/example_dags/example_complex.py
[2025-05-27T18:28:18.258+0530] {logging_mixin.py:188} INFO - [2025-05-27T18:28:18.258+0530] {dag.py:3036} INFO - Sync 1 DAGs
[2025-05-27T18:28:18.264+0530] {logging_mixin.py:188} INFO - [2025-05-27T18:28:18.264+0530] {dag.py:3823} INFO - Setting next_dagrun for example_complex to None, run_after=None
[2025-05-27T18:28:18.279+0530] {processor.py:183} INFO - Processing /Users/zafarimam/Documents/E-Commerce Order Pipeline/airflow_venv_39/lib/python3.9/site-packages/airflow/example_dags/example_complex.py took 0.134 seconds
[2025-05-27T18:30:11.848+0530] {processor.py:161} INFO - Started process (PID=25949) to work on /Users/zafarimam/Documents/E-Commerce Order Pipeline/airflow_venv_39/lib/python3.9/site-packages/airflow/example_dags/example_complex.py
[2025-05-27T18:30:11.849+0530] {processor.py:830} INFO - Processing file /Users/zafarimam/Documents/E-Commerce Order Pipeline/airflow_venv_39/lib/python3.9/site-packages/airflow/example_dags/example_complex.py for tasks to queue
[2025-05-27T18:30:11.849+0530] {logging_mixin.py:188} INFO - [2025-05-27T18:30:11.849+0530] {dagbag.py:538} INFO - Filling up the DagBag from /Users/zafarimam/Documents/E-Commerce Order Pipeline/airflow_venv_39/lib/python3.9/site-packages/airflow/example_dags/example_complex.py
[2025-05-27T18:30:11.862+0530] {processor.py:840} INFO - DAG(s) 'example_complex' retrieved from /Users/zafarimam/Documents/E-Commerce Order Pipeline/airflow_venv_39/lib/python3.9/site-packages/airflow/example_dags/example_complex.py
[2025-05-27T18:30:11.960+0530] {logging_mixin.py:188} INFO - [2025-05-27T18:30:11.960+0530] {dag.py:3036} INFO - Sync 1 DAGs
[2025-05-27T18:30:11.966+0530] {logging_mixin.py:188} INFO - [2025-05-27T18:30:11.966+0530] {dag.py:3823} INFO - Setting next_dagrun for example_complex to None, run_after=None
[2025-05-27T18:30:11.980+0530] {processor.py:183} INFO - Processing /Users/zafarimam/Documents/E-Commerce Order Pipeline/airflow_venv_39/lib/python3.9/site-packages/airflow/example_dags/example_complex.py took 0.134 seconds
[2025-05-27T18:32:00.837+0530] {processor.py:161} INFO - Started process (PID=26010) to work on /Users/zafarimam/Documents/E-Commerce Order Pipeline/airflow_venv_39/lib/python3.9/site-packages/airflow/example_dags/example_complex.py
[2025-05-27T18:32:00.838+0530] {processor.py:830} INFO - Processing file /Users/zafarimam/Documents/E-Commerce Order Pipeline/airflow_venv_39/lib/python3.9/site-packages/airflow/example_dags/example_complex.py for tasks to queue
[2025-05-27T18:32:00.839+0530] {logging_mixin.py:188} INFO - [2025-05-27T18:32:00.838+0530] {dagbag.py:538} INFO - Filling up the DagBag from /Users/zafarimam/Documents/E-Commerce Order Pipeline/airflow_venv_39/lib/python3.9/site-packages/airflow/example_dags/example_complex.py
[2025-05-27T18:32:00.851+0530] {processor.py:840} INFO - DAG(s) 'example_complex' retrieved from /Users/zafarimam/Documents/E-Commerce Order Pipeline/airflow_venv_39/lib/python3.9/site-packages/airflow/example_dags/example_complex.py
[2025-05-27T18:32:00.942+0530] {logging_mixin.py:188} INFO - [2025-05-27T18:32:00.942+0530] {dag.py:3036} INFO - Sync 1 DAGs
[2025-05-27T18:32:00.948+0530] {logging_mixin.py:188} INFO - [2025-05-27T18:32:00.948+0530] {dag.py:3823} INFO - Setting next_dagrun for example_complex to None, run_after=None
[2025-05-27T18:32:00.961+0530] {processor.py:183} INFO - Processing /Users/zafarimam/Documents/E-Commerce Order Pipeline/airflow_venv_39/lib/python3.9/site-packages/airflow/example_dags/example_complex.py took 0.126 seconds
[2025-05-27T18:37:47.717+0530] {processor.py:161} INFO - Started process (PID=26232) to work on /Users/zafarimam/Documents/E-Commerce Order Pipeline/airflow_venv_39/lib/python3.9/site-packages/airflow/example_dags/example_complex.py
[2025-05-27T18:37:47.719+0530] {processor.py:830} INFO - Processing file /Users/zafarimam/Documents/E-Commerce Order Pipeline/airflow_venv_39/lib/python3.9/site-packages/airflow/example_dags/example_complex.py for tasks to queue
[2025-05-27T18:37:47.719+0530] {logging_mixin.py:188} INFO - [2025-05-27T18:37:47.719+0530] {dagbag.py:538} INFO - Filling up the DagBag from /Users/zafarimam/Documents/E-Commerce Order Pipeline/airflow_venv_39/lib/python3.9/site-packages/airflow/example_dags/example_complex.py
[2025-05-27T18:37:47.733+0530] {processor.py:840} INFO - DAG(s) 'example_complex' retrieved from /Users/zafarimam/Documents/E-Commerce Order Pipeline/airflow_venv_39/lib/python3.9/site-packages/airflow/example_dags/example_complex.py
[2025-05-27T18:37:47.829+0530] {logging_mixin.py:188} INFO - [2025-05-27T18:37:47.829+0530] {dag.py:3036} INFO - Sync 1 DAGs
[2025-05-27T18:37:47.837+0530] {logging_mixin.py:188} INFO - [2025-05-27T18:37:47.837+0530] {dag.py:3823} INFO - Setting next_dagrun for example_complex to None, run_after=None
[2025-05-27T18:37:47.853+0530] {processor.py:183} INFO - Processing /Users/zafarimam/Documents/E-Commerce Order Pipeline/airflow_venv_39/lib/python3.9/site-packages/airflow/example_dags/example_complex.py took 0.137 seconds
[2025-05-27T18:47:37.672+0530] {processor.py:161} INFO - Started process (PID=26742) to work on /Users/zafarimam/Documents/E-Commerce Order Pipeline/airflow_venv_39/lib/python3.9/site-packages/airflow/example_dags/example_complex.py
[2025-05-27T18:47:37.674+0530] {processor.py:830} INFO - Processing file /Users/zafarimam/Documents/E-Commerce Order Pipeline/airflow_venv_39/lib/python3.9/site-packages/airflow/example_dags/example_complex.py for tasks to queue
[2025-05-27T18:47:37.675+0530] {logging_mixin.py:188} INFO - [2025-05-27T18:47:37.675+0530] {dagbag.py:538} INFO - Filling up the DagBag from /Users/zafarimam/Documents/E-Commerce Order Pipeline/airflow_venv_39/lib/python3.9/site-packages/airflow/example_dags/example_complex.py
[2025-05-27T18:47:37.688+0530] {processor.py:840} INFO - DAG(s) 'example_complex' retrieved from /Users/zafarimam/Documents/E-Commerce Order Pipeline/airflow_venv_39/lib/python3.9/site-packages/airflow/example_dags/example_complex.py
[2025-05-27T18:47:37.837+0530] {logging_mixin.py:188} INFO - [2025-05-27T18:47:37.836+0530] {dag.py:3036} INFO - Sync 1 DAGs
[2025-05-27T18:47:37.843+0530] {logging_mixin.py:188} INFO - [2025-05-27T18:47:37.843+0530] {dag.py:3823} INFO - Setting next_dagrun for example_complex to None, run_after=None
[2025-05-27T18:47:37.857+0530] {processor.py:183} INFO - Processing /Users/zafarimam/Documents/E-Commerce Order Pipeline/airflow_venv_39/lib/python3.9/site-packages/airflow/example_dags/example_complex.py took 0.186 seconds
[2025-05-27T18:49:33.486+0530] {processor.py:161} INFO - Started process (PID=26824) to work on /Users/zafarimam/Documents/E-Commerce Order Pipeline/airflow_venv_39/lib/python3.9/site-packages/airflow/example_dags/example_complex.py
[2025-05-27T18:49:33.487+0530] {processor.py:830} INFO - Processing file /Users/zafarimam/Documents/E-Commerce Order Pipeline/airflow_venv_39/lib/python3.9/site-packages/airflow/example_dags/example_complex.py for tasks to queue
[2025-05-27T18:49:33.488+0530] {logging_mixin.py:188} INFO - [2025-05-27T18:49:33.487+0530] {dagbag.py:538} INFO - Filling up the DagBag from /Users/zafarimam/Documents/E-Commerce Order Pipeline/airflow_venv_39/lib/python3.9/site-packages/airflow/example_dags/example_complex.py
[2025-05-27T18:49:33.500+0530] {processor.py:840} INFO - DAG(s) 'example_complex' retrieved from /Users/zafarimam/Documents/E-Commerce Order Pipeline/airflow_venv_39/lib/python3.9/site-packages/airflow/example_dags/example_complex.py
[2025-05-27T18:49:33.589+0530] {logging_mixin.py:188} INFO - [2025-05-27T18:49:33.589+0530] {dag.py:3036} INFO - Sync 1 DAGs
[2025-05-27T18:49:33.595+0530] {logging_mixin.py:188} INFO - [2025-05-27T18:49:33.595+0530] {dag.py:3823} INFO - Setting next_dagrun for example_complex to None, run_after=None
[2025-05-27T18:49:33.608+0530] {processor.py:183} INFO - Processing /Users/zafarimam/Documents/E-Commerce Order Pipeline/airflow_venv_39/lib/python3.9/site-packages/airflow/example_dags/example_complex.py took 0.123 seconds
[2025-05-27T18:51:29.084+0530] {processor.py:161} INFO - Started process (PID=26909) to work on /Users/zafarimam/Documents/E-Commerce Order Pipeline/airflow_venv_39/lib/python3.9/site-packages/airflow/example_dags/example_complex.py
[2025-05-27T18:51:29.084+0530] {processor.py:830} INFO - Processing file /Users/zafarimam/Documents/E-Commerce Order Pipeline/airflow_venv_39/lib/python3.9/site-packages/airflow/example_dags/example_complex.py for tasks to queue
[2025-05-27T18:51:29.085+0530] {logging_mixin.py:188} INFO - [2025-05-27T18:51:29.085+0530] {dagbag.py:538} INFO - Filling up the DagBag from /Users/zafarimam/Documents/E-Commerce Order Pipeline/airflow_venv_39/lib/python3.9/site-packages/airflow/example_dags/example_complex.py
[2025-05-27T18:51:29.098+0530] {processor.py:840} INFO - DAG(s) 'example_complex' retrieved from /Users/zafarimam/Documents/E-Commerce Order Pipeline/airflow_venv_39/lib/python3.9/site-packages/airflow/example_dags/example_complex.py
[2025-05-27T18:51:29.187+0530] {logging_mixin.py:188} INFO - [2025-05-27T18:51:29.187+0530] {dag.py:3036} INFO - Sync 1 DAGs
[2025-05-27T18:51:29.194+0530] {logging_mixin.py:188} INFO - [2025-05-27T18:51:29.193+0530] {dag.py:3823} INFO - Setting next_dagrun for example_complex to None, run_after=None
[2025-05-27T18:51:29.207+0530] {processor.py:183} INFO - Processing /Users/zafarimam/Documents/E-Commerce Order Pipeline/airflow_venv_39/lib/python3.9/site-packages/airflow/example_dags/example_complex.py took 0.125 seconds
[2025-05-27T18:53:25.765+0530] {processor.py:161} INFO - Started process (PID=26971) to work on /Users/zafarimam/Documents/E-Commerce Order Pipeline/airflow_venv_39/lib/python3.9/site-packages/airflow/example_dags/example_complex.py
[2025-05-27T18:53:25.766+0530] {processor.py:830} INFO - Processing file /Users/zafarimam/Documents/E-Commerce Order Pipeline/airflow_venv_39/lib/python3.9/site-packages/airflow/example_dags/example_complex.py for tasks to queue
[2025-05-27T18:53:25.767+0530] {logging_mixin.py:188} INFO - [2025-05-27T18:53:25.766+0530] {dagbag.py:538} INFO - Filling up the DagBag from /Users/zafarimam/Documents/E-Commerce Order Pipeline/airflow_venv_39/lib/python3.9/site-packages/airflow/example_dags/example_complex.py
[2025-05-27T18:53:25.780+0530] {processor.py:840} INFO - DAG(s) 'example_complex' retrieved from /Users/zafarimam/Documents/E-Commerce Order Pipeline/airflow_venv_39/lib/python3.9/site-packages/airflow/example_dags/example_complex.py
[2025-05-27T18:53:25.883+0530] {logging_mixin.py:188} INFO - [2025-05-27T18:53:25.883+0530] {dag.py:3036} INFO - Sync 1 DAGs
[2025-05-27T18:53:25.891+0530] {logging_mixin.py:188} INFO - [2025-05-27T18:53:25.890+0530] {dag.py:3823} INFO - Setting next_dagrun for example_complex to None, run_after=None
[2025-05-27T18:53:25.906+0530] {processor.py:183} INFO - Processing /Users/zafarimam/Documents/E-Commerce Order Pipeline/airflow_venv_39/lib/python3.9/site-packages/airflow/example_dags/example_complex.py took 0.143 seconds
[2025-05-27T18:55:32.782+0530] {processor.py:161} INFO - Started process (PID=27036) to work on /Users/zafarimam/Documents/E-Commerce Order Pipeline/airflow_venv_39/lib/python3.9/site-packages/airflow/example_dags/example_complex.py
[2025-05-27T18:55:32.784+0530] {processor.py:830} INFO - Processing file /Users/zafarimam/Documents/E-Commerce Order Pipeline/airflow_venv_39/lib/python3.9/site-packages/airflow/example_dags/example_complex.py for tasks to queue
[2025-05-27T18:55:32.785+0530] {logging_mixin.py:188} INFO - [2025-05-27T18:55:32.785+0530] {dagbag.py:538} INFO - Filling up the DagBag from /Users/zafarimam/Documents/E-Commerce Order Pipeline/airflow_venv_39/lib/python3.9/site-packages/airflow/example_dags/example_complex.py
[2025-05-27T18:55:32.798+0530] {processor.py:840} INFO - DAG(s) 'example_complex' retrieved from /Users/zafarimam/Documents/E-Commerce Order Pipeline/airflow_venv_39/lib/python3.9/site-packages/airflow/example_dags/example_complex.py
[2025-05-27T18:55:32.896+0530] {logging_mixin.py:188} INFO - [2025-05-27T18:55:32.896+0530] {dag.py:3036} INFO - Sync 1 DAGs
[2025-05-27T18:55:32.904+0530] {logging_mixin.py:188} INFO - [2025-05-27T18:55:32.904+0530] {dag.py:3823} INFO - Setting next_dagrun for example_complex to None, run_after=None
[2025-05-27T18:55:32.920+0530] {processor.py:183} INFO - Processing /Users/zafarimam/Documents/E-Commerce Order Pipeline/airflow_venv_39/lib/python3.9/site-packages/airflow/example_dags/example_complex.py took 0.139 seconds
[2025-05-27T18:57:36.738+0530] {processor.py:161} INFO - Started process (PID=27133) to work on /Users/zafarimam/Documents/E-Commerce Order Pipeline/airflow_venv_39/lib/python3.9/site-packages/airflow/example_dags/example_complex.py
[2025-05-27T18:57:36.740+0530] {processor.py:830} INFO - Processing file /Users/zafarimam/Documents/E-Commerce Order Pipeline/airflow_venv_39/lib/python3.9/site-packages/airflow/example_dags/example_complex.py for tasks to queue
[2025-05-27T18:57:36.740+0530] {logging_mixin.py:188} INFO - [2025-05-27T18:57:36.740+0530] {dagbag.py:538} INFO - Filling up the DagBag from /Users/zafarimam/Documents/E-Commerce Order Pipeline/airflow_venv_39/lib/python3.9/site-packages/airflow/example_dags/example_complex.py
[2025-05-27T18:57:36.753+0530] {processor.py:840} INFO - DAG(s) 'example_complex' retrieved from /Users/zafarimam/Documents/E-Commerce Order Pipeline/airflow_venv_39/lib/python3.9/site-packages/airflow/example_dags/example_complex.py
[2025-05-27T18:57:36.849+0530] {logging_mixin.py:188} INFO - [2025-05-27T18:57:36.849+0530] {dag.py:3036} INFO - Sync 1 DAGs
[2025-05-27T18:57:36.856+0530] {logging_mixin.py:188} INFO - [2025-05-27T18:57:36.856+0530] {dag.py:3823} INFO - Setting next_dagrun for example_complex to None, run_after=None
[2025-05-27T18:57:36.872+0530] {processor.py:183} INFO - Processing /Users/zafarimam/Documents/E-Commerce Order Pipeline/airflow_venv_39/lib/python3.9/site-packages/airflow/example_dags/example_complex.py took 0.135 seconds
[2025-05-27T18:59:35.177+0530] {processor.py:161} INFO - Started process (PID=27193) to work on /Users/zafarimam/Documents/E-Commerce Order Pipeline/airflow_venv_39/lib/python3.9/site-packages/airflow/example_dags/example_complex.py
[2025-05-27T18:59:35.179+0530] {processor.py:830} INFO - Processing file /Users/zafarimam/Documents/E-Commerce Order Pipeline/airflow_venv_39/lib/python3.9/site-packages/airflow/example_dags/example_complex.py for tasks to queue
[2025-05-27T18:59:35.180+0530] {logging_mixin.py:188} INFO - [2025-05-27T18:59:35.180+0530] {dagbag.py:538} INFO - Filling up the DagBag from /Users/zafarimam/Documents/E-Commerce Order Pipeline/airflow_venv_39/lib/python3.9/site-packages/airflow/example_dags/example_complex.py
[2025-05-27T18:59:35.193+0530] {processor.py:840} INFO - DAG(s) 'example_complex' retrieved from /Users/zafarimam/Documents/E-Commerce Order Pipeline/airflow_venv_39/lib/python3.9/site-packages/airflow/example_dags/example_complex.py
[2025-05-27T18:59:35.290+0530] {logging_mixin.py:188} INFO - [2025-05-27T18:59:35.290+0530] {dag.py:3036} INFO - Sync 1 DAGs
[2025-05-27T18:59:35.297+0530] {logging_mixin.py:188} INFO - [2025-05-27T18:59:35.297+0530] {dag.py:3823} INFO - Setting next_dagrun for example_complex to None, run_after=None
[2025-05-27T18:59:35.315+0530] {processor.py:183} INFO - Processing /Users/zafarimam/Documents/E-Commerce Order Pipeline/airflow_venv_39/lib/python3.9/site-packages/airflow/example_dags/example_complex.py took 0.139 seconds
[2025-05-27T19:01:48.217+0530] {processor.py:161} INFO - Started process (PID=27306) to work on /Users/zafarimam/Documents/E-Commerce Order Pipeline/airflow_venv_39/lib/python3.9/site-packages/airflow/example_dags/example_complex.py
[2025-05-27T19:01:48.219+0530] {processor.py:830} INFO - Processing file /Users/zafarimam/Documents/E-Commerce Order Pipeline/airflow_venv_39/lib/python3.9/site-packages/airflow/example_dags/example_complex.py for tasks to queue
[2025-05-27T19:01:48.220+0530] {logging_mixin.py:188} INFO - [2025-05-27T19:01:48.220+0530] {dagbag.py:538} INFO - Filling up the DagBag from /Users/zafarimam/Documents/E-Commerce Order Pipeline/airflow_venv_39/lib/python3.9/site-packages/airflow/example_dags/example_complex.py
[2025-05-27T19:01:48.233+0530] {processor.py:840} INFO - DAG(s) 'example_complex' retrieved from /Users/zafarimam/Documents/E-Commerce Order Pipeline/airflow_venv_39/lib/python3.9/site-packages/airflow/example_dags/example_complex.py
[2025-05-27T19:01:48.324+0530] {logging_mixin.py:188} INFO - [2025-05-27T19:01:48.324+0530] {dag.py:3036} INFO - Sync 1 DAGs
[2025-05-27T19:01:48.330+0530] {logging_mixin.py:188} INFO - [2025-05-27T19:01:48.330+0530] {dag.py:3823} INFO - Setting next_dagrun for example_complex to None, run_after=None
[2025-05-27T19:01:48.345+0530] {processor.py:183} INFO - Processing /Users/zafarimam/Documents/E-Commerce Order Pipeline/airflow_venv_39/lib/python3.9/site-packages/airflow/example_dags/example_complex.py took 0.129 seconds
[2025-05-27T19:03:40.217+0530] {processor.py:161} INFO - Started process (PID=27373) to work on /Users/zafarimam/Documents/E-Commerce Order Pipeline/airflow_venv_39/lib/python3.9/site-packages/airflow/example_dags/example_complex.py
[2025-05-27T19:03:40.218+0530] {processor.py:830} INFO - Processing file /Users/zafarimam/Documents/E-Commerce Order Pipeline/airflow_venv_39/lib/python3.9/site-packages/airflow/example_dags/example_complex.py for tasks to queue
[2025-05-27T19:03:40.218+0530] {logging_mixin.py:188} INFO - [2025-05-27T19:03:40.218+0530] {dagbag.py:538} INFO - Filling up the DagBag from /Users/zafarimam/Documents/E-Commerce Order Pipeline/airflow_venv_39/lib/python3.9/site-packages/airflow/example_dags/example_complex.py
[2025-05-27T19:03:40.231+0530] {processor.py:840} INFO - DAG(s) 'example_complex' retrieved from /Users/zafarimam/Documents/E-Commerce Order Pipeline/airflow_venv_39/lib/python3.9/site-packages/airflow/example_dags/example_complex.py
[2025-05-27T19:03:40.324+0530] {logging_mixin.py:188} INFO - [2025-05-27T19:03:40.324+0530] {dag.py:3036} INFO - Sync 1 DAGs
[2025-05-27T19:03:40.330+0530] {logging_mixin.py:188} INFO - [2025-05-27T19:03:40.330+0530] {dag.py:3823} INFO - Setting next_dagrun for example_complex to None, run_after=None
[2025-05-27T19:03:40.346+0530] {processor.py:183} INFO - Processing /Users/zafarimam/Documents/E-Commerce Order Pipeline/airflow_venv_39/lib/python3.9/site-packages/airflow/example_dags/example_complex.py took 0.131 seconds
[2025-05-27T19:05:44.786+0530] {processor.py:161} INFO - Started process (PID=27426) to work on /Users/zafarimam/Documents/E-Commerce Order Pipeline/airflow_venv_39/lib/python3.9/site-packages/airflow/example_dags/example_complex.py
[2025-05-27T19:05:44.787+0530] {processor.py:830} INFO - Processing file /Users/zafarimam/Documents/E-Commerce Order Pipeline/airflow_venv_39/lib/python3.9/site-packages/airflow/example_dags/example_complex.py for tasks to queue
[2025-05-27T19:05:44.788+0530] {logging_mixin.py:188} INFO - [2025-05-27T19:05:44.787+0530] {dagbag.py:538} INFO - Filling up the DagBag from /Users/zafarimam/Documents/E-Commerce Order Pipeline/airflow_venv_39/lib/python3.9/site-packages/airflow/example_dags/example_complex.py
[2025-05-27T19:05:44.801+0530] {processor.py:840} INFO - DAG(s) 'example_complex' retrieved from /Users/zafarimam/Documents/E-Commerce Order Pipeline/airflow_venv_39/lib/python3.9/site-packages/airflow/example_dags/example_complex.py
[2025-05-27T19:05:44.909+0530] {logging_mixin.py:188} INFO - [2025-05-27T19:05:44.909+0530] {dag.py:3036} INFO - Sync 1 DAGs
[2025-05-27T19:05:44.917+0530] {logging_mixin.py:188} INFO - [2025-05-27T19:05:44.917+0530] {dag.py:3823} INFO - Setting next_dagrun for example_complex to None, run_after=None
[2025-05-27T19:05:44.933+0530] {processor.py:183} INFO - Processing /Users/zafarimam/Documents/E-Commerce Order Pipeline/airflow_venv_39/lib/python3.9/site-packages/airflow/example_dags/example_complex.py took 0.149 seconds
[2025-05-27T19:08:02.310+0530] {processor.py:161} INFO - Started process (PID=27515) to work on /Users/zafarimam/Documents/E-Commerce Order Pipeline/airflow_venv_39/lib/python3.9/site-packages/airflow/example_dags/example_complex.py
[2025-05-27T19:08:02.312+0530] {processor.py:830} INFO - Processing file /Users/zafarimam/Documents/E-Commerce Order Pipeline/airflow_venv_39/lib/python3.9/site-packages/airflow/example_dags/example_complex.py for tasks to queue
[2025-05-27T19:08:02.313+0530] {logging_mixin.py:188} INFO - [2025-05-27T19:08:02.312+0530] {dagbag.py:538} INFO - Filling up the DagBag from /Users/zafarimam/Documents/E-Commerce Order Pipeline/airflow_venv_39/lib/python3.9/site-packages/airflow/example_dags/example_complex.py
[2025-05-27T19:08:02.326+0530] {processor.py:840} INFO - DAG(s) 'example_complex' retrieved from /Users/zafarimam/Documents/E-Commerce Order Pipeline/airflow_venv_39/lib/python3.9/site-packages/airflow/example_dags/example_complex.py
[2025-05-27T19:08:02.419+0530] {logging_mixin.py:188} INFO - [2025-05-27T19:08:02.419+0530] {dag.py:3036} INFO - Sync 1 DAGs
[2025-05-27T19:08:02.426+0530] {logging_mixin.py:188} INFO - [2025-05-27T19:08:02.426+0530] {dag.py:3823} INFO - Setting next_dagrun for example_complex to None, run_after=None
[2025-05-27T19:08:02.443+0530] {processor.py:183} INFO - Processing /Users/zafarimam/Documents/E-Commerce Order Pipeline/airflow_venv_39/lib/python3.9/site-packages/airflow/example_dags/example_complex.py took 0.134 seconds
[2025-05-27T19:09:43.114+0530] {processor.py:161} INFO - Started process (PID=27577) to work on /Users/zafarimam/Documents/E-Commerce Order Pipeline/airflow_venv_39/lib/python3.9/site-packages/airflow/example_dags/example_complex.py
[2025-05-27T19:09:43.115+0530] {processor.py:830} INFO - Processing file /Users/zafarimam/Documents/E-Commerce Order Pipeline/airflow_venv_39/lib/python3.9/site-packages/airflow/example_dags/example_complex.py for tasks to queue
[2025-05-27T19:09:43.116+0530] {logging_mixin.py:188} INFO - [2025-05-27T19:09:43.115+0530] {dagbag.py:538} INFO - Filling up the DagBag from /Users/zafarimam/Documents/E-Commerce Order Pipeline/airflow_venv_39/lib/python3.9/site-packages/airflow/example_dags/example_complex.py
[2025-05-27T19:09:43.127+0530] {processor.py:840} INFO - DAG(s) 'example_complex' retrieved from /Users/zafarimam/Documents/E-Commerce Order Pipeline/airflow_venv_39/lib/python3.9/site-packages/airflow/example_dags/example_complex.py
[2025-05-27T19:09:43.213+0530] {logging_mixin.py:188} INFO - [2025-05-27T19:09:43.213+0530] {dag.py:3036} INFO - Sync 1 DAGs
[2025-05-27T19:09:43.219+0530] {logging_mixin.py:188} INFO - [2025-05-27T19:09:43.219+0530] {dag.py:3823} INFO - Setting next_dagrun for example_complex to None, run_after=None
[2025-05-27T19:09:43.233+0530] {processor.py:183} INFO - Processing /Users/zafarimam/Documents/E-Commerce Order Pipeline/airflow_venv_39/lib/python3.9/site-packages/airflow/example_dags/example_complex.py took 0.120 seconds
[2025-05-27T19:11:24.294+0530] {processor.py:161} INFO - Started process (PID=27631) to work on /Users/zafarimam/Documents/E-Commerce Order Pipeline/airflow_venv_39/lib/python3.9/site-packages/airflow/example_dags/example_complex.py
[2025-05-27T19:11:24.295+0530] {processor.py:830} INFO - Processing file /Users/zafarimam/Documents/E-Commerce Order Pipeline/airflow_venv_39/lib/python3.9/site-packages/airflow/example_dags/example_complex.py for tasks to queue
[2025-05-27T19:11:24.296+0530] {logging_mixin.py:188} INFO - [2025-05-27T19:11:24.296+0530] {dagbag.py:538} INFO - Filling up the DagBag from /Users/zafarimam/Documents/E-Commerce Order Pipeline/airflow_venv_39/lib/python3.9/site-packages/airflow/example_dags/example_complex.py
[2025-05-27T19:11:24.307+0530] {processor.py:840} INFO - DAG(s) 'example_complex' retrieved from /Users/zafarimam/Documents/E-Commerce Order Pipeline/airflow_venv_39/lib/python3.9/site-packages/airflow/example_dags/example_complex.py
[2025-05-27T19:11:24.391+0530] {logging_mixin.py:188} INFO - [2025-05-27T19:11:24.391+0530] {dag.py:3036} INFO - Sync 1 DAGs
[2025-05-27T19:11:24.397+0530] {logging_mixin.py:188} INFO - [2025-05-27T19:11:24.397+0530] {dag.py:3823} INFO - Setting next_dagrun for example_complex to None, run_after=None
[2025-05-27T19:11:24.415+0530] {processor.py:183} INFO - Processing /Users/zafarimam/Documents/E-Commerce Order Pipeline/airflow_venv_39/lib/python3.9/site-packages/airflow/example_dags/example_complex.py took 0.121 seconds
[2025-05-27T19:13:04.567+0530] {processor.py:161} INFO - Started process (PID=27683) to work on /Users/zafarimam/Documents/E-Commerce Order Pipeline/airflow_venv_39/lib/python3.9/site-packages/airflow/example_dags/example_complex.py
[2025-05-27T19:13:04.568+0530] {processor.py:830} INFO - Processing file /Users/zafarimam/Documents/E-Commerce Order Pipeline/airflow_venv_39/lib/python3.9/site-packages/airflow/example_dags/example_complex.py for tasks to queue
[2025-05-27T19:13:04.569+0530] {logging_mixin.py:188} INFO - [2025-05-27T19:13:04.568+0530] {dagbag.py:538} INFO - Filling up the DagBag from /Users/zafarimam/Documents/E-Commerce Order Pipeline/airflow_venv_39/lib/python3.9/site-packages/airflow/example_dags/example_complex.py
[2025-05-27T19:13:04.580+0530] {processor.py:840} INFO - DAG(s) 'example_complex' retrieved from /Users/zafarimam/Documents/E-Commerce Order Pipeline/airflow_venv_39/lib/python3.9/site-packages/airflow/example_dags/example_complex.py
[2025-05-27T19:13:04.666+0530] {logging_mixin.py:188} INFO - [2025-05-27T19:13:04.666+0530] {dag.py:3036} INFO - Sync 1 DAGs
[2025-05-27T19:13:04.672+0530] {logging_mixin.py:188} INFO - [2025-05-27T19:13:04.672+0530] {dag.py:3823} INFO - Setting next_dagrun for example_complex to None, run_after=None
[2025-05-27T19:13:04.686+0530] {processor.py:183} INFO - Processing /Users/zafarimam/Documents/E-Commerce Order Pipeline/airflow_venv_39/lib/python3.9/site-packages/airflow/example_dags/example_complex.py took 0.120 seconds
[2025-05-27T19:14:45.270+0530] {processor.py:161} INFO - Started process (PID=27734) to work on /Users/zafarimam/Documents/E-Commerce Order Pipeline/airflow_venv_39/lib/python3.9/site-packages/airflow/example_dags/example_complex.py
[2025-05-27T19:14:45.271+0530] {processor.py:830} INFO - Processing file /Users/zafarimam/Documents/E-Commerce Order Pipeline/airflow_venv_39/lib/python3.9/site-packages/airflow/example_dags/example_complex.py for tasks to queue
[2025-05-27T19:14:45.272+0530] {logging_mixin.py:188} INFO - [2025-05-27T19:14:45.271+0530] {dagbag.py:538} INFO - Filling up the DagBag from /Users/zafarimam/Documents/E-Commerce Order Pipeline/airflow_venv_39/lib/python3.9/site-packages/airflow/example_dags/example_complex.py
[2025-05-27T19:14:45.283+0530] {processor.py:840} INFO - DAG(s) 'example_complex' retrieved from /Users/zafarimam/Documents/E-Commerce Order Pipeline/airflow_venv_39/lib/python3.9/site-packages/airflow/example_dags/example_complex.py
[2025-05-27T19:14:45.368+0530] {logging_mixin.py:188} INFO - [2025-05-27T19:14:45.367+0530] {dag.py:3036} INFO - Sync 1 DAGs
[2025-05-27T19:14:45.374+0530] {logging_mixin.py:188} INFO - [2025-05-27T19:14:45.374+0530] {dag.py:3823} INFO - Setting next_dagrun for example_complex to None, run_after=None
[2025-05-27T19:14:45.392+0530] {processor.py:183} INFO - Processing /Users/zafarimam/Documents/E-Commerce Order Pipeline/airflow_venv_39/lib/python3.9/site-packages/airflow/example_dags/example_complex.py took 0.123 seconds
[2025-05-27T19:16:25.667+0530] {processor.py:161} INFO - Started process (PID=27789) to work on /Users/zafarimam/Documents/E-Commerce Order Pipeline/airflow_venv_39/lib/python3.9/site-packages/airflow/example_dags/example_complex.py
[2025-05-27T19:16:25.668+0530] {processor.py:830} INFO - Processing file /Users/zafarimam/Documents/E-Commerce Order Pipeline/airflow_venv_39/lib/python3.9/site-packages/airflow/example_dags/example_complex.py for tasks to queue
[2025-05-27T19:16:25.668+0530] {logging_mixin.py:188} INFO - [2025-05-27T19:16:25.668+0530] {dagbag.py:538} INFO - Filling up the DagBag from /Users/zafarimam/Documents/E-Commerce Order Pipeline/airflow_venv_39/lib/python3.9/site-packages/airflow/example_dags/example_complex.py
[2025-05-27T19:16:25.679+0530] {processor.py:840} INFO - DAG(s) 'example_complex' retrieved from /Users/zafarimam/Documents/E-Commerce Order Pipeline/airflow_venv_39/lib/python3.9/site-packages/airflow/example_dags/example_complex.py
[2025-05-27T19:16:25.764+0530] {logging_mixin.py:188} INFO - [2025-05-27T19:16:25.764+0530] {dag.py:3036} INFO - Sync 1 DAGs
[2025-05-27T19:16:25.770+0530] {logging_mixin.py:188} INFO - [2025-05-27T19:16:25.770+0530] {dag.py:3823} INFO - Setting next_dagrun for example_complex to None, run_after=None
[2025-05-27T19:16:25.787+0530] {processor.py:183} INFO - Processing /Users/zafarimam/Documents/E-Commerce Order Pipeline/airflow_venv_39/lib/python3.9/site-packages/airflow/example_dags/example_complex.py took 0.121 seconds
[2025-05-27T19:18:05.841+0530] {processor.py:161} INFO - Started process (PID=27842) to work on /Users/zafarimam/Documents/E-Commerce Order Pipeline/airflow_venv_39/lib/python3.9/site-packages/airflow/example_dags/example_complex.py
[2025-05-27T19:18:05.842+0530] {processor.py:830} INFO - Processing file /Users/zafarimam/Documents/E-Commerce Order Pipeline/airflow_venv_39/lib/python3.9/site-packages/airflow/example_dags/example_complex.py for tasks to queue
[2025-05-27T19:18:05.843+0530] {logging_mixin.py:188} INFO - [2025-05-27T19:18:05.842+0530] {dagbag.py:538} INFO - Filling up the DagBag from /Users/zafarimam/Documents/E-Commerce Order Pipeline/airflow_venv_39/lib/python3.9/site-packages/airflow/example_dags/example_complex.py
[2025-05-27T19:18:05.854+0530] {processor.py:840} INFO - DAG(s) 'example_complex' retrieved from /Users/zafarimam/Documents/E-Commerce Order Pipeline/airflow_venv_39/lib/python3.9/site-packages/airflow/example_dags/example_complex.py
[2025-05-27T19:18:05.939+0530] {logging_mixin.py:188} INFO - [2025-05-27T19:18:05.938+0530] {dag.py:3036} INFO - Sync 1 DAGs
[2025-05-27T19:18:05.945+0530] {logging_mixin.py:188} INFO - [2025-05-27T19:18:05.945+0530] {dag.py:3823} INFO - Setting next_dagrun for example_complex to None, run_after=None
[2025-05-27T19:18:05.963+0530] {processor.py:183} INFO - Processing /Users/zafarimam/Documents/E-Commerce Order Pipeline/airflow_venv_39/lib/python3.9/site-packages/airflow/example_dags/example_complex.py took 0.123 seconds
[2025-05-27T19:19:47.309+0530] {processor.py:161} INFO - Started process (PID=27929) to work on /Users/zafarimam/Documents/E-Commerce Order Pipeline/airflow_venv_39/lib/python3.9/site-packages/airflow/example_dags/example_complex.py
[2025-05-27T19:19:47.310+0530] {processor.py:830} INFO - Processing file /Users/zafarimam/Documents/E-Commerce Order Pipeline/airflow_venv_39/lib/python3.9/site-packages/airflow/example_dags/example_complex.py for tasks to queue
[2025-05-27T19:19:47.311+0530] {logging_mixin.py:188} INFO - [2025-05-27T19:19:47.310+0530] {dagbag.py:538} INFO - Filling up the DagBag from /Users/zafarimam/Documents/E-Commerce Order Pipeline/airflow_venv_39/lib/python3.9/site-packages/airflow/example_dags/example_complex.py
[2025-05-27T19:19:47.322+0530] {processor.py:840} INFO - DAG(s) 'example_complex' retrieved from /Users/zafarimam/Documents/E-Commerce Order Pipeline/airflow_venv_39/lib/python3.9/site-packages/airflow/example_dags/example_complex.py
[2025-05-27T19:19:47.408+0530] {logging_mixin.py:188} INFO - [2025-05-27T19:19:47.408+0530] {dag.py:3036} INFO - Sync 1 DAGs
[2025-05-27T19:19:47.415+0530] {logging_mixin.py:188} INFO - [2025-05-27T19:19:47.414+0530] {dag.py:3823} INFO - Setting next_dagrun for example_complex to None, run_after=None
[2025-05-27T19:19:47.433+0530] {processor.py:183} INFO - Processing /Users/zafarimam/Documents/E-Commerce Order Pipeline/airflow_venv_39/lib/python3.9/site-packages/airflow/example_dags/example_complex.py took 0.125 seconds
[2025-05-27T19:21:27.636+0530] {processor.py:161} INFO - Started process (PID=27984) to work on /Users/zafarimam/Documents/E-Commerce Order Pipeline/airflow_venv_39/lib/python3.9/site-packages/airflow/example_dags/example_complex.py
[2025-05-27T19:21:27.637+0530] {processor.py:830} INFO - Processing file /Users/zafarimam/Documents/E-Commerce Order Pipeline/airflow_venv_39/lib/python3.9/site-packages/airflow/example_dags/example_complex.py for tasks to queue
[2025-05-27T19:21:27.638+0530] {logging_mixin.py:188} INFO - [2025-05-27T19:21:27.638+0530] {dagbag.py:538} INFO - Filling up the DagBag from /Users/zafarimam/Documents/E-Commerce Order Pipeline/airflow_venv_39/lib/python3.9/site-packages/airflow/example_dags/example_complex.py
[2025-05-27T19:21:27.649+0530] {processor.py:840} INFO - DAG(s) 'example_complex' retrieved from /Users/zafarimam/Documents/E-Commerce Order Pipeline/airflow_venv_39/lib/python3.9/site-packages/airflow/example_dags/example_complex.py
[2025-05-27T19:21:27.734+0530] {logging_mixin.py:188} INFO - [2025-05-27T19:21:27.734+0530] {dag.py:3036} INFO - Sync 1 DAGs
[2025-05-27T19:21:27.740+0530] {logging_mixin.py:188} INFO - [2025-05-27T19:21:27.740+0530] {dag.py:3823} INFO - Setting next_dagrun for example_complex to None, run_after=None
[2025-05-27T19:21:27.758+0530] {processor.py:183} INFO - Processing /Users/zafarimam/Documents/E-Commerce Order Pipeline/airflow_venv_39/lib/python3.9/site-packages/airflow/example_dags/example_complex.py took 0.123 seconds
[2025-05-27T19:23:06.526+0530] {processor.py:161} INFO - Started process (PID=28044) to work on /Users/zafarimam/Documents/E-Commerce Order Pipeline/airflow_venv_39/lib/python3.9/site-packages/airflow/example_dags/example_complex.py
[2025-05-27T19:23:06.527+0530] {processor.py:830} INFO - Processing file /Users/zafarimam/Documents/E-Commerce Order Pipeline/airflow_venv_39/lib/python3.9/site-packages/airflow/example_dags/example_complex.py for tasks to queue
[2025-05-27T19:23:06.527+0530] {logging_mixin.py:188} INFO - [2025-05-27T19:23:06.527+0530] {dagbag.py:538} INFO - Filling up the DagBag from /Users/zafarimam/Documents/E-Commerce Order Pipeline/airflow_venv_39/lib/python3.9/site-packages/airflow/example_dags/example_complex.py
[2025-05-27T19:23:06.538+0530] {processor.py:840} INFO - DAG(s) 'example_complex' retrieved from /Users/zafarimam/Documents/E-Commerce Order Pipeline/airflow_venv_39/lib/python3.9/site-packages/airflow/example_dags/example_complex.py
[2025-05-27T19:23:06.623+0530] {logging_mixin.py:188} INFO - [2025-05-27T19:23:06.623+0530] {dag.py:3036} INFO - Sync 1 DAGs
[2025-05-27T19:23:06.630+0530] {logging_mixin.py:188} INFO - [2025-05-27T19:23:06.629+0530] {dag.py:3823} INFO - Setting next_dagrun for example_complex to None, run_after=None
[2025-05-27T19:23:06.648+0530] {processor.py:183} INFO - Processing /Users/zafarimam/Documents/E-Commerce Order Pipeline/airflow_venv_39/lib/python3.9/site-packages/airflow/example_dags/example_complex.py took 0.122 seconds
[2025-05-27T19:24:47.414+0530] {processor.py:161} INFO - Started process (PID=28098) to work on /Users/zafarimam/Documents/E-Commerce Order Pipeline/airflow_venv_39/lib/python3.9/site-packages/airflow/example_dags/example_complex.py
[2025-05-27T19:24:47.415+0530] {processor.py:830} INFO - Processing file /Users/zafarimam/Documents/E-Commerce Order Pipeline/airflow_venv_39/lib/python3.9/site-packages/airflow/example_dags/example_complex.py for tasks to queue
[2025-05-27T19:24:47.415+0530] {logging_mixin.py:188} INFO - [2025-05-27T19:24:47.415+0530] {dagbag.py:538} INFO - Filling up the DagBag from /Users/zafarimam/Documents/E-Commerce Order Pipeline/airflow_venv_39/lib/python3.9/site-packages/airflow/example_dags/example_complex.py
[2025-05-27T19:24:47.426+0530] {processor.py:840} INFO - DAG(s) 'example_complex' retrieved from /Users/zafarimam/Documents/E-Commerce Order Pipeline/airflow_venv_39/lib/python3.9/site-packages/airflow/example_dags/example_complex.py
[2025-05-27T19:24:47.512+0530] {logging_mixin.py:188} INFO - [2025-05-27T19:24:47.512+0530] {dag.py:3036} INFO - Sync 1 DAGs
[2025-05-27T19:24:47.519+0530] {logging_mixin.py:188} INFO - [2025-05-27T19:24:47.519+0530] {dag.py:3823} INFO - Setting next_dagrun for example_complex to None, run_after=None
[2025-05-27T19:24:47.536+0530] {processor.py:183} INFO - Processing /Users/zafarimam/Documents/E-Commerce Order Pipeline/airflow_venv_39/lib/python3.9/site-packages/airflow/example_dags/example_complex.py took 0.123 seconds
[2025-05-27T19:26:28.210+0530] {processor.py:161} INFO - Started process (PID=28151) to work on /Users/zafarimam/Documents/E-Commerce Order Pipeline/airflow_venv_39/lib/python3.9/site-packages/airflow/example_dags/example_complex.py
[2025-05-27T19:26:28.211+0530] {processor.py:830} INFO - Processing file /Users/zafarimam/Documents/E-Commerce Order Pipeline/airflow_venv_39/lib/python3.9/site-packages/airflow/example_dags/example_complex.py for tasks to queue
[2025-05-27T19:26:28.211+0530] {logging_mixin.py:188} INFO - [2025-05-27T19:26:28.211+0530] {dagbag.py:538} INFO - Filling up the DagBag from /Users/zafarimam/Documents/E-Commerce Order Pipeline/airflow_venv_39/lib/python3.9/site-packages/airflow/example_dags/example_complex.py
[2025-05-27T19:26:28.223+0530] {processor.py:840} INFO - DAG(s) 'example_complex' retrieved from /Users/zafarimam/Documents/E-Commerce Order Pipeline/airflow_venv_39/lib/python3.9/site-packages/airflow/example_dags/example_complex.py
[2025-05-27T19:26:28.307+0530] {logging_mixin.py:188} INFO - [2025-05-27T19:26:28.307+0530] {dag.py:3036} INFO - Sync 1 DAGs
[2025-05-27T19:26:28.314+0530] {logging_mixin.py:188} INFO - [2025-05-27T19:26:28.314+0530] {dag.py:3823} INFO - Setting next_dagrun for example_complex to None, run_after=None
[2025-05-27T19:26:28.332+0530] {processor.py:183} INFO - Processing /Users/zafarimam/Documents/E-Commerce Order Pipeline/airflow_venv_39/lib/python3.9/site-packages/airflow/example_dags/example_complex.py took 0.123 seconds
[2025-05-27T19:28:09.529+0530] {processor.py:161} INFO - Started process (PID=28206) to work on /Users/zafarimam/Documents/E-Commerce Order Pipeline/airflow_venv_39/lib/python3.9/site-packages/airflow/example_dags/example_complex.py
[2025-05-27T19:28:09.530+0530] {processor.py:830} INFO - Processing file /Users/zafarimam/Documents/E-Commerce Order Pipeline/airflow_venv_39/lib/python3.9/site-packages/airflow/example_dags/example_complex.py for tasks to queue
[2025-05-27T19:28:09.531+0530] {logging_mixin.py:188} INFO - [2025-05-27T19:28:09.530+0530] {dagbag.py:538} INFO - Filling up the DagBag from /Users/zafarimam/Documents/E-Commerce Order Pipeline/airflow_venv_39/lib/python3.9/site-packages/airflow/example_dags/example_complex.py
[2025-05-27T19:28:09.542+0530] {processor.py:840} INFO - DAG(s) 'example_complex' retrieved from /Users/zafarimam/Documents/E-Commerce Order Pipeline/airflow_venv_39/lib/python3.9/site-packages/airflow/example_dags/example_complex.py
[2025-05-27T19:28:09.627+0530] {logging_mixin.py:188} INFO - [2025-05-27T19:28:09.627+0530] {dag.py:3036} INFO - Sync 1 DAGs
[2025-05-27T19:28:09.633+0530] {logging_mixin.py:188} INFO - [2025-05-27T19:28:09.633+0530] {dag.py:3823} INFO - Setting next_dagrun for example_complex to None, run_after=None
[2025-05-27T19:28:09.651+0530] {processor.py:183} INFO - Processing /Users/zafarimam/Documents/E-Commerce Order Pipeline/airflow_venv_39/lib/python3.9/site-packages/airflow/example_dags/example_complex.py took 0.123 seconds
[2025-05-27T19:29:48.367+0530] {processor.py:161} INFO - Started process (PID=28257) to work on /Users/zafarimam/Documents/E-Commerce Order Pipeline/airflow_venv_39/lib/python3.9/site-packages/airflow/example_dags/example_complex.py
[2025-05-27T19:29:48.368+0530] {processor.py:830} INFO - Processing file /Users/zafarimam/Documents/E-Commerce Order Pipeline/airflow_venv_39/lib/python3.9/site-packages/airflow/example_dags/example_complex.py for tasks to queue
[2025-05-27T19:29:48.369+0530] {logging_mixin.py:188} INFO - [2025-05-27T19:29:48.369+0530] {dagbag.py:538} INFO - Filling up the DagBag from /Users/zafarimam/Documents/E-Commerce Order Pipeline/airflow_venv_39/lib/python3.9/site-packages/airflow/example_dags/example_complex.py
[2025-05-27T19:29:48.380+0530] {processor.py:840} INFO - DAG(s) 'example_complex' retrieved from /Users/zafarimam/Documents/E-Commerce Order Pipeline/airflow_venv_39/lib/python3.9/site-packages/airflow/example_dags/example_complex.py
[2025-05-27T19:29:48.464+0530] {logging_mixin.py:188} INFO - [2025-05-27T19:29:48.463+0530] {dag.py:3036} INFO - Sync 1 DAGs
[2025-05-27T19:29:48.470+0530] {logging_mixin.py:188} INFO - [2025-05-27T19:29:48.469+0530] {dag.py:3823} INFO - Setting next_dagrun for example_complex to None, run_after=None
[2025-05-27T19:29:48.488+0530] {processor.py:183} INFO - Processing /Users/zafarimam/Documents/E-Commerce Order Pipeline/airflow_venv_39/lib/python3.9/site-packages/airflow/example_dags/example_complex.py took 0.122 seconds
[2025-05-27T19:31:48.185+0530] {processor.py:161} INFO - Started process (PID=28340) to work on /Users/zafarimam/Documents/E-Commerce Order Pipeline/airflow_venv_39/lib/python3.9/site-packages/airflow/example_dags/example_complex.py
[2025-05-27T19:31:48.186+0530] {processor.py:830} INFO - Processing file /Users/zafarimam/Documents/E-Commerce Order Pipeline/airflow_venv_39/lib/python3.9/site-packages/airflow/example_dags/example_complex.py for tasks to queue
[2025-05-27T19:31:48.187+0530] {logging_mixin.py:188} INFO - [2025-05-27T19:31:48.187+0530] {dagbag.py:538} INFO - Filling up the DagBag from /Users/zafarimam/Documents/E-Commerce Order Pipeline/airflow_venv_39/lib/python3.9/site-packages/airflow/example_dags/example_complex.py
[2025-05-27T19:31:48.198+0530] {processor.py:840} INFO - DAG(s) 'example_complex' retrieved from /Users/zafarimam/Documents/E-Commerce Order Pipeline/airflow_venv_39/lib/python3.9/site-packages/airflow/example_dags/example_complex.py
[2025-05-27T19:31:48.283+0530] {logging_mixin.py:188} INFO - [2025-05-27T19:31:48.283+0530] {dag.py:3036} INFO - Sync 1 DAGs
[2025-05-27T19:31:48.289+0530] {logging_mixin.py:188} INFO - [2025-05-27T19:31:48.289+0530] {dag.py:3823} INFO - Setting next_dagrun for example_complex to None, run_after=None
[2025-05-27T19:31:48.308+0530] {processor.py:183} INFO - Processing /Users/zafarimam/Documents/E-Commerce Order Pipeline/airflow_venv_39/lib/python3.9/site-packages/airflow/example_dags/example_complex.py took 0.123 seconds
[2025-05-27T19:33:29.110+0530] {processor.py:161} INFO - Started process (PID=28391) to work on /Users/zafarimam/Documents/E-Commerce Order Pipeline/airflow_venv_39/lib/python3.9/site-packages/airflow/example_dags/example_complex.py
[2025-05-27T19:33:29.111+0530] {processor.py:830} INFO - Processing file /Users/zafarimam/Documents/E-Commerce Order Pipeline/airflow_venv_39/lib/python3.9/site-packages/airflow/example_dags/example_complex.py for tasks to queue
[2025-05-27T19:33:29.112+0530] {logging_mixin.py:188} INFO - [2025-05-27T19:33:29.111+0530] {dagbag.py:538} INFO - Filling up the DagBag from /Users/zafarimam/Documents/E-Commerce Order Pipeline/airflow_venv_39/lib/python3.9/site-packages/airflow/example_dags/example_complex.py
[2025-05-27T19:33:29.123+0530] {processor.py:840} INFO - DAG(s) 'example_complex' retrieved from /Users/zafarimam/Documents/E-Commerce Order Pipeline/airflow_venv_39/lib/python3.9/site-packages/airflow/example_dags/example_complex.py
[2025-05-27T19:33:29.208+0530] {logging_mixin.py:188} INFO - [2025-05-27T19:33:29.208+0530] {dag.py:3036} INFO - Sync 1 DAGs
[2025-05-27T19:33:29.215+0530] {logging_mixin.py:188} INFO - [2025-05-27T19:33:29.215+0530] {dag.py:3823} INFO - Setting next_dagrun for example_complex to None, run_after=None
[2025-05-27T19:33:29.232+0530] {processor.py:183} INFO - Processing /Users/zafarimam/Documents/E-Commerce Order Pipeline/airflow_venv_39/lib/python3.9/site-packages/airflow/example_dags/example_complex.py took 0.123 seconds
[2025-05-27T19:35:10.526+0530] {processor.py:161} INFO - Started process (PID=28444) to work on /Users/zafarimam/Documents/E-Commerce Order Pipeline/airflow_venv_39/lib/python3.9/site-packages/airflow/example_dags/example_complex.py
[2025-05-27T19:35:10.527+0530] {processor.py:830} INFO - Processing file /Users/zafarimam/Documents/E-Commerce Order Pipeline/airflow_venv_39/lib/python3.9/site-packages/airflow/example_dags/example_complex.py for tasks to queue
[2025-05-27T19:35:10.527+0530] {logging_mixin.py:188} INFO - [2025-05-27T19:35:10.527+0530] {dagbag.py:538} INFO - Filling up the DagBag from /Users/zafarimam/Documents/E-Commerce Order Pipeline/airflow_venv_39/lib/python3.9/site-packages/airflow/example_dags/example_complex.py
[2025-05-27T19:35:10.538+0530] {processor.py:840} INFO - DAG(s) 'example_complex' retrieved from /Users/zafarimam/Documents/E-Commerce Order Pipeline/airflow_venv_39/lib/python3.9/site-packages/airflow/example_dags/example_complex.py
[2025-05-27T19:35:10.622+0530] {logging_mixin.py:188} INFO - [2025-05-27T19:35:10.622+0530] {dag.py:3036} INFO - Sync 1 DAGs
[2025-05-27T19:35:10.628+0530] {logging_mixin.py:188} INFO - [2025-05-27T19:35:10.628+0530] {dag.py:3823} INFO - Setting next_dagrun for example_complex to None, run_after=None
[2025-05-27T19:35:10.646+0530] {processor.py:183} INFO - Processing /Users/zafarimam/Documents/E-Commerce Order Pipeline/airflow_venv_39/lib/python3.9/site-packages/airflow/example_dags/example_complex.py took 0.122 seconds
[2025-05-27T19:36:51.903+0530] {processor.py:161} INFO - Started process (PID=28498) to work on /Users/zafarimam/Documents/E-Commerce Order Pipeline/airflow_venv_39/lib/python3.9/site-packages/airflow/example_dags/example_complex.py
[2025-05-27T19:36:51.904+0530] {processor.py:830} INFO - Processing file /Users/zafarimam/Documents/E-Commerce Order Pipeline/airflow_venv_39/lib/python3.9/site-packages/airflow/example_dags/example_complex.py for tasks to queue
[2025-05-27T19:36:51.904+0530] {logging_mixin.py:188} INFO - [2025-05-27T19:36:51.904+0530] {dagbag.py:538} INFO - Filling up the DagBag from /Users/zafarimam/Documents/E-Commerce Order Pipeline/airflow_venv_39/lib/python3.9/site-packages/airflow/example_dags/example_complex.py
[2025-05-27T19:36:51.915+0530] {processor.py:840} INFO - DAG(s) 'example_complex' retrieved from /Users/zafarimam/Documents/E-Commerce Order Pipeline/airflow_venv_39/lib/python3.9/site-packages/airflow/example_dags/example_complex.py
[2025-05-27T19:36:52.002+0530] {logging_mixin.py:188} INFO - [2025-05-27T19:36:52.002+0530] {dag.py:3036} INFO - Sync 1 DAGs
[2025-05-27T19:36:52.008+0530] {logging_mixin.py:188} INFO - [2025-05-27T19:36:52.008+0530] {dag.py:3823} INFO - Setting next_dagrun for example_complex to None, run_after=None
[2025-05-27T19:36:52.023+0530] {processor.py:183} INFO - Processing /Users/zafarimam/Documents/E-Commerce Order Pipeline/airflow_venv_39/lib/python3.9/site-packages/airflow/example_dags/example_complex.py took 0.121 seconds
[2025-05-27T19:38:33.284+0530] {processor.py:161} INFO - Started process (PID=28547) to work on /Users/zafarimam/Documents/E-Commerce Order Pipeline/airflow_venv_39/lib/python3.9/site-packages/airflow/example_dags/example_complex.py
[2025-05-27T19:38:33.285+0530] {processor.py:830} INFO - Processing file /Users/zafarimam/Documents/E-Commerce Order Pipeline/airflow_venv_39/lib/python3.9/site-packages/airflow/example_dags/example_complex.py for tasks to queue
[2025-05-27T19:38:33.285+0530] {logging_mixin.py:188} INFO - [2025-05-27T19:38:33.285+0530] {dagbag.py:538} INFO - Filling up the DagBag from /Users/zafarimam/Documents/E-Commerce Order Pipeline/airflow_venv_39/lib/python3.9/site-packages/airflow/example_dags/example_complex.py
[2025-05-27T19:38:33.296+0530] {processor.py:840} INFO - DAG(s) 'example_complex' retrieved from /Users/zafarimam/Documents/E-Commerce Order Pipeline/airflow_venv_39/lib/python3.9/site-packages/airflow/example_dags/example_complex.py
[2025-05-27T19:38:33.382+0530] {logging_mixin.py:188} INFO - [2025-05-27T19:38:33.382+0530] {dag.py:3036} INFO - Sync 1 DAGs
[2025-05-27T19:38:33.388+0530] {logging_mixin.py:188} INFO - [2025-05-27T19:38:33.388+0530] {dag.py:3823} INFO - Setting next_dagrun for example_complex to None, run_after=None
[2025-05-27T19:38:33.402+0530] {processor.py:183} INFO - Processing /Users/zafarimam/Documents/E-Commerce Order Pipeline/airflow_venv_39/lib/python3.9/site-packages/airflow/example_dags/example_complex.py took 0.119 seconds
[2025-05-27T19:40:12.726+0530] {processor.py:161} INFO - Started process (PID=28599) to work on /Users/zafarimam/Documents/E-Commerce Order Pipeline/airflow_venv_39/lib/python3.9/site-packages/airflow/example_dags/example_complex.py
[2025-05-27T19:40:12.727+0530] {processor.py:830} INFO - Processing file /Users/zafarimam/Documents/E-Commerce Order Pipeline/airflow_venv_39/lib/python3.9/site-packages/airflow/example_dags/example_complex.py for tasks to queue
[2025-05-27T19:40:12.728+0530] {logging_mixin.py:188} INFO - [2025-05-27T19:40:12.727+0530] {dagbag.py:538} INFO - Filling up the DagBag from /Users/zafarimam/Documents/E-Commerce Order Pipeline/airflow_venv_39/lib/python3.9/site-packages/airflow/example_dags/example_complex.py
[2025-05-27T19:40:12.739+0530] {processor.py:840} INFO - DAG(s) 'example_complex' retrieved from /Users/zafarimam/Documents/E-Commerce Order Pipeline/airflow_venv_39/lib/python3.9/site-packages/airflow/example_dags/example_complex.py
[2025-05-27T19:40:12.824+0530] {logging_mixin.py:188} INFO - [2025-05-27T19:40:12.824+0530] {dag.py:3036} INFO - Sync 1 DAGs
[2025-05-27T19:40:12.830+0530] {logging_mixin.py:188} INFO - [2025-05-27T19:40:12.830+0530] {dag.py:3823} INFO - Setting next_dagrun for example_complex to None, run_after=None
[2025-05-27T19:40:12.848+0530] {processor.py:183} INFO - Processing /Users/zafarimam/Documents/E-Commerce Order Pipeline/airflow_venv_39/lib/python3.9/site-packages/airflow/example_dags/example_complex.py took 0.123 seconds
[2025-05-27T19:41:51.653+0530] {processor.py:161} INFO - Started process (PID=28653) to work on /Users/zafarimam/Documents/E-Commerce Order Pipeline/airflow_venv_39/lib/python3.9/site-packages/airflow/example_dags/example_complex.py
[2025-05-27T19:41:51.654+0530] {processor.py:830} INFO - Processing file /Users/zafarimam/Documents/E-Commerce Order Pipeline/airflow_venv_39/lib/python3.9/site-packages/airflow/example_dags/example_complex.py for tasks to queue
[2025-05-27T19:41:51.654+0530] {logging_mixin.py:188} INFO - [2025-05-27T19:41:51.654+0530] {dagbag.py:538} INFO - Filling up the DagBag from /Users/zafarimam/Documents/E-Commerce Order Pipeline/airflow_venv_39/lib/python3.9/site-packages/airflow/example_dags/example_complex.py
[2025-05-27T19:41:51.665+0530] {processor.py:840} INFO - DAG(s) 'example_complex' retrieved from /Users/zafarimam/Documents/E-Commerce Order Pipeline/airflow_venv_39/lib/python3.9/site-packages/airflow/example_dags/example_complex.py
[2025-05-27T19:41:51.750+0530] {logging_mixin.py:188} INFO - [2025-05-27T19:41:51.750+0530] {dag.py:3036} INFO - Sync 1 DAGs
[2025-05-27T19:41:51.757+0530] {logging_mixin.py:188} INFO - [2025-05-27T19:41:51.757+0530] {dag.py:3823} INFO - Setting next_dagrun for example_complex to None, run_after=None
[2025-05-27T19:41:51.774+0530] {processor.py:183} INFO - Processing /Users/zafarimam/Documents/E-Commerce Order Pipeline/airflow_venv_39/lib/python3.9/site-packages/airflow/example_dags/example_complex.py took 0.122 seconds
[2025-05-27T19:43:38.214+0530] {processor.py:161} INFO - Started process (PID=28716) to work on /Users/zafarimam/Documents/E-Commerce Order Pipeline/airflow_venv_39/lib/python3.9/site-packages/airflow/example_dags/example_complex.py
[2025-05-27T19:43:38.215+0530] {processor.py:830} INFO - Processing file /Users/zafarimam/Documents/E-Commerce Order Pipeline/airflow_venv_39/lib/python3.9/site-packages/airflow/example_dags/example_complex.py for tasks to queue
[2025-05-27T19:43:38.216+0530] {logging_mixin.py:188} INFO - [2025-05-27T19:43:38.215+0530] {dagbag.py:538} INFO - Filling up the DagBag from /Users/zafarimam/Documents/E-Commerce Order Pipeline/airflow_venv_39/lib/python3.9/site-packages/airflow/example_dags/example_complex.py
[2025-05-27T19:43:38.228+0530] {processor.py:840} INFO - DAG(s) 'example_complex' retrieved from /Users/zafarimam/Documents/E-Commerce Order Pipeline/airflow_venv_39/lib/python3.9/site-packages/airflow/example_dags/example_complex.py
[2025-05-27T19:43:38.318+0530] {logging_mixin.py:188} INFO - [2025-05-27T19:43:38.318+0530] {dag.py:3036} INFO - Sync 1 DAGs
[2025-05-27T19:43:38.325+0530] {logging_mixin.py:188} INFO - [2025-05-27T19:43:38.325+0530] {dag.py:3823} INFO - Setting next_dagrun for example_complex to None, run_after=None
[2025-05-27T19:43:38.340+0530] {processor.py:183} INFO - Processing /Users/zafarimam/Documents/E-Commerce Order Pipeline/airflow_venv_39/lib/python3.9/site-packages/airflow/example_dags/example_complex.py took 0.127 seconds
[2025-05-27T19:45:47.692+0530] {processor.py:161} INFO - Started process (PID=28851) to work on /Users/zafarimam/Documents/E-Commerce Order Pipeline/airflow_venv_39/lib/python3.9/site-packages/airflow/example_dags/example_complex.py
[2025-05-27T19:45:47.694+0530] {processor.py:830} INFO - Processing file /Users/zafarimam/Documents/E-Commerce Order Pipeline/airflow_venv_39/lib/python3.9/site-packages/airflow/example_dags/example_complex.py for tasks to queue
[2025-05-27T19:45:47.694+0530] {logging_mixin.py:188} INFO - [2025-05-27T19:45:47.694+0530] {dagbag.py:538} INFO - Filling up the DagBag from /Users/zafarimam/Documents/E-Commerce Order Pipeline/airflow_venv_39/lib/python3.9/site-packages/airflow/example_dags/example_complex.py
[2025-05-27T19:45:47.706+0530] {processor.py:840} INFO - DAG(s) 'example_complex' retrieved from /Users/zafarimam/Documents/E-Commerce Order Pipeline/airflow_venv_39/lib/python3.9/site-packages/airflow/example_dags/example_complex.py
[2025-05-27T19:45:47.795+0530] {logging_mixin.py:188} INFO - [2025-05-27T19:45:47.795+0530] {dag.py:3036} INFO - Sync 1 DAGs
[2025-05-27T19:45:47.802+0530] {logging_mixin.py:188} INFO - [2025-05-27T19:45:47.802+0530] {dag.py:3823} INFO - Setting next_dagrun for example_complex to None, run_after=None
[2025-05-27T19:45:47.819+0530] {processor.py:183} INFO - Processing /Users/zafarimam/Documents/E-Commerce Order Pipeline/airflow_venv_39/lib/python3.9/site-packages/airflow/example_dags/example_complex.py took 0.129 seconds
[2025-05-27T19:47:31.638+0530] {processor.py:161} INFO - Started process (PID=28917) to work on /Users/zafarimam/Documents/E-Commerce Order Pipeline/airflow_venv_39/lib/python3.9/site-packages/airflow/example_dags/example_complex.py
[2025-05-27T19:47:31.639+0530] {processor.py:830} INFO - Processing file /Users/zafarimam/Documents/E-Commerce Order Pipeline/airflow_venv_39/lib/python3.9/site-packages/airflow/example_dags/example_complex.py for tasks to queue
[2025-05-27T19:47:31.639+0530] {logging_mixin.py:188} INFO - [2025-05-27T19:47:31.639+0530] {dagbag.py:538} INFO - Filling up the DagBag from /Users/zafarimam/Documents/E-Commerce Order Pipeline/airflow_venv_39/lib/python3.9/site-packages/airflow/example_dags/example_complex.py
[2025-05-27T19:47:31.651+0530] {processor.py:840} INFO - DAG(s) 'example_complex' retrieved from /Users/zafarimam/Documents/E-Commerce Order Pipeline/airflow_venv_39/lib/python3.9/site-packages/airflow/example_dags/example_complex.py
[2025-05-27T19:47:31.740+0530] {logging_mixin.py:188} INFO - [2025-05-27T19:47:31.740+0530] {dag.py:3036} INFO - Sync 1 DAGs
[2025-05-27T19:47:31.747+0530] {logging_mixin.py:188} INFO - [2025-05-27T19:47:31.747+0530] {dag.py:3823} INFO - Setting next_dagrun for example_complex to None, run_after=None
[2025-05-27T19:47:31.761+0530] {processor.py:183} INFO - Processing /Users/zafarimam/Documents/E-Commerce Order Pipeline/airflow_venv_39/lib/python3.9/site-packages/airflow/example_dags/example_complex.py took 0.125 seconds
[2025-05-27T19:49:14.655+0530] {processor.py:161} INFO - Started process (PID=28969) to work on /Users/zafarimam/Documents/E-Commerce Order Pipeline/airflow_venv_39/lib/python3.9/site-packages/airflow/example_dags/example_complex.py
[2025-05-27T19:49:14.656+0530] {processor.py:830} INFO - Processing file /Users/zafarimam/Documents/E-Commerce Order Pipeline/airflow_venv_39/lib/python3.9/site-packages/airflow/example_dags/example_complex.py for tasks to queue
[2025-05-27T19:49:14.657+0530] {logging_mixin.py:188} INFO - [2025-05-27T19:49:14.657+0530] {dagbag.py:538} INFO - Filling up the DagBag from /Users/zafarimam/Documents/E-Commerce Order Pipeline/airflow_venv_39/lib/python3.9/site-packages/airflow/example_dags/example_complex.py
[2025-05-27T19:49:14.670+0530] {processor.py:840} INFO - DAG(s) 'example_complex' retrieved from /Users/zafarimam/Documents/E-Commerce Order Pipeline/airflow_venv_39/lib/python3.9/site-packages/airflow/example_dags/example_complex.py
[2025-05-27T19:49:14.761+0530] {logging_mixin.py:188} INFO - [2025-05-27T19:49:14.761+0530] {dag.py:3036} INFO - Sync 1 DAGs
[2025-05-27T19:49:14.768+0530] {logging_mixin.py:188} INFO - [2025-05-27T19:49:14.768+0530] {dag.py:3823} INFO - Setting next_dagrun for example_complex to None, run_after=None
[2025-05-27T19:49:14.781+0530] {processor.py:183} INFO - Processing /Users/zafarimam/Documents/E-Commerce Order Pipeline/airflow_venv_39/lib/python3.9/site-packages/airflow/example_dags/example_complex.py took 0.127 seconds
[2025-05-27T19:51:00.934+0530] {processor.py:161} INFO - Started process (PID=29051) to work on /Users/zafarimam/Documents/E-Commerce Order Pipeline/airflow_venv_39/lib/python3.9/site-packages/airflow/example_dags/example_complex.py
[2025-05-27T19:51:00.935+0530] {processor.py:830} INFO - Processing file /Users/zafarimam/Documents/E-Commerce Order Pipeline/airflow_venv_39/lib/python3.9/site-packages/airflow/example_dags/example_complex.py for tasks to queue
[2025-05-27T19:51:00.936+0530] {logging_mixin.py:188} INFO - [2025-05-27T19:51:00.935+0530] {dagbag.py:538} INFO - Filling up the DagBag from /Users/zafarimam/Documents/E-Commerce Order Pipeline/airflow_venv_39/lib/python3.9/site-packages/airflow/example_dags/example_complex.py
[2025-05-27T19:51:00.948+0530] {processor.py:840} INFO - DAG(s) 'example_complex' retrieved from /Users/zafarimam/Documents/E-Commerce Order Pipeline/airflow_venv_39/lib/python3.9/site-packages/airflow/example_dags/example_complex.py
[2025-05-27T19:51:01.038+0530] {logging_mixin.py:188} INFO - [2025-05-27T19:51:01.038+0530] {dag.py:3036} INFO - Sync 1 DAGs
[2025-05-27T19:51:01.045+0530] {logging_mixin.py:188} INFO - [2025-05-27T19:51:01.045+0530] {dag.py:3823} INFO - Setting next_dagrun for example_complex to None, run_after=None
[2025-05-27T19:51:01.058+0530] {processor.py:183} INFO - Processing /Users/zafarimam/Documents/E-Commerce Order Pipeline/airflow_venv_39/lib/python3.9/site-packages/airflow/example_dags/example_complex.py took 0.125 seconds
