[2025-05-27T17:38:48.787+0530] {processor.py:161} INFO - Started process (PID=22836) to work on /Users/zafarimam/Documents/E-Commerce Order Pipeline/airflow_venv_39/lib/python3.9/site-packages/airflow/example_dags/example_nested_branch_dag.py
[2025-05-27T17:38:48.788+0530] {processor.py:830} INFO - Processing file /Users/zafarimam/Documents/E-Commerce Order Pipeline/airflow_venv_39/lib/python3.9/site-packages/airflow/example_dags/example_nested_branch_dag.py for tasks to queue
[2025-05-27T17:38:48.789+0530] {logging_mixin.py:188} INFO - [2025-05-27T17:38:48.789+0530] {dagbag.py:538} INFO - Filling up the DagBag from /Users/zafarimam/Documents/E-Commerce Order Pipeline/airflow_venv_39/lib/python3.9/site-packages/airflow/example_dags/example_nested_branch_dag.py
[2025-05-27T17:38:48.829+0530] {processor.py:840} INFO - DAG(s) 'example_nested_branch_dag' retrieved from /Users/zafarimam/Documents/E-Commerce Order Pipeline/airflow_venv_39/lib/python3.9/site-packages/airflow/example_dags/example_nested_branch_dag.py
[2025-05-27T17:38:48.978+0530] {logging_mixin.py:188} INFO - [2025-05-27T17:38:48.977+0530] {dag.py:3036} INFO - Sync 1 DAGs
[2025-05-27T17:38:48.991+0530] {logging_mixin.py:188} INFO - [2025-05-27T17:38:48.991+0530] {dag.py:3823} INFO - Setting next_dagrun for example_nested_branch_dag to 2025-05-26 00:00:00+00:00, run_after=2025-05-27 00:00:00+00:00
[2025-05-27T17:38:49.006+0530] {processor.py:183} INFO - Processing /Users/zafarimam/Documents/E-Commerce Order Pipeline/airflow_venv_39/lib/python3.9/site-packages/airflow/example_dags/example_nested_branch_dag.py took 0.220 seconds
[2025-05-27T17:40:56.225+0530] {processor.py:161} INFO - Started process (PID=22922) to work on /Users/zafarimam/Documents/E-Commerce Order Pipeline/airflow_venv_39/lib/python3.9/site-packages/airflow/example_dags/example_nested_branch_dag.py
[2025-05-27T17:40:56.227+0530] {processor.py:830} INFO - Processing file /Users/zafarimam/Documents/E-Commerce Order Pipeline/airflow_venv_39/lib/python3.9/site-packages/airflow/example_dags/example_nested_branch_dag.py for tasks to queue
[2025-05-27T17:40:56.228+0530] {logging_mixin.py:188} INFO - [2025-05-27T17:40:56.228+0530] {dagbag.py:538} INFO - Filling up the DagBag from /Users/zafarimam/Documents/E-Commerce Order Pipeline/airflow_venv_39/lib/python3.9/site-packages/airflow/example_dags/example_nested_branch_dag.py
[2025-05-27T17:40:56.270+0530] {processor.py:840} INFO - DAG(s) 'example_nested_branch_dag' retrieved from /Users/zafarimam/Documents/E-Commerce Order Pipeline/airflow_venv_39/lib/python3.9/site-packages/airflow/example_dags/example_nested_branch_dag.py
[2025-05-27T17:40:56.359+0530] {logging_mixin.py:188} INFO - [2025-05-27T17:40:56.359+0530] {dag.py:3036} INFO - Sync 1 DAGs
[2025-05-27T17:40:56.374+0530] {logging_mixin.py:188} INFO - [2025-05-27T17:40:56.374+0530] {dag.py:3823} INFO - Setting next_dagrun for example_nested_branch_dag to 2025-05-26 00:00:00+00:00, run_after=2025-05-27 00:00:00+00:00
[2025-05-27T17:40:56.389+0530] {processor.py:183} INFO - Processing /Users/zafarimam/Documents/E-Commerce Order Pipeline/airflow_venv_39/lib/python3.9/site-packages/airflow/example_dags/example_nested_branch_dag.py took 0.165 seconds
[2025-05-27T17:42:52.228+0530] {processor.py:161} INFO - Started process (PID=22989) to work on /Users/zafarimam/Documents/E-Commerce Order Pipeline/airflow_venv_39/lib/python3.9/site-packages/airflow/example_dags/example_nested_branch_dag.py
[2025-05-27T17:42:52.230+0530] {processor.py:830} INFO - Processing file /Users/zafarimam/Documents/E-Commerce Order Pipeline/airflow_venv_39/lib/python3.9/site-packages/airflow/example_dags/example_nested_branch_dag.py for tasks to queue
[2025-05-27T17:42:52.231+0530] {logging_mixin.py:188} INFO - [2025-05-27T17:42:52.230+0530] {dagbag.py:538} INFO - Filling up the DagBag from /Users/zafarimam/Documents/E-Commerce Order Pipeline/airflow_venv_39/lib/python3.9/site-packages/airflow/example_dags/example_nested_branch_dag.py
[2025-05-27T17:42:52.273+0530] {processor.py:840} INFO - DAG(s) 'example_nested_branch_dag' retrieved from /Users/zafarimam/Documents/E-Commerce Order Pipeline/airflow_venv_39/lib/python3.9/site-packages/airflow/example_dags/example_nested_branch_dag.py
[2025-05-27T17:42:52.360+0530] {logging_mixin.py:188} INFO - [2025-05-27T17:42:52.360+0530] {dag.py:3036} INFO - Sync 1 DAGs
[2025-05-27T17:42:52.375+0530] {logging_mixin.py:188} INFO - [2025-05-27T17:42:52.375+0530] {dag.py:3823} INFO - Setting next_dagrun for example_nested_branch_dag to 2025-05-26 00:00:00+00:00, run_after=2025-05-27 00:00:00+00:00
[2025-05-27T17:42:52.390+0530] {processor.py:183} INFO - Processing /Users/zafarimam/Documents/E-Commerce Order Pipeline/airflow_venv_39/lib/python3.9/site-packages/airflow/example_dags/example_nested_branch_dag.py took 0.163 seconds
[2025-05-27T17:44:38.122+0530] {processor.py:161} INFO - Started process (PID=23045) to work on /Users/zafarimam/Documents/E-Commerce Order Pipeline/airflow_venv_39/lib/python3.9/site-packages/airflow/example_dags/example_nested_branch_dag.py
[2025-05-27T17:44:38.123+0530] {processor.py:830} INFO - Processing file /Users/zafarimam/Documents/E-Commerce Order Pipeline/airflow_venv_39/lib/python3.9/site-packages/airflow/example_dags/example_nested_branch_dag.py for tasks to queue
[2025-05-27T17:44:38.124+0530] {logging_mixin.py:188} INFO - [2025-05-27T17:44:38.124+0530] {dagbag.py:538} INFO - Filling up the DagBag from /Users/zafarimam/Documents/E-Commerce Order Pipeline/airflow_venv_39/lib/python3.9/site-packages/airflow/example_dags/example_nested_branch_dag.py
[2025-05-27T17:44:38.162+0530] {processor.py:840} INFO - DAG(s) 'example_nested_branch_dag' retrieved from /Users/zafarimam/Documents/E-Commerce Order Pipeline/airflow_venv_39/lib/python3.9/site-packages/airflow/example_dags/example_nested_branch_dag.py
[2025-05-27T17:44:38.242+0530] {logging_mixin.py:188} INFO - [2025-05-27T17:44:38.242+0530] {dag.py:3036} INFO - Sync 1 DAGs
[2025-05-27T17:44:38.256+0530] {logging_mixin.py:188} INFO - [2025-05-27T17:44:38.255+0530] {dag.py:3823} INFO - Setting next_dagrun for example_nested_branch_dag to 2025-05-26 00:00:00+00:00, run_after=2025-05-27 00:00:00+00:00
[2025-05-27T17:44:38.270+0530] {processor.py:183} INFO - Processing /Users/zafarimam/Documents/E-Commerce Order Pipeline/airflow_venv_39/lib/python3.9/site-packages/airflow/example_dags/example_nested_branch_dag.py took 0.149 seconds
[2025-05-27T17:51:38.954+0530] {processor.py:161} INFO - Started process (PID=23357) to work on /Users/zafarimam/Documents/E-Commerce Order Pipeline/airflow_venv_39/lib/python3.9/site-packages/airflow/example_dags/example_nested_branch_dag.py
[2025-05-27T17:51:38.956+0530] {processor.py:830} INFO - Processing file /Users/zafarimam/Documents/E-Commerce Order Pipeline/airflow_venv_39/lib/python3.9/site-packages/airflow/example_dags/example_nested_branch_dag.py for tasks to queue
[2025-05-27T17:51:38.956+0530] {logging_mixin.py:188} INFO - [2025-05-27T17:51:38.956+0530] {dagbag.py:538} INFO - Filling up the DagBag from /Users/zafarimam/Documents/E-Commerce Order Pipeline/airflow_venv_39/lib/python3.9/site-packages/airflow/example_dags/example_nested_branch_dag.py
[2025-05-27T17:51:38.994+0530] {processor.py:840} INFO - DAG(s) 'example_nested_branch_dag' retrieved from /Users/zafarimam/Documents/E-Commerce Order Pipeline/airflow_venv_39/lib/python3.9/site-packages/airflow/example_dags/example_nested_branch_dag.py
[2025-05-27T17:51:39.074+0530] {logging_mixin.py:188} INFO - [2025-05-27T17:51:39.074+0530] {dag.py:3036} INFO - Sync 1 DAGs
[2025-05-27T17:51:39.086+0530] {logging_mixin.py:188} INFO - [2025-05-27T17:51:39.086+0530] {dag.py:3823} INFO - Setting next_dagrun for example_nested_branch_dag to 2025-05-26 00:00:00+00:00, run_after=2025-05-27 00:00:00+00:00
[2025-05-27T17:51:39.099+0530] {processor.py:183} INFO - Processing /Users/zafarimam/Documents/E-Commerce Order Pipeline/airflow_venv_39/lib/python3.9/site-packages/airflow/example_dags/example_nested_branch_dag.py took 0.146 seconds
[2025-05-27T17:53:36.368+0530] {processor.py:161} INFO - Started process (PID=23781) to work on /Users/zafarimam/Documents/E-Commerce Order Pipeline/airflow_venv_39/lib/python3.9/site-packages/airflow/example_dags/example_nested_branch_dag.py
[2025-05-27T17:53:36.370+0530] {processor.py:830} INFO - Processing file /Users/zafarimam/Documents/E-Commerce Order Pipeline/airflow_venv_39/lib/python3.9/site-packages/airflow/example_dags/example_nested_branch_dag.py for tasks to queue
[2025-05-27T17:53:36.371+0530] {logging_mixin.py:188} INFO - [2025-05-27T17:53:36.371+0530] {dagbag.py:538} INFO - Filling up the DagBag from /Users/zafarimam/Documents/E-Commerce Order Pipeline/airflow_venv_39/lib/python3.9/site-packages/airflow/example_dags/example_nested_branch_dag.py
[2025-05-27T17:53:36.416+0530] {processor.py:840} INFO - DAG(s) 'example_nested_branch_dag' retrieved from /Users/zafarimam/Documents/E-Commerce Order Pipeline/airflow_venv_39/lib/python3.9/site-packages/airflow/example_dags/example_nested_branch_dag.py
[2025-05-27T17:53:36.504+0530] {logging_mixin.py:188} INFO - [2025-05-27T17:53:36.503+0530] {dag.py:3036} INFO - Sync 1 DAGs
[2025-05-27T17:53:36.518+0530] {logging_mixin.py:188} INFO - [2025-05-27T17:53:36.518+0530] {dag.py:3823} INFO - Setting next_dagrun for example_nested_branch_dag to 2025-05-26 00:00:00+00:00, run_after=2025-05-27 00:00:00+00:00
[2025-05-27T17:53:36.531+0530] {processor.py:183} INFO - Processing /Users/zafarimam/Documents/E-Commerce Order Pipeline/airflow_venv_39/lib/python3.9/site-packages/airflow/example_dags/example_nested_branch_dag.py took 0.164 seconds
[2025-05-27T17:56:09.367+0530] {processor.py:161} INFO - Started process (PID=24071) to work on /Users/zafarimam/Documents/E-Commerce Order Pipeline/airflow_venv_39/lib/python3.9/site-packages/airflow/example_dags/example_nested_branch_dag.py
[2025-05-27T17:56:09.369+0530] {processor.py:830} INFO - Processing file /Users/zafarimam/Documents/E-Commerce Order Pipeline/airflow_venv_39/lib/python3.9/site-packages/airflow/example_dags/example_nested_branch_dag.py for tasks to queue
[2025-05-27T17:56:09.370+0530] {logging_mixin.py:188} INFO - [2025-05-27T17:56:09.370+0530] {dagbag.py:538} INFO - Filling up the DagBag from /Users/zafarimam/Documents/E-Commerce Order Pipeline/airflow_venv_39/lib/python3.9/site-packages/airflow/example_dags/example_nested_branch_dag.py
[2025-05-27T17:56:09.408+0530] {processor.py:840} INFO - DAG(s) 'example_nested_branch_dag' retrieved from /Users/zafarimam/Documents/E-Commerce Order Pipeline/airflow_venv_39/lib/python3.9/site-packages/airflow/example_dags/example_nested_branch_dag.py
[2025-05-27T17:56:09.571+0530] {logging_mixin.py:188} INFO - [2025-05-27T17:56:09.570+0530] {dag.py:3036} INFO - Sync 1 DAGs
[2025-05-27T17:56:09.586+0530] {logging_mixin.py:188} INFO - [2025-05-27T17:56:09.586+0530] {dag.py:3823} INFO - Setting next_dagrun for example_nested_branch_dag to 2025-05-26 00:00:00+00:00, run_after=2025-05-27 00:00:00+00:00
[2025-05-27T17:56:09.602+0530] {processor.py:183} INFO - Processing /Users/zafarimam/Documents/E-Commerce Order Pipeline/airflow_venv_39/lib/python3.9/site-packages/airflow/example_dags/example_nested_branch_dag.py took 0.236 seconds
[2025-05-27T17:58:16.649+0530] {processor.py:161} INFO - Started process (PID=24845) to work on /Users/zafarimam/Documents/E-Commerce Order Pipeline/airflow_venv_39/lib/python3.9/site-packages/airflow/example_dags/example_nested_branch_dag.py
[2025-05-27T17:58:16.651+0530] {processor.py:830} INFO - Processing file /Users/zafarimam/Documents/E-Commerce Order Pipeline/airflow_venv_39/lib/python3.9/site-packages/airflow/example_dags/example_nested_branch_dag.py for tasks to queue
[2025-05-27T17:58:16.652+0530] {logging_mixin.py:188} INFO - [2025-05-27T17:58:16.652+0530] {dagbag.py:538} INFO - Filling up the DagBag from /Users/zafarimam/Documents/E-Commerce Order Pipeline/airflow_venv_39/lib/python3.9/site-packages/airflow/example_dags/example_nested_branch_dag.py
[2025-05-27T17:58:16.691+0530] {processor.py:840} INFO - DAG(s) 'example_nested_branch_dag' retrieved from /Users/zafarimam/Documents/E-Commerce Order Pipeline/airflow_venv_39/lib/python3.9/site-packages/airflow/example_dags/example_nested_branch_dag.py
[2025-05-27T17:58:16.774+0530] {logging_mixin.py:188} INFO - [2025-05-27T17:58:16.774+0530] {dag.py:3036} INFO - Sync 1 DAGs
[2025-05-27T17:58:16.787+0530] {logging_mixin.py:188} INFO - [2025-05-27T17:58:16.786+0530] {dag.py:3823} INFO - Setting next_dagrun for example_nested_branch_dag to 2025-05-26 00:00:00+00:00, run_after=2025-05-27 00:00:00+00:00
[2025-05-27T17:58:16.801+0530] {processor.py:183} INFO - Processing /Users/zafarimam/Documents/E-Commerce Order Pipeline/airflow_venv_39/lib/python3.9/site-packages/airflow/example_dags/example_nested_branch_dag.py took 0.152 seconds
[2025-05-27T18:06:38.447+0530] {processor.py:161} INFO - Started process (PID=25118) to work on /Users/zafarimam/Documents/E-Commerce Order Pipeline/airflow_venv_39/lib/python3.9/site-packages/airflow/example_dags/example_nested_branch_dag.py
[2025-05-27T18:06:38.449+0530] {processor.py:830} INFO - Processing file /Users/zafarimam/Documents/E-Commerce Order Pipeline/airflow_venv_39/lib/python3.9/site-packages/airflow/example_dags/example_nested_branch_dag.py for tasks to queue
[2025-05-27T18:06:38.449+0530] {logging_mixin.py:188} INFO - [2025-05-27T18:06:38.449+0530] {dagbag.py:538} INFO - Filling up the DagBag from /Users/zafarimam/Documents/E-Commerce Order Pipeline/airflow_venv_39/lib/python3.9/site-packages/airflow/example_dags/example_nested_branch_dag.py
[2025-05-27T18:06:38.492+0530] {processor.py:840} INFO - DAG(s) 'example_nested_branch_dag' retrieved from /Users/zafarimam/Documents/E-Commerce Order Pipeline/airflow_venv_39/lib/python3.9/site-packages/airflow/example_dags/example_nested_branch_dag.py
[2025-05-27T18:06:38.578+0530] {logging_mixin.py:188} INFO - [2025-05-27T18:06:38.578+0530] {dag.py:3036} INFO - Sync 1 DAGs
[2025-05-27T18:06:38.592+0530] {logging_mixin.py:188} INFO - [2025-05-27T18:06:38.592+0530] {dag.py:3823} INFO - Setting next_dagrun for example_nested_branch_dag to 2025-05-26 00:00:00+00:00, run_after=2025-05-27 00:00:00+00:00
[2025-05-27T18:06:38.608+0530] {processor.py:183} INFO - Processing /Users/zafarimam/Documents/E-Commerce Order Pipeline/airflow_venv_39/lib/python3.9/site-packages/airflow/example_dags/example_nested_branch_dag.py took 0.162 seconds
[2025-05-27T18:08:46.218+0530] {processor.py:161} INFO - Started process (PID=25182) to work on /Users/zafarimam/Documents/E-Commerce Order Pipeline/airflow_venv_39/lib/python3.9/site-packages/airflow/example_dags/example_nested_branch_dag.py
[2025-05-27T18:08:46.219+0530] {processor.py:830} INFO - Processing file /Users/zafarimam/Documents/E-Commerce Order Pipeline/airflow_venv_39/lib/python3.9/site-packages/airflow/example_dags/example_nested_branch_dag.py for tasks to queue
[2025-05-27T18:08:46.220+0530] {logging_mixin.py:188} INFO - [2025-05-27T18:08:46.220+0530] {dagbag.py:538} INFO - Filling up the DagBag from /Users/zafarimam/Documents/E-Commerce Order Pipeline/airflow_venv_39/lib/python3.9/site-packages/airflow/example_dags/example_nested_branch_dag.py
[2025-05-27T18:08:46.263+0530] {processor.py:840} INFO - DAG(s) 'example_nested_branch_dag' retrieved from /Users/zafarimam/Documents/E-Commerce Order Pipeline/airflow_venv_39/lib/python3.9/site-packages/airflow/example_dags/example_nested_branch_dag.py
[2025-05-27T18:08:46.355+0530] {logging_mixin.py:188} INFO - [2025-05-27T18:08:46.354+0530] {dag.py:3036} INFO - Sync 1 DAGs
[2025-05-27T18:08:46.369+0530] {logging_mixin.py:188} INFO - [2025-05-27T18:08:46.369+0530] {dag.py:3823} INFO - Setting next_dagrun for example_nested_branch_dag to 2025-05-26 00:00:00+00:00, run_after=2025-05-27 00:00:00+00:00
[2025-05-27T18:08:46.384+0530] {processor.py:183} INFO - Processing /Users/zafarimam/Documents/E-Commerce Order Pipeline/airflow_venv_39/lib/python3.9/site-packages/airflow/example_dags/example_nested_branch_dag.py took 0.168 seconds
[2025-05-27T18:10:35.322+0530] {processor.py:161} INFO - Started process (PID=25236) to work on /Users/zafarimam/Documents/E-Commerce Order Pipeline/airflow_venv_39/lib/python3.9/site-packages/airflow/example_dags/example_nested_branch_dag.py
[2025-05-27T18:10:35.323+0530] {processor.py:830} INFO - Processing file /Users/zafarimam/Documents/E-Commerce Order Pipeline/airflow_venv_39/lib/python3.9/site-packages/airflow/example_dags/example_nested_branch_dag.py for tasks to queue
[2025-05-27T18:10:35.324+0530] {logging_mixin.py:188} INFO - [2025-05-27T18:10:35.324+0530] {dagbag.py:538} INFO - Filling up the DagBag from /Users/zafarimam/Documents/E-Commerce Order Pipeline/airflow_venv_39/lib/python3.9/site-packages/airflow/example_dags/example_nested_branch_dag.py
[2025-05-27T18:10:35.362+0530] {processor.py:840} INFO - DAG(s) 'example_nested_branch_dag' retrieved from /Users/zafarimam/Documents/E-Commerce Order Pipeline/airflow_venv_39/lib/python3.9/site-packages/airflow/example_dags/example_nested_branch_dag.py
[2025-05-27T18:10:35.445+0530] {logging_mixin.py:188} INFO - [2025-05-27T18:10:35.444+0530] {dag.py:3036} INFO - Sync 1 DAGs
[2025-05-27T18:10:35.457+0530] {logging_mixin.py:188} INFO - [2025-05-27T18:10:35.457+0530] {dag.py:3823} INFO - Setting next_dagrun for example_nested_branch_dag to 2025-05-26 00:00:00+00:00, run_after=2025-05-27 00:00:00+00:00
[2025-05-27T18:10:35.472+0530] {processor.py:183} INFO - Processing /Users/zafarimam/Documents/E-Commerce Order Pipeline/airflow_venv_39/lib/python3.9/site-packages/airflow/example_dags/example_nested_branch_dag.py took 0.151 seconds
[2025-05-27T18:12:23.838+0530] {processor.py:161} INFO - Started process (PID=25296) to work on /Users/zafarimam/Documents/E-Commerce Order Pipeline/airflow_venv_39/lib/python3.9/site-packages/airflow/example_dags/example_nested_branch_dag.py
[2025-05-27T18:12:23.840+0530] {processor.py:830} INFO - Processing file /Users/zafarimam/Documents/E-Commerce Order Pipeline/airflow_venv_39/lib/python3.9/site-packages/airflow/example_dags/example_nested_branch_dag.py for tasks to queue
[2025-05-27T18:12:23.840+0530] {logging_mixin.py:188} INFO - [2025-05-27T18:12:23.840+0530] {dagbag.py:538} INFO - Filling up the DagBag from /Users/zafarimam/Documents/E-Commerce Order Pipeline/airflow_venv_39/lib/python3.9/site-packages/airflow/example_dags/example_nested_branch_dag.py
[2025-05-27T18:12:23.884+0530] {processor.py:840} INFO - DAG(s) 'example_nested_branch_dag' retrieved from /Users/zafarimam/Documents/E-Commerce Order Pipeline/airflow_venv_39/lib/python3.9/site-packages/airflow/example_dags/example_nested_branch_dag.py
[2025-05-27T18:12:23.977+0530] {logging_mixin.py:188} INFO - [2025-05-27T18:12:23.977+0530] {dag.py:3036} INFO - Sync 1 DAGs
[2025-05-27T18:12:23.993+0530] {logging_mixin.py:188} INFO - [2025-05-27T18:12:23.993+0530] {dag.py:3823} INFO - Setting next_dagrun for example_nested_branch_dag to 2025-05-26 00:00:00+00:00, run_after=2025-05-27 00:00:00+00:00
[2025-05-27T18:12:24.009+0530] {processor.py:183} INFO - Processing /Users/zafarimam/Documents/E-Commerce Order Pipeline/airflow_venv_39/lib/python3.9/site-packages/airflow/example_dags/example_nested_branch_dag.py took 0.172 seconds
[2025-05-27T18:14:26.367+0530] {processor.py:161} INFO - Started process (PID=25373) to work on /Users/zafarimam/Documents/E-Commerce Order Pipeline/airflow_venv_39/lib/python3.9/site-packages/airflow/example_dags/example_nested_branch_dag.py
[2025-05-27T18:14:26.369+0530] {processor.py:830} INFO - Processing file /Users/zafarimam/Documents/E-Commerce Order Pipeline/airflow_venv_39/lib/python3.9/site-packages/airflow/example_dags/example_nested_branch_dag.py for tasks to queue
[2025-05-27T18:14:26.369+0530] {logging_mixin.py:188} INFO - [2025-05-27T18:14:26.369+0530] {dagbag.py:538} INFO - Filling up the DagBag from /Users/zafarimam/Documents/E-Commerce Order Pipeline/airflow_venv_39/lib/python3.9/site-packages/airflow/example_dags/example_nested_branch_dag.py
[2025-05-27T18:14:26.407+0530] {processor.py:840} INFO - DAG(s) 'example_nested_branch_dag' retrieved from /Users/zafarimam/Documents/E-Commerce Order Pipeline/airflow_venv_39/lib/python3.9/site-packages/airflow/example_dags/example_nested_branch_dag.py
[2025-05-27T18:14:26.485+0530] {logging_mixin.py:188} INFO - [2025-05-27T18:14:26.485+0530] {dag.py:3036} INFO - Sync 1 DAGs
[2025-05-27T18:14:26.498+0530] {logging_mixin.py:188} INFO - [2025-05-27T18:14:26.497+0530] {dag.py:3823} INFO - Setting next_dagrun for example_nested_branch_dag to 2025-05-26 00:00:00+00:00, run_after=2025-05-27 00:00:00+00:00
[2025-05-27T18:14:26.511+0530] {processor.py:183} INFO - Processing /Users/zafarimam/Documents/E-Commerce Order Pipeline/airflow_venv_39/lib/python3.9/site-packages/airflow/example_dags/example_nested_branch_dag.py took 0.146 seconds
[2025-05-27T18:16:10.947+0530] {processor.py:161} INFO - Started process (PID=25431) to work on /Users/zafarimam/Documents/E-Commerce Order Pipeline/airflow_venv_39/lib/python3.9/site-packages/airflow/example_dags/example_nested_branch_dag.py
[2025-05-27T18:16:10.948+0530] {processor.py:830} INFO - Processing file /Users/zafarimam/Documents/E-Commerce Order Pipeline/airflow_venv_39/lib/python3.9/site-packages/airflow/example_dags/example_nested_branch_dag.py for tasks to queue
[2025-05-27T18:16:10.949+0530] {logging_mixin.py:188} INFO - [2025-05-27T18:16:10.948+0530] {dagbag.py:538} INFO - Filling up the DagBag from /Users/zafarimam/Documents/E-Commerce Order Pipeline/airflow_venv_39/lib/python3.9/site-packages/airflow/example_dags/example_nested_branch_dag.py
[2025-05-27T18:16:10.986+0530] {processor.py:840} INFO - DAG(s) 'example_nested_branch_dag' retrieved from /Users/zafarimam/Documents/E-Commerce Order Pipeline/airflow_venv_39/lib/python3.9/site-packages/airflow/example_dags/example_nested_branch_dag.py
[2025-05-27T18:16:11.065+0530] {logging_mixin.py:188} INFO - [2025-05-27T18:16:11.065+0530] {dag.py:3036} INFO - Sync 1 DAGs
[2025-05-27T18:16:11.078+0530] {logging_mixin.py:188} INFO - [2025-05-27T18:16:11.077+0530] {dag.py:3823} INFO - Setting next_dagrun for example_nested_branch_dag to 2025-05-26 00:00:00+00:00, run_after=2025-05-27 00:00:00+00:00
[2025-05-27T18:16:11.090+0530] {processor.py:183} INFO - Processing /Users/zafarimam/Documents/E-Commerce Order Pipeline/airflow_venv_39/lib/python3.9/site-packages/airflow/example_dags/example_nested_branch_dag.py took 0.144 seconds
[2025-05-27T18:17:53.712+0530] {processor.py:161} INFO - Started process (PID=25487) to work on /Users/zafarimam/Documents/E-Commerce Order Pipeline/airflow_venv_39/lib/python3.9/site-packages/airflow/example_dags/example_nested_branch_dag.py
[2025-05-27T18:17:53.713+0530] {processor.py:830} INFO - Processing file /Users/zafarimam/Documents/E-Commerce Order Pipeline/airflow_venv_39/lib/python3.9/site-packages/airflow/example_dags/example_nested_branch_dag.py for tasks to queue
[2025-05-27T18:17:53.713+0530] {logging_mixin.py:188} INFO - [2025-05-27T18:17:53.713+0530] {dagbag.py:538} INFO - Filling up the DagBag from /Users/zafarimam/Documents/E-Commerce Order Pipeline/airflow_venv_39/lib/python3.9/site-packages/airflow/example_dags/example_nested_branch_dag.py
[2025-05-27T18:17:53.751+0530] {processor.py:840} INFO - DAG(s) 'example_nested_branch_dag' retrieved from /Users/zafarimam/Documents/E-Commerce Order Pipeline/airflow_venv_39/lib/python3.9/site-packages/airflow/example_dags/example_nested_branch_dag.py
[2025-05-27T18:17:53.829+0530] {logging_mixin.py:188} INFO - [2025-05-27T18:17:53.829+0530] {dag.py:3036} INFO - Sync 1 DAGs
[2025-05-27T18:17:53.842+0530] {logging_mixin.py:188} INFO - [2025-05-27T18:17:53.841+0530] {dag.py:3823} INFO - Setting next_dagrun for example_nested_branch_dag to 2025-05-26 00:00:00+00:00, run_after=2025-05-27 00:00:00+00:00
[2025-05-27T18:17:53.854+0530] {processor.py:183} INFO - Processing /Users/zafarimam/Documents/E-Commerce Order Pipeline/airflow_venv_39/lib/python3.9/site-packages/airflow/example_dags/example_nested_branch_dag.py took 0.144 seconds
[2025-05-27T18:22:34.695+0530] {processor.py:161} INFO - Started process (PID=25693) to work on /Users/zafarimam/Documents/E-Commerce Order Pipeline/airflow_venv_39/lib/python3.9/site-packages/airflow/example_dags/example_nested_branch_dag.py
[2025-05-27T18:22:34.696+0530] {processor.py:830} INFO - Processing file /Users/zafarimam/Documents/E-Commerce Order Pipeline/airflow_venv_39/lib/python3.9/site-packages/airflow/example_dags/example_nested_branch_dag.py for tasks to queue
[2025-05-27T18:22:34.697+0530] {logging_mixin.py:188} INFO - [2025-05-27T18:22:34.697+0530] {dagbag.py:538} INFO - Filling up the DagBag from /Users/zafarimam/Documents/E-Commerce Order Pipeline/airflow_venv_39/lib/python3.9/site-packages/airflow/example_dags/example_nested_branch_dag.py
[2025-05-27T18:22:34.738+0530] {processor.py:840} INFO - DAG(s) 'example_nested_branch_dag' retrieved from /Users/zafarimam/Documents/E-Commerce Order Pipeline/airflow_venv_39/lib/python3.9/site-packages/airflow/example_dags/example_nested_branch_dag.py
[2025-05-27T18:22:34.830+0530] {logging_mixin.py:188} INFO - [2025-05-27T18:22:34.830+0530] {dag.py:3036} INFO - Sync 1 DAGs
[2025-05-27T18:22:34.845+0530] {logging_mixin.py:188} INFO - [2025-05-27T18:22:34.845+0530] {dag.py:3823} INFO - Setting next_dagrun for example_nested_branch_dag to 2025-05-26 00:00:00+00:00, run_after=2025-05-27 00:00:00+00:00
[2025-05-27T18:22:34.861+0530] {processor.py:183} INFO - Processing /Users/zafarimam/Documents/E-Commerce Order Pipeline/airflow_venv_39/lib/python3.9/site-packages/airflow/example_dags/example_nested_branch_dag.py took 0.167 seconds
[2025-05-27T18:27:51.029+0530] {processor.py:161} INFO - Started process (PID=25869) to work on /Users/zafarimam/Documents/E-Commerce Order Pipeline/airflow_venv_39/lib/python3.9/site-packages/airflow/example_dags/example_nested_branch_dag.py
[2025-05-27T18:27:51.030+0530] {processor.py:830} INFO - Processing file /Users/zafarimam/Documents/E-Commerce Order Pipeline/airflow_venv_39/lib/python3.9/site-packages/airflow/example_dags/example_nested_branch_dag.py for tasks to queue
[2025-05-27T18:27:51.031+0530] {logging_mixin.py:188} INFO - [2025-05-27T18:27:51.031+0530] {dagbag.py:538} INFO - Filling up the DagBag from /Users/zafarimam/Documents/E-Commerce Order Pipeline/airflow_venv_39/lib/python3.9/site-packages/airflow/example_dags/example_nested_branch_dag.py
[2025-05-27T18:27:51.072+0530] {processor.py:840} INFO - DAG(s) 'example_nested_branch_dag' retrieved from /Users/zafarimam/Documents/E-Commerce Order Pipeline/airflow_venv_39/lib/python3.9/site-packages/airflow/example_dags/example_nested_branch_dag.py
[2025-05-27T18:27:51.158+0530] {logging_mixin.py:188} INFO - [2025-05-27T18:27:51.157+0530] {dag.py:3036} INFO - Sync 1 DAGs
[2025-05-27T18:27:51.172+0530] {logging_mixin.py:188} INFO - [2025-05-27T18:27:51.172+0530] {dag.py:3823} INFO - Setting next_dagrun for example_nested_branch_dag to 2025-05-26 00:00:00+00:00, run_after=2025-05-27 00:00:00+00:00
[2025-05-27T18:27:51.187+0530] {processor.py:183} INFO - Processing /Users/zafarimam/Documents/E-Commerce Order Pipeline/airflow_venv_39/lib/python3.9/site-packages/airflow/example_dags/example_nested_branch_dag.py took 0.160 seconds
[2025-05-27T18:29:48.352+0530] {processor.py:161} INFO - Started process (PID=25938) to work on /Users/zafarimam/Documents/E-Commerce Order Pipeline/airflow_venv_39/lib/python3.9/site-packages/airflow/example_dags/example_nested_branch_dag.py
[2025-05-27T18:29:48.353+0530] {processor.py:830} INFO - Processing file /Users/zafarimam/Documents/E-Commerce Order Pipeline/airflow_venv_39/lib/python3.9/site-packages/airflow/example_dags/example_nested_branch_dag.py for tasks to queue
[2025-05-27T18:29:48.353+0530] {logging_mixin.py:188} INFO - [2025-05-27T18:29:48.353+0530] {dagbag.py:538} INFO - Filling up the DagBag from /Users/zafarimam/Documents/E-Commerce Order Pipeline/airflow_venv_39/lib/python3.9/site-packages/airflow/example_dags/example_nested_branch_dag.py
[2025-05-27T18:29:48.391+0530] {processor.py:840} INFO - DAG(s) 'example_nested_branch_dag' retrieved from /Users/zafarimam/Documents/E-Commerce Order Pipeline/airflow_venv_39/lib/python3.9/site-packages/airflow/example_dags/example_nested_branch_dag.py
[2025-05-27T18:29:48.472+0530] {logging_mixin.py:188} INFO - [2025-05-27T18:29:48.472+0530] {dag.py:3036} INFO - Sync 1 DAGs
[2025-05-27T18:29:48.484+0530] {logging_mixin.py:188} INFO - [2025-05-27T18:29:48.484+0530] {dag.py:3823} INFO - Setting next_dagrun for example_nested_branch_dag to 2025-05-26 00:00:00+00:00, run_after=2025-05-27 00:00:00+00:00
[2025-05-27T18:29:48.497+0530] {processor.py:183} INFO - Processing /Users/zafarimam/Documents/E-Commerce Order Pipeline/airflow_venv_39/lib/python3.9/site-packages/airflow/example_dags/example_nested_branch_dag.py took 0.147 seconds
[2025-05-27T18:31:36.666+0530] {processor.py:161} INFO - Started process (PID=25997) to work on /Users/zafarimam/Documents/E-Commerce Order Pipeline/airflow_venv_39/lib/python3.9/site-packages/airflow/example_dags/example_nested_branch_dag.py
[2025-05-27T18:31:36.667+0530] {processor.py:830} INFO - Processing file /Users/zafarimam/Documents/E-Commerce Order Pipeline/airflow_venv_39/lib/python3.9/site-packages/airflow/example_dags/example_nested_branch_dag.py for tasks to queue
[2025-05-27T18:31:36.667+0530] {logging_mixin.py:188} INFO - [2025-05-27T18:31:36.667+0530] {dagbag.py:538} INFO - Filling up the DagBag from /Users/zafarimam/Documents/E-Commerce Order Pipeline/airflow_venv_39/lib/python3.9/site-packages/airflow/example_dags/example_nested_branch_dag.py
[2025-05-27T18:31:36.712+0530] {processor.py:840} INFO - DAG(s) 'example_nested_branch_dag' retrieved from /Users/zafarimam/Documents/E-Commerce Order Pipeline/airflow_venv_39/lib/python3.9/site-packages/airflow/example_dags/example_nested_branch_dag.py
[2025-05-27T18:31:36.800+0530] {logging_mixin.py:188} INFO - [2025-05-27T18:31:36.800+0530] {dag.py:3036} INFO - Sync 1 DAGs
[2025-05-27T18:31:36.817+0530] {logging_mixin.py:188} INFO - [2025-05-27T18:31:36.817+0530] {dag.py:3823} INFO - Setting next_dagrun for example_nested_branch_dag to 2025-05-26 00:00:00+00:00, run_after=2025-05-27 00:00:00+00:00
[2025-05-27T18:31:36.831+0530] {processor.py:183} INFO - Processing /Users/zafarimam/Documents/E-Commerce Order Pipeline/airflow_venv_39/lib/python3.9/site-packages/airflow/example_dags/example_nested_branch_dag.py took 0.167 seconds
[2025-05-27T18:33:28.677+0530] {processor.py:161} INFO - Started process (PID=26088) to work on /Users/zafarimam/Documents/E-Commerce Order Pipeline/airflow_venv_39/lib/python3.9/site-packages/airflow/example_dags/example_nested_branch_dag.py
[2025-05-27T18:33:28.678+0530] {processor.py:830} INFO - Processing file /Users/zafarimam/Documents/E-Commerce Order Pipeline/airflow_venv_39/lib/python3.9/site-packages/airflow/example_dags/example_nested_branch_dag.py for tasks to queue
[2025-05-27T18:33:28.678+0530] {logging_mixin.py:188} INFO - [2025-05-27T18:33:28.678+0530] {dagbag.py:538} INFO - Filling up the DagBag from /Users/zafarimam/Documents/E-Commerce Order Pipeline/airflow_venv_39/lib/python3.9/site-packages/airflow/example_dags/example_nested_branch_dag.py
[2025-05-27T18:33:28.717+0530] {processor.py:840} INFO - DAG(s) 'example_nested_branch_dag' retrieved from /Users/zafarimam/Documents/E-Commerce Order Pipeline/airflow_venv_39/lib/python3.9/site-packages/airflow/example_dags/example_nested_branch_dag.py
[2025-05-27T18:33:28.811+0530] {logging_mixin.py:188} INFO - [2025-05-27T18:33:28.810+0530] {dag.py:3036} INFO - Sync 1 DAGs
[2025-05-27T18:33:28.825+0530] {logging_mixin.py:188} INFO - [2025-05-27T18:33:28.825+0530] {dag.py:3823} INFO - Setting next_dagrun for example_nested_branch_dag to 2025-05-26 00:00:00+00:00, run_after=2025-05-27 00:00:00+00:00
[2025-05-27T18:33:28.841+0530] {processor.py:183} INFO - Processing /Users/zafarimam/Documents/E-Commerce Order Pipeline/airflow_venv_39/lib/python3.9/site-packages/airflow/example_dags/example_nested_branch_dag.py took 0.166 seconds
[2025-05-27T18:37:20.441+0530] {processor.py:161} INFO - Started process (PID=26215) to work on /Users/zafarimam/Documents/E-Commerce Order Pipeline/airflow_venv_39/lib/python3.9/site-packages/airflow/example_dags/example_nested_branch_dag.py
[2025-05-27T18:37:20.443+0530] {processor.py:830} INFO - Processing file /Users/zafarimam/Documents/E-Commerce Order Pipeline/airflow_venv_39/lib/python3.9/site-packages/airflow/example_dags/example_nested_branch_dag.py for tasks to queue
[2025-05-27T18:37:20.444+0530] {logging_mixin.py:188} INFO - [2025-05-27T18:37:20.443+0530] {dagbag.py:538} INFO - Filling up the DagBag from /Users/zafarimam/Documents/E-Commerce Order Pipeline/airflow_venv_39/lib/python3.9/site-packages/airflow/example_dags/example_nested_branch_dag.py
[2025-05-27T18:37:20.488+0530] {processor.py:840} INFO - DAG(s) 'example_nested_branch_dag' retrieved from /Users/zafarimam/Documents/E-Commerce Order Pipeline/airflow_venv_39/lib/python3.9/site-packages/airflow/example_dags/example_nested_branch_dag.py
[2025-05-27T18:37:20.589+0530] {logging_mixin.py:188} INFO - [2025-05-27T18:37:20.589+0530] {dag.py:3036} INFO - Sync 1 DAGs
[2025-05-27T18:37:20.604+0530] {logging_mixin.py:188} INFO - [2025-05-27T18:37:20.604+0530] {dag.py:3823} INFO - Setting next_dagrun for example_nested_branch_dag to 2025-05-26 00:00:00+00:00, run_after=2025-05-27 00:00:00+00:00
[2025-05-27T18:37:20.620+0530] {processor.py:183} INFO - Processing /Users/zafarimam/Documents/E-Commerce Order Pipeline/airflow_venv_39/lib/python3.9/site-packages/airflow/example_dags/example_nested_branch_dag.py took 0.181 seconds
[2025-05-27T18:47:13.840+0530] {processor.py:161} INFO - Started process (PID=26731) to work on /Users/zafarimam/Documents/E-Commerce Order Pipeline/airflow_venv_39/lib/python3.9/site-packages/airflow/example_dags/example_nested_branch_dag.py
[2025-05-27T18:47:13.842+0530] {processor.py:830} INFO - Processing file /Users/zafarimam/Documents/E-Commerce Order Pipeline/airflow_venv_39/lib/python3.9/site-packages/airflow/example_dags/example_nested_branch_dag.py for tasks to queue
[2025-05-27T18:47:13.842+0530] {logging_mixin.py:188} INFO - [2025-05-27T18:47:13.842+0530] {dagbag.py:538} INFO - Filling up the DagBag from /Users/zafarimam/Documents/E-Commerce Order Pipeline/airflow_venv_39/lib/python3.9/site-packages/airflow/example_dags/example_nested_branch_dag.py
[2025-05-27T18:47:13.880+0530] {processor.py:840} INFO - DAG(s) 'example_nested_branch_dag' retrieved from /Users/zafarimam/Documents/E-Commerce Order Pipeline/airflow_venv_39/lib/python3.9/site-packages/airflow/example_dags/example_nested_branch_dag.py
[2025-05-27T18:47:14.018+0530] {logging_mixin.py:188} INFO - [2025-05-27T18:47:14.017+0530] {dag.py:3036} INFO - Sync 1 DAGs
[2025-05-27T18:47:14.032+0530] {logging_mixin.py:188} INFO - [2025-05-27T18:47:14.032+0530] {dag.py:3823} INFO - Setting next_dagrun for example_nested_branch_dag to 2025-05-26 00:00:00+00:00, run_after=2025-05-27 00:00:00+00:00
[2025-05-27T18:47:14.045+0530] {processor.py:183} INFO - Processing /Users/zafarimam/Documents/E-Commerce Order Pipeline/airflow_venv_39/lib/python3.9/site-packages/airflow/example_dags/example_nested_branch_dag.py took 0.207 seconds
[2025-05-27T18:49:10.348+0530] {processor.py:161} INFO - Started process (PID=26814) to work on /Users/zafarimam/Documents/E-Commerce Order Pipeline/airflow_venv_39/lib/python3.9/site-packages/airflow/example_dags/example_nested_branch_dag.py
[2025-05-27T18:49:10.349+0530] {processor.py:830} INFO - Processing file /Users/zafarimam/Documents/E-Commerce Order Pipeline/airflow_venv_39/lib/python3.9/site-packages/airflow/example_dags/example_nested_branch_dag.py for tasks to queue
[2025-05-27T18:49:10.350+0530] {logging_mixin.py:188} INFO - [2025-05-27T18:49:10.350+0530] {dagbag.py:538} INFO - Filling up the DagBag from /Users/zafarimam/Documents/E-Commerce Order Pipeline/airflow_venv_39/lib/python3.9/site-packages/airflow/example_dags/example_nested_branch_dag.py
[2025-05-27T18:49:10.389+0530] {processor.py:840} INFO - DAG(s) 'example_nested_branch_dag' retrieved from /Users/zafarimam/Documents/E-Commerce Order Pipeline/airflow_venv_39/lib/python3.9/site-packages/airflow/example_dags/example_nested_branch_dag.py
[2025-05-27T18:49:10.479+0530] {logging_mixin.py:188} INFO - [2025-05-27T18:49:10.479+0530] {dag.py:3036} INFO - Sync 1 DAGs
[2025-05-27T18:49:10.494+0530] {logging_mixin.py:188} INFO - [2025-05-27T18:49:10.494+0530] {dag.py:3823} INFO - Setting next_dagrun for example_nested_branch_dag to 2025-05-26 00:00:00+00:00, run_after=2025-05-27 00:00:00+00:00
[2025-05-27T18:49:10.509+0530] {processor.py:183} INFO - Processing /Users/zafarimam/Documents/E-Commerce Order Pipeline/airflow_venv_39/lib/python3.9/site-packages/airflow/example_dags/example_nested_branch_dag.py took 0.162 seconds
[2025-05-27T18:51:05.044+0530] {processor.py:161} INFO - Started process (PID=26882) to work on /Users/zafarimam/Documents/E-Commerce Order Pipeline/airflow_venv_39/lib/python3.9/site-packages/airflow/example_dags/example_nested_branch_dag.py
[2025-05-27T18:51:05.045+0530] {processor.py:830} INFO - Processing file /Users/zafarimam/Documents/E-Commerce Order Pipeline/airflow_venv_39/lib/python3.9/site-packages/airflow/example_dags/example_nested_branch_dag.py for tasks to queue
[2025-05-27T18:51:05.046+0530] {logging_mixin.py:188} INFO - [2025-05-27T18:51:05.046+0530] {dagbag.py:538} INFO - Filling up the DagBag from /Users/zafarimam/Documents/E-Commerce Order Pipeline/airflow_venv_39/lib/python3.9/site-packages/airflow/example_dags/example_nested_branch_dag.py
[2025-05-27T18:51:05.083+0530] {processor.py:840} INFO - DAG(s) 'example_nested_branch_dag' retrieved from /Users/zafarimam/Documents/E-Commerce Order Pipeline/airflow_venv_39/lib/python3.9/site-packages/airflow/example_dags/example_nested_branch_dag.py
[2025-05-27T18:51:05.162+0530] {logging_mixin.py:188} INFO - [2025-05-27T18:51:05.161+0530] {dag.py:3036} INFO - Sync 1 DAGs
[2025-05-27T18:51:05.174+0530] {logging_mixin.py:188} INFO - [2025-05-27T18:51:05.174+0530] {dag.py:3823} INFO - Setting next_dagrun for example_nested_branch_dag to 2025-05-26 00:00:00+00:00, run_after=2025-05-27 00:00:00+00:00
[2025-05-27T18:51:05.188+0530] {processor.py:183} INFO - Processing /Users/zafarimam/Documents/E-Commerce Order Pipeline/airflow_venv_39/lib/python3.9/site-packages/airflow/example_dags/example_nested_branch_dag.py took 0.145 seconds
[2025-05-27T18:53:00.115+0530] {processor.py:161} INFO - Started process (PID=26958) to work on /Users/zafarimam/Documents/E-Commerce Order Pipeline/airflow_venv_39/lib/python3.9/site-packages/airflow/example_dags/example_nested_branch_dag.py
[2025-05-27T18:53:00.116+0530] {processor.py:830} INFO - Processing file /Users/zafarimam/Documents/E-Commerce Order Pipeline/airflow_venv_39/lib/python3.9/site-packages/airflow/example_dags/example_nested_branch_dag.py for tasks to queue
[2025-05-27T18:53:00.117+0530] {logging_mixin.py:188} INFO - [2025-05-27T18:53:00.117+0530] {dagbag.py:538} INFO - Filling up the DagBag from /Users/zafarimam/Documents/E-Commerce Order Pipeline/airflow_venv_39/lib/python3.9/site-packages/airflow/example_dags/example_nested_branch_dag.py
[2025-05-27T18:53:00.159+0530] {processor.py:840} INFO - DAG(s) 'example_nested_branch_dag' retrieved from /Users/zafarimam/Documents/E-Commerce Order Pipeline/airflow_venv_39/lib/python3.9/site-packages/airflow/example_dags/example_nested_branch_dag.py
[2025-05-27T18:53:00.248+0530] {logging_mixin.py:188} INFO - [2025-05-27T18:53:00.247+0530] {dag.py:3036} INFO - Sync 1 DAGs
[2025-05-27T18:53:00.263+0530] {logging_mixin.py:188} INFO - [2025-05-27T18:53:00.263+0530] {dag.py:3823} INFO - Setting next_dagrun for example_nested_branch_dag to 2025-05-26 00:00:00+00:00, run_after=2025-05-27 00:00:00+00:00
[2025-05-27T18:53:00.278+0530] {processor.py:183} INFO - Processing /Users/zafarimam/Documents/E-Commerce Order Pipeline/airflow_venv_39/lib/python3.9/site-packages/airflow/example_dags/example_nested_branch_dag.py took 0.164 seconds
[2025-05-27T18:55:04.687+0530] {processor.py:161} INFO - Started process (PID=27024) to work on /Users/zafarimam/Documents/E-Commerce Order Pipeline/airflow_venv_39/lib/python3.9/site-packages/airflow/example_dags/example_nested_branch_dag.py
[2025-05-27T18:55:04.689+0530] {processor.py:830} INFO - Processing file /Users/zafarimam/Documents/E-Commerce Order Pipeline/airflow_venv_39/lib/python3.9/site-packages/airflow/example_dags/example_nested_branch_dag.py for tasks to queue
[2025-05-27T18:55:04.690+0530] {logging_mixin.py:188} INFO - [2025-05-27T18:55:04.690+0530] {dagbag.py:538} INFO - Filling up the DagBag from /Users/zafarimam/Documents/E-Commerce Order Pipeline/airflow_venv_39/lib/python3.9/site-packages/airflow/example_dags/example_nested_branch_dag.py
[2025-05-27T18:55:04.737+0530] {processor.py:840} INFO - DAG(s) 'example_nested_branch_dag' retrieved from /Users/zafarimam/Documents/E-Commerce Order Pipeline/airflow_venv_39/lib/python3.9/site-packages/airflow/example_dags/example_nested_branch_dag.py
[2025-05-27T18:55:04.851+0530] {logging_mixin.py:188} INFO - [2025-05-27T18:55:04.851+0530] {dag.py:3036} INFO - Sync 1 DAGs
[2025-05-27T18:55:04.871+0530] {logging_mixin.py:188} INFO - [2025-05-27T18:55:04.871+0530] {dag.py:3823} INFO - Setting next_dagrun for example_nested_branch_dag to 2025-05-26 00:00:00+00:00, run_after=2025-05-27 00:00:00+00:00
[2025-05-27T18:55:04.890+0530] {processor.py:183} INFO - Processing /Users/zafarimam/Documents/E-Commerce Order Pipeline/airflow_venv_39/lib/python3.9/site-packages/airflow/example_dags/example_nested_branch_dag.py took 0.205 seconds
[2025-05-27T18:57:10.038+0530] {processor.py:161} INFO - Started process (PID=27119) to work on /Users/zafarimam/Documents/E-Commerce Order Pipeline/airflow_venv_39/lib/python3.9/site-packages/airflow/example_dags/example_nested_branch_dag.py
[2025-05-27T18:57:10.039+0530] {processor.py:830} INFO - Processing file /Users/zafarimam/Documents/E-Commerce Order Pipeline/airflow_venv_39/lib/python3.9/site-packages/airflow/example_dags/example_nested_branch_dag.py for tasks to queue
[2025-05-27T18:57:10.040+0530] {logging_mixin.py:188} INFO - [2025-05-27T18:57:10.039+0530] {dagbag.py:538} INFO - Filling up the DagBag from /Users/zafarimam/Documents/E-Commerce Order Pipeline/airflow_venv_39/lib/python3.9/site-packages/airflow/example_dags/example_nested_branch_dag.py
[2025-05-27T18:57:10.079+0530] {processor.py:840} INFO - DAG(s) 'example_nested_branch_dag' retrieved from /Users/zafarimam/Documents/E-Commerce Order Pipeline/airflow_venv_39/lib/python3.9/site-packages/airflow/example_dags/example_nested_branch_dag.py
[2025-05-27T18:57:10.161+0530] {logging_mixin.py:188} INFO - [2025-05-27T18:57:10.161+0530] {dag.py:3036} INFO - Sync 1 DAGs
[2025-05-27T18:57:10.174+0530] {logging_mixin.py:188} INFO - [2025-05-27T18:57:10.173+0530] {dag.py:3823} INFO - Setting next_dagrun for example_nested_branch_dag to 2025-05-26 00:00:00+00:00, run_after=2025-05-27 00:00:00+00:00
[2025-05-27T18:57:10.187+0530] {processor.py:183} INFO - Processing /Users/zafarimam/Documents/E-Commerce Order Pipeline/airflow_venv_39/lib/python3.9/site-packages/airflow/example_dags/example_nested_branch_dag.py took 0.151 seconds
[2025-05-27T18:59:08.288+0530] {processor.py:161} INFO - Started process (PID=27183) to work on /Users/zafarimam/Documents/E-Commerce Order Pipeline/airflow_venv_39/lib/python3.9/site-packages/airflow/example_dags/example_nested_branch_dag.py
[2025-05-27T18:59:08.290+0530] {processor.py:830} INFO - Processing file /Users/zafarimam/Documents/E-Commerce Order Pipeline/airflow_venv_39/lib/python3.9/site-packages/airflow/example_dags/example_nested_branch_dag.py for tasks to queue
[2025-05-27T18:59:08.291+0530] {logging_mixin.py:188} INFO - [2025-05-27T18:59:08.290+0530] {dagbag.py:538} INFO - Filling up the DagBag from /Users/zafarimam/Documents/E-Commerce Order Pipeline/airflow_venv_39/lib/python3.9/site-packages/airflow/example_dags/example_nested_branch_dag.py
[2025-05-27T18:59:08.328+0530] {processor.py:840} INFO - DAG(s) 'example_nested_branch_dag' retrieved from /Users/zafarimam/Documents/E-Commerce Order Pipeline/airflow_venv_39/lib/python3.9/site-packages/airflow/example_dags/example_nested_branch_dag.py
[2025-05-27T18:59:08.406+0530] {logging_mixin.py:188} INFO - [2025-05-27T18:59:08.406+0530] {dag.py:3036} INFO - Sync 1 DAGs
[2025-05-27T18:59:08.418+0530] {logging_mixin.py:188} INFO - [2025-05-27T18:59:08.418+0530] {dag.py:3823} INFO - Setting next_dagrun for example_nested_branch_dag to 2025-05-26 00:00:00+00:00, run_after=2025-05-27 00:00:00+00:00
[2025-05-27T18:59:08.430+0530] {processor.py:183} INFO - Processing /Users/zafarimam/Documents/E-Commerce Order Pipeline/airflow_venv_39/lib/python3.9/site-packages/airflow/example_dags/example_nested_branch_dag.py took 0.143 seconds
[2025-05-27T19:01:25.292+0530] {processor.py:161} INFO - Started process (PID=27292) to work on /Users/zafarimam/Documents/E-Commerce Order Pipeline/airflow_venv_39/lib/python3.9/site-packages/airflow/example_dags/example_nested_branch_dag.py
[2025-05-27T19:01:25.294+0530] {processor.py:830} INFO - Processing file /Users/zafarimam/Documents/E-Commerce Order Pipeline/airflow_venv_39/lib/python3.9/site-packages/airflow/example_dags/example_nested_branch_dag.py for tasks to queue
[2025-05-27T19:01:25.294+0530] {logging_mixin.py:188} INFO - [2025-05-27T19:01:25.294+0530] {dagbag.py:538} INFO - Filling up the DagBag from /Users/zafarimam/Documents/E-Commerce Order Pipeline/airflow_venv_39/lib/python3.9/site-packages/airflow/example_dags/example_nested_branch_dag.py
[2025-05-27T19:01:25.341+0530] {processor.py:840} INFO - DAG(s) 'example_nested_branch_dag' retrieved from /Users/zafarimam/Documents/E-Commerce Order Pipeline/airflow_venv_39/lib/python3.9/site-packages/airflow/example_dags/example_nested_branch_dag.py
[2025-05-27T19:01:25.441+0530] {logging_mixin.py:188} INFO - [2025-05-27T19:01:25.441+0530] {dag.py:3036} INFO - Sync 1 DAGs
[2025-05-27T19:01:25.456+0530] {logging_mixin.py:188} INFO - [2025-05-27T19:01:25.456+0530] {dag.py:3823} INFO - Setting next_dagrun for example_nested_branch_dag to 2025-05-26 00:00:00+00:00, run_after=2025-05-27 00:00:00+00:00
[2025-05-27T19:01:25.471+0530] {processor.py:183} INFO - Processing /Users/zafarimam/Documents/E-Commerce Order Pipeline/airflow_venv_39/lib/python3.9/site-packages/airflow/example_dags/example_nested_branch_dag.py took 0.180 seconds
[2025-05-27T19:03:15.947+0530] {processor.py:161} INFO - Started process (PID=27359) to work on /Users/zafarimam/Documents/E-Commerce Order Pipeline/airflow_venv_39/lib/python3.9/site-packages/airflow/example_dags/example_nested_branch_dag.py
[2025-05-27T19:03:15.949+0530] {processor.py:830} INFO - Processing file /Users/zafarimam/Documents/E-Commerce Order Pipeline/airflow_venv_39/lib/python3.9/site-packages/airflow/example_dags/example_nested_branch_dag.py for tasks to queue
[2025-05-27T19:03:15.950+0530] {logging_mixin.py:188} INFO - [2025-05-27T19:03:15.949+0530] {dagbag.py:538} INFO - Filling up the DagBag from /Users/zafarimam/Documents/E-Commerce Order Pipeline/airflow_venv_39/lib/python3.9/site-packages/airflow/example_dags/example_nested_branch_dag.py
[2025-05-27T19:03:15.988+0530] {processor.py:840} INFO - DAG(s) 'example_nested_branch_dag' retrieved from /Users/zafarimam/Documents/E-Commerce Order Pipeline/airflow_venv_39/lib/python3.9/site-packages/airflow/example_dags/example_nested_branch_dag.py
[2025-05-27T19:03:16.082+0530] {logging_mixin.py:188} INFO - [2025-05-27T19:03:16.081+0530] {dag.py:3036} INFO - Sync 1 DAGs
[2025-05-27T19:03:16.098+0530] {logging_mixin.py:188} INFO - [2025-05-27T19:03:16.098+0530] {dag.py:3823} INFO - Setting next_dagrun for example_nested_branch_dag to 2025-05-26 00:00:00+00:00, run_after=2025-05-27 00:00:00+00:00
[2025-05-27T19:03:16.114+0530] {processor.py:183} INFO - Processing /Users/zafarimam/Documents/E-Commerce Order Pipeline/airflow_venv_39/lib/python3.9/site-packages/airflow/example_dags/example_nested_branch_dag.py took 0.168 seconds
[2025-05-27T19:05:17.695+0530] {processor.py:161} INFO - Started process (PID=27412) to work on /Users/zafarimam/Documents/E-Commerce Order Pipeline/airflow_venv_39/lib/python3.9/site-packages/airflow/example_dags/example_nested_branch_dag.py
[2025-05-27T19:05:17.696+0530] {processor.py:830} INFO - Processing file /Users/zafarimam/Documents/E-Commerce Order Pipeline/airflow_venv_39/lib/python3.9/site-packages/airflow/example_dags/example_nested_branch_dag.py for tasks to queue
[2025-05-27T19:05:17.697+0530] {logging_mixin.py:188} INFO - [2025-05-27T19:05:17.697+0530] {dagbag.py:538} INFO - Filling up the DagBag from /Users/zafarimam/Documents/E-Commerce Order Pipeline/airflow_venv_39/lib/python3.9/site-packages/airflow/example_dags/example_nested_branch_dag.py
[2025-05-27T19:05:17.742+0530] {processor.py:840} INFO - DAG(s) 'example_nested_branch_dag' retrieved from /Users/zafarimam/Documents/E-Commerce Order Pipeline/airflow_venv_39/lib/python3.9/site-packages/airflow/example_dags/example_nested_branch_dag.py
[2025-05-27T19:05:17.846+0530] {logging_mixin.py:188} INFO - [2025-05-27T19:05:17.846+0530] {dag.py:3036} INFO - Sync 1 DAGs
[2025-05-27T19:05:17.861+0530] {logging_mixin.py:188} INFO - [2025-05-27T19:05:17.860+0530] {dag.py:3823} INFO - Setting next_dagrun for example_nested_branch_dag to 2025-05-26 00:00:00+00:00, run_after=2025-05-27 00:00:00+00:00
[2025-05-27T19:05:17.875+0530] {processor.py:183} INFO - Processing /Users/zafarimam/Documents/E-Commerce Order Pipeline/airflow_venv_39/lib/python3.9/site-packages/airflow/example_dags/example_nested_branch_dag.py took 0.182 seconds
[2025-05-27T19:07:39.991+0530] {processor.py:161} INFO - Started process (PID=27505) to work on /Users/zafarimam/Documents/E-Commerce Order Pipeline/airflow_venv_39/lib/python3.9/site-packages/airflow/example_dags/example_nested_branch_dag.py
[2025-05-27T19:07:39.993+0530] {processor.py:830} INFO - Processing file /Users/zafarimam/Documents/E-Commerce Order Pipeline/airflow_venv_39/lib/python3.9/site-packages/airflow/example_dags/example_nested_branch_dag.py for tasks to queue
[2025-05-27T19:07:39.993+0530] {logging_mixin.py:188} INFO - [2025-05-27T19:07:39.993+0530] {dagbag.py:538} INFO - Filling up the DagBag from /Users/zafarimam/Documents/E-Commerce Order Pipeline/airflow_venv_39/lib/python3.9/site-packages/airflow/example_dags/example_nested_branch_dag.py
[2025-05-27T19:07:40.031+0530] {processor.py:840} INFO - DAG(s) 'example_nested_branch_dag' retrieved from /Users/zafarimam/Documents/E-Commerce Order Pipeline/airflow_venv_39/lib/python3.9/site-packages/airflow/example_dags/example_nested_branch_dag.py
[2025-05-27T19:07:40.110+0530] {logging_mixin.py:188} INFO - [2025-05-27T19:07:40.110+0530] {dag.py:3036} INFO - Sync 1 DAGs
[2025-05-27T19:07:40.122+0530] {logging_mixin.py:188} INFO - [2025-05-27T19:07:40.122+0530] {dag.py:3823} INFO - Setting next_dagrun for example_nested_branch_dag to 2025-05-26 00:00:00+00:00, run_after=2025-05-27 00:00:00+00:00
[2025-05-27T19:07:40.136+0530] {processor.py:183} INFO - Processing /Users/zafarimam/Documents/E-Commerce Order Pipeline/airflow_venv_39/lib/python3.9/site-packages/airflow/example_dags/example_nested_branch_dag.py took 0.146 seconds
[2025-05-27T19:09:20.898+0530] {processor.py:161} INFO - Started process (PID=27564) to work on /Users/zafarimam/Documents/E-Commerce Order Pipeline/airflow_venv_39/lib/python3.9/site-packages/airflow/example_dags/example_nested_branch_dag.py
[2025-05-27T19:09:20.899+0530] {processor.py:830} INFO - Processing file /Users/zafarimam/Documents/E-Commerce Order Pipeline/airflow_venv_39/lib/python3.9/site-packages/airflow/example_dags/example_nested_branch_dag.py for tasks to queue
[2025-05-27T19:09:20.900+0530] {logging_mixin.py:188} INFO - [2025-05-27T19:09:20.899+0530] {dagbag.py:538} INFO - Filling up the DagBag from /Users/zafarimam/Documents/E-Commerce Order Pipeline/airflow_venv_39/lib/python3.9/site-packages/airflow/example_dags/example_nested_branch_dag.py
[2025-05-27T19:09:20.934+0530] {processor.py:840} INFO - DAG(s) 'example_nested_branch_dag' retrieved from /Users/zafarimam/Documents/E-Commerce Order Pipeline/airflow_venv_39/lib/python3.9/site-packages/airflow/example_dags/example_nested_branch_dag.py
[2025-05-27T19:09:21.007+0530] {logging_mixin.py:188} INFO - [2025-05-27T19:09:21.007+0530] {dag.py:3036} INFO - Sync 1 DAGs
[2025-05-27T19:09:21.019+0530] {logging_mixin.py:188} INFO - [2025-05-27T19:09:21.018+0530] {dag.py:3823} INFO - Setting next_dagrun for example_nested_branch_dag to 2025-05-26 00:00:00+00:00, run_after=2025-05-27 00:00:00+00:00
[2025-05-27T19:09:21.032+0530] {processor.py:183} INFO - Processing /Users/zafarimam/Documents/E-Commerce Order Pipeline/airflow_venv_39/lib/python3.9/site-packages/airflow/example_dags/example_nested_branch_dag.py took 0.135 seconds
[2025-05-27T19:11:02.670+0530] {processor.py:161} INFO - Started process (PID=27618) to work on /Users/zafarimam/Documents/E-Commerce Order Pipeline/airflow_venv_39/lib/python3.9/site-packages/airflow/example_dags/example_nested_branch_dag.py
[2025-05-27T19:11:02.670+0530] {processor.py:830} INFO - Processing file /Users/zafarimam/Documents/E-Commerce Order Pipeline/airflow_venv_39/lib/python3.9/site-packages/airflow/example_dags/example_nested_branch_dag.py for tasks to queue
[2025-05-27T19:11:02.671+0530] {logging_mixin.py:188} INFO - [2025-05-27T19:11:02.671+0530] {dagbag.py:538} INFO - Filling up the DagBag from /Users/zafarimam/Documents/E-Commerce Order Pipeline/airflow_venv_39/lib/python3.9/site-packages/airflow/example_dags/example_nested_branch_dag.py
[2025-05-27T19:11:02.706+0530] {processor.py:840} INFO - DAG(s) 'example_nested_branch_dag' retrieved from /Users/zafarimam/Documents/E-Commerce Order Pipeline/airflow_venv_39/lib/python3.9/site-packages/airflow/example_dags/example_nested_branch_dag.py
[2025-05-27T19:11:02.780+0530] {logging_mixin.py:188} INFO - [2025-05-27T19:11:02.780+0530] {dag.py:3036} INFO - Sync 1 DAGs
[2025-05-27T19:11:02.792+0530] {logging_mixin.py:188} INFO - [2025-05-27T19:11:02.792+0530] {dag.py:3823} INFO - Setting next_dagrun for example_nested_branch_dag to 2025-05-26 00:00:00+00:00, run_after=2025-05-27 00:00:00+00:00
[2025-05-27T19:11:02.805+0530] {processor.py:183} INFO - Processing /Users/zafarimam/Documents/E-Commerce Order Pipeline/airflow_venv_39/lib/python3.9/site-packages/airflow/example_dags/example_nested_branch_dag.py took 0.137 seconds
[2025-05-27T19:12:43.811+0530] {processor.py:161} INFO - Started process (PID=27673) to work on /Users/zafarimam/Documents/E-Commerce Order Pipeline/airflow_venv_39/lib/python3.9/site-packages/airflow/example_dags/example_nested_branch_dag.py
[2025-05-27T19:12:43.812+0530] {processor.py:830} INFO - Processing file /Users/zafarimam/Documents/E-Commerce Order Pipeline/airflow_venv_39/lib/python3.9/site-packages/airflow/example_dags/example_nested_branch_dag.py for tasks to queue
[2025-05-27T19:12:43.812+0530] {logging_mixin.py:188} INFO - [2025-05-27T19:12:43.812+0530] {dagbag.py:538} INFO - Filling up the DagBag from /Users/zafarimam/Documents/E-Commerce Order Pipeline/airflow_venv_39/lib/python3.9/site-packages/airflow/example_dags/example_nested_branch_dag.py
[2025-05-27T19:12:43.847+0530] {processor.py:840} INFO - DAG(s) 'example_nested_branch_dag' retrieved from /Users/zafarimam/Documents/E-Commerce Order Pipeline/airflow_venv_39/lib/python3.9/site-packages/airflow/example_dags/example_nested_branch_dag.py
[2025-05-27T19:12:43.921+0530] {logging_mixin.py:188} INFO - [2025-05-27T19:12:43.921+0530] {dag.py:3036} INFO - Sync 1 DAGs
[2025-05-27T19:12:43.932+0530] {logging_mixin.py:188} INFO - [2025-05-27T19:12:43.932+0530] {dag.py:3823} INFO - Setting next_dagrun for example_nested_branch_dag to 2025-05-26 00:00:00+00:00, run_after=2025-05-27 00:00:00+00:00
[2025-05-27T19:12:43.950+0530] {processor.py:183} INFO - Processing /Users/zafarimam/Documents/E-Commerce Order Pipeline/airflow_venv_39/lib/python3.9/site-packages/airflow/example_dags/example_nested_branch_dag.py took 0.140 seconds
[2025-05-27T19:14:23.414+0530] {processor.py:161} INFO - Started process (PID=27722) to work on /Users/zafarimam/Documents/E-Commerce Order Pipeline/airflow_venv_39/lib/python3.9/site-packages/airflow/example_dags/example_nested_branch_dag.py
[2025-05-27T19:14:23.415+0530] {processor.py:830} INFO - Processing file /Users/zafarimam/Documents/E-Commerce Order Pipeline/airflow_venv_39/lib/python3.9/site-packages/airflow/example_dags/example_nested_branch_dag.py for tasks to queue
[2025-05-27T19:14:23.416+0530] {logging_mixin.py:188} INFO - [2025-05-27T19:14:23.416+0530] {dagbag.py:538} INFO - Filling up the DagBag from /Users/zafarimam/Documents/E-Commerce Order Pipeline/airflow_venv_39/lib/python3.9/site-packages/airflow/example_dags/example_nested_branch_dag.py
[2025-05-27T19:14:23.450+0530] {processor.py:840} INFO - DAG(s) 'example_nested_branch_dag' retrieved from /Users/zafarimam/Documents/E-Commerce Order Pipeline/airflow_venv_39/lib/python3.9/site-packages/airflow/example_dags/example_nested_branch_dag.py
[2025-05-27T19:14:23.526+0530] {logging_mixin.py:188} INFO - [2025-05-27T19:14:23.526+0530] {dag.py:3036} INFO - Sync 1 DAGs
[2025-05-27T19:14:23.538+0530] {logging_mixin.py:188} INFO - [2025-05-27T19:14:23.538+0530] {dag.py:3823} INFO - Setting next_dagrun for example_nested_branch_dag to 2025-05-26 00:00:00+00:00, run_after=2025-05-27 00:00:00+00:00
[2025-05-27T19:14:23.555+0530] {processor.py:183} INFO - Processing /Users/zafarimam/Documents/E-Commerce Order Pipeline/airflow_venv_39/lib/python3.9/site-packages/airflow/example_dags/example_nested_branch_dag.py took 0.142 seconds
[2025-05-27T19:16:03.856+0530] {processor.py:161} INFO - Started process (PID=27777) to work on /Users/zafarimam/Documents/E-Commerce Order Pipeline/airflow_venv_39/lib/python3.9/site-packages/airflow/example_dags/example_nested_branch_dag.py
[2025-05-27T19:16:03.856+0530] {processor.py:830} INFO - Processing file /Users/zafarimam/Documents/E-Commerce Order Pipeline/airflow_venv_39/lib/python3.9/site-packages/airflow/example_dags/example_nested_branch_dag.py for tasks to queue
[2025-05-27T19:16:03.857+0530] {logging_mixin.py:188} INFO - [2025-05-27T19:16:03.857+0530] {dagbag.py:538} INFO - Filling up the DagBag from /Users/zafarimam/Documents/E-Commerce Order Pipeline/airflow_venv_39/lib/python3.9/site-packages/airflow/example_dags/example_nested_branch_dag.py
[2025-05-27T19:16:03.891+0530] {processor.py:840} INFO - DAG(s) 'example_nested_branch_dag' retrieved from /Users/zafarimam/Documents/E-Commerce Order Pipeline/airflow_venv_39/lib/python3.9/site-packages/airflow/example_dags/example_nested_branch_dag.py
[2025-05-27T19:16:03.965+0530] {logging_mixin.py:188} INFO - [2025-05-27T19:16:03.965+0530] {dag.py:3036} INFO - Sync 1 DAGs
[2025-05-27T19:16:03.977+0530] {logging_mixin.py:188} INFO - [2025-05-27T19:16:03.977+0530] {dag.py:3823} INFO - Setting next_dagrun for example_nested_branch_dag to 2025-05-26 00:00:00+00:00, run_after=2025-05-27 00:00:00+00:00
[2025-05-27T19:16:03.995+0530] {processor.py:183} INFO - Processing /Users/zafarimam/Documents/E-Commerce Order Pipeline/airflow_venv_39/lib/python3.9/site-packages/airflow/example_dags/example_nested_branch_dag.py took 0.140 seconds
[2025-05-27T19:17:45.080+0530] {processor.py:161} INFO - Started process (PID=27831) to work on /Users/zafarimam/Documents/E-Commerce Order Pipeline/airflow_venv_39/lib/python3.9/site-packages/airflow/example_dags/example_nested_branch_dag.py
[2025-05-27T19:17:45.081+0530] {processor.py:830} INFO - Processing file /Users/zafarimam/Documents/E-Commerce Order Pipeline/airflow_venv_39/lib/python3.9/site-packages/airflow/example_dags/example_nested_branch_dag.py for tasks to queue
[2025-05-27T19:17:45.081+0530] {logging_mixin.py:188} INFO - [2025-05-27T19:17:45.081+0530] {dagbag.py:538} INFO - Filling up the DagBag from /Users/zafarimam/Documents/E-Commerce Order Pipeline/airflow_venv_39/lib/python3.9/site-packages/airflow/example_dags/example_nested_branch_dag.py
[2025-05-27T19:17:45.116+0530] {processor.py:840} INFO - DAG(s) 'example_nested_branch_dag' retrieved from /Users/zafarimam/Documents/E-Commerce Order Pipeline/airflow_venv_39/lib/python3.9/site-packages/airflow/example_dags/example_nested_branch_dag.py
[2025-05-27T19:17:45.196+0530] {logging_mixin.py:188} INFO - [2025-05-27T19:17:45.196+0530] {dag.py:3036} INFO - Sync 1 DAGs
[2025-05-27T19:17:45.210+0530] {logging_mixin.py:188} INFO - [2025-05-27T19:17:45.210+0530] {dag.py:3823} INFO - Setting next_dagrun for example_nested_branch_dag to 2025-05-26 00:00:00+00:00, run_after=2025-05-27 00:00:00+00:00
[2025-05-27T19:17:45.225+0530] {processor.py:183} INFO - Processing /Users/zafarimam/Documents/E-Commerce Order Pipeline/airflow_venv_39/lib/python3.9/site-packages/airflow/example_dags/example_nested_branch_dag.py took 0.146 seconds
[2025-05-27T19:19:24.922+0530] {processor.py:161} INFO - Started process (PID=27917) to work on /Users/zafarimam/Documents/E-Commerce Order Pipeline/airflow_venv_39/lib/python3.9/site-packages/airflow/example_dags/example_nested_branch_dag.py
[2025-05-27T19:19:24.923+0530] {processor.py:830} INFO - Processing file /Users/zafarimam/Documents/E-Commerce Order Pipeline/airflow_venv_39/lib/python3.9/site-packages/airflow/example_dags/example_nested_branch_dag.py for tasks to queue
[2025-05-27T19:19:24.924+0530] {logging_mixin.py:188} INFO - [2025-05-27T19:19:24.924+0530] {dagbag.py:538} INFO - Filling up the DagBag from /Users/zafarimam/Documents/E-Commerce Order Pipeline/airflow_venv_39/lib/python3.9/site-packages/airflow/example_dags/example_nested_branch_dag.py
[2025-05-27T19:19:24.958+0530] {processor.py:840} INFO - DAG(s) 'example_nested_branch_dag' retrieved from /Users/zafarimam/Documents/E-Commerce Order Pipeline/airflow_venv_39/lib/python3.9/site-packages/airflow/example_dags/example_nested_branch_dag.py
[2025-05-27T19:19:25.033+0530] {logging_mixin.py:188} INFO - [2025-05-27T19:19:25.033+0530] {dag.py:3036} INFO - Sync 1 DAGs
[2025-05-27T19:19:25.045+0530] {logging_mixin.py:188} INFO - [2025-05-27T19:19:25.045+0530] {dag.py:3823} INFO - Setting next_dagrun for example_nested_branch_dag to 2025-05-26 00:00:00+00:00, run_after=2025-05-27 00:00:00+00:00
[2025-05-27T19:19:25.059+0530] {processor.py:183} INFO - Processing /Users/zafarimam/Documents/E-Commerce Order Pipeline/airflow_venv_39/lib/python3.9/site-packages/airflow/example_dags/example_nested_branch_dag.py took 0.137 seconds
[2025-05-27T19:21:05.800+0530] {processor.py:161} INFO - Started process (PID=27972) to work on /Users/zafarimam/Documents/E-Commerce Order Pipeline/airflow_venv_39/lib/python3.9/site-packages/airflow/example_dags/example_nested_branch_dag.py
[2025-05-27T19:21:05.801+0530] {processor.py:830} INFO - Processing file /Users/zafarimam/Documents/E-Commerce Order Pipeline/airflow_venv_39/lib/python3.9/site-packages/airflow/example_dags/example_nested_branch_dag.py for tasks to queue
[2025-05-27T19:21:05.801+0530] {logging_mixin.py:188} INFO - [2025-05-27T19:21:05.801+0530] {dagbag.py:538} INFO - Filling up the DagBag from /Users/zafarimam/Documents/E-Commerce Order Pipeline/airflow_venv_39/lib/python3.9/site-packages/airflow/example_dags/example_nested_branch_dag.py
[2025-05-27T19:21:05.836+0530] {processor.py:840} INFO - DAG(s) 'example_nested_branch_dag' retrieved from /Users/zafarimam/Documents/E-Commerce Order Pipeline/airflow_venv_39/lib/python3.9/site-packages/airflow/example_dags/example_nested_branch_dag.py
[2025-05-27T19:21:05.911+0530] {logging_mixin.py:188} INFO - [2025-05-27T19:21:05.911+0530] {dag.py:3036} INFO - Sync 1 DAGs
[2025-05-27T19:21:05.923+0530] {logging_mixin.py:188} INFO - [2025-05-27T19:21:05.923+0530] {dag.py:3823} INFO - Setting next_dagrun for example_nested_branch_dag to 2025-05-26 00:00:00+00:00, run_after=2025-05-27 00:00:00+00:00
[2025-05-27T19:21:05.937+0530] {processor.py:183} INFO - Processing /Users/zafarimam/Documents/E-Commerce Order Pipeline/airflow_venv_39/lib/python3.9/site-packages/airflow/example_dags/example_nested_branch_dag.py took 0.139 seconds
[2025-05-27T19:22:44.693+0530] {processor.py:161} INFO - Started process (PID=28033) to work on /Users/zafarimam/Documents/E-Commerce Order Pipeline/airflow_venv_39/lib/python3.9/site-packages/airflow/example_dags/example_nested_branch_dag.py
[2025-05-27T19:22:44.694+0530] {processor.py:830} INFO - Processing file /Users/zafarimam/Documents/E-Commerce Order Pipeline/airflow_venv_39/lib/python3.9/site-packages/airflow/example_dags/example_nested_branch_dag.py for tasks to queue
[2025-05-27T19:22:44.695+0530] {logging_mixin.py:188} INFO - [2025-05-27T19:22:44.695+0530] {dagbag.py:538} INFO - Filling up the DagBag from /Users/zafarimam/Documents/E-Commerce Order Pipeline/airflow_venv_39/lib/python3.9/site-packages/airflow/example_dags/example_nested_branch_dag.py
[2025-05-27T19:22:44.729+0530] {processor.py:840} INFO - DAG(s) 'example_nested_branch_dag' retrieved from /Users/zafarimam/Documents/E-Commerce Order Pipeline/airflow_venv_39/lib/python3.9/site-packages/airflow/example_dags/example_nested_branch_dag.py
[2025-05-27T19:22:44.803+0530] {logging_mixin.py:188} INFO - [2025-05-27T19:22:44.803+0530] {dag.py:3036} INFO - Sync 1 DAGs
[2025-05-27T19:22:44.815+0530] {logging_mixin.py:188} INFO - [2025-05-27T19:22:44.815+0530] {dag.py:3823} INFO - Setting next_dagrun for example_nested_branch_dag to 2025-05-26 00:00:00+00:00, run_after=2025-05-27 00:00:00+00:00
[2025-05-27T19:22:44.829+0530] {processor.py:183} INFO - Processing /Users/zafarimam/Documents/E-Commerce Order Pipeline/airflow_venv_39/lib/python3.9/site-packages/airflow/example_dags/example_nested_branch_dag.py took 0.137 seconds
[2025-05-27T19:24:26.053+0530] {processor.py:161} INFO - Started process (PID=28086) to work on /Users/zafarimam/Documents/E-Commerce Order Pipeline/airflow_venv_39/lib/python3.9/site-packages/airflow/example_dags/example_nested_branch_dag.py
[2025-05-27T19:24:26.054+0530] {processor.py:830} INFO - Processing file /Users/zafarimam/Documents/E-Commerce Order Pipeline/airflow_venv_39/lib/python3.9/site-packages/airflow/example_dags/example_nested_branch_dag.py for tasks to queue
[2025-05-27T19:24:26.055+0530] {logging_mixin.py:188} INFO - [2025-05-27T19:24:26.055+0530] {dagbag.py:538} INFO - Filling up the DagBag from /Users/zafarimam/Documents/E-Commerce Order Pipeline/airflow_venv_39/lib/python3.9/site-packages/airflow/example_dags/example_nested_branch_dag.py
[2025-05-27T19:24:26.089+0530] {processor.py:840} INFO - DAG(s) 'example_nested_branch_dag' retrieved from /Users/zafarimam/Documents/E-Commerce Order Pipeline/airflow_venv_39/lib/python3.9/site-packages/airflow/example_dags/example_nested_branch_dag.py
[2025-05-27T19:24:26.163+0530] {logging_mixin.py:188} INFO - [2025-05-27T19:24:26.163+0530] {dag.py:3036} INFO - Sync 1 DAGs
[2025-05-27T19:24:26.176+0530] {logging_mixin.py:188} INFO - [2025-05-27T19:24:26.175+0530] {dag.py:3823} INFO - Setting next_dagrun for example_nested_branch_dag to 2025-05-26 00:00:00+00:00, run_after=2025-05-27 00:00:00+00:00
[2025-05-27T19:24:26.189+0530] {processor.py:183} INFO - Processing /Users/zafarimam/Documents/E-Commerce Order Pipeline/airflow_venv_39/lib/python3.9/site-packages/airflow/example_dags/example_nested_branch_dag.py took 0.136 seconds
[2025-05-27T19:26:06.332+0530] {processor.py:161} INFO - Started process (PID=28139) to work on /Users/zafarimam/Documents/E-Commerce Order Pipeline/airflow_venv_39/lib/python3.9/site-packages/airflow/example_dags/example_nested_branch_dag.py
[2025-05-27T19:26:06.333+0530] {processor.py:830} INFO - Processing file /Users/zafarimam/Documents/E-Commerce Order Pipeline/airflow_venv_39/lib/python3.9/site-packages/airflow/example_dags/example_nested_branch_dag.py for tasks to queue
[2025-05-27T19:26:06.333+0530] {logging_mixin.py:188} INFO - [2025-05-27T19:26:06.333+0530] {dagbag.py:538} INFO - Filling up the DagBag from /Users/zafarimam/Documents/E-Commerce Order Pipeline/airflow_venv_39/lib/python3.9/site-packages/airflow/example_dags/example_nested_branch_dag.py
[2025-05-27T19:26:06.368+0530] {processor.py:840} INFO - DAG(s) 'example_nested_branch_dag' retrieved from /Users/zafarimam/Documents/E-Commerce Order Pipeline/airflow_venv_39/lib/python3.9/site-packages/airflow/example_dags/example_nested_branch_dag.py
[2025-05-27T19:26:06.443+0530] {logging_mixin.py:188} INFO - [2025-05-27T19:26:06.442+0530] {dag.py:3036} INFO - Sync 1 DAGs
[2025-05-27T19:26:06.455+0530] {logging_mixin.py:188} INFO - [2025-05-27T19:26:06.454+0530] {dag.py:3823} INFO - Setting next_dagrun for example_nested_branch_dag to 2025-05-26 00:00:00+00:00, run_after=2025-05-27 00:00:00+00:00
[2025-05-27T19:26:06.472+0530] {processor.py:183} INFO - Processing /Users/zafarimam/Documents/E-Commerce Order Pipeline/airflow_venv_39/lib/python3.9/site-packages/airflow/example_dags/example_nested_branch_dag.py took 0.141 seconds
[2025-05-27T19:27:47.734+0530] {processor.py:161} INFO - Started process (PID=28196) to work on /Users/zafarimam/Documents/E-Commerce Order Pipeline/airflow_venv_39/lib/python3.9/site-packages/airflow/example_dags/example_nested_branch_dag.py
[2025-05-27T19:27:47.735+0530] {processor.py:830} INFO - Processing file /Users/zafarimam/Documents/E-Commerce Order Pipeline/airflow_venv_39/lib/python3.9/site-packages/airflow/example_dags/example_nested_branch_dag.py for tasks to queue
[2025-05-27T19:27:47.736+0530] {logging_mixin.py:188} INFO - [2025-05-27T19:27:47.735+0530] {dagbag.py:538} INFO - Filling up the DagBag from /Users/zafarimam/Documents/E-Commerce Order Pipeline/airflow_venv_39/lib/python3.9/site-packages/airflow/example_dags/example_nested_branch_dag.py
[2025-05-27T19:27:47.772+0530] {processor.py:840} INFO - DAG(s) 'example_nested_branch_dag' retrieved from /Users/zafarimam/Documents/E-Commerce Order Pipeline/airflow_venv_39/lib/python3.9/site-packages/airflow/example_dags/example_nested_branch_dag.py
[2025-05-27T19:27:47.855+0530] {logging_mixin.py:188} INFO - [2025-05-27T19:27:47.855+0530] {dag.py:3036} INFO - Sync 1 DAGs
[2025-05-27T19:27:47.869+0530] {logging_mixin.py:188} INFO - [2025-05-27T19:27:47.868+0530] {dag.py:3823} INFO - Setting next_dagrun for example_nested_branch_dag to 2025-05-26 00:00:00+00:00, run_after=2025-05-27 00:00:00+00:00
[2025-05-27T19:27:47.887+0530] {processor.py:183} INFO - Processing /Users/zafarimam/Documents/E-Commerce Order Pipeline/airflow_venv_39/lib/python3.9/site-packages/airflow/example_dags/example_nested_branch_dag.py took 0.154 seconds
[2025-05-27T19:29:26.529+0530] {processor.py:161} INFO - Started process (PID=28245) to work on /Users/zafarimam/Documents/E-Commerce Order Pipeline/airflow_venv_39/lib/python3.9/site-packages/airflow/example_dags/example_nested_branch_dag.py
[2025-05-27T19:29:26.530+0530] {processor.py:830} INFO - Processing file /Users/zafarimam/Documents/E-Commerce Order Pipeline/airflow_venv_39/lib/python3.9/site-packages/airflow/example_dags/example_nested_branch_dag.py for tasks to queue
[2025-05-27T19:29:26.531+0530] {logging_mixin.py:188} INFO - [2025-05-27T19:29:26.530+0530] {dagbag.py:538} INFO - Filling up the DagBag from /Users/zafarimam/Documents/E-Commerce Order Pipeline/airflow_venv_39/lib/python3.9/site-packages/airflow/example_dags/example_nested_branch_dag.py
[2025-05-27T19:29:26.565+0530] {processor.py:840} INFO - DAG(s) 'example_nested_branch_dag' retrieved from /Users/zafarimam/Documents/E-Commerce Order Pipeline/airflow_venv_39/lib/python3.9/site-packages/airflow/example_dags/example_nested_branch_dag.py
[2025-05-27T19:29:26.639+0530] {logging_mixin.py:188} INFO - [2025-05-27T19:29:26.639+0530] {dag.py:3036} INFO - Sync 1 DAGs
[2025-05-27T19:29:26.650+0530] {logging_mixin.py:188} INFO - [2025-05-27T19:29:26.650+0530] {dag.py:3823} INFO - Setting next_dagrun for example_nested_branch_dag to 2025-05-26 00:00:00+00:00, run_after=2025-05-27 00:00:00+00:00
[2025-05-27T19:29:26.667+0530] {processor.py:183} INFO - Processing /Users/zafarimam/Documents/E-Commerce Order Pipeline/airflow_venv_39/lib/python3.9/site-packages/airflow/example_dags/example_nested_branch_dag.py took 0.139 seconds
[2025-05-27T19:31:26.943+0530] {processor.py:161} INFO - Started process (PID=28328) to work on /Users/zafarimam/Documents/E-Commerce Order Pipeline/airflow_venv_39/lib/python3.9/site-packages/airflow/example_dags/example_nested_branch_dag.py
[2025-05-27T19:31:26.944+0530] {processor.py:830} INFO - Processing file /Users/zafarimam/Documents/E-Commerce Order Pipeline/airflow_venv_39/lib/python3.9/site-packages/airflow/example_dags/example_nested_branch_dag.py for tasks to queue
[2025-05-27T19:31:26.945+0530] {logging_mixin.py:188} INFO - [2025-05-27T19:31:26.944+0530] {dagbag.py:538} INFO - Filling up the DagBag from /Users/zafarimam/Documents/E-Commerce Order Pipeline/airflow_venv_39/lib/python3.9/site-packages/airflow/example_dags/example_nested_branch_dag.py
[2025-05-27T19:31:26.979+0530] {processor.py:840} INFO - DAG(s) 'example_nested_branch_dag' retrieved from /Users/zafarimam/Documents/E-Commerce Order Pipeline/airflow_venv_39/lib/python3.9/site-packages/airflow/example_dags/example_nested_branch_dag.py
[2025-05-27T19:31:27.053+0530] {logging_mixin.py:188} INFO - [2025-05-27T19:31:27.053+0530] {dag.py:3036} INFO - Sync 1 DAGs
[2025-05-27T19:31:27.064+0530] {logging_mixin.py:188} INFO - [2025-05-27T19:31:27.064+0530] {dag.py:3823} INFO - Setting next_dagrun for example_nested_branch_dag to 2025-05-26 00:00:00+00:00, run_after=2025-05-27 00:00:00+00:00
[2025-05-27T19:31:27.078+0530] {processor.py:183} INFO - Processing /Users/zafarimam/Documents/E-Commerce Order Pipeline/airflow_venv_39/lib/python3.9/site-packages/airflow/example_dags/example_nested_branch_dag.py took 0.136 seconds
[2025-05-27T19:33:08.325+0530] {processor.py:161} INFO - Started process (PID=28381) to work on /Users/zafarimam/Documents/E-Commerce Order Pipeline/airflow_venv_39/lib/python3.9/site-packages/airflow/example_dags/example_nested_branch_dag.py
[2025-05-27T19:33:08.326+0530] {processor.py:830} INFO - Processing file /Users/zafarimam/Documents/E-Commerce Order Pipeline/airflow_venv_39/lib/python3.9/site-packages/airflow/example_dags/example_nested_branch_dag.py for tasks to queue
[2025-05-27T19:33:08.326+0530] {logging_mixin.py:188} INFO - [2025-05-27T19:33:08.326+0530] {dagbag.py:538} INFO - Filling up the DagBag from /Users/zafarimam/Documents/E-Commerce Order Pipeline/airflow_venv_39/lib/python3.9/site-packages/airflow/example_dags/example_nested_branch_dag.py
[2025-05-27T19:33:08.360+0530] {processor.py:840} INFO - DAG(s) 'example_nested_branch_dag' retrieved from /Users/zafarimam/Documents/E-Commerce Order Pipeline/airflow_venv_39/lib/python3.9/site-packages/airflow/example_dags/example_nested_branch_dag.py
[2025-05-27T19:33:08.435+0530] {logging_mixin.py:188} INFO - [2025-05-27T19:33:08.435+0530] {dag.py:3036} INFO - Sync 1 DAGs
[2025-05-27T19:33:08.447+0530] {logging_mixin.py:188} INFO - [2025-05-27T19:33:08.447+0530] {dag.py:3823} INFO - Setting next_dagrun for example_nested_branch_dag to 2025-05-26 00:00:00+00:00, run_after=2025-05-27 00:00:00+00:00
[2025-05-27T19:33:08.465+0530] {processor.py:183} INFO - Processing /Users/zafarimam/Documents/E-Commerce Order Pipeline/airflow_venv_39/lib/python3.9/site-packages/airflow/example_dags/example_nested_branch_dag.py took 0.141 seconds
[2025-05-27T19:34:48.619+0530] {processor.py:161} INFO - Started process (PID=28433) to work on /Users/zafarimam/Documents/E-Commerce Order Pipeline/airflow_venv_39/lib/python3.9/site-packages/airflow/example_dags/example_nested_branch_dag.py
[2025-05-27T19:34:48.620+0530] {processor.py:830} INFO - Processing file /Users/zafarimam/Documents/E-Commerce Order Pipeline/airflow_venv_39/lib/python3.9/site-packages/airflow/example_dags/example_nested_branch_dag.py for tasks to queue
[2025-05-27T19:34:48.620+0530] {logging_mixin.py:188} INFO - [2025-05-27T19:34:48.620+0530] {dagbag.py:538} INFO - Filling up the DagBag from /Users/zafarimam/Documents/E-Commerce Order Pipeline/airflow_venv_39/lib/python3.9/site-packages/airflow/example_dags/example_nested_branch_dag.py
[2025-05-27T19:34:48.655+0530] {processor.py:840} INFO - DAG(s) 'example_nested_branch_dag' retrieved from /Users/zafarimam/Documents/E-Commerce Order Pipeline/airflow_venv_39/lib/python3.9/site-packages/airflow/example_dags/example_nested_branch_dag.py
[2025-05-27T19:34:48.729+0530] {logging_mixin.py:188} INFO - [2025-05-27T19:34:48.729+0530] {dag.py:3036} INFO - Sync 1 DAGs
[2025-05-27T19:34:48.741+0530] {logging_mixin.py:188} INFO - [2025-05-27T19:34:48.740+0530] {dag.py:3823} INFO - Setting next_dagrun for example_nested_branch_dag to 2025-05-26 00:00:00+00:00, run_after=2025-05-27 00:00:00+00:00
[2025-05-27T19:34:48.758+0530] {processor.py:183} INFO - Processing /Users/zafarimam/Documents/E-Commerce Order Pipeline/airflow_venv_39/lib/python3.9/site-packages/airflow/example_dags/example_nested_branch_dag.py took 0.140 seconds
[2025-05-27T19:36:30.075+0530] {processor.py:161} INFO - Started process (PID=28486) to work on /Users/zafarimam/Documents/E-Commerce Order Pipeline/airflow_venv_39/lib/python3.9/site-packages/airflow/example_dags/example_nested_branch_dag.py
[2025-05-27T19:36:30.075+0530] {processor.py:830} INFO - Processing file /Users/zafarimam/Documents/E-Commerce Order Pipeline/airflow_venv_39/lib/python3.9/site-packages/airflow/example_dags/example_nested_branch_dag.py for tasks to queue
[2025-05-27T19:36:30.076+0530] {logging_mixin.py:188} INFO - [2025-05-27T19:36:30.076+0530] {dagbag.py:538} INFO - Filling up the DagBag from /Users/zafarimam/Documents/E-Commerce Order Pipeline/airflow_venv_39/lib/python3.9/site-packages/airflow/example_dags/example_nested_branch_dag.py
[2025-05-27T19:36:30.111+0530] {processor.py:840} INFO - DAG(s) 'example_nested_branch_dag' retrieved from /Users/zafarimam/Documents/E-Commerce Order Pipeline/airflow_venv_39/lib/python3.9/site-packages/airflow/example_dags/example_nested_branch_dag.py
[2025-05-27T19:36:30.186+0530] {logging_mixin.py:188} INFO - [2025-05-27T19:36:30.186+0530] {dag.py:3036} INFO - Sync 1 DAGs
[2025-05-27T19:36:30.198+0530] {logging_mixin.py:188} INFO - [2025-05-27T19:36:30.198+0530] {dag.py:3823} INFO - Setting next_dagrun for example_nested_branch_dag to 2025-05-26 00:00:00+00:00, run_after=2025-05-27 00:00:00+00:00
[2025-05-27T19:36:30.215+0530] {processor.py:183} INFO - Processing /Users/zafarimam/Documents/E-Commerce Order Pipeline/airflow_venv_39/lib/python3.9/site-packages/airflow/example_dags/example_nested_branch_dag.py took 0.142 seconds
[2025-05-27T19:38:10.925+0530] {processor.py:161} INFO - Started process (PID=28537) to work on /Users/zafarimam/Documents/E-Commerce Order Pipeline/airflow_venv_39/lib/python3.9/site-packages/airflow/example_dags/example_nested_branch_dag.py
[2025-05-27T19:38:10.926+0530] {processor.py:830} INFO - Processing file /Users/zafarimam/Documents/E-Commerce Order Pipeline/airflow_venv_39/lib/python3.9/site-packages/airflow/example_dags/example_nested_branch_dag.py for tasks to queue
[2025-05-27T19:38:10.927+0530] {logging_mixin.py:188} INFO - [2025-05-27T19:38:10.926+0530] {dagbag.py:538} INFO - Filling up the DagBag from /Users/zafarimam/Documents/E-Commerce Order Pipeline/airflow_venv_39/lib/python3.9/site-packages/airflow/example_dags/example_nested_branch_dag.py
[2025-05-27T19:38:10.961+0530] {processor.py:840} INFO - DAG(s) 'example_nested_branch_dag' retrieved from /Users/zafarimam/Documents/E-Commerce Order Pipeline/airflow_venv_39/lib/python3.9/site-packages/airflow/example_dags/example_nested_branch_dag.py
[2025-05-27T19:38:11.035+0530] {logging_mixin.py:188} INFO - [2025-05-27T19:38:11.035+0530] {dag.py:3036} INFO - Sync 1 DAGs
[2025-05-27T19:38:11.047+0530] {logging_mixin.py:188} INFO - [2025-05-27T19:38:11.047+0530] {dag.py:3823} INFO - Setting next_dagrun for example_nested_branch_dag to 2025-05-26 00:00:00+00:00, run_after=2025-05-27 00:00:00+00:00
[2025-05-27T19:38:11.064+0530] {processor.py:183} INFO - Processing /Users/zafarimam/Documents/E-Commerce Order Pipeline/airflow_venv_39/lib/python3.9/site-packages/airflow/example_dags/example_nested_branch_dag.py took 0.140 seconds
[2025-05-27T19:39:50.871+0530] {processor.py:161} INFO - Started process (PID=28589) to work on /Users/zafarimam/Documents/E-Commerce Order Pipeline/airflow_venv_39/lib/python3.9/site-packages/airflow/example_dags/example_nested_branch_dag.py
[2025-05-27T19:39:50.872+0530] {processor.py:830} INFO - Processing file /Users/zafarimam/Documents/E-Commerce Order Pipeline/airflow_venv_39/lib/python3.9/site-packages/airflow/example_dags/example_nested_branch_dag.py for tasks to queue
[2025-05-27T19:39:50.872+0530] {logging_mixin.py:188} INFO - [2025-05-27T19:39:50.872+0530] {dagbag.py:538} INFO - Filling up the DagBag from /Users/zafarimam/Documents/E-Commerce Order Pipeline/airflow_venv_39/lib/python3.9/site-packages/airflow/example_dags/example_nested_branch_dag.py
[2025-05-27T19:39:50.907+0530] {processor.py:840} INFO - DAG(s) 'example_nested_branch_dag' retrieved from /Users/zafarimam/Documents/E-Commerce Order Pipeline/airflow_venv_39/lib/python3.9/site-packages/airflow/example_dags/example_nested_branch_dag.py
[2025-05-27T19:39:50.982+0530] {logging_mixin.py:188} INFO - [2025-05-27T19:39:50.981+0530] {dag.py:3036} INFO - Sync 1 DAGs
[2025-05-27T19:39:50.993+0530] {logging_mixin.py:188} INFO - [2025-05-27T19:39:50.993+0530] {dag.py:3823} INFO - Setting next_dagrun for example_nested_branch_dag to 2025-05-26 00:00:00+00:00, run_after=2025-05-27 00:00:00+00:00
[2025-05-27T19:39:51.007+0530] {processor.py:183} INFO - Processing /Users/zafarimam/Documents/E-Commerce Order Pipeline/airflow_venv_39/lib/python3.9/site-packages/airflow/example_dags/example_nested_branch_dag.py took 0.137 seconds
[2025-05-27T19:41:29.789+0530] {processor.py:161} INFO - Started process (PID=28641) to work on /Users/zafarimam/Documents/E-Commerce Order Pipeline/airflow_venv_39/lib/python3.9/site-packages/airflow/example_dags/example_nested_branch_dag.py
[2025-05-27T19:41:29.790+0530] {processor.py:830} INFO - Processing file /Users/zafarimam/Documents/E-Commerce Order Pipeline/airflow_venv_39/lib/python3.9/site-packages/airflow/example_dags/example_nested_branch_dag.py for tasks to queue
[2025-05-27T19:41:29.790+0530] {logging_mixin.py:188} INFO - [2025-05-27T19:41:29.790+0530] {dagbag.py:538} INFO - Filling up the DagBag from /Users/zafarimam/Documents/E-Commerce Order Pipeline/airflow_venv_39/lib/python3.9/site-packages/airflow/example_dags/example_nested_branch_dag.py
[2025-05-27T19:41:29.824+0530] {processor.py:840} INFO - DAG(s) 'example_nested_branch_dag' retrieved from /Users/zafarimam/Documents/E-Commerce Order Pipeline/airflow_venv_39/lib/python3.9/site-packages/airflow/example_dags/example_nested_branch_dag.py
[2025-05-27T19:41:29.899+0530] {logging_mixin.py:188} INFO - [2025-05-27T19:41:29.899+0530] {dag.py:3036} INFO - Sync 1 DAGs
[2025-05-27T19:41:29.911+0530] {logging_mixin.py:188} INFO - [2025-05-27T19:41:29.911+0530] {dag.py:3823} INFO - Setting next_dagrun for example_nested_branch_dag to 2025-05-26 00:00:00+00:00, run_after=2025-05-27 00:00:00+00:00
[2025-05-27T19:41:29.928+0530] {processor.py:183} INFO - Processing /Users/zafarimam/Documents/E-Commerce Order Pipeline/airflow_venv_39/lib/python3.9/site-packages/airflow/example_dags/example_nested_branch_dag.py took 0.141 seconds
[2025-05-27T19:43:11.157+0530] {processor.py:161} INFO - Started process (PID=28692) to work on /Users/zafarimam/Documents/E-Commerce Order Pipeline/airflow_venv_39/lib/python3.9/site-packages/airflow/example_dags/example_nested_branch_dag.py
[2025-05-27T19:43:11.158+0530] {processor.py:830} INFO - Processing file /Users/zafarimam/Documents/E-Commerce Order Pipeline/airflow_venv_39/lib/python3.9/site-packages/airflow/example_dags/example_nested_branch_dag.py for tasks to queue
[2025-05-27T19:43:11.159+0530] {logging_mixin.py:188} INFO - [2025-05-27T19:43:11.158+0530] {dagbag.py:538} INFO - Filling up the DagBag from /Users/zafarimam/Documents/E-Commerce Order Pipeline/airflow_venv_39/lib/python3.9/site-packages/airflow/example_dags/example_nested_branch_dag.py
[2025-05-27T19:43:11.193+0530] {processor.py:840} INFO - DAG(s) 'example_nested_branch_dag' retrieved from /Users/zafarimam/Documents/E-Commerce Order Pipeline/airflow_venv_39/lib/python3.9/site-packages/airflow/example_dags/example_nested_branch_dag.py
[2025-05-27T19:43:11.269+0530] {logging_mixin.py:188} INFO - [2025-05-27T19:43:11.269+0530] {dag.py:3036} INFO - Sync 1 DAGs
[2025-05-27T19:43:11.281+0530] {logging_mixin.py:188} INFO - [2025-05-27T19:43:11.281+0530] {dag.py:3823} INFO - Setting next_dagrun for example_nested_branch_dag to 2025-05-26 00:00:00+00:00, run_after=2025-05-27 00:00:00+00:00
[2025-05-27T19:43:11.299+0530] {processor.py:183} INFO - Processing /Users/zafarimam/Documents/E-Commerce Order Pipeline/airflow_venv_39/lib/python3.9/site-packages/airflow/example_dags/example_nested_branch_dag.py took 0.143 seconds
[2025-05-27T19:45:25.145+0530] {processor.py:161} INFO - Started process (PID=28835) to work on /Users/zafarimam/Documents/E-Commerce Order Pipeline/airflow_venv_39/lib/python3.9/site-packages/airflow/example_dags/example_nested_branch_dag.py
[2025-05-27T19:45:25.147+0530] {processor.py:830} INFO - Processing file /Users/zafarimam/Documents/E-Commerce Order Pipeline/airflow_venv_39/lib/python3.9/site-packages/airflow/example_dags/example_nested_branch_dag.py for tasks to queue
[2025-05-27T19:45:25.147+0530] {logging_mixin.py:188} INFO - [2025-05-27T19:45:25.147+0530] {dagbag.py:538} INFO - Filling up the DagBag from /Users/zafarimam/Documents/E-Commerce Order Pipeline/airflow_venv_39/lib/python3.9/site-packages/airflow/example_dags/example_nested_branch_dag.py
[2025-05-27T19:45:25.185+0530] {processor.py:840} INFO - DAG(s) 'example_nested_branch_dag' retrieved from /Users/zafarimam/Documents/E-Commerce Order Pipeline/airflow_venv_39/lib/python3.9/site-packages/airflow/example_dags/example_nested_branch_dag.py
[2025-05-27T19:45:25.265+0530] {logging_mixin.py:188} INFO - [2025-05-27T19:45:25.265+0530] {dag.py:3036} INFO - Sync 1 DAGs
[2025-05-27T19:45:25.278+0530] {logging_mixin.py:188} INFO - [2025-05-27T19:45:25.278+0530] {dag.py:3823} INFO - Setting next_dagrun for example_nested_branch_dag to 2025-05-26 00:00:00+00:00, run_after=2025-05-27 00:00:00+00:00
[2025-05-27T19:45:25.292+0530] {processor.py:183} INFO - Processing /Users/zafarimam/Documents/E-Commerce Order Pipeline/airflow_venv_39/lib/python3.9/site-packages/airflow/example_dags/example_nested_branch_dag.py took 0.149 seconds
[2025-05-27T19:47:09.381+0530] {processor.py:161} INFO - Started process (PID=28895) to work on /Users/zafarimam/Documents/E-Commerce Order Pipeline/airflow_venv_39/lib/python3.9/site-packages/airflow/example_dags/example_nested_branch_dag.py
[2025-05-27T19:47:09.382+0530] {processor.py:830} INFO - Processing file /Users/zafarimam/Documents/E-Commerce Order Pipeline/airflow_venv_39/lib/python3.9/site-packages/airflow/example_dags/example_nested_branch_dag.py for tasks to queue
[2025-05-27T19:47:09.383+0530] {logging_mixin.py:188} INFO - [2025-05-27T19:47:09.383+0530] {dagbag.py:538} INFO - Filling up the DagBag from /Users/zafarimam/Documents/E-Commerce Order Pipeline/airflow_venv_39/lib/python3.9/site-packages/airflow/example_dags/example_nested_branch_dag.py
[2025-05-27T19:47:09.421+0530] {processor.py:840} INFO - DAG(s) 'example_nested_branch_dag' retrieved from /Users/zafarimam/Documents/E-Commerce Order Pipeline/airflow_venv_39/lib/python3.9/site-packages/airflow/example_dags/example_nested_branch_dag.py
[2025-05-27T19:47:09.499+0530] {logging_mixin.py:188} INFO - [2025-05-27T19:47:09.498+0530] {dag.py:3036} INFO - Sync 1 DAGs
[2025-05-27T19:47:09.511+0530] {logging_mixin.py:188} INFO - [2025-05-27T19:47:09.511+0530] {dag.py:3823} INFO - Setting next_dagrun for example_nested_branch_dag to 2025-05-26 00:00:00+00:00, run_after=2025-05-27 00:00:00+00:00
[2025-05-27T19:47:09.524+0530] {processor.py:183} INFO - Processing /Users/zafarimam/Documents/E-Commerce Order Pipeline/airflow_venv_39/lib/python3.9/site-packages/airflow/example_dags/example_nested_branch_dag.py took 0.144 seconds
[2025-05-27T19:48:52.240+0530] {processor.py:161} INFO - Started process (PID=28959) to work on /Users/zafarimam/Documents/E-Commerce Order Pipeline/airflow_venv_39/lib/python3.9/site-packages/airflow/example_dags/example_nested_branch_dag.py
[2025-05-27T19:48:52.241+0530] {processor.py:830} INFO - Processing file /Users/zafarimam/Documents/E-Commerce Order Pipeline/airflow_venv_39/lib/python3.9/site-packages/airflow/example_dags/example_nested_branch_dag.py for tasks to queue
[2025-05-27T19:48:52.241+0530] {logging_mixin.py:188} INFO - [2025-05-27T19:48:52.241+0530] {dagbag.py:538} INFO - Filling up the DagBag from /Users/zafarimam/Documents/E-Commerce Order Pipeline/airflow_venv_39/lib/python3.9/site-packages/airflow/example_dags/example_nested_branch_dag.py
[2025-05-27T19:48:52.279+0530] {processor.py:840} INFO - DAG(s) 'example_nested_branch_dag' retrieved from /Users/zafarimam/Documents/E-Commerce Order Pipeline/airflow_venv_39/lib/python3.9/site-packages/airflow/example_dags/example_nested_branch_dag.py
[2025-05-27T19:48:52.360+0530] {logging_mixin.py:188} INFO - [2025-05-27T19:48:52.360+0530] {dag.py:3036} INFO - Sync 1 DAGs
[2025-05-27T19:48:52.374+0530] {logging_mixin.py:188} INFO - [2025-05-27T19:48:52.374+0530] {dag.py:3823} INFO - Setting next_dagrun for example_nested_branch_dag to 2025-05-26 00:00:00+00:00, run_after=2025-05-27 00:00:00+00:00
[2025-05-27T19:48:52.390+0530] {processor.py:183} INFO - Processing /Users/zafarimam/Documents/E-Commerce Order Pipeline/airflow_venv_39/lib/python3.9/site-packages/airflow/example_dags/example_nested_branch_dag.py took 0.151 seconds
[2025-05-27T19:50:37.976+0530] {processor.py:161} INFO - Started process (PID=29038) to work on /Users/zafarimam/Documents/E-Commerce Order Pipeline/airflow_venv_39/lib/python3.9/site-packages/airflow/example_dags/example_nested_branch_dag.py
[2025-05-27T19:50:37.977+0530] {processor.py:830} INFO - Processing file /Users/zafarimam/Documents/E-Commerce Order Pipeline/airflow_venv_39/lib/python3.9/site-packages/airflow/example_dags/example_nested_branch_dag.py for tasks to queue
[2025-05-27T19:50:37.977+0530] {logging_mixin.py:188} INFO - [2025-05-27T19:50:37.977+0530] {dagbag.py:538} INFO - Filling up the DagBag from /Users/zafarimam/Documents/E-Commerce Order Pipeline/airflow_venv_39/lib/python3.9/site-packages/airflow/example_dags/example_nested_branch_dag.py
[2025-05-27T19:50:38.013+0530] {processor.py:840} INFO - DAG(s) 'example_nested_branch_dag' retrieved from /Users/zafarimam/Documents/E-Commerce Order Pipeline/airflow_venv_39/lib/python3.9/site-packages/airflow/example_dags/example_nested_branch_dag.py
[2025-05-27T19:50:38.093+0530] {logging_mixin.py:188} INFO - [2025-05-27T19:50:38.093+0530] {dag.py:3036} INFO - Sync 1 DAGs
[2025-05-27T19:50:38.106+0530] {logging_mixin.py:188} INFO - [2025-05-27T19:50:38.106+0530] {dag.py:3823} INFO - Setting next_dagrun for example_nested_branch_dag to 2025-05-26 00:00:00+00:00, run_after=2025-05-27 00:00:00+00:00
[2025-05-27T19:50:38.119+0530] {processor.py:183} INFO - Processing /Users/zafarimam/Documents/E-Commerce Order Pipeline/airflow_venv_39/lib/python3.9/site-packages/airflow/example_dags/example_nested_branch_dag.py took 0.145 seconds
[2025-05-27T19:52:27.704+0530] {processor.py:161} INFO - Started process (PID=29117) to work on /Users/zafarimam/Documents/E-Commerce Order Pipeline/airflow_venv_39/lib/python3.9/site-packages/airflow/example_dags/example_nested_branch_dag.py
[2025-05-27T19:52:27.706+0530] {processor.py:830} INFO - Processing file /Users/zafarimam/Documents/E-Commerce Order Pipeline/airflow_venv_39/lib/python3.9/site-packages/airflow/example_dags/example_nested_branch_dag.py for tasks to queue
[2025-05-27T19:52:27.707+0530] {logging_mixin.py:188} INFO - [2025-05-27T19:52:27.706+0530] {dagbag.py:538} INFO - Filling up the DagBag from /Users/zafarimam/Documents/E-Commerce Order Pipeline/airflow_venv_39/lib/python3.9/site-packages/airflow/example_dags/example_nested_branch_dag.py
[2025-05-27T19:52:27.746+0530] {processor.py:840} INFO - DAG(s) 'example_nested_branch_dag' retrieved from /Users/zafarimam/Documents/E-Commerce Order Pipeline/airflow_venv_39/lib/python3.9/site-packages/airflow/example_dags/example_nested_branch_dag.py
[2025-05-27T19:52:27.829+0530] {logging_mixin.py:188} INFO - [2025-05-27T19:52:27.829+0530] {dag.py:3036} INFO - Sync 1 DAGs
[2025-05-27T19:52:27.843+0530] {logging_mixin.py:188} INFO - [2025-05-27T19:52:27.843+0530] {dag.py:3823} INFO - Setting next_dagrun for example_nested_branch_dag to 2025-05-26 00:00:00+00:00, run_after=2025-05-27 00:00:00+00:00
[2025-05-27T19:52:27.857+0530] {processor.py:183} INFO - Processing /Users/zafarimam/Documents/E-Commerce Order Pipeline/airflow_venv_39/lib/python3.9/site-packages/airflow/example_dags/example_nested_branch_dag.py took 0.155 seconds
