[2025-05-27T17:38:10.893+0530] {processor.py:161} INFO - Started process (PID=22813) to work on /Users/zafarimam/Documents/E-Commerce Order Pipeline/airflow_venv_39/lib/python3.9/site-packages/airflow/example_dags/example_task_group.py
[2025-05-27T17:38:10.894+0530] {processor.py:830} INFO - Processing file /Users/zafarimam/Documents/E-Commerce Order Pipeline/airflow_venv_39/lib/python3.9/site-packages/airflow/example_dags/example_task_group.py for tasks to queue
[2025-05-27T17:38:10.895+0530] {logging_mixin.py:188} INFO - [2025-05-27T17:38:10.895+0530] {dagbag.py:538} INFO - Filling up the DagBag from /Users/zafarimam/Documents/E-Commerce Order Pipeline/airflow_venv_39/lib/python3.9/site-packages/airflow/example_dags/example_task_group.py
[2025-05-27T17:38:10.905+0530] {processor.py:840} INFO - DAG(s) 'example_task_group' retrieved from /Users/zafarimam/Documents/E-Commerce Order Pipeline/airflow_venv_39/lib/python3.9/site-packages/airflow/example_dags/example_task_group.py
[2025-05-27T17:38:11.068+0530] {logging_mixin.py:188} INFO - [2025-05-27T17:38:11.067+0530] {dag.py:3036} INFO - Sync 1 DAGs
[2025-05-27T17:38:11.079+0530] {logging_mixin.py:188} INFO - [2025-05-27T17:38:11.079+0530] {dag.py:3823} INFO - Setting next_dagrun for example_task_group to 2025-05-26 00:00:00+00:00, run_after=2025-05-27 00:00:00+00:00
[2025-05-27T17:38:11.093+0530] {processor.py:183} INFO - Processing /Users/zafarimam/Documents/E-Commerce Order Pipeline/airflow_venv_39/lib/python3.9/site-packages/airflow/example_dags/example_task_group.py took 0.201 seconds
[2025-05-27T17:40:15.353+0530] {processor.py:161} INFO - Started process (PID=22903) to work on /Users/zafarimam/Documents/E-Commerce Order Pipeline/airflow_venv_39/lib/python3.9/site-packages/airflow/example_dags/example_task_group.py
[2025-05-27T17:40:15.355+0530] {processor.py:830} INFO - Processing file /Users/zafarimam/Documents/E-Commerce Order Pipeline/airflow_venv_39/lib/python3.9/site-packages/airflow/example_dags/example_task_group.py for tasks to queue
[2025-05-27T17:40:15.355+0530] {logging_mixin.py:188} INFO - [2025-05-27T17:40:15.355+0530] {dagbag.py:538} INFO - Filling up the DagBag from /Users/zafarimam/Documents/E-Commerce Order Pipeline/airflow_venv_39/lib/python3.9/site-packages/airflow/example_dags/example_task_group.py
[2025-05-27T17:40:15.366+0530] {processor.py:840} INFO - DAG(s) 'example_task_group' retrieved from /Users/zafarimam/Documents/E-Commerce Order Pipeline/airflow_venv_39/lib/python3.9/site-packages/airflow/example_dags/example_task_group.py
[2025-05-27T17:40:15.477+0530] {logging_mixin.py:188} INFO - [2025-05-27T17:40:15.477+0530] {dag.py:3036} INFO - Sync 1 DAGs
[2025-05-27T17:40:15.495+0530] {logging_mixin.py:188} INFO - [2025-05-27T17:40:15.495+0530] {dag.py:3823} INFO - Setting next_dagrun for example_task_group to 2025-05-26 00:00:00+00:00, run_after=2025-05-27 00:00:00+00:00
[2025-05-27T17:40:15.516+0530] {processor.py:183} INFO - Processing /Users/zafarimam/Documents/E-Commerce Order Pipeline/airflow_venv_39/lib/python3.9/site-packages/airflow/example_dags/example_task_group.py took 0.164 seconds
[2025-05-27T17:42:15.432+0530] {processor.py:161} INFO - Started process (PID=22966) to work on /Users/zafarimam/Documents/E-Commerce Order Pipeline/airflow_venv_39/lib/python3.9/site-packages/airflow/example_dags/example_task_group.py
[2025-05-27T17:42:15.434+0530] {processor.py:830} INFO - Processing file /Users/zafarimam/Documents/E-Commerce Order Pipeline/airflow_venv_39/lib/python3.9/site-packages/airflow/example_dags/example_task_group.py for tasks to queue
[2025-05-27T17:42:15.434+0530] {logging_mixin.py:188} INFO - [2025-05-27T17:42:15.434+0530] {dagbag.py:538} INFO - Filling up the DagBag from /Users/zafarimam/Documents/E-Commerce Order Pipeline/airflow_venv_39/lib/python3.9/site-packages/airflow/example_dags/example_task_group.py
[2025-05-27T17:42:15.443+0530] {processor.py:840} INFO - DAG(s) 'example_task_group' retrieved from /Users/zafarimam/Documents/E-Commerce Order Pipeline/airflow_venv_39/lib/python3.9/site-packages/airflow/example_dags/example_task_group.py
[2025-05-27T17:42:15.531+0530] {logging_mixin.py:188} INFO - [2025-05-27T17:42:15.531+0530] {dag.py:3036} INFO - Sync 1 DAGs
[2025-05-27T17:42:15.544+0530] {logging_mixin.py:188} INFO - [2025-05-27T17:42:15.544+0530] {dag.py:3823} INFO - Setting next_dagrun for example_task_group to 2025-05-26 00:00:00+00:00, run_after=2025-05-27 00:00:00+00:00
[2025-05-27T17:42:15.558+0530] {processor.py:183} INFO - Processing /Users/zafarimam/Documents/E-Commerce Order Pipeline/airflow_venv_39/lib/python3.9/site-packages/airflow/example_dags/example_task_group.py took 0.127 seconds
[2025-05-27T17:44:04.576+0530] {processor.py:161} INFO - Started process (PID=23027) to work on /Users/zafarimam/Documents/E-Commerce Order Pipeline/airflow_venv_39/lib/python3.9/site-packages/airflow/example_dags/example_task_group.py
[2025-05-27T17:44:04.578+0530] {processor.py:830} INFO - Processing file /Users/zafarimam/Documents/E-Commerce Order Pipeline/airflow_venv_39/lib/python3.9/site-packages/airflow/example_dags/example_task_group.py for tasks to queue
[2025-05-27T17:44:04.578+0530] {logging_mixin.py:188} INFO - [2025-05-27T17:44:04.578+0530] {dagbag.py:538} INFO - Filling up the DagBag from /Users/zafarimam/Documents/E-Commerce Order Pipeline/airflow_venv_39/lib/python3.9/site-packages/airflow/example_dags/example_task_group.py
[2025-05-27T17:44:04.587+0530] {processor.py:840} INFO - DAG(s) 'example_task_group' retrieved from /Users/zafarimam/Documents/E-Commerce Order Pipeline/airflow_venv_39/lib/python3.9/site-packages/airflow/example_dags/example_task_group.py
[2025-05-27T17:44:04.671+0530] {logging_mixin.py:188} INFO - [2025-05-27T17:44:04.670+0530] {dag.py:3036} INFO - Sync 1 DAGs
[2025-05-27T17:44:04.682+0530] {logging_mixin.py:188} INFO - [2025-05-27T17:44:04.682+0530] {dag.py:3823} INFO - Setting next_dagrun for example_task_group to 2025-05-26 00:00:00+00:00, run_after=2025-05-27 00:00:00+00:00
[2025-05-27T17:44:04.696+0530] {processor.py:183} INFO - Processing /Users/zafarimam/Documents/E-Commerce Order Pipeline/airflow_venv_39/lib/python3.9/site-packages/airflow/example_dags/example_task_group.py took 0.121 seconds
[2025-05-27T17:50:59.281+0530] {processor.py:161} INFO - Started process (PID=23116) to work on /Users/zafarimam/Documents/E-Commerce Order Pipeline/airflow_venv_39/lib/python3.9/site-packages/airflow/example_dags/example_task_group.py
[2025-05-27T17:50:59.282+0530] {processor.py:830} INFO - Processing file /Users/zafarimam/Documents/E-Commerce Order Pipeline/airflow_venv_39/lib/python3.9/site-packages/airflow/example_dags/example_task_group.py for tasks to queue
[2025-05-27T17:50:59.283+0530] {logging_mixin.py:188} INFO - [2025-05-27T17:50:59.283+0530] {dagbag.py:538} INFO - Filling up the DagBag from /Users/zafarimam/Documents/E-Commerce Order Pipeline/airflow_venv_39/lib/python3.9/site-packages/airflow/example_dags/example_task_group.py
[2025-05-27T17:50:59.292+0530] {processor.py:840} INFO - DAG(s) 'example_task_group' retrieved from /Users/zafarimam/Documents/E-Commerce Order Pipeline/airflow_venv_39/lib/python3.9/site-packages/airflow/example_dags/example_task_group.py
[2025-05-27T17:50:59.385+0530] {logging_mixin.py:188} INFO - [2025-05-27T17:50:59.384+0530] {dag.py:3036} INFO - Sync 1 DAGs
[2025-05-27T17:50:59.398+0530] {logging_mixin.py:188} INFO - [2025-05-27T17:50:59.398+0530] {dag.py:3823} INFO - Setting next_dagrun for example_task_group to 2025-05-26 00:00:00+00:00, run_after=2025-05-27 00:00:00+00:00
[2025-05-27T17:50:59.414+0530] {processor.py:183} INFO - Processing /Users/zafarimam/Documents/E-Commerce Order Pipeline/airflow_venv_39/lib/python3.9/site-packages/airflow/example_dags/example_task_group.py took 0.134 seconds
[2025-05-27T17:52:55.020+0530] {processor.py:161} INFO - Started process (PID=23478) to work on /Users/zafarimam/Documents/E-Commerce Order Pipeline/airflow_venv_39/lib/python3.9/site-packages/airflow/example_dags/example_task_group.py
[2025-05-27T17:52:55.021+0530] {processor.py:830} INFO - Processing file /Users/zafarimam/Documents/E-Commerce Order Pipeline/airflow_venv_39/lib/python3.9/site-packages/airflow/example_dags/example_task_group.py for tasks to queue
[2025-05-27T17:52:55.022+0530] {logging_mixin.py:188} INFO - [2025-05-27T17:52:55.022+0530] {dagbag.py:538} INFO - Filling up the DagBag from /Users/zafarimam/Documents/E-Commerce Order Pipeline/airflow_venv_39/lib/python3.9/site-packages/airflow/example_dags/example_task_group.py
[2025-05-27T17:52:55.031+0530] {processor.py:840} INFO - DAG(s) 'example_task_group' retrieved from /Users/zafarimam/Documents/E-Commerce Order Pipeline/airflow_venv_39/lib/python3.9/site-packages/airflow/example_dags/example_task_group.py
[2025-05-27T17:52:55.118+0530] {logging_mixin.py:188} INFO - [2025-05-27T17:52:55.118+0530] {dag.py:3036} INFO - Sync 1 DAGs
[2025-05-27T17:52:55.130+0530] {logging_mixin.py:188} INFO - [2025-05-27T17:52:55.130+0530] {dag.py:3823} INFO - Setting next_dagrun for example_task_group to 2025-05-26 00:00:00+00:00, run_after=2025-05-27 00:00:00+00:00
[2025-05-27T17:52:55.144+0530] {processor.py:183} INFO - Processing /Users/zafarimam/Documents/E-Commerce Order Pipeline/airflow_venv_39/lib/python3.9/site-packages/airflow/example_dags/example_task_group.py took 0.125 seconds
[2025-05-27T17:55:30.161+0530] {processor.py:161} INFO - Started process (PID=24052) to work on /Users/zafarimam/Documents/E-Commerce Order Pipeline/airflow_venv_39/lib/python3.9/site-packages/airflow/example_dags/example_task_group.py
[2025-05-27T17:55:30.162+0530] {processor.py:830} INFO - Processing file /Users/zafarimam/Documents/E-Commerce Order Pipeline/airflow_venv_39/lib/python3.9/site-packages/airflow/example_dags/example_task_group.py for tasks to queue
[2025-05-27T17:55:30.163+0530] {logging_mixin.py:188} INFO - [2025-05-27T17:55:30.163+0530] {dagbag.py:538} INFO - Filling up the DagBag from /Users/zafarimam/Documents/E-Commerce Order Pipeline/airflow_venv_39/lib/python3.9/site-packages/airflow/example_dags/example_task_group.py
[2025-05-27T17:55:30.172+0530] {processor.py:840} INFO - DAG(s) 'example_task_group' retrieved from /Users/zafarimam/Documents/E-Commerce Order Pipeline/airflow_venv_39/lib/python3.9/site-packages/airflow/example_dags/example_task_group.py
[2025-05-27T17:55:30.322+0530] {logging_mixin.py:188} INFO - [2025-05-27T17:55:30.322+0530] {dag.py:3036} INFO - Sync 1 DAGs
[2025-05-27T17:55:30.334+0530] {logging_mixin.py:188} INFO - [2025-05-27T17:55:30.334+0530] {dag.py:3823} INFO - Setting next_dagrun for example_task_group to 2025-05-26 00:00:00+00:00, run_after=2025-05-27 00:00:00+00:00
[2025-05-27T17:55:30.348+0530] {processor.py:183} INFO - Processing /Users/zafarimam/Documents/E-Commerce Order Pipeline/airflow_venv_39/lib/python3.9/site-packages/airflow/example_dags/example_task_group.py took 0.188 seconds
[2025-05-27T17:57:39.074+0530] {processor.py:161} INFO - Started process (PID=24257) to work on /Users/zafarimam/Documents/E-Commerce Order Pipeline/airflow_venv_39/lib/python3.9/site-packages/airflow/example_dags/example_task_group.py
[2025-05-27T17:57:39.075+0530] {processor.py:830} INFO - Processing file /Users/zafarimam/Documents/E-Commerce Order Pipeline/airflow_venv_39/lib/python3.9/site-packages/airflow/example_dags/example_task_group.py for tasks to queue
[2025-05-27T17:57:39.075+0530] {logging_mixin.py:188} INFO - [2025-05-27T17:57:39.075+0530] {dagbag.py:538} INFO - Filling up the DagBag from /Users/zafarimam/Documents/E-Commerce Order Pipeline/airflow_venv_39/lib/python3.9/site-packages/airflow/example_dags/example_task_group.py
[2025-05-27T17:57:39.084+0530] {processor.py:840} INFO - DAG(s) 'example_task_group' retrieved from /Users/zafarimam/Documents/E-Commerce Order Pipeline/airflow_venv_39/lib/python3.9/site-packages/airflow/example_dags/example_task_group.py
[2025-05-27T17:57:39.169+0530] {logging_mixin.py:188} INFO - [2025-05-27T17:57:39.169+0530] {dag.py:3036} INFO - Sync 1 DAGs
[2025-05-27T17:57:39.182+0530] {logging_mixin.py:188} INFO - [2025-05-27T17:57:39.182+0530] {dag.py:3823} INFO - Setting next_dagrun for example_task_group to 2025-05-26 00:00:00+00:00, run_after=2025-05-27 00:00:00+00:00
[2025-05-27T17:57:39.196+0530] {processor.py:183} INFO - Processing /Users/zafarimam/Documents/E-Commerce Order Pipeline/airflow_venv_39/lib/python3.9/site-packages/airflow/example_dags/example_task_group.py took 0.124 seconds
[2025-05-27T18:06:00.485+0530] {processor.py:161} INFO - Started process (PID=25096) to work on /Users/zafarimam/Documents/E-Commerce Order Pipeline/airflow_venv_39/lib/python3.9/site-packages/airflow/example_dags/example_task_group.py
[2025-05-27T18:06:00.487+0530] {processor.py:830} INFO - Processing file /Users/zafarimam/Documents/E-Commerce Order Pipeline/airflow_venv_39/lib/python3.9/site-packages/airflow/example_dags/example_task_group.py for tasks to queue
[2025-05-27T18:06:00.487+0530] {logging_mixin.py:188} INFO - [2025-05-27T18:06:00.487+0530] {dagbag.py:538} INFO - Filling up the DagBag from /Users/zafarimam/Documents/E-Commerce Order Pipeline/airflow_venv_39/lib/python3.9/site-packages/airflow/example_dags/example_task_group.py
[2025-05-27T18:06:00.497+0530] {processor.py:840} INFO - DAG(s) 'example_task_group' retrieved from /Users/zafarimam/Documents/E-Commerce Order Pipeline/airflow_venv_39/lib/python3.9/site-packages/airflow/example_dags/example_task_group.py
[2025-05-27T18:06:00.595+0530] {logging_mixin.py:188} INFO - [2025-05-27T18:06:00.595+0530] {dag.py:3036} INFO - Sync 1 DAGs
[2025-05-27T18:06:00.609+0530] {logging_mixin.py:188} INFO - [2025-05-27T18:06:00.609+0530] {dag.py:3823} INFO - Setting next_dagrun for example_task_group to 2025-05-26 00:00:00+00:00, run_after=2025-05-27 00:00:00+00:00
[2025-05-27T18:06:00.625+0530] {processor.py:183} INFO - Processing /Users/zafarimam/Documents/E-Commerce Order Pipeline/airflow_venv_39/lib/python3.9/site-packages/airflow/example_dags/example_task_group.py took 0.142 seconds
[2025-05-27T18:08:04.424+0530] {processor.py:161} INFO - Started process (PID=25160) to work on /Users/zafarimam/Documents/E-Commerce Order Pipeline/airflow_venv_39/lib/python3.9/site-packages/airflow/example_dags/example_task_group.py
[2025-05-27T18:08:04.425+0530] {processor.py:830} INFO - Processing file /Users/zafarimam/Documents/E-Commerce Order Pipeline/airflow_venv_39/lib/python3.9/site-packages/airflow/example_dags/example_task_group.py for tasks to queue
[2025-05-27T18:08:04.426+0530] {logging_mixin.py:188} INFO - [2025-05-27T18:08:04.426+0530] {dagbag.py:538} INFO - Filling up the DagBag from /Users/zafarimam/Documents/E-Commerce Order Pipeline/airflow_venv_39/lib/python3.9/site-packages/airflow/example_dags/example_task_group.py
[2025-05-27T18:08:04.435+0530] {processor.py:840} INFO - DAG(s) 'example_task_group' retrieved from /Users/zafarimam/Documents/E-Commerce Order Pipeline/airflow_venv_39/lib/python3.9/site-packages/airflow/example_dags/example_task_group.py
[2025-05-27T18:08:04.532+0530] {logging_mixin.py:188} INFO - [2025-05-27T18:08:04.532+0530] {dag.py:3036} INFO - Sync 1 DAGs
[2025-05-27T18:08:04.546+0530] {logging_mixin.py:188} INFO - [2025-05-27T18:08:04.545+0530] {dag.py:3823} INFO - Setting next_dagrun for example_task_group to 2025-05-26 00:00:00+00:00, run_after=2025-05-27 00:00:00+00:00
[2025-05-27T18:08:04.561+0530] {processor.py:183} INFO - Processing /Users/zafarimam/Documents/E-Commerce Order Pipeline/airflow_venv_39/lib/python3.9/site-packages/airflow/example_dags/example_task_group.py took 0.139 seconds
[2025-05-27T18:10:02.710+0530] {processor.py:161} INFO - Started process (PID=25221) to work on /Users/zafarimam/Documents/E-Commerce Order Pipeline/airflow_venv_39/lib/python3.9/site-packages/airflow/example_dags/example_task_group.py
[2025-05-27T18:10:02.711+0530] {processor.py:830} INFO - Processing file /Users/zafarimam/Documents/E-Commerce Order Pipeline/airflow_venv_39/lib/python3.9/site-packages/airflow/example_dags/example_task_group.py for tasks to queue
[2025-05-27T18:10:02.711+0530] {logging_mixin.py:188} INFO - [2025-05-27T18:10:02.711+0530] {dagbag.py:538} INFO - Filling up the DagBag from /Users/zafarimam/Documents/E-Commerce Order Pipeline/airflow_venv_39/lib/python3.9/site-packages/airflow/example_dags/example_task_group.py
[2025-05-27T18:10:02.720+0530] {processor.py:840} INFO - DAG(s) 'example_task_group' retrieved from /Users/zafarimam/Documents/E-Commerce Order Pipeline/airflow_venv_39/lib/python3.9/site-packages/airflow/example_dags/example_task_group.py
[2025-05-27T18:10:02.808+0530] {logging_mixin.py:188} INFO - [2025-05-27T18:10:02.808+0530] {dag.py:3036} INFO - Sync 1 DAGs
[2025-05-27T18:10:02.820+0530] {logging_mixin.py:188} INFO - [2025-05-27T18:10:02.820+0530] {dag.py:3823} INFO - Setting next_dagrun for example_task_group to 2025-05-26 00:00:00+00:00, run_after=2025-05-27 00:00:00+00:00
[2025-05-27T18:10:02.834+0530] {processor.py:183} INFO - Processing /Users/zafarimam/Documents/E-Commerce Order Pipeline/airflow_venv_39/lib/python3.9/site-packages/airflow/example_dags/example_task_group.py took 0.126 seconds
[2025-05-27T18:11:48.250+0530] {processor.py:161} INFO - Started process (PID=25278) to work on /Users/zafarimam/Documents/E-Commerce Order Pipeline/airflow_venv_39/lib/python3.9/site-packages/airflow/example_dags/example_task_group.py
[2025-05-27T18:11:48.251+0530] {processor.py:830} INFO - Processing file /Users/zafarimam/Documents/E-Commerce Order Pipeline/airflow_venv_39/lib/python3.9/site-packages/airflow/example_dags/example_task_group.py for tasks to queue
[2025-05-27T18:11:48.252+0530] {logging_mixin.py:188} INFO - [2025-05-27T18:11:48.251+0530] {dagbag.py:538} INFO - Filling up the DagBag from /Users/zafarimam/Documents/E-Commerce Order Pipeline/airflow_venv_39/lib/python3.9/site-packages/airflow/example_dags/example_task_group.py
[2025-05-27T18:11:48.261+0530] {processor.py:840} INFO - DAG(s) 'example_task_group' retrieved from /Users/zafarimam/Documents/E-Commerce Order Pipeline/airflow_venv_39/lib/python3.9/site-packages/airflow/example_dags/example_task_group.py
[2025-05-27T18:11:48.348+0530] {logging_mixin.py:188} INFO - [2025-05-27T18:11:48.348+0530] {dag.py:3036} INFO - Sync 1 DAGs
[2025-05-27T18:11:48.359+0530] {logging_mixin.py:188} INFO - [2025-05-27T18:11:48.359+0530] {dag.py:3823} INFO - Setting next_dagrun for example_task_group to 2025-05-26 00:00:00+00:00, run_after=2025-05-27 00:00:00+00:00
[2025-05-27T18:11:48.373+0530] {processor.py:183} INFO - Processing /Users/zafarimam/Documents/E-Commerce Order Pipeline/airflow_venv_39/lib/python3.9/site-packages/airflow/example_dags/example_task_group.py took 0.124 seconds
[2025-05-27T18:13:48.571+0530] {processor.py:161} INFO - Started process (PID=25345) to work on /Users/zafarimam/Documents/E-Commerce Order Pipeline/airflow_venv_39/lib/python3.9/site-packages/airflow/example_dags/example_task_group.py
[2025-05-27T18:13:48.573+0530] {processor.py:830} INFO - Processing file /Users/zafarimam/Documents/E-Commerce Order Pipeline/airflow_venv_39/lib/python3.9/site-packages/airflow/example_dags/example_task_group.py for tasks to queue
[2025-05-27T18:13:48.574+0530] {logging_mixin.py:188} INFO - [2025-05-27T18:13:48.573+0530] {dagbag.py:538} INFO - Filling up the DagBag from /Users/zafarimam/Documents/E-Commerce Order Pipeline/airflow_venv_39/lib/python3.9/site-packages/airflow/example_dags/example_task_group.py
[2025-05-27T18:13:48.583+0530] {processor.py:840} INFO - DAG(s) 'example_task_group' retrieved from /Users/zafarimam/Documents/E-Commerce Order Pipeline/airflow_venv_39/lib/python3.9/site-packages/airflow/example_dags/example_task_group.py
[2025-05-27T18:13:48.665+0530] {logging_mixin.py:188} INFO - [2025-05-27T18:13:48.665+0530] {dag.py:3036} INFO - Sync 1 DAGs
[2025-05-27T18:13:48.677+0530] {logging_mixin.py:188} INFO - [2025-05-27T18:13:48.677+0530] {dag.py:3823} INFO - Setting next_dagrun for example_task_group to 2025-05-26 00:00:00+00:00, run_after=2025-05-27 00:00:00+00:00
[2025-05-27T18:13:48.690+0530] {processor.py:183} INFO - Processing /Users/zafarimam/Documents/E-Commerce Order Pipeline/airflow_venv_39/lib/python3.9/site-packages/airflow/example_dags/example_task_group.py took 0.120 seconds
[2025-05-27T18:15:37.347+0530] {processor.py:161} INFO - Started process (PID=25411) to work on /Users/zafarimam/Documents/E-Commerce Order Pipeline/airflow_venv_39/lib/python3.9/site-packages/airflow/example_dags/example_task_group.py
[2025-05-27T18:15:37.349+0530] {processor.py:830} INFO - Processing file /Users/zafarimam/Documents/E-Commerce Order Pipeline/airflow_venv_39/lib/python3.9/site-packages/airflow/example_dags/example_task_group.py for tasks to queue
[2025-05-27T18:15:37.349+0530] {logging_mixin.py:188} INFO - [2025-05-27T18:15:37.349+0530] {dagbag.py:538} INFO - Filling up the DagBag from /Users/zafarimam/Documents/E-Commerce Order Pipeline/airflow_venv_39/lib/python3.9/site-packages/airflow/example_dags/example_task_group.py
[2025-05-27T18:15:37.358+0530] {processor.py:840} INFO - DAG(s) 'example_task_group' retrieved from /Users/zafarimam/Documents/E-Commerce Order Pipeline/airflow_venv_39/lib/python3.9/site-packages/airflow/example_dags/example_task_group.py
[2025-05-27T18:15:37.443+0530] {logging_mixin.py:188} INFO - [2025-05-27T18:15:37.442+0530] {dag.py:3036} INFO - Sync 1 DAGs
[2025-05-27T18:15:37.454+0530] {logging_mixin.py:188} INFO - [2025-05-27T18:15:37.454+0530] {dag.py:3823} INFO - Setting next_dagrun for example_task_group to 2025-05-26 00:00:00+00:00, run_after=2025-05-27 00:00:00+00:00
[2025-05-27T18:15:37.469+0530] {processor.py:183} INFO - Processing /Users/zafarimam/Documents/E-Commerce Order Pipeline/airflow_venv_39/lib/python3.9/site-packages/airflow/example_dags/example_task_group.py took 0.123 seconds
[2025-05-27T18:17:20.764+0530] {processor.py:161} INFO - Started process (PID=25468) to work on /Users/zafarimam/Documents/E-Commerce Order Pipeline/airflow_venv_39/lib/python3.9/site-packages/airflow/example_dags/example_task_group.py
[2025-05-27T18:17:20.765+0530] {processor.py:830} INFO - Processing file /Users/zafarimam/Documents/E-Commerce Order Pipeline/airflow_venv_39/lib/python3.9/site-packages/airflow/example_dags/example_task_group.py for tasks to queue
[2025-05-27T18:17:20.766+0530] {logging_mixin.py:188} INFO - [2025-05-27T18:17:20.766+0530] {dagbag.py:538} INFO - Filling up the DagBag from /Users/zafarimam/Documents/E-Commerce Order Pipeline/airflow_venv_39/lib/python3.9/site-packages/airflow/example_dags/example_task_group.py
[2025-05-27T18:17:20.775+0530] {processor.py:840} INFO - DAG(s) 'example_task_group' retrieved from /Users/zafarimam/Documents/E-Commerce Order Pipeline/airflow_venv_39/lib/python3.9/site-packages/airflow/example_dags/example_task_group.py
[2025-05-27T18:17:20.863+0530] {logging_mixin.py:188} INFO - [2025-05-27T18:17:20.863+0530] {dag.py:3036} INFO - Sync 1 DAGs
[2025-05-27T18:17:20.876+0530] {logging_mixin.py:188} INFO - [2025-05-27T18:17:20.876+0530] {dag.py:3823} INFO - Setting next_dagrun for example_task_group to 2025-05-26 00:00:00+00:00, run_after=2025-05-27 00:00:00+00:00
[2025-05-27T18:17:20.891+0530] {processor.py:183} INFO - Processing /Users/zafarimam/Documents/E-Commerce Order Pipeline/airflow_venv_39/lib/python3.9/site-packages/airflow/example_dags/example_task_group.py took 0.128 seconds
[2025-05-27T18:21:54.258+0530] {processor.py:161} INFO - Started process (PID=25671) to work on /Users/zafarimam/Documents/E-Commerce Order Pipeline/airflow_venv_39/lib/python3.9/site-packages/airflow/example_dags/example_task_group.py
[2025-05-27T18:21:54.260+0530] {processor.py:830} INFO - Processing file /Users/zafarimam/Documents/E-Commerce Order Pipeline/airflow_venv_39/lib/python3.9/site-packages/airflow/example_dags/example_task_group.py for tasks to queue
[2025-05-27T18:21:54.261+0530] {logging_mixin.py:188} INFO - [2025-05-27T18:21:54.261+0530] {dagbag.py:538} INFO - Filling up the DagBag from /Users/zafarimam/Documents/E-Commerce Order Pipeline/airflow_venv_39/lib/python3.9/site-packages/airflow/example_dags/example_task_group.py
[2025-05-27T18:21:54.270+0530] {processor.py:840} INFO - DAG(s) 'example_task_group' retrieved from /Users/zafarimam/Documents/E-Commerce Order Pipeline/airflow_venv_39/lib/python3.9/site-packages/airflow/example_dags/example_task_group.py
[2025-05-27T18:21:54.355+0530] {logging_mixin.py:188} INFO - [2025-05-27T18:21:54.355+0530] {dag.py:3036} INFO - Sync 1 DAGs
[2025-05-27T18:21:54.368+0530] {logging_mixin.py:188} INFO - [2025-05-27T18:21:54.368+0530] {dag.py:3823} INFO - Setting next_dagrun for example_task_group to 2025-05-26 00:00:00+00:00, run_after=2025-05-27 00:00:00+00:00
[2025-05-27T18:21:54.382+0530] {processor.py:183} INFO - Processing /Users/zafarimam/Documents/E-Commerce Order Pipeline/airflow_venv_39/lib/python3.9/site-packages/airflow/example_dags/example_task_group.py took 0.125 seconds
[2025-05-27T18:27:09.624+0530] {processor.py:161} INFO - Started process (PID=25847) to work on /Users/zafarimam/Documents/E-Commerce Order Pipeline/airflow_venv_39/lib/python3.9/site-packages/airflow/example_dags/example_task_group.py
[2025-05-27T18:27:09.625+0530] {processor.py:830} INFO - Processing file /Users/zafarimam/Documents/E-Commerce Order Pipeline/airflow_venv_39/lib/python3.9/site-packages/airflow/example_dags/example_task_group.py for tasks to queue
[2025-05-27T18:27:09.626+0530] {logging_mixin.py:188} INFO - [2025-05-27T18:27:09.626+0530] {dagbag.py:538} INFO - Filling up the DagBag from /Users/zafarimam/Documents/E-Commerce Order Pipeline/airflow_venv_39/lib/python3.9/site-packages/airflow/example_dags/example_task_group.py
[2025-05-27T18:27:09.635+0530] {processor.py:840} INFO - DAG(s) 'example_task_group' retrieved from /Users/zafarimam/Documents/E-Commerce Order Pipeline/airflow_venv_39/lib/python3.9/site-packages/airflow/example_dags/example_task_group.py
[2025-05-27T18:27:09.725+0530] {logging_mixin.py:188} INFO - [2025-05-27T18:27:09.725+0530] {dag.py:3036} INFO - Sync 1 DAGs
[2025-05-27T18:27:09.737+0530] {logging_mixin.py:188} INFO - [2025-05-27T18:27:09.737+0530] {dag.py:3823} INFO - Setting next_dagrun for example_task_group to 2025-05-26 00:00:00+00:00, run_after=2025-05-27 00:00:00+00:00
[2025-05-27T18:27:09.752+0530] {processor.py:183} INFO - Processing /Users/zafarimam/Documents/E-Commerce Order Pipeline/airflow_venv_39/lib/python3.9/site-packages/airflow/example_dags/example_task_group.py took 0.129 seconds
[2025-05-27T18:29:14.314+0530] {processor.py:161} INFO - Started process (PID=25919) to work on /Users/zafarimam/Documents/E-Commerce Order Pipeline/airflow_venv_39/lib/python3.9/site-packages/airflow/example_dags/example_task_group.py
[2025-05-27T18:29:14.315+0530] {processor.py:830} INFO - Processing file /Users/zafarimam/Documents/E-Commerce Order Pipeline/airflow_venv_39/lib/python3.9/site-packages/airflow/example_dags/example_task_group.py for tasks to queue
[2025-05-27T18:29:14.315+0530] {logging_mixin.py:188} INFO - [2025-05-27T18:29:14.315+0530] {dagbag.py:538} INFO - Filling up the DagBag from /Users/zafarimam/Documents/E-Commerce Order Pipeline/airflow_venv_39/lib/python3.9/site-packages/airflow/example_dags/example_task_group.py
[2025-05-27T18:29:14.324+0530] {processor.py:840} INFO - DAG(s) 'example_task_group' retrieved from /Users/zafarimam/Documents/E-Commerce Order Pipeline/airflow_venv_39/lib/python3.9/site-packages/airflow/example_dags/example_task_group.py
[2025-05-27T18:29:14.410+0530] {logging_mixin.py:188} INFO - [2025-05-27T18:29:14.410+0530] {dag.py:3036} INFO - Sync 1 DAGs
[2025-05-27T18:29:14.422+0530] {logging_mixin.py:188} INFO - [2025-05-27T18:29:14.422+0530] {dag.py:3823} INFO - Setting next_dagrun for example_task_group to 2025-05-26 00:00:00+00:00, run_after=2025-05-27 00:00:00+00:00
[2025-05-27T18:29:14.436+0530] {processor.py:183} INFO - Processing /Users/zafarimam/Documents/E-Commerce Order Pipeline/airflow_venv_39/lib/python3.9/site-packages/airflow/example_dags/example_task_group.py took 0.123 seconds
[2025-05-27T18:31:02.030+0530] {processor.py:161} INFO - Started process (PID=25976) to work on /Users/zafarimam/Documents/E-Commerce Order Pipeline/airflow_venv_39/lib/python3.9/site-packages/airflow/example_dags/example_task_group.py
[2025-05-27T18:31:02.031+0530] {processor.py:830} INFO - Processing file /Users/zafarimam/Documents/E-Commerce Order Pipeline/airflow_venv_39/lib/python3.9/site-packages/airflow/example_dags/example_task_group.py for tasks to queue
[2025-05-27T18:31:02.031+0530] {logging_mixin.py:188} INFO - [2025-05-27T18:31:02.031+0530] {dagbag.py:538} INFO - Filling up the DagBag from /Users/zafarimam/Documents/E-Commerce Order Pipeline/airflow_venv_39/lib/python3.9/site-packages/airflow/example_dags/example_task_group.py
[2025-05-27T18:31:02.040+0530] {processor.py:840} INFO - DAG(s) 'example_task_group' retrieved from /Users/zafarimam/Documents/E-Commerce Order Pipeline/airflow_venv_39/lib/python3.9/site-packages/airflow/example_dags/example_task_group.py
[2025-05-27T18:31:02.126+0530] {logging_mixin.py:188} INFO - [2025-05-27T18:31:02.126+0530] {dag.py:3036} INFO - Sync 1 DAGs
[2025-05-27T18:31:02.138+0530] {logging_mixin.py:188} INFO - [2025-05-27T18:31:02.138+0530] {dag.py:3823} INFO - Setting next_dagrun for example_task_group to 2025-05-26 00:00:00+00:00, run_after=2025-05-27 00:00:00+00:00
[2025-05-27T18:31:02.151+0530] {processor.py:183} INFO - Processing /Users/zafarimam/Documents/E-Commerce Order Pipeline/airflow_venv_39/lib/python3.9/site-packages/airflow/example_dags/example_task_group.py took 0.123 seconds
[2025-05-27T18:32:53.158+0530] {processor.py:161} INFO - Started process (PID=26036) to work on /Users/zafarimam/Documents/E-Commerce Order Pipeline/airflow_venv_39/lib/python3.9/site-packages/airflow/example_dags/example_task_group.py
[2025-05-27T18:32:53.159+0530] {processor.py:830} INFO - Processing file /Users/zafarimam/Documents/E-Commerce Order Pipeline/airflow_venv_39/lib/python3.9/site-packages/airflow/example_dags/example_task_group.py for tasks to queue
[2025-05-27T18:32:53.160+0530] {logging_mixin.py:188} INFO - [2025-05-27T18:32:53.160+0530] {dagbag.py:538} INFO - Filling up the DagBag from /Users/zafarimam/Documents/E-Commerce Order Pipeline/airflow_venv_39/lib/python3.9/site-packages/airflow/example_dags/example_task_group.py
[2025-05-27T18:32:53.169+0530] {processor.py:840} INFO - DAG(s) 'example_task_group' retrieved from /Users/zafarimam/Documents/E-Commerce Order Pipeline/airflow_venv_39/lib/python3.9/site-packages/airflow/example_dags/example_task_group.py
[2025-05-27T18:32:53.262+0530] {logging_mixin.py:188} INFO - [2025-05-27T18:32:53.262+0530] {dag.py:3036} INFO - Sync 1 DAGs
[2025-05-27T18:32:53.275+0530] {logging_mixin.py:188} INFO - [2025-05-27T18:32:53.275+0530] {dag.py:3823} INFO - Setting next_dagrun for example_task_group to 2025-05-26 00:00:00+00:00, run_after=2025-05-27 00:00:00+00:00
[2025-05-27T18:32:53.290+0530] {processor.py:183} INFO - Processing /Users/zafarimam/Documents/E-Commerce Order Pipeline/airflow_venv_39/lib/python3.9/site-packages/airflow/example_dags/example_task_group.py took 0.134 seconds
[2025-05-27T18:36:42.768+0530] {processor.py:161} INFO - Started process (PID=26200) to work on /Users/zafarimam/Documents/E-Commerce Order Pipeline/airflow_venv_39/lib/python3.9/site-packages/airflow/example_dags/example_task_group.py
[2025-05-27T18:36:42.770+0530] {processor.py:830} INFO - Processing file /Users/zafarimam/Documents/E-Commerce Order Pipeline/airflow_venv_39/lib/python3.9/site-packages/airflow/example_dags/example_task_group.py for tasks to queue
[2025-05-27T18:36:42.771+0530] {logging_mixin.py:188} INFO - [2025-05-27T18:36:42.770+0530] {dagbag.py:538} INFO - Filling up the DagBag from /Users/zafarimam/Documents/E-Commerce Order Pipeline/airflow_venv_39/lib/python3.9/site-packages/airflow/example_dags/example_task_group.py
[2025-05-27T18:36:42.780+0530] {processor.py:840} INFO - DAG(s) 'example_task_group' retrieved from /Users/zafarimam/Documents/E-Commerce Order Pipeline/airflow_venv_39/lib/python3.9/site-packages/airflow/example_dags/example_task_group.py
[2025-05-27T18:36:42.873+0530] {logging_mixin.py:188} INFO - [2025-05-27T18:36:42.873+0530] {dag.py:3036} INFO - Sync 1 DAGs
[2025-05-27T18:36:42.887+0530] {logging_mixin.py:188} INFO - [2025-05-27T18:36:42.887+0530] {dag.py:3823} INFO - Setting next_dagrun for example_task_group to 2025-05-26 00:00:00+00:00, run_after=2025-05-27 00:00:00+00:00
[2025-05-27T18:36:42.904+0530] {processor.py:183} INFO - Processing /Users/zafarimam/Documents/E-Commerce Order Pipeline/airflow_venv_39/lib/python3.9/site-packages/airflow/example_dags/example_task_group.py took 0.137 seconds
[2025-05-27T18:46:38.566+0530] {processor.py:161} INFO - Started process (PID=26716) to work on /Users/zafarimam/Documents/E-Commerce Order Pipeline/airflow_venv_39/lib/python3.9/site-packages/airflow/example_dags/example_task_group.py
[2025-05-27T18:46:38.568+0530] {processor.py:830} INFO - Processing file /Users/zafarimam/Documents/E-Commerce Order Pipeline/airflow_venv_39/lib/python3.9/site-packages/airflow/example_dags/example_task_group.py for tasks to queue
[2025-05-27T18:46:38.568+0530] {logging_mixin.py:188} INFO - [2025-05-27T18:46:38.568+0530] {dagbag.py:538} INFO - Filling up the DagBag from /Users/zafarimam/Documents/E-Commerce Order Pipeline/airflow_venv_39/lib/python3.9/site-packages/airflow/example_dags/example_task_group.py
[2025-05-27T18:46:38.577+0530] {processor.py:840} INFO - DAG(s) 'example_task_group' retrieved from /Users/zafarimam/Documents/E-Commerce Order Pipeline/airflow_venv_39/lib/python3.9/site-packages/airflow/example_dags/example_task_group.py
[2025-05-27T18:46:38.720+0530] {logging_mixin.py:188} INFO - [2025-05-27T18:46:38.720+0530] {dag.py:3036} INFO - Sync 1 DAGs
[2025-05-27T18:46:38.731+0530] {logging_mixin.py:188} INFO - [2025-05-27T18:46:38.731+0530] {dag.py:3823} INFO - Setting next_dagrun for example_task_group to 2025-05-26 00:00:00+00:00, run_after=2025-05-27 00:00:00+00:00
[2025-05-27T18:46:38.745+0530] {processor.py:183} INFO - Processing /Users/zafarimam/Documents/E-Commerce Order Pipeline/airflow_venv_39/lib/python3.9/site-packages/airflow/example_dags/example_task_group.py took 0.181 seconds
[2025-05-27T18:48:34.412+0530] {processor.py:161} INFO - Started process (PID=26789) to work on /Users/zafarimam/Documents/E-Commerce Order Pipeline/airflow_venv_39/lib/python3.9/site-packages/airflow/example_dags/example_task_group.py
[2025-05-27T18:48:34.413+0530] {processor.py:830} INFO - Processing file /Users/zafarimam/Documents/E-Commerce Order Pipeline/airflow_venv_39/lib/python3.9/site-packages/airflow/example_dags/example_task_group.py for tasks to queue
[2025-05-27T18:48:34.414+0530] {logging_mixin.py:188} INFO - [2025-05-27T18:48:34.413+0530] {dagbag.py:538} INFO - Filling up the DagBag from /Users/zafarimam/Documents/E-Commerce Order Pipeline/airflow_venv_39/lib/python3.9/site-packages/airflow/example_dags/example_task_group.py
[2025-05-27T18:48:34.422+0530] {processor.py:840} INFO - DAG(s) 'example_task_group' retrieved from /Users/zafarimam/Documents/E-Commerce Order Pipeline/airflow_venv_39/lib/python3.9/site-packages/airflow/example_dags/example_task_group.py
[2025-05-27T18:48:34.512+0530] {logging_mixin.py:188} INFO - [2025-05-27T18:48:34.511+0530] {dag.py:3036} INFO - Sync 1 DAGs
[2025-05-27T18:48:34.524+0530] {logging_mixin.py:188} INFO - [2025-05-27T18:48:34.524+0530] {dag.py:3823} INFO - Setting next_dagrun for example_task_group to 2025-05-26 00:00:00+00:00, run_after=2025-05-27 00:00:00+00:00
[2025-05-27T18:48:34.539+0530] {processor.py:183} INFO - Processing /Users/zafarimam/Documents/E-Commerce Order Pipeline/airflow_venv_39/lib/python3.9/site-packages/airflow/example_dags/example_task_group.py took 0.128 seconds
[2025-05-27T18:50:25.666+0530] {processor.py:161} INFO - Started process (PID=26855) to work on /Users/zafarimam/Documents/E-Commerce Order Pipeline/airflow_venv_39/lib/python3.9/site-packages/airflow/example_dags/example_task_group.py
[2025-05-27T18:50:25.667+0530] {processor.py:830} INFO - Processing file /Users/zafarimam/Documents/E-Commerce Order Pipeline/airflow_venv_39/lib/python3.9/site-packages/airflow/example_dags/example_task_group.py for tasks to queue
[2025-05-27T18:50:25.668+0530] {logging_mixin.py:188} INFO - [2025-05-27T18:50:25.668+0530] {dagbag.py:538} INFO - Filling up the DagBag from /Users/zafarimam/Documents/E-Commerce Order Pipeline/airflow_venv_39/lib/python3.9/site-packages/airflow/example_dags/example_task_group.py
[2025-05-27T18:50:25.678+0530] {processor.py:840} INFO - DAG(s) 'example_task_group' retrieved from /Users/zafarimam/Documents/E-Commerce Order Pipeline/airflow_venv_39/lib/python3.9/site-packages/airflow/example_dags/example_task_group.py
[2025-05-27T18:50:25.792+0530] {logging_mixin.py:188} INFO - [2025-05-27T18:50:25.792+0530] {dag.py:3036} INFO - Sync 1 DAGs
[2025-05-27T18:50:25.808+0530] {logging_mixin.py:188} INFO - [2025-05-27T18:50:25.808+0530] {dag.py:3823} INFO - Setting next_dagrun for example_task_group to 2025-05-26 00:00:00+00:00, run_after=2025-05-27 00:00:00+00:00
[2025-05-27T18:50:25.825+0530] {processor.py:183} INFO - Processing /Users/zafarimam/Documents/E-Commerce Order Pipeline/airflow_venv_39/lib/python3.9/site-packages/airflow/example_dags/example_task_group.py took 0.161 seconds
[2025-05-27T18:52:23.620+0530] {processor.py:161} INFO - Started process (PID=26941) to work on /Users/zafarimam/Documents/E-Commerce Order Pipeline/airflow_venv_39/lib/python3.9/site-packages/airflow/example_dags/example_task_group.py
[2025-05-27T18:52:23.622+0530] {processor.py:830} INFO - Processing file /Users/zafarimam/Documents/E-Commerce Order Pipeline/airflow_venv_39/lib/python3.9/site-packages/airflow/example_dags/example_task_group.py for tasks to queue
[2025-05-27T18:52:23.622+0530] {logging_mixin.py:188} INFO - [2025-05-27T18:52:23.622+0530] {dagbag.py:538} INFO - Filling up the DagBag from /Users/zafarimam/Documents/E-Commerce Order Pipeline/airflow_venv_39/lib/python3.9/site-packages/airflow/example_dags/example_task_group.py
[2025-05-27T18:52:23.631+0530] {processor.py:840} INFO - DAG(s) 'example_task_group' retrieved from /Users/zafarimam/Documents/E-Commerce Order Pipeline/airflow_venv_39/lib/python3.9/site-packages/airflow/example_dags/example_task_group.py
[2025-05-27T18:52:23.720+0530] {logging_mixin.py:188} INFO - [2025-05-27T18:52:23.720+0530] {dag.py:3036} INFO - Sync 1 DAGs
[2025-05-27T18:52:23.734+0530] {logging_mixin.py:188} INFO - [2025-05-27T18:52:23.734+0530] {dag.py:3823} INFO - Setting next_dagrun for example_task_group to 2025-05-26 00:00:00+00:00, run_after=2025-05-27 00:00:00+00:00
[2025-05-27T18:52:23.752+0530] {processor.py:183} INFO - Processing /Users/zafarimam/Documents/E-Commerce Order Pipeline/airflow_venv_39/lib/python3.9/site-packages/airflow/example_dags/example_task_group.py took 0.134 seconds
[2025-05-27T18:54:24.421+0530] {processor.py:161} INFO - Started process (PID=27002) to work on /Users/zafarimam/Documents/E-Commerce Order Pipeline/airflow_venv_39/lib/python3.9/site-packages/airflow/example_dags/example_task_group.py
[2025-05-27T18:54:24.423+0530] {processor.py:830} INFO - Processing file /Users/zafarimam/Documents/E-Commerce Order Pipeline/airflow_venv_39/lib/python3.9/site-packages/airflow/example_dags/example_task_group.py for tasks to queue
[2025-05-27T18:54:24.424+0530] {logging_mixin.py:188} INFO - [2025-05-27T18:54:24.424+0530] {dagbag.py:538} INFO - Filling up the DagBag from /Users/zafarimam/Documents/E-Commerce Order Pipeline/airflow_venv_39/lib/python3.9/site-packages/airflow/example_dags/example_task_group.py
[2025-05-27T18:54:24.433+0530] {processor.py:840} INFO - DAG(s) 'example_task_group' retrieved from /Users/zafarimam/Documents/E-Commerce Order Pipeline/airflow_venv_39/lib/python3.9/site-packages/airflow/example_dags/example_task_group.py
[2025-05-27T18:54:24.525+0530] {logging_mixin.py:188} INFO - [2025-05-27T18:54:24.524+0530] {dag.py:3036} INFO - Sync 1 DAGs
[2025-05-27T18:54:24.539+0530] {logging_mixin.py:188} INFO - [2025-05-27T18:54:24.539+0530] {dag.py:3823} INFO - Setting next_dagrun for example_task_group to 2025-05-26 00:00:00+00:00, run_after=2025-05-27 00:00:00+00:00
[2025-05-27T18:54:24.554+0530] {processor.py:183} INFO - Processing /Users/zafarimam/Documents/E-Commerce Order Pipeline/airflow_venv_39/lib/python3.9/site-packages/airflow/example_dags/example_task_group.py took 0.135 seconds
[2025-05-27T18:56:28.831+0530] {processor.py:161} INFO - Started process (PID=27074) to work on /Users/zafarimam/Documents/E-Commerce Order Pipeline/airflow_venv_39/lib/python3.9/site-packages/airflow/example_dags/example_task_group.py
[2025-05-27T18:56:28.833+0530] {processor.py:830} INFO - Processing file /Users/zafarimam/Documents/E-Commerce Order Pipeline/airflow_venv_39/lib/python3.9/site-packages/airflow/example_dags/example_task_group.py for tasks to queue
[2025-05-27T18:56:28.833+0530] {logging_mixin.py:188} INFO - [2025-05-27T18:56:28.833+0530] {dagbag.py:538} INFO - Filling up the DagBag from /Users/zafarimam/Documents/E-Commerce Order Pipeline/airflow_venv_39/lib/python3.9/site-packages/airflow/example_dags/example_task_group.py
[2025-05-27T18:56:28.842+0530] {processor.py:840} INFO - DAG(s) 'example_task_group' retrieved from /Users/zafarimam/Documents/E-Commerce Order Pipeline/airflow_venv_39/lib/python3.9/site-packages/airflow/example_dags/example_task_group.py
[2025-05-27T18:56:28.929+0530] {logging_mixin.py:188} INFO - [2025-05-27T18:56:28.929+0530] {dag.py:3036} INFO - Sync 1 DAGs
[2025-05-27T18:56:28.940+0530] {logging_mixin.py:188} INFO - [2025-05-27T18:56:28.940+0530] {dag.py:3823} INFO - Setting next_dagrun for example_task_group to 2025-05-26 00:00:00+00:00, run_after=2025-05-27 00:00:00+00:00
[2025-05-27T18:56:28.956+0530] {processor.py:183} INFO - Processing /Users/zafarimam/Documents/E-Commerce Order Pipeline/airflow_venv_39/lib/python3.9/site-packages/airflow/example_dags/example_task_group.py took 0.126 seconds
[2025-05-27T18:58:28.541+0530] {processor.py:161} INFO - Started process (PID=27164) to work on /Users/zafarimam/Documents/E-Commerce Order Pipeline/airflow_venv_39/lib/python3.9/site-packages/airflow/example_dags/example_task_group.py
[2025-05-27T18:58:28.543+0530] {processor.py:830} INFO - Processing file /Users/zafarimam/Documents/E-Commerce Order Pipeline/airflow_venv_39/lib/python3.9/site-packages/airflow/example_dags/example_task_group.py for tasks to queue
[2025-05-27T18:58:28.544+0530] {logging_mixin.py:188} INFO - [2025-05-27T18:58:28.544+0530] {dagbag.py:538} INFO - Filling up the DagBag from /Users/zafarimam/Documents/E-Commerce Order Pipeline/airflow_venv_39/lib/python3.9/site-packages/airflow/example_dags/example_task_group.py
[2025-05-27T18:58:28.553+0530] {processor.py:840} INFO - DAG(s) 'example_task_group' retrieved from /Users/zafarimam/Documents/E-Commerce Order Pipeline/airflow_venv_39/lib/python3.9/site-packages/airflow/example_dags/example_task_group.py
[2025-05-27T18:58:28.638+0530] {logging_mixin.py:188} INFO - [2025-05-27T18:58:28.638+0530] {dag.py:3036} INFO - Sync 1 DAGs
[2025-05-27T18:58:28.651+0530] {logging_mixin.py:188} INFO - [2025-05-27T18:58:28.651+0530] {dag.py:3823} INFO - Setting next_dagrun for example_task_group to 2025-05-26 00:00:00+00:00, run_after=2025-05-27 00:00:00+00:00
[2025-05-27T18:58:28.666+0530] {processor.py:183} INFO - Processing /Users/zafarimam/Documents/E-Commerce Order Pipeline/airflow_venv_39/lib/python3.9/site-packages/airflow/example_dags/example_task_group.py took 0.126 seconds
[2025-05-27T19:00:29.489+0530] {processor.py:161} INFO - Started process (PID=27227) to work on /Users/zafarimam/Documents/E-Commerce Order Pipeline/airflow_venv_39/lib/python3.9/site-packages/airflow/example_dags/example_task_group.py
[2025-05-27T19:00:29.490+0530] {processor.py:830} INFO - Processing file /Users/zafarimam/Documents/E-Commerce Order Pipeline/airflow_venv_39/lib/python3.9/site-packages/airflow/example_dags/example_task_group.py for tasks to queue
[2025-05-27T19:00:29.491+0530] {logging_mixin.py:188} INFO - [2025-05-27T19:00:29.491+0530] {dagbag.py:538} INFO - Filling up the DagBag from /Users/zafarimam/Documents/E-Commerce Order Pipeline/airflow_venv_39/lib/python3.9/site-packages/airflow/example_dags/example_task_group.py
[2025-05-27T19:00:29.500+0530] {processor.py:840} INFO - DAG(s) 'example_task_group' retrieved from /Users/zafarimam/Documents/E-Commerce Order Pipeline/airflow_venv_39/lib/python3.9/site-packages/airflow/example_dags/example_task_group.py
[2025-05-27T19:00:29.593+0530] {logging_mixin.py:188} INFO - [2025-05-27T19:00:29.593+0530] {dag.py:3036} INFO - Sync 1 DAGs
[2025-05-27T19:00:29.608+0530] {logging_mixin.py:188} INFO - [2025-05-27T19:00:29.608+0530] {dag.py:3823} INFO - Setting next_dagrun for example_task_group to 2025-05-26 00:00:00+00:00, run_after=2025-05-27 00:00:00+00:00
[2025-05-27T19:00:29.624+0530] {processor.py:183} INFO - Processing /Users/zafarimam/Documents/E-Commerce Order Pipeline/airflow_venv_39/lib/python3.9/site-packages/airflow/example_dags/example_task_group.py took 0.136 seconds
[2025-05-27T19:02:37.068+0530] {processor.py:161} INFO - Started process (PID=27329) to work on /Users/zafarimam/Documents/E-Commerce Order Pipeline/airflow_venv_39/lib/python3.9/site-packages/airflow/example_dags/example_task_group.py
[2025-05-27T19:02:37.070+0530] {processor.py:830} INFO - Processing file /Users/zafarimam/Documents/E-Commerce Order Pipeline/airflow_venv_39/lib/python3.9/site-packages/airflow/example_dags/example_task_group.py for tasks to queue
[2025-05-27T19:02:37.070+0530] {logging_mixin.py:188} INFO - [2025-05-27T19:02:37.070+0530] {dagbag.py:538} INFO - Filling up the DagBag from /Users/zafarimam/Documents/E-Commerce Order Pipeline/airflow_venv_39/lib/python3.9/site-packages/airflow/example_dags/example_task_group.py
[2025-05-27T19:02:37.079+0530] {processor.py:840} INFO - DAG(s) 'example_task_group' retrieved from /Users/zafarimam/Documents/E-Commerce Order Pipeline/airflow_venv_39/lib/python3.9/site-packages/airflow/example_dags/example_task_group.py
[2025-05-27T19:02:37.175+0530] {logging_mixin.py:188} INFO - [2025-05-27T19:02:37.175+0530] {dag.py:3036} INFO - Sync 1 DAGs
[2025-05-27T19:02:37.189+0530] {logging_mixin.py:188} INFO - [2025-05-27T19:02:37.189+0530] {dag.py:3823} INFO - Setting next_dagrun for example_task_group to 2025-05-26 00:00:00+00:00, run_after=2025-05-27 00:00:00+00:00
[2025-05-27T19:02:37.204+0530] {processor.py:183} INFO - Processing /Users/zafarimam/Documents/E-Commerce Order Pipeline/airflow_venv_39/lib/python3.9/site-packages/airflow/example_dags/example_task_group.py took 0.138 seconds
[2025-05-27T19:04:36.044+0530] {processor.py:161} INFO - Started process (PID=27395) to work on /Users/zafarimam/Documents/E-Commerce Order Pipeline/airflow_venv_39/lib/python3.9/site-packages/airflow/example_dags/example_task_group.py
[2025-05-27T19:04:36.045+0530] {processor.py:830} INFO - Processing file /Users/zafarimam/Documents/E-Commerce Order Pipeline/airflow_venv_39/lib/python3.9/site-packages/airflow/example_dags/example_task_group.py for tasks to queue
[2025-05-27T19:04:36.046+0530] {logging_mixin.py:188} INFO - [2025-05-27T19:04:36.046+0530] {dagbag.py:538} INFO - Filling up the DagBag from /Users/zafarimam/Documents/E-Commerce Order Pipeline/airflow_venv_39/lib/python3.9/site-packages/airflow/example_dags/example_task_group.py
[2025-05-27T19:04:36.055+0530] {processor.py:840} INFO - DAG(s) 'example_task_group' retrieved from /Users/zafarimam/Documents/E-Commerce Order Pipeline/airflow_venv_39/lib/python3.9/site-packages/airflow/example_dags/example_task_group.py
[2025-05-27T19:04:36.150+0530] {logging_mixin.py:188} INFO - [2025-05-27T19:04:36.150+0530] {dag.py:3036} INFO - Sync 1 DAGs
[2025-05-27T19:04:36.163+0530] {logging_mixin.py:188} INFO - [2025-05-27T19:04:36.163+0530] {dag.py:3823} INFO - Setting next_dagrun for example_task_group to 2025-05-26 00:00:00+00:00, run_after=2025-05-27 00:00:00+00:00
[2025-05-27T19:04:36.181+0530] {processor.py:183} INFO - Processing /Users/zafarimam/Documents/E-Commerce Order Pipeline/airflow_venv_39/lib/python3.9/site-packages/airflow/example_dags/example_task_group.py took 0.138 seconds
[2025-05-27T19:06:43.803+0530] {processor.py:161} INFO - Started process (PID=27453) to work on /Users/zafarimam/Documents/E-Commerce Order Pipeline/airflow_venv_39/lib/python3.9/site-packages/airflow/example_dags/example_task_group.py
[2025-05-27T19:06:43.803+0530] {processor.py:830} INFO - Processing file /Users/zafarimam/Documents/E-Commerce Order Pipeline/airflow_venv_39/lib/python3.9/site-packages/airflow/example_dags/example_task_group.py for tasks to queue
[2025-05-27T19:06:43.804+0530] {logging_mixin.py:188} INFO - [2025-05-27T19:06:43.804+0530] {dagbag.py:538} INFO - Filling up the DagBag from /Users/zafarimam/Documents/E-Commerce Order Pipeline/airflow_venv_39/lib/python3.9/site-packages/airflow/example_dags/example_task_group.py
[2025-05-27T19:06:43.813+0530] {processor.py:840} INFO - DAG(s) 'example_task_group' retrieved from /Users/zafarimam/Documents/E-Commerce Order Pipeline/airflow_venv_39/lib/python3.9/site-packages/airflow/example_dags/example_task_group.py
[2025-05-27T19:06:43.901+0530] {logging_mixin.py:188} INFO - [2025-05-27T19:06:43.901+0530] {dag.py:3036} INFO - Sync 1 DAGs
[2025-05-27T19:06:43.915+0530] {logging_mixin.py:188} INFO - [2025-05-27T19:06:43.915+0530] {dag.py:3823} INFO - Setting next_dagrun for example_task_group to 2025-05-26 00:00:00+00:00, run_after=2025-05-27 00:00:00+00:00
[2025-05-27T19:06:43.930+0530] {processor.py:183} INFO - Processing /Users/zafarimam/Documents/E-Commerce Order Pipeline/airflow_venv_39/lib/python3.9/site-packages/airflow/example_dags/example_task_group.py took 0.129 seconds
[2025-05-27T19:08:49.164+0530] {processor.py:161} INFO - Started process (PID=27549) to work on /Users/zafarimam/Documents/E-Commerce Order Pipeline/airflow_venv_39/lib/python3.9/site-packages/airflow/example_dags/example_task_group.py
[2025-05-27T19:08:49.165+0530] {processor.py:830} INFO - Processing file /Users/zafarimam/Documents/E-Commerce Order Pipeline/airflow_venv_39/lib/python3.9/site-packages/airflow/example_dags/example_task_group.py for tasks to queue
[2025-05-27T19:08:49.166+0530] {logging_mixin.py:188} INFO - [2025-05-27T19:08:49.166+0530] {dagbag.py:538} INFO - Filling up the DagBag from /Users/zafarimam/Documents/E-Commerce Order Pipeline/airflow_venv_39/lib/python3.9/site-packages/airflow/example_dags/example_task_group.py
[2025-05-27T19:08:49.173+0530] {processor.py:840} INFO - DAG(s) 'example_task_group' retrieved from /Users/zafarimam/Documents/E-Commerce Order Pipeline/airflow_venv_39/lib/python3.9/site-packages/airflow/example_dags/example_task_group.py
[2025-05-27T19:08:49.254+0530] {logging_mixin.py:188} INFO - [2025-05-27T19:08:49.254+0530] {dag.py:3036} INFO - Sync 1 DAGs
[2025-05-27T19:08:49.266+0530] {logging_mixin.py:188} INFO - [2025-05-27T19:08:49.266+0530] {dag.py:3823} INFO - Setting next_dagrun for example_task_group to 2025-05-26 00:00:00+00:00, run_after=2025-05-27 00:00:00+00:00
[2025-05-27T19:08:49.279+0530] {processor.py:183} INFO - Processing /Users/zafarimam/Documents/E-Commerce Order Pipeline/airflow_venv_39/lib/python3.9/site-packages/airflow/example_dags/example_task_group.py took 0.117 seconds
[2025-05-27T19:10:30.461+0530] {processor.py:161} INFO - Started process (PID=27600) to work on /Users/zafarimam/Documents/E-Commerce Order Pipeline/airflow_venv_39/lib/python3.9/site-packages/airflow/example_dags/example_task_group.py
[2025-05-27T19:10:30.462+0530] {processor.py:830} INFO - Processing file /Users/zafarimam/Documents/E-Commerce Order Pipeline/airflow_venv_39/lib/python3.9/site-packages/airflow/example_dags/example_task_group.py for tasks to queue
[2025-05-27T19:10:30.463+0530] {logging_mixin.py:188} INFO - [2025-05-27T19:10:30.463+0530] {dagbag.py:538} INFO - Filling up the DagBag from /Users/zafarimam/Documents/E-Commerce Order Pipeline/airflow_venv_39/lib/python3.9/site-packages/airflow/example_dags/example_task_group.py
[2025-05-27T19:10:30.471+0530] {processor.py:840} INFO - DAG(s) 'example_task_group' retrieved from /Users/zafarimam/Documents/E-Commerce Order Pipeline/airflow_venv_39/lib/python3.9/site-packages/airflow/example_dags/example_task_group.py
[2025-05-27T19:10:30.549+0530] {logging_mixin.py:188} INFO - [2025-05-27T19:10:30.548+0530] {dag.py:3036} INFO - Sync 1 DAGs
[2025-05-27T19:10:30.560+0530] {logging_mixin.py:188} INFO - [2025-05-27T19:10:30.560+0530] {dag.py:3823} INFO - Setting next_dagrun for example_task_group to 2025-05-26 00:00:00+00:00, run_after=2025-05-27 00:00:00+00:00
[2025-05-27T19:10:30.573+0530] {processor.py:183} INFO - Processing /Users/zafarimam/Documents/E-Commerce Order Pipeline/airflow_venv_39/lib/python3.9/site-packages/airflow/example_dags/example_task_group.py took 0.113 seconds
[2025-05-27T19:12:11.629+0530] {processor.py:161} INFO - Started process (PID=27655) to work on /Users/zafarimam/Documents/E-Commerce Order Pipeline/airflow_venv_39/lib/python3.9/site-packages/airflow/example_dags/example_task_group.py
[2025-05-27T19:12:11.630+0530] {processor.py:830} INFO - Processing file /Users/zafarimam/Documents/E-Commerce Order Pipeline/airflow_venv_39/lib/python3.9/site-packages/airflow/example_dags/example_task_group.py for tasks to queue
[2025-05-27T19:12:11.631+0530] {logging_mixin.py:188} INFO - [2025-05-27T19:12:11.631+0530] {dagbag.py:538} INFO - Filling up the DagBag from /Users/zafarimam/Documents/E-Commerce Order Pipeline/airflow_venv_39/lib/python3.9/site-packages/airflow/example_dags/example_task_group.py
[2025-05-27T19:12:11.639+0530] {processor.py:840} INFO - DAG(s) 'example_task_group' retrieved from /Users/zafarimam/Documents/E-Commerce Order Pipeline/airflow_venv_39/lib/python3.9/site-packages/airflow/example_dags/example_task_group.py
[2025-05-27T19:12:11.718+0530] {logging_mixin.py:188} INFO - [2025-05-27T19:12:11.718+0530] {dag.py:3036} INFO - Sync 1 DAGs
[2025-05-27T19:12:11.730+0530] {logging_mixin.py:188} INFO - [2025-05-27T19:12:11.730+0530] {dag.py:3823} INFO - Setting next_dagrun for example_task_group to 2025-05-26 00:00:00+00:00, run_after=2025-05-27 00:00:00+00:00
[2025-05-27T19:12:11.743+0530] {processor.py:183} INFO - Processing /Users/zafarimam/Documents/E-Commerce Order Pipeline/airflow_venv_39/lib/python3.9/site-packages/airflow/example_dags/example_task_group.py took 0.115 seconds
[2025-05-27T19:13:51.884+0530] {processor.py:161} INFO - Started process (PID=27707) to work on /Users/zafarimam/Documents/E-Commerce Order Pipeline/airflow_venv_39/lib/python3.9/site-packages/airflow/example_dags/example_task_group.py
[2025-05-27T19:13:51.884+0530] {processor.py:830} INFO - Processing file /Users/zafarimam/Documents/E-Commerce Order Pipeline/airflow_venv_39/lib/python3.9/site-packages/airflow/example_dags/example_task_group.py for tasks to queue
[2025-05-27T19:13:51.885+0530] {logging_mixin.py:188} INFO - [2025-05-27T19:13:51.885+0530] {dagbag.py:538} INFO - Filling up the DagBag from /Users/zafarimam/Documents/E-Commerce Order Pipeline/airflow_venv_39/lib/python3.9/site-packages/airflow/example_dags/example_task_group.py
[2025-05-27T19:13:51.893+0530] {processor.py:840} INFO - DAG(s) 'example_task_group' retrieved from /Users/zafarimam/Documents/E-Commerce Order Pipeline/airflow_venv_39/lib/python3.9/site-packages/airflow/example_dags/example_task_group.py
[2025-05-27T19:13:51.971+0530] {logging_mixin.py:188} INFO - [2025-05-27T19:13:51.971+0530] {dag.py:3036} INFO - Sync 1 DAGs
[2025-05-27T19:13:51.982+0530] {logging_mixin.py:188} INFO - [2025-05-27T19:13:51.982+0530] {dag.py:3823} INFO - Setting next_dagrun for example_task_group to 2025-05-26 00:00:00+00:00, run_after=2025-05-27 00:00:00+00:00
[2025-05-27T19:13:51.999+0530] {processor.py:183} INFO - Processing /Users/zafarimam/Documents/E-Commerce Order Pipeline/airflow_venv_39/lib/python3.9/site-packages/airflow/example_dags/example_task_group.py took 0.117 seconds
[2025-05-27T19:15:31.643+0530] {processor.py:161} INFO - Started process (PID=27758) to work on /Users/zafarimam/Documents/E-Commerce Order Pipeline/airflow_venv_39/lib/python3.9/site-packages/airflow/example_dags/example_task_group.py
[2025-05-27T19:15:31.643+0530] {processor.py:830} INFO - Processing file /Users/zafarimam/Documents/E-Commerce Order Pipeline/airflow_venv_39/lib/python3.9/site-packages/airflow/example_dags/example_task_group.py for tasks to queue
[2025-05-27T19:15:31.644+0530] {logging_mixin.py:188} INFO - [2025-05-27T19:15:31.644+0530] {dagbag.py:538} INFO - Filling up the DagBag from /Users/zafarimam/Documents/E-Commerce Order Pipeline/airflow_venv_39/lib/python3.9/site-packages/airflow/example_dags/example_task_group.py
[2025-05-27T19:15:31.652+0530] {processor.py:840} INFO - DAG(s) 'example_task_group' retrieved from /Users/zafarimam/Documents/E-Commerce Order Pipeline/airflow_venv_39/lib/python3.9/site-packages/airflow/example_dags/example_task_group.py
[2025-05-27T19:15:31.730+0530] {logging_mixin.py:188} INFO - [2025-05-27T19:15:31.730+0530] {dag.py:3036} INFO - Sync 1 DAGs
[2025-05-27T19:15:31.742+0530] {logging_mixin.py:188} INFO - [2025-05-27T19:15:31.741+0530] {dag.py:3823} INFO - Setting next_dagrun for example_task_group to 2025-05-26 00:00:00+00:00, run_after=2025-05-27 00:00:00+00:00
[2025-05-27T19:15:31.759+0530] {processor.py:183} INFO - Processing /Users/zafarimam/Documents/E-Commerce Order Pipeline/airflow_venv_39/lib/python3.9/site-packages/airflow/example_dags/example_task_group.py took 0.117 seconds
[2025-05-27T19:17:12.893+0530] {processor.py:161} INFO - Started process (PID=27814) to work on /Users/zafarimam/Documents/E-Commerce Order Pipeline/airflow_venv_39/lib/python3.9/site-packages/airflow/example_dags/example_task_group.py
[2025-05-27T19:17:12.894+0530] {processor.py:830} INFO - Processing file /Users/zafarimam/Documents/E-Commerce Order Pipeline/airflow_venv_39/lib/python3.9/site-packages/airflow/example_dags/example_task_group.py for tasks to queue
[2025-05-27T19:17:12.895+0530] {logging_mixin.py:188} INFO - [2025-05-27T19:17:12.894+0530] {dagbag.py:538} INFO - Filling up the DagBag from /Users/zafarimam/Documents/E-Commerce Order Pipeline/airflow_venv_39/lib/python3.9/site-packages/airflow/example_dags/example_task_group.py
[2025-05-27T19:17:12.903+0530] {processor.py:840} INFO - DAG(s) 'example_task_group' retrieved from /Users/zafarimam/Documents/E-Commerce Order Pipeline/airflow_venv_39/lib/python3.9/site-packages/airflow/example_dags/example_task_group.py
[2025-05-27T19:17:12.981+0530] {logging_mixin.py:188} INFO - [2025-05-27T19:17:12.981+0530] {dag.py:3036} INFO - Sync 1 DAGs
[2025-05-27T19:17:12.993+0530] {logging_mixin.py:188} INFO - [2025-05-27T19:17:12.993+0530] {dag.py:3823} INFO - Setting next_dagrun for example_task_group to 2025-05-26 00:00:00+00:00, run_after=2025-05-27 00:00:00+00:00
[2025-05-27T19:17:13.006+0530] {processor.py:183} INFO - Processing /Users/zafarimam/Documents/E-Commerce Order Pipeline/airflow_venv_39/lib/python3.9/site-packages/airflow/example_dags/example_task_group.py took 0.114 seconds
[2025-05-27T19:18:52.431+0530] {processor.py:161} INFO - Started process (PID=27889) to work on /Users/zafarimam/Documents/E-Commerce Order Pipeline/airflow_venv_39/lib/python3.9/site-packages/airflow/example_dags/example_task_group.py
[2025-05-27T19:18:52.432+0530] {processor.py:830} INFO - Processing file /Users/zafarimam/Documents/E-Commerce Order Pipeline/airflow_venv_39/lib/python3.9/site-packages/airflow/example_dags/example_task_group.py for tasks to queue
[2025-05-27T19:18:52.433+0530] {logging_mixin.py:188} INFO - [2025-05-27T19:18:52.433+0530] {dagbag.py:538} INFO - Filling up the DagBag from /Users/zafarimam/Documents/E-Commerce Order Pipeline/airflow_venv_39/lib/python3.9/site-packages/airflow/example_dags/example_task_group.py
[2025-05-27T19:18:52.440+0530] {processor.py:840} INFO - DAG(s) 'example_task_group' retrieved from /Users/zafarimam/Documents/E-Commerce Order Pipeline/airflow_venv_39/lib/python3.9/site-packages/airflow/example_dags/example_task_group.py
[2025-05-27T19:18:52.521+0530] {logging_mixin.py:188} INFO - [2025-05-27T19:18:52.521+0530] {dag.py:3036} INFO - Sync 1 DAGs
[2025-05-27T19:18:52.533+0530] {logging_mixin.py:188} INFO - [2025-05-27T19:18:52.533+0530] {dag.py:3823} INFO - Setting next_dagrun for example_task_group to 2025-05-26 00:00:00+00:00, run_after=2025-05-27 00:00:00+00:00
[2025-05-27T19:18:52.550+0530] {processor.py:183} INFO - Processing /Users/zafarimam/Documents/E-Commerce Order Pipeline/airflow_venv_39/lib/python3.9/site-packages/airflow/example_dags/example_task_group.py took 0.120 seconds
[2025-05-27T19:20:33.627+0530] {processor.py:161} INFO - Started process (PID=27952) to work on /Users/zafarimam/Documents/E-Commerce Order Pipeline/airflow_venv_39/lib/python3.9/site-packages/airflow/example_dags/example_task_group.py
[2025-05-27T19:20:33.628+0530] {processor.py:830} INFO - Processing file /Users/zafarimam/Documents/E-Commerce Order Pipeline/airflow_venv_39/lib/python3.9/site-packages/airflow/example_dags/example_task_group.py for tasks to queue
[2025-05-27T19:20:33.629+0530] {logging_mixin.py:188} INFO - [2025-05-27T19:20:33.629+0530] {dagbag.py:538} INFO - Filling up the DagBag from /Users/zafarimam/Documents/E-Commerce Order Pipeline/airflow_venv_39/lib/python3.9/site-packages/airflow/example_dags/example_task_group.py
[2025-05-27T19:20:33.637+0530] {processor.py:840} INFO - DAG(s) 'example_task_group' retrieved from /Users/zafarimam/Documents/E-Commerce Order Pipeline/airflow_venv_39/lib/python3.9/site-packages/airflow/example_dags/example_task_group.py
[2025-05-27T19:20:33.722+0530] {logging_mixin.py:188} INFO - [2025-05-27T19:20:33.722+0530] {dag.py:3036} INFO - Sync 1 DAGs
[2025-05-27T19:20:33.735+0530] {logging_mixin.py:188} INFO - [2025-05-27T19:20:33.735+0530] {dag.py:3823} INFO - Setting next_dagrun for example_task_group to 2025-05-26 00:00:00+00:00, run_after=2025-05-27 00:00:00+00:00
[2025-05-27T19:20:33.753+0530] {processor.py:183} INFO - Processing /Users/zafarimam/Documents/E-Commerce Order Pipeline/airflow_venv_39/lib/python3.9/site-packages/airflow/example_dags/example_task_group.py took 0.127 seconds
[2025-05-27T19:22:12.579+0530] {processor.py:161} INFO - Started process (PID=28015) to work on /Users/zafarimam/Documents/E-Commerce Order Pipeline/airflow_venv_39/lib/python3.9/site-packages/airflow/example_dags/example_task_group.py
[2025-05-27T19:22:12.580+0530] {processor.py:830} INFO - Processing file /Users/zafarimam/Documents/E-Commerce Order Pipeline/airflow_venv_39/lib/python3.9/site-packages/airflow/example_dags/example_task_group.py for tasks to queue
[2025-05-27T19:22:12.581+0530] {logging_mixin.py:188} INFO - [2025-05-27T19:22:12.580+0530] {dagbag.py:538} INFO - Filling up the DagBag from /Users/zafarimam/Documents/E-Commerce Order Pipeline/airflow_venv_39/lib/python3.9/site-packages/airflow/example_dags/example_task_group.py
[2025-05-27T19:22:12.589+0530] {processor.py:840} INFO - DAG(s) 'example_task_group' retrieved from /Users/zafarimam/Documents/E-Commerce Order Pipeline/airflow_venv_39/lib/python3.9/site-packages/airflow/example_dags/example_task_group.py
[2025-05-27T19:22:12.669+0530] {logging_mixin.py:188} INFO - [2025-05-27T19:22:12.668+0530] {dag.py:3036} INFO - Sync 1 DAGs
[2025-05-27T19:22:12.680+0530] {logging_mixin.py:188} INFO - [2025-05-27T19:22:12.680+0530] {dag.py:3823} INFO - Setting next_dagrun for example_task_group to 2025-05-26 00:00:00+00:00, run_after=2025-05-27 00:00:00+00:00
[2025-05-27T19:22:12.698+0530] {processor.py:183} INFO - Processing /Users/zafarimam/Documents/E-Commerce Order Pipeline/airflow_venv_39/lib/python3.9/site-packages/airflow/example_dags/example_task_group.py took 0.120 seconds
[2025-05-27T19:23:53.860+0530] {processor.py:161} INFO - Started process (PID=28069) to work on /Users/zafarimam/Documents/E-Commerce Order Pipeline/airflow_venv_39/lib/python3.9/site-packages/airflow/example_dags/example_task_group.py
[2025-05-27T19:23:53.860+0530] {processor.py:830} INFO - Processing file /Users/zafarimam/Documents/E-Commerce Order Pipeline/airflow_venv_39/lib/python3.9/site-packages/airflow/example_dags/example_task_group.py for tasks to queue
[2025-05-27T19:23:53.861+0530] {logging_mixin.py:188} INFO - [2025-05-27T19:23:53.861+0530] {dagbag.py:538} INFO - Filling up the DagBag from /Users/zafarimam/Documents/E-Commerce Order Pipeline/airflow_venv_39/lib/python3.9/site-packages/airflow/example_dags/example_task_group.py
[2025-05-27T19:23:53.869+0530] {processor.py:840} INFO - DAG(s) 'example_task_group' retrieved from /Users/zafarimam/Documents/E-Commerce Order Pipeline/airflow_venv_39/lib/python3.9/site-packages/airflow/example_dags/example_task_group.py
[2025-05-27T19:23:53.948+0530] {logging_mixin.py:188} INFO - [2025-05-27T19:23:53.948+0530] {dag.py:3036} INFO - Sync 1 DAGs
[2025-05-27T19:23:53.960+0530] {logging_mixin.py:188} INFO - [2025-05-27T19:23:53.960+0530] {dag.py:3823} INFO - Setting next_dagrun for example_task_group to 2025-05-26 00:00:00+00:00, run_after=2025-05-27 00:00:00+00:00
[2025-05-27T19:23:53.973+0530] {processor.py:183} INFO - Processing /Users/zafarimam/Documents/E-Commerce Order Pipeline/airflow_venv_39/lib/python3.9/site-packages/airflow/example_dags/example_task_group.py took 0.114 seconds
[2025-05-27T19:25:34.178+0530] {processor.py:161} INFO - Started process (PID=28121) to work on /Users/zafarimam/Documents/E-Commerce Order Pipeline/airflow_venv_39/lib/python3.9/site-packages/airflow/example_dags/example_task_group.py
[2025-05-27T19:25:34.178+0530] {processor.py:830} INFO - Processing file /Users/zafarimam/Documents/E-Commerce Order Pipeline/airflow_venv_39/lib/python3.9/site-packages/airflow/example_dags/example_task_group.py for tasks to queue
[2025-05-27T19:25:34.179+0530] {logging_mixin.py:188} INFO - [2025-05-27T19:25:34.179+0530] {dagbag.py:538} INFO - Filling up the DagBag from /Users/zafarimam/Documents/E-Commerce Order Pipeline/airflow_venv_39/lib/python3.9/site-packages/airflow/example_dags/example_task_group.py
[2025-05-27T19:25:34.187+0530] {processor.py:840} INFO - DAG(s) 'example_task_group' retrieved from /Users/zafarimam/Documents/E-Commerce Order Pipeline/airflow_venv_39/lib/python3.9/site-packages/airflow/example_dags/example_task_group.py
[2025-05-27T19:25:34.266+0530] {logging_mixin.py:188} INFO - [2025-05-27T19:25:34.266+0530] {dag.py:3036} INFO - Sync 1 DAGs
[2025-05-27T19:25:34.278+0530] {logging_mixin.py:188} INFO - [2025-05-27T19:25:34.278+0530] {dag.py:3823} INFO - Setting next_dagrun for example_task_group to 2025-05-26 00:00:00+00:00, run_after=2025-05-27 00:00:00+00:00
[2025-05-27T19:25:34.291+0530] {processor.py:183} INFO - Processing /Users/zafarimam/Documents/E-Commerce Order Pipeline/airflow_venv_39/lib/python3.9/site-packages/airflow/example_dags/example_task_group.py took 0.115 seconds
[2025-05-27T19:27:15.532+0530] {processor.py:161} INFO - Started process (PID=28178) to work on /Users/zafarimam/Documents/E-Commerce Order Pipeline/airflow_venv_39/lib/python3.9/site-packages/airflow/example_dags/example_task_group.py
[2025-05-27T19:27:15.533+0530] {processor.py:830} INFO - Processing file /Users/zafarimam/Documents/E-Commerce Order Pipeline/airflow_venv_39/lib/python3.9/site-packages/airflow/example_dags/example_task_group.py for tasks to queue
[2025-05-27T19:27:15.533+0530] {logging_mixin.py:188} INFO - [2025-05-27T19:27:15.533+0530] {dagbag.py:538} INFO - Filling up the DagBag from /Users/zafarimam/Documents/E-Commerce Order Pipeline/airflow_venv_39/lib/python3.9/site-packages/airflow/example_dags/example_task_group.py
[2025-05-27T19:27:15.541+0530] {processor.py:840} INFO - DAG(s) 'example_task_group' retrieved from /Users/zafarimam/Documents/E-Commerce Order Pipeline/airflow_venv_39/lib/python3.9/site-packages/airflow/example_dags/example_task_group.py
[2025-05-27T19:27:15.622+0530] {logging_mixin.py:188} INFO - [2025-05-27T19:27:15.622+0530] {dag.py:3036} INFO - Sync 1 DAGs
[2025-05-27T19:27:15.634+0530] {logging_mixin.py:188} INFO - [2025-05-27T19:27:15.634+0530] {dag.py:3823} INFO - Setting next_dagrun for example_task_group to 2025-05-26 00:00:00+00:00, run_after=2025-05-27 00:00:00+00:00
[2025-05-27T19:27:15.646+0530] {processor.py:183} INFO - Processing /Users/zafarimam/Documents/E-Commerce Order Pipeline/airflow_venv_39/lib/python3.9/site-packages/airflow/example_dags/example_task_group.py took 0.116 seconds
[2025-05-27T19:28:54.373+0530] {processor.py:161} INFO - Started process (PID=28230) to work on /Users/zafarimam/Documents/E-Commerce Order Pipeline/airflow_venv_39/lib/python3.9/site-packages/airflow/example_dags/example_task_group.py
[2025-05-27T19:28:54.374+0530] {processor.py:830} INFO - Processing file /Users/zafarimam/Documents/E-Commerce Order Pipeline/airflow_venv_39/lib/python3.9/site-packages/airflow/example_dags/example_task_group.py for tasks to queue
[2025-05-27T19:28:54.374+0530] {logging_mixin.py:188} INFO - [2025-05-27T19:28:54.374+0530] {dagbag.py:538} INFO - Filling up the DagBag from /Users/zafarimam/Documents/E-Commerce Order Pipeline/airflow_venv_39/lib/python3.9/site-packages/airflow/example_dags/example_task_group.py
[2025-05-27T19:28:54.383+0530] {processor.py:840} INFO - DAG(s) 'example_task_group' retrieved from /Users/zafarimam/Documents/E-Commerce Order Pipeline/airflow_venv_39/lib/python3.9/site-packages/airflow/example_dags/example_task_group.py
[2025-05-27T19:28:54.464+0530] {logging_mixin.py:188} INFO - [2025-05-27T19:28:54.464+0530] {dag.py:3036} INFO - Sync 1 DAGs
[2025-05-27T19:28:54.476+0530] {logging_mixin.py:188} INFO - [2025-05-27T19:28:54.476+0530] {dag.py:3823} INFO - Setting next_dagrun for example_task_group to 2025-05-26 00:00:00+00:00, run_after=2025-05-27 00:00:00+00:00
[2025-05-27T19:28:54.493+0530] {processor.py:183} INFO - Processing /Users/zafarimam/Documents/E-Commerce Order Pipeline/airflow_venv_39/lib/python3.9/site-packages/airflow/example_dags/example_task_group.py took 0.121 seconds
[2025-05-27T19:30:55.395+0530] {processor.py:161} INFO - Started process (PID=28310) to work on /Users/zafarimam/Documents/E-Commerce Order Pipeline/airflow_venv_39/lib/python3.9/site-packages/airflow/example_dags/example_task_group.py
[2025-05-27T19:30:55.396+0530] {processor.py:830} INFO - Processing file /Users/zafarimam/Documents/E-Commerce Order Pipeline/airflow_venv_39/lib/python3.9/site-packages/airflow/example_dags/example_task_group.py for tasks to queue
[2025-05-27T19:30:55.396+0530] {logging_mixin.py:188} INFO - [2025-05-27T19:30:55.396+0530] {dagbag.py:538} INFO - Filling up the DagBag from /Users/zafarimam/Documents/E-Commerce Order Pipeline/airflow_venv_39/lib/python3.9/site-packages/airflow/example_dags/example_task_group.py
[2025-05-27T19:30:55.404+0530] {processor.py:840} INFO - DAG(s) 'example_task_group' retrieved from /Users/zafarimam/Documents/E-Commerce Order Pipeline/airflow_venv_39/lib/python3.9/site-packages/airflow/example_dags/example_task_group.py
[2025-05-27T19:30:55.484+0530] {logging_mixin.py:188} INFO - [2025-05-27T19:30:55.483+0530] {dag.py:3036} INFO - Sync 1 DAGs
[2025-05-27T19:30:55.495+0530] {logging_mixin.py:188} INFO - [2025-05-27T19:30:55.495+0530] {dag.py:3823} INFO - Setting next_dagrun for example_task_group to 2025-05-26 00:00:00+00:00, run_after=2025-05-27 00:00:00+00:00
[2025-05-27T19:30:55.513+0530] {processor.py:183} INFO - Processing /Users/zafarimam/Documents/E-Commerce Order Pipeline/airflow_venv_39/lib/python3.9/site-packages/airflow/example_dags/example_task_group.py took 0.119 seconds
[2025-05-27T19:32:36.176+0530] {processor.py:161} INFO - Started process (PID=28364) to work on /Users/zafarimam/Documents/E-Commerce Order Pipeline/airflow_venv_39/lib/python3.9/site-packages/airflow/example_dags/example_task_group.py
[2025-05-27T19:32:36.177+0530] {processor.py:830} INFO - Processing file /Users/zafarimam/Documents/E-Commerce Order Pipeline/airflow_venv_39/lib/python3.9/site-packages/airflow/example_dags/example_task_group.py for tasks to queue
[2025-05-27T19:32:36.177+0530] {logging_mixin.py:188} INFO - [2025-05-27T19:32:36.177+0530] {dagbag.py:538} INFO - Filling up the DagBag from /Users/zafarimam/Documents/E-Commerce Order Pipeline/airflow_venv_39/lib/python3.9/site-packages/airflow/example_dags/example_task_group.py
[2025-05-27T19:32:36.185+0530] {processor.py:840} INFO - DAG(s) 'example_task_group' retrieved from /Users/zafarimam/Documents/E-Commerce Order Pipeline/airflow_venv_39/lib/python3.9/site-packages/airflow/example_dags/example_task_group.py
[2025-05-27T19:32:36.266+0530] {logging_mixin.py:188} INFO - [2025-05-27T19:32:36.266+0530] {dag.py:3036} INFO - Sync 1 DAGs
[2025-05-27T19:32:36.277+0530] {logging_mixin.py:188} INFO - [2025-05-27T19:32:36.277+0530] {dag.py:3823} INFO - Setting next_dagrun for example_task_group to 2025-05-26 00:00:00+00:00, run_after=2025-05-27 00:00:00+00:00
[2025-05-27T19:32:36.291+0530] {processor.py:183} INFO - Processing /Users/zafarimam/Documents/E-Commerce Order Pipeline/airflow_venv_39/lib/python3.9/site-packages/airflow/example_dags/example_task_group.py took 0.116 seconds
[2025-05-27T19:34:16.424+0530] {processor.py:161} INFO - Started process (PID=28416) to work on /Users/zafarimam/Documents/E-Commerce Order Pipeline/airflow_venv_39/lib/python3.9/site-packages/airflow/example_dags/example_task_group.py
[2025-05-27T19:34:16.425+0530] {processor.py:830} INFO - Processing file /Users/zafarimam/Documents/E-Commerce Order Pipeline/airflow_venv_39/lib/python3.9/site-packages/airflow/example_dags/example_task_group.py for tasks to queue
[2025-05-27T19:34:16.426+0530] {logging_mixin.py:188} INFO - [2025-05-27T19:34:16.425+0530] {dagbag.py:538} INFO - Filling up the DagBag from /Users/zafarimam/Documents/E-Commerce Order Pipeline/airflow_venv_39/lib/python3.9/site-packages/airflow/example_dags/example_task_group.py
[2025-05-27T19:34:16.434+0530] {processor.py:840} INFO - DAG(s) 'example_task_group' retrieved from /Users/zafarimam/Documents/E-Commerce Order Pipeline/airflow_venv_39/lib/python3.9/site-packages/airflow/example_dags/example_task_group.py
[2025-05-27T19:34:16.513+0530] {logging_mixin.py:188} INFO - [2025-05-27T19:34:16.513+0530] {dag.py:3036} INFO - Sync 1 DAGs
[2025-05-27T19:34:16.525+0530] {logging_mixin.py:188} INFO - [2025-05-27T19:34:16.525+0530] {dag.py:3823} INFO - Setting next_dagrun for example_task_group to 2025-05-26 00:00:00+00:00, run_after=2025-05-27 00:00:00+00:00
[2025-05-27T19:34:16.539+0530] {processor.py:183} INFO - Processing /Users/zafarimam/Documents/E-Commerce Order Pipeline/airflow_venv_39/lib/python3.9/site-packages/airflow/example_dags/example_task_group.py took 0.116 seconds
[2025-05-27T19:35:57.817+0530] {processor.py:161} INFO - Started process (PID=28468) to work on /Users/zafarimam/Documents/E-Commerce Order Pipeline/airflow_venv_39/lib/python3.9/site-packages/airflow/example_dags/example_task_group.py
[2025-05-27T19:35:57.817+0530] {processor.py:830} INFO - Processing file /Users/zafarimam/Documents/E-Commerce Order Pipeline/airflow_venv_39/lib/python3.9/site-packages/airflow/example_dags/example_task_group.py for tasks to queue
[2025-05-27T19:35:57.818+0530] {logging_mixin.py:188} INFO - [2025-05-27T19:35:57.818+0530] {dagbag.py:538} INFO - Filling up the DagBag from /Users/zafarimam/Documents/E-Commerce Order Pipeline/airflow_venv_39/lib/python3.9/site-packages/airflow/example_dags/example_task_group.py
[2025-05-27T19:35:57.825+0530] {processor.py:840} INFO - DAG(s) 'example_task_group' retrieved from /Users/zafarimam/Documents/E-Commerce Order Pipeline/airflow_venv_39/lib/python3.9/site-packages/airflow/example_dags/example_task_group.py
[2025-05-27T19:35:57.903+0530] {logging_mixin.py:188} INFO - [2025-05-27T19:35:57.903+0530] {dag.py:3036} INFO - Sync 1 DAGs
[2025-05-27T19:35:57.915+0530] {logging_mixin.py:188} INFO - [2025-05-27T19:35:57.915+0530] {dag.py:3823} INFO - Setting next_dagrun for example_task_group to 2025-05-26 00:00:00+00:00, run_after=2025-05-27 00:00:00+00:00
[2025-05-27T19:35:57.928+0530] {processor.py:183} INFO - Processing /Users/zafarimam/Documents/E-Commerce Order Pipeline/airflow_venv_39/lib/python3.9/site-packages/airflow/example_dags/example_task_group.py took 0.112 seconds
[2025-05-27T19:37:38.744+0530] {processor.py:161} INFO - Started process (PID=28520) to work on /Users/zafarimam/Documents/E-Commerce Order Pipeline/airflow_venv_39/lib/python3.9/site-packages/airflow/example_dags/example_task_group.py
[2025-05-27T19:37:38.745+0530] {processor.py:830} INFO - Processing file /Users/zafarimam/Documents/E-Commerce Order Pipeline/airflow_venv_39/lib/python3.9/site-packages/airflow/example_dags/example_task_group.py for tasks to queue
[2025-05-27T19:37:38.745+0530] {logging_mixin.py:188} INFO - [2025-05-27T19:37:38.745+0530] {dagbag.py:538} INFO - Filling up the DagBag from /Users/zafarimam/Documents/E-Commerce Order Pipeline/airflow_venv_39/lib/python3.9/site-packages/airflow/example_dags/example_task_group.py
[2025-05-27T19:37:38.753+0530] {processor.py:840} INFO - DAG(s) 'example_task_group' retrieved from /Users/zafarimam/Documents/E-Commerce Order Pipeline/airflow_venv_39/lib/python3.9/site-packages/airflow/example_dags/example_task_group.py
[2025-05-27T19:37:38.833+0530] {logging_mixin.py:188} INFO - [2025-05-27T19:37:38.832+0530] {dag.py:3036} INFO - Sync 1 DAGs
[2025-05-27T19:37:38.844+0530] {logging_mixin.py:188} INFO - [2025-05-27T19:37:38.844+0530] {dag.py:3823} INFO - Setting next_dagrun for example_task_group to 2025-05-26 00:00:00+00:00, run_after=2025-05-27 00:00:00+00:00
[2025-05-27T19:37:38.862+0530] {processor.py:183} INFO - Processing /Users/zafarimam/Documents/E-Commerce Order Pipeline/airflow_venv_39/lib/python3.9/site-packages/airflow/example_dags/example_task_group.py took 0.119 seconds
[2025-05-27T19:39:18.833+0530] {processor.py:161} INFO - Started process (PID=28571) to work on /Users/zafarimam/Documents/E-Commerce Order Pipeline/airflow_venv_39/lib/python3.9/site-packages/airflow/example_dags/example_task_group.py
[2025-05-27T19:39:18.834+0530] {processor.py:830} INFO - Processing file /Users/zafarimam/Documents/E-Commerce Order Pipeline/airflow_venv_39/lib/python3.9/site-packages/airflow/example_dags/example_task_group.py for tasks to queue
[2025-05-27T19:39:18.834+0530] {logging_mixin.py:188} INFO - [2025-05-27T19:39:18.834+0530] {dagbag.py:538} INFO - Filling up the DagBag from /Users/zafarimam/Documents/E-Commerce Order Pipeline/airflow_venv_39/lib/python3.9/site-packages/airflow/example_dags/example_task_group.py
[2025-05-27T19:39:18.842+0530] {processor.py:840} INFO - DAG(s) 'example_task_group' retrieved from /Users/zafarimam/Documents/E-Commerce Order Pipeline/airflow_venv_39/lib/python3.9/site-packages/airflow/example_dags/example_task_group.py
[2025-05-27T19:39:18.922+0530] {logging_mixin.py:188} INFO - [2025-05-27T19:39:18.921+0530] {dag.py:3036} INFO - Sync 1 DAGs
[2025-05-27T19:39:18.933+0530] {logging_mixin.py:188} INFO - [2025-05-27T19:39:18.933+0530] {dag.py:3823} INFO - Setting next_dagrun for example_task_group to 2025-05-26 00:00:00+00:00, run_after=2025-05-27 00:00:00+00:00
[2025-05-27T19:39:18.945+0530] {processor.py:183} INFO - Processing /Users/zafarimam/Documents/E-Commerce Order Pipeline/airflow_venv_39/lib/python3.9/site-packages/airflow/example_dags/example_task_group.py took 0.113 seconds
[2025-05-27T19:40:57.594+0530] {processor.py:161} INFO - Started process (PID=28623) to work on /Users/zafarimam/Documents/E-Commerce Order Pipeline/airflow_venv_39/lib/python3.9/site-packages/airflow/example_dags/example_task_group.py
[2025-05-27T19:40:57.595+0530] {processor.py:830} INFO - Processing file /Users/zafarimam/Documents/E-Commerce Order Pipeline/airflow_venv_39/lib/python3.9/site-packages/airflow/example_dags/example_task_group.py for tasks to queue
[2025-05-27T19:40:57.595+0530] {logging_mixin.py:188} INFO - [2025-05-27T19:40:57.595+0530] {dagbag.py:538} INFO - Filling up the DagBag from /Users/zafarimam/Documents/E-Commerce Order Pipeline/airflow_venv_39/lib/python3.9/site-packages/airflow/example_dags/example_task_group.py
[2025-05-27T19:40:57.603+0530] {processor.py:840} INFO - DAG(s) 'example_task_group' retrieved from /Users/zafarimam/Documents/E-Commerce Order Pipeline/airflow_venv_39/lib/python3.9/site-packages/airflow/example_dags/example_task_group.py
[2025-05-27T19:40:57.682+0530] {logging_mixin.py:188} INFO - [2025-05-27T19:40:57.682+0530] {dag.py:3036} INFO - Sync 1 DAGs
[2025-05-27T19:40:57.694+0530] {logging_mixin.py:188} INFO - [2025-05-27T19:40:57.694+0530] {dag.py:3823} INFO - Setting next_dagrun for example_task_group to 2025-05-26 00:00:00+00:00, run_after=2025-05-27 00:00:00+00:00
[2025-05-27T19:40:57.712+0530] {processor.py:183} INFO - Processing /Users/zafarimam/Documents/E-Commerce Order Pipeline/airflow_venv_39/lib/python3.9/site-packages/airflow/example_dags/example_task_group.py took 0.119 seconds
[2025-05-27T19:42:38.996+0530] {processor.py:161} INFO - Started process (PID=28675) to work on /Users/zafarimam/Documents/E-Commerce Order Pipeline/airflow_venv_39/lib/python3.9/site-packages/airflow/example_dags/example_task_group.py
[2025-05-27T19:42:38.997+0530] {processor.py:830} INFO - Processing file /Users/zafarimam/Documents/E-Commerce Order Pipeline/airflow_venv_39/lib/python3.9/site-packages/airflow/example_dags/example_task_group.py for tasks to queue
[2025-05-27T19:42:38.998+0530] {logging_mixin.py:188} INFO - [2025-05-27T19:42:38.997+0530] {dagbag.py:538} INFO - Filling up the DagBag from /Users/zafarimam/Documents/E-Commerce Order Pipeline/airflow_venv_39/lib/python3.9/site-packages/airflow/example_dags/example_task_group.py
[2025-05-27T19:42:39.005+0530] {processor.py:840} INFO - DAG(s) 'example_task_group' retrieved from /Users/zafarimam/Documents/E-Commerce Order Pipeline/airflow_venv_39/lib/python3.9/site-packages/airflow/example_dags/example_task_group.py
[2025-05-27T19:42:39.083+0530] {logging_mixin.py:188} INFO - [2025-05-27T19:42:39.083+0530] {dag.py:3036} INFO - Sync 1 DAGs
[2025-05-27T19:42:39.095+0530] {logging_mixin.py:188} INFO - [2025-05-27T19:42:39.095+0530] {dag.py:3823} INFO - Setting next_dagrun for example_task_group to 2025-05-26 00:00:00+00:00, run_after=2025-05-27 00:00:00+00:00
[2025-05-27T19:42:39.113+0530] {processor.py:183} INFO - Processing /Users/zafarimam/Documents/E-Commerce Order Pipeline/airflow_venv_39/lib/python3.9/site-packages/airflow/example_dags/example_task_group.py took 0.117 seconds
[2025-05-27T19:44:35.869+0530] {processor.py:161} INFO - Started process (PID=28790) to work on /Users/zafarimam/Documents/E-Commerce Order Pipeline/airflow_venv_39/lib/python3.9/site-packages/airflow/example_dags/example_task_group.py
[2025-05-27T19:44:35.871+0530] {processor.py:830} INFO - Processing file /Users/zafarimam/Documents/E-Commerce Order Pipeline/airflow_venv_39/lib/python3.9/site-packages/airflow/example_dags/example_task_group.py for tasks to queue
[2025-05-27T19:44:35.872+0530] {logging_mixin.py:188} INFO - [2025-05-27T19:44:35.871+0530] {dagbag.py:538} INFO - Filling up the DagBag from /Users/zafarimam/Documents/E-Commerce Order Pipeline/airflow_venv_39/lib/python3.9/site-packages/airflow/example_dags/example_task_group.py
[2025-05-27T19:44:35.880+0530] {processor.py:840} INFO - DAG(s) 'example_task_group' retrieved from /Users/zafarimam/Documents/E-Commerce Order Pipeline/airflow_venv_39/lib/python3.9/site-packages/airflow/example_dags/example_task_group.py
[2025-05-27T19:44:35.967+0530] {logging_mixin.py:188} INFO - [2025-05-27T19:44:35.967+0530] {dag.py:3036} INFO - Sync 1 DAGs
[2025-05-27T19:44:35.981+0530] {logging_mixin.py:188} INFO - [2025-05-27T19:44:35.981+0530] {dag.py:3823} INFO - Setting next_dagrun for example_task_group to 2025-05-26 00:00:00+00:00, run_after=2025-05-27 00:00:00+00:00
[2025-05-27T19:44:35.996+0530] {processor.py:183} INFO - Processing /Users/zafarimam/Documents/E-Commerce Order Pipeline/airflow_venv_39/lib/python3.9/site-packages/airflow/example_dags/example_task_group.py took 0.128 seconds
[2025-05-27T19:46:35.746+0530] {processor.py:161} INFO - Started process (PID=28876) to work on /Users/zafarimam/Documents/E-Commerce Order Pipeline/airflow_venv_39/lib/python3.9/site-packages/airflow/example_dags/example_task_group.py
[2025-05-27T19:46:35.747+0530] {processor.py:830} INFO - Processing file /Users/zafarimam/Documents/E-Commerce Order Pipeline/airflow_venv_39/lib/python3.9/site-packages/airflow/example_dags/example_task_group.py for tasks to queue
[2025-05-27T19:46:35.748+0530] {logging_mixin.py:188} INFO - [2025-05-27T19:46:35.748+0530] {dagbag.py:538} INFO - Filling up the DagBag from /Users/zafarimam/Documents/E-Commerce Order Pipeline/airflow_venv_39/lib/python3.9/site-packages/airflow/example_dags/example_task_group.py
[2025-05-27T19:46:35.756+0530] {processor.py:840} INFO - DAG(s) 'example_task_group' retrieved from /Users/zafarimam/Documents/E-Commerce Order Pipeline/airflow_venv_39/lib/python3.9/site-packages/airflow/example_dags/example_task_group.py
[2025-05-27T19:46:35.838+0530] {logging_mixin.py:188} INFO - [2025-05-27T19:46:35.838+0530] {dag.py:3036} INFO - Sync 1 DAGs
[2025-05-27T19:46:35.850+0530] {logging_mixin.py:188} INFO - [2025-05-27T19:46:35.850+0530] {dag.py:3823} INFO - Setting next_dagrun for example_task_group to 2025-05-26 00:00:00+00:00, run_after=2025-05-27 00:00:00+00:00
[2025-05-27T19:46:35.863+0530] {processor.py:183} INFO - Processing /Users/zafarimam/Documents/E-Commerce Order Pipeline/airflow_venv_39/lib/python3.9/site-packages/airflow/example_dags/example_task_group.py took 0.118 seconds
[2025-05-27T19:48:19.633+0530] {processor.py:161} INFO - Started process (PID=28942) to work on /Users/zafarimam/Documents/E-Commerce Order Pipeline/airflow_venv_39/lib/python3.9/site-packages/airflow/example_dags/example_task_group.py
[2025-05-27T19:48:19.634+0530] {processor.py:830} INFO - Processing file /Users/zafarimam/Documents/E-Commerce Order Pipeline/airflow_venv_39/lib/python3.9/site-packages/airflow/example_dags/example_task_group.py for tasks to queue
[2025-05-27T19:48:19.634+0530] {logging_mixin.py:188} INFO - [2025-05-27T19:48:19.634+0530] {dagbag.py:538} INFO - Filling up the DagBag from /Users/zafarimam/Documents/E-Commerce Order Pipeline/airflow_venv_39/lib/python3.9/site-packages/airflow/example_dags/example_task_group.py
[2025-05-27T19:48:19.643+0530] {processor.py:840} INFO - DAG(s) 'example_task_group' retrieved from /Users/zafarimam/Documents/E-Commerce Order Pipeline/airflow_venv_39/lib/python3.9/site-packages/airflow/example_dags/example_task_group.py
[2025-05-27T19:48:19.727+0530] {logging_mixin.py:188} INFO - [2025-05-27T19:48:19.726+0530] {dag.py:3036} INFO - Sync 1 DAGs
[2025-05-27T19:48:19.739+0530] {logging_mixin.py:188} INFO - [2025-05-27T19:48:19.739+0530] {dag.py:3823} INFO - Setting next_dagrun for example_task_group to 2025-05-26 00:00:00+00:00, run_after=2025-05-27 00:00:00+00:00
[2025-05-27T19:48:19.752+0530] {processor.py:183} INFO - Processing /Users/zafarimam/Documents/E-Commerce Order Pipeline/airflow_venv_39/lib/python3.9/site-packages/airflow/example_dags/example_task_group.py took 0.120 seconds
[2025-05-27T19:50:03.159+0530] {processor.py:161} INFO - Started process (PID=28994) to work on /Users/zafarimam/Documents/E-Commerce Order Pipeline/airflow_venv_39/lib/python3.9/site-packages/airflow/example_dags/example_task_group.py
[2025-05-27T19:50:03.160+0530] {processor.py:830} INFO - Processing file /Users/zafarimam/Documents/E-Commerce Order Pipeline/airflow_venv_39/lib/python3.9/site-packages/airflow/example_dags/example_task_group.py for tasks to queue
[2025-05-27T19:50:03.161+0530] {logging_mixin.py:188} INFO - [2025-05-27T19:50:03.161+0530] {dagbag.py:538} INFO - Filling up the DagBag from /Users/zafarimam/Documents/E-Commerce Order Pipeline/airflow_venv_39/lib/python3.9/site-packages/airflow/example_dags/example_task_group.py
[2025-05-27T19:50:03.169+0530] {processor.py:840} INFO - DAG(s) 'example_task_group' retrieved from /Users/zafarimam/Documents/E-Commerce Order Pipeline/airflow_venv_39/lib/python3.9/site-packages/airflow/example_dags/example_task_group.py
[2025-05-27T19:50:03.252+0530] {logging_mixin.py:188} INFO - [2025-05-27T19:50:03.251+0530] {dag.py:3036} INFO - Sync 1 DAGs
[2025-05-27T19:50:03.264+0530] {logging_mixin.py:188} INFO - [2025-05-27T19:50:03.264+0530] {dag.py:3823} INFO - Setting next_dagrun for example_task_group to 2025-05-26 00:00:00+00:00, run_after=2025-05-27 00:00:00+00:00
[2025-05-27T19:50:03.279+0530] {processor.py:183} INFO - Processing /Users/zafarimam/Documents/E-Commerce Order Pipeline/airflow_venv_39/lib/python3.9/site-packages/airflow/example_dags/example_task_group.py took 0.121 seconds
[2025-05-27T19:51:52.684+0530] {processor.py:161} INFO - Started process (PID=29080) to work on /Users/zafarimam/Documents/E-Commerce Order Pipeline/airflow_venv_39/lib/python3.9/site-packages/airflow/example_dags/example_task_group.py
[2025-05-27T19:51:52.684+0530] {processor.py:830} INFO - Processing file /Users/zafarimam/Documents/E-Commerce Order Pipeline/airflow_venv_39/lib/python3.9/site-packages/airflow/example_dags/example_task_group.py for tasks to queue
[2025-05-27T19:51:52.685+0530] {logging_mixin.py:188} INFO - [2025-05-27T19:51:52.685+0530] {dagbag.py:538} INFO - Filling up the DagBag from /Users/zafarimam/Documents/E-Commerce Order Pipeline/airflow_venv_39/lib/python3.9/site-packages/airflow/example_dags/example_task_group.py
[2025-05-27T19:51:52.694+0530] {processor.py:840} INFO - DAG(s) 'example_task_group' retrieved from /Users/zafarimam/Documents/E-Commerce Order Pipeline/airflow_venv_39/lib/python3.9/site-packages/airflow/example_dags/example_task_group.py
[2025-05-27T19:51:52.782+0530] {logging_mixin.py:188} INFO - [2025-05-27T19:51:52.782+0530] {dag.py:3036} INFO - Sync 1 DAGs
[2025-05-27T19:51:52.796+0530] {logging_mixin.py:188} INFO - [2025-05-27T19:51:52.795+0530] {dag.py:3823} INFO - Setting next_dagrun for example_task_group to 2025-05-26 00:00:00+00:00, run_after=2025-05-27 00:00:00+00:00
[2025-05-27T19:51:52.811+0530] {processor.py:183} INFO - Processing /Users/zafarimam/Documents/E-Commerce Order Pipeline/airflow_venv_39/lib/python3.9/site-packages/airflow/example_dags/example_task_group.py took 0.128 seconds
