[2025-05-27T17:39:34.710+0530] {processor.py:161} INFO - Started process (PID=22881) to work on /Users/zafarimam/Documents/E-Commerce Order Pipeline/airflow_venv_39/lib/python3.9/site-packages/airflow/example_dags/example_bash_operator.py
[2025-05-27T17:39:34.711+0530] {processor.py:830} INFO - Processing file /Users/zafarimam/Documents/E-Commerce Order Pipeline/airflow_venv_39/lib/python3.9/site-packages/airflow/example_dags/example_bash_operator.py for tasks to queue
[2025-05-27T17:39:34.712+0530] {logging_mixin.py:188} INFO - [2025-05-27T17:39:34.712+0530] {dagbag.py:538} INFO - Filling up the DagBag from /Users/zafarimam/Documents/E-Commerce Order Pipeline/airflow_venv_39/lib/python3.9/site-packages/airflow/example_dags/example_bash_operator.py
[2025-05-27T17:39:34.726+0530] {processor.py:840} INFO - DAG(s) 'example_bash_operator' retrieved from /Users/zafarimam/Documents/E-Commerce Order Pipeline/airflow_venv_39/lib/python3.9/site-packages/airflow/example_dags/example_bash_operator.py
[2025-05-27T17:39:34.883+0530] {logging_mixin.py:188} INFO - [2025-05-27T17:39:34.883+0530] {dag.py:3036} INFO - Sync 1 DAGs
[2025-05-27T17:39:34.897+0530] {logging_mixin.py:188} INFO - [2025-05-27T17:39:34.897+0530] {dag.py:3823} INFO - Setting next_dagrun for example_bash_operator to 2025-05-26 00:00:00+00:00, run_after=2025-05-27 00:00:00+00:00
[2025-05-27T17:39:34.910+0530] {processor.py:183} INFO - Processing /Users/zafarimam/Documents/E-Commerce Order Pipeline/airflow_venv_39/lib/python3.9/site-packages/airflow/example_dags/example_bash_operator.py took 0.201 seconds
[2025-05-27T17:43:27.135+0530] {processor.py:161} INFO - Started process (PID=23008) to work on /Users/zafarimam/Documents/E-Commerce Order Pipeline/airflow_venv_39/lib/python3.9/site-packages/airflow/example_dags/example_bash_operator.py
[2025-05-27T17:43:27.137+0530] {processor.py:830} INFO - Processing file /Users/zafarimam/Documents/E-Commerce Order Pipeline/airflow_venv_39/lib/python3.9/site-packages/airflow/example_dags/example_bash_operator.py for tasks to queue
[2025-05-27T17:43:27.138+0530] {logging_mixin.py:188} INFO - [2025-05-27T17:43:27.138+0530] {dagbag.py:538} INFO - Filling up the DagBag from /Users/zafarimam/Documents/E-Commerce Order Pipeline/airflow_venv_39/lib/python3.9/site-packages/airflow/example_dags/example_bash_operator.py
[2025-05-27T17:43:27.150+0530] {processor.py:840} INFO - DAG(s) 'example_bash_operator' retrieved from /Users/zafarimam/Documents/E-Commerce Order Pipeline/airflow_venv_39/lib/python3.9/site-packages/airflow/example_dags/example_bash_operator.py
[2025-05-27T17:43:27.240+0530] {logging_mixin.py:188} INFO - [2025-05-27T17:43:27.239+0530] {dag.py:3036} INFO - Sync 1 DAGs
[2025-05-27T17:43:27.252+0530] {logging_mixin.py:188} INFO - [2025-05-27T17:43:27.251+0530] {dag.py:3823} INFO - Setting next_dagrun for example_bash_operator to 2025-05-26 00:00:00+00:00, run_after=2025-05-27 00:00:00+00:00
[2025-05-27T17:43:27.266+0530] {processor.py:183} INFO - Processing /Users/zafarimam/Documents/E-Commerce Order Pipeline/airflow_venv_39/lib/python3.9/site-packages/airflow/example_dags/example_bash_operator.py took 0.132 seconds
[2025-05-27T17:52:13.008+0530] {processor.py:161} INFO - Started process (PID=23381) to work on /Users/zafarimam/Documents/E-Commerce Order Pipeline/airflow_venv_39/lib/python3.9/site-packages/airflow/example_dags/example_bash_operator.py
[2025-05-27T17:52:13.010+0530] {processor.py:830} INFO - Processing file /Users/zafarimam/Documents/E-Commerce Order Pipeline/airflow_venv_39/lib/python3.9/site-packages/airflow/example_dags/example_bash_operator.py for tasks to queue
[2025-05-27T17:52:13.011+0530] {logging_mixin.py:188} INFO - [2025-05-27T17:52:13.011+0530] {dagbag.py:538} INFO - Filling up the DagBag from /Users/zafarimam/Documents/E-Commerce Order Pipeline/airflow_venv_39/lib/python3.9/site-packages/airflow/example_dags/example_bash_operator.py
[2025-05-27T17:52:13.023+0530] {processor.py:840} INFO - DAG(s) 'example_bash_operator' retrieved from /Users/zafarimam/Documents/E-Commerce Order Pipeline/airflow_venv_39/lib/python3.9/site-packages/airflow/example_dags/example_bash_operator.py
[2025-05-27T17:52:13.115+0530] {logging_mixin.py:188} INFO - [2025-05-27T17:52:13.115+0530] {dag.py:3036} INFO - Sync 1 DAGs
[2025-05-27T17:52:13.127+0530] {logging_mixin.py:188} INFO - [2025-05-27T17:52:13.127+0530] {dag.py:3823} INFO - Setting next_dagrun for example_bash_operator to 2025-05-26 00:00:00+00:00, run_after=2025-05-27 00:00:00+00:00
[2025-05-27T17:52:13.142+0530] {processor.py:183} INFO - Processing /Users/zafarimam/Documents/E-Commerce Order Pipeline/airflow_venv_39/lib/python3.9/site-packages/airflow/example_dags/example_bash_operator.py took 0.135 seconds
[2025-05-27T17:56:53.511+0530] {processor.py:161} INFO - Started process (PID=24092) to work on /Users/zafarimam/Documents/E-Commerce Order Pipeline/airflow_venv_39/lib/python3.9/site-packages/airflow/example_dags/example_bash_operator.py
[2025-05-27T17:56:53.513+0530] {processor.py:830} INFO - Processing file /Users/zafarimam/Documents/E-Commerce Order Pipeline/airflow_venv_39/lib/python3.9/site-packages/airflow/example_dags/example_bash_operator.py for tasks to queue
[2025-05-27T17:56:53.514+0530] {logging_mixin.py:188} INFO - [2025-05-27T17:56:53.514+0530] {dagbag.py:538} INFO - Filling up the DagBag from /Users/zafarimam/Documents/E-Commerce Order Pipeline/airflow_venv_39/lib/python3.9/site-packages/airflow/example_dags/example_bash_operator.py
[2025-05-27T17:56:53.526+0530] {processor.py:840} INFO - DAG(s) 'example_bash_operator' retrieved from /Users/zafarimam/Documents/E-Commerce Order Pipeline/airflow_venv_39/lib/python3.9/site-packages/airflow/example_dags/example_bash_operator.py
[2025-05-27T17:56:53.679+0530] {logging_mixin.py:188} INFO - [2025-05-27T17:56:53.679+0530] {dag.py:3036} INFO - Sync 1 DAGs
[2025-05-27T17:56:53.693+0530] {logging_mixin.py:188} INFO - [2025-05-27T17:56:53.693+0530] {dag.py:3823} INFO - Setting next_dagrun for example_bash_operator to 2025-05-26 00:00:00+00:00, run_after=2025-05-27 00:00:00+00:00
[2025-05-27T17:56:53.707+0530] {processor.py:183} INFO - Processing /Users/zafarimam/Documents/E-Commerce Order Pipeline/airflow_venv_39/lib/python3.9/site-packages/airflow/example_dags/example_bash_operator.py took 0.197 seconds
[2025-05-27T18:07:23.319+0530] {processor.py:161} INFO - Started process (PID=25139) to work on /Users/zafarimam/Documents/E-Commerce Order Pipeline/airflow_venv_39/lib/python3.9/site-packages/airflow/example_dags/example_bash_operator.py
[2025-05-27T18:07:23.321+0530] {processor.py:830} INFO - Processing file /Users/zafarimam/Documents/E-Commerce Order Pipeline/airflow_venv_39/lib/python3.9/site-packages/airflow/example_dags/example_bash_operator.py for tasks to queue
[2025-05-27T18:07:23.322+0530] {logging_mixin.py:188} INFO - [2025-05-27T18:07:23.322+0530] {dagbag.py:538} INFO - Filling up the DagBag from /Users/zafarimam/Documents/E-Commerce Order Pipeline/airflow_venv_39/lib/python3.9/site-packages/airflow/example_dags/example_bash_operator.py
[2025-05-27T18:07:23.334+0530] {processor.py:840} INFO - DAG(s) 'example_bash_operator' retrieved from /Users/zafarimam/Documents/E-Commerce Order Pipeline/airflow_venv_39/lib/python3.9/site-packages/airflow/example_dags/example_bash_operator.py
[2025-05-27T18:07:23.427+0530] {logging_mixin.py:188} INFO - [2025-05-27T18:07:23.427+0530] {dag.py:3036} INFO - Sync 1 DAGs
[2025-05-27T18:07:23.441+0530] {logging_mixin.py:188} INFO - [2025-05-27T18:07:23.440+0530] {dag.py:3823} INFO - Setting next_dagrun for example_bash_operator to 2025-05-26 00:00:00+00:00, run_after=2025-05-27 00:00:00+00:00
[2025-05-27T18:07:23.456+0530] {processor.py:183} INFO - Processing /Users/zafarimam/Documents/E-Commerce Order Pipeline/airflow_venv_39/lib/python3.9/site-packages/airflow/example_dags/example_bash_operator.py took 0.138 seconds
[2025-05-27T18:11:08.098+0530] {processor.py:161} INFO - Started process (PID=25255) to work on /Users/zafarimam/Documents/E-Commerce Order Pipeline/airflow_venv_39/lib/python3.9/site-packages/airflow/example_dags/example_bash_operator.py
[2025-05-27T18:11:08.099+0530] {processor.py:830} INFO - Processing file /Users/zafarimam/Documents/E-Commerce Order Pipeline/airflow_venv_39/lib/python3.9/site-packages/airflow/example_dags/example_bash_operator.py for tasks to queue
[2025-05-27T18:11:08.100+0530] {logging_mixin.py:188} INFO - [2025-05-27T18:11:08.099+0530] {dagbag.py:538} INFO - Filling up the DagBag from /Users/zafarimam/Documents/E-Commerce Order Pipeline/airflow_venv_39/lib/python3.9/site-packages/airflow/example_dags/example_bash_operator.py
[2025-05-27T18:11:08.112+0530] {processor.py:840} INFO - DAG(s) 'example_bash_operator' retrieved from /Users/zafarimam/Documents/E-Commerce Order Pipeline/airflow_venv_39/lib/python3.9/site-packages/airflow/example_dags/example_bash_operator.py
[2025-05-27T18:11:08.203+0530] {logging_mixin.py:188} INFO - [2025-05-27T18:11:08.202+0530] {dag.py:3036} INFO - Sync 1 DAGs
[2025-05-27T18:11:08.215+0530] {logging_mixin.py:188} INFO - [2025-05-27T18:11:08.215+0530] {dag.py:3823} INFO - Setting next_dagrun for example_bash_operator to 2025-05-26 00:00:00+00:00, run_after=2025-05-27 00:00:00+00:00
[2025-05-27T18:11:08.233+0530] {processor.py:183} INFO - Processing /Users/zafarimam/Documents/E-Commerce Order Pipeline/airflow_venv_39/lib/python3.9/site-packages/airflow/example_dags/example_bash_operator.py took 0.136 seconds
[2025-05-27T18:14:59.395+0530] {processor.py:161} INFO - Started process (PID=25390) to work on /Users/zafarimam/Documents/E-Commerce Order Pipeline/airflow_venv_39/lib/python3.9/site-packages/airflow/example_dags/example_bash_operator.py
[2025-05-27T18:14:59.397+0530] {processor.py:830} INFO - Processing file /Users/zafarimam/Documents/E-Commerce Order Pipeline/airflow_venv_39/lib/python3.9/site-packages/airflow/example_dags/example_bash_operator.py for tasks to queue
[2025-05-27T18:14:59.398+0530] {logging_mixin.py:188} INFO - [2025-05-27T18:14:59.398+0530] {dagbag.py:538} INFO - Filling up the DagBag from /Users/zafarimam/Documents/E-Commerce Order Pipeline/airflow_venv_39/lib/python3.9/site-packages/airflow/example_dags/example_bash_operator.py
[2025-05-27T18:14:59.410+0530] {processor.py:840} INFO - DAG(s) 'example_bash_operator' retrieved from /Users/zafarimam/Documents/E-Commerce Order Pipeline/airflow_venv_39/lib/python3.9/site-packages/airflow/example_dags/example_bash_operator.py
[2025-05-27T18:14:59.501+0530] {logging_mixin.py:188} INFO - [2025-05-27T18:14:59.501+0530] {dag.py:3036} INFO - Sync 1 DAGs
[2025-05-27T18:14:59.514+0530] {logging_mixin.py:188} INFO - [2025-05-27T18:14:59.514+0530] {dag.py:3823} INFO - Setting next_dagrun for example_bash_operator to 2025-05-26 00:00:00+00:00, run_after=2025-05-27 00:00:00+00:00
[2025-05-27T18:14:59.527+0530] {processor.py:183} INFO - Processing /Users/zafarimam/Documents/E-Commerce Order Pipeline/airflow_venv_39/lib/python3.9/site-packages/airflow/example_dags/example_bash_operator.py took 0.133 seconds
[2025-05-27T18:18:26.201+0530] {processor.py:161} INFO - Started process (PID=25519) to work on /Users/zafarimam/Documents/E-Commerce Order Pipeline/airflow_venv_39/lib/python3.9/site-packages/airflow/example_dags/example_bash_operator.py
[2025-05-27T18:18:26.202+0530] {processor.py:830} INFO - Processing file /Users/zafarimam/Documents/E-Commerce Order Pipeline/airflow_venv_39/lib/python3.9/site-packages/airflow/example_dags/example_bash_operator.py for tasks to queue
[2025-05-27T18:18:26.203+0530] {logging_mixin.py:188} INFO - [2025-05-27T18:18:26.203+0530] {dagbag.py:538} INFO - Filling up the DagBag from /Users/zafarimam/Documents/E-Commerce Order Pipeline/airflow_venv_39/lib/python3.9/site-packages/airflow/example_dags/example_bash_operator.py
[2025-05-27T18:18:26.215+0530] {processor.py:840} INFO - DAG(s) 'example_bash_operator' retrieved from /Users/zafarimam/Documents/E-Commerce Order Pipeline/airflow_venv_39/lib/python3.9/site-packages/airflow/example_dags/example_bash_operator.py
[2025-05-27T18:18:26.306+0530] {logging_mixin.py:188} INFO - [2025-05-27T18:18:26.306+0530] {dag.py:3036} INFO - Sync 1 DAGs
[2025-05-27T18:18:26.319+0530] {logging_mixin.py:188} INFO - [2025-05-27T18:18:26.319+0530] {dag.py:3823} INFO - Setting next_dagrun for example_bash_operator to 2025-05-26 00:00:00+00:00, run_after=2025-05-27 00:00:00+00:00
[2025-05-27T18:18:26.335+0530] {processor.py:183} INFO - Processing /Users/zafarimam/Documents/E-Commerce Order Pipeline/airflow_venv_39/lib/python3.9/site-packages/airflow/example_dags/example_bash_operator.py took 0.135 seconds
[2025-05-27T18:23:21.615+0530] {processor.py:161} INFO - Started process (PID=25724) to work on /Users/zafarimam/Documents/E-Commerce Order Pipeline/airflow_venv_39/lib/python3.9/site-packages/airflow/example_dags/example_bash_operator.py
[2025-05-27T18:23:21.616+0530] {processor.py:830} INFO - Processing file /Users/zafarimam/Documents/E-Commerce Order Pipeline/airflow_venv_39/lib/python3.9/site-packages/airflow/example_dags/example_bash_operator.py for tasks to queue
[2025-05-27T18:23:21.617+0530] {logging_mixin.py:188} INFO - [2025-05-27T18:23:21.617+0530] {dagbag.py:538} INFO - Filling up the DagBag from /Users/zafarimam/Documents/E-Commerce Order Pipeline/airflow_venv_39/lib/python3.9/site-packages/airflow/example_dags/example_bash_operator.py
[2025-05-27T18:23:21.630+0530] {processor.py:840} INFO - DAG(s) 'example_bash_operator' retrieved from /Users/zafarimam/Documents/E-Commerce Order Pipeline/airflow_venv_39/lib/python3.9/site-packages/airflow/example_dags/example_bash_operator.py
[2025-05-27T18:23:21.724+0530] {logging_mixin.py:188} INFO - [2025-05-27T18:23:21.724+0530] {dag.py:3036} INFO - Sync 1 DAGs
[2025-05-27T18:23:21.737+0530] {logging_mixin.py:188} INFO - [2025-05-27T18:23:21.737+0530] {dag.py:3823} INFO - Setting next_dagrun for example_bash_operator to 2025-05-26 00:00:00+00:00, run_after=2025-05-27 00:00:00+00:00
[2025-05-27T18:23:21.751+0530] {processor.py:183} INFO - Processing /Users/zafarimam/Documents/E-Commerce Order Pipeline/airflow_venv_39/lib/python3.9/site-packages/airflow/example_dags/example_bash_operator.py took 0.137 seconds
[2025-05-27T18:28:34.664+0530] {processor.py:161} INFO - Started process (PID=25894) to work on /Users/zafarimam/Documents/E-Commerce Order Pipeline/airflow_venv_39/lib/python3.9/site-packages/airflow/example_dags/example_bash_operator.py
[2025-05-27T18:28:34.666+0530] {processor.py:830} INFO - Processing file /Users/zafarimam/Documents/E-Commerce Order Pipeline/airflow_venv_39/lib/python3.9/site-packages/airflow/example_dags/example_bash_operator.py for tasks to queue
[2025-05-27T18:28:34.666+0530] {logging_mixin.py:188} INFO - [2025-05-27T18:28:34.666+0530] {dagbag.py:538} INFO - Filling up the DagBag from /Users/zafarimam/Documents/E-Commerce Order Pipeline/airflow_venv_39/lib/python3.9/site-packages/airflow/example_dags/example_bash_operator.py
[2025-05-27T18:28:34.679+0530] {processor.py:840} INFO - DAG(s) 'example_bash_operator' retrieved from /Users/zafarimam/Documents/E-Commerce Order Pipeline/airflow_venv_39/lib/python3.9/site-packages/airflow/example_dags/example_bash_operator.py
[2025-05-27T18:28:34.776+0530] {logging_mixin.py:188} INFO - [2025-05-27T18:28:34.776+0530] {dag.py:3036} INFO - Sync 1 DAGs
[2025-05-27T18:28:34.789+0530] {logging_mixin.py:188} INFO - [2025-05-27T18:28:34.789+0530] {dag.py:3823} INFO - Setting next_dagrun for example_bash_operator to 2025-05-26 00:00:00+00:00, run_after=2025-05-27 00:00:00+00:00
[2025-05-27T18:28:34.808+0530] {processor.py:183} INFO - Processing /Users/zafarimam/Documents/E-Commerce Order Pipeline/airflow_venv_39/lib/python3.9/site-packages/airflow/example_dags/example_bash_operator.py took 0.145 seconds
[2025-05-27T18:32:13.410+0530] {processor.py:161} INFO - Started process (PID=26015) to work on /Users/zafarimam/Documents/E-Commerce Order Pipeline/airflow_venv_39/lib/python3.9/site-packages/airflow/example_dags/example_bash_operator.py
[2025-05-27T18:32:13.411+0530] {processor.py:830} INFO - Processing file /Users/zafarimam/Documents/E-Commerce Order Pipeline/airflow_venv_39/lib/python3.9/site-packages/airflow/example_dags/example_bash_operator.py for tasks to queue
[2025-05-27T18:32:13.411+0530] {logging_mixin.py:188} INFO - [2025-05-27T18:32:13.411+0530] {dagbag.py:538} INFO - Filling up the DagBag from /Users/zafarimam/Documents/E-Commerce Order Pipeline/airflow_venv_39/lib/python3.9/site-packages/airflow/example_dags/example_bash_operator.py
[2025-05-27T18:32:13.423+0530] {processor.py:840} INFO - DAG(s) 'example_bash_operator' retrieved from /Users/zafarimam/Documents/E-Commerce Order Pipeline/airflow_venv_39/lib/python3.9/site-packages/airflow/example_dags/example_bash_operator.py
[2025-05-27T18:32:13.511+0530] {logging_mixin.py:188} INFO - [2025-05-27T18:32:13.511+0530] {dag.py:3036} INFO - Sync 1 DAGs
[2025-05-27T18:32:13.524+0530] {logging_mixin.py:188} INFO - [2025-05-27T18:32:13.523+0530] {dag.py:3823} INFO - Setting next_dagrun for example_bash_operator to 2025-05-26 00:00:00+00:00, run_after=2025-05-27 00:00:00+00:00
[2025-05-27T18:32:13.539+0530] {processor.py:183} INFO - Processing /Users/zafarimam/Documents/E-Commerce Order Pipeline/airflow_venv_39/lib/python3.9/site-packages/airflow/example_dags/example_bash_operator.py took 0.130 seconds
[2025-05-27T18:38:05.914+0530] {processor.py:161} INFO - Started process (PID=26239) to work on /Users/zafarimam/Documents/E-Commerce Order Pipeline/airflow_venv_39/lib/python3.9/site-packages/airflow/example_dags/example_bash_operator.py
[2025-05-27T18:38:05.916+0530] {processor.py:830} INFO - Processing file /Users/zafarimam/Documents/E-Commerce Order Pipeline/airflow_venv_39/lib/python3.9/site-packages/airflow/example_dags/example_bash_operator.py for tasks to queue
[2025-05-27T18:38:05.916+0530] {logging_mixin.py:188} INFO - [2025-05-27T18:38:05.916+0530] {dagbag.py:538} INFO - Filling up the DagBag from /Users/zafarimam/Documents/E-Commerce Order Pipeline/airflow_venv_39/lib/python3.9/site-packages/airflow/example_dags/example_bash_operator.py
[2025-05-27T18:38:05.930+0530] {processor.py:840} INFO - DAG(s) 'example_bash_operator' retrieved from /Users/zafarimam/Documents/E-Commerce Order Pipeline/airflow_venv_39/lib/python3.9/site-packages/airflow/example_dags/example_bash_operator.py
[2025-05-27T18:38:06.039+0530] {logging_mixin.py:188} INFO - [2025-05-27T18:38:06.039+0530] {dag.py:3036} INFO - Sync 1 DAGs
[2025-05-27T18:38:06.055+0530] {logging_mixin.py:188} INFO - [2025-05-27T18:38:06.055+0530] {dag.py:3823} INFO - Setting next_dagrun for example_bash_operator to 2025-05-26 00:00:00+00:00, run_after=2025-05-27 00:00:00+00:00
[2025-05-27T18:38:06.072+0530] {processor.py:183} INFO - Processing /Users/zafarimam/Documents/E-Commerce Order Pipeline/airflow_venv_39/lib/python3.9/site-packages/airflow/example_dags/example_bash_operator.py took 0.159 seconds
[2025-05-27T18:47:54.228+0530] {processor.py:161} INFO - Started process (PID=26751) to work on /Users/zafarimam/Documents/E-Commerce Order Pipeline/airflow_venv_39/lib/python3.9/site-packages/airflow/example_dags/example_bash_operator.py
[2025-05-27T18:47:54.230+0530] {processor.py:830} INFO - Processing file /Users/zafarimam/Documents/E-Commerce Order Pipeline/airflow_venv_39/lib/python3.9/site-packages/airflow/example_dags/example_bash_operator.py for tasks to queue
[2025-05-27T18:47:54.231+0530] {logging_mixin.py:188} INFO - [2025-05-27T18:47:54.231+0530] {dagbag.py:538} INFO - Filling up the DagBag from /Users/zafarimam/Documents/E-Commerce Order Pipeline/airflow_venv_39/lib/python3.9/site-packages/airflow/example_dags/example_bash_operator.py
[2025-05-27T18:47:54.243+0530] {processor.py:840} INFO - DAG(s) 'example_bash_operator' retrieved from /Users/zafarimam/Documents/E-Commerce Order Pipeline/airflow_venv_39/lib/python3.9/site-packages/airflow/example_dags/example_bash_operator.py
[2025-05-27T18:47:54.391+0530] {logging_mixin.py:188} INFO - [2025-05-27T18:47:54.391+0530] {dag.py:3036} INFO - Sync 1 DAGs
[2025-05-27T18:47:54.404+0530] {logging_mixin.py:188} INFO - [2025-05-27T18:47:54.403+0530] {dag.py:3823} INFO - Setting next_dagrun for example_bash_operator to 2025-05-26 00:00:00+00:00, run_after=2025-05-27 00:00:00+00:00
[2025-05-27T18:47:54.416+0530] {processor.py:183} INFO - Processing /Users/zafarimam/Documents/E-Commerce Order Pipeline/airflow_venv_39/lib/python3.9/site-packages/airflow/example_dags/example_bash_operator.py took 0.189 seconds
[2025-05-27T18:51:41.849+0530] {processor.py:161} INFO - Started process (PID=26917) to work on /Users/zafarimam/Documents/E-Commerce Order Pipeline/airflow_venv_39/lib/python3.9/site-packages/airflow/example_dags/example_bash_operator.py
[2025-05-27T18:51:41.850+0530] {processor.py:830} INFO - Processing file /Users/zafarimam/Documents/E-Commerce Order Pipeline/airflow_venv_39/lib/python3.9/site-packages/airflow/example_dags/example_bash_operator.py for tasks to queue
[2025-05-27T18:51:41.851+0530] {logging_mixin.py:188} INFO - [2025-05-27T18:51:41.850+0530] {dagbag.py:538} INFO - Filling up the DagBag from /Users/zafarimam/Documents/E-Commerce Order Pipeline/airflow_venv_39/lib/python3.9/site-packages/airflow/example_dags/example_bash_operator.py
[2025-05-27T18:51:41.863+0530] {processor.py:840} INFO - DAG(s) 'example_bash_operator' retrieved from /Users/zafarimam/Documents/E-Commerce Order Pipeline/airflow_venv_39/lib/python3.9/site-packages/airflow/example_dags/example_bash_operator.py
[2025-05-27T18:51:41.955+0530] {logging_mixin.py:188} INFO - [2025-05-27T18:51:41.955+0530] {dag.py:3036} INFO - Sync 1 DAGs
[2025-05-27T18:51:41.968+0530] {logging_mixin.py:188} INFO - [2025-05-27T18:51:41.968+0530] {dag.py:3823} INFO - Setting next_dagrun for example_bash_operator to 2025-05-26 00:00:00+00:00, run_after=2025-05-27 00:00:00+00:00
[2025-05-27T18:51:41.983+0530] {processor.py:183} INFO - Processing /Users/zafarimam/Documents/E-Commerce Order Pipeline/airflow_venv_39/lib/python3.9/site-packages/airflow/example_dags/example_bash_operator.py took 0.135 seconds
[2025-05-27T18:55:46.238+0530] {processor.py:161} INFO - Started process (PID=27046) to work on /Users/zafarimam/Documents/E-Commerce Order Pipeline/airflow_venv_39/lib/python3.9/site-packages/airflow/example_dags/example_bash_operator.py
[2025-05-27T18:55:46.240+0530] {processor.py:830} INFO - Processing file /Users/zafarimam/Documents/E-Commerce Order Pipeline/airflow_venv_39/lib/python3.9/site-packages/airflow/example_dags/example_bash_operator.py for tasks to queue
[2025-05-27T18:55:46.241+0530] {logging_mixin.py:188} INFO - [2025-05-27T18:55:46.240+0530] {dagbag.py:538} INFO - Filling up the DagBag from /Users/zafarimam/Documents/E-Commerce Order Pipeline/airflow_venv_39/lib/python3.9/site-packages/airflow/example_dags/example_bash_operator.py
[2025-05-27T18:55:46.253+0530] {processor.py:840} INFO - DAG(s) 'example_bash_operator' retrieved from /Users/zafarimam/Documents/E-Commerce Order Pipeline/airflow_venv_39/lib/python3.9/site-packages/airflow/example_dags/example_bash_operator.py
[2025-05-27T18:55:46.352+0530] {logging_mixin.py:188} INFO - [2025-05-27T18:55:46.352+0530] {dag.py:3036} INFO - Sync 1 DAGs
[2025-05-27T18:55:46.368+0530] {logging_mixin.py:188} INFO - [2025-05-27T18:55:46.368+0530] {dag.py:3823} INFO - Setting next_dagrun for example_bash_operator to 2025-05-26 00:00:00+00:00, run_after=2025-05-27 00:00:00+00:00
[2025-05-27T18:55:46.385+0530] {processor.py:183} INFO - Processing /Users/zafarimam/Documents/E-Commerce Order Pipeline/airflow_venv_39/lib/python3.9/site-packages/airflow/example_dags/example_bash_operator.py took 0.148 seconds
[2025-05-27T18:59:45.903+0530] {processor.py:161} INFO - Started process (PID=27201) to work on /Users/zafarimam/Documents/E-Commerce Order Pipeline/airflow_venv_39/lib/python3.9/site-packages/airflow/example_dags/example_bash_operator.py
[2025-05-27T18:59:45.904+0530] {processor.py:830} INFO - Processing file /Users/zafarimam/Documents/E-Commerce Order Pipeline/airflow_venv_39/lib/python3.9/site-packages/airflow/example_dags/example_bash_operator.py for tasks to queue
[2025-05-27T18:59:45.905+0530] {logging_mixin.py:188} INFO - [2025-05-27T18:59:45.905+0530] {dagbag.py:538} INFO - Filling up the DagBag from /Users/zafarimam/Documents/E-Commerce Order Pipeline/airflow_venv_39/lib/python3.9/site-packages/airflow/example_dags/example_bash_operator.py
[2025-05-27T18:59:45.917+0530] {processor.py:840} INFO - DAG(s) 'example_bash_operator' retrieved from /Users/zafarimam/Documents/E-Commerce Order Pipeline/airflow_venv_39/lib/python3.9/site-packages/airflow/example_dags/example_bash_operator.py
[2025-05-27T18:59:46.019+0530] {logging_mixin.py:188} INFO - [2025-05-27T18:59:46.019+0530] {dag.py:3036} INFO - Sync 1 DAGs
[2025-05-27T18:59:46.037+0530] {logging_mixin.py:188} INFO - [2025-05-27T18:59:46.037+0530] {dag.py:3823} INFO - Setting next_dagrun for example_bash_operator to 2025-05-26 00:00:00+00:00, run_after=2025-05-27 00:00:00+00:00
[2025-05-27T18:59:46.059+0530] {processor.py:183} INFO - Processing /Users/zafarimam/Documents/E-Commerce Order Pipeline/airflow_venv_39/lib/python3.9/site-packages/airflow/example_dags/example_bash_operator.py took 0.157 seconds
[2025-05-27T19:03:50.741+0530] {processor.py:161} INFO - Started process (PID=27378) to work on /Users/zafarimam/Documents/E-Commerce Order Pipeline/airflow_venv_39/lib/python3.9/site-packages/airflow/example_dags/example_bash_operator.py
[2025-05-27T19:03:50.743+0530] {processor.py:830} INFO - Processing file /Users/zafarimam/Documents/E-Commerce Order Pipeline/airflow_venv_39/lib/python3.9/site-packages/airflow/example_dags/example_bash_operator.py for tasks to queue
[2025-05-27T19:03:50.743+0530] {logging_mixin.py:188} INFO - [2025-05-27T19:03:50.743+0530] {dagbag.py:538} INFO - Filling up the DagBag from /Users/zafarimam/Documents/E-Commerce Order Pipeline/airflow_venv_39/lib/python3.9/site-packages/airflow/example_dags/example_bash_operator.py
[2025-05-27T19:03:50.756+0530] {processor.py:840} INFO - DAG(s) 'example_bash_operator' retrieved from /Users/zafarimam/Documents/E-Commerce Order Pipeline/airflow_venv_39/lib/python3.9/site-packages/airflow/example_dags/example_bash_operator.py
[2025-05-27T19:03:50.847+0530] {logging_mixin.py:188} INFO - [2025-05-27T19:03:50.847+0530] {dag.py:3036} INFO - Sync 1 DAGs
[2025-05-27T19:03:50.860+0530] {logging_mixin.py:188} INFO - [2025-05-27T19:03:50.859+0530] {dag.py:3823} INFO - Setting next_dagrun for example_bash_operator to 2025-05-26 00:00:00+00:00, run_after=2025-05-27 00:00:00+00:00
[2025-05-27T19:03:50.873+0530] {processor.py:183} INFO - Processing /Users/zafarimam/Documents/E-Commerce Order Pipeline/airflow_venv_39/lib/python3.9/site-packages/airflow/example_dags/example_bash_operator.py took 0.134 seconds
[2025-05-27T19:08:12.014+0530] {processor.py:161} INFO - Started process (PID=27520) to work on /Users/zafarimam/Documents/E-Commerce Order Pipeline/airflow_venv_39/lib/python3.9/site-packages/airflow/example_dags/example_bash_operator.py
[2025-05-27T19:08:12.016+0530] {processor.py:830} INFO - Processing file /Users/zafarimam/Documents/E-Commerce Order Pipeline/airflow_venv_39/lib/python3.9/site-packages/airflow/example_dags/example_bash_operator.py for tasks to queue
[2025-05-27T19:08:12.016+0530] {logging_mixin.py:188} INFO - [2025-05-27T19:08:12.016+0530] {dagbag.py:538} INFO - Filling up the DagBag from /Users/zafarimam/Documents/E-Commerce Order Pipeline/airflow_venv_39/lib/python3.9/site-packages/airflow/example_dags/example_bash_operator.py
[2025-05-27T19:08:12.028+0530] {processor.py:840} INFO - DAG(s) 'example_bash_operator' retrieved from /Users/zafarimam/Documents/E-Commerce Order Pipeline/airflow_venv_39/lib/python3.9/site-packages/airflow/example_dags/example_bash_operator.py
[2025-05-27T19:08:12.119+0530] {logging_mixin.py:188} INFO - [2025-05-27T19:08:12.118+0530] {dag.py:3036} INFO - Sync 1 DAGs
[2025-05-27T19:08:12.132+0530] {logging_mixin.py:188} INFO - [2025-05-27T19:08:12.132+0530] {dag.py:3823} INFO - Setting next_dagrun for example_bash_operator to 2025-05-26 00:00:00+00:00, run_after=2025-05-27 00:00:00+00:00
[2025-05-27T19:08:12.145+0530] {processor.py:183} INFO - Processing /Users/zafarimam/Documents/E-Commerce Order Pipeline/airflow_venv_39/lib/python3.9/site-packages/airflow/example_dags/example_bash_operator.py took 0.132 seconds
[2025-05-27T19:11:34.766+0530] {processor.py:161} INFO - Started process (PID=27636) to work on /Users/zafarimam/Documents/E-Commerce Order Pipeline/airflow_venv_39/lib/python3.9/site-packages/airflow/example_dags/example_bash_operator.py
[2025-05-27T19:11:34.767+0530] {processor.py:830} INFO - Processing file /Users/zafarimam/Documents/E-Commerce Order Pipeline/airflow_venv_39/lib/python3.9/site-packages/airflow/example_dags/example_bash_operator.py for tasks to queue
[2025-05-27T19:11:34.768+0530] {logging_mixin.py:188} INFO - [2025-05-27T19:11:34.768+0530] {dagbag.py:538} INFO - Filling up the DagBag from /Users/zafarimam/Documents/E-Commerce Order Pipeline/airflow_venv_39/lib/python3.9/site-packages/airflow/example_dags/example_bash_operator.py
[2025-05-27T19:11:34.779+0530] {processor.py:840} INFO - DAG(s) 'example_bash_operator' retrieved from /Users/zafarimam/Documents/E-Commerce Order Pipeline/airflow_venv_39/lib/python3.9/site-packages/airflow/example_dags/example_bash_operator.py
[2025-05-27T19:11:34.862+0530] {logging_mixin.py:188} INFO - [2025-05-27T19:11:34.862+0530] {dag.py:3036} INFO - Sync 1 DAGs
[2025-05-27T19:11:34.874+0530] {logging_mixin.py:188} INFO - [2025-05-27T19:11:34.874+0530] {dag.py:3823} INFO - Setting next_dagrun for example_bash_operator to 2025-05-26 00:00:00+00:00, run_after=2025-05-27 00:00:00+00:00
[2025-05-27T19:11:34.892+0530] {processor.py:183} INFO - Processing /Users/zafarimam/Documents/E-Commerce Order Pipeline/airflow_venv_39/lib/python3.9/site-packages/airflow/example_dags/example_bash_operator.py took 0.127 seconds
[2025-05-27T19:14:55.577+0530] {processor.py:161} INFO - Started process (PID=27739) to work on /Users/zafarimam/Documents/E-Commerce Order Pipeline/airflow_venv_39/lib/python3.9/site-packages/airflow/example_dags/example_bash_operator.py
[2025-05-27T19:14:55.578+0530] {processor.py:830} INFO - Processing file /Users/zafarimam/Documents/E-Commerce Order Pipeline/airflow_venv_39/lib/python3.9/site-packages/airflow/example_dags/example_bash_operator.py for tasks to queue
[2025-05-27T19:14:55.579+0530] {logging_mixin.py:188} INFO - [2025-05-27T19:14:55.579+0530] {dagbag.py:538} INFO - Filling up the DagBag from /Users/zafarimam/Documents/E-Commerce Order Pipeline/airflow_venv_39/lib/python3.9/site-packages/airflow/example_dags/example_bash_operator.py
[2025-05-27T19:14:55.590+0530] {processor.py:840} INFO - DAG(s) 'example_bash_operator' retrieved from /Users/zafarimam/Documents/E-Commerce Order Pipeline/airflow_venv_39/lib/python3.9/site-packages/airflow/example_dags/example_bash_operator.py
[2025-05-27T19:14:55.674+0530] {logging_mixin.py:188} INFO - [2025-05-27T19:14:55.674+0530] {dag.py:3036} INFO - Sync 1 DAGs
[2025-05-27T19:14:55.686+0530] {logging_mixin.py:188} INFO - [2025-05-27T19:14:55.686+0530] {dag.py:3823} INFO - Setting next_dagrun for example_bash_operator to 2025-05-26 00:00:00+00:00, run_after=2025-05-27 00:00:00+00:00
[2025-05-27T19:14:55.699+0530] {processor.py:183} INFO - Processing /Users/zafarimam/Documents/E-Commerce Order Pipeline/airflow_venv_39/lib/python3.9/site-packages/airflow/example_dags/example_bash_operator.py took 0.123 seconds
[2025-05-27T19:18:17.099+0530] {processor.py:161} INFO - Started process (PID=27847) to work on /Users/zafarimam/Documents/E-Commerce Order Pipeline/airflow_venv_39/lib/python3.9/site-packages/airflow/example_dags/example_bash_operator.py
[2025-05-27T19:18:17.100+0530] {processor.py:830} INFO - Processing file /Users/zafarimam/Documents/E-Commerce Order Pipeline/airflow_venv_39/lib/python3.9/site-packages/airflow/example_dags/example_bash_operator.py for tasks to queue
[2025-05-27T19:18:17.100+0530] {logging_mixin.py:188} INFO - [2025-05-27T19:18:17.100+0530] {dagbag.py:538} INFO - Filling up the DagBag from /Users/zafarimam/Documents/E-Commerce Order Pipeline/airflow_venv_39/lib/python3.9/site-packages/airflow/example_dags/example_bash_operator.py
[2025-05-27T19:18:17.111+0530] {processor.py:840} INFO - DAG(s) 'example_bash_operator' retrieved from /Users/zafarimam/Documents/E-Commerce Order Pipeline/airflow_venv_39/lib/python3.9/site-packages/airflow/example_dags/example_bash_operator.py
[2025-05-27T19:18:17.197+0530] {logging_mixin.py:188} INFO - [2025-05-27T19:18:17.197+0530] {dag.py:3036} INFO - Sync 1 DAGs
[2025-05-27T19:18:17.209+0530] {logging_mixin.py:188} INFO - [2025-05-27T19:18:17.209+0530] {dag.py:3823} INFO - Setting next_dagrun for example_bash_operator to 2025-05-26 00:00:00+00:00, run_after=2025-05-27 00:00:00+00:00
[2025-05-27T19:18:17.222+0530] {processor.py:183} INFO - Processing /Users/zafarimam/Documents/E-Commerce Order Pipeline/airflow_venv_39/lib/python3.9/site-packages/airflow/example_dags/example_bash_operator.py took 0.125 seconds
[2025-05-27T19:21:35.887+0530] {processor.py:161} INFO - Started process (PID=27988) to work on /Users/zafarimam/Documents/E-Commerce Order Pipeline/airflow_venv_39/lib/python3.9/site-packages/airflow/example_dags/example_bash_operator.py
[2025-05-27T19:21:35.888+0530] {processor.py:830} INFO - Processing file /Users/zafarimam/Documents/E-Commerce Order Pipeline/airflow_venv_39/lib/python3.9/site-packages/airflow/example_dags/example_bash_operator.py for tasks to queue
[2025-05-27T19:21:35.888+0530] {logging_mixin.py:188} INFO - [2025-05-27T19:21:35.888+0530] {dagbag.py:538} INFO - Filling up the DagBag from /Users/zafarimam/Documents/E-Commerce Order Pipeline/airflow_venv_39/lib/python3.9/site-packages/airflow/example_dags/example_bash_operator.py
[2025-05-27T19:21:35.899+0530] {processor.py:840} INFO - DAG(s) 'example_bash_operator' retrieved from /Users/zafarimam/Documents/E-Commerce Order Pipeline/airflow_venv_39/lib/python3.9/site-packages/airflow/example_dags/example_bash_operator.py
[2025-05-27T19:21:35.983+0530] {logging_mixin.py:188} INFO - [2025-05-27T19:21:35.982+0530] {dag.py:3036} INFO - Sync 1 DAGs
[2025-05-27T19:21:35.995+0530] {logging_mixin.py:188} INFO - [2025-05-27T19:21:35.995+0530] {dag.py:3823} INFO - Setting next_dagrun for example_bash_operator to 2025-05-26 00:00:00+00:00, run_after=2025-05-27 00:00:00+00:00
[2025-05-27T19:21:36.008+0530] {processor.py:183} INFO - Processing /Users/zafarimam/Documents/E-Commerce Order Pipeline/airflow_venv_39/lib/python3.9/site-packages/airflow/example_dags/example_bash_operator.py took 0.123 seconds
[2025-05-27T19:24:58.173+0530] {processor.py:161} INFO - Started process (PID=28104) to work on /Users/zafarimam/Documents/E-Commerce Order Pipeline/airflow_venv_39/lib/python3.9/site-packages/airflow/example_dags/example_bash_operator.py
[2025-05-27T19:24:58.174+0530] {processor.py:830} INFO - Processing file /Users/zafarimam/Documents/E-Commerce Order Pipeline/airflow_venv_39/lib/python3.9/site-packages/airflow/example_dags/example_bash_operator.py for tasks to queue
[2025-05-27T19:24:58.174+0530] {logging_mixin.py:188} INFO - [2025-05-27T19:24:58.174+0530] {dagbag.py:538} INFO - Filling up the DagBag from /Users/zafarimam/Documents/E-Commerce Order Pipeline/airflow_venv_39/lib/python3.9/site-packages/airflow/example_dags/example_bash_operator.py
[2025-05-27T19:24:58.184+0530] {processor.py:840} INFO - DAG(s) 'example_bash_operator' retrieved from /Users/zafarimam/Documents/E-Commerce Order Pipeline/airflow_venv_39/lib/python3.9/site-packages/airflow/example_dags/example_bash_operator.py
[2025-05-27T19:24:58.269+0530] {logging_mixin.py:188} INFO - [2025-05-27T19:24:58.269+0530] {dag.py:3036} INFO - Sync 1 DAGs
[2025-05-27T19:24:58.282+0530] {logging_mixin.py:188} INFO - [2025-05-27T19:24:58.282+0530] {dag.py:3823} INFO - Setting next_dagrun for example_bash_operator to 2025-05-26 00:00:00+00:00, run_after=2025-05-27 00:00:00+00:00
[2025-05-27T19:24:58.295+0530] {processor.py:183} INFO - Processing /Users/zafarimam/Documents/E-Commerce Order Pipeline/airflow_venv_39/lib/python3.9/site-packages/airflow/example_dags/example_bash_operator.py took 0.123 seconds
[2025-05-27T19:28:18.283+0530] {processor.py:161} INFO - Started process (PID=28210) to work on /Users/zafarimam/Documents/E-Commerce Order Pipeline/airflow_venv_39/lib/python3.9/site-packages/airflow/example_dags/example_bash_operator.py
[2025-05-27T19:28:18.284+0530] {processor.py:830} INFO - Processing file /Users/zafarimam/Documents/E-Commerce Order Pipeline/airflow_venv_39/lib/python3.9/site-packages/airflow/example_dags/example_bash_operator.py for tasks to queue
[2025-05-27T19:28:18.284+0530] {logging_mixin.py:188} INFO - [2025-05-27T19:28:18.284+0530] {dagbag.py:538} INFO - Filling up the DagBag from /Users/zafarimam/Documents/E-Commerce Order Pipeline/airflow_venv_39/lib/python3.9/site-packages/airflow/example_dags/example_bash_operator.py
[2025-05-27T19:28:18.295+0530] {processor.py:840} INFO - DAG(s) 'example_bash_operator' retrieved from /Users/zafarimam/Documents/E-Commerce Order Pipeline/airflow_venv_39/lib/python3.9/site-packages/airflow/example_dags/example_bash_operator.py
[2025-05-27T19:28:18.381+0530] {logging_mixin.py:188} INFO - [2025-05-27T19:28:18.380+0530] {dag.py:3036} INFO - Sync 1 DAGs
[2025-05-27T19:28:18.393+0530] {logging_mixin.py:188} INFO - [2025-05-27T19:28:18.393+0530] {dag.py:3823} INFO - Setting next_dagrun for example_bash_operator to 2025-05-26 00:00:00+00:00, run_after=2025-05-27 00:00:00+00:00
[2025-05-27T19:28:18.411+0530] {processor.py:183} INFO - Processing /Users/zafarimam/Documents/E-Commerce Order Pipeline/airflow_venv_39/lib/python3.9/site-packages/airflow/example_dags/example_bash_operator.py took 0.129 seconds
[2025-05-27T19:31:59.238+0530] {processor.py:161} INFO - Started process (PID=28345) to work on /Users/zafarimam/Documents/E-Commerce Order Pipeline/airflow_venv_39/lib/python3.9/site-packages/airflow/example_dags/example_bash_operator.py
[2025-05-27T19:31:59.239+0530] {processor.py:830} INFO - Processing file /Users/zafarimam/Documents/E-Commerce Order Pipeline/airflow_venv_39/lib/python3.9/site-packages/airflow/example_dags/example_bash_operator.py for tasks to queue
[2025-05-27T19:31:59.239+0530] {logging_mixin.py:188} INFO - [2025-05-27T19:31:59.239+0530] {dagbag.py:538} INFO - Filling up the DagBag from /Users/zafarimam/Documents/E-Commerce Order Pipeline/airflow_venv_39/lib/python3.9/site-packages/airflow/example_dags/example_bash_operator.py
[2025-05-27T19:31:59.250+0530] {processor.py:840} INFO - DAG(s) 'example_bash_operator' retrieved from /Users/zafarimam/Documents/E-Commerce Order Pipeline/airflow_venv_39/lib/python3.9/site-packages/airflow/example_dags/example_bash_operator.py
[2025-05-27T19:31:59.336+0530] {logging_mixin.py:188} INFO - [2025-05-27T19:31:59.336+0530] {dag.py:3036} INFO - Sync 1 DAGs
[2025-05-27T19:31:59.349+0530] {logging_mixin.py:188} INFO - [2025-05-27T19:31:59.348+0530] {dag.py:3823} INFO - Setting next_dagrun for example_bash_operator to 2025-05-26 00:00:00+00:00, run_after=2025-05-27 00:00:00+00:00
[2025-05-27T19:31:59.366+0530] {processor.py:183} INFO - Processing /Users/zafarimam/Documents/E-Commerce Order Pipeline/airflow_venv_39/lib/python3.9/site-packages/airflow/example_dags/example_bash_operator.py took 0.129 seconds
[2025-05-27T19:35:21.742+0530] {processor.py:161} INFO - Started process (PID=28449) to work on /Users/zafarimam/Documents/E-Commerce Order Pipeline/airflow_venv_39/lib/python3.9/site-packages/airflow/example_dags/example_bash_operator.py
[2025-05-27T19:35:21.743+0530] {processor.py:830} INFO - Processing file /Users/zafarimam/Documents/E-Commerce Order Pipeline/airflow_venv_39/lib/python3.9/site-packages/airflow/example_dags/example_bash_operator.py for tasks to queue
[2025-05-27T19:35:21.743+0530] {logging_mixin.py:188} INFO - [2025-05-27T19:35:21.743+0530] {dagbag.py:538} INFO - Filling up the DagBag from /Users/zafarimam/Documents/E-Commerce Order Pipeline/airflow_venv_39/lib/python3.9/site-packages/airflow/example_dags/example_bash_operator.py
[2025-05-27T19:35:21.754+0530] {processor.py:840} INFO - DAG(s) 'example_bash_operator' retrieved from /Users/zafarimam/Documents/E-Commerce Order Pipeline/airflow_venv_39/lib/python3.9/site-packages/airflow/example_dags/example_bash_operator.py
[2025-05-27T19:35:21.839+0530] {logging_mixin.py:188} INFO - [2025-05-27T19:35:21.838+0530] {dag.py:3036} INFO - Sync 1 DAGs
[2025-05-27T19:35:21.851+0530] {logging_mixin.py:188} INFO - [2025-05-27T19:35:21.851+0530] {dag.py:3823} INFO - Setting next_dagrun for example_bash_operator to 2025-05-26 00:00:00+00:00, run_after=2025-05-27 00:00:00+00:00
[2025-05-27T19:35:21.864+0530] {processor.py:183} INFO - Processing /Users/zafarimam/Documents/E-Commerce Order Pipeline/airflow_venv_39/lib/python3.9/site-packages/airflow/example_dags/example_bash_operator.py took 0.123 seconds
[2025-05-27T19:38:43.095+0530] {processor.py:161} INFO - Started process (PID=28554) to work on /Users/zafarimam/Documents/E-Commerce Order Pipeline/airflow_venv_39/lib/python3.9/site-packages/airflow/example_dags/example_bash_operator.py
[2025-05-27T19:38:43.095+0530] {processor.py:830} INFO - Processing file /Users/zafarimam/Documents/E-Commerce Order Pipeline/airflow_venv_39/lib/python3.9/site-packages/airflow/example_dags/example_bash_operator.py for tasks to queue
[2025-05-27T19:38:43.096+0530] {logging_mixin.py:188} INFO - [2025-05-27T19:38:43.096+0530] {dagbag.py:538} INFO - Filling up the DagBag from /Users/zafarimam/Documents/E-Commerce Order Pipeline/airflow_venv_39/lib/python3.9/site-packages/airflow/example_dags/example_bash_operator.py
[2025-05-27T19:38:43.106+0530] {processor.py:840} INFO - DAG(s) 'example_bash_operator' retrieved from /Users/zafarimam/Documents/E-Commerce Order Pipeline/airflow_venv_39/lib/python3.9/site-packages/airflow/example_dags/example_bash_operator.py
[2025-05-27T19:38:43.190+0530] {logging_mixin.py:188} INFO - [2025-05-27T19:38:43.190+0530] {dag.py:3036} INFO - Sync 1 DAGs
[2025-05-27T19:38:43.202+0530] {logging_mixin.py:188} INFO - [2025-05-27T19:38:43.202+0530] {dag.py:3823} INFO - Setting next_dagrun for example_bash_operator to 2025-05-26 00:00:00+00:00, run_after=2025-05-27 00:00:00+00:00
[2025-05-27T19:38:43.219+0530] {processor.py:183} INFO - Processing /Users/zafarimam/Documents/E-Commerce Order Pipeline/airflow_venv_39/lib/python3.9/site-packages/airflow/example_dags/example_bash_operator.py took 0.126 seconds
[2025-05-27T19:42:02.894+0530] {processor.py:161} INFO - Started process (PID=28658) to work on /Users/zafarimam/Documents/E-Commerce Order Pipeline/airflow_venv_39/lib/python3.9/site-packages/airflow/example_dags/example_bash_operator.py
[2025-05-27T19:42:02.895+0530] {processor.py:830} INFO - Processing file /Users/zafarimam/Documents/E-Commerce Order Pipeline/airflow_venv_39/lib/python3.9/site-packages/airflow/example_dags/example_bash_operator.py for tasks to queue
[2025-05-27T19:42:02.895+0530] {logging_mixin.py:188} INFO - [2025-05-27T19:42:02.895+0530] {dagbag.py:538} INFO - Filling up the DagBag from /Users/zafarimam/Documents/E-Commerce Order Pipeline/airflow_venv_39/lib/python3.9/site-packages/airflow/example_dags/example_bash_operator.py
[2025-05-27T19:42:02.906+0530] {processor.py:840} INFO - DAG(s) 'example_bash_operator' retrieved from /Users/zafarimam/Documents/E-Commerce Order Pipeline/airflow_venv_39/lib/python3.9/site-packages/airflow/example_dags/example_bash_operator.py
[2025-05-27T19:42:02.991+0530] {logging_mixin.py:188} INFO - [2025-05-27T19:42:02.991+0530] {dag.py:3036} INFO - Sync 1 DAGs
[2025-05-27T19:42:03.004+0530] {logging_mixin.py:188} INFO - [2025-05-27T19:42:03.003+0530] {dag.py:3823} INFO - Setting next_dagrun for example_bash_operator to 2025-05-26 00:00:00+00:00, run_after=2025-05-27 00:00:00+00:00
[2025-05-27T19:42:03.016+0530] {processor.py:183} INFO - Processing /Users/zafarimam/Documents/E-Commerce Order Pipeline/airflow_venv_39/lib/python3.9/site-packages/airflow/example_dags/example_bash_operator.py took 0.123 seconds
[2025-05-27T19:45:58.147+0530] {processor.py:161} INFO - Started process (PID=28856) to work on /Users/zafarimam/Documents/E-Commerce Order Pipeline/airflow_venv_39/lib/python3.9/site-packages/airflow/example_dags/example_bash_operator.py
[2025-05-27T19:45:58.149+0530] {processor.py:830} INFO - Processing file /Users/zafarimam/Documents/E-Commerce Order Pipeline/airflow_venv_39/lib/python3.9/site-packages/airflow/example_dags/example_bash_operator.py for tasks to queue
[2025-05-27T19:45:58.149+0530] {logging_mixin.py:188} INFO - [2025-05-27T19:45:58.149+0530] {dagbag.py:538} INFO - Filling up the DagBag from /Users/zafarimam/Documents/E-Commerce Order Pipeline/airflow_venv_39/lib/python3.9/site-packages/airflow/example_dags/example_bash_operator.py
[2025-05-27T19:45:58.161+0530] {processor.py:840} INFO - DAG(s) 'example_bash_operator' retrieved from /Users/zafarimam/Documents/E-Commerce Order Pipeline/airflow_venv_39/lib/python3.9/site-packages/airflow/example_dags/example_bash_operator.py
[2025-05-27T19:45:58.248+0530] {logging_mixin.py:188} INFO - [2025-05-27T19:45:58.248+0530] {dag.py:3036} INFO - Sync 1 DAGs
[2025-05-27T19:45:58.262+0530] {logging_mixin.py:188} INFO - [2025-05-27T19:45:58.261+0530] {dag.py:3823} INFO - Setting next_dagrun for example_bash_operator to 2025-05-26 00:00:00+00:00, run_after=2025-05-27 00:00:00+00:00
[2025-05-27T19:45:58.275+0530] {processor.py:183} INFO - Processing /Users/zafarimam/Documents/E-Commerce Order Pipeline/airflow_venv_39/lib/python3.9/site-packages/airflow/example_dags/example_bash_operator.py took 0.130 seconds
[2025-05-27T19:49:25.727+0530] {processor.py:161} INFO - Started process (PID=28975) to work on /Users/zafarimam/Documents/E-Commerce Order Pipeline/airflow_venv_39/lib/python3.9/site-packages/airflow/example_dags/example_bash_operator.py
[2025-05-27T19:49:25.728+0530] {processor.py:830} INFO - Processing file /Users/zafarimam/Documents/E-Commerce Order Pipeline/airflow_venv_39/lib/python3.9/site-packages/airflow/example_dags/example_bash_operator.py for tasks to queue
[2025-05-27T19:49:25.729+0530] {logging_mixin.py:188} INFO - [2025-05-27T19:49:25.729+0530] {dagbag.py:538} INFO - Filling up the DagBag from /Users/zafarimam/Documents/E-Commerce Order Pipeline/airflow_venv_39/lib/python3.9/site-packages/airflow/example_dags/example_bash_operator.py
[2025-05-27T19:49:25.741+0530] {processor.py:840} INFO - DAG(s) 'example_bash_operator' retrieved from /Users/zafarimam/Documents/E-Commerce Order Pipeline/airflow_venv_39/lib/python3.9/site-packages/airflow/example_dags/example_bash_operator.py
[2025-05-27T19:49:25.828+0530] {logging_mixin.py:188} INFO - [2025-05-27T19:49:25.828+0530] {dag.py:3036} INFO - Sync 1 DAGs
[2025-05-27T19:49:25.841+0530] {logging_mixin.py:188} INFO - [2025-05-27T19:49:25.841+0530] {dag.py:3823} INFO - Setting next_dagrun for example_bash_operator to 2025-05-26 00:00:00+00:00, run_after=2025-05-27 00:00:00+00:00
[2025-05-27T19:49:25.855+0530] {processor.py:183} INFO - Processing /Users/zafarimam/Documents/E-Commerce Order Pipeline/airflow_venv_39/lib/python3.9/site-packages/airflow/example_dags/example_bash_operator.py took 0.129 seconds
