[2025-05-27T17:38:21.542+0530] {processor.py:161} INFO - Started process (PID=22821) to work on /Users/zafarimam/Documents/E-Commerce Order Pipeline/airflow_venv_39/lib/python3.9/site-packages/airflow/example_dags/example_short_circuit_operator.py
[2025-05-27T17:38:21.543+0530] {processor.py:830} INFO - Processing file /Users/zafarimam/Documents/E-Commerce Order Pipeline/airflow_venv_39/lib/python3.9/site-packages/airflow/example_dags/example_short_circuit_operator.py for tasks to queue
[2025-05-27T17:38:21.543+0530] {logging_mixin.py:188} INFO - [2025-05-27T17:38:21.543+0530] {dagbag.py:538} INFO - Filling up the DagBag from /Users/zafarimam/Documents/E-Commerce Order Pipeline/airflow_venv_39/lib/python3.9/site-packages/airflow/example_dags/example_short_circuit_operator.py
[2025-05-27T17:38:21.572+0530] {processor.py:840} INFO - DAG(s) 'example_short_circuit_operator' retrieved from /Users/zafarimam/Documents/E-Commerce Order Pipeline/airflow_venv_39/lib/python3.9/site-packages/airflow/example_dags/example_short_circuit_operator.py
[2025-05-27T17:38:21.714+0530] {logging_mixin.py:188} INFO - [2025-05-27T17:38:21.714+0530] {dag.py:3036} INFO - Sync 1 DAGs
[2025-05-27T17:38:21.725+0530] {logging_mixin.py:188} INFO - [2025-05-27T17:38:21.725+0530] {dag.py:3823} INFO - Setting next_dagrun for example_short_circuit_operator to 2025-05-26 00:00:00+00:00, run_after=2025-05-27 00:00:00+00:00
[2025-05-27T17:38:21.739+0530] {processor.py:183} INFO - Processing /Users/zafarimam/Documents/E-Commerce Order Pipeline/airflow_venv_39/lib/python3.9/site-packages/airflow/example_dags/example_short_circuit_operator.py took 0.199 seconds
[2025-05-27T17:40:26.433+0530] {processor.py:161} INFO - Started process (PID=22907) to work on /Users/zafarimam/Documents/E-Commerce Order Pipeline/airflow_venv_39/lib/python3.9/site-packages/airflow/example_dags/example_short_circuit_operator.py
[2025-05-27T17:40:26.435+0530] {processor.py:830} INFO - Processing file /Users/zafarimam/Documents/E-Commerce Order Pipeline/airflow_venv_39/lib/python3.9/site-packages/airflow/example_dags/example_short_circuit_operator.py for tasks to queue
[2025-05-27T17:40:26.436+0530] {logging_mixin.py:188} INFO - [2025-05-27T17:40:26.436+0530] {dagbag.py:538} INFO - Filling up the DagBag from /Users/zafarimam/Documents/E-Commerce Order Pipeline/airflow_venv_39/lib/python3.9/site-packages/airflow/example_dags/example_short_circuit_operator.py
[2025-05-27T17:40:26.466+0530] {processor.py:840} INFO - DAG(s) 'example_short_circuit_operator' retrieved from /Users/zafarimam/Documents/E-Commerce Order Pipeline/airflow_venv_39/lib/python3.9/site-packages/airflow/example_dags/example_short_circuit_operator.py
[2025-05-27T17:40:26.555+0530] {logging_mixin.py:188} INFO - [2025-05-27T17:40:26.554+0530] {dag.py:3036} INFO - Sync 1 DAGs
[2025-05-27T17:40:26.568+0530] {logging_mixin.py:188} INFO - [2025-05-27T17:40:26.568+0530] {dag.py:3823} INFO - Setting next_dagrun for example_short_circuit_operator to 2025-05-26 00:00:00+00:00, run_after=2025-05-27 00:00:00+00:00
[2025-05-27T17:40:26.583+0530] {processor.py:183} INFO - Processing /Users/zafarimam/Documents/E-Commerce Order Pipeline/airflow_venv_39/lib/python3.9/site-packages/airflow/example_dags/example_short_circuit_operator.py took 0.151 seconds
[2025-05-27T17:42:24.562+0530] {processor.py:161} INFO - Started process (PID=22970) to work on /Users/zafarimam/Documents/E-Commerce Order Pipeline/airflow_venv_39/lib/python3.9/site-packages/airflow/example_dags/example_short_circuit_operator.py
[2025-05-27T17:42:24.564+0530] {processor.py:830} INFO - Processing file /Users/zafarimam/Documents/E-Commerce Order Pipeline/airflow_venv_39/lib/python3.9/site-packages/airflow/example_dags/example_short_circuit_operator.py for tasks to queue
[2025-05-27T17:42:24.564+0530] {logging_mixin.py:188} INFO - [2025-05-27T17:42:24.564+0530] {dagbag.py:538} INFO - Filling up the DagBag from /Users/zafarimam/Documents/E-Commerce Order Pipeline/airflow_venv_39/lib/python3.9/site-packages/airflow/example_dags/example_short_circuit_operator.py
[2025-05-27T17:42:24.595+0530] {processor.py:840} INFO - DAG(s) 'example_short_circuit_operator' retrieved from /Users/zafarimam/Documents/E-Commerce Order Pipeline/airflow_venv_39/lib/python3.9/site-packages/airflow/example_dags/example_short_circuit_operator.py
[2025-05-27T17:42:24.680+0530] {logging_mixin.py:188} INFO - [2025-05-27T17:42:24.679+0530] {dag.py:3036} INFO - Sync 1 DAGs
[2025-05-27T17:42:24.694+0530] {logging_mixin.py:188} INFO - [2025-05-27T17:42:24.694+0530] {dag.py:3823} INFO - Setting next_dagrun for example_short_circuit_operator to 2025-05-26 00:00:00+00:00, run_after=2025-05-27 00:00:00+00:00
[2025-05-27T17:42:24.710+0530] {processor.py:183} INFO - Processing /Users/zafarimam/Documents/E-Commerce Order Pipeline/airflow_venv_39/lib/python3.9/site-packages/airflow/example_dags/example_short_circuit_operator.py took 0.149 seconds
[2025-05-27T17:44:13.580+0530] {processor.py:161} INFO - Started process (PID=23031) to work on /Users/zafarimam/Documents/E-Commerce Order Pipeline/airflow_venv_39/lib/python3.9/site-packages/airflow/example_dags/example_short_circuit_operator.py
[2025-05-27T17:44:13.582+0530] {processor.py:830} INFO - Processing file /Users/zafarimam/Documents/E-Commerce Order Pipeline/airflow_venv_39/lib/python3.9/site-packages/airflow/example_dags/example_short_circuit_operator.py for tasks to queue
[2025-05-27T17:44:13.582+0530] {logging_mixin.py:188} INFO - [2025-05-27T17:44:13.582+0530] {dagbag.py:538} INFO - Filling up the DagBag from /Users/zafarimam/Documents/E-Commerce Order Pipeline/airflow_venv_39/lib/python3.9/site-packages/airflow/example_dags/example_short_circuit_operator.py
[2025-05-27T17:44:13.612+0530] {processor.py:840} INFO - DAG(s) 'example_short_circuit_operator' retrieved from /Users/zafarimam/Documents/E-Commerce Order Pipeline/airflow_venv_39/lib/python3.9/site-packages/airflow/example_dags/example_short_circuit_operator.py
[2025-05-27T17:44:13.695+0530] {logging_mixin.py:188} INFO - [2025-05-27T17:44:13.695+0530] {dag.py:3036} INFO - Sync 1 DAGs
[2025-05-27T17:44:13.708+0530] {logging_mixin.py:188} INFO - [2025-05-27T17:44:13.708+0530] {dag.py:3823} INFO - Setting next_dagrun for example_short_circuit_operator to 2025-05-26 00:00:00+00:00, run_after=2025-05-27 00:00:00+00:00
[2025-05-27T17:44:13.721+0530] {processor.py:183} INFO - Processing /Users/zafarimam/Documents/E-Commerce Order Pipeline/airflow_venv_39/lib/python3.9/site-packages/airflow/example_dags/example_short_circuit_operator.py took 0.142 seconds
[2025-05-27T17:51:09.838+0530] {processor.py:161} INFO - Started process (PID=23122) to work on /Users/zafarimam/Documents/E-Commerce Order Pipeline/airflow_venv_39/lib/python3.9/site-packages/airflow/example_dags/example_short_circuit_operator.py
[2025-05-27T17:51:09.839+0530] {processor.py:830} INFO - Processing file /Users/zafarimam/Documents/E-Commerce Order Pipeline/airflow_venv_39/lib/python3.9/site-packages/airflow/example_dags/example_short_circuit_operator.py for tasks to queue
[2025-05-27T17:51:09.840+0530] {logging_mixin.py:188} INFO - [2025-05-27T17:51:09.840+0530] {dagbag.py:538} INFO - Filling up the DagBag from /Users/zafarimam/Documents/E-Commerce Order Pipeline/airflow_venv_39/lib/python3.9/site-packages/airflow/example_dags/example_short_circuit_operator.py
[2025-05-27T17:51:09.870+0530] {processor.py:840} INFO - DAG(s) 'example_short_circuit_operator' retrieved from /Users/zafarimam/Documents/E-Commerce Order Pipeline/airflow_venv_39/lib/python3.9/site-packages/airflow/example_dags/example_short_circuit_operator.py
[2025-05-27T17:51:09.955+0530] {logging_mixin.py:188} INFO - [2025-05-27T17:51:09.955+0530] {dag.py:3036} INFO - Sync 1 DAGs
[2025-05-27T17:51:09.969+0530] {logging_mixin.py:188} INFO - [2025-05-27T17:51:09.969+0530] {dag.py:3823} INFO - Setting next_dagrun for example_short_circuit_operator to 2025-05-26 00:00:00+00:00, run_after=2025-05-27 00:00:00+00:00
[2025-05-27T17:51:09.984+0530] {processor.py:183} INFO - Processing /Users/zafarimam/Documents/E-Commerce Order Pipeline/airflow_venv_39/lib/python3.9/site-packages/airflow/example_dags/example_short_circuit_operator.py took 0.147 seconds
[2025-05-27T17:53:05.332+0530] {processor.py:161} INFO - Started process (PID=23524) to work on /Users/zafarimam/Documents/E-Commerce Order Pipeline/airflow_venv_39/lib/python3.9/site-packages/airflow/example_dags/example_short_circuit_operator.py
[2025-05-27T17:53:05.333+0530] {processor.py:830} INFO - Processing file /Users/zafarimam/Documents/E-Commerce Order Pipeline/airflow_venv_39/lib/python3.9/site-packages/airflow/example_dags/example_short_circuit_operator.py for tasks to queue
[2025-05-27T17:53:05.334+0530] {logging_mixin.py:188} INFO - [2025-05-27T17:53:05.334+0530] {dagbag.py:538} INFO - Filling up the DagBag from /Users/zafarimam/Documents/E-Commerce Order Pipeline/airflow_venv_39/lib/python3.9/site-packages/airflow/example_dags/example_short_circuit_operator.py
[2025-05-27T17:53:05.365+0530] {processor.py:840} INFO - DAG(s) 'example_short_circuit_operator' retrieved from /Users/zafarimam/Documents/E-Commerce Order Pipeline/airflow_venv_39/lib/python3.9/site-packages/airflow/example_dags/example_short_circuit_operator.py
[2025-05-27T17:53:05.447+0530] {logging_mixin.py:188} INFO - [2025-05-27T17:53:05.447+0530] {dag.py:3036} INFO - Sync 1 DAGs
[2025-05-27T17:53:05.460+0530] {logging_mixin.py:188} INFO - [2025-05-27T17:53:05.460+0530] {dag.py:3823} INFO - Setting next_dagrun for example_short_circuit_operator to 2025-05-26 00:00:00+00:00, run_after=2025-05-27 00:00:00+00:00
[2025-05-27T17:53:05.475+0530] {processor.py:183} INFO - Processing /Users/zafarimam/Documents/E-Commerce Order Pipeline/airflow_venv_39/lib/python3.9/site-packages/airflow/example_dags/example_short_circuit_operator.py took 0.144 seconds
[2025-05-27T17:55:40.158+0530] {processor.py:161} INFO - Started process (PID=24058) to work on /Users/zafarimam/Documents/E-Commerce Order Pipeline/airflow_venv_39/lib/python3.9/site-packages/airflow/example_dags/example_short_circuit_operator.py
[2025-05-27T17:55:40.160+0530] {processor.py:830} INFO - Processing file /Users/zafarimam/Documents/E-Commerce Order Pipeline/airflow_venv_39/lib/python3.9/site-packages/airflow/example_dags/example_short_circuit_operator.py for tasks to queue
[2025-05-27T17:55:40.161+0530] {logging_mixin.py:188} INFO - [2025-05-27T17:55:40.160+0530] {dagbag.py:538} INFO - Filling up the DagBag from /Users/zafarimam/Documents/E-Commerce Order Pipeline/airflow_venv_39/lib/python3.9/site-packages/airflow/example_dags/example_short_circuit_operator.py
[2025-05-27T17:55:40.190+0530] {processor.py:840} INFO - DAG(s) 'example_short_circuit_operator' retrieved from /Users/zafarimam/Documents/E-Commerce Order Pipeline/airflow_venv_39/lib/python3.9/site-packages/airflow/example_dags/example_short_circuit_operator.py
[2025-05-27T17:55:40.345+0530] {logging_mixin.py:188} INFO - [2025-05-27T17:55:40.344+0530] {dag.py:3036} INFO - Sync 1 DAGs
[2025-05-27T17:55:40.356+0530] {logging_mixin.py:188} INFO - [2025-05-27T17:55:40.356+0530] {dag.py:3823} INFO - Setting next_dagrun for example_short_circuit_operator to 2025-05-26 00:00:00+00:00, run_after=2025-05-27 00:00:00+00:00
[2025-05-27T17:55:40.371+0530] {processor.py:183} INFO - Processing /Users/zafarimam/Documents/E-Commerce Order Pipeline/airflow_venv_39/lib/python3.9/site-packages/airflow/example_dags/example_short_circuit_operator.py took 0.214 seconds
[2025-05-27T17:57:51.338+0530] {processor.py:161} INFO - Started process (PID=24437) to work on /Users/zafarimam/Documents/E-Commerce Order Pipeline/airflow_venv_39/lib/python3.9/site-packages/airflow/example_dags/example_short_circuit_operator.py
[2025-05-27T17:57:51.339+0530] {processor.py:830} INFO - Processing file /Users/zafarimam/Documents/E-Commerce Order Pipeline/airflow_venv_39/lib/python3.9/site-packages/airflow/example_dags/example_short_circuit_operator.py for tasks to queue
[2025-05-27T17:57:51.339+0530] {logging_mixin.py:188} INFO - [2025-05-27T17:57:51.339+0530] {dagbag.py:538} INFO - Filling up the DagBag from /Users/zafarimam/Documents/E-Commerce Order Pipeline/airflow_venv_39/lib/python3.9/site-packages/airflow/example_dags/example_short_circuit_operator.py
[2025-05-27T17:57:51.368+0530] {processor.py:840} INFO - DAG(s) 'example_short_circuit_operator' retrieved from /Users/zafarimam/Documents/E-Commerce Order Pipeline/airflow_venv_39/lib/python3.9/site-packages/airflow/example_dags/example_short_circuit_operator.py
[2025-05-27T17:57:51.458+0530] {logging_mixin.py:188} INFO - [2025-05-27T17:57:51.458+0530] {dag.py:3036} INFO - Sync 1 DAGs
[2025-05-27T17:57:51.473+0530] {logging_mixin.py:188} INFO - [2025-05-27T17:57:51.473+0530] {dag.py:3823} INFO - Setting next_dagrun for example_short_circuit_operator to 2025-05-26 00:00:00+00:00, run_after=2025-05-27 00:00:00+00:00
[2025-05-27T17:57:51.491+0530] {processor.py:183} INFO - Processing /Users/zafarimam/Documents/E-Commerce Order Pipeline/airflow_venv_39/lib/python3.9/site-packages/airflow/example_dags/example_short_circuit_operator.py took 0.154 seconds
[2025-05-27T18:06:11.579+0530] {processor.py:161} INFO - Started process (PID=25102) to work on /Users/zafarimam/Documents/E-Commerce Order Pipeline/airflow_venv_39/lib/python3.9/site-packages/airflow/example_dags/example_short_circuit_operator.py
[2025-05-27T18:06:11.581+0530] {processor.py:830} INFO - Processing file /Users/zafarimam/Documents/E-Commerce Order Pipeline/airflow_venv_39/lib/python3.9/site-packages/airflow/example_dags/example_short_circuit_operator.py for tasks to queue
[2025-05-27T18:06:11.582+0530] {logging_mixin.py:188} INFO - [2025-05-27T18:06:11.582+0530] {dagbag.py:538} INFO - Filling up the DagBag from /Users/zafarimam/Documents/E-Commerce Order Pipeline/airflow_venv_39/lib/python3.9/site-packages/airflow/example_dags/example_short_circuit_operator.py
[2025-05-27T18:06:11.612+0530] {processor.py:840} INFO - DAG(s) 'example_short_circuit_operator' retrieved from /Users/zafarimam/Documents/E-Commerce Order Pipeline/airflow_venv_39/lib/python3.9/site-packages/airflow/example_dags/example_short_circuit_operator.py
[2025-05-27T18:06:11.702+0530] {logging_mixin.py:188} INFO - [2025-05-27T18:06:11.702+0530] {dag.py:3036} INFO - Sync 1 DAGs
[2025-05-27T18:06:11.717+0530] {logging_mixin.py:188} INFO - [2025-05-27T18:06:11.717+0530] {dag.py:3823} INFO - Setting next_dagrun for example_short_circuit_operator to 2025-05-26 00:00:00+00:00, run_after=2025-05-27 00:00:00+00:00
[2025-05-27T18:06:11.732+0530] {processor.py:183} INFO - Processing /Users/zafarimam/Documents/E-Commerce Order Pipeline/airflow_venv_39/lib/python3.9/site-packages/airflow/example_dags/example_short_circuit_operator.py took 0.154 seconds
[2025-05-27T18:08:15.545+0530] {processor.py:161} INFO - Started process (PID=25169) to work on /Users/zafarimam/Documents/E-Commerce Order Pipeline/airflow_venv_39/lib/python3.9/site-packages/airflow/example_dags/example_short_circuit_operator.py
[2025-05-27T18:08:15.546+0530] {processor.py:830} INFO - Processing file /Users/zafarimam/Documents/E-Commerce Order Pipeline/airflow_venv_39/lib/python3.9/site-packages/airflow/example_dags/example_short_circuit_operator.py for tasks to queue
[2025-05-27T18:08:15.547+0530] {logging_mixin.py:188} INFO - [2025-05-27T18:08:15.546+0530] {dagbag.py:538} INFO - Filling up the DagBag from /Users/zafarimam/Documents/E-Commerce Order Pipeline/airflow_venv_39/lib/python3.9/site-packages/airflow/example_dags/example_short_circuit_operator.py
[2025-05-27T18:08:15.578+0530] {processor.py:840} INFO - DAG(s) 'example_short_circuit_operator' retrieved from /Users/zafarimam/Documents/E-Commerce Order Pipeline/airflow_venv_39/lib/python3.9/site-packages/airflow/example_dags/example_short_circuit_operator.py
[2025-05-27T18:08:15.672+0530] {logging_mixin.py:188} INFO - [2025-05-27T18:08:15.672+0530] {dag.py:3036} INFO - Sync 1 DAGs
[2025-05-27T18:08:15.687+0530] {logging_mixin.py:188} INFO - [2025-05-27T18:08:15.687+0530] {dag.py:3823} INFO - Setting next_dagrun for example_short_circuit_operator to 2025-05-26 00:00:00+00:00, run_after=2025-05-27 00:00:00+00:00
[2025-05-27T18:08:15.703+0530] {processor.py:183} INFO - Processing /Users/zafarimam/Documents/E-Commerce Order Pipeline/airflow_venv_39/lib/python3.9/site-packages/airflow/example_dags/example_short_circuit_operator.py took 0.159 seconds
[2025-05-27T18:10:10.811+0530] {processor.py:161} INFO - Started process (PID=25225) to work on /Users/zafarimam/Documents/E-Commerce Order Pipeline/airflow_venv_39/lib/python3.9/site-packages/airflow/example_dags/example_short_circuit_operator.py
[2025-05-27T18:10:10.812+0530] {processor.py:830} INFO - Processing file /Users/zafarimam/Documents/E-Commerce Order Pipeline/airflow_venv_39/lib/python3.9/site-packages/airflow/example_dags/example_short_circuit_operator.py for tasks to queue
[2025-05-27T18:10:10.813+0530] {logging_mixin.py:188} INFO - [2025-05-27T18:10:10.813+0530] {dagbag.py:538} INFO - Filling up the DagBag from /Users/zafarimam/Documents/E-Commerce Order Pipeline/airflow_venv_39/lib/python3.9/site-packages/airflow/example_dags/example_short_circuit_operator.py
[2025-05-27T18:10:10.842+0530] {processor.py:840} INFO - DAG(s) 'example_short_circuit_operator' retrieved from /Users/zafarimam/Documents/E-Commerce Order Pipeline/airflow_venv_39/lib/python3.9/site-packages/airflow/example_dags/example_short_circuit_operator.py
[2025-05-27T18:10:10.925+0530] {logging_mixin.py:188} INFO - [2025-05-27T18:10:10.924+0530] {dag.py:3036} INFO - Sync 1 DAGs
[2025-05-27T18:10:10.937+0530] {logging_mixin.py:188} INFO - [2025-05-27T18:10:10.937+0530] {dag.py:3823} INFO - Setting next_dagrun for example_short_circuit_operator to 2025-05-26 00:00:00+00:00, run_after=2025-05-27 00:00:00+00:00
[2025-05-27T18:10:10.950+0530] {processor.py:183} INFO - Processing /Users/zafarimam/Documents/E-Commerce Order Pipeline/airflow_venv_39/lib/python3.9/site-packages/airflow/example_dags/example_short_circuit_operator.py took 0.140 seconds
[2025-05-27T18:11:57.253+0530] {processor.py:161} INFO - Started process (PID=25283) to work on /Users/zafarimam/Documents/E-Commerce Order Pipeline/airflow_venv_39/lib/python3.9/site-packages/airflow/example_dags/example_short_circuit_operator.py
[2025-05-27T18:11:57.254+0530] {processor.py:830} INFO - Processing file /Users/zafarimam/Documents/E-Commerce Order Pipeline/airflow_venv_39/lib/python3.9/site-packages/airflow/example_dags/example_short_circuit_operator.py for tasks to queue
[2025-05-27T18:11:57.254+0530] {logging_mixin.py:188} INFO - [2025-05-27T18:11:57.254+0530] {dagbag.py:538} INFO - Filling up the DagBag from /Users/zafarimam/Documents/E-Commerce Order Pipeline/airflow_venv_39/lib/python3.9/site-packages/airflow/example_dags/example_short_circuit_operator.py
[2025-05-27T18:11:57.283+0530] {processor.py:840} INFO - DAG(s) 'example_short_circuit_operator' retrieved from /Users/zafarimam/Documents/E-Commerce Order Pipeline/airflow_venv_39/lib/python3.9/site-packages/airflow/example_dags/example_short_circuit_operator.py
[2025-05-27T18:11:57.372+0530] {logging_mixin.py:188} INFO - [2025-05-27T18:11:57.372+0530] {dag.py:3036} INFO - Sync 1 DAGs
[2025-05-27T18:11:57.389+0530] {logging_mixin.py:188} INFO - [2025-05-27T18:11:57.388+0530] {dag.py:3823} INFO - Setting next_dagrun for example_short_circuit_operator to 2025-05-26 00:00:00+00:00, run_after=2025-05-27 00:00:00+00:00
[2025-05-27T18:11:57.405+0530] {processor.py:183} INFO - Processing /Users/zafarimam/Documents/E-Commerce Order Pipeline/airflow_venv_39/lib/python3.9/site-packages/airflow/example_dags/example_short_circuit_operator.py took 0.153 seconds
[2025-05-27T18:13:58.804+0530] {processor.py:161} INFO - Started process (PID=25354) to work on /Users/zafarimam/Documents/E-Commerce Order Pipeline/airflow_venv_39/lib/python3.9/site-packages/airflow/example_dags/example_short_circuit_operator.py
[2025-05-27T18:13:58.806+0530] {processor.py:830} INFO - Processing file /Users/zafarimam/Documents/E-Commerce Order Pipeline/airflow_venv_39/lib/python3.9/site-packages/airflow/example_dags/example_short_circuit_operator.py for tasks to queue
[2025-05-27T18:13:58.806+0530] {logging_mixin.py:188} INFO - [2025-05-27T18:13:58.806+0530] {dagbag.py:538} INFO - Filling up the DagBag from /Users/zafarimam/Documents/E-Commerce Order Pipeline/airflow_venv_39/lib/python3.9/site-packages/airflow/example_dags/example_short_circuit_operator.py
[2025-05-27T18:13:58.838+0530] {processor.py:840} INFO - DAG(s) 'example_short_circuit_operator' retrieved from /Users/zafarimam/Documents/E-Commerce Order Pipeline/airflow_venv_39/lib/python3.9/site-packages/airflow/example_dags/example_short_circuit_operator.py
[2025-05-27T18:13:58.929+0530] {logging_mixin.py:188} INFO - [2025-05-27T18:13:58.928+0530] {dag.py:3036} INFO - Sync 1 DAGs
[2025-05-27T18:13:58.944+0530] {logging_mixin.py:188} INFO - [2025-05-27T18:13:58.944+0530] {dag.py:3823} INFO - Setting next_dagrun for example_short_circuit_operator to 2025-05-26 00:00:00+00:00, run_after=2025-05-27 00:00:00+00:00
[2025-05-27T18:13:58.959+0530] {processor.py:183} INFO - Processing /Users/zafarimam/Documents/E-Commerce Order Pipeline/airflow_venv_39/lib/python3.9/site-packages/airflow/example_dags/example_short_circuit_operator.py took 0.157 seconds
[2025-05-27T18:15:45.727+0530] {processor.py:161} INFO - Started process (PID=25417) to work on /Users/zafarimam/Documents/E-Commerce Order Pipeline/airflow_venv_39/lib/python3.9/site-packages/airflow/example_dags/example_short_circuit_operator.py
[2025-05-27T18:15:45.727+0530] {processor.py:830} INFO - Processing file /Users/zafarimam/Documents/E-Commerce Order Pipeline/airflow_venv_39/lib/python3.9/site-packages/airflow/example_dags/example_short_circuit_operator.py for tasks to queue
[2025-05-27T18:15:45.728+0530] {logging_mixin.py:188} INFO - [2025-05-27T18:15:45.728+0530] {dagbag.py:538} INFO - Filling up the DagBag from /Users/zafarimam/Documents/E-Commerce Order Pipeline/airflow_venv_39/lib/python3.9/site-packages/airflow/example_dags/example_short_circuit_operator.py
[2025-05-27T18:15:45.756+0530] {processor.py:840} INFO - DAG(s) 'example_short_circuit_operator' retrieved from /Users/zafarimam/Documents/E-Commerce Order Pipeline/airflow_venv_39/lib/python3.9/site-packages/airflow/example_dags/example_short_circuit_operator.py
[2025-05-27T18:15:45.837+0530] {logging_mixin.py:188} INFO - [2025-05-27T18:15:45.837+0530] {dag.py:3036} INFO - Sync 1 DAGs
[2025-05-27T18:15:45.849+0530] {logging_mixin.py:188} INFO - [2025-05-27T18:15:45.849+0530] {dag.py:3823} INFO - Setting next_dagrun for example_short_circuit_operator to 2025-05-26 00:00:00+00:00, run_after=2025-05-27 00:00:00+00:00
[2025-05-27T18:15:45.863+0530] {processor.py:183} INFO - Processing /Users/zafarimam/Documents/E-Commerce Order Pipeline/airflow_venv_39/lib/python3.9/site-packages/airflow/example_dags/example_short_circuit_operator.py took 0.138 seconds
[2025-05-27T18:17:29.128+0530] {processor.py:161} INFO - Started process (PID=25473) to work on /Users/zafarimam/Documents/E-Commerce Order Pipeline/airflow_venv_39/lib/python3.9/site-packages/airflow/example_dags/example_short_circuit_operator.py
[2025-05-27T18:17:29.129+0530] {processor.py:830} INFO - Processing file /Users/zafarimam/Documents/E-Commerce Order Pipeline/airflow_venv_39/lib/python3.9/site-packages/airflow/example_dags/example_short_circuit_operator.py for tasks to queue
[2025-05-27T18:17:29.130+0530] {logging_mixin.py:188} INFO - [2025-05-27T18:17:29.130+0530] {dagbag.py:538} INFO - Filling up the DagBag from /Users/zafarimam/Documents/E-Commerce Order Pipeline/airflow_venv_39/lib/python3.9/site-packages/airflow/example_dags/example_short_circuit_operator.py
[2025-05-27T18:17:29.158+0530] {processor.py:840} INFO - DAG(s) 'example_short_circuit_operator' retrieved from /Users/zafarimam/Documents/E-Commerce Order Pipeline/airflow_venv_39/lib/python3.9/site-packages/airflow/example_dags/example_short_circuit_operator.py
[2025-05-27T18:17:29.239+0530] {logging_mixin.py:188} INFO - [2025-05-27T18:17:29.239+0530] {dag.py:3036} INFO - Sync 1 DAGs
[2025-05-27T18:17:29.252+0530] {logging_mixin.py:188} INFO - [2025-05-27T18:17:29.251+0530] {dag.py:3823} INFO - Setting next_dagrun for example_short_circuit_operator to 2025-05-26 00:00:00+00:00, run_after=2025-05-27 00:00:00+00:00
[2025-05-27T18:17:29.265+0530] {processor.py:183} INFO - Processing /Users/zafarimam/Documents/E-Commerce Order Pipeline/airflow_venv_39/lib/python3.9/site-packages/airflow/example_dags/example_short_circuit_operator.py took 0.138 seconds
[2025-05-27T18:22:04.555+0530] {processor.py:161} INFO - Started process (PID=25678) to work on /Users/zafarimam/Documents/E-Commerce Order Pipeline/airflow_venv_39/lib/python3.9/site-packages/airflow/example_dags/example_short_circuit_operator.py
[2025-05-27T18:22:04.557+0530] {processor.py:830} INFO - Processing file /Users/zafarimam/Documents/E-Commerce Order Pipeline/airflow_venv_39/lib/python3.9/site-packages/airflow/example_dags/example_short_circuit_operator.py for tasks to queue
[2025-05-27T18:22:04.558+0530] {logging_mixin.py:188} INFO - [2025-05-27T18:22:04.558+0530] {dagbag.py:538} INFO - Filling up the DagBag from /Users/zafarimam/Documents/E-Commerce Order Pipeline/airflow_venv_39/lib/python3.9/site-packages/airflow/example_dags/example_short_circuit_operator.py
[2025-05-27T18:22:04.586+0530] {processor.py:840} INFO - DAG(s) 'example_short_circuit_operator' retrieved from /Users/zafarimam/Documents/E-Commerce Order Pipeline/airflow_venv_39/lib/python3.9/site-packages/airflow/example_dags/example_short_circuit_operator.py
[2025-05-27T18:22:04.666+0530] {logging_mixin.py:188} INFO - [2025-05-27T18:22:04.665+0530] {dag.py:3036} INFO - Sync 1 DAGs
[2025-05-27T18:22:04.678+0530] {logging_mixin.py:188} INFO - [2025-05-27T18:22:04.678+0530] {dag.py:3823} INFO - Setting next_dagrun for example_short_circuit_operator to 2025-05-26 00:00:00+00:00, run_after=2025-05-27 00:00:00+00:00
[2025-05-27T18:22:04.691+0530] {processor.py:183} INFO - Processing /Users/zafarimam/Documents/E-Commerce Order Pipeline/airflow_venv_39/lib/python3.9/site-packages/airflow/example_dags/example_short_circuit_operator.py took 0.136 seconds
[2025-05-27T18:27:20.393+0530] {processor.py:161} INFO - Started process (PID=25852) to work on /Users/zafarimam/Documents/E-Commerce Order Pipeline/airflow_venv_39/lib/python3.9/site-packages/airflow/example_dags/example_short_circuit_operator.py
[2025-05-27T18:27:20.395+0530] {processor.py:830} INFO - Processing file /Users/zafarimam/Documents/E-Commerce Order Pipeline/airflow_venv_39/lib/python3.9/site-packages/airflow/example_dags/example_short_circuit_operator.py for tasks to queue
[2025-05-27T18:27:20.395+0530] {logging_mixin.py:188} INFO - [2025-05-27T18:27:20.395+0530] {dagbag.py:538} INFO - Filling up the DagBag from /Users/zafarimam/Documents/E-Commerce Order Pipeline/airflow_venv_39/lib/python3.9/site-packages/airflow/example_dags/example_short_circuit_operator.py
[2025-05-27T18:27:20.426+0530] {processor.py:840} INFO - DAG(s) 'example_short_circuit_operator' retrieved from /Users/zafarimam/Documents/E-Commerce Order Pipeline/airflow_venv_39/lib/python3.9/site-packages/airflow/example_dags/example_short_circuit_operator.py
[2025-05-27T18:27:20.512+0530] {logging_mixin.py:188} INFO - [2025-05-27T18:27:20.512+0530] {dag.py:3036} INFO - Sync 1 DAGs
[2025-05-27T18:27:20.526+0530] {logging_mixin.py:188} INFO - [2025-05-27T18:27:20.526+0530] {dag.py:3823} INFO - Setting next_dagrun for example_short_circuit_operator to 2025-05-26 00:00:00+00:00, run_after=2025-05-27 00:00:00+00:00
[2025-05-27T18:27:20.540+0530] {processor.py:183} INFO - Processing /Users/zafarimam/Documents/E-Commerce Order Pipeline/airflow_venv_39/lib/python3.9/site-packages/airflow/example_dags/example_short_circuit_operator.py took 0.149 seconds
[2025-05-27T18:29:23.241+0530] {processor.py:161} INFO - Started process (PID=25923) to work on /Users/zafarimam/Documents/E-Commerce Order Pipeline/airflow_venv_39/lib/python3.9/site-packages/airflow/example_dags/example_short_circuit_operator.py
[2025-05-27T18:29:23.242+0530] {processor.py:830} INFO - Processing file /Users/zafarimam/Documents/E-Commerce Order Pipeline/airflow_venv_39/lib/python3.9/site-packages/airflow/example_dags/example_short_circuit_operator.py for tasks to queue
[2025-05-27T18:29:23.243+0530] {logging_mixin.py:188} INFO - [2025-05-27T18:29:23.243+0530] {dagbag.py:538} INFO - Filling up the DagBag from /Users/zafarimam/Documents/E-Commerce Order Pipeline/airflow_venv_39/lib/python3.9/site-packages/airflow/example_dags/example_short_circuit_operator.py
[2025-05-27T18:29:23.273+0530] {processor.py:840} INFO - DAG(s) 'example_short_circuit_operator' retrieved from /Users/zafarimam/Documents/E-Commerce Order Pipeline/airflow_venv_39/lib/python3.9/site-packages/airflow/example_dags/example_short_circuit_operator.py
[2025-05-27T18:29:23.357+0530] {logging_mixin.py:188} INFO - [2025-05-27T18:29:23.357+0530] {dag.py:3036} INFO - Sync 1 DAGs
[2025-05-27T18:29:23.370+0530] {logging_mixin.py:188} INFO - [2025-05-27T18:29:23.370+0530] {dag.py:3823} INFO - Setting next_dagrun for example_short_circuit_operator to 2025-05-26 00:00:00+00:00, run_after=2025-05-27 00:00:00+00:00
[2025-05-27T18:29:23.384+0530] {processor.py:183} INFO - Processing /Users/zafarimam/Documents/E-Commerce Order Pipeline/airflow_venv_39/lib/python3.9/site-packages/airflow/example_dags/example_short_circuit_operator.py took 0.144 seconds
[2025-05-27T18:31:11.562+0530] {processor.py:161} INFO - Started process (PID=25982) to work on /Users/zafarimam/Documents/E-Commerce Order Pipeline/airflow_venv_39/lib/python3.9/site-packages/airflow/example_dags/example_short_circuit_operator.py
[2025-05-27T18:31:11.563+0530] {processor.py:830} INFO - Processing file /Users/zafarimam/Documents/E-Commerce Order Pipeline/airflow_venv_39/lib/python3.9/site-packages/airflow/example_dags/example_short_circuit_operator.py for tasks to queue
[2025-05-27T18:31:11.564+0530] {logging_mixin.py:188} INFO - [2025-05-27T18:31:11.564+0530] {dagbag.py:538} INFO - Filling up the DagBag from /Users/zafarimam/Documents/E-Commerce Order Pipeline/airflow_venv_39/lib/python3.9/site-packages/airflow/example_dags/example_short_circuit_operator.py
[2025-05-27T18:31:11.593+0530] {processor.py:840} INFO - DAG(s) 'example_short_circuit_operator' retrieved from /Users/zafarimam/Documents/E-Commerce Order Pipeline/airflow_venv_39/lib/python3.9/site-packages/airflow/example_dags/example_short_circuit_operator.py
[2025-05-27T18:31:11.674+0530] {logging_mixin.py:188} INFO - [2025-05-27T18:31:11.674+0530] {dag.py:3036} INFO - Sync 1 DAGs
[2025-05-27T18:31:11.688+0530] {logging_mixin.py:188} INFO - [2025-05-27T18:31:11.688+0530] {dag.py:3823} INFO - Setting next_dagrun for example_short_circuit_operator to 2025-05-26 00:00:00+00:00, run_after=2025-05-27 00:00:00+00:00
[2025-05-27T18:31:11.702+0530] {processor.py:183} INFO - Processing /Users/zafarimam/Documents/E-Commerce Order Pipeline/airflow_venv_39/lib/python3.9/site-packages/airflow/example_dags/example_short_circuit_operator.py took 0.141 seconds
[2025-05-27T18:33:02.128+0530] {processor.py:161} INFO - Started process (PID=26040) to work on /Users/zafarimam/Documents/E-Commerce Order Pipeline/airflow_venv_39/lib/python3.9/site-packages/airflow/example_dags/example_short_circuit_operator.py
[2025-05-27T18:33:02.129+0530] {processor.py:830} INFO - Processing file /Users/zafarimam/Documents/E-Commerce Order Pipeline/airflow_venv_39/lib/python3.9/site-packages/airflow/example_dags/example_short_circuit_operator.py for tasks to queue
[2025-05-27T18:33:02.130+0530] {logging_mixin.py:188} INFO - [2025-05-27T18:33:02.130+0530] {dagbag.py:538} INFO - Filling up the DagBag from /Users/zafarimam/Documents/E-Commerce Order Pipeline/airflow_venv_39/lib/python3.9/site-packages/airflow/example_dags/example_short_circuit_operator.py
[2025-05-27T18:33:02.159+0530] {processor.py:840} INFO - DAG(s) 'example_short_circuit_operator' retrieved from /Users/zafarimam/Documents/E-Commerce Order Pipeline/airflow_venv_39/lib/python3.9/site-packages/airflow/example_dags/example_short_circuit_operator.py
[2025-05-27T18:33:02.240+0530] {logging_mixin.py:188} INFO - [2025-05-27T18:33:02.240+0530] {dag.py:3036} INFO - Sync 1 DAGs
[2025-05-27T18:33:02.252+0530] {logging_mixin.py:188} INFO - [2025-05-27T18:33:02.252+0530] {dag.py:3823} INFO - Setting next_dagrun for example_short_circuit_operator to 2025-05-26 00:00:00+00:00, run_after=2025-05-27 00:00:00+00:00
[2025-05-27T18:33:02.265+0530] {processor.py:183} INFO - Processing /Users/zafarimam/Documents/E-Commerce Order Pipeline/airflow_venv_39/lib/python3.9/site-packages/airflow/example_dags/example_short_circuit_operator.py took 0.138 seconds
[2025-05-27T18:36:52.747+0530] {processor.py:161} INFO - Started process (PID=26204) to work on /Users/zafarimam/Documents/E-Commerce Order Pipeline/airflow_venv_39/lib/python3.9/site-packages/airflow/example_dags/example_short_circuit_operator.py
[2025-05-27T18:36:52.749+0530] {processor.py:830} INFO - Processing file /Users/zafarimam/Documents/E-Commerce Order Pipeline/airflow_venv_39/lib/python3.9/site-packages/airflow/example_dags/example_short_circuit_operator.py for tasks to queue
[2025-05-27T18:36:52.749+0530] {logging_mixin.py:188} INFO - [2025-05-27T18:36:52.749+0530] {dagbag.py:538} INFO - Filling up the DagBag from /Users/zafarimam/Documents/E-Commerce Order Pipeline/airflow_venv_39/lib/python3.9/site-packages/airflow/example_dags/example_short_circuit_operator.py
[2025-05-27T18:36:52.781+0530] {processor.py:840} INFO - DAG(s) 'example_short_circuit_operator' retrieved from /Users/zafarimam/Documents/E-Commerce Order Pipeline/airflow_venv_39/lib/python3.9/site-packages/airflow/example_dags/example_short_circuit_operator.py
[2025-05-27T18:36:52.870+0530] {logging_mixin.py:188} INFO - [2025-05-27T18:36:52.870+0530] {dag.py:3036} INFO - Sync 1 DAGs
[2025-05-27T18:36:52.884+0530] {logging_mixin.py:188} INFO - [2025-05-27T18:36:52.884+0530] {dag.py:3823} INFO - Setting next_dagrun for example_short_circuit_operator to 2025-05-26 00:00:00+00:00, run_after=2025-05-27 00:00:00+00:00
[2025-05-27T18:36:52.900+0530] {processor.py:183} INFO - Processing /Users/zafarimam/Documents/E-Commerce Order Pipeline/airflow_venv_39/lib/python3.9/site-packages/airflow/example_dags/example_short_circuit_operator.py took 0.154 seconds
[2025-05-27T18:46:47.713+0530] {processor.py:161} INFO - Started process (PID=26720) to work on /Users/zafarimam/Documents/E-Commerce Order Pipeline/airflow_venv_39/lib/python3.9/site-packages/airflow/example_dags/example_short_circuit_operator.py
[2025-05-27T18:46:47.715+0530] {processor.py:830} INFO - Processing file /Users/zafarimam/Documents/E-Commerce Order Pipeline/airflow_venv_39/lib/python3.9/site-packages/airflow/example_dags/example_short_circuit_operator.py for tasks to queue
[2025-05-27T18:46:47.715+0530] {logging_mixin.py:188} INFO - [2025-05-27T18:46:47.715+0530] {dagbag.py:538} INFO - Filling up the DagBag from /Users/zafarimam/Documents/E-Commerce Order Pipeline/airflow_venv_39/lib/python3.9/site-packages/airflow/example_dags/example_short_circuit_operator.py
[2025-05-27T18:46:47.745+0530] {processor.py:840} INFO - DAG(s) 'example_short_circuit_operator' retrieved from /Users/zafarimam/Documents/E-Commerce Order Pipeline/airflow_venv_39/lib/python3.9/site-packages/airflow/example_dags/example_short_circuit_operator.py
[2025-05-27T18:46:47.887+0530] {logging_mixin.py:188} INFO - [2025-05-27T18:46:47.887+0530] {dag.py:3036} INFO - Sync 1 DAGs
[2025-05-27T18:46:47.900+0530] {logging_mixin.py:188} INFO - [2025-05-27T18:46:47.900+0530] {dag.py:3823} INFO - Setting next_dagrun for example_short_circuit_operator to 2025-05-26 00:00:00+00:00, run_after=2025-05-27 00:00:00+00:00
[2025-05-27T18:46:47.913+0530] {processor.py:183} INFO - Processing /Users/zafarimam/Documents/E-Commerce Order Pipeline/airflow_venv_39/lib/python3.9/site-packages/airflow/example_dags/example_short_circuit_operator.py took 0.202 seconds
[2025-05-27T18:48:44.634+0530] {processor.py:161} INFO - Started process (PID=26797) to work on /Users/zafarimam/Documents/E-Commerce Order Pipeline/airflow_venv_39/lib/python3.9/site-packages/airflow/example_dags/example_short_circuit_operator.py
[2025-05-27T18:48:44.635+0530] {processor.py:830} INFO - Processing file /Users/zafarimam/Documents/E-Commerce Order Pipeline/airflow_venv_39/lib/python3.9/site-packages/airflow/example_dags/example_short_circuit_operator.py for tasks to queue
[2025-05-27T18:48:44.635+0530] {logging_mixin.py:188} INFO - [2025-05-27T18:48:44.635+0530] {dagbag.py:538} INFO - Filling up the DagBag from /Users/zafarimam/Documents/E-Commerce Order Pipeline/airflow_venv_39/lib/python3.9/site-packages/airflow/example_dags/example_short_circuit_operator.py
[2025-05-27T18:48:44.663+0530] {processor.py:840} INFO - DAG(s) 'example_short_circuit_operator' retrieved from /Users/zafarimam/Documents/E-Commerce Order Pipeline/airflow_venv_39/lib/python3.9/site-packages/airflow/example_dags/example_short_circuit_operator.py
[2025-05-27T18:48:44.742+0530] {logging_mixin.py:188} INFO - [2025-05-27T18:48:44.742+0530] {dag.py:3036} INFO - Sync 1 DAGs
[2025-05-27T18:48:44.754+0530] {logging_mixin.py:188} INFO - [2025-05-27T18:48:44.754+0530] {dag.py:3823} INFO - Setting next_dagrun for example_short_circuit_operator to 2025-05-26 00:00:00+00:00, run_after=2025-05-27 00:00:00+00:00
[2025-05-27T18:48:44.772+0530] {processor.py:183} INFO - Processing /Users/zafarimam/Documents/E-Commerce Order Pipeline/airflow_venv_39/lib/python3.9/site-packages/airflow/example_dags/example_short_circuit_operator.py took 0.139 seconds
[2025-05-27T18:50:36.367+0530] {processor.py:161} INFO - Started process (PID=26866) to work on /Users/zafarimam/Documents/E-Commerce Order Pipeline/airflow_venv_39/lib/python3.9/site-packages/airflow/example_dags/example_short_circuit_operator.py
[2025-05-27T18:50:36.368+0530] {processor.py:830} INFO - Processing file /Users/zafarimam/Documents/E-Commerce Order Pipeline/airflow_venv_39/lib/python3.9/site-packages/airflow/example_dags/example_short_circuit_operator.py for tasks to queue
[2025-05-27T18:50:36.368+0530] {logging_mixin.py:188} INFO - [2025-05-27T18:50:36.368+0530] {dagbag.py:538} INFO - Filling up the DagBag from /Users/zafarimam/Documents/E-Commerce Order Pipeline/airflow_venv_39/lib/python3.9/site-packages/airflow/example_dags/example_short_circuit_operator.py
[2025-05-27T18:50:36.397+0530] {processor.py:840} INFO - DAG(s) 'example_short_circuit_operator' retrieved from /Users/zafarimam/Documents/E-Commerce Order Pipeline/airflow_venv_39/lib/python3.9/site-packages/airflow/example_dags/example_short_circuit_operator.py
[2025-05-27T18:50:36.475+0530] {logging_mixin.py:188} INFO - [2025-05-27T18:50:36.475+0530] {dag.py:3036} INFO - Sync 1 DAGs
[2025-05-27T18:50:36.488+0530] {logging_mixin.py:188} INFO - [2025-05-27T18:50:36.488+0530] {dag.py:3823} INFO - Setting next_dagrun for example_short_circuit_operator to 2025-05-26 00:00:00+00:00, run_after=2025-05-27 00:00:00+00:00
[2025-05-27T18:50:36.504+0530] {processor.py:183} INFO - Processing /Users/zafarimam/Documents/E-Commerce Order Pipeline/airflow_venv_39/lib/python3.9/site-packages/airflow/example_dags/example_short_circuit_operator.py took 0.138 seconds
[2025-05-27T18:52:33.844+0530] {processor.py:161} INFO - Started process (PID=26945) to work on /Users/zafarimam/Documents/E-Commerce Order Pipeline/airflow_venv_39/lib/python3.9/site-packages/airflow/example_dags/example_short_circuit_operator.py
[2025-05-27T18:52:33.845+0530] {processor.py:830} INFO - Processing file /Users/zafarimam/Documents/E-Commerce Order Pipeline/airflow_venv_39/lib/python3.9/site-packages/airflow/example_dags/example_short_circuit_operator.py for tasks to queue
[2025-05-27T18:52:33.845+0530] {logging_mixin.py:188} INFO - [2025-05-27T18:52:33.845+0530] {dagbag.py:538} INFO - Filling up the DagBag from /Users/zafarimam/Documents/E-Commerce Order Pipeline/airflow_venv_39/lib/python3.9/site-packages/airflow/example_dags/example_short_circuit_operator.py
[2025-05-27T18:52:33.878+0530] {processor.py:840} INFO - DAG(s) 'example_short_circuit_operator' retrieved from /Users/zafarimam/Documents/E-Commerce Order Pipeline/airflow_venv_39/lib/python3.9/site-packages/airflow/example_dags/example_short_circuit_operator.py
[2025-05-27T18:52:33.972+0530] {logging_mixin.py:188} INFO - [2025-05-27T18:52:33.971+0530] {dag.py:3036} INFO - Sync 1 DAGs
[2025-05-27T18:52:33.987+0530] {logging_mixin.py:188} INFO - [2025-05-27T18:52:33.986+0530] {dag.py:3823} INFO - Setting next_dagrun for example_short_circuit_operator to 2025-05-26 00:00:00+00:00, run_after=2025-05-27 00:00:00+00:00
[2025-05-27T18:52:34.001+0530] {processor.py:183} INFO - Processing /Users/zafarimam/Documents/E-Commerce Order Pipeline/airflow_venv_39/lib/python3.9/site-packages/airflow/example_dags/example_short_circuit_operator.py took 0.159 seconds
[2025-05-27T18:54:34.736+0530] {processor.py:161} INFO - Started process (PID=27006) to work on /Users/zafarimam/Documents/E-Commerce Order Pipeline/airflow_venv_39/lib/python3.9/site-packages/airflow/example_dags/example_short_circuit_operator.py
[2025-05-27T18:54:34.737+0530] {processor.py:830} INFO - Processing file /Users/zafarimam/Documents/E-Commerce Order Pipeline/airflow_venv_39/lib/python3.9/site-packages/airflow/example_dags/example_short_circuit_operator.py for tasks to queue
[2025-05-27T18:54:34.738+0530] {logging_mixin.py:188} INFO - [2025-05-27T18:54:34.738+0530] {dagbag.py:538} INFO - Filling up the DagBag from /Users/zafarimam/Documents/E-Commerce Order Pipeline/airflow_venv_39/lib/python3.9/site-packages/airflow/example_dags/example_short_circuit_operator.py
[2025-05-27T18:54:34.769+0530] {processor.py:840} INFO - DAG(s) 'example_short_circuit_operator' retrieved from /Users/zafarimam/Documents/E-Commerce Order Pipeline/airflow_venv_39/lib/python3.9/site-packages/airflow/example_dags/example_short_circuit_operator.py
[2025-05-27T18:54:34.851+0530] {logging_mixin.py:188} INFO - [2025-05-27T18:54:34.851+0530] {dag.py:3036} INFO - Sync 1 DAGs
[2025-05-27T18:54:34.864+0530] {logging_mixin.py:188} INFO - [2025-05-27T18:54:34.864+0530] {dag.py:3823} INFO - Setting next_dagrun for example_short_circuit_operator to 2025-05-26 00:00:00+00:00, run_after=2025-05-27 00:00:00+00:00
[2025-05-27T18:54:34.879+0530] {processor.py:183} INFO - Processing /Users/zafarimam/Documents/E-Commerce Order Pipeline/airflow_venv_39/lib/python3.9/site-packages/airflow/example_dags/example_short_circuit_operator.py took 0.145 seconds
[2025-05-27T18:56:39.736+0530] {processor.py:161} INFO - Started process (PID=27090) to work on /Users/zafarimam/Documents/E-Commerce Order Pipeline/airflow_venv_39/lib/python3.9/site-packages/airflow/example_dags/example_short_circuit_operator.py
[2025-05-27T18:56:39.738+0530] {processor.py:830} INFO - Processing file /Users/zafarimam/Documents/E-Commerce Order Pipeline/airflow_venv_39/lib/python3.9/site-packages/airflow/example_dags/example_short_circuit_operator.py for tasks to queue
[2025-05-27T18:56:39.739+0530] {logging_mixin.py:188} INFO - [2025-05-27T18:56:39.739+0530] {dagbag.py:538} INFO - Filling up the DagBag from /Users/zafarimam/Documents/E-Commerce Order Pipeline/airflow_venv_39/lib/python3.9/site-packages/airflow/example_dags/example_short_circuit_operator.py
[2025-05-27T18:56:39.769+0530] {processor.py:840} INFO - DAG(s) 'example_short_circuit_operator' retrieved from /Users/zafarimam/Documents/E-Commerce Order Pipeline/airflow_venv_39/lib/python3.9/site-packages/airflow/example_dags/example_short_circuit_operator.py
[2025-05-27T18:56:39.851+0530] {logging_mixin.py:188} INFO - [2025-05-27T18:56:39.851+0530] {dag.py:3036} INFO - Sync 1 DAGs
[2025-05-27T18:56:39.865+0530] {logging_mixin.py:188} INFO - [2025-05-27T18:56:39.864+0530] {dag.py:3823} INFO - Setting next_dagrun for example_short_circuit_operator to 2025-05-26 00:00:00+00:00, run_after=2025-05-27 00:00:00+00:00
[2025-05-27T18:56:39.878+0530] {processor.py:183} INFO - Processing /Users/zafarimam/Documents/E-Commerce Order Pipeline/airflow_venv_39/lib/python3.9/site-packages/airflow/example_dags/example_short_circuit_operator.py took 0.143 seconds
[2025-05-27T18:58:39.194+0530] {processor.py:161} INFO - Started process (PID=27170) to work on /Users/zafarimam/Documents/E-Commerce Order Pipeline/airflow_venv_39/lib/python3.9/site-packages/airflow/example_dags/example_short_circuit_operator.py
[2025-05-27T18:58:39.196+0530] {processor.py:830} INFO - Processing file /Users/zafarimam/Documents/E-Commerce Order Pipeline/airflow_venv_39/lib/python3.9/site-packages/airflow/example_dags/example_short_circuit_operator.py for tasks to queue
[2025-05-27T18:58:39.196+0530] {logging_mixin.py:188} INFO - [2025-05-27T18:58:39.196+0530] {dagbag.py:538} INFO - Filling up the DagBag from /Users/zafarimam/Documents/E-Commerce Order Pipeline/airflow_venv_39/lib/python3.9/site-packages/airflow/example_dags/example_short_circuit_operator.py
[2025-05-27T18:58:39.227+0530] {processor.py:840} INFO - DAG(s) 'example_short_circuit_operator' retrieved from /Users/zafarimam/Documents/E-Commerce Order Pipeline/airflow_venv_39/lib/python3.9/site-packages/airflow/example_dags/example_short_circuit_operator.py
[2025-05-27T18:58:39.319+0530] {logging_mixin.py:188} INFO - [2025-05-27T18:58:39.319+0530] {dag.py:3036} INFO - Sync 1 DAGs
[2025-05-27T18:58:39.335+0530] {logging_mixin.py:188} INFO - [2025-05-27T18:58:39.335+0530] {dag.py:3823} INFO - Setting next_dagrun for example_short_circuit_operator to 2025-05-26 00:00:00+00:00, run_after=2025-05-27 00:00:00+00:00
[2025-05-27T18:58:39.351+0530] {processor.py:183} INFO - Processing /Users/zafarimam/Documents/E-Commerce Order Pipeline/airflow_venv_39/lib/python3.9/site-packages/airflow/example_dags/example_short_circuit_operator.py took 0.158 seconds
[2025-05-27T19:00:39.667+0530] {processor.py:161} INFO - Started process (PID=27233) to work on /Users/zafarimam/Documents/E-Commerce Order Pipeline/airflow_venv_39/lib/python3.9/site-packages/airflow/example_dags/example_short_circuit_operator.py
[2025-05-27T19:00:39.669+0530] {processor.py:830} INFO - Processing file /Users/zafarimam/Documents/E-Commerce Order Pipeline/airflow_venv_39/lib/python3.9/site-packages/airflow/example_dags/example_short_circuit_operator.py for tasks to queue
[2025-05-27T19:00:39.670+0530] {logging_mixin.py:188} INFO - [2025-05-27T19:00:39.669+0530] {dagbag.py:538} INFO - Filling up the DagBag from /Users/zafarimam/Documents/E-Commerce Order Pipeline/airflow_venv_39/lib/python3.9/site-packages/airflow/example_dags/example_short_circuit_operator.py
[2025-05-27T19:00:39.702+0530] {processor.py:840} INFO - DAG(s) 'example_short_circuit_operator' retrieved from /Users/zafarimam/Documents/E-Commerce Order Pipeline/airflow_venv_39/lib/python3.9/site-packages/airflow/example_dags/example_short_circuit_operator.py
[2025-05-27T19:00:39.795+0530] {logging_mixin.py:188} INFO - [2025-05-27T19:00:39.795+0530] {dag.py:3036} INFO - Sync 1 DAGs
[2025-05-27T19:00:39.808+0530] {logging_mixin.py:188} INFO - [2025-05-27T19:00:39.808+0530] {dag.py:3823} INFO - Setting next_dagrun for example_short_circuit_operator to 2025-05-26 00:00:00+00:00, run_after=2025-05-27 00:00:00+00:00
[2025-05-27T19:00:39.822+0530] {processor.py:183} INFO - Processing /Users/zafarimam/Documents/E-Commerce Order Pipeline/airflow_venv_39/lib/python3.9/site-packages/airflow/example_dags/example_short_circuit_operator.py took 0.156 seconds
[2025-05-27T19:02:46.688+0530] {processor.py:161} INFO - Started process (PID=27344) to work on /Users/zafarimam/Documents/E-Commerce Order Pipeline/airflow_venv_39/lib/python3.9/site-packages/airflow/example_dags/example_short_circuit_operator.py
[2025-05-27T19:02:46.690+0530] {processor.py:830} INFO - Processing file /Users/zafarimam/Documents/E-Commerce Order Pipeline/airflow_venv_39/lib/python3.9/site-packages/airflow/example_dags/example_short_circuit_operator.py for tasks to queue
[2025-05-27T19:02:46.691+0530] {logging_mixin.py:188} INFO - [2025-05-27T19:02:46.691+0530] {dagbag.py:538} INFO - Filling up the DagBag from /Users/zafarimam/Documents/E-Commerce Order Pipeline/airflow_venv_39/lib/python3.9/site-packages/airflow/example_dags/example_short_circuit_operator.py
[2025-05-27T19:02:46.721+0530] {processor.py:840} INFO - DAG(s) 'example_short_circuit_operator' retrieved from /Users/zafarimam/Documents/E-Commerce Order Pipeline/airflow_venv_39/lib/python3.9/site-packages/airflow/example_dags/example_short_circuit_operator.py
[2025-05-27T19:02:46.802+0530] {logging_mixin.py:188} INFO - [2025-05-27T19:02:46.802+0530] {dag.py:3036} INFO - Sync 1 DAGs
[2025-05-27T19:02:46.814+0530] {logging_mixin.py:188} INFO - [2025-05-27T19:02:46.814+0530] {dag.py:3823} INFO - Setting next_dagrun for example_short_circuit_operator to 2025-05-26 00:00:00+00:00, run_after=2025-05-27 00:00:00+00:00
[2025-05-27T19:02:46.828+0530] {processor.py:183} INFO - Processing /Users/zafarimam/Documents/E-Commerce Order Pipeline/airflow_venv_39/lib/python3.9/site-packages/airflow/example_dags/example_short_circuit_operator.py took 0.140 seconds
[2025-05-27T19:04:47.118+0530] {processor.py:161} INFO - Started process (PID=27401) to work on /Users/zafarimam/Documents/E-Commerce Order Pipeline/airflow_venv_39/lib/python3.9/site-packages/airflow/example_dags/example_short_circuit_operator.py
[2025-05-27T19:04:47.119+0530] {processor.py:830} INFO - Processing file /Users/zafarimam/Documents/E-Commerce Order Pipeline/airflow_venv_39/lib/python3.9/site-packages/airflow/example_dags/example_short_circuit_operator.py for tasks to queue
[2025-05-27T19:04:47.120+0530] {logging_mixin.py:188} INFO - [2025-05-27T19:04:47.119+0530] {dagbag.py:538} INFO - Filling up the DagBag from /Users/zafarimam/Documents/E-Commerce Order Pipeline/airflow_venv_39/lib/python3.9/site-packages/airflow/example_dags/example_short_circuit_operator.py
[2025-05-27T19:04:47.151+0530] {processor.py:840} INFO - DAG(s) 'example_short_circuit_operator' retrieved from /Users/zafarimam/Documents/E-Commerce Order Pipeline/airflow_venv_39/lib/python3.9/site-packages/airflow/example_dags/example_short_circuit_operator.py
[2025-05-27T19:04:47.249+0530] {logging_mixin.py:188} INFO - [2025-05-27T19:04:47.248+0530] {dag.py:3036} INFO - Sync 1 DAGs
[2025-05-27T19:04:47.266+0530] {logging_mixin.py:188} INFO - [2025-05-27T19:04:47.266+0530] {dag.py:3823} INFO - Setting next_dagrun for example_short_circuit_operator to 2025-05-26 00:00:00+00:00, run_after=2025-05-27 00:00:00+00:00
[2025-05-27T19:04:47.285+0530] {processor.py:183} INFO - Processing /Users/zafarimam/Documents/E-Commerce Order Pipeline/airflow_venv_39/lib/python3.9/site-packages/airflow/example_dags/example_short_circuit_operator.py took 0.169 seconds
[2025-05-27T19:06:54.066+0530] {processor.py:161} INFO - Started process (PID=27457) to work on /Users/zafarimam/Documents/E-Commerce Order Pipeline/airflow_venv_39/lib/python3.9/site-packages/airflow/example_dags/example_short_circuit_operator.py
[2025-05-27T19:06:54.067+0530] {processor.py:830} INFO - Processing file /Users/zafarimam/Documents/E-Commerce Order Pipeline/airflow_venv_39/lib/python3.9/site-packages/airflow/example_dags/example_short_circuit_operator.py for tasks to queue
[2025-05-27T19:06:54.068+0530] {logging_mixin.py:188} INFO - [2025-05-27T19:06:54.068+0530] {dagbag.py:538} INFO - Filling up the DagBag from /Users/zafarimam/Documents/E-Commerce Order Pipeline/airflow_venv_39/lib/python3.9/site-packages/airflow/example_dags/example_short_circuit_operator.py
[2025-05-27T19:06:54.096+0530] {processor.py:840} INFO - DAG(s) 'example_short_circuit_operator' retrieved from /Users/zafarimam/Documents/E-Commerce Order Pipeline/airflow_venv_39/lib/python3.9/site-packages/airflow/example_dags/example_short_circuit_operator.py
[2025-05-27T19:06:54.174+0530] {logging_mixin.py:188} INFO - [2025-05-27T19:06:54.174+0530] {dag.py:3036} INFO - Sync 1 DAGs
[2025-05-27T19:06:54.186+0530] {logging_mixin.py:188} INFO - [2025-05-27T19:06:54.186+0530] {dag.py:3823} INFO - Setting next_dagrun for example_short_circuit_operator to 2025-05-26 00:00:00+00:00, run_after=2025-05-27 00:00:00+00:00
[2025-05-27T19:06:54.200+0530] {processor.py:183} INFO - Processing /Users/zafarimam/Documents/E-Commerce Order Pipeline/airflow_venv_39/lib/python3.9/site-packages/airflow/example_dags/example_short_circuit_operator.py took 0.135 seconds
[2025-05-27T19:08:57.191+0530] {processor.py:161} INFO - Started process (PID=27553) to work on /Users/zafarimam/Documents/E-Commerce Order Pipeline/airflow_venv_39/lib/python3.9/site-packages/airflow/example_dags/example_short_circuit_operator.py
[2025-05-27T19:08:57.193+0530] {processor.py:830} INFO - Processing file /Users/zafarimam/Documents/E-Commerce Order Pipeline/airflow_venv_39/lib/python3.9/site-packages/airflow/example_dags/example_short_circuit_operator.py for tasks to queue
[2025-05-27T19:08:57.194+0530] {logging_mixin.py:188} INFO - [2025-05-27T19:08:57.193+0530] {dagbag.py:538} INFO - Filling up the DagBag from /Users/zafarimam/Documents/E-Commerce Order Pipeline/airflow_venv_39/lib/python3.9/site-packages/airflow/example_dags/example_short_circuit_operator.py
[2025-05-27T19:08:57.219+0530] {processor.py:840} INFO - DAG(s) 'example_short_circuit_operator' retrieved from /Users/zafarimam/Documents/E-Commerce Order Pipeline/airflow_venv_39/lib/python3.9/site-packages/airflow/example_dags/example_short_circuit_operator.py
[2025-05-27T19:08:57.296+0530] {logging_mixin.py:188} INFO - [2025-05-27T19:08:57.295+0530] {dag.py:3036} INFO - Sync 1 DAGs
[2025-05-27T19:08:57.307+0530] {logging_mixin.py:188} INFO - [2025-05-27T19:08:57.307+0530] {dag.py:3823} INFO - Setting next_dagrun for example_short_circuit_operator to 2025-05-26 00:00:00+00:00, run_after=2025-05-27 00:00:00+00:00
[2025-05-27T19:08:57.321+0530] {processor.py:183} INFO - Processing /Users/zafarimam/Documents/E-Commerce Order Pipeline/airflow_venv_39/lib/python3.9/site-packages/airflow/example_dags/example_short_circuit_operator.py took 0.131 seconds
[2025-05-27T19:10:38.509+0530] {processor.py:161} INFO - Started process (PID=27605) to work on /Users/zafarimam/Documents/E-Commerce Order Pipeline/airflow_venv_39/lib/python3.9/site-packages/airflow/example_dags/example_short_circuit_operator.py
[2025-05-27T19:10:38.510+0530] {processor.py:830} INFO - Processing file /Users/zafarimam/Documents/E-Commerce Order Pipeline/airflow_venv_39/lib/python3.9/site-packages/airflow/example_dags/example_short_circuit_operator.py for tasks to queue
[2025-05-27T19:10:38.511+0530] {logging_mixin.py:188} INFO - [2025-05-27T19:10:38.511+0530] {dagbag.py:538} INFO - Filling up the DagBag from /Users/zafarimam/Documents/E-Commerce Order Pipeline/airflow_venv_39/lib/python3.9/site-packages/airflow/example_dags/example_short_circuit_operator.py
[2025-05-27T19:10:38.536+0530] {processor.py:840} INFO - DAG(s) 'example_short_circuit_operator' retrieved from /Users/zafarimam/Documents/E-Commerce Order Pipeline/airflow_venv_39/lib/python3.9/site-packages/airflow/example_dags/example_short_circuit_operator.py
[2025-05-27T19:10:38.613+0530] {logging_mixin.py:188} INFO - [2025-05-27T19:10:38.612+0530] {dag.py:3036} INFO - Sync 1 DAGs
[2025-05-27T19:10:38.624+0530] {logging_mixin.py:188} INFO - [2025-05-27T19:10:38.624+0530] {dag.py:3823} INFO - Setting next_dagrun for example_short_circuit_operator to 2025-05-26 00:00:00+00:00, run_after=2025-05-27 00:00:00+00:00
[2025-05-27T19:10:38.641+0530] {processor.py:183} INFO - Processing /Users/zafarimam/Documents/E-Commerce Order Pipeline/airflow_venv_39/lib/python3.9/site-packages/airflow/example_dags/example_short_circuit_operator.py took 0.133 seconds
[2025-05-27T19:12:19.644+0530] {processor.py:161} INFO - Started process (PID=27659) to work on /Users/zafarimam/Documents/E-Commerce Order Pipeline/airflow_venv_39/lib/python3.9/site-packages/airflow/example_dags/example_short_circuit_operator.py
[2025-05-27T19:12:19.645+0530] {processor.py:830} INFO - Processing file /Users/zafarimam/Documents/E-Commerce Order Pipeline/airflow_venv_39/lib/python3.9/site-packages/airflow/example_dags/example_short_circuit_operator.py for tasks to queue
[2025-05-27T19:12:19.646+0530] {logging_mixin.py:188} INFO - [2025-05-27T19:12:19.645+0530] {dagbag.py:538} INFO - Filling up the DagBag from /Users/zafarimam/Documents/E-Commerce Order Pipeline/airflow_venv_39/lib/python3.9/site-packages/airflow/example_dags/example_short_circuit_operator.py
[2025-05-27T19:12:19.671+0530] {processor.py:840} INFO - DAG(s) 'example_short_circuit_operator' retrieved from /Users/zafarimam/Documents/E-Commerce Order Pipeline/airflow_venv_39/lib/python3.9/site-packages/airflow/example_dags/example_short_circuit_operator.py
[2025-05-27T19:12:19.748+0530] {logging_mixin.py:188} INFO - [2025-05-27T19:12:19.747+0530] {dag.py:3036} INFO - Sync 1 DAGs
[2025-05-27T19:12:19.759+0530] {logging_mixin.py:188} INFO - [2025-05-27T19:12:19.759+0530] {dag.py:3823} INFO - Setting next_dagrun for example_short_circuit_operator to 2025-05-26 00:00:00+00:00, run_after=2025-05-27 00:00:00+00:00
[2025-05-27T19:12:19.776+0530] {processor.py:183} INFO - Processing /Users/zafarimam/Documents/E-Commerce Order Pipeline/airflow_venv_39/lib/python3.9/site-packages/airflow/example_dags/example_short_circuit_operator.py took 0.133 seconds
[2025-05-27T19:14:00.709+0530] {processor.py:161} INFO - Started process (PID=27711) to work on /Users/zafarimam/Documents/E-Commerce Order Pipeline/airflow_venv_39/lib/python3.9/site-packages/airflow/example_dags/example_short_circuit_operator.py
[2025-05-27T19:14:00.710+0530] {processor.py:830} INFO - Processing file /Users/zafarimam/Documents/E-Commerce Order Pipeline/airflow_venv_39/lib/python3.9/site-packages/airflow/example_dags/example_short_circuit_operator.py for tasks to queue
[2025-05-27T19:14:00.711+0530] {logging_mixin.py:188} INFO - [2025-05-27T19:14:00.711+0530] {dagbag.py:538} INFO - Filling up the DagBag from /Users/zafarimam/Documents/E-Commerce Order Pipeline/airflow_venv_39/lib/python3.9/site-packages/airflow/example_dags/example_short_circuit_operator.py
[2025-05-27T19:14:00.737+0530] {processor.py:840} INFO - DAG(s) 'example_short_circuit_operator' retrieved from /Users/zafarimam/Documents/E-Commerce Order Pipeline/airflow_venv_39/lib/python3.9/site-packages/airflow/example_dags/example_short_circuit_operator.py
[2025-05-27T19:14:00.813+0530] {logging_mixin.py:188} INFO - [2025-05-27T19:14:00.812+0530] {dag.py:3036} INFO - Sync 1 DAGs
[2025-05-27T19:14:00.824+0530] {logging_mixin.py:188} INFO - [2025-05-27T19:14:00.824+0530] {dag.py:3823} INFO - Setting next_dagrun for example_short_circuit_operator to 2025-05-26 00:00:00+00:00, run_after=2025-05-27 00:00:00+00:00
[2025-05-27T19:14:00.842+0530] {processor.py:183} INFO - Processing /Users/zafarimam/Documents/E-Commerce Order Pipeline/airflow_venv_39/lib/python3.9/site-packages/airflow/example_dags/example_short_circuit_operator.py took 0.133 seconds
[2025-05-27T19:15:40.064+0530] {processor.py:161} INFO - Started process (PID=27764) to work on /Users/zafarimam/Documents/E-Commerce Order Pipeline/airflow_venv_39/lib/python3.9/site-packages/airflow/example_dags/example_short_circuit_operator.py
[2025-05-27T19:15:40.065+0530] {processor.py:830} INFO - Processing file /Users/zafarimam/Documents/E-Commerce Order Pipeline/airflow_venv_39/lib/python3.9/site-packages/airflow/example_dags/example_short_circuit_operator.py for tasks to queue
[2025-05-27T19:15:40.065+0530] {logging_mixin.py:188} INFO - [2025-05-27T19:15:40.065+0530] {dagbag.py:538} INFO - Filling up the DagBag from /Users/zafarimam/Documents/E-Commerce Order Pipeline/airflow_venv_39/lib/python3.9/site-packages/airflow/example_dags/example_short_circuit_operator.py
[2025-05-27T19:15:40.092+0530] {processor.py:840} INFO - DAG(s) 'example_short_circuit_operator' retrieved from /Users/zafarimam/Documents/E-Commerce Order Pipeline/airflow_venv_39/lib/python3.9/site-packages/airflow/example_dags/example_short_circuit_operator.py
[2025-05-27T19:15:40.169+0530] {logging_mixin.py:188} INFO - [2025-05-27T19:15:40.168+0530] {dag.py:3036} INFO - Sync 1 DAGs
[2025-05-27T19:15:40.180+0530] {logging_mixin.py:188} INFO - [2025-05-27T19:15:40.180+0530] {dag.py:3823} INFO - Setting next_dagrun for example_short_circuit_operator to 2025-05-26 00:00:00+00:00, run_after=2025-05-27 00:00:00+00:00
[2025-05-27T19:15:40.192+0530] {processor.py:183} INFO - Processing /Users/zafarimam/Documents/E-Commerce Order Pipeline/airflow_venv_39/lib/python3.9/site-packages/airflow/example_dags/example_short_circuit_operator.py took 0.129 seconds
[2025-05-27T19:17:20.913+0530] {processor.py:161} INFO - Started process (PID=27818) to work on /Users/zafarimam/Documents/E-Commerce Order Pipeline/airflow_venv_39/lib/python3.9/site-packages/airflow/example_dags/example_short_circuit_operator.py
[2025-05-27T19:17:20.914+0530] {processor.py:830} INFO - Processing file /Users/zafarimam/Documents/E-Commerce Order Pipeline/airflow_venv_39/lib/python3.9/site-packages/airflow/example_dags/example_short_circuit_operator.py for tasks to queue
[2025-05-27T19:17:20.915+0530] {logging_mixin.py:188} INFO - [2025-05-27T19:17:20.915+0530] {dagbag.py:538} INFO - Filling up the DagBag from /Users/zafarimam/Documents/E-Commerce Order Pipeline/airflow_venv_39/lib/python3.9/site-packages/airflow/example_dags/example_short_circuit_operator.py
[2025-05-27T19:17:20.940+0530] {processor.py:840} INFO - DAG(s) 'example_short_circuit_operator' retrieved from /Users/zafarimam/Documents/E-Commerce Order Pipeline/airflow_venv_39/lib/python3.9/site-packages/airflow/example_dags/example_short_circuit_operator.py
[2025-05-27T19:17:21.017+0530] {logging_mixin.py:188} INFO - [2025-05-27T19:17:21.016+0530] {dag.py:3036} INFO - Sync 1 DAGs
[2025-05-27T19:17:21.028+0530] {logging_mixin.py:188} INFO - [2025-05-27T19:17:21.028+0530] {dag.py:3823} INFO - Setting next_dagrun for example_short_circuit_operator to 2025-05-26 00:00:00+00:00, run_after=2025-05-27 00:00:00+00:00
[2025-05-27T19:17:21.041+0530] {processor.py:183} INFO - Processing /Users/zafarimam/Documents/E-Commerce Order Pipeline/airflow_venv_39/lib/python3.9/site-packages/airflow/example_dags/example_short_circuit_operator.py took 0.129 seconds
[2025-05-27T19:19:02.050+0530] {processor.py:161} INFO - Started process (PID=27893) to work on /Users/zafarimam/Documents/E-Commerce Order Pipeline/airflow_venv_39/lib/python3.9/site-packages/airflow/example_dags/example_short_circuit_operator.py
[2025-05-27T19:19:02.051+0530] {processor.py:830} INFO - Processing file /Users/zafarimam/Documents/E-Commerce Order Pipeline/airflow_venv_39/lib/python3.9/site-packages/airflow/example_dags/example_short_circuit_operator.py for tasks to queue
[2025-05-27T19:19:02.052+0530] {logging_mixin.py:188} INFO - [2025-05-27T19:19:02.052+0530] {dagbag.py:538} INFO - Filling up the DagBag from /Users/zafarimam/Documents/E-Commerce Order Pipeline/airflow_venv_39/lib/python3.9/site-packages/airflow/example_dags/example_short_circuit_operator.py
[2025-05-27T19:19:02.077+0530] {processor.py:840} INFO - DAG(s) 'example_short_circuit_operator' retrieved from /Users/zafarimam/Documents/E-Commerce Order Pipeline/airflow_venv_39/lib/python3.9/site-packages/airflow/example_dags/example_short_circuit_operator.py
[2025-05-27T19:19:02.154+0530] {logging_mixin.py:188} INFO - [2025-05-27T19:19:02.153+0530] {dag.py:3036} INFO - Sync 1 DAGs
[2025-05-27T19:19:02.165+0530] {logging_mixin.py:188} INFO - [2025-05-27T19:19:02.165+0530] {dag.py:3823} INFO - Setting next_dagrun for example_short_circuit_operator to 2025-05-26 00:00:00+00:00, run_after=2025-05-27 00:00:00+00:00
[2025-05-27T19:19:02.178+0530] {processor.py:183} INFO - Processing /Users/zafarimam/Documents/E-Commerce Order Pipeline/airflow_venv_39/lib/python3.9/site-packages/airflow/example_dags/example_short_circuit_operator.py took 0.129 seconds
[2025-05-27T19:20:42.440+0530] {processor.py:161} INFO - Started process (PID=27958) to work on /Users/zafarimam/Documents/E-Commerce Order Pipeline/airflow_venv_39/lib/python3.9/site-packages/airflow/example_dags/example_short_circuit_operator.py
[2025-05-27T19:20:42.441+0530] {processor.py:830} INFO - Processing file /Users/zafarimam/Documents/E-Commerce Order Pipeline/airflow_venv_39/lib/python3.9/site-packages/airflow/example_dags/example_short_circuit_operator.py for tasks to queue
[2025-05-27T19:20:42.442+0530] {logging_mixin.py:188} INFO - [2025-05-27T19:20:42.441+0530] {dagbag.py:538} INFO - Filling up the DagBag from /Users/zafarimam/Documents/E-Commerce Order Pipeline/airflow_venv_39/lib/python3.9/site-packages/airflow/example_dags/example_short_circuit_operator.py
[2025-05-27T19:20:42.468+0530] {processor.py:840} INFO - DAG(s) 'example_short_circuit_operator' retrieved from /Users/zafarimam/Documents/E-Commerce Order Pipeline/airflow_venv_39/lib/python3.9/site-packages/airflow/example_dags/example_short_circuit_operator.py
[2025-05-27T19:20:42.546+0530] {logging_mixin.py:188} INFO - [2025-05-27T19:20:42.545+0530] {dag.py:3036} INFO - Sync 1 DAGs
[2025-05-27T19:20:42.558+0530] {logging_mixin.py:188} INFO - [2025-05-27T19:20:42.558+0530] {dag.py:3823} INFO - Setting next_dagrun for example_short_circuit_operator to 2025-05-26 00:00:00+00:00, run_after=2025-05-27 00:00:00+00:00
[2025-05-27T19:20:42.575+0530] {processor.py:183} INFO - Processing /Users/zafarimam/Documents/E-Commerce Order Pipeline/airflow_venv_39/lib/python3.9/site-packages/airflow/example_dags/example_short_circuit_operator.py took 0.136 seconds
[2025-05-27T19:22:21.361+0530] {processor.py:161} INFO - Started process (PID=28020) to work on /Users/zafarimam/Documents/E-Commerce Order Pipeline/airflow_venv_39/lib/python3.9/site-packages/airflow/example_dags/example_short_circuit_operator.py
[2025-05-27T19:22:21.362+0530] {processor.py:830} INFO - Processing file /Users/zafarimam/Documents/E-Commerce Order Pipeline/airflow_venv_39/lib/python3.9/site-packages/airflow/example_dags/example_short_circuit_operator.py for tasks to queue
[2025-05-27T19:22:21.362+0530] {logging_mixin.py:188} INFO - [2025-05-27T19:22:21.362+0530] {dagbag.py:538} INFO - Filling up the DagBag from /Users/zafarimam/Documents/E-Commerce Order Pipeline/airflow_venv_39/lib/python3.9/site-packages/airflow/example_dags/example_short_circuit_operator.py
[2025-05-27T19:22:21.389+0530] {processor.py:840} INFO - DAG(s) 'example_short_circuit_operator' retrieved from /Users/zafarimam/Documents/E-Commerce Order Pipeline/airflow_venv_39/lib/python3.9/site-packages/airflow/example_dags/example_short_circuit_operator.py
[2025-05-27T19:22:21.466+0530] {logging_mixin.py:188} INFO - [2025-05-27T19:22:21.465+0530] {dag.py:3036} INFO - Sync 1 DAGs
[2025-05-27T19:22:21.477+0530] {logging_mixin.py:188} INFO - [2025-05-27T19:22:21.477+0530] {dag.py:3823} INFO - Setting next_dagrun for example_short_circuit_operator to 2025-05-26 00:00:00+00:00, run_after=2025-05-27 00:00:00+00:00
[2025-05-27T19:22:21.490+0530] {processor.py:183} INFO - Processing /Users/zafarimam/Documents/E-Commerce Order Pipeline/airflow_venv_39/lib/python3.9/site-packages/airflow/example_dags/example_short_circuit_operator.py took 0.131 seconds
[2025-05-27T19:24:02.697+0530] {processor.py:161} INFO - Started process (PID=28073) to work on /Users/zafarimam/Documents/E-Commerce Order Pipeline/airflow_venv_39/lib/python3.9/site-packages/airflow/example_dags/example_short_circuit_operator.py
[2025-05-27T19:24:02.697+0530] {processor.py:830} INFO - Processing file /Users/zafarimam/Documents/E-Commerce Order Pipeline/airflow_venv_39/lib/python3.9/site-packages/airflow/example_dags/example_short_circuit_operator.py for tasks to queue
[2025-05-27T19:24:02.698+0530] {logging_mixin.py:188} INFO - [2025-05-27T19:24:02.698+0530] {dagbag.py:538} INFO - Filling up the DagBag from /Users/zafarimam/Documents/E-Commerce Order Pipeline/airflow_venv_39/lib/python3.9/site-packages/airflow/example_dags/example_short_circuit_operator.py
[2025-05-27T19:24:02.723+0530] {processor.py:840} INFO - DAG(s) 'example_short_circuit_operator' retrieved from /Users/zafarimam/Documents/E-Commerce Order Pipeline/airflow_venv_39/lib/python3.9/site-packages/airflow/example_dags/example_short_circuit_operator.py
[2025-05-27T19:24:02.800+0530] {logging_mixin.py:188} INFO - [2025-05-27T19:24:02.799+0530] {dag.py:3036} INFO - Sync 1 DAGs
[2025-05-27T19:24:02.811+0530] {logging_mixin.py:188} INFO - [2025-05-27T19:24:02.811+0530] {dag.py:3823} INFO - Setting next_dagrun for example_short_circuit_operator to 2025-05-26 00:00:00+00:00, run_after=2025-05-27 00:00:00+00:00
[2025-05-27T19:24:02.824+0530] {processor.py:183} INFO - Processing /Users/zafarimam/Documents/E-Commerce Order Pipeline/airflow_venv_39/lib/python3.9/site-packages/airflow/example_dags/example_short_circuit_operator.py took 0.128 seconds
[2025-05-27T19:25:42.990+0530] {processor.py:161} INFO - Started process (PID=28127) to work on /Users/zafarimam/Documents/E-Commerce Order Pipeline/airflow_venv_39/lib/python3.9/site-packages/airflow/example_dags/example_short_circuit_operator.py
[2025-05-27T19:25:42.991+0530] {processor.py:830} INFO - Processing file /Users/zafarimam/Documents/E-Commerce Order Pipeline/airflow_venv_39/lib/python3.9/site-packages/airflow/example_dags/example_short_circuit_operator.py for tasks to queue
[2025-05-27T19:25:42.991+0530] {logging_mixin.py:188} INFO - [2025-05-27T19:25:42.991+0530] {dagbag.py:538} INFO - Filling up the DagBag from /Users/zafarimam/Documents/E-Commerce Order Pipeline/airflow_venv_39/lib/python3.9/site-packages/airflow/example_dags/example_short_circuit_operator.py
[2025-05-27T19:25:43.017+0530] {processor.py:840} INFO - DAG(s) 'example_short_circuit_operator' retrieved from /Users/zafarimam/Documents/E-Commerce Order Pipeline/airflow_venv_39/lib/python3.9/site-packages/airflow/example_dags/example_short_circuit_operator.py
[2025-05-27T19:25:43.095+0530] {logging_mixin.py:188} INFO - [2025-05-27T19:25:43.094+0530] {dag.py:3036} INFO - Sync 1 DAGs
[2025-05-27T19:25:43.107+0530] {logging_mixin.py:188} INFO - [2025-05-27T19:25:43.106+0530] {dag.py:3823} INFO - Setting next_dagrun for example_short_circuit_operator to 2025-05-26 00:00:00+00:00, run_after=2025-05-27 00:00:00+00:00
[2025-05-27T19:25:43.120+0530] {processor.py:183} INFO - Processing /Users/zafarimam/Documents/E-Commerce Order Pipeline/airflow_venv_39/lib/python3.9/site-packages/airflow/example_dags/example_short_circuit_operator.py took 0.131 seconds
[2025-05-27T19:27:23.534+0530] {processor.py:161} INFO - Started process (PID=28183) to work on /Users/zafarimam/Documents/E-Commerce Order Pipeline/airflow_venv_39/lib/python3.9/site-packages/airflow/example_dags/example_short_circuit_operator.py
[2025-05-27T19:27:23.535+0530] {processor.py:830} INFO - Processing file /Users/zafarimam/Documents/E-Commerce Order Pipeline/airflow_venv_39/lib/python3.9/site-packages/airflow/example_dags/example_short_circuit_operator.py for tasks to queue
[2025-05-27T19:27:23.535+0530] {logging_mixin.py:188} INFO - [2025-05-27T19:27:23.535+0530] {dagbag.py:538} INFO - Filling up the DagBag from /Users/zafarimam/Documents/E-Commerce Order Pipeline/airflow_venv_39/lib/python3.9/site-packages/airflow/example_dags/example_short_circuit_operator.py
[2025-05-27T19:27:23.561+0530] {processor.py:840} INFO - DAG(s) 'example_short_circuit_operator' retrieved from /Users/zafarimam/Documents/E-Commerce Order Pipeline/airflow_venv_39/lib/python3.9/site-packages/airflow/example_dags/example_short_circuit_operator.py
[2025-05-27T19:27:23.637+0530] {logging_mixin.py:188} INFO - [2025-05-27T19:27:23.636+0530] {dag.py:3036} INFO - Sync 1 DAGs
[2025-05-27T19:27:23.648+0530] {logging_mixin.py:188} INFO - [2025-05-27T19:27:23.648+0530] {dag.py:3823} INFO - Setting next_dagrun for example_short_circuit_operator to 2025-05-26 00:00:00+00:00, run_after=2025-05-27 00:00:00+00:00
[2025-05-27T19:27:23.664+0530] {processor.py:183} INFO - Processing /Users/zafarimam/Documents/E-Commerce Order Pipeline/airflow_venv_39/lib/python3.9/site-packages/airflow/example_dags/example_short_circuit_operator.py took 0.132 seconds
[2025-05-27T19:29:02.747+0530] {processor.py:161} INFO - Started process (PID=28234) to work on /Users/zafarimam/Documents/E-Commerce Order Pipeline/airflow_venv_39/lib/python3.9/site-packages/airflow/example_dags/example_short_circuit_operator.py
[2025-05-27T19:29:02.747+0530] {processor.py:830} INFO - Processing file /Users/zafarimam/Documents/E-Commerce Order Pipeline/airflow_venv_39/lib/python3.9/site-packages/airflow/example_dags/example_short_circuit_operator.py for tasks to queue
[2025-05-27T19:29:02.748+0530] {logging_mixin.py:188} INFO - [2025-05-27T19:29:02.748+0530] {dagbag.py:538} INFO - Filling up the DagBag from /Users/zafarimam/Documents/E-Commerce Order Pipeline/airflow_venv_39/lib/python3.9/site-packages/airflow/example_dags/example_short_circuit_operator.py
[2025-05-27T19:29:02.774+0530] {processor.py:840} INFO - DAG(s) 'example_short_circuit_operator' retrieved from /Users/zafarimam/Documents/E-Commerce Order Pipeline/airflow_venv_39/lib/python3.9/site-packages/airflow/example_dags/example_short_circuit_operator.py
[2025-05-27T19:29:02.850+0530] {logging_mixin.py:188} INFO - [2025-05-27T19:29:02.850+0530] {dag.py:3036} INFO - Sync 1 DAGs
[2025-05-27T19:29:02.862+0530] {logging_mixin.py:188} INFO - [2025-05-27T19:29:02.861+0530] {dag.py:3823} INFO - Setting next_dagrun for example_short_circuit_operator to 2025-05-26 00:00:00+00:00, run_after=2025-05-27 00:00:00+00:00
[2025-05-27T19:29:02.879+0530] {processor.py:183} INFO - Processing /Users/zafarimam/Documents/E-Commerce Order Pipeline/airflow_venv_39/lib/python3.9/site-packages/airflow/example_dags/example_short_circuit_operator.py took 0.133 seconds
[2025-05-27T19:31:04.248+0530] {processor.py:161} INFO - Started process (PID=28314) to work on /Users/zafarimam/Documents/E-Commerce Order Pipeline/airflow_venv_39/lib/python3.9/site-packages/airflow/example_dags/example_short_circuit_operator.py
[2025-05-27T19:31:04.249+0530] {processor.py:830} INFO - Processing file /Users/zafarimam/Documents/E-Commerce Order Pipeline/airflow_venv_39/lib/python3.9/site-packages/airflow/example_dags/example_short_circuit_operator.py for tasks to queue
[2025-05-27T19:31:04.250+0530] {logging_mixin.py:188} INFO - [2025-05-27T19:31:04.250+0530] {dagbag.py:538} INFO - Filling up the DagBag from /Users/zafarimam/Documents/E-Commerce Order Pipeline/airflow_venv_39/lib/python3.9/site-packages/airflow/example_dags/example_short_circuit_operator.py
[2025-05-27T19:31:04.276+0530] {processor.py:840} INFO - DAG(s) 'example_short_circuit_operator' retrieved from /Users/zafarimam/Documents/E-Commerce Order Pipeline/airflow_venv_39/lib/python3.9/site-packages/airflow/example_dags/example_short_circuit_operator.py
[2025-05-27T19:31:04.351+0530] {logging_mixin.py:188} INFO - [2025-05-27T19:31:04.351+0530] {dag.py:3036} INFO - Sync 1 DAGs
[2025-05-27T19:31:04.362+0530] {logging_mixin.py:188} INFO - [2025-05-27T19:31:04.362+0530] {dag.py:3823} INFO - Setting next_dagrun for example_short_circuit_operator to 2025-05-26 00:00:00+00:00, run_after=2025-05-27 00:00:00+00:00
[2025-05-27T19:31:04.379+0530] {processor.py:183} INFO - Processing /Users/zafarimam/Documents/E-Commerce Order Pipeline/airflow_venv_39/lib/python3.9/site-packages/airflow/example_dags/example_short_circuit_operator.py took 0.132 seconds
[2025-05-27T19:32:44.165+0530] {processor.py:161} INFO - Started process (PID=28370) to work on /Users/zafarimam/Documents/E-Commerce Order Pipeline/airflow_venv_39/lib/python3.9/site-packages/airflow/example_dags/example_short_circuit_operator.py
[2025-05-27T19:32:44.166+0530] {processor.py:830} INFO - Processing file /Users/zafarimam/Documents/E-Commerce Order Pipeline/airflow_venv_39/lib/python3.9/site-packages/airflow/example_dags/example_short_circuit_operator.py for tasks to queue
[2025-05-27T19:32:44.166+0530] {logging_mixin.py:188} INFO - [2025-05-27T19:32:44.166+0530] {dagbag.py:538} INFO - Filling up the DagBag from /Users/zafarimam/Documents/E-Commerce Order Pipeline/airflow_venv_39/lib/python3.9/site-packages/airflow/example_dags/example_short_circuit_operator.py
[2025-05-27T19:32:44.192+0530] {processor.py:840} INFO - DAG(s) 'example_short_circuit_operator' retrieved from /Users/zafarimam/Documents/E-Commerce Order Pipeline/airflow_venv_39/lib/python3.9/site-packages/airflow/example_dags/example_short_circuit_operator.py
[2025-05-27T19:32:44.269+0530] {logging_mixin.py:188} INFO - [2025-05-27T19:32:44.268+0530] {dag.py:3036} INFO - Sync 1 DAGs
[2025-05-27T19:32:44.281+0530] {logging_mixin.py:188} INFO - [2025-05-27T19:32:44.281+0530] {dag.py:3823} INFO - Setting next_dagrun for example_short_circuit_operator to 2025-05-26 00:00:00+00:00, run_after=2025-05-27 00:00:00+00:00
[2025-05-27T19:32:44.293+0530] {processor.py:183} INFO - Processing /Users/zafarimam/Documents/E-Commerce Order Pipeline/airflow_venv_39/lib/python3.9/site-packages/airflow/example_dags/example_short_circuit_operator.py took 0.130 seconds
[2025-05-27T19:34:25.261+0530] {processor.py:161} INFO - Started process (PID=28420) to work on /Users/zafarimam/Documents/E-Commerce Order Pipeline/airflow_venv_39/lib/python3.9/site-packages/airflow/example_dags/example_short_circuit_operator.py
[2025-05-27T19:34:25.262+0530] {processor.py:830} INFO - Processing file /Users/zafarimam/Documents/E-Commerce Order Pipeline/airflow_venv_39/lib/python3.9/site-packages/airflow/example_dags/example_short_circuit_operator.py for tasks to queue
[2025-05-27T19:34:25.262+0530] {logging_mixin.py:188} INFO - [2025-05-27T19:34:25.262+0530] {dagbag.py:538} INFO - Filling up the DagBag from /Users/zafarimam/Documents/E-Commerce Order Pipeline/airflow_venv_39/lib/python3.9/site-packages/airflow/example_dags/example_short_circuit_operator.py
[2025-05-27T19:34:25.287+0530] {processor.py:840} INFO - DAG(s) 'example_short_circuit_operator' retrieved from /Users/zafarimam/Documents/E-Commerce Order Pipeline/airflow_venv_39/lib/python3.9/site-packages/airflow/example_dags/example_short_circuit_operator.py
[2025-05-27T19:34:25.364+0530] {logging_mixin.py:188} INFO - [2025-05-27T19:34:25.363+0530] {dag.py:3036} INFO - Sync 1 DAGs
[2025-05-27T19:34:25.375+0530] {logging_mixin.py:188} INFO - [2025-05-27T19:34:25.375+0530] {dag.py:3823} INFO - Setting next_dagrun for example_short_circuit_operator to 2025-05-26 00:00:00+00:00, run_after=2025-05-27 00:00:00+00:00
[2025-05-27T19:34:25.387+0530] {processor.py:183} INFO - Processing /Users/zafarimam/Documents/E-Commerce Order Pipeline/airflow_venv_39/lib/python3.9/site-packages/airflow/example_dags/example_short_circuit_operator.py took 0.128 seconds
[2025-05-27T19:36:06.242+0530] {processor.py:161} INFO - Started process (PID=28472) to work on /Users/zafarimam/Documents/E-Commerce Order Pipeline/airflow_venv_39/lib/python3.9/site-packages/airflow/example_dags/example_short_circuit_operator.py
[2025-05-27T19:36:06.242+0530] {processor.py:830} INFO - Processing file /Users/zafarimam/Documents/E-Commerce Order Pipeline/airflow_venv_39/lib/python3.9/site-packages/airflow/example_dags/example_short_circuit_operator.py for tasks to queue
[2025-05-27T19:36:06.243+0530] {logging_mixin.py:188} INFO - [2025-05-27T19:36:06.243+0530] {dagbag.py:538} INFO - Filling up the DagBag from /Users/zafarimam/Documents/E-Commerce Order Pipeline/airflow_venv_39/lib/python3.9/site-packages/airflow/example_dags/example_short_circuit_operator.py
[2025-05-27T19:36:06.268+0530] {processor.py:840} INFO - DAG(s) 'example_short_circuit_operator' retrieved from /Users/zafarimam/Documents/E-Commerce Order Pipeline/airflow_venv_39/lib/python3.9/site-packages/airflow/example_dags/example_short_circuit_operator.py
[2025-05-27T19:36:06.345+0530] {logging_mixin.py:188} INFO - [2025-05-27T19:36:06.344+0530] {dag.py:3036} INFO - Sync 1 DAGs
[2025-05-27T19:36:06.356+0530] {logging_mixin.py:188} INFO - [2025-05-27T19:36:06.356+0530] {dag.py:3823} INFO - Setting next_dagrun for example_short_circuit_operator to 2025-05-26 00:00:00+00:00, run_after=2025-05-27 00:00:00+00:00
[2025-05-27T19:36:06.367+0530] {processor.py:183} INFO - Processing /Users/zafarimam/Documents/E-Commerce Order Pipeline/airflow_venv_39/lib/python3.9/site-packages/airflow/example_dags/example_short_circuit_operator.py took 0.127 seconds
[2025-05-27T19:37:48.102+0530] {processor.py:161} INFO - Started process (PID=28526) to work on /Users/zafarimam/Documents/E-Commerce Order Pipeline/airflow_venv_39/lib/python3.9/site-packages/airflow/example_dags/example_short_circuit_operator.py
[2025-05-27T19:37:48.102+0530] {processor.py:830} INFO - Processing file /Users/zafarimam/Documents/E-Commerce Order Pipeline/airflow_venv_39/lib/python3.9/site-packages/airflow/example_dags/example_short_circuit_operator.py for tasks to queue
[2025-05-27T19:37:48.103+0530] {logging_mixin.py:188} INFO - [2025-05-27T19:37:48.103+0530] {dagbag.py:538} INFO - Filling up the DagBag from /Users/zafarimam/Documents/E-Commerce Order Pipeline/airflow_venv_39/lib/python3.9/site-packages/airflow/example_dags/example_short_circuit_operator.py
[2025-05-27T19:37:48.129+0530] {processor.py:840} INFO - DAG(s) 'example_short_circuit_operator' retrieved from /Users/zafarimam/Documents/E-Commerce Order Pipeline/airflow_venv_39/lib/python3.9/site-packages/airflow/example_dags/example_short_circuit_operator.py
[2025-05-27T19:37:48.207+0530] {logging_mixin.py:188} INFO - [2025-05-27T19:37:48.206+0530] {dag.py:3036} INFO - Sync 1 DAGs
[2025-05-27T19:37:48.218+0530] {logging_mixin.py:188} INFO - [2025-05-27T19:37:48.218+0530] {dag.py:3823} INFO - Setting next_dagrun for example_short_circuit_operator to 2025-05-26 00:00:00+00:00, run_after=2025-05-27 00:00:00+00:00
[2025-05-27T19:37:48.232+0530] {processor.py:183} INFO - Processing /Users/zafarimam/Documents/E-Commerce Order Pipeline/airflow_venv_39/lib/python3.9/site-packages/airflow/example_dags/example_short_circuit_operator.py took 0.131 seconds
[2025-05-27T19:39:27.641+0530] {processor.py:161} INFO - Started process (PID=28575) to work on /Users/zafarimam/Documents/E-Commerce Order Pipeline/airflow_venv_39/lib/python3.9/site-packages/airflow/example_dags/example_short_circuit_operator.py
[2025-05-27T19:39:27.642+0530] {processor.py:830} INFO - Processing file /Users/zafarimam/Documents/E-Commerce Order Pipeline/airflow_venv_39/lib/python3.9/site-packages/airflow/example_dags/example_short_circuit_operator.py for tasks to queue
[2025-05-27T19:39:27.642+0530] {logging_mixin.py:188} INFO - [2025-05-27T19:39:27.642+0530] {dagbag.py:538} INFO - Filling up the DagBag from /Users/zafarimam/Documents/E-Commerce Order Pipeline/airflow_venv_39/lib/python3.9/site-packages/airflow/example_dags/example_short_circuit_operator.py
[2025-05-27T19:39:27.668+0530] {processor.py:840} INFO - DAG(s) 'example_short_circuit_operator' retrieved from /Users/zafarimam/Documents/E-Commerce Order Pipeline/airflow_venv_39/lib/python3.9/site-packages/airflow/example_dags/example_short_circuit_operator.py
[2025-05-27T19:39:27.744+0530] {logging_mixin.py:188} INFO - [2025-05-27T19:39:27.743+0530] {dag.py:3036} INFO - Sync 1 DAGs
[2025-05-27T19:39:27.755+0530] {logging_mixin.py:188} INFO - [2025-05-27T19:39:27.755+0530] {dag.py:3823} INFO - Setting next_dagrun for example_short_circuit_operator to 2025-05-26 00:00:00+00:00, run_after=2025-05-27 00:00:00+00:00
[2025-05-27T19:39:27.769+0530] {processor.py:183} INFO - Processing /Users/zafarimam/Documents/E-Commerce Order Pipeline/airflow_venv_39/lib/python3.9/site-packages/airflow/example_dags/example_short_circuit_operator.py took 0.129 seconds
[2025-05-27T19:41:06.465+0530] {processor.py:161} INFO - Started process (PID=28628) to work on /Users/zafarimam/Documents/E-Commerce Order Pipeline/airflow_venv_39/lib/python3.9/site-packages/airflow/example_dags/example_short_circuit_operator.py
[2025-05-27T19:41:06.466+0530] {processor.py:830} INFO - Processing file /Users/zafarimam/Documents/E-Commerce Order Pipeline/airflow_venv_39/lib/python3.9/site-packages/airflow/example_dags/example_short_circuit_operator.py for tasks to queue
[2025-05-27T19:41:06.466+0530] {logging_mixin.py:188} INFO - [2025-05-27T19:41:06.466+0530] {dagbag.py:538} INFO - Filling up the DagBag from /Users/zafarimam/Documents/E-Commerce Order Pipeline/airflow_venv_39/lib/python3.9/site-packages/airflow/example_dags/example_short_circuit_operator.py
[2025-05-27T19:41:06.491+0530] {processor.py:840} INFO - DAG(s) 'example_short_circuit_operator' retrieved from /Users/zafarimam/Documents/E-Commerce Order Pipeline/airflow_venv_39/lib/python3.9/site-packages/airflow/example_dags/example_short_circuit_operator.py
[2025-05-27T19:41:06.567+0530] {logging_mixin.py:188} INFO - [2025-05-27T19:41:06.566+0530] {dag.py:3036} INFO - Sync 1 DAGs
[2025-05-27T19:41:06.578+0530] {logging_mixin.py:188} INFO - [2025-05-27T19:41:06.578+0530] {dag.py:3823} INFO - Setting next_dagrun for example_short_circuit_operator to 2025-05-26 00:00:00+00:00, run_after=2025-05-27 00:00:00+00:00
[2025-05-27T19:41:06.591+0530] {processor.py:183} INFO - Processing /Users/zafarimam/Documents/E-Commerce Order Pipeline/airflow_venv_39/lib/python3.9/site-packages/airflow/example_dags/example_short_circuit_operator.py took 0.127 seconds
[2025-05-27T19:42:47.814+0530] {processor.py:161} INFO - Started process (PID=28681) to work on /Users/zafarimam/Documents/E-Commerce Order Pipeline/airflow_venv_39/lib/python3.9/site-packages/airflow/example_dags/example_short_circuit_operator.py
[2025-05-27T19:42:47.815+0530] {processor.py:830} INFO - Processing file /Users/zafarimam/Documents/E-Commerce Order Pipeline/airflow_venv_39/lib/python3.9/site-packages/airflow/example_dags/example_short_circuit_operator.py for tasks to queue
[2025-05-27T19:42:47.816+0530] {logging_mixin.py:188} INFO - [2025-05-27T19:42:47.815+0530] {dagbag.py:538} INFO - Filling up the DagBag from /Users/zafarimam/Documents/E-Commerce Order Pipeline/airflow_venv_39/lib/python3.9/site-packages/airflow/example_dags/example_short_circuit_operator.py
[2025-05-27T19:42:47.841+0530] {processor.py:840} INFO - DAG(s) 'example_short_circuit_operator' retrieved from /Users/zafarimam/Documents/E-Commerce Order Pipeline/airflow_venv_39/lib/python3.9/site-packages/airflow/example_dags/example_short_circuit_operator.py
[2025-05-27T19:42:47.918+0530] {logging_mixin.py:188} INFO - [2025-05-27T19:42:47.917+0530] {dag.py:3036} INFO - Sync 1 DAGs
[2025-05-27T19:42:47.929+0530] {logging_mixin.py:188} INFO - [2025-05-27T19:42:47.929+0530] {dag.py:3823} INFO - Setting next_dagrun for example_short_circuit_operator to 2025-05-26 00:00:00+00:00, run_after=2025-05-27 00:00:00+00:00
[2025-05-27T19:42:47.946+0530] {processor.py:183} INFO - Processing /Users/zafarimam/Documents/E-Commerce Order Pipeline/airflow_venv_39/lib/python3.9/site-packages/airflow/example_dags/example_short_circuit_operator.py took 0.133 seconds
[2025-05-27T19:44:45.942+0530] {processor.py:161} INFO - Started process (PID=28796) to work on /Users/zafarimam/Documents/E-Commerce Order Pipeline/airflow_venv_39/lib/python3.9/site-packages/airflow/example_dags/example_short_circuit_operator.py
[2025-05-27T19:44:45.944+0530] {processor.py:830} INFO - Processing file /Users/zafarimam/Documents/E-Commerce Order Pipeline/airflow_venv_39/lib/python3.9/site-packages/airflow/example_dags/example_short_circuit_operator.py for tasks to queue
[2025-05-27T19:44:45.944+0530] {logging_mixin.py:188} INFO - [2025-05-27T19:44:45.944+0530] {dagbag.py:538} INFO - Filling up the DagBag from /Users/zafarimam/Documents/E-Commerce Order Pipeline/airflow_venv_39/lib/python3.9/site-packages/airflow/example_dags/example_short_circuit_operator.py
[2025-05-27T19:44:45.974+0530] {processor.py:840} INFO - DAG(s) 'example_short_circuit_operator' retrieved from /Users/zafarimam/Documents/E-Commerce Order Pipeline/airflow_venv_39/lib/python3.9/site-packages/airflow/example_dags/example_short_circuit_operator.py
[2025-05-27T19:44:46.069+0530] {logging_mixin.py:188} INFO - [2025-05-27T19:44:46.067+0530] {dag.py:3036} INFO - Sync 1 DAGs
[2025-05-27T19:44:46.083+0530] {logging_mixin.py:188} INFO - [2025-05-27T19:44:46.083+0530] {dag.py:3823} INFO - Setting next_dagrun for example_short_circuit_operator to 2025-05-26 00:00:00+00:00, run_after=2025-05-27 00:00:00+00:00
[2025-05-27T19:44:46.098+0530] {processor.py:183} INFO - Processing /Users/zafarimam/Documents/E-Commerce Order Pipeline/airflow_venv_39/lib/python3.9/site-packages/airflow/example_dags/example_short_circuit_operator.py took 0.158 seconds
[2025-05-27T19:46:44.730+0530] {processor.py:161} INFO - Started process (PID=28883) to work on /Users/zafarimam/Documents/E-Commerce Order Pipeline/airflow_venv_39/lib/python3.9/site-packages/airflow/example_dags/example_short_circuit_operator.py
[2025-05-27T19:46:44.732+0530] {processor.py:830} INFO - Processing file /Users/zafarimam/Documents/E-Commerce Order Pipeline/airflow_venv_39/lib/python3.9/site-packages/airflow/example_dags/example_short_circuit_operator.py for tasks to queue
[2025-05-27T19:46:44.732+0530] {logging_mixin.py:188} INFO - [2025-05-27T19:46:44.732+0530] {dagbag.py:538} INFO - Filling up the DagBag from /Users/zafarimam/Documents/E-Commerce Order Pipeline/airflow_venv_39/lib/python3.9/site-packages/airflow/example_dags/example_short_circuit_operator.py
[2025-05-27T19:46:44.760+0530] {processor.py:840} INFO - DAG(s) 'example_short_circuit_operator' retrieved from /Users/zafarimam/Documents/E-Commerce Order Pipeline/airflow_venv_39/lib/python3.9/site-packages/airflow/example_dags/example_short_circuit_operator.py
[2025-05-27T19:46:44.838+0530] {logging_mixin.py:188} INFO - [2025-05-27T19:46:44.837+0530] {dag.py:3036} INFO - Sync 1 DAGs
[2025-05-27T19:46:44.849+0530] {logging_mixin.py:188} INFO - [2025-05-27T19:46:44.849+0530] {dag.py:3823} INFO - Setting next_dagrun for example_short_circuit_operator to 2025-05-26 00:00:00+00:00, run_after=2025-05-27 00:00:00+00:00
[2025-05-27T19:46:44.862+0530] {processor.py:183} INFO - Processing /Users/zafarimam/Documents/E-Commerce Order Pipeline/airflow_venv_39/lib/python3.9/site-packages/airflow/example_dags/example_short_circuit_operator.py took 0.133 seconds
[2025-05-27T19:48:27.954+0530] {processor.py:161} INFO - Started process (PID=28946) to work on /Users/zafarimam/Documents/E-Commerce Order Pipeline/airflow_venv_39/lib/python3.9/site-packages/airflow/example_dags/example_short_circuit_operator.py
[2025-05-27T19:48:27.955+0530] {processor.py:830} INFO - Processing file /Users/zafarimam/Documents/E-Commerce Order Pipeline/airflow_venv_39/lib/python3.9/site-packages/airflow/example_dags/example_short_circuit_operator.py for tasks to queue
[2025-05-27T19:48:27.956+0530] {logging_mixin.py:188} INFO - [2025-05-27T19:48:27.955+0530] {dagbag.py:538} INFO - Filling up the DagBag from /Users/zafarimam/Documents/E-Commerce Order Pipeline/airflow_venv_39/lib/python3.9/site-packages/airflow/example_dags/example_short_circuit_operator.py
[2025-05-27T19:48:27.983+0530] {processor.py:840} INFO - DAG(s) 'example_short_circuit_operator' retrieved from /Users/zafarimam/Documents/E-Commerce Order Pipeline/airflow_venv_39/lib/python3.9/site-packages/airflow/example_dags/example_short_circuit_operator.py
[2025-05-27T19:48:28.062+0530] {logging_mixin.py:188} INFO - [2025-05-27T19:48:28.061+0530] {dag.py:3036} INFO - Sync 1 DAGs
[2025-05-27T19:48:28.074+0530] {logging_mixin.py:188} INFO - [2025-05-27T19:48:28.074+0530] {dag.py:3823} INFO - Setting next_dagrun for example_short_circuit_operator to 2025-05-26 00:00:00+00:00, run_after=2025-05-27 00:00:00+00:00
[2025-05-27T19:48:28.086+0530] {processor.py:183} INFO - Processing /Users/zafarimam/Documents/E-Commerce Order Pipeline/airflow_venv_39/lib/python3.9/site-packages/airflow/example_dags/example_short_circuit_operator.py took 0.133 seconds
[2025-05-27T19:50:13.168+0530] {processor.py:161} INFO - Started process (PID=29027) to work on /Users/zafarimam/Documents/E-Commerce Order Pipeline/airflow_venv_39/lib/python3.9/site-packages/airflow/example_dags/example_short_circuit_operator.py
[2025-05-27T19:50:13.169+0530] {processor.py:830} INFO - Processing file /Users/zafarimam/Documents/E-Commerce Order Pipeline/airflow_venv_39/lib/python3.9/site-packages/airflow/example_dags/example_short_circuit_operator.py for tasks to queue
[2025-05-27T19:50:13.169+0530] {logging_mixin.py:188} INFO - [2025-05-27T19:50:13.169+0530] {dagbag.py:538} INFO - Filling up the DagBag from /Users/zafarimam/Documents/E-Commerce Order Pipeline/airflow_venv_39/lib/python3.9/site-packages/airflow/example_dags/example_short_circuit_operator.py
[2025-05-27T19:50:13.196+0530] {processor.py:840} INFO - DAG(s) 'example_short_circuit_operator' retrieved from /Users/zafarimam/Documents/E-Commerce Order Pipeline/airflow_venv_39/lib/python3.9/site-packages/airflow/example_dags/example_short_circuit_operator.py
[2025-05-27T19:50:13.278+0530] {logging_mixin.py:188} INFO - [2025-05-27T19:50:13.277+0530] {dag.py:3036} INFO - Sync 1 DAGs
[2025-05-27T19:50:13.290+0530] {logging_mixin.py:188} INFO - [2025-05-27T19:50:13.290+0530] {dag.py:3823} INFO - Setting next_dagrun for example_short_circuit_operator to 2025-05-26 00:00:00+00:00, run_after=2025-05-27 00:00:00+00:00
[2025-05-27T19:50:13.304+0530] {processor.py:183} INFO - Processing /Users/zafarimam/Documents/E-Commerce Order Pipeline/airflow_venv_39/lib/python3.9/site-packages/airflow/example_dags/example_short_circuit_operator.py took 0.137 seconds
[2025-05-27T19:52:02.136+0530] {processor.py:161} INFO - Started process (PID=29088) to work on /Users/zafarimam/Documents/E-Commerce Order Pipeline/airflow_venv_39/lib/python3.9/site-packages/airflow/example_dags/example_short_circuit_operator.py
[2025-05-27T19:52:02.138+0530] {processor.py:830} INFO - Processing file /Users/zafarimam/Documents/E-Commerce Order Pipeline/airflow_venv_39/lib/python3.9/site-packages/airflow/example_dags/example_short_circuit_operator.py for tasks to queue
[2025-05-27T19:52:02.139+0530] {logging_mixin.py:188} INFO - [2025-05-27T19:52:02.138+0530] {dagbag.py:538} INFO - Filling up the DagBag from /Users/zafarimam/Documents/E-Commerce Order Pipeline/airflow_venv_39/lib/python3.9/site-packages/airflow/example_dags/example_short_circuit_operator.py
[2025-05-27T19:52:02.168+0530] {processor.py:840} INFO - DAG(s) 'example_short_circuit_operator' retrieved from /Users/zafarimam/Documents/E-Commerce Order Pipeline/airflow_venv_39/lib/python3.9/site-packages/airflow/example_dags/example_short_circuit_operator.py
[2025-05-27T19:52:02.258+0530] {logging_mixin.py:188} INFO - [2025-05-27T19:52:02.257+0530] {dag.py:3036} INFO - Sync 1 DAGs
[2025-05-27T19:52:02.272+0530] {logging_mixin.py:188} INFO - [2025-05-27T19:52:02.272+0530] {dag.py:3823} INFO - Setting next_dagrun for example_short_circuit_operator to 2025-05-26 00:00:00+00:00, run_after=2025-05-27 00:00:00+00:00
[2025-05-27T19:52:02.287+0530] {processor.py:183} INFO - Processing /Users/zafarimam/Documents/E-Commerce Order Pipeline/airflow_venv_39/lib/python3.9/site-packages/airflow/example_dags/example_short_circuit_operator.py took 0.152 seconds
