[2025-05-27T17:38:46.058+0530] {processor.py:161} INFO - Started process (PID=22833) to work on /Users/zafarimam/Documents/E-Commerce Order Pipeline/airflow_venv_39/lib/python3.9/site-packages/airflow/example_dags/example_params_trigger_ui.py
[2025-05-27T17:38:46.059+0530] {processor.py:830} INFO - Processing file /Users/zafarimam/Documents/E-Commerce Order Pipeline/airflow_venv_39/lib/python3.9/site-packages/airflow/example_dags/example_params_trigger_ui.py for tasks to queue
[2025-05-27T17:38:46.060+0530] {logging_mixin.py:188} INFO - [2025-05-27T17:38:46.059+0530] {dagbag.py:538} INFO - Filling up the DagBag from /Users/zafarimam/Documents/E-Commerce Order Pipeline/airflow_venv_39/lib/python3.9/site-packages/airflow/example_dags/example_params_trigger_ui.py
[2025-05-27T17:38:46.101+0530] {processor.py:840} INFO - DAG(s) 'example_params_trigger_ui' retrieved from /Users/zafarimam/Documents/E-Commerce Order Pipeline/airflow_venv_39/lib/python3.9/site-packages/airflow/example_dags/example_params_trigger_ui.py
[2025-05-27T17:38:46.277+0530] {logging_mixin.py:188} INFO - [2025-05-27T17:38:46.276+0530] {dag.py:3036} INFO - Sync 1 DAGs
[2025-05-27T17:38:46.286+0530] {logging_mixin.py:188} INFO - [2025-05-27T17:38:46.286+0530] {dag.py:3823} INFO - Setting next_dagrun for example_params_trigger_ui to None, run_after=None
[2025-05-27T17:38:46.302+0530] {processor.py:183} INFO - Processing /Users/zafarimam/Documents/E-Commerce Order Pipeline/airflow_venv_39/lib/python3.9/site-packages/airflow/example_dags/example_params_trigger_ui.py took 0.245 seconds
[2025-05-27T17:40:53.535+0530] {processor.py:161} INFO - Started process (PID=22921) to work on /Users/zafarimam/Documents/E-Commerce Order Pipeline/airflow_venv_39/lib/python3.9/site-packages/airflow/example_dags/example_params_trigger_ui.py
[2025-05-27T17:40:53.537+0530] {processor.py:830} INFO - Processing file /Users/zafarimam/Documents/E-Commerce Order Pipeline/airflow_venv_39/lib/python3.9/site-packages/airflow/example_dags/example_params_trigger_ui.py for tasks to queue
[2025-05-27T17:40:53.538+0530] {logging_mixin.py:188} INFO - [2025-05-27T17:40:53.537+0530] {dagbag.py:538} INFO - Filling up the DagBag from /Users/zafarimam/Documents/E-Commerce Order Pipeline/airflow_venv_39/lib/python3.9/site-packages/airflow/example_dags/example_params_trigger_ui.py
[2025-05-27T17:40:53.579+0530] {processor.py:840} INFO - DAG(s) 'example_params_trigger_ui' retrieved from /Users/zafarimam/Documents/E-Commerce Order Pipeline/airflow_venv_39/lib/python3.9/site-packages/airflow/example_dags/example_params_trigger_ui.py
[2025-05-27T17:40:53.692+0530] {logging_mixin.py:188} INFO - [2025-05-27T17:40:53.692+0530] {dag.py:3036} INFO - Sync 1 DAGs
[2025-05-27T17:40:53.700+0530] {logging_mixin.py:188} INFO - [2025-05-27T17:40:53.700+0530] {dag.py:3823} INFO - Setting next_dagrun for example_params_trigger_ui to None, run_after=None
[2025-05-27T17:40:53.714+0530] {processor.py:183} INFO - Processing /Users/zafarimam/Documents/E-Commerce Order Pipeline/airflow_venv_39/lib/python3.9/site-packages/airflow/example_dags/example_params_trigger_ui.py took 0.181 seconds
[2025-05-27T17:42:49.284+0530] {processor.py:161} INFO - Started process (PID=22986) to work on /Users/zafarimam/Documents/E-Commerce Order Pipeline/airflow_venv_39/lib/python3.9/site-packages/airflow/example_dags/example_params_trigger_ui.py
[2025-05-27T17:42:49.286+0530] {processor.py:830} INFO - Processing file /Users/zafarimam/Documents/E-Commerce Order Pipeline/airflow_venv_39/lib/python3.9/site-packages/airflow/example_dags/example_params_trigger_ui.py for tasks to queue
[2025-05-27T17:42:49.287+0530] {logging_mixin.py:188} INFO - [2025-05-27T17:42:49.286+0530] {dagbag.py:538} INFO - Filling up the DagBag from /Users/zafarimam/Documents/E-Commerce Order Pipeline/airflow_venv_39/lib/python3.9/site-packages/airflow/example_dags/example_params_trigger_ui.py
[2025-05-27T17:42:49.336+0530] {processor.py:840} INFO - DAG(s) 'example_params_trigger_ui' retrieved from /Users/zafarimam/Documents/E-Commerce Order Pipeline/airflow_venv_39/lib/python3.9/site-packages/airflow/example_dags/example_params_trigger_ui.py
[2025-05-27T17:42:49.479+0530] {logging_mixin.py:188} INFO - [2025-05-27T17:42:49.479+0530] {dag.py:3036} INFO - Sync 1 DAGs
[2025-05-27T17:42:49.488+0530] {logging_mixin.py:188} INFO - [2025-05-27T17:42:49.488+0530] {dag.py:3823} INFO - Setting next_dagrun for example_params_trigger_ui to None, run_after=None
[2025-05-27T17:42:49.508+0530] {processor.py:183} INFO - Processing /Users/zafarimam/Documents/E-Commerce Order Pipeline/airflow_venv_39/lib/python3.9/site-packages/airflow/example_dags/example_params_trigger_ui.py took 0.225 seconds
[2025-05-27T17:44:35.501+0530] {processor.py:161} INFO - Started process (PID=23044) to work on /Users/zafarimam/Documents/E-Commerce Order Pipeline/airflow_venv_39/lib/python3.9/site-packages/airflow/example_dags/example_params_trigger_ui.py
[2025-05-27T17:44:35.502+0530] {processor.py:830} INFO - Processing file /Users/zafarimam/Documents/E-Commerce Order Pipeline/airflow_venv_39/lib/python3.9/site-packages/airflow/example_dags/example_params_trigger_ui.py for tasks to queue
[2025-05-27T17:44:35.503+0530] {logging_mixin.py:188} INFO - [2025-05-27T17:44:35.503+0530] {dagbag.py:538} INFO - Filling up the DagBag from /Users/zafarimam/Documents/E-Commerce Order Pipeline/airflow_venv_39/lib/python3.9/site-packages/airflow/example_dags/example_params_trigger_ui.py
[2025-05-27T17:44:35.546+0530] {processor.py:840} INFO - DAG(s) 'example_params_trigger_ui' retrieved from /Users/zafarimam/Documents/E-Commerce Order Pipeline/airflow_venv_39/lib/python3.9/site-packages/airflow/example_dags/example_params_trigger_ui.py
[2025-05-27T17:44:35.649+0530] {logging_mixin.py:188} INFO - [2025-05-27T17:44:35.648+0530] {dag.py:3036} INFO - Sync 1 DAGs
[2025-05-27T17:44:35.656+0530] {logging_mixin.py:188} INFO - [2025-05-27T17:44:35.656+0530] {dag.py:3823} INFO - Setting next_dagrun for example_params_trigger_ui to None, run_after=None
[2025-05-27T17:44:35.674+0530] {processor.py:183} INFO - Processing /Users/zafarimam/Documents/E-Commerce Order Pipeline/airflow_venv_39/lib/python3.9/site-packages/airflow/example_dags/example_params_trigger_ui.py took 0.173 seconds
[2025-05-27T17:51:36.442+0530] {processor.py:161} INFO - Started process (PID=23354) to work on /Users/zafarimam/Documents/E-Commerce Order Pipeline/airflow_venv_39/lib/python3.9/site-packages/airflow/example_dags/example_params_trigger_ui.py
[2025-05-27T17:51:36.443+0530] {processor.py:830} INFO - Processing file /Users/zafarimam/Documents/E-Commerce Order Pipeline/airflow_venv_39/lib/python3.9/site-packages/airflow/example_dags/example_params_trigger_ui.py for tasks to queue
[2025-05-27T17:51:36.444+0530] {logging_mixin.py:188} INFO - [2025-05-27T17:51:36.444+0530] {dagbag.py:538} INFO - Filling up the DagBag from /Users/zafarimam/Documents/E-Commerce Order Pipeline/airflow_venv_39/lib/python3.9/site-packages/airflow/example_dags/example_params_trigger_ui.py
[2025-05-27T17:51:36.485+0530] {processor.py:840} INFO - DAG(s) 'example_params_trigger_ui' retrieved from /Users/zafarimam/Documents/E-Commerce Order Pipeline/airflow_venv_39/lib/python3.9/site-packages/airflow/example_dags/example_params_trigger_ui.py
[2025-05-27T17:51:36.586+0530] {logging_mixin.py:188} INFO - [2025-05-27T17:51:36.586+0530] {dag.py:3036} INFO - Sync 1 DAGs
[2025-05-27T17:51:36.593+0530] {logging_mixin.py:188} INFO - [2025-05-27T17:51:36.592+0530] {dag.py:3823} INFO - Setting next_dagrun for example_params_trigger_ui to None, run_after=None
[2025-05-27T17:51:36.607+0530] {processor.py:183} INFO - Processing /Users/zafarimam/Documents/E-Commerce Order Pipeline/airflow_venv_39/lib/python3.9/site-packages/airflow/example_dags/example_params_trigger_ui.py took 0.166 seconds
[2025-05-27T17:53:33.460+0530] {processor.py:161} INFO - Started process (PID=23778) to work on /Users/zafarimam/Documents/E-Commerce Order Pipeline/airflow_venv_39/lib/python3.9/site-packages/airflow/example_dags/example_params_trigger_ui.py
[2025-05-27T17:53:33.461+0530] {processor.py:830} INFO - Processing file /Users/zafarimam/Documents/E-Commerce Order Pipeline/airflow_venv_39/lib/python3.9/site-packages/airflow/example_dags/example_params_trigger_ui.py for tasks to queue
[2025-05-27T17:53:33.462+0530] {logging_mixin.py:188} INFO - [2025-05-27T17:53:33.462+0530] {dagbag.py:538} INFO - Filling up the DagBag from /Users/zafarimam/Documents/E-Commerce Order Pipeline/airflow_venv_39/lib/python3.9/site-packages/airflow/example_dags/example_params_trigger_ui.py
[2025-05-27T17:53:33.512+0530] {processor.py:840} INFO - DAG(s) 'example_params_trigger_ui' retrieved from /Users/zafarimam/Documents/E-Commerce Order Pipeline/airflow_venv_39/lib/python3.9/site-packages/airflow/example_dags/example_params_trigger_ui.py
[2025-05-27T17:53:33.661+0530] {logging_mixin.py:188} INFO - [2025-05-27T17:53:33.661+0530] {dag.py:3036} INFO - Sync 1 DAGs
[2025-05-27T17:53:33.669+0530] {logging_mixin.py:188} INFO - [2025-05-27T17:53:33.669+0530] {dag.py:3823} INFO - Setting next_dagrun for example_params_trigger_ui to None, run_after=None
[2025-05-27T17:53:33.684+0530] {processor.py:183} INFO - Processing /Users/zafarimam/Documents/E-Commerce Order Pipeline/airflow_venv_39/lib/python3.9/site-packages/airflow/example_dags/example_params_trigger_ui.py took 0.226 seconds
[2025-05-27T17:56:06.456+0530] {processor.py:161} INFO - Started process (PID=24070) to work on /Users/zafarimam/Documents/E-Commerce Order Pipeline/airflow_venv_39/lib/python3.9/site-packages/airflow/example_dags/example_params_trigger_ui.py
[2025-05-27T17:56:06.458+0530] {processor.py:830} INFO - Processing file /Users/zafarimam/Documents/E-Commerce Order Pipeline/airflow_venv_39/lib/python3.9/site-packages/airflow/example_dags/example_params_trigger_ui.py for tasks to queue
[2025-05-27T17:56:06.459+0530] {logging_mixin.py:188} INFO - [2025-05-27T17:56:06.458+0530] {dagbag.py:538} INFO - Filling up the DagBag from /Users/zafarimam/Documents/E-Commerce Order Pipeline/airflow_venv_39/lib/python3.9/site-packages/airflow/example_dags/example_params_trigger_ui.py
[2025-05-27T17:56:06.502+0530] {processor.py:840} INFO - DAG(s) 'example_params_trigger_ui' retrieved from /Users/zafarimam/Documents/E-Commerce Order Pipeline/airflow_venv_39/lib/python3.9/site-packages/airflow/example_dags/example_params_trigger_ui.py
[2025-05-27T17:56:06.692+0530] {logging_mixin.py:188} INFO - [2025-05-27T17:56:06.692+0530] {dag.py:3036} INFO - Sync 1 DAGs
[2025-05-27T17:56:06.702+0530] {logging_mixin.py:188} INFO - [2025-05-27T17:56:06.702+0530] {dag.py:3823} INFO - Setting next_dagrun for example_params_trigger_ui to None, run_after=None
[2025-05-27T17:56:06.721+0530] {processor.py:183} INFO - Processing /Users/zafarimam/Documents/E-Commerce Order Pipeline/airflow_venv_39/lib/python3.9/site-packages/airflow/example_dags/example_params_trigger_ui.py took 0.266 seconds
[2025-05-27T17:58:14.998+0530] {processor.py:161} INFO - Started process (PID=24844) to work on /Users/zafarimam/Documents/E-Commerce Order Pipeline/airflow_venv_39/lib/python3.9/site-packages/airflow/example_dags/example_params_trigger_ui.py
[2025-05-27T17:58:15.000+0530] {processor.py:830} INFO - Processing file /Users/zafarimam/Documents/E-Commerce Order Pipeline/airflow_venv_39/lib/python3.9/site-packages/airflow/example_dags/example_params_trigger_ui.py for tasks to queue
[2025-05-27T17:58:15.001+0530] {logging_mixin.py:188} INFO - [2025-05-27T17:58:15.001+0530] {dagbag.py:538} INFO - Filling up the DagBag from /Users/zafarimam/Documents/E-Commerce Order Pipeline/airflow_venv_39/lib/python3.9/site-packages/airflow/example_dags/example_params_trigger_ui.py
[2025-05-27T17:58:15.040+0530] {processor.py:840} INFO - DAG(s) 'example_params_trigger_ui' retrieved from /Users/zafarimam/Documents/E-Commerce Order Pipeline/airflow_venv_39/lib/python3.9/site-packages/airflow/example_dags/example_params_trigger_ui.py
[2025-05-27T17:58:15.141+0530] {logging_mixin.py:188} INFO - [2025-05-27T17:58:15.140+0530] {dag.py:3036} INFO - Sync 1 DAGs
[2025-05-27T17:58:15.148+0530] {logging_mixin.py:188} INFO - [2025-05-27T17:58:15.148+0530] {dag.py:3823} INFO - Setting next_dagrun for example_params_trigger_ui to None, run_after=None
[2025-05-27T17:58:15.160+0530] {processor.py:183} INFO - Processing /Users/zafarimam/Documents/E-Commerce Order Pipeline/airflow_venv_39/lib/python3.9/site-packages/airflow/example_dags/example_params_trigger_ui.py took 0.163 seconds
[2025-05-27T18:06:36.002+0530] {processor.py:161} INFO - Started process (PID=25115) to work on /Users/zafarimam/Documents/E-Commerce Order Pipeline/airflow_venv_39/lib/python3.9/site-packages/airflow/example_dags/example_params_trigger_ui.py
[2025-05-27T18:06:36.004+0530] {processor.py:830} INFO - Processing file /Users/zafarimam/Documents/E-Commerce Order Pipeline/airflow_venv_39/lib/python3.9/site-packages/airflow/example_dags/example_params_trigger_ui.py for tasks to queue
[2025-05-27T18:06:36.004+0530] {logging_mixin.py:188} INFO - [2025-05-27T18:06:36.004+0530] {dagbag.py:538} INFO - Filling up the DagBag from /Users/zafarimam/Documents/E-Commerce Order Pipeline/airflow_venv_39/lib/python3.9/site-packages/airflow/example_dags/example_params_trigger_ui.py
[2025-05-27T18:06:36.044+0530] {processor.py:840} INFO - DAG(s) 'example_params_trigger_ui' retrieved from /Users/zafarimam/Documents/E-Commerce Order Pipeline/airflow_venv_39/lib/python3.9/site-packages/airflow/example_dags/example_params_trigger_ui.py
[2025-05-27T18:06:36.159+0530] {logging_mixin.py:188} INFO - [2025-05-27T18:06:36.159+0530] {dag.py:3036} INFO - Sync 1 DAGs
[2025-05-27T18:06:36.167+0530] {logging_mixin.py:188} INFO - [2025-05-27T18:06:36.167+0530] {dag.py:3823} INFO - Setting next_dagrun for example_params_trigger_ui to None, run_after=None
[2025-05-27T18:06:36.183+0530] {processor.py:183} INFO - Processing /Users/zafarimam/Documents/E-Commerce Order Pipeline/airflow_venv_39/lib/python3.9/site-packages/airflow/example_dags/example_params_trigger_ui.py took 0.182 seconds
[2025-05-27T18:08:43.339+0530] {processor.py:161} INFO - Started process (PID=25181) to work on /Users/zafarimam/Documents/E-Commerce Order Pipeline/airflow_venv_39/lib/python3.9/site-packages/airflow/example_dags/example_params_trigger_ui.py
[2025-05-27T18:08:43.340+0530] {processor.py:830} INFO - Processing file /Users/zafarimam/Documents/E-Commerce Order Pipeline/airflow_venv_39/lib/python3.9/site-packages/airflow/example_dags/example_params_trigger_ui.py for tasks to queue
[2025-05-27T18:08:43.341+0530] {logging_mixin.py:188} INFO - [2025-05-27T18:08:43.341+0530] {dagbag.py:538} INFO - Filling up the DagBag from /Users/zafarimam/Documents/E-Commerce Order Pipeline/airflow_venv_39/lib/python3.9/site-packages/airflow/example_dags/example_params_trigger_ui.py
[2025-05-27T18:08:43.381+0530] {processor.py:840} INFO - DAG(s) 'example_params_trigger_ui' retrieved from /Users/zafarimam/Documents/E-Commerce Order Pipeline/airflow_venv_39/lib/python3.9/site-packages/airflow/example_dags/example_params_trigger_ui.py
[2025-05-27T18:08:43.493+0530] {logging_mixin.py:188} INFO - [2025-05-27T18:08:43.492+0530] {dag.py:3036} INFO - Sync 1 DAGs
[2025-05-27T18:08:43.500+0530] {logging_mixin.py:188} INFO - [2025-05-27T18:08:43.500+0530] {dag.py:3823} INFO - Setting next_dagrun for example_params_trigger_ui to None, run_after=None
[2025-05-27T18:08:43.515+0530] {processor.py:183} INFO - Processing /Users/zafarimam/Documents/E-Commerce Order Pipeline/airflow_venv_39/lib/python3.9/site-packages/airflow/example_dags/example_params_trigger_ui.py took 0.177 seconds
[2025-05-27T18:10:32.892+0530] {processor.py:161} INFO - Started process (PID=25235) to work on /Users/zafarimam/Documents/E-Commerce Order Pipeline/airflow_venv_39/lib/python3.9/site-packages/airflow/example_dags/example_params_trigger_ui.py
[2025-05-27T18:10:32.893+0530] {processor.py:830} INFO - Processing file /Users/zafarimam/Documents/E-Commerce Order Pipeline/airflow_venv_39/lib/python3.9/site-packages/airflow/example_dags/example_params_trigger_ui.py for tasks to queue
[2025-05-27T18:10:32.894+0530] {logging_mixin.py:188} INFO - [2025-05-27T18:10:32.893+0530] {dagbag.py:538} INFO - Filling up the DagBag from /Users/zafarimam/Documents/E-Commerce Order Pipeline/airflow_venv_39/lib/python3.9/site-packages/airflow/example_dags/example_params_trigger_ui.py
[2025-05-27T18:10:32.935+0530] {processor.py:840} INFO - DAG(s) 'example_params_trigger_ui' retrieved from /Users/zafarimam/Documents/E-Commerce Order Pipeline/airflow_venv_39/lib/python3.9/site-packages/airflow/example_dags/example_params_trigger_ui.py
[2025-05-27T18:10:33.036+0530] {logging_mixin.py:188} INFO - [2025-05-27T18:10:33.035+0530] {dag.py:3036} INFO - Sync 1 DAGs
[2025-05-27T18:10:33.042+0530] {logging_mixin.py:188} INFO - [2025-05-27T18:10:33.042+0530] {dag.py:3823} INFO - Setting next_dagrun for example_params_trigger_ui to None, run_after=None
[2025-05-27T18:10:33.057+0530] {processor.py:183} INFO - Processing /Users/zafarimam/Documents/E-Commerce Order Pipeline/airflow_venv_39/lib/python3.9/site-packages/airflow/example_dags/example_params_trigger_ui.py took 0.166 seconds
[2025-05-27T18:12:21.168+0530] {processor.py:161} INFO - Started process (PID=25295) to work on /Users/zafarimam/Documents/E-Commerce Order Pipeline/airflow_venv_39/lib/python3.9/site-packages/airflow/example_dags/example_params_trigger_ui.py
[2025-05-27T18:12:21.169+0530] {processor.py:830} INFO - Processing file /Users/zafarimam/Documents/E-Commerce Order Pipeline/airflow_venv_39/lib/python3.9/site-packages/airflow/example_dags/example_params_trigger_ui.py for tasks to queue
[2025-05-27T18:12:21.170+0530] {logging_mixin.py:188} INFO - [2025-05-27T18:12:21.169+0530] {dagbag.py:538} INFO - Filling up the DagBag from /Users/zafarimam/Documents/E-Commerce Order Pipeline/airflow_venv_39/lib/python3.9/site-packages/airflow/example_dags/example_params_trigger_ui.py
[2025-05-27T18:12:21.211+0530] {processor.py:840} INFO - DAG(s) 'example_params_trigger_ui' retrieved from /Users/zafarimam/Documents/E-Commerce Order Pipeline/airflow_venv_39/lib/python3.9/site-packages/airflow/example_dags/example_params_trigger_ui.py
[2025-05-27T18:12:21.312+0530] {logging_mixin.py:188} INFO - [2025-05-27T18:12:21.312+0530] {dag.py:3036} INFO - Sync 1 DAGs
[2025-05-27T18:12:21.319+0530] {logging_mixin.py:188} INFO - [2025-05-27T18:12:21.319+0530] {dag.py:3823} INFO - Setting next_dagrun for example_params_trigger_ui to None, run_after=None
[2025-05-27T18:12:21.333+0530] {processor.py:183} INFO - Processing /Users/zafarimam/Documents/E-Commerce Order Pipeline/airflow_venv_39/lib/python3.9/site-packages/airflow/example_dags/example_params_trigger_ui.py took 0.167 seconds
[2025-05-27T18:14:23.901+0530] {processor.py:161} INFO - Started process (PID=25372) to work on /Users/zafarimam/Documents/E-Commerce Order Pipeline/airflow_venv_39/lib/python3.9/site-packages/airflow/example_dags/example_params_trigger_ui.py
[2025-05-27T18:14:23.902+0530] {processor.py:830} INFO - Processing file /Users/zafarimam/Documents/E-Commerce Order Pipeline/airflow_venv_39/lib/python3.9/site-packages/airflow/example_dags/example_params_trigger_ui.py for tasks to queue
[2025-05-27T18:14:23.903+0530] {logging_mixin.py:188} INFO - [2025-05-27T18:14:23.903+0530] {dagbag.py:538} INFO - Filling up the DagBag from /Users/zafarimam/Documents/E-Commerce Order Pipeline/airflow_venv_39/lib/python3.9/site-packages/airflow/example_dags/example_params_trigger_ui.py
[2025-05-27T18:14:23.942+0530] {processor.py:840} INFO - DAG(s) 'example_params_trigger_ui' retrieved from /Users/zafarimam/Documents/E-Commerce Order Pipeline/airflow_venv_39/lib/python3.9/site-packages/airflow/example_dags/example_params_trigger_ui.py
[2025-05-27T18:14:24.042+0530] {logging_mixin.py:188} INFO - [2025-05-27T18:14:24.041+0530] {dag.py:3036} INFO - Sync 1 DAGs
[2025-05-27T18:14:24.048+0530] {logging_mixin.py:188} INFO - [2025-05-27T18:14:24.048+0530] {dag.py:3823} INFO - Setting next_dagrun for example_params_trigger_ui to None, run_after=None
[2025-05-27T18:14:24.061+0530] {processor.py:183} INFO - Processing /Users/zafarimam/Documents/E-Commerce Order Pipeline/airflow_venv_39/lib/python3.9/site-packages/airflow/example_dags/example_params_trigger_ui.py took 0.161 seconds
[2025-05-27T18:16:08.402+0530] {processor.py:161} INFO - Started process (PID=25430) to work on /Users/zafarimam/Documents/E-Commerce Order Pipeline/airflow_venv_39/lib/python3.9/site-packages/airflow/example_dags/example_params_trigger_ui.py
[2025-05-27T18:16:08.402+0530] {processor.py:830} INFO - Processing file /Users/zafarimam/Documents/E-Commerce Order Pipeline/airflow_venv_39/lib/python3.9/site-packages/airflow/example_dags/example_params_trigger_ui.py for tasks to queue
[2025-05-27T18:16:08.403+0530] {logging_mixin.py:188} INFO - [2025-05-27T18:16:08.403+0530] {dagbag.py:538} INFO - Filling up the DagBag from /Users/zafarimam/Documents/E-Commerce Order Pipeline/airflow_venv_39/lib/python3.9/site-packages/airflow/example_dags/example_params_trigger_ui.py
[2025-05-27T18:16:08.439+0530] {processor.py:840} INFO - DAG(s) 'example_params_trigger_ui' retrieved from /Users/zafarimam/Documents/E-Commerce Order Pipeline/airflow_venv_39/lib/python3.9/site-packages/airflow/example_dags/example_params_trigger_ui.py
[2025-05-27T18:16:08.538+0530] {logging_mixin.py:188} INFO - [2025-05-27T18:16:08.538+0530] {dag.py:3036} INFO - Sync 1 DAGs
[2025-05-27T18:16:08.545+0530] {logging_mixin.py:188} INFO - [2025-05-27T18:16:08.545+0530] {dag.py:3823} INFO - Setting next_dagrun for example_params_trigger_ui to None, run_after=None
[2025-05-27T18:16:08.558+0530] {processor.py:183} INFO - Processing /Users/zafarimam/Documents/E-Commerce Order Pipeline/airflow_venv_39/lib/python3.9/site-packages/airflow/example_dags/example_params_trigger_ui.py took 0.157 seconds
[2025-05-27T18:17:51.308+0530] {processor.py:161} INFO - Started process (PID=25485) to work on /Users/zafarimam/Documents/E-Commerce Order Pipeline/airflow_venv_39/lib/python3.9/site-packages/airflow/example_dags/example_params_trigger_ui.py
[2025-05-27T18:17:51.309+0530] {processor.py:830} INFO - Processing file /Users/zafarimam/Documents/E-Commerce Order Pipeline/airflow_venv_39/lib/python3.9/site-packages/airflow/example_dags/example_params_trigger_ui.py for tasks to queue
[2025-05-27T18:17:51.310+0530] {logging_mixin.py:188} INFO - [2025-05-27T18:17:51.310+0530] {dagbag.py:538} INFO - Filling up the DagBag from /Users/zafarimam/Documents/E-Commerce Order Pipeline/airflow_venv_39/lib/python3.9/site-packages/airflow/example_dags/example_params_trigger_ui.py
[2025-05-27T18:17:51.351+0530] {processor.py:840} INFO - DAG(s) 'example_params_trigger_ui' retrieved from /Users/zafarimam/Documents/E-Commerce Order Pipeline/airflow_venv_39/lib/python3.9/site-packages/airflow/example_dags/example_params_trigger_ui.py
[2025-05-27T18:17:51.450+0530] {logging_mixin.py:188} INFO - [2025-05-27T18:17:51.450+0530] {dag.py:3036} INFO - Sync 1 DAGs
[2025-05-27T18:17:51.457+0530] {logging_mixin.py:188} INFO - [2025-05-27T18:17:51.457+0530] {dag.py:3823} INFO - Setting next_dagrun for example_params_trigger_ui to None, run_after=None
[2025-05-27T18:17:51.470+0530] {processor.py:183} INFO - Processing /Users/zafarimam/Documents/E-Commerce Order Pipeline/airflow_venv_39/lib/python3.9/site-packages/airflow/example_dags/example_params_trigger_ui.py took 0.163 seconds
[2025-05-27T18:22:31.750+0530] {processor.py:161} INFO - Started process (PID=25692) to work on /Users/zafarimam/Documents/E-Commerce Order Pipeline/airflow_venv_39/lib/python3.9/site-packages/airflow/example_dags/example_params_trigger_ui.py
[2025-05-27T18:22:31.751+0530] {processor.py:830} INFO - Processing file /Users/zafarimam/Documents/E-Commerce Order Pipeline/airflow_venv_39/lib/python3.9/site-packages/airflow/example_dags/example_params_trigger_ui.py for tasks to queue
[2025-05-27T18:22:31.752+0530] {logging_mixin.py:188} INFO - [2025-05-27T18:22:31.752+0530] {dagbag.py:538} INFO - Filling up the DagBag from /Users/zafarimam/Documents/E-Commerce Order Pipeline/airflow_venv_39/lib/python3.9/site-packages/airflow/example_dags/example_params_trigger_ui.py
[2025-05-27T18:22:31.793+0530] {processor.py:840} INFO - DAG(s) 'example_params_trigger_ui' retrieved from /Users/zafarimam/Documents/E-Commerce Order Pipeline/airflow_venv_39/lib/python3.9/site-packages/airflow/example_dags/example_params_trigger_ui.py
[2025-05-27T18:22:31.916+0530] {logging_mixin.py:188} INFO - [2025-05-27T18:22:31.916+0530] {dag.py:3036} INFO - Sync 1 DAGs
[2025-05-27T18:22:31.924+0530] {logging_mixin.py:188} INFO - [2025-05-27T18:22:31.924+0530] {dag.py:3823} INFO - Setting next_dagrun for example_params_trigger_ui to None, run_after=None
[2025-05-27T18:22:31.940+0530] {processor.py:183} INFO - Processing /Users/zafarimam/Documents/E-Commerce Order Pipeline/airflow_venv_39/lib/python3.9/site-packages/airflow/example_dags/example_params_trigger_ui.py took 0.191 seconds
[2025-05-27T18:27:48.132+0530] {processor.py:161} INFO - Started process (PID=25868) to work on /Users/zafarimam/Documents/E-Commerce Order Pipeline/airflow_venv_39/lib/python3.9/site-packages/airflow/example_dags/example_params_trigger_ui.py
[2025-05-27T18:27:48.134+0530] {processor.py:830} INFO - Processing file /Users/zafarimam/Documents/E-Commerce Order Pipeline/airflow_venv_39/lib/python3.9/site-packages/airflow/example_dags/example_params_trigger_ui.py for tasks to queue
[2025-05-27T18:27:48.135+0530] {logging_mixin.py:188} INFO - [2025-05-27T18:27:48.135+0530] {dagbag.py:538} INFO - Filling up the DagBag from /Users/zafarimam/Documents/E-Commerce Order Pipeline/airflow_venv_39/lib/python3.9/site-packages/airflow/example_dags/example_params_trigger_ui.py
[2025-05-27T18:27:48.179+0530] {processor.py:840} INFO - DAG(s) 'example_params_trigger_ui' retrieved from /Users/zafarimam/Documents/E-Commerce Order Pipeline/airflow_venv_39/lib/python3.9/site-packages/airflow/example_dags/example_params_trigger_ui.py
[2025-05-27T18:27:48.296+0530] {logging_mixin.py:188} INFO - [2025-05-27T18:27:48.296+0530] {dag.py:3036} INFO - Sync 1 DAGs
[2025-05-27T18:27:48.304+0530] {logging_mixin.py:188} INFO - [2025-05-27T18:27:48.304+0530] {dag.py:3823} INFO - Setting next_dagrun for example_params_trigger_ui to None, run_after=None
[2025-05-27T18:27:48.320+0530] {processor.py:183} INFO - Processing /Users/zafarimam/Documents/E-Commerce Order Pipeline/airflow_venv_39/lib/python3.9/site-packages/airflow/example_dags/example_params_trigger_ui.py took 0.189 seconds
[2025-05-27T18:29:46.228+0530] {processor.py:161} INFO - Started process (PID=25937) to work on /Users/zafarimam/Documents/E-Commerce Order Pipeline/airflow_venv_39/lib/python3.9/site-packages/airflow/example_dags/example_params_trigger_ui.py
[2025-05-27T18:29:46.229+0530] {processor.py:830} INFO - Processing file /Users/zafarimam/Documents/E-Commerce Order Pipeline/airflow_venv_39/lib/python3.9/site-packages/airflow/example_dags/example_params_trigger_ui.py for tasks to queue
[2025-05-27T18:29:46.229+0530] {logging_mixin.py:188} INFO - [2025-05-27T18:29:46.229+0530] {dagbag.py:538} INFO - Filling up the DagBag from /Users/zafarimam/Documents/E-Commerce Order Pipeline/airflow_venv_39/lib/python3.9/site-packages/airflow/example_dags/example_params_trigger_ui.py
[2025-05-27T18:29:46.269+0530] {processor.py:840} INFO - DAG(s) 'example_params_trigger_ui' retrieved from /Users/zafarimam/Documents/E-Commerce Order Pipeline/airflow_venv_39/lib/python3.9/site-packages/airflow/example_dags/example_params_trigger_ui.py
[2025-05-27T18:29:46.369+0530] {logging_mixin.py:188} INFO - [2025-05-27T18:29:46.368+0530] {dag.py:3036} INFO - Sync 1 DAGs
[2025-05-27T18:29:46.375+0530] {logging_mixin.py:188} INFO - [2025-05-27T18:29:46.375+0530] {dag.py:3823} INFO - Setting next_dagrun for example_params_trigger_ui to None, run_after=None
[2025-05-27T18:29:46.389+0530] {processor.py:183} INFO - Processing /Users/zafarimam/Documents/E-Commerce Order Pipeline/airflow_venv_39/lib/python3.9/site-packages/airflow/example_dags/example_params_trigger_ui.py took 0.163 seconds
[2025-05-27T18:31:34.893+0530] {processor.py:161} INFO - Started process (PID=25996) to work on /Users/zafarimam/Documents/E-Commerce Order Pipeline/airflow_venv_39/lib/python3.9/site-packages/airflow/example_dags/example_params_trigger_ui.py
[2025-05-27T18:31:34.894+0530] {processor.py:830} INFO - Processing file /Users/zafarimam/Documents/E-Commerce Order Pipeline/airflow_venv_39/lib/python3.9/site-packages/airflow/example_dags/example_params_trigger_ui.py for tasks to queue
[2025-05-27T18:31:34.895+0530] {logging_mixin.py:188} INFO - [2025-05-27T18:31:34.895+0530] {dagbag.py:538} INFO - Filling up the DagBag from /Users/zafarimam/Documents/E-Commerce Order Pipeline/airflow_venv_39/lib/python3.9/site-packages/airflow/example_dags/example_params_trigger_ui.py
[2025-05-27T18:31:34.937+0530] {processor.py:840} INFO - DAG(s) 'example_params_trigger_ui' retrieved from /Users/zafarimam/Documents/E-Commerce Order Pipeline/airflow_venv_39/lib/python3.9/site-packages/airflow/example_dags/example_params_trigger_ui.py
[2025-05-27T18:31:35.040+0530] {logging_mixin.py:188} INFO - [2025-05-27T18:31:35.040+0530] {dag.py:3036} INFO - Sync 1 DAGs
[2025-05-27T18:31:35.046+0530] {logging_mixin.py:188} INFO - [2025-05-27T18:31:35.046+0530] {dag.py:3823} INFO - Setting next_dagrun for example_params_trigger_ui to None, run_after=None
[2025-05-27T18:31:35.060+0530] {processor.py:183} INFO - Processing /Users/zafarimam/Documents/E-Commerce Order Pipeline/airflow_venv_39/lib/python3.9/site-packages/airflow/example_dags/example_params_trigger_ui.py took 0.168 seconds
[2025-05-27T18:33:25.757+0530] {processor.py:161} INFO - Started process (PID=26085) to work on /Users/zafarimam/Documents/E-Commerce Order Pipeline/airflow_venv_39/lib/python3.9/site-packages/airflow/example_dags/example_params_trigger_ui.py
[2025-05-27T18:33:25.758+0530] {processor.py:830} INFO - Processing file /Users/zafarimam/Documents/E-Commerce Order Pipeline/airflow_venv_39/lib/python3.9/site-packages/airflow/example_dags/example_params_trigger_ui.py for tasks to queue
[2025-05-27T18:33:25.759+0530] {logging_mixin.py:188} INFO - [2025-05-27T18:33:25.759+0530] {dagbag.py:538} INFO - Filling up the DagBag from /Users/zafarimam/Documents/E-Commerce Order Pipeline/airflow_venv_39/lib/python3.9/site-packages/airflow/example_dags/example_params_trigger_ui.py
[2025-05-27T18:33:25.801+0530] {processor.py:840} INFO - DAG(s) 'example_params_trigger_ui' retrieved from /Users/zafarimam/Documents/E-Commerce Order Pipeline/airflow_venv_39/lib/python3.9/site-packages/airflow/example_dags/example_params_trigger_ui.py
[2025-05-27T18:33:25.915+0530] {logging_mixin.py:188} INFO - [2025-05-27T18:33:25.914+0530] {dag.py:3036} INFO - Sync 1 DAGs
[2025-05-27T18:33:25.921+0530] {logging_mixin.py:188} INFO - [2025-05-27T18:33:25.921+0530] {dag.py:3823} INFO - Setting next_dagrun for example_params_trigger_ui to None, run_after=None
[2025-05-27T18:33:25.936+0530] {processor.py:183} INFO - Processing /Users/zafarimam/Documents/E-Commerce Order Pipeline/airflow_venv_39/lib/python3.9/site-packages/airflow/example_dags/example_params_trigger_ui.py took 0.180 seconds
[2025-05-27T18:37:17.492+0530] {processor.py:161} INFO - Started process (PID=26214) to work on /Users/zafarimam/Documents/E-Commerce Order Pipeline/airflow_venv_39/lib/python3.9/site-packages/airflow/example_dags/example_params_trigger_ui.py
[2025-05-27T18:37:17.494+0530] {processor.py:830} INFO - Processing file /Users/zafarimam/Documents/E-Commerce Order Pipeline/airflow_venv_39/lib/python3.9/site-packages/airflow/example_dags/example_params_trigger_ui.py for tasks to queue
[2025-05-27T18:37:17.495+0530] {logging_mixin.py:188} INFO - [2025-05-27T18:37:17.495+0530] {dagbag.py:538} INFO - Filling up the DagBag from /Users/zafarimam/Documents/E-Commerce Order Pipeline/airflow_venv_39/lib/python3.9/site-packages/airflow/example_dags/example_params_trigger_ui.py
[2025-05-27T18:37:17.541+0530] {processor.py:840} INFO - DAG(s) 'example_params_trigger_ui' retrieved from /Users/zafarimam/Documents/E-Commerce Order Pipeline/airflow_venv_39/lib/python3.9/site-packages/airflow/example_dags/example_params_trigger_ui.py
[2025-05-27T18:37:17.674+0530] {logging_mixin.py:188} INFO - [2025-05-27T18:37:17.673+0530] {dag.py:3036} INFO - Sync 1 DAGs
[2025-05-27T18:37:17.682+0530] {logging_mixin.py:188} INFO - [2025-05-27T18:37:17.682+0530] {dag.py:3823} INFO - Setting next_dagrun for example_params_trigger_ui to None, run_after=None
[2025-05-27T18:37:17.698+0530] {processor.py:183} INFO - Processing /Users/zafarimam/Documents/E-Commerce Order Pipeline/airflow_venv_39/lib/python3.9/site-packages/airflow/example_dags/example_params_trigger_ui.py took 0.209 seconds
[2025-05-27T18:47:11.260+0530] {processor.py:161} INFO - Started process (PID=26730) to work on /Users/zafarimam/Documents/E-Commerce Order Pipeline/airflow_venv_39/lib/python3.9/site-packages/airflow/example_dags/example_params_trigger_ui.py
[2025-05-27T18:47:11.261+0530] {processor.py:830} INFO - Processing file /Users/zafarimam/Documents/E-Commerce Order Pipeline/airflow_venv_39/lib/python3.9/site-packages/airflow/example_dags/example_params_trigger_ui.py for tasks to queue
[2025-05-27T18:47:11.262+0530] {logging_mixin.py:188} INFO - [2025-05-27T18:47:11.261+0530] {dagbag.py:538} INFO - Filling up the DagBag from /Users/zafarimam/Documents/E-Commerce Order Pipeline/airflow_venv_39/lib/python3.9/site-packages/airflow/example_dags/example_params_trigger_ui.py
[2025-05-27T18:47:11.300+0530] {processor.py:840} INFO - DAG(s) 'example_params_trigger_ui' retrieved from /Users/zafarimam/Documents/E-Commerce Order Pipeline/airflow_venv_39/lib/python3.9/site-packages/airflow/example_dags/example_params_trigger_ui.py
[2025-05-27T18:47:11.459+0530] {logging_mixin.py:188} INFO - [2025-05-27T18:47:11.459+0530] {dag.py:3036} INFO - Sync 1 DAGs
[2025-05-27T18:47:11.466+0530] {logging_mixin.py:188} INFO - [2025-05-27T18:47:11.466+0530] {dag.py:3823} INFO - Setting next_dagrun for example_params_trigger_ui to None, run_after=None
[2025-05-27T18:47:11.479+0530] {processor.py:183} INFO - Processing /Users/zafarimam/Documents/E-Commerce Order Pipeline/airflow_venv_39/lib/python3.9/site-packages/airflow/example_dags/example_params_trigger_ui.py took 0.221 seconds
[2025-05-27T18:49:07.787+0530] {processor.py:161} INFO - Started process (PID=26813) to work on /Users/zafarimam/Documents/E-Commerce Order Pipeline/airflow_venv_39/lib/python3.9/site-packages/airflow/example_dags/example_params_trigger_ui.py
[2025-05-27T18:49:07.788+0530] {processor.py:830} INFO - Processing file /Users/zafarimam/Documents/E-Commerce Order Pipeline/airflow_venv_39/lib/python3.9/site-packages/airflow/example_dags/example_params_trigger_ui.py for tasks to queue
[2025-05-27T18:49:07.789+0530] {logging_mixin.py:188} INFO - [2025-05-27T18:49:07.788+0530] {dagbag.py:538} INFO - Filling up the DagBag from /Users/zafarimam/Documents/E-Commerce Order Pipeline/airflow_venv_39/lib/python3.9/site-packages/airflow/example_dags/example_params_trigger_ui.py
[2025-05-27T18:49:07.829+0530] {processor.py:840} INFO - DAG(s) 'example_params_trigger_ui' retrieved from /Users/zafarimam/Documents/E-Commerce Order Pipeline/airflow_venv_39/lib/python3.9/site-packages/airflow/example_dags/example_params_trigger_ui.py
[2025-05-27T18:49:07.934+0530] {logging_mixin.py:188} INFO - [2025-05-27T18:49:07.933+0530] {dag.py:3036} INFO - Sync 1 DAGs
[2025-05-27T18:49:07.940+0530] {logging_mixin.py:188} INFO - [2025-05-27T18:49:07.940+0530] {dag.py:3823} INFO - Setting next_dagrun for example_params_trigger_ui to None, run_after=None
[2025-05-27T18:49:07.954+0530] {processor.py:183} INFO - Processing /Users/zafarimam/Documents/E-Commerce Order Pipeline/airflow_venv_39/lib/python3.9/site-packages/airflow/example_dags/example_params_trigger_ui.py took 0.168 seconds
[2025-05-27T18:51:02.567+0530] {processor.py:161} INFO - Started process (PID=26881) to work on /Users/zafarimam/Documents/E-Commerce Order Pipeline/airflow_venv_39/lib/python3.9/site-packages/airflow/example_dags/example_params_trigger_ui.py
[2025-05-27T18:51:02.568+0530] {processor.py:830} INFO - Processing file /Users/zafarimam/Documents/E-Commerce Order Pipeline/airflow_venv_39/lib/python3.9/site-packages/airflow/example_dags/example_params_trigger_ui.py for tasks to queue
[2025-05-27T18:51:02.568+0530] {logging_mixin.py:188} INFO - [2025-05-27T18:51:02.568+0530] {dagbag.py:538} INFO - Filling up the DagBag from /Users/zafarimam/Documents/E-Commerce Order Pipeline/airflow_venv_39/lib/python3.9/site-packages/airflow/example_dags/example_params_trigger_ui.py
[2025-05-27T18:51:02.606+0530] {processor.py:840} INFO - DAG(s) 'example_params_trigger_ui' retrieved from /Users/zafarimam/Documents/E-Commerce Order Pipeline/airflow_venv_39/lib/python3.9/site-packages/airflow/example_dags/example_params_trigger_ui.py
[2025-05-27T18:51:02.705+0530] {logging_mixin.py:188} INFO - [2025-05-27T18:51:02.704+0530] {dag.py:3036} INFO - Sync 1 DAGs
[2025-05-27T18:51:02.711+0530] {logging_mixin.py:188} INFO - [2025-05-27T18:51:02.710+0530] {dag.py:3823} INFO - Setting next_dagrun for example_params_trigger_ui to None, run_after=None
[2025-05-27T18:51:02.725+0530] {processor.py:183} INFO - Processing /Users/zafarimam/Documents/E-Commerce Order Pipeline/airflow_venv_39/lib/python3.9/site-packages/airflow/example_dags/example_params_trigger_ui.py took 0.159 seconds
[2025-05-27T18:52:58.072+0530] {processor.py:161} INFO - Started process (PID=26957) to work on /Users/zafarimam/Documents/E-Commerce Order Pipeline/airflow_venv_39/lib/python3.9/site-packages/airflow/example_dags/example_params_trigger_ui.py
[2025-05-27T18:52:58.073+0530] {processor.py:830} INFO - Processing file /Users/zafarimam/Documents/E-Commerce Order Pipeline/airflow_venv_39/lib/python3.9/site-packages/airflow/example_dags/example_params_trigger_ui.py for tasks to queue
[2025-05-27T18:52:58.074+0530] {logging_mixin.py:188} INFO - [2025-05-27T18:52:58.074+0530] {dagbag.py:538} INFO - Filling up the DagBag from /Users/zafarimam/Documents/E-Commerce Order Pipeline/airflow_venv_39/lib/python3.9/site-packages/airflow/example_dags/example_params_trigger_ui.py
[2025-05-27T18:52:58.118+0530] {processor.py:840} INFO - DAG(s) 'example_params_trigger_ui' retrieved from /Users/zafarimam/Documents/E-Commerce Order Pipeline/airflow_venv_39/lib/python3.9/site-packages/airflow/example_dags/example_params_trigger_ui.py
[2025-05-27T18:52:58.229+0530] {logging_mixin.py:188} INFO - [2025-05-27T18:52:58.229+0530] {dag.py:3036} INFO - Sync 1 DAGs
[2025-05-27T18:52:58.237+0530] {logging_mixin.py:188} INFO - [2025-05-27T18:52:58.237+0530] {dag.py:3823} INFO - Setting next_dagrun for example_params_trigger_ui to None, run_after=None
[2025-05-27T18:52:58.252+0530] {processor.py:183} INFO - Processing /Users/zafarimam/Documents/E-Commerce Order Pipeline/airflow_venv_39/lib/python3.9/site-packages/airflow/example_dags/example_params_trigger_ui.py took 0.181 seconds
[2025-05-27T18:55:01.823+0530] {processor.py:161} INFO - Started process (PID=27023) to work on /Users/zafarimam/Documents/E-Commerce Order Pipeline/airflow_venv_39/lib/python3.9/site-packages/airflow/example_dags/example_params_trigger_ui.py
[2025-05-27T18:55:01.825+0530] {processor.py:830} INFO - Processing file /Users/zafarimam/Documents/E-Commerce Order Pipeline/airflow_venv_39/lib/python3.9/site-packages/airflow/example_dags/example_params_trigger_ui.py for tasks to queue
[2025-05-27T18:55:01.826+0530] {logging_mixin.py:188} INFO - [2025-05-27T18:55:01.826+0530] {dagbag.py:538} INFO - Filling up the DagBag from /Users/zafarimam/Documents/E-Commerce Order Pipeline/airflow_venv_39/lib/python3.9/site-packages/airflow/example_dags/example_params_trigger_ui.py
[2025-05-27T18:55:01.866+0530] {processor.py:840} INFO - DAG(s) 'example_params_trigger_ui' retrieved from /Users/zafarimam/Documents/E-Commerce Order Pipeline/airflow_venv_39/lib/python3.9/site-packages/airflow/example_dags/example_params_trigger_ui.py
[2025-05-27T18:55:01.981+0530] {logging_mixin.py:188} INFO - [2025-05-27T18:55:01.981+0530] {dag.py:3036} INFO - Sync 1 DAGs
[2025-05-27T18:55:01.989+0530] {logging_mixin.py:188} INFO - [2025-05-27T18:55:01.989+0530] {dag.py:3823} INFO - Setting next_dagrun for example_params_trigger_ui to None, run_after=None
[2025-05-27T18:55:02.005+0530] {processor.py:183} INFO - Processing /Users/zafarimam/Documents/E-Commerce Order Pipeline/airflow_venv_39/lib/python3.9/site-packages/airflow/example_dags/example_params_trigger_ui.py took 0.183 seconds
[2025-05-27T18:57:07.030+0530] {processor.py:161} INFO - Started process (PID=27117) to work on /Users/zafarimam/Documents/E-Commerce Order Pipeline/airflow_venv_39/lib/python3.9/site-packages/airflow/example_dags/example_params_trigger_ui.py
[2025-05-27T18:57:07.031+0530] {processor.py:830} INFO - Processing file /Users/zafarimam/Documents/E-Commerce Order Pipeline/airflow_venv_39/lib/python3.9/site-packages/airflow/example_dags/example_params_trigger_ui.py for tasks to queue
[2025-05-27T18:57:07.032+0530] {logging_mixin.py:188} INFO - [2025-05-27T18:57:07.032+0530] {dagbag.py:538} INFO - Filling up the DagBag from /Users/zafarimam/Documents/E-Commerce Order Pipeline/airflow_venv_39/lib/python3.9/site-packages/airflow/example_dags/example_params_trigger_ui.py
[2025-05-27T18:57:07.072+0530] {processor.py:840} INFO - DAG(s) 'example_params_trigger_ui' retrieved from /Users/zafarimam/Documents/E-Commerce Order Pipeline/airflow_venv_39/lib/python3.9/site-packages/airflow/example_dags/example_params_trigger_ui.py
[2025-05-27T18:57:07.175+0530] {logging_mixin.py:188} INFO - [2025-05-27T18:57:07.175+0530] {dag.py:3036} INFO - Sync 1 DAGs
[2025-05-27T18:57:07.182+0530] {logging_mixin.py:188} INFO - [2025-05-27T18:57:07.182+0530] {dag.py:3823} INFO - Setting next_dagrun for example_params_trigger_ui to None, run_after=None
[2025-05-27T18:57:07.195+0530] {processor.py:183} INFO - Processing /Users/zafarimam/Documents/E-Commerce Order Pipeline/airflow_venv_39/lib/python3.9/site-packages/airflow/example_dags/example_params_trigger_ui.py took 0.167 seconds
[2025-05-27T18:59:05.749+0530] {processor.py:161} INFO - Started process (PID=27182) to work on /Users/zafarimam/Documents/E-Commerce Order Pipeline/airflow_venv_39/lib/python3.9/site-packages/airflow/example_dags/example_params_trigger_ui.py
[2025-05-27T18:59:05.751+0530] {processor.py:830} INFO - Processing file /Users/zafarimam/Documents/E-Commerce Order Pipeline/airflow_venv_39/lib/python3.9/site-packages/airflow/example_dags/example_params_trigger_ui.py for tasks to queue
[2025-05-27T18:59:05.752+0530] {logging_mixin.py:188} INFO - [2025-05-27T18:59:05.751+0530] {dagbag.py:538} INFO - Filling up the DagBag from /Users/zafarimam/Documents/E-Commerce Order Pipeline/airflow_venv_39/lib/python3.9/site-packages/airflow/example_dags/example_params_trigger_ui.py
[2025-05-27T18:59:05.790+0530] {processor.py:840} INFO - DAG(s) 'example_params_trigger_ui' retrieved from /Users/zafarimam/Documents/E-Commerce Order Pipeline/airflow_venv_39/lib/python3.9/site-packages/airflow/example_dags/example_params_trigger_ui.py
[2025-05-27T18:59:05.887+0530] {logging_mixin.py:188} INFO - [2025-05-27T18:59:05.887+0530] {dag.py:3036} INFO - Sync 1 DAGs
[2025-05-27T18:59:05.894+0530] {logging_mixin.py:188} INFO - [2025-05-27T18:59:05.894+0530] {dag.py:3823} INFO - Setting next_dagrun for example_params_trigger_ui to None, run_after=None
[2025-05-27T18:59:05.907+0530] {processor.py:183} INFO - Processing /Users/zafarimam/Documents/E-Commerce Order Pipeline/airflow_venv_39/lib/python3.9/site-packages/airflow/example_dags/example_params_trigger_ui.py took 0.159 seconds
[2025-05-27T19:01:22.959+0530] {processor.py:161} INFO - Started process (PID=27289) to work on /Users/zafarimam/Documents/E-Commerce Order Pipeline/airflow_venv_39/lib/python3.9/site-packages/airflow/example_dags/example_params_trigger_ui.py
[2025-05-27T19:01:22.961+0530] {processor.py:830} INFO - Processing file /Users/zafarimam/Documents/E-Commerce Order Pipeline/airflow_venv_39/lib/python3.9/site-packages/airflow/example_dags/example_params_trigger_ui.py for tasks to queue
[2025-05-27T19:01:22.961+0530] {logging_mixin.py:188} INFO - [2025-05-27T19:01:22.961+0530] {dagbag.py:538} INFO - Filling up the DagBag from /Users/zafarimam/Documents/E-Commerce Order Pipeline/airflow_venv_39/lib/python3.9/site-packages/airflow/example_dags/example_params_trigger_ui.py
[2025-05-27T19:01:23.004+0530] {processor.py:840} INFO - DAG(s) 'example_params_trigger_ui' retrieved from /Users/zafarimam/Documents/E-Commerce Order Pipeline/airflow_venv_39/lib/python3.9/site-packages/airflow/example_dags/example_params_trigger_ui.py
[2025-05-27T19:01:23.113+0530] {logging_mixin.py:188} INFO - [2025-05-27T19:01:23.113+0530] {dag.py:3036} INFO - Sync 1 DAGs
[2025-05-27T19:01:23.120+0530] {logging_mixin.py:188} INFO - [2025-05-27T19:01:23.120+0530] {dag.py:3823} INFO - Setting next_dagrun for example_params_trigger_ui to None, run_after=None
[2025-05-27T19:01:23.135+0530] {processor.py:183} INFO - Processing /Users/zafarimam/Documents/E-Commerce Order Pipeline/airflow_venv_39/lib/python3.9/site-packages/airflow/example_dags/example_params_trigger_ui.py took 0.177 seconds
[2025-05-27T19:03:13.212+0530] {processor.py:161} INFO - Started process (PID=27356) to work on /Users/zafarimam/Documents/E-Commerce Order Pipeline/airflow_venv_39/lib/python3.9/site-packages/airflow/example_dags/example_params_trigger_ui.py
[2025-05-27T19:03:13.213+0530] {processor.py:830} INFO - Processing file /Users/zafarimam/Documents/E-Commerce Order Pipeline/airflow_venv_39/lib/python3.9/site-packages/airflow/example_dags/example_params_trigger_ui.py for tasks to queue
[2025-05-27T19:03:13.214+0530] {logging_mixin.py:188} INFO - [2025-05-27T19:03:13.214+0530] {dagbag.py:538} INFO - Filling up the DagBag from /Users/zafarimam/Documents/E-Commerce Order Pipeline/airflow_venv_39/lib/python3.9/site-packages/airflow/example_dags/example_params_trigger_ui.py
[2025-05-27T19:03:13.259+0530] {processor.py:840} INFO - DAG(s) 'example_params_trigger_ui' retrieved from /Users/zafarimam/Documents/E-Commerce Order Pipeline/airflow_venv_39/lib/python3.9/site-packages/airflow/example_dags/example_params_trigger_ui.py
[2025-05-27T19:03:13.377+0530] {logging_mixin.py:188} INFO - [2025-05-27T19:03:13.376+0530] {dag.py:3036} INFO - Sync 1 DAGs
[2025-05-27T19:03:13.385+0530] {logging_mixin.py:188} INFO - [2025-05-27T19:03:13.385+0530] {dag.py:3823} INFO - Setting next_dagrun for example_params_trigger_ui to None, run_after=None
[2025-05-27T19:03:13.400+0530] {processor.py:183} INFO - Processing /Users/zafarimam/Documents/E-Commerce Order Pipeline/airflow_venv_39/lib/python3.9/site-packages/airflow/example_dags/example_params_trigger_ui.py took 0.189 seconds
[2025-05-27T19:05:14.815+0530] {processor.py:161} INFO - Started process (PID=27411) to work on /Users/zafarimam/Documents/E-Commerce Order Pipeline/airflow_venv_39/lib/python3.9/site-packages/airflow/example_dags/example_params_trigger_ui.py
[2025-05-27T19:05:14.816+0530] {processor.py:830} INFO - Processing file /Users/zafarimam/Documents/E-Commerce Order Pipeline/airflow_venv_39/lib/python3.9/site-packages/airflow/example_dags/example_params_trigger_ui.py for tasks to queue
[2025-05-27T19:05:14.817+0530] {logging_mixin.py:188} INFO - [2025-05-27T19:05:14.817+0530] {dagbag.py:538} INFO - Filling up the DagBag from /Users/zafarimam/Documents/E-Commerce Order Pipeline/airflow_venv_39/lib/python3.9/site-packages/airflow/example_dags/example_params_trigger_ui.py
[2025-05-27T19:05:14.857+0530] {processor.py:840} INFO - DAG(s) 'example_params_trigger_ui' retrieved from /Users/zafarimam/Documents/E-Commerce Order Pipeline/airflow_venv_39/lib/python3.9/site-packages/airflow/example_dags/example_params_trigger_ui.py
[2025-05-27T19:05:14.959+0530] {logging_mixin.py:188} INFO - [2025-05-27T19:05:14.959+0530] {dag.py:3036} INFO - Sync 1 DAGs
[2025-05-27T19:05:14.966+0530] {logging_mixin.py:188} INFO - [2025-05-27T19:05:14.966+0530] {dag.py:3823} INFO - Setting next_dagrun for example_params_trigger_ui to None, run_after=None
[2025-05-27T19:05:14.979+0530] {processor.py:183} INFO - Processing /Users/zafarimam/Documents/E-Commerce Order Pipeline/airflow_venv_39/lib/python3.9/site-packages/airflow/example_dags/example_params_trigger_ui.py took 0.165 seconds
[2025-05-27T19:07:37.482+0530] {processor.py:161} INFO - Started process (PID=27502) to work on /Users/zafarimam/Documents/E-Commerce Order Pipeline/airflow_venv_39/lib/python3.9/site-packages/airflow/example_dags/example_params_trigger_ui.py
[2025-05-27T19:07:37.484+0530] {processor.py:830} INFO - Processing file /Users/zafarimam/Documents/E-Commerce Order Pipeline/airflow_venv_39/lib/python3.9/site-packages/airflow/example_dags/example_params_trigger_ui.py for tasks to queue
[2025-05-27T19:07:37.485+0530] {logging_mixin.py:188} INFO - [2025-05-27T19:07:37.485+0530] {dagbag.py:538} INFO - Filling up the DagBag from /Users/zafarimam/Documents/E-Commerce Order Pipeline/airflow_venv_39/lib/python3.9/site-packages/airflow/example_dags/example_params_trigger_ui.py
[2025-05-27T19:07:37.525+0530] {processor.py:840} INFO - DAG(s) 'example_params_trigger_ui' retrieved from /Users/zafarimam/Documents/E-Commerce Order Pipeline/airflow_venv_39/lib/python3.9/site-packages/airflow/example_dags/example_params_trigger_ui.py
[2025-05-27T19:07:37.625+0530] {logging_mixin.py:188} INFO - [2025-05-27T19:07:37.625+0530] {dag.py:3036} INFO - Sync 1 DAGs
[2025-05-27T19:07:37.632+0530] {logging_mixin.py:188} INFO - [2025-05-27T19:07:37.632+0530] {dag.py:3823} INFO - Setting next_dagrun for example_params_trigger_ui to None, run_after=None
[2025-05-27T19:07:37.645+0530] {processor.py:183} INFO - Processing /Users/zafarimam/Documents/E-Commerce Order Pipeline/airflow_venv_39/lib/python3.9/site-packages/airflow/example_dags/example_params_trigger_ui.py took 0.164 seconds
[2025-05-27T19:09:18.462+0530] {processor.py:161} INFO - Started process (PID=27563) to work on /Users/zafarimam/Documents/E-Commerce Order Pipeline/airflow_venv_39/lib/python3.9/site-packages/airflow/example_dags/example_params_trigger_ui.py
[2025-05-27T19:09:18.463+0530] {processor.py:830} INFO - Processing file /Users/zafarimam/Documents/E-Commerce Order Pipeline/airflow_venv_39/lib/python3.9/site-packages/airflow/example_dags/example_params_trigger_ui.py for tasks to queue
[2025-05-27T19:09:18.464+0530] {logging_mixin.py:188} INFO - [2025-05-27T19:09:18.464+0530] {dagbag.py:538} INFO - Filling up the DagBag from /Users/zafarimam/Documents/E-Commerce Order Pipeline/airflow_venv_39/lib/python3.9/site-packages/airflow/example_dags/example_params_trigger_ui.py
[2025-05-27T19:09:18.499+0530] {processor.py:840} INFO - DAG(s) 'example_params_trigger_ui' retrieved from /Users/zafarimam/Documents/E-Commerce Order Pipeline/airflow_venv_39/lib/python3.9/site-packages/airflow/example_dags/example_params_trigger_ui.py
[2025-05-27T19:09:18.594+0530] {logging_mixin.py:188} INFO - [2025-05-27T19:09:18.594+0530] {dag.py:3036} INFO - Sync 1 DAGs
[2025-05-27T19:09:18.600+0530] {logging_mixin.py:188} INFO - [2025-05-27T19:09:18.600+0530] {dag.py:3823} INFO - Setting next_dagrun for example_params_trigger_ui to None, run_after=None
[2025-05-27T19:09:18.618+0530] {processor.py:183} INFO - Processing /Users/zafarimam/Documents/E-Commerce Order Pipeline/airflow_venv_39/lib/python3.9/site-packages/airflow/example_dags/example_params_trigger_ui.py took 0.157 seconds
[2025-05-27T19:11:00.204+0530] {processor.py:161} INFO - Started process (PID=27617) to work on /Users/zafarimam/Documents/E-Commerce Order Pipeline/airflow_venv_39/lib/python3.9/site-packages/airflow/example_dags/example_params_trigger_ui.py
[2025-05-27T19:11:00.205+0530] {processor.py:830} INFO - Processing file /Users/zafarimam/Documents/E-Commerce Order Pipeline/airflow_venv_39/lib/python3.9/site-packages/airflow/example_dags/example_params_trigger_ui.py for tasks to queue
[2025-05-27T19:11:00.205+0530] {logging_mixin.py:188} INFO - [2025-05-27T19:11:00.205+0530] {dagbag.py:538} INFO - Filling up the DagBag from /Users/zafarimam/Documents/E-Commerce Order Pipeline/airflow_venv_39/lib/python3.9/site-packages/airflow/example_dags/example_params_trigger_ui.py
[2025-05-27T19:11:00.241+0530] {processor.py:840} INFO - DAG(s) 'example_params_trigger_ui' retrieved from /Users/zafarimam/Documents/E-Commerce Order Pipeline/airflow_venv_39/lib/python3.9/site-packages/airflow/example_dags/example_params_trigger_ui.py
[2025-05-27T19:11:00.336+0530] {logging_mixin.py:188} INFO - [2025-05-27T19:11:00.336+0530] {dag.py:3036} INFO - Sync 1 DAGs
[2025-05-27T19:11:00.342+0530] {logging_mixin.py:188} INFO - [2025-05-27T19:11:00.342+0530] {dag.py:3823} INFO - Setting next_dagrun for example_params_trigger_ui to None, run_after=None
[2025-05-27T19:11:00.356+0530] {processor.py:183} INFO - Processing /Users/zafarimam/Documents/E-Commerce Order Pipeline/airflow_venv_39/lib/python3.9/site-packages/airflow/example_dags/example_params_trigger_ui.py took 0.153 seconds
[2025-05-27T19:12:41.373+0530] {processor.py:161} INFO - Started process (PID=27672) to work on /Users/zafarimam/Documents/E-Commerce Order Pipeline/airflow_venv_39/lib/python3.9/site-packages/airflow/example_dags/example_params_trigger_ui.py
[2025-05-27T19:12:41.374+0530] {processor.py:830} INFO - Processing file /Users/zafarimam/Documents/E-Commerce Order Pipeline/airflow_venv_39/lib/python3.9/site-packages/airflow/example_dags/example_params_trigger_ui.py for tasks to queue
[2025-05-27T19:12:41.374+0530] {logging_mixin.py:188} INFO - [2025-05-27T19:12:41.374+0530] {dagbag.py:538} INFO - Filling up the DagBag from /Users/zafarimam/Documents/E-Commerce Order Pipeline/airflow_venv_39/lib/python3.9/site-packages/airflow/example_dags/example_params_trigger_ui.py
[2025-05-27T19:12:41.409+0530] {processor.py:840} INFO - DAG(s) 'example_params_trigger_ui' retrieved from /Users/zafarimam/Documents/E-Commerce Order Pipeline/airflow_venv_39/lib/python3.9/site-packages/airflow/example_dags/example_params_trigger_ui.py
[2025-05-27T19:12:41.504+0530] {logging_mixin.py:188} INFO - [2025-05-27T19:12:41.504+0530] {dag.py:3036} INFO - Sync 1 DAGs
[2025-05-27T19:12:41.510+0530] {logging_mixin.py:188} INFO - [2025-05-27T19:12:41.510+0530] {dag.py:3823} INFO - Setting next_dagrun for example_params_trigger_ui to None, run_after=None
[2025-05-27T19:12:41.524+0530] {processor.py:183} INFO - Processing /Users/zafarimam/Documents/E-Commerce Order Pipeline/airflow_venv_39/lib/python3.9/site-packages/airflow/example_dags/example_params_trigger_ui.py took 0.152 seconds
[2025-05-27T19:14:20.978+0530] {processor.py:161} INFO - Started process (PID=27721) to work on /Users/zafarimam/Documents/E-Commerce Order Pipeline/airflow_venv_39/lib/python3.9/site-packages/airflow/example_dags/example_params_trigger_ui.py
[2025-05-27T19:14:20.979+0530] {processor.py:830} INFO - Processing file /Users/zafarimam/Documents/E-Commerce Order Pipeline/airflow_venv_39/lib/python3.9/site-packages/airflow/example_dags/example_params_trigger_ui.py for tasks to queue
[2025-05-27T19:14:20.979+0530] {logging_mixin.py:188} INFO - [2025-05-27T19:14:20.979+0530] {dagbag.py:538} INFO - Filling up the DagBag from /Users/zafarimam/Documents/E-Commerce Order Pipeline/airflow_venv_39/lib/python3.9/site-packages/airflow/example_dags/example_params_trigger_ui.py
[2025-05-27T19:14:21.014+0530] {processor.py:840} INFO - DAG(s) 'example_params_trigger_ui' retrieved from /Users/zafarimam/Documents/E-Commerce Order Pipeline/airflow_venv_39/lib/python3.9/site-packages/airflow/example_dags/example_params_trigger_ui.py
[2025-05-27T19:14:21.105+0530] {logging_mixin.py:188} INFO - [2025-05-27T19:14:21.105+0530] {dag.py:3036} INFO - Sync 1 DAGs
[2025-05-27T19:14:21.111+0530] {logging_mixin.py:188} INFO - [2025-05-27T19:14:21.111+0530] {dag.py:3823} INFO - Setting next_dagrun for example_params_trigger_ui to None, run_after=None
[2025-05-27T19:14:21.128+0530] {processor.py:183} INFO - Processing /Users/zafarimam/Documents/E-Commerce Order Pipeline/airflow_venv_39/lib/python3.9/site-packages/airflow/example_dags/example_params_trigger_ui.py took 0.152 seconds
[2025-05-27T19:16:02.355+0530] {processor.py:161} INFO - Started process (PID=27775) to work on /Users/zafarimam/Documents/E-Commerce Order Pipeline/airflow_venv_39/lib/python3.9/site-packages/airflow/example_dags/example_params_trigger_ui.py
[2025-05-27T19:16:02.356+0530] {processor.py:830} INFO - Processing file /Users/zafarimam/Documents/E-Commerce Order Pipeline/airflow_venv_39/lib/python3.9/site-packages/airflow/example_dags/example_params_trigger_ui.py for tasks to queue
[2025-05-27T19:16:02.357+0530] {logging_mixin.py:188} INFO - [2025-05-27T19:16:02.357+0530] {dagbag.py:538} INFO - Filling up the DagBag from /Users/zafarimam/Documents/E-Commerce Order Pipeline/airflow_venv_39/lib/python3.9/site-packages/airflow/example_dags/example_params_trigger_ui.py
[2025-05-27T19:16:02.394+0530] {processor.py:840} INFO - DAG(s) 'example_params_trigger_ui' retrieved from /Users/zafarimam/Documents/E-Commerce Order Pipeline/airflow_venv_39/lib/python3.9/site-packages/airflow/example_dags/example_params_trigger_ui.py
[2025-05-27T19:16:02.490+0530] {logging_mixin.py:188} INFO - [2025-05-27T19:16:02.490+0530] {dag.py:3036} INFO - Sync 1 DAGs
[2025-05-27T19:16:02.496+0530] {logging_mixin.py:188} INFO - [2025-05-27T19:16:02.496+0530] {dag.py:3823} INFO - Setting next_dagrun for example_params_trigger_ui to None, run_after=None
[2025-05-27T19:16:02.510+0530] {processor.py:183} INFO - Processing /Users/zafarimam/Documents/E-Commerce Order Pipeline/airflow_venv_39/lib/python3.9/site-packages/airflow/example_dags/example_params_trigger_ui.py took 0.156 seconds
[2025-05-27T19:17:42.631+0530] {processor.py:161} INFO - Started process (PID=27830) to work on /Users/zafarimam/Documents/E-Commerce Order Pipeline/airflow_venv_39/lib/python3.9/site-packages/airflow/example_dags/example_params_trigger_ui.py
[2025-05-27T19:17:42.632+0530] {processor.py:830} INFO - Processing file /Users/zafarimam/Documents/E-Commerce Order Pipeline/airflow_venv_39/lib/python3.9/site-packages/airflow/example_dags/example_params_trigger_ui.py for tasks to queue
[2025-05-27T19:17:42.632+0530] {logging_mixin.py:188} INFO - [2025-05-27T19:17:42.632+0530] {dagbag.py:538} INFO - Filling up the DagBag from /Users/zafarimam/Documents/E-Commerce Order Pipeline/airflow_venv_39/lib/python3.9/site-packages/airflow/example_dags/example_params_trigger_ui.py
[2025-05-27T19:17:42.668+0530] {processor.py:840} INFO - DAG(s) 'example_params_trigger_ui' retrieved from /Users/zafarimam/Documents/E-Commerce Order Pipeline/airflow_venv_39/lib/python3.9/site-packages/airflow/example_dags/example_params_trigger_ui.py
[2025-05-27T19:17:42.763+0530] {logging_mixin.py:188} INFO - [2025-05-27T19:17:42.763+0530] {dag.py:3036} INFO - Sync 1 DAGs
[2025-05-27T19:17:42.769+0530] {logging_mixin.py:188} INFO - [2025-05-27T19:17:42.769+0530] {dag.py:3823} INFO - Setting next_dagrun for example_params_trigger_ui to None, run_after=None
[2025-05-27T19:17:42.781+0530] {processor.py:183} INFO - Processing /Users/zafarimam/Documents/E-Commerce Order Pipeline/airflow_venv_39/lib/python3.9/site-packages/airflow/example_dags/example_params_trigger_ui.py took 0.152 seconds
[2025-05-27T19:19:23.043+0530] {processor.py:161} INFO - Started process (PID=27916) to work on /Users/zafarimam/Documents/E-Commerce Order Pipeline/airflow_venv_39/lib/python3.9/site-packages/airflow/example_dags/example_params_trigger_ui.py
[2025-05-27T19:19:23.044+0530] {processor.py:830} INFO - Processing file /Users/zafarimam/Documents/E-Commerce Order Pipeline/airflow_venv_39/lib/python3.9/site-packages/airflow/example_dags/example_params_trigger_ui.py for tasks to queue
[2025-05-27T19:19:23.045+0530] {logging_mixin.py:188} INFO - [2025-05-27T19:19:23.045+0530] {dagbag.py:538} INFO - Filling up the DagBag from /Users/zafarimam/Documents/E-Commerce Order Pipeline/airflow_venv_39/lib/python3.9/site-packages/airflow/example_dags/example_params_trigger_ui.py
[2025-05-27T19:19:23.080+0530] {processor.py:840} INFO - DAG(s) 'example_params_trigger_ui' retrieved from /Users/zafarimam/Documents/E-Commerce Order Pipeline/airflow_venv_39/lib/python3.9/site-packages/airflow/example_dags/example_params_trigger_ui.py
[2025-05-27T19:19:23.173+0530] {logging_mixin.py:188} INFO - [2025-05-27T19:19:23.173+0530] {dag.py:3036} INFO - Sync 1 DAGs
[2025-05-27T19:19:23.179+0530] {logging_mixin.py:188} INFO - [2025-05-27T19:19:23.179+0530] {dag.py:3823} INFO - Setting next_dagrun for example_params_trigger_ui to None, run_after=None
[2025-05-27T19:19:23.193+0530] {processor.py:183} INFO - Processing /Users/zafarimam/Documents/E-Commerce Order Pipeline/airflow_venv_39/lib/python3.9/site-packages/airflow/example_dags/example_params_trigger_ui.py took 0.150 seconds
[2025-05-27T19:21:03.787+0530] {processor.py:161} INFO - Started process (PID=27970) to work on /Users/zafarimam/Documents/E-Commerce Order Pipeline/airflow_venv_39/lib/python3.9/site-packages/airflow/example_dags/example_params_trigger_ui.py
[2025-05-27T19:21:03.788+0530] {processor.py:830} INFO - Processing file /Users/zafarimam/Documents/E-Commerce Order Pipeline/airflow_venv_39/lib/python3.9/site-packages/airflow/example_dags/example_params_trigger_ui.py for tasks to queue
[2025-05-27T19:21:03.788+0530] {logging_mixin.py:188} INFO - [2025-05-27T19:21:03.788+0530] {dagbag.py:538} INFO - Filling up the DagBag from /Users/zafarimam/Documents/E-Commerce Order Pipeline/airflow_venv_39/lib/python3.9/site-packages/airflow/example_dags/example_params_trigger_ui.py
[2025-05-27T19:21:03.826+0530] {processor.py:840} INFO - DAG(s) 'example_params_trigger_ui' retrieved from /Users/zafarimam/Documents/E-Commerce Order Pipeline/airflow_venv_39/lib/python3.9/site-packages/airflow/example_dags/example_params_trigger_ui.py
[2025-05-27T19:21:03.935+0530] {logging_mixin.py:188} INFO - [2025-05-27T19:21:03.935+0530] {dag.py:3036} INFO - Sync 1 DAGs
[2025-05-27T19:21:03.941+0530] {logging_mixin.py:188} INFO - [2025-05-27T19:21:03.941+0530] {dag.py:3823} INFO - Setting next_dagrun for example_params_trigger_ui to None, run_after=None
[2025-05-27T19:21:03.954+0530] {processor.py:183} INFO - Processing /Users/zafarimam/Documents/E-Commerce Order Pipeline/airflow_venv_39/lib/python3.9/site-packages/airflow/example_dags/example_params_trigger_ui.py took 0.169 seconds
[2025-05-27T19:22:42.245+0530] {processor.py:161} INFO - Started process (PID=28032) to work on /Users/zafarimam/Documents/E-Commerce Order Pipeline/airflow_venv_39/lib/python3.9/site-packages/airflow/example_dags/example_params_trigger_ui.py
[2025-05-27T19:22:42.246+0530] {processor.py:830} INFO - Processing file /Users/zafarimam/Documents/E-Commerce Order Pipeline/airflow_venv_39/lib/python3.9/site-packages/airflow/example_dags/example_params_trigger_ui.py for tasks to queue
[2025-05-27T19:22:42.247+0530] {logging_mixin.py:188} INFO - [2025-05-27T19:22:42.246+0530] {dagbag.py:538} INFO - Filling up the DagBag from /Users/zafarimam/Documents/E-Commerce Order Pipeline/airflow_venv_39/lib/python3.9/site-packages/airflow/example_dags/example_params_trigger_ui.py
[2025-05-27T19:22:42.282+0530] {processor.py:840} INFO - DAG(s) 'example_params_trigger_ui' retrieved from /Users/zafarimam/Documents/E-Commerce Order Pipeline/airflow_venv_39/lib/python3.9/site-packages/airflow/example_dags/example_params_trigger_ui.py
[2025-05-27T19:22:42.376+0530] {logging_mixin.py:188} INFO - [2025-05-27T19:22:42.376+0530] {dag.py:3036} INFO - Sync 1 DAGs
[2025-05-27T19:22:42.382+0530] {logging_mixin.py:188} INFO - [2025-05-27T19:22:42.382+0530] {dag.py:3823} INFO - Setting next_dagrun for example_params_trigger_ui to None, run_after=None
[2025-05-27T19:22:42.395+0530] {processor.py:183} INFO - Processing /Users/zafarimam/Documents/E-Commerce Order Pipeline/airflow_venv_39/lib/python3.9/site-packages/airflow/example_dags/example_params_trigger_ui.py took 0.151 seconds
[2025-05-27T19:24:23.599+0530] {processor.py:161} INFO - Started process (PID=28085) to work on /Users/zafarimam/Documents/E-Commerce Order Pipeline/airflow_venv_39/lib/python3.9/site-packages/airflow/example_dags/example_params_trigger_ui.py
[2025-05-27T19:24:23.600+0530] {processor.py:830} INFO - Processing file /Users/zafarimam/Documents/E-Commerce Order Pipeline/airflow_venv_39/lib/python3.9/site-packages/airflow/example_dags/example_params_trigger_ui.py for tasks to queue
[2025-05-27T19:24:23.600+0530] {logging_mixin.py:188} INFO - [2025-05-27T19:24:23.600+0530] {dagbag.py:538} INFO - Filling up the DagBag from /Users/zafarimam/Documents/E-Commerce Order Pipeline/airflow_venv_39/lib/python3.9/site-packages/airflow/example_dags/example_params_trigger_ui.py
[2025-05-27T19:24:23.636+0530] {processor.py:840} INFO - DAG(s) 'example_params_trigger_ui' retrieved from /Users/zafarimam/Documents/E-Commerce Order Pipeline/airflow_venv_39/lib/python3.9/site-packages/airflow/example_dags/example_params_trigger_ui.py
[2025-05-27T19:24:23.730+0530] {logging_mixin.py:188} INFO - [2025-05-27T19:24:23.730+0530] {dag.py:3036} INFO - Sync 1 DAGs
[2025-05-27T19:24:23.736+0530] {logging_mixin.py:188} INFO - [2025-05-27T19:24:23.736+0530] {dag.py:3823} INFO - Setting next_dagrun for example_params_trigger_ui to None, run_after=None
[2025-05-27T19:24:23.753+0530] {processor.py:183} INFO - Processing /Users/zafarimam/Documents/E-Commerce Order Pipeline/airflow_venv_39/lib/python3.9/site-packages/airflow/example_dags/example_params_trigger_ui.py took 0.156 seconds
[2025-05-27T19:26:04.838+0530] {processor.py:161} INFO - Started process (PID=28138) to work on /Users/zafarimam/Documents/E-Commerce Order Pipeline/airflow_venv_39/lib/python3.9/site-packages/airflow/example_dags/example_params_trigger_ui.py
[2025-05-27T19:26:04.839+0530] {processor.py:830} INFO - Processing file /Users/zafarimam/Documents/E-Commerce Order Pipeline/airflow_venv_39/lib/python3.9/site-packages/airflow/example_dags/example_params_trigger_ui.py for tasks to queue
[2025-05-27T19:26:04.840+0530] {logging_mixin.py:188} INFO - [2025-05-27T19:26:04.839+0530] {dagbag.py:538} INFO - Filling up the DagBag from /Users/zafarimam/Documents/E-Commerce Order Pipeline/airflow_venv_39/lib/python3.9/site-packages/airflow/example_dags/example_params_trigger_ui.py
[2025-05-27T19:26:04.876+0530] {processor.py:840} INFO - DAG(s) 'example_params_trigger_ui' retrieved from /Users/zafarimam/Documents/E-Commerce Order Pipeline/airflow_venv_39/lib/python3.9/site-packages/airflow/example_dags/example_params_trigger_ui.py
[2025-05-27T19:26:04.970+0530] {logging_mixin.py:188} INFO - [2025-05-27T19:26:04.970+0530] {dag.py:3036} INFO - Sync 1 DAGs
[2025-05-27T19:26:04.976+0530] {logging_mixin.py:188} INFO - [2025-05-27T19:26:04.976+0530] {dag.py:3823} INFO - Setting next_dagrun for example_params_trigger_ui to None, run_after=None
[2025-05-27T19:26:04.988+0530] {processor.py:183} INFO - Processing /Users/zafarimam/Documents/E-Commerce Order Pipeline/airflow_venv_39/lib/python3.9/site-packages/airflow/example_dags/example_params_trigger_ui.py took 0.151 seconds
[2025-05-27T19:27:45.267+0530] {processor.py:161} INFO - Started process (PID=28195) to work on /Users/zafarimam/Documents/E-Commerce Order Pipeline/airflow_venv_39/lib/python3.9/site-packages/airflow/example_dags/example_params_trigger_ui.py
[2025-05-27T19:27:45.268+0530] {processor.py:830} INFO - Processing file /Users/zafarimam/Documents/E-Commerce Order Pipeline/airflow_venv_39/lib/python3.9/site-packages/airflow/example_dags/example_params_trigger_ui.py for tasks to queue
[2025-05-27T19:27:45.268+0530] {logging_mixin.py:188} INFO - [2025-05-27T19:27:45.268+0530] {dagbag.py:538} INFO - Filling up the DagBag from /Users/zafarimam/Documents/E-Commerce Order Pipeline/airflow_venv_39/lib/python3.9/site-packages/airflow/example_dags/example_params_trigger_ui.py
[2025-05-27T19:27:45.304+0530] {processor.py:840} INFO - DAG(s) 'example_params_trigger_ui' retrieved from /Users/zafarimam/Documents/E-Commerce Order Pipeline/airflow_venv_39/lib/python3.9/site-packages/airflow/example_dags/example_params_trigger_ui.py
[2025-05-27T19:27:45.399+0530] {logging_mixin.py:188} INFO - [2025-05-27T19:27:45.398+0530] {dag.py:3036} INFO - Sync 1 DAGs
[2025-05-27T19:27:45.405+0530] {logging_mixin.py:188} INFO - [2025-05-27T19:27:45.405+0530] {dag.py:3823} INFO - Setting next_dagrun for example_params_trigger_ui to None, run_after=None
[2025-05-27T19:27:45.418+0530] {processor.py:183} INFO - Processing /Users/zafarimam/Documents/E-Commerce Order Pipeline/airflow_venv_39/lib/python3.9/site-packages/airflow/example_dags/example_params_trigger_ui.py took 0.153 seconds
[2025-05-27T19:29:24.075+0530] {processor.py:161} INFO - Started process (PID=28244) to work on /Users/zafarimam/Documents/E-Commerce Order Pipeline/airflow_venv_39/lib/python3.9/site-packages/airflow/example_dags/example_params_trigger_ui.py
[2025-05-27T19:29:24.076+0530] {processor.py:830} INFO - Processing file /Users/zafarimam/Documents/E-Commerce Order Pipeline/airflow_venv_39/lib/python3.9/site-packages/airflow/example_dags/example_params_trigger_ui.py for tasks to queue
[2025-05-27T19:29:24.076+0530] {logging_mixin.py:188} INFO - [2025-05-27T19:29:24.076+0530] {dagbag.py:538} INFO - Filling up the DagBag from /Users/zafarimam/Documents/E-Commerce Order Pipeline/airflow_venv_39/lib/python3.9/site-packages/airflow/example_dags/example_params_trigger_ui.py
[2025-05-27T19:29:24.112+0530] {processor.py:840} INFO - DAG(s) 'example_params_trigger_ui' retrieved from /Users/zafarimam/Documents/E-Commerce Order Pipeline/airflow_venv_39/lib/python3.9/site-packages/airflow/example_dags/example_params_trigger_ui.py
[2025-05-27T19:29:24.205+0530] {logging_mixin.py:188} INFO - [2025-05-27T19:29:24.205+0530] {dag.py:3036} INFO - Sync 1 DAGs
[2025-05-27T19:29:24.212+0530] {logging_mixin.py:188} INFO - [2025-05-27T19:29:24.212+0530] {dag.py:3823} INFO - Setting next_dagrun for example_params_trigger_ui to None, run_after=None
[2025-05-27T19:29:24.224+0530] {processor.py:183} INFO - Processing /Users/zafarimam/Documents/E-Commerce Order Pipeline/airflow_venv_39/lib/python3.9/site-packages/airflow/example_dags/example_params_trigger_ui.py took 0.150 seconds
[2025-05-27T19:31:25.391+0530] {processor.py:161} INFO - Started process (PID=28327) to work on /Users/zafarimam/Documents/E-Commerce Order Pipeline/airflow_venv_39/lib/python3.9/site-packages/airflow/example_dags/example_params_trigger_ui.py
[2025-05-27T19:31:25.392+0530] {processor.py:830} INFO - Processing file /Users/zafarimam/Documents/E-Commerce Order Pipeline/airflow_venv_39/lib/python3.9/site-packages/airflow/example_dags/example_params_trigger_ui.py for tasks to queue
[2025-05-27T19:31:25.392+0530] {logging_mixin.py:188} INFO - [2025-05-27T19:31:25.392+0530] {dagbag.py:538} INFO - Filling up the DagBag from /Users/zafarimam/Documents/E-Commerce Order Pipeline/airflow_venv_39/lib/python3.9/site-packages/airflow/example_dags/example_params_trigger_ui.py
[2025-05-27T19:31:25.428+0530] {processor.py:840} INFO - DAG(s) 'example_params_trigger_ui' retrieved from /Users/zafarimam/Documents/E-Commerce Order Pipeline/airflow_venv_39/lib/python3.9/site-packages/airflow/example_dags/example_params_trigger_ui.py
[2025-05-27T19:31:25.526+0530] {logging_mixin.py:188} INFO - [2025-05-27T19:31:25.526+0530] {dag.py:3036} INFO - Sync 1 DAGs
[2025-05-27T19:31:25.532+0530] {logging_mixin.py:188} INFO - [2025-05-27T19:31:25.532+0530] {dag.py:3823} INFO - Setting next_dagrun for example_params_trigger_ui to None, run_after=None
[2025-05-27T19:31:25.546+0530] {processor.py:183} INFO - Processing /Users/zafarimam/Documents/E-Commerce Order Pipeline/airflow_venv_39/lib/python3.9/site-packages/airflow/example_dags/example_params_trigger_ui.py took 0.156 seconds
[2025-05-27T19:33:05.881+0530] {processor.py:161} INFO - Started process (PID=28380) to work on /Users/zafarimam/Documents/E-Commerce Order Pipeline/airflow_venv_39/lib/python3.9/site-packages/airflow/example_dags/example_params_trigger_ui.py
[2025-05-27T19:33:05.882+0530] {processor.py:830} INFO - Processing file /Users/zafarimam/Documents/E-Commerce Order Pipeline/airflow_venv_39/lib/python3.9/site-packages/airflow/example_dags/example_params_trigger_ui.py for tasks to queue
[2025-05-27T19:33:05.883+0530] {logging_mixin.py:188} INFO - [2025-05-27T19:33:05.883+0530] {dagbag.py:538} INFO - Filling up the DagBag from /Users/zafarimam/Documents/E-Commerce Order Pipeline/airflow_venv_39/lib/python3.9/site-packages/airflow/example_dags/example_params_trigger_ui.py
[2025-05-27T19:33:05.918+0530] {processor.py:840} INFO - DAG(s) 'example_params_trigger_ui' retrieved from /Users/zafarimam/Documents/E-Commerce Order Pipeline/airflow_venv_39/lib/python3.9/site-packages/airflow/example_dags/example_params_trigger_ui.py
[2025-05-27T19:33:06.013+0530] {logging_mixin.py:188} INFO - [2025-05-27T19:33:06.013+0530] {dag.py:3036} INFO - Sync 1 DAGs
[2025-05-27T19:33:06.019+0530] {logging_mixin.py:188} INFO - [2025-05-27T19:33:06.019+0530] {dag.py:3823} INFO - Setting next_dagrun for example_params_trigger_ui to None, run_after=None
[2025-05-27T19:33:06.036+0530] {processor.py:183} INFO - Processing /Users/zafarimam/Documents/E-Commerce Order Pipeline/airflow_venv_39/lib/python3.9/site-packages/airflow/example_dags/example_params_trigger_ui.py took 0.156 seconds
[2025-05-27T19:34:46.181+0530] {processor.py:161} INFO - Started process (PID=28432) to work on /Users/zafarimam/Documents/E-Commerce Order Pipeline/airflow_venv_39/lib/python3.9/site-packages/airflow/example_dags/example_params_trigger_ui.py
[2025-05-27T19:34:46.181+0530] {processor.py:830} INFO - Processing file /Users/zafarimam/Documents/E-Commerce Order Pipeline/airflow_venv_39/lib/python3.9/site-packages/airflow/example_dags/example_params_trigger_ui.py for tasks to queue
[2025-05-27T19:34:46.182+0530] {logging_mixin.py:188} INFO - [2025-05-27T19:34:46.182+0530] {dagbag.py:538} INFO - Filling up the DagBag from /Users/zafarimam/Documents/E-Commerce Order Pipeline/airflow_venv_39/lib/python3.9/site-packages/airflow/example_dags/example_params_trigger_ui.py
[2025-05-27T19:34:46.218+0530] {processor.py:840} INFO - DAG(s) 'example_params_trigger_ui' retrieved from /Users/zafarimam/Documents/E-Commerce Order Pipeline/airflow_venv_39/lib/python3.9/site-packages/airflow/example_dags/example_params_trigger_ui.py
[2025-05-27T19:34:46.313+0530] {logging_mixin.py:188} INFO - [2025-05-27T19:34:46.313+0530] {dag.py:3036} INFO - Sync 1 DAGs
[2025-05-27T19:34:46.319+0530] {logging_mixin.py:188} INFO - [2025-05-27T19:34:46.319+0530] {dag.py:3823} INFO - Setting next_dagrun for example_params_trigger_ui to None, run_after=None
[2025-05-27T19:34:46.334+0530] {processor.py:183} INFO - Processing /Users/zafarimam/Documents/E-Commerce Order Pipeline/airflow_venv_39/lib/python3.9/site-packages/airflow/example_dags/example_params_trigger_ui.py took 0.155 seconds
[2025-05-27T19:36:27.598+0530] {processor.py:161} INFO - Started process (PID=28485) to work on /Users/zafarimam/Documents/E-Commerce Order Pipeline/airflow_venv_39/lib/python3.9/site-packages/airflow/example_dags/example_params_trigger_ui.py
[2025-05-27T19:36:27.599+0530] {processor.py:830} INFO - Processing file /Users/zafarimam/Documents/E-Commerce Order Pipeline/airflow_venv_39/lib/python3.9/site-packages/airflow/example_dags/example_params_trigger_ui.py for tasks to queue
[2025-05-27T19:36:27.599+0530] {logging_mixin.py:188} INFO - [2025-05-27T19:36:27.599+0530] {dagbag.py:538} INFO - Filling up the DagBag from /Users/zafarimam/Documents/E-Commerce Order Pipeline/airflow_venv_39/lib/python3.9/site-packages/airflow/example_dags/example_params_trigger_ui.py
[2025-05-27T19:36:27.635+0530] {processor.py:840} INFO - DAG(s) 'example_params_trigger_ui' retrieved from /Users/zafarimam/Documents/E-Commerce Order Pipeline/airflow_venv_39/lib/python3.9/site-packages/airflow/example_dags/example_params_trigger_ui.py
[2025-05-27T19:36:27.731+0530] {logging_mixin.py:188} INFO - [2025-05-27T19:36:27.731+0530] {dag.py:3036} INFO - Sync 1 DAGs
[2025-05-27T19:36:27.737+0530] {logging_mixin.py:188} INFO - [2025-05-27T19:36:27.737+0530] {dag.py:3823} INFO - Setting next_dagrun for example_params_trigger_ui to None, run_after=None
[2025-05-27T19:36:27.750+0530] {processor.py:183} INFO - Processing /Users/zafarimam/Documents/E-Commerce Order Pipeline/airflow_venv_39/lib/python3.9/site-packages/airflow/example_dags/example_params_trigger_ui.py took 0.153 seconds
[2025-05-27T19:38:08.986+0530] {processor.py:161} INFO - Started process (PID=28536) to work on /Users/zafarimam/Documents/E-Commerce Order Pipeline/airflow_venv_39/lib/python3.9/site-packages/airflow/example_dags/example_params_trigger_ui.py
[2025-05-27T19:38:08.987+0530] {processor.py:830} INFO - Processing file /Users/zafarimam/Documents/E-Commerce Order Pipeline/airflow_venv_39/lib/python3.9/site-packages/airflow/example_dags/example_params_trigger_ui.py for tasks to queue
[2025-05-27T19:38:08.987+0530] {logging_mixin.py:188} INFO - [2025-05-27T19:38:08.987+0530] {dagbag.py:538} INFO - Filling up the DagBag from /Users/zafarimam/Documents/E-Commerce Order Pipeline/airflow_venv_39/lib/python3.9/site-packages/airflow/example_dags/example_params_trigger_ui.py
[2025-05-27T19:38:09.023+0530] {processor.py:840} INFO - DAG(s) 'example_params_trigger_ui' retrieved from /Users/zafarimam/Documents/E-Commerce Order Pipeline/airflow_venv_39/lib/python3.9/site-packages/airflow/example_dags/example_params_trigger_ui.py
[2025-05-27T19:38:09.119+0530] {logging_mixin.py:188} INFO - [2025-05-27T19:38:09.118+0530] {dag.py:3036} INFO - Sync 1 DAGs
[2025-05-27T19:38:09.125+0530] {logging_mixin.py:188} INFO - [2025-05-27T19:38:09.125+0530] {dag.py:3823} INFO - Setting next_dagrun for example_params_trigger_ui to None, run_after=None
[2025-05-27T19:38:09.138+0530] {processor.py:183} INFO - Processing /Users/zafarimam/Documents/E-Commerce Order Pipeline/airflow_venv_39/lib/python3.9/site-packages/airflow/example_dags/example_params_trigger_ui.py took 0.154 seconds
[2025-05-27T19:39:48.420+0530] {processor.py:161} INFO - Started process (PID=28588) to work on /Users/zafarimam/Documents/E-Commerce Order Pipeline/airflow_venv_39/lib/python3.9/site-packages/airflow/example_dags/example_params_trigger_ui.py
[2025-05-27T19:39:48.420+0530] {processor.py:830} INFO - Processing file /Users/zafarimam/Documents/E-Commerce Order Pipeline/airflow_venv_39/lib/python3.9/site-packages/airflow/example_dags/example_params_trigger_ui.py for tasks to queue
[2025-05-27T19:39:48.421+0530] {logging_mixin.py:188} INFO - [2025-05-27T19:39:48.421+0530] {dagbag.py:538} INFO - Filling up the DagBag from /Users/zafarimam/Documents/E-Commerce Order Pipeline/airflow_venv_39/lib/python3.9/site-packages/airflow/example_dags/example_params_trigger_ui.py
[2025-05-27T19:39:48.456+0530] {processor.py:840} INFO - DAG(s) 'example_params_trigger_ui' retrieved from /Users/zafarimam/Documents/E-Commerce Order Pipeline/airflow_venv_39/lib/python3.9/site-packages/airflow/example_dags/example_params_trigger_ui.py
[2025-05-27T19:39:48.550+0530] {logging_mixin.py:188} INFO - [2025-05-27T19:39:48.550+0530] {dag.py:3036} INFO - Sync 1 DAGs
[2025-05-27T19:39:48.556+0530] {logging_mixin.py:188} INFO - [2025-05-27T19:39:48.556+0530] {dag.py:3823} INFO - Setting next_dagrun for example_params_trigger_ui to None, run_after=None
[2025-05-27T19:39:48.569+0530] {processor.py:183} INFO - Processing /Users/zafarimam/Documents/E-Commerce Order Pipeline/airflow_venv_39/lib/python3.9/site-packages/airflow/example_dags/example_params_trigger_ui.py took 0.151 seconds
[2025-05-27T19:41:27.335+0530] {processor.py:161} INFO - Started process (PID=28640) to work on /Users/zafarimam/Documents/E-Commerce Order Pipeline/airflow_venv_39/lib/python3.9/site-packages/airflow/example_dags/example_params_trigger_ui.py
[2025-05-27T19:41:27.336+0530] {processor.py:830} INFO - Processing file /Users/zafarimam/Documents/E-Commerce Order Pipeline/airflow_venv_39/lib/python3.9/site-packages/airflow/example_dags/example_params_trigger_ui.py for tasks to queue
[2025-05-27T19:41:27.337+0530] {logging_mixin.py:188} INFO - [2025-05-27T19:41:27.336+0530] {dagbag.py:538} INFO - Filling up the DagBag from /Users/zafarimam/Documents/E-Commerce Order Pipeline/airflow_venv_39/lib/python3.9/site-packages/airflow/example_dags/example_params_trigger_ui.py
[2025-05-27T19:41:27.372+0530] {processor.py:840} INFO - DAG(s) 'example_params_trigger_ui' retrieved from /Users/zafarimam/Documents/E-Commerce Order Pipeline/airflow_venv_39/lib/python3.9/site-packages/airflow/example_dags/example_params_trigger_ui.py
[2025-05-27T19:41:27.465+0530] {logging_mixin.py:188} INFO - [2025-05-27T19:41:27.465+0530] {dag.py:3036} INFO - Sync 1 DAGs
[2025-05-27T19:41:27.471+0530] {logging_mixin.py:188} INFO - [2025-05-27T19:41:27.471+0530] {dag.py:3823} INFO - Setting next_dagrun for example_params_trigger_ui to None, run_after=None
[2025-05-27T19:41:27.483+0530] {processor.py:183} INFO - Processing /Users/zafarimam/Documents/E-Commerce Order Pipeline/airflow_venv_39/lib/python3.9/site-packages/airflow/example_dags/example_params_trigger_ui.py took 0.149 seconds
[2025-05-27T19:43:08.718+0530] {processor.py:161} INFO - Started process (PID=28691) to work on /Users/zafarimam/Documents/E-Commerce Order Pipeline/airflow_venv_39/lib/python3.9/site-packages/airflow/example_dags/example_params_trigger_ui.py
[2025-05-27T19:43:08.719+0530] {processor.py:830} INFO - Processing file /Users/zafarimam/Documents/E-Commerce Order Pipeline/airflow_venv_39/lib/python3.9/site-packages/airflow/example_dags/example_params_trigger_ui.py for tasks to queue
[2025-05-27T19:43:08.719+0530] {logging_mixin.py:188} INFO - [2025-05-27T19:43:08.719+0530] {dagbag.py:538} INFO - Filling up the DagBag from /Users/zafarimam/Documents/E-Commerce Order Pipeline/airflow_venv_39/lib/python3.9/site-packages/airflow/example_dags/example_params_trigger_ui.py
[2025-05-27T19:43:08.755+0530] {processor.py:840} INFO - DAG(s) 'example_params_trigger_ui' retrieved from /Users/zafarimam/Documents/E-Commerce Order Pipeline/airflow_venv_39/lib/python3.9/site-packages/airflow/example_dags/example_params_trigger_ui.py
[2025-05-27T19:43:08.850+0530] {logging_mixin.py:188} INFO - [2025-05-27T19:43:08.849+0530] {dag.py:3036} INFO - Sync 1 DAGs
[2025-05-27T19:43:08.856+0530] {logging_mixin.py:188} INFO - [2025-05-27T19:43:08.856+0530] {dag.py:3823} INFO - Setting next_dagrun for example_params_trigger_ui to None, run_after=None
[2025-05-27T19:43:08.868+0530] {processor.py:183} INFO - Processing /Users/zafarimam/Documents/E-Commerce Order Pipeline/airflow_venv_39/lib/python3.9/site-packages/airflow/example_dags/example_params_trigger_ui.py took 0.151 seconds
[2025-05-27T19:45:22.546+0530] {processor.py:161} INFO - Started process (PID=28834) to work on /Users/zafarimam/Documents/E-Commerce Order Pipeline/airflow_venv_39/lib/python3.9/site-packages/airflow/example_dags/example_params_trigger_ui.py
[2025-05-27T19:45:22.548+0530] {processor.py:830} INFO - Processing file /Users/zafarimam/Documents/E-Commerce Order Pipeline/airflow_venv_39/lib/python3.9/site-packages/airflow/example_dags/example_params_trigger_ui.py for tasks to queue
[2025-05-27T19:45:22.549+0530] {logging_mixin.py:188} INFO - [2025-05-27T19:45:22.548+0530] {dagbag.py:538} INFO - Filling up the DagBag from /Users/zafarimam/Documents/E-Commerce Order Pipeline/airflow_venv_39/lib/python3.9/site-packages/airflow/example_dags/example_params_trigger_ui.py
[2025-05-27T19:45:22.589+0530] {processor.py:840} INFO - DAG(s) 'example_params_trigger_ui' retrieved from /Users/zafarimam/Documents/E-Commerce Order Pipeline/airflow_venv_39/lib/python3.9/site-packages/airflow/example_dags/example_params_trigger_ui.py
[2025-05-27T19:45:22.704+0530] {logging_mixin.py:188} INFO - [2025-05-27T19:45:22.703+0530] {dag.py:3036} INFO - Sync 1 DAGs
[2025-05-27T19:45:22.711+0530] {logging_mixin.py:188} INFO - [2025-05-27T19:45:22.711+0530] {dag.py:3823} INFO - Setting next_dagrun for example_params_trigger_ui to None, run_after=None
[2025-05-27T19:45:22.727+0530] {processor.py:183} INFO - Processing /Users/zafarimam/Documents/E-Commerce Order Pipeline/airflow_venv_39/lib/python3.9/site-packages/airflow/example_dags/example_params_trigger_ui.py took 0.182 seconds
[2025-05-27T19:47:06.867+0530] {processor.py:161} INFO - Started process (PID=28893) to work on /Users/zafarimam/Documents/E-Commerce Order Pipeline/airflow_venv_39/lib/python3.9/site-packages/airflow/example_dags/example_params_trigger_ui.py
[2025-05-27T19:47:06.867+0530] {processor.py:830} INFO - Processing file /Users/zafarimam/Documents/E-Commerce Order Pipeline/airflow_venv_39/lib/python3.9/site-packages/airflow/example_dags/example_params_trigger_ui.py for tasks to queue
[2025-05-27T19:47:06.868+0530] {logging_mixin.py:188} INFO - [2025-05-27T19:47:06.868+0530] {dagbag.py:538} INFO - Filling up the DagBag from /Users/zafarimam/Documents/E-Commerce Order Pipeline/airflow_venv_39/lib/python3.9/site-packages/airflow/example_dags/example_params_trigger_ui.py
[2025-05-27T19:47:06.905+0530] {processor.py:840} INFO - DAG(s) 'example_params_trigger_ui' retrieved from /Users/zafarimam/Documents/E-Commerce Order Pipeline/airflow_venv_39/lib/python3.9/site-packages/airflow/example_dags/example_params_trigger_ui.py
[2025-05-27T19:47:07.008+0530] {logging_mixin.py:188} INFO - [2025-05-27T19:47:07.008+0530] {dag.py:3036} INFO - Sync 1 DAGs
[2025-05-27T19:47:07.015+0530] {logging_mixin.py:188} INFO - [2025-05-27T19:47:07.014+0530] {dag.py:3823} INFO - Setting next_dagrun for example_params_trigger_ui to None, run_after=None
[2025-05-27T19:47:07.030+0530] {processor.py:183} INFO - Processing /Users/zafarimam/Documents/E-Commerce Order Pipeline/airflow_venv_39/lib/python3.9/site-packages/airflow/example_dags/example_params_trigger_ui.py took 0.165 seconds
[2025-05-27T19:48:49.752+0530] {processor.py:161} INFO - Started process (PID=28958) to work on /Users/zafarimam/Documents/E-Commerce Order Pipeline/airflow_venv_39/lib/python3.9/site-packages/airflow/example_dags/example_params_trigger_ui.py
[2025-05-27T19:48:49.753+0530] {processor.py:830} INFO - Processing file /Users/zafarimam/Documents/E-Commerce Order Pipeline/airflow_venv_39/lib/python3.9/site-packages/airflow/example_dags/example_params_trigger_ui.py for tasks to queue
[2025-05-27T19:48:49.754+0530] {logging_mixin.py:188} INFO - [2025-05-27T19:48:49.753+0530] {dagbag.py:538} INFO - Filling up the DagBag from /Users/zafarimam/Documents/E-Commerce Order Pipeline/airflow_venv_39/lib/python3.9/site-packages/airflow/example_dags/example_params_trigger_ui.py
[2025-05-27T19:48:49.792+0530] {processor.py:840} INFO - DAG(s) 'example_params_trigger_ui' retrieved from /Users/zafarimam/Documents/E-Commerce Order Pipeline/airflow_venv_39/lib/python3.9/site-packages/airflow/example_dags/example_params_trigger_ui.py
[2025-05-27T19:48:49.890+0530] {logging_mixin.py:188} INFO - [2025-05-27T19:48:49.890+0530] {dag.py:3036} INFO - Sync 1 DAGs
[2025-05-27T19:48:49.897+0530] {logging_mixin.py:188} INFO - [2025-05-27T19:48:49.897+0530] {dag.py:3823} INFO - Setting next_dagrun for example_params_trigger_ui to None, run_after=None
[2025-05-27T19:48:49.913+0530] {processor.py:183} INFO - Processing /Users/zafarimam/Documents/E-Commerce Order Pipeline/airflow_venv_39/lib/python3.9/site-packages/airflow/example_dags/example_params_trigger_ui.py took 0.162 seconds
[2025-05-27T19:50:35.342+0530] {processor.py:161} INFO - Started process (PID=29037) to work on /Users/zafarimam/Documents/E-Commerce Order Pipeline/airflow_venv_39/lib/python3.9/site-packages/airflow/example_dags/example_params_trigger_ui.py
[2025-05-27T19:50:35.343+0530] {processor.py:830} INFO - Processing file /Users/zafarimam/Documents/E-Commerce Order Pipeline/airflow_venv_39/lib/python3.9/site-packages/airflow/example_dags/example_params_trigger_ui.py for tasks to queue
[2025-05-27T19:50:35.344+0530] {logging_mixin.py:188} INFO - [2025-05-27T19:50:35.344+0530] {dagbag.py:538} INFO - Filling up the DagBag from /Users/zafarimam/Documents/E-Commerce Order Pipeline/airflow_venv_39/lib/python3.9/site-packages/airflow/example_dags/example_params_trigger_ui.py
[2025-05-27T19:50:35.381+0530] {processor.py:840} INFO - DAG(s) 'example_params_trigger_ui' retrieved from /Users/zafarimam/Documents/E-Commerce Order Pipeline/airflow_venv_39/lib/python3.9/site-packages/airflow/example_dags/example_params_trigger_ui.py
[2025-05-27T19:50:35.485+0530] {logging_mixin.py:188} INFO - [2025-05-27T19:50:35.485+0530] {dag.py:3036} INFO - Sync 1 DAGs
[2025-05-27T19:50:35.492+0530] {logging_mixin.py:188} INFO - [2025-05-27T19:50:35.492+0530] {dag.py:3823} INFO - Setting next_dagrun for example_params_trigger_ui to None, run_after=None
[2025-05-27T19:50:35.506+0530] {processor.py:183} INFO - Processing /Users/zafarimam/Documents/E-Commerce Order Pipeline/airflow_venv_39/lib/python3.9/site-packages/airflow/example_dags/example_params_trigger_ui.py took 0.165 seconds
[2025-05-27T19:52:25.539+0530] {processor.py:161} INFO - Started process (PID=29107) to work on /Users/zafarimam/Documents/E-Commerce Order Pipeline/airflow_venv_39/lib/python3.9/site-packages/airflow/example_dags/example_params_trigger_ui.py
[2025-05-27T19:52:25.541+0530] {processor.py:830} INFO - Processing file /Users/zafarimam/Documents/E-Commerce Order Pipeline/airflow_venv_39/lib/python3.9/site-packages/airflow/example_dags/example_params_trigger_ui.py for tasks to queue
[2025-05-27T19:52:25.541+0530] {logging_mixin.py:188} INFO - [2025-05-27T19:52:25.541+0530] {dagbag.py:538} INFO - Filling up the DagBag from /Users/zafarimam/Documents/E-Commerce Order Pipeline/airflow_venv_39/lib/python3.9/site-packages/airflow/example_dags/example_params_trigger_ui.py
[2025-05-27T19:52:25.583+0530] {processor.py:840} INFO - DAG(s) 'example_params_trigger_ui' retrieved from /Users/zafarimam/Documents/E-Commerce Order Pipeline/airflow_venv_39/lib/python3.9/site-packages/airflow/example_dags/example_params_trigger_ui.py
[2025-05-27T19:52:25.706+0530] {logging_mixin.py:188} INFO - [2025-05-27T19:52:25.705+0530] {dag.py:3036} INFO - Sync 1 DAGs
[2025-05-27T19:52:25.713+0530] {logging_mixin.py:188} INFO - [2025-05-27T19:52:25.713+0530] {dag.py:3823} INFO - Setting next_dagrun for example_params_trigger_ui to None, run_after=None
[2025-05-27T19:52:25.729+0530] {processor.py:183} INFO - Processing /Users/zafarimam/Documents/E-Commerce Order Pipeline/airflow_venv_39/lib/python3.9/site-packages/airflow/example_dags/example_params_trigger_ui.py took 0.191 seconds
