[2025-05-27T17:38:26.773+0530] {processor.py:161} INFO - Started process (PID=22823) to work on /Users/zafarimam/Documents/E-Commerce Order Pipeline/airflow_venv_39/lib/python3.9/site-packages/airflow/example_dags/example_setup_teardown_taskflow.py
[2025-05-27T17:38:26.774+0530] {processor.py:830} INFO - Processing file /Users/zafarimam/Documents/E-Commerce Order Pipeline/airflow_venv_39/lib/python3.9/site-packages/airflow/example_dags/example_setup_teardown_taskflow.py for tasks to queue
[2025-05-27T17:38:26.775+0530] {logging_mixin.py:188} INFO - [2025-05-27T17:38:26.775+0530] {dagbag.py:538} INFO - Filling up the DagBag from /Users/zafarimam/Documents/E-Commerce Order Pipeline/airflow_venv_39/lib/python3.9/site-packages/airflow/example_dags/example_setup_teardown_taskflow.py
[2025-05-27T17:38:26.815+0530] {processor.py:840} INFO - DAG(s) 'example_setup_teardown_taskflow' retrieved from /Users/zafarimam/Documents/E-Commerce Order Pipeline/airflow_venv_39/lib/python3.9/site-packages/airflow/example_dags/example_setup_teardown_taskflow.py
[2025-05-27T17:38:26.964+0530] {logging_mixin.py:188} INFO - [2025-05-27T17:38:26.963+0530] {dag.py:3036} INFO - Sync 1 DAGs
[2025-05-27T17:38:26.976+0530] {logging_mixin.py:188} INFO - [2025-05-27T17:38:26.976+0530] {dag.py:3823} INFO - Setting next_dagrun for example_setup_teardown_taskflow to 2025-05-26 00:00:00+00:00, run_after=2025-05-27 00:00:00+00:00
[2025-05-27T17:38:26.994+0530] {processor.py:183} INFO - Processing /Users/zafarimam/Documents/E-Commerce Order Pipeline/airflow_venv_39/lib/python3.9/site-packages/airflow/example_dags/example_setup_teardown_taskflow.py took 0.222 seconds
[2025-05-27T17:40:31.856+0530] {processor.py:161} INFO - Started process (PID=22911) to work on /Users/zafarimam/Documents/E-Commerce Order Pipeline/airflow_venv_39/lib/python3.9/site-packages/airflow/example_dags/example_setup_teardown_taskflow.py
[2025-05-27T17:40:31.858+0530] {processor.py:830} INFO - Processing file /Users/zafarimam/Documents/E-Commerce Order Pipeline/airflow_venv_39/lib/python3.9/site-packages/airflow/example_dags/example_setup_teardown_taskflow.py for tasks to queue
[2025-05-27T17:40:31.859+0530] {logging_mixin.py:188} INFO - [2025-05-27T17:40:31.859+0530] {dagbag.py:538} INFO - Filling up the DagBag from /Users/zafarimam/Documents/E-Commerce Order Pipeline/airflow_venv_39/lib/python3.9/site-packages/airflow/example_dags/example_setup_teardown_taskflow.py
[2025-05-27T17:40:31.900+0530] {processor.py:840} INFO - DAG(s) 'example_setup_teardown_taskflow' retrieved from /Users/zafarimam/Documents/E-Commerce Order Pipeline/airflow_venv_39/lib/python3.9/site-packages/airflow/example_dags/example_setup_teardown_taskflow.py
[2025-05-27T17:40:31.983+0530] {logging_mixin.py:188} INFO - [2025-05-27T17:40:31.983+0530] {dag.py:3036} INFO - Sync 1 DAGs
[2025-05-27T17:40:31.995+0530] {logging_mixin.py:188} INFO - [2025-05-27T17:40:31.995+0530] {dag.py:3823} INFO - Setting next_dagrun for example_setup_teardown_taskflow to 2025-05-26 00:00:00+00:00, run_after=2025-05-27 00:00:00+00:00
[2025-05-27T17:40:32.011+0530] {processor.py:183} INFO - Processing /Users/zafarimam/Documents/E-Commerce Order Pipeline/airflow_venv_39/lib/python3.9/site-packages/airflow/example_dags/example_setup_teardown_taskflow.py took 0.156 seconds
[2025-05-27T17:42:29.377+0530] {processor.py:161} INFO - Started process (PID=22972) to work on /Users/zafarimam/Documents/E-Commerce Order Pipeline/airflow_venv_39/lib/python3.9/site-packages/airflow/example_dags/example_setup_teardown_taskflow.py
[2025-05-27T17:42:29.378+0530] {processor.py:830} INFO - Processing file /Users/zafarimam/Documents/E-Commerce Order Pipeline/airflow_venv_39/lib/python3.9/site-packages/airflow/example_dags/example_setup_teardown_taskflow.py for tasks to queue
[2025-05-27T17:42:29.379+0530] {logging_mixin.py:188} INFO - [2025-05-27T17:42:29.379+0530] {dagbag.py:538} INFO - Filling up the DagBag from /Users/zafarimam/Documents/E-Commerce Order Pipeline/airflow_venv_39/lib/python3.9/site-packages/airflow/example_dags/example_setup_teardown_taskflow.py
[2025-05-27T17:42:29.418+0530] {processor.py:840} INFO - DAG(s) 'example_setup_teardown_taskflow' retrieved from /Users/zafarimam/Documents/E-Commerce Order Pipeline/airflow_venv_39/lib/python3.9/site-packages/airflow/example_dags/example_setup_teardown_taskflow.py
[2025-05-27T17:42:29.506+0530] {logging_mixin.py:188} INFO - [2025-05-27T17:42:29.506+0530] {dag.py:3036} INFO - Sync 1 DAGs
[2025-05-27T17:42:29.519+0530] {logging_mixin.py:188} INFO - [2025-05-27T17:42:29.519+0530] {dag.py:3823} INFO - Setting next_dagrun for example_setup_teardown_taskflow to 2025-05-26 00:00:00+00:00, run_after=2025-05-27 00:00:00+00:00
[2025-05-27T17:42:29.533+0530] {processor.py:183} INFO - Processing /Users/zafarimam/Documents/E-Commerce Order Pipeline/airflow_venv_39/lib/python3.9/site-packages/airflow/example_dags/example_setup_teardown_taskflow.py took 0.158 seconds
[2025-05-27T17:44:18.527+0530] {processor.py:161} INFO - Started process (PID=23034) to work on /Users/zafarimam/Documents/E-Commerce Order Pipeline/airflow_venv_39/lib/python3.9/site-packages/airflow/example_dags/example_setup_teardown_taskflow.py
[2025-05-27T17:44:18.529+0530] {processor.py:830} INFO - Processing file /Users/zafarimam/Documents/E-Commerce Order Pipeline/airflow_venv_39/lib/python3.9/site-packages/airflow/example_dags/example_setup_teardown_taskflow.py for tasks to queue
[2025-05-27T17:44:18.530+0530] {logging_mixin.py:188} INFO - [2025-05-27T17:44:18.530+0530] {dagbag.py:538} INFO - Filling up the DagBag from /Users/zafarimam/Documents/E-Commerce Order Pipeline/airflow_venv_39/lib/python3.9/site-packages/airflow/example_dags/example_setup_teardown_taskflow.py
[2025-05-27T17:44:18.568+0530] {processor.py:840} INFO - DAG(s) 'example_setup_teardown_taskflow' retrieved from /Users/zafarimam/Documents/E-Commerce Order Pipeline/airflow_venv_39/lib/python3.9/site-packages/airflow/example_dags/example_setup_teardown_taskflow.py
[2025-05-27T17:44:18.648+0530] {logging_mixin.py:188} INFO - [2025-05-27T17:44:18.648+0530] {dag.py:3036} INFO - Sync 1 DAGs
[2025-05-27T17:44:18.660+0530] {logging_mixin.py:188} INFO - [2025-05-27T17:44:18.660+0530] {dag.py:3823} INFO - Setting next_dagrun for example_setup_teardown_taskflow to 2025-05-26 00:00:00+00:00, run_after=2025-05-27 00:00:00+00:00
[2025-05-27T17:44:18.673+0530] {processor.py:183} INFO - Processing /Users/zafarimam/Documents/E-Commerce Order Pipeline/airflow_venv_39/lib/python3.9/site-packages/airflow/example_dags/example_setup_teardown_taskflow.py took 0.147 seconds
[2025-05-27T17:51:15.343+0530] {processor.py:161} INFO - Started process (PID=23124) to work on /Users/zafarimam/Documents/E-Commerce Order Pipeline/airflow_venv_39/lib/python3.9/site-packages/airflow/example_dags/example_setup_teardown_taskflow.py
[2025-05-27T17:51:15.345+0530] {processor.py:830} INFO - Processing file /Users/zafarimam/Documents/E-Commerce Order Pipeline/airflow_venv_39/lib/python3.9/site-packages/airflow/example_dags/example_setup_teardown_taskflow.py for tasks to queue
[2025-05-27T17:51:15.346+0530] {logging_mixin.py:188} INFO - [2025-05-27T17:51:15.345+0530] {dagbag.py:538} INFO - Filling up the DagBag from /Users/zafarimam/Documents/E-Commerce Order Pipeline/airflow_venv_39/lib/python3.9/site-packages/airflow/example_dags/example_setup_teardown_taskflow.py
[2025-05-27T17:51:15.386+0530] {processor.py:840} INFO - DAG(s) 'example_setup_teardown_taskflow' retrieved from /Users/zafarimam/Documents/E-Commerce Order Pipeline/airflow_venv_39/lib/python3.9/site-packages/airflow/example_dags/example_setup_teardown_taskflow.py
[2025-05-27T17:51:15.477+0530] {logging_mixin.py:188} INFO - [2025-05-27T17:51:15.477+0530] {dag.py:3036} INFO - Sync 1 DAGs
[2025-05-27T17:51:15.492+0530] {logging_mixin.py:188} INFO - [2025-05-27T17:51:15.492+0530] {dag.py:3823} INFO - Setting next_dagrun for example_setup_teardown_taskflow to 2025-05-26 00:00:00+00:00, run_after=2025-05-27 00:00:00+00:00
[2025-05-27T17:51:15.508+0530] {processor.py:183} INFO - Processing /Users/zafarimam/Documents/E-Commerce Order Pipeline/airflow_venv_39/lib/python3.9/site-packages/airflow/example_dags/example_setup_teardown_taskflow.py took 0.166 seconds
[2025-05-27T17:53:10.422+0530] {processor.py:161} INFO - Started process (PID=23586) to work on /Users/zafarimam/Documents/E-Commerce Order Pipeline/airflow_venv_39/lib/python3.9/site-packages/airflow/example_dags/example_setup_teardown_taskflow.py
[2025-05-27T17:53:10.424+0530] {processor.py:830} INFO - Processing file /Users/zafarimam/Documents/E-Commerce Order Pipeline/airflow_venv_39/lib/python3.9/site-packages/airflow/example_dags/example_setup_teardown_taskflow.py for tasks to queue
[2025-05-27T17:53:10.424+0530] {logging_mixin.py:188} INFO - [2025-05-27T17:53:10.424+0530] {dagbag.py:538} INFO - Filling up the DagBag from /Users/zafarimam/Documents/E-Commerce Order Pipeline/airflow_venv_39/lib/python3.9/site-packages/airflow/example_dags/example_setup_teardown_taskflow.py
[2025-05-27T17:53:10.467+0530] {processor.py:840} INFO - DAG(s) 'example_setup_teardown_taskflow' retrieved from /Users/zafarimam/Documents/E-Commerce Order Pipeline/airflow_venv_39/lib/python3.9/site-packages/airflow/example_dags/example_setup_teardown_taskflow.py
[2025-05-27T17:53:10.563+0530] {logging_mixin.py:188} INFO - [2025-05-27T17:53:10.562+0530] {dag.py:3036} INFO - Sync 1 DAGs
[2025-05-27T17:53:10.577+0530] {logging_mixin.py:188} INFO - [2025-05-27T17:53:10.577+0530] {dag.py:3823} INFO - Setting next_dagrun for example_setup_teardown_taskflow to 2025-05-26 00:00:00+00:00, run_after=2025-05-27 00:00:00+00:00
[2025-05-27T17:53:10.592+0530] {processor.py:183} INFO - Processing /Users/zafarimam/Documents/E-Commerce Order Pipeline/airflow_venv_39/lib/python3.9/site-packages/airflow/example_dags/example_setup_teardown_taskflow.py took 0.171 seconds
[2025-05-27T17:55:45.368+0530] {processor.py:161} INFO - Started process (PID=24062) to work on /Users/zafarimam/Documents/E-Commerce Order Pipeline/airflow_venv_39/lib/python3.9/site-packages/airflow/example_dags/example_setup_teardown_taskflow.py
[2025-05-27T17:55:45.369+0530] {processor.py:830} INFO - Processing file /Users/zafarimam/Documents/E-Commerce Order Pipeline/airflow_venv_39/lib/python3.9/site-packages/airflow/example_dags/example_setup_teardown_taskflow.py for tasks to queue
[2025-05-27T17:55:45.370+0530] {logging_mixin.py:188} INFO - [2025-05-27T17:55:45.370+0530] {dagbag.py:538} INFO - Filling up the DagBag from /Users/zafarimam/Documents/E-Commerce Order Pipeline/airflow_venv_39/lib/python3.9/site-packages/airflow/example_dags/example_setup_teardown_taskflow.py
[2025-05-27T17:55:45.409+0530] {processor.py:840} INFO - DAG(s) 'example_setup_teardown_taskflow' retrieved from /Users/zafarimam/Documents/E-Commerce Order Pipeline/airflow_venv_39/lib/python3.9/site-packages/airflow/example_dags/example_setup_teardown_taskflow.py
[2025-05-27T17:55:45.552+0530] {logging_mixin.py:188} INFO - [2025-05-27T17:55:45.552+0530] {dag.py:3036} INFO - Sync 1 DAGs
[2025-05-27T17:55:45.566+0530] {logging_mixin.py:188} INFO - [2025-05-27T17:55:45.565+0530] {dag.py:3823} INFO - Setting next_dagrun for example_setup_teardown_taskflow to 2025-05-26 00:00:00+00:00, run_after=2025-05-27 00:00:00+00:00
[2025-05-27T17:55:45.580+0530] {processor.py:183} INFO - Processing /Users/zafarimam/Documents/E-Commerce Order Pipeline/airflow_venv_39/lib/python3.9/site-packages/airflow/example_dags/example_setup_teardown_taskflow.py took 0.214 seconds
[2025-05-27T17:57:56.761+0530] {processor.py:161} INFO - Started process (PID=24491) to work on /Users/zafarimam/Documents/E-Commerce Order Pipeline/airflow_venv_39/lib/python3.9/site-packages/airflow/example_dags/example_setup_teardown_taskflow.py
[2025-05-27T17:57:56.763+0530] {processor.py:830} INFO - Processing file /Users/zafarimam/Documents/E-Commerce Order Pipeline/airflow_venv_39/lib/python3.9/site-packages/airflow/example_dags/example_setup_teardown_taskflow.py for tasks to queue
[2025-05-27T17:57:56.764+0530] {logging_mixin.py:188} INFO - [2025-05-27T17:57:56.764+0530] {dagbag.py:538} INFO - Filling up the DagBag from /Users/zafarimam/Documents/E-Commerce Order Pipeline/airflow_venv_39/lib/python3.9/site-packages/airflow/example_dags/example_setup_teardown_taskflow.py
[2025-05-27T17:57:56.809+0530] {processor.py:840} INFO - DAG(s) 'example_setup_teardown_taskflow' retrieved from /Users/zafarimam/Documents/E-Commerce Order Pipeline/airflow_venv_39/lib/python3.9/site-packages/airflow/example_dags/example_setup_teardown_taskflow.py
[2025-05-27T17:57:56.894+0530] {logging_mixin.py:188} INFO - [2025-05-27T17:57:56.893+0530] {dag.py:3036} INFO - Sync 1 DAGs
[2025-05-27T17:57:56.906+0530] {logging_mixin.py:188} INFO - [2025-05-27T17:57:56.905+0530] {dag.py:3823} INFO - Setting next_dagrun for example_setup_teardown_taskflow to 2025-05-26 00:00:00+00:00, run_after=2025-05-27 00:00:00+00:00
[2025-05-27T17:57:56.918+0530] {processor.py:183} INFO - Processing /Users/zafarimam/Documents/E-Commerce Order Pipeline/airflow_venv_39/lib/python3.9/site-packages/airflow/example_dags/example_setup_teardown_taskflow.py took 0.158 seconds
[2025-05-27T18:06:17.103+0530] {processor.py:161} INFO - Started process (PID=25104) to work on /Users/zafarimam/Documents/E-Commerce Order Pipeline/airflow_venv_39/lib/python3.9/site-packages/airflow/example_dags/example_setup_teardown_taskflow.py
[2025-05-27T18:06:17.105+0530] {processor.py:830} INFO - Processing file /Users/zafarimam/Documents/E-Commerce Order Pipeline/airflow_venv_39/lib/python3.9/site-packages/airflow/example_dags/example_setup_teardown_taskflow.py for tasks to queue
[2025-05-27T18:06:17.106+0530] {logging_mixin.py:188} INFO - [2025-05-27T18:06:17.106+0530] {dagbag.py:538} INFO - Filling up the DagBag from /Users/zafarimam/Documents/E-Commerce Order Pipeline/airflow_venv_39/lib/python3.9/site-packages/airflow/example_dags/example_setup_teardown_taskflow.py
[2025-05-27T18:06:17.151+0530] {processor.py:840} INFO - DAG(s) 'example_setup_teardown_taskflow' retrieved from /Users/zafarimam/Documents/E-Commerce Order Pipeline/airflow_venv_39/lib/python3.9/site-packages/airflow/example_dags/example_setup_teardown_taskflow.py
[2025-05-27T18:06:17.253+0530] {logging_mixin.py:188} INFO - [2025-05-27T18:06:17.253+0530] {dag.py:3036} INFO - Sync 1 DAGs
[2025-05-27T18:06:17.268+0530] {logging_mixin.py:188} INFO - [2025-05-27T18:06:17.268+0530] {dag.py:3823} INFO - Setting next_dagrun for example_setup_teardown_taskflow to 2025-05-26 00:00:00+00:00, run_after=2025-05-27 00:00:00+00:00
[2025-05-27T18:06:17.289+0530] {processor.py:183} INFO - Processing /Users/zafarimam/Documents/E-Commerce Order Pipeline/airflow_venv_39/lib/python3.9/site-packages/airflow/example_dags/example_setup_teardown_taskflow.py took 0.188 seconds
[2025-05-27T18:08:21.095+0530] {processor.py:161} INFO - Started process (PID=25171) to work on /Users/zafarimam/Documents/E-Commerce Order Pipeline/airflow_venv_39/lib/python3.9/site-packages/airflow/example_dags/example_setup_teardown_taskflow.py
[2025-05-27T18:08:21.096+0530] {processor.py:830} INFO - Processing file /Users/zafarimam/Documents/E-Commerce Order Pipeline/airflow_venv_39/lib/python3.9/site-packages/airflow/example_dags/example_setup_teardown_taskflow.py for tasks to queue
[2025-05-27T18:08:21.096+0530] {logging_mixin.py:188} INFO - [2025-05-27T18:08:21.096+0530] {dagbag.py:538} INFO - Filling up the DagBag from /Users/zafarimam/Documents/E-Commerce Order Pipeline/airflow_venv_39/lib/python3.9/site-packages/airflow/example_dags/example_setup_teardown_taskflow.py
[2025-05-27T18:08:21.141+0530] {processor.py:840} INFO - DAG(s) 'example_setup_teardown_taskflow' retrieved from /Users/zafarimam/Documents/E-Commerce Order Pipeline/airflow_venv_39/lib/python3.9/site-packages/airflow/example_dags/example_setup_teardown_taskflow.py
[2025-05-27T18:08:21.237+0530] {logging_mixin.py:188} INFO - [2025-05-27T18:08:21.237+0530] {dag.py:3036} INFO - Sync 1 DAGs
[2025-05-27T18:08:21.251+0530] {logging_mixin.py:188} INFO - [2025-05-27T18:08:21.251+0530] {dag.py:3823} INFO - Setting next_dagrun for example_setup_teardown_taskflow to 2025-05-26 00:00:00+00:00, run_after=2025-05-27 00:00:00+00:00
[2025-05-27T18:08:21.267+0530] {processor.py:183} INFO - Processing /Users/zafarimam/Documents/E-Commerce Order Pipeline/airflow_venv_39/lib/python3.9/site-packages/airflow/example_dags/example_setup_teardown_taskflow.py took 0.174 seconds
[2025-05-27T18:10:15.809+0530] {processor.py:161} INFO - Started process (PID=25227) to work on /Users/zafarimam/Documents/E-Commerce Order Pipeline/airflow_venv_39/lib/python3.9/site-packages/airflow/example_dags/example_setup_teardown_taskflow.py
[2025-05-27T18:10:15.810+0530] {processor.py:830} INFO - Processing file /Users/zafarimam/Documents/E-Commerce Order Pipeline/airflow_venv_39/lib/python3.9/site-packages/airflow/example_dags/example_setup_teardown_taskflow.py for tasks to queue
[2025-05-27T18:10:15.811+0530] {logging_mixin.py:188} INFO - [2025-05-27T18:10:15.810+0530] {dagbag.py:538} INFO - Filling up the DagBag from /Users/zafarimam/Documents/E-Commerce Order Pipeline/airflow_venv_39/lib/python3.9/site-packages/airflow/example_dags/example_setup_teardown_taskflow.py
[2025-05-27T18:10:15.848+0530] {processor.py:840} INFO - DAG(s) 'example_setup_teardown_taskflow' retrieved from /Users/zafarimam/Documents/E-Commerce Order Pipeline/airflow_venv_39/lib/python3.9/site-packages/airflow/example_dags/example_setup_teardown_taskflow.py
[2025-05-27T18:10:15.929+0530] {logging_mixin.py:188} INFO - [2025-05-27T18:10:15.928+0530] {dag.py:3036} INFO - Sync 1 DAGs
[2025-05-27T18:10:15.940+0530] {logging_mixin.py:188} INFO - [2025-05-27T18:10:15.940+0530] {dag.py:3823} INFO - Setting next_dagrun for example_setup_teardown_taskflow to 2025-05-26 00:00:00+00:00, run_after=2025-05-27 00:00:00+00:00
[2025-05-27T18:10:15.953+0530] {processor.py:183} INFO - Processing /Users/zafarimam/Documents/E-Commerce Order Pipeline/airflow_venv_39/lib/python3.9/site-packages/airflow/example_dags/example_setup_teardown_taskflow.py took 0.145 seconds
[2025-05-27T18:12:02.391+0530] {processor.py:161} INFO - Started process (PID=25287) to work on /Users/zafarimam/Documents/E-Commerce Order Pipeline/airflow_venv_39/lib/python3.9/site-packages/airflow/example_dags/example_setup_teardown_taskflow.py
[2025-05-27T18:12:02.392+0530] {processor.py:830} INFO - Processing file /Users/zafarimam/Documents/E-Commerce Order Pipeline/airflow_venv_39/lib/python3.9/site-packages/airflow/example_dags/example_setup_teardown_taskflow.py for tasks to queue
[2025-05-27T18:12:02.393+0530] {logging_mixin.py:188} INFO - [2025-05-27T18:12:02.392+0530] {dagbag.py:538} INFO - Filling up the DagBag from /Users/zafarimam/Documents/E-Commerce Order Pipeline/airflow_venv_39/lib/python3.9/site-packages/airflow/example_dags/example_setup_teardown_taskflow.py
[2025-05-27T18:12:02.433+0530] {processor.py:840} INFO - DAG(s) 'example_setup_teardown_taskflow' retrieved from /Users/zafarimam/Documents/E-Commerce Order Pipeline/airflow_venv_39/lib/python3.9/site-packages/airflow/example_dags/example_setup_teardown_taskflow.py
[2025-05-27T18:12:02.515+0530] {logging_mixin.py:188} INFO - [2025-05-27T18:12:02.514+0530] {dag.py:3036} INFO - Sync 1 DAGs
[2025-05-27T18:12:02.526+0530] {logging_mixin.py:188} INFO - [2025-05-27T18:12:02.526+0530] {dag.py:3823} INFO - Setting next_dagrun for example_setup_teardown_taskflow to 2025-05-26 00:00:00+00:00, run_after=2025-05-27 00:00:00+00:00
[2025-05-27T18:12:02.540+0530] {processor.py:183} INFO - Processing /Users/zafarimam/Documents/E-Commerce Order Pipeline/airflow_venv_39/lib/python3.9/site-packages/airflow/example_dags/example_setup_teardown_taskflow.py took 0.150 seconds
[2025-05-27T18:14:04.602+0530] {processor.py:161} INFO - Started process (PID=25358) to work on /Users/zafarimam/Documents/E-Commerce Order Pipeline/airflow_venv_39/lib/python3.9/site-packages/airflow/example_dags/example_setup_teardown_taskflow.py
[2025-05-27T18:14:04.604+0530] {processor.py:830} INFO - Processing file /Users/zafarimam/Documents/E-Commerce Order Pipeline/airflow_venv_39/lib/python3.9/site-packages/airflow/example_dags/example_setup_teardown_taskflow.py for tasks to queue
[2025-05-27T18:14:04.605+0530] {logging_mixin.py:188} INFO - [2025-05-27T18:14:04.605+0530] {dagbag.py:538} INFO - Filling up the DagBag from /Users/zafarimam/Documents/E-Commerce Order Pipeline/airflow_venv_39/lib/python3.9/site-packages/airflow/example_dags/example_setup_teardown_taskflow.py
[2025-05-27T18:14:04.643+0530] {processor.py:840} INFO - DAG(s) 'example_setup_teardown_taskflow' retrieved from /Users/zafarimam/Documents/E-Commerce Order Pipeline/airflow_venv_39/lib/python3.9/site-packages/airflow/example_dags/example_setup_teardown_taskflow.py
[2025-05-27T18:14:04.729+0530] {logging_mixin.py:188} INFO - [2025-05-27T18:14:04.729+0530] {dag.py:3036} INFO - Sync 1 DAGs
[2025-05-27T18:14:04.745+0530] {logging_mixin.py:188} INFO - [2025-05-27T18:14:04.744+0530] {dag.py:3823} INFO - Setting next_dagrun for example_setup_teardown_taskflow to 2025-05-26 00:00:00+00:00, run_after=2025-05-27 00:00:00+00:00
[2025-05-27T18:14:04.760+0530] {processor.py:183} INFO - Processing /Users/zafarimam/Documents/E-Commerce Order Pipeline/airflow_venv_39/lib/python3.9/site-packages/airflow/example_dags/example_setup_teardown_taskflow.py took 0.159 seconds
[2025-05-27T18:15:50.294+0530] {processor.py:161} INFO - Started process (PID=25420) to work on /Users/zafarimam/Documents/E-Commerce Order Pipeline/airflow_venv_39/lib/python3.9/site-packages/airflow/example_dags/example_setup_teardown_taskflow.py
[2025-05-27T18:15:50.295+0530] {processor.py:830} INFO - Processing file /Users/zafarimam/Documents/E-Commerce Order Pipeline/airflow_venv_39/lib/python3.9/site-packages/airflow/example_dags/example_setup_teardown_taskflow.py for tasks to queue
[2025-05-27T18:15:50.295+0530] {logging_mixin.py:188} INFO - [2025-05-27T18:15:50.295+0530] {dagbag.py:538} INFO - Filling up the DagBag from /Users/zafarimam/Documents/E-Commerce Order Pipeline/airflow_venv_39/lib/python3.9/site-packages/airflow/example_dags/example_setup_teardown_taskflow.py
[2025-05-27T18:15:50.335+0530] {processor.py:840} INFO - DAG(s) 'example_setup_teardown_taskflow' retrieved from /Users/zafarimam/Documents/E-Commerce Order Pipeline/airflow_venv_39/lib/python3.9/site-packages/airflow/example_dags/example_setup_teardown_taskflow.py
[2025-05-27T18:15:50.415+0530] {logging_mixin.py:188} INFO - [2025-05-27T18:15:50.415+0530] {dag.py:3036} INFO - Sync 1 DAGs
[2025-05-27T18:15:50.427+0530] {logging_mixin.py:188} INFO - [2025-05-27T18:15:50.427+0530] {dag.py:3823} INFO - Setting next_dagrun for example_setup_teardown_taskflow to 2025-05-26 00:00:00+00:00, run_after=2025-05-27 00:00:00+00:00
[2025-05-27T18:15:50.440+0530] {processor.py:183} INFO - Processing /Users/zafarimam/Documents/E-Commerce Order Pipeline/airflow_venv_39/lib/python3.9/site-packages/airflow/example_dags/example_setup_teardown_taskflow.py took 0.147 seconds
[2025-05-27T18:17:33.179+0530] {processor.py:161} INFO - Started process (PID=25475) to work on /Users/zafarimam/Documents/E-Commerce Order Pipeline/airflow_venv_39/lib/python3.9/site-packages/airflow/example_dags/example_setup_teardown_taskflow.py
[2025-05-27T18:17:33.180+0530] {processor.py:830} INFO - Processing file /Users/zafarimam/Documents/E-Commerce Order Pipeline/airflow_venv_39/lib/python3.9/site-packages/airflow/example_dags/example_setup_teardown_taskflow.py for tasks to queue
[2025-05-27T18:17:33.180+0530] {logging_mixin.py:188} INFO - [2025-05-27T18:17:33.180+0530] {dagbag.py:538} INFO - Filling up the DagBag from /Users/zafarimam/Documents/E-Commerce Order Pipeline/airflow_venv_39/lib/python3.9/site-packages/airflow/example_dags/example_setup_teardown_taskflow.py
[2025-05-27T18:17:33.218+0530] {processor.py:840} INFO - DAG(s) 'example_setup_teardown_taskflow' retrieved from /Users/zafarimam/Documents/E-Commerce Order Pipeline/airflow_venv_39/lib/python3.9/site-packages/airflow/example_dags/example_setup_teardown_taskflow.py
[2025-05-27T18:17:33.297+0530] {logging_mixin.py:188} INFO - [2025-05-27T18:17:33.297+0530] {dag.py:3036} INFO - Sync 1 DAGs
[2025-05-27T18:17:33.311+0530] {logging_mixin.py:188} INFO - [2025-05-27T18:17:33.311+0530] {dag.py:3823} INFO - Setting next_dagrun for example_setup_teardown_taskflow to 2025-05-26 00:00:00+00:00, run_after=2025-05-27 00:00:00+00:00
[2025-05-27T18:17:33.325+0530] {processor.py:183} INFO - Processing /Users/zafarimam/Documents/E-Commerce Order Pipeline/airflow_venv_39/lib/python3.9/site-packages/airflow/example_dags/example_setup_teardown_taskflow.py took 0.148 seconds
[2025-05-27T18:22:09.690+0530] {processor.py:161} INFO - Started process (PID=25680) to work on /Users/zafarimam/Documents/E-Commerce Order Pipeline/airflow_venv_39/lib/python3.9/site-packages/airflow/example_dags/example_setup_teardown_taskflow.py
[2025-05-27T18:22:09.692+0530] {processor.py:830} INFO - Processing file /Users/zafarimam/Documents/E-Commerce Order Pipeline/airflow_venv_39/lib/python3.9/site-packages/airflow/example_dags/example_setup_teardown_taskflow.py for tasks to queue
[2025-05-27T18:22:09.692+0530] {logging_mixin.py:188} INFO - [2025-05-27T18:22:09.692+0530] {dagbag.py:538} INFO - Filling up the DagBag from /Users/zafarimam/Documents/E-Commerce Order Pipeline/airflow_venv_39/lib/python3.9/site-packages/airflow/example_dags/example_setup_teardown_taskflow.py
[2025-05-27T18:22:09.733+0530] {processor.py:840} INFO - DAG(s) 'example_setup_teardown_taskflow' retrieved from /Users/zafarimam/Documents/E-Commerce Order Pipeline/airflow_venv_39/lib/python3.9/site-packages/airflow/example_dags/example_setup_teardown_taskflow.py
[2025-05-27T18:22:09.816+0530] {logging_mixin.py:188} INFO - [2025-05-27T18:22:09.816+0530] {dag.py:3036} INFO - Sync 1 DAGs
[2025-05-27T18:22:09.829+0530] {logging_mixin.py:188} INFO - [2025-05-27T18:22:09.829+0530] {dag.py:3823} INFO - Setting next_dagrun for example_setup_teardown_taskflow to 2025-05-26 00:00:00+00:00, run_after=2025-05-27 00:00:00+00:00
[2025-05-27T18:22:09.843+0530] {processor.py:183} INFO - Processing /Users/zafarimam/Documents/E-Commerce Order Pipeline/airflow_venv_39/lib/python3.9/site-packages/airflow/example_dags/example_setup_teardown_taskflow.py took 0.155 seconds
[2025-05-27T18:27:25.790+0530] {processor.py:161} INFO - Started process (PID=25854) to work on /Users/zafarimam/Documents/E-Commerce Order Pipeline/airflow_venv_39/lib/python3.9/site-packages/airflow/example_dags/example_setup_teardown_taskflow.py
[2025-05-27T18:27:25.791+0530] {processor.py:830} INFO - Processing file /Users/zafarimam/Documents/E-Commerce Order Pipeline/airflow_venv_39/lib/python3.9/site-packages/airflow/example_dags/example_setup_teardown_taskflow.py for tasks to queue
[2025-05-27T18:27:25.792+0530] {logging_mixin.py:188} INFO - [2025-05-27T18:27:25.792+0530] {dagbag.py:538} INFO - Filling up the DagBag from /Users/zafarimam/Documents/E-Commerce Order Pipeline/airflow_venv_39/lib/python3.9/site-packages/airflow/example_dags/example_setup_teardown_taskflow.py
[2025-05-27T18:27:25.833+0530] {processor.py:840} INFO - DAG(s) 'example_setup_teardown_taskflow' retrieved from /Users/zafarimam/Documents/E-Commerce Order Pipeline/airflow_venv_39/lib/python3.9/site-packages/airflow/example_dags/example_setup_teardown_taskflow.py
[2025-05-27T18:27:25.920+0530] {logging_mixin.py:188} INFO - [2025-05-27T18:27:25.920+0530] {dag.py:3036} INFO - Sync 1 DAGs
[2025-05-27T18:27:25.934+0530] {logging_mixin.py:188} INFO - [2025-05-27T18:27:25.934+0530] {dag.py:3823} INFO - Setting next_dagrun for example_setup_teardown_taskflow to 2025-05-26 00:00:00+00:00, run_after=2025-05-27 00:00:00+00:00
[2025-05-27T18:27:25.948+0530] {processor.py:183} INFO - Processing /Users/zafarimam/Documents/E-Commerce Order Pipeline/airflow_venv_39/lib/python3.9/site-packages/airflow/example_dags/example_setup_teardown_taskflow.py took 0.160 seconds
[2025-05-27T18:29:27.490+0530] {processor.py:161} INFO - Started process (PID=25925) to work on /Users/zafarimam/Documents/E-Commerce Order Pipeline/airflow_venv_39/lib/python3.9/site-packages/airflow/example_dags/example_setup_teardown_taskflow.py
[2025-05-27T18:29:27.491+0530] {processor.py:830} INFO - Processing file /Users/zafarimam/Documents/E-Commerce Order Pipeline/airflow_venv_39/lib/python3.9/site-packages/airflow/example_dags/example_setup_teardown_taskflow.py for tasks to queue
[2025-05-27T18:29:27.492+0530] {logging_mixin.py:188} INFO - [2025-05-27T18:29:27.492+0530] {dagbag.py:538} INFO - Filling up the DagBag from /Users/zafarimam/Documents/E-Commerce Order Pipeline/airflow_venv_39/lib/python3.9/site-packages/airflow/example_dags/example_setup_teardown_taskflow.py
[2025-05-27T18:29:27.531+0530] {processor.py:840} INFO - DAG(s) 'example_setup_teardown_taskflow' retrieved from /Users/zafarimam/Documents/E-Commerce Order Pipeline/airflow_venv_39/lib/python3.9/site-packages/airflow/example_dags/example_setup_teardown_taskflow.py
[2025-05-27T18:29:27.614+0530] {logging_mixin.py:188} INFO - [2025-05-27T18:29:27.614+0530] {dag.py:3036} INFO - Sync 1 DAGs
[2025-05-27T18:29:27.627+0530] {logging_mixin.py:188} INFO - [2025-05-27T18:29:27.626+0530] {dag.py:3823} INFO - Setting next_dagrun for example_setup_teardown_taskflow to 2025-05-26 00:00:00+00:00, run_after=2025-05-27 00:00:00+00:00
[2025-05-27T18:29:27.641+0530] {processor.py:183} INFO - Processing /Users/zafarimam/Documents/E-Commerce Order Pipeline/airflow_venv_39/lib/python3.9/site-packages/airflow/example_dags/example_setup_teardown_taskflow.py took 0.151 seconds
[2025-05-27T18:31:16.018+0530] {processor.py:161} INFO - Started process (PID=25984) to work on /Users/zafarimam/Documents/E-Commerce Order Pipeline/airflow_venv_39/lib/python3.9/site-packages/airflow/example_dags/example_setup_teardown_taskflow.py
[2025-05-27T18:31:16.019+0530] {processor.py:830} INFO - Processing file /Users/zafarimam/Documents/E-Commerce Order Pipeline/airflow_venv_39/lib/python3.9/site-packages/airflow/example_dags/example_setup_teardown_taskflow.py for tasks to queue
[2025-05-27T18:31:16.020+0530] {logging_mixin.py:188} INFO - [2025-05-27T18:31:16.020+0530] {dagbag.py:538} INFO - Filling up the DagBag from /Users/zafarimam/Documents/E-Commerce Order Pipeline/airflow_venv_39/lib/python3.9/site-packages/airflow/example_dags/example_setup_teardown_taskflow.py
[2025-05-27T18:31:16.058+0530] {processor.py:840} INFO - DAG(s) 'example_setup_teardown_taskflow' retrieved from /Users/zafarimam/Documents/E-Commerce Order Pipeline/airflow_venv_39/lib/python3.9/site-packages/airflow/example_dags/example_setup_teardown_taskflow.py
[2025-05-27T18:31:16.137+0530] {logging_mixin.py:188} INFO - [2025-05-27T18:31:16.137+0530] {dag.py:3036} INFO - Sync 1 DAGs
[2025-05-27T18:31:16.149+0530] {logging_mixin.py:188} INFO - [2025-05-27T18:31:16.149+0530] {dag.py:3823} INFO - Setting next_dagrun for example_setup_teardown_taskflow to 2025-05-26 00:00:00+00:00, run_after=2025-05-27 00:00:00+00:00
[2025-05-27T18:31:16.161+0530] {processor.py:183} INFO - Processing /Users/zafarimam/Documents/E-Commerce Order Pipeline/airflow_venv_39/lib/python3.9/site-packages/airflow/example_dags/example_setup_teardown_taskflow.py took 0.144 seconds
[2025-05-27T18:33:06.547+0530] {processor.py:161} INFO - Started process (PID=26042) to work on /Users/zafarimam/Documents/E-Commerce Order Pipeline/airflow_venv_39/lib/python3.9/site-packages/airflow/example_dags/example_setup_teardown_taskflow.py
[2025-05-27T18:33:06.548+0530] {processor.py:830} INFO - Processing file /Users/zafarimam/Documents/E-Commerce Order Pipeline/airflow_venv_39/lib/python3.9/site-packages/airflow/example_dags/example_setup_teardown_taskflow.py for tasks to queue
[2025-05-27T18:33:06.549+0530] {logging_mixin.py:188} INFO - [2025-05-27T18:33:06.549+0530] {dagbag.py:538} INFO - Filling up the DagBag from /Users/zafarimam/Documents/E-Commerce Order Pipeline/airflow_venv_39/lib/python3.9/site-packages/airflow/example_dags/example_setup_teardown_taskflow.py
[2025-05-27T18:33:06.588+0530] {processor.py:840} INFO - DAG(s) 'example_setup_teardown_taskflow' retrieved from /Users/zafarimam/Documents/E-Commerce Order Pipeline/airflow_venv_39/lib/python3.9/site-packages/airflow/example_dags/example_setup_teardown_taskflow.py
[2025-05-27T18:33:06.671+0530] {logging_mixin.py:188} INFO - [2025-05-27T18:33:06.670+0530] {dag.py:3036} INFO - Sync 1 DAGs
[2025-05-27T18:33:06.686+0530] {logging_mixin.py:188} INFO - [2025-05-27T18:33:06.686+0530] {dag.py:3823} INFO - Setting next_dagrun for example_setup_teardown_taskflow to 2025-05-26 00:00:00+00:00, run_after=2025-05-27 00:00:00+00:00
[2025-05-27T18:33:06.704+0530] {processor.py:183} INFO - Processing /Users/zafarimam/Documents/E-Commerce Order Pipeline/airflow_venv_39/lib/python3.9/site-packages/airflow/example_dags/example_setup_teardown_taskflow.py took 0.158 seconds
[2025-05-27T18:36:57.199+0530] {processor.py:161} INFO - Started process (PID=26206) to work on /Users/zafarimam/Documents/E-Commerce Order Pipeline/airflow_venv_39/lib/python3.9/site-packages/airflow/example_dags/example_setup_teardown_taskflow.py
[2025-05-27T18:36:57.201+0530] {processor.py:830} INFO - Processing file /Users/zafarimam/Documents/E-Commerce Order Pipeline/airflow_venv_39/lib/python3.9/site-packages/airflow/example_dags/example_setup_teardown_taskflow.py for tasks to queue
[2025-05-27T18:36:57.201+0530] {logging_mixin.py:188} INFO - [2025-05-27T18:36:57.201+0530] {dagbag.py:538} INFO - Filling up the DagBag from /Users/zafarimam/Documents/E-Commerce Order Pipeline/airflow_venv_39/lib/python3.9/site-packages/airflow/example_dags/example_setup_teardown_taskflow.py
[2025-05-27T18:36:57.241+0530] {processor.py:840} INFO - DAG(s) 'example_setup_teardown_taskflow' retrieved from /Users/zafarimam/Documents/E-Commerce Order Pipeline/airflow_venv_39/lib/python3.9/site-packages/airflow/example_dags/example_setup_teardown_taskflow.py
[2025-05-27T18:36:57.333+0530] {logging_mixin.py:188} INFO - [2025-05-27T18:36:57.333+0530] {dag.py:3036} INFO - Sync 1 DAGs
[2025-05-27T18:36:57.347+0530] {logging_mixin.py:188} INFO - [2025-05-27T18:36:57.347+0530] {dag.py:3823} INFO - Setting next_dagrun for example_setup_teardown_taskflow to 2025-05-26 00:00:00+00:00, run_after=2025-05-27 00:00:00+00:00
[2025-05-27T18:36:57.362+0530] {processor.py:183} INFO - Processing /Users/zafarimam/Documents/E-Commerce Order Pipeline/airflow_venv_39/lib/python3.9/site-packages/airflow/example_dags/example_setup_teardown_taskflow.py took 0.165 seconds
[2025-05-27T18:46:52.867+0530] {processor.py:161} INFO - Started process (PID=26722) to work on /Users/zafarimam/Documents/E-Commerce Order Pipeline/airflow_venv_39/lib/python3.9/site-packages/airflow/example_dags/example_setup_teardown_taskflow.py
[2025-05-27T18:46:52.869+0530] {processor.py:830} INFO - Processing file /Users/zafarimam/Documents/E-Commerce Order Pipeline/airflow_venv_39/lib/python3.9/site-packages/airflow/example_dags/example_setup_teardown_taskflow.py for tasks to queue
[2025-05-27T18:46:52.871+0530] {logging_mixin.py:188} INFO - [2025-05-27T18:46:52.870+0530] {dagbag.py:538} INFO - Filling up the DagBag from /Users/zafarimam/Documents/E-Commerce Order Pipeline/airflow_venv_39/lib/python3.9/site-packages/airflow/example_dags/example_setup_teardown_taskflow.py
[2025-05-27T18:46:52.902+0530] {processor.py:840} INFO - DAG(s) 'example_setup_teardown_taskflow' retrieved from /Users/zafarimam/Documents/E-Commerce Order Pipeline/airflow_venv_39/lib/python3.9/site-packages/airflow/example_dags/example_setup_teardown_taskflow.py
[2025-05-27T18:46:53.035+0530] {logging_mixin.py:188} INFO - [2025-05-27T18:46:53.035+0530] {dag.py:3036} INFO - Sync 1 DAGs
[2025-05-27T18:46:53.047+0530] {logging_mixin.py:188} INFO - [2025-05-27T18:46:53.047+0530] {dag.py:3823} INFO - Setting next_dagrun for example_setup_teardown_taskflow to 2025-05-26 00:00:00+00:00, run_after=2025-05-27 00:00:00+00:00
[2025-05-27T18:46:53.065+0530] {processor.py:183} INFO - Processing /Users/zafarimam/Documents/E-Commerce Order Pipeline/airflow_venv_39/lib/python3.9/site-packages/airflow/example_dags/example_setup_teardown_taskflow.py took 0.199 seconds
[2025-05-27T18:48:48.685+0530] {processor.py:161} INFO - Started process (PID=26799) to work on /Users/zafarimam/Documents/E-Commerce Order Pipeline/airflow_venv_39/lib/python3.9/site-packages/airflow/example_dags/example_setup_teardown_taskflow.py
[2025-05-27T18:48:48.686+0530] {processor.py:830} INFO - Processing file /Users/zafarimam/Documents/E-Commerce Order Pipeline/airflow_venv_39/lib/python3.9/site-packages/airflow/example_dags/example_setup_teardown_taskflow.py for tasks to queue
[2025-05-27T18:48:48.687+0530] {logging_mixin.py:188} INFO - [2025-05-27T18:48:48.686+0530] {dagbag.py:538} INFO - Filling up the DagBag from /Users/zafarimam/Documents/E-Commerce Order Pipeline/airflow_venv_39/lib/python3.9/site-packages/airflow/example_dags/example_setup_teardown_taskflow.py
[2025-05-27T18:48:48.724+0530] {processor.py:840} INFO - DAG(s) 'example_setup_teardown_taskflow' retrieved from /Users/zafarimam/Documents/E-Commerce Order Pipeline/airflow_venv_39/lib/python3.9/site-packages/airflow/example_dags/example_setup_teardown_taskflow.py
[2025-05-27T18:48:48.815+0530] {logging_mixin.py:188} INFO - [2025-05-27T18:48:48.815+0530] {dag.py:3036} INFO - Sync 1 DAGs
[2025-05-27T18:48:48.829+0530] {logging_mixin.py:188} INFO - [2025-05-27T18:48:48.829+0530] {dag.py:3823} INFO - Setting next_dagrun for example_setup_teardown_taskflow to 2025-05-26 00:00:00+00:00, run_after=2025-05-27 00:00:00+00:00
[2025-05-27T18:48:48.844+0530] {processor.py:183} INFO - Processing /Users/zafarimam/Documents/E-Commerce Order Pipeline/airflow_venv_39/lib/python3.9/site-packages/airflow/example_dags/example_setup_teardown_taskflow.py took 0.161 seconds
[2025-05-27T18:50:41.723+0530] {processor.py:161} INFO - Started process (PID=26870) to work on /Users/zafarimam/Documents/E-Commerce Order Pipeline/airflow_venv_39/lib/python3.9/site-packages/airflow/example_dags/example_setup_teardown_taskflow.py
[2025-05-27T18:50:41.725+0530] {processor.py:830} INFO - Processing file /Users/zafarimam/Documents/E-Commerce Order Pipeline/airflow_venv_39/lib/python3.9/site-packages/airflow/example_dags/example_setup_teardown_taskflow.py for tasks to queue
[2025-05-27T18:50:41.726+0530] {logging_mixin.py:188} INFO - [2025-05-27T18:50:41.726+0530] {dagbag.py:538} INFO - Filling up the DagBag from /Users/zafarimam/Documents/E-Commerce Order Pipeline/airflow_venv_39/lib/python3.9/site-packages/airflow/example_dags/example_setup_teardown_taskflow.py
[2025-05-27T18:50:41.770+0530] {processor.py:840} INFO - DAG(s) 'example_setup_teardown_taskflow' retrieved from /Users/zafarimam/Documents/E-Commerce Order Pipeline/airflow_venv_39/lib/python3.9/site-packages/airflow/example_dags/example_setup_teardown_taskflow.py
[2025-05-27T18:50:41.870+0530] {logging_mixin.py:188} INFO - [2025-05-27T18:50:41.870+0530] {dag.py:3036} INFO - Sync 1 DAGs
[2025-05-27T18:50:41.886+0530] {logging_mixin.py:188} INFO - [2025-05-27T18:50:41.885+0530] {dag.py:3823} INFO - Setting next_dagrun for example_setup_teardown_taskflow to 2025-05-26 00:00:00+00:00, run_after=2025-05-27 00:00:00+00:00
[2025-05-27T18:50:41.901+0530] {processor.py:183} INFO - Processing /Users/zafarimam/Documents/E-Commerce Order Pipeline/airflow_venv_39/lib/python3.9/site-packages/airflow/example_dags/example_setup_teardown_taskflow.py took 0.179 seconds
[2025-05-27T18:52:38.975+0530] {processor.py:161} INFO - Started process (PID=26949) to work on /Users/zafarimam/Documents/E-Commerce Order Pipeline/airflow_venv_39/lib/python3.9/site-packages/airflow/example_dags/example_setup_teardown_taskflow.py
[2025-05-27T18:52:38.976+0530] {processor.py:830} INFO - Processing file /Users/zafarimam/Documents/E-Commerce Order Pipeline/airflow_venv_39/lib/python3.9/site-packages/airflow/example_dags/example_setup_teardown_taskflow.py for tasks to queue
[2025-05-27T18:52:38.977+0530] {logging_mixin.py:188} INFO - [2025-05-27T18:52:38.977+0530] {dagbag.py:538} INFO - Filling up the DagBag from /Users/zafarimam/Documents/E-Commerce Order Pipeline/airflow_venv_39/lib/python3.9/site-packages/airflow/example_dags/example_setup_teardown_taskflow.py
[2025-05-27T18:52:39.016+0530] {processor.py:840} INFO - DAG(s) 'example_setup_teardown_taskflow' retrieved from /Users/zafarimam/Documents/E-Commerce Order Pipeline/airflow_venv_39/lib/python3.9/site-packages/airflow/example_dags/example_setup_teardown_taskflow.py
[2025-05-27T18:52:39.101+0530] {logging_mixin.py:188} INFO - [2025-05-27T18:52:39.100+0530] {dag.py:3036} INFO - Sync 1 DAGs
[2025-05-27T18:52:39.113+0530] {logging_mixin.py:188} INFO - [2025-05-27T18:52:39.112+0530] {dag.py:3823} INFO - Setting next_dagrun for example_setup_teardown_taskflow to 2025-05-26 00:00:00+00:00, run_after=2025-05-27 00:00:00+00:00
[2025-05-27T18:52:39.126+0530] {processor.py:183} INFO - Processing /Users/zafarimam/Documents/E-Commerce Order Pipeline/airflow_venv_39/lib/python3.9/site-packages/airflow/example_dags/example_setup_teardown_taskflow.py took 0.152 seconds
[2025-05-27T18:54:40.061+0530] {processor.py:161} INFO - Started process (PID=27010) to work on /Users/zafarimam/Documents/E-Commerce Order Pipeline/airflow_venv_39/lib/python3.9/site-packages/airflow/example_dags/example_setup_teardown_taskflow.py
[2025-05-27T18:54:40.063+0530] {processor.py:830} INFO - Processing file /Users/zafarimam/Documents/E-Commerce Order Pipeline/airflow_venv_39/lib/python3.9/site-packages/airflow/example_dags/example_setup_teardown_taskflow.py for tasks to queue
[2025-05-27T18:54:40.064+0530] {logging_mixin.py:188} INFO - [2025-05-27T18:54:40.063+0530] {dagbag.py:538} INFO - Filling up the DagBag from /Users/zafarimam/Documents/E-Commerce Order Pipeline/airflow_venv_39/lib/python3.9/site-packages/airflow/example_dags/example_setup_teardown_taskflow.py
[2025-05-27T18:54:40.104+0530] {processor.py:840} INFO - DAG(s) 'example_setup_teardown_taskflow' retrieved from /Users/zafarimam/Documents/E-Commerce Order Pipeline/airflow_venv_39/lib/python3.9/site-packages/airflow/example_dags/example_setup_teardown_taskflow.py
[2025-05-27T18:54:40.188+0530] {logging_mixin.py:188} INFO - [2025-05-27T18:54:40.188+0530] {dag.py:3036} INFO - Sync 1 DAGs
[2025-05-27T18:54:40.202+0530] {logging_mixin.py:188} INFO - [2025-05-27T18:54:40.202+0530] {dag.py:3823} INFO - Setting next_dagrun for example_setup_teardown_taskflow to 2025-05-26 00:00:00+00:00, run_after=2025-05-27 00:00:00+00:00
[2025-05-27T18:54:40.216+0530] {processor.py:183} INFO - Processing /Users/zafarimam/Documents/E-Commerce Order Pipeline/airflow_venv_39/lib/python3.9/site-packages/airflow/example_dags/example_setup_teardown_taskflow.py took 0.157 seconds
[2025-05-27T18:56:45.230+0530] {processor.py:161} INFO - Started process (PID=27101) to work on /Users/zafarimam/Documents/E-Commerce Order Pipeline/airflow_venv_39/lib/python3.9/site-packages/airflow/example_dags/example_setup_teardown_taskflow.py
[2025-05-27T18:56:45.232+0530] {processor.py:830} INFO - Processing file /Users/zafarimam/Documents/E-Commerce Order Pipeline/airflow_venv_39/lib/python3.9/site-packages/airflow/example_dags/example_setup_teardown_taskflow.py for tasks to queue
[2025-05-27T18:56:45.233+0530] {logging_mixin.py:188} INFO - [2025-05-27T18:56:45.232+0530] {dagbag.py:538} INFO - Filling up the DagBag from /Users/zafarimam/Documents/E-Commerce Order Pipeline/airflow_venv_39/lib/python3.9/site-packages/airflow/example_dags/example_setup_teardown_taskflow.py
[2025-05-27T18:56:45.272+0530] {processor.py:840} INFO - DAG(s) 'example_setup_teardown_taskflow' retrieved from /Users/zafarimam/Documents/E-Commerce Order Pipeline/airflow_venv_39/lib/python3.9/site-packages/airflow/example_dags/example_setup_teardown_taskflow.py
[2025-05-27T18:56:45.362+0530] {logging_mixin.py:188} INFO - [2025-05-27T18:56:45.362+0530] {dag.py:3036} INFO - Sync 1 DAGs
[2025-05-27T18:56:45.377+0530] {logging_mixin.py:188} INFO - [2025-05-27T18:56:45.377+0530] {dag.py:3823} INFO - Setting next_dagrun for example_setup_teardown_taskflow to 2025-05-26 00:00:00+00:00, run_after=2025-05-27 00:00:00+00:00
[2025-05-27T18:56:45.393+0530] {processor.py:183} INFO - Processing /Users/zafarimam/Documents/E-Commerce Order Pipeline/airflow_venv_39/lib/python3.9/site-packages/airflow/example_dags/example_setup_teardown_taskflow.py took 0.164 seconds
[2025-05-27T18:58:44.602+0530] {processor.py:161} INFO - Started process (PID=27174) to work on /Users/zafarimam/Documents/E-Commerce Order Pipeline/airflow_venv_39/lib/python3.9/site-packages/airflow/example_dags/example_setup_teardown_taskflow.py
[2025-05-27T18:58:44.604+0530] {processor.py:830} INFO - Processing file /Users/zafarimam/Documents/E-Commerce Order Pipeline/airflow_venv_39/lib/python3.9/site-packages/airflow/example_dags/example_setup_teardown_taskflow.py for tasks to queue
[2025-05-27T18:58:44.605+0530] {logging_mixin.py:188} INFO - [2025-05-27T18:58:44.605+0530] {dagbag.py:538} INFO - Filling up the DagBag from /Users/zafarimam/Documents/E-Commerce Order Pipeline/airflow_venv_39/lib/python3.9/site-packages/airflow/example_dags/example_setup_teardown_taskflow.py
[2025-05-27T18:58:44.645+0530] {processor.py:840} INFO - DAG(s) 'example_setup_teardown_taskflow' retrieved from /Users/zafarimam/Documents/E-Commerce Order Pipeline/airflow_venv_39/lib/python3.9/site-packages/airflow/example_dags/example_setup_teardown_taskflow.py
[2025-05-27T18:58:44.735+0530] {logging_mixin.py:188} INFO - [2025-05-27T18:58:44.735+0530] {dag.py:3036} INFO - Sync 1 DAGs
[2025-05-27T18:58:44.749+0530] {logging_mixin.py:188} INFO - [2025-05-27T18:58:44.749+0530] {dag.py:3823} INFO - Setting next_dagrun for example_setup_teardown_taskflow to 2025-05-26 00:00:00+00:00, run_after=2025-05-27 00:00:00+00:00
[2025-05-27T18:58:44.764+0530] {processor.py:183} INFO - Processing /Users/zafarimam/Documents/E-Commerce Order Pipeline/airflow_venv_39/lib/python3.9/site-packages/airflow/example_dags/example_setup_teardown_taskflow.py took 0.163 seconds
[2025-05-27T19:00:44.936+0530] {processor.py:161} INFO - Started process (PID=27235) to work on /Users/zafarimam/Documents/E-Commerce Order Pipeline/airflow_venv_39/lib/python3.9/site-packages/airflow/example_dags/example_setup_teardown_taskflow.py
[2025-05-27T19:00:44.937+0530] {processor.py:830} INFO - Processing file /Users/zafarimam/Documents/E-Commerce Order Pipeline/airflow_venv_39/lib/python3.9/site-packages/airflow/example_dags/example_setup_teardown_taskflow.py for tasks to queue
[2025-05-27T19:00:44.937+0530] {logging_mixin.py:188} INFO - [2025-05-27T19:00:44.937+0530] {dagbag.py:538} INFO - Filling up the DagBag from /Users/zafarimam/Documents/E-Commerce Order Pipeline/airflow_venv_39/lib/python3.9/site-packages/airflow/example_dags/example_setup_teardown_taskflow.py
[2025-05-27T19:00:44.978+0530] {processor.py:840} INFO - DAG(s) 'example_setup_teardown_taskflow' retrieved from /Users/zafarimam/Documents/E-Commerce Order Pipeline/airflow_venv_39/lib/python3.9/site-packages/airflow/example_dags/example_setup_teardown_taskflow.py
[2025-05-27T19:00:45.068+0530] {logging_mixin.py:188} INFO - [2025-05-27T19:00:45.068+0530] {dag.py:3036} INFO - Sync 1 DAGs
[2025-05-27T19:00:45.084+0530] {logging_mixin.py:188} INFO - [2025-05-27T19:00:45.083+0530] {dag.py:3823} INFO - Setting next_dagrun for example_setup_teardown_taskflow to 2025-05-26 00:00:00+00:00, run_after=2025-05-27 00:00:00+00:00
[2025-05-27T19:00:45.099+0530] {processor.py:183} INFO - Processing /Users/zafarimam/Documents/E-Commerce Order Pipeline/airflow_venv_39/lib/python3.9/site-packages/airflow/example_dags/example_setup_teardown_taskflow.py took 0.164 seconds
[2025-05-27T19:02:52.064+0530] {processor.py:161} INFO - Started process (PID=27346) to work on /Users/zafarimam/Documents/E-Commerce Order Pipeline/airflow_venv_39/lib/python3.9/site-packages/airflow/example_dags/example_setup_teardown_taskflow.py
[2025-05-27T19:02:52.066+0530] {processor.py:830} INFO - Processing file /Users/zafarimam/Documents/E-Commerce Order Pipeline/airflow_venv_39/lib/python3.9/site-packages/airflow/example_dags/example_setup_teardown_taskflow.py for tasks to queue
[2025-05-27T19:02:52.066+0530] {logging_mixin.py:188} INFO - [2025-05-27T19:02:52.066+0530] {dagbag.py:538} INFO - Filling up the DagBag from /Users/zafarimam/Documents/E-Commerce Order Pipeline/airflow_venv_39/lib/python3.9/site-packages/airflow/example_dags/example_setup_teardown_taskflow.py
[2025-05-27T19:02:52.105+0530] {processor.py:840} INFO - DAG(s) 'example_setup_teardown_taskflow' retrieved from /Users/zafarimam/Documents/E-Commerce Order Pipeline/airflow_venv_39/lib/python3.9/site-packages/airflow/example_dags/example_setup_teardown_taskflow.py
[2025-05-27T19:02:52.186+0530] {logging_mixin.py:188} INFO - [2025-05-27T19:02:52.185+0530] {dag.py:3036} INFO - Sync 1 DAGs
[2025-05-27T19:02:52.197+0530] {logging_mixin.py:188} INFO - [2025-05-27T19:02:52.197+0530] {dag.py:3823} INFO - Setting next_dagrun for example_setup_teardown_taskflow to 2025-05-26 00:00:00+00:00, run_after=2025-05-27 00:00:00+00:00
[2025-05-27T19:02:52.213+0530] {processor.py:183} INFO - Processing /Users/zafarimam/Documents/E-Commerce Order Pipeline/airflow_venv_39/lib/python3.9/site-packages/airflow/example_dags/example_setup_teardown_taskflow.py took 0.151 seconds
[2025-05-27T19:04:52.730+0530] {processor.py:161} INFO - Started process (PID=27403) to work on /Users/zafarimam/Documents/E-Commerce Order Pipeline/airflow_venv_39/lib/python3.9/site-packages/airflow/example_dags/example_setup_teardown_taskflow.py
[2025-05-27T19:04:52.731+0530] {processor.py:830} INFO - Processing file /Users/zafarimam/Documents/E-Commerce Order Pipeline/airflow_venv_39/lib/python3.9/site-packages/airflow/example_dags/example_setup_teardown_taskflow.py for tasks to queue
[2025-05-27T19:04:52.732+0530] {logging_mixin.py:188} INFO - [2025-05-27T19:04:52.732+0530] {dagbag.py:538} INFO - Filling up the DagBag from /Users/zafarimam/Documents/E-Commerce Order Pipeline/airflow_venv_39/lib/python3.9/site-packages/airflow/example_dags/example_setup_teardown_taskflow.py
[2025-05-27T19:04:52.777+0530] {processor.py:840} INFO - DAG(s) 'example_setup_teardown_taskflow' retrieved from /Users/zafarimam/Documents/E-Commerce Order Pipeline/airflow_venv_39/lib/python3.9/site-packages/airflow/example_dags/example_setup_teardown_taskflow.py
[2025-05-27T19:04:52.873+0530] {logging_mixin.py:188} INFO - [2025-05-27T19:04:52.873+0530] {dag.py:3036} INFO - Sync 1 DAGs
[2025-05-27T19:04:52.888+0530] {logging_mixin.py:188} INFO - [2025-05-27T19:04:52.888+0530] {dag.py:3823} INFO - Setting next_dagrun for example_setup_teardown_taskflow to 2025-05-26 00:00:00+00:00, run_after=2025-05-27 00:00:00+00:00
[2025-05-27T19:04:52.904+0530] {processor.py:183} INFO - Processing /Users/zafarimam/Documents/E-Commerce Order Pipeline/airflow_venv_39/lib/python3.9/site-packages/airflow/example_dags/example_setup_teardown_taskflow.py took 0.176 seconds
[2025-05-27T19:06:59.342+0530] {processor.py:161} INFO - Started process (PID=27461) to work on /Users/zafarimam/Documents/E-Commerce Order Pipeline/airflow_venv_39/lib/python3.9/site-packages/airflow/example_dags/example_setup_teardown_taskflow.py
[2025-05-27T19:06:59.343+0530] {processor.py:830} INFO - Processing file /Users/zafarimam/Documents/E-Commerce Order Pipeline/airflow_venv_39/lib/python3.9/site-packages/airflow/example_dags/example_setup_teardown_taskflow.py for tasks to queue
[2025-05-27T19:06:59.343+0530] {logging_mixin.py:188} INFO - [2025-05-27T19:06:59.343+0530] {dagbag.py:538} INFO - Filling up the DagBag from /Users/zafarimam/Documents/E-Commerce Order Pipeline/airflow_venv_39/lib/python3.9/site-packages/airflow/example_dags/example_setup_teardown_taskflow.py
[2025-05-27T19:06:59.388+0530] {processor.py:840} INFO - DAG(s) 'example_setup_teardown_taskflow' retrieved from /Users/zafarimam/Documents/E-Commerce Order Pipeline/airflow_venv_39/lib/python3.9/site-packages/airflow/example_dags/example_setup_teardown_taskflow.py
[2025-05-27T19:06:59.489+0530] {logging_mixin.py:188} INFO - [2025-05-27T19:06:59.488+0530] {dag.py:3036} INFO - Sync 1 DAGs
[2025-05-27T19:06:59.504+0530] {logging_mixin.py:188} INFO - [2025-05-27T19:06:59.503+0530] {dag.py:3823} INFO - Setting next_dagrun for example_setup_teardown_taskflow to 2025-05-26 00:00:00+00:00, run_after=2025-05-27 00:00:00+00:00
[2025-05-27T19:06:59.519+0530] {processor.py:183} INFO - Processing /Users/zafarimam/Documents/E-Commerce Order Pipeline/airflow_venv_39/lib/python3.9/site-packages/airflow/example_dags/example_setup_teardown_taskflow.py took 0.179 seconds
[2025-05-27T19:09:02.029+0530] {processor.py:161} INFO - Started process (PID=27555) to work on /Users/zafarimam/Documents/E-Commerce Order Pipeline/airflow_venv_39/lib/python3.9/site-packages/airflow/example_dags/example_setup_teardown_taskflow.py
[2025-05-27T19:09:02.031+0530] {processor.py:830} INFO - Processing file /Users/zafarimam/Documents/E-Commerce Order Pipeline/airflow_venv_39/lib/python3.9/site-packages/airflow/example_dags/example_setup_teardown_taskflow.py for tasks to queue
[2025-05-27T19:09:02.031+0530] {logging_mixin.py:188} INFO - [2025-05-27T19:09:02.031+0530] {dagbag.py:538} INFO - Filling up the DagBag from /Users/zafarimam/Documents/E-Commerce Order Pipeline/airflow_venv_39/lib/python3.9/site-packages/airflow/example_dags/example_setup_teardown_taskflow.py
[2025-05-27T19:09:02.065+0530] {processor.py:840} INFO - DAG(s) 'example_setup_teardown_taskflow' retrieved from /Users/zafarimam/Documents/E-Commerce Order Pipeline/airflow_venv_39/lib/python3.9/site-packages/airflow/example_dags/example_setup_teardown_taskflow.py
[2025-05-27T19:09:02.140+0530] {logging_mixin.py:188} INFO - [2025-05-27T19:09:02.140+0530] {dag.py:3036} INFO - Sync 1 DAGs
[2025-05-27T19:09:02.151+0530] {logging_mixin.py:188} INFO - [2025-05-27T19:09:02.151+0530] {dag.py:3823} INFO - Setting next_dagrun for example_setup_teardown_taskflow to 2025-05-26 00:00:00+00:00, run_after=2025-05-27 00:00:00+00:00
[2025-05-27T19:09:02.169+0530] {processor.py:183} INFO - Processing /Users/zafarimam/Documents/E-Commerce Order Pipeline/airflow_venv_39/lib/python3.9/site-packages/airflow/example_dags/example_setup_teardown_taskflow.py took 0.141 seconds
[2025-05-27T19:10:43.352+0530] {processor.py:161} INFO - Started process (PID=27609) to work on /Users/zafarimam/Documents/E-Commerce Order Pipeline/airflow_venv_39/lib/python3.9/site-packages/airflow/example_dags/example_setup_teardown_taskflow.py
[2025-05-27T19:10:43.353+0530] {processor.py:830} INFO - Processing file /Users/zafarimam/Documents/E-Commerce Order Pipeline/airflow_venv_39/lib/python3.9/site-packages/airflow/example_dags/example_setup_teardown_taskflow.py for tasks to queue
[2025-05-27T19:10:43.354+0530] {logging_mixin.py:188} INFO - [2025-05-27T19:10:43.354+0530] {dagbag.py:538} INFO - Filling up the DagBag from /Users/zafarimam/Documents/E-Commerce Order Pipeline/airflow_venv_39/lib/python3.9/site-packages/airflow/example_dags/example_setup_teardown_taskflow.py
[2025-05-27T19:10:43.387+0530] {processor.py:840} INFO - DAG(s) 'example_setup_teardown_taskflow' retrieved from /Users/zafarimam/Documents/E-Commerce Order Pipeline/airflow_venv_39/lib/python3.9/site-packages/airflow/example_dags/example_setup_teardown_taskflow.py
[2025-05-27T19:10:43.461+0530] {logging_mixin.py:188} INFO - [2025-05-27T19:10:43.460+0530] {dag.py:3036} INFO - Sync 1 DAGs
[2025-05-27T19:10:43.472+0530] {logging_mixin.py:188} INFO - [2025-05-27T19:10:43.472+0530] {dag.py:3823} INFO - Setting next_dagrun for example_setup_teardown_taskflow to 2025-05-26 00:00:00+00:00, run_after=2025-05-27 00:00:00+00:00
[2025-05-27T19:10:43.489+0530] {processor.py:183} INFO - Processing /Users/zafarimam/Documents/E-Commerce Order Pipeline/airflow_venv_39/lib/python3.9/site-packages/airflow/example_dags/example_setup_teardown_taskflow.py took 0.138 seconds
[2025-05-27T19:12:24.503+0530] {processor.py:161} INFO - Started process (PID=27661) to work on /Users/zafarimam/Documents/E-Commerce Order Pipeline/airflow_venv_39/lib/python3.9/site-packages/airflow/example_dags/example_setup_teardown_taskflow.py
[2025-05-27T19:12:24.504+0530] {processor.py:830} INFO - Processing file /Users/zafarimam/Documents/E-Commerce Order Pipeline/airflow_venv_39/lib/python3.9/site-packages/airflow/example_dags/example_setup_teardown_taskflow.py for tasks to queue
[2025-05-27T19:12:24.504+0530] {logging_mixin.py:188} INFO - [2025-05-27T19:12:24.504+0530] {dagbag.py:538} INFO - Filling up the DagBag from /Users/zafarimam/Documents/E-Commerce Order Pipeline/airflow_venv_39/lib/python3.9/site-packages/airflow/example_dags/example_setup_teardown_taskflow.py
[2025-05-27T19:12:24.538+0530] {processor.py:840} INFO - DAG(s) 'example_setup_teardown_taskflow' retrieved from /Users/zafarimam/Documents/E-Commerce Order Pipeline/airflow_venv_39/lib/python3.9/site-packages/airflow/example_dags/example_setup_teardown_taskflow.py
[2025-05-27T19:12:24.612+0530] {logging_mixin.py:188} INFO - [2025-05-27T19:12:24.612+0530] {dag.py:3036} INFO - Sync 1 DAGs
[2025-05-27T19:12:24.623+0530] {logging_mixin.py:188} INFO - [2025-05-27T19:12:24.623+0530] {dag.py:3823} INFO - Setting next_dagrun for example_setup_teardown_taskflow to 2025-05-26 00:00:00+00:00, run_after=2025-05-27 00:00:00+00:00
[2025-05-27T19:12:24.641+0530] {processor.py:183} INFO - Processing /Users/zafarimam/Documents/E-Commerce Order Pipeline/airflow_venv_39/lib/python3.9/site-packages/airflow/example_dags/example_setup_teardown_taskflow.py took 0.139 seconds
[2025-05-27T19:14:04.214+0530] {processor.py:161} INFO - Started process (PID=27713) to work on /Users/zafarimam/Documents/E-Commerce Order Pipeline/airflow_venv_39/lib/python3.9/site-packages/airflow/example_dags/example_setup_teardown_taskflow.py
[2025-05-27T19:14:04.215+0530] {processor.py:830} INFO - Processing file /Users/zafarimam/Documents/E-Commerce Order Pipeline/airflow_venv_39/lib/python3.9/site-packages/airflow/example_dags/example_setup_teardown_taskflow.py for tasks to queue
[2025-05-27T19:14:04.215+0530] {logging_mixin.py:188} INFO - [2025-05-27T19:14:04.215+0530] {dagbag.py:538} INFO - Filling up the DagBag from /Users/zafarimam/Documents/E-Commerce Order Pipeline/airflow_venv_39/lib/python3.9/site-packages/airflow/example_dags/example_setup_teardown_taskflow.py
[2025-05-27T19:14:04.249+0530] {processor.py:840} INFO - DAG(s) 'example_setup_teardown_taskflow' retrieved from /Users/zafarimam/Documents/E-Commerce Order Pipeline/airflow_venv_39/lib/python3.9/site-packages/airflow/example_dags/example_setup_teardown_taskflow.py
[2025-05-27T19:14:04.323+0530] {logging_mixin.py:188} INFO - [2025-05-27T19:14:04.323+0530] {dag.py:3036} INFO - Sync 1 DAGs
[2025-05-27T19:14:04.334+0530] {logging_mixin.py:188} INFO - [2025-05-27T19:14:04.334+0530] {dag.py:3823} INFO - Setting next_dagrun for example_setup_teardown_taskflow to 2025-05-26 00:00:00+00:00, run_after=2025-05-27 00:00:00+00:00
[2025-05-27T19:14:04.351+0530] {processor.py:183} INFO - Processing /Users/zafarimam/Documents/E-Commerce Order Pipeline/airflow_venv_39/lib/python3.9/site-packages/airflow/example_dags/example_setup_teardown_taskflow.py took 0.138 seconds
[2025-05-27T19:15:44.512+0530] {processor.py:161} INFO - Started process (PID=27766) to work on /Users/zafarimam/Documents/E-Commerce Order Pipeline/airflow_venv_39/lib/python3.9/site-packages/airflow/example_dags/example_setup_teardown_taskflow.py
[2025-05-27T19:15:44.513+0530] {processor.py:830} INFO - Processing file /Users/zafarimam/Documents/E-Commerce Order Pipeline/airflow_venv_39/lib/python3.9/site-packages/airflow/example_dags/example_setup_teardown_taskflow.py for tasks to queue
[2025-05-27T19:15:44.513+0530] {logging_mixin.py:188} INFO - [2025-05-27T19:15:44.513+0530] {dagbag.py:538} INFO - Filling up the DagBag from /Users/zafarimam/Documents/E-Commerce Order Pipeline/airflow_venv_39/lib/python3.9/site-packages/airflow/example_dags/example_setup_teardown_taskflow.py
[2025-05-27T19:15:44.547+0530] {processor.py:840} INFO - DAG(s) 'example_setup_teardown_taskflow' retrieved from /Users/zafarimam/Documents/E-Commerce Order Pipeline/airflow_venv_39/lib/python3.9/site-packages/airflow/example_dags/example_setup_teardown_taskflow.py
[2025-05-27T19:15:44.623+0530] {logging_mixin.py:188} INFO - [2025-05-27T19:15:44.623+0530] {dag.py:3036} INFO - Sync 1 DAGs
[2025-05-27T19:15:44.634+0530] {logging_mixin.py:188} INFO - [2025-05-27T19:15:44.634+0530] {dag.py:3823} INFO - Setting next_dagrun for example_setup_teardown_taskflow to 2025-05-26 00:00:00+00:00, run_after=2025-05-27 00:00:00+00:00
[2025-05-27T19:15:44.651+0530] {processor.py:183} INFO - Processing /Users/zafarimam/Documents/E-Commerce Order Pipeline/airflow_venv_39/lib/python3.9/site-packages/airflow/example_dags/example_setup_teardown_taskflow.py took 0.141 seconds
[2025-05-27T19:17:25.758+0530] {processor.py:161} INFO - Started process (PID=27820) to work on /Users/zafarimam/Documents/E-Commerce Order Pipeline/airflow_venv_39/lib/python3.9/site-packages/airflow/example_dags/example_setup_teardown_taskflow.py
[2025-05-27T19:17:25.759+0530] {processor.py:830} INFO - Processing file /Users/zafarimam/Documents/E-Commerce Order Pipeline/airflow_venv_39/lib/python3.9/site-packages/airflow/example_dags/example_setup_teardown_taskflow.py for tasks to queue
[2025-05-27T19:17:25.759+0530] {logging_mixin.py:188} INFO - [2025-05-27T19:17:25.759+0530] {dagbag.py:538} INFO - Filling up the DagBag from /Users/zafarimam/Documents/E-Commerce Order Pipeline/airflow_venv_39/lib/python3.9/site-packages/airflow/example_dags/example_setup_teardown_taskflow.py
[2025-05-27T19:17:25.793+0530] {processor.py:840} INFO - DAG(s) 'example_setup_teardown_taskflow' retrieved from /Users/zafarimam/Documents/E-Commerce Order Pipeline/airflow_venv_39/lib/python3.9/site-packages/airflow/example_dags/example_setup_teardown_taskflow.py
[2025-05-27T19:17:25.866+0530] {logging_mixin.py:188} INFO - [2025-05-27T19:17:25.866+0530] {dag.py:3036} INFO - Sync 1 DAGs
[2025-05-27T19:17:25.877+0530] {logging_mixin.py:188} INFO - [2025-05-27T19:17:25.877+0530] {dag.py:3823} INFO - Setting next_dagrun for example_setup_teardown_taskflow to 2025-05-26 00:00:00+00:00, run_after=2025-05-27 00:00:00+00:00
[2025-05-27T19:17:25.895+0530] {processor.py:183} INFO - Processing /Users/zafarimam/Documents/E-Commerce Order Pipeline/airflow_venv_39/lib/python3.9/site-packages/airflow/example_dags/example_setup_teardown_taskflow.py took 0.139 seconds
[2025-05-27T19:19:06.089+0530] {processor.py:161} INFO - Started process (PID=27895) to work on /Users/zafarimam/Documents/E-Commerce Order Pipeline/airflow_venv_39/lib/python3.9/site-packages/airflow/example_dags/example_setup_teardown_taskflow.py
[2025-05-27T19:19:06.090+0530] {processor.py:830} INFO - Processing file /Users/zafarimam/Documents/E-Commerce Order Pipeline/airflow_venv_39/lib/python3.9/site-packages/airflow/example_dags/example_setup_teardown_taskflow.py for tasks to queue
[2025-05-27T19:19:06.090+0530] {logging_mixin.py:188} INFO - [2025-05-27T19:19:06.090+0530] {dagbag.py:538} INFO - Filling up the DagBag from /Users/zafarimam/Documents/E-Commerce Order Pipeline/airflow_venv_39/lib/python3.9/site-packages/airflow/example_dags/example_setup_teardown_taskflow.py
[2025-05-27T19:19:06.123+0530] {processor.py:840} INFO - DAG(s) 'example_setup_teardown_taskflow' retrieved from /Users/zafarimam/Documents/E-Commerce Order Pipeline/airflow_venv_39/lib/python3.9/site-packages/airflow/example_dags/example_setup_teardown_taskflow.py
[2025-05-27T19:19:06.197+0530] {logging_mixin.py:188} INFO - [2025-05-27T19:19:06.197+0530] {dag.py:3036} INFO - Sync 1 DAGs
[2025-05-27T19:19:06.208+0530] {logging_mixin.py:188} INFO - [2025-05-27T19:19:06.208+0530] {dag.py:3823} INFO - Setting next_dagrun for example_setup_teardown_taskflow to 2025-05-26 00:00:00+00:00, run_after=2025-05-27 00:00:00+00:00
[2025-05-27T19:19:06.221+0530] {processor.py:183} INFO - Processing /Users/zafarimam/Documents/E-Commerce Order Pipeline/airflow_venv_39/lib/python3.9/site-packages/airflow/example_dags/example_setup_teardown_taskflow.py took 0.133 seconds
[2025-05-27T19:20:46.462+0530] {processor.py:161} INFO - Started process (PID=27960) to work on /Users/zafarimam/Documents/E-Commerce Order Pipeline/airflow_venv_39/lib/python3.9/site-packages/airflow/example_dags/example_setup_teardown_taskflow.py
[2025-05-27T19:20:46.463+0530] {processor.py:830} INFO - Processing file /Users/zafarimam/Documents/E-Commerce Order Pipeline/airflow_venv_39/lib/python3.9/site-packages/airflow/example_dags/example_setup_teardown_taskflow.py for tasks to queue
[2025-05-27T19:20:46.464+0530] {logging_mixin.py:188} INFO - [2025-05-27T19:20:46.464+0530] {dagbag.py:538} INFO - Filling up the DagBag from /Users/zafarimam/Documents/E-Commerce Order Pipeline/airflow_venv_39/lib/python3.9/site-packages/airflow/example_dags/example_setup_teardown_taskflow.py
[2025-05-27T19:20:46.497+0530] {processor.py:840} INFO - DAG(s) 'example_setup_teardown_taskflow' retrieved from /Users/zafarimam/Documents/E-Commerce Order Pipeline/airflow_venv_39/lib/python3.9/site-packages/airflow/example_dags/example_setup_teardown_taskflow.py
[2025-05-27T19:20:46.571+0530] {logging_mixin.py:188} INFO - [2025-05-27T19:20:46.571+0530] {dag.py:3036} INFO - Sync 1 DAGs
[2025-05-27T19:20:46.582+0530] {logging_mixin.py:188} INFO - [2025-05-27T19:20:46.582+0530] {dag.py:3823} INFO - Setting next_dagrun for example_setup_teardown_taskflow to 2025-05-26 00:00:00+00:00, run_after=2025-05-27 00:00:00+00:00
[2025-05-27T19:20:46.596+0530] {processor.py:183} INFO - Processing /Users/zafarimam/Documents/E-Commerce Order Pipeline/airflow_venv_39/lib/python3.9/site-packages/airflow/example_dags/example_setup_teardown_taskflow.py took 0.134 seconds
[2025-05-27T19:22:25.428+0530] {processor.py:161} INFO - Started process (PID=28022) to work on /Users/zafarimam/Documents/E-Commerce Order Pipeline/airflow_venv_39/lib/python3.9/site-packages/airflow/example_dags/example_setup_teardown_taskflow.py
[2025-05-27T19:22:25.429+0530] {processor.py:830} INFO - Processing file /Users/zafarimam/Documents/E-Commerce Order Pipeline/airflow_venv_39/lib/python3.9/site-packages/airflow/example_dags/example_setup_teardown_taskflow.py for tasks to queue
[2025-05-27T19:22:25.429+0530] {logging_mixin.py:188} INFO - [2025-05-27T19:22:25.429+0530] {dagbag.py:538} INFO - Filling up the DagBag from /Users/zafarimam/Documents/E-Commerce Order Pipeline/airflow_venv_39/lib/python3.9/site-packages/airflow/example_dags/example_setup_teardown_taskflow.py
[2025-05-27T19:22:25.463+0530] {processor.py:840} INFO - DAG(s) 'example_setup_teardown_taskflow' retrieved from /Users/zafarimam/Documents/E-Commerce Order Pipeline/airflow_venv_39/lib/python3.9/site-packages/airflow/example_dags/example_setup_teardown_taskflow.py
[2025-05-27T19:22:25.536+0530] {logging_mixin.py:188} INFO - [2025-05-27T19:22:25.536+0530] {dag.py:3036} INFO - Sync 1 DAGs
[2025-05-27T19:22:25.547+0530] {logging_mixin.py:188} INFO - [2025-05-27T19:22:25.547+0530] {dag.py:3823} INFO - Setting next_dagrun for example_setup_teardown_taskflow to 2025-05-26 00:00:00+00:00, run_after=2025-05-27 00:00:00+00:00
[2025-05-27T19:22:25.561+0530] {processor.py:183} INFO - Processing /Users/zafarimam/Documents/E-Commerce Order Pipeline/airflow_venv_39/lib/python3.9/site-packages/airflow/example_dags/example_setup_teardown_taskflow.py took 0.135 seconds
[2025-05-27T19:24:06.731+0530] {processor.py:161} INFO - Started process (PID=28075) to work on /Users/zafarimam/Documents/E-Commerce Order Pipeline/airflow_venv_39/lib/python3.9/site-packages/airflow/example_dags/example_setup_teardown_taskflow.py
[2025-05-27T19:24:06.732+0530] {processor.py:830} INFO - Processing file /Users/zafarimam/Documents/E-Commerce Order Pipeline/airflow_venv_39/lib/python3.9/site-packages/airflow/example_dags/example_setup_teardown_taskflow.py for tasks to queue
[2025-05-27T19:24:06.732+0530] {logging_mixin.py:188} INFO - [2025-05-27T19:24:06.732+0530] {dagbag.py:538} INFO - Filling up the DagBag from /Users/zafarimam/Documents/E-Commerce Order Pipeline/airflow_venv_39/lib/python3.9/site-packages/airflow/example_dags/example_setup_teardown_taskflow.py
[2025-05-27T19:24:06.771+0530] {processor.py:840} INFO - DAG(s) 'example_setup_teardown_taskflow' retrieved from /Users/zafarimam/Documents/E-Commerce Order Pipeline/airflow_venv_39/lib/python3.9/site-packages/airflow/example_dags/example_setup_teardown_taskflow.py
[2025-05-27T19:24:06.848+0530] {logging_mixin.py:188} INFO - [2025-05-27T19:24:06.848+0530] {dag.py:3036} INFO - Sync 1 DAGs
[2025-05-27T19:24:06.858+0530] {logging_mixin.py:188} INFO - [2025-05-27T19:24:06.858+0530] {dag.py:3823} INFO - Setting next_dagrun for example_setup_teardown_taskflow to 2025-05-26 00:00:00+00:00, run_after=2025-05-27 00:00:00+00:00
[2025-05-27T19:24:06.876+0530] {processor.py:183} INFO - Processing /Users/zafarimam/Documents/E-Commerce Order Pipeline/airflow_venv_39/lib/python3.9/site-packages/airflow/example_dags/example_setup_teardown_taskflow.py took 0.146 seconds
[2025-05-27T19:25:46.996+0530] {processor.py:161} INFO - Started process (PID=28129) to work on /Users/zafarimam/Documents/E-Commerce Order Pipeline/airflow_venv_39/lib/python3.9/site-packages/airflow/example_dags/example_setup_teardown_taskflow.py
[2025-05-27T19:25:46.997+0530] {processor.py:830} INFO - Processing file /Users/zafarimam/Documents/E-Commerce Order Pipeline/airflow_venv_39/lib/python3.9/site-packages/airflow/example_dags/example_setup_teardown_taskflow.py for tasks to queue
[2025-05-27T19:25:46.998+0530] {logging_mixin.py:188} INFO - [2025-05-27T19:25:46.997+0530] {dagbag.py:538} INFO - Filling up the DagBag from /Users/zafarimam/Documents/E-Commerce Order Pipeline/airflow_venv_39/lib/python3.9/site-packages/airflow/example_dags/example_setup_teardown_taskflow.py
[2025-05-27T19:25:47.031+0530] {processor.py:840} INFO - DAG(s) 'example_setup_teardown_taskflow' retrieved from /Users/zafarimam/Documents/E-Commerce Order Pipeline/airflow_venv_39/lib/python3.9/site-packages/airflow/example_dags/example_setup_teardown_taskflow.py
[2025-05-27T19:25:47.105+0530] {logging_mixin.py:188} INFO - [2025-05-27T19:25:47.104+0530] {dag.py:3036} INFO - Sync 1 DAGs
[2025-05-27T19:25:47.115+0530] {logging_mixin.py:188} INFO - [2025-05-27T19:25:47.115+0530] {dag.py:3823} INFO - Setting next_dagrun for example_setup_teardown_taskflow to 2025-05-26 00:00:00+00:00, run_after=2025-05-27 00:00:00+00:00
[2025-05-27T19:25:47.129+0530] {processor.py:183} INFO - Processing /Users/zafarimam/Documents/E-Commerce Order Pipeline/airflow_venv_39/lib/python3.9/site-packages/airflow/example_dags/example_setup_teardown_taskflow.py took 0.134 seconds
[2025-05-27T19:27:27.987+0530] {processor.py:161} INFO - Started process (PID=28185) to work on /Users/zafarimam/Documents/E-Commerce Order Pipeline/airflow_venv_39/lib/python3.9/site-packages/airflow/example_dags/example_setup_teardown_taskflow.py
[2025-05-27T19:27:27.988+0530] {processor.py:830} INFO - Processing file /Users/zafarimam/Documents/E-Commerce Order Pipeline/airflow_venv_39/lib/python3.9/site-packages/airflow/example_dags/example_setup_teardown_taskflow.py for tasks to queue
[2025-05-27T19:27:27.988+0530] {logging_mixin.py:188} INFO - [2025-05-27T19:27:27.988+0530] {dagbag.py:538} INFO - Filling up the DagBag from /Users/zafarimam/Documents/E-Commerce Order Pipeline/airflow_venv_39/lib/python3.9/site-packages/airflow/example_dags/example_setup_teardown_taskflow.py
[2025-05-27T19:27:28.022+0530] {processor.py:840} INFO - DAG(s) 'example_setup_teardown_taskflow' retrieved from /Users/zafarimam/Documents/E-Commerce Order Pipeline/airflow_venv_39/lib/python3.9/site-packages/airflow/example_dags/example_setup_teardown_taskflow.py
[2025-05-27T19:27:28.098+0530] {logging_mixin.py:188} INFO - [2025-05-27T19:27:28.097+0530] {dag.py:3036} INFO - Sync 1 DAGs
[2025-05-27T19:27:28.109+0530] {logging_mixin.py:188} INFO - [2025-05-27T19:27:28.109+0530] {dag.py:3823} INFO - Setting next_dagrun for example_setup_teardown_taskflow to 2025-05-26 00:00:00+00:00, run_after=2025-05-27 00:00:00+00:00
[2025-05-27T19:27:28.126+0530] {processor.py:183} INFO - Processing /Users/zafarimam/Documents/E-Commerce Order Pipeline/airflow_venv_39/lib/python3.9/site-packages/airflow/example_dags/example_setup_teardown_taskflow.py took 0.140 seconds
[2025-05-27T19:29:07.271+0530] {processor.py:161} INFO - Started process (PID=28236) to work on /Users/zafarimam/Documents/E-Commerce Order Pipeline/airflow_venv_39/lib/python3.9/site-packages/airflow/example_dags/example_setup_teardown_taskflow.py
[2025-05-27T19:29:07.272+0530] {processor.py:830} INFO - Processing file /Users/zafarimam/Documents/E-Commerce Order Pipeline/airflow_venv_39/lib/python3.9/site-packages/airflow/example_dags/example_setup_teardown_taskflow.py for tasks to queue
[2025-05-27T19:29:07.272+0530] {logging_mixin.py:188} INFO - [2025-05-27T19:29:07.272+0530] {dagbag.py:538} INFO - Filling up the DagBag from /Users/zafarimam/Documents/E-Commerce Order Pipeline/airflow_venv_39/lib/python3.9/site-packages/airflow/example_dags/example_setup_teardown_taskflow.py
[2025-05-27T19:29:07.307+0530] {processor.py:840} INFO - DAG(s) 'example_setup_teardown_taskflow' retrieved from /Users/zafarimam/Documents/E-Commerce Order Pipeline/airflow_venv_39/lib/python3.9/site-packages/airflow/example_dags/example_setup_teardown_taskflow.py
[2025-05-27T19:29:07.381+0530] {logging_mixin.py:188} INFO - [2025-05-27T19:29:07.381+0530] {dag.py:3036} INFO - Sync 1 DAGs
[2025-05-27T19:29:07.392+0530] {logging_mixin.py:188} INFO - [2025-05-27T19:29:07.392+0530] {dag.py:3823} INFO - Setting next_dagrun for example_setup_teardown_taskflow to 2025-05-26 00:00:00+00:00, run_after=2025-05-27 00:00:00+00:00
[2025-05-27T19:29:07.410+0530] {processor.py:183} INFO - Processing /Users/zafarimam/Documents/E-Commerce Order Pipeline/airflow_venv_39/lib/python3.9/site-packages/airflow/example_dags/example_setup_teardown_taskflow.py took 0.140 seconds
[2025-05-27T19:31:08.230+0530] {processor.py:161} INFO - Started process (PID=28317) to work on /Users/zafarimam/Documents/E-Commerce Order Pipeline/airflow_venv_39/lib/python3.9/site-packages/airflow/example_dags/example_setup_teardown_taskflow.py
[2025-05-27T19:31:08.231+0530] {processor.py:830} INFO - Processing file /Users/zafarimam/Documents/E-Commerce Order Pipeline/airflow_venv_39/lib/python3.9/site-packages/airflow/example_dags/example_setup_teardown_taskflow.py for tasks to queue
[2025-05-27T19:31:08.231+0530] {logging_mixin.py:188} INFO - [2025-05-27T19:31:08.231+0530] {dagbag.py:538} INFO - Filling up the DagBag from /Users/zafarimam/Documents/E-Commerce Order Pipeline/airflow_venv_39/lib/python3.9/site-packages/airflow/example_dags/example_setup_teardown_taskflow.py
[2025-05-27T19:31:08.266+0530] {processor.py:840} INFO - DAG(s) 'example_setup_teardown_taskflow' retrieved from /Users/zafarimam/Documents/E-Commerce Order Pipeline/airflow_venv_39/lib/python3.9/site-packages/airflow/example_dags/example_setup_teardown_taskflow.py
[2025-05-27T19:31:08.343+0530] {logging_mixin.py:188} INFO - [2025-05-27T19:31:08.343+0530] {dag.py:3036} INFO - Sync 1 DAGs
[2025-05-27T19:31:08.354+0530] {logging_mixin.py:188} INFO - [2025-05-27T19:31:08.354+0530] {dag.py:3823} INFO - Setting next_dagrun for example_setup_teardown_taskflow to 2025-05-26 00:00:00+00:00, run_after=2025-05-27 00:00:00+00:00
[2025-05-27T19:31:08.367+0530] {processor.py:183} INFO - Processing /Users/zafarimam/Documents/E-Commerce Order Pipeline/airflow_venv_39/lib/python3.9/site-packages/airflow/example_dags/example_setup_teardown_taskflow.py took 0.139 seconds
[2025-05-27T19:32:49.023+0530] {processor.py:161} INFO - Started process (PID=28372) to work on /Users/zafarimam/Documents/E-Commerce Order Pipeline/airflow_venv_39/lib/python3.9/site-packages/airflow/example_dags/example_setup_teardown_taskflow.py
[2025-05-27T19:32:49.024+0530] {processor.py:830} INFO - Processing file /Users/zafarimam/Documents/E-Commerce Order Pipeline/airflow_venv_39/lib/python3.9/site-packages/airflow/example_dags/example_setup_teardown_taskflow.py for tasks to queue
[2025-05-27T19:32:49.024+0530] {logging_mixin.py:188} INFO - [2025-05-27T19:32:49.024+0530] {dagbag.py:538} INFO - Filling up the DagBag from /Users/zafarimam/Documents/E-Commerce Order Pipeline/airflow_venv_39/lib/python3.9/site-packages/airflow/example_dags/example_setup_teardown_taskflow.py
[2025-05-27T19:32:49.059+0530] {processor.py:840} INFO - DAG(s) 'example_setup_teardown_taskflow' retrieved from /Users/zafarimam/Documents/E-Commerce Order Pipeline/airflow_venv_39/lib/python3.9/site-packages/airflow/example_dags/example_setup_teardown_taskflow.py
[2025-05-27T19:32:49.135+0530] {logging_mixin.py:188} INFO - [2025-05-27T19:32:49.134+0530] {dag.py:3036} INFO - Sync 1 DAGs
[2025-05-27T19:32:49.146+0530] {logging_mixin.py:188} INFO - [2025-05-27T19:32:49.146+0530] {dag.py:3823} INFO - Setting next_dagrun for example_setup_teardown_taskflow to 2025-05-26 00:00:00+00:00, run_after=2025-05-27 00:00:00+00:00
[2025-05-27T19:32:49.163+0530] {processor.py:183} INFO - Processing /Users/zafarimam/Documents/E-Commerce Order Pipeline/airflow_venv_39/lib/python3.9/site-packages/airflow/example_dags/example_setup_teardown_taskflow.py took 0.141 seconds
[2025-05-27T19:34:28.823+0530] {processor.py:161} INFO - Started process (PID=28422) to work on /Users/zafarimam/Documents/E-Commerce Order Pipeline/airflow_venv_39/lib/python3.9/site-packages/airflow/example_dags/example_setup_teardown_taskflow.py
[2025-05-27T19:34:28.824+0530] {processor.py:830} INFO - Processing file /Users/zafarimam/Documents/E-Commerce Order Pipeline/airflow_venv_39/lib/python3.9/site-packages/airflow/example_dags/example_setup_teardown_taskflow.py for tasks to queue
[2025-05-27T19:34:28.825+0530] {logging_mixin.py:188} INFO - [2025-05-27T19:34:28.825+0530] {dagbag.py:538} INFO - Filling up the DagBag from /Users/zafarimam/Documents/E-Commerce Order Pipeline/airflow_venv_39/lib/python3.9/site-packages/airflow/example_dags/example_setup_teardown_taskflow.py
[2025-05-27T19:34:28.859+0530] {processor.py:840} INFO - DAG(s) 'example_setup_teardown_taskflow' retrieved from /Users/zafarimam/Documents/E-Commerce Order Pipeline/airflow_venv_39/lib/python3.9/site-packages/airflow/example_dags/example_setup_teardown_taskflow.py
[2025-05-27T19:34:28.933+0530] {logging_mixin.py:188} INFO - [2025-05-27T19:34:28.933+0530] {dag.py:3036} INFO - Sync 1 DAGs
[2025-05-27T19:34:28.945+0530] {logging_mixin.py:188} INFO - [2025-05-27T19:34:28.945+0530] {dag.py:3823} INFO - Setting next_dagrun for example_setup_teardown_taskflow to 2025-05-26 00:00:00+00:00, run_after=2025-05-27 00:00:00+00:00
[2025-05-27T19:34:28.956+0530] {processor.py:183} INFO - Processing /Users/zafarimam/Documents/E-Commerce Order Pipeline/airflow_venv_39/lib/python3.9/site-packages/airflow/example_dags/example_setup_teardown_taskflow.py took 0.134 seconds
[2025-05-27T19:36:10.727+0530] {processor.py:161} INFO - Started process (PID=28474) to work on /Users/zafarimam/Documents/E-Commerce Order Pipeline/airflow_venv_39/lib/python3.9/site-packages/airflow/example_dags/example_setup_teardown_taskflow.py
[2025-05-27T19:36:10.728+0530] {processor.py:830} INFO - Processing file /Users/zafarimam/Documents/E-Commerce Order Pipeline/airflow_venv_39/lib/python3.9/site-packages/airflow/example_dags/example_setup_teardown_taskflow.py for tasks to queue
[2025-05-27T19:36:10.728+0530] {logging_mixin.py:188} INFO - [2025-05-27T19:36:10.728+0530] {dagbag.py:538} INFO - Filling up the DagBag from /Users/zafarimam/Documents/E-Commerce Order Pipeline/airflow_venv_39/lib/python3.9/site-packages/airflow/example_dags/example_setup_teardown_taskflow.py
[2025-05-27T19:36:10.762+0530] {processor.py:840} INFO - DAG(s) 'example_setup_teardown_taskflow' retrieved from /Users/zafarimam/Documents/E-Commerce Order Pipeline/airflow_venv_39/lib/python3.9/site-packages/airflow/example_dags/example_setup_teardown_taskflow.py
[2025-05-27T19:36:10.837+0530] {logging_mixin.py:188} INFO - [2025-05-27T19:36:10.837+0530] {dag.py:3036} INFO - Sync 1 DAGs
[2025-05-27T19:36:10.848+0530] {logging_mixin.py:188} INFO - [2025-05-27T19:36:10.848+0530] {dag.py:3823} INFO - Setting next_dagrun for example_setup_teardown_taskflow to 2025-05-26 00:00:00+00:00, run_after=2025-05-27 00:00:00+00:00
[2025-05-27T19:36:10.860+0530] {processor.py:183} INFO - Processing /Users/zafarimam/Documents/E-Commerce Order Pipeline/airflow_venv_39/lib/python3.9/site-packages/airflow/example_dags/example_setup_teardown_taskflow.py took 0.134 seconds
[2025-05-27T19:37:52.103+0530] {processor.py:161} INFO - Started process (PID=28528) to work on /Users/zafarimam/Documents/E-Commerce Order Pipeline/airflow_venv_39/lib/python3.9/site-packages/airflow/example_dags/example_setup_teardown_taskflow.py
[2025-05-27T19:37:52.104+0530] {processor.py:830} INFO - Processing file /Users/zafarimam/Documents/E-Commerce Order Pipeline/airflow_venv_39/lib/python3.9/site-packages/airflow/example_dags/example_setup_teardown_taskflow.py for tasks to queue
[2025-05-27T19:37:52.104+0530] {logging_mixin.py:188} INFO - [2025-05-27T19:37:52.104+0530] {dagbag.py:538} INFO - Filling up the DagBag from /Users/zafarimam/Documents/E-Commerce Order Pipeline/airflow_venv_39/lib/python3.9/site-packages/airflow/example_dags/example_setup_teardown_taskflow.py
[2025-05-27T19:37:52.138+0530] {processor.py:840} INFO - DAG(s) 'example_setup_teardown_taskflow' retrieved from /Users/zafarimam/Documents/E-Commerce Order Pipeline/airflow_venv_39/lib/python3.9/site-packages/airflow/example_dags/example_setup_teardown_taskflow.py
[2025-05-27T19:37:52.212+0530] {logging_mixin.py:188} INFO - [2025-05-27T19:37:52.212+0530] {dag.py:3036} INFO - Sync 1 DAGs
[2025-05-27T19:37:52.223+0530] {logging_mixin.py:188} INFO - [2025-05-27T19:37:52.223+0530] {dag.py:3823} INFO - Setting next_dagrun for example_setup_teardown_taskflow to 2025-05-26 00:00:00+00:00, run_after=2025-05-27 00:00:00+00:00
[2025-05-27T19:37:52.237+0530] {processor.py:183} INFO - Processing /Users/zafarimam/Documents/E-Commerce Order Pipeline/airflow_venv_39/lib/python3.9/site-packages/airflow/example_dags/example_setup_teardown_taskflow.py took 0.135 seconds
[2025-05-27T19:39:31.643+0530] {processor.py:161} INFO - Started process (PID=28577) to work on /Users/zafarimam/Documents/E-Commerce Order Pipeline/airflow_venv_39/lib/python3.9/site-packages/airflow/example_dags/example_setup_teardown_taskflow.py
[2025-05-27T19:39:31.644+0530] {processor.py:830} INFO - Processing file /Users/zafarimam/Documents/E-Commerce Order Pipeline/airflow_venv_39/lib/python3.9/site-packages/airflow/example_dags/example_setup_teardown_taskflow.py for tasks to queue
[2025-05-27T19:39:31.645+0530] {logging_mixin.py:188} INFO - [2025-05-27T19:39:31.644+0530] {dagbag.py:538} INFO - Filling up the DagBag from /Users/zafarimam/Documents/E-Commerce Order Pipeline/airflow_venv_39/lib/python3.9/site-packages/airflow/example_dags/example_setup_teardown_taskflow.py
[2025-05-27T19:39:31.679+0530] {processor.py:840} INFO - DAG(s) 'example_setup_teardown_taskflow' retrieved from /Users/zafarimam/Documents/E-Commerce Order Pipeline/airflow_venv_39/lib/python3.9/site-packages/airflow/example_dags/example_setup_teardown_taskflow.py
[2025-05-27T19:39:31.754+0530] {logging_mixin.py:188} INFO - [2025-05-27T19:39:31.753+0530] {dag.py:3036} INFO - Sync 1 DAGs
[2025-05-27T19:39:31.765+0530] {logging_mixin.py:188} INFO - [2025-05-27T19:39:31.764+0530] {dag.py:3823} INFO - Setting next_dagrun for example_setup_teardown_taskflow to 2025-05-26 00:00:00+00:00, run_after=2025-05-27 00:00:00+00:00
[2025-05-27T19:39:31.782+0530] {processor.py:183} INFO - Processing /Users/zafarimam/Documents/E-Commerce Order Pipeline/airflow_venv_39/lib/python3.9/site-packages/airflow/example_dags/example_setup_teardown_taskflow.py took 0.140 seconds
[2025-05-27T19:41:10.499+0530] {processor.py:161} INFO - Started process (PID=28630) to work on /Users/zafarimam/Documents/E-Commerce Order Pipeline/airflow_venv_39/lib/python3.9/site-packages/airflow/example_dags/example_setup_teardown_taskflow.py
[2025-05-27T19:41:10.500+0530] {processor.py:830} INFO - Processing file /Users/zafarimam/Documents/E-Commerce Order Pipeline/airflow_venv_39/lib/python3.9/site-packages/airflow/example_dags/example_setup_teardown_taskflow.py for tasks to queue
[2025-05-27T19:41:10.500+0530] {logging_mixin.py:188} INFO - [2025-05-27T19:41:10.500+0530] {dagbag.py:538} INFO - Filling up the DagBag from /Users/zafarimam/Documents/E-Commerce Order Pipeline/airflow_venv_39/lib/python3.9/site-packages/airflow/example_dags/example_setup_teardown_taskflow.py
[2025-05-27T19:41:10.534+0530] {processor.py:840} INFO - DAG(s) 'example_setup_teardown_taskflow' retrieved from /Users/zafarimam/Documents/E-Commerce Order Pipeline/airflow_venv_39/lib/python3.9/site-packages/airflow/example_dags/example_setup_teardown_taskflow.py
[2025-05-27T19:41:10.608+0530] {logging_mixin.py:188} INFO - [2025-05-27T19:41:10.608+0530] {dag.py:3036} INFO - Sync 1 DAGs
[2025-05-27T19:41:10.620+0530] {logging_mixin.py:188} INFO - [2025-05-27T19:41:10.619+0530] {dag.py:3823} INFO - Setting next_dagrun for example_setup_teardown_taskflow to 2025-05-26 00:00:00+00:00, run_after=2025-05-27 00:00:00+00:00
[2025-05-27T19:41:10.637+0530] {processor.py:183} INFO - Processing /Users/zafarimam/Documents/E-Commerce Order Pipeline/airflow_venv_39/lib/python3.9/site-packages/airflow/example_dags/example_setup_teardown_taskflow.py took 0.139 seconds
[2025-05-27T19:42:51.846+0530] {processor.py:161} INFO - Started process (PID=28683) to work on /Users/zafarimam/Documents/E-Commerce Order Pipeline/airflow_venv_39/lib/python3.9/site-packages/airflow/example_dags/example_setup_teardown_taskflow.py
[2025-05-27T19:42:51.847+0530] {processor.py:830} INFO - Processing file /Users/zafarimam/Documents/E-Commerce Order Pipeline/airflow_venv_39/lib/python3.9/site-packages/airflow/example_dags/example_setup_teardown_taskflow.py for tasks to queue
[2025-05-27T19:42:51.848+0530] {logging_mixin.py:188} INFO - [2025-05-27T19:42:51.847+0530] {dagbag.py:538} INFO - Filling up the DagBag from /Users/zafarimam/Documents/E-Commerce Order Pipeline/airflow_venv_39/lib/python3.9/site-packages/airflow/example_dags/example_setup_teardown_taskflow.py
[2025-05-27T19:42:51.881+0530] {processor.py:840} INFO - DAG(s) 'example_setup_teardown_taskflow' retrieved from /Users/zafarimam/Documents/E-Commerce Order Pipeline/airflow_venv_39/lib/python3.9/site-packages/airflow/example_dags/example_setup_teardown_taskflow.py
[2025-05-27T19:42:51.956+0530] {logging_mixin.py:188} INFO - [2025-05-27T19:42:51.956+0530] {dag.py:3036} INFO - Sync 1 DAGs
[2025-05-27T19:42:51.966+0530] {logging_mixin.py:188} INFO - [2025-05-27T19:42:51.966+0530] {dag.py:3823} INFO - Setting next_dagrun for example_setup_teardown_taskflow to 2025-05-26 00:00:00+00:00, run_after=2025-05-27 00:00:00+00:00
[2025-05-27T19:42:51.979+0530] {processor.py:183} INFO - Processing /Users/zafarimam/Documents/E-Commerce Order Pipeline/airflow_venv_39/lib/python3.9/site-packages/airflow/example_dags/example_setup_teardown_taskflow.py took 0.134 seconds
[2025-05-27T19:44:51.355+0530] {processor.py:161} INFO - Started process (PID=28798) to work on /Users/zafarimam/Documents/E-Commerce Order Pipeline/airflow_venv_39/lib/python3.9/site-packages/airflow/example_dags/example_setup_teardown_taskflow.py
[2025-05-27T19:44:51.357+0530] {processor.py:830} INFO - Processing file /Users/zafarimam/Documents/E-Commerce Order Pipeline/airflow_venv_39/lib/python3.9/site-packages/airflow/example_dags/example_setup_teardown_taskflow.py for tasks to queue
[2025-05-27T19:44:51.358+0530] {logging_mixin.py:188} INFO - [2025-05-27T19:44:51.358+0530] {dagbag.py:538} INFO - Filling up the DagBag from /Users/zafarimam/Documents/E-Commerce Order Pipeline/airflow_venv_39/lib/python3.9/site-packages/airflow/example_dags/example_setup_teardown_taskflow.py
[2025-05-27T19:44:51.397+0530] {processor.py:840} INFO - DAG(s) 'example_setup_teardown_taskflow' retrieved from /Users/zafarimam/Documents/E-Commerce Order Pipeline/airflow_venv_39/lib/python3.9/site-packages/airflow/example_dags/example_setup_teardown_taskflow.py
[2025-05-27T19:44:51.486+0530] {logging_mixin.py:188} INFO - [2025-05-27T19:44:51.486+0530] {dag.py:3036} INFO - Sync 1 DAGs
[2025-05-27T19:44:51.500+0530] {logging_mixin.py:188} INFO - [2025-05-27T19:44:51.500+0530] {dag.py:3823} INFO - Setting next_dagrun for example_setup_teardown_taskflow to 2025-05-26 00:00:00+00:00, run_after=2025-05-27 00:00:00+00:00
[2025-05-27T19:44:51.515+0530] {processor.py:183} INFO - Processing /Users/zafarimam/Documents/E-Commerce Order Pipeline/airflow_venv_39/lib/python3.9/site-packages/airflow/example_dags/example_setup_teardown_taskflow.py took 0.161 seconds
[2025-05-27T19:46:48.795+0530] {processor.py:161} INFO - Started process (PID=28885) to work on /Users/zafarimam/Documents/E-Commerce Order Pipeline/airflow_venv_39/lib/python3.9/site-packages/airflow/example_dags/example_setup_teardown_taskflow.py
[2025-05-27T19:46:48.797+0530] {processor.py:830} INFO - Processing file /Users/zafarimam/Documents/E-Commerce Order Pipeline/airflow_venv_39/lib/python3.9/site-packages/airflow/example_dags/example_setup_teardown_taskflow.py for tasks to queue
[2025-05-27T19:46:48.797+0530] {logging_mixin.py:188} INFO - [2025-05-27T19:46:48.797+0530] {dagbag.py:538} INFO - Filling up the DagBag from /Users/zafarimam/Documents/E-Commerce Order Pipeline/airflow_venv_39/lib/python3.9/site-packages/airflow/example_dags/example_setup_teardown_taskflow.py
[2025-05-27T19:46:48.834+0530] {processor.py:840} INFO - DAG(s) 'example_setup_teardown_taskflow' retrieved from /Users/zafarimam/Documents/E-Commerce Order Pipeline/airflow_venv_39/lib/python3.9/site-packages/airflow/example_dags/example_setup_teardown_taskflow.py
[2025-05-27T19:46:48.913+0530] {logging_mixin.py:188} INFO - [2025-05-27T19:46:48.912+0530] {dag.py:3036} INFO - Sync 1 DAGs
[2025-05-27T19:46:48.924+0530] {logging_mixin.py:188} INFO - [2025-05-27T19:46:48.924+0530] {dag.py:3823} INFO - Setting next_dagrun for example_setup_teardown_taskflow to 2025-05-26 00:00:00+00:00, run_after=2025-05-27 00:00:00+00:00
[2025-05-27T19:46:48.937+0530] {processor.py:183} INFO - Processing /Users/zafarimam/Documents/E-Commerce Order Pipeline/airflow_venv_39/lib/python3.9/site-packages/airflow/example_dags/example_setup_teardown_taskflow.py took 0.143 seconds
[2025-05-27T19:48:32.169+0530] {processor.py:161} INFO - Started process (PID=28948) to work on /Users/zafarimam/Documents/E-Commerce Order Pipeline/airflow_venv_39/lib/python3.9/site-packages/airflow/example_dags/example_setup_teardown_taskflow.py
[2025-05-27T19:48:32.170+0530] {processor.py:830} INFO - Processing file /Users/zafarimam/Documents/E-Commerce Order Pipeline/airflow_venv_39/lib/python3.9/site-packages/airflow/example_dags/example_setup_teardown_taskflow.py for tasks to queue
[2025-05-27T19:48:32.171+0530] {logging_mixin.py:188} INFO - [2025-05-27T19:48:32.171+0530] {dagbag.py:538} INFO - Filling up the DagBag from /Users/zafarimam/Documents/E-Commerce Order Pipeline/airflow_venv_39/lib/python3.9/site-packages/airflow/example_dags/example_setup_teardown_taskflow.py
[2025-05-27T19:48:32.207+0530] {processor.py:840} INFO - DAG(s) 'example_setup_teardown_taskflow' retrieved from /Users/zafarimam/Documents/E-Commerce Order Pipeline/airflow_venv_39/lib/python3.9/site-packages/airflow/example_dags/example_setup_teardown_taskflow.py
[2025-05-27T19:48:32.287+0530] {logging_mixin.py:188} INFO - [2025-05-27T19:48:32.287+0530] {dag.py:3036} INFO - Sync 1 DAGs
[2025-05-27T19:48:32.298+0530] {logging_mixin.py:188} INFO - [2025-05-27T19:48:32.298+0530] {dag.py:3823} INFO - Setting next_dagrun for example_setup_teardown_taskflow to 2025-05-26 00:00:00+00:00, run_after=2025-05-27 00:00:00+00:00
[2025-05-27T19:48:32.313+0530] {processor.py:183} INFO - Processing /Users/zafarimam/Documents/E-Commerce Order Pipeline/airflow_venv_39/lib/python3.9/site-packages/airflow/example_dags/example_setup_teardown_taskflow.py took 0.145 seconds
[2025-05-27T19:50:17.238+0530] {processor.py:161} INFO - Started process (PID=29029) to work on /Users/zafarimam/Documents/E-Commerce Order Pipeline/airflow_venv_39/lib/python3.9/site-packages/airflow/example_dags/example_setup_teardown_taskflow.py
[2025-05-27T19:50:17.239+0530] {processor.py:830} INFO - Processing file /Users/zafarimam/Documents/E-Commerce Order Pipeline/airflow_venv_39/lib/python3.9/site-packages/airflow/example_dags/example_setup_teardown_taskflow.py for tasks to queue
[2025-05-27T19:50:17.239+0530] {logging_mixin.py:188} INFO - [2025-05-27T19:50:17.239+0530] {dagbag.py:538} INFO - Filling up the DagBag from /Users/zafarimam/Documents/E-Commerce Order Pipeline/airflow_venv_39/lib/python3.9/site-packages/airflow/example_dags/example_setup_teardown_taskflow.py
[2025-05-27T19:50:17.276+0530] {processor.py:840} INFO - DAG(s) 'example_setup_teardown_taskflow' retrieved from /Users/zafarimam/Documents/E-Commerce Order Pipeline/airflow_venv_39/lib/python3.9/site-packages/airflow/example_dags/example_setup_teardown_taskflow.py
[2025-05-27T19:50:17.357+0530] {logging_mixin.py:188} INFO - [2025-05-27T19:50:17.357+0530] {dag.py:3036} INFO - Sync 1 DAGs
[2025-05-27T19:50:17.371+0530] {logging_mixin.py:188} INFO - [2025-05-27T19:50:17.370+0530] {dag.py:3823} INFO - Setting next_dagrun for example_setup_teardown_taskflow to 2025-05-26 00:00:00+00:00, run_after=2025-05-27 00:00:00+00:00
[2025-05-27T19:50:17.385+0530] {processor.py:183} INFO - Processing /Users/zafarimam/Documents/E-Commerce Order Pipeline/airflow_venv_39/lib/python3.9/site-packages/airflow/example_dags/example_setup_teardown_taskflow.py took 0.149 seconds
[2025-05-27T19:52:06.154+0530] {processor.py:161} INFO - Started process (PID=29090) to work on /Users/zafarimam/Documents/E-Commerce Order Pipeline/airflow_venv_39/lib/python3.9/site-packages/airflow/example_dags/example_setup_teardown_taskflow.py
[2025-05-27T19:52:06.155+0530] {processor.py:830} INFO - Processing file /Users/zafarimam/Documents/E-Commerce Order Pipeline/airflow_venv_39/lib/python3.9/site-packages/airflow/example_dags/example_setup_teardown_taskflow.py for tasks to queue
[2025-05-27T19:52:06.156+0530] {logging_mixin.py:188} INFO - [2025-05-27T19:52:06.156+0530] {dagbag.py:538} INFO - Filling up the DagBag from /Users/zafarimam/Documents/E-Commerce Order Pipeline/airflow_venv_39/lib/python3.9/site-packages/airflow/example_dags/example_setup_teardown_taskflow.py
[2025-05-27T19:52:06.194+0530] {processor.py:840} INFO - DAG(s) 'example_setup_teardown_taskflow' retrieved from /Users/zafarimam/Documents/E-Commerce Order Pipeline/airflow_venv_39/lib/python3.9/site-packages/airflow/example_dags/example_setup_teardown_taskflow.py
[2025-05-27T19:52:06.277+0530] {logging_mixin.py:188} INFO - [2025-05-27T19:52:06.276+0530] {dag.py:3036} INFO - Sync 1 DAGs
[2025-05-27T19:52:06.290+0530] {logging_mixin.py:188} INFO - [2025-05-27T19:52:06.290+0530] {dag.py:3823} INFO - Setting next_dagrun for example_setup_teardown_taskflow to 2025-05-26 00:00:00+00:00, run_after=2025-05-27 00:00:00+00:00
[2025-05-27T19:52:06.304+0530] {processor.py:183} INFO - Processing /Users/zafarimam/Documents/E-Commerce Order Pipeline/airflow_venv_39/lib/python3.9/site-packages/airflow/example_dags/example_setup_teardown_taskflow.py took 0.151 seconds
