[2025-05-27T17:38:32.933+0530] {processor.py:161} INFO - Started process (PID=22828) to work on /Users/zafarimam/Documents/E-Commerce Order Pipeline/airflow_venv_39/lib/python3.9/site-packages/airflow/example_dags/example_sensor_decorator.py
[2025-05-27T17:38:32.934+0530] {processor.py:830} INFO - Processing file /Users/zafarimam/Documents/E-Commerce Order Pipeline/airflow_venv_39/lib/python3.9/site-packages/airflow/example_dags/example_sensor_decorator.py for tasks to queue
[2025-05-27T17:38:32.935+0530] {logging_mixin.py:188} INFO - [2025-05-27T17:38:32.935+0530] {dagbag.py:538} INFO - Filling up the DagBag from /Users/zafarimam/Documents/E-Commerce Order Pipeline/airflow_venv_39/lib/python3.9/site-packages/airflow/example_dags/example_sensor_decorator.py
[2025-05-27T17:38:32.970+0530] {processor.py:840} INFO - DAG(s) 'example_sensor_decorator' retrieved from /Users/zafarimam/Documents/E-Commerce Order Pipeline/airflow_venv_39/lib/python3.9/site-packages/airflow/example_dags/example_sensor_decorator.py
[2025-05-27T17:38:33.117+0530] {logging_mixin.py:188} INFO - [2025-05-27T17:38:33.117+0530] {dag.py:3036} INFO - Sync 1 DAGs
[2025-05-27T17:38:33.124+0530] {logging_mixin.py:188} INFO - [2025-05-27T17:38:33.124+0530] {dag.py:3823} INFO - Setting next_dagrun for example_sensor_decorator to None, run_after=None
[2025-05-27T17:38:33.138+0530] {processor.py:183} INFO - Processing /Users/zafarimam/Documents/E-Commerce Order Pipeline/airflow_venv_39/lib/python3.9/site-packages/airflow/example_dags/example_sensor_decorator.py took 0.206 seconds
[2025-05-27T17:40:40.341+0530] {processor.py:161} INFO - Started process (PID=22916) to work on /Users/zafarimam/Documents/E-Commerce Order Pipeline/airflow_venv_39/lib/python3.9/site-packages/airflow/example_dags/example_sensor_decorator.py
[2025-05-27T17:40:40.342+0530] {processor.py:830} INFO - Processing file /Users/zafarimam/Documents/E-Commerce Order Pipeline/airflow_venv_39/lib/python3.9/site-packages/airflow/example_dags/example_sensor_decorator.py for tasks to queue
[2025-05-27T17:40:40.343+0530] {logging_mixin.py:188} INFO - [2025-05-27T17:40:40.343+0530] {dagbag.py:538} INFO - Filling up the DagBag from /Users/zafarimam/Documents/E-Commerce Order Pipeline/airflow_venv_39/lib/python3.9/site-packages/airflow/example_dags/example_sensor_decorator.py
[2025-05-27T17:40:40.380+0530] {processor.py:840} INFO - DAG(s) 'example_sensor_decorator' retrieved from /Users/zafarimam/Documents/E-Commerce Order Pipeline/airflow_venv_39/lib/python3.9/site-packages/airflow/example_dags/example_sensor_decorator.py
[2025-05-27T17:40:40.479+0530] {logging_mixin.py:188} INFO - [2025-05-27T17:40:40.478+0530] {dag.py:3036} INFO - Sync 1 DAGs
[2025-05-27T17:40:40.486+0530] {logging_mixin.py:188} INFO - [2025-05-27T17:40:40.486+0530] {dag.py:3823} INFO - Setting next_dagrun for example_sensor_decorator to None, run_after=None
[2025-05-27T17:40:40.501+0530] {processor.py:183} INFO - Processing /Users/zafarimam/Documents/E-Commerce Order Pipeline/airflow_venv_39/lib/python3.9/site-packages/airflow/example_dags/example_sensor_decorator.py took 0.162 seconds
[2025-05-27T17:42:36.161+0530] {processor.py:161} INFO - Started process (PID=22979) to work on /Users/zafarimam/Documents/E-Commerce Order Pipeline/airflow_venv_39/lib/python3.9/site-packages/airflow/example_dags/example_sensor_decorator.py
[2025-05-27T17:42:36.163+0530] {processor.py:830} INFO - Processing file /Users/zafarimam/Documents/E-Commerce Order Pipeline/airflow_venv_39/lib/python3.9/site-packages/airflow/example_dags/example_sensor_decorator.py for tasks to queue
[2025-05-27T17:42:36.164+0530] {logging_mixin.py:188} INFO - [2025-05-27T17:42:36.163+0530] {dagbag.py:538} INFO - Filling up the DagBag from /Users/zafarimam/Documents/E-Commerce Order Pipeline/airflow_venv_39/lib/python3.9/site-packages/airflow/example_dags/example_sensor_decorator.py
[2025-05-27T17:42:36.200+0530] {processor.py:840} INFO - DAG(s) 'example_sensor_decorator' retrieved from /Users/zafarimam/Documents/E-Commerce Order Pipeline/airflow_venv_39/lib/python3.9/site-packages/airflow/example_dags/example_sensor_decorator.py
[2025-05-27T17:42:36.292+0530] {logging_mixin.py:188} INFO - [2025-05-27T17:42:36.291+0530] {dag.py:3036} INFO - Sync 1 DAGs
[2025-05-27T17:42:36.298+0530] {logging_mixin.py:188} INFO - [2025-05-27T17:42:36.298+0530] {dag.py:3823} INFO - Setting next_dagrun for example_sensor_decorator to None, run_after=None
[2025-05-27T17:42:36.311+0530] {processor.py:183} INFO - Processing /Users/zafarimam/Documents/E-Commerce Order Pipeline/airflow_venv_39/lib/python3.9/site-packages/airflow/example_dags/example_sensor_decorator.py took 0.151 seconds
[2025-05-27T17:44:25.065+0530] {processor.py:161} INFO - Started process (PID=23037) to work on /Users/zafarimam/Documents/E-Commerce Order Pipeline/airflow_venv_39/lib/python3.9/site-packages/airflow/example_dags/example_sensor_decorator.py
[2025-05-27T17:44:25.067+0530] {processor.py:830} INFO - Processing file /Users/zafarimam/Documents/E-Commerce Order Pipeline/airflow_venv_39/lib/python3.9/site-packages/airflow/example_dags/example_sensor_decorator.py for tasks to queue
[2025-05-27T17:44:25.067+0530] {logging_mixin.py:188} INFO - [2025-05-27T17:44:25.067+0530] {dagbag.py:538} INFO - Filling up the DagBag from /Users/zafarimam/Documents/E-Commerce Order Pipeline/airflow_venv_39/lib/python3.9/site-packages/airflow/example_dags/example_sensor_decorator.py
[2025-05-27T17:44:25.104+0530] {processor.py:840} INFO - DAG(s) 'example_sensor_decorator' retrieved from /Users/zafarimam/Documents/E-Commerce Order Pipeline/airflow_venv_39/lib/python3.9/site-packages/airflow/example_dags/example_sensor_decorator.py
[2025-05-27T17:44:25.192+0530] {logging_mixin.py:188} INFO - [2025-05-27T17:44:25.192+0530] {dag.py:3036} INFO - Sync 1 DAGs
[2025-05-27T17:44:25.199+0530] {logging_mixin.py:188} INFO - [2025-05-27T17:44:25.198+0530] {dag.py:3823} INFO - Setting next_dagrun for example_sensor_decorator to None, run_after=None
[2025-05-27T17:44:25.214+0530] {processor.py:183} INFO - Processing /Users/zafarimam/Documents/E-Commerce Order Pipeline/airflow_venv_39/lib/python3.9/site-packages/airflow/example_dags/example_sensor_decorator.py took 0.150 seconds
[2025-05-27T17:51:23.510+0530] {processor.py:161} INFO - Started process (PID=23195) to work on /Users/zafarimam/Documents/E-Commerce Order Pipeline/airflow_venv_39/lib/python3.9/site-packages/airflow/example_dags/example_sensor_decorator.py
[2025-05-27T17:51:23.511+0530] {processor.py:830} INFO - Processing file /Users/zafarimam/Documents/E-Commerce Order Pipeline/airflow_venv_39/lib/python3.9/site-packages/airflow/example_dags/example_sensor_decorator.py for tasks to queue
[2025-05-27T17:51:23.512+0530] {logging_mixin.py:188} INFO - [2025-05-27T17:51:23.512+0530] {dagbag.py:538} INFO - Filling up the DagBag from /Users/zafarimam/Documents/E-Commerce Order Pipeline/airflow_venv_39/lib/python3.9/site-packages/airflow/example_dags/example_sensor_decorator.py
[2025-05-27T17:51:23.552+0530] {processor.py:840} INFO - DAG(s) 'example_sensor_decorator' retrieved from /Users/zafarimam/Documents/E-Commerce Order Pipeline/airflow_venv_39/lib/python3.9/site-packages/airflow/example_dags/example_sensor_decorator.py
[2025-05-27T17:51:23.645+0530] {logging_mixin.py:188} INFO - [2025-05-27T17:51:23.645+0530] {dag.py:3036} INFO - Sync 1 DAGs
[2025-05-27T17:51:23.653+0530] {logging_mixin.py:188} INFO - [2025-05-27T17:51:23.653+0530] {dag.py:3823} INFO - Setting next_dagrun for example_sensor_decorator to None, run_after=None
[2025-05-27T17:51:23.666+0530] {processor.py:183} INFO - Processing /Users/zafarimam/Documents/E-Commerce Order Pipeline/airflow_venv_39/lib/python3.9/site-packages/airflow/example_dags/example_sensor_decorator.py took 0.157 seconds
[2025-05-27T17:53:18.446+0530] {processor.py:161} INFO - Started process (PID=23636) to work on /Users/zafarimam/Documents/E-Commerce Order Pipeline/airflow_venv_39/lib/python3.9/site-packages/airflow/example_dags/example_sensor_decorator.py
[2025-05-27T17:53:18.448+0530] {processor.py:830} INFO - Processing file /Users/zafarimam/Documents/E-Commerce Order Pipeline/airflow_venv_39/lib/python3.9/site-packages/airflow/example_dags/example_sensor_decorator.py for tasks to queue
[2025-05-27T17:53:18.449+0530] {logging_mixin.py:188} INFO - [2025-05-27T17:53:18.449+0530] {dagbag.py:538} INFO - Filling up the DagBag from /Users/zafarimam/Documents/E-Commerce Order Pipeline/airflow_venv_39/lib/python3.9/site-packages/airflow/example_dags/example_sensor_decorator.py
[2025-05-27T17:53:18.486+0530] {processor.py:840} INFO - DAG(s) 'example_sensor_decorator' retrieved from /Users/zafarimam/Documents/E-Commerce Order Pipeline/airflow_venv_39/lib/python3.9/site-packages/airflow/example_dags/example_sensor_decorator.py
[2025-05-27T17:53:18.594+0530] {logging_mixin.py:188} INFO - [2025-05-27T17:53:18.594+0530] {dag.py:3036} INFO - Sync 1 DAGs
[2025-05-27T17:53:18.603+0530] {logging_mixin.py:188} INFO - [2025-05-27T17:53:18.602+0530] {dag.py:3823} INFO - Setting next_dagrun for example_sensor_decorator to None, run_after=None
[2025-05-27T17:53:18.626+0530] {processor.py:183} INFO - Processing /Users/zafarimam/Documents/E-Commerce Order Pipeline/airflow_venv_39/lib/python3.9/site-packages/airflow/example_dags/example_sensor_decorator.py took 0.180 seconds
[2025-05-27T17:55:51.792+0530] {processor.py:161} INFO - Started process (PID=24065) to work on /Users/zafarimam/Documents/E-Commerce Order Pipeline/airflow_venv_39/lib/python3.9/site-packages/airflow/example_dags/example_sensor_decorator.py
[2025-05-27T17:55:51.794+0530] {processor.py:830} INFO - Processing file /Users/zafarimam/Documents/E-Commerce Order Pipeline/airflow_venv_39/lib/python3.9/site-packages/airflow/example_dags/example_sensor_decorator.py for tasks to queue
[2025-05-27T17:55:51.794+0530] {logging_mixin.py:188} INFO - [2025-05-27T17:55:51.794+0530] {dagbag.py:538} INFO - Filling up the DagBag from /Users/zafarimam/Documents/E-Commerce Order Pipeline/airflow_venv_39/lib/python3.9/site-packages/airflow/example_dags/example_sensor_decorator.py
[2025-05-27T17:55:51.835+0530] {processor.py:840} INFO - DAG(s) 'example_sensor_decorator' retrieved from /Users/zafarimam/Documents/E-Commerce Order Pipeline/airflow_venv_39/lib/python3.9/site-packages/airflow/example_dags/example_sensor_decorator.py
[2025-05-27T17:55:52.010+0530] {logging_mixin.py:188} INFO - [2025-05-27T17:55:52.009+0530] {dag.py:3036} INFO - Sync 1 DAGs
[2025-05-27T17:55:52.018+0530] {logging_mixin.py:188} INFO - [2025-05-27T17:55:52.018+0530] {dag.py:3823} INFO - Setting next_dagrun for example_sensor_decorator to None, run_after=None
[2025-05-27T17:55:52.033+0530] {processor.py:183} INFO - Processing /Users/zafarimam/Documents/E-Commerce Order Pipeline/airflow_venv_39/lib/python3.9/site-packages/airflow/example_dags/example_sensor_decorator.py took 0.242 seconds
[2025-05-27T17:58:03.389+0530] {processor.py:161} INFO - Started process (PID=24563) to work on /Users/zafarimam/Documents/E-Commerce Order Pipeline/airflow_venv_39/lib/python3.9/site-packages/airflow/example_dags/example_sensor_decorator.py
[2025-05-27T17:58:03.390+0530] {processor.py:830} INFO - Processing file /Users/zafarimam/Documents/E-Commerce Order Pipeline/airflow_venv_39/lib/python3.9/site-packages/airflow/example_dags/example_sensor_decorator.py for tasks to queue
[2025-05-27T17:58:03.391+0530] {logging_mixin.py:188} INFO - [2025-05-27T17:58:03.391+0530] {dagbag.py:538} INFO - Filling up the DagBag from /Users/zafarimam/Documents/E-Commerce Order Pipeline/airflow_venv_39/lib/python3.9/site-packages/airflow/example_dags/example_sensor_decorator.py
[2025-05-27T17:58:03.426+0530] {processor.py:840} INFO - DAG(s) 'example_sensor_decorator' retrieved from /Users/zafarimam/Documents/E-Commerce Order Pipeline/airflow_venv_39/lib/python3.9/site-packages/airflow/example_dags/example_sensor_decorator.py
[2025-05-27T17:58:03.518+0530] {logging_mixin.py:188} INFO - [2025-05-27T17:58:03.518+0530] {dag.py:3036} INFO - Sync 1 DAGs
[2025-05-27T17:58:03.525+0530] {logging_mixin.py:188} INFO - [2025-05-27T17:58:03.525+0530] {dag.py:3823} INFO - Setting next_dagrun for example_sensor_decorator to None, run_after=None
[2025-05-27T17:58:03.539+0530] {processor.py:183} INFO - Processing /Users/zafarimam/Documents/E-Commerce Order Pipeline/airflow_venv_39/lib/python3.9/site-packages/airflow/example_dags/example_sensor_decorator.py took 0.151 seconds
[2025-05-27T18:06:23.949+0530] {processor.py:161} INFO - Started process (PID=25107) to work on /Users/zafarimam/Documents/E-Commerce Order Pipeline/airflow_venv_39/lib/python3.9/site-packages/airflow/example_dags/example_sensor_decorator.py
[2025-05-27T18:06:23.951+0530] {processor.py:830} INFO - Processing file /Users/zafarimam/Documents/E-Commerce Order Pipeline/airflow_venv_39/lib/python3.9/site-packages/airflow/example_dags/example_sensor_decorator.py for tasks to queue
[2025-05-27T18:06:23.951+0530] {logging_mixin.py:188} INFO - [2025-05-27T18:06:23.951+0530] {dagbag.py:538} INFO - Filling up the DagBag from /Users/zafarimam/Documents/E-Commerce Order Pipeline/airflow_venv_39/lib/python3.9/site-packages/airflow/example_dags/example_sensor_decorator.py
[2025-05-27T18:06:23.986+0530] {processor.py:840} INFO - DAG(s) 'example_sensor_decorator' retrieved from /Users/zafarimam/Documents/E-Commerce Order Pipeline/airflow_venv_39/lib/python3.9/site-packages/airflow/example_dags/example_sensor_decorator.py
[2025-05-27T18:06:24.073+0530] {logging_mixin.py:188} INFO - [2025-05-27T18:06:24.073+0530] {dag.py:3036} INFO - Sync 1 DAGs
[2025-05-27T18:06:24.080+0530] {logging_mixin.py:188} INFO - [2025-05-27T18:06:24.080+0530] {dag.py:3823} INFO - Setting next_dagrun for example_sensor_decorator to None, run_after=None
[2025-05-27T18:06:24.093+0530] {processor.py:183} INFO - Processing /Users/zafarimam/Documents/E-Commerce Order Pipeline/airflow_venv_39/lib/python3.9/site-packages/airflow/example_dags/example_sensor_decorator.py took 0.146 seconds
[2025-05-27T18:08:29.448+0530] {processor.py:161} INFO - Started process (PID=25174) to work on /Users/zafarimam/Documents/E-Commerce Order Pipeline/airflow_venv_39/lib/python3.9/site-packages/airflow/example_dags/example_sensor_decorator.py
[2025-05-27T18:08:29.449+0530] {processor.py:830} INFO - Processing file /Users/zafarimam/Documents/E-Commerce Order Pipeline/airflow_venv_39/lib/python3.9/site-packages/airflow/example_dags/example_sensor_decorator.py for tasks to queue
[2025-05-27T18:08:29.450+0530] {logging_mixin.py:188} INFO - [2025-05-27T18:08:29.449+0530] {dagbag.py:538} INFO - Filling up the DagBag from /Users/zafarimam/Documents/E-Commerce Order Pipeline/airflow_venv_39/lib/python3.9/site-packages/airflow/example_dags/example_sensor_decorator.py
[2025-05-27T18:08:29.487+0530] {processor.py:840} INFO - DAG(s) 'example_sensor_decorator' retrieved from /Users/zafarimam/Documents/E-Commerce Order Pipeline/airflow_venv_39/lib/python3.9/site-packages/airflow/example_dags/example_sensor_decorator.py
[2025-05-27T18:08:29.589+0530] {logging_mixin.py:188} INFO - [2025-05-27T18:08:29.588+0530] {dag.py:3036} INFO - Sync 1 DAGs
[2025-05-27T18:08:29.597+0530] {logging_mixin.py:188} INFO - [2025-05-27T18:08:29.596+0530] {dag.py:3823} INFO - Setting next_dagrun for example_sensor_decorator to None, run_after=None
[2025-05-27T18:08:29.612+0530] {processor.py:183} INFO - Processing /Users/zafarimam/Documents/E-Commerce Order Pipeline/airflow_venv_39/lib/python3.9/site-packages/airflow/example_dags/example_sensor_decorator.py took 0.165 seconds
[2025-05-27T18:10:22.292+0530] {processor.py:161} INFO - Started process (PID=25230) to work on /Users/zafarimam/Documents/E-Commerce Order Pipeline/airflow_venv_39/lib/python3.9/site-packages/airflow/example_dags/example_sensor_decorator.py
[2025-05-27T18:10:22.293+0530] {processor.py:830} INFO - Processing file /Users/zafarimam/Documents/E-Commerce Order Pipeline/airflow_venv_39/lib/python3.9/site-packages/airflow/example_dags/example_sensor_decorator.py for tasks to queue
[2025-05-27T18:10:22.294+0530] {logging_mixin.py:188} INFO - [2025-05-27T18:10:22.294+0530] {dagbag.py:538} INFO - Filling up the DagBag from /Users/zafarimam/Documents/E-Commerce Order Pipeline/airflow_venv_39/lib/python3.9/site-packages/airflow/example_dags/example_sensor_decorator.py
[2025-05-27T18:10:22.328+0530] {processor.py:840} INFO - DAG(s) 'example_sensor_decorator' retrieved from /Users/zafarimam/Documents/E-Commerce Order Pipeline/airflow_venv_39/lib/python3.9/site-packages/airflow/example_dags/example_sensor_decorator.py
[2025-05-27T18:10:22.417+0530] {logging_mixin.py:188} INFO - [2025-05-27T18:10:22.417+0530] {dag.py:3036} INFO - Sync 1 DAGs
[2025-05-27T18:10:22.424+0530] {logging_mixin.py:188} INFO - [2025-05-27T18:10:22.424+0530] {dag.py:3823} INFO - Setting next_dagrun for example_sensor_decorator to None, run_after=None
[2025-05-27T18:10:22.438+0530] {processor.py:183} INFO - Processing /Users/zafarimam/Documents/E-Commerce Order Pipeline/airflow_venv_39/lib/python3.9/site-packages/airflow/example_dags/example_sensor_decorator.py took 0.147 seconds
[2025-05-27T18:12:09.006+0530] {processor.py:161} INFO - Started process (PID=25290) to work on /Users/zafarimam/Documents/E-Commerce Order Pipeline/airflow_venv_39/lib/python3.9/site-packages/airflow/example_dags/example_sensor_decorator.py
[2025-05-27T18:12:09.007+0530] {processor.py:830} INFO - Processing file /Users/zafarimam/Documents/E-Commerce Order Pipeline/airflow_venv_39/lib/python3.9/site-packages/airflow/example_dags/example_sensor_decorator.py for tasks to queue
[2025-05-27T18:12:09.008+0530] {logging_mixin.py:188} INFO - [2025-05-27T18:12:09.007+0530] {dagbag.py:538} INFO - Filling up the DagBag from /Users/zafarimam/Documents/E-Commerce Order Pipeline/airflow_venv_39/lib/python3.9/site-packages/airflow/example_dags/example_sensor_decorator.py
[2025-05-27T18:12:09.041+0530] {processor.py:840} INFO - DAG(s) 'example_sensor_decorator' retrieved from /Users/zafarimam/Documents/E-Commerce Order Pipeline/airflow_venv_39/lib/python3.9/site-packages/airflow/example_dags/example_sensor_decorator.py
[2025-05-27T18:12:09.134+0530] {logging_mixin.py:188} INFO - [2025-05-27T18:12:09.133+0530] {dag.py:3036} INFO - Sync 1 DAGs
[2025-05-27T18:12:09.141+0530] {logging_mixin.py:188} INFO - [2025-05-27T18:12:09.141+0530] {dag.py:3823} INFO - Setting next_dagrun for example_sensor_decorator to None, run_after=None
[2025-05-27T18:12:09.157+0530] {processor.py:183} INFO - Processing /Users/zafarimam/Documents/E-Commerce Order Pipeline/airflow_venv_39/lib/python3.9/site-packages/airflow/example_dags/example_sensor_decorator.py took 0.152 seconds
[2025-05-27T18:14:12.428+0530] {processor.py:161} INFO - Started process (PID=25367) to work on /Users/zafarimam/Documents/E-Commerce Order Pipeline/airflow_venv_39/lib/python3.9/site-packages/airflow/example_dags/example_sensor_decorator.py
[2025-05-27T18:14:12.429+0530] {processor.py:830} INFO - Processing file /Users/zafarimam/Documents/E-Commerce Order Pipeline/airflow_venv_39/lib/python3.9/site-packages/airflow/example_dags/example_sensor_decorator.py for tasks to queue
[2025-05-27T18:14:12.430+0530] {logging_mixin.py:188} INFO - [2025-05-27T18:14:12.430+0530] {dagbag.py:538} INFO - Filling up the DagBag from /Users/zafarimam/Documents/E-Commerce Order Pipeline/airflow_venv_39/lib/python3.9/site-packages/airflow/example_dags/example_sensor_decorator.py
[2025-05-27T18:14:12.465+0530] {processor.py:840} INFO - DAG(s) 'example_sensor_decorator' retrieved from /Users/zafarimam/Documents/E-Commerce Order Pipeline/airflow_venv_39/lib/python3.9/site-packages/airflow/example_dags/example_sensor_decorator.py
[2025-05-27T18:14:12.552+0530] {logging_mixin.py:188} INFO - [2025-05-27T18:14:12.552+0530] {dag.py:3036} INFO - Sync 1 DAGs
[2025-05-27T18:14:12.559+0530] {logging_mixin.py:188} INFO - [2025-05-27T18:14:12.559+0530] {dag.py:3823} INFO - Setting next_dagrun for example_sensor_decorator to None, run_after=None
[2025-05-27T18:14:12.571+0530] {processor.py:183} INFO - Processing /Users/zafarimam/Documents/E-Commerce Order Pipeline/airflow_venv_39/lib/python3.9/site-packages/airflow/example_dags/example_sensor_decorator.py took 0.145 seconds
[2025-05-27T18:15:56.863+0530] {processor.py:161} INFO - Started process (PID=25423) to work on /Users/zafarimam/Documents/E-Commerce Order Pipeline/airflow_venv_39/lib/python3.9/site-packages/airflow/example_dags/example_sensor_decorator.py
[2025-05-27T18:15:56.864+0530] {processor.py:830} INFO - Processing file /Users/zafarimam/Documents/E-Commerce Order Pipeline/airflow_venv_39/lib/python3.9/site-packages/airflow/example_dags/example_sensor_decorator.py for tasks to queue
[2025-05-27T18:15:56.864+0530] {logging_mixin.py:188} INFO - [2025-05-27T18:15:56.864+0530] {dagbag.py:538} INFO - Filling up the DagBag from /Users/zafarimam/Documents/E-Commerce Order Pipeline/airflow_venv_39/lib/python3.9/site-packages/airflow/example_dags/example_sensor_decorator.py
[2025-05-27T18:15:56.900+0530] {processor.py:840} INFO - DAG(s) 'example_sensor_decorator' retrieved from /Users/zafarimam/Documents/E-Commerce Order Pipeline/airflow_venv_39/lib/python3.9/site-packages/airflow/example_dags/example_sensor_decorator.py
[2025-05-27T18:15:56.988+0530] {logging_mixin.py:188} INFO - [2025-05-27T18:15:56.988+0530] {dag.py:3036} INFO - Sync 1 DAGs
[2025-05-27T18:15:56.995+0530] {logging_mixin.py:188} INFO - [2025-05-27T18:15:56.995+0530] {dag.py:3823} INFO - Setting next_dagrun for example_sensor_decorator to None, run_after=None
[2025-05-27T18:15:57.007+0530] {processor.py:183} INFO - Processing /Users/zafarimam/Documents/E-Commerce Order Pipeline/airflow_venv_39/lib/python3.9/site-packages/airflow/example_dags/example_sensor_decorator.py took 0.146 seconds
[2025-05-27T18:17:39.727+0530] {processor.py:161} INFO - Started process (PID=25478) to work on /Users/zafarimam/Documents/E-Commerce Order Pipeline/airflow_venv_39/lib/python3.9/site-packages/airflow/example_dags/example_sensor_decorator.py
[2025-05-27T18:17:39.728+0530] {processor.py:830} INFO - Processing file /Users/zafarimam/Documents/E-Commerce Order Pipeline/airflow_venv_39/lib/python3.9/site-packages/airflow/example_dags/example_sensor_decorator.py for tasks to queue
[2025-05-27T18:17:39.728+0530] {logging_mixin.py:188} INFO - [2025-05-27T18:17:39.728+0530] {dagbag.py:538} INFO - Filling up the DagBag from /Users/zafarimam/Documents/E-Commerce Order Pipeline/airflow_venv_39/lib/python3.9/site-packages/airflow/example_dags/example_sensor_decorator.py
[2025-05-27T18:17:39.763+0530] {processor.py:840} INFO - DAG(s) 'example_sensor_decorator' retrieved from /Users/zafarimam/Documents/E-Commerce Order Pipeline/airflow_venv_39/lib/python3.9/site-packages/airflow/example_dags/example_sensor_decorator.py
[2025-05-27T18:17:39.852+0530] {logging_mixin.py:188} INFO - [2025-05-27T18:17:39.852+0530] {dag.py:3036} INFO - Sync 1 DAGs
[2025-05-27T18:17:39.859+0530] {logging_mixin.py:188} INFO - [2025-05-27T18:17:39.859+0530] {dag.py:3823} INFO - Setting next_dagrun for example_sensor_decorator to None, run_after=None
[2025-05-27T18:17:39.873+0530] {processor.py:183} INFO - Processing /Users/zafarimam/Documents/E-Commerce Order Pipeline/airflow_venv_39/lib/python3.9/site-packages/airflow/example_dags/example_sensor_decorator.py took 0.147 seconds
[2025-05-27T18:22:18.203+0530] {processor.py:161} INFO - Started process (PID=25685) to work on /Users/zafarimam/Documents/E-Commerce Order Pipeline/airflow_venv_39/lib/python3.9/site-packages/airflow/example_dags/example_sensor_decorator.py
[2025-05-27T18:22:18.204+0530] {processor.py:830} INFO - Processing file /Users/zafarimam/Documents/E-Commerce Order Pipeline/airflow_venv_39/lib/python3.9/site-packages/airflow/example_dags/example_sensor_decorator.py for tasks to queue
[2025-05-27T18:22:18.204+0530] {logging_mixin.py:188} INFO - [2025-05-27T18:22:18.204+0530] {dagbag.py:538} INFO - Filling up the DagBag from /Users/zafarimam/Documents/E-Commerce Order Pipeline/airflow_venv_39/lib/python3.9/site-packages/airflow/example_dags/example_sensor_decorator.py
[2025-05-27T18:22:18.244+0530] {processor.py:840} INFO - DAG(s) 'example_sensor_decorator' retrieved from /Users/zafarimam/Documents/E-Commerce Order Pipeline/airflow_venv_39/lib/python3.9/site-packages/airflow/example_dags/example_sensor_decorator.py
[2025-05-27T18:22:18.347+0530] {logging_mixin.py:188} INFO - [2025-05-27T18:22:18.346+0530] {dag.py:3036} INFO - Sync 1 DAGs
[2025-05-27T18:22:18.355+0530] {logging_mixin.py:188} INFO - [2025-05-27T18:22:18.355+0530] {dag.py:3823} INFO - Setting next_dagrun for example_sensor_decorator to None, run_after=None
[2025-05-27T18:22:18.372+0530] {processor.py:183} INFO - Processing /Users/zafarimam/Documents/E-Commerce Order Pipeline/airflow_venv_39/lib/python3.9/site-packages/airflow/example_dags/example_sensor_decorator.py took 0.170 seconds
[2025-05-27T18:27:34.243+0530] {processor.py:161} INFO - Started process (PID=25859) to work on /Users/zafarimam/Documents/E-Commerce Order Pipeline/airflow_venv_39/lib/python3.9/site-packages/airflow/example_dags/example_sensor_decorator.py
[2025-05-27T18:27:34.244+0530] {processor.py:830} INFO - Processing file /Users/zafarimam/Documents/E-Commerce Order Pipeline/airflow_venv_39/lib/python3.9/site-packages/airflow/example_dags/example_sensor_decorator.py for tasks to queue
[2025-05-27T18:27:34.245+0530] {logging_mixin.py:188} INFO - [2025-05-27T18:27:34.244+0530] {dagbag.py:538} INFO - Filling up the DagBag from /Users/zafarimam/Documents/E-Commerce Order Pipeline/airflow_venv_39/lib/python3.9/site-packages/airflow/example_dags/example_sensor_decorator.py
[2025-05-27T18:27:34.284+0530] {processor.py:840} INFO - DAG(s) 'example_sensor_decorator' retrieved from /Users/zafarimam/Documents/E-Commerce Order Pipeline/airflow_venv_39/lib/python3.9/site-packages/airflow/example_dags/example_sensor_decorator.py
[2025-05-27T18:27:34.388+0530] {logging_mixin.py:188} INFO - [2025-05-27T18:27:34.387+0530] {dag.py:3036} INFO - Sync 1 DAGs
[2025-05-27T18:27:34.396+0530] {logging_mixin.py:188} INFO - [2025-05-27T18:27:34.396+0530] {dag.py:3823} INFO - Setting next_dagrun for example_sensor_decorator to None, run_after=None
[2025-05-27T18:27:34.413+0530] {processor.py:183} INFO - Processing /Users/zafarimam/Documents/E-Commerce Order Pipeline/airflow_venv_39/lib/python3.9/site-packages/airflow/example_dags/example_sensor_decorator.py took 0.172 seconds
[2025-05-27T18:29:34.718+0530] {processor.py:161} INFO - Started process (PID=25930) to work on /Users/zafarimam/Documents/E-Commerce Order Pipeline/airflow_venv_39/lib/python3.9/site-packages/airflow/example_dags/example_sensor_decorator.py
[2025-05-27T18:29:34.719+0530] {processor.py:830} INFO - Processing file /Users/zafarimam/Documents/E-Commerce Order Pipeline/airflow_venv_39/lib/python3.9/site-packages/airflow/example_dags/example_sensor_decorator.py for tasks to queue
[2025-05-27T18:29:34.720+0530] {logging_mixin.py:188} INFO - [2025-05-27T18:29:34.720+0530] {dagbag.py:538} INFO - Filling up the DagBag from /Users/zafarimam/Documents/E-Commerce Order Pipeline/airflow_venv_39/lib/python3.9/site-packages/airflow/example_dags/example_sensor_decorator.py
[2025-05-27T18:29:34.755+0530] {processor.py:840} INFO - DAG(s) 'example_sensor_decorator' retrieved from /Users/zafarimam/Documents/E-Commerce Order Pipeline/airflow_venv_39/lib/python3.9/site-packages/airflow/example_dags/example_sensor_decorator.py
[2025-05-27T18:29:34.846+0530] {logging_mixin.py:188} INFO - [2025-05-27T18:29:34.846+0530] {dag.py:3036} INFO - Sync 1 DAGs
[2025-05-27T18:29:34.853+0530] {logging_mixin.py:188} INFO - [2025-05-27T18:29:34.853+0530] {dag.py:3823} INFO - Setting next_dagrun for example_sensor_decorator to None, run_after=None
[2025-05-27T18:29:34.865+0530] {processor.py:183} INFO - Processing /Users/zafarimam/Documents/E-Commerce Order Pipeline/airflow_venv_39/lib/python3.9/site-packages/airflow/example_dags/example_sensor_decorator.py took 0.149 seconds
[2025-05-27T18:31:23.153+0530] {processor.py:161} INFO - Started process (PID=25988) to work on /Users/zafarimam/Documents/E-Commerce Order Pipeline/airflow_venv_39/lib/python3.9/site-packages/airflow/example_dags/example_sensor_decorator.py
[2025-05-27T18:31:23.154+0530] {processor.py:830} INFO - Processing file /Users/zafarimam/Documents/E-Commerce Order Pipeline/airflow_venv_39/lib/python3.9/site-packages/airflow/example_dags/example_sensor_decorator.py for tasks to queue
[2025-05-27T18:31:23.155+0530] {logging_mixin.py:188} INFO - [2025-05-27T18:31:23.155+0530] {dagbag.py:538} INFO - Filling up the DagBag from /Users/zafarimam/Documents/E-Commerce Order Pipeline/airflow_venv_39/lib/python3.9/site-packages/airflow/example_dags/example_sensor_decorator.py
[2025-05-27T18:31:23.191+0530] {processor.py:840} INFO - DAG(s) 'example_sensor_decorator' retrieved from /Users/zafarimam/Documents/E-Commerce Order Pipeline/airflow_venv_39/lib/python3.9/site-packages/airflow/example_dags/example_sensor_decorator.py
[2025-05-27T18:31:23.283+0530] {logging_mixin.py:188} INFO - [2025-05-27T18:31:23.283+0530] {dag.py:3036} INFO - Sync 1 DAGs
[2025-05-27T18:31:23.290+0530] {logging_mixin.py:188} INFO - [2025-05-27T18:31:23.290+0530] {dag.py:3823} INFO - Setting next_dagrun for example_sensor_decorator to None, run_after=None
[2025-05-27T18:31:23.304+0530] {processor.py:183} INFO - Processing /Users/zafarimam/Documents/E-Commerce Order Pipeline/airflow_venv_39/lib/python3.9/site-packages/airflow/example_dags/example_sensor_decorator.py took 0.152 seconds
[2025-05-27T18:33:13.677+0530] {processor.py:161} INFO - Started process (PID=26077) to work on /Users/zafarimam/Documents/E-Commerce Order Pipeline/airflow_venv_39/lib/python3.9/site-packages/airflow/example_dags/example_sensor_decorator.py
[2025-05-27T18:33:13.678+0530] {processor.py:830} INFO - Processing file /Users/zafarimam/Documents/E-Commerce Order Pipeline/airflow_venv_39/lib/python3.9/site-packages/airflow/example_dags/example_sensor_decorator.py for tasks to queue
[2025-05-27T18:33:13.678+0530] {logging_mixin.py:188} INFO - [2025-05-27T18:33:13.678+0530] {dagbag.py:538} INFO - Filling up the DagBag from /Users/zafarimam/Documents/E-Commerce Order Pipeline/airflow_venv_39/lib/python3.9/site-packages/airflow/example_dags/example_sensor_decorator.py
[2025-05-27T18:33:13.717+0530] {processor.py:840} INFO - DAG(s) 'example_sensor_decorator' retrieved from /Users/zafarimam/Documents/E-Commerce Order Pipeline/airflow_venv_39/lib/python3.9/site-packages/airflow/example_dags/example_sensor_decorator.py
[2025-05-27T18:33:13.806+0530] {logging_mixin.py:188} INFO - [2025-05-27T18:33:13.806+0530] {dag.py:3036} INFO - Sync 1 DAGs
[2025-05-27T18:33:13.813+0530] {logging_mixin.py:188} INFO - [2025-05-27T18:33:13.813+0530] {dag.py:3823} INFO - Setting next_dagrun for example_sensor_decorator to None, run_after=None
[2025-05-27T18:33:13.825+0530] {processor.py:183} INFO - Processing /Users/zafarimam/Documents/E-Commerce Order Pipeline/airflow_venv_39/lib/python3.9/site-packages/airflow/example_dags/example_sensor_decorator.py took 0.150 seconds
[2025-05-27T18:37:04.685+0530] {processor.py:161} INFO - Started process (PID=26209) to work on /Users/zafarimam/Documents/E-Commerce Order Pipeline/airflow_venv_39/lib/python3.9/site-packages/airflow/example_dags/example_sensor_decorator.py
[2025-05-27T18:37:04.686+0530] {processor.py:830} INFO - Processing file /Users/zafarimam/Documents/E-Commerce Order Pipeline/airflow_venv_39/lib/python3.9/site-packages/airflow/example_dags/example_sensor_decorator.py for tasks to queue
[2025-05-27T18:37:04.687+0530] {logging_mixin.py:188} INFO - [2025-05-27T18:37:04.687+0530] {dagbag.py:538} INFO - Filling up the DagBag from /Users/zafarimam/Documents/E-Commerce Order Pipeline/airflow_venv_39/lib/python3.9/site-packages/airflow/example_dags/example_sensor_decorator.py
[2025-05-27T18:37:04.723+0530] {processor.py:840} INFO - DAG(s) 'example_sensor_decorator' retrieved from /Users/zafarimam/Documents/E-Commerce Order Pipeline/airflow_venv_39/lib/python3.9/site-packages/airflow/example_dags/example_sensor_decorator.py
[2025-05-27T18:37:04.823+0530] {logging_mixin.py:188} INFO - [2025-05-27T18:37:04.822+0530] {dag.py:3036} INFO - Sync 1 DAGs
[2025-05-27T18:37:04.831+0530] {logging_mixin.py:188} INFO - [2025-05-27T18:37:04.831+0530] {dag.py:3823} INFO - Setting next_dagrun for example_sensor_decorator to None, run_after=None
[2025-05-27T18:37:04.846+0530] {processor.py:183} INFO - Processing /Users/zafarimam/Documents/E-Commerce Order Pipeline/airflow_venv_39/lib/python3.9/site-packages/airflow/example_dags/example_sensor_decorator.py took 0.163 seconds
[2025-05-27T18:46:59.487+0530] {processor.py:161} INFO - Started process (PID=26725) to work on /Users/zafarimam/Documents/E-Commerce Order Pipeline/airflow_venv_39/lib/python3.9/site-packages/airflow/example_dags/example_sensor_decorator.py
[2025-05-27T18:46:59.489+0530] {processor.py:830} INFO - Processing file /Users/zafarimam/Documents/E-Commerce Order Pipeline/airflow_venv_39/lib/python3.9/site-packages/airflow/example_dags/example_sensor_decorator.py for tasks to queue
[2025-05-27T18:46:59.489+0530] {logging_mixin.py:188} INFO - [2025-05-27T18:46:59.489+0530] {dagbag.py:538} INFO - Filling up the DagBag from /Users/zafarimam/Documents/E-Commerce Order Pipeline/airflow_venv_39/lib/python3.9/site-packages/airflow/example_dags/example_sensor_decorator.py
[2025-05-27T18:46:59.522+0530] {processor.py:840} INFO - DAG(s) 'example_sensor_decorator' retrieved from /Users/zafarimam/Documents/E-Commerce Order Pipeline/airflow_venv_39/lib/python3.9/site-packages/airflow/example_dags/example_sensor_decorator.py
[2025-05-27T18:46:59.668+0530] {logging_mixin.py:188} INFO - [2025-05-27T18:46:59.668+0530] {dag.py:3036} INFO - Sync 1 DAGs
[2025-05-27T18:46:59.675+0530] {logging_mixin.py:188} INFO - [2025-05-27T18:46:59.675+0530] {dag.py:3823} INFO - Setting next_dagrun for example_sensor_decorator to None, run_after=None
[2025-05-27T18:46:59.688+0530] {processor.py:183} INFO - Processing /Users/zafarimam/Documents/E-Commerce Order Pipeline/airflow_venv_39/lib/python3.9/site-packages/airflow/example_dags/example_sensor_decorator.py took 0.202 seconds
[2025-05-27T18:48:56.171+0530] {processor.py:161} INFO - Started process (PID=26804) to work on /Users/zafarimam/Documents/E-Commerce Order Pipeline/airflow_venv_39/lib/python3.9/site-packages/airflow/example_dags/example_sensor_decorator.py
[2025-05-27T18:48:56.172+0530] {processor.py:830} INFO - Processing file /Users/zafarimam/Documents/E-Commerce Order Pipeline/airflow_venv_39/lib/python3.9/site-packages/airflow/example_dags/example_sensor_decorator.py for tasks to queue
[2025-05-27T18:48:56.173+0530] {logging_mixin.py:188} INFO - [2025-05-27T18:48:56.172+0530] {dagbag.py:538} INFO - Filling up the DagBag from /Users/zafarimam/Documents/E-Commerce Order Pipeline/airflow_venv_39/lib/python3.9/site-packages/airflow/example_dags/example_sensor_decorator.py
[2025-05-27T18:48:56.204+0530] {processor.py:840} INFO - DAG(s) 'example_sensor_decorator' retrieved from /Users/zafarimam/Documents/E-Commerce Order Pipeline/airflow_venv_39/lib/python3.9/site-packages/airflow/example_dags/example_sensor_decorator.py
[2025-05-27T18:48:56.294+0530] {logging_mixin.py:188} INFO - [2025-05-27T18:48:56.294+0530] {dag.py:3036} INFO - Sync 1 DAGs
[2025-05-27T18:48:56.301+0530] {logging_mixin.py:188} INFO - [2025-05-27T18:48:56.301+0530] {dag.py:3823} INFO - Setting next_dagrun for example_sensor_decorator to None, run_after=None
[2025-05-27T18:48:56.313+0530] {processor.py:183} INFO - Processing /Users/zafarimam/Documents/E-Commerce Order Pipeline/airflow_venv_39/lib/python3.9/site-packages/airflow/example_dags/example_sensor_decorator.py took 0.144 seconds
[2025-05-27T18:50:49.463+0530] {processor.py:161} INFO - Started process (PID=26873) to work on /Users/zafarimam/Documents/E-Commerce Order Pipeline/airflow_venv_39/lib/python3.9/site-packages/airflow/example_dags/example_sensor_decorator.py
[2025-05-27T18:50:49.464+0530] {processor.py:830} INFO - Processing file /Users/zafarimam/Documents/E-Commerce Order Pipeline/airflow_venv_39/lib/python3.9/site-packages/airflow/example_dags/example_sensor_decorator.py for tasks to queue
[2025-05-27T18:50:49.464+0530] {logging_mixin.py:188} INFO - [2025-05-27T18:50:49.464+0530] {dagbag.py:538} INFO - Filling up the DagBag from /Users/zafarimam/Documents/E-Commerce Order Pipeline/airflow_venv_39/lib/python3.9/site-packages/airflow/example_dags/example_sensor_decorator.py
[2025-05-27T18:50:49.502+0530] {processor.py:840} INFO - DAG(s) 'example_sensor_decorator' retrieved from /Users/zafarimam/Documents/E-Commerce Order Pipeline/airflow_venv_39/lib/python3.9/site-packages/airflow/example_dags/example_sensor_decorator.py
[2025-05-27T18:50:49.595+0530] {logging_mixin.py:188} INFO - [2025-05-27T18:50:49.594+0530] {dag.py:3036} INFO - Sync 1 DAGs
[2025-05-27T18:50:49.601+0530] {logging_mixin.py:188} INFO - [2025-05-27T18:50:49.601+0530] {dag.py:3823} INFO - Setting next_dagrun for example_sensor_decorator to None, run_after=None
[2025-05-27T18:50:49.616+0530] {processor.py:183} INFO - Processing /Users/zafarimam/Documents/E-Commerce Order Pipeline/airflow_venv_39/lib/python3.9/site-packages/airflow/example_dags/example_sensor_decorator.py took 0.155 seconds
[2025-05-27T18:52:46.461+0530] {processor.py:161} INFO - Started process (PID=26952) to work on /Users/zafarimam/Documents/E-Commerce Order Pipeline/airflow_venv_39/lib/python3.9/site-packages/airflow/example_dags/example_sensor_decorator.py
[2025-05-27T18:52:46.462+0530] {processor.py:830} INFO - Processing file /Users/zafarimam/Documents/E-Commerce Order Pipeline/airflow_venv_39/lib/python3.9/site-packages/airflow/example_dags/example_sensor_decorator.py for tasks to queue
[2025-05-27T18:52:46.463+0530] {logging_mixin.py:188} INFO - [2025-05-27T18:52:46.463+0530] {dagbag.py:538} INFO - Filling up the DagBag from /Users/zafarimam/Documents/E-Commerce Order Pipeline/airflow_venv_39/lib/python3.9/site-packages/airflow/example_dags/example_sensor_decorator.py
[2025-05-27T18:52:46.499+0530] {processor.py:840} INFO - DAG(s) 'example_sensor_decorator' retrieved from /Users/zafarimam/Documents/E-Commerce Order Pipeline/airflow_venv_39/lib/python3.9/site-packages/airflow/example_dags/example_sensor_decorator.py
[2025-05-27T18:52:46.589+0530] {logging_mixin.py:188} INFO - [2025-05-27T18:52:46.589+0530] {dag.py:3036} INFO - Sync 1 DAGs
[2025-05-27T18:52:46.596+0530] {logging_mixin.py:188} INFO - [2025-05-27T18:52:46.596+0530] {dag.py:3823} INFO - Setting next_dagrun for example_sensor_decorator to None, run_after=None
[2025-05-27T18:52:46.609+0530] {processor.py:183} INFO - Processing /Users/zafarimam/Documents/E-Commerce Order Pipeline/airflow_venv_39/lib/python3.9/site-packages/airflow/example_dags/example_sensor_decorator.py took 0.149 seconds
[2025-05-27T18:54:48.067+0530] {processor.py:161} INFO - Started process (PID=27014) to work on /Users/zafarimam/Documents/E-Commerce Order Pipeline/airflow_venv_39/lib/python3.9/site-packages/airflow/example_dags/example_sensor_decorator.py
[2025-05-27T18:54:48.069+0530] {processor.py:830} INFO - Processing file /Users/zafarimam/Documents/E-Commerce Order Pipeline/airflow_venv_39/lib/python3.9/site-packages/airflow/example_dags/example_sensor_decorator.py for tasks to queue
[2025-05-27T18:54:48.069+0530] {logging_mixin.py:188} INFO - [2025-05-27T18:54:48.069+0530] {dagbag.py:538} INFO - Filling up the DagBag from /Users/zafarimam/Documents/E-Commerce Order Pipeline/airflow_venv_39/lib/python3.9/site-packages/airflow/example_dags/example_sensor_decorator.py
[2025-05-27T18:54:48.107+0530] {processor.py:840} INFO - DAG(s) 'example_sensor_decorator' retrieved from /Users/zafarimam/Documents/E-Commerce Order Pipeline/airflow_venv_39/lib/python3.9/site-packages/airflow/example_dags/example_sensor_decorator.py
[2025-05-27T18:54:48.202+0530] {logging_mixin.py:188} INFO - [2025-05-27T18:54:48.201+0530] {dag.py:3036} INFO - Sync 1 DAGs
[2025-05-27T18:54:48.208+0530] {logging_mixin.py:188} INFO - [2025-05-27T18:54:48.208+0530] {dag.py:3823} INFO - Setting next_dagrun for example_sensor_decorator to None, run_after=None
[2025-05-27T18:54:48.223+0530] {processor.py:183} INFO - Processing /Users/zafarimam/Documents/E-Commerce Order Pipeline/airflow_venv_39/lib/python3.9/site-packages/airflow/example_dags/example_sensor_decorator.py took 0.158 seconds
[2025-05-27T18:56:53.146+0530] {processor.py:161} INFO - Started process (PID=27110) to work on /Users/zafarimam/Documents/E-Commerce Order Pipeline/airflow_venv_39/lib/python3.9/site-packages/airflow/example_dags/example_sensor_decorator.py
[2025-05-27T18:56:53.148+0530] {processor.py:830} INFO - Processing file /Users/zafarimam/Documents/E-Commerce Order Pipeline/airflow_venv_39/lib/python3.9/site-packages/airflow/example_dags/example_sensor_decorator.py for tasks to queue
[2025-05-27T18:56:53.148+0530] {logging_mixin.py:188} INFO - [2025-05-27T18:56:53.148+0530] {dagbag.py:538} INFO - Filling up the DagBag from /Users/zafarimam/Documents/E-Commerce Order Pipeline/airflow_venv_39/lib/python3.9/site-packages/airflow/example_dags/example_sensor_decorator.py
[2025-05-27T18:56:53.188+0530] {processor.py:840} INFO - DAG(s) 'example_sensor_decorator' retrieved from /Users/zafarimam/Documents/E-Commerce Order Pipeline/airflow_venv_39/lib/python3.9/site-packages/airflow/example_dags/example_sensor_decorator.py
[2025-05-27T18:56:53.288+0530] {logging_mixin.py:188} INFO - [2025-05-27T18:56:53.288+0530] {dag.py:3036} INFO - Sync 1 DAGs
[2025-05-27T18:56:53.296+0530] {logging_mixin.py:188} INFO - [2025-05-27T18:56:53.296+0530] {dag.py:3823} INFO - Setting next_dagrun for example_sensor_decorator to None, run_after=None
[2025-05-27T18:56:53.311+0530] {processor.py:183} INFO - Processing /Users/zafarimam/Documents/E-Commerce Order Pipeline/airflow_venv_39/lib/python3.9/site-packages/airflow/example_dags/example_sensor_decorator.py took 0.167 seconds
[2025-05-27T18:58:52.528+0530] {processor.py:161} INFO - Started process (PID=27177) to work on /Users/zafarimam/Documents/E-Commerce Order Pipeline/airflow_venv_39/lib/python3.9/site-packages/airflow/example_dags/example_sensor_decorator.py
[2025-05-27T18:58:52.530+0530] {processor.py:830} INFO - Processing file /Users/zafarimam/Documents/E-Commerce Order Pipeline/airflow_venv_39/lib/python3.9/site-packages/airflow/example_dags/example_sensor_decorator.py for tasks to queue
[2025-05-27T18:58:52.531+0530] {logging_mixin.py:188} INFO - [2025-05-27T18:58:52.530+0530] {dagbag.py:538} INFO - Filling up the DagBag from /Users/zafarimam/Documents/E-Commerce Order Pipeline/airflow_venv_39/lib/python3.9/site-packages/airflow/example_dags/example_sensor_decorator.py
[2025-05-27T18:58:52.567+0530] {processor.py:840} INFO - DAG(s) 'example_sensor_decorator' retrieved from /Users/zafarimam/Documents/E-Commerce Order Pipeline/airflow_venv_39/lib/python3.9/site-packages/airflow/example_dags/example_sensor_decorator.py
[2025-05-27T18:58:52.656+0530] {logging_mixin.py:188} INFO - [2025-05-27T18:58:52.656+0530] {dag.py:3036} INFO - Sync 1 DAGs
[2025-05-27T18:58:52.663+0530] {logging_mixin.py:188} INFO - [2025-05-27T18:58:52.663+0530] {dag.py:3823} INFO - Setting next_dagrun for example_sensor_decorator to None, run_after=None
[2025-05-27T18:58:52.675+0530] {processor.py:183} INFO - Processing /Users/zafarimam/Documents/E-Commerce Order Pipeline/airflow_venv_39/lib/python3.9/site-packages/airflow/example_dags/example_sensor_decorator.py took 0.148 seconds
[2025-05-27T19:00:53.812+0530] {processor.py:161} INFO - Started process (PID=27244) to work on /Users/zafarimam/Documents/E-Commerce Order Pipeline/airflow_venv_39/lib/python3.9/site-packages/airflow/example_dags/example_sensor_decorator.py
[2025-05-27T19:00:53.814+0530] {processor.py:830} INFO - Processing file /Users/zafarimam/Documents/E-Commerce Order Pipeline/airflow_venv_39/lib/python3.9/site-packages/airflow/example_dags/example_sensor_decorator.py for tasks to queue
[2025-05-27T19:00:53.814+0530] {logging_mixin.py:188} INFO - [2025-05-27T19:00:53.814+0530] {dagbag.py:538} INFO - Filling up the DagBag from /Users/zafarimam/Documents/E-Commerce Order Pipeline/airflow_venv_39/lib/python3.9/site-packages/airflow/example_dags/example_sensor_decorator.py
[2025-05-27T19:00:53.853+0530] {processor.py:840} INFO - DAG(s) 'example_sensor_decorator' retrieved from /Users/zafarimam/Documents/E-Commerce Order Pipeline/airflow_venv_39/lib/python3.9/site-packages/airflow/example_dags/example_sensor_decorator.py
[2025-05-27T19:00:53.946+0530] {logging_mixin.py:188} INFO - [2025-05-27T19:00:53.945+0530] {dag.py:3036} INFO - Sync 1 DAGs
[2025-05-27T19:00:53.953+0530] {logging_mixin.py:188} INFO - [2025-05-27T19:00:53.952+0530] {dag.py:3823} INFO - Setting next_dagrun for example_sensor_decorator to None, run_after=None
[2025-05-27T19:00:53.968+0530] {processor.py:183} INFO - Processing /Users/zafarimam/Documents/E-Commerce Order Pipeline/airflow_venv_39/lib/python3.9/site-packages/airflow/example_dags/example_sensor_decorator.py took 0.157 seconds
[2025-05-27T19:02:59.834+0530] {processor.py:161} INFO - Started process (PID=27349) to work on /Users/zafarimam/Documents/E-Commerce Order Pipeline/airflow_venv_39/lib/python3.9/site-packages/airflow/example_dags/example_sensor_decorator.py
[2025-05-27T19:02:59.836+0530] {processor.py:830} INFO - Processing file /Users/zafarimam/Documents/E-Commerce Order Pipeline/airflow_venv_39/lib/python3.9/site-packages/airflow/example_dags/example_sensor_decorator.py for tasks to queue
[2025-05-27T19:02:59.837+0530] {logging_mixin.py:188} INFO - [2025-05-27T19:02:59.836+0530] {dagbag.py:538} INFO - Filling up the DagBag from /Users/zafarimam/Documents/E-Commerce Order Pipeline/airflow_venv_39/lib/python3.9/site-packages/airflow/example_dags/example_sensor_decorator.py
[2025-05-27T19:02:59.874+0530] {processor.py:840} INFO - DAG(s) 'example_sensor_decorator' retrieved from /Users/zafarimam/Documents/E-Commerce Order Pipeline/airflow_venv_39/lib/python3.9/site-packages/airflow/example_dags/example_sensor_decorator.py
[2025-05-27T19:02:59.976+0530] {logging_mixin.py:188} INFO - [2025-05-27T19:02:59.976+0530] {dag.py:3036} INFO - Sync 1 DAGs
[2025-05-27T19:02:59.984+0530] {logging_mixin.py:188} INFO - [2025-05-27T19:02:59.984+0530] {dag.py:3823} INFO - Setting next_dagrun for example_sensor_decorator to None, run_after=None
[2025-05-27T19:03:00.000+0530] {processor.py:183} INFO - Processing /Users/zafarimam/Documents/E-Commerce Order Pipeline/airflow_venv_39/lib/python3.9/site-packages/airflow/example_dags/example_sensor_decorator.py took 0.168 seconds
[2025-05-27T19:05:01.162+0530] {processor.py:161} INFO - Started process (PID=27406) to work on /Users/zafarimam/Documents/E-Commerce Order Pipeline/airflow_venv_39/lib/python3.9/site-packages/airflow/example_dags/example_sensor_decorator.py
[2025-05-27T19:05:01.163+0530] {processor.py:830} INFO - Processing file /Users/zafarimam/Documents/E-Commerce Order Pipeline/airflow_venv_39/lib/python3.9/site-packages/airflow/example_dags/example_sensor_decorator.py for tasks to queue
[2025-05-27T19:05:01.164+0530] {logging_mixin.py:188} INFO - [2025-05-27T19:05:01.164+0530] {dagbag.py:538} INFO - Filling up the DagBag from /Users/zafarimam/Documents/E-Commerce Order Pipeline/airflow_venv_39/lib/python3.9/site-packages/airflow/example_dags/example_sensor_decorator.py
[2025-05-27T19:05:01.203+0530] {processor.py:840} INFO - DAG(s) 'example_sensor_decorator' retrieved from /Users/zafarimam/Documents/E-Commerce Order Pipeline/airflow_venv_39/lib/python3.9/site-packages/airflow/example_dags/example_sensor_decorator.py
[2025-05-27T19:05:01.302+0530] {logging_mixin.py:188} INFO - [2025-05-27T19:05:01.302+0530] {dag.py:3036} INFO - Sync 1 DAGs
[2025-05-27T19:05:01.309+0530] {logging_mixin.py:188} INFO - [2025-05-27T19:05:01.309+0530] {dag.py:3823} INFO - Setting next_dagrun for example_sensor_decorator to None, run_after=None
[2025-05-27T19:05:01.323+0530] {processor.py:183} INFO - Processing /Users/zafarimam/Documents/E-Commerce Order Pipeline/airflow_venv_39/lib/python3.9/site-packages/airflow/example_dags/example_sensor_decorator.py took 0.162 seconds
[2025-05-27T19:07:25.056+0530] {processor.py:161} INFO - Started process (PID=27495) to work on /Users/zafarimam/Documents/E-Commerce Order Pipeline/airflow_venv_39/lib/python3.9/site-packages/airflow/example_dags/example_sensor_decorator.py
[2025-05-27T19:07:25.057+0530] {processor.py:830} INFO - Processing file /Users/zafarimam/Documents/E-Commerce Order Pipeline/airflow_venv_39/lib/python3.9/site-packages/airflow/example_dags/example_sensor_decorator.py for tasks to queue
[2025-05-27T19:07:25.058+0530] {logging_mixin.py:188} INFO - [2025-05-27T19:07:25.058+0530] {dagbag.py:538} INFO - Filling up the DagBag from /Users/zafarimam/Documents/E-Commerce Order Pipeline/airflow_venv_39/lib/python3.9/site-packages/airflow/example_dags/example_sensor_decorator.py
[2025-05-27T19:07:25.094+0530] {processor.py:840} INFO - DAG(s) 'example_sensor_decorator' retrieved from /Users/zafarimam/Documents/E-Commerce Order Pipeline/airflow_venv_39/lib/python3.9/site-packages/airflow/example_dags/example_sensor_decorator.py
[2025-05-27T19:07:25.186+0530] {logging_mixin.py:188} INFO - [2025-05-27T19:07:25.185+0530] {dag.py:3036} INFO - Sync 1 DAGs
[2025-05-27T19:07:25.192+0530] {logging_mixin.py:188} INFO - [2025-05-27T19:07:25.192+0530] {dag.py:3823} INFO - Setting next_dagrun for example_sensor_decorator to None, run_after=None
[2025-05-27T19:07:25.206+0530] {processor.py:183} INFO - Processing /Users/zafarimam/Documents/E-Commerce Order Pipeline/airflow_venv_39/lib/python3.9/site-packages/airflow/example_dags/example_sensor_decorator.py took 0.151 seconds
[2025-05-27T19:09:08.396+0530] {processor.py:161} INFO - Started process (PID=27558) to work on /Users/zafarimam/Documents/E-Commerce Order Pipeline/airflow_venv_39/lib/python3.9/site-packages/airflow/example_dags/example_sensor_decorator.py
[2025-05-27T19:09:08.397+0530] {processor.py:830} INFO - Processing file /Users/zafarimam/Documents/E-Commerce Order Pipeline/airflow_venv_39/lib/python3.9/site-packages/airflow/example_dags/example_sensor_decorator.py for tasks to queue
[2025-05-27T19:09:08.398+0530] {logging_mixin.py:188} INFO - [2025-05-27T19:09:08.398+0530] {dagbag.py:538} INFO - Filling up the DagBag from /Users/zafarimam/Documents/E-Commerce Order Pipeline/airflow_venv_39/lib/python3.9/site-packages/airflow/example_dags/example_sensor_decorator.py
[2025-05-27T19:09:08.430+0530] {processor.py:840} INFO - DAG(s) 'example_sensor_decorator' retrieved from /Users/zafarimam/Documents/E-Commerce Order Pipeline/airflow_venv_39/lib/python3.9/site-packages/airflow/example_dags/example_sensor_decorator.py
[2025-05-27T19:09:08.514+0530] {logging_mixin.py:188} INFO - [2025-05-27T19:09:08.514+0530] {dag.py:3036} INFO - Sync 1 DAGs
[2025-05-27T19:09:08.521+0530] {logging_mixin.py:188} INFO - [2025-05-27T19:09:08.520+0530] {dag.py:3823} INFO - Setting next_dagrun for example_sensor_decorator to None, run_after=None
[2025-05-27T19:09:08.538+0530] {processor.py:183} INFO - Processing /Users/zafarimam/Documents/E-Commerce Order Pipeline/airflow_venv_39/lib/python3.9/site-packages/airflow/example_dags/example_sensor_decorator.py took 0.143 seconds
[2025-05-27T19:10:49.728+0530] {processor.py:161} INFO - Started process (PID=27612) to work on /Users/zafarimam/Documents/E-Commerce Order Pipeline/airflow_venv_39/lib/python3.9/site-packages/airflow/example_dags/example_sensor_decorator.py
[2025-05-27T19:10:49.729+0530] {processor.py:830} INFO - Processing file /Users/zafarimam/Documents/E-Commerce Order Pipeline/airflow_venv_39/lib/python3.9/site-packages/airflow/example_dags/example_sensor_decorator.py for tasks to queue
[2025-05-27T19:10:49.729+0530] {logging_mixin.py:188} INFO - [2025-05-27T19:10:49.729+0530] {dagbag.py:538} INFO - Filling up the DagBag from /Users/zafarimam/Documents/E-Commerce Order Pipeline/airflow_venv_39/lib/python3.9/site-packages/airflow/example_dags/example_sensor_decorator.py
[2025-05-27T19:10:49.760+0530] {processor.py:840} INFO - DAG(s) 'example_sensor_decorator' retrieved from /Users/zafarimam/Documents/E-Commerce Order Pipeline/airflow_venv_39/lib/python3.9/site-packages/airflow/example_dags/example_sensor_decorator.py
[2025-05-27T19:10:49.843+0530] {logging_mixin.py:188} INFO - [2025-05-27T19:10:49.843+0530] {dag.py:3036} INFO - Sync 1 DAGs
[2025-05-27T19:10:49.850+0530] {logging_mixin.py:188} INFO - [2025-05-27T19:10:49.850+0530] {dag.py:3823} INFO - Setting next_dagrun for example_sensor_decorator to None, run_after=None
[2025-05-27T19:10:49.868+0530] {processor.py:183} INFO - Processing /Users/zafarimam/Documents/E-Commerce Order Pipeline/airflow_venv_39/lib/python3.9/site-packages/airflow/example_dags/example_sensor_decorator.py took 0.141 seconds
[2025-05-27T19:12:30.535+0530] {processor.py:161} INFO - Started process (PID=27664) to work on /Users/zafarimam/Documents/E-Commerce Order Pipeline/airflow_venv_39/lib/python3.9/site-packages/airflow/example_dags/example_sensor_decorator.py
[2025-05-27T19:12:30.536+0530] {processor.py:830} INFO - Processing file /Users/zafarimam/Documents/E-Commerce Order Pipeline/airflow_venv_39/lib/python3.9/site-packages/airflow/example_dags/example_sensor_decorator.py for tasks to queue
[2025-05-27T19:12:30.536+0530] {logging_mixin.py:188} INFO - [2025-05-27T19:12:30.536+0530] {dagbag.py:538} INFO - Filling up the DagBag from /Users/zafarimam/Documents/E-Commerce Order Pipeline/airflow_venv_39/lib/python3.9/site-packages/airflow/example_dags/example_sensor_decorator.py
[2025-05-27T19:12:30.568+0530] {processor.py:840} INFO - DAG(s) 'example_sensor_decorator' retrieved from /Users/zafarimam/Documents/E-Commerce Order Pipeline/airflow_venv_39/lib/python3.9/site-packages/airflow/example_dags/example_sensor_decorator.py
[2025-05-27T19:12:30.652+0530] {logging_mixin.py:188} INFO - [2025-05-27T19:12:30.652+0530] {dag.py:3036} INFO - Sync 1 DAGs
[2025-05-27T19:12:30.658+0530] {logging_mixin.py:188} INFO - [2025-05-27T19:12:30.658+0530] {dag.py:3823} INFO - Setting next_dagrun for example_sensor_decorator to None, run_after=None
[2025-05-27T19:12:30.676+0530] {processor.py:183} INFO - Processing /Users/zafarimam/Documents/E-Commerce Order Pipeline/airflow_venv_39/lib/python3.9/site-packages/airflow/example_dags/example_sensor_decorator.py took 0.142 seconds
[2025-05-27T19:14:10.513+0530] {processor.py:161} INFO - Started process (PID=27716) to work on /Users/zafarimam/Documents/E-Commerce Order Pipeline/airflow_venv_39/lib/python3.9/site-packages/airflow/example_dags/example_sensor_decorator.py
[2025-05-27T19:14:10.514+0530] {processor.py:830} INFO - Processing file /Users/zafarimam/Documents/E-Commerce Order Pipeline/airflow_venv_39/lib/python3.9/site-packages/airflow/example_dags/example_sensor_decorator.py for tasks to queue
[2025-05-27T19:14:10.514+0530] {logging_mixin.py:188} INFO - [2025-05-27T19:14:10.514+0530] {dagbag.py:538} INFO - Filling up the DagBag from /Users/zafarimam/Documents/E-Commerce Order Pipeline/airflow_venv_39/lib/python3.9/site-packages/airflow/example_dags/example_sensor_decorator.py
[2025-05-27T19:14:10.547+0530] {processor.py:840} INFO - DAG(s) 'example_sensor_decorator' retrieved from /Users/zafarimam/Documents/E-Commerce Order Pipeline/airflow_venv_39/lib/python3.9/site-packages/airflow/example_dags/example_sensor_decorator.py
[2025-05-27T19:14:10.635+0530] {logging_mixin.py:188} INFO - [2025-05-27T19:14:10.634+0530] {dag.py:3036} INFO - Sync 1 DAGs
[2025-05-27T19:14:10.641+0530] {logging_mixin.py:188} INFO - [2025-05-27T19:14:10.641+0530] {dag.py:3823} INFO - Setting next_dagrun for example_sensor_decorator to None, run_after=None
[2025-05-27T19:14:10.653+0530] {processor.py:183} INFO - Processing /Users/zafarimam/Documents/E-Commerce Order Pipeline/airflow_venv_39/lib/python3.9/site-packages/airflow/example_dags/example_sensor_decorator.py took 0.141 seconds
[2025-05-27T19:15:50.957+0530] {processor.py:161} INFO - Started process (PID=27769) to work on /Users/zafarimam/Documents/E-Commerce Order Pipeline/airflow_venv_39/lib/python3.9/site-packages/airflow/example_dags/example_sensor_decorator.py
[2025-05-27T19:15:50.957+0530] {processor.py:830} INFO - Processing file /Users/zafarimam/Documents/E-Commerce Order Pipeline/airflow_venv_39/lib/python3.9/site-packages/airflow/example_dags/example_sensor_decorator.py for tasks to queue
[2025-05-27T19:15:50.958+0530] {logging_mixin.py:188} INFO - [2025-05-27T19:15:50.958+0530] {dagbag.py:538} INFO - Filling up the DagBag from /Users/zafarimam/Documents/E-Commerce Order Pipeline/airflow_venv_39/lib/python3.9/site-packages/airflow/example_dags/example_sensor_decorator.py
[2025-05-27T19:15:50.989+0530] {processor.py:840} INFO - DAG(s) 'example_sensor_decorator' retrieved from /Users/zafarimam/Documents/E-Commerce Order Pipeline/airflow_venv_39/lib/python3.9/site-packages/airflow/example_dags/example_sensor_decorator.py
[2025-05-27T19:15:51.072+0530] {logging_mixin.py:188} INFO - [2025-05-27T19:15:51.072+0530] {dag.py:3036} INFO - Sync 1 DAGs
[2025-05-27T19:15:51.079+0530] {logging_mixin.py:188} INFO - [2025-05-27T19:15:51.079+0530] {dag.py:3823} INFO - Setting next_dagrun for example_sensor_decorator to None, run_after=None
[2025-05-27T19:15:51.096+0530] {processor.py:183} INFO - Processing /Users/zafarimam/Documents/E-Commerce Order Pipeline/airflow_venv_39/lib/python3.9/site-packages/airflow/example_dags/example_sensor_decorator.py took 0.141 seconds
[2025-05-27T19:17:32.130+0530] {processor.py:161} INFO - Started process (PID=27823) to work on /Users/zafarimam/Documents/E-Commerce Order Pipeline/airflow_venv_39/lib/python3.9/site-packages/airflow/example_dags/example_sensor_decorator.py
[2025-05-27T19:17:32.131+0530] {processor.py:830} INFO - Processing file /Users/zafarimam/Documents/E-Commerce Order Pipeline/airflow_venv_39/lib/python3.9/site-packages/airflow/example_dags/example_sensor_decorator.py for tasks to queue
[2025-05-27T19:17:32.132+0530] {logging_mixin.py:188} INFO - [2025-05-27T19:17:32.132+0530] {dagbag.py:538} INFO - Filling up the DagBag from /Users/zafarimam/Documents/E-Commerce Order Pipeline/airflow_venv_39/lib/python3.9/site-packages/airflow/example_dags/example_sensor_decorator.py
[2025-05-27T19:17:32.163+0530] {processor.py:840} INFO - DAG(s) 'example_sensor_decorator' retrieved from /Users/zafarimam/Documents/E-Commerce Order Pipeline/airflow_venv_39/lib/python3.9/site-packages/airflow/example_dags/example_sensor_decorator.py
[2025-05-27T19:17:32.246+0530] {logging_mixin.py:188} INFO - [2025-05-27T19:17:32.246+0530] {dag.py:3036} INFO - Sync 1 DAGs
[2025-05-27T19:17:32.253+0530] {logging_mixin.py:188} INFO - [2025-05-27T19:17:32.252+0530] {dag.py:3823} INFO - Setting next_dagrun for example_sensor_decorator to None, run_after=None
[2025-05-27T19:17:32.270+0530] {processor.py:183} INFO - Processing /Users/zafarimam/Documents/E-Commerce Order Pipeline/airflow_venv_39/lib/python3.9/site-packages/airflow/example_dags/example_sensor_decorator.py took 0.140 seconds
[2025-05-27T19:19:12.537+0530] {processor.py:161} INFO - Started process (PID=27898) to work on /Users/zafarimam/Documents/E-Commerce Order Pipeline/airflow_venv_39/lib/python3.9/site-packages/airflow/example_dags/example_sensor_decorator.py
[2025-05-27T19:19:12.538+0530] {processor.py:830} INFO - Processing file /Users/zafarimam/Documents/E-Commerce Order Pipeline/airflow_venv_39/lib/python3.9/site-packages/airflow/example_dags/example_sensor_decorator.py for tasks to queue
[2025-05-27T19:19:12.538+0530] {logging_mixin.py:188} INFO - [2025-05-27T19:19:12.538+0530] {dagbag.py:538} INFO - Filling up the DagBag from /Users/zafarimam/Documents/E-Commerce Order Pipeline/airflow_venv_39/lib/python3.9/site-packages/airflow/example_dags/example_sensor_decorator.py
[2025-05-27T19:19:12.570+0530] {processor.py:840} INFO - DAG(s) 'example_sensor_decorator' retrieved from /Users/zafarimam/Documents/E-Commerce Order Pipeline/airflow_venv_39/lib/python3.9/site-packages/airflow/example_dags/example_sensor_decorator.py
[2025-05-27T19:19:12.652+0530] {logging_mixin.py:188} INFO - [2025-05-27T19:19:12.652+0530] {dag.py:3036} INFO - Sync 1 DAGs
[2025-05-27T19:19:12.658+0530] {logging_mixin.py:188} INFO - [2025-05-27T19:19:12.658+0530] {dag.py:3823} INFO - Setting next_dagrun for example_sensor_decorator to None, run_after=None
[2025-05-27T19:19:12.672+0530] {processor.py:183} INFO - Processing /Users/zafarimam/Documents/E-Commerce Order Pipeline/airflow_venv_39/lib/python3.9/site-packages/airflow/example_dags/example_sensor_decorator.py took 0.136 seconds
[2025-05-27T19:20:52.892+0530] {processor.py:161} INFO - Started process (PID=27963) to work on /Users/zafarimam/Documents/E-Commerce Order Pipeline/airflow_venv_39/lib/python3.9/site-packages/airflow/example_dags/example_sensor_decorator.py
[2025-05-27T19:20:52.893+0530] {processor.py:830} INFO - Processing file /Users/zafarimam/Documents/E-Commerce Order Pipeline/airflow_venv_39/lib/python3.9/site-packages/airflow/example_dags/example_sensor_decorator.py for tasks to queue
[2025-05-27T19:20:52.894+0530] {logging_mixin.py:188} INFO - [2025-05-27T19:20:52.893+0530] {dagbag.py:538} INFO - Filling up the DagBag from /Users/zafarimam/Documents/E-Commerce Order Pipeline/airflow_venv_39/lib/python3.9/site-packages/airflow/example_dags/example_sensor_decorator.py
[2025-05-27T19:20:52.925+0530] {processor.py:840} INFO - DAG(s) 'example_sensor_decorator' retrieved from /Users/zafarimam/Documents/E-Commerce Order Pipeline/airflow_venv_39/lib/python3.9/site-packages/airflow/example_dags/example_sensor_decorator.py
[2025-05-27T19:20:53.008+0530] {logging_mixin.py:188} INFO - [2025-05-27T19:20:53.008+0530] {dag.py:3036} INFO - Sync 1 DAGs
[2025-05-27T19:20:53.014+0530] {logging_mixin.py:188} INFO - [2025-05-27T19:20:53.014+0530] {dag.py:3823} INFO - Setting next_dagrun for example_sensor_decorator to None, run_after=None
[2025-05-27T19:20:53.029+0530] {processor.py:183} INFO - Processing /Users/zafarimam/Documents/E-Commerce Order Pipeline/airflow_venv_39/lib/python3.9/site-packages/airflow/example_dags/example_sensor_decorator.py took 0.138 seconds
[2025-05-27T19:22:31.816+0530] {processor.py:161} INFO - Started process (PID=28025) to work on /Users/zafarimam/Documents/E-Commerce Order Pipeline/airflow_venv_39/lib/python3.9/site-packages/airflow/example_dags/example_sensor_decorator.py
[2025-05-27T19:22:31.817+0530] {processor.py:830} INFO - Processing file /Users/zafarimam/Documents/E-Commerce Order Pipeline/airflow_venv_39/lib/python3.9/site-packages/airflow/example_dags/example_sensor_decorator.py for tasks to queue
[2025-05-27T19:22:31.818+0530] {logging_mixin.py:188} INFO - [2025-05-27T19:22:31.818+0530] {dagbag.py:538} INFO - Filling up the DagBag from /Users/zafarimam/Documents/E-Commerce Order Pipeline/airflow_venv_39/lib/python3.9/site-packages/airflow/example_dags/example_sensor_decorator.py
[2025-05-27T19:22:31.849+0530] {processor.py:840} INFO - DAG(s) 'example_sensor_decorator' retrieved from /Users/zafarimam/Documents/E-Commerce Order Pipeline/airflow_venv_39/lib/python3.9/site-packages/airflow/example_dags/example_sensor_decorator.py
[2025-05-27T19:22:31.932+0530] {logging_mixin.py:188} INFO - [2025-05-27T19:22:31.932+0530] {dag.py:3036} INFO - Sync 1 DAGs
[2025-05-27T19:22:31.939+0530] {logging_mixin.py:188} INFO - [2025-05-27T19:22:31.938+0530] {dag.py:3823} INFO - Setting next_dagrun for example_sensor_decorator to None, run_after=None
[2025-05-27T19:22:31.956+0530] {processor.py:183} INFO - Processing /Users/zafarimam/Documents/E-Commerce Order Pipeline/airflow_venv_39/lib/python3.9/site-packages/airflow/example_dags/example_sensor_decorator.py took 0.141 seconds
[2025-05-27T19:24:12.709+0530] {processor.py:161} INFO - Started process (PID=28078) to work on /Users/zafarimam/Documents/E-Commerce Order Pipeline/airflow_venv_39/lib/python3.9/site-packages/airflow/example_dags/example_sensor_decorator.py
[2025-05-27T19:24:12.710+0530] {processor.py:830} INFO - Processing file /Users/zafarimam/Documents/E-Commerce Order Pipeline/airflow_venv_39/lib/python3.9/site-packages/airflow/example_dags/example_sensor_decorator.py for tasks to queue
[2025-05-27T19:24:12.711+0530] {logging_mixin.py:188} INFO - [2025-05-27T19:24:12.711+0530] {dagbag.py:538} INFO - Filling up the DagBag from /Users/zafarimam/Documents/E-Commerce Order Pipeline/airflow_venv_39/lib/python3.9/site-packages/airflow/example_dags/example_sensor_decorator.py
[2025-05-27T19:24:12.742+0530] {processor.py:840} INFO - DAG(s) 'example_sensor_decorator' retrieved from /Users/zafarimam/Documents/E-Commerce Order Pipeline/airflow_venv_39/lib/python3.9/site-packages/airflow/example_dags/example_sensor_decorator.py
[2025-05-27T19:24:12.827+0530] {logging_mixin.py:188} INFO - [2025-05-27T19:24:12.827+0530] {dag.py:3036} INFO - Sync 1 DAGs
[2025-05-27T19:24:12.834+0530] {logging_mixin.py:188} INFO - [2025-05-27T19:24:12.834+0530] {dag.py:3823} INFO - Setting next_dagrun for example_sensor_decorator to None, run_after=None
[2025-05-27T19:24:12.851+0530] {processor.py:183} INFO - Processing /Users/zafarimam/Documents/E-Commerce Order Pipeline/airflow_venv_39/lib/python3.9/site-packages/airflow/example_dags/example_sensor_decorator.py took 0.143 seconds
[2025-05-27T19:25:53.441+0530] {processor.py:161} INFO - Started process (PID=28133) to work on /Users/zafarimam/Documents/E-Commerce Order Pipeline/airflow_venv_39/lib/python3.9/site-packages/airflow/example_dags/example_sensor_decorator.py
[2025-05-27T19:25:53.442+0530] {processor.py:830} INFO - Processing file /Users/zafarimam/Documents/E-Commerce Order Pipeline/airflow_venv_39/lib/python3.9/site-packages/airflow/example_dags/example_sensor_decorator.py for tasks to queue
[2025-05-27T19:25:53.442+0530] {logging_mixin.py:188} INFO - [2025-05-27T19:25:53.442+0530] {dagbag.py:538} INFO - Filling up the DagBag from /Users/zafarimam/Documents/E-Commerce Order Pipeline/airflow_venv_39/lib/python3.9/site-packages/airflow/example_dags/example_sensor_decorator.py
[2025-05-27T19:25:53.473+0530] {processor.py:840} INFO - DAG(s) 'example_sensor_decorator' retrieved from /Users/zafarimam/Documents/E-Commerce Order Pipeline/airflow_venv_39/lib/python3.9/site-packages/airflow/example_dags/example_sensor_decorator.py
[2025-05-27T19:25:53.557+0530] {logging_mixin.py:188} INFO - [2025-05-27T19:25:53.557+0530] {dag.py:3036} INFO - Sync 1 DAGs
[2025-05-27T19:25:53.563+0530] {logging_mixin.py:188} INFO - [2025-05-27T19:25:53.563+0530] {dag.py:3823} INFO - Setting next_dagrun for example_sensor_decorator to None, run_after=None
[2025-05-27T19:25:53.580+0530] {processor.py:183} INFO - Processing /Users/zafarimam/Documents/E-Commerce Order Pipeline/airflow_venv_39/lib/python3.9/site-packages/airflow/example_dags/example_sensor_decorator.py took 0.141 seconds
[2025-05-27T19:27:34.795+0530] {processor.py:161} INFO - Started process (PID=28188) to work on /Users/zafarimam/Documents/E-Commerce Order Pipeline/airflow_venv_39/lib/python3.9/site-packages/airflow/example_dags/example_sensor_decorator.py
[2025-05-27T19:27:34.796+0530] {processor.py:830} INFO - Processing file /Users/zafarimam/Documents/E-Commerce Order Pipeline/airflow_venv_39/lib/python3.9/site-packages/airflow/example_dags/example_sensor_decorator.py for tasks to queue
[2025-05-27T19:27:34.797+0530] {logging_mixin.py:188} INFO - [2025-05-27T19:27:34.797+0530] {dagbag.py:538} INFO - Filling up the DagBag from /Users/zafarimam/Documents/E-Commerce Order Pipeline/airflow_venv_39/lib/python3.9/site-packages/airflow/example_dags/example_sensor_decorator.py
[2025-05-27T19:27:34.828+0530] {processor.py:840} INFO - DAG(s) 'example_sensor_decorator' retrieved from /Users/zafarimam/Documents/E-Commerce Order Pipeline/airflow_venv_39/lib/python3.9/site-packages/airflow/example_dags/example_sensor_decorator.py
[2025-05-27T19:27:34.912+0530] {logging_mixin.py:188} INFO - [2025-05-27T19:27:34.912+0530] {dag.py:3036} INFO - Sync 1 DAGs
[2025-05-27T19:27:34.918+0530] {logging_mixin.py:188} INFO - [2025-05-27T19:27:34.918+0530] {dag.py:3823} INFO - Setting next_dagrun for example_sensor_decorator to None, run_after=None
[2025-05-27T19:27:34.936+0530] {processor.py:183} INFO - Processing /Users/zafarimam/Documents/E-Commerce Order Pipeline/airflow_venv_39/lib/python3.9/site-packages/airflow/example_dags/example_sensor_decorator.py took 0.142 seconds
[2025-05-27T19:29:13.682+0530] {processor.py:161} INFO - Started process (PID=28239) to work on /Users/zafarimam/Documents/E-Commerce Order Pipeline/airflow_venv_39/lib/python3.9/site-packages/airflow/example_dags/example_sensor_decorator.py
[2025-05-27T19:29:13.683+0530] {processor.py:830} INFO - Processing file /Users/zafarimam/Documents/E-Commerce Order Pipeline/airflow_venv_39/lib/python3.9/site-packages/airflow/example_dags/example_sensor_decorator.py for tasks to queue
[2025-05-27T19:29:13.683+0530] {logging_mixin.py:188} INFO - [2025-05-27T19:29:13.683+0530] {dagbag.py:538} INFO - Filling up the DagBag from /Users/zafarimam/Documents/E-Commerce Order Pipeline/airflow_venv_39/lib/python3.9/site-packages/airflow/example_dags/example_sensor_decorator.py
[2025-05-27T19:29:13.714+0530] {processor.py:840} INFO - DAG(s) 'example_sensor_decorator' retrieved from /Users/zafarimam/Documents/E-Commerce Order Pipeline/airflow_venv_39/lib/python3.9/site-packages/airflow/example_dags/example_sensor_decorator.py
[2025-05-27T19:29:13.797+0530] {logging_mixin.py:188} INFO - [2025-05-27T19:29:13.797+0530] {dag.py:3036} INFO - Sync 1 DAGs
[2025-05-27T19:29:13.804+0530] {logging_mixin.py:188} INFO - [2025-05-27T19:29:13.803+0530] {dag.py:3823} INFO - Setting next_dagrun for example_sensor_decorator to None, run_after=None
[2025-05-27T19:29:13.821+0530] {processor.py:183} INFO - Processing /Users/zafarimam/Documents/E-Commerce Order Pipeline/airflow_venv_39/lib/python3.9/site-packages/airflow/example_dags/example_sensor_decorator.py took 0.140 seconds
[2025-05-27T19:31:14.671+0530] {processor.py:161} INFO - Started process (PID=28320) to work on /Users/zafarimam/Documents/E-Commerce Order Pipeline/airflow_venv_39/lib/python3.9/site-packages/airflow/example_dags/example_sensor_decorator.py
[2025-05-27T19:31:14.672+0530] {processor.py:830} INFO - Processing file /Users/zafarimam/Documents/E-Commerce Order Pipeline/airflow_venv_39/lib/python3.9/site-packages/airflow/example_dags/example_sensor_decorator.py for tasks to queue
[2025-05-27T19:31:14.672+0530] {logging_mixin.py:188} INFO - [2025-05-27T19:31:14.672+0530] {dagbag.py:538} INFO - Filling up the DagBag from /Users/zafarimam/Documents/E-Commerce Order Pipeline/airflow_venv_39/lib/python3.9/site-packages/airflow/example_dags/example_sensor_decorator.py
[2025-05-27T19:31:14.704+0530] {processor.py:840} INFO - DAG(s) 'example_sensor_decorator' retrieved from /Users/zafarimam/Documents/E-Commerce Order Pipeline/airflow_venv_39/lib/python3.9/site-packages/airflow/example_dags/example_sensor_decorator.py
[2025-05-27T19:31:14.791+0530] {logging_mixin.py:188} INFO - [2025-05-27T19:31:14.790+0530] {dag.py:3036} INFO - Sync 1 DAGs
[2025-05-27T19:31:14.797+0530] {logging_mixin.py:188} INFO - [2025-05-27T19:31:14.797+0530] {dag.py:3823} INFO - Setting next_dagrun for example_sensor_decorator to None, run_after=None
[2025-05-27T19:31:14.810+0530] {processor.py:183} INFO - Processing /Users/zafarimam/Documents/E-Commerce Order Pipeline/airflow_venv_39/lib/python3.9/site-packages/airflow/example_dags/example_sensor_decorator.py took 0.141 seconds
[2025-05-27T19:32:55.013+0530] {processor.py:161} INFO - Started process (PID=28375) to work on /Users/zafarimam/Documents/E-Commerce Order Pipeline/airflow_venv_39/lib/python3.9/site-packages/airflow/example_dags/example_sensor_decorator.py
[2025-05-27T19:32:55.013+0530] {processor.py:830} INFO - Processing file /Users/zafarimam/Documents/E-Commerce Order Pipeline/airflow_venv_39/lib/python3.9/site-packages/airflow/example_dags/example_sensor_decorator.py for tasks to queue
[2025-05-27T19:32:55.014+0530] {logging_mixin.py:188} INFO - [2025-05-27T19:32:55.014+0530] {dagbag.py:538} INFO - Filling up the DagBag from /Users/zafarimam/Documents/E-Commerce Order Pipeline/airflow_venv_39/lib/python3.9/site-packages/airflow/example_dags/example_sensor_decorator.py
[2025-05-27T19:32:55.046+0530] {processor.py:840} INFO - DAG(s) 'example_sensor_decorator' retrieved from /Users/zafarimam/Documents/E-Commerce Order Pipeline/airflow_venv_39/lib/python3.9/site-packages/airflow/example_dags/example_sensor_decorator.py
[2025-05-27T19:32:55.130+0530] {logging_mixin.py:188} INFO - [2025-05-27T19:32:55.130+0530] {dag.py:3036} INFO - Sync 1 DAGs
[2025-05-27T19:32:55.136+0530] {logging_mixin.py:188} INFO - [2025-05-27T19:32:55.136+0530] {dag.py:3823} INFO - Setting next_dagrun for example_sensor_decorator to None, run_after=None
[2025-05-27T19:32:55.154+0530] {processor.py:183} INFO - Processing /Users/zafarimam/Documents/E-Commerce Order Pipeline/airflow_venv_39/lib/python3.9/site-packages/airflow/example_dags/example_sensor_decorator.py took 0.142 seconds
[2025-05-27T19:34:35.733+0530] {processor.py:161} INFO - Started process (PID=28425) to work on /Users/zafarimam/Documents/E-Commerce Order Pipeline/airflow_venv_39/lib/python3.9/site-packages/airflow/example_dags/example_sensor_decorator.py
[2025-05-27T19:34:35.734+0530] {processor.py:830} INFO - Processing file /Users/zafarimam/Documents/E-Commerce Order Pipeline/airflow_venv_39/lib/python3.9/site-packages/airflow/example_dags/example_sensor_decorator.py for tasks to queue
[2025-05-27T19:34:35.735+0530] {logging_mixin.py:188} INFO - [2025-05-27T19:34:35.735+0530] {dagbag.py:538} INFO - Filling up the DagBag from /Users/zafarimam/Documents/E-Commerce Order Pipeline/airflow_venv_39/lib/python3.9/site-packages/airflow/example_dags/example_sensor_decorator.py
[2025-05-27T19:34:35.766+0530] {processor.py:840} INFO - DAG(s) 'example_sensor_decorator' retrieved from /Users/zafarimam/Documents/E-Commerce Order Pipeline/airflow_venv_39/lib/python3.9/site-packages/airflow/example_dags/example_sensor_decorator.py
[2025-05-27T19:34:35.850+0530] {logging_mixin.py:188} INFO - [2025-05-27T19:34:35.850+0530] {dag.py:3036} INFO - Sync 1 DAGs
[2025-05-27T19:34:35.856+0530] {logging_mixin.py:188} INFO - [2025-05-27T19:34:35.856+0530] {dag.py:3823} INFO - Setting next_dagrun for example_sensor_decorator to None, run_after=None
[2025-05-27T19:34:35.869+0530] {processor.py:183} INFO - Processing /Users/zafarimam/Documents/E-Commerce Order Pipeline/airflow_venv_39/lib/python3.9/site-packages/airflow/example_dags/example_sensor_decorator.py took 0.137 seconds
[2025-05-27T19:36:17.143+0530] {processor.py:161} INFO - Started process (PID=28480) to work on /Users/zafarimam/Documents/E-Commerce Order Pipeline/airflow_venv_39/lib/python3.9/site-packages/airflow/example_dags/example_sensor_decorator.py
[2025-05-27T19:36:17.144+0530] {processor.py:830} INFO - Processing file /Users/zafarimam/Documents/E-Commerce Order Pipeline/airflow_venv_39/lib/python3.9/site-packages/airflow/example_dags/example_sensor_decorator.py for tasks to queue
[2025-05-27T19:36:17.145+0530] {logging_mixin.py:188} INFO - [2025-05-27T19:36:17.144+0530] {dagbag.py:538} INFO - Filling up the DagBag from /Users/zafarimam/Documents/E-Commerce Order Pipeline/airflow_venv_39/lib/python3.9/site-packages/airflow/example_dags/example_sensor_decorator.py
[2025-05-27T19:36:17.176+0530] {processor.py:840} INFO - DAG(s) 'example_sensor_decorator' retrieved from /Users/zafarimam/Documents/E-Commerce Order Pipeline/airflow_venv_39/lib/python3.9/site-packages/airflow/example_dags/example_sensor_decorator.py
[2025-05-27T19:36:17.260+0530] {logging_mixin.py:188} INFO - [2025-05-27T19:36:17.259+0530] {dag.py:3036} INFO - Sync 1 DAGs
[2025-05-27T19:36:17.266+0530] {logging_mixin.py:188} INFO - [2025-05-27T19:36:17.266+0530] {dag.py:3823} INFO - Setting next_dagrun for example_sensor_decorator to None, run_after=None
[2025-05-27T19:36:17.283+0530] {processor.py:183} INFO - Processing /Users/zafarimam/Documents/E-Commerce Order Pipeline/airflow_venv_39/lib/python3.9/site-packages/airflow/example_dags/example_sensor_decorator.py took 0.141 seconds
[2025-05-27T19:37:58.551+0530] {processor.py:161} INFO - Started process (PID=28531) to work on /Users/zafarimam/Documents/E-Commerce Order Pipeline/airflow_venv_39/lib/python3.9/site-packages/airflow/example_dags/example_sensor_decorator.py
[2025-05-27T19:37:58.552+0530] {processor.py:830} INFO - Processing file /Users/zafarimam/Documents/E-Commerce Order Pipeline/airflow_venv_39/lib/python3.9/site-packages/airflow/example_dags/example_sensor_decorator.py for tasks to queue
[2025-05-27T19:37:58.552+0530] {logging_mixin.py:188} INFO - [2025-05-27T19:37:58.552+0530] {dagbag.py:538} INFO - Filling up the DagBag from /Users/zafarimam/Documents/E-Commerce Order Pipeline/airflow_venv_39/lib/python3.9/site-packages/airflow/example_dags/example_sensor_decorator.py
[2025-05-27T19:37:58.584+0530] {processor.py:840} INFO - DAG(s) 'example_sensor_decorator' retrieved from /Users/zafarimam/Documents/E-Commerce Order Pipeline/airflow_venv_39/lib/python3.9/site-packages/airflow/example_dags/example_sensor_decorator.py
[2025-05-27T19:37:58.666+0530] {logging_mixin.py:188} INFO - [2025-05-27T19:37:58.665+0530] {dag.py:3036} INFO - Sync 1 DAGs
[2025-05-27T19:37:58.672+0530] {logging_mixin.py:188} INFO - [2025-05-27T19:37:58.672+0530] {dag.py:3823} INFO - Setting next_dagrun for example_sensor_decorator to None, run_after=None
[2025-05-27T19:37:58.689+0530] {processor.py:183} INFO - Processing /Users/zafarimam/Documents/E-Commerce Order Pipeline/airflow_venv_39/lib/python3.9/site-packages/airflow/example_dags/example_sensor_decorator.py took 0.139 seconds
[2025-05-27T19:39:38.078+0530] {processor.py:161} INFO - Started process (PID=28580) to work on /Users/zafarimam/Documents/E-Commerce Order Pipeline/airflow_venv_39/lib/python3.9/site-packages/airflow/example_dags/example_sensor_decorator.py
[2025-05-27T19:39:38.079+0530] {processor.py:830} INFO - Processing file /Users/zafarimam/Documents/E-Commerce Order Pipeline/airflow_venv_39/lib/python3.9/site-packages/airflow/example_dags/example_sensor_decorator.py for tasks to queue
[2025-05-27T19:39:38.079+0530] {logging_mixin.py:188} INFO - [2025-05-27T19:39:38.079+0530] {dagbag.py:538} INFO - Filling up the DagBag from /Users/zafarimam/Documents/E-Commerce Order Pipeline/airflow_venv_39/lib/python3.9/site-packages/airflow/example_dags/example_sensor_decorator.py
[2025-05-27T19:39:38.111+0530] {processor.py:840} INFO - DAG(s) 'example_sensor_decorator' retrieved from /Users/zafarimam/Documents/E-Commerce Order Pipeline/airflow_venv_39/lib/python3.9/site-packages/airflow/example_dags/example_sensor_decorator.py
[2025-05-27T19:39:38.195+0530] {logging_mixin.py:188} INFO - [2025-05-27T19:39:38.195+0530] {dag.py:3036} INFO - Sync 1 DAGs
[2025-05-27T19:39:38.201+0530] {logging_mixin.py:188} INFO - [2025-05-27T19:39:38.201+0530] {dag.py:3823} INFO - Setting next_dagrun for example_sensor_decorator to None, run_after=None
[2025-05-27T19:39:38.219+0530] {processor.py:183} INFO - Processing /Users/zafarimam/Documents/E-Commerce Order Pipeline/airflow_venv_39/lib/python3.9/site-packages/airflow/example_dags/example_sensor_decorator.py took 0.142 seconds
[2025-05-27T19:41:16.910+0530] {processor.py:161} INFO - Started process (PID=28633) to work on /Users/zafarimam/Documents/E-Commerce Order Pipeline/airflow_venv_39/lib/python3.9/site-packages/airflow/example_dags/example_sensor_decorator.py
[2025-05-27T19:41:16.911+0530] {processor.py:830} INFO - Processing file /Users/zafarimam/Documents/E-Commerce Order Pipeline/airflow_venv_39/lib/python3.9/site-packages/airflow/example_dags/example_sensor_decorator.py for tasks to queue
[2025-05-27T19:41:16.912+0530] {logging_mixin.py:188} INFO - [2025-05-27T19:41:16.911+0530] {dagbag.py:538} INFO - Filling up the DagBag from /Users/zafarimam/Documents/E-Commerce Order Pipeline/airflow_venv_39/lib/python3.9/site-packages/airflow/example_dags/example_sensor_decorator.py
[2025-05-27T19:41:16.943+0530] {processor.py:840} INFO - DAG(s) 'example_sensor_decorator' retrieved from /Users/zafarimam/Documents/E-Commerce Order Pipeline/airflow_venv_39/lib/python3.9/site-packages/airflow/example_dags/example_sensor_decorator.py
[2025-05-27T19:41:17.027+0530] {logging_mixin.py:188} INFO - [2025-05-27T19:41:17.026+0530] {dag.py:3036} INFO - Sync 1 DAGs
[2025-05-27T19:41:17.033+0530] {logging_mixin.py:188} INFO - [2025-05-27T19:41:17.033+0530] {dag.py:3823} INFO - Setting next_dagrun for example_sensor_decorator to None, run_after=None
[2025-05-27T19:41:17.046+0530] {processor.py:183} INFO - Processing /Users/zafarimam/Documents/E-Commerce Order Pipeline/airflow_venv_39/lib/python3.9/site-packages/airflow/example_dags/example_sensor_decorator.py took 0.136 seconds
[2025-05-27T19:42:57.848+0530] {processor.py:161} INFO - Started process (PID=28686) to work on /Users/zafarimam/Documents/E-Commerce Order Pipeline/airflow_venv_39/lib/python3.9/site-packages/airflow/example_dags/example_sensor_decorator.py
[2025-05-27T19:42:57.849+0530] {processor.py:830} INFO - Processing file /Users/zafarimam/Documents/E-Commerce Order Pipeline/airflow_venv_39/lib/python3.9/site-packages/airflow/example_dags/example_sensor_decorator.py for tasks to queue
[2025-05-27T19:42:57.850+0530] {logging_mixin.py:188} INFO - [2025-05-27T19:42:57.849+0530] {dagbag.py:538} INFO - Filling up the DagBag from /Users/zafarimam/Documents/E-Commerce Order Pipeline/airflow_venv_39/lib/python3.9/site-packages/airflow/example_dags/example_sensor_decorator.py
[2025-05-27T19:42:57.881+0530] {processor.py:840} INFO - DAG(s) 'example_sensor_decorator' retrieved from /Users/zafarimam/Documents/E-Commerce Order Pipeline/airflow_venv_39/lib/python3.9/site-packages/airflow/example_dags/example_sensor_decorator.py
[2025-05-27T19:42:57.963+0530] {logging_mixin.py:188} INFO - [2025-05-27T19:42:57.963+0530] {dag.py:3036} INFO - Sync 1 DAGs
[2025-05-27T19:42:57.969+0530] {logging_mixin.py:188} INFO - [2025-05-27T19:42:57.969+0530] {dag.py:3823} INFO - Setting next_dagrun for example_sensor_decorator to None, run_after=None
[2025-05-27T19:42:57.983+0530] {processor.py:183} INFO - Processing /Users/zafarimam/Documents/E-Commerce Order Pipeline/airflow_venv_39/lib/python3.9/site-packages/airflow/example_dags/example_sensor_decorator.py took 0.135 seconds
[2025-05-27T19:44:58.074+0530] {processor.py:161} INFO - Started process (PID=28802) to work on /Users/zafarimam/Documents/E-Commerce Order Pipeline/airflow_venv_39/lib/python3.9/site-packages/airflow/example_dags/example_sensor_decorator.py
[2025-05-27T19:44:58.076+0530] {processor.py:830} INFO - Processing file /Users/zafarimam/Documents/E-Commerce Order Pipeline/airflow_venv_39/lib/python3.9/site-packages/airflow/example_dags/example_sensor_decorator.py for tasks to queue
[2025-05-27T19:44:58.077+0530] {logging_mixin.py:188} INFO - [2025-05-27T19:44:58.076+0530] {dagbag.py:538} INFO - Filling up the DagBag from /Users/zafarimam/Documents/E-Commerce Order Pipeline/airflow_venv_39/lib/python3.9/site-packages/airflow/example_dags/example_sensor_decorator.py
[2025-05-27T19:44:58.114+0530] {processor.py:840} INFO - DAG(s) 'example_sensor_decorator' retrieved from /Users/zafarimam/Documents/E-Commerce Order Pipeline/airflow_venv_39/lib/python3.9/site-packages/airflow/example_dags/example_sensor_decorator.py
[2025-05-27T19:44:58.208+0530] {logging_mixin.py:188} INFO - [2025-05-27T19:44:58.207+0530] {dag.py:3036} INFO - Sync 1 DAGs
[2025-05-27T19:44:58.214+0530] {logging_mixin.py:188} INFO - [2025-05-27T19:44:58.214+0530] {dag.py:3823} INFO - Setting next_dagrun for example_sensor_decorator to None, run_after=None
[2025-05-27T19:44:58.227+0530] {processor.py:183} INFO - Processing /Users/zafarimam/Documents/E-Commerce Order Pipeline/airflow_venv_39/lib/python3.9/site-packages/airflow/example_dags/example_sensor_decorator.py took 0.155 seconds
[2025-05-27T19:46:55.317+0530] {processor.py:161} INFO - Started process (PID=28888) to work on /Users/zafarimam/Documents/E-Commerce Order Pipeline/airflow_venv_39/lib/python3.9/site-packages/airflow/example_dags/example_sensor_decorator.py
[2025-05-27T19:46:55.319+0530] {processor.py:830} INFO - Processing file /Users/zafarimam/Documents/E-Commerce Order Pipeline/airflow_venv_39/lib/python3.9/site-packages/airflow/example_dags/example_sensor_decorator.py for tasks to queue
[2025-05-27T19:46:55.320+0530] {logging_mixin.py:188} INFO - [2025-05-27T19:46:55.319+0530] {dagbag.py:538} INFO - Filling up the DagBag from /Users/zafarimam/Documents/E-Commerce Order Pipeline/airflow_venv_39/lib/python3.9/site-packages/airflow/example_dags/example_sensor_decorator.py
[2025-05-27T19:46:55.361+0530] {processor.py:840} INFO - DAG(s) 'example_sensor_decorator' retrieved from /Users/zafarimam/Documents/E-Commerce Order Pipeline/airflow_venv_39/lib/python3.9/site-packages/airflow/example_dags/example_sensor_decorator.py
[2025-05-27T19:46:55.453+0530] {logging_mixin.py:188} INFO - [2025-05-27T19:46:55.452+0530] {dag.py:3036} INFO - Sync 1 DAGs
[2025-05-27T19:46:55.459+0530] {logging_mixin.py:188} INFO - [2025-05-27T19:46:55.459+0530] {dag.py:3823} INFO - Setting next_dagrun for example_sensor_decorator to None, run_after=None
[2025-05-27T19:46:55.473+0530] {processor.py:183} INFO - Processing /Users/zafarimam/Documents/E-Commerce Order Pipeline/airflow_venv_39/lib/python3.9/site-packages/airflow/example_dags/example_sensor_decorator.py took 0.157 seconds
[2025-05-27T19:48:39.223+0530] {processor.py:161} INFO - Started process (PID=28951) to work on /Users/zafarimam/Documents/E-Commerce Order Pipeline/airflow_venv_39/lib/python3.9/site-packages/airflow/example_dags/example_sensor_decorator.py
[2025-05-27T19:48:39.224+0530] {processor.py:830} INFO - Processing file /Users/zafarimam/Documents/E-Commerce Order Pipeline/airflow_venv_39/lib/python3.9/site-packages/airflow/example_dags/example_sensor_decorator.py for tasks to queue
[2025-05-27T19:48:39.225+0530] {logging_mixin.py:188} INFO - [2025-05-27T19:48:39.225+0530] {dagbag.py:538} INFO - Filling up the DagBag from /Users/zafarimam/Documents/E-Commerce Order Pipeline/airflow_venv_39/lib/python3.9/site-packages/airflow/example_dags/example_sensor_decorator.py
[2025-05-27T19:48:39.259+0530] {processor.py:840} INFO - DAG(s) 'example_sensor_decorator' retrieved from /Users/zafarimam/Documents/E-Commerce Order Pipeline/airflow_venv_39/lib/python3.9/site-packages/airflow/example_dags/example_sensor_decorator.py
[2025-05-27T19:48:39.351+0530] {logging_mixin.py:188} INFO - [2025-05-27T19:48:39.351+0530] {dag.py:3036} INFO - Sync 1 DAGs
[2025-05-27T19:48:39.359+0530] {logging_mixin.py:188} INFO - [2025-05-27T19:48:39.359+0530] {dag.py:3823} INFO - Setting next_dagrun for example_sensor_decorator to None, run_after=None
[2025-05-27T19:48:39.374+0530] {processor.py:183} INFO - Processing /Users/zafarimam/Documents/E-Commerce Order Pipeline/airflow_venv_39/lib/python3.9/site-packages/airflow/example_dags/example_sensor_decorator.py took 0.152 seconds
[2025-05-27T19:50:23.770+0530] {processor.py:161} INFO - Started process (PID=29032) to work on /Users/zafarimam/Documents/E-Commerce Order Pipeline/airflow_venv_39/lib/python3.9/site-packages/airflow/example_dags/example_sensor_decorator.py
[2025-05-27T19:50:23.771+0530] {processor.py:830} INFO - Processing file /Users/zafarimam/Documents/E-Commerce Order Pipeline/airflow_venv_39/lib/python3.9/site-packages/airflow/example_dags/example_sensor_decorator.py for tasks to queue
[2025-05-27T19:50:23.772+0530] {logging_mixin.py:188} INFO - [2025-05-27T19:50:23.772+0530] {dagbag.py:538} INFO - Filling up the DagBag from /Users/zafarimam/Documents/E-Commerce Order Pipeline/airflow_venv_39/lib/python3.9/site-packages/airflow/example_dags/example_sensor_decorator.py
[2025-05-27T19:50:23.805+0530] {processor.py:840} INFO - DAG(s) 'example_sensor_decorator' retrieved from /Users/zafarimam/Documents/E-Commerce Order Pipeline/airflow_venv_39/lib/python3.9/site-packages/airflow/example_dags/example_sensor_decorator.py
[2025-05-27T19:50:23.895+0530] {logging_mixin.py:188} INFO - [2025-05-27T19:50:23.895+0530] {dag.py:3036} INFO - Sync 1 DAGs
[2025-05-27T19:50:23.902+0530] {logging_mixin.py:188} INFO - [2025-05-27T19:50:23.902+0530] {dag.py:3823} INFO - Setting next_dagrun for example_sensor_decorator to None, run_after=None
[2025-05-27T19:50:23.915+0530] {processor.py:183} INFO - Processing /Users/zafarimam/Documents/E-Commerce Order Pipeline/airflow_venv_39/lib/python3.9/site-packages/airflow/example_dags/example_sensor_decorator.py took 0.146 seconds
[2025-05-27T19:52:13.866+0530] {processor.py:161} INFO - Started process (PID=29102) to work on /Users/zafarimam/Documents/E-Commerce Order Pipeline/airflow_venv_39/lib/python3.9/site-packages/airflow/example_dags/example_sensor_decorator.py
[2025-05-27T19:52:13.867+0530] {processor.py:830} INFO - Processing file /Users/zafarimam/Documents/E-Commerce Order Pipeline/airflow_venv_39/lib/python3.9/site-packages/airflow/example_dags/example_sensor_decorator.py for tasks to queue
[2025-05-27T19:52:13.868+0530] {logging_mixin.py:188} INFO - [2025-05-27T19:52:13.867+0530] {dagbag.py:538} INFO - Filling up the DagBag from /Users/zafarimam/Documents/E-Commerce Order Pipeline/airflow_venv_39/lib/python3.9/site-packages/airflow/example_dags/example_sensor_decorator.py
[2025-05-27T19:52:13.899+0530] {processor.py:840} INFO - DAG(s) 'example_sensor_decorator' retrieved from /Users/zafarimam/Documents/E-Commerce Order Pipeline/airflow_venv_39/lib/python3.9/site-packages/airflow/example_dags/example_sensor_decorator.py
[2025-05-27T19:52:13.992+0530] {logging_mixin.py:188} INFO - [2025-05-27T19:52:13.992+0530] {dag.py:3036} INFO - Sync 1 DAGs
[2025-05-27T19:52:14.000+0530] {logging_mixin.py:188} INFO - [2025-05-27T19:52:13.999+0530] {dag.py:3823} INFO - Setting next_dagrun for example_sensor_decorator to None, run_after=None
[2025-05-27T19:52:14.013+0530] {processor.py:183} INFO - Processing /Users/zafarimam/Documents/E-Commerce Order Pipeline/airflow_venv_39/lib/python3.9/site-packages/airflow/example_dags/example_sensor_decorator.py took 0.149 seconds
