[2025-05-27T17:38:18.970+0530] {processor.py:161} INFO - Started process (PID=22820) to work on /Users/zafarimam/Documents/E-Commerce Order Pipeline/airflow_venv_39/lib/python3.9/site-packages/airflow/example_dags/example_skip_dag.py
[2025-05-27T17:38:18.971+0530] {processor.py:830} INFO - Processing file /Users/zafarimam/Documents/E-Commerce Order Pipeline/airflow_venv_39/lib/python3.9/site-packages/airflow/example_dags/example_skip_dag.py for tasks to queue
[2025-05-27T17:38:18.972+0530] {logging_mixin.py:188} INFO - [2025-05-27T17:38:18.971+0530] {dagbag.py:538} INFO - Filling up the DagBag from /Users/zafarimam/Documents/E-Commerce Order Pipeline/airflow_venv_39/lib/python3.9/site-packages/airflow/example_dags/example_skip_dag.py
[2025-05-27T17:38:18.980+0530] {processor.py:840} INFO - DAG(s) 'example_skip_dag' retrieved from /Users/zafarimam/Documents/E-Commerce Order Pipeline/airflow_venv_39/lib/python3.9/site-packages/airflow/example_dags/example_skip_dag.py
[2025-05-27T17:38:19.130+0530] {logging_mixin.py:188} INFO - [2025-05-27T17:38:19.130+0530] {dag.py:3036} INFO - Sync 1 DAGs
[2025-05-27T17:38:19.142+0530] {logging_mixin.py:188} INFO - [2025-05-27T17:38:19.142+0530] {dag.py:3823} INFO - Setting next_dagrun for example_skip_dag to 2025-05-26 00:00:00+00:00, run_after=2025-05-27 00:00:00+00:00
[2025-05-27T17:38:19.156+0530] {processor.py:183} INFO - Processing /Users/zafarimam/Documents/E-Commerce Order Pipeline/airflow_venv_39/lib/python3.9/site-packages/airflow/example_dags/example_skip_dag.py took 0.187 seconds
[2025-05-27T17:40:23.782+0530] {processor.py:161} INFO - Started process (PID=22906) to work on /Users/zafarimam/Documents/E-Commerce Order Pipeline/airflow_venv_39/lib/python3.9/site-packages/airflow/example_dags/example_skip_dag.py
[2025-05-27T17:40:23.783+0530] {processor.py:830} INFO - Processing file /Users/zafarimam/Documents/E-Commerce Order Pipeline/airflow_venv_39/lib/python3.9/site-packages/airflow/example_dags/example_skip_dag.py for tasks to queue
[2025-05-27T17:40:23.784+0530] {logging_mixin.py:188} INFO - [2025-05-27T17:40:23.783+0530] {dagbag.py:538} INFO - Filling up the DagBag from /Users/zafarimam/Documents/E-Commerce Order Pipeline/airflow_venv_39/lib/python3.9/site-packages/airflow/example_dags/example_skip_dag.py
[2025-05-27T17:40:23.792+0530] {processor.py:840} INFO - DAG(s) 'example_skip_dag' retrieved from /Users/zafarimam/Documents/E-Commerce Order Pipeline/airflow_venv_39/lib/python3.9/site-packages/airflow/example_dags/example_skip_dag.py
[2025-05-27T17:40:23.890+0530] {logging_mixin.py:188} INFO - [2025-05-27T17:40:23.890+0530] {dag.py:3036} INFO - Sync 1 DAGs
[2025-05-27T17:40:23.904+0530] {logging_mixin.py:188} INFO - [2025-05-27T17:40:23.904+0530] {dag.py:3823} INFO - Setting next_dagrun for example_skip_dag to 2025-05-26 00:00:00+00:00, run_after=2025-05-27 00:00:00+00:00
[2025-05-27T17:40:23.921+0530] {processor.py:183} INFO - Processing /Users/zafarimam/Documents/E-Commerce Order Pipeline/airflow_venv_39/lib/python3.9/site-packages/airflow/example_dags/example_skip_dag.py took 0.141 seconds
[2025-05-27T17:42:22.750+0530] {processor.py:161} INFO - Started process (PID=22969) to work on /Users/zafarimam/Documents/E-Commerce Order Pipeline/airflow_venv_39/lib/python3.9/site-packages/airflow/example_dags/example_skip_dag.py
[2025-05-27T17:42:22.752+0530] {processor.py:830} INFO - Processing file /Users/zafarimam/Documents/E-Commerce Order Pipeline/airflow_venv_39/lib/python3.9/site-packages/airflow/example_dags/example_skip_dag.py for tasks to queue
[2025-05-27T17:42:22.753+0530] {logging_mixin.py:188} INFO - [2025-05-27T17:42:22.753+0530] {dagbag.py:538} INFO - Filling up the DagBag from /Users/zafarimam/Documents/E-Commerce Order Pipeline/airflow_venv_39/lib/python3.9/site-packages/airflow/example_dags/example_skip_dag.py
[2025-05-27T17:42:22.761+0530] {processor.py:840} INFO - DAG(s) 'example_skip_dag' retrieved from /Users/zafarimam/Documents/E-Commerce Order Pipeline/airflow_venv_39/lib/python3.9/site-packages/airflow/example_dags/example_skip_dag.py
[2025-05-27T17:42:22.852+0530] {logging_mixin.py:188} INFO - [2025-05-27T17:42:22.851+0530] {dag.py:3036} INFO - Sync 1 DAGs
[2025-05-27T17:42:22.863+0530] {logging_mixin.py:188} INFO - [2025-05-27T17:42:22.863+0530] {dag.py:3823} INFO - Setting next_dagrun for example_skip_dag to 2025-05-26 00:00:00+00:00, run_after=2025-05-27 00:00:00+00:00
[2025-05-27T17:42:22.877+0530] {processor.py:183} INFO - Processing /Users/zafarimam/Documents/E-Commerce Order Pipeline/airflow_venv_39/lib/python3.9/site-packages/airflow/example_dags/example_skip_dag.py took 0.128 seconds
[2025-05-27T17:44:11.057+0530] {processor.py:161} INFO - Started process (PID=23030) to work on /Users/zafarimam/Documents/E-Commerce Order Pipeline/airflow_venv_39/lib/python3.9/site-packages/airflow/example_dags/example_skip_dag.py
[2025-05-27T17:44:11.058+0530] {processor.py:830} INFO - Processing file /Users/zafarimam/Documents/E-Commerce Order Pipeline/airflow_venv_39/lib/python3.9/site-packages/airflow/example_dags/example_skip_dag.py for tasks to queue
[2025-05-27T17:44:11.059+0530] {logging_mixin.py:188} INFO - [2025-05-27T17:44:11.059+0530] {dagbag.py:538} INFO - Filling up the DagBag from /Users/zafarimam/Documents/E-Commerce Order Pipeline/airflow_venv_39/lib/python3.9/site-packages/airflow/example_dags/example_skip_dag.py
[2025-05-27T17:44:11.067+0530] {processor.py:840} INFO - DAG(s) 'example_skip_dag' retrieved from /Users/zafarimam/Documents/E-Commerce Order Pipeline/airflow_venv_39/lib/python3.9/site-packages/airflow/example_dags/example_skip_dag.py
[2025-05-27T17:44:11.152+0530] {logging_mixin.py:188} INFO - [2025-05-27T17:44:11.152+0530] {dag.py:3036} INFO - Sync 1 DAGs
[2025-05-27T17:44:11.164+0530] {logging_mixin.py:188} INFO - [2025-05-27T17:44:11.164+0530] {dag.py:3823} INFO - Setting next_dagrun for example_skip_dag to 2025-05-26 00:00:00+00:00, run_after=2025-05-27 00:00:00+00:00
[2025-05-27T17:44:11.181+0530] {processor.py:183} INFO - Processing /Users/zafarimam/Documents/E-Commerce Order Pipeline/airflow_venv_39/lib/python3.9/site-packages/airflow/example_dags/example_skip_dag.py took 0.125 seconds
[2025-05-27T17:51:07.207+0530] {processor.py:161} INFO - Started process (PID=23121) to work on /Users/zafarimam/Documents/E-Commerce Order Pipeline/airflow_venv_39/lib/python3.9/site-packages/airflow/example_dags/example_skip_dag.py
[2025-05-27T17:51:07.209+0530] {processor.py:830} INFO - Processing file /Users/zafarimam/Documents/E-Commerce Order Pipeline/airflow_venv_39/lib/python3.9/site-packages/airflow/example_dags/example_skip_dag.py for tasks to queue
[2025-05-27T17:51:07.210+0530] {logging_mixin.py:188} INFO - [2025-05-27T17:51:07.210+0530] {dagbag.py:538} INFO - Filling up the DagBag from /Users/zafarimam/Documents/E-Commerce Order Pipeline/airflow_venv_39/lib/python3.9/site-packages/airflow/example_dags/example_skip_dag.py
[2025-05-27T17:51:07.218+0530] {processor.py:840} INFO - DAG(s) 'example_skip_dag' retrieved from /Users/zafarimam/Documents/E-Commerce Order Pipeline/airflow_venv_39/lib/python3.9/site-packages/airflow/example_dags/example_skip_dag.py
[2025-05-27T17:51:07.312+0530] {logging_mixin.py:188} INFO - [2025-05-27T17:51:07.312+0530] {dag.py:3036} INFO - Sync 1 DAGs
[2025-05-27T17:51:07.326+0530] {logging_mixin.py:188} INFO - [2025-05-27T17:51:07.326+0530] {dag.py:3823} INFO - Setting next_dagrun for example_skip_dag to 2025-05-26 00:00:00+00:00, run_after=2025-05-27 00:00:00+00:00
[2025-05-27T17:51:07.342+0530] {processor.py:183} INFO - Processing /Users/zafarimam/Documents/E-Commerce Order Pipeline/airflow_venv_39/lib/python3.9/site-packages/airflow/example_dags/example_skip_dag.py took 0.135 seconds
[2025-05-27T17:53:02.795+0530] {processor.py:161} INFO - Started process (PID=23483) to work on /Users/zafarimam/Documents/E-Commerce Order Pipeline/airflow_venv_39/lib/python3.9/site-packages/airflow/example_dags/example_skip_dag.py
[2025-05-27T17:53:02.796+0530] {processor.py:830} INFO - Processing file /Users/zafarimam/Documents/E-Commerce Order Pipeline/airflow_venv_39/lib/python3.9/site-packages/airflow/example_dags/example_skip_dag.py for tasks to queue
[2025-05-27T17:53:02.797+0530] {logging_mixin.py:188} INFO - [2025-05-27T17:53:02.797+0530] {dagbag.py:538} INFO - Filling up the DagBag from /Users/zafarimam/Documents/E-Commerce Order Pipeline/airflow_venv_39/lib/python3.9/site-packages/airflow/example_dags/example_skip_dag.py
[2025-05-27T17:53:02.805+0530] {processor.py:840} INFO - DAG(s) 'example_skip_dag' retrieved from /Users/zafarimam/Documents/E-Commerce Order Pipeline/airflow_venv_39/lib/python3.9/site-packages/airflow/example_dags/example_skip_dag.py
[2025-05-27T17:53:02.898+0530] {logging_mixin.py:188} INFO - [2025-05-27T17:53:02.898+0530] {dag.py:3036} INFO - Sync 1 DAGs
[2025-05-27T17:53:02.912+0530] {logging_mixin.py:188} INFO - [2025-05-27T17:53:02.912+0530] {dag.py:3823} INFO - Setting next_dagrun for example_skip_dag to 2025-05-26 00:00:00+00:00, run_after=2025-05-27 00:00:00+00:00
[2025-05-27T17:53:02.928+0530] {processor.py:183} INFO - Processing /Users/zafarimam/Documents/E-Commerce Order Pipeline/airflow_venv_39/lib/python3.9/site-packages/airflow/example_dags/example_skip_dag.py took 0.134 seconds
[2025-05-27T17:55:38.235+0530] {processor.py:161} INFO - Started process (PID=24057) to work on /Users/zafarimam/Documents/E-Commerce Order Pipeline/airflow_venv_39/lib/python3.9/site-packages/airflow/example_dags/example_skip_dag.py
[2025-05-27T17:55:38.237+0530] {processor.py:830} INFO - Processing file /Users/zafarimam/Documents/E-Commerce Order Pipeline/airflow_venv_39/lib/python3.9/site-packages/airflow/example_dags/example_skip_dag.py for tasks to queue
[2025-05-27T17:55:38.238+0530] {logging_mixin.py:188} INFO - [2025-05-27T17:55:38.237+0530] {dagbag.py:538} INFO - Filling up the DagBag from /Users/zafarimam/Documents/E-Commerce Order Pipeline/airflow_venv_39/lib/python3.9/site-packages/airflow/example_dags/example_skip_dag.py
[2025-05-27T17:55:38.245+0530] {processor.py:840} INFO - DAG(s) 'example_skip_dag' retrieved from /Users/zafarimam/Documents/E-Commerce Order Pipeline/airflow_venv_39/lib/python3.9/site-packages/airflow/example_dags/example_skip_dag.py
[2025-05-27T17:55:38.395+0530] {logging_mixin.py:188} INFO - [2025-05-27T17:55:38.395+0530] {dag.py:3036} INFO - Sync 1 DAGs
[2025-05-27T17:55:38.406+0530] {logging_mixin.py:188} INFO - [2025-05-27T17:55:38.406+0530] {dag.py:3823} INFO - Setting next_dagrun for example_skip_dag to 2025-05-26 00:00:00+00:00, run_after=2025-05-27 00:00:00+00:00
[2025-05-27T17:55:38.420+0530] {processor.py:183} INFO - Processing /Users/zafarimam/Documents/E-Commerce Order Pipeline/airflow_venv_39/lib/python3.9/site-packages/airflow/example_dags/example_skip_dag.py took 0.186 seconds
[2025-05-27T17:57:48.480+0530] {processor.py:161} INFO - Started process (PID=24344) to work on /Users/zafarimam/Documents/E-Commerce Order Pipeline/airflow_venv_39/lib/python3.9/site-packages/airflow/example_dags/example_skip_dag.py
[2025-05-27T17:57:48.481+0530] {processor.py:830} INFO - Processing file /Users/zafarimam/Documents/E-Commerce Order Pipeline/airflow_venv_39/lib/python3.9/site-packages/airflow/example_dags/example_skip_dag.py for tasks to queue
[2025-05-27T17:57:48.482+0530] {logging_mixin.py:188} INFO - [2025-05-27T17:57:48.482+0530] {dagbag.py:538} INFO - Filling up the DagBag from /Users/zafarimam/Documents/E-Commerce Order Pipeline/airflow_venv_39/lib/python3.9/site-packages/airflow/example_dags/example_skip_dag.py
[2025-05-27T17:57:48.490+0530] {processor.py:840} INFO - DAG(s) 'example_skip_dag' retrieved from /Users/zafarimam/Documents/E-Commerce Order Pipeline/airflow_venv_39/lib/python3.9/site-packages/airflow/example_dags/example_skip_dag.py
[2025-05-27T17:57:48.584+0530] {logging_mixin.py:188} INFO - [2025-05-27T17:57:48.583+0530] {dag.py:3036} INFO - Sync 1 DAGs
[2025-05-27T17:57:48.599+0530] {logging_mixin.py:188} INFO - [2025-05-27T17:57:48.599+0530] {dag.py:3823} INFO - Setting next_dagrun for example_skip_dag to 2025-05-26 00:00:00+00:00, run_after=2025-05-27 00:00:00+00:00
[2025-05-27T17:57:48.616+0530] {processor.py:183} INFO - Processing /Users/zafarimam/Documents/E-Commerce Order Pipeline/airflow_venv_39/lib/python3.9/site-packages/airflow/example_dags/example_skip_dag.py took 0.137 seconds
[2025-05-27T18:06:08.823+0530] {processor.py:161} INFO - Started process (PID=25101) to work on /Users/zafarimam/Documents/E-Commerce Order Pipeline/airflow_venv_39/lib/python3.9/site-packages/airflow/example_dags/example_skip_dag.py
[2025-05-27T18:06:08.825+0530] {processor.py:830} INFO - Processing file /Users/zafarimam/Documents/E-Commerce Order Pipeline/airflow_venv_39/lib/python3.9/site-packages/airflow/example_dags/example_skip_dag.py for tasks to queue
[2025-05-27T18:06:08.825+0530] {logging_mixin.py:188} INFO - [2025-05-27T18:06:08.825+0530] {dagbag.py:538} INFO - Filling up the DagBag from /Users/zafarimam/Documents/E-Commerce Order Pipeline/airflow_venv_39/lib/python3.9/site-packages/airflow/example_dags/example_skip_dag.py
[2025-05-27T18:06:08.833+0530] {processor.py:840} INFO - DAG(s) 'example_skip_dag' retrieved from /Users/zafarimam/Documents/E-Commerce Order Pipeline/airflow_venv_39/lib/python3.9/site-packages/airflow/example_dags/example_skip_dag.py
[2025-05-27T18:06:08.939+0530] {logging_mixin.py:188} INFO - [2025-05-27T18:06:08.939+0530] {dag.py:3036} INFO - Sync 1 DAGs
[2025-05-27T18:06:08.954+0530] {logging_mixin.py:188} INFO - [2025-05-27T18:06:08.954+0530] {dag.py:3823} INFO - Setting next_dagrun for example_skip_dag to 2025-05-26 00:00:00+00:00, run_after=2025-05-27 00:00:00+00:00
[2025-05-27T18:06:08.970+0530] {processor.py:183} INFO - Processing /Users/zafarimam/Documents/E-Commerce Order Pipeline/airflow_venv_39/lib/python3.9/site-packages/airflow/example_dags/example_skip_dag.py took 0.149 seconds
[2025-05-27T18:08:12.814+0530] {processor.py:161} INFO - Started process (PID=25167) to work on /Users/zafarimam/Documents/E-Commerce Order Pipeline/airflow_venv_39/lib/python3.9/site-packages/airflow/example_dags/example_skip_dag.py
[2025-05-27T18:08:12.815+0530] {processor.py:830} INFO - Processing file /Users/zafarimam/Documents/E-Commerce Order Pipeline/airflow_venv_39/lib/python3.9/site-packages/airflow/example_dags/example_skip_dag.py for tasks to queue
[2025-05-27T18:08:12.816+0530] {logging_mixin.py:188} INFO - [2025-05-27T18:08:12.816+0530] {dagbag.py:538} INFO - Filling up the DagBag from /Users/zafarimam/Documents/E-Commerce Order Pipeline/airflow_venv_39/lib/python3.9/site-packages/airflow/example_dags/example_skip_dag.py
[2025-05-27T18:08:12.824+0530] {processor.py:840} INFO - DAG(s) 'example_skip_dag' retrieved from /Users/zafarimam/Documents/E-Commerce Order Pipeline/airflow_venv_39/lib/python3.9/site-packages/airflow/example_dags/example_skip_dag.py
[2025-05-27T18:08:12.920+0530] {logging_mixin.py:188} INFO - [2025-05-27T18:08:12.919+0530] {dag.py:3036} INFO - Sync 1 DAGs
[2025-05-27T18:08:12.934+0530] {logging_mixin.py:188} INFO - [2025-05-27T18:08:12.933+0530] {dag.py:3823} INFO - Setting next_dagrun for example_skip_dag to 2025-05-26 00:00:00+00:00, run_after=2025-05-27 00:00:00+00:00
[2025-05-27T18:08:12.949+0530] {processor.py:183} INFO - Processing /Users/zafarimam/Documents/E-Commerce Order Pipeline/airflow_venv_39/lib/python3.9/site-packages/airflow/example_dags/example_skip_dag.py took 0.137 seconds
[2025-05-27T18:10:09.263+0530] {processor.py:161} INFO - Started process (PID=25224) to work on /Users/zafarimam/Documents/E-Commerce Order Pipeline/airflow_venv_39/lib/python3.9/site-packages/airflow/example_dags/example_skip_dag.py
[2025-05-27T18:10:09.264+0530] {processor.py:830} INFO - Processing file /Users/zafarimam/Documents/E-Commerce Order Pipeline/airflow_venv_39/lib/python3.9/site-packages/airflow/example_dags/example_skip_dag.py for tasks to queue
[2025-05-27T18:10:09.264+0530] {logging_mixin.py:188} INFO - [2025-05-27T18:10:09.264+0530] {dagbag.py:538} INFO - Filling up the DagBag from /Users/zafarimam/Documents/E-Commerce Order Pipeline/airflow_venv_39/lib/python3.9/site-packages/airflow/example_dags/example_skip_dag.py
[2025-05-27T18:10:09.272+0530] {processor.py:840} INFO - DAG(s) 'example_skip_dag' retrieved from /Users/zafarimam/Documents/E-Commerce Order Pipeline/airflow_venv_39/lib/python3.9/site-packages/airflow/example_dags/example_skip_dag.py
[2025-05-27T18:10:09.356+0530] {logging_mixin.py:188} INFO - [2025-05-27T18:10:09.356+0530] {dag.py:3036} INFO - Sync 1 DAGs
[2025-05-27T18:10:09.368+0530] {logging_mixin.py:188} INFO - [2025-05-27T18:10:09.368+0530] {dag.py:3823} INFO - Setting next_dagrun for example_skip_dag to 2025-05-26 00:00:00+00:00, run_after=2025-05-27 00:00:00+00:00
[2025-05-27T18:10:09.383+0530] {processor.py:183} INFO - Processing /Users/zafarimam/Documents/E-Commerce Order Pipeline/airflow_venv_39/lib/python3.9/site-packages/airflow/example_dags/example_skip_dag.py took 0.121 seconds
[2025-05-27T18:11:54.745+0530] {processor.py:161} INFO - Started process (PID=25282) to work on /Users/zafarimam/Documents/E-Commerce Order Pipeline/airflow_venv_39/lib/python3.9/site-packages/airflow/example_dags/example_skip_dag.py
[2025-05-27T18:11:54.746+0530] {processor.py:830} INFO - Processing file /Users/zafarimam/Documents/E-Commerce Order Pipeline/airflow_venv_39/lib/python3.9/site-packages/airflow/example_dags/example_skip_dag.py for tasks to queue
[2025-05-27T18:11:54.746+0530] {logging_mixin.py:188} INFO - [2025-05-27T18:11:54.746+0530] {dagbag.py:538} INFO - Filling up the DagBag from /Users/zafarimam/Documents/E-Commerce Order Pipeline/airflow_venv_39/lib/python3.9/site-packages/airflow/example_dags/example_skip_dag.py
[2025-05-27T18:11:54.754+0530] {processor.py:840} INFO - DAG(s) 'example_skip_dag' retrieved from /Users/zafarimam/Documents/E-Commerce Order Pipeline/airflow_venv_39/lib/python3.9/site-packages/airflow/example_dags/example_skip_dag.py
[2025-05-27T18:11:54.841+0530] {logging_mixin.py:188} INFO - [2025-05-27T18:11:54.840+0530] {dag.py:3036} INFO - Sync 1 DAGs
[2025-05-27T18:11:54.852+0530] {logging_mixin.py:188} INFO - [2025-05-27T18:11:54.852+0530] {dag.py:3823} INFO - Setting next_dagrun for example_skip_dag to 2025-05-26 00:00:00+00:00, run_after=2025-05-27 00:00:00+00:00
[2025-05-27T18:11:54.867+0530] {processor.py:183} INFO - Processing /Users/zafarimam/Documents/E-Commerce Order Pipeline/airflow_venv_39/lib/python3.9/site-packages/airflow/example_dags/example_skip_dag.py took 0.123 seconds
[2025-05-27T18:13:56.219+0530] {processor.py:161} INFO - Started process (PID=25351) to work on /Users/zafarimam/Documents/E-Commerce Order Pipeline/airflow_venv_39/lib/python3.9/site-packages/airflow/example_dags/example_skip_dag.py
[2025-05-27T18:13:56.220+0530] {processor.py:830} INFO - Processing file /Users/zafarimam/Documents/E-Commerce Order Pipeline/airflow_venv_39/lib/python3.9/site-packages/airflow/example_dags/example_skip_dag.py for tasks to queue
[2025-05-27T18:13:56.221+0530] {logging_mixin.py:188} INFO - [2025-05-27T18:13:56.221+0530] {dagbag.py:538} INFO - Filling up the DagBag from /Users/zafarimam/Documents/E-Commerce Order Pipeline/airflow_venv_39/lib/python3.9/site-packages/airflow/example_dags/example_skip_dag.py
[2025-05-27T18:13:56.229+0530] {processor.py:840} INFO - DAG(s) 'example_skip_dag' retrieved from /Users/zafarimam/Documents/E-Commerce Order Pipeline/airflow_venv_39/lib/python3.9/site-packages/airflow/example_dags/example_skip_dag.py
[2025-05-27T18:13:56.312+0530] {logging_mixin.py:188} INFO - [2025-05-27T18:13:56.312+0530] {dag.py:3036} INFO - Sync 1 DAGs
[2025-05-27T18:13:56.324+0530] {logging_mixin.py:188} INFO - [2025-05-27T18:13:56.324+0530] {dag.py:3823} INFO - Setting next_dagrun for example_skip_dag to 2025-05-26 00:00:00+00:00, run_after=2025-05-27 00:00:00+00:00
[2025-05-27T18:13:56.343+0530] {processor.py:183} INFO - Processing /Users/zafarimam/Documents/E-Commerce Order Pipeline/airflow_venv_39/lib/python3.9/site-packages/airflow/example_dags/example_skip_dag.py took 0.125 seconds
[2025-05-27T18:15:43.833+0530] {processor.py:161} INFO - Started process (PID=25416) to work on /Users/zafarimam/Documents/E-Commerce Order Pipeline/airflow_venv_39/lib/python3.9/site-packages/airflow/example_dags/example_skip_dag.py
[2025-05-27T18:15:43.834+0530] {processor.py:830} INFO - Processing file /Users/zafarimam/Documents/E-Commerce Order Pipeline/airflow_venv_39/lib/python3.9/site-packages/airflow/example_dags/example_skip_dag.py for tasks to queue
[2025-05-27T18:15:43.835+0530] {logging_mixin.py:188} INFO - [2025-05-27T18:15:43.834+0530] {dagbag.py:538} INFO - Filling up the DagBag from /Users/zafarimam/Documents/E-Commerce Order Pipeline/airflow_venv_39/lib/python3.9/site-packages/airflow/example_dags/example_skip_dag.py
[2025-05-27T18:15:43.842+0530] {processor.py:840} INFO - DAG(s) 'example_skip_dag' retrieved from /Users/zafarimam/Documents/E-Commerce Order Pipeline/airflow_venv_39/lib/python3.9/site-packages/airflow/example_dags/example_skip_dag.py
[2025-05-27T18:15:43.926+0530] {logging_mixin.py:188} INFO - [2025-05-27T18:15:43.926+0530] {dag.py:3036} INFO - Sync 1 DAGs
[2025-05-27T18:15:43.938+0530] {logging_mixin.py:188} INFO - [2025-05-27T18:15:43.938+0530] {dag.py:3823} INFO - Setting next_dagrun for example_skip_dag to 2025-05-26 00:00:00+00:00, run_after=2025-05-27 00:00:00+00:00
[2025-05-27T18:15:43.952+0530] {processor.py:183} INFO - Processing /Users/zafarimam/Documents/E-Commerce Order Pipeline/airflow_venv_39/lib/python3.9/site-packages/airflow/example_dags/example_skip_dag.py took 0.120 seconds
[2025-05-27T18:17:26.674+0530] {processor.py:161} INFO - Started process (PID=25472) to work on /Users/zafarimam/Documents/E-Commerce Order Pipeline/airflow_venv_39/lib/python3.9/site-packages/airflow/example_dags/example_skip_dag.py
[2025-05-27T18:17:26.675+0530] {processor.py:830} INFO - Processing file /Users/zafarimam/Documents/E-Commerce Order Pipeline/airflow_venv_39/lib/python3.9/site-packages/airflow/example_dags/example_skip_dag.py for tasks to queue
[2025-05-27T18:17:26.675+0530] {logging_mixin.py:188} INFO - [2025-05-27T18:17:26.675+0530] {dagbag.py:538} INFO - Filling up the DagBag from /Users/zafarimam/Documents/E-Commerce Order Pipeline/airflow_venv_39/lib/python3.9/site-packages/airflow/example_dags/example_skip_dag.py
[2025-05-27T18:17:26.683+0530] {processor.py:840} INFO - DAG(s) 'example_skip_dag' retrieved from /Users/zafarimam/Documents/E-Commerce Order Pipeline/airflow_venv_39/lib/python3.9/site-packages/airflow/example_dags/example_skip_dag.py
[2025-05-27T18:17:26.766+0530] {logging_mixin.py:188} INFO - [2025-05-27T18:17:26.766+0530] {dag.py:3036} INFO - Sync 1 DAGs
[2025-05-27T18:17:26.778+0530] {logging_mixin.py:188} INFO - [2025-05-27T18:17:26.778+0530] {dag.py:3823} INFO - Setting next_dagrun for example_skip_dag to 2025-05-26 00:00:00+00:00, run_after=2025-05-27 00:00:00+00:00
[2025-05-27T18:17:26.791+0530] {processor.py:183} INFO - Processing /Users/zafarimam/Documents/E-Commerce Order Pipeline/airflow_venv_39/lib/python3.9/site-packages/airflow/example_dags/example_skip_dag.py took 0.119 seconds
[2025-05-27T18:22:02.004+0530] {processor.py:161} INFO - Started process (PID=25677) to work on /Users/zafarimam/Documents/E-Commerce Order Pipeline/airflow_venv_39/lib/python3.9/site-packages/airflow/example_dags/example_skip_dag.py
[2025-05-27T18:22:02.006+0530] {processor.py:830} INFO - Processing file /Users/zafarimam/Documents/E-Commerce Order Pipeline/airflow_venv_39/lib/python3.9/site-packages/airflow/example_dags/example_skip_dag.py for tasks to queue
[2025-05-27T18:22:02.006+0530] {logging_mixin.py:188} INFO - [2025-05-27T18:22:02.006+0530] {dagbag.py:538} INFO - Filling up the DagBag from /Users/zafarimam/Documents/E-Commerce Order Pipeline/airflow_venv_39/lib/python3.9/site-packages/airflow/example_dags/example_skip_dag.py
[2025-05-27T18:22:02.014+0530] {processor.py:840} INFO - DAG(s) 'example_skip_dag' retrieved from /Users/zafarimam/Documents/E-Commerce Order Pipeline/airflow_venv_39/lib/python3.9/site-packages/airflow/example_dags/example_skip_dag.py
[2025-05-27T18:22:02.100+0530] {logging_mixin.py:188} INFO - [2025-05-27T18:22:02.099+0530] {dag.py:3036} INFO - Sync 1 DAGs
[2025-05-27T18:22:02.111+0530] {logging_mixin.py:188} INFO - [2025-05-27T18:22:02.111+0530] {dag.py:3823} INFO - Setting next_dagrun for example_skip_dag to 2025-05-26 00:00:00+00:00, run_after=2025-05-27 00:00:00+00:00
[2025-05-27T18:22:02.124+0530] {processor.py:183} INFO - Processing /Users/zafarimam/Documents/E-Commerce Order Pipeline/airflow_venv_39/lib/python3.9/site-packages/airflow/example_dags/example_skip_dag.py took 0.121 seconds
[2025-05-27T18:27:17.601+0530] {processor.py:161} INFO - Started process (PID=25850) to work on /Users/zafarimam/Documents/E-Commerce Order Pipeline/airflow_venv_39/lib/python3.9/site-packages/airflow/example_dags/example_skip_dag.py
[2025-05-27T18:27:17.604+0530] {processor.py:830} INFO - Processing file /Users/zafarimam/Documents/E-Commerce Order Pipeline/airflow_venv_39/lib/python3.9/site-packages/airflow/example_dags/example_skip_dag.py for tasks to queue
[2025-05-27T18:27:17.605+0530] {logging_mixin.py:188} INFO - [2025-05-27T18:27:17.605+0530] {dagbag.py:538} INFO - Filling up the DagBag from /Users/zafarimam/Documents/E-Commerce Order Pipeline/airflow_venv_39/lib/python3.9/site-packages/airflow/example_dags/example_skip_dag.py
[2025-05-27T18:27:17.616+0530] {processor.py:840} INFO - DAG(s) 'example_skip_dag' retrieved from /Users/zafarimam/Documents/E-Commerce Order Pipeline/airflow_venv_39/lib/python3.9/site-packages/airflow/example_dags/example_skip_dag.py
[2025-05-27T18:27:17.728+0530] {logging_mixin.py:188} INFO - [2025-05-27T18:27:17.728+0530] {dag.py:3036} INFO - Sync 1 DAGs
[2025-05-27T18:27:17.742+0530] {logging_mixin.py:188} INFO - [2025-05-27T18:27:17.742+0530] {dag.py:3823} INFO - Setting next_dagrun for example_skip_dag to 2025-05-26 00:00:00+00:00, run_after=2025-05-27 00:00:00+00:00
[2025-05-27T18:27:17.757+0530] {processor.py:183} INFO - Processing /Users/zafarimam/Documents/E-Commerce Order Pipeline/airflow_venv_39/lib/python3.9/site-packages/airflow/example_dags/example_skip_dag.py took 0.158 seconds
[2025-05-27T18:29:20.710+0530] {processor.py:161} INFO - Started process (PID=25922) to work on /Users/zafarimam/Documents/E-Commerce Order Pipeline/airflow_venv_39/lib/python3.9/site-packages/airflow/example_dags/example_skip_dag.py
[2025-05-27T18:29:20.711+0530] {processor.py:830} INFO - Processing file /Users/zafarimam/Documents/E-Commerce Order Pipeline/airflow_venv_39/lib/python3.9/site-packages/airflow/example_dags/example_skip_dag.py for tasks to queue
[2025-05-27T18:29:20.711+0530] {logging_mixin.py:188} INFO - [2025-05-27T18:29:20.711+0530] {dagbag.py:538} INFO - Filling up the DagBag from /Users/zafarimam/Documents/E-Commerce Order Pipeline/airflow_venv_39/lib/python3.9/site-packages/airflow/example_dags/example_skip_dag.py
[2025-05-27T18:29:20.719+0530] {processor.py:840} INFO - DAG(s) 'example_skip_dag' retrieved from /Users/zafarimam/Documents/E-Commerce Order Pipeline/airflow_venv_39/lib/python3.9/site-packages/airflow/example_dags/example_skip_dag.py
[2025-05-27T18:29:20.810+0530] {logging_mixin.py:188} INFO - [2025-05-27T18:29:20.810+0530] {dag.py:3036} INFO - Sync 1 DAGs
[2025-05-27T18:29:20.823+0530] {logging_mixin.py:188} INFO - [2025-05-27T18:29:20.823+0530] {dag.py:3823} INFO - Setting next_dagrun for example_skip_dag to 2025-05-26 00:00:00+00:00, run_after=2025-05-27 00:00:00+00:00
[2025-05-27T18:29:20.837+0530] {processor.py:183} INFO - Processing /Users/zafarimam/Documents/E-Commerce Order Pipeline/airflow_venv_39/lib/python3.9/site-packages/airflow/example_dags/example_skip_dag.py took 0.128 seconds
[2025-05-27T18:31:09.039+0530] {processor.py:161} INFO - Started process (PID=25981) to work on /Users/zafarimam/Documents/E-Commerce Order Pipeline/airflow_venv_39/lib/python3.9/site-packages/airflow/example_dags/example_skip_dag.py
[2025-05-27T18:31:09.040+0530] {processor.py:830} INFO - Processing file /Users/zafarimam/Documents/E-Commerce Order Pipeline/airflow_venv_39/lib/python3.9/site-packages/airflow/example_dags/example_skip_dag.py for tasks to queue
[2025-05-27T18:31:09.041+0530] {logging_mixin.py:188} INFO - [2025-05-27T18:31:09.041+0530] {dagbag.py:538} INFO - Filling up the DagBag from /Users/zafarimam/Documents/E-Commerce Order Pipeline/airflow_venv_39/lib/python3.9/site-packages/airflow/example_dags/example_skip_dag.py
[2025-05-27T18:31:09.049+0530] {processor.py:840} INFO - DAG(s) 'example_skip_dag' retrieved from /Users/zafarimam/Documents/E-Commerce Order Pipeline/airflow_venv_39/lib/python3.9/site-packages/airflow/example_dags/example_skip_dag.py
[2025-05-27T18:31:09.134+0530] {logging_mixin.py:188} INFO - [2025-05-27T18:31:09.134+0530] {dag.py:3036} INFO - Sync 1 DAGs
[2025-05-27T18:31:09.146+0530] {logging_mixin.py:188} INFO - [2025-05-27T18:31:09.146+0530] {dag.py:3823} INFO - Setting next_dagrun for example_skip_dag to 2025-05-26 00:00:00+00:00, run_after=2025-05-27 00:00:00+00:00
[2025-05-27T18:31:09.160+0530] {processor.py:183} INFO - Processing /Users/zafarimam/Documents/E-Commerce Order Pipeline/airflow_venv_39/lib/python3.9/site-packages/airflow/example_dags/example_skip_dag.py took 0.122 seconds
[2025-05-27T18:32:59.995+0530] {processor.py:161} INFO - Started process (PID=26039) to work on /Users/zafarimam/Documents/E-Commerce Order Pipeline/airflow_venv_39/lib/python3.9/site-packages/airflow/example_dags/example_skip_dag.py
[2025-05-27T18:32:59.996+0530] {processor.py:830} INFO - Processing file /Users/zafarimam/Documents/E-Commerce Order Pipeline/airflow_venv_39/lib/python3.9/site-packages/airflow/example_dags/example_skip_dag.py for tasks to queue
[2025-05-27T18:32:59.996+0530] {logging_mixin.py:188} INFO - [2025-05-27T18:32:59.996+0530] {dagbag.py:538} INFO - Filling up the DagBag from /Users/zafarimam/Documents/E-Commerce Order Pipeline/airflow_venv_39/lib/python3.9/site-packages/airflow/example_dags/example_skip_dag.py
[2025-05-27T18:33:00.004+0530] {processor.py:840} INFO - DAG(s) 'example_skip_dag' retrieved from /Users/zafarimam/Documents/E-Commerce Order Pipeline/airflow_venv_39/lib/python3.9/site-packages/airflow/example_dags/example_skip_dag.py
[2025-05-27T18:33:00.092+0530] {logging_mixin.py:188} INFO - [2025-05-27T18:33:00.091+0530] {dag.py:3036} INFO - Sync 1 DAGs
[2025-05-27T18:33:00.103+0530] {logging_mixin.py:188} INFO - [2025-05-27T18:33:00.103+0530] {dag.py:3823} INFO - Setting next_dagrun for example_skip_dag to 2025-05-26 00:00:00+00:00, run_after=2025-05-27 00:00:00+00:00
[2025-05-27T18:33:00.120+0530] {processor.py:183} INFO - Processing /Users/zafarimam/Documents/E-Commerce Order Pipeline/airflow_venv_39/lib/python3.9/site-packages/airflow/example_dags/example_skip_dag.py took 0.126 seconds
[2025-05-27T18:36:50.075+0530] {processor.py:161} INFO - Started process (PID=26203) to work on /Users/zafarimam/Documents/E-Commerce Order Pipeline/airflow_venv_39/lib/python3.9/site-packages/airflow/example_dags/example_skip_dag.py
[2025-05-27T18:36:50.077+0530] {processor.py:830} INFO - Processing file /Users/zafarimam/Documents/E-Commerce Order Pipeline/airflow_venv_39/lib/python3.9/site-packages/airflow/example_dags/example_skip_dag.py for tasks to queue
[2025-05-27T18:36:50.078+0530] {logging_mixin.py:188} INFO - [2025-05-27T18:36:50.078+0530] {dagbag.py:538} INFO - Filling up the DagBag from /Users/zafarimam/Documents/E-Commerce Order Pipeline/airflow_venv_39/lib/python3.9/site-packages/airflow/example_dags/example_skip_dag.py
[2025-05-27T18:36:50.087+0530] {processor.py:840} INFO - DAG(s) 'example_skip_dag' retrieved from /Users/zafarimam/Documents/E-Commerce Order Pipeline/airflow_venv_39/lib/python3.9/site-packages/airflow/example_dags/example_skip_dag.py
[2025-05-27T18:36:50.190+0530] {logging_mixin.py:188} INFO - [2025-05-27T18:36:50.189+0530] {dag.py:3036} INFO - Sync 1 DAGs
[2025-05-27T18:36:50.205+0530] {logging_mixin.py:188} INFO - [2025-05-27T18:36:50.205+0530] {dag.py:3823} INFO - Setting next_dagrun for example_skip_dag to 2025-05-26 00:00:00+00:00, run_after=2025-05-27 00:00:00+00:00
[2025-05-27T18:36:50.222+0530] {processor.py:183} INFO - Processing /Users/zafarimam/Documents/E-Commerce Order Pipeline/airflow_venv_39/lib/python3.9/site-packages/airflow/example_dags/example_skip_dag.py took 0.148 seconds
[2025-05-27T18:46:45.112+0530] {processor.py:161} INFO - Started process (PID=26719) to work on /Users/zafarimam/Documents/E-Commerce Order Pipeline/airflow_venv_39/lib/python3.9/site-packages/airflow/example_dags/example_skip_dag.py
[2025-05-27T18:46:45.114+0530] {processor.py:830} INFO - Processing file /Users/zafarimam/Documents/E-Commerce Order Pipeline/airflow_venv_39/lib/python3.9/site-packages/airflow/example_dags/example_skip_dag.py for tasks to queue
[2025-05-27T18:46:45.114+0530] {logging_mixin.py:188} INFO - [2025-05-27T18:46:45.114+0530] {dagbag.py:538} INFO - Filling up the DagBag from /Users/zafarimam/Documents/E-Commerce Order Pipeline/airflow_venv_39/lib/python3.9/site-packages/airflow/example_dags/example_skip_dag.py
[2025-05-27T18:46:45.121+0530] {processor.py:840} INFO - DAG(s) 'example_skip_dag' retrieved from /Users/zafarimam/Documents/E-Commerce Order Pipeline/airflow_venv_39/lib/python3.9/site-packages/airflow/example_dags/example_skip_dag.py
[2025-05-27T18:46:45.264+0530] {logging_mixin.py:188} INFO - [2025-05-27T18:46:45.264+0530] {dag.py:3036} INFO - Sync 1 DAGs
[2025-05-27T18:46:45.275+0530] {logging_mixin.py:188} INFO - [2025-05-27T18:46:45.275+0530] {dag.py:3823} INFO - Setting next_dagrun for example_skip_dag to 2025-05-26 00:00:00+00:00, run_after=2025-05-27 00:00:00+00:00
[2025-05-27T18:46:45.289+0530] {processor.py:183} INFO - Processing /Users/zafarimam/Documents/E-Commerce Order Pipeline/airflow_venv_39/lib/python3.9/site-packages/airflow/example_dags/example_skip_dag.py took 0.178 seconds
[2025-05-27T18:48:42.196+0530] {processor.py:161} INFO - Started process (PID=26794) to work on /Users/zafarimam/Documents/E-Commerce Order Pipeline/airflow_venv_39/lib/python3.9/site-packages/airflow/example_dags/example_skip_dag.py
[2025-05-27T18:48:42.197+0530] {processor.py:830} INFO - Processing file /Users/zafarimam/Documents/E-Commerce Order Pipeline/airflow_venv_39/lib/python3.9/site-packages/airflow/example_dags/example_skip_dag.py for tasks to queue
[2025-05-27T18:48:42.198+0530] {logging_mixin.py:188} INFO - [2025-05-27T18:48:42.197+0530] {dagbag.py:538} INFO - Filling up the DagBag from /Users/zafarimam/Documents/E-Commerce Order Pipeline/airflow_venv_39/lib/python3.9/site-packages/airflow/example_dags/example_skip_dag.py
[2025-05-27T18:48:42.205+0530] {processor.py:840} INFO - DAG(s) 'example_skip_dag' retrieved from /Users/zafarimam/Documents/E-Commerce Order Pipeline/airflow_venv_39/lib/python3.9/site-packages/airflow/example_dags/example_skip_dag.py
[2025-05-27T18:48:42.289+0530] {logging_mixin.py:188} INFO - [2025-05-27T18:48:42.289+0530] {dag.py:3036} INFO - Sync 1 DAGs
[2025-05-27T18:48:42.300+0530] {logging_mixin.py:188} INFO - [2025-05-27T18:48:42.300+0530] {dag.py:3823} INFO - Setting next_dagrun for example_skip_dag to 2025-05-26 00:00:00+00:00, run_after=2025-05-27 00:00:00+00:00
[2025-05-27T18:48:42.314+0530] {processor.py:183} INFO - Processing /Users/zafarimam/Documents/E-Commerce Order Pipeline/airflow_venv_39/lib/python3.9/site-packages/airflow/example_dags/example_skip_dag.py took 0.119 seconds
[2025-05-27T18:50:33.780+0530] {processor.py:161} INFO - Started process (PID=26865) to work on /Users/zafarimam/Documents/E-Commerce Order Pipeline/airflow_venv_39/lib/python3.9/site-packages/airflow/example_dags/example_skip_dag.py
[2025-05-27T18:50:33.781+0530] {processor.py:830} INFO - Processing file /Users/zafarimam/Documents/E-Commerce Order Pipeline/airflow_venv_39/lib/python3.9/site-packages/airflow/example_dags/example_skip_dag.py for tasks to queue
[2025-05-27T18:50:33.781+0530] {logging_mixin.py:188} INFO - [2025-05-27T18:50:33.781+0530] {dagbag.py:538} INFO - Filling up the DagBag from /Users/zafarimam/Documents/E-Commerce Order Pipeline/airflow_venv_39/lib/python3.9/site-packages/airflow/example_dags/example_skip_dag.py
[2025-05-27T18:50:33.789+0530] {processor.py:840} INFO - DAG(s) 'example_skip_dag' retrieved from /Users/zafarimam/Documents/E-Commerce Order Pipeline/airflow_venv_39/lib/python3.9/site-packages/airflow/example_dags/example_skip_dag.py
[2025-05-27T18:50:33.881+0530] {logging_mixin.py:188} INFO - [2025-05-27T18:50:33.880+0530] {dag.py:3036} INFO - Sync 1 DAGs
[2025-05-27T18:50:33.896+0530] {logging_mixin.py:188} INFO - [2025-05-27T18:50:33.895+0530] {dag.py:3823} INFO - Setting next_dagrun for example_skip_dag to 2025-05-26 00:00:00+00:00, run_after=2025-05-27 00:00:00+00:00
[2025-05-27T18:50:33.912+0530] {processor.py:183} INFO - Processing /Users/zafarimam/Documents/E-Commerce Order Pipeline/airflow_venv_39/lib/python3.9/site-packages/airflow/example_dags/example_skip_dag.py took 0.133 seconds
[2025-05-27T18:52:31.259+0530] {processor.py:161} INFO - Started process (PID=26944) to work on /Users/zafarimam/Documents/E-Commerce Order Pipeline/airflow_venv_39/lib/python3.9/site-packages/airflow/example_dags/example_skip_dag.py
[2025-05-27T18:52:31.260+0530] {processor.py:830} INFO - Processing file /Users/zafarimam/Documents/E-Commerce Order Pipeline/airflow_venv_39/lib/python3.9/site-packages/airflow/example_dags/example_skip_dag.py for tasks to queue
[2025-05-27T18:52:31.261+0530] {logging_mixin.py:188} INFO - [2025-05-27T18:52:31.261+0530] {dagbag.py:538} INFO - Filling up the DagBag from /Users/zafarimam/Documents/E-Commerce Order Pipeline/airflow_venv_39/lib/python3.9/site-packages/airflow/example_dags/example_skip_dag.py
[2025-05-27T18:52:31.269+0530] {processor.py:840} INFO - DAG(s) 'example_skip_dag' retrieved from /Users/zafarimam/Documents/E-Commerce Order Pipeline/airflow_venv_39/lib/python3.9/site-packages/airflow/example_dags/example_skip_dag.py
[2025-05-27T18:52:31.358+0530] {logging_mixin.py:188} INFO - [2025-05-27T18:52:31.358+0530] {dag.py:3036} INFO - Sync 1 DAGs
[2025-05-27T18:52:31.370+0530] {logging_mixin.py:188} INFO - [2025-05-27T18:52:31.370+0530] {dag.py:3823} INFO - Setting next_dagrun for example_skip_dag to 2025-05-26 00:00:00+00:00, run_after=2025-05-27 00:00:00+00:00
[2025-05-27T18:52:31.388+0530] {processor.py:183} INFO - Processing /Users/zafarimam/Documents/E-Commerce Order Pipeline/airflow_venv_39/lib/python3.9/site-packages/airflow/example_dags/example_skip_dag.py took 0.130 seconds
[2025-05-27T18:54:32.138+0530] {processor.py:161} INFO - Started process (PID=27005) to work on /Users/zafarimam/Documents/E-Commerce Order Pipeline/airflow_venv_39/lib/python3.9/site-packages/airflow/example_dags/example_skip_dag.py
[2025-05-27T18:54:32.140+0530] {processor.py:830} INFO - Processing file /Users/zafarimam/Documents/E-Commerce Order Pipeline/airflow_venv_39/lib/python3.9/site-packages/airflow/example_dags/example_skip_dag.py for tasks to queue
[2025-05-27T18:54:32.140+0530] {logging_mixin.py:188} INFO - [2025-05-27T18:54:32.140+0530] {dagbag.py:538} INFO - Filling up the DagBag from /Users/zafarimam/Documents/E-Commerce Order Pipeline/airflow_venv_39/lib/python3.9/site-packages/airflow/example_dags/example_skip_dag.py
[2025-05-27T18:54:32.148+0530] {processor.py:840} INFO - DAG(s) 'example_skip_dag' retrieved from /Users/zafarimam/Documents/E-Commerce Order Pipeline/airflow_venv_39/lib/python3.9/site-packages/airflow/example_dags/example_skip_dag.py
[2025-05-27T18:54:32.241+0530] {logging_mixin.py:188} INFO - [2025-05-27T18:54:32.241+0530] {dag.py:3036} INFO - Sync 1 DAGs
[2025-05-27T18:54:32.256+0530] {logging_mixin.py:188} INFO - [2025-05-27T18:54:32.255+0530] {dag.py:3823} INFO - Setting next_dagrun for example_skip_dag to 2025-05-26 00:00:00+00:00, run_after=2025-05-27 00:00:00+00:00
[2025-05-27T18:54:32.271+0530] {processor.py:183} INFO - Processing /Users/zafarimam/Documents/E-Commerce Order Pipeline/airflow_venv_39/lib/python3.9/site-packages/airflow/example_dags/example_skip_dag.py took 0.135 seconds
[2025-05-27T18:56:37.138+0530] {processor.py:161} INFO - Started process (PID=27085) to work on /Users/zafarimam/Documents/E-Commerce Order Pipeline/airflow_venv_39/lib/python3.9/site-packages/airflow/example_dags/example_skip_dag.py
[2025-05-27T18:56:37.140+0530] {processor.py:830} INFO - Processing file /Users/zafarimam/Documents/E-Commerce Order Pipeline/airflow_venv_39/lib/python3.9/site-packages/airflow/example_dags/example_skip_dag.py for tasks to queue
[2025-05-27T18:56:37.141+0530] {logging_mixin.py:188} INFO - [2025-05-27T18:56:37.140+0530] {dagbag.py:538} INFO - Filling up the DagBag from /Users/zafarimam/Documents/E-Commerce Order Pipeline/airflow_venv_39/lib/python3.9/site-packages/airflow/example_dags/example_skip_dag.py
[2025-05-27T18:56:37.148+0530] {processor.py:840} INFO - DAG(s) 'example_skip_dag' retrieved from /Users/zafarimam/Documents/E-Commerce Order Pipeline/airflow_venv_39/lib/python3.9/site-packages/airflow/example_dags/example_skip_dag.py
[2025-05-27T18:56:37.234+0530] {logging_mixin.py:188} INFO - [2025-05-27T18:56:37.234+0530] {dag.py:3036} INFO - Sync 1 DAGs
[2025-05-27T18:56:37.246+0530] {logging_mixin.py:188} INFO - [2025-05-27T18:56:37.246+0530] {dag.py:3823} INFO - Setting next_dagrun for example_skip_dag to 2025-05-26 00:00:00+00:00, run_after=2025-05-27 00:00:00+00:00
[2025-05-27T18:56:37.259+0530] {processor.py:183} INFO - Processing /Users/zafarimam/Documents/E-Commerce Order Pipeline/airflow_venv_39/lib/python3.9/site-packages/airflow/example_dags/example_skip_dag.py took 0.122 seconds
[2025-05-27T18:58:36.578+0530] {processor.py:161} INFO - Started process (PID=27167) to work on /Users/zafarimam/Documents/E-Commerce Order Pipeline/airflow_venv_39/lib/python3.9/site-packages/airflow/example_dags/example_skip_dag.py
[2025-05-27T18:58:36.580+0530] {processor.py:830} INFO - Processing file /Users/zafarimam/Documents/E-Commerce Order Pipeline/airflow_venv_39/lib/python3.9/site-packages/airflow/example_dags/example_skip_dag.py for tasks to queue
[2025-05-27T18:58:36.580+0530] {logging_mixin.py:188} INFO - [2025-05-27T18:58:36.580+0530] {dagbag.py:538} INFO - Filling up the DagBag from /Users/zafarimam/Documents/E-Commerce Order Pipeline/airflow_venv_39/lib/python3.9/site-packages/airflow/example_dags/example_skip_dag.py
[2025-05-27T18:58:36.588+0530] {processor.py:840} INFO - DAG(s) 'example_skip_dag' retrieved from /Users/zafarimam/Documents/E-Commerce Order Pipeline/airflow_venv_39/lib/python3.9/site-packages/airflow/example_dags/example_skip_dag.py
[2025-05-27T18:58:36.680+0530] {logging_mixin.py:188} INFO - [2025-05-27T18:58:36.680+0530] {dag.py:3036} INFO - Sync 1 DAGs
[2025-05-27T18:58:36.695+0530] {logging_mixin.py:188} INFO - [2025-05-27T18:58:36.694+0530] {dag.py:3823} INFO - Setting next_dagrun for example_skip_dag to 2025-05-26 00:00:00+00:00, run_after=2025-05-27 00:00:00+00:00
[2025-05-27T18:58:36.713+0530] {processor.py:183} INFO - Processing /Users/zafarimam/Documents/E-Commerce Order Pipeline/airflow_venv_39/lib/python3.9/site-packages/airflow/example_dags/example_skip_dag.py took 0.136 seconds
[2025-05-27T19:00:37.191+0530] {processor.py:161} INFO - Started process (PID=27230) to work on /Users/zafarimam/Documents/E-Commerce Order Pipeline/airflow_venv_39/lib/python3.9/site-packages/airflow/example_dags/example_skip_dag.py
[2025-05-27T19:00:37.192+0530] {processor.py:830} INFO - Processing file /Users/zafarimam/Documents/E-Commerce Order Pipeline/airflow_venv_39/lib/python3.9/site-packages/airflow/example_dags/example_skip_dag.py for tasks to queue
[2025-05-27T19:00:37.192+0530] {logging_mixin.py:188} INFO - [2025-05-27T19:00:37.192+0530] {dagbag.py:538} INFO - Filling up the DagBag from /Users/zafarimam/Documents/E-Commerce Order Pipeline/airflow_venv_39/lib/python3.9/site-packages/airflow/example_dags/example_skip_dag.py
[2025-05-27T19:00:37.200+0530] {processor.py:840} INFO - DAG(s) 'example_skip_dag' retrieved from /Users/zafarimam/Documents/E-Commerce Order Pipeline/airflow_venv_39/lib/python3.9/site-packages/airflow/example_dags/example_skip_dag.py
[2025-05-27T19:00:37.286+0530] {logging_mixin.py:188} INFO - [2025-05-27T19:00:37.286+0530] {dag.py:3036} INFO - Sync 1 DAGs
[2025-05-27T19:00:37.298+0530] {logging_mixin.py:188} INFO - [2025-05-27T19:00:37.298+0530] {dag.py:3823} INFO - Setting next_dagrun for example_skip_dag to 2025-05-26 00:00:00+00:00, run_after=2025-05-27 00:00:00+00:00
[2025-05-27T19:00:37.314+0530] {processor.py:183} INFO - Processing /Users/zafarimam/Documents/E-Commerce Order Pipeline/airflow_venv_39/lib/python3.9/site-packages/airflow/example_dags/example_skip_dag.py took 0.125 seconds
[2025-05-27T19:02:43.790+0530] {processor.py:161} INFO - Started process (PID=27336) to work on /Users/zafarimam/Documents/E-Commerce Order Pipeline/airflow_venv_39/lib/python3.9/site-packages/airflow/example_dags/example_skip_dag.py
[2025-05-27T19:02:43.792+0530] {processor.py:830} INFO - Processing file /Users/zafarimam/Documents/E-Commerce Order Pipeline/airflow_venv_39/lib/python3.9/site-packages/airflow/example_dags/example_skip_dag.py for tasks to queue
[2025-05-27T19:02:43.793+0530] {logging_mixin.py:188} INFO - [2025-05-27T19:02:43.792+0530] {dagbag.py:538} INFO - Filling up the DagBag from /Users/zafarimam/Documents/E-Commerce Order Pipeline/airflow_venv_39/lib/python3.9/site-packages/airflow/example_dags/example_skip_dag.py
[2025-05-27T19:02:43.800+0530] {processor.py:840} INFO - DAG(s) 'example_skip_dag' retrieved from /Users/zafarimam/Documents/E-Commerce Order Pipeline/airflow_venv_39/lib/python3.9/site-packages/airflow/example_dags/example_skip_dag.py
[2025-05-27T19:02:43.883+0530] {logging_mixin.py:188} INFO - [2025-05-27T19:02:43.883+0530] {dag.py:3036} INFO - Sync 1 DAGs
[2025-05-27T19:02:43.896+0530] {logging_mixin.py:188} INFO - [2025-05-27T19:02:43.895+0530] {dag.py:3823} INFO - Setting next_dagrun for example_skip_dag to 2025-05-26 00:00:00+00:00, run_after=2025-05-27 00:00:00+00:00
[2025-05-27T19:02:43.910+0530] {processor.py:183} INFO - Processing /Users/zafarimam/Documents/E-Commerce Order Pipeline/airflow_venv_39/lib/python3.9/site-packages/airflow/example_dags/example_skip_dag.py took 0.121 seconds
[2025-05-27T19:04:44.495+0530] {processor.py:161} INFO - Started process (PID=27400) to work on /Users/zafarimam/Documents/E-Commerce Order Pipeline/airflow_venv_39/lib/python3.9/site-packages/airflow/example_dags/example_skip_dag.py
[2025-05-27T19:04:44.496+0530] {processor.py:830} INFO - Processing file /Users/zafarimam/Documents/E-Commerce Order Pipeline/airflow_venv_39/lib/python3.9/site-packages/airflow/example_dags/example_skip_dag.py for tasks to queue
[2025-05-27T19:04:44.497+0530] {logging_mixin.py:188} INFO - [2025-05-27T19:04:44.497+0530] {dagbag.py:538} INFO - Filling up the DagBag from /Users/zafarimam/Documents/E-Commerce Order Pipeline/airflow_venv_39/lib/python3.9/site-packages/airflow/example_dags/example_skip_dag.py
[2025-05-27T19:04:44.505+0530] {processor.py:840} INFO - DAG(s) 'example_skip_dag' retrieved from /Users/zafarimam/Documents/E-Commerce Order Pipeline/airflow_venv_39/lib/python3.9/site-packages/airflow/example_dags/example_skip_dag.py
[2025-05-27T19:04:44.592+0530] {logging_mixin.py:188} INFO - [2025-05-27T19:04:44.591+0530] {dag.py:3036} INFO - Sync 1 DAGs
[2025-05-27T19:04:44.604+0530] {logging_mixin.py:188} INFO - [2025-05-27T19:04:44.604+0530] {dag.py:3823} INFO - Setting next_dagrun for example_skip_dag to 2025-05-26 00:00:00+00:00, run_after=2025-05-27 00:00:00+00:00
[2025-05-27T19:04:44.618+0530] {processor.py:183} INFO - Processing /Users/zafarimam/Documents/E-Commerce Order Pipeline/airflow_venv_39/lib/python3.9/site-packages/airflow/example_dags/example_skip_dag.py took 0.124 seconds
[2025-05-27T19:06:51.509+0530] {processor.py:161} INFO - Started process (PID=27456) to work on /Users/zafarimam/Documents/E-Commerce Order Pipeline/airflow_venv_39/lib/python3.9/site-packages/airflow/example_dags/example_skip_dag.py
[2025-05-27T19:06:51.510+0530] {processor.py:830} INFO - Processing file /Users/zafarimam/Documents/E-Commerce Order Pipeline/airflow_venv_39/lib/python3.9/site-packages/airflow/example_dags/example_skip_dag.py for tasks to queue
[2025-05-27T19:06:51.511+0530] {logging_mixin.py:188} INFO - [2025-05-27T19:06:51.511+0530] {dagbag.py:538} INFO - Filling up the DagBag from /Users/zafarimam/Documents/E-Commerce Order Pipeline/airflow_venv_39/lib/python3.9/site-packages/airflow/example_dags/example_skip_dag.py
[2025-05-27T19:06:51.518+0530] {processor.py:840} INFO - DAG(s) 'example_skip_dag' retrieved from /Users/zafarimam/Documents/E-Commerce Order Pipeline/airflow_venv_39/lib/python3.9/site-packages/airflow/example_dags/example_skip_dag.py
[2025-05-27T19:06:51.601+0530] {logging_mixin.py:188} INFO - [2025-05-27T19:06:51.601+0530] {dag.py:3036} INFO - Sync 1 DAGs
[2025-05-27T19:06:51.613+0530] {logging_mixin.py:188} INFO - [2025-05-27T19:06:51.613+0530] {dag.py:3823} INFO - Setting next_dagrun for example_skip_dag to 2025-05-26 00:00:00+00:00, run_after=2025-05-27 00:00:00+00:00
[2025-05-27T19:06:51.627+0530] {processor.py:183} INFO - Processing /Users/zafarimam/Documents/E-Commerce Order Pipeline/airflow_venv_39/lib/python3.9/site-packages/airflow/example_dags/example_skip_dag.py took 0.119 seconds
[2025-05-27T19:08:55.602+0530] {processor.py:161} INFO - Started process (PID=27552) to work on /Users/zafarimam/Documents/E-Commerce Order Pipeline/airflow_venv_39/lib/python3.9/site-packages/airflow/example_dags/example_skip_dag.py
[2025-05-27T19:08:55.604+0530] {processor.py:830} INFO - Processing file /Users/zafarimam/Documents/E-Commerce Order Pipeline/airflow_venv_39/lib/python3.9/site-packages/airflow/example_dags/example_skip_dag.py for tasks to queue
[2025-05-27T19:08:55.604+0530] {logging_mixin.py:188} INFO - [2025-05-27T19:08:55.604+0530] {dagbag.py:538} INFO - Filling up the DagBag from /Users/zafarimam/Documents/E-Commerce Order Pipeline/airflow_venv_39/lib/python3.9/site-packages/airflow/example_dags/example_skip_dag.py
[2025-05-27T19:08:55.611+0530] {processor.py:840} INFO - DAG(s) 'example_skip_dag' retrieved from /Users/zafarimam/Documents/E-Commerce Order Pipeline/airflow_venv_39/lib/python3.9/site-packages/airflow/example_dags/example_skip_dag.py
[2025-05-27T19:08:55.690+0530] {logging_mixin.py:188} INFO - [2025-05-27T19:08:55.690+0530] {dag.py:3036} INFO - Sync 1 DAGs
[2025-05-27T19:08:55.702+0530] {logging_mixin.py:188} INFO - [2025-05-27T19:08:55.701+0530] {dag.py:3823} INFO - Setting next_dagrun for example_skip_dag to 2025-05-26 00:00:00+00:00, run_after=2025-05-27 00:00:00+00:00
[2025-05-27T19:08:55.719+0530] {processor.py:183} INFO - Processing /Users/zafarimam/Documents/E-Commerce Order Pipeline/airflow_venv_39/lib/python3.9/site-packages/airflow/example_dags/example_skip_dag.py took 0.118 seconds
[2025-05-27T19:10:36.966+0530] {processor.py:161} INFO - Started process (PID=27604) to work on /Users/zafarimam/Documents/E-Commerce Order Pipeline/airflow_venv_39/lib/python3.9/site-packages/airflow/example_dags/example_skip_dag.py
[2025-05-27T19:10:36.966+0530] {processor.py:830} INFO - Processing file /Users/zafarimam/Documents/E-Commerce Order Pipeline/airflow_venv_39/lib/python3.9/site-packages/airflow/example_dags/example_skip_dag.py for tasks to queue
[2025-05-27T19:10:36.967+0530] {logging_mixin.py:188} INFO - [2025-05-27T19:10:36.967+0530] {dagbag.py:538} INFO - Filling up the DagBag from /Users/zafarimam/Documents/E-Commerce Order Pipeline/airflow_venv_39/lib/python3.9/site-packages/airflow/example_dags/example_skip_dag.py
[2025-05-27T19:10:36.973+0530] {processor.py:840} INFO - DAG(s) 'example_skip_dag' retrieved from /Users/zafarimam/Documents/E-Commerce Order Pipeline/airflow_venv_39/lib/python3.9/site-packages/airflow/example_dags/example_skip_dag.py
[2025-05-27T19:10:37.052+0530] {logging_mixin.py:188} INFO - [2025-05-27T19:10:37.052+0530] {dag.py:3036} INFO - Sync 1 DAGs
[2025-05-27T19:10:37.064+0530] {logging_mixin.py:188} INFO - [2025-05-27T19:10:37.064+0530] {dag.py:3823} INFO - Setting next_dagrun for example_skip_dag to 2025-05-26 00:00:00+00:00, run_after=2025-05-27 00:00:00+00:00
[2025-05-27T19:10:37.077+0530] {processor.py:183} INFO - Processing /Users/zafarimam/Documents/E-Commerce Order Pipeline/airflow_venv_39/lib/python3.9/site-packages/airflow/example_dags/example_skip_dag.py took 0.112 seconds
[2025-05-27T19:12:18.049+0530] {processor.py:161} INFO - Started process (PID=27658) to work on /Users/zafarimam/Documents/E-Commerce Order Pipeline/airflow_venv_39/lib/python3.9/site-packages/airflow/example_dags/example_skip_dag.py
[2025-05-27T19:12:18.050+0530] {processor.py:830} INFO - Processing file /Users/zafarimam/Documents/E-Commerce Order Pipeline/airflow_venv_39/lib/python3.9/site-packages/airflow/example_dags/example_skip_dag.py for tasks to queue
[2025-05-27T19:12:18.050+0530] {logging_mixin.py:188} INFO - [2025-05-27T19:12:18.050+0530] {dagbag.py:538} INFO - Filling up the DagBag from /Users/zafarimam/Documents/E-Commerce Order Pipeline/airflow_venv_39/lib/python3.9/site-packages/airflow/example_dags/example_skip_dag.py
[2025-05-27T19:12:18.057+0530] {processor.py:840} INFO - DAG(s) 'example_skip_dag' retrieved from /Users/zafarimam/Documents/E-Commerce Order Pipeline/airflow_venv_39/lib/python3.9/site-packages/airflow/example_dags/example_skip_dag.py
[2025-05-27T19:12:18.136+0530] {logging_mixin.py:188} INFO - [2025-05-27T19:12:18.136+0530] {dag.py:3036} INFO - Sync 1 DAGs
[2025-05-27T19:12:18.147+0530] {logging_mixin.py:188} INFO - [2025-05-27T19:12:18.147+0530] {dag.py:3823} INFO - Setting next_dagrun for example_skip_dag to 2025-05-26 00:00:00+00:00, run_after=2025-05-27 00:00:00+00:00
[2025-05-27T19:12:18.159+0530] {processor.py:183} INFO - Processing /Users/zafarimam/Documents/E-Commerce Order Pipeline/airflow_venv_39/lib/python3.9/site-packages/airflow/example_dags/example_skip_dag.py took 0.112 seconds
[2025-05-27T19:13:58.311+0530] {processor.py:161} INFO - Started process (PID=27710) to work on /Users/zafarimam/Documents/E-Commerce Order Pipeline/airflow_venv_39/lib/python3.9/site-packages/airflow/example_dags/example_skip_dag.py
[2025-05-27T19:13:58.312+0530] {processor.py:830} INFO - Processing file /Users/zafarimam/Documents/E-Commerce Order Pipeline/airflow_venv_39/lib/python3.9/site-packages/airflow/example_dags/example_skip_dag.py for tasks to queue
[2025-05-27T19:13:58.312+0530] {logging_mixin.py:188} INFO - [2025-05-27T19:13:58.312+0530] {dagbag.py:538} INFO - Filling up the DagBag from /Users/zafarimam/Documents/E-Commerce Order Pipeline/airflow_venv_39/lib/python3.9/site-packages/airflow/example_dags/example_skip_dag.py
[2025-05-27T19:13:58.318+0530] {processor.py:840} INFO - DAG(s) 'example_skip_dag' retrieved from /Users/zafarimam/Documents/E-Commerce Order Pipeline/airflow_venv_39/lib/python3.9/site-packages/airflow/example_dags/example_skip_dag.py
[2025-05-27T19:13:58.396+0530] {logging_mixin.py:188} INFO - [2025-05-27T19:13:58.396+0530] {dag.py:3036} INFO - Sync 1 DAGs
[2025-05-27T19:13:58.407+0530] {logging_mixin.py:188} INFO - [2025-05-27T19:13:58.407+0530] {dag.py:3823} INFO - Setting next_dagrun for example_skip_dag to 2025-05-26 00:00:00+00:00, run_after=2025-05-27 00:00:00+00:00
[2025-05-27T19:13:58.425+0530] {processor.py:183} INFO - Processing /Users/zafarimam/Documents/E-Commerce Order Pipeline/airflow_venv_39/lib/python3.9/site-packages/airflow/example_dags/example_skip_dag.py took 0.115 seconds
[2025-05-27T19:15:38.089+0530] {processor.py:161} INFO - Started process (PID=27761) to work on /Users/zafarimam/Documents/E-Commerce Order Pipeline/airflow_venv_39/lib/python3.9/site-packages/airflow/example_dags/example_skip_dag.py
[2025-05-27T19:15:38.090+0530] {processor.py:830} INFO - Processing file /Users/zafarimam/Documents/E-Commerce Order Pipeline/airflow_venv_39/lib/python3.9/site-packages/airflow/example_dags/example_skip_dag.py for tasks to queue
[2025-05-27T19:15:38.090+0530] {logging_mixin.py:188} INFO - [2025-05-27T19:15:38.090+0530] {dagbag.py:538} INFO - Filling up the DagBag from /Users/zafarimam/Documents/E-Commerce Order Pipeline/airflow_venv_39/lib/python3.9/site-packages/airflow/example_dags/example_skip_dag.py
[2025-05-27T19:15:38.097+0530] {processor.py:840} INFO - DAG(s) 'example_skip_dag' retrieved from /Users/zafarimam/Documents/E-Commerce Order Pipeline/airflow_venv_39/lib/python3.9/site-packages/airflow/example_dags/example_skip_dag.py
[2025-05-27T19:15:38.176+0530] {logging_mixin.py:188} INFO - [2025-05-27T19:15:38.176+0530] {dag.py:3036} INFO - Sync 1 DAGs
[2025-05-27T19:15:38.188+0530] {logging_mixin.py:188} INFO - [2025-05-27T19:15:38.188+0530] {dag.py:3823} INFO - Setting next_dagrun for example_skip_dag to 2025-05-26 00:00:00+00:00, run_after=2025-05-27 00:00:00+00:00
[2025-05-27T19:15:38.201+0530] {processor.py:183} INFO - Processing /Users/zafarimam/Documents/E-Commerce Order Pipeline/airflow_venv_39/lib/python3.9/site-packages/airflow/example_dags/example_skip_dag.py took 0.113 seconds
[2025-05-27T19:17:18.891+0530] {processor.py:161} INFO - Started process (PID=27817) to work on /Users/zafarimam/Documents/E-Commerce Order Pipeline/airflow_venv_39/lib/python3.9/site-packages/airflow/example_dags/example_skip_dag.py
[2025-05-27T19:17:18.891+0530] {processor.py:830} INFO - Processing file /Users/zafarimam/Documents/E-Commerce Order Pipeline/airflow_venv_39/lib/python3.9/site-packages/airflow/example_dags/example_skip_dag.py for tasks to queue
[2025-05-27T19:17:18.892+0530] {logging_mixin.py:188} INFO - [2025-05-27T19:17:18.892+0530] {dagbag.py:538} INFO - Filling up the DagBag from /Users/zafarimam/Documents/E-Commerce Order Pipeline/airflow_venv_39/lib/python3.9/site-packages/airflow/example_dags/example_skip_dag.py
[2025-05-27T19:17:18.899+0530] {processor.py:840} INFO - DAG(s) 'example_skip_dag' retrieved from /Users/zafarimam/Documents/E-Commerce Order Pipeline/airflow_venv_39/lib/python3.9/site-packages/airflow/example_dags/example_skip_dag.py
[2025-05-27T19:17:18.978+0530] {logging_mixin.py:188} INFO - [2025-05-27T19:17:18.977+0530] {dag.py:3036} INFO - Sync 1 DAGs
[2025-05-27T19:17:18.989+0530] {logging_mixin.py:188} INFO - [2025-05-27T19:17:18.989+0530] {dag.py:3823} INFO - Setting next_dagrun for example_skip_dag to 2025-05-26 00:00:00+00:00, run_after=2025-05-27 00:00:00+00:00
[2025-05-27T19:17:19.002+0530] {processor.py:183} INFO - Processing /Users/zafarimam/Documents/E-Commerce Order Pipeline/airflow_venv_39/lib/python3.9/site-packages/airflow/example_dags/example_skip_dag.py took 0.113 seconds
[2025-05-27T19:18:59.662+0530] {processor.py:161} INFO - Started process (PID=27892) to work on /Users/zafarimam/Documents/E-Commerce Order Pipeline/airflow_venv_39/lib/python3.9/site-packages/airflow/example_dags/example_skip_dag.py
[2025-05-27T19:18:59.663+0530] {processor.py:830} INFO - Processing file /Users/zafarimam/Documents/E-Commerce Order Pipeline/airflow_venv_39/lib/python3.9/site-packages/airflow/example_dags/example_skip_dag.py for tasks to queue
[2025-05-27T19:18:59.663+0530] {logging_mixin.py:188} INFO - [2025-05-27T19:18:59.663+0530] {dagbag.py:538} INFO - Filling up the DagBag from /Users/zafarimam/Documents/E-Commerce Order Pipeline/airflow_venv_39/lib/python3.9/site-packages/airflow/example_dags/example_skip_dag.py
[2025-05-27T19:18:59.670+0530] {processor.py:840} INFO - DAG(s) 'example_skip_dag' retrieved from /Users/zafarimam/Documents/E-Commerce Order Pipeline/airflow_venv_39/lib/python3.9/site-packages/airflow/example_dags/example_skip_dag.py
[2025-05-27T19:18:59.749+0530] {logging_mixin.py:188} INFO - [2025-05-27T19:18:59.749+0530] {dag.py:3036} INFO - Sync 1 DAGs
[2025-05-27T19:18:59.761+0530] {logging_mixin.py:188} INFO - [2025-05-27T19:18:59.761+0530] {dag.py:3823} INFO - Setting next_dagrun for example_skip_dag to 2025-05-26 00:00:00+00:00, run_after=2025-05-27 00:00:00+00:00
[2025-05-27T19:18:59.779+0530] {processor.py:183} INFO - Processing /Users/zafarimam/Documents/E-Commerce Order Pipeline/airflow_venv_39/lib/python3.9/site-packages/airflow/example_dags/example_skip_dag.py took 0.118 seconds
[2025-05-27T19:20:40.050+0530] {processor.py:161} INFO - Started process (PID=27955) to work on /Users/zafarimam/Documents/E-Commerce Order Pipeline/airflow_venv_39/lib/python3.9/site-packages/airflow/example_dags/example_skip_dag.py
[2025-05-27T19:20:40.051+0530] {processor.py:830} INFO - Processing file /Users/zafarimam/Documents/E-Commerce Order Pipeline/airflow_venv_39/lib/python3.9/site-packages/airflow/example_dags/example_skip_dag.py for tasks to queue
[2025-05-27T19:20:40.052+0530] {logging_mixin.py:188} INFO - [2025-05-27T19:20:40.052+0530] {dagbag.py:538} INFO - Filling up the DagBag from /Users/zafarimam/Documents/E-Commerce Order Pipeline/airflow_venv_39/lib/python3.9/site-packages/airflow/example_dags/example_skip_dag.py
[2025-05-27T19:20:40.059+0530] {processor.py:840} INFO - DAG(s) 'example_skip_dag' retrieved from /Users/zafarimam/Documents/E-Commerce Order Pipeline/airflow_venv_39/lib/python3.9/site-packages/airflow/example_dags/example_skip_dag.py
[2025-05-27T19:20:40.136+0530] {logging_mixin.py:188} INFO - [2025-05-27T19:20:40.136+0530] {dag.py:3036} INFO - Sync 1 DAGs
[2025-05-27T19:20:40.148+0530] {logging_mixin.py:188} INFO - [2025-05-27T19:20:40.148+0530] {dag.py:3823} INFO - Setting next_dagrun for example_skip_dag to 2025-05-26 00:00:00+00:00, run_after=2025-05-27 00:00:00+00:00
[2025-05-27T19:20:40.161+0530] {processor.py:183} INFO - Processing /Users/zafarimam/Documents/E-Commerce Order Pipeline/airflow_venv_39/lib/python3.9/site-packages/airflow/example_dags/example_skip_dag.py took 0.111 seconds
[2025-05-27T19:22:18.958+0530] {processor.py:161} INFO - Started process (PID=28019) to work on /Users/zafarimam/Documents/E-Commerce Order Pipeline/airflow_venv_39/lib/python3.9/site-packages/airflow/example_dags/example_skip_dag.py
[2025-05-27T19:22:18.959+0530] {processor.py:830} INFO - Processing file /Users/zafarimam/Documents/E-Commerce Order Pipeline/airflow_venv_39/lib/python3.9/site-packages/airflow/example_dags/example_skip_dag.py for tasks to queue
[2025-05-27T19:22:18.959+0530] {logging_mixin.py:188} INFO - [2025-05-27T19:22:18.959+0530] {dagbag.py:538} INFO - Filling up the DagBag from /Users/zafarimam/Documents/E-Commerce Order Pipeline/airflow_venv_39/lib/python3.9/site-packages/airflow/example_dags/example_skip_dag.py
[2025-05-27T19:22:18.966+0530] {processor.py:840} INFO - DAG(s) 'example_skip_dag' retrieved from /Users/zafarimam/Documents/E-Commerce Order Pipeline/airflow_venv_39/lib/python3.9/site-packages/airflow/example_dags/example_skip_dag.py
[2025-05-27T19:22:19.045+0530] {logging_mixin.py:188} INFO - [2025-05-27T19:22:19.045+0530] {dag.py:3036} INFO - Sync 1 DAGs
[2025-05-27T19:22:19.057+0530] {logging_mixin.py:188} INFO - [2025-05-27T19:22:19.057+0530] {dag.py:3823} INFO - Setting next_dagrun for example_skip_dag to 2025-05-26 00:00:00+00:00, run_after=2025-05-27 00:00:00+00:00
[2025-05-27T19:22:19.069+0530] {processor.py:183} INFO - Processing /Users/zafarimam/Documents/E-Commerce Order Pipeline/airflow_venv_39/lib/python3.9/site-packages/airflow/example_dags/example_skip_dag.py took 0.113 seconds
[2025-05-27T19:24:00.294+0530] {processor.py:161} INFO - Started process (PID=28072) to work on /Users/zafarimam/Documents/E-Commerce Order Pipeline/airflow_venv_39/lib/python3.9/site-packages/airflow/example_dags/example_skip_dag.py
[2025-05-27T19:24:00.295+0530] {processor.py:830} INFO - Processing file /Users/zafarimam/Documents/E-Commerce Order Pipeline/airflow_venv_39/lib/python3.9/site-packages/airflow/example_dags/example_skip_dag.py for tasks to queue
[2025-05-27T19:24:00.296+0530] {logging_mixin.py:188} INFO - [2025-05-27T19:24:00.296+0530] {dagbag.py:538} INFO - Filling up the DagBag from /Users/zafarimam/Documents/E-Commerce Order Pipeline/airflow_venv_39/lib/python3.9/site-packages/airflow/example_dags/example_skip_dag.py
[2025-05-27T19:24:00.303+0530] {processor.py:840} INFO - DAG(s) 'example_skip_dag' retrieved from /Users/zafarimam/Documents/E-Commerce Order Pipeline/airflow_venv_39/lib/python3.9/site-packages/airflow/example_dags/example_skip_dag.py
[2025-05-27T19:24:00.382+0530] {logging_mixin.py:188} INFO - [2025-05-27T19:24:00.381+0530] {dag.py:3036} INFO - Sync 1 DAGs
[2025-05-27T19:24:00.393+0530] {logging_mixin.py:188} INFO - [2025-05-27T19:24:00.393+0530] {dag.py:3823} INFO - Setting next_dagrun for example_skip_dag to 2025-05-26 00:00:00+00:00, run_after=2025-05-27 00:00:00+00:00
[2025-05-27T19:24:00.407+0530] {processor.py:183} INFO - Processing /Users/zafarimam/Documents/E-Commerce Order Pipeline/airflow_venv_39/lib/python3.9/site-packages/airflow/example_dags/example_skip_dag.py took 0.114 seconds
[2025-05-27T19:25:40.600+0530] {processor.py:161} INFO - Started process (PID=28124) to work on /Users/zafarimam/Documents/E-Commerce Order Pipeline/airflow_venv_39/lib/python3.9/site-packages/airflow/example_dags/example_skip_dag.py
[2025-05-27T19:25:40.600+0530] {processor.py:830} INFO - Processing file /Users/zafarimam/Documents/E-Commerce Order Pipeline/airflow_venv_39/lib/python3.9/site-packages/airflow/example_dags/example_skip_dag.py for tasks to queue
[2025-05-27T19:25:40.601+0530] {logging_mixin.py:188} INFO - [2025-05-27T19:25:40.601+0530] {dagbag.py:538} INFO - Filling up the DagBag from /Users/zafarimam/Documents/E-Commerce Order Pipeline/airflow_venv_39/lib/python3.9/site-packages/airflow/example_dags/example_skip_dag.py
[2025-05-27T19:25:40.608+0530] {processor.py:840} INFO - DAG(s) 'example_skip_dag' retrieved from /Users/zafarimam/Documents/E-Commerce Order Pipeline/airflow_venv_39/lib/python3.9/site-packages/airflow/example_dags/example_skip_dag.py
[2025-05-27T19:25:40.687+0530] {logging_mixin.py:188} INFO - [2025-05-27T19:25:40.686+0530] {dag.py:3036} INFO - Sync 1 DAGs
[2025-05-27T19:25:40.698+0530] {logging_mixin.py:188} INFO - [2025-05-27T19:25:40.698+0530] {dag.py:3823} INFO - Setting next_dagrun for example_skip_dag to 2025-05-26 00:00:00+00:00, run_after=2025-05-27 00:00:00+00:00
[2025-05-27T19:25:40.711+0530] {processor.py:183} INFO - Processing /Users/zafarimam/Documents/E-Commerce Order Pipeline/airflow_venv_39/lib/python3.9/site-packages/airflow/example_dags/example_skip_dag.py took 0.113 seconds
[2025-05-27T19:27:21.945+0530] {processor.py:161} INFO - Started process (PID=28181) to work on /Users/zafarimam/Documents/E-Commerce Order Pipeline/airflow_venv_39/lib/python3.9/site-packages/airflow/example_dags/example_skip_dag.py
[2025-05-27T19:27:21.945+0530] {processor.py:830} INFO - Processing file /Users/zafarimam/Documents/E-Commerce Order Pipeline/airflow_venv_39/lib/python3.9/site-packages/airflow/example_dags/example_skip_dag.py for tasks to queue
[2025-05-27T19:27:21.946+0530] {logging_mixin.py:188} INFO - [2025-05-27T19:27:21.946+0530] {dagbag.py:538} INFO - Filling up the DagBag from /Users/zafarimam/Documents/E-Commerce Order Pipeline/airflow_venv_39/lib/python3.9/site-packages/airflow/example_dags/example_skip_dag.py
[2025-05-27T19:27:21.953+0530] {processor.py:840} INFO - DAG(s) 'example_skip_dag' retrieved from /Users/zafarimam/Documents/E-Commerce Order Pipeline/airflow_venv_39/lib/python3.9/site-packages/airflow/example_dags/example_skip_dag.py
[2025-05-27T19:27:22.032+0530] {logging_mixin.py:188} INFO - [2025-05-27T19:27:22.031+0530] {dag.py:3036} INFO - Sync 1 DAGs
[2025-05-27T19:27:22.043+0530] {logging_mixin.py:188} INFO - [2025-05-27T19:27:22.043+0530] {dag.py:3823} INFO - Setting next_dagrun for example_skip_dag to 2025-05-26 00:00:00+00:00, run_after=2025-05-27 00:00:00+00:00
[2025-05-27T19:27:22.057+0530] {processor.py:183} INFO - Processing /Users/zafarimam/Documents/E-Commerce Order Pipeline/airflow_venv_39/lib/python3.9/site-packages/airflow/example_dags/example_skip_dag.py took 0.113 seconds
[2025-05-27T19:29:00.339+0530] {processor.py:161} INFO - Started process (PID=28233) to work on /Users/zafarimam/Documents/E-Commerce Order Pipeline/airflow_venv_39/lib/python3.9/site-packages/airflow/example_dags/example_skip_dag.py
[2025-05-27T19:29:00.340+0530] {processor.py:830} INFO - Processing file /Users/zafarimam/Documents/E-Commerce Order Pipeline/airflow_venv_39/lib/python3.9/site-packages/airflow/example_dags/example_skip_dag.py for tasks to queue
[2025-05-27T19:29:00.340+0530] {logging_mixin.py:188} INFO - [2025-05-27T19:29:00.340+0530] {dagbag.py:538} INFO - Filling up the DagBag from /Users/zafarimam/Documents/E-Commerce Order Pipeline/airflow_venv_39/lib/python3.9/site-packages/airflow/example_dags/example_skip_dag.py
[2025-05-27T19:29:00.347+0530] {processor.py:840} INFO - DAG(s) 'example_skip_dag' retrieved from /Users/zafarimam/Documents/E-Commerce Order Pipeline/airflow_venv_39/lib/python3.9/site-packages/airflow/example_dags/example_skip_dag.py
[2025-05-27T19:29:00.427+0530] {logging_mixin.py:188} INFO - [2025-05-27T19:29:00.426+0530] {dag.py:3036} INFO - Sync 1 DAGs
[2025-05-27T19:29:00.439+0530] {logging_mixin.py:188} INFO - [2025-05-27T19:29:00.438+0530] {dag.py:3823} INFO - Setting next_dagrun for example_skip_dag to 2025-05-26 00:00:00+00:00, run_after=2025-05-27 00:00:00+00:00
[2025-05-27T19:29:00.456+0530] {processor.py:183} INFO - Processing /Users/zafarimam/Documents/E-Commerce Order Pipeline/airflow_venv_39/lib/python3.9/site-packages/airflow/example_dags/example_skip_dag.py took 0.118 seconds
[2025-05-27T19:31:01.802+0530] {processor.py:161} INFO - Started process (PID=28313) to work on /Users/zafarimam/Documents/E-Commerce Order Pipeline/airflow_venv_39/lib/python3.9/site-packages/airflow/example_dags/example_skip_dag.py
[2025-05-27T19:31:01.803+0530] {processor.py:830} INFO - Processing file /Users/zafarimam/Documents/E-Commerce Order Pipeline/airflow_venv_39/lib/python3.9/site-packages/airflow/example_dags/example_skip_dag.py for tasks to queue
[2025-05-27T19:31:01.804+0530] {logging_mixin.py:188} INFO - [2025-05-27T19:31:01.804+0530] {dagbag.py:538} INFO - Filling up the DagBag from /Users/zafarimam/Documents/E-Commerce Order Pipeline/airflow_venv_39/lib/python3.9/site-packages/airflow/example_dags/example_skip_dag.py
[2025-05-27T19:31:01.811+0530] {processor.py:840} INFO - DAG(s) 'example_skip_dag' retrieved from /Users/zafarimam/Documents/E-Commerce Order Pipeline/airflow_venv_39/lib/python3.9/site-packages/airflow/example_dags/example_skip_dag.py
[2025-05-27T19:31:01.888+0530] {logging_mixin.py:188} INFO - [2025-05-27T19:31:01.888+0530] {dag.py:3036} INFO - Sync 1 DAGs
[2025-05-27T19:31:01.900+0530] {logging_mixin.py:188} INFO - [2025-05-27T19:31:01.900+0530] {dag.py:3823} INFO - Setting next_dagrun for example_skip_dag to 2025-05-26 00:00:00+00:00, run_after=2025-05-27 00:00:00+00:00
[2025-05-27T19:31:01.913+0530] {processor.py:183} INFO - Processing /Users/zafarimam/Documents/E-Commerce Order Pipeline/airflow_venv_39/lib/python3.9/site-packages/airflow/example_dags/example_skip_dag.py took 0.111 seconds
[2025-05-27T19:32:42.576+0530] {processor.py:161} INFO - Started process (PID=28369) to work on /Users/zafarimam/Documents/E-Commerce Order Pipeline/airflow_venv_39/lib/python3.9/site-packages/airflow/example_dags/example_skip_dag.py
[2025-05-27T19:32:42.576+0530] {processor.py:830} INFO - Processing file /Users/zafarimam/Documents/E-Commerce Order Pipeline/airflow_venv_39/lib/python3.9/site-packages/airflow/example_dags/example_skip_dag.py for tasks to queue
[2025-05-27T19:32:42.577+0530] {logging_mixin.py:188} INFO - [2025-05-27T19:32:42.577+0530] {dagbag.py:538} INFO - Filling up the DagBag from /Users/zafarimam/Documents/E-Commerce Order Pipeline/airflow_venv_39/lib/python3.9/site-packages/airflow/example_dags/example_skip_dag.py
[2025-05-27T19:32:42.584+0530] {processor.py:840} INFO - DAG(s) 'example_skip_dag' retrieved from /Users/zafarimam/Documents/E-Commerce Order Pipeline/airflow_venv_39/lib/python3.9/site-packages/airflow/example_dags/example_skip_dag.py
[2025-05-27T19:32:42.662+0530] {logging_mixin.py:188} INFO - [2025-05-27T19:32:42.662+0530] {dag.py:3036} INFO - Sync 1 DAGs
[2025-05-27T19:32:42.673+0530] {logging_mixin.py:188} INFO - [2025-05-27T19:32:42.673+0530] {dag.py:3823} INFO - Setting next_dagrun for example_skip_dag to 2025-05-26 00:00:00+00:00, run_after=2025-05-27 00:00:00+00:00
[2025-05-27T19:32:42.687+0530] {processor.py:183} INFO - Processing /Users/zafarimam/Documents/E-Commerce Order Pipeline/airflow_venv_39/lib/python3.9/site-packages/airflow/example_dags/example_skip_dag.py took 0.112 seconds
[2025-05-27T19:34:22.862+0530] {processor.py:161} INFO - Started process (PID=28419) to work on /Users/zafarimam/Documents/E-Commerce Order Pipeline/airflow_venv_39/lib/python3.9/site-packages/airflow/example_dags/example_skip_dag.py
[2025-05-27T19:34:22.863+0530] {processor.py:830} INFO - Processing file /Users/zafarimam/Documents/E-Commerce Order Pipeline/airflow_venv_39/lib/python3.9/site-packages/airflow/example_dags/example_skip_dag.py for tasks to queue
[2025-05-27T19:34:22.863+0530] {logging_mixin.py:188} INFO - [2025-05-27T19:34:22.863+0530] {dagbag.py:538} INFO - Filling up the DagBag from /Users/zafarimam/Documents/E-Commerce Order Pipeline/airflow_venv_39/lib/python3.9/site-packages/airflow/example_dags/example_skip_dag.py
[2025-05-27T19:34:22.870+0530] {processor.py:840} INFO - DAG(s) 'example_skip_dag' retrieved from /Users/zafarimam/Documents/E-Commerce Order Pipeline/airflow_venv_39/lib/python3.9/site-packages/airflow/example_dags/example_skip_dag.py
[2025-05-27T19:34:22.948+0530] {logging_mixin.py:188} INFO - [2025-05-27T19:34:22.948+0530] {dag.py:3036} INFO - Sync 1 DAGs
[2025-05-27T19:34:22.960+0530] {logging_mixin.py:188} INFO - [2025-05-27T19:34:22.960+0530] {dag.py:3823} INFO - Setting next_dagrun for example_skip_dag to 2025-05-26 00:00:00+00:00, run_after=2025-05-27 00:00:00+00:00
[2025-05-27T19:34:22.972+0530] {processor.py:183} INFO - Processing /Users/zafarimam/Documents/E-Commerce Order Pipeline/airflow_venv_39/lib/python3.9/site-packages/airflow/example_dags/example_skip_dag.py took 0.111 seconds
[2025-05-27T19:36:03.849+0530] {processor.py:161} INFO - Started process (PID=28471) to work on /Users/zafarimam/Documents/E-Commerce Order Pipeline/airflow_venv_39/lib/python3.9/site-packages/airflow/example_dags/example_skip_dag.py
[2025-05-27T19:36:03.850+0530] {processor.py:830} INFO - Processing file /Users/zafarimam/Documents/E-Commerce Order Pipeline/airflow_venv_39/lib/python3.9/site-packages/airflow/example_dags/example_skip_dag.py for tasks to queue
[2025-05-27T19:36:03.850+0530] {logging_mixin.py:188} INFO - [2025-05-27T19:36:03.850+0530] {dagbag.py:538} INFO - Filling up the DagBag from /Users/zafarimam/Documents/E-Commerce Order Pipeline/airflow_venv_39/lib/python3.9/site-packages/airflow/example_dags/example_skip_dag.py
[2025-05-27T19:36:03.857+0530] {processor.py:840} INFO - DAG(s) 'example_skip_dag' retrieved from /Users/zafarimam/Documents/E-Commerce Order Pipeline/airflow_venv_39/lib/python3.9/site-packages/airflow/example_dags/example_skip_dag.py
[2025-05-27T19:36:03.936+0530] {logging_mixin.py:188} INFO - [2025-05-27T19:36:03.936+0530] {dag.py:3036} INFO - Sync 1 DAGs
[2025-05-27T19:36:03.948+0530] {logging_mixin.py:188} INFO - [2025-05-27T19:36:03.948+0530] {dag.py:3823} INFO - Setting next_dagrun for example_skip_dag to 2025-05-26 00:00:00+00:00, run_after=2025-05-27 00:00:00+00:00
[2025-05-27T19:36:03.961+0530] {processor.py:183} INFO - Processing /Users/zafarimam/Documents/E-Commerce Order Pipeline/airflow_venv_39/lib/python3.9/site-packages/airflow/example_dags/example_skip_dag.py took 0.113 seconds
[2025-05-27T19:37:45.653+0530] {processor.py:161} INFO - Started process (PID=28525) to work on /Users/zafarimam/Documents/E-Commerce Order Pipeline/airflow_venv_39/lib/python3.9/site-packages/airflow/example_dags/example_skip_dag.py
[2025-05-27T19:37:45.653+0530] {processor.py:830} INFO - Processing file /Users/zafarimam/Documents/E-Commerce Order Pipeline/airflow_venv_39/lib/python3.9/site-packages/airflow/example_dags/example_skip_dag.py for tasks to queue
[2025-05-27T19:37:45.654+0530] {logging_mixin.py:188} INFO - [2025-05-27T19:37:45.654+0530] {dagbag.py:538} INFO - Filling up the DagBag from /Users/zafarimam/Documents/E-Commerce Order Pipeline/airflow_venv_39/lib/python3.9/site-packages/airflow/example_dags/example_skip_dag.py
[2025-05-27T19:37:45.661+0530] {processor.py:840} INFO - DAG(s) 'example_skip_dag' retrieved from /Users/zafarimam/Documents/E-Commerce Order Pipeline/airflow_venv_39/lib/python3.9/site-packages/airflow/example_dags/example_skip_dag.py
[2025-05-27T19:37:45.741+0530] {logging_mixin.py:188} INFO - [2025-05-27T19:37:45.741+0530] {dag.py:3036} INFO - Sync 1 DAGs
[2025-05-27T19:37:45.753+0530] {logging_mixin.py:188} INFO - [2025-05-27T19:37:45.753+0530] {dag.py:3823} INFO - Setting next_dagrun for example_skip_dag to 2025-05-26 00:00:00+00:00, run_after=2025-05-27 00:00:00+00:00
[2025-05-27T19:37:45.771+0530] {processor.py:183} INFO - Processing /Users/zafarimam/Documents/E-Commerce Order Pipeline/airflow_venv_39/lib/python3.9/site-packages/airflow/example_dags/example_skip_dag.py took 0.119 seconds
[2025-05-27T19:39:25.236+0530] {processor.py:161} INFO - Started process (PID=28574) to work on /Users/zafarimam/Documents/E-Commerce Order Pipeline/airflow_venv_39/lib/python3.9/site-packages/airflow/example_dags/example_skip_dag.py
[2025-05-27T19:39:25.237+0530] {processor.py:830} INFO - Processing file /Users/zafarimam/Documents/E-Commerce Order Pipeline/airflow_venv_39/lib/python3.9/site-packages/airflow/example_dags/example_skip_dag.py for tasks to queue
[2025-05-27T19:39:25.237+0530] {logging_mixin.py:188} INFO - [2025-05-27T19:39:25.237+0530] {dagbag.py:538} INFO - Filling up the DagBag from /Users/zafarimam/Documents/E-Commerce Order Pipeline/airflow_venv_39/lib/python3.9/site-packages/airflow/example_dags/example_skip_dag.py
[2025-05-27T19:39:25.244+0530] {processor.py:840} INFO - DAG(s) 'example_skip_dag' retrieved from /Users/zafarimam/Documents/E-Commerce Order Pipeline/airflow_venv_39/lib/python3.9/site-packages/airflow/example_dags/example_skip_dag.py
[2025-05-27T19:39:25.322+0530] {logging_mixin.py:188} INFO - [2025-05-27T19:39:25.322+0530] {dag.py:3036} INFO - Sync 1 DAGs
[2025-05-27T19:39:25.333+0530] {logging_mixin.py:188} INFO - [2025-05-27T19:39:25.333+0530] {dag.py:3823} INFO - Setting next_dagrun for example_skip_dag to 2025-05-26 00:00:00+00:00, run_after=2025-05-27 00:00:00+00:00
[2025-05-27T19:39:25.345+0530] {processor.py:183} INFO - Processing /Users/zafarimam/Documents/E-Commerce Order Pipeline/airflow_venv_39/lib/python3.9/site-packages/airflow/example_dags/example_skip_dag.py took 0.111 seconds
[2025-05-27T19:41:04.067+0530] {processor.py:161} INFO - Started process (PID=28626) to work on /Users/zafarimam/Documents/E-Commerce Order Pipeline/airflow_venv_39/lib/python3.9/site-packages/airflow/example_dags/example_skip_dag.py
[2025-05-27T19:41:04.068+0530] {processor.py:830} INFO - Processing file /Users/zafarimam/Documents/E-Commerce Order Pipeline/airflow_venv_39/lib/python3.9/site-packages/airflow/example_dags/example_skip_dag.py for tasks to queue
[2025-05-27T19:41:04.068+0530] {logging_mixin.py:188} INFO - [2025-05-27T19:41:04.068+0530] {dagbag.py:538} INFO - Filling up the DagBag from /Users/zafarimam/Documents/E-Commerce Order Pipeline/airflow_venv_39/lib/python3.9/site-packages/airflow/example_dags/example_skip_dag.py
[2025-05-27T19:41:04.075+0530] {processor.py:840} INFO - DAG(s) 'example_skip_dag' retrieved from /Users/zafarimam/Documents/E-Commerce Order Pipeline/airflow_venv_39/lib/python3.9/site-packages/airflow/example_dags/example_skip_dag.py
[2025-05-27T19:41:04.155+0530] {logging_mixin.py:188} INFO - [2025-05-27T19:41:04.154+0530] {dag.py:3036} INFO - Sync 1 DAGs
[2025-05-27T19:41:04.167+0530] {logging_mixin.py:188} INFO - [2025-05-27T19:41:04.166+0530] {dag.py:3823} INFO - Setting next_dagrun for example_skip_dag to 2025-05-26 00:00:00+00:00, run_after=2025-05-27 00:00:00+00:00
[2025-05-27T19:41:04.179+0530] {processor.py:183} INFO - Processing /Users/zafarimam/Documents/E-Commerce Order Pipeline/airflow_venv_39/lib/python3.9/site-packages/airflow/example_dags/example_skip_dag.py took 0.113 seconds
[2025-05-27T19:42:45.419+0530] {processor.py:161} INFO - Started process (PID=28680) to work on /Users/zafarimam/Documents/E-Commerce Order Pipeline/airflow_venv_39/lib/python3.9/site-packages/airflow/example_dags/example_skip_dag.py
[2025-05-27T19:42:45.420+0530] {processor.py:830} INFO - Processing file /Users/zafarimam/Documents/E-Commerce Order Pipeline/airflow_venv_39/lib/python3.9/site-packages/airflow/example_dags/example_skip_dag.py for tasks to queue
[2025-05-27T19:42:45.420+0530] {logging_mixin.py:188} INFO - [2025-05-27T19:42:45.420+0530] {dagbag.py:538} INFO - Filling up the DagBag from /Users/zafarimam/Documents/E-Commerce Order Pipeline/airflow_venv_39/lib/python3.9/site-packages/airflow/example_dags/example_skip_dag.py
[2025-05-27T19:42:45.427+0530] {processor.py:840} INFO - DAG(s) 'example_skip_dag' retrieved from /Users/zafarimam/Documents/E-Commerce Order Pipeline/airflow_venv_39/lib/python3.9/site-packages/airflow/example_dags/example_skip_dag.py
[2025-05-27T19:42:45.506+0530] {logging_mixin.py:188} INFO - [2025-05-27T19:42:45.505+0530] {dag.py:3036} INFO - Sync 1 DAGs
[2025-05-27T19:42:45.517+0530] {logging_mixin.py:188} INFO - [2025-05-27T19:42:45.517+0530] {dag.py:3823} INFO - Setting next_dagrun for example_skip_dag to 2025-05-26 00:00:00+00:00, run_after=2025-05-27 00:00:00+00:00
[2025-05-27T19:42:45.530+0530] {processor.py:183} INFO - Processing /Users/zafarimam/Documents/E-Commerce Order Pipeline/airflow_venv_39/lib/python3.9/site-packages/airflow/example_dags/example_skip_dag.py took 0.112 seconds
[2025-05-27T19:44:43.268+0530] {processor.py:161} INFO - Started process (PID=28795) to work on /Users/zafarimam/Documents/E-Commerce Order Pipeline/airflow_venv_39/lib/python3.9/site-packages/airflow/example_dags/example_skip_dag.py
[2025-05-27T19:44:43.270+0530] {processor.py:830} INFO - Processing file /Users/zafarimam/Documents/E-Commerce Order Pipeline/airflow_venv_39/lib/python3.9/site-packages/airflow/example_dags/example_skip_dag.py for tasks to queue
[2025-05-27T19:44:43.271+0530] {logging_mixin.py:188} INFO - [2025-05-27T19:44:43.270+0530] {dagbag.py:538} INFO - Filling up the DagBag from /Users/zafarimam/Documents/E-Commerce Order Pipeline/airflow_venv_39/lib/python3.9/site-packages/airflow/example_dags/example_skip_dag.py
[2025-05-27T19:44:43.278+0530] {processor.py:840} INFO - DAG(s) 'example_skip_dag' retrieved from /Users/zafarimam/Documents/E-Commerce Order Pipeline/airflow_venv_39/lib/python3.9/site-packages/airflow/example_dags/example_skip_dag.py
[2025-05-27T19:44:43.366+0530] {logging_mixin.py:188} INFO - [2025-05-27T19:44:43.366+0530] {dag.py:3036} INFO - Sync 1 DAGs
[2025-05-27T19:44:43.381+0530] {logging_mixin.py:188} INFO - [2025-05-27T19:44:43.381+0530] {dag.py:3823} INFO - Setting next_dagrun for example_skip_dag to 2025-05-26 00:00:00+00:00, run_after=2025-05-27 00:00:00+00:00
[2025-05-27T19:44:43.396+0530] {processor.py:183} INFO - Processing /Users/zafarimam/Documents/E-Commerce Order Pipeline/airflow_venv_39/lib/python3.9/site-packages/airflow/example_dags/example_skip_dag.py took 0.128 seconds
[2025-05-27T19:46:42.251+0530] {processor.py:161} INFO - Started process (PID=28880) to work on /Users/zafarimam/Documents/E-Commerce Order Pipeline/airflow_venv_39/lib/python3.9/site-packages/airflow/example_dags/example_skip_dag.py
[2025-05-27T19:46:42.253+0530] {processor.py:830} INFO - Processing file /Users/zafarimam/Documents/E-Commerce Order Pipeline/airflow_venv_39/lib/python3.9/site-packages/airflow/example_dags/example_skip_dag.py for tasks to queue
[2025-05-27T19:46:42.253+0530] {logging_mixin.py:188} INFO - [2025-05-27T19:46:42.253+0530] {dagbag.py:538} INFO - Filling up the DagBag from /Users/zafarimam/Documents/E-Commerce Order Pipeline/airflow_venv_39/lib/python3.9/site-packages/airflow/example_dags/example_skip_dag.py
[2025-05-27T19:46:42.261+0530] {processor.py:840} INFO - DAG(s) 'example_skip_dag' retrieved from /Users/zafarimam/Documents/E-Commerce Order Pipeline/airflow_venv_39/lib/python3.9/site-packages/airflow/example_dags/example_skip_dag.py
[2025-05-27T19:46:42.350+0530] {logging_mixin.py:188} INFO - [2025-05-27T19:46:42.350+0530] {dag.py:3036} INFO - Sync 1 DAGs
[2025-05-27T19:46:42.365+0530] {logging_mixin.py:188} INFO - [2025-05-27T19:46:42.365+0530] {dag.py:3823} INFO - Setting next_dagrun for example_skip_dag to 2025-05-26 00:00:00+00:00, run_after=2025-05-27 00:00:00+00:00
[2025-05-27T19:46:42.379+0530] {processor.py:183} INFO - Processing /Users/zafarimam/Documents/E-Commerce Order Pipeline/airflow_venv_39/lib/python3.9/site-packages/airflow/example_dags/example_skip_dag.py took 0.129 seconds
[2025-05-27T19:48:25.521+0530] {processor.py:161} INFO - Started process (PID=28945) to work on /Users/zafarimam/Documents/E-Commerce Order Pipeline/airflow_venv_39/lib/python3.9/site-packages/airflow/example_dags/example_skip_dag.py
[2025-05-27T19:48:25.522+0530] {processor.py:830} INFO - Processing file /Users/zafarimam/Documents/E-Commerce Order Pipeline/airflow_venv_39/lib/python3.9/site-packages/airflow/example_dags/example_skip_dag.py for tasks to queue
[2025-05-27T19:48:25.522+0530] {logging_mixin.py:188} INFO - [2025-05-27T19:48:25.522+0530] {dagbag.py:538} INFO - Filling up the DagBag from /Users/zafarimam/Documents/E-Commerce Order Pipeline/airflow_venv_39/lib/python3.9/site-packages/airflow/example_dags/example_skip_dag.py
[2025-05-27T19:48:25.530+0530] {processor.py:840} INFO - DAG(s) 'example_skip_dag' retrieved from /Users/zafarimam/Documents/E-Commerce Order Pipeline/airflow_venv_39/lib/python3.9/site-packages/airflow/example_dags/example_skip_dag.py
[2025-05-27T19:48:25.614+0530] {logging_mixin.py:188} INFO - [2025-05-27T19:48:25.614+0530] {dag.py:3036} INFO - Sync 1 DAGs
[2025-05-27T19:48:25.626+0530] {logging_mixin.py:188} INFO - [2025-05-27T19:48:25.626+0530] {dag.py:3823} INFO - Setting next_dagrun for example_skip_dag to 2025-05-26 00:00:00+00:00, run_after=2025-05-27 00:00:00+00:00
[2025-05-27T19:48:25.640+0530] {processor.py:183} INFO - Processing /Users/zafarimam/Documents/E-Commerce Order Pipeline/airflow_venv_39/lib/python3.9/site-packages/airflow/example_dags/example_skip_dag.py took 0.120 seconds
[2025-05-27T19:50:10.717+0530] {processor.py:161} INFO - Started process (PID=29026) to work on /Users/zafarimam/Documents/E-Commerce Order Pipeline/airflow_venv_39/lib/python3.9/site-packages/airflow/example_dags/example_skip_dag.py
[2025-05-27T19:50:10.718+0530] {processor.py:830} INFO - Processing file /Users/zafarimam/Documents/E-Commerce Order Pipeline/airflow_venv_39/lib/python3.9/site-packages/airflow/example_dags/example_skip_dag.py for tasks to queue
[2025-05-27T19:50:10.719+0530] {logging_mixin.py:188} INFO - [2025-05-27T19:50:10.718+0530] {dagbag.py:538} INFO - Filling up the DagBag from /Users/zafarimam/Documents/E-Commerce Order Pipeline/airflow_venv_39/lib/python3.9/site-packages/airflow/example_dags/example_skip_dag.py
[2025-05-27T19:50:10.726+0530] {processor.py:840} INFO - DAG(s) 'example_skip_dag' retrieved from /Users/zafarimam/Documents/E-Commerce Order Pipeline/airflow_venv_39/lib/python3.9/site-packages/airflow/example_dags/example_skip_dag.py
[2025-05-27T19:50:10.808+0530] {logging_mixin.py:188} INFO - [2025-05-27T19:50:10.808+0530] {dag.py:3036} INFO - Sync 1 DAGs
[2025-05-27T19:50:10.821+0530] {logging_mixin.py:188} INFO - [2025-05-27T19:50:10.820+0530] {dag.py:3823} INFO - Setting next_dagrun for example_skip_dag to 2025-05-26 00:00:00+00:00, run_after=2025-05-27 00:00:00+00:00
[2025-05-27T19:50:10.834+0530] {processor.py:183} INFO - Processing /Users/zafarimam/Documents/E-Commerce Order Pipeline/airflow_venv_39/lib/python3.9/site-packages/airflow/example_dags/example_skip_dag.py took 0.118 seconds
[2025-05-27T19:51:59.575+0530] {processor.py:161} INFO - Started process (PID=29087) to work on /Users/zafarimam/Documents/E-Commerce Order Pipeline/airflow_venv_39/lib/python3.9/site-packages/airflow/example_dags/example_skip_dag.py
[2025-05-27T19:51:59.577+0530] {processor.py:830} INFO - Processing file /Users/zafarimam/Documents/E-Commerce Order Pipeline/airflow_venv_39/lib/python3.9/site-packages/airflow/example_dags/example_skip_dag.py for tasks to queue
[2025-05-27T19:51:59.577+0530] {logging_mixin.py:188} INFO - [2025-05-27T19:51:59.577+0530] {dagbag.py:538} INFO - Filling up the DagBag from /Users/zafarimam/Documents/E-Commerce Order Pipeline/airflow_venv_39/lib/python3.9/site-packages/airflow/example_dags/example_skip_dag.py
[2025-05-27T19:51:59.585+0530] {processor.py:840} INFO - DAG(s) 'example_skip_dag' retrieved from /Users/zafarimam/Documents/E-Commerce Order Pipeline/airflow_venv_39/lib/python3.9/site-packages/airflow/example_dags/example_skip_dag.py
[2025-05-27T19:51:59.668+0530] {logging_mixin.py:188} INFO - [2025-05-27T19:51:59.668+0530] {dag.py:3036} INFO - Sync 1 DAGs
[2025-05-27T19:51:59.681+0530] {logging_mixin.py:188} INFO - [2025-05-27T19:51:59.681+0530] {dag.py:3823} INFO - Setting next_dagrun for example_skip_dag to 2025-05-26 00:00:00+00:00, run_after=2025-05-27 00:00:00+00:00
[2025-05-27T19:51:59.693+0530] {processor.py:183} INFO - Processing /Users/zafarimam/Documents/E-Commerce Order Pipeline/airflow_venv_39/lib/python3.9/site-packages/airflow/example_dags/example_skip_dag.py took 0.119 seconds
