[2025-05-27T17:39:28.805+0530] {processor.py:161} INFO - Started process (PID=22866) to work on /Users/zafarimam/Documents/E-Commerce Order Pipeline/airflow_venv_39/lib/python3.9/site-packages/airflow/example_dags/example_branch_day_of_week_operator.py
[2025-05-27T17:39:28.806+0530] {processor.py:830} INFO - Processing file /Users/zafarimam/Documents/E-Commerce Order Pipeline/airflow_venv_39/lib/python3.9/site-packages/airflow/example_dags/example_branch_day_of_week_operator.py for tasks to queue
[2025-05-27T17:39:28.807+0530] {logging_mixin.py:188} INFO - [2025-05-27T17:39:28.807+0530] {dagbag.py:538} INFO - Filling up the DagBag from /Users/zafarimam/Documents/E-Commerce Order Pipeline/airflow_venv_39/lib/python3.9/site-packages/airflow/example_dags/example_branch_day_of_week_operator.py
[2025-05-27T17:39:28.818+0530] {processor.py:840} INFO - DAG(s) 'example_weekday_branch_operator' retrieved from /Users/zafarimam/Documents/E-Commerce Order Pipeline/airflow_venv_39/lib/python3.9/site-packages/airflow/example_dags/example_branch_day_of_week_operator.py
[2025-05-27T17:39:28.993+0530] {logging_mixin.py:188} INFO - [2025-05-27T17:39:28.992+0530] {dag.py:3036} INFO - Sync 1 DAGs
[2025-05-27T17:39:29.007+0530] {logging_mixin.py:188} INFO - [2025-05-27T17:39:29.007+0530] {dag.py:3823} INFO - Setting next_dagrun for example_weekday_branch_operator to 2025-05-26 00:00:00+00:00, run_after=2025-05-27 00:00:00+00:00
[2025-05-27T17:39:29.024+0530] {processor.py:183} INFO - Processing /Users/zafarimam/Documents/E-Commerce Order Pipeline/airflow_venv_39/lib/python3.9/site-packages/airflow/example_dags/example_branch_day_of_week_operator.py took 0.221 seconds
[2025-05-27T17:41:35.588+0530] {processor.py:161} INFO - Started process (PID=22946) to work on /Users/zafarimam/Documents/E-Commerce Order Pipeline/airflow_venv_39/lib/python3.9/site-packages/airflow/example_dags/example_branch_day_of_week_operator.py
[2025-05-27T17:41:35.590+0530] {processor.py:830} INFO - Processing file /Users/zafarimam/Documents/E-Commerce Order Pipeline/airflow_venv_39/lib/python3.9/site-packages/airflow/example_dags/example_branch_day_of_week_operator.py for tasks to queue
[2025-05-27T17:41:35.590+0530] {logging_mixin.py:188} INFO - [2025-05-27T17:41:35.590+0530] {dagbag.py:538} INFO - Filling up the DagBag from /Users/zafarimam/Documents/E-Commerce Order Pipeline/airflow_venv_39/lib/python3.9/site-packages/airflow/example_dags/example_branch_day_of_week_operator.py
[2025-05-27T17:41:35.601+0530] {processor.py:840} INFO - DAG(s) 'example_weekday_branch_operator' retrieved from /Users/zafarimam/Documents/E-Commerce Order Pipeline/airflow_venv_39/lib/python3.9/site-packages/airflow/example_dags/example_branch_day_of_week_operator.py
[2025-05-27T17:41:35.689+0530] {logging_mixin.py:188} INFO - [2025-05-27T17:41:35.688+0530] {dag.py:3036} INFO - Sync 1 DAGs
[2025-05-27T17:41:35.701+0530] {logging_mixin.py:188} INFO - [2025-05-27T17:41:35.701+0530] {dag.py:3823} INFO - Setting next_dagrun for example_weekday_branch_operator to 2025-05-26 00:00:00+00:00, run_after=2025-05-27 00:00:00+00:00
[2025-05-27T17:41:35.718+0530] {processor.py:183} INFO - Processing /Users/zafarimam/Documents/E-Commerce Order Pipeline/airflow_venv_39/lib/python3.9/site-packages/airflow/example_dags/example_branch_day_of_week_operator.py took 0.131 seconds
[2025-05-27T17:45:12.643+0530] {processor.py:161} INFO - Started process (PID=23065) to work on /Users/zafarimam/Documents/E-Commerce Order Pipeline/airflow_venv_39/lib/python3.9/site-packages/airflow/example_dags/example_branch_day_of_week_operator.py
[2025-05-27T17:45:12.644+0530] {processor.py:830} INFO - Processing file /Users/zafarimam/Documents/E-Commerce Order Pipeline/airflow_venv_39/lib/python3.9/site-packages/airflow/example_dags/example_branch_day_of_week_operator.py for tasks to queue
[2025-05-27T17:45:12.645+0530] {logging_mixin.py:188} INFO - [2025-05-27T17:45:12.645+0530] {dagbag.py:538} INFO - Filling up the DagBag from /Users/zafarimam/Documents/E-Commerce Order Pipeline/airflow_venv_39/lib/python3.9/site-packages/airflow/example_dags/example_branch_day_of_week_operator.py
[2025-05-27T17:45:12.656+0530] {processor.py:840} INFO - DAG(s) 'example_weekday_branch_operator' retrieved from /Users/zafarimam/Documents/E-Commerce Order Pipeline/airflow_venv_39/lib/python3.9/site-packages/airflow/example_dags/example_branch_day_of_week_operator.py
[2025-05-27T17:45:12.739+0530] {logging_mixin.py:188} INFO - [2025-05-27T17:45:12.739+0530] {dag.py:3036} INFO - Sync 1 DAGs
[2025-05-27T17:45:12.751+0530] {logging_mixin.py:188} INFO - [2025-05-27T17:45:12.751+0530] {dag.py:3823} INFO - Setting next_dagrun for example_weekday_branch_operator to 2025-05-26 00:00:00+00:00, run_after=2025-05-27 00:00:00+00:00
[2025-05-27T17:45:12.764+0530] {processor.py:183} INFO - Processing /Users/zafarimam/Documents/E-Commerce Order Pipeline/airflow_venv_39/lib/python3.9/site-packages/airflow/example_dags/example_branch_day_of_week_operator.py took 0.122 seconds
[2025-05-27T17:54:11.746+0530] {processor.py:161} INFO - Started process (PID=23801) to work on /Users/zafarimam/Documents/E-Commerce Order Pipeline/airflow_venv_39/lib/python3.9/site-packages/airflow/example_dags/example_branch_day_of_week_operator.py
[2025-05-27T17:54:11.747+0530] {processor.py:830} INFO - Processing file /Users/zafarimam/Documents/E-Commerce Order Pipeline/airflow_venv_39/lib/python3.9/site-packages/airflow/example_dags/example_branch_day_of_week_operator.py for tasks to queue
[2025-05-27T17:54:11.748+0530] {logging_mixin.py:188} INFO - [2025-05-27T17:54:11.748+0530] {dagbag.py:538} INFO - Filling up the DagBag from /Users/zafarimam/Documents/E-Commerce Order Pipeline/airflow_venv_39/lib/python3.9/site-packages/airflow/example_dags/example_branch_day_of_week_operator.py
[2025-05-27T17:54:11.759+0530] {processor.py:840} INFO - DAG(s) 'example_weekday_branch_operator' retrieved from /Users/zafarimam/Documents/E-Commerce Order Pipeline/airflow_venv_39/lib/python3.9/site-packages/airflow/example_dags/example_branch_day_of_week_operator.py
[2025-05-27T17:54:11.848+0530] {logging_mixin.py:188} INFO - [2025-05-27T17:54:11.848+0530] {dag.py:3036} INFO - Sync 1 DAGs
[2025-05-27T17:54:11.875+0530] {logging_mixin.py:188} INFO - [2025-05-27T17:54:11.875+0530] {dag.py:3823} INFO - Setting next_dagrun for example_weekday_branch_operator to 2025-05-26 00:00:00+00:00, run_after=2025-05-27 00:00:00+00:00
[2025-05-27T17:54:11.896+0530] {processor.py:183} INFO - Processing /Users/zafarimam/Documents/E-Commerce Order Pipeline/airflow_venv_39/lib/python3.9/site-packages/airflow/example_dags/example_branch_day_of_week_operator.py took 0.151 seconds
[2025-05-27T17:56:48.094+0530] {processor.py:161} INFO - Started process (PID=24090) to work on /Users/zafarimam/Documents/E-Commerce Order Pipeline/airflow_venv_39/lib/python3.9/site-packages/airflow/example_dags/example_branch_day_of_week_operator.py
[2025-05-27T17:56:48.096+0530] {processor.py:830} INFO - Processing file /Users/zafarimam/Documents/E-Commerce Order Pipeline/airflow_venv_39/lib/python3.9/site-packages/airflow/example_dags/example_branch_day_of_week_operator.py for tasks to queue
[2025-05-27T17:56:48.097+0530] {logging_mixin.py:188} INFO - [2025-05-27T17:56:48.096+0530] {dagbag.py:538} INFO - Filling up the DagBag from /Users/zafarimam/Documents/E-Commerce Order Pipeline/airflow_venv_39/lib/python3.9/site-packages/airflow/example_dags/example_branch_day_of_week_operator.py
[2025-05-27T17:56:48.108+0530] {processor.py:840} INFO - DAG(s) 'example_weekday_branch_operator' retrieved from /Users/zafarimam/Documents/E-Commerce Order Pipeline/airflow_venv_39/lib/python3.9/site-packages/airflow/example_dags/example_branch_day_of_week_operator.py
[2025-05-27T17:56:48.286+0530] {logging_mixin.py:188} INFO - [2025-05-27T17:56:48.286+0530] {dag.py:3036} INFO - Sync 1 DAGs
[2025-05-27T17:56:48.301+0530] {logging_mixin.py:188} INFO - [2025-05-27T17:56:48.301+0530] {dag.py:3823} INFO - Setting next_dagrun for example_weekday_branch_operator to 2025-05-26 00:00:00+00:00, run_after=2025-05-27 00:00:00+00:00
[2025-05-27T17:56:48.318+0530] {processor.py:183} INFO - Processing /Users/zafarimam/Documents/E-Commerce Order Pipeline/airflow_venv_39/lib/python3.9/site-packages/airflow/example_dags/example_branch_day_of_week_operator.py took 0.226 seconds
[2025-05-27T17:59:09.508+0530] {processor.py:161} INFO - Started process (PID=24890) to work on /Users/zafarimam/Documents/E-Commerce Order Pipeline/airflow_venv_39/lib/python3.9/site-packages/airflow/example_dags/example_branch_day_of_week_operator.py
[2025-05-27T17:59:09.510+0530] {processor.py:830} INFO - Processing file /Users/zafarimam/Documents/E-Commerce Order Pipeline/airflow_venv_39/lib/python3.9/site-packages/airflow/example_dags/example_branch_day_of_week_operator.py for tasks to queue
[2025-05-27T17:59:09.510+0530] {logging_mixin.py:188} INFO - [2025-05-27T17:59:09.510+0530] {dagbag.py:538} INFO - Filling up the DagBag from /Users/zafarimam/Documents/E-Commerce Order Pipeline/airflow_venv_39/lib/python3.9/site-packages/airflow/example_dags/example_branch_day_of_week_operator.py
[2025-05-27T17:59:09.522+0530] {processor.py:840} INFO - DAG(s) 'example_weekday_branch_operator' retrieved from /Users/zafarimam/Documents/E-Commerce Order Pipeline/airflow_venv_39/lib/python3.9/site-packages/airflow/example_dags/example_branch_day_of_week_operator.py
[2025-05-27T17:59:09.613+0530] {logging_mixin.py:188} INFO - [2025-05-27T17:59:09.612+0530] {dag.py:3036} INFO - Sync 1 DAGs
[2025-05-27T17:59:09.628+0530] {logging_mixin.py:188} INFO - [2025-05-27T17:59:09.627+0530] {dag.py:3823} INFO - Setting next_dagrun for example_weekday_branch_operator to 2025-05-26 00:00:00+00:00, run_after=2025-05-27 00:00:00+00:00
[2025-05-27T17:59:09.643+0530] {processor.py:183} INFO - Processing /Users/zafarimam/Documents/E-Commerce Order Pipeline/airflow_venv_39/lib/python3.9/site-packages/airflow/example_dags/example_branch_day_of_week_operator.py took 0.136 seconds
[2025-05-27T18:07:18.385+0530] {processor.py:161} INFO - Started process (PID=25137) to work on /Users/zafarimam/Documents/E-Commerce Order Pipeline/airflow_venv_39/lib/python3.9/site-packages/airflow/example_dags/example_branch_day_of_week_operator.py
[2025-05-27T18:07:18.386+0530] {processor.py:830} INFO - Processing file /Users/zafarimam/Documents/E-Commerce Order Pipeline/airflow_venv_39/lib/python3.9/site-packages/airflow/example_dags/example_branch_day_of_week_operator.py for tasks to queue
[2025-05-27T18:07:18.387+0530] {logging_mixin.py:188} INFO - [2025-05-27T18:07:18.387+0530] {dagbag.py:538} INFO - Filling up the DagBag from /Users/zafarimam/Documents/E-Commerce Order Pipeline/airflow_venv_39/lib/python3.9/site-packages/airflow/example_dags/example_branch_day_of_week_operator.py
[2025-05-27T18:07:18.397+0530] {processor.py:840} INFO - DAG(s) 'example_weekday_branch_operator' retrieved from /Users/zafarimam/Documents/E-Commerce Order Pipeline/airflow_venv_39/lib/python3.9/site-packages/airflow/example_dags/example_branch_day_of_week_operator.py
[2025-05-27T18:07:18.485+0530] {logging_mixin.py:188} INFO - [2025-05-27T18:07:18.484+0530] {dag.py:3036} INFO - Sync 1 DAGs
[2025-05-27T18:07:18.501+0530] {logging_mixin.py:188} INFO - [2025-05-27T18:07:18.501+0530] {dag.py:3823} INFO - Setting next_dagrun for example_weekday_branch_operator to 2025-05-26 00:00:00+00:00, run_after=2025-05-27 00:00:00+00:00
[2025-05-27T18:07:18.519+0530] {processor.py:183} INFO - Processing /Users/zafarimam/Documents/E-Commerce Order Pipeline/airflow_venv_39/lib/python3.9/site-packages/airflow/example_dags/example_branch_day_of_week_operator.py took 0.135 seconds
[2025-05-27T18:09:24.036+0530] {processor.py:161} INFO - Started process (PID=25200) to work on /Users/zafarimam/Documents/E-Commerce Order Pipeline/airflow_venv_39/lib/python3.9/site-packages/airflow/example_dags/example_branch_day_of_week_operator.py
[2025-05-27T18:09:24.037+0530] {processor.py:830} INFO - Processing file /Users/zafarimam/Documents/E-Commerce Order Pipeline/airflow_venv_39/lib/python3.9/site-packages/airflow/example_dags/example_branch_day_of_week_operator.py for tasks to queue
[2025-05-27T18:09:24.038+0530] {logging_mixin.py:188} INFO - [2025-05-27T18:09:24.038+0530] {dagbag.py:538} INFO - Filling up the DagBag from /Users/zafarimam/Documents/E-Commerce Order Pipeline/airflow_venv_39/lib/python3.9/site-packages/airflow/example_dags/example_branch_day_of_week_operator.py
[2025-05-27T18:09:24.048+0530] {processor.py:840} INFO - DAG(s) 'example_weekday_branch_operator' retrieved from /Users/zafarimam/Documents/E-Commerce Order Pipeline/airflow_venv_39/lib/python3.9/site-packages/airflow/example_dags/example_branch_day_of_week_operator.py
[2025-05-27T18:09:24.131+0530] {logging_mixin.py:188} INFO - [2025-05-27T18:09:24.131+0530] {dag.py:3036} INFO - Sync 1 DAGs
[2025-05-27T18:09:24.144+0530] {logging_mixin.py:188} INFO - [2025-05-27T18:09:24.144+0530] {dag.py:3823} INFO - Setting next_dagrun for example_weekday_branch_operator to 2025-05-26 00:00:00+00:00, run_after=2025-05-27 00:00:00+00:00
[2025-05-27T18:09:24.160+0530] {processor.py:183} INFO - Processing /Users/zafarimam/Documents/E-Commerce Order Pipeline/airflow_venv_39/lib/python3.9/site-packages/airflow/example_dags/example_branch_day_of_week_operator.py took 0.126 seconds
[2025-05-27T18:13:03.637+0530] {processor.py:161} INFO - Started process (PID=25314) to work on /Users/zafarimam/Documents/E-Commerce Order Pipeline/airflow_venv_39/lib/python3.9/site-packages/airflow/example_dags/example_branch_day_of_week_operator.py
[2025-05-27T18:13:03.638+0530] {processor.py:830} INFO - Processing file /Users/zafarimam/Documents/E-Commerce Order Pipeline/airflow_venv_39/lib/python3.9/site-packages/airflow/example_dags/example_branch_day_of_week_operator.py for tasks to queue
[2025-05-27T18:13:03.639+0530] {logging_mixin.py:188} INFO - [2025-05-27T18:13:03.639+0530] {dagbag.py:538} INFO - Filling up the DagBag from /Users/zafarimam/Documents/E-Commerce Order Pipeline/airflow_venv_39/lib/python3.9/site-packages/airflow/example_dags/example_branch_day_of_week_operator.py
[2025-05-27T18:13:03.649+0530] {processor.py:840} INFO - DAG(s) 'example_weekday_branch_operator' retrieved from /Users/zafarimam/Documents/E-Commerce Order Pipeline/airflow_venv_39/lib/python3.9/site-packages/airflow/example_dags/example_branch_day_of_week_operator.py
[2025-05-27T18:13:03.735+0530] {logging_mixin.py:188} INFO - [2025-05-27T18:13:03.735+0530] {dag.py:3036} INFO - Sync 1 DAGs
[2025-05-27T18:13:03.747+0530] {logging_mixin.py:188} INFO - [2025-05-27T18:13:03.747+0530] {dag.py:3823} INFO - Setting next_dagrun for example_weekday_branch_operator to 2025-05-26 00:00:00+00:00, run_after=2025-05-27 00:00:00+00:00
[2025-05-27T18:13:03.761+0530] {processor.py:183} INFO - Processing /Users/zafarimam/Documents/E-Commerce Order Pipeline/airflow_venv_39/lib/python3.9/site-packages/airflow/example_dags/example_branch_day_of_week_operator.py took 0.125 seconds
[2025-05-27T18:16:44.554+0530] {processor.py:161} INFO - Started process (PID=25448) to work on /Users/zafarimam/Documents/E-Commerce Order Pipeline/airflow_venv_39/lib/python3.9/site-packages/airflow/example_dags/example_branch_day_of_week_operator.py
[2025-05-27T18:16:44.556+0530] {processor.py:830} INFO - Processing file /Users/zafarimam/Documents/E-Commerce Order Pipeline/airflow_venv_39/lib/python3.9/site-packages/airflow/example_dags/example_branch_day_of_week_operator.py for tasks to queue
[2025-05-27T18:16:44.557+0530] {logging_mixin.py:188} INFO - [2025-05-27T18:16:44.556+0530] {dagbag.py:538} INFO - Filling up the DagBag from /Users/zafarimam/Documents/E-Commerce Order Pipeline/airflow_venv_39/lib/python3.9/site-packages/airflow/example_dags/example_branch_day_of_week_operator.py
[2025-05-27T18:16:44.567+0530] {processor.py:840} INFO - DAG(s) 'example_weekday_branch_operator' retrieved from /Users/zafarimam/Documents/E-Commerce Order Pipeline/airflow_venv_39/lib/python3.9/site-packages/airflow/example_dags/example_branch_day_of_week_operator.py
[2025-05-27T18:16:44.650+0530] {logging_mixin.py:188} INFO - [2025-05-27T18:16:44.650+0530] {dag.py:3036} INFO - Sync 1 DAGs
[2025-05-27T18:16:44.663+0530] {logging_mixin.py:188} INFO - [2025-05-27T18:16:44.662+0530] {dag.py:3823} INFO - Setting next_dagrun for example_weekday_branch_operator to 2025-05-26 00:00:00+00:00, run_after=2025-05-27 00:00:00+00:00
[2025-05-27T18:16:44.677+0530] {processor.py:183} INFO - Processing /Users/zafarimam/Documents/E-Commerce Order Pipeline/airflow_venv_39/lib/python3.9/site-packages/airflow/example_dags/example_branch_day_of_week_operator.py took 0.124 seconds
[2025-05-27T18:23:16.156+0530] {processor.py:161} INFO - Started process (PID=25722) to work on /Users/zafarimam/Documents/E-Commerce Order Pipeline/airflow_venv_39/lib/python3.9/site-packages/airflow/example_dags/example_branch_day_of_week_operator.py
[2025-05-27T18:23:16.157+0530] {processor.py:830} INFO - Processing file /Users/zafarimam/Documents/E-Commerce Order Pipeline/airflow_venv_39/lib/python3.9/site-packages/airflow/example_dags/example_branch_day_of_week_operator.py for tasks to queue
[2025-05-27T18:23:16.158+0530] {logging_mixin.py:188} INFO - [2025-05-27T18:23:16.157+0530] {dagbag.py:538} INFO - Filling up the DagBag from /Users/zafarimam/Documents/E-Commerce Order Pipeline/airflow_venv_39/lib/python3.9/site-packages/airflow/example_dags/example_branch_day_of_week_operator.py
[2025-05-27T18:23:16.168+0530] {processor.py:840} INFO - DAG(s) 'example_weekday_branch_operator' retrieved from /Users/zafarimam/Documents/E-Commerce Order Pipeline/airflow_venv_39/lib/python3.9/site-packages/airflow/example_dags/example_branch_day_of_week_operator.py
[2025-05-27T18:23:16.262+0530] {logging_mixin.py:188} INFO - [2025-05-27T18:23:16.261+0530] {dag.py:3036} INFO - Sync 1 DAGs
[2025-05-27T18:23:16.280+0530] {logging_mixin.py:188} INFO - [2025-05-27T18:23:16.280+0530] {dag.py:3823} INFO - Setting next_dagrun for example_weekday_branch_operator to 2025-05-26 00:00:00+00:00, run_after=2025-05-27 00:00:00+00:00
[2025-05-27T18:23:16.299+0530] {processor.py:183} INFO - Processing /Users/zafarimam/Documents/E-Commerce Order Pipeline/airflow_venv_39/lib/python3.9/site-packages/airflow/example_dags/example_branch_day_of_week_operator.py took 0.145 seconds
[2025-05-27T18:28:29.923+0530] {processor.py:161} INFO - Started process (PID=25892) to work on /Users/zafarimam/Documents/E-Commerce Order Pipeline/airflow_venv_39/lib/python3.9/site-packages/airflow/example_dags/example_branch_day_of_week_operator.py
[2025-05-27T18:28:29.925+0530] {processor.py:830} INFO - Processing file /Users/zafarimam/Documents/E-Commerce Order Pipeline/airflow_venv_39/lib/python3.9/site-packages/airflow/example_dags/example_branch_day_of_week_operator.py for tasks to queue
[2025-05-27T18:28:29.926+0530] {logging_mixin.py:188} INFO - [2025-05-27T18:28:29.925+0530] {dagbag.py:538} INFO - Filling up the DagBag from /Users/zafarimam/Documents/E-Commerce Order Pipeline/airflow_venv_39/lib/python3.9/site-packages/airflow/example_dags/example_branch_day_of_week_operator.py
[2025-05-27T18:28:29.936+0530] {processor.py:840} INFO - DAG(s) 'example_weekday_branch_operator' retrieved from /Users/zafarimam/Documents/E-Commerce Order Pipeline/airflow_venv_39/lib/python3.9/site-packages/airflow/example_dags/example_branch_day_of_week_operator.py
[2025-05-27T18:28:30.025+0530] {logging_mixin.py:188} INFO - [2025-05-27T18:28:30.025+0530] {dag.py:3036} INFO - Sync 1 DAGs
[2025-05-27T18:28:30.038+0530] {logging_mixin.py:188} INFO - [2025-05-27T18:28:30.038+0530] {dag.py:3823} INFO - Setting next_dagrun for example_weekday_branch_operator to 2025-05-26 00:00:00+00:00, run_after=2025-05-27 00:00:00+00:00
[2025-05-27T18:28:30.054+0530] {processor.py:183} INFO - Processing /Users/zafarimam/Documents/E-Commerce Order Pipeline/airflow_venv_39/lib/python3.9/site-packages/airflow/example_dags/example_branch_day_of_week_operator.py took 0.133 seconds
[2025-05-27T18:30:23.416+0530] {processor.py:161} INFO - Started process (PID=25954) to work on /Users/zafarimam/Documents/E-Commerce Order Pipeline/airflow_venv_39/lib/python3.9/site-packages/airflow/example_dags/example_branch_day_of_week_operator.py
[2025-05-27T18:30:23.417+0530] {processor.py:830} INFO - Processing file /Users/zafarimam/Documents/E-Commerce Order Pipeline/airflow_venv_39/lib/python3.9/site-packages/airflow/example_dags/example_branch_day_of_week_operator.py for tasks to queue
[2025-05-27T18:30:23.418+0530] {logging_mixin.py:188} INFO - [2025-05-27T18:30:23.418+0530] {dagbag.py:538} INFO - Filling up the DagBag from /Users/zafarimam/Documents/E-Commerce Order Pipeline/airflow_venv_39/lib/python3.9/site-packages/airflow/example_dags/example_branch_day_of_week_operator.py
[2025-05-27T18:30:23.428+0530] {processor.py:840} INFO - DAG(s) 'example_weekday_branch_operator' retrieved from /Users/zafarimam/Documents/E-Commerce Order Pipeline/airflow_venv_39/lib/python3.9/site-packages/airflow/example_dags/example_branch_day_of_week_operator.py
[2025-05-27T18:30:23.515+0530] {logging_mixin.py:188} INFO - [2025-05-27T18:30:23.515+0530] {dag.py:3036} INFO - Sync 1 DAGs
[2025-05-27T18:30:23.528+0530] {logging_mixin.py:188} INFO - [2025-05-27T18:30:23.528+0530] {dag.py:3823} INFO - Setting next_dagrun for example_weekday_branch_operator to 2025-05-26 00:00:00+00:00, run_after=2025-05-27 00:00:00+00:00
[2025-05-27T18:30:23.543+0530] {processor.py:183} INFO - Processing /Users/zafarimam/Documents/E-Commerce Order Pipeline/airflow_venv_39/lib/python3.9/site-packages/airflow/example_dags/example_branch_day_of_week_operator.py took 0.128 seconds
[2025-05-27T18:38:00.555+0530] {processor.py:161} INFO - Started process (PID=26237) to work on /Users/zafarimam/Documents/E-Commerce Order Pipeline/airflow_venv_39/lib/python3.9/site-packages/airflow/example_dags/example_branch_day_of_week_operator.py
[2025-05-27T18:38:00.557+0530] {processor.py:830} INFO - Processing file /Users/zafarimam/Documents/E-Commerce Order Pipeline/airflow_venv_39/lib/python3.9/site-packages/airflow/example_dags/example_branch_day_of_week_operator.py for tasks to queue
[2025-05-27T18:38:00.557+0530] {logging_mixin.py:188} INFO - [2025-05-27T18:38:00.557+0530] {dagbag.py:538} INFO - Filling up the DagBag from /Users/zafarimam/Documents/E-Commerce Order Pipeline/airflow_venv_39/lib/python3.9/site-packages/airflow/example_dags/example_branch_day_of_week_operator.py
[2025-05-27T18:38:00.568+0530] {processor.py:840} INFO - DAG(s) 'example_weekday_branch_operator' retrieved from /Users/zafarimam/Documents/E-Commerce Order Pipeline/airflow_venv_39/lib/python3.9/site-packages/airflow/example_dags/example_branch_day_of_week_operator.py
[2025-05-27T18:38:00.653+0530] {logging_mixin.py:188} INFO - [2025-05-27T18:38:00.652+0530] {dag.py:3036} INFO - Sync 1 DAGs
[2025-05-27T18:38:00.666+0530] {logging_mixin.py:188} INFO - [2025-05-27T18:38:00.666+0530] {dag.py:3823} INFO - Setting next_dagrun for example_weekday_branch_operator to 2025-05-26 00:00:00+00:00, run_after=2025-05-27 00:00:00+00:00
[2025-05-27T18:38:00.680+0530] {processor.py:183} INFO - Processing /Users/zafarimam/Documents/E-Commerce Order Pipeline/airflow_venv_39/lib/python3.9/site-packages/airflow/example_dags/example_branch_day_of_week_operator.py took 0.126 seconds
[2025-05-27T18:47:49.630+0530] {processor.py:161} INFO - Started process (PID=26749) to work on /Users/zafarimam/Documents/E-Commerce Order Pipeline/airflow_venv_39/lib/python3.9/site-packages/airflow/example_dags/example_branch_day_of_week_operator.py
[2025-05-27T18:47:49.632+0530] {processor.py:830} INFO - Processing file /Users/zafarimam/Documents/E-Commerce Order Pipeline/airflow_venv_39/lib/python3.9/site-packages/airflow/example_dags/example_branch_day_of_week_operator.py for tasks to queue
[2025-05-27T18:47:49.632+0530] {logging_mixin.py:188} INFO - [2025-05-27T18:47:49.632+0530] {dagbag.py:538} INFO - Filling up the DagBag from /Users/zafarimam/Documents/E-Commerce Order Pipeline/airflow_venv_39/lib/python3.9/site-packages/airflow/example_dags/example_branch_day_of_week_operator.py
[2025-05-27T18:47:49.642+0530] {processor.py:840} INFO - DAG(s) 'example_weekday_branch_operator' retrieved from /Users/zafarimam/Documents/E-Commerce Order Pipeline/airflow_venv_39/lib/python3.9/site-packages/airflow/example_dags/example_branch_day_of_week_operator.py
[2025-05-27T18:47:49.788+0530] {logging_mixin.py:188} INFO - [2025-05-27T18:47:49.787+0530] {dag.py:3036} INFO - Sync 1 DAGs
[2025-05-27T18:47:49.800+0530] {logging_mixin.py:188} INFO - [2025-05-27T18:47:49.800+0530] {dag.py:3823} INFO - Setting next_dagrun for example_weekday_branch_operator to 2025-05-26 00:00:00+00:00, run_after=2025-05-27 00:00:00+00:00
[2025-05-27T18:47:49.815+0530] {processor.py:183} INFO - Processing /Users/zafarimam/Documents/E-Commerce Order Pipeline/airflow_venv_39/lib/python3.9/site-packages/airflow/example_dags/example_branch_day_of_week_operator.py took 0.186 seconds
[2025-05-27T18:49:44.879+0530] {processor.py:161} INFO - Started process (PID=26831) to work on /Users/zafarimam/Documents/E-Commerce Order Pipeline/airflow_venv_39/lib/python3.9/site-packages/airflow/example_dags/example_branch_day_of_week_operator.py
[2025-05-27T18:49:44.880+0530] {processor.py:830} INFO - Processing file /Users/zafarimam/Documents/E-Commerce Order Pipeline/airflow_venv_39/lib/python3.9/site-packages/airflow/example_dags/example_branch_day_of_week_operator.py for tasks to queue
[2025-05-27T18:49:44.881+0530] {logging_mixin.py:188} INFO - [2025-05-27T18:49:44.880+0530] {dagbag.py:538} INFO - Filling up the DagBag from /Users/zafarimam/Documents/E-Commerce Order Pipeline/airflow_venv_39/lib/python3.9/site-packages/airflow/example_dags/example_branch_day_of_week_operator.py
[2025-05-27T18:49:44.891+0530] {processor.py:840} INFO - DAG(s) 'example_weekday_branch_operator' retrieved from /Users/zafarimam/Documents/E-Commerce Order Pipeline/airflow_venv_39/lib/python3.9/site-packages/airflow/example_dags/example_branch_day_of_week_operator.py
[2025-05-27T18:49:44.978+0530] {logging_mixin.py:188} INFO - [2025-05-27T18:49:44.978+0530] {dag.py:3036} INFO - Sync 1 DAGs
[2025-05-27T18:49:44.990+0530] {logging_mixin.py:188} INFO - [2025-05-27T18:49:44.990+0530] {dag.py:3823} INFO - Setting next_dagrun for example_weekday_branch_operator to 2025-05-26 00:00:00+00:00, run_after=2025-05-27 00:00:00+00:00
[2025-05-27T18:49:45.009+0530] {processor.py:183} INFO - Processing /Users/zafarimam/Documents/E-Commerce Order Pipeline/airflow_venv_39/lib/python3.9/site-packages/airflow/example_dags/example_branch_day_of_week_operator.py took 0.132 seconds
[2025-05-27T18:53:39.156+0530] {processor.py:161} INFO - Started process (PID=26978) to work on /Users/zafarimam/Documents/E-Commerce Order Pipeline/airflow_venv_39/lib/python3.9/site-packages/airflow/example_dags/example_branch_day_of_week_operator.py
[2025-05-27T18:53:39.158+0530] {processor.py:830} INFO - Processing file /Users/zafarimam/Documents/E-Commerce Order Pipeline/airflow_venv_39/lib/python3.9/site-packages/airflow/example_dags/example_branch_day_of_week_operator.py for tasks to queue
[2025-05-27T18:53:39.158+0530] {logging_mixin.py:188} INFO - [2025-05-27T18:53:39.158+0530] {dagbag.py:538} INFO - Filling up the DagBag from /Users/zafarimam/Documents/E-Commerce Order Pipeline/airflow_venv_39/lib/python3.9/site-packages/airflow/example_dags/example_branch_day_of_week_operator.py
[2025-05-27T18:53:39.169+0530] {processor.py:840} INFO - DAG(s) 'example_weekday_branch_operator' retrieved from /Users/zafarimam/Documents/E-Commerce Order Pipeline/airflow_venv_39/lib/python3.9/site-packages/airflow/example_dags/example_branch_day_of_week_operator.py
[2025-05-27T18:53:39.258+0530] {logging_mixin.py:188} INFO - [2025-05-27T18:53:39.257+0530] {dag.py:3036} INFO - Sync 1 DAGs
[2025-05-27T18:53:39.270+0530] {logging_mixin.py:188} INFO - [2025-05-27T18:53:39.270+0530] {dag.py:3823} INFO - Setting next_dagrun for example_weekday_branch_operator to 2025-05-26 00:00:00+00:00, run_after=2025-05-27 00:00:00+00:00
[2025-05-27T18:53:39.285+0530] {processor.py:183} INFO - Processing /Users/zafarimam/Documents/E-Commerce Order Pipeline/airflow_venv_39/lib/python3.9/site-packages/airflow/example_dags/example_branch_day_of_week_operator.py took 0.130 seconds
[2025-05-27T18:57:48.603+0530] {processor.py:161} INFO - Started process (PID=27140) to work on /Users/zafarimam/Documents/E-Commerce Order Pipeline/airflow_venv_39/lib/python3.9/site-packages/airflow/example_dags/example_branch_day_of_week_operator.py
[2025-05-27T18:57:48.605+0530] {processor.py:830} INFO - Processing file /Users/zafarimam/Documents/E-Commerce Order Pipeline/airflow_venv_39/lib/python3.9/site-packages/airflow/example_dags/example_branch_day_of_week_operator.py for tasks to queue
[2025-05-27T18:57:48.605+0530] {logging_mixin.py:188} INFO - [2025-05-27T18:57:48.605+0530] {dagbag.py:538} INFO - Filling up the DagBag from /Users/zafarimam/Documents/E-Commerce Order Pipeline/airflow_venv_39/lib/python3.9/site-packages/airflow/example_dags/example_branch_day_of_week_operator.py
[2025-05-27T18:57:48.616+0530] {processor.py:840} INFO - DAG(s) 'example_weekday_branch_operator' retrieved from /Users/zafarimam/Documents/E-Commerce Order Pipeline/airflow_venv_39/lib/python3.9/site-packages/airflow/example_dags/example_branch_day_of_week_operator.py
[2025-05-27T18:57:48.701+0530] {logging_mixin.py:188} INFO - [2025-05-27T18:57:48.701+0530] {dag.py:3036} INFO - Sync 1 DAGs
[2025-05-27T18:57:48.714+0530] {logging_mixin.py:188} INFO - [2025-05-27T18:57:48.713+0530] {dag.py:3823} INFO - Setting next_dagrun for example_weekday_branch_operator to 2025-05-26 00:00:00+00:00, run_after=2025-05-27 00:00:00+00:00
[2025-05-27T18:57:48.728+0530] {processor.py:183} INFO - Processing /Users/zafarimam/Documents/E-Commerce Order Pipeline/airflow_venv_39/lib/python3.9/site-packages/airflow/example_dags/example_branch_day_of_week_operator.py took 0.126 seconds
[2025-05-27T19:01:59.839+0530] {processor.py:161} INFO - Started process (PID=27311) to work on /Users/zafarimam/Documents/E-Commerce Order Pipeline/airflow_venv_39/lib/python3.9/site-packages/airflow/example_dags/example_branch_day_of_week_operator.py
[2025-05-27T19:01:59.840+0530] {processor.py:830} INFO - Processing file /Users/zafarimam/Documents/E-Commerce Order Pipeline/airflow_venv_39/lib/python3.9/site-packages/airflow/example_dags/example_branch_day_of_week_operator.py for tasks to queue
[2025-05-27T19:01:59.841+0530] {logging_mixin.py:188} INFO - [2025-05-27T19:01:59.841+0530] {dagbag.py:538} INFO - Filling up the DagBag from /Users/zafarimam/Documents/E-Commerce Order Pipeline/airflow_venv_39/lib/python3.9/site-packages/airflow/example_dags/example_branch_day_of_week_operator.py
[2025-05-27T19:01:59.851+0530] {processor.py:840} INFO - DAG(s) 'example_weekday_branch_operator' retrieved from /Users/zafarimam/Documents/E-Commerce Order Pipeline/airflow_venv_39/lib/python3.9/site-packages/airflow/example_dags/example_branch_day_of_week_operator.py
[2025-05-27T19:01:59.934+0530] {logging_mixin.py:188} INFO - [2025-05-27T19:01:59.934+0530] {dag.py:3036} INFO - Sync 1 DAGs
[2025-05-27T19:01:59.946+0530] {logging_mixin.py:188} INFO - [2025-05-27T19:01:59.946+0530] {dag.py:3823} INFO - Setting next_dagrun for example_weekday_branch_operator to 2025-05-26 00:00:00+00:00, run_after=2025-05-27 00:00:00+00:00
[2025-05-27T19:01:59.965+0530] {processor.py:183} INFO - Processing /Users/zafarimam/Documents/E-Commerce Order Pipeline/airflow_venv_39/lib/python3.9/site-packages/airflow/example_dags/example_branch_day_of_week_operator.py took 0.127 seconds
[2025-05-27T19:05:58.463+0530] {processor.py:161} INFO - Started process (PID=27431) to work on /Users/zafarimam/Documents/E-Commerce Order Pipeline/airflow_venv_39/lib/python3.9/site-packages/airflow/example_dags/example_branch_day_of_week_operator.py
[2025-05-27T19:05:58.464+0530] {processor.py:830} INFO - Processing file /Users/zafarimam/Documents/E-Commerce Order Pipeline/airflow_venv_39/lib/python3.9/site-packages/airflow/example_dags/example_branch_day_of_week_operator.py for tasks to queue
[2025-05-27T19:05:58.465+0530] {logging_mixin.py:188} INFO - [2025-05-27T19:05:58.465+0530] {dagbag.py:538} INFO - Filling up the DagBag from /Users/zafarimam/Documents/E-Commerce Order Pipeline/airflow_venv_39/lib/python3.9/site-packages/airflow/example_dags/example_branch_day_of_week_operator.py
[2025-05-27T19:05:58.475+0530] {processor.py:840} INFO - DAG(s) 'example_weekday_branch_operator' retrieved from /Users/zafarimam/Documents/E-Commerce Order Pipeline/airflow_venv_39/lib/python3.9/site-packages/airflow/example_dags/example_branch_day_of_week_operator.py
[2025-05-27T19:05:58.570+0530] {logging_mixin.py:188} INFO - [2025-05-27T19:05:58.569+0530] {dag.py:3036} INFO - Sync 1 DAGs
[2025-05-27T19:05:58.584+0530] {logging_mixin.py:188} INFO - [2025-05-27T19:05:58.584+0530] {dag.py:3823} INFO - Setting next_dagrun for example_weekday_branch_operator to 2025-05-26 00:00:00+00:00, run_after=2025-05-27 00:00:00+00:00
[2025-05-27T19:05:58.600+0530] {processor.py:183} INFO - Processing /Users/zafarimam/Documents/E-Commerce Order Pipeline/airflow_venv_39/lib/python3.9/site-packages/airflow/example_dags/example_branch_day_of_week_operator.py took 0.139 seconds
[2025-05-27T19:09:53.510+0530] {processor.py:161} INFO - Started process (PID=27582) to work on /Users/zafarimam/Documents/E-Commerce Order Pipeline/airflow_venv_39/lib/python3.9/site-packages/airflow/example_dags/example_branch_day_of_week_operator.py
[2025-05-27T19:09:53.511+0530] {processor.py:830} INFO - Processing file /Users/zafarimam/Documents/E-Commerce Order Pipeline/airflow_venv_39/lib/python3.9/site-packages/airflow/example_dags/example_branch_day_of_week_operator.py for tasks to queue
[2025-05-27T19:09:53.512+0530] {logging_mixin.py:188} INFO - [2025-05-27T19:09:53.512+0530] {dagbag.py:538} INFO - Filling up the DagBag from /Users/zafarimam/Documents/E-Commerce Order Pipeline/airflow_venv_39/lib/python3.9/site-packages/airflow/example_dags/example_branch_day_of_week_operator.py
[2025-05-27T19:09:53.521+0530] {processor.py:840} INFO - DAG(s) 'example_weekday_branch_operator' retrieved from /Users/zafarimam/Documents/E-Commerce Order Pipeline/airflow_venv_39/lib/python3.9/site-packages/airflow/example_dags/example_branch_day_of_week_operator.py
[2025-05-27T19:09:53.600+0530] {logging_mixin.py:188} INFO - [2025-05-27T19:09:53.600+0530] {dag.py:3036} INFO - Sync 1 DAGs
[2025-05-27T19:09:53.613+0530] {logging_mixin.py:188} INFO - [2025-05-27T19:09:53.613+0530] {dag.py:3823} INFO - Setting next_dagrun for example_weekday_branch_operator to 2025-05-26 00:00:00+00:00, run_after=2025-05-27 00:00:00+00:00
[2025-05-27T19:09:53.627+0530] {processor.py:183} INFO - Processing /Users/zafarimam/Documents/E-Commerce Order Pipeline/airflow_venv_39/lib/python3.9/site-packages/airflow/example_dags/example_branch_day_of_week_operator.py took 0.118 seconds
[2025-05-27T19:13:15.756+0530] {processor.py:161} INFO - Started process (PID=27688) to work on /Users/zafarimam/Documents/E-Commerce Order Pipeline/airflow_venv_39/lib/python3.9/site-packages/airflow/example_dags/example_branch_day_of_week_operator.py
[2025-05-27T19:13:15.757+0530] {processor.py:830} INFO - Processing file /Users/zafarimam/Documents/E-Commerce Order Pipeline/airflow_venv_39/lib/python3.9/site-packages/airflow/example_dags/example_branch_day_of_week_operator.py for tasks to queue
[2025-05-27T19:13:15.758+0530] {logging_mixin.py:188} INFO - [2025-05-27T19:13:15.758+0530] {dagbag.py:538} INFO - Filling up the DagBag from /Users/zafarimam/Documents/E-Commerce Order Pipeline/airflow_venv_39/lib/python3.9/site-packages/airflow/example_dags/example_branch_day_of_week_operator.py
[2025-05-27T19:13:15.767+0530] {processor.py:840} INFO - DAG(s) 'example_weekday_branch_operator' retrieved from /Users/zafarimam/Documents/E-Commerce Order Pipeline/airflow_venv_39/lib/python3.9/site-packages/airflow/example_dags/example_branch_day_of_week_operator.py
[2025-05-27T19:13:15.846+0530] {logging_mixin.py:188} INFO - [2025-05-27T19:13:15.846+0530] {dag.py:3036} INFO - Sync 1 DAGs
[2025-05-27T19:13:15.858+0530] {logging_mixin.py:188} INFO - [2025-05-27T19:13:15.858+0530] {dag.py:3823} INFO - Setting next_dagrun for example_weekday_branch_operator to 2025-05-26 00:00:00+00:00, run_after=2025-05-27 00:00:00+00:00
[2025-05-27T19:13:15.876+0530] {processor.py:183} INFO - Processing /Users/zafarimam/Documents/E-Commerce Order Pipeline/airflow_venv_39/lib/python3.9/site-packages/airflow/example_dags/example_branch_day_of_week_operator.py took 0.121 seconds
[2025-05-27T19:16:36.076+0530] {processor.py:161} INFO - Started process (PID=27794) to work on /Users/zafarimam/Documents/E-Commerce Order Pipeline/airflow_venv_39/lib/python3.9/site-packages/airflow/example_dags/example_branch_day_of_week_operator.py
[2025-05-27T19:16:36.077+0530] {processor.py:830} INFO - Processing file /Users/zafarimam/Documents/E-Commerce Order Pipeline/airflow_venv_39/lib/python3.9/site-packages/airflow/example_dags/example_branch_day_of_week_operator.py for tasks to queue
[2025-05-27T19:16:36.077+0530] {logging_mixin.py:188} INFO - [2025-05-27T19:16:36.077+0530] {dagbag.py:538} INFO - Filling up the DagBag from /Users/zafarimam/Documents/E-Commerce Order Pipeline/airflow_venv_39/lib/python3.9/site-packages/airflow/example_dags/example_branch_day_of_week_operator.py
[2025-05-27T19:16:36.086+0530] {processor.py:840} INFO - DAG(s) 'example_weekday_branch_operator' retrieved from /Users/zafarimam/Documents/E-Commerce Order Pipeline/airflow_venv_39/lib/python3.9/site-packages/airflow/example_dags/example_branch_day_of_week_operator.py
[2025-05-27T19:16:36.166+0530] {logging_mixin.py:188} INFO - [2025-05-27T19:16:36.166+0530] {dag.py:3036} INFO - Sync 1 DAGs
[2025-05-27T19:16:36.179+0530] {logging_mixin.py:188} INFO - [2025-05-27T19:16:36.178+0530] {dag.py:3823} INFO - Setting next_dagrun for example_weekday_branch_operator to 2025-05-26 00:00:00+00:00, run_after=2025-05-27 00:00:00+00:00
[2025-05-27T19:16:36.196+0530] {processor.py:183} INFO - Processing /Users/zafarimam/Documents/E-Commerce Order Pipeline/airflow_venv_39/lib/python3.9/site-packages/airflow/example_dags/example_branch_day_of_week_operator.py took 0.122 seconds
[2025-05-27T19:19:57.173+0530] {processor.py:161} INFO - Started process (PID=27934) to work on /Users/zafarimam/Documents/E-Commerce Order Pipeline/airflow_venv_39/lib/python3.9/site-packages/airflow/example_dags/example_branch_day_of_week_operator.py
[2025-05-27T19:19:57.173+0530] {processor.py:830} INFO - Processing file /Users/zafarimam/Documents/E-Commerce Order Pipeline/airflow_venv_39/lib/python3.9/site-packages/airflow/example_dags/example_branch_day_of_week_operator.py for tasks to queue
[2025-05-27T19:19:57.174+0530] {logging_mixin.py:188} INFO - [2025-05-27T19:19:57.174+0530] {dagbag.py:538} INFO - Filling up the DagBag from /Users/zafarimam/Documents/E-Commerce Order Pipeline/airflow_venv_39/lib/python3.9/site-packages/airflow/example_dags/example_branch_day_of_week_operator.py
[2025-05-27T19:19:57.183+0530] {processor.py:840} INFO - DAG(s) 'example_weekday_branch_operator' retrieved from /Users/zafarimam/Documents/E-Commerce Order Pipeline/airflow_venv_39/lib/python3.9/site-packages/airflow/example_dags/example_branch_day_of_week_operator.py
[2025-05-27T19:19:57.260+0530] {logging_mixin.py:188} INFO - [2025-05-27T19:19:57.260+0530] {dag.py:3036} INFO - Sync 1 DAGs
[2025-05-27T19:19:57.272+0530] {logging_mixin.py:188} INFO - [2025-05-27T19:19:57.272+0530] {dag.py:3823} INFO - Setting next_dagrun for example_weekday_branch_operator to 2025-05-26 00:00:00+00:00, run_after=2025-05-27 00:00:00+00:00
[2025-05-27T19:19:57.286+0530] {processor.py:183} INFO - Processing /Users/zafarimam/Documents/E-Commerce Order Pipeline/airflow_venv_39/lib/python3.9/site-packages/airflow/example_dags/example_branch_day_of_week_operator.py took 0.114 seconds
[2025-05-27T19:23:17.728+0530] {processor.py:161} INFO - Started process (PID=28050) to work on /Users/zafarimam/Documents/E-Commerce Order Pipeline/airflow_venv_39/lib/python3.9/site-packages/airflow/example_dags/example_branch_day_of_week_operator.py
[2025-05-27T19:23:17.729+0530] {processor.py:830} INFO - Processing file /Users/zafarimam/Documents/E-Commerce Order Pipeline/airflow_venv_39/lib/python3.9/site-packages/airflow/example_dags/example_branch_day_of_week_operator.py for tasks to queue
[2025-05-27T19:23:17.729+0530] {logging_mixin.py:188} INFO - [2025-05-27T19:23:17.729+0530] {dagbag.py:538} INFO - Filling up the DagBag from /Users/zafarimam/Documents/E-Commerce Order Pipeline/airflow_venv_39/lib/python3.9/site-packages/airflow/example_dags/example_branch_day_of_week_operator.py
[2025-05-27T19:23:17.738+0530] {processor.py:840} INFO - DAG(s) 'example_weekday_branch_operator' retrieved from /Users/zafarimam/Documents/E-Commerce Order Pipeline/airflow_venv_39/lib/python3.9/site-packages/airflow/example_dags/example_branch_day_of_week_operator.py
[2025-05-27T19:23:17.817+0530] {logging_mixin.py:188} INFO - [2025-05-27T19:23:17.817+0530] {dag.py:3036} INFO - Sync 1 DAGs
[2025-05-27T19:23:17.830+0530] {logging_mixin.py:188} INFO - [2025-05-27T19:23:17.829+0530] {dag.py:3823} INFO - Setting next_dagrun for example_weekday_branch_operator to 2025-05-26 00:00:00+00:00, run_after=2025-05-27 00:00:00+00:00
[2025-05-27T19:23:17.847+0530] {processor.py:183} INFO - Processing /Users/zafarimam/Documents/E-Commerce Order Pipeline/airflow_venv_39/lib/python3.9/site-packages/airflow/example_dags/example_branch_day_of_week_operator.py took 0.120 seconds
[2025-05-27T19:26:38.595+0530] {processor.py:161} INFO - Started process (PID=28156) to work on /Users/zafarimam/Documents/E-Commerce Order Pipeline/airflow_venv_39/lib/python3.9/site-packages/airflow/example_dags/example_branch_day_of_week_operator.py
[2025-05-27T19:26:38.596+0530] {processor.py:830} INFO - Processing file /Users/zafarimam/Documents/E-Commerce Order Pipeline/airflow_venv_39/lib/python3.9/site-packages/airflow/example_dags/example_branch_day_of_week_operator.py for tasks to queue
[2025-05-27T19:26:38.596+0530] {logging_mixin.py:188} INFO - [2025-05-27T19:26:38.596+0530] {dagbag.py:538} INFO - Filling up the DagBag from /Users/zafarimam/Documents/E-Commerce Order Pipeline/airflow_venv_39/lib/python3.9/site-packages/airflow/example_dags/example_branch_day_of_week_operator.py
[2025-05-27T19:26:38.605+0530] {processor.py:840} INFO - DAG(s) 'example_weekday_branch_operator' retrieved from /Users/zafarimam/Documents/E-Commerce Order Pipeline/airflow_venv_39/lib/python3.9/site-packages/airflow/example_dags/example_branch_day_of_week_operator.py
[2025-05-27T19:26:38.685+0530] {logging_mixin.py:188} INFO - [2025-05-27T19:26:38.685+0530] {dag.py:3036} INFO - Sync 1 DAGs
[2025-05-27T19:26:38.697+0530] {logging_mixin.py:188} INFO - [2025-05-27T19:26:38.697+0530] {dag.py:3823} INFO - Setting next_dagrun for example_weekday_branch_operator to 2025-05-26 00:00:00+00:00, run_after=2025-05-27 00:00:00+00:00
[2025-05-27T19:26:38.710+0530] {processor.py:183} INFO - Processing /Users/zafarimam/Documents/E-Commerce Order Pipeline/airflow_venv_39/lib/python3.9/site-packages/airflow/example_dags/example_branch_day_of_week_operator.py took 0.117 seconds
[2025-05-27T19:29:58.665+0530] {processor.py:161} INFO - Started process (PID=28262) to work on /Users/zafarimam/Documents/E-Commerce Order Pipeline/airflow_venv_39/lib/python3.9/site-packages/airflow/example_dags/example_branch_day_of_week_operator.py
[2025-05-27T19:29:58.666+0530] {processor.py:830} INFO - Processing file /Users/zafarimam/Documents/E-Commerce Order Pipeline/airflow_venv_39/lib/python3.9/site-packages/airflow/example_dags/example_branch_day_of_week_operator.py for tasks to queue
[2025-05-27T19:29:58.666+0530] {logging_mixin.py:188} INFO - [2025-05-27T19:29:58.666+0530] {dagbag.py:538} INFO - Filling up the DagBag from /Users/zafarimam/Documents/E-Commerce Order Pipeline/airflow_venv_39/lib/python3.9/site-packages/airflow/example_dags/example_branch_day_of_week_operator.py
[2025-05-27T19:29:58.676+0530] {processor.py:840} INFO - DAG(s) 'example_weekday_branch_operator' retrieved from /Users/zafarimam/Documents/E-Commerce Order Pipeline/airflow_venv_39/lib/python3.9/site-packages/airflow/example_dags/example_branch_day_of_week_operator.py
[2025-05-27T19:29:58.754+0530] {logging_mixin.py:188} INFO - [2025-05-27T19:29:58.754+0530] {dag.py:3036} INFO - Sync 1 DAGs
[2025-05-27T19:29:58.767+0530] {logging_mixin.py:188} INFO - [2025-05-27T19:29:58.767+0530] {dag.py:3823} INFO - Setting next_dagrun for example_weekday_branch_operator to 2025-05-26 00:00:00+00:00, run_after=2025-05-27 00:00:00+00:00
[2025-05-27T19:29:58.784+0530] {processor.py:183} INFO - Processing /Users/zafarimam/Documents/E-Commerce Order Pipeline/airflow_venv_39/lib/python3.9/site-packages/airflow/example_dags/example_branch_day_of_week_operator.py took 0.120 seconds
[2025-05-27T19:33:40.365+0530] {processor.py:161} INFO - Started process (PID=28396) to work on /Users/zafarimam/Documents/E-Commerce Order Pipeline/airflow_venv_39/lib/python3.9/site-packages/airflow/example_dags/example_branch_day_of_week_operator.py
[2025-05-27T19:33:40.366+0530] {processor.py:830} INFO - Processing file /Users/zafarimam/Documents/E-Commerce Order Pipeline/airflow_venv_39/lib/python3.9/site-packages/airflow/example_dags/example_branch_day_of_week_operator.py for tasks to queue
[2025-05-27T19:33:40.367+0530] {logging_mixin.py:188} INFO - [2025-05-27T19:33:40.366+0530] {dagbag.py:538} INFO - Filling up the DagBag from /Users/zafarimam/Documents/E-Commerce Order Pipeline/airflow_venv_39/lib/python3.9/site-packages/airflow/example_dags/example_branch_day_of_week_operator.py
[2025-05-27T19:33:40.376+0530] {processor.py:840} INFO - DAG(s) 'example_weekday_branch_operator' retrieved from /Users/zafarimam/Documents/E-Commerce Order Pipeline/airflow_venv_39/lib/python3.9/site-packages/airflow/example_dags/example_branch_day_of_week_operator.py
[2025-05-27T19:33:40.457+0530] {logging_mixin.py:188} INFO - [2025-05-27T19:33:40.457+0530] {dag.py:3036} INFO - Sync 1 DAGs
[2025-05-27T19:33:40.470+0530] {logging_mixin.py:188} INFO - [2025-05-27T19:33:40.470+0530] {dag.py:3823} INFO - Setting next_dagrun for example_weekday_branch_operator to 2025-05-26 00:00:00+00:00, run_after=2025-05-27 00:00:00+00:00
[2025-05-27T19:33:40.488+0530] {processor.py:183} INFO - Processing /Users/zafarimam/Documents/E-Commerce Order Pipeline/airflow_venv_39/lib/python3.9/site-packages/airflow/example_dags/example_branch_day_of_week_operator.py took 0.124 seconds
[2025-05-27T19:37:03.131+0530] {processor.py:161} INFO - Started process (PID=28503) to work on /Users/zafarimam/Documents/E-Commerce Order Pipeline/airflow_venv_39/lib/python3.9/site-packages/airflow/example_dags/example_branch_day_of_week_operator.py
[2025-05-27T19:37:03.132+0530] {processor.py:830} INFO - Processing file /Users/zafarimam/Documents/E-Commerce Order Pipeline/airflow_venv_39/lib/python3.9/site-packages/airflow/example_dags/example_branch_day_of_week_operator.py for tasks to queue
[2025-05-27T19:37:03.133+0530] {logging_mixin.py:188} INFO - [2025-05-27T19:37:03.133+0530] {dagbag.py:538} INFO - Filling up the DagBag from /Users/zafarimam/Documents/E-Commerce Order Pipeline/airflow_venv_39/lib/python3.9/site-packages/airflow/example_dags/example_branch_day_of_week_operator.py
[2025-05-27T19:37:03.142+0530] {processor.py:840} INFO - DAG(s) 'example_weekday_branch_operator' retrieved from /Users/zafarimam/Documents/E-Commerce Order Pipeline/airflow_venv_39/lib/python3.9/site-packages/airflow/example_dags/example_branch_day_of_week_operator.py
[2025-05-27T19:37:03.220+0530] {logging_mixin.py:188} INFO - [2025-05-27T19:37:03.219+0530] {dag.py:3036} INFO - Sync 1 DAGs
[2025-05-27T19:37:03.232+0530] {logging_mixin.py:188} INFO - [2025-05-27T19:37:03.232+0530] {dag.py:3823} INFO - Setting next_dagrun for example_weekday_branch_operator to 2025-05-26 00:00:00+00:00, run_after=2025-05-27 00:00:00+00:00
[2025-05-27T19:37:03.250+0530] {processor.py:183} INFO - Processing /Users/zafarimam/Documents/E-Commerce Order Pipeline/airflow_venv_39/lib/python3.9/site-packages/airflow/example_dags/example_branch_day_of_week_operator.py took 0.119 seconds
[2025-05-27T19:40:20.926+0530] {processor.py:161} INFO - Started process (PID=28603) to work on /Users/zafarimam/Documents/E-Commerce Order Pipeline/airflow_venv_39/lib/python3.9/site-packages/airflow/example_dags/example_branch_day_of_week_operator.py
[2025-05-27T19:40:20.927+0530] {processor.py:830} INFO - Processing file /Users/zafarimam/Documents/E-Commerce Order Pipeline/airflow_venv_39/lib/python3.9/site-packages/airflow/example_dags/example_branch_day_of_week_operator.py for tasks to queue
[2025-05-27T19:40:20.927+0530] {logging_mixin.py:188} INFO - [2025-05-27T19:40:20.927+0530] {dagbag.py:538} INFO - Filling up the DagBag from /Users/zafarimam/Documents/E-Commerce Order Pipeline/airflow_venv_39/lib/python3.9/site-packages/airflow/example_dags/example_branch_day_of_week_operator.py
[2025-05-27T19:40:20.936+0530] {processor.py:840} INFO - DAG(s) 'example_weekday_branch_operator' retrieved from /Users/zafarimam/Documents/E-Commerce Order Pipeline/airflow_venv_39/lib/python3.9/site-packages/airflow/example_dags/example_branch_day_of_week_operator.py
[2025-05-27T19:40:21.014+0530] {logging_mixin.py:188} INFO - [2025-05-27T19:40:21.014+0530] {dag.py:3036} INFO - Sync 1 DAGs
[2025-05-27T19:40:21.027+0530] {logging_mixin.py:188} INFO - [2025-05-27T19:40:21.027+0530] {dag.py:3823} INFO - Setting next_dagrun for example_weekday_branch_operator to 2025-05-26 00:00:00+00:00, run_after=2025-05-27 00:00:00+00:00
[2025-05-27T19:40:21.044+0530] {processor.py:183} INFO - Processing /Users/zafarimam/Documents/E-Commerce Order Pipeline/airflow_venv_39/lib/python3.9/site-packages/airflow/example_dags/example_branch_day_of_week_operator.py took 0.120 seconds
[2025-05-27T19:43:51.493+0530] {processor.py:161} INFO - Started process (PID=28729) to work on /Users/zafarimam/Documents/E-Commerce Order Pipeline/airflow_venv_39/lib/python3.9/site-packages/airflow/example_dags/example_branch_day_of_week_operator.py
[2025-05-27T19:43:51.495+0530] {processor.py:830} INFO - Processing file /Users/zafarimam/Documents/E-Commerce Order Pipeline/airflow_venv_39/lib/python3.9/site-packages/airflow/example_dags/example_branch_day_of_week_operator.py for tasks to queue
[2025-05-27T19:43:51.496+0530] {logging_mixin.py:188} INFO - [2025-05-27T19:43:51.495+0530] {dagbag.py:538} INFO - Filling up the DagBag from /Users/zafarimam/Documents/E-Commerce Order Pipeline/airflow_venv_39/lib/python3.9/site-packages/airflow/example_dags/example_branch_day_of_week_operator.py
[2025-05-27T19:43:51.509+0530] {processor.py:840} INFO - DAG(s) 'example_weekday_branch_operator' retrieved from /Users/zafarimam/Documents/E-Commerce Order Pipeline/airflow_venv_39/lib/python3.9/site-packages/airflow/example_dags/example_branch_day_of_week_operator.py
[2025-05-27T19:43:51.665+0530] {logging_mixin.py:188} INFO - [2025-05-27T19:43:51.665+0530] {dag.py:3036} INFO - Sync 1 DAGs
[2025-05-27T19:43:51.695+0530] {logging_mixin.py:188} INFO - [2025-05-27T19:43:51.694+0530] {dag.py:3823} INFO - Setting next_dagrun for example_weekday_branch_operator to 2025-05-26 00:00:00+00:00, run_after=2025-05-27 00:00:00+00:00
[2025-05-27T19:43:51.738+0530] {processor.py:183} INFO - Processing /Users/zafarimam/Documents/E-Commerce Order Pipeline/airflow_venv_39/lib/python3.9/site-packages/airflow/example_dags/example_branch_day_of_week_operator.py took 0.246 seconds
[2025-05-27T19:47:43.058+0530] {processor.py:161} INFO - Started process (PID=28924) to work on /Users/zafarimam/Documents/E-Commerce Order Pipeline/airflow_venv_39/lib/python3.9/site-packages/airflow/example_dags/example_branch_day_of_week_operator.py
[2025-05-27T19:47:43.060+0530] {processor.py:830} INFO - Processing file /Users/zafarimam/Documents/E-Commerce Order Pipeline/airflow_venv_39/lib/python3.9/site-packages/airflow/example_dags/example_branch_day_of_week_operator.py for tasks to queue
[2025-05-27T19:47:43.060+0530] {logging_mixin.py:188} INFO - [2025-05-27T19:47:43.060+0530] {dagbag.py:538} INFO - Filling up the DagBag from /Users/zafarimam/Documents/E-Commerce Order Pipeline/airflow_venv_39/lib/python3.9/site-packages/airflow/example_dags/example_branch_day_of_week_operator.py
[2025-05-27T19:47:43.070+0530] {processor.py:840} INFO - DAG(s) 'example_weekday_branch_operator' retrieved from /Users/zafarimam/Documents/E-Commerce Order Pipeline/airflow_venv_39/lib/python3.9/site-packages/airflow/example_dags/example_branch_day_of_week_operator.py
[2025-05-27T19:47:43.152+0530] {logging_mixin.py:188} INFO - [2025-05-27T19:47:43.152+0530] {dag.py:3036} INFO - Sync 1 DAGs
[2025-05-27T19:47:43.165+0530] {logging_mixin.py:188} INFO - [2025-05-27T19:47:43.165+0530] {dag.py:3823} INFO - Setting next_dagrun for example_weekday_branch_operator to 2025-05-26 00:00:00+00:00, run_after=2025-05-27 00:00:00+00:00
[2025-05-27T19:47:43.178+0530] {processor.py:183} INFO - Processing /Users/zafarimam/Documents/E-Commerce Order Pipeline/airflow_venv_39/lib/python3.9/site-packages/airflow/example_dags/example_branch_day_of_week_operator.py took 0.121 seconds
[2025-05-27T19:51:12.449+0530] {processor.py:161} INFO - Started process (PID=29056) to work on /Users/zafarimam/Documents/E-Commerce Order Pipeline/airflow_venv_39/lib/python3.9/site-packages/airflow/example_dags/example_branch_day_of_week_operator.py
[2025-05-27T19:51:12.450+0530] {processor.py:830} INFO - Processing file /Users/zafarimam/Documents/E-Commerce Order Pipeline/airflow_venv_39/lib/python3.9/site-packages/airflow/example_dags/example_branch_day_of_week_operator.py for tasks to queue
[2025-05-27T19:51:12.451+0530] {logging_mixin.py:188} INFO - [2025-05-27T19:51:12.451+0530] {dagbag.py:538} INFO - Filling up the DagBag from /Users/zafarimam/Documents/E-Commerce Order Pipeline/airflow_venv_39/lib/python3.9/site-packages/airflow/example_dags/example_branch_day_of_week_operator.py
[2025-05-27T19:51:12.461+0530] {processor.py:840} INFO - DAG(s) 'example_weekday_branch_operator' retrieved from /Users/zafarimam/Documents/E-Commerce Order Pipeline/airflow_venv_39/lib/python3.9/site-packages/airflow/example_dags/example_branch_day_of_week_operator.py
[2025-05-27T19:51:12.542+0530] {logging_mixin.py:188} INFO - [2025-05-27T19:51:12.542+0530] {dag.py:3036} INFO - Sync 1 DAGs
[2025-05-27T19:51:12.555+0530] {logging_mixin.py:188} INFO - [2025-05-27T19:51:12.555+0530] {dag.py:3823} INFO - Setting next_dagrun for example_weekday_branch_operator to 2025-05-26 00:00:00+00:00, run_after=2025-05-27 00:00:00+00:00
[2025-05-27T19:51:12.572+0530] {processor.py:183} INFO - Processing /Users/zafarimam/Documents/E-Commerce Order Pipeline/airflow_venv_39/lib/python3.9/site-packages/airflow/example_dags/example_branch_day_of_week_operator.py took 0.124 seconds
