[2025-05-27T17:39:07.260+0530] {processor.py:161} INFO - Started process (PID=22849) to work on /Users/zafarimam/Documents/E-Commerce Order Pipeline/airflow_venv_39/lib/python3.9/site-packages/airflow/example_dags/example_dynamic_task_mapping.py
[2025-05-27T17:39:07.261+0530] {processor.py:830} INFO - Processing file /Users/zafarimam/Documents/E-Commerce Order Pipeline/airflow_venv_39/lib/python3.9/site-packages/airflow/example_dags/example_dynamic_task_mapping.py for tasks to queue
[2025-05-27T17:39:07.262+0530] {logging_mixin.py:188} INFO - [2025-05-27T17:39:07.262+0530] {dagbag.py:538} INFO - Filling up the DagBag from /Users/zafarimam/Documents/E-Commerce Order Pipeline/airflow_venv_39/lib/python3.9/site-packages/airflow/example_dags/example_dynamic_task_mapping.py
[2025-05-27T17:39:07.299+0530] {processor.py:840} INFO - DAG(s) 'example_dynamic_task_mapping' retrieved from /Users/zafarimam/Documents/E-Commerce Order Pipeline/airflow_venv_39/lib/python3.9/site-packages/airflow/example_dags/example_dynamic_task_mapping.py
[2025-05-27T17:39:07.439+0530] {logging_mixin.py:188} INFO - [2025-05-27T17:39:07.438+0530] {dag.py:3036} INFO - Sync 1 DAGs
[2025-05-27T17:39:07.451+0530] {logging_mixin.py:188} INFO - [2025-05-27T17:39:07.451+0530] {dag.py:3823} INFO - Setting next_dagrun for example_dynamic_task_mapping to 2022-03-04 00:00:00+00:00, run_after=2022-03-05 00:00:00+00:00
[2025-05-27T17:39:07.463+0530] {processor.py:183} INFO - Processing /Users/zafarimam/Documents/E-Commerce Order Pipeline/airflow_venv_39/lib/python3.9/site-packages/airflow/example_dags/example_dynamic_task_mapping.py took 0.205 seconds
[2025-05-27T17:41:15.242+0530] {processor.py:161} INFO - Started process (PID=22931) to work on /Users/zafarimam/Documents/E-Commerce Order Pipeline/airflow_venv_39/lib/python3.9/site-packages/airflow/example_dags/example_dynamic_task_mapping.py
[2025-05-27T17:41:15.244+0530] {processor.py:830} INFO - Processing file /Users/zafarimam/Documents/E-Commerce Order Pipeline/airflow_venv_39/lib/python3.9/site-packages/airflow/example_dags/example_dynamic_task_mapping.py for tasks to queue
[2025-05-27T17:41:15.244+0530] {logging_mixin.py:188} INFO - [2025-05-27T17:41:15.244+0530] {dagbag.py:538} INFO - Filling up the DagBag from /Users/zafarimam/Documents/E-Commerce Order Pipeline/airflow_venv_39/lib/python3.9/site-packages/airflow/example_dags/example_dynamic_task_mapping.py
[2025-05-27T17:41:15.281+0530] {processor.py:840} INFO - DAG(s) 'example_dynamic_task_mapping' retrieved from /Users/zafarimam/Documents/E-Commerce Order Pipeline/airflow_venv_39/lib/python3.9/site-packages/airflow/example_dags/example_dynamic_task_mapping.py
[2025-05-27T17:41:15.363+0530] {logging_mixin.py:188} INFO - [2025-05-27T17:41:15.362+0530] {dag.py:3036} INFO - Sync 1 DAGs
[2025-05-27T17:41:15.376+0530] {logging_mixin.py:188} INFO - [2025-05-27T17:41:15.375+0530] {dag.py:3823} INFO - Setting next_dagrun for example_dynamic_task_mapping to 2022-03-04 00:00:00+00:00, run_after=2022-03-05 00:00:00+00:00
[2025-05-27T17:41:15.390+0530] {processor.py:183} INFO - Processing /Users/zafarimam/Documents/E-Commerce Order Pipeline/airflow_venv_39/lib/python3.9/site-packages/airflow/example_dags/example_dynamic_task_mapping.py took 0.150 seconds
[2025-05-27T17:43:07.858+0530] {processor.py:161} INFO - Started process (PID=23000) to work on /Users/zafarimam/Documents/E-Commerce Order Pipeline/airflow_venv_39/lib/python3.9/site-packages/airflow/example_dags/example_dynamic_task_mapping.py
[2025-05-27T17:43:07.860+0530] {processor.py:830} INFO - Processing file /Users/zafarimam/Documents/E-Commerce Order Pipeline/airflow_venv_39/lib/python3.9/site-packages/airflow/example_dags/example_dynamic_task_mapping.py for tasks to queue
[2025-05-27T17:43:07.860+0530] {logging_mixin.py:188} INFO - [2025-05-27T17:43:07.860+0530] {dagbag.py:538} INFO - Filling up the DagBag from /Users/zafarimam/Documents/E-Commerce Order Pipeline/airflow_venv_39/lib/python3.9/site-packages/airflow/example_dags/example_dynamic_task_mapping.py
[2025-05-27T17:43:07.898+0530] {processor.py:840} INFO - DAG(s) 'example_dynamic_task_mapping' retrieved from /Users/zafarimam/Documents/E-Commerce Order Pipeline/airflow_venv_39/lib/python3.9/site-packages/airflow/example_dags/example_dynamic_task_mapping.py
[2025-05-27T17:43:07.979+0530] {logging_mixin.py:188} INFO - [2025-05-27T17:43:07.978+0530] {dag.py:3036} INFO - Sync 1 DAGs
[2025-05-27T17:43:07.990+0530] {logging_mixin.py:188} INFO - [2025-05-27T17:43:07.990+0530] {dag.py:3823} INFO - Setting next_dagrun for example_dynamic_task_mapping to 2022-03-04 00:00:00+00:00, run_after=2022-03-05 00:00:00+00:00
[2025-05-27T17:43:08.002+0530] {processor.py:183} INFO - Processing /Users/zafarimam/Documents/E-Commerce Order Pipeline/airflow_venv_39/lib/python3.9/site-packages/airflow/example_dags/example_dynamic_task_mapping.py took 0.145 seconds
[2025-05-27T17:44:53.479+0530] {processor.py:161} INFO - Started process (PID=23052) to work on /Users/zafarimam/Documents/E-Commerce Order Pipeline/airflow_venv_39/lib/python3.9/site-packages/airflow/example_dags/example_dynamic_task_mapping.py
[2025-05-27T17:44:53.480+0530] {processor.py:830} INFO - Processing file /Users/zafarimam/Documents/E-Commerce Order Pipeline/airflow_venv_39/lib/python3.9/site-packages/airflow/example_dags/example_dynamic_task_mapping.py for tasks to queue
[2025-05-27T17:44:53.481+0530] {logging_mixin.py:188} INFO - [2025-05-27T17:44:53.480+0530] {dagbag.py:538} INFO - Filling up the DagBag from /Users/zafarimam/Documents/E-Commerce Order Pipeline/airflow_venv_39/lib/python3.9/site-packages/airflow/example_dags/example_dynamic_task_mapping.py
[2025-05-27T17:44:53.516+0530] {processor.py:840} INFO - DAG(s) 'example_dynamic_task_mapping' retrieved from /Users/zafarimam/Documents/E-Commerce Order Pipeline/airflow_venv_39/lib/python3.9/site-packages/airflow/example_dags/example_dynamic_task_mapping.py
[2025-05-27T17:44:53.594+0530] {logging_mixin.py:188} INFO - [2025-05-27T17:44:53.593+0530] {dag.py:3036} INFO - Sync 1 DAGs
[2025-05-27T17:44:53.605+0530] {logging_mixin.py:188} INFO - [2025-05-27T17:44:53.605+0530] {dag.py:3823} INFO - Setting next_dagrun for example_dynamic_task_mapping to 2022-03-04 00:00:00+00:00, run_after=2022-03-05 00:00:00+00:00
[2025-05-27T17:44:53.617+0530] {processor.py:183} INFO - Processing /Users/zafarimam/Documents/E-Commerce Order Pipeline/airflow_venv_39/lib/python3.9/site-packages/airflow/example_dags/example_dynamic_task_mapping.py took 0.139 seconds
[2025-05-27T17:51:54.486+0530] {processor.py:161} INFO - Started process (PID=23366) to work on /Users/zafarimam/Documents/E-Commerce Order Pipeline/airflow_venv_39/lib/python3.9/site-packages/airflow/example_dags/example_dynamic_task_mapping.py
[2025-05-27T17:51:54.487+0530] {processor.py:830} INFO - Processing file /Users/zafarimam/Documents/E-Commerce Order Pipeline/airflow_venv_39/lib/python3.9/site-packages/airflow/example_dags/example_dynamic_task_mapping.py for tasks to queue
[2025-05-27T17:51:54.488+0530] {logging_mixin.py:188} INFO - [2025-05-27T17:51:54.488+0530] {dagbag.py:538} INFO - Filling up the DagBag from /Users/zafarimam/Documents/E-Commerce Order Pipeline/airflow_venv_39/lib/python3.9/site-packages/airflow/example_dags/example_dynamic_task_mapping.py
[2025-05-27T17:51:54.523+0530] {processor.py:840} INFO - DAG(s) 'example_dynamic_task_mapping' retrieved from /Users/zafarimam/Documents/E-Commerce Order Pipeline/airflow_venv_39/lib/python3.9/site-packages/airflow/example_dags/example_dynamic_task_mapping.py
[2025-05-27T17:51:54.604+0530] {logging_mixin.py:188} INFO - [2025-05-27T17:51:54.604+0530] {dag.py:3036} INFO - Sync 1 DAGs
[2025-05-27T17:51:54.616+0530] {logging_mixin.py:188} INFO - [2025-05-27T17:51:54.616+0530] {dag.py:3823} INFO - Setting next_dagrun for example_dynamic_task_mapping to 2022-03-04 00:00:00+00:00, run_after=2022-03-05 00:00:00+00:00
[2025-05-27T17:51:54.629+0530] {processor.py:183} INFO - Processing /Users/zafarimam/Documents/E-Commerce Order Pipeline/airflow_venv_39/lib/python3.9/site-packages/airflow/example_dags/example_dynamic_task_mapping.py took 0.145 seconds
[2025-05-27T17:53:52.733+0530] {processor.py:161} INFO - Started process (PID=23792) to work on /Users/zafarimam/Documents/E-Commerce Order Pipeline/airflow_venv_39/lib/python3.9/site-packages/airflow/example_dags/example_dynamic_task_mapping.py
[2025-05-27T17:53:52.735+0530] {processor.py:830} INFO - Processing file /Users/zafarimam/Documents/E-Commerce Order Pipeline/airflow_venv_39/lib/python3.9/site-packages/airflow/example_dags/example_dynamic_task_mapping.py for tasks to queue
[2025-05-27T17:53:52.736+0530] {logging_mixin.py:188} INFO - [2025-05-27T17:53:52.736+0530] {dagbag.py:538} INFO - Filling up the DagBag from /Users/zafarimam/Documents/E-Commerce Order Pipeline/airflow_venv_39/lib/python3.9/site-packages/airflow/example_dags/example_dynamic_task_mapping.py
[2025-05-27T17:53:52.776+0530] {processor.py:840} INFO - DAG(s) 'example_dynamic_task_mapping' retrieved from /Users/zafarimam/Documents/E-Commerce Order Pipeline/airflow_venv_39/lib/python3.9/site-packages/airflow/example_dags/example_dynamic_task_mapping.py
[2025-05-27T17:53:52.867+0530] {logging_mixin.py:188} INFO - [2025-05-27T17:53:52.866+0530] {dag.py:3036} INFO - Sync 1 DAGs
[2025-05-27T17:53:52.881+0530] {logging_mixin.py:188} INFO - [2025-05-27T17:53:52.881+0530] {dag.py:3823} INFO - Setting next_dagrun for example_dynamic_task_mapping to 2022-03-04 00:00:00+00:00, run_after=2022-03-05 00:00:00+00:00
[2025-05-27T17:53:52.897+0530] {processor.py:183} INFO - Processing /Users/zafarimam/Documents/E-Commerce Order Pipeline/airflow_venv_39/lib/python3.9/site-packages/airflow/example_dags/example_dynamic_task_mapping.py took 0.165 seconds
[2025-05-27T17:56:28.147+0530] {processor.py:161} INFO - Started process (PID=24079) to work on /Users/zafarimam/Documents/E-Commerce Order Pipeline/airflow_venv_39/lib/python3.9/site-packages/airflow/example_dags/example_dynamic_task_mapping.py
[2025-05-27T17:56:28.148+0530] {processor.py:830} INFO - Processing file /Users/zafarimam/Documents/E-Commerce Order Pipeline/airflow_venv_39/lib/python3.9/site-packages/airflow/example_dags/example_dynamic_task_mapping.py for tasks to queue
[2025-05-27T17:56:28.149+0530] {logging_mixin.py:188} INFO - [2025-05-27T17:56:28.149+0530] {dagbag.py:538} INFO - Filling up the DagBag from /Users/zafarimam/Documents/E-Commerce Order Pipeline/airflow_venv_39/lib/python3.9/site-packages/airflow/example_dags/example_dynamic_task_mapping.py
[2025-05-27T17:56:28.186+0530] {processor.py:840} INFO - DAG(s) 'example_dynamic_task_mapping' retrieved from /Users/zafarimam/Documents/E-Commerce Order Pipeline/airflow_venv_39/lib/python3.9/site-packages/airflow/example_dags/example_dynamic_task_mapping.py
[2025-05-27T17:56:28.325+0530] {logging_mixin.py:188} INFO - [2025-05-27T17:56:28.325+0530] {dag.py:3036} INFO - Sync 1 DAGs
[2025-05-27T17:56:28.338+0530] {logging_mixin.py:188} INFO - [2025-05-27T17:56:28.338+0530] {dag.py:3823} INFO - Setting next_dagrun for example_dynamic_task_mapping to 2022-03-04 00:00:00+00:00, run_after=2022-03-05 00:00:00+00:00
[2025-05-27T17:56:28.354+0530] {processor.py:183} INFO - Processing /Users/zafarimam/Documents/E-Commerce Order Pipeline/airflow_venv_39/lib/python3.9/site-packages/airflow/example_dags/example_dynamic_task_mapping.py took 0.209 seconds
[2025-05-27T17:58:35.783+0530] {processor.py:161} INFO - Started process (PID=24856) to work on /Users/zafarimam/Documents/E-Commerce Order Pipeline/airflow_venv_39/lib/python3.9/site-packages/airflow/example_dags/example_dynamic_task_mapping.py
[2025-05-27T17:58:35.784+0530] {processor.py:830} INFO - Processing file /Users/zafarimam/Documents/E-Commerce Order Pipeline/airflow_venv_39/lib/python3.9/site-packages/airflow/example_dags/example_dynamic_task_mapping.py for tasks to queue
[2025-05-27T17:58:35.785+0530] {logging_mixin.py:188} INFO - [2025-05-27T17:58:35.785+0530] {dagbag.py:538} INFO - Filling up the DagBag from /Users/zafarimam/Documents/E-Commerce Order Pipeline/airflow_venv_39/lib/python3.9/site-packages/airflow/example_dags/example_dynamic_task_mapping.py
[2025-05-27T17:58:35.822+0530] {processor.py:840} INFO - DAG(s) 'example_dynamic_task_mapping' retrieved from /Users/zafarimam/Documents/E-Commerce Order Pipeline/airflow_venv_39/lib/python3.9/site-packages/airflow/example_dags/example_dynamic_task_mapping.py
[2025-05-27T17:58:35.909+0530] {logging_mixin.py:188} INFO - [2025-05-27T17:58:35.909+0530] {dag.py:3036} INFO - Sync 1 DAGs
[2025-05-27T17:58:35.923+0530] {logging_mixin.py:188} INFO - [2025-05-27T17:58:35.922+0530] {dag.py:3823} INFO - Setting next_dagrun for example_dynamic_task_mapping to 2022-03-04 00:00:00+00:00, run_after=2022-03-05 00:00:00+00:00
[2025-05-27T17:58:35.937+0530] {processor.py:183} INFO - Processing /Users/zafarimam/Documents/E-Commerce Order Pipeline/airflow_venv_39/lib/python3.9/site-packages/airflow/example_dags/example_dynamic_task_mapping.py took 0.155 seconds
[2025-05-27T18:06:56.727+0530] {processor.py:161} INFO - Started process (PID=25127) to work on /Users/zafarimam/Documents/E-Commerce Order Pipeline/airflow_venv_39/lib/python3.9/site-packages/airflow/example_dags/example_dynamic_task_mapping.py
[2025-05-27T18:06:56.728+0530] {processor.py:830} INFO - Processing file /Users/zafarimam/Documents/E-Commerce Order Pipeline/airflow_venv_39/lib/python3.9/site-packages/airflow/example_dags/example_dynamic_task_mapping.py for tasks to queue
[2025-05-27T18:06:56.729+0530] {logging_mixin.py:188} INFO - [2025-05-27T18:06:56.729+0530] {dagbag.py:538} INFO - Filling up the DagBag from /Users/zafarimam/Documents/E-Commerce Order Pipeline/airflow_venv_39/lib/python3.9/site-packages/airflow/example_dags/example_dynamic_task_mapping.py
[2025-05-27T18:06:56.766+0530] {processor.py:840} INFO - DAG(s) 'example_dynamic_task_mapping' retrieved from /Users/zafarimam/Documents/E-Commerce Order Pipeline/airflow_venv_39/lib/python3.9/site-packages/airflow/example_dags/example_dynamic_task_mapping.py
[2025-05-27T18:06:56.855+0530] {logging_mixin.py:188} INFO - [2025-05-27T18:06:56.855+0530] {dag.py:3036} INFO - Sync 1 DAGs
[2025-05-27T18:06:56.870+0530] {logging_mixin.py:188} INFO - [2025-05-27T18:06:56.870+0530] {dag.py:3823} INFO - Setting next_dagrun for example_dynamic_task_mapping to 2022-03-04 00:00:00+00:00, run_after=2022-03-05 00:00:00+00:00
[2025-05-27T18:06:56.885+0530] {processor.py:183} INFO - Processing /Users/zafarimam/Documents/E-Commerce Order Pipeline/airflow_venv_39/lib/python3.9/site-packages/airflow/example_dags/example_dynamic_task_mapping.py took 0.160 seconds
[2025-05-27T18:09:05.009+0530] {processor.py:161} INFO - Started process (PID=25192) to work on /Users/zafarimam/Documents/E-Commerce Order Pipeline/airflow_venv_39/lib/python3.9/site-packages/airflow/example_dags/example_dynamic_task_mapping.py
[2025-05-27T18:09:05.010+0530] {processor.py:830} INFO - Processing file /Users/zafarimam/Documents/E-Commerce Order Pipeline/airflow_venv_39/lib/python3.9/site-packages/airflow/example_dags/example_dynamic_task_mapping.py for tasks to queue
[2025-05-27T18:09:05.010+0530] {logging_mixin.py:188} INFO - [2025-05-27T18:09:05.010+0530] {dagbag.py:538} INFO - Filling up the DagBag from /Users/zafarimam/Documents/E-Commerce Order Pipeline/airflow_venv_39/lib/python3.9/site-packages/airflow/example_dags/example_dynamic_task_mapping.py
[2025-05-27T18:09:05.047+0530] {processor.py:840} INFO - DAG(s) 'example_dynamic_task_mapping' retrieved from /Users/zafarimam/Documents/E-Commerce Order Pipeline/airflow_venv_39/lib/python3.9/site-packages/airflow/example_dags/example_dynamic_task_mapping.py
[2025-05-27T18:09:05.128+0530] {logging_mixin.py:188} INFO - [2025-05-27T18:09:05.128+0530] {dag.py:3036} INFO - Sync 1 DAGs
[2025-05-27T18:09:05.140+0530] {logging_mixin.py:188} INFO - [2025-05-27T18:09:05.140+0530] {dag.py:3823} INFO - Setting next_dagrun for example_dynamic_task_mapping to 2022-03-04 00:00:00+00:00, run_after=2022-03-05 00:00:00+00:00
[2025-05-27T18:09:05.154+0530] {processor.py:183} INFO - Processing /Users/zafarimam/Documents/E-Commerce Order Pipeline/airflow_venv_39/lib/python3.9/site-packages/airflow/example_dags/example_dynamic_task_mapping.py took 0.146 seconds
[2025-05-27T18:10:49.945+0530] {processor.py:161} INFO - Started process (PID=25245) to work on /Users/zafarimam/Documents/E-Commerce Order Pipeline/airflow_venv_39/lib/python3.9/site-packages/airflow/example_dags/example_dynamic_task_mapping.py
[2025-05-27T18:10:49.946+0530] {processor.py:830} INFO - Processing file /Users/zafarimam/Documents/E-Commerce Order Pipeline/airflow_venv_39/lib/python3.9/site-packages/airflow/example_dags/example_dynamic_task_mapping.py for tasks to queue
[2025-05-27T18:10:49.947+0530] {logging_mixin.py:188} INFO - [2025-05-27T18:10:49.946+0530] {dagbag.py:538} INFO - Filling up the DagBag from /Users/zafarimam/Documents/E-Commerce Order Pipeline/airflow_venv_39/lib/python3.9/site-packages/airflow/example_dags/example_dynamic_task_mapping.py
[2025-05-27T18:10:49.982+0530] {processor.py:840} INFO - DAG(s) 'example_dynamic_task_mapping' retrieved from /Users/zafarimam/Documents/E-Commerce Order Pipeline/airflow_venv_39/lib/python3.9/site-packages/airflow/example_dags/example_dynamic_task_mapping.py
[2025-05-27T18:10:50.061+0530] {logging_mixin.py:188} INFO - [2025-05-27T18:10:50.061+0530] {dag.py:3036} INFO - Sync 1 DAGs
[2025-05-27T18:10:50.073+0530] {logging_mixin.py:188} INFO - [2025-05-27T18:10:50.072+0530] {dag.py:3823} INFO - Setting next_dagrun for example_dynamic_task_mapping to 2022-03-04 00:00:00+00:00, run_after=2022-03-05 00:00:00+00:00
[2025-05-27T18:10:50.085+0530] {processor.py:183} INFO - Processing /Users/zafarimam/Documents/E-Commerce Order Pipeline/airflow_venv_39/lib/python3.9/site-packages/airflow/example_dags/example_dynamic_task_mapping.py took 0.141 seconds
[2025-05-27T18:12:42.492+0530] {processor.py:161} INFO - Started process (PID=25305) to work on /Users/zafarimam/Documents/E-Commerce Order Pipeline/airflow_venv_39/lib/python3.9/site-packages/airflow/example_dags/example_dynamic_task_mapping.py
[2025-05-27T18:12:42.493+0530] {processor.py:830} INFO - Processing file /Users/zafarimam/Documents/E-Commerce Order Pipeline/airflow_venv_39/lib/python3.9/site-packages/airflow/example_dags/example_dynamic_task_mapping.py for tasks to queue
[2025-05-27T18:12:42.494+0530] {logging_mixin.py:188} INFO - [2025-05-27T18:12:42.494+0530] {dagbag.py:538} INFO - Filling up the DagBag from /Users/zafarimam/Documents/E-Commerce Order Pipeline/airflow_venv_39/lib/python3.9/site-packages/airflow/example_dags/example_dynamic_task_mapping.py
[2025-05-27T18:12:42.530+0530] {processor.py:840} INFO - DAG(s) 'example_dynamic_task_mapping' retrieved from /Users/zafarimam/Documents/E-Commerce Order Pipeline/airflow_venv_39/lib/python3.9/site-packages/airflow/example_dags/example_dynamic_task_mapping.py
[2025-05-27T18:12:42.610+0530] {logging_mixin.py:188} INFO - [2025-05-27T18:12:42.610+0530] {dag.py:3036} INFO - Sync 1 DAGs
[2025-05-27T18:12:42.622+0530] {logging_mixin.py:188} INFO - [2025-05-27T18:12:42.622+0530] {dag.py:3823} INFO - Setting next_dagrun for example_dynamic_task_mapping to 2022-03-04 00:00:00+00:00, run_after=2022-03-05 00:00:00+00:00
[2025-05-27T18:12:42.634+0530] {processor.py:183} INFO - Processing /Users/zafarimam/Documents/E-Commerce Order Pipeline/airflow_venv_39/lib/python3.9/site-packages/airflow/example_dags/example_dynamic_task_mapping.py took 0.143 seconds
[2025-05-27T18:14:42.004+0530] {processor.py:161} INFO - Started process (PID=25382) to work on /Users/zafarimam/Documents/E-Commerce Order Pipeline/airflow_venv_39/lib/python3.9/site-packages/airflow/example_dags/example_dynamic_task_mapping.py
[2025-05-27T18:14:42.005+0530] {processor.py:830} INFO - Processing file /Users/zafarimam/Documents/E-Commerce Order Pipeline/airflow_venv_39/lib/python3.9/site-packages/airflow/example_dags/example_dynamic_task_mapping.py for tasks to queue
[2025-05-27T18:14:42.006+0530] {logging_mixin.py:188} INFO - [2025-05-27T18:14:42.006+0530] {dagbag.py:538} INFO - Filling up the DagBag from /Users/zafarimam/Documents/E-Commerce Order Pipeline/airflow_venv_39/lib/python3.9/site-packages/airflow/example_dags/example_dynamic_task_mapping.py
[2025-05-27T18:14:42.040+0530] {processor.py:840} INFO - DAG(s) 'example_dynamic_task_mapping' retrieved from /Users/zafarimam/Documents/E-Commerce Order Pipeline/airflow_venv_39/lib/python3.9/site-packages/airflow/example_dags/example_dynamic_task_mapping.py
[2025-05-27T18:14:42.119+0530] {logging_mixin.py:188} INFO - [2025-05-27T18:14:42.118+0530] {dag.py:3036} INFO - Sync 1 DAGs
[2025-05-27T18:14:42.130+0530] {logging_mixin.py:188} INFO - [2025-05-27T18:14:42.130+0530] {dag.py:3823} INFO - Setting next_dagrun for example_dynamic_task_mapping to 2022-03-04 00:00:00+00:00, run_after=2022-03-05 00:00:00+00:00
[2025-05-27T18:14:42.144+0530] {processor.py:183} INFO - Processing /Users/zafarimam/Documents/E-Commerce Order Pipeline/airflow_venv_39/lib/python3.9/site-packages/airflow/example_dags/example_dynamic_task_mapping.py took 0.141 seconds
[2025-05-27T18:16:26.385+0530] {processor.py:161} INFO - Started process (PID=25438) to work on /Users/zafarimam/Documents/E-Commerce Order Pipeline/airflow_venv_39/lib/python3.9/site-packages/airflow/example_dags/example_dynamic_task_mapping.py
[2025-05-27T18:16:26.386+0530] {processor.py:830} INFO - Processing file /Users/zafarimam/Documents/E-Commerce Order Pipeline/airflow_venv_39/lib/python3.9/site-packages/airflow/example_dags/example_dynamic_task_mapping.py for tasks to queue
[2025-05-27T18:16:26.387+0530] {logging_mixin.py:188} INFO - [2025-05-27T18:16:26.387+0530] {dagbag.py:538} INFO - Filling up the DagBag from /Users/zafarimam/Documents/E-Commerce Order Pipeline/airflow_venv_39/lib/python3.9/site-packages/airflow/example_dags/example_dynamic_task_mapping.py
[2025-05-27T18:16:26.421+0530] {processor.py:840} INFO - DAG(s) 'example_dynamic_task_mapping' retrieved from /Users/zafarimam/Documents/E-Commerce Order Pipeline/airflow_venv_39/lib/python3.9/site-packages/airflow/example_dags/example_dynamic_task_mapping.py
[2025-05-27T18:16:26.499+0530] {logging_mixin.py:188} INFO - [2025-05-27T18:16:26.498+0530] {dag.py:3036} INFO - Sync 1 DAGs
[2025-05-27T18:16:26.510+0530] {logging_mixin.py:188} INFO - [2025-05-27T18:16:26.510+0530] {dag.py:3823} INFO - Setting next_dagrun for example_dynamic_task_mapping to 2022-03-04 00:00:00+00:00, run_after=2022-03-05 00:00:00+00:00
[2025-05-27T18:16:26.523+0530] {processor.py:183} INFO - Processing /Users/zafarimam/Documents/E-Commerce Order Pipeline/airflow_venv_39/lib/python3.9/site-packages/airflow/example_dags/example_dynamic_task_mapping.py took 0.139 seconds
[2025-05-27T18:18:08.233+0530] {processor.py:161} INFO - Started process (PID=25494) to work on /Users/zafarimam/Documents/E-Commerce Order Pipeline/airflow_venv_39/lib/python3.9/site-packages/airflow/example_dags/example_dynamic_task_mapping.py
[2025-05-27T18:18:08.234+0530] {processor.py:830} INFO - Processing file /Users/zafarimam/Documents/E-Commerce Order Pipeline/airflow_venv_39/lib/python3.9/site-packages/airflow/example_dags/example_dynamic_task_mapping.py for tasks to queue
[2025-05-27T18:18:08.234+0530] {logging_mixin.py:188} INFO - [2025-05-27T18:18:08.234+0530] {dagbag.py:538} INFO - Filling up the DagBag from /Users/zafarimam/Documents/E-Commerce Order Pipeline/airflow_venv_39/lib/python3.9/site-packages/airflow/example_dags/example_dynamic_task_mapping.py
[2025-05-27T18:18:08.268+0530] {processor.py:840} INFO - DAG(s) 'example_dynamic_task_mapping' retrieved from /Users/zafarimam/Documents/E-Commerce Order Pipeline/airflow_venv_39/lib/python3.9/site-packages/airflow/example_dags/example_dynamic_task_mapping.py
[2025-05-27T18:18:08.351+0530] {logging_mixin.py:188} INFO - [2025-05-27T18:18:08.351+0530] {dag.py:3036} INFO - Sync 1 DAGs
[2025-05-27T18:18:08.363+0530] {logging_mixin.py:188} INFO - [2025-05-27T18:18:08.363+0530] {dag.py:3823} INFO - Setting next_dagrun for example_dynamic_task_mapping to 2022-03-04 00:00:00+00:00, run_after=2022-03-05 00:00:00+00:00
[2025-05-27T18:18:08.375+0530] {processor.py:183} INFO - Processing /Users/zafarimam/Documents/E-Commerce Order Pipeline/airflow_venv_39/lib/python3.9/site-packages/airflow/example_dags/example_dynamic_task_mapping.py took 0.143 seconds
[2025-05-27T18:22:54.027+0530] {processor.py:161} INFO - Started process (PID=25713) to work on /Users/zafarimam/Documents/E-Commerce Order Pipeline/airflow_venv_39/lib/python3.9/site-packages/airflow/example_dags/example_dynamic_task_mapping.py
[2025-05-27T18:22:54.028+0530] {processor.py:830} INFO - Processing file /Users/zafarimam/Documents/E-Commerce Order Pipeline/airflow_venv_39/lib/python3.9/site-packages/airflow/example_dags/example_dynamic_task_mapping.py for tasks to queue
[2025-05-27T18:22:54.028+0530] {logging_mixin.py:188} INFO - [2025-05-27T18:22:54.028+0530] {dagbag.py:538} INFO - Filling up the DagBag from /Users/zafarimam/Documents/E-Commerce Order Pipeline/airflow_venv_39/lib/python3.9/site-packages/airflow/example_dags/example_dynamic_task_mapping.py
[2025-05-27T18:22:54.064+0530] {processor.py:840} INFO - DAG(s) 'example_dynamic_task_mapping' retrieved from /Users/zafarimam/Documents/E-Commerce Order Pipeline/airflow_venv_39/lib/python3.9/site-packages/airflow/example_dags/example_dynamic_task_mapping.py
[2025-05-27T18:22:54.144+0530] {logging_mixin.py:188} INFO - [2025-05-27T18:22:54.144+0530] {dag.py:3036} INFO - Sync 1 DAGs
[2025-05-27T18:22:54.156+0530] {logging_mixin.py:188} INFO - [2025-05-27T18:22:54.156+0530] {dag.py:3823} INFO - Setting next_dagrun for example_dynamic_task_mapping to 2022-03-04 00:00:00+00:00, run_after=2022-03-05 00:00:00+00:00
[2025-05-27T18:22:54.173+0530] {processor.py:183} INFO - Processing /Users/zafarimam/Documents/E-Commerce Order Pipeline/airflow_venv_39/lib/python3.9/site-packages/airflow/example_dags/example_dynamic_task_mapping.py took 0.147 seconds
[2025-05-27T18:28:10.065+0530] {processor.py:161} INFO - Started process (PID=25882) to work on /Users/zafarimam/Documents/E-Commerce Order Pipeline/airflow_venv_39/lib/python3.9/site-packages/airflow/example_dags/example_dynamic_task_mapping.py
[2025-05-27T18:28:10.067+0530] {processor.py:830} INFO - Processing file /Users/zafarimam/Documents/E-Commerce Order Pipeline/airflow_venv_39/lib/python3.9/site-packages/airflow/example_dags/example_dynamic_task_mapping.py for tasks to queue
[2025-05-27T18:28:10.068+0530] {logging_mixin.py:188} INFO - [2025-05-27T18:28:10.068+0530] {dagbag.py:538} INFO - Filling up the DagBag from /Users/zafarimam/Documents/E-Commerce Order Pipeline/airflow_venv_39/lib/python3.9/site-packages/airflow/example_dags/example_dynamic_task_mapping.py
[2025-05-27T18:28:10.103+0530] {processor.py:840} INFO - DAG(s) 'example_dynamic_task_mapping' retrieved from /Users/zafarimam/Documents/E-Commerce Order Pipeline/airflow_venv_39/lib/python3.9/site-packages/airflow/example_dags/example_dynamic_task_mapping.py
[2025-05-27T18:28:10.183+0530] {logging_mixin.py:188} INFO - [2025-05-27T18:28:10.183+0530] {dag.py:3036} INFO - Sync 1 DAGs
[2025-05-27T18:28:10.196+0530] {logging_mixin.py:188} INFO - [2025-05-27T18:28:10.196+0530] {dag.py:3823} INFO - Setting next_dagrun for example_dynamic_task_mapping to 2022-03-04 00:00:00+00:00, run_after=2022-03-05 00:00:00+00:00
[2025-05-27T18:28:10.209+0530] {processor.py:183} INFO - Processing /Users/zafarimam/Documents/E-Commerce Order Pipeline/airflow_venv_39/lib/python3.9/site-packages/airflow/example_dags/example_dynamic_task_mapping.py took 0.145 seconds
[2025-05-27T18:30:05.039+0530] {processor.py:161} INFO - Started process (PID=25946) to work on /Users/zafarimam/Documents/E-Commerce Order Pipeline/airflow_venv_39/lib/python3.9/site-packages/airflow/example_dags/example_dynamic_task_mapping.py
[2025-05-27T18:30:05.040+0530] {processor.py:830} INFO - Processing file /Users/zafarimam/Documents/E-Commerce Order Pipeline/airflow_venv_39/lib/python3.9/site-packages/airflow/example_dags/example_dynamic_task_mapping.py for tasks to queue
[2025-05-27T18:30:05.041+0530] {logging_mixin.py:188} INFO - [2025-05-27T18:30:05.041+0530] {dagbag.py:538} INFO - Filling up the DagBag from /Users/zafarimam/Documents/E-Commerce Order Pipeline/airflow_venv_39/lib/python3.9/site-packages/airflow/example_dags/example_dynamic_task_mapping.py
[2025-05-27T18:30:05.078+0530] {processor.py:840} INFO - DAG(s) 'example_dynamic_task_mapping' retrieved from /Users/zafarimam/Documents/E-Commerce Order Pipeline/airflow_venv_39/lib/python3.9/site-packages/airflow/example_dags/example_dynamic_task_mapping.py
[2025-05-27T18:30:05.159+0530] {logging_mixin.py:188} INFO - [2025-05-27T18:30:05.159+0530] {dag.py:3036} INFO - Sync 1 DAGs
[2025-05-27T18:30:05.171+0530] {logging_mixin.py:188} INFO - [2025-05-27T18:30:05.171+0530] {dag.py:3823} INFO - Setting next_dagrun for example_dynamic_task_mapping to 2022-03-04 00:00:00+00:00, run_after=2022-03-05 00:00:00+00:00
[2025-05-27T18:30:05.185+0530] {processor.py:183} INFO - Processing /Users/zafarimam/Documents/E-Commerce Order Pipeline/airflow_venv_39/lib/python3.9/site-packages/airflow/example_dags/example_dynamic_task_mapping.py took 0.146 seconds
[2025-05-27T18:31:53.076+0530] {processor.py:161} INFO - Started process (PID=26007) to work on /Users/zafarimam/Documents/E-Commerce Order Pipeline/airflow_venv_39/lib/python3.9/site-packages/airflow/example_dags/example_dynamic_task_mapping.py
[2025-05-27T18:31:53.077+0530] {processor.py:830} INFO - Processing file /Users/zafarimam/Documents/E-Commerce Order Pipeline/airflow_venv_39/lib/python3.9/site-packages/airflow/example_dags/example_dynamic_task_mapping.py for tasks to queue
[2025-05-27T18:31:53.077+0530] {logging_mixin.py:188} INFO - [2025-05-27T18:31:53.077+0530] {dagbag.py:538} INFO - Filling up the DagBag from /Users/zafarimam/Documents/E-Commerce Order Pipeline/airflow_venv_39/lib/python3.9/site-packages/airflow/example_dags/example_dynamic_task_mapping.py
[2025-05-27T18:31:53.114+0530] {processor.py:840} INFO - DAG(s) 'example_dynamic_task_mapping' retrieved from /Users/zafarimam/Documents/E-Commerce Order Pipeline/airflow_venv_39/lib/python3.9/site-packages/airflow/example_dags/example_dynamic_task_mapping.py
[2025-05-27T18:31:53.199+0530] {logging_mixin.py:188} INFO - [2025-05-27T18:31:53.199+0530] {dag.py:3036} INFO - Sync 1 DAGs
[2025-05-27T18:31:53.212+0530] {logging_mixin.py:188} INFO - [2025-05-27T18:31:53.212+0530] {dag.py:3823} INFO - Setting next_dagrun for example_dynamic_task_mapping to 2022-03-04 00:00:00+00:00, run_after=2022-03-05 00:00:00+00:00
[2025-05-27T18:31:53.225+0530] {processor.py:183} INFO - Processing /Users/zafarimam/Documents/E-Commerce Order Pipeline/airflow_venv_39/lib/python3.9/site-packages/airflow/example_dags/example_dynamic_task_mapping.py took 0.151 seconds
[2025-05-27T18:37:39.690+0530] {processor.py:161} INFO - Started process (PID=26226) to work on /Users/zafarimam/Documents/E-Commerce Order Pipeline/airflow_venv_39/lib/python3.9/site-packages/airflow/example_dags/example_dynamic_task_mapping.py
[2025-05-27T18:37:39.691+0530] {processor.py:830} INFO - Processing file /Users/zafarimam/Documents/E-Commerce Order Pipeline/airflow_venv_39/lib/python3.9/site-packages/airflow/example_dags/example_dynamic_task_mapping.py for tasks to queue
[2025-05-27T18:37:39.692+0530] {logging_mixin.py:188} INFO - [2025-05-27T18:37:39.692+0530] {dagbag.py:538} INFO - Filling up the DagBag from /Users/zafarimam/Documents/E-Commerce Order Pipeline/airflow_venv_39/lib/python3.9/site-packages/airflow/example_dags/example_dynamic_task_mapping.py
[2025-05-27T18:37:39.729+0530] {processor.py:840} INFO - DAG(s) 'example_dynamic_task_mapping' retrieved from /Users/zafarimam/Documents/E-Commerce Order Pipeline/airflow_venv_39/lib/python3.9/site-packages/airflow/example_dags/example_dynamic_task_mapping.py
[2025-05-27T18:37:39.809+0530] {logging_mixin.py:188} INFO - [2025-05-27T18:37:39.808+0530] {dag.py:3036} INFO - Sync 1 DAGs
[2025-05-27T18:37:39.820+0530] {logging_mixin.py:188} INFO - [2025-05-27T18:37:39.820+0530] {dag.py:3823} INFO - Setting next_dagrun for example_dynamic_task_mapping to 2022-03-04 00:00:00+00:00, run_after=2022-03-05 00:00:00+00:00
[2025-05-27T18:37:39.833+0530] {processor.py:183} INFO - Processing /Users/zafarimam/Documents/E-Commerce Order Pipeline/airflow_venv_39/lib/python3.9/site-packages/airflow/example_dags/example_dynamic_task_mapping.py took 0.145 seconds
[2025-05-27T18:47:30.463+0530] {processor.py:161} INFO - Started process (PID=26738) to work on /Users/zafarimam/Documents/E-Commerce Order Pipeline/airflow_venv_39/lib/python3.9/site-packages/airflow/example_dags/example_dynamic_task_mapping.py
[2025-05-27T18:47:30.465+0530] {processor.py:830} INFO - Processing file /Users/zafarimam/Documents/E-Commerce Order Pipeline/airflow_venv_39/lib/python3.9/site-packages/airflow/example_dags/example_dynamic_task_mapping.py for tasks to queue
[2025-05-27T18:47:30.465+0530] {logging_mixin.py:188} INFO - [2025-05-27T18:47:30.465+0530] {dagbag.py:538} INFO - Filling up the DagBag from /Users/zafarimam/Documents/E-Commerce Order Pipeline/airflow_venv_39/lib/python3.9/site-packages/airflow/example_dags/example_dynamic_task_mapping.py
[2025-05-27T18:47:30.501+0530] {processor.py:840} INFO - DAG(s) 'example_dynamic_task_mapping' retrieved from /Users/zafarimam/Documents/E-Commerce Order Pipeline/airflow_venv_39/lib/python3.9/site-packages/airflow/example_dags/example_dynamic_task_mapping.py
[2025-05-27T18:47:30.644+0530] {logging_mixin.py:188} INFO - [2025-05-27T18:47:30.644+0530] {dag.py:3036} INFO - Sync 1 DAGs
[2025-05-27T18:47:30.656+0530] {logging_mixin.py:188} INFO - [2025-05-27T18:47:30.655+0530] {dag.py:3823} INFO - Setting next_dagrun for example_dynamic_task_mapping to 2022-03-04 00:00:00+00:00, run_after=2022-03-05 00:00:00+00:00
[2025-05-27T18:47:30.669+0530] {processor.py:183} INFO - Processing /Users/zafarimam/Documents/E-Commerce Order Pipeline/airflow_venv_39/lib/python3.9/site-packages/airflow/example_dags/example_dynamic_task_mapping.py took 0.207 seconds
[2025-05-27T18:49:26.176+0530] {processor.py:161} INFO - Started process (PID=26821) to work on /Users/zafarimam/Documents/E-Commerce Order Pipeline/airflow_venv_39/lib/python3.9/site-packages/airflow/example_dags/example_dynamic_task_mapping.py
[2025-05-27T18:49:26.177+0530] {processor.py:830} INFO - Processing file /Users/zafarimam/Documents/E-Commerce Order Pipeline/airflow_venv_39/lib/python3.9/site-packages/airflow/example_dags/example_dynamic_task_mapping.py for tasks to queue
[2025-05-27T18:49:26.178+0530] {logging_mixin.py:188} INFO - [2025-05-27T18:49:26.177+0530] {dagbag.py:538} INFO - Filling up the DagBag from /Users/zafarimam/Documents/E-Commerce Order Pipeline/airflow_venv_39/lib/python3.9/site-packages/airflow/example_dags/example_dynamic_task_mapping.py
[2025-05-27T18:49:26.212+0530] {processor.py:840} INFO - DAG(s) 'example_dynamic_task_mapping' retrieved from /Users/zafarimam/Documents/E-Commerce Order Pipeline/airflow_venv_39/lib/python3.9/site-packages/airflow/example_dags/example_dynamic_task_mapping.py
[2025-05-27T18:49:26.291+0530] {logging_mixin.py:188} INFO - [2025-05-27T18:49:26.290+0530] {dag.py:3036} INFO - Sync 1 DAGs
[2025-05-27T18:49:26.302+0530] {logging_mixin.py:188} INFO - [2025-05-27T18:49:26.302+0530] {dag.py:3823} INFO - Setting next_dagrun for example_dynamic_task_mapping to 2022-03-04 00:00:00+00:00, run_after=2022-03-05 00:00:00+00:00
[2025-05-27T18:49:26.314+0530] {processor.py:183} INFO - Processing /Users/zafarimam/Documents/E-Commerce Order Pipeline/airflow_venv_39/lib/python3.9/site-packages/airflow/example_dags/example_dynamic_task_mapping.py took 0.139 seconds
[2025-05-27T18:51:20.655+0530] {processor.py:161} INFO - Started process (PID=26889) to work on /Users/zafarimam/Documents/E-Commerce Order Pipeline/airflow_venv_39/lib/python3.9/site-packages/airflow/example_dags/example_dynamic_task_mapping.py
[2025-05-27T18:51:20.656+0530] {processor.py:830} INFO - Processing file /Users/zafarimam/Documents/E-Commerce Order Pipeline/airflow_venv_39/lib/python3.9/site-packages/airflow/example_dags/example_dynamic_task_mapping.py for tasks to queue
[2025-05-27T18:51:20.656+0530] {logging_mixin.py:188} INFO - [2025-05-27T18:51:20.656+0530] {dagbag.py:538} INFO - Filling up the DagBag from /Users/zafarimam/Documents/E-Commerce Order Pipeline/airflow_venv_39/lib/python3.9/site-packages/airflow/example_dags/example_dynamic_task_mapping.py
[2025-05-27T18:51:20.691+0530] {processor.py:840} INFO - DAG(s) 'example_dynamic_task_mapping' retrieved from /Users/zafarimam/Documents/E-Commerce Order Pipeline/airflow_venv_39/lib/python3.9/site-packages/airflow/example_dags/example_dynamic_task_mapping.py
[2025-05-27T18:51:20.778+0530] {logging_mixin.py:188} INFO - [2025-05-27T18:51:20.778+0530] {dag.py:3036} INFO - Sync 1 DAGs
[2025-05-27T18:51:20.792+0530] {logging_mixin.py:188} INFO - [2025-05-27T18:51:20.792+0530] {dag.py:3823} INFO - Setting next_dagrun for example_dynamic_task_mapping to 2022-03-04 00:00:00+00:00, run_after=2022-03-05 00:00:00+00:00
[2025-05-27T18:51:20.807+0530] {processor.py:183} INFO - Processing /Users/zafarimam/Documents/E-Commerce Order Pipeline/airflow_venv_39/lib/python3.9/site-packages/airflow/example_dags/example_dynamic_task_mapping.py took 0.153 seconds
[2025-05-27T18:53:17.517+0530] {processor.py:161} INFO - Started process (PID=26968) to work on /Users/zafarimam/Documents/E-Commerce Order Pipeline/airflow_venv_39/lib/python3.9/site-packages/airflow/example_dags/example_dynamic_task_mapping.py
[2025-05-27T18:53:17.518+0530] {processor.py:830} INFO - Processing file /Users/zafarimam/Documents/E-Commerce Order Pipeline/airflow_venv_39/lib/python3.9/site-packages/airflow/example_dags/example_dynamic_task_mapping.py for tasks to queue
[2025-05-27T18:53:17.519+0530] {logging_mixin.py:188} INFO - [2025-05-27T18:53:17.519+0530] {dagbag.py:538} INFO - Filling up the DagBag from /Users/zafarimam/Documents/E-Commerce Order Pipeline/airflow_venv_39/lib/python3.9/site-packages/airflow/example_dags/example_dynamic_task_mapping.py
[2025-05-27T18:53:17.558+0530] {processor.py:840} INFO - DAG(s) 'example_dynamic_task_mapping' retrieved from /Users/zafarimam/Documents/E-Commerce Order Pipeline/airflow_venv_39/lib/python3.9/site-packages/airflow/example_dags/example_dynamic_task_mapping.py
[2025-05-27T18:53:17.648+0530] {logging_mixin.py:188} INFO - [2025-05-27T18:53:17.648+0530] {dag.py:3036} INFO - Sync 1 DAGs
[2025-05-27T18:53:17.663+0530] {logging_mixin.py:188} INFO - [2025-05-27T18:53:17.662+0530] {dag.py:3823} INFO - Setting next_dagrun for example_dynamic_task_mapping to 2022-03-04 00:00:00+00:00, run_after=2022-03-05 00:00:00+00:00
[2025-05-27T18:53:17.679+0530] {processor.py:183} INFO - Processing /Users/zafarimam/Documents/E-Commerce Order Pipeline/airflow_venv_39/lib/python3.9/site-packages/airflow/example_dags/example_dynamic_task_mapping.py took 0.162 seconds
[2025-05-27T18:55:24.173+0530] {processor.py:161} INFO - Started process (PID=27033) to work on /Users/zafarimam/Documents/E-Commerce Order Pipeline/airflow_venv_39/lib/python3.9/site-packages/airflow/example_dags/example_dynamic_task_mapping.py
[2025-05-27T18:55:24.175+0530] {processor.py:830} INFO - Processing file /Users/zafarimam/Documents/E-Commerce Order Pipeline/airflow_venv_39/lib/python3.9/site-packages/airflow/example_dags/example_dynamic_task_mapping.py for tasks to queue
[2025-05-27T18:55:24.176+0530] {logging_mixin.py:188} INFO - [2025-05-27T18:55:24.175+0530] {dagbag.py:538} INFO - Filling up the DagBag from /Users/zafarimam/Documents/E-Commerce Order Pipeline/airflow_venv_39/lib/python3.9/site-packages/airflow/example_dags/example_dynamic_task_mapping.py
[2025-05-27T18:55:24.209+0530] {processor.py:840} INFO - DAG(s) 'example_dynamic_task_mapping' retrieved from /Users/zafarimam/Documents/E-Commerce Order Pipeline/airflow_venv_39/lib/python3.9/site-packages/airflow/example_dags/example_dynamic_task_mapping.py
[2025-05-27T18:55:24.299+0530] {logging_mixin.py:188} INFO - [2025-05-27T18:55:24.299+0530] {dag.py:3036} INFO - Sync 1 DAGs
[2025-05-27T18:55:24.314+0530] {logging_mixin.py:188} INFO - [2025-05-27T18:55:24.314+0530] {dag.py:3823} INFO - Setting next_dagrun for example_dynamic_task_mapping to 2022-03-04 00:00:00+00:00, run_after=2022-03-05 00:00:00+00:00
[2025-05-27T18:55:24.329+0530] {processor.py:183} INFO - Processing /Users/zafarimam/Documents/E-Commerce Order Pipeline/airflow_venv_39/lib/python3.9/site-packages/airflow/example_dags/example_dynamic_task_mapping.py took 0.157 seconds
[2025-05-27T18:57:28.204+0530] {processor.py:161} INFO - Started process (PID=27128) to work on /Users/zafarimam/Documents/E-Commerce Order Pipeline/airflow_venv_39/lib/python3.9/site-packages/airflow/example_dags/example_dynamic_task_mapping.py
[2025-05-27T18:57:28.206+0530] {processor.py:830} INFO - Processing file /Users/zafarimam/Documents/E-Commerce Order Pipeline/airflow_venv_39/lib/python3.9/site-packages/airflow/example_dags/example_dynamic_task_mapping.py for tasks to queue
[2025-05-27T18:57:28.207+0530] {logging_mixin.py:188} INFO - [2025-05-27T18:57:28.207+0530] {dagbag.py:538} INFO - Filling up the DagBag from /Users/zafarimam/Documents/E-Commerce Order Pipeline/airflow_venv_39/lib/python3.9/site-packages/airflow/example_dags/example_dynamic_task_mapping.py
[2025-05-27T18:57:28.243+0530] {processor.py:840} INFO - DAG(s) 'example_dynamic_task_mapping' retrieved from /Users/zafarimam/Documents/E-Commerce Order Pipeline/airflow_venv_39/lib/python3.9/site-packages/airflow/example_dags/example_dynamic_task_mapping.py
[2025-05-27T18:57:28.330+0530] {logging_mixin.py:188} INFO - [2025-05-27T18:57:28.329+0530] {dag.py:3036} INFO - Sync 1 DAGs
[2025-05-27T18:57:28.345+0530] {logging_mixin.py:188} INFO - [2025-05-27T18:57:28.345+0530] {dag.py:3823} INFO - Setting next_dagrun for example_dynamic_task_mapping to 2022-03-04 00:00:00+00:00, run_after=2022-03-05 00:00:00+00:00
[2025-05-27T18:57:28.364+0530] {processor.py:183} INFO - Processing /Users/zafarimam/Documents/E-Commerce Order Pipeline/airflow_venv_39/lib/python3.9/site-packages/airflow/example_dags/example_dynamic_task_mapping.py took 0.160 seconds
[2025-05-27T18:59:26.865+0530] {processor.py:161} INFO - Started process (PID=27190) to work on /Users/zafarimam/Documents/E-Commerce Order Pipeline/airflow_venv_39/lib/python3.9/site-packages/airflow/example_dags/example_dynamic_task_mapping.py
[2025-05-27T18:59:26.867+0530] {processor.py:830} INFO - Processing file /Users/zafarimam/Documents/E-Commerce Order Pipeline/airflow_venv_39/lib/python3.9/site-packages/airflow/example_dags/example_dynamic_task_mapping.py for tasks to queue
[2025-05-27T18:59:26.867+0530] {logging_mixin.py:188} INFO - [2025-05-27T18:59:26.867+0530] {dagbag.py:538} INFO - Filling up the DagBag from /Users/zafarimam/Documents/E-Commerce Order Pipeline/airflow_venv_39/lib/python3.9/site-packages/airflow/example_dags/example_dynamic_task_mapping.py
[2025-05-27T18:59:26.904+0530] {processor.py:840} INFO - DAG(s) 'example_dynamic_task_mapping' retrieved from /Users/zafarimam/Documents/E-Commerce Order Pipeline/airflow_venv_39/lib/python3.9/site-packages/airflow/example_dags/example_dynamic_task_mapping.py
[2025-05-27T18:59:26.990+0530] {logging_mixin.py:188} INFO - [2025-05-27T18:59:26.989+0530] {dag.py:3036} INFO - Sync 1 DAGs
[2025-05-27T18:59:27.004+0530] {logging_mixin.py:188} INFO - [2025-05-27T18:59:27.004+0530] {dag.py:3823} INFO - Setting next_dagrun for example_dynamic_task_mapping to 2022-03-04 00:00:00+00:00, run_after=2022-03-05 00:00:00+00:00
[2025-05-27T18:59:27.022+0530] {processor.py:183} INFO - Processing /Users/zafarimam/Documents/E-Commerce Order Pipeline/airflow_venv_39/lib/python3.9/site-packages/airflow/example_dags/example_dynamic_task_mapping.py took 0.158 seconds
[2025-05-27T19:01:41.234+0530] {processor.py:161} INFO - Started process (PID=27303) to work on /Users/zafarimam/Documents/E-Commerce Order Pipeline/airflow_venv_39/lib/python3.9/site-packages/airflow/example_dags/example_dynamic_task_mapping.py
[2025-05-27T19:01:41.236+0530] {processor.py:830} INFO - Processing file /Users/zafarimam/Documents/E-Commerce Order Pipeline/airflow_venv_39/lib/python3.9/site-packages/airflow/example_dags/example_dynamic_task_mapping.py for tasks to queue
[2025-05-27T19:01:41.236+0530] {logging_mixin.py:188} INFO - [2025-05-27T19:01:41.236+0530] {dagbag.py:538} INFO - Filling up the DagBag from /Users/zafarimam/Documents/E-Commerce Order Pipeline/airflow_venv_39/lib/python3.9/site-packages/airflow/example_dags/example_dynamic_task_mapping.py
[2025-05-27T19:01:41.271+0530] {processor.py:840} INFO - DAG(s) 'example_dynamic_task_mapping' retrieved from /Users/zafarimam/Documents/E-Commerce Order Pipeline/airflow_venv_39/lib/python3.9/site-packages/airflow/example_dags/example_dynamic_task_mapping.py
[2025-05-27T19:01:41.350+0530] {logging_mixin.py:188} INFO - [2025-05-27T19:01:41.349+0530] {dag.py:3036} INFO - Sync 1 DAGs
[2025-05-27T19:01:41.361+0530] {logging_mixin.py:188} INFO - [2025-05-27T19:01:41.361+0530] {dag.py:3823} INFO - Setting next_dagrun for example_dynamic_task_mapping to 2022-03-04 00:00:00+00:00, run_after=2022-03-05 00:00:00+00:00
[2025-05-27T19:01:41.374+0530] {processor.py:183} INFO - Processing /Users/zafarimam/Documents/E-Commerce Order Pipeline/airflow_venv_39/lib/python3.9/site-packages/airflow/example_dags/example_dynamic_task_mapping.py took 0.141 seconds
[2025-05-27T19:03:32.560+0530] {processor.py:161} INFO - Started process (PID=27368) to work on /Users/zafarimam/Documents/E-Commerce Order Pipeline/airflow_venv_39/lib/python3.9/site-packages/airflow/example_dags/example_dynamic_task_mapping.py
[2025-05-27T19:03:32.561+0530] {processor.py:830} INFO - Processing file /Users/zafarimam/Documents/E-Commerce Order Pipeline/airflow_venv_39/lib/python3.9/site-packages/airflow/example_dags/example_dynamic_task_mapping.py for tasks to queue
[2025-05-27T19:03:32.562+0530] {logging_mixin.py:188} INFO - [2025-05-27T19:03:32.562+0530] {dagbag.py:538} INFO - Filling up the DagBag from /Users/zafarimam/Documents/E-Commerce Order Pipeline/airflow_venv_39/lib/python3.9/site-packages/airflow/example_dags/example_dynamic_task_mapping.py
[2025-05-27T19:03:32.601+0530] {processor.py:840} INFO - DAG(s) 'example_dynamic_task_mapping' retrieved from /Users/zafarimam/Documents/E-Commerce Order Pipeline/airflow_venv_39/lib/python3.9/site-packages/airflow/example_dags/example_dynamic_task_mapping.py
[2025-05-27T19:03:32.691+0530] {logging_mixin.py:188} INFO - [2025-05-27T19:03:32.691+0530] {dag.py:3036} INFO - Sync 1 DAGs
[2025-05-27T19:03:32.706+0530] {logging_mixin.py:188} INFO - [2025-05-27T19:03:32.706+0530] {dag.py:3823} INFO - Setting next_dagrun for example_dynamic_task_mapping to 2022-03-04 00:00:00+00:00, run_after=2022-03-05 00:00:00+00:00
[2025-05-27T19:03:32.722+0530] {processor.py:183} INFO - Processing /Users/zafarimam/Documents/E-Commerce Order Pipeline/airflow_venv_39/lib/python3.9/site-packages/airflow/example_dags/example_dynamic_task_mapping.py took 0.164 seconds
[2025-05-27T19:05:36.408+0530] {processor.py:161} INFO - Started process (PID=27421) to work on /Users/zafarimam/Documents/E-Commerce Order Pipeline/airflow_venv_39/lib/python3.9/site-packages/airflow/example_dags/example_dynamic_task_mapping.py
[2025-05-27T19:05:36.409+0530] {processor.py:830} INFO - Processing file /Users/zafarimam/Documents/E-Commerce Order Pipeline/airflow_venv_39/lib/python3.9/site-packages/airflow/example_dags/example_dynamic_task_mapping.py for tasks to queue
[2025-05-27T19:05:36.409+0530] {logging_mixin.py:188} INFO - [2025-05-27T19:05:36.409+0530] {dagbag.py:538} INFO - Filling up the DagBag from /Users/zafarimam/Documents/E-Commerce Order Pipeline/airflow_venv_39/lib/python3.9/site-packages/airflow/example_dags/example_dynamic_task_mapping.py
[2025-05-27T19:05:36.444+0530] {processor.py:840} INFO - DAG(s) 'example_dynamic_task_mapping' retrieved from /Users/zafarimam/Documents/E-Commerce Order Pipeline/airflow_venv_39/lib/python3.9/site-packages/airflow/example_dags/example_dynamic_task_mapping.py
[2025-05-27T19:05:36.532+0530] {logging_mixin.py:188} INFO - [2025-05-27T19:05:36.531+0530] {dag.py:3036} INFO - Sync 1 DAGs
[2025-05-27T19:05:36.549+0530] {logging_mixin.py:188} INFO - [2025-05-27T19:05:36.548+0530] {dag.py:3823} INFO - Setting next_dagrun for example_dynamic_task_mapping to 2022-03-04 00:00:00+00:00, run_after=2022-03-05 00:00:00+00:00
[2025-05-27T19:05:36.567+0530] {processor.py:183} INFO - Processing /Users/zafarimam/Documents/E-Commerce Order Pipeline/airflow_venv_39/lib/python3.9/site-packages/airflow/example_dags/example_dynamic_task_mapping.py took 0.160 seconds
[2025-05-27T19:07:55.532+0530] {processor.py:161} INFO - Started process (PID=27512) to work on /Users/zafarimam/Documents/E-Commerce Order Pipeline/airflow_venv_39/lib/python3.9/site-packages/airflow/example_dags/example_dynamic_task_mapping.py
[2025-05-27T19:07:55.534+0530] {processor.py:830} INFO - Processing file /Users/zafarimam/Documents/E-Commerce Order Pipeline/airflow_venv_39/lib/python3.9/site-packages/airflow/example_dags/example_dynamic_task_mapping.py for tasks to queue
[2025-05-27T19:07:55.534+0530] {logging_mixin.py:188} INFO - [2025-05-27T19:07:55.534+0530] {dagbag.py:538} INFO - Filling up the DagBag from /Users/zafarimam/Documents/E-Commerce Order Pipeline/airflow_venv_39/lib/python3.9/site-packages/airflow/example_dags/example_dynamic_task_mapping.py
[2025-05-27T19:07:55.569+0530] {processor.py:840} INFO - DAG(s) 'example_dynamic_task_mapping' retrieved from /Users/zafarimam/Documents/E-Commerce Order Pipeline/airflow_venv_39/lib/python3.9/site-packages/airflow/example_dags/example_dynamic_task_mapping.py
[2025-05-27T19:07:55.648+0530] {logging_mixin.py:188} INFO - [2025-05-27T19:07:55.647+0530] {dag.py:3036} INFO - Sync 1 DAGs
[2025-05-27T19:07:55.659+0530] {logging_mixin.py:188} INFO - [2025-05-27T19:07:55.659+0530] {dag.py:3823} INFO - Setting next_dagrun for example_dynamic_task_mapping to 2022-03-04 00:00:00+00:00, run_after=2022-03-05 00:00:00+00:00
[2025-05-27T19:07:55.672+0530] {processor.py:183} INFO - Processing /Users/zafarimam/Documents/E-Commerce Order Pipeline/airflow_venv_39/lib/python3.9/site-packages/airflow/example_dags/example_dynamic_task_mapping.py took 0.141 seconds
[2025-05-27T19:09:35.663+0530] {processor.py:161} INFO - Started process (PID=27571) to work on /Users/zafarimam/Documents/E-Commerce Order Pipeline/airflow_venv_39/lib/python3.9/site-packages/airflow/example_dags/example_dynamic_task_mapping.py
[2025-05-27T19:09:35.663+0530] {processor.py:830} INFO - Processing file /Users/zafarimam/Documents/E-Commerce Order Pipeline/airflow_venv_39/lib/python3.9/site-packages/airflow/example_dags/example_dynamic_task_mapping.py for tasks to queue
[2025-05-27T19:09:35.664+0530] {logging_mixin.py:188} INFO - [2025-05-27T19:09:35.664+0530] {dagbag.py:538} INFO - Filling up the DagBag from /Users/zafarimam/Documents/E-Commerce Order Pipeline/airflow_venv_39/lib/python3.9/site-packages/airflow/example_dags/example_dynamic_task_mapping.py
[2025-05-27T19:09:35.696+0530] {processor.py:840} INFO - DAG(s) 'example_dynamic_task_mapping' retrieved from /Users/zafarimam/Documents/E-Commerce Order Pipeline/airflow_venv_39/lib/python3.9/site-packages/airflow/example_dags/example_dynamic_task_mapping.py
[2025-05-27T19:09:35.770+0530] {logging_mixin.py:188} INFO - [2025-05-27T19:09:35.770+0530] {dag.py:3036} INFO - Sync 1 DAGs
[2025-05-27T19:09:35.782+0530] {logging_mixin.py:188} INFO - [2025-05-27T19:09:35.781+0530] {dag.py:3823} INFO - Setting next_dagrun for example_dynamic_task_mapping to 2022-03-04 00:00:00+00:00, run_after=2022-03-05 00:00:00+00:00
[2025-05-27T19:09:35.794+0530] {processor.py:183} INFO - Processing /Users/zafarimam/Documents/E-Commerce Order Pipeline/airflow_venv_39/lib/python3.9/site-packages/airflow/example_dags/example_dynamic_task_mapping.py took 0.133 seconds
[2025-05-27T19:11:16.897+0530] {processor.py:161} INFO - Started process (PID=27628) to work on /Users/zafarimam/Documents/E-Commerce Order Pipeline/airflow_venv_39/lib/python3.9/site-packages/airflow/example_dags/example_dynamic_task_mapping.py
[2025-05-27T19:11:16.898+0530] {processor.py:830} INFO - Processing file /Users/zafarimam/Documents/E-Commerce Order Pipeline/airflow_venv_39/lib/python3.9/site-packages/airflow/example_dags/example_dynamic_task_mapping.py for tasks to queue
[2025-05-27T19:11:16.899+0530] {logging_mixin.py:188} INFO - [2025-05-27T19:11:16.899+0530] {dagbag.py:538} INFO - Filling up the DagBag from /Users/zafarimam/Documents/E-Commerce Order Pipeline/airflow_venv_39/lib/python3.9/site-packages/airflow/example_dags/example_dynamic_task_mapping.py
[2025-05-27T19:11:16.930+0530] {processor.py:840} INFO - DAG(s) 'example_dynamic_task_mapping' retrieved from /Users/zafarimam/Documents/E-Commerce Order Pipeline/airflow_venv_39/lib/python3.9/site-packages/airflow/example_dags/example_dynamic_task_mapping.py
[2025-05-27T19:11:17.003+0530] {logging_mixin.py:188} INFO - [2025-05-27T19:11:17.002+0530] {dag.py:3036} INFO - Sync 1 DAGs
[2025-05-27T19:11:17.014+0530] {logging_mixin.py:188} INFO - [2025-05-27T19:11:17.013+0530] {dag.py:3823} INFO - Setting next_dagrun for example_dynamic_task_mapping to 2022-03-04 00:00:00+00:00, run_after=2022-03-05 00:00:00+00:00
[2025-05-27T19:11:17.028+0530] {processor.py:183} INFO - Processing /Users/zafarimam/Documents/E-Commerce Order Pipeline/airflow_venv_39/lib/python3.9/site-packages/airflow/example_dags/example_dynamic_task_mapping.py took 0.132 seconds
[2025-05-27T19:12:58.133+0530] {processor.py:161} INFO - Started process (PID=27680) to work on /Users/zafarimam/Documents/E-Commerce Order Pipeline/airflow_venv_39/lib/python3.9/site-packages/airflow/example_dags/example_dynamic_task_mapping.py
[2025-05-27T19:12:58.134+0530] {processor.py:830} INFO - Processing file /Users/zafarimam/Documents/E-Commerce Order Pipeline/airflow_venv_39/lib/python3.9/site-packages/airflow/example_dags/example_dynamic_task_mapping.py for tasks to queue
[2025-05-27T19:12:58.135+0530] {logging_mixin.py:188} INFO - [2025-05-27T19:12:58.134+0530] {dagbag.py:538} INFO - Filling up the DagBag from /Users/zafarimam/Documents/E-Commerce Order Pipeline/airflow_venv_39/lib/python3.9/site-packages/airflow/example_dags/example_dynamic_task_mapping.py
[2025-05-27T19:12:58.166+0530] {processor.py:840} INFO - DAG(s) 'example_dynamic_task_mapping' retrieved from /Users/zafarimam/Documents/E-Commerce Order Pipeline/airflow_venv_39/lib/python3.9/site-packages/airflow/example_dags/example_dynamic_task_mapping.py
[2025-05-27T19:12:58.237+0530] {logging_mixin.py:188} INFO - [2025-05-27T19:12:58.237+0530] {dag.py:3036} INFO - Sync 1 DAGs
[2025-05-27T19:12:58.248+0530] {logging_mixin.py:188} INFO - [2025-05-27T19:12:58.248+0530] {dag.py:3823} INFO - Setting next_dagrun for example_dynamic_task_mapping to 2022-03-04 00:00:00+00:00, run_after=2022-03-05 00:00:00+00:00
[2025-05-27T19:12:58.266+0530] {processor.py:183} INFO - Processing /Users/zafarimam/Documents/E-Commerce Order Pipeline/airflow_venv_39/lib/python3.9/site-packages/airflow/example_dags/example_dynamic_task_mapping.py took 0.134 seconds
[2025-05-27T19:14:38.229+0530] {processor.py:161} INFO - Started process (PID=27729) to work on /Users/zafarimam/Documents/E-Commerce Order Pipeline/airflow_venv_39/lib/python3.9/site-packages/airflow/example_dags/example_dynamic_task_mapping.py
[2025-05-27T19:14:38.230+0530] {processor.py:830} INFO - Processing file /Users/zafarimam/Documents/E-Commerce Order Pipeline/airflow_venv_39/lib/python3.9/site-packages/airflow/example_dags/example_dynamic_task_mapping.py for tasks to queue
[2025-05-27T19:14:38.231+0530] {logging_mixin.py:188} INFO - [2025-05-27T19:14:38.231+0530] {dagbag.py:538} INFO - Filling up the DagBag from /Users/zafarimam/Documents/E-Commerce Order Pipeline/airflow_venv_39/lib/python3.9/site-packages/airflow/example_dags/example_dynamic_task_mapping.py
[2025-05-27T19:14:38.263+0530] {processor.py:840} INFO - DAG(s) 'example_dynamic_task_mapping' retrieved from /Users/zafarimam/Documents/E-Commerce Order Pipeline/airflow_venv_39/lib/python3.9/site-packages/airflow/example_dags/example_dynamic_task_mapping.py
[2025-05-27T19:14:38.338+0530] {logging_mixin.py:188} INFO - [2025-05-27T19:14:38.337+0530] {dag.py:3036} INFO - Sync 1 DAGs
[2025-05-27T19:14:38.349+0530] {logging_mixin.py:188} INFO - [2025-05-27T19:14:38.349+0530] {dag.py:3823} INFO - Setting next_dagrun for example_dynamic_task_mapping to 2022-03-04 00:00:00+00:00, run_after=2022-03-05 00:00:00+00:00
[2025-05-27T19:14:38.361+0530] {processor.py:183} INFO - Processing /Users/zafarimam/Documents/E-Commerce Order Pipeline/airflow_venv_39/lib/python3.9/site-packages/airflow/example_dags/example_dynamic_task_mapping.py took 0.133 seconds
[2025-05-27T19:16:19.073+0530] {processor.py:161} INFO - Started process (PID=27786) to work on /Users/zafarimam/Documents/E-Commerce Order Pipeline/airflow_venv_39/lib/python3.9/site-packages/airflow/example_dags/example_dynamic_task_mapping.py
[2025-05-27T19:16:19.074+0530] {processor.py:830} INFO - Processing file /Users/zafarimam/Documents/E-Commerce Order Pipeline/airflow_venv_39/lib/python3.9/site-packages/airflow/example_dags/example_dynamic_task_mapping.py for tasks to queue
[2025-05-27T19:16:19.075+0530] {logging_mixin.py:188} INFO - [2025-05-27T19:16:19.074+0530] {dagbag.py:538} INFO - Filling up the DagBag from /Users/zafarimam/Documents/E-Commerce Order Pipeline/airflow_venv_39/lib/python3.9/site-packages/airflow/example_dags/example_dynamic_task_mapping.py
[2025-05-27T19:16:19.106+0530] {processor.py:840} INFO - DAG(s) 'example_dynamic_task_mapping' retrieved from /Users/zafarimam/Documents/E-Commerce Order Pipeline/airflow_venv_39/lib/python3.9/site-packages/airflow/example_dags/example_dynamic_task_mapping.py
[2025-05-27T19:16:19.179+0530] {logging_mixin.py:188} INFO - [2025-05-27T19:16:19.179+0530] {dag.py:3036} INFO - Sync 1 DAGs
[2025-05-27T19:16:19.190+0530] {logging_mixin.py:188} INFO - [2025-05-27T19:16:19.190+0530] {dag.py:3823} INFO - Setting next_dagrun for example_dynamic_task_mapping to 2022-03-04 00:00:00+00:00, run_after=2022-03-05 00:00:00+00:00
[2025-05-27T19:16:19.206+0530] {processor.py:183} INFO - Processing /Users/zafarimam/Documents/E-Commerce Order Pipeline/airflow_venv_39/lib/python3.9/site-packages/airflow/example_dags/example_dynamic_task_mapping.py took 0.134 seconds
[2025-05-27T19:17:59.404+0530] {processor.py:161} INFO - Started process (PID=27839) to work on /Users/zafarimam/Documents/E-Commerce Order Pipeline/airflow_venv_39/lib/python3.9/site-packages/airflow/example_dags/example_dynamic_task_mapping.py
[2025-05-27T19:17:59.405+0530] {processor.py:830} INFO - Processing file /Users/zafarimam/Documents/E-Commerce Order Pipeline/airflow_venv_39/lib/python3.9/site-packages/airflow/example_dags/example_dynamic_task_mapping.py for tasks to queue
[2025-05-27T19:17:59.406+0530] {logging_mixin.py:188} INFO - [2025-05-27T19:17:59.405+0530] {dagbag.py:538} INFO - Filling up the DagBag from /Users/zafarimam/Documents/E-Commerce Order Pipeline/airflow_venv_39/lib/python3.9/site-packages/airflow/example_dags/example_dynamic_task_mapping.py
[2025-05-27T19:17:59.437+0530] {processor.py:840} INFO - DAG(s) 'example_dynamic_task_mapping' retrieved from /Users/zafarimam/Documents/E-Commerce Order Pipeline/airflow_venv_39/lib/python3.9/site-packages/airflow/example_dags/example_dynamic_task_mapping.py
[2025-05-27T19:17:59.511+0530] {logging_mixin.py:188} INFO - [2025-05-27T19:17:59.511+0530] {dag.py:3036} INFO - Sync 1 DAGs
[2025-05-27T19:17:59.522+0530] {logging_mixin.py:188} INFO - [2025-05-27T19:17:59.522+0530] {dag.py:3823} INFO - Setting next_dagrun for example_dynamic_task_mapping to 2022-03-04 00:00:00+00:00, run_after=2022-03-05 00:00:00+00:00
[2025-05-27T19:17:59.539+0530] {processor.py:183} INFO - Processing /Users/zafarimam/Documents/E-Commerce Order Pipeline/airflow_venv_39/lib/python3.9/site-packages/airflow/example_dags/example_dynamic_task_mapping.py took 0.136 seconds
[2025-05-27T19:19:40.752+0530] {processor.py:161} INFO - Started process (PID=27926) to work on /Users/zafarimam/Documents/E-Commerce Order Pipeline/airflow_venv_39/lib/python3.9/site-packages/airflow/example_dags/example_dynamic_task_mapping.py
[2025-05-27T19:19:40.753+0530] {processor.py:830} INFO - Processing file /Users/zafarimam/Documents/E-Commerce Order Pipeline/airflow_venv_39/lib/python3.9/site-packages/airflow/example_dags/example_dynamic_task_mapping.py for tasks to queue
[2025-05-27T19:19:40.753+0530] {logging_mixin.py:188} INFO - [2025-05-27T19:19:40.753+0530] {dagbag.py:538} INFO - Filling up the DagBag from /Users/zafarimam/Documents/E-Commerce Order Pipeline/airflow_venv_39/lib/python3.9/site-packages/airflow/example_dags/example_dynamic_task_mapping.py
[2025-05-27T19:19:40.785+0530] {processor.py:840} INFO - DAG(s) 'example_dynamic_task_mapping' retrieved from /Users/zafarimam/Documents/E-Commerce Order Pipeline/airflow_venv_39/lib/python3.9/site-packages/airflow/example_dags/example_dynamic_task_mapping.py
[2025-05-27T19:19:40.858+0530] {logging_mixin.py:188} INFO - [2025-05-27T19:19:40.858+0530] {dag.py:3036} INFO - Sync 1 DAGs
[2025-05-27T19:19:40.869+0530] {logging_mixin.py:188} INFO - [2025-05-27T19:19:40.869+0530] {dag.py:3823} INFO - Setting next_dagrun for example_dynamic_task_mapping to 2022-03-04 00:00:00+00:00, run_after=2022-03-05 00:00:00+00:00
[2025-05-27T19:19:40.886+0530] {processor.py:183} INFO - Processing /Users/zafarimam/Documents/E-Commerce Order Pipeline/airflow_venv_39/lib/python3.9/site-packages/airflow/example_dags/example_dynamic_task_mapping.py took 0.136 seconds
[2025-05-27T19:21:21.078+0530] {processor.py:161} INFO - Started process (PID=27981) to work on /Users/zafarimam/Documents/E-Commerce Order Pipeline/airflow_venv_39/lib/python3.9/site-packages/airflow/example_dags/example_dynamic_task_mapping.py
[2025-05-27T19:21:21.079+0530] {processor.py:830} INFO - Processing file /Users/zafarimam/Documents/E-Commerce Order Pipeline/airflow_venv_39/lib/python3.9/site-packages/airflow/example_dags/example_dynamic_task_mapping.py for tasks to queue
[2025-05-27T19:21:21.080+0530] {logging_mixin.py:188} INFO - [2025-05-27T19:21:21.080+0530] {dagbag.py:538} INFO - Filling up the DagBag from /Users/zafarimam/Documents/E-Commerce Order Pipeline/airflow_venv_39/lib/python3.9/site-packages/airflow/example_dags/example_dynamic_task_mapping.py
[2025-05-27T19:21:21.112+0530] {processor.py:840} INFO - DAG(s) 'example_dynamic_task_mapping' retrieved from /Users/zafarimam/Documents/E-Commerce Order Pipeline/airflow_venv_39/lib/python3.9/site-packages/airflow/example_dags/example_dynamic_task_mapping.py
[2025-05-27T19:21:21.185+0530] {logging_mixin.py:188} INFO - [2025-05-27T19:21:21.185+0530] {dag.py:3036} INFO - Sync 1 DAGs
[2025-05-27T19:21:21.196+0530] {logging_mixin.py:188} INFO - [2025-05-27T19:21:21.196+0530] {dag.py:3823} INFO - Setting next_dagrun for example_dynamic_task_mapping to 2022-03-04 00:00:00+00:00, run_after=2022-03-05 00:00:00+00:00
[2025-05-27T19:21:21.208+0530] {processor.py:183} INFO - Processing /Users/zafarimam/Documents/E-Commerce Order Pipeline/airflow_venv_39/lib/python3.9/site-packages/airflow/example_dags/example_dynamic_task_mapping.py took 0.131 seconds
[2025-05-27T19:22:59.944+0530] {processor.py:161} INFO - Started process (PID=28040) to work on /Users/zafarimam/Documents/E-Commerce Order Pipeline/airflow_venv_39/lib/python3.9/site-packages/airflow/example_dags/example_dynamic_task_mapping.py
[2025-05-27T19:22:59.945+0530] {processor.py:830} INFO - Processing file /Users/zafarimam/Documents/E-Commerce Order Pipeline/airflow_venv_39/lib/python3.9/site-packages/airflow/example_dags/example_dynamic_task_mapping.py for tasks to queue
[2025-05-27T19:22:59.945+0530] {logging_mixin.py:188} INFO - [2025-05-27T19:22:59.945+0530] {dagbag.py:538} INFO - Filling up the DagBag from /Users/zafarimam/Documents/E-Commerce Order Pipeline/airflow_venv_39/lib/python3.9/site-packages/airflow/example_dags/example_dynamic_task_mapping.py
[2025-05-27T19:22:59.977+0530] {processor.py:840} INFO - DAG(s) 'example_dynamic_task_mapping' retrieved from /Users/zafarimam/Documents/E-Commerce Order Pipeline/airflow_venv_39/lib/python3.9/site-packages/airflow/example_dags/example_dynamic_task_mapping.py
[2025-05-27T19:23:00.049+0530] {logging_mixin.py:188} INFO - [2025-05-27T19:23:00.049+0530] {dag.py:3036} INFO - Sync 1 DAGs
[2025-05-27T19:23:00.060+0530] {logging_mixin.py:188} INFO - [2025-05-27T19:23:00.059+0530] {dag.py:3823} INFO - Setting next_dagrun for example_dynamic_task_mapping to 2022-03-04 00:00:00+00:00, run_after=2022-03-05 00:00:00+00:00
[2025-05-27T19:23:00.072+0530] {processor.py:183} INFO - Processing /Users/zafarimam/Documents/E-Commerce Order Pipeline/airflow_venv_39/lib/python3.9/site-packages/airflow/example_dags/example_dynamic_task_mapping.py took 0.129 seconds
[2025-05-27T19:24:41.253+0530] {processor.py:161} INFO - Started process (PID=28095) to work on /Users/zafarimam/Documents/E-Commerce Order Pipeline/airflow_venv_39/lib/python3.9/site-packages/airflow/example_dags/example_dynamic_task_mapping.py
[2025-05-27T19:24:41.254+0530] {processor.py:830} INFO - Processing file /Users/zafarimam/Documents/E-Commerce Order Pipeline/airflow_venv_39/lib/python3.9/site-packages/airflow/example_dags/example_dynamic_task_mapping.py for tasks to queue
[2025-05-27T19:24:41.254+0530] {logging_mixin.py:188} INFO - [2025-05-27T19:24:41.254+0530] {dagbag.py:538} INFO - Filling up the DagBag from /Users/zafarimam/Documents/E-Commerce Order Pipeline/airflow_venv_39/lib/python3.9/site-packages/airflow/example_dags/example_dynamic_task_mapping.py
[2025-05-27T19:24:41.285+0530] {processor.py:840} INFO - DAG(s) 'example_dynamic_task_mapping' retrieved from /Users/zafarimam/Documents/E-Commerce Order Pipeline/airflow_venv_39/lib/python3.9/site-packages/airflow/example_dags/example_dynamic_task_mapping.py
[2025-05-27T19:24:41.359+0530] {logging_mixin.py:188} INFO - [2025-05-27T19:24:41.358+0530] {dag.py:3036} INFO - Sync 1 DAGs
[2025-05-27T19:24:41.370+0530] {logging_mixin.py:188} INFO - [2025-05-27T19:24:41.370+0530] {dag.py:3823} INFO - Setting next_dagrun for example_dynamic_task_mapping to 2022-03-04 00:00:00+00:00, run_after=2022-03-05 00:00:00+00:00
[2025-05-27T19:24:41.383+0530] {processor.py:183} INFO - Processing /Users/zafarimam/Documents/E-Commerce Order Pipeline/airflow_venv_39/lib/python3.9/site-packages/airflow/example_dags/example_dynamic_task_mapping.py took 0.131 seconds
[2025-05-27T19:26:21.311+0530] {processor.py:161} INFO - Started process (PID=28148) to work on /Users/zafarimam/Documents/E-Commerce Order Pipeline/airflow_venv_39/lib/python3.9/site-packages/airflow/example_dags/example_dynamic_task_mapping.py
[2025-05-27T19:26:21.311+0530] {processor.py:830} INFO - Processing file /Users/zafarimam/Documents/E-Commerce Order Pipeline/airflow_venv_39/lib/python3.9/site-packages/airflow/example_dags/example_dynamic_task_mapping.py for tasks to queue
[2025-05-27T19:26:21.312+0530] {logging_mixin.py:188} INFO - [2025-05-27T19:26:21.312+0530] {dagbag.py:538} INFO - Filling up the DagBag from /Users/zafarimam/Documents/E-Commerce Order Pipeline/airflow_venv_39/lib/python3.9/site-packages/airflow/example_dags/example_dynamic_task_mapping.py
[2025-05-27T19:26:21.343+0530] {processor.py:840} INFO - DAG(s) 'example_dynamic_task_mapping' retrieved from /Users/zafarimam/Documents/E-Commerce Order Pipeline/airflow_venv_39/lib/python3.9/site-packages/airflow/example_dags/example_dynamic_task_mapping.py
[2025-05-27T19:26:21.417+0530] {logging_mixin.py:188} INFO - [2025-05-27T19:26:21.416+0530] {dag.py:3036} INFO - Sync 1 DAGs
[2025-05-27T19:26:21.428+0530] {logging_mixin.py:188} INFO - [2025-05-27T19:26:21.428+0530] {dag.py:3823} INFO - Setting next_dagrun for example_dynamic_task_mapping to 2022-03-04 00:00:00+00:00, run_after=2022-03-05 00:00:00+00:00
[2025-05-27T19:26:21.445+0530] {processor.py:183} INFO - Processing /Users/zafarimam/Documents/E-Commerce Order Pipeline/airflow_venv_39/lib/python3.9/site-packages/airflow/example_dags/example_dynamic_task_mapping.py took 0.135 seconds
[2025-05-27T19:28:02.038+0530] {processor.py:161} INFO - Started process (PID=28203) to work on /Users/zafarimam/Documents/E-Commerce Order Pipeline/airflow_venv_39/lib/python3.9/site-packages/airflow/example_dags/example_dynamic_task_mapping.py
[2025-05-27T19:28:02.038+0530] {processor.py:830} INFO - Processing file /Users/zafarimam/Documents/E-Commerce Order Pipeline/airflow_venv_39/lib/python3.9/site-packages/airflow/example_dags/example_dynamic_task_mapping.py for tasks to queue
[2025-05-27T19:28:02.039+0530] {logging_mixin.py:188} INFO - [2025-05-27T19:28:02.039+0530] {dagbag.py:538} INFO - Filling up the DagBag from /Users/zafarimam/Documents/E-Commerce Order Pipeline/airflow_venv_39/lib/python3.9/site-packages/airflow/example_dags/example_dynamic_task_mapping.py
[2025-05-27T19:28:02.070+0530] {processor.py:840} INFO - DAG(s) 'example_dynamic_task_mapping' retrieved from /Users/zafarimam/Documents/E-Commerce Order Pipeline/airflow_venv_39/lib/python3.9/site-packages/airflow/example_dags/example_dynamic_task_mapping.py
[2025-05-27T19:28:02.144+0530] {logging_mixin.py:188} INFO - [2025-05-27T19:28:02.144+0530] {dag.py:3036} INFO - Sync 1 DAGs
[2025-05-27T19:28:02.155+0530] {logging_mixin.py:188} INFO - [2025-05-27T19:28:02.155+0530] {dag.py:3823} INFO - Setting next_dagrun for example_dynamic_task_mapping to 2022-03-04 00:00:00+00:00, run_after=2022-03-05 00:00:00+00:00
[2025-05-27T19:28:02.168+0530] {processor.py:183} INFO - Processing /Users/zafarimam/Documents/E-Commerce Order Pipeline/airflow_venv_39/lib/python3.9/site-packages/airflow/example_dags/example_dynamic_task_mapping.py took 0.131 seconds
[2025-05-27T19:29:41.762+0530] {processor.py:161} INFO - Started process (PID=28254) to work on /Users/zafarimam/Documents/E-Commerce Order Pipeline/airflow_venv_39/lib/python3.9/site-packages/airflow/example_dags/example_dynamic_task_mapping.py
[2025-05-27T19:29:41.762+0530] {processor.py:830} INFO - Processing file /Users/zafarimam/Documents/E-Commerce Order Pipeline/airflow_venv_39/lib/python3.9/site-packages/airflow/example_dags/example_dynamic_task_mapping.py for tasks to queue
[2025-05-27T19:29:41.763+0530] {logging_mixin.py:188} INFO - [2025-05-27T19:29:41.763+0530] {dagbag.py:538} INFO - Filling up the DagBag from /Users/zafarimam/Documents/E-Commerce Order Pipeline/airflow_venv_39/lib/python3.9/site-packages/airflow/example_dags/example_dynamic_task_mapping.py
[2025-05-27T19:29:41.795+0530] {processor.py:840} INFO - DAG(s) 'example_dynamic_task_mapping' retrieved from /Users/zafarimam/Documents/E-Commerce Order Pipeline/airflow_venv_39/lib/python3.9/site-packages/airflow/example_dags/example_dynamic_task_mapping.py
[2025-05-27T19:29:41.868+0530] {logging_mixin.py:188} INFO - [2025-05-27T19:29:41.868+0530] {dag.py:3036} INFO - Sync 1 DAGs
[2025-05-27T19:29:41.879+0530] {logging_mixin.py:188} INFO - [2025-05-27T19:29:41.879+0530] {dag.py:3823} INFO - Setting next_dagrun for example_dynamic_task_mapping to 2022-03-04 00:00:00+00:00, run_after=2022-03-05 00:00:00+00:00
[2025-05-27T19:29:41.891+0530] {processor.py:183} INFO - Processing /Users/zafarimam/Documents/E-Commerce Order Pipeline/airflow_venv_39/lib/python3.9/site-packages/airflow/example_dags/example_dynamic_task_mapping.py took 0.131 seconds
[2025-05-27T19:31:42.238+0530] {processor.py:161} INFO - Started process (PID=28337) to work on /Users/zafarimam/Documents/E-Commerce Order Pipeline/airflow_venv_39/lib/python3.9/site-packages/airflow/example_dags/example_dynamic_task_mapping.py
[2025-05-27T19:31:42.239+0530] {processor.py:830} INFO - Processing file /Users/zafarimam/Documents/E-Commerce Order Pipeline/airflow_venv_39/lib/python3.9/site-packages/airflow/example_dags/example_dynamic_task_mapping.py for tasks to queue
[2025-05-27T19:31:42.240+0530] {logging_mixin.py:188} INFO - [2025-05-27T19:31:42.240+0530] {dagbag.py:538} INFO - Filling up the DagBag from /Users/zafarimam/Documents/E-Commerce Order Pipeline/airflow_venv_39/lib/python3.9/site-packages/airflow/example_dags/example_dynamic_task_mapping.py
[2025-05-27T19:31:42.271+0530] {processor.py:840} INFO - DAG(s) 'example_dynamic_task_mapping' retrieved from /Users/zafarimam/Documents/E-Commerce Order Pipeline/airflow_venv_39/lib/python3.9/site-packages/airflow/example_dags/example_dynamic_task_mapping.py
[2025-05-27T19:31:42.345+0530] {logging_mixin.py:188} INFO - [2025-05-27T19:31:42.345+0530] {dag.py:3036} INFO - Sync 1 DAGs
[2025-05-27T19:31:42.356+0530] {logging_mixin.py:188} INFO - [2025-05-27T19:31:42.356+0530] {dag.py:3823} INFO - Setting next_dagrun for example_dynamic_task_mapping to 2022-03-04 00:00:00+00:00, run_after=2022-03-05 00:00:00+00:00
[2025-05-27T19:31:42.372+0530] {processor.py:183} INFO - Processing /Users/zafarimam/Documents/E-Commerce Order Pipeline/airflow_venv_39/lib/python3.9/site-packages/airflow/example_dags/example_dynamic_task_mapping.py took 0.135 seconds
[2025-05-27T19:33:22.674+0530] {processor.py:161} INFO - Started process (PID=28388) to work on /Users/zafarimam/Documents/E-Commerce Order Pipeline/airflow_venv_39/lib/python3.9/site-packages/airflow/example_dags/example_dynamic_task_mapping.py
[2025-05-27T19:33:22.675+0530] {processor.py:830} INFO - Processing file /Users/zafarimam/Documents/E-Commerce Order Pipeline/airflow_venv_39/lib/python3.9/site-packages/airflow/example_dags/example_dynamic_task_mapping.py for tasks to queue
[2025-05-27T19:33:22.675+0530] {logging_mixin.py:188} INFO - [2025-05-27T19:33:22.675+0530] {dagbag.py:538} INFO - Filling up the DagBag from /Users/zafarimam/Documents/E-Commerce Order Pipeline/airflow_venv_39/lib/python3.9/site-packages/airflow/example_dags/example_dynamic_task_mapping.py
[2025-05-27T19:33:22.706+0530] {processor.py:840} INFO - DAG(s) 'example_dynamic_task_mapping' retrieved from /Users/zafarimam/Documents/E-Commerce Order Pipeline/airflow_venv_39/lib/python3.9/site-packages/airflow/example_dags/example_dynamic_task_mapping.py
[2025-05-27T19:33:22.780+0530] {logging_mixin.py:188} INFO - [2025-05-27T19:33:22.779+0530] {dag.py:3036} INFO - Sync 1 DAGs
[2025-05-27T19:33:22.791+0530] {logging_mixin.py:188} INFO - [2025-05-27T19:33:22.790+0530] {dag.py:3823} INFO - Setting next_dagrun for example_dynamic_task_mapping to 2022-03-04 00:00:00+00:00, run_after=2022-03-05 00:00:00+00:00
[2025-05-27T19:33:22.803+0530] {processor.py:183} INFO - Processing /Users/zafarimam/Documents/E-Commerce Order Pipeline/airflow_venv_39/lib/python3.9/site-packages/airflow/example_dags/example_dynamic_task_mapping.py took 0.130 seconds
[2025-05-27T19:35:03.483+0530] {processor.py:161} INFO - Started process (PID=28440) to work on /Users/zafarimam/Documents/E-Commerce Order Pipeline/airflow_venv_39/lib/python3.9/site-packages/airflow/example_dags/example_dynamic_task_mapping.py
[2025-05-27T19:35:03.484+0530] {processor.py:830} INFO - Processing file /Users/zafarimam/Documents/E-Commerce Order Pipeline/airflow_venv_39/lib/python3.9/site-packages/airflow/example_dags/example_dynamic_task_mapping.py for tasks to queue
[2025-05-27T19:35:03.484+0530] {logging_mixin.py:188} INFO - [2025-05-27T19:35:03.484+0530] {dagbag.py:538} INFO - Filling up the DagBag from /Users/zafarimam/Documents/E-Commerce Order Pipeline/airflow_venv_39/lib/python3.9/site-packages/airflow/example_dags/example_dynamic_task_mapping.py
[2025-05-27T19:35:03.516+0530] {processor.py:840} INFO - DAG(s) 'example_dynamic_task_mapping' retrieved from /Users/zafarimam/Documents/E-Commerce Order Pipeline/airflow_venv_39/lib/python3.9/site-packages/airflow/example_dags/example_dynamic_task_mapping.py
[2025-05-27T19:35:03.590+0530] {logging_mixin.py:188} INFO - [2025-05-27T19:35:03.589+0530] {dag.py:3036} INFO - Sync 1 DAGs
[2025-05-27T19:35:03.600+0530] {logging_mixin.py:188} INFO - [2025-05-27T19:35:03.600+0530] {dag.py:3823} INFO - Setting next_dagrun for example_dynamic_task_mapping to 2022-03-04 00:00:00+00:00, run_after=2022-03-05 00:00:00+00:00
[2025-05-27T19:35:03.618+0530] {processor.py:183} INFO - Processing /Users/zafarimam/Documents/E-Commerce Order Pipeline/airflow_venv_39/lib/python3.9/site-packages/airflow/example_dags/example_dynamic_task_mapping.py took 0.136 seconds
[2025-05-27T19:36:45.269+0530] {processor.py:161} INFO - Started process (PID=28495) to work on /Users/zafarimam/Documents/E-Commerce Order Pipeline/airflow_venv_39/lib/python3.9/site-packages/airflow/example_dags/example_dynamic_task_mapping.py
[2025-05-27T19:36:45.270+0530] {processor.py:830} INFO - Processing file /Users/zafarimam/Documents/E-Commerce Order Pipeline/airflow_venv_39/lib/python3.9/site-packages/airflow/example_dags/example_dynamic_task_mapping.py for tasks to queue
[2025-05-27T19:36:45.271+0530] {logging_mixin.py:188} INFO - [2025-05-27T19:36:45.271+0530] {dagbag.py:538} INFO - Filling up the DagBag from /Users/zafarimam/Documents/E-Commerce Order Pipeline/airflow_venv_39/lib/python3.9/site-packages/airflow/example_dags/example_dynamic_task_mapping.py
[2025-05-27T19:36:45.302+0530] {processor.py:840} INFO - DAG(s) 'example_dynamic_task_mapping' retrieved from /Users/zafarimam/Documents/E-Commerce Order Pipeline/airflow_venv_39/lib/python3.9/site-packages/airflow/example_dags/example_dynamic_task_mapping.py
[2025-05-27T19:36:45.373+0530] {logging_mixin.py:188} INFO - [2025-05-27T19:36:45.373+0530] {dag.py:3036} INFO - Sync 1 DAGs
[2025-05-27T19:36:45.384+0530] {logging_mixin.py:188} INFO - [2025-05-27T19:36:45.384+0530] {dag.py:3823} INFO - Setting next_dagrun for example_dynamic_task_mapping to 2022-03-04 00:00:00+00:00, run_after=2022-03-05 00:00:00+00:00
[2025-05-27T19:36:45.397+0530] {processor.py:183} INFO - Processing /Users/zafarimam/Documents/E-Commerce Order Pipeline/airflow_venv_39/lib/python3.9/site-packages/airflow/example_dags/example_dynamic_task_mapping.py took 0.129 seconds
[2025-05-27T19:38:26.664+0530] {processor.py:161} INFO - Started process (PID=28544) to work on /Users/zafarimam/Documents/E-Commerce Order Pipeline/airflow_venv_39/lib/python3.9/site-packages/airflow/example_dags/example_dynamic_task_mapping.py
[2025-05-27T19:38:26.665+0530] {processor.py:830} INFO - Processing file /Users/zafarimam/Documents/E-Commerce Order Pipeline/airflow_venv_39/lib/python3.9/site-packages/airflow/example_dags/example_dynamic_task_mapping.py for tasks to queue
[2025-05-27T19:38:26.666+0530] {logging_mixin.py:188} INFO - [2025-05-27T19:38:26.665+0530] {dagbag.py:538} INFO - Filling up the DagBag from /Users/zafarimam/Documents/E-Commerce Order Pipeline/airflow_venv_39/lib/python3.9/site-packages/airflow/example_dags/example_dynamic_task_mapping.py
[2025-05-27T19:38:26.697+0530] {processor.py:840} INFO - DAG(s) 'example_dynamic_task_mapping' retrieved from /Users/zafarimam/Documents/E-Commerce Order Pipeline/airflow_venv_39/lib/python3.9/site-packages/airflow/example_dags/example_dynamic_task_mapping.py
[2025-05-27T19:38:26.772+0530] {logging_mixin.py:188} INFO - [2025-05-27T19:38:26.771+0530] {dag.py:3036} INFO - Sync 1 DAGs
[2025-05-27T19:38:26.783+0530] {logging_mixin.py:188} INFO - [2025-05-27T19:38:26.783+0530] {dag.py:3823} INFO - Setting next_dagrun for example_dynamic_task_mapping to 2022-03-04 00:00:00+00:00, run_after=2022-03-05 00:00:00+00:00
[2025-05-27T19:38:26.805+0530] {processor.py:183} INFO - Processing /Users/zafarimam/Documents/E-Commerce Order Pipeline/airflow_venv_39/lib/python3.9/site-packages/airflow/example_dags/example_dynamic_task_mapping.py took 0.142 seconds
[2025-05-27T19:40:06.167+0530] {processor.py:161} INFO - Started process (PID=28596) to work on /Users/zafarimam/Documents/E-Commerce Order Pipeline/airflow_venv_39/lib/python3.9/site-packages/airflow/example_dags/example_dynamic_task_mapping.py
[2025-05-27T19:40:06.168+0530] {processor.py:830} INFO - Processing file /Users/zafarimam/Documents/E-Commerce Order Pipeline/airflow_venv_39/lib/python3.9/site-packages/airflow/example_dags/example_dynamic_task_mapping.py for tasks to queue
[2025-05-27T19:40:06.169+0530] {logging_mixin.py:188} INFO - [2025-05-27T19:40:06.169+0530] {dagbag.py:538} INFO - Filling up the DagBag from /Users/zafarimam/Documents/E-Commerce Order Pipeline/airflow_venv_39/lib/python3.9/site-packages/airflow/example_dags/example_dynamic_task_mapping.py
[2025-05-27T19:40:06.201+0530] {processor.py:840} INFO - DAG(s) 'example_dynamic_task_mapping' retrieved from /Users/zafarimam/Documents/E-Commerce Order Pipeline/airflow_venv_39/lib/python3.9/site-packages/airflow/example_dags/example_dynamic_task_mapping.py
[2025-05-27T19:40:06.275+0530] {logging_mixin.py:188} INFO - [2025-05-27T19:40:06.275+0530] {dag.py:3036} INFO - Sync 1 DAGs
[2025-05-27T19:40:06.286+0530] {logging_mixin.py:188} INFO - [2025-05-27T19:40:06.286+0530] {dag.py:3823} INFO - Setting next_dagrun for example_dynamic_task_mapping to 2022-03-04 00:00:00+00:00, run_after=2022-03-05 00:00:00+00:00
[2025-05-27T19:40:06.304+0530] {processor.py:183} INFO - Processing /Users/zafarimam/Documents/E-Commerce Order Pipeline/airflow_venv_39/lib/python3.9/site-packages/airflow/example_dags/example_dynamic_task_mapping.py took 0.138 seconds
[2025-05-27T19:41:45.017+0530] {processor.py:161} INFO - Started process (PID=28650) to work on /Users/zafarimam/Documents/E-Commerce Order Pipeline/airflow_venv_39/lib/python3.9/site-packages/airflow/example_dags/example_dynamic_task_mapping.py
[2025-05-27T19:41:45.018+0530] {processor.py:830} INFO - Processing file /Users/zafarimam/Documents/E-Commerce Order Pipeline/airflow_venv_39/lib/python3.9/site-packages/airflow/example_dags/example_dynamic_task_mapping.py for tasks to queue
[2025-05-27T19:41:45.019+0530] {logging_mixin.py:188} INFO - [2025-05-27T19:41:45.019+0530] {dagbag.py:538} INFO - Filling up the DagBag from /Users/zafarimam/Documents/E-Commerce Order Pipeline/airflow_venv_39/lib/python3.9/site-packages/airflow/example_dags/example_dynamic_task_mapping.py
[2025-05-27T19:41:45.051+0530] {processor.py:840} INFO - DAG(s) 'example_dynamic_task_mapping' retrieved from /Users/zafarimam/Documents/E-Commerce Order Pipeline/airflow_venv_39/lib/python3.9/site-packages/airflow/example_dags/example_dynamic_task_mapping.py
[2025-05-27T19:41:45.124+0530] {logging_mixin.py:188} INFO - [2025-05-27T19:41:45.123+0530] {dag.py:3036} INFO - Sync 1 DAGs
[2025-05-27T19:41:45.135+0530] {logging_mixin.py:188} INFO - [2025-05-27T19:41:45.134+0530] {dag.py:3823} INFO - Setting next_dagrun for example_dynamic_task_mapping to 2022-03-04 00:00:00+00:00, run_after=2022-03-05 00:00:00+00:00
[2025-05-27T19:41:45.151+0530] {processor.py:183} INFO - Processing /Users/zafarimam/Documents/E-Commerce Order Pipeline/airflow_venv_39/lib/python3.9/site-packages/airflow/example_dags/example_dynamic_task_mapping.py took 0.135 seconds
[2025-05-27T19:43:29.794+0530] {processor.py:161} INFO - Started process (PID=28710) to work on /Users/zafarimam/Documents/E-Commerce Order Pipeline/airflow_venv_39/lib/python3.9/site-packages/airflow/example_dags/example_dynamic_task_mapping.py
[2025-05-27T19:43:29.796+0530] {processor.py:830} INFO - Processing file /Users/zafarimam/Documents/E-Commerce Order Pipeline/airflow_venv_39/lib/python3.9/site-packages/airflow/example_dags/example_dynamic_task_mapping.py for tasks to queue
[2025-05-27T19:43:29.797+0530] {logging_mixin.py:188} INFO - [2025-05-27T19:43:29.797+0530] {dagbag.py:538} INFO - Filling up the DagBag from /Users/zafarimam/Documents/E-Commerce Order Pipeline/airflow_venv_39/lib/python3.9/site-packages/airflow/example_dags/example_dynamic_task_mapping.py
[2025-05-27T19:43:29.836+0530] {processor.py:840} INFO - DAG(s) 'example_dynamic_task_mapping' retrieved from /Users/zafarimam/Documents/E-Commerce Order Pipeline/airflow_venv_39/lib/python3.9/site-packages/airflow/example_dags/example_dynamic_task_mapping.py
[2025-05-27T19:43:29.921+0530] {logging_mixin.py:188} INFO - [2025-05-27T19:43:29.920+0530] {dag.py:3036} INFO - Sync 1 DAGs
[2025-05-27T19:43:29.935+0530] {logging_mixin.py:188} INFO - [2025-05-27T19:43:29.934+0530] {dag.py:3823} INFO - Setting next_dagrun for example_dynamic_task_mapping to 2022-03-04 00:00:00+00:00, run_after=2022-03-05 00:00:00+00:00
[2025-05-27T19:43:29.949+0530] {processor.py:183} INFO - Processing /Users/zafarimam/Documents/E-Commerce Order Pipeline/airflow_venv_39/lib/python3.9/site-packages/airflow/example_dags/example_dynamic_task_mapping.py took 0.156 seconds
[2025-05-27T19:45:40.019+0530] {processor.py:161} INFO - Started process (PID=28846) to work on /Users/zafarimam/Documents/E-Commerce Order Pipeline/airflow_venv_39/lib/python3.9/site-packages/airflow/example_dags/example_dynamic_task_mapping.py
[2025-05-27T19:45:40.021+0530] {processor.py:830} INFO - Processing file /Users/zafarimam/Documents/E-Commerce Order Pipeline/airflow_venv_39/lib/python3.9/site-packages/airflow/example_dags/example_dynamic_task_mapping.py for tasks to queue
[2025-05-27T19:45:40.022+0530] {logging_mixin.py:188} INFO - [2025-05-27T19:45:40.021+0530] {dagbag.py:538} INFO - Filling up the DagBag from /Users/zafarimam/Documents/E-Commerce Order Pipeline/airflow_venv_39/lib/python3.9/site-packages/airflow/example_dags/example_dynamic_task_mapping.py
[2025-05-27T19:45:40.054+0530] {processor.py:840} INFO - DAG(s) 'example_dynamic_task_mapping' retrieved from /Users/zafarimam/Documents/E-Commerce Order Pipeline/airflow_venv_39/lib/python3.9/site-packages/airflow/example_dags/example_dynamic_task_mapping.py
[2025-05-27T19:45:40.131+0530] {logging_mixin.py:188} INFO - [2025-05-27T19:45:40.130+0530] {dag.py:3036} INFO - Sync 1 DAGs
[2025-05-27T19:45:40.143+0530] {logging_mixin.py:188} INFO - [2025-05-27T19:45:40.143+0530] {dag.py:3823} INFO - Setting next_dagrun for example_dynamic_task_mapping to 2022-03-04 00:00:00+00:00, run_after=2022-03-05 00:00:00+00:00
[2025-05-27T19:45:40.155+0530] {processor.py:183} INFO - Processing /Users/zafarimam/Documents/E-Commerce Order Pipeline/airflow_venv_39/lib/python3.9/site-packages/airflow/example_dags/example_dynamic_task_mapping.py took 0.137 seconds
[2025-05-27T19:47:24.938+0530] {processor.py:161} INFO - Started process (PID=28914) to work on /Users/zafarimam/Documents/E-Commerce Order Pipeline/airflow_venv_39/lib/python3.9/site-packages/airflow/example_dags/example_dynamic_task_mapping.py
[2025-05-27T19:47:24.939+0530] {processor.py:830} INFO - Processing file /Users/zafarimam/Documents/E-Commerce Order Pipeline/airflow_venv_39/lib/python3.9/site-packages/airflow/example_dags/example_dynamic_task_mapping.py for tasks to queue
[2025-05-27T19:47:24.939+0530] {logging_mixin.py:188} INFO - [2025-05-27T19:47:24.939+0530] {dagbag.py:538} INFO - Filling up the DagBag from /Users/zafarimam/Documents/E-Commerce Order Pipeline/airflow_venv_39/lib/python3.9/site-packages/airflow/example_dags/example_dynamic_task_mapping.py
[2025-05-27T19:47:24.972+0530] {processor.py:840} INFO - DAG(s) 'example_dynamic_task_mapping' retrieved from /Users/zafarimam/Documents/E-Commerce Order Pipeline/airflow_venv_39/lib/python3.9/site-packages/airflow/example_dags/example_dynamic_task_mapping.py
[2025-05-27T19:47:25.049+0530] {logging_mixin.py:188} INFO - [2025-05-27T19:47:25.049+0530] {dag.py:3036} INFO - Sync 1 DAGs
[2025-05-27T19:47:25.061+0530] {logging_mixin.py:188} INFO - [2025-05-27T19:47:25.060+0530] {dag.py:3823} INFO - Setting next_dagrun for example_dynamic_task_mapping to 2022-03-04 00:00:00+00:00, run_after=2022-03-05 00:00:00+00:00
[2025-05-27T19:47:25.078+0530] {processor.py:183} INFO - Processing /Users/zafarimam/Documents/E-Commerce Order Pipeline/airflow_venv_39/lib/python3.9/site-packages/airflow/example_dags/example_dynamic_task_mapping.py took 0.141 seconds
[2025-05-27T19:49:07.752+0530] {processor.py:161} INFO - Started process (PID=28966) to work on /Users/zafarimam/Documents/E-Commerce Order Pipeline/airflow_venv_39/lib/python3.9/site-packages/airflow/example_dags/example_dynamic_task_mapping.py
[2025-05-27T19:49:07.753+0530] {processor.py:830} INFO - Processing file /Users/zafarimam/Documents/E-Commerce Order Pipeline/airflow_venv_39/lib/python3.9/site-packages/airflow/example_dags/example_dynamic_task_mapping.py for tasks to queue
[2025-05-27T19:49:07.754+0530] {logging_mixin.py:188} INFO - [2025-05-27T19:49:07.754+0530] {dagbag.py:538} INFO - Filling up the DagBag from /Users/zafarimam/Documents/E-Commerce Order Pipeline/airflow_venv_39/lib/python3.9/site-packages/airflow/example_dags/example_dynamic_task_mapping.py
[2025-05-27T19:49:07.789+0530] {processor.py:840} INFO - DAG(s) 'example_dynamic_task_mapping' retrieved from /Users/zafarimam/Documents/E-Commerce Order Pipeline/airflow_venv_39/lib/python3.9/site-packages/airflow/example_dags/example_dynamic_task_mapping.py
[2025-05-27T19:49:07.868+0530] {logging_mixin.py:188} INFO - [2025-05-27T19:49:07.868+0530] {dag.py:3036} INFO - Sync 1 DAGs
[2025-05-27T19:49:07.880+0530] {logging_mixin.py:188} INFO - [2025-05-27T19:49:07.880+0530] {dag.py:3823} INFO - Setting next_dagrun for example_dynamic_task_mapping to 2022-03-04 00:00:00+00:00, run_after=2022-03-05 00:00:00+00:00
[2025-05-27T19:49:07.892+0530] {processor.py:183} INFO - Processing /Users/zafarimam/Documents/E-Commerce Order Pipeline/airflow_venv_39/lib/python3.9/site-packages/airflow/example_dags/example_dynamic_task_mapping.py took 0.142 seconds
[2025-05-27T19:50:53.608+0530] {processor.py:161} INFO - Started process (PID=29048) to work on /Users/zafarimam/Documents/E-Commerce Order Pipeline/airflow_venv_39/lib/python3.9/site-packages/airflow/example_dags/example_dynamic_task_mapping.py
[2025-05-27T19:50:53.609+0530] {processor.py:830} INFO - Processing file /Users/zafarimam/Documents/E-Commerce Order Pipeline/airflow_venv_39/lib/python3.9/site-packages/airflow/example_dags/example_dynamic_task_mapping.py for tasks to queue
[2025-05-27T19:50:53.609+0530] {logging_mixin.py:188} INFO - [2025-05-27T19:50:53.609+0530] {dagbag.py:538} INFO - Filling up the DagBag from /Users/zafarimam/Documents/E-Commerce Order Pipeline/airflow_venv_39/lib/python3.9/site-packages/airflow/example_dags/example_dynamic_task_mapping.py
[2025-05-27T19:50:53.644+0530] {processor.py:840} INFO - DAG(s) 'example_dynamic_task_mapping' retrieved from /Users/zafarimam/Documents/E-Commerce Order Pipeline/airflow_venv_39/lib/python3.9/site-packages/airflow/example_dags/example_dynamic_task_mapping.py
[2025-05-27T19:50:53.724+0530] {logging_mixin.py:188} INFO - [2025-05-27T19:50:53.724+0530] {dag.py:3036} INFO - Sync 1 DAGs
[2025-05-27T19:50:53.736+0530] {logging_mixin.py:188} INFO - [2025-05-27T19:50:53.736+0530] {dag.py:3823} INFO - Setting next_dagrun for example_dynamic_task_mapping to 2022-03-04 00:00:00+00:00, run_after=2022-03-05 00:00:00+00:00
[2025-05-27T19:50:53.748+0530] {processor.py:183} INFO - Processing /Users/zafarimam/Documents/E-Commerce Order Pipeline/airflow_venv_39/lib/python3.9/site-packages/airflow/example_dags/example_dynamic_task_mapping.py took 0.142 seconds
