[2025-05-27T17:38:28.595+0530] {processor.py:161} INFO - Started process (PID=22824) to work on /Users/zafarimam/Documents/E-Commerce Order Pipeline/airflow_venv_39/lib/python3.9/site-packages/airflow/example_dags/example_setup_teardown.py
[2025-05-27T17:38:28.596+0530] {processor.py:830} INFO - Processing file /Users/zafarimam/Documents/E-Commerce Order Pipeline/airflow_venv_39/lib/python3.9/site-packages/airflow/example_dags/example_setup_teardown.py for tasks to queue
[2025-05-27T17:38:28.597+0530] {logging_mixin.py:188} INFO - [2025-05-27T17:38:28.597+0530] {dagbag.py:538} INFO - Filling up the DagBag from /Users/zafarimam/Documents/E-Commerce Order Pipeline/airflow_venv_39/lib/python3.9/site-packages/airflow/example_dags/example_setup_teardown.py
[2025-05-27T17:38:28.605+0530] {processor.py:840} INFO - DAG(s) 'example_setup_teardown' retrieved from /Users/zafarimam/Documents/E-Commerce Order Pipeline/airflow_venv_39/lib/python3.9/site-packages/airflow/example_dags/example_setup_teardown.py
[2025-05-27T17:38:28.753+0530] {logging_mixin.py:188} INFO - [2025-05-27T17:38:28.753+0530] {dag.py:3036} INFO - Sync 1 DAGs
[2025-05-27T17:38:28.766+0530] {logging_mixin.py:188} INFO - [2025-05-27T17:38:28.766+0530] {dag.py:3823} INFO - Setting next_dagrun for example_setup_teardown to 2025-05-26 00:00:00+00:00, run_after=2025-05-27 00:00:00+00:00
[2025-05-27T17:38:28.781+0530] {processor.py:183} INFO - Processing /Users/zafarimam/Documents/E-Commerce Order Pipeline/airflow_venv_39/lib/python3.9/site-packages/airflow/example_dags/example_setup_teardown.py took 0.187 seconds
[2025-05-27T17:40:34.886+0530] {processor.py:161} INFO - Started process (PID=22912) to work on /Users/zafarimam/Documents/E-Commerce Order Pipeline/airflow_venv_39/lib/python3.9/site-packages/airflow/example_dags/example_setup_teardown.py
[2025-05-27T17:40:34.888+0530] {processor.py:830} INFO - Processing file /Users/zafarimam/Documents/E-Commerce Order Pipeline/airflow_venv_39/lib/python3.9/site-packages/airflow/example_dags/example_setup_teardown.py for tasks to queue
[2025-05-27T17:40:34.889+0530] {logging_mixin.py:188} INFO - [2025-05-27T17:40:34.889+0530] {dagbag.py:538} INFO - Filling up the DagBag from /Users/zafarimam/Documents/E-Commerce Order Pipeline/airflow_venv_39/lib/python3.9/site-packages/airflow/example_dags/example_setup_teardown.py
[2025-05-27T17:40:34.900+0530] {processor.py:840} INFO - DAG(s) 'example_setup_teardown' retrieved from /Users/zafarimam/Documents/E-Commerce Order Pipeline/airflow_venv_39/lib/python3.9/site-packages/airflow/example_dags/example_setup_teardown.py
[2025-05-27T17:40:35.024+0530] {logging_mixin.py:188} INFO - [2025-05-27T17:40:35.024+0530] {dag.py:3036} INFO - Sync 1 DAGs
[2025-05-27T17:40:35.039+0530] {logging_mixin.py:188} INFO - [2025-05-27T17:40:35.039+0530] {dag.py:3823} INFO - Setting next_dagrun for example_setup_teardown to 2025-05-26 00:00:00+00:00, run_after=2025-05-27 00:00:00+00:00
[2025-05-27T17:40:35.058+0530] {processor.py:183} INFO - Processing /Users/zafarimam/Documents/E-Commerce Order Pipeline/airflow_venv_39/lib/python3.9/site-packages/airflow/example_dags/example_setup_teardown.py took 0.173 seconds
[2025-05-27T17:42:31.922+0530] {processor.py:161} INFO - Started process (PID=22975) to work on /Users/zafarimam/Documents/E-Commerce Order Pipeline/airflow_venv_39/lib/python3.9/site-packages/airflow/example_dags/example_setup_teardown.py
[2025-05-27T17:42:31.924+0530] {processor.py:830} INFO - Processing file /Users/zafarimam/Documents/E-Commerce Order Pipeline/airflow_venv_39/lib/python3.9/site-packages/airflow/example_dags/example_setup_teardown.py for tasks to queue
[2025-05-27T17:42:31.924+0530] {logging_mixin.py:188} INFO - [2025-05-27T17:42:31.924+0530] {dagbag.py:538} INFO - Filling up the DagBag from /Users/zafarimam/Documents/E-Commerce Order Pipeline/airflow_venv_39/lib/python3.9/site-packages/airflow/example_dags/example_setup_teardown.py
[2025-05-27T17:42:31.932+0530] {processor.py:840} INFO - DAG(s) 'example_setup_teardown' retrieved from /Users/zafarimam/Documents/E-Commerce Order Pipeline/airflow_venv_39/lib/python3.9/site-packages/airflow/example_dags/example_setup_teardown.py
[2025-05-27T17:42:32.022+0530] {logging_mixin.py:188} INFO - [2025-05-27T17:42:32.022+0530] {dag.py:3036} INFO - Sync 1 DAGs
[2025-05-27T17:42:32.034+0530] {logging_mixin.py:188} INFO - [2025-05-27T17:42:32.034+0530] {dag.py:3823} INFO - Setting next_dagrun for example_setup_teardown to 2025-05-26 00:00:00+00:00, run_after=2025-05-27 00:00:00+00:00
[2025-05-27T17:42:32.048+0530] {processor.py:183} INFO - Processing /Users/zafarimam/Documents/E-Commerce Order Pipeline/airflow_venv_39/lib/python3.9/site-packages/airflow/example_dags/example_setup_teardown.py took 0.127 seconds
[2025-05-27T17:44:21.028+0530] {processor.py:161} INFO - Started process (PID=23035) to work on /Users/zafarimam/Documents/E-Commerce Order Pipeline/airflow_venv_39/lib/python3.9/site-packages/airflow/example_dags/example_setup_teardown.py
[2025-05-27T17:44:21.030+0530] {processor.py:830} INFO - Processing file /Users/zafarimam/Documents/E-Commerce Order Pipeline/airflow_venv_39/lib/python3.9/site-packages/airflow/example_dags/example_setup_teardown.py for tasks to queue
[2025-05-27T17:44:21.031+0530] {logging_mixin.py:188} INFO - [2025-05-27T17:44:21.030+0530] {dagbag.py:538} INFO - Filling up the DagBag from /Users/zafarimam/Documents/E-Commerce Order Pipeline/airflow_venv_39/lib/python3.9/site-packages/airflow/example_dags/example_setup_teardown.py
[2025-05-27T17:44:21.039+0530] {processor.py:840} INFO - DAG(s) 'example_setup_teardown' retrieved from /Users/zafarimam/Documents/E-Commerce Order Pipeline/airflow_venv_39/lib/python3.9/site-packages/airflow/example_dags/example_setup_teardown.py
[2025-05-27T17:44:21.125+0530] {logging_mixin.py:188} INFO - [2025-05-27T17:44:21.124+0530] {dag.py:3036} INFO - Sync 1 DAGs
[2025-05-27T17:44:21.136+0530] {logging_mixin.py:188} INFO - [2025-05-27T17:44:21.136+0530] {dag.py:3823} INFO - Setting next_dagrun for example_setup_teardown to 2025-05-26 00:00:00+00:00, run_after=2025-05-27 00:00:00+00:00
[2025-05-27T17:44:21.151+0530] {processor.py:183} INFO - Processing /Users/zafarimam/Documents/E-Commerce Order Pipeline/airflow_venv_39/lib/python3.9/site-packages/airflow/example_dags/example_setup_teardown.py took 0.124 seconds
[2025-05-27T17:51:18.118+0530] {processor.py:161} INFO - Started process (PID=23125) to work on /Users/zafarimam/Documents/E-Commerce Order Pipeline/airflow_venv_39/lib/python3.9/site-packages/airflow/example_dags/example_setup_teardown.py
[2025-05-27T17:51:18.120+0530] {processor.py:830} INFO - Processing file /Users/zafarimam/Documents/E-Commerce Order Pipeline/airflow_venv_39/lib/python3.9/site-packages/airflow/example_dags/example_setup_teardown.py for tasks to queue
[2025-05-27T17:51:18.120+0530] {logging_mixin.py:188} INFO - [2025-05-27T17:51:18.120+0530] {dagbag.py:538} INFO - Filling up the DagBag from /Users/zafarimam/Documents/E-Commerce Order Pipeline/airflow_venv_39/lib/python3.9/site-packages/airflow/example_dags/example_setup_teardown.py
[2025-05-27T17:51:18.129+0530] {processor.py:840} INFO - DAG(s) 'example_setup_teardown' retrieved from /Users/zafarimam/Documents/E-Commerce Order Pipeline/airflow_venv_39/lib/python3.9/site-packages/airflow/example_dags/example_setup_teardown.py
[2025-05-27T17:51:18.221+0530] {logging_mixin.py:188} INFO - [2025-05-27T17:51:18.221+0530] {dag.py:3036} INFO - Sync 1 DAGs
[2025-05-27T17:51:18.235+0530] {logging_mixin.py:188} INFO - [2025-05-27T17:51:18.235+0530] {dag.py:3823} INFO - Setting next_dagrun for example_setup_teardown to 2025-05-26 00:00:00+00:00, run_after=2025-05-27 00:00:00+00:00
[2025-05-27T17:51:18.251+0530] {processor.py:183} INFO - Processing /Users/zafarimam/Documents/E-Commerce Order Pipeline/airflow_venv_39/lib/python3.9/site-packages/airflow/example_dags/example_setup_teardown.py took 0.134 seconds
[2025-05-27T17:53:13.108+0530] {processor.py:161} INFO - Started process (PID=23589) to work on /Users/zafarimam/Documents/E-Commerce Order Pipeline/airflow_venv_39/lib/python3.9/site-packages/airflow/example_dags/example_setup_teardown.py
[2025-05-27T17:53:13.110+0530] {processor.py:830} INFO - Processing file /Users/zafarimam/Documents/E-Commerce Order Pipeline/airflow_venv_39/lib/python3.9/site-packages/airflow/example_dags/example_setup_teardown.py for tasks to queue
[2025-05-27T17:53:13.110+0530] {logging_mixin.py:188} INFO - [2025-05-27T17:53:13.110+0530] {dagbag.py:538} INFO - Filling up the DagBag from /Users/zafarimam/Documents/E-Commerce Order Pipeline/airflow_venv_39/lib/python3.9/site-packages/airflow/example_dags/example_setup_teardown.py
[2025-05-27T17:53:13.118+0530] {processor.py:840} INFO - DAG(s) 'example_setup_teardown' retrieved from /Users/zafarimam/Documents/E-Commerce Order Pipeline/airflow_venv_39/lib/python3.9/site-packages/airflow/example_dags/example_setup_teardown.py
[2025-05-27T17:53:13.206+0530] {logging_mixin.py:188} INFO - [2025-05-27T17:53:13.206+0530] {dag.py:3036} INFO - Sync 1 DAGs
[2025-05-27T17:53:13.220+0530] {logging_mixin.py:188} INFO - [2025-05-27T17:53:13.220+0530] {dag.py:3823} INFO - Setting next_dagrun for example_setup_teardown to 2025-05-26 00:00:00+00:00, run_after=2025-05-27 00:00:00+00:00
[2025-05-27T17:53:13.236+0530] {processor.py:183} INFO - Processing /Users/zafarimam/Documents/E-Commerce Order Pipeline/airflow_venv_39/lib/python3.9/site-packages/airflow/example_dags/example_setup_teardown.py took 0.129 seconds
[2025-05-27T17:55:48.042+0530] {processor.py:161} INFO - Started process (PID=24063) to work on /Users/zafarimam/Documents/E-Commerce Order Pipeline/airflow_venv_39/lib/python3.9/site-packages/airflow/example_dags/example_setup_teardown.py
[2025-05-27T17:55:48.044+0530] {processor.py:830} INFO - Processing file /Users/zafarimam/Documents/E-Commerce Order Pipeline/airflow_venv_39/lib/python3.9/site-packages/airflow/example_dags/example_setup_teardown.py for tasks to queue
[2025-05-27T17:55:48.045+0530] {logging_mixin.py:188} INFO - [2025-05-27T17:55:48.045+0530] {dagbag.py:538} INFO - Filling up the DagBag from /Users/zafarimam/Documents/E-Commerce Order Pipeline/airflow_venv_39/lib/python3.9/site-packages/airflow/example_dags/example_setup_teardown.py
[2025-05-27T17:55:48.053+0530] {processor.py:840} INFO - DAG(s) 'example_setup_teardown' retrieved from /Users/zafarimam/Documents/E-Commerce Order Pipeline/airflow_venv_39/lib/python3.9/site-packages/airflow/example_dags/example_setup_teardown.py
[2025-05-27T17:55:48.203+0530] {logging_mixin.py:188} INFO - [2025-05-27T17:55:48.203+0530] {dag.py:3036} INFO - Sync 1 DAGs
[2025-05-27T17:55:48.214+0530] {logging_mixin.py:188} INFO - [2025-05-27T17:55:48.214+0530] {dag.py:3823} INFO - Setting next_dagrun for example_setup_teardown to 2025-05-26 00:00:00+00:00, run_after=2025-05-27 00:00:00+00:00
[2025-05-27T17:55:48.230+0530] {processor.py:183} INFO - Processing /Users/zafarimam/Documents/E-Commerce Order Pipeline/airflow_venv_39/lib/python3.9/site-packages/airflow/example_dags/example_setup_teardown.py took 0.188 seconds
[2025-05-27T17:57:58.454+0530] {processor.py:161} INFO - Started process (PID=24492) to work on /Users/zafarimam/Documents/E-Commerce Order Pipeline/airflow_venv_39/lib/python3.9/site-packages/airflow/example_dags/example_setup_teardown.py
[2025-05-27T17:57:58.456+0530] {processor.py:830} INFO - Processing file /Users/zafarimam/Documents/E-Commerce Order Pipeline/airflow_venv_39/lib/python3.9/site-packages/airflow/example_dags/example_setup_teardown.py for tasks to queue
[2025-05-27T17:57:58.457+0530] {logging_mixin.py:188} INFO - [2025-05-27T17:57:58.456+0530] {dagbag.py:538} INFO - Filling up the DagBag from /Users/zafarimam/Documents/E-Commerce Order Pipeline/airflow_venv_39/lib/python3.9/site-packages/airflow/example_dags/example_setup_teardown.py
[2025-05-27T17:57:58.465+0530] {processor.py:840} INFO - DAG(s) 'example_setup_teardown' retrieved from /Users/zafarimam/Documents/E-Commerce Order Pipeline/airflow_venv_39/lib/python3.9/site-packages/airflow/example_dags/example_setup_teardown.py
[2025-05-27T17:57:58.552+0530] {logging_mixin.py:188} INFO - [2025-05-27T17:57:58.552+0530] {dag.py:3036} INFO - Sync 1 DAGs
[2025-05-27T17:57:58.564+0530] {logging_mixin.py:188} INFO - [2025-05-27T17:57:58.564+0530] {dag.py:3823} INFO - Setting next_dagrun for example_setup_teardown to 2025-05-26 00:00:00+00:00, run_after=2025-05-27 00:00:00+00:00
[2025-05-27T17:57:58.578+0530] {processor.py:183} INFO - Processing /Users/zafarimam/Documents/E-Commerce Order Pipeline/airflow_venv_39/lib/python3.9/site-packages/airflow/example_dags/example_setup_teardown.py took 0.125 seconds
[2025-05-27T18:06:19.106+0530] {processor.py:161} INFO - Started process (PID=25105) to work on /Users/zafarimam/Documents/E-Commerce Order Pipeline/airflow_venv_39/lib/python3.9/site-packages/airflow/example_dags/example_setup_teardown.py
[2025-05-27T18:06:19.108+0530] {processor.py:830} INFO - Processing file /Users/zafarimam/Documents/E-Commerce Order Pipeline/airflow_venv_39/lib/python3.9/site-packages/airflow/example_dags/example_setup_teardown.py for tasks to queue
[2025-05-27T18:06:19.109+0530] {logging_mixin.py:188} INFO - [2025-05-27T18:06:19.108+0530] {dagbag.py:538} INFO - Filling up the DagBag from /Users/zafarimam/Documents/E-Commerce Order Pipeline/airflow_venv_39/lib/python3.9/site-packages/airflow/example_dags/example_setup_teardown.py
[2025-05-27T18:06:19.117+0530] {processor.py:840} INFO - DAG(s) 'example_setup_teardown' retrieved from /Users/zafarimam/Documents/E-Commerce Order Pipeline/airflow_venv_39/lib/python3.9/site-packages/airflow/example_dags/example_setup_teardown.py
[2025-05-27T18:06:19.211+0530] {logging_mixin.py:188} INFO - [2025-05-27T18:06:19.210+0530] {dag.py:3036} INFO - Sync 1 DAGs
[2025-05-27T18:06:19.225+0530] {logging_mixin.py:188} INFO - [2025-05-27T18:06:19.225+0530] {dag.py:3823} INFO - Setting next_dagrun for example_setup_teardown to 2025-05-26 00:00:00+00:00, run_after=2025-05-27 00:00:00+00:00
[2025-05-27T18:06:19.241+0530] {processor.py:183} INFO - Processing /Users/zafarimam/Documents/E-Commerce Order Pipeline/airflow_venv_39/lib/python3.9/site-packages/airflow/example_dags/example_setup_teardown.py took 0.136 seconds
[2025-05-27T18:08:23.885+0530] {processor.py:161} INFO - Started process (PID=25172) to work on /Users/zafarimam/Documents/E-Commerce Order Pipeline/airflow_venv_39/lib/python3.9/site-packages/airflow/example_dags/example_setup_teardown.py
[2025-05-27T18:08:23.886+0530] {processor.py:830} INFO - Processing file /Users/zafarimam/Documents/E-Commerce Order Pipeline/airflow_venv_39/lib/python3.9/site-packages/airflow/example_dags/example_setup_teardown.py for tasks to queue
[2025-05-27T18:08:23.887+0530] {logging_mixin.py:188} INFO - [2025-05-27T18:08:23.886+0530] {dagbag.py:538} INFO - Filling up the DagBag from /Users/zafarimam/Documents/E-Commerce Order Pipeline/airflow_venv_39/lib/python3.9/site-packages/airflow/example_dags/example_setup_teardown.py
[2025-05-27T18:08:23.894+0530] {processor.py:840} INFO - DAG(s) 'example_setup_teardown' retrieved from /Users/zafarimam/Documents/E-Commerce Order Pipeline/airflow_venv_39/lib/python3.9/site-packages/airflow/example_dags/example_setup_teardown.py
[2025-05-27T18:08:23.993+0530] {logging_mixin.py:188} INFO - [2025-05-27T18:08:23.993+0530] {dag.py:3036} INFO - Sync 1 DAGs
[2025-05-27T18:08:24.006+0530] {logging_mixin.py:188} INFO - [2025-05-27T18:08:24.006+0530] {dag.py:3823} INFO - Setting next_dagrun for example_setup_teardown to 2025-05-26 00:00:00+00:00, run_after=2025-05-27 00:00:00+00:00
[2025-05-27T18:08:24.023+0530] {processor.py:183} INFO - Processing /Users/zafarimam/Documents/E-Commerce Order Pipeline/airflow_venv_39/lib/python3.9/site-packages/airflow/example_dags/example_setup_teardown.py took 0.139 seconds
[2025-05-27T18:10:17.342+0530] {processor.py:161} INFO - Started process (PID=25228) to work on /Users/zafarimam/Documents/E-Commerce Order Pipeline/airflow_venv_39/lib/python3.9/site-packages/airflow/example_dags/example_setup_teardown.py
[2025-05-27T18:10:17.343+0530] {processor.py:830} INFO - Processing file /Users/zafarimam/Documents/E-Commerce Order Pipeline/airflow_venv_39/lib/python3.9/site-packages/airflow/example_dags/example_setup_teardown.py for tasks to queue
[2025-05-27T18:10:17.344+0530] {logging_mixin.py:188} INFO - [2025-05-27T18:10:17.344+0530] {dagbag.py:538} INFO - Filling up the DagBag from /Users/zafarimam/Documents/E-Commerce Order Pipeline/airflow_venv_39/lib/python3.9/site-packages/airflow/example_dags/example_setup_teardown.py
[2025-05-27T18:10:17.352+0530] {processor.py:840} INFO - DAG(s) 'example_setup_teardown' retrieved from /Users/zafarimam/Documents/E-Commerce Order Pipeline/airflow_venv_39/lib/python3.9/site-packages/airflow/example_dags/example_setup_teardown.py
[2025-05-27T18:10:17.438+0530] {logging_mixin.py:188} INFO - [2025-05-27T18:10:17.438+0530] {dag.py:3036} INFO - Sync 1 DAGs
[2025-05-27T18:10:17.449+0530] {logging_mixin.py:188} INFO - [2025-05-27T18:10:17.449+0530] {dag.py:3823} INFO - Setting next_dagrun for example_setup_teardown to 2025-05-26 00:00:00+00:00, run_after=2025-05-27 00:00:00+00:00
[2025-05-27T18:10:17.463+0530] {processor.py:183} INFO - Processing /Users/zafarimam/Documents/E-Commerce Order Pipeline/airflow_venv_39/lib/python3.9/site-packages/airflow/example_dags/example_setup_teardown.py took 0.122 seconds
[2025-05-27T18:12:04.448+0530] {processor.py:161} INFO - Started process (PID=25288) to work on /Users/zafarimam/Documents/E-Commerce Order Pipeline/airflow_venv_39/lib/python3.9/site-packages/airflow/example_dags/example_setup_teardown.py
[2025-05-27T18:12:04.449+0530] {processor.py:830} INFO - Processing file /Users/zafarimam/Documents/E-Commerce Order Pipeline/airflow_venv_39/lib/python3.9/site-packages/airflow/example_dags/example_setup_teardown.py for tasks to queue
[2025-05-27T18:12:04.450+0530] {logging_mixin.py:188} INFO - [2025-05-27T18:12:04.450+0530] {dagbag.py:538} INFO - Filling up the DagBag from /Users/zafarimam/Documents/E-Commerce Order Pipeline/airflow_venv_39/lib/python3.9/site-packages/airflow/example_dags/example_setup_teardown.py
[2025-05-27T18:12:04.458+0530] {processor.py:840} INFO - DAG(s) 'example_setup_teardown' retrieved from /Users/zafarimam/Documents/E-Commerce Order Pipeline/airflow_venv_39/lib/python3.9/site-packages/airflow/example_dags/example_setup_teardown.py
[2025-05-27T18:12:04.551+0530] {logging_mixin.py:188} INFO - [2025-05-27T18:12:04.551+0530] {dag.py:3036} INFO - Sync 1 DAGs
[2025-05-27T18:12:04.564+0530] {logging_mixin.py:188} INFO - [2025-05-27T18:12:04.564+0530] {dag.py:3823} INFO - Setting next_dagrun for example_setup_teardown to 2025-05-26 00:00:00+00:00, run_after=2025-05-27 00:00:00+00:00
[2025-05-27T18:12:04.581+0530] {processor.py:183} INFO - Processing /Users/zafarimam/Documents/E-Commerce Order Pipeline/airflow_venv_39/lib/python3.9/site-packages/airflow/example_dags/example_setup_teardown.py took 0.134 seconds
[2025-05-27T18:14:07.392+0530] {processor.py:161} INFO - Started process (PID=25360) to work on /Users/zafarimam/Documents/E-Commerce Order Pipeline/airflow_venv_39/lib/python3.9/site-packages/airflow/example_dags/example_setup_teardown.py
[2025-05-27T18:14:07.393+0530] {processor.py:830} INFO - Processing file /Users/zafarimam/Documents/E-Commerce Order Pipeline/airflow_venv_39/lib/python3.9/site-packages/airflow/example_dags/example_setup_teardown.py for tasks to queue
[2025-05-27T18:14:07.394+0530] {logging_mixin.py:188} INFO - [2025-05-27T18:14:07.394+0530] {dagbag.py:538} INFO - Filling up the DagBag from /Users/zafarimam/Documents/E-Commerce Order Pipeline/airflow_venv_39/lib/python3.9/site-packages/airflow/example_dags/example_setup_teardown.py
[2025-05-27T18:14:07.404+0530] {processor.py:840} INFO - DAG(s) 'example_setup_teardown' retrieved from /Users/zafarimam/Documents/E-Commerce Order Pipeline/airflow_venv_39/lib/python3.9/site-packages/airflow/example_dags/example_setup_teardown.py
[2025-05-27T18:14:07.510+0530] {logging_mixin.py:188} INFO - [2025-05-27T18:14:07.510+0530] {dag.py:3036} INFO - Sync 1 DAGs
[2025-05-27T18:14:07.525+0530] {logging_mixin.py:188} INFO - [2025-05-27T18:14:07.525+0530] {dag.py:3823} INFO - Setting next_dagrun for example_setup_teardown to 2025-05-26 00:00:00+00:00, run_after=2025-05-27 00:00:00+00:00
[2025-05-27T18:14:07.542+0530] {processor.py:183} INFO - Processing /Users/zafarimam/Documents/E-Commerce Order Pipeline/airflow_venv_39/lib/python3.9/site-packages/airflow/example_dags/example_setup_teardown.py took 0.152 seconds
[2025-05-27T18:15:52.792+0530] {processor.py:161} INFO - Started process (PID=25421) to work on /Users/zafarimam/Documents/E-Commerce Order Pipeline/airflow_venv_39/lib/python3.9/site-packages/airflow/example_dags/example_setup_teardown.py
[2025-05-27T18:15:52.793+0530] {processor.py:830} INFO - Processing file /Users/zafarimam/Documents/E-Commerce Order Pipeline/airflow_venv_39/lib/python3.9/site-packages/airflow/example_dags/example_setup_teardown.py for tasks to queue
[2025-05-27T18:15:52.794+0530] {logging_mixin.py:188} INFO - [2025-05-27T18:15:52.793+0530] {dagbag.py:538} INFO - Filling up the DagBag from /Users/zafarimam/Documents/E-Commerce Order Pipeline/airflow_venv_39/lib/python3.9/site-packages/airflow/example_dags/example_setup_teardown.py
[2025-05-27T18:15:52.801+0530] {processor.py:840} INFO - DAG(s) 'example_setup_teardown' retrieved from /Users/zafarimam/Documents/E-Commerce Order Pipeline/airflow_venv_39/lib/python3.9/site-packages/airflow/example_dags/example_setup_teardown.py
[2025-05-27T18:15:52.887+0530] {logging_mixin.py:188} INFO - [2025-05-27T18:15:52.886+0530] {dag.py:3036} INFO - Sync 1 DAGs
[2025-05-27T18:15:52.898+0530] {logging_mixin.py:188} INFO - [2025-05-27T18:15:52.898+0530] {dag.py:3823} INFO - Setting next_dagrun for example_setup_teardown to 2025-05-26 00:00:00+00:00, run_after=2025-05-27 00:00:00+00:00
[2025-05-27T18:15:52.914+0530] {processor.py:183} INFO - Processing /Users/zafarimam/Documents/E-Commerce Order Pipeline/airflow_venv_39/lib/python3.9/site-packages/airflow/example_dags/example_setup_teardown.py took 0.123 seconds
[2025-05-27T18:17:35.663+0530] {processor.py:161} INFO - Started process (PID=25476) to work on /Users/zafarimam/Documents/E-Commerce Order Pipeline/airflow_venv_39/lib/python3.9/site-packages/airflow/example_dags/example_setup_teardown.py
[2025-05-27T18:17:35.664+0530] {processor.py:830} INFO - Processing file /Users/zafarimam/Documents/E-Commerce Order Pipeline/airflow_venv_39/lib/python3.9/site-packages/airflow/example_dags/example_setup_teardown.py for tasks to queue
[2025-05-27T18:17:35.665+0530] {logging_mixin.py:188} INFO - [2025-05-27T18:17:35.664+0530] {dagbag.py:538} INFO - Filling up the DagBag from /Users/zafarimam/Documents/E-Commerce Order Pipeline/airflow_venv_39/lib/python3.9/site-packages/airflow/example_dags/example_setup_teardown.py
[2025-05-27T18:17:35.672+0530] {processor.py:840} INFO - DAG(s) 'example_setup_teardown' retrieved from /Users/zafarimam/Documents/E-Commerce Order Pipeline/airflow_venv_39/lib/python3.9/site-packages/airflow/example_dags/example_setup_teardown.py
[2025-05-27T18:17:35.753+0530] {logging_mixin.py:188} INFO - [2025-05-27T18:17:35.753+0530] {dag.py:3036} INFO - Sync 1 DAGs
[2025-05-27T18:17:35.764+0530] {logging_mixin.py:188} INFO - [2025-05-27T18:17:35.764+0530] {dag.py:3823} INFO - Setting next_dagrun for example_setup_teardown to 2025-05-26 00:00:00+00:00, run_after=2025-05-27 00:00:00+00:00
[2025-05-27T18:17:35.781+0530] {processor.py:183} INFO - Processing /Users/zafarimam/Documents/E-Commerce Order Pipeline/airflow_venv_39/lib/python3.9/site-packages/airflow/example_dags/example_setup_teardown.py took 0.119 seconds
[2025-05-27T18:22:12.697+0530] {processor.py:161} INFO - Started process (PID=25681) to work on /Users/zafarimam/Documents/E-Commerce Order Pipeline/airflow_venv_39/lib/python3.9/site-packages/airflow/example_dags/example_setup_teardown.py
[2025-05-27T18:22:12.698+0530] {processor.py:830} INFO - Processing file /Users/zafarimam/Documents/E-Commerce Order Pipeline/airflow_venv_39/lib/python3.9/site-packages/airflow/example_dags/example_setup_teardown.py for tasks to queue
[2025-05-27T18:22:12.699+0530] {logging_mixin.py:188} INFO - [2025-05-27T18:22:12.699+0530] {dagbag.py:538} INFO - Filling up the DagBag from /Users/zafarimam/Documents/E-Commerce Order Pipeline/airflow_venv_39/lib/python3.9/site-packages/airflow/example_dags/example_setup_teardown.py
[2025-05-27T18:22:12.707+0530] {processor.py:840} INFO - DAG(s) 'example_setup_teardown' retrieved from /Users/zafarimam/Documents/E-Commerce Order Pipeline/airflow_venv_39/lib/python3.9/site-packages/airflow/example_dags/example_setup_teardown.py
[2025-05-27T18:22:12.801+0530] {logging_mixin.py:188} INFO - [2025-05-27T18:22:12.801+0530] {dag.py:3036} INFO - Sync 1 DAGs
[2025-05-27T18:22:12.815+0530] {logging_mixin.py:188} INFO - [2025-05-27T18:22:12.815+0530] {dag.py:3823} INFO - Setting next_dagrun for example_setup_teardown to 2025-05-26 00:00:00+00:00, run_after=2025-05-27 00:00:00+00:00
[2025-05-27T18:22:12.832+0530] {processor.py:183} INFO - Processing /Users/zafarimam/Documents/E-Commerce Order Pipeline/airflow_venv_39/lib/python3.9/site-packages/airflow/example_dags/example_setup_teardown.py took 0.136 seconds
[2025-05-27T18:27:28.453+0530] {processor.py:161} INFO - Started process (PID=25857) to work on /Users/zafarimam/Documents/E-Commerce Order Pipeline/airflow_venv_39/lib/python3.9/site-packages/airflow/example_dags/example_setup_teardown.py
[2025-05-27T18:27:28.454+0530] {processor.py:830} INFO - Processing file /Users/zafarimam/Documents/E-Commerce Order Pipeline/airflow_venv_39/lib/python3.9/site-packages/airflow/example_dags/example_setup_teardown.py for tasks to queue
[2025-05-27T18:27:28.455+0530] {logging_mixin.py:188} INFO - [2025-05-27T18:27:28.455+0530] {dagbag.py:538} INFO - Filling up the DagBag from /Users/zafarimam/Documents/E-Commerce Order Pipeline/airflow_venv_39/lib/python3.9/site-packages/airflow/example_dags/example_setup_teardown.py
[2025-05-27T18:27:28.463+0530] {processor.py:840} INFO - DAG(s) 'example_setup_teardown' retrieved from /Users/zafarimam/Documents/E-Commerce Order Pipeline/airflow_venv_39/lib/python3.9/site-packages/airflow/example_dags/example_setup_teardown.py
[2025-05-27T18:27:28.549+0530] {logging_mixin.py:188} INFO - [2025-05-27T18:27:28.549+0530] {dag.py:3036} INFO - Sync 1 DAGs
[2025-05-27T18:27:28.563+0530] {logging_mixin.py:188} INFO - [2025-05-27T18:27:28.563+0530] {dag.py:3823} INFO - Setting next_dagrun for example_setup_teardown to 2025-05-26 00:00:00+00:00, run_after=2025-05-27 00:00:00+00:00
[2025-05-27T18:27:28.579+0530] {processor.py:183} INFO - Processing /Users/zafarimam/Documents/E-Commerce Order Pipeline/airflow_venv_39/lib/python3.9/site-packages/airflow/example_dags/example_setup_teardown.py took 0.127 seconds
[2025-05-27T18:29:30.058+0530] {processor.py:161} INFO - Started process (PID=25928) to work on /Users/zafarimam/Documents/E-Commerce Order Pipeline/airflow_venv_39/lib/python3.9/site-packages/airflow/example_dags/example_setup_teardown.py
[2025-05-27T18:29:30.059+0530] {processor.py:830} INFO - Processing file /Users/zafarimam/Documents/E-Commerce Order Pipeline/airflow_venv_39/lib/python3.9/site-packages/airflow/example_dags/example_setup_teardown.py for tasks to queue
[2025-05-27T18:29:30.060+0530] {logging_mixin.py:188} INFO - [2025-05-27T18:29:30.059+0530] {dagbag.py:538} INFO - Filling up the DagBag from /Users/zafarimam/Documents/E-Commerce Order Pipeline/airflow_venv_39/lib/python3.9/site-packages/airflow/example_dags/example_setup_teardown.py
[2025-05-27T18:29:30.068+0530] {processor.py:840} INFO - DAG(s) 'example_setup_teardown' retrieved from /Users/zafarimam/Documents/E-Commerce Order Pipeline/airflow_venv_39/lib/python3.9/site-packages/airflow/example_dags/example_setup_teardown.py
[2025-05-27T18:29:30.157+0530] {logging_mixin.py:188} INFO - [2025-05-27T18:29:30.157+0530] {dag.py:3036} INFO - Sync 1 DAGs
[2025-05-27T18:29:30.169+0530] {logging_mixin.py:188} INFO - [2025-05-27T18:29:30.168+0530] {dag.py:3823} INFO - Setting next_dagrun for example_setup_teardown to 2025-05-26 00:00:00+00:00, run_after=2025-05-27 00:00:00+00:00
[2025-05-27T18:29:30.182+0530] {processor.py:183} INFO - Processing /Users/zafarimam/Documents/E-Commerce Order Pipeline/airflow_venv_39/lib/python3.9/site-packages/airflow/example_dags/example_setup_teardown.py took 0.125 seconds
[2025-05-27T18:31:18.142+0530] {processor.py:161} INFO - Started process (PID=25985) to work on /Users/zafarimam/Documents/E-Commerce Order Pipeline/airflow_venv_39/lib/python3.9/site-packages/airflow/example_dags/example_setup_teardown.py
[2025-05-27T18:31:18.143+0530] {processor.py:830} INFO - Processing file /Users/zafarimam/Documents/E-Commerce Order Pipeline/airflow_venv_39/lib/python3.9/site-packages/airflow/example_dags/example_setup_teardown.py for tasks to queue
[2025-05-27T18:31:18.144+0530] {logging_mixin.py:188} INFO - [2025-05-27T18:31:18.143+0530] {dagbag.py:538} INFO - Filling up the DagBag from /Users/zafarimam/Documents/E-Commerce Order Pipeline/airflow_venv_39/lib/python3.9/site-packages/airflow/example_dags/example_setup_teardown.py
[2025-05-27T18:31:18.152+0530] {processor.py:840} INFO - DAG(s) 'example_setup_teardown' retrieved from /Users/zafarimam/Documents/E-Commerce Order Pipeline/airflow_venv_39/lib/python3.9/site-packages/airflow/example_dags/example_setup_teardown.py
[2025-05-27T18:31:18.240+0530] {logging_mixin.py:188} INFO - [2025-05-27T18:31:18.239+0530] {dag.py:3036} INFO - Sync 1 DAGs
[2025-05-27T18:31:18.251+0530] {logging_mixin.py:188} INFO - [2025-05-27T18:31:18.251+0530] {dag.py:3823} INFO - Setting next_dagrun for example_setup_teardown to 2025-05-26 00:00:00+00:00, run_after=2025-05-27 00:00:00+00:00
[2025-05-27T18:31:18.265+0530] {processor.py:183} INFO - Processing /Users/zafarimam/Documents/E-Commerce Order Pipeline/airflow_venv_39/lib/python3.9/site-packages/airflow/example_dags/example_setup_teardown.py took 0.124 seconds
[2025-05-27T18:33:09.339+0530] {processor.py:161} INFO - Started process (PID=26043) to work on /Users/zafarimam/Documents/E-Commerce Order Pipeline/airflow_venv_39/lib/python3.9/site-packages/airflow/example_dags/example_setup_teardown.py
[2025-05-27T18:33:09.341+0530] {processor.py:830} INFO - Processing file /Users/zafarimam/Documents/E-Commerce Order Pipeline/airflow_venv_39/lib/python3.9/site-packages/airflow/example_dags/example_setup_teardown.py for tasks to queue
[2025-05-27T18:33:09.341+0530] {logging_mixin.py:188} INFO - [2025-05-27T18:33:09.341+0530] {dagbag.py:538} INFO - Filling up the DagBag from /Users/zafarimam/Documents/E-Commerce Order Pipeline/airflow_venv_39/lib/python3.9/site-packages/airflow/example_dags/example_setup_teardown.py
[2025-05-27T18:33:09.349+0530] {processor.py:840} INFO - DAG(s) 'example_setup_teardown' retrieved from /Users/zafarimam/Documents/E-Commerce Order Pipeline/airflow_venv_39/lib/python3.9/site-packages/airflow/example_dags/example_setup_teardown.py
[2025-05-27T18:33:09.455+0530] {logging_mixin.py:188} INFO - [2025-05-27T18:33:09.455+0530] {dag.py:3036} INFO - Sync 1 DAGs
[2025-05-27T18:33:09.474+0530] {logging_mixin.py:188} INFO - [2025-05-27T18:33:09.473+0530] {dag.py:3823} INFO - Setting next_dagrun for example_setup_teardown to 2025-05-26 00:00:00+00:00, run_after=2025-05-27 00:00:00+00:00
[2025-05-27T18:33:09.491+0530] {processor.py:183} INFO - Processing /Users/zafarimam/Documents/E-Commerce Order Pipeline/airflow_venv_39/lib/python3.9/site-packages/airflow/example_dags/example_setup_teardown.py took 0.153 seconds
[2025-05-27T18:37:00.040+0530] {processor.py:161} INFO - Started process (PID=26207) to work on /Users/zafarimam/Documents/E-Commerce Order Pipeline/airflow_venv_39/lib/python3.9/site-packages/airflow/example_dags/example_setup_teardown.py
[2025-05-27T18:37:00.042+0530] {processor.py:830} INFO - Processing file /Users/zafarimam/Documents/E-Commerce Order Pipeline/airflow_venv_39/lib/python3.9/site-packages/airflow/example_dags/example_setup_teardown.py for tasks to queue
[2025-05-27T18:37:00.043+0530] {logging_mixin.py:188} INFO - [2025-05-27T18:37:00.043+0530] {dagbag.py:538} INFO - Filling up the DagBag from /Users/zafarimam/Documents/E-Commerce Order Pipeline/airflow_venv_39/lib/python3.9/site-packages/airflow/example_dags/example_setup_teardown.py
[2025-05-27T18:37:00.051+0530] {processor.py:840} INFO - DAG(s) 'example_setup_teardown' retrieved from /Users/zafarimam/Documents/E-Commerce Order Pipeline/airflow_venv_39/lib/python3.9/site-packages/airflow/example_dags/example_setup_teardown.py
[2025-05-27T18:37:00.146+0530] {logging_mixin.py:188} INFO - [2025-05-27T18:37:00.146+0530] {dag.py:3036} INFO - Sync 1 DAGs
[2025-05-27T18:37:00.160+0530] {logging_mixin.py:188} INFO - [2025-05-27T18:37:00.160+0530] {dag.py:3823} INFO - Setting next_dagrun for example_setup_teardown to 2025-05-26 00:00:00+00:00, run_after=2025-05-27 00:00:00+00:00
[2025-05-27T18:37:00.176+0530] {processor.py:183} INFO - Processing /Users/zafarimam/Documents/E-Commerce Order Pipeline/airflow_venv_39/lib/python3.9/site-packages/airflow/example_dags/example_setup_teardown.py took 0.137 seconds
[2025-05-27T18:46:54.473+0530] {processor.py:161} INFO - Started process (PID=26723) to work on /Users/zafarimam/Documents/E-Commerce Order Pipeline/airflow_venv_39/lib/python3.9/site-packages/airflow/example_dags/example_setup_teardown.py
[2025-05-27T18:46:54.475+0530] {processor.py:830} INFO - Processing file /Users/zafarimam/Documents/E-Commerce Order Pipeline/airflow_venv_39/lib/python3.9/site-packages/airflow/example_dags/example_setup_teardown.py for tasks to queue
[2025-05-27T18:46:54.476+0530] {logging_mixin.py:188} INFO - [2025-05-27T18:46:54.476+0530] {dagbag.py:538} INFO - Filling up the DagBag from /Users/zafarimam/Documents/E-Commerce Order Pipeline/airflow_venv_39/lib/python3.9/site-packages/airflow/example_dags/example_setup_teardown.py
[2025-05-27T18:46:54.484+0530] {processor.py:840} INFO - DAG(s) 'example_setup_teardown' retrieved from /Users/zafarimam/Documents/E-Commerce Order Pipeline/airflow_venv_39/lib/python3.9/site-packages/airflow/example_dags/example_setup_teardown.py
[2025-05-27T18:46:54.630+0530] {logging_mixin.py:188} INFO - [2025-05-27T18:46:54.630+0530] {dag.py:3036} INFO - Sync 1 DAGs
[2025-05-27T18:46:54.641+0530] {logging_mixin.py:188} INFO - [2025-05-27T18:46:54.641+0530] {dag.py:3823} INFO - Setting next_dagrun for example_setup_teardown to 2025-05-26 00:00:00+00:00, run_after=2025-05-27 00:00:00+00:00
[2025-05-27T18:46:54.655+0530] {processor.py:183} INFO - Processing /Users/zafarimam/Documents/E-Commerce Order Pipeline/airflow_venv_39/lib/python3.9/site-packages/airflow/example_dags/example_setup_teardown.py took 0.182 seconds
[2025-05-27T18:48:51.227+0530] {processor.py:161} INFO - Started process (PID=26800) to work on /Users/zafarimam/Documents/E-Commerce Order Pipeline/airflow_venv_39/lib/python3.9/site-packages/airflow/example_dags/example_setup_teardown.py
[2025-05-27T18:48:51.228+0530] {processor.py:830} INFO - Processing file /Users/zafarimam/Documents/E-Commerce Order Pipeline/airflow_venv_39/lib/python3.9/site-packages/airflow/example_dags/example_setup_teardown.py for tasks to queue
[2025-05-27T18:48:51.228+0530] {logging_mixin.py:188} INFO - [2025-05-27T18:48:51.228+0530] {dagbag.py:538} INFO - Filling up the DagBag from /Users/zafarimam/Documents/E-Commerce Order Pipeline/airflow_venv_39/lib/python3.9/site-packages/airflow/example_dags/example_setup_teardown.py
[2025-05-27T18:48:51.236+0530] {processor.py:840} INFO - DAG(s) 'example_setup_teardown' retrieved from /Users/zafarimam/Documents/E-Commerce Order Pipeline/airflow_venv_39/lib/python3.9/site-packages/airflow/example_dags/example_setup_teardown.py
[2025-05-27T18:48:51.323+0530] {logging_mixin.py:188} INFO - [2025-05-27T18:48:51.322+0530] {dag.py:3036} INFO - Sync 1 DAGs
[2025-05-27T18:48:51.335+0530] {logging_mixin.py:188} INFO - [2025-05-27T18:48:51.335+0530] {dag.py:3823} INFO - Setting next_dagrun for example_setup_teardown to 2025-05-26 00:00:00+00:00, run_after=2025-05-27 00:00:00+00:00
[2025-05-27T18:48:51.350+0530] {processor.py:183} INFO - Processing /Users/zafarimam/Documents/E-Commerce Order Pipeline/airflow_venv_39/lib/python3.9/site-packages/airflow/example_dags/example_setup_teardown.py took 0.125 seconds
[2025-05-27T18:50:44.446+0530] {processor.py:161} INFO - Started process (PID=26871) to work on /Users/zafarimam/Documents/E-Commerce Order Pipeline/airflow_venv_39/lib/python3.9/site-packages/airflow/example_dags/example_setup_teardown.py
[2025-05-27T18:50:44.447+0530] {processor.py:830} INFO - Processing file /Users/zafarimam/Documents/E-Commerce Order Pipeline/airflow_venv_39/lib/python3.9/site-packages/airflow/example_dags/example_setup_teardown.py for tasks to queue
[2025-05-27T18:50:44.448+0530] {logging_mixin.py:188} INFO - [2025-05-27T18:50:44.448+0530] {dagbag.py:538} INFO - Filling up the DagBag from /Users/zafarimam/Documents/E-Commerce Order Pipeline/airflow_venv_39/lib/python3.9/site-packages/airflow/example_dags/example_setup_teardown.py
[2025-05-27T18:50:44.457+0530] {processor.py:840} INFO - DAG(s) 'example_setup_teardown' retrieved from /Users/zafarimam/Documents/E-Commerce Order Pipeline/airflow_venv_39/lib/python3.9/site-packages/airflow/example_dags/example_setup_teardown.py
[2025-05-27T18:50:44.558+0530] {logging_mixin.py:188} INFO - [2025-05-27T18:50:44.558+0530] {dag.py:3036} INFO - Sync 1 DAGs
[2025-05-27T18:50:44.573+0530] {logging_mixin.py:188} INFO - [2025-05-27T18:50:44.573+0530] {dag.py:3823} INFO - Setting next_dagrun for example_setup_teardown to 2025-05-26 00:00:00+00:00, run_after=2025-05-27 00:00:00+00:00
[2025-05-27T18:50:44.590+0530] {processor.py:183} INFO - Processing /Users/zafarimam/Documents/E-Commerce Order Pipeline/airflow_venv_39/lib/python3.9/site-packages/airflow/example_dags/example_setup_teardown.py took 0.146 seconds
[2025-05-27T18:52:41.614+0530] {processor.py:161} INFO - Started process (PID=26950) to work on /Users/zafarimam/Documents/E-Commerce Order Pipeline/airflow_venv_39/lib/python3.9/site-packages/airflow/example_dags/example_setup_teardown.py
[2025-05-27T18:52:41.615+0530] {processor.py:830} INFO - Processing file /Users/zafarimam/Documents/E-Commerce Order Pipeline/airflow_venv_39/lib/python3.9/site-packages/airflow/example_dags/example_setup_teardown.py for tasks to queue
[2025-05-27T18:52:41.616+0530] {logging_mixin.py:188} INFO - [2025-05-27T18:52:41.616+0530] {dagbag.py:538} INFO - Filling up the DagBag from /Users/zafarimam/Documents/E-Commerce Order Pipeline/airflow_venv_39/lib/python3.9/site-packages/airflow/example_dags/example_setup_teardown.py
[2025-05-27T18:52:41.624+0530] {processor.py:840} INFO - DAG(s) 'example_setup_teardown' retrieved from /Users/zafarimam/Documents/E-Commerce Order Pipeline/airflow_venv_39/lib/python3.9/site-packages/airflow/example_dags/example_setup_teardown.py
[2025-05-27T18:52:41.700+0530] {logging_mixin.py:188} INFO - [2025-05-27T18:52:41.700+0530] {dag.py:3036} INFO - Sync 1 DAGs
[2025-05-27T18:52:41.713+0530] {logging_mixin.py:188} INFO - [2025-05-27T18:52:41.712+0530] {dag.py:3823} INFO - Setting next_dagrun for example_setup_teardown to 2025-05-26 00:00:00+00:00, run_after=2025-05-27 00:00:00+00:00
[2025-05-27T18:52:41.727+0530] {processor.py:183} INFO - Processing /Users/zafarimam/Documents/E-Commerce Order Pipeline/airflow_venv_39/lib/python3.9/site-packages/airflow/example_dags/example_setup_teardown.py took 0.115 seconds
[2025-05-27T18:54:42.888+0530] {processor.py:161} INFO - Started process (PID=27012) to work on /Users/zafarimam/Documents/E-Commerce Order Pipeline/airflow_venv_39/lib/python3.9/site-packages/airflow/example_dags/example_setup_teardown.py
[2025-05-27T18:54:42.889+0530] {processor.py:830} INFO - Processing file /Users/zafarimam/Documents/E-Commerce Order Pipeline/airflow_venv_39/lib/python3.9/site-packages/airflow/example_dags/example_setup_teardown.py for tasks to queue
[2025-05-27T18:54:42.890+0530] {logging_mixin.py:188} INFO - [2025-05-27T18:54:42.890+0530] {dagbag.py:538} INFO - Filling up the DagBag from /Users/zafarimam/Documents/E-Commerce Order Pipeline/airflow_venv_39/lib/python3.9/site-packages/airflow/example_dags/example_setup_teardown.py
[2025-05-27T18:54:42.899+0530] {processor.py:840} INFO - DAG(s) 'example_setup_teardown' retrieved from /Users/zafarimam/Documents/E-Commerce Order Pipeline/airflow_venv_39/lib/python3.9/site-packages/airflow/example_dags/example_setup_teardown.py
[2025-05-27T18:54:42.996+0530] {logging_mixin.py:188} INFO - [2025-05-27T18:54:42.996+0530] {dag.py:3036} INFO - Sync 1 DAGs
[2025-05-27T18:54:43.010+0530] {logging_mixin.py:188} INFO - [2025-05-27T18:54:43.010+0530] {dag.py:3823} INFO - Setting next_dagrun for example_setup_teardown to 2025-05-26 00:00:00+00:00, run_after=2025-05-27 00:00:00+00:00
[2025-05-27T18:54:43.027+0530] {processor.py:183} INFO - Processing /Users/zafarimam/Documents/E-Commerce Order Pipeline/airflow_venv_39/lib/python3.9/site-packages/airflow/example_dags/example_setup_teardown.py took 0.141 seconds
[2025-05-27T18:56:47.860+0530] {processor.py:161} INFO - Started process (PID=27103) to work on /Users/zafarimam/Documents/E-Commerce Order Pipeline/airflow_venv_39/lib/python3.9/site-packages/airflow/example_dags/example_setup_teardown.py
[2025-05-27T18:56:47.862+0530] {processor.py:830} INFO - Processing file /Users/zafarimam/Documents/E-Commerce Order Pipeline/airflow_venv_39/lib/python3.9/site-packages/airflow/example_dags/example_setup_teardown.py for tasks to queue
[2025-05-27T18:56:47.863+0530] {logging_mixin.py:188} INFO - [2025-05-27T18:56:47.863+0530] {dagbag.py:538} INFO - Filling up the DagBag from /Users/zafarimam/Documents/E-Commerce Order Pipeline/airflow_venv_39/lib/python3.9/site-packages/airflow/example_dags/example_setup_teardown.py
[2025-05-27T18:56:47.871+0530] {processor.py:840} INFO - DAG(s) 'example_setup_teardown' retrieved from /Users/zafarimam/Documents/E-Commerce Order Pipeline/airflow_venv_39/lib/python3.9/site-packages/airflow/example_dags/example_setup_teardown.py
[2025-05-27T18:56:47.958+0530] {logging_mixin.py:188} INFO - [2025-05-27T18:56:47.958+0530] {dag.py:3036} INFO - Sync 1 DAGs
[2025-05-27T18:56:47.970+0530] {logging_mixin.py:188} INFO - [2025-05-27T18:56:47.970+0530] {dag.py:3823} INFO - Setting next_dagrun for example_setup_teardown to 2025-05-26 00:00:00+00:00, run_after=2025-05-27 00:00:00+00:00
[2025-05-27T18:56:47.983+0530] {processor.py:183} INFO - Processing /Users/zafarimam/Documents/E-Commerce Order Pipeline/airflow_venv_39/lib/python3.9/site-packages/airflow/example_dags/example_setup_teardown.py took 0.124 seconds
[2025-05-27T18:58:47.340+0530] {processor.py:161} INFO - Started process (PID=27175) to work on /Users/zafarimam/Documents/E-Commerce Order Pipeline/airflow_venv_39/lib/python3.9/site-packages/airflow/example_dags/example_setup_teardown.py
[2025-05-27T18:58:47.341+0530] {processor.py:830} INFO - Processing file /Users/zafarimam/Documents/E-Commerce Order Pipeline/airflow_venv_39/lib/python3.9/site-packages/airflow/example_dags/example_setup_teardown.py for tasks to queue
[2025-05-27T18:58:47.342+0530] {logging_mixin.py:188} INFO - [2025-05-27T18:58:47.342+0530] {dagbag.py:538} INFO - Filling up the DagBag from /Users/zafarimam/Documents/E-Commerce Order Pipeline/airflow_venv_39/lib/python3.9/site-packages/airflow/example_dags/example_setup_teardown.py
[2025-05-27T18:58:47.350+0530] {processor.py:840} INFO - DAG(s) 'example_setup_teardown' retrieved from /Users/zafarimam/Documents/E-Commerce Order Pipeline/airflow_venv_39/lib/python3.9/site-packages/airflow/example_dags/example_setup_teardown.py
[2025-05-27T18:58:47.439+0530] {logging_mixin.py:188} INFO - [2025-05-27T18:58:47.439+0530] {dag.py:3036} INFO - Sync 1 DAGs
[2025-05-27T18:58:47.452+0530] {logging_mixin.py:188} INFO - [2025-05-27T18:58:47.452+0530] {dag.py:3823} INFO - Setting next_dagrun for example_setup_teardown to 2025-05-26 00:00:00+00:00, run_after=2025-05-27 00:00:00+00:00
[2025-05-27T18:58:47.467+0530] {processor.py:183} INFO - Processing /Users/zafarimam/Documents/E-Commerce Order Pipeline/airflow_venv_39/lib/python3.9/site-packages/airflow/example_dags/example_setup_teardown.py took 0.129 seconds
[2025-05-27T19:00:47.752+0530] {processor.py:161} INFO - Started process (PID=27237) to work on /Users/zafarimam/Documents/E-Commerce Order Pipeline/airflow_venv_39/lib/python3.9/site-packages/airflow/example_dags/example_setup_teardown.py
[2025-05-27T19:00:47.753+0530] {processor.py:830} INFO - Processing file /Users/zafarimam/Documents/E-Commerce Order Pipeline/airflow_venv_39/lib/python3.9/site-packages/airflow/example_dags/example_setup_teardown.py for tasks to queue
[2025-05-27T19:00:47.754+0530] {logging_mixin.py:188} INFO - [2025-05-27T19:00:47.754+0530] {dagbag.py:538} INFO - Filling up the DagBag from /Users/zafarimam/Documents/E-Commerce Order Pipeline/airflow_venv_39/lib/python3.9/site-packages/airflow/example_dags/example_setup_teardown.py
[2025-05-27T19:00:47.762+0530] {processor.py:840} INFO - DAG(s) 'example_setup_teardown' retrieved from /Users/zafarimam/Documents/E-Commerce Order Pipeline/airflow_venv_39/lib/python3.9/site-packages/airflow/example_dags/example_setup_teardown.py
[2025-05-27T19:00:47.848+0530] {logging_mixin.py:188} INFO - [2025-05-27T19:00:47.848+0530] {dag.py:3036} INFO - Sync 1 DAGs
[2025-05-27T19:00:47.860+0530] {logging_mixin.py:188} INFO - [2025-05-27T19:00:47.860+0530] {dag.py:3823} INFO - Setting next_dagrun for example_setup_teardown to 2025-05-26 00:00:00+00:00, run_after=2025-05-27 00:00:00+00:00
[2025-05-27T19:00:47.875+0530] {processor.py:183} INFO - Processing /Users/zafarimam/Documents/E-Commerce Order Pipeline/airflow_venv_39/lib/python3.9/site-packages/airflow/example_dags/example_setup_teardown.py took 0.124 seconds
[2025-05-27T19:02:54.628+0530] {processor.py:161} INFO - Started process (PID=27347) to work on /Users/zafarimam/Documents/E-Commerce Order Pipeline/airflow_venv_39/lib/python3.9/site-packages/airflow/example_dags/example_setup_teardown.py
[2025-05-27T19:02:54.630+0530] {processor.py:830} INFO - Processing file /Users/zafarimam/Documents/E-Commerce Order Pipeline/airflow_venv_39/lib/python3.9/site-packages/airflow/example_dags/example_setup_teardown.py for tasks to queue
[2025-05-27T19:02:54.630+0530] {logging_mixin.py:188} INFO - [2025-05-27T19:02:54.630+0530] {dagbag.py:538} INFO - Filling up the DagBag from /Users/zafarimam/Documents/E-Commerce Order Pipeline/airflow_venv_39/lib/python3.9/site-packages/airflow/example_dags/example_setup_teardown.py
[2025-05-27T19:02:54.638+0530] {processor.py:840} INFO - DAG(s) 'example_setup_teardown' retrieved from /Users/zafarimam/Documents/E-Commerce Order Pipeline/airflow_venv_39/lib/python3.9/site-packages/airflow/example_dags/example_setup_teardown.py
[2025-05-27T19:02:54.725+0530] {logging_mixin.py:188} INFO - [2025-05-27T19:02:54.724+0530] {dag.py:3036} INFO - Sync 1 DAGs
[2025-05-27T19:02:54.736+0530] {logging_mixin.py:188} INFO - [2025-05-27T19:02:54.736+0530] {dag.py:3823} INFO - Setting next_dagrun for example_setup_teardown to 2025-05-26 00:00:00+00:00, run_after=2025-05-27 00:00:00+00:00
[2025-05-27T19:02:54.750+0530] {processor.py:183} INFO - Processing /Users/zafarimam/Documents/E-Commerce Order Pipeline/airflow_venv_39/lib/python3.9/site-packages/airflow/example_dags/example_setup_teardown.py took 0.124 seconds
[2025-05-27T19:04:55.586+0530] {processor.py:161} INFO - Started process (PID=27404) to work on /Users/zafarimam/Documents/E-Commerce Order Pipeline/airflow_venv_39/lib/python3.9/site-packages/airflow/example_dags/example_setup_teardown.py
[2025-05-27T19:04:55.587+0530] {processor.py:830} INFO - Processing file /Users/zafarimam/Documents/E-Commerce Order Pipeline/airflow_venv_39/lib/python3.9/site-packages/airflow/example_dags/example_setup_teardown.py for tasks to queue
[2025-05-27T19:04:55.588+0530] {logging_mixin.py:188} INFO - [2025-05-27T19:04:55.587+0530] {dagbag.py:538} INFO - Filling up the DagBag from /Users/zafarimam/Documents/E-Commerce Order Pipeline/airflow_venv_39/lib/python3.9/site-packages/airflow/example_dags/example_setup_teardown.py
[2025-05-27T19:04:55.596+0530] {processor.py:840} INFO - DAG(s) 'example_setup_teardown' retrieved from /Users/zafarimam/Documents/E-Commerce Order Pipeline/airflow_venv_39/lib/python3.9/site-packages/airflow/example_dags/example_setup_teardown.py
[2025-05-27T19:04:55.696+0530] {logging_mixin.py:188} INFO - [2025-05-27T19:04:55.696+0530] {dag.py:3036} INFO - Sync 1 DAGs
[2025-05-27T19:04:55.710+0530] {logging_mixin.py:188} INFO - [2025-05-27T19:04:55.710+0530] {dag.py:3823} INFO - Setting next_dagrun for example_setup_teardown to 2025-05-26 00:00:00+00:00, run_after=2025-05-27 00:00:00+00:00
[2025-05-27T19:04:55.726+0530] {processor.py:183} INFO - Processing /Users/zafarimam/Documents/E-Commerce Order Pipeline/airflow_venv_39/lib/python3.9/site-packages/airflow/example_dags/example_setup_teardown.py took 0.142 seconds
[2025-05-27T19:07:02.397+0530] {processor.py:161} INFO - Started process (PID=27462) to work on /Users/zafarimam/Documents/E-Commerce Order Pipeline/airflow_venv_39/lib/python3.9/site-packages/airflow/example_dags/example_setup_teardown.py
[2025-05-27T19:07:02.398+0530] {processor.py:830} INFO - Processing file /Users/zafarimam/Documents/E-Commerce Order Pipeline/airflow_venv_39/lib/python3.9/site-packages/airflow/example_dags/example_setup_teardown.py for tasks to queue
[2025-05-27T19:07:02.399+0530] {logging_mixin.py:188} INFO - [2025-05-27T19:07:02.399+0530] {dagbag.py:538} INFO - Filling up the DagBag from /Users/zafarimam/Documents/E-Commerce Order Pipeline/airflow_venv_39/lib/python3.9/site-packages/airflow/example_dags/example_setup_teardown.py
[2025-05-27T19:07:02.407+0530] {processor.py:840} INFO - DAG(s) 'example_setup_teardown' retrieved from /Users/zafarimam/Documents/E-Commerce Order Pipeline/airflow_venv_39/lib/python3.9/site-packages/airflow/example_dags/example_setup_teardown.py
[2025-05-27T19:07:02.493+0530] {logging_mixin.py:188} INFO - [2025-05-27T19:07:02.493+0530] {dag.py:3036} INFO - Sync 1 DAGs
[2025-05-27T19:07:02.507+0530] {logging_mixin.py:188} INFO - [2025-05-27T19:07:02.507+0530] {dag.py:3823} INFO - Setting next_dagrun for example_setup_teardown to 2025-05-26 00:00:00+00:00, run_after=2025-05-27 00:00:00+00:00
[2025-05-27T19:07:02.521+0530] {processor.py:183} INFO - Processing /Users/zafarimam/Documents/E-Commerce Order Pipeline/airflow_venv_39/lib/python3.9/site-packages/airflow/example_dags/example_setup_teardown.py took 0.125 seconds
[2025-05-27T19:09:03.608+0530] {processor.py:161} INFO - Started process (PID=27556) to work on /Users/zafarimam/Documents/E-Commerce Order Pipeline/airflow_venv_39/lib/python3.9/site-packages/airflow/example_dags/example_setup_teardown.py
[2025-05-27T19:09:03.609+0530] {processor.py:830} INFO - Processing file /Users/zafarimam/Documents/E-Commerce Order Pipeline/airflow_venv_39/lib/python3.9/site-packages/airflow/example_dags/example_setup_teardown.py for tasks to queue
[2025-05-27T19:09:03.609+0530] {logging_mixin.py:188} INFO - [2025-05-27T19:09:03.609+0530] {dagbag.py:538} INFO - Filling up the DagBag from /Users/zafarimam/Documents/E-Commerce Order Pipeline/airflow_venv_39/lib/python3.9/site-packages/airflow/example_dags/example_setup_teardown.py
[2025-05-27T19:09:03.616+0530] {processor.py:840} INFO - DAG(s) 'example_setup_teardown' retrieved from /Users/zafarimam/Documents/E-Commerce Order Pipeline/airflow_venv_39/lib/python3.9/site-packages/airflow/example_dags/example_setup_teardown.py
[2025-05-27T19:09:03.696+0530] {logging_mixin.py:188} INFO - [2025-05-27T19:09:03.696+0530] {dag.py:3036} INFO - Sync 1 DAGs
[2025-05-27T19:09:03.708+0530] {logging_mixin.py:188} INFO - [2025-05-27T19:09:03.708+0530] {dag.py:3823} INFO - Setting next_dagrun for example_setup_teardown to 2025-05-26 00:00:00+00:00, run_after=2025-05-27 00:00:00+00:00
[2025-05-27T19:09:03.721+0530] {processor.py:183} INFO - Processing /Users/zafarimam/Documents/E-Commerce Order Pipeline/airflow_venv_39/lib/python3.9/site-packages/airflow/example_dags/example_setup_teardown.py took 0.114 seconds
[2025-05-27T19:10:44.933+0530] {processor.py:161} INFO - Started process (PID=27610) to work on /Users/zafarimam/Documents/E-Commerce Order Pipeline/airflow_venv_39/lib/python3.9/site-packages/airflow/example_dags/example_setup_teardown.py
[2025-05-27T19:10:44.934+0530] {processor.py:830} INFO - Processing file /Users/zafarimam/Documents/E-Commerce Order Pipeline/airflow_venv_39/lib/python3.9/site-packages/airflow/example_dags/example_setup_teardown.py for tasks to queue
[2025-05-27T19:10:44.934+0530] {logging_mixin.py:188} INFO - [2025-05-27T19:10:44.934+0530] {dagbag.py:538} INFO - Filling up the DagBag from /Users/zafarimam/Documents/E-Commerce Order Pipeline/airflow_venv_39/lib/python3.9/site-packages/airflow/example_dags/example_setup_teardown.py
[2025-05-27T19:10:44.940+0530] {processor.py:840} INFO - DAG(s) 'example_setup_teardown' retrieved from /Users/zafarimam/Documents/E-Commerce Order Pipeline/airflow_venv_39/lib/python3.9/site-packages/airflow/example_dags/example_setup_teardown.py
[2025-05-27T19:10:45.017+0530] {logging_mixin.py:188} INFO - [2025-05-27T19:10:45.017+0530] {dag.py:3036} INFO - Sync 1 DAGs
[2025-05-27T19:10:45.028+0530] {logging_mixin.py:188} INFO - [2025-05-27T19:10:45.028+0530] {dag.py:3823} INFO - Setting next_dagrun for example_setup_teardown to 2025-05-26 00:00:00+00:00, run_after=2025-05-27 00:00:00+00:00
[2025-05-27T19:10:45.045+0530] {processor.py:183} INFO - Processing /Users/zafarimam/Documents/E-Commerce Order Pipeline/airflow_venv_39/lib/python3.9/site-packages/airflow/example_dags/example_setup_teardown.py took 0.114 seconds
[2025-05-27T19:12:26.090+0530] {processor.py:161} INFO - Started process (PID=27662) to work on /Users/zafarimam/Documents/E-Commerce Order Pipeline/airflow_venv_39/lib/python3.9/site-packages/airflow/example_dags/example_setup_teardown.py
[2025-05-27T19:12:26.090+0530] {processor.py:830} INFO - Processing file /Users/zafarimam/Documents/E-Commerce Order Pipeline/airflow_venv_39/lib/python3.9/site-packages/airflow/example_dags/example_setup_teardown.py for tasks to queue
[2025-05-27T19:12:26.091+0530] {logging_mixin.py:188} INFO - [2025-05-27T19:12:26.091+0530] {dagbag.py:538} INFO - Filling up the DagBag from /Users/zafarimam/Documents/E-Commerce Order Pipeline/airflow_venv_39/lib/python3.9/site-packages/airflow/example_dags/example_setup_teardown.py
[2025-05-27T19:12:26.098+0530] {processor.py:840} INFO - DAG(s) 'example_setup_teardown' retrieved from /Users/zafarimam/Documents/E-Commerce Order Pipeline/airflow_venv_39/lib/python3.9/site-packages/airflow/example_dags/example_setup_teardown.py
[2025-05-27T19:12:26.178+0530] {logging_mixin.py:188} INFO - [2025-05-27T19:12:26.178+0530] {dag.py:3036} INFO - Sync 1 DAGs
[2025-05-27T19:12:26.190+0530] {logging_mixin.py:188} INFO - [2025-05-27T19:12:26.190+0530] {dag.py:3823} INFO - Setting next_dagrun for example_setup_teardown to 2025-05-26 00:00:00+00:00, run_after=2025-05-27 00:00:00+00:00
[2025-05-27T19:12:26.204+0530] {processor.py:183} INFO - Processing /Users/zafarimam/Documents/E-Commerce Order Pipeline/airflow_venv_39/lib/python3.9/site-packages/airflow/example_dags/example_setup_teardown.py took 0.116 seconds
[2025-05-27T19:14:05.693+0530] {processor.py:161} INFO - Started process (PID=27714) to work on /Users/zafarimam/Documents/E-Commerce Order Pipeline/airflow_venv_39/lib/python3.9/site-packages/airflow/example_dags/example_setup_teardown.py
[2025-05-27T19:14:05.694+0530] {processor.py:830} INFO - Processing file /Users/zafarimam/Documents/E-Commerce Order Pipeline/airflow_venv_39/lib/python3.9/site-packages/airflow/example_dags/example_setup_teardown.py for tasks to queue
[2025-05-27T19:14:05.694+0530] {logging_mixin.py:188} INFO - [2025-05-27T19:14:05.694+0530] {dagbag.py:538} INFO - Filling up the DagBag from /Users/zafarimam/Documents/E-Commerce Order Pipeline/airflow_venv_39/lib/python3.9/site-packages/airflow/example_dags/example_setup_teardown.py
[2025-05-27T19:14:05.701+0530] {processor.py:840} INFO - DAG(s) 'example_setup_teardown' retrieved from /Users/zafarimam/Documents/E-Commerce Order Pipeline/airflow_venv_39/lib/python3.9/site-packages/airflow/example_dags/example_setup_teardown.py
[2025-05-27T19:14:05.780+0530] {logging_mixin.py:188} INFO - [2025-05-27T19:14:05.779+0530] {dag.py:3036} INFO - Sync 1 DAGs
[2025-05-27T19:14:05.791+0530] {logging_mixin.py:188} INFO - [2025-05-27T19:14:05.791+0530] {dag.py:3823} INFO - Setting next_dagrun for example_setup_teardown to 2025-05-26 00:00:00+00:00, run_after=2025-05-27 00:00:00+00:00
[2025-05-27T19:14:05.804+0530] {processor.py:183} INFO - Processing /Users/zafarimam/Documents/E-Commerce Order Pipeline/airflow_venv_39/lib/python3.9/site-packages/airflow/example_dags/example_setup_teardown.py took 0.112 seconds
[2025-05-27T19:15:46.953+0530] {processor.py:161} INFO - Started process (PID=27767) to work on /Users/zafarimam/Documents/E-Commerce Order Pipeline/airflow_venv_39/lib/python3.9/site-packages/airflow/example_dags/example_setup_teardown.py
[2025-05-27T19:15:46.953+0530] {processor.py:830} INFO - Processing file /Users/zafarimam/Documents/E-Commerce Order Pipeline/airflow_venv_39/lib/python3.9/site-packages/airflow/example_dags/example_setup_teardown.py for tasks to queue
[2025-05-27T19:15:46.954+0530] {logging_mixin.py:188} INFO - [2025-05-27T19:15:46.954+0530] {dagbag.py:538} INFO - Filling up the DagBag from /Users/zafarimam/Documents/E-Commerce Order Pipeline/airflow_venv_39/lib/python3.9/site-packages/airflow/example_dags/example_setup_teardown.py
[2025-05-27T19:15:46.960+0530] {processor.py:840} INFO - DAG(s) 'example_setup_teardown' retrieved from /Users/zafarimam/Documents/E-Commerce Order Pipeline/airflow_venv_39/lib/python3.9/site-packages/airflow/example_dags/example_setup_teardown.py
[2025-05-27T19:15:47.038+0530] {logging_mixin.py:188} INFO - [2025-05-27T19:15:47.038+0530] {dag.py:3036} INFO - Sync 1 DAGs
[2025-05-27T19:15:47.050+0530] {logging_mixin.py:188} INFO - [2025-05-27T19:15:47.050+0530] {dag.py:3823} INFO - Setting next_dagrun for example_setup_teardown to 2025-05-26 00:00:00+00:00, run_after=2025-05-27 00:00:00+00:00
[2025-05-27T19:15:47.063+0530] {processor.py:183} INFO - Processing /Users/zafarimam/Documents/E-Commerce Order Pipeline/airflow_venv_39/lib/python3.9/site-packages/airflow/example_dags/example_setup_teardown.py took 0.112 seconds
[2025-05-27T19:17:27.330+0530] {processor.py:161} INFO - Started process (PID=27821) to work on /Users/zafarimam/Documents/E-Commerce Order Pipeline/airflow_venv_39/lib/python3.9/site-packages/airflow/example_dags/example_setup_teardown.py
[2025-05-27T19:17:27.331+0530] {processor.py:830} INFO - Processing file /Users/zafarimam/Documents/E-Commerce Order Pipeline/airflow_venv_39/lib/python3.9/site-packages/airflow/example_dags/example_setup_teardown.py for tasks to queue
[2025-05-27T19:17:27.331+0530] {logging_mixin.py:188} INFO - [2025-05-27T19:17:27.331+0530] {dagbag.py:538} INFO - Filling up the DagBag from /Users/zafarimam/Documents/E-Commerce Order Pipeline/airflow_venv_39/lib/python3.9/site-packages/airflow/example_dags/example_setup_teardown.py
[2025-05-27T19:17:27.338+0530] {processor.py:840} INFO - DAG(s) 'example_setup_teardown' retrieved from /Users/zafarimam/Documents/E-Commerce Order Pipeline/airflow_venv_39/lib/python3.9/site-packages/airflow/example_dags/example_setup_teardown.py
[2025-05-27T19:17:27.416+0530] {logging_mixin.py:188} INFO - [2025-05-27T19:17:27.416+0530] {dag.py:3036} INFO - Sync 1 DAGs
[2025-05-27T19:17:27.428+0530] {logging_mixin.py:188} INFO - [2025-05-27T19:17:27.428+0530] {dag.py:3823} INFO - Setting next_dagrun for example_setup_teardown to 2025-05-26 00:00:00+00:00, run_after=2025-05-27 00:00:00+00:00
[2025-05-27T19:17:27.445+0530] {processor.py:183} INFO - Processing /Users/zafarimam/Documents/E-Commerce Order Pipeline/airflow_venv_39/lib/python3.9/site-packages/airflow/example_dags/example_setup_teardown.py took 0.116 seconds
[2025-05-27T19:19:08.518+0530] {processor.py:161} INFO - Started process (PID=27896) to work on /Users/zafarimam/Documents/E-Commerce Order Pipeline/airflow_venv_39/lib/python3.9/site-packages/airflow/example_dags/example_setup_teardown.py
[2025-05-27T19:19:08.519+0530] {processor.py:830} INFO - Processing file /Users/zafarimam/Documents/E-Commerce Order Pipeline/airflow_venv_39/lib/python3.9/site-packages/airflow/example_dags/example_setup_teardown.py for tasks to queue
[2025-05-27T19:19:08.519+0530] {logging_mixin.py:188} INFO - [2025-05-27T19:19:08.519+0530] {dagbag.py:538} INFO - Filling up the DagBag from /Users/zafarimam/Documents/E-Commerce Order Pipeline/airflow_venv_39/lib/python3.9/site-packages/airflow/example_dags/example_setup_teardown.py
[2025-05-27T19:19:08.526+0530] {processor.py:840} INFO - DAG(s) 'example_setup_teardown' retrieved from /Users/zafarimam/Documents/E-Commerce Order Pipeline/airflow_venv_39/lib/python3.9/site-packages/airflow/example_dags/example_setup_teardown.py
[2025-05-27T19:19:08.604+0530] {logging_mixin.py:188} INFO - [2025-05-27T19:19:08.604+0530] {dag.py:3036} INFO - Sync 1 DAGs
[2025-05-27T19:19:08.615+0530] {logging_mixin.py:188} INFO - [2025-05-27T19:19:08.615+0530] {dag.py:3823} INFO - Setting next_dagrun for example_setup_teardown to 2025-05-26 00:00:00+00:00, run_after=2025-05-27 00:00:00+00:00
[2025-05-27T19:19:08.628+0530] {processor.py:183} INFO - Processing /Users/zafarimam/Documents/E-Commerce Order Pipeline/airflow_venv_39/lib/python3.9/site-packages/airflow/example_dags/example_setup_teardown.py took 0.112 seconds
[2025-05-27T19:20:48.880+0530] {processor.py:161} INFO - Started process (PID=27961) to work on /Users/zafarimam/Documents/E-Commerce Order Pipeline/airflow_venv_39/lib/python3.9/site-packages/airflow/example_dags/example_setup_teardown.py
[2025-05-27T19:20:48.881+0530] {processor.py:830} INFO - Processing file /Users/zafarimam/Documents/E-Commerce Order Pipeline/airflow_venv_39/lib/python3.9/site-packages/airflow/example_dags/example_setup_teardown.py for tasks to queue
[2025-05-27T19:20:48.881+0530] {logging_mixin.py:188} INFO - [2025-05-27T19:20:48.881+0530] {dagbag.py:538} INFO - Filling up the DagBag from /Users/zafarimam/Documents/E-Commerce Order Pipeline/airflow_venv_39/lib/python3.9/site-packages/airflow/example_dags/example_setup_teardown.py
[2025-05-27T19:20:48.888+0530] {processor.py:840} INFO - DAG(s) 'example_setup_teardown' retrieved from /Users/zafarimam/Documents/E-Commerce Order Pipeline/airflow_venv_39/lib/python3.9/site-packages/airflow/example_dags/example_setup_teardown.py
[2025-05-27T19:20:48.966+0530] {logging_mixin.py:188} INFO - [2025-05-27T19:20:48.966+0530] {dag.py:3036} INFO - Sync 1 DAGs
[2025-05-27T19:20:48.978+0530] {logging_mixin.py:188} INFO - [2025-05-27T19:20:48.978+0530] {dag.py:3823} INFO - Setting next_dagrun for example_setup_teardown to 2025-05-26 00:00:00+00:00, run_after=2025-05-27 00:00:00+00:00
[2025-05-27T19:20:48.995+0530] {processor.py:183} INFO - Processing /Users/zafarimam/Documents/E-Commerce Order Pipeline/airflow_venv_39/lib/python3.9/site-packages/airflow/example_dags/example_setup_teardown.py took 0.116 seconds
[2025-05-27T19:22:27.849+0530] {processor.py:161} INFO - Started process (PID=28023) to work on /Users/zafarimam/Documents/E-Commerce Order Pipeline/airflow_venv_39/lib/python3.9/site-packages/airflow/example_dags/example_setup_teardown.py
[2025-05-27T19:22:27.849+0530] {processor.py:830} INFO - Processing file /Users/zafarimam/Documents/E-Commerce Order Pipeline/airflow_venv_39/lib/python3.9/site-packages/airflow/example_dags/example_setup_teardown.py for tasks to queue
[2025-05-27T19:22:27.850+0530] {logging_mixin.py:188} INFO - [2025-05-27T19:22:27.850+0530] {dagbag.py:538} INFO - Filling up the DagBag from /Users/zafarimam/Documents/E-Commerce Order Pipeline/airflow_venv_39/lib/python3.9/site-packages/airflow/example_dags/example_setup_teardown.py
[2025-05-27T19:22:27.857+0530] {processor.py:840} INFO - DAG(s) 'example_setup_teardown' retrieved from /Users/zafarimam/Documents/E-Commerce Order Pipeline/airflow_venv_39/lib/python3.9/site-packages/airflow/example_dags/example_setup_teardown.py
[2025-05-27T19:22:27.936+0530] {logging_mixin.py:188} INFO - [2025-05-27T19:22:27.936+0530] {dag.py:3036} INFO - Sync 1 DAGs
[2025-05-27T19:22:27.948+0530] {logging_mixin.py:188} INFO - [2025-05-27T19:22:27.948+0530] {dag.py:3823} INFO - Setting next_dagrun for example_setup_teardown to 2025-05-26 00:00:00+00:00, run_after=2025-05-27 00:00:00+00:00
[2025-05-27T19:22:27.960+0530] {processor.py:183} INFO - Processing /Users/zafarimam/Documents/E-Commerce Order Pipeline/airflow_venv_39/lib/python3.9/site-packages/airflow/example_dags/example_setup_teardown.py took 0.113 seconds
[2025-05-27T19:24:09.160+0530] {processor.py:161} INFO - Started process (PID=28076) to work on /Users/zafarimam/Documents/E-Commerce Order Pipeline/airflow_venv_39/lib/python3.9/site-packages/airflow/example_dags/example_setup_teardown.py
[2025-05-27T19:24:09.161+0530] {processor.py:830} INFO - Processing file /Users/zafarimam/Documents/E-Commerce Order Pipeline/airflow_venv_39/lib/python3.9/site-packages/airflow/example_dags/example_setup_teardown.py for tasks to queue
[2025-05-27T19:24:09.161+0530] {logging_mixin.py:188} INFO - [2025-05-27T19:24:09.161+0530] {dagbag.py:538} INFO - Filling up the DagBag from /Users/zafarimam/Documents/E-Commerce Order Pipeline/airflow_venv_39/lib/python3.9/site-packages/airflow/example_dags/example_setup_teardown.py
[2025-05-27T19:24:09.168+0530] {processor.py:840} INFO - DAG(s) 'example_setup_teardown' retrieved from /Users/zafarimam/Documents/E-Commerce Order Pipeline/airflow_venv_39/lib/python3.9/site-packages/airflow/example_dags/example_setup_teardown.py
[2025-05-27T19:24:09.246+0530] {logging_mixin.py:188} INFO - [2025-05-27T19:24:09.246+0530] {dag.py:3036} INFO - Sync 1 DAGs
[2025-05-27T19:24:09.258+0530] {logging_mixin.py:188} INFO - [2025-05-27T19:24:09.258+0530] {dag.py:3823} INFO - Setting next_dagrun for example_setup_teardown to 2025-05-26 00:00:00+00:00, run_after=2025-05-27 00:00:00+00:00
[2025-05-27T19:24:09.270+0530] {processor.py:183} INFO - Processing /Users/zafarimam/Documents/E-Commerce Order Pipeline/airflow_venv_39/lib/python3.9/site-packages/airflow/example_dags/example_setup_teardown.py took 0.112 seconds
[2025-05-27T19:25:49.018+0530] {processor.py:161} INFO - Started process (PID=28130) to work on /Users/zafarimam/Documents/E-Commerce Order Pipeline/airflow_venv_39/lib/python3.9/site-packages/airflow/example_dags/example_setup_teardown.py
[2025-05-27T19:25:49.019+0530] {processor.py:830} INFO - Processing file /Users/zafarimam/Documents/E-Commerce Order Pipeline/airflow_venv_39/lib/python3.9/site-packages/airflow/example_dags/example_setup_teardown.py for tasks to queue
[2025-05-27T19:25:49.020+0530] {logging_mixin.py:188} INFO - [2025-05-27T19:25:49.020+0530] {dagbag.py:538} INFO - Filling up the DagBag from /Users/zafarimam/Documents/E-Commerce Order Pipeline/airflow_venv_39/lib/python3.9/site-packages/airflow/example_dags/example_setup_teardown.py
[2025-05-27T19:25:49.027+0530] {processor.py:840} INFO - DAG(s) 'example_setup_teardown' retrieved from /Users/zafarimam/Documents/E-Commerce Order Pipeline/airflow_venv_39/lib/python3.9/site-packages/airflow/example_dags/example_setup_teardown.py
[2025-05-27T19:25:49.107+0530] {logging_mixin.py:188} INFO - [2025-05-27T19:25:49.106+0530] {dag.py:3036} INFO - Sync 1 DAGs
[2025-05-27T19:25:49.118+0530] {logging_mixin.py:188} INFO - [2025-05-27T19:25:49.118+0530] {dag.py:3823} INFO - Setting next_dagrun for example_setup_teardown to 2025-05-26 00:00:00+00:00, run_after=2025-05-27 00:00:00+00:00
[2025-05-27T19:25:49.132+0530] {processor.py:183} INFO - Processing /Users/zafarimam/Documents/E-Commerce Order Pipeline/airflow_venv_39/lib/python3.9/site-packages/airflow/example_dags/example_setup_teardown.py took 0.115 seconds
[2025-05-27T19:27:29.962+0530] {processor.py:161} INFO - Started process (PID=28186) to work on /Users/zafarimam/Documents/E-Commerce Order Pipeline/airflow_venv_39/lib/python3.9/site-packages/airflow/example_dags/example_setup_teardown.py
[2025-05-27T19:27:29.963+0530] {processor.py:830} INFO - Processing file /Users/zafarimam/Documents/E-Commerce Order Pipeline/airflow_venv_39/lib/python3.9/site-packages/airflow/example_dags/example_setup_teardown.py for tasks to queue
[2025-05-27T19:27:29.964+0530] {logging_mixin.py:188} INFO - [2025-05-27T19:27:29.963+0530] {dagbag.py:538} INFO - Filling up the DagBag from /Users/zafarimam/Documents/E-Commerce Order Pipeline/airflow_venv_39/lib/python3.9/site-packages/airflow/example_dags/example_setup_teardown.py
[2025-05-27T19:27:29.971+0530] {processor.py:840} INFO - DAG(s) 'example_setup_teardown' retrieved from /Users/zafarimam/Documents/E-Commerce Order Pipeline/airflow_venv_39/lib/python3.9/site-packages/airflow/example_dags/example_setup_teardown.py
[2025-05-27T19:27:30.050+0530] {logging_mixin.py:188} INFO - [2025-05-27T19:27:30.050+0530] {dag.py:3036} INFO - Sync 1 DAGs
[2025-05-27T19:27:30.061+0530] {logging_mixin.py:188} INFO - [2025-05-27T19:27:30.061+0530] {dag.py:3823} INFO - Setting next_dagrun for example_setup_teardown to 2025-05-26 00:00:00+00:00, run_after=2025-05-27 00:00:00+00:00
[2025-05-27T19:27:30.074+0530] {processor.py:183} INFO - Processing /Users/zafarimam/Documents/E-Commerce Order Pipeline/airflow_venv_39/lib/python3.9/site-packages/airflow/example_dags/example_setup_teardown.py took 0.113 seconds
[2025-05-27T19:29:09.701+0530] {processor.py:161} INFO - Started process (PID=28237) to work on /Users/zafarimam/Documents/E-Commerce Order Pipeline/airflow_venv_39/lib/python3.9/site-packages/airflow/example_dags/example_setup_teardown.py
[2025-05-27T19:29:09.702+0530] {processor.py:830} INFO - Processing file /Users/zafarimam/Documents/E-Commerce Order Pipeline/airflow_venv_39/lib/python3.9/site-packages/airflow/example_dags/example_setup_teardown.py for tasks to queue
[2025-05-27T19:29:09.702+0530] {logging_mixin.py:188} INFO - [2025-05-27T19:29:09.702+0530] {dagbag.py:538} INFO - Filling up the DagBag from /Users/zafarimam/Documents/E-Commerce Order Pipeline/airflow_venv_39/lib/python3.9/site-packages/airflow/example_dags/example_setup_teardown.py
[2025-05-27T19:29:09.710+0530] {processor.py:840} INFO - DAG(s) 'example_setup_teardown' retrieved from /Users/zafarimam/Documents/E-Commerce Order Pipeline/airflow_venv_39/lib/python3.9/site-packages/airflow/example_dags/example_setup_teardown.py
[2025-05-27T19:29:09.790+0530] {logging_mixin.py:188} INFO - [2025-05-27T19:29:09.789+0530] {dag.py:3036} INFO - Sync 1 DAGs
[2025-05-27T19:29:09.801+0530] {logging_mixin.py:188} INFO - [2025-05-27T19:29:09.801+0530] {dag.py:3823} INFO - Setting next_dagrun for example_setup_teardown to 2025-05-26 00:00:00+00:00, run_after=2025-05-27 00:00:00+00:00
[2025-05-27T19:29:09.819+0530] {processor.py:183} INFO - Processing /Users/zafarimam/Documents/E-Commerce Order Pipeline/airflow_venv_39/lib/python3.9/site-packages/airflow/example_dags/example_setup_teardown.py took 0.119 seconds
[2025-05-27T19:31:10.648+0530] {processor.py:161} INFO - Started process (PID=28318) to work on /Users/zafarimam/Documents/E-Commerce Order Pipeline/airflow_venv_39/lib/python3.9/site-packages/airflow/example_dags/example_setup_teardown.py
[2025-05-27T19:31:10.649+0530] {processor.py:830} INFO - Processing file /Users/zafarimam/Documents/E-Commerce Order Pipeline/airflow_venv_39/lib/python3.9/site-packages/airflow/example_dags/example_setup_teardown.py for tasks to queue
[2025-05-27T19:31:10.650+0530] {logging_mixin.py:188} INFO - [2025-05-27T19:31:10.650+0530] {dagbag.py:538} INFO - Filling up the DagBag from /Users/zafarimam/Documents/E-Commerce Order Pipeline/airflow_venv_39/lib/python3.9/site-packages/airflow/example_dags/example_setup_teardown.py
[2025-05-27T19:31:10.657+0530] {processor.py:840} INFO - DAG(s) 'example_setup_teardown' retrieved from /Users/zafarimam/Documents/E-Commerce Order Pipeline/airflow_venv_39/lib/python3.9/site-packages/airflow/example_dags/example_setup_teardown.py
[2025-05-27T19:31:10.733+0530] {logging_mixin.py:188} INFO - [2025-05-27T19:31:10.733+0530] {dag.py:3036} INFO - Sync 1 DAGs
[2025-05-27T19:31:10.745+0530] {logging_mixin.py:188} INFO - [2025-05-27T19:31:10.744+0530] {dag.py:3823} INFO - Setting next_dagrun for example_setup_teardown to 2025-05-26 00:00:00+00:00, run_after=2025-05-27 00:00:00+00:00
[2025-05-27T19:31:10.758+0530] {processor.py:183} INFO - Processing /Users/zafarimam/Documents/E-Commerce Order Pipeline/airflow_venv_39/lib/python3.9/site-packages/airflow/example_dags/example_setup_teardown.py took 0.111 seconds
[2025-05-27T19:32:50.606+0530] {processor.py:161} INFO - Started process (PID=28373) to work on /Users/zafarimam/Documents/E-Commerce Order Pipeline/airflow_venv_39/lib/python3.9/site-packages/airflow/example_dags/example_setup_teardown.py
[2025-05-27T19:32:50.607+0530] {processor.py:830} INFO - Processing file /Users/zafarimam/Documents/E-Commerce Order Pipeline/airflow_venv_39/lib/python3.9/site-packages/airflow/example_dags/example_setup_teardown.py for tasks to queue
[2025-05-27T19:32:50.608+0530] {logging_mixin.py:188} INFO - [2025-05-27T19:32:50.608+0530] {dagbag.py:538} INFO - Filling up the DagBag from /Users/zafarimam/Documents/E-Commerce Order Pipeline/airflow_venv_39/lib/python3.9/site-packages/airflow/example_dags/example_setup_teardown.py
[2025-05-27T19:32:50.615+0530] {processor.py:840} INFO - DAG(s) 'example_setup_teardown' retrieved from /Users/zafarimam/Documents/E-Commerce Order Pipeline/airflow_venv_39/lib/python3.9/site-packages/airflow/example_dags/example_setup_teardown.py
[2025-05-27T19:32:50.695+0530] {logging_mixin.py:188} INFO - [2025-05-27T19:32:50.695+0530] {dag.py:3036} INFO - Sync 1 DAGs
[2025-05-27T19:32:50.707+0530] {logging_mixin.py:188} INFO - [2025-05-27T19:32:50.707+0530] {dag.py:3823} INFO - Setting next_dagrun for example_setup_teardown to 2025-05-26 00:00:00+00:00, run_after=2025-05-27 00:00:00+00:00
[2025-05-27T19:32:50.724+0530] {processor.py:183} INFO - Processing /Users/zafarimam/Documents/E-Commerce Order Pipeline/airflow_venv_39/lib/python3.9/site-packages/airflow/example_dags/example_setup_teardown.py took 0.119 seconds
[2025-05-27T19:34:31.235+0530] {processor.py:161} INFO - Started process (PID=28423) to work on /Users/zafarimam/Documents/E-Commerce Order Pipeline/airflow_venv_39/lib/python3.9/site-packages/airflow/example_dags/example_setup_teardown.py
[2025-05-27T19:34:31.236+0530] {processor.py:830} INFO - Processing file /Users/zafarimam/Documents/E-Commerce Order Pipeline/airflow_venv_39/lib/python3.9/site-packages/airflow/example_dags/example_setup_teardown.py for tasks to queue
[2025-05-27T19:34:31.237+0530] {logging_mixin.py:188} INFO - [2025-05-27T19:34:31.236+0530] {dagbag.py:538} INFO - Filling up the DagBag from /Users/zafarimam/Documents/E-Commerce Order Pipeline/airflow_venv_39/lib/python3.9/site-packages/airflow/example_dags/example_setup_teardown.py
[2025-05-27T19:34:31.244+0530] {processor.py:840} INFO - DAG(s) 'example_setup_teardown' retrieved from /Users/zafarimam/Documents/E-Commerce Order Pipeline/airflow_venv_39/lib/python3.9/site-packages/airflow/example_dags/example_setup_teardown.py
[2025-05-27T19:34:31.323+0530] {logging_mixin.py:188} INFO - [2025-05-27T19:34:31.323+0530] {dag.py:3036} INFO - Sync 1 DAGs
[2025-05-27T19:34:31.335+0530] {logging_mixin.py:188} INFO - [2025-05-27T19:34:31.334+0530] {dag.py:3823} INFO - Setting next_dagrun for example_setup_teardown to 2025-05-26 00:00:00+00:00, run_after=2025-05-27 00:00:00+00:00
[2025-05-27T19:34:31.348+0530] {processor.py:183} INFO - Processing /Users/zafarimam/Documents/E-Commerce Order Pipeline/airflow_venv_39/lib/python3.9/site-packages/airflow/example_dags/example_setup_teardown.py took 0.114 seconds
[2025-05-27T19:36:13.146+0530] {processor.py:161} INFO - Started process (PID=28476) to work on /Users/zafarimam/Documents/E-Commerce Order Pipeline/airflow_venv_39/lib/python3.9/site-packages/airflow/example_dags/example_setup_teardown.py
[2025-05-27T19:36:13.147+0530] {processor.py:830} INFO - Processing file /Users/zafarimam/Documents/E-Commerce Order Pipeline/airflow_venv_39/lib/python3.9/site-packages/airflow/example_dags/example_setup_teardown.py for tasks to queue
[2025-05-27T19:36:13.148+0530] {logging_mixin.py:188} INFO - [2025-05-27T19:36:13.147+0530] {dagbag.py:538} INFO - Filling up the DagBag from /Users/zafarimam/Documents/E-Commerce Order Pipeline/airflow_venv_39/lib/python3.9/site-packages/airflow/example_dags/example_setup_teardown.py
[2025-05-27T19:36:13.155+0530] {processor.py:840} INFO - DAG(s) 'example_setup_teardown' retrieved from /Users/zafarimam/Documents/E-Commerce Order Pipeline/airflow_venv_39/lib/python3.9/site-packages/airflow/example_dags/example_setup_teardown.py
[2025-05-27T19:36:13.232+0530] {logging_mixin.py:188} INFO - [2025-05-27T19:36:13.232+0530] {dag.py:3036} INFO - Sync 1 DAGs
[2025-05-27T19:36:13.244+0530] {logging_mixin.py:188} INFO - [2025-05-27T19:36:13.244+0530] {dag.py:3823} INFO - Setting next_dagrun for example_setup_teardown to 2025-05-26 00:00:00+00:00, run_after=2025-05-27 00:00:00+00:00
[2025-05-27T19:36:13.261+0530] {processor.py:183} INFO - Processing /Users/zafarimam/Documents/E-Commerce Order Pipeline/airflow_venv_39/lib/python3.9/site-packages/airflow/example_dags/example_setup_teardown.py took 0.116 seconds
[2025-05-27T19:37:54.514+0530] {processor.py:161} INFO - Started process (PID=28529) to work on /Users/zafarimam/Documents/E-Commerce Order Pipeline/airflow_venv_39/lib/python3.9/site-packages/airflow/example_dags/example_setup_teardown.py
[2025-05-27T19:37:54.515+0530] {processor.py:830} INFO - Processing file /Users/zafarimam/Documents/E-Commerce Order Pipeline/airflow_venv_39/lib/python3.9/site-packages/airflow/example_dags/example_setup_teardown.py for tasks to queue
[2025-05-27T19:37:54.516+0530] {logging_mixin.py:188} INFO - [2025-05-27T19:37:54.516+0530] {dagbag.py:538} INFO - Filling up the DagBag from /Users/zafarimam/Documents/E-Commerce Order Pipeline/airflow_venv_39/lib/python3.9/site-packages/airflow/example_dags/example_setup_teardown.py
[2025-05-27T19:37:54.523+0530] {processor.py:840} INFO - DAG(s) 'example_setup_teardown' retrieved from /Users/zafarimam/Documents/E-Commerce Order Pipeline/airflow_venv_39/lib/python3.9/site-packages/airflow/example_dags/example_setup_teardown.py
[2025-05-27T19:37:54.605+0530] {logging_mixin.py:188} INFO - [2025-05-27T19:37:54.604+0530] {dag.py:3036} INFO - Sync 1 DAGs
[2025-05-27T19:37:54.616+0530] {logging_mixin.py:188} INFO - [2025-05-27T19:37:54.616+0530] {dag.py:3823} INFO - Setting next_dagrun for example_setup_teardown to 2025-05-26 00:00:00+00:00, run_after=2025-05-27 00:00:00+00:00
[2025-05-27T19:37:54.634+0530] {processor.py:183} INFO - Processing /Users/zafarimam/Documents/E-Commerce Order Pipeline/airflow_venv_39/lib/python3.9/site-packages/airflow/example_dags/example_setup_teardown.py took 0.121 seconds
[2025-05-27T19:39:34.083+0530] {processor.py:161} INFO - Started process (PID=28578) to work on /Users/zafarimam/Documents/E-Commerce Order Pipeline/airflow_venv_39/lib/python3.9/site-packages/airflow/example_dags/example_setup_teardown.py
[2025-05-27T19:39:34.084+0530] {processor.py:830} INFO - Processing file /Users/zafarimam/Documents/E-Commerce Order Pipeline/airflow_venv_39/lib/python3.9/site-packages/airflow/example_dags/example_setup_teardown.py for tasks to queue
[2025-05-27T19:39:34.084+0530] {logging_mixin.py:188} INFO - [2025-05-27T19:39:34.084+0530] {dagbag.py:538} INFO - Filling up the DagBag from /Users/zafarimam/Documents/E-Commerce Order Pipeline/airflow_venv_39/lib/python3.9/site-packages/airflow/example_dags/example_setup_teardown.py
[2025-05-27T19:39:34.091+0530] {processor.py:840} INFO - DAG(s) 'example_setup_teardown' retrieved from /Users/zafarimam/Documents/E-Commerce Order Pipeline/airflow_venv_39/lib/python3.9/site-packages/airflow/example_dags/example_setup_teardown.py
[2025-05-27T19:39:34.169+0530] {logging_mixin.py:188} INFO - [2025-05-27T19:39:34.169+0530] {dag.py:3036} INFO - Sync 1 DAGs
[2025-05-27T19:39:34.181+0530] {logging_mixin.py:188} INFO - [2025-05-27T19:39:34.181+0530] {dag.py:3823} INFO - Setting next_dagrun for example_setup_teardown to 2025-05-26 00:00:00+00:00, run_after=2025-05-27 00:00:00+00:00
[2025-05-27T19:39:34.194+0530] {processor.py:183} INFO - Processing /Users/zafarimam/Documents/E-Commerce Order Pipeline/airflow_venv_39/lib/python3.9/site-packages/airflow/example_dags/example_setup_teardown.py took 0.113 seconds
[2025-05-27T19:41:12.931+0530] {processor.py:161} INFO - Started process (PID=28631) to work on /Users/zafarimam/Documents/E-Commerce Order Pipeline/airflow_venv_39/lib/python3.9/site-packages/airflow/example_dags/example_setup_teardown.py
[2025-05-27T19:41:12.931+0530] {processor.py:830} INFO - Processing file /Users/zafarimam/Documents/E-Commerce Order Pipeline/airflow_venv_39/lib/python3.9/site-packages/airflow/example_dags/example_setup_teardown.py for tasks to queue
[2025-05-27T19:41:12.932+0530] {logging_mixin.py:188} INFO - [2025-05-27T19:41:12.932+0530] {dagbag.py:538} INFO - Filling up the DagBag from /Users/zafarimam/Documents/E-Commerce Order Pipeline/airflow_venv_39/lib/python3.9/site-packages/airflow/example_dags/example_setup_teardown.py
[2025-05-27T19:41:12.938+0530] {processor.py:840} INFO - DAG(s) 'example_setup_teardown' retrieved from /Users/zafarimam/Documents/E-Commerce Order Pipeline/airflow_venv_39/lib/python3.9/site-packages/airflow/example_dags/example_setup_teardown.py
[2025-05-27T19:41:13.018+0530] {logging_mixin.py:188} INFO - [2025-05-27T19:41:13.018+0530] {dag.py:3036} INFO - Sync 1 DAGs
[2025-05-27T19:41:13.030+0530] {logging_mixin.py:188} INFO - [2025-05-27T19:41:13.030+0530] {dag.py:3823} INFO - Setting next_dagrun for example_setup_teardown to 2025-05-26 00:00:00+00:00, run_after=2025-05-27 00:00:00+00:00
[2025-05-27T19:41:13.047+0530] {processor.py:183} INFO - Processing /Users/zafarimam/Documents/E-Commerce Order Pipeline/airflow_venv_39/lib/python3.9/site-packages/airflow/example_dags/example_setup_teardown.py took 0.118 seconds
[2025-05-27T19:42:54.252+0530] {processor.py:161} INFO - Started process (PID=28684) to work on /Users/zafarimam/Documents/E-Commerce Order Pipeline/airflow_venv_39/lib/python3.9/site-packages/airflow/example_dags/example_setup_teardown.py
[2025-05-27T19:42:54.253+0530] {processor.py:830} INFO - Processing file /Users/zafarimam/Documents/E-Commerce Order Pipeline/airflow_venv_39/lib/python3.9/site-packages/airflow/example_dags/example_setup_teardown.py for tasks to queue
[2025-05-27T19:42:54.254+0530] {logging_mixin.py:188} INFO - [2025-05-27T19:42:54.254+0530] {dagbag.py:538} INFO - Filling up the DagBag from /Users/zafarimam/Documents/E-Commerce Order Pipeline/airflow_venv_39/lib/python3.9/site-packages/airflow/example_dags/example_setup_teardown.py
[2025-05-27T19:42:54.261+0530] {processor.py:840} INFO - DAG(s) 'example_setup_teardown' retrieved from /Users/zafarimam/Documents/E-Commerce Order Pipeline/airflow_venv_39/lib/python3.9/site-packages/airflow/example_dags/example_setup_teardown.py
[2025-05-27T19:42:54.338+0530] {logging_mixin.py:188} INFO - [2025-05-27T19:42:54.338+0530] {dag.py:3036} INFO - Sync 1 DAGs
[2025-05-27T19:42:54.350+0530] {logging_mixin.py:188} INFO - [2025-05-27T19:42:54.349+0530] {dag.py:3823} INFO - Setting next_dagrun for example_setup_teardown to 2025-05-26 00:00:00+00:00, run_after=2025-05-27 00:00:00+00:00
[2025-05-27T19:42:54.367+0530] {processor.py:183} INFO - Processing /Users/zafarimam/Documents/E-Commerce Order Pipeline/airflow_venv_39/lib/python3.9/site-packages/airflow/example_dags/example_setup_teardown.py took 0.116 seconds
[2025-05-27T19:44:53.378+0530] {processor.py:161} INFO - Started process (PID=28800) to work on /Users/zafarimam/Documents/E-Commerce Order Pipeline/airflow_venv_39/lib/python3.9/site-packages/airflow/example_dags/example_setup_teardown.py
[2025-05-27T19:44:53.379+0530] {processor.py:830} INFO - Processing file /Users/zafarimam/Documents/E-Commerce Order Pipeline/airflow_venv_39/lib/python3.9/site-packages/airflow/example_dags/example_setup_teardown.py for tasks to queue
[2025-05-27T19:44:53.380+0530] {logging_mixin.py:188} INFO - [2025-05-27T19:44:53.380+0530] {dagbag.py:538} INFO - Filling up the DagBag from /Users/zafarimam/Documents/E-Commerce Order Pipeline/airflow_venv_39/lib/python3.9/site-packages/airflow/example_dags/example_setup_teardown.py
[2025-05-27T19:44:53.388+0530] {processor.py:840} INFO - DAG(s) 'example_setup_teardown' retrieved from /Users/zafarimam/Documents/E-Commerce Order Pipeline/airflow_venv_39/lib/python3.9/site-packages/airflow/example_dags/example_setup_teardown.py
[2025-05-27T19:44:53.476+0530] {logging_mixin.py:188} INFO - [2025-05-27T19:44:53.476+0530] {dag.py:3036} INFO - Sync 1 DAGs
[2025-05-27T19:44:53.489+0530] {logging_mixin.py:188} INFO - [2025-05-27T19:44:53.489+0530] {dag.py:3823} INFO - Setting next_dagrun for example_setup_teardown to 2025-05-26 00:00:00+00:00, run_after=2025-05-27 00:00:00+00:00
[2025-05-27T19:44:53.502+0530] {processor.py:183} INFO - Processing /Users/zafarimam/Documents/E-Commerce Order Pipeline/airflow_venv_39/lib/python3.9/site-packages/airflow/example_dags/example_setup_teardown.py took 0.125 seconds
[2025-05-27T19:46:51.313+0530] {processor.py:161} INFO - Started process (PID=28886) to work on /Users/zafarimam/Documents/E-Commerce Order Pipeline/airflow_venv_39/lib/python3.9/site-packages/airflow/example_dags/example_setup_teardown.py
[2025-05-27T19:46:51.314+0530] {processor.py:830} INFO - Processing file /Users/zafarimam/Documents/E-Commerce Order Pipeline/airflow_venv_39/lib/python3.9/site-packages/airflow/example_dags/example_setup_teardown.py for tasks to queue
[2025-05-27T19:46:51.315+0530] {logging_mixin.py:188} INFO - [2025-05-27T19:46:51.315+0530] {dagbag.py:538} INFO - Filling up the DagBag from /Users/zafarimam/Documents/E-Commerce Order Pipeline/airflow_venv_39/lib/python3.9/site-packages/airflow/example_dags/example_setup_teardown.py
[2025-05-27T19:46:51.323+0530] {processor.py:840} INFO - DAG(s) 'example_setup_teardown' retrieved from /Users/zafarimam/Documents/E-Commerce Order Pipeline/airflow_venv_39/lib/python3.9/site-packages/airflow/example_dags/example_setup_teardown.py
[2025-05-27T19:46:51.414+0530] {logging_mixin.py:188} INFO - [2025-05-27T19:46:51.413+0530] {dag.py:3036} INFO - Sync 1 DAGs
[2025-05-27T19:46:51.426+0530] {logging_mixin.py:188} INFO - [2025-05-27T19:46:51.426+0530] {dag.py:3823} INFO - Setting next_dagrun for example_setup_teardown to 2025-05-26 00:00:00+00:00, run_after=2025-05-27 00:00:00+00:00
[2025-05-27T19:46:51.439+0530] {processor.py:183} INFO - Processing /Users/zafarimam/Documents/E-Commerce Order Pipeline/airflow_venv_39/lib/python3.9/site-packages/airflow/example_dags/example_setup_teardown.py took 0.128 seconds
[2025-05-27T19:48:34.650+0530] {processor.py:161} INFO - Started process (PID=28949) to work on /Users/zafarimam/Documents/E-Commerce Order Pipeline/airflow_venv_39/lib/python3.9/site-packages/airflow/example_dags/example_setup_teardown.py
[2025-05-27T19:48:34.651+0530] {processor.py:830} INFO - Processing file /Users/zafarimam/Documents/E-Commerce Order Pipeline/airflow_venv_39/lib/python3.9/site-packages/airflow/example_dags/example_setup_teardown.py for tasks to queue
[2025-05-27T19:48:34.651+0530] {logging_mixin.py:188} INFO - [2025-05-27T19:48:34.651+0530] {dagbag.py:538} INFO - Filling up the DagBag from /Users/zafarimam/Documents/E-Commerce Order Pipeline/airflow_venv_39/lib/python3.9/site-packages/airflow/example_dags/example_setup_teardown.py
[2025-05-27T19:48:34.659+0530] {processor.py:840} INFO - DAG(s) 'example_setup_teardown' retrieved from /Users/zafarimam/Documents/E-Commerce Order Pipeline/airflow_venv_39/lib/python3.9/site-packages/airflow/example_dags/example_setup_teardown.py
[2025-05-27T19:48:34.741+0530] {logging_mixin.py:188} INFO - [2025-05-27T19:48:34.741+0530] {dag.py:3036} INFO - Sync 1 DAGs
[2025-05-27T19:48:34.753+0530] {logging_mixin.py:188} INFO - [2025-05-27T19:48:34.753+0530] {dag.py:3823} INFO - Setting next_dagrun for example_setup_teardown to 2025-05-26 00:00:00+00:00, run_after=2025-05-27 00:00:00+00:00
[2025-05-27T19:48:34.771+0530] {processor.py:183} INFO - Processing /Users/zafarimam/Documents/E-Commerce Order Pipeline/airflow_venv_39/lib/python3.9/site-packages/airflow/example_dags/example_setup_teardown.py took 0.122 seconds
[2025-05-27T19:50:19.711+0530] {processor.py:161} INFO - Started process (PID=29030) to work on /Users/zafarimam/Documents/E-Commerce Order Pipeline/airflow_venv_39/lib/python3.9/site-packages/airflow/example_dags/example_setup_teardown.py
[2025-05-27T19:50:19.712+0530] {processor.py:830} INFO - Processing file /Users/zafarimam/Documents/E-Commerce Order Pipeline/airflow_venv_39/lib/python3.9/site-packages/airflow/example_dags/example_setup_teardown.py for tasks to queue
[2025-05-27T19:50:19.712+0530] {logging_mixin.py:188} INFO - [2025-05-27T19:50:19.712+0530] {dagbag.py:538} INFO - Filling up the DagBag from /Users/zafarimam/Documents/E-Commerce Order Pipeline/airflow_venv_39/lib/python3.9/site-packages/airflow/example_dags/example_setup_teardown.py
[2025-05-27T19:50:19.720+0530] {processor.py:840} INFO - DAG(s) 'example_setup_teardown' retrieved from /Users/zafarimam/Documents/E-Commerce Order Pipeline/airflow_venv_39/lib/python3.9/site-packages/airflow/example_dags/example_setup_teardown.py
[2025-05-27T19:50:19.802+0530] {logging_mixin.py:188} INFO - [2025-05-27T19:50:19.801+0530] {dag.py:3036} INFO - Sync 1 DAGs
[2025-05-27T19:50:19.814+0530] {logging_mixin.py:188} INFO - [2025-05-27T19:50:19.814+0530] {dag.py:3823} INFO - Setting next_dagrun for example_setup_teardown to 2025-05-26 00:00:00+00:00, run_after=2025-05-27 00:00:00+00:00
[2025-05-27T19:50:19.826+0530] {processor.py:183} INFO - Processing /Users/zafarimam/Documents/E-Commerce Order Pipeline/airflow_venv_39/lib/python3.9/site-packages/airflow/example_dags/example_setup_teardown.py took 0.117 seconds
[2025-05-27T19:52:08.686+0530] {processor.py:161} INFO - Started process (PID=29091) to work on /Users/zafarimam/Documents/E-Commerce Order Pipeline/airflow_venv_39/lib/python3.9/site-packages/airflow/example_dags/example_setup_teardown.py
[2025-05-27T19:52:08.688+0530] {processor.py:830} INFO - Processing file /Users/zafarimam/Documents/E-Commerce Order Pipeline/airflow_venv_39/lib/python3.9/site-packages/airflow/example_dags/example_setup_teardown.py for tasks to queue
[2025-05-27T19:52:08.689+0530] {logging_mixin.py:188} INFO - [2025-05-27T19:52:08.689+0530] {dagbag.py:538} INFO - Filling up the DagBag from /Users/zafarimam/Documents/E-Commerce Order Pipeline/airflow_venv_39/lib/python3.9/site-packages/airflow/example_dags/example_setup_teardown.py
[2025-05-27T19:52:08.697+0530] {processor.py:840} INFO - DAG(s) 'example_setup_teardown' retrieved from /Users/zafarimam/Documents/E-Commerce Order Pipeline/airflow_venv_39/lib/python3.9/site-packages/airflow/example_dags/example_setup_teardown.py
[2025-05-27T19:52:08.780+0530] {logging_mixin.py:188} INFO - [2025-05-27T19:52:08.780+0530] {dag.py:3036} INFO - Sync 1 DAGs
[2025-05-27T19:52:08.794+0530] {logging_mixin.py:188} INFO - [2025-05-27T19:52:08.793+0530] {dag.py:3823} INFO - Setting next_dagrun for example_setup_teardown to 2025-05-26 00:00:00+00:00, run_after=2025-05-27 00:00:00+00:00
[2025-05-27T19:52:08.807+0530] {processor.py:183} INFO - Processing /Users/zafarimam/Documents/E-Commerce Order Pipeline/airflow_venv_39/lib/python3.9/site-packages/airflow/example_dags/example_setup_teardown.py took 0.122 seconds
