[2025-05-27T17:38:05.487+0530] {processor.py:161} INFO - Started process (PID=22809) to work on /Users/zafarimam/Documents/E-Commerce Order Pipeline/airflow_venv_39/lib/python3.9/site-packages/airflow/example_dags/example_time_delta_sensor_async.py
[2025-05-27T17:38:05.488+0530] {processor.py:830} INFO - Processing file /Users/zafarimam/Documents/E-Commerce Order Pipeline/airflow_venv_39/lib/python3.9/site-packages/airflow/example_dags/example_time_delta_sensor_async.py for tasks to queue
[2025-05-27T17:38:05.489+0530] {logging_mixin.py:188} INFO - [2025-05-27T17:38:05.488+0530] {dagbag.py:538} INFO - Filling up the DagBag from /Users/zafarimam/Documents/E-Commerce Order Pipeline/airflow_venv_39/lib/python3.9/site-packages/airflow/example_dags/example_time_delta_sensor_async.py
[2025-05-27T17:38:05.497+0530] {processor.py:840} INFO - DAG(s) 'example_time_delta_sensor_async' retrieved from /Users/zafarimam/Documents/E-Commerce Order Pipeline/airflow_venv_39/lib/python3.9/site-packages/airflow/example_dags/example_time_delta_sensor_async.py
[2025-05-27T17:38:05.652+0530] {logging_mixin.py:188} INFO - [2025-05-27T17:38:05.652+0530] {dag.py:3036} INFO - Sync 1 DAGs
[2025-05-27T17:38:05.659+0530] {logging_mixin.py:188} INFO - [2025-05-27T17:38:05.659+0530] {dag.py:3823} INFO - Setting next_dagrun for example_time_delta_sensor_async to None, run_after=None
[2025-05-27T17:38:05.672+0530] {processor.py:183} INFO - Processing /Users/zafarimam/Documents/E-Commerce Order Pipeline/airflow_venv_39/lib/python3.9/site-packages/airflow/example_dags/example_time_delta_sensor_async.py took 0.186 seconds
[2025-05-27T17:40:10.588+0530] {processor.py:161} INFO - Started process (PID=22900) to work on /Users/zafarimam/Documents/E-Commerce Order Pipeline/airflow_venv_39/lib/python3.9/site-packages/airflow/example_dags/example_time_delta_sensor_async.py
[2025-05-27T17:40:10.590+0530] {processor.py:830} INFO - Processing file /Users/zafarimam/Documents/E-Commerce Order Pipeline/airflow_venv_39/lib/python3.9/site-packages/airflow/example_dags/example_time_delta_sensor_async.py for tasks to queue
[2025-05-27T17:40:10.590+0530] {logging_mixin.py:188} INFO - [2025-05-27T17:40:10.590+0530] {dagbag.py:538} INFO - Filling up the DagBag from /Users/zafarimam/Documents/E-Commerce Order Pipeline/airflow_venv_39/lib/python3.9/site-packages/airflow/example_dags/example_time_delta_sensor_async.py
[2025-05-27T17:40:10.600+0530] {processor.py:840} INFO - DAG(s) 'example_time_delta_sensor_async' retrieved from /Users/zafarimam/Documents/E-Commerce Order Pipeline/airflow_venv_39/lib/python3.9/site-packages/airflow/example_dags/example_time_delta_sensor_async.py
[2025-05-27T17:40:10.704+0530] {logging_mixin.py:188} INFO - [2025-05-27T17:40:10.704+0530] {dag.py:3036} INFO - Sync 1 DAGs
[2025-05-27T17:40:10.712+0530] {logging_mixin.py:188} INFO - [2025-05-27T17:40:10.712+0530] {dag.py:3823} INFO - Setting next_dagrun for example_time_delta_sensor_async to None, run_after=None
[2025-05-27T17:40:10.728+0530] {processor.py:183} INFO - Processing /Users/zafarimam/Documents/E-Commerce Order Pipeline/airflow_venv_39/lib/python3.9/site-packages/airflow/example_dags/example_time_delta_sensor_async.py took 0.142 seconds
[2025-05-27T17:42:10.808+0530] {processor.py:161} INFO - Started process (PID=22964) to work on /Users/zafarimam/Documents/E-Commerce Order Pipeline/airflow_venv_39/lib/python3.9/site-packages/airflow/example_dags/example_time_delta_sensor_async.py
[2025-05-27T17:42:10.809+0530] {processor.py:830} INFO - Processing file /Users/zafarimam/Documents/E-Commerce Order Pipeline/airflow_venv_39/lib/python3.9/site-packages/airflow/example_dags/example_time_delta_sensor_async.py for tasks to queue
[2025-05-27T17:42:10.810+0530] {logging_mixin.py:188} INFO - [2025-05-27T17:42:10.810+0530] {dagbag.py:538} INFO - Filling up the DagBag from /Users/zafarimam/Documents/E-Commerce Order Pipeline/airflow_venv_39/lib/python3.9/site-packages/airflow/example_dags/example_time_delta_sensor_async.py
[2025-05-27T17:42:10.819+0530] {processor.py:840} INFO - DAG(s) 'example_time_delta_sensor_async' retrieved from /Users/zafarimam/Documents/E-Commerce Order Pipeline/airflow_venv_39/lib/python3.9/site-packages/airflow/example_dags/example_time_delta_sensor_async.py
[2025-05-27T17:42:10.912+0530] {logging_mixin.py:188} INFO - [2025-05-27T17:42:10.912+0530] {dag.py:3036} INFO - Sync 1 DAGs
[2025-05-27T17:42:10.919+0530] {logging_mixin.py:188} INFO - [2025-05-27T17:42:10.919+0530] {dag.py:3823} INFO - Setting next_dagrun for example_time_delta_sensor_async to None, run_after=None
[2025-05-27T17:42:10.932+0530] {processor.py:183} INFO - Processing /Users/zafarimam/Documents/E-Commerce Order Pipeline/airflow_venv_39/lib/python3.9/site-packages/airflow/example_dags/example_time_delta_sensor_async.py took 0.126 seconds
[2025-05-27T17:43:59.562+0530] {processor.py:161} INFO - Started process (PID=23025) to work on /Users/zafarimam/Documents/E-Commerce Order Pipeline/airflow_venv_39/lib/python3.9/site-packages/airflow/example_dags/example_time_delta_sensor_async.py
[2025-05-27T17:43:59.564+0530] {processor.py:830} INFO - Processing file /Users/zafarimam/Documents/E-Commerce Order Pipeline/airflow_venv_39/lib/python3.9/site-packages/airflow/example_dags/example_time_delta_sensor_async.py for tasks to queue
[2025-05-27T17:43:59.565+0530] {logging_mixin.py:188} INFO - [2025-05-27T17:43:59.565+0530] {dagbag.py:538} INFO - Filling up the DagBag from /Users/zafarimam/Documents/E-Commerce Order Pipeline/airflow_venv_39/lib/python3.9/site-packages/airflow/example_dags/example_time_delta_sensor_async.py
[2025-05-27T17:43:59.574+0530] {processor.py:840} INFO - DAG(s) 'example_time_delta_sensor_async' retrieved from /Users/zafarimam/Documents/E-Commerce Order Pipeline/airflow_venv_39/lib/python3.9/site-packages/airflow/example_dags/example_time_delta_sensor_async.py
[2025-05-27T17:43:59.668+0530] {logging_mixin.py:188} INFO - [2025-05-27T17:43:59.667+0530] {dag.py:3036} INFO - Sync 1 DAGs
[2025-05-27T17:43:59.674+0530] {logging_mixin.py:188} INFO - [2025-05-27T17:43:59.674+0530] {dag.py:3823} INFO - Setting next_dagrun for example_time_delta_sensor_async to None, run_after=None
[2025-05-27T17:43:59.693+0530] {processor.py:183} INFO - Processing /Users/zafarimam/Documents/E-Commerce Order Pipeline/airflow_venv_39/lib/python3.9/site-packages/airflow/example_dags/example_time_delta_sensor_async.py took 0.132 seconds
[2025-05-27T17:50:53.842+0530] {processor.py:161} INFO - Started process (PID=23114) to work on /Users/zafarimam/Documents/E-Commerce Order Pipeline/airflow_venv_39/lib/python3.9/site-packages/airflow/example_dags/example_time_delta_sensor_async.py
[2025-05-27T17:50:53.844+0530] {processor.py:830} INFO - Processing file /Users/zafarimam/Documents/E-Commerce Order Pipeline/airflow_venv_39/lib/python3.9/site-packages/airflow/example_dags/example_time_delta_sensor_async.py for tasks to queue
[2025-05-27T17:50:53.845+0530] {logging_mixin.py:188} INFO - [2025-05-27T17:50:53.844+0530] {dagbag.py:538} INFO - Filling up the DagBag from /Users/zafarimam/Documents/E-Commerce Order Pipeline/airflow_venv_39/lib/python3.9/site-packages/airflow/example_dags/example_time_delta_sensor_async.py
[2025-05-27T17:50:53.854+0530] {processor.py:840} INFO - DAG(s) 'example_time_delta_sensor_async' retrieved from /Users/zafarimam/Documents/E-Commerce Order Pipeline/airflow_venv_39/lib/python3.9/site-packages/airflow/example_dags/example_time_delta_sensor_async.py
[2025-05-27T17:50:53.958+0530] {logging_mixin.py:188} INFO - [2025-05-27T17:50:53.957+0530] {dag.py:3036} INFO - Sync 1 DAGs
[2025-05-27T17:50:53.965+0530] {logging_mixin.py:188} INFO - [2025-05-27T17:50:53.965+0530] {dag.py:3823} INFO - Setting next_dagrun for example_time_delta_sensor_async to None, run_after=None
[2025-05-27T17:50:53.981+0530] {processor.py:183} INFO - Processing /Users/zafarimam/Documents/E-Commerce Order Pipeline/airflow_venv_39/lib/python3.9/site-packages/airflow/example_dags/example_time_delta_sensor_async.py took 0.140 seconds
[2025-05-27T17:52:49.917+0530] {processor.py:161} INFO - Started process (PID=23402) to work on /Users/zafarimam/Documents/E-Commerce Order Pipeline/airflow_venv_39/lib/python3.9/site-packages/airflow/example_dags/example_time_delta_sensor_async.py
[2025-05-27T17:52:49.918+0530] {processor.py:830} INFO - Processing file /Users/zafarimam/Documents/E-Commerce Order Pipeline/airflow_venv_39/lib/python3.9/site-packages/airflow/example_dags/example_time_delta_sensor_async.py for tasks to queue
[2025-05-27T17:52:49.918+0530] {logging_mixin.py:188} INFO - [2025-05-27T17:52:49.918+0530] {dagbag.py:538} INFO - Filling up the DagBag from /Users/zafarimam/Documents/E-Commerce Order Pipeline/airflow_venv_39/lib/python3.9/site-packages/airflow/example_dags/example_time_delta_sensor_async.py
[2025-05-27T17:52:49.927+0530] {processor.py:840} INFO - DAG(s) 'example_time_delta_sensor_async' retrieved from /Users/zafarimam/Documents/E-Commerce Order Pipeline/airflow_venv_39/lib/python3.9/site-packages/airflow/example_dags/example_time_delta_sensor_async.py
[2025-05-27T17:52:50.032+0530] {logging_mixin.py:188} INFO - [2025-05-27T17:52:50.031+0530] {dag.py:3036} INFO - Sync 1 DAGs
[2025-05-27T17:52:50.039+0530] {logging_mixin.py:188} INFO - [2025-05-27T17:52:50.039+0530] {dag.py:3823} INFO - Setting next_dagrun for example_time_delta_sensor_async to None, run_after=None
[2025-05-27T17:52:50.055+0530] {processor.py:183} INFO - Processing /Users/zafarimam/Documents/E-Commerce Order Pipeline/airflow_venv_39/lib/python3.9/site-packages/airflow/example_dags/example_time_delta_sensor_async.py took 0.140 seconds
[2025-05-27T17:55:26.063+0530] {processor.py:161} INFO - Started process (PID=24048) to work on /Users/zafarimam/Documents/E-Commerce Order Pipeline/airflow_venv_39/lib/python3.9/site-packages/airflow/example_dags/example_time_delta_sensor_async.py
[2025-05-27T17:55:26.064+0530] {processor.py:830} INFO - Processing file /Users/zafarimam/Documents/E-Commerce Order Pipeline/airflow_venv_39/lib/python3.9/site-packages/airflow/example_dags/example_time_delta_sensor_async.py for tasks to queue
[2025-05-27T17:55:26.065+0530] {logging_mixin.py:188} INFO - [2025-05-27T17:55:26.065+0530] {dagbag.py:538} INFO - Filling up the DagBag from /Users/zafarimam/Documents/E-Commerce Order Pipeline/airflow_venv_39/lib/python3.9/site-packages/airflow/example_dags/example_time_delta_sensor_async.py
[2025-05-27T17:55:26.073+0530] {processor.py:840} INFO - DAG(s) 'example_time_delta_sensor_async' retrieved from /Users/zafarimam/Documents/E-Commerce Order Pipeline/airflow_venv_39/lib/python3.9/site-packages/airflow/example_dags/example_time_delta_sensor_async.py
[2025-05-27T17:55:26.227+0530] {logging_mixin.py:188} INFO - [2025-05-27T17:55:26.226+0530] {dag.py:3036} INFO - Sync 1 DAGs
[2025-05-27T17:55:26.232+0530] {logging_mixin.py:188} INFO - [2025-05-27T17:55:26.232+0530] {dag.py:3823} INFO - Setting next_dagrun for example_time_delta_sensor_async to None, run_after=None
[2025-05-27T17:55:26.248+0530] {processor.py:183} INFO - Processing /Users/zafarimam/Documents/E-Commerce Order Pipeline/airflow_venv_39/lib/python3.9/site-packages/airflow/example_dags/example_time_delta_sensor_async.py took 0.186 seconds
[2025-05-27T17:57:33.892+0530] {processor.py:161} INFO - Started process (PID=24255) to work on /Users/zafarimam/Documents/E-Commerce Order Pipeline/airflow_venv_39/lib/python3.9/site-packages/airflow/example_dags/example_time_delta_sensor_async.py
[2025-05-27T17:57:33.893+0530] {processor.py:830} INFO - Processing file /Users/zafarimam/Documents/E-Commerce Order Pipeline/airflow_venv_39/lib/python3.9/site-packages/airflow/example_dags/example_time_delta_sensor_async.py for tasks to queue
[2025-05-27T17:57:33.893+0530] {logging_mixin.py:188} INFO - [2025-05-27T17:57:33.893+0530] {dagbag.py:538} INFO - Filling up the DagBag from /Users/zafarimam/Documents/E-Commerce Order Pipeline/airflow_venv_39/lib/python3.9/site-packages/airflow/example_dags/example_time_delta_sensor_async.py
[2025-05-27T17:57:33.901+0530] {processor.py:840} INFO - DAG(s) 'example_time_delta_sensor_async' retrieved from /Users/zafarimam/Documents/E-Commerce Order Pipeline/airflow_venv_39/lib/python3.9/site-packages/airflow/example_dags/example_time_delta_sensor_async.py
[2025-05-27T17:57:34.000+0530] {logging_mixin.py:188} INFO - [2025-05-27T17:57:34.000+0530] {dag.py:3036} INFO - Sync 1 DAGs
[2025-05-27T17:57:34.008+0530] {logging_mixin.py:188} INFO - [2025-05-27T17:57:34.007+0530] {dag.py:3823} INFO - Setting next_dagrun for example_time_delta_sensor_async to None, run_after=None
[2025-05-27T17:57:34.023+0530] {processor.py:183} INFO - Processing /Users/zafarimam/Documents/E-Commerce Order Pipeline/airflow_venv_39/lib/python3.9/site-packages/airflow/example_dags/example_time_delta_sensor_async.py took 0.132 seconds
[2025-05-27T18:01:48.411+0530] {processor.py:161} INFO - Started process (PID=24984) to work on /Users/zafarimam/Documents/E-Commerce Order Pipeline/airflow_venv_39/lib/python3.9/site-packages/airflow/example_dags/example_time_delta_sensor_async.py
[2025-05-27T18:01:48.412+0530] {processor.py:830} INFO - Processing file /Users/zafarimam/Documents/E-Commerce Order Pipeline/airflow_venv_39/lib/python3.9/site-packages/airflow/example_dags/example_time_delta_sensor_async.py for tasks to queue
[2025-05-27T18:01:48.413+0530] {logging_mixin.py:188} INFO - [2025-05-27T18:01:48.413+0530] {dagbag.py:538} INFO - Filling up the DagBag from /Users/zafarimam/Documents/E-Commerce Order Pipeline/airflow_venv_39/lib/python3.9/site-packages/airflow/example_dags/example_time_delta_sensor_async.py
[2025-05-27T18:01:48.421+0530] {processor.py:840} INFO - DAG(s) 'example_time_delta_sensor_async' retrieved from /Users/zafarimam/Documents/E-Commerce Order Pipeline/airflow_venv_39/lib/python3.9/site-packages/airflow/example_dags/example_time_delta_sensor_async.py
[2025-05-27T18:01:48.534+0530] {logging_mixin.py:188} INFO - [2025-05-27T18:01:48.534+0530] {dag.py:3036} INFO - Sync 1 DAGs
[2025-05-27T18:01:48.543+0530] {logging_mixin.py:188} INFO - [2025-05-27T18:01:48.543+0530] {dag.py:3823} INFO - Setting next_dagrun for example_time_delta_sensor_async to None, run_after=None
[2025-05-27T18:01:48.561+0530] {processor.py:183} INFO - Processing /Users/zafarimam/Documents/E-Commerce Order Pipeline/airflow_venv_39/lib/python3.9/site-packages/airflow/example_dags/example_time_delta_sensor_async.py took 0.152 seconds
[2025-05-27T18:05:54.826+0530] {processor.py:161} INFO - Started process (PID=25094) to work on /Users/zafarimam/Documents/E-Commerce Order Pipeline/airflow_venv_39/lib/python3.9/site-packages/airflow/example_dags/example_time_delta_sensor_async.py
[2025-05-27T18:05:54.827+0530] {processor.py:830} INFO - Processing file /Users/zafarimam/Documents/E-Commerce Order Pipeline/airflow_venv_39/lib/python3.9/site-packages/airflow/example_dags/example_time_delta_sensor_async.py for tasks to queue
[2025-05-27T18:05:54.828+0530] {logging_mixin.py:188} INFO - [2025-05-27T18:05:54.828+0530] {dagbag.py:538} INFO - Filling up the DagBag from /Users/zafarimam/Documents/E-Commerce Order Pipeline/airflow_venv_39/lib/python3.9/site-packages/airflow/example_dags/example_time_delta_sensor_async.py
[2025-05-27T18:05:54.836+0530] {processor.py:840} INFO - DAG(s) 'example_time_delta_sensor_async' retrieved from /Users/zafarimam/Documents/E-Commerce Order Pipeline/airflow_venv_39/lib/python3.9/site-packages/airflow/example_dags/example_time_delta_sensor_async.py
[2025-05-27T18:05:54.940+0530] {logging_mixin.py:188} INFO - [2025-05-27T18:05:54.940+0530] {dag.py:3036} INFO - Sync 1 DAGs
[2025-05-27T18:05:54.948+0530] {logging_mixin.py:188} INFO - [2025-05-27T18:05:54.948+0530] {dag.py:3823} INFO - Setting next_dagrun for example_time_delta_sensor_async to None, run_after=None
[2025-05-27T18:05:54.966+0530] {processor.py:183} INFO - Processing /Users/zafarimam/Documents/E-Commerce Order Pipeline/airflow_venv_39/lib/python3.9/site-packages/airflow/example_dags/example_time_delta_sensor_async.py took 0.142 seconds
[2025-05-27T18:07:59.142+0530] {processor.py:161} INFO - Started process (PID=25158) to work on /Users/zafarimam/Documents/E-Commerce Order Pipeline/airflow_venv_39/lib/python3.9/site-packages/airflow/example_dags/example_time_delta_sensor_async.py
[2025-05-27T18:07:59.143+0530] {processor.py:830} INFO - Processing file /Users/zafarimam/Documents/E-Commerce Order Pipeline/airflow_venv_39/lib/python3.9/site-packages/airflow/example_dags/example_time_delta_sensor_async.py for tasks to queue
[2025-05-27T18:07:59.144+0530] {logging_mixin.py:188} INFO - [2025-05-27T18:07:59.144+0530] {dagbag.py:538} INFO - Filling up the DagBag from /Users/zafarimam/Documents/E-Commerce Order Pipeline/airflow_venv_39/lib/python3.9/site-packages/airflow/example_dags/example_time_delta_sensor_async.py
[2025-05-27T18:07:59.152+0530] {processor.py:840} INFO - DAG(s) 'example_time_delta_sensor_async' retrieved from /Users/zafarimam/Documents/E-Commerce Order Pipeline/airflow_venv_39/lib/python3.9/site-packages/airflow/example_dags/example_time_delta_sensor_async.py
[2025-05-27T18:07:59.249+0530] {logging_mixin.py:188} INFO - [2025-05-27T18:07:59.249+0530] {dag.py:3036} INFO - Sync 1 DAGs
[2025-05-27T18:07:59.257+0530] {logging_mixin.py:188} INFO - [2025-05-27T18:07:59.257+0530] {dag.py:3823} INFO - Setting next_dagrun for example_time_delta_sensor_async to None, run_after=None
[2025-05-27T18:07:59.274+0530] {processor.py:183} INFO - Processing /Users/zafarimam/Documents/E-Commerce Order Pipeline/airflow_venv_39/lib/python3.9/site-packages/airflow/example_dags/example_time_delta_sensor_async.py took 0.133 seconds
[2025-05-27T18:09:57.764+0530] {processor.py:161} INFO - Started process (PID=25219) to work on /Users/zafarimam/Documents/E-Commerce Order Pipeline/airflow_venv_39/lib/python3.9/site-packages/airflow/example_dags/example_time_delta_sensor_async.py
[2025-05-27T18:09:57.765+0530] {processor.py:830} INFO - Processing file /Users/zafarimam/Documents/E-Commerce Order Pipeline/airflow_venv_39/lib/python3.9/site-packages/airflow/example_dags/example_time_delta_sensor_async.py for tasks to queue
[2025-05-27T18:09:57.766+0530] {logging_mixin.py:188} INFO - [2025-05-27T18:09:57.766+0530] {dagbag.py:538} INFO - Filling up the DagBag from /Users/zafarimam/Documents/E-Commerce Order Pipeline/airflow_venv_39/lib/python3.9/site-packages/airflow/example_dags/example_time_delta_sensor_async.py
[2025-05-27T18:09:57.774+0530] {processor.py:840} INFO - DAG(s) 'example_time_delta_sensor_async' retrieved from /Users/zafarimam/Documents/E-Commerce Order Pipeline/airflow_venv_39/lib/python3.9/site-packages/airflow/example_dags/example_time_delta_sensor_async.py
[2025-05-27T18:09:57.869+0530] {logging_mixin.py:188} INFO - [2025-05-27T18:09:57.869+0530] {dag.py:3036} INFO - Sync 1 DAGs
[2025-05-27T18:09:57.875+0530] {logging_mixin.py:188} INFO - [2025-05-27T18:09:57.875+0530] {dag.py:3823} INFO - Setting next_dagrun for example_time_delta_sensor_async to None, run_after=None
[2025-05-27T18:09:57.889+0530] {processor.py:183} INFO - Processing /Users/zafarimam/Documents/E-Commerce Order Pipeline/airflow_venv_39/lib/python3.9/site-packages/airflow/example_dags/example_time_delta_sensor_async.py took 0.126 seconds
[2025-05-27T18:11:43.225+0530] {processor.py:161} INFO - Started process (PID=25276) to work on /Users/zafarimam/Documents/E-Commerce Order Pipeline/airflow_venv_39/lib/python3.9/site-packages/airflow/example_dags/example_time_delta_sensor_async.py
[2025-05-27T18:11:43.226+0530] {processor.py:830} INFO - Processing file /Users/zafarimam/Documents/E-Commerce Order Pipeline/airflow_venv_39/lib/python3.9/site-packages/airflow/example_dags/example_time_delta_sensor_async.py for tasks to queue
[2025-05-27T18:11:43.227+0530] {logging_mixin.py:188} INFO - [2025-05-27T18:11:43.226+0530] {dagbag.py:538} INFO - Filling up the DagBag from /Users/zafarimam/Documents/E-Commerce Order Pipeline/airflow_venv_39/lib/python3.9/site-packages/airflow/example_dags/example_time_delta_sensor_async.py
[2025-05-27T18:11:43.234+0530] {processor.py:840} INFO - DAG(s) 'example_time_delta_sensor_async' retrieved from /Users/zafarimam/Documents/E-Commerce Order Pipeline/airflow_venv_39/lib/python3.9/site-packages/airflow/example_dags/example_time_delta_sensor_async.py
[2025-05-27T18:11:43.328+0530] {logging_mixin.py:188} INFO - [2025-05-27T18:11:43.328+0530] {dag.py:3036} INFO - Sync 1 DAGs
[2025-05-27T18:11:43.335+0530] {logging_mixin.py:188} INFO - [2025-05-27T18:11:43.335+0530] {dag.py:3823} INFO - Setting next_dagrun for example_time_delta_sensor_async to None, run_after=None
[2025-05-27T18:11:43.348+0530] {processor.py:183} INFO - Processing /Users/zafarimam/Documents/E-Commerce Order Pipeline/airflow_venv_39/lib/python3.9/site-packages/airflow/example_dags/example_time_delta_sensor_async.py took 0.124 seconds
[2025-05-27T18:13:43.527+0530] {processor.py:161} INFO - Started process (PID=25341) to work on /Users/zafarimam/Documents/E-Commerce Order Pipeline/airflow_venv_39/lib/python3.9/site-packages/airflow/example_dags/example_time_delta_sensor_async.py
[2025-05-27T18:13:43.528+0530] {processor.py:830} INFO - Processing file /Users/zafarimam/Documents/E-Commerce Order Pipeline/airflow_venv_39/lib/python3.9/site-packages/airflow/example_dags/example_time_delta_sensor_async.py for tasks to queue
[2025-05-27T18:13:43.529+0530] {logging_mixin.py:188} INFO - [2025-05-27T18:13:43.529+0530] {dagbag.py:538} INFO - Filling up the DagBag from /Users/zafarimam/Documents/E-Commerce Order Pipeline/airflow_venv_39/lib/python3.9/site-packages/airflow/example_dags/example_time_delta_sensor_async.py
[2025-05-27T18:13:43.537+0530] {processor.py:840} INFO - DAG(s) 'example_time_delta_sensor_async' retrieved from /Users/zafarimam/Documents/E-Commerce Order Pipeline/airflow_venv_39/lib/python3.9/site-packages/airflow/example_dags/example_time_delta_sensor_async.py
[2025-05-27T18:13:43.628+0530] {logging_mixin.py:188} INFO - [2025-05-27T18:13:43.628+0530] {dag.py:3036} INFO - Sync 1 DAGs
[2025-05-27T18:13:43.634+0530] {logging_mixin.py:188} INFO - [2025-05-27T18:13:43.634+0530] {dag.py:3823} INFO - Setting next_dagrun for example_time_delta_sensor_async to None, run_after=None
[2025-05-27T18:13:43.649+0530] {processor.py:183} INFO - Processing /Users/zafarimam/Documents/E-Commerce Order Pipeline/airflow_venv_39/lib/python3.9/site-packages/airflow/example_dags/example_time_delta_sensor_async.py took 0.123 seconds
[2025-05-27T18:15:33.266+0530] {processor.py:161} INFO - Started process (PID=25409) to work on /Users/zafarimam/Documents/E-Commerce Order Pipeline/airflow_venv_39/lib/python3.9/site-packages/airflow/example_dags/example_time_delta_sensor_async.py
[2025-05-27T18:15:33.268+0530] {processor.py:830} INFO - Processing file /Users/zafarimam/Documents/E-Commerce Order Pipeline/airflow_venv_39/lib/python3.9/site-packages/airflow/example_dags/example_time_delta_sensor_async.py for tasks to queue
[2025-05-27T18:15:33.269+0530] {logging_mixin.py:188} INFO - [2025-05-27T18:15:33.268+0530] {dagbag.py:538} INFO - Filling up the DagBag from /Users/zafarimam/Documents/E-Commerce Order Pipeline/airflow_venv_39/lib/python3.9/site-packages/airflow/example_dags/example_time_delta_sensor_async.py
[2025-05-27T18:15:33.276+0530] {processor.py:840} INFO - DAG(s) 'example_time_delta_sensor_async' retrieved from /Users/zafarimam/Documents/E-Commerce Order Pipeline/airflow_venv_39/lib/python3.9/site-packages/airflow/example_dags/example_time_delta_sensor_async.py
[2025-05-27T18:15:33.372+0530] {logging_mixin.py:188} INFO - [2025-05-27T18:15:33.372+0530] {dag.py:3036} INFO - Sync 1 DAGs
[2025-05-27T18:15:33.379+0530] {logging_mixin.py:188} INFO - [2025-05-27T18:15:33.379+0530] {dag.py:3823} INFO - Setting next_dagrun for example_time_delta_sensor_async to None, run_after=None
[2025-05-27T18:15:33.393+0530] {processor.py:183} INFO - Processing /Users/zafarimam/Documents/E-Commerce Order Pipeline/airflow_venv_39/lib/python3.9/site-packages/airflow/example_dags/example_time_delta_sensor_async.py took 0.128 seconds
[2025-05-27T18:17:17.231+0530] {processor.py:161} INFO - Started process (PID=25466) to work on /Users/zafarimam/Documents/E-Commerce Order Pipeline/airflow_venv_39/lib/python3.9/site-packages/airflow/example_dags/example_time_delta_sensor_async.py
[2025-05-27T18:17:17.232+0530] {processor.py:830} INFO - Processing file /Users/zafarimam/Documents/E-Commerce Order Pipeline/airflow_venv_39/lib/python3.9/site-packages/airflow/example_dags/example_time_delta_sensor_async.py for tasks to queue
[2025-05-27T18:17:17.233+0530] {logging_mixin.py:188} INFO - [2025-05-27T18:17:17.233+0530] {dagbag.py:538} INFO - Filling up the DagBag from /Users/zafarimam/Documents/E-Commerce Order Pipeline/airflow_venv_39/lib/python3.9/site-packages/airflow/example_dags/example_time_delta_sensor_async.py
[2025-05-27T18:17:17.241+0530] {processor.py:840} INFO - DAG(s) 'example_time_delta_sensor_async' retrieved from /Users/zafarimam/Documents/E-Commerce Order Pipeline/airflow_venv_39/lib/python3.9/site-packages/airflow/example_dags/example_time_delta_sensor_async.py
[2025-05-27T18:17:17.338+0530] {logging_mixin.py:188} INFO - [2025-05-27T18:17:17.337+0530] {dag.py:3036} INFO - Sync 1 DAGs
[2025-05-27T18:17:17.344+0530] {logging_mixin.py:188} INFO - [2025-05-27T18:17:17.344+0530] {dag.py:3823} INFO - Setting next_dagrun for example_time_delta_sensor_async to None, run_after=None
[2025-05-27T18:17:17.358+0530] {processor.py:183} INFO - Processing /Users/zafarimam/Documents/E-Commerce Order Pipeline/airflow_venv_39/lib/python3.9/site-packages/airflow/example_dags/example_time_delta_sensor_async.py took 0.128 seconds
[2025-05-27T18:21:48.827+0530] {processor.py:161} INFO - Started process (PID=25664) to work on /Users/zafarimam/Documents/E-Commerce Order Pipeline/airflow_venv_39/lib/python3.9/site-packages/airflow/example_dags/example_time_delta_sensor_async.py
[2025-05-27T18:21:48.829+0530] {processor.py:830} INFO - Processing file /Users/zafarimam/Documents/E-Commerce Order Pipeline/airflow_venv_39/lib/python3.9/site-packages/airflow/example_dags/example_time_delta_sensor_async.py for tasks to queue
[2025-05-27T18:21:48.830+0530] {logging_mixin.py:188} INFO - [2025-05-27T18:21:48.830+0530] {dagbag.py:538} INFO - Filling up the DagBag from /Users/zafarimam/Documents/E-Commerce Order Pipeline/airflow_venv_39/lib/python3.9/site-packages/airflow/example_dags/example_time_delta_sensor_async.py
[2025-05-27T18:21:48.838+0530] {processor.py:840} INFO - DAG(s) 'example_time_delta_sensor_async' retrieved from /Users/zafarimam/Documents/E-Commerce Order Pipeline/airflow_venv_39/lib/python3.9/site-packages/airflow/example_dags/example_time_delta_sensor_async.py
[2025-05-27T18:21:48.944+0530] {logging_mixin.py:188} INFO - [2025-05-27T18:21:48.944+0530] {dag.py:3036} INFO - Sync 1 DAGs
[2025-05-27T18:21:48.952+0530] {logging_mixin.py:188} INFO - [2025-05-27T18:21:48.952+0530] {dag.py:3823} INFO - Setting next_dagrun for example_time_delta_sensor_async to None, run_after=None
[2025-05-27T18:21:48.969+0530] {processor.py:183} INFO - Processing /Users/zafarimam/Documents/E-Commerce Order Pipeline/airflow_venv_39/lib/python3.9/site-packages/airflow/example_dags/example_time_delta_sensor_async.py took 0.142 seconds
[2025-05-27T18:24:13.503+0530] {processor.py:161} INFO - Started process (PID=25781) to work on /Users/zafarimam/Documents/E-Commerce Order Pipeline/airflow_venv_39/lib/python3.9/site-packages/airflow/example_dags/example_time_delta_sensor_async.py
[2025-05-27T18:24:13.505+0530] {processor.py:830} INFO - Processing file /Users/zafarimam/Documents/E-Commerce Order Pipeline/airflow_venv_39/lib/python3.9/site-packages/airflow/example_dags/example_time_delta_sensor_async.py for tasks to queue
[2025-05-27T18:24:13.505+0530] {logging_mixin.py:188} INFO - [2025-05-27T18:24:13.505+0530] {dagbag.py:538} INFO - Filling up the DagBag from /Users/zafarimam/Documents/E-Commerce Order Pipeline/airflow_venv_39/lib/python3.9/site-packages/airflow/example_dags/example_time_delta_sensor_async.py
[2025-05-27T18:24:13.513+0530] {processor.py:840} INFO - DAG(s) 'example_time_delta_sensor_async' retrieved from /Users/zafarimam/Documents/E-Commerce Order Pipeline/airflow_venv_39/lib/python3.9/site-packages/airflow/example_dags/example_time_delta_sensor_async.py
[2025-05-27T18:24:13.614+0530] {logging_mixin.py:188} INFO - [2025-05-27T18:24:13.614+0530] {dag.py:3036} INFO - Sync 1 DAGs
[2025-05-27T18:24:13.622+0530] {logging_mixin.py:188} INFO - [2025-05-27T18:24:13.622+0530] {dag.py:3823} INFO - Setting next_dagrun for example_time_delta_sensor_async to None, run_after=None
[2025-05-27T18:24:13.639+0530] {processor.py:183} INFO - Processing /Users/zafarimam/Documents/E-Commerce Order Pipeline/airflow_venv_39/lib/python3.9/site-packages/airflow/example_dags/example_time_delta_sensor_async.py took 0.137 seconds
[2025-05-27T18:27:04.050+0530] {processor.py:161} INFO - Started process (PID=25845) to work on /Users/zafarimam/Documents/E-Commerce Order Pipeline/airflow_venv_39/lib/python3.9/site-packages/airflow/example_dags/example_time_delta_sensor_async.py
[2025-05-27T18:27:04.051+0530] {processor.py:830} INFO - Processing file /Users/zafarimam/Documents/E-Commerce Order Pipeline/airflow_venv_39/lib/python3.9/site-packages/airflow/example_dags/example_time_delta_sensor_async.py for tasks to queue
[2025-05-27T18:27:04.051+0530] {logging_mixin.py:188} INFO - [2025-05-27T18:27:04.051+0530] {dagbag.py:538} INFO - Filling up the DagBag from /Users/zafarimam/Documents/E-Commerce Order Pipeline/airflow_venv_39/lib/python3.9/site-packages/airflow/example_dags/example_time_delta_sensor_async.py
[2025-05-27T18:27:04.060+0530] {processor.py:840} INFO - DAG(s) 'example_time_delta_sensor_async' retrieved from /Users/zafarimam/Documents/E-Commerce Order Pipeline/airflow_venv_39/lib/python3.9/site-packages/airflow/example_dags/example_time_delta_sensor_async.py
[2025-05-27T18:27:04.161+0530] {logging_mixin.py:188} INFO - [2025-05-27T18:27:04.160+0530] {dag.py:3036} INFO - Sync 1 DAGs
[2025-05-27T18:27:04.167+0530] {logging_mixin.py:188} INFO - [2025-05-27T18:27:04.167+0530] {dag.py:3823} INFO - Setting next_dagrun for example_time_delta_sensor_async to None, run_after=None
[2025-05-27T18:27:04.181+0530] {processor.py:183} INFO - Processing /Users/zafarimam/Documents/E-Commerce Order Pipeline/airflow_venv_39/lib/python3.9/site-packages/airflow/example_dags/example_time_delta_sensor_async.py took 0.133 seconds
[2025-05-27T18:29:09.232+0530] {processor.py:161} INFO - Started process (PID=25917) to work on /Users/zafarimam/Documents/E-Commerce Order Pipeline/airflow_venv_39/lib/python3.9/site-packages/airflow/example_dags/example_time_delta_sensor_async.py
[2025-05-27T18:29:09.233+0530] {processor.py:830} INFO - Processing file /Users/zafarimam/Documents/E-Commerce Order Pipeline/airflow_venv_39/lib/python3.9/site-packages/airflow/example_dags/example_time_delta_sensor_async.py for tasks to queue
[2025-05-27T18:29:09.233+0530] {logging_mixin.py:188} INFO - [2025-05-27T18:29:09.233+0530] {dagbag.py:538} INFO - Filling up the DagBag from /Users/zafarimam/Documents/E-Commerce Order Pipeline/airflow_venv_39/lib/python3.9/site-packages/airflow/example_dags/example_time_delta_sensor_async.py
[2025-05-27T18:29:09.241+0530] {processor.py:840} INFO - DAG(s) 'example_time_delta_sensor_async' retrieved from /Users/zafarimam/Documents/E-Commerce Order Pipeline/airflow_venv_39/lib/python3.9/site-packages/airflow/example_dags/example_time_delta_sensor_async.py
[2025-05-27T18:29:09.335+0530] {logging_mixin.py:188} INFO - [2025-05-27T18:29:09.335+0530] {dag.py:3036} INFO - Sync 1 DAGs
[2025-05-27T18:29:09.342+0530] {logging_mixin.py:188} INFO - [2025-05-27T18:29:09.342+0530] {dag.py:3823} INFO - Setting next_dagrun for example_time_delta_sensor_async to None, run_after=None
[2025-05-27T18:29:09.356+0530] {processor.py:183} INFO - Processing /Users/zafarimam/Documents/E-Commerce Order Pipeline/airflow_venv_39/lib/python3.9/site-packages/airflow/example_dags/example_time_delta_sensor_async.py took 0.125 seconds
[2025-05-27T18:30:57.315+0530] {processor.py:161} INFO - Started process (PID=25973) to work on /Users/zafarimam/Documents/E-Commerce Order Pipeline/airflow_venv_39/lib/python3.9/site-packages/airflow/example_dags/example_time_delta_sensor_async.py
[2025-05-27T18:30:57.316+0530] {processor.py:830} INFO - Processing file /Users/zafarimam/Documents/E-Commerce Order Pipeline/airflow_venv_39/lib/python3.9/site-packages/airflow/example_dags/example_time_delta_sensor_async.py for tasks to queue
[2025-05-27T18:30:57.317+0530] {logging_mixin.py:188} INFO - [2025-05-27T18:30:57.317+0530] {dagbag.py:538} INFO - Filling up the DagBag from /Users/zafarimam/Documents/E-Commerce Order Pipeline/airflow_venv_39/lib/python3.9/site-packages/airflow/example_dags/example_time_delta_sensor_async.py
[2025-05-27T18:30:57.325+0530] {processor.py:840} INFO - DAG(s) 'example_time_delta_sensor_async' retrieved from /Users/zafarimam/Documents/E-Commerce Order Pipeline/airflow_venv_39/lib/python3.9/site-packages/airflow/example_dags/example_time_delta_sensor_async.py
[2025-05-27T18:30:57.421+0530] {logging_mixin.py:188} INFO - [2025-05-27T18:30:57.421+0530] {dag.py:3036} INFO - Sync 1 DAGs
[2025-05-27T18:30:57.428+0530] {logging_mixin.py:188} INFO - [2025-05-27T18:30:57.428+0530] {dag.py:3823} INFO - Setting next_dagrun for example_time_delta_sensor_async to None, run_after=None
[2025-05-27T18:30:57.447+0530] {processor.py:183} INFO - Processing /Users/zafarimam/Documents/E-Commerce Order Pipeline/airflow_venv_39/lib/python3.9/site-packages/airflow/example_dags/example_time_delta_sensor_async.py took 0.133 seconds
[2025-05-27T18:32:48.379+0530] {processor.py:161} INFO - Started process (PID=26034) to work on /Users/zafarimam/Documents/E-Commerce Order Pipeline/airflow_venv_39/lib/python3.9/site-packages/airflow/example_dags/example_time_delta_sensor_async.py
[2025-05-27T18:32:48.380+0530] {processor.py:830} INFO - Processing file /Users/zafarimam/Documents/E-Commerce Order Pipeline/airflow_venv_39/lib/python3.9/site-packages/airflow/example_dags/example_time_delta_sensor_async.py for tasks to queue
[2025-05-27T18:32:48.381+0530] {logging_mixin.py:188} INFO - [2025-05-27T18:32:48.381+0530] {dagbag.py:538} INFO - Filling up the DagBag from /Users/zafarimam/Documents/E-Commerce Order Pipeline/airflow_venv_39/lib/python3.9/site-packages/airflow/example_dags/example_time_delta_sensor_async.py
[2025-05-27T18:32:48.389+0530] {processor.py:840} INFO - DAG(s) 'example_time_delta_sensor_async' retrieved from /Users/zafarimam/Documents/E-Commerce Order Pipeline/airflow_venv_39/lib/python3.9/site-packages/airflow/example_dags/example_time_delta_sensor_async.py
[2025-05-27T18:32:48.482+0530] {logging_mixin.py:188} INFO - [2025-05-27T18:32:48.482+0530] {dag.py:3036} INFO - Sync 1 DAGs
[2025-05-27T18:32:48.489+0530] {logging_mixin.py:188} INFO - [2025-05-27T18:32:48.489+0530] {dag.py:3823} INFO - Setting next_dagrun for example_time_delta_sensor_async to None, run_after=None
[2025-05-27T18:32:48.504+0530] {processor.py:183} INFO - Processing /Users/zafarimam/Documents/E-Commerce Order Pipeline/airflow_venv_39/lib/python3.9/site-packages/airflow/example_dags/example_time_delta_sensor_async.py took 0.126 seconds
[2025-05-27T18:36:37.407+0530] {processor.py:161} INFO - Started process (PID=26196) to work on /Users/zafarimam/Documents/E-Commerce Order Pipeline/airflow_venv_39/lib/python3.9/site-packages/airflow/example_dags/example_time_delta_sensor_async.py
[2025-05-27T18:36:37.409+0530] {processor.py:830} INFO - Processing file /Users/zafarimam/Documents/E-Commerce Order Pipeline/airflow_venv_39/lib/python3.9/site-packages/airflow/example_dags/example_time_delta_sensor_async.py for tasks to queue
[2025-05-27T18:36:37.410+0530] {logging_mixin.py:188} INFO - [2025-05-27T18:36:37.410+0530] {dagbag.py:538} INFO - Filling up the DagBag from /Users/zafarimam/Documents/E-Commerce Order Pipeline/airflow_venv_39/lib/python3.9/site-packages/airflow/example_dags/example_time_delta_sensor_async.py
[2025-05-27T18:36:37.418+0530] {processor.py:840} INFO - DAG(s) 'example_time_delta_sensor_async' retrieved from /Users/zafarimam/Documents/E-Commerce Order Pipeline/airflow_venv_39/lib/python3.9/site-packages/airflow/example_dags/example_time_delta_sensor_async.py
[2025-05-27T18:36:37.533+0530] {logging_mixin.py:188} INFO - [2025-05-27T18:36:37.533+0530] {dag.py:3036} INFO - Sync 1 DAGs
[2025-05-27T18:36:37.540+0530] {logging_mixin.py:188} INFO - [2025-05-27T18:36:37.540+0530] {dag.py:3823} INFO - Setting next_dagrun for example_time_delta_sensor_async to None, run_after=None
[2025-05-27T18:36:37.553+0530] {processor.py:183} INFO - Processing /Users/zafarimam/Documents/E-Commerce Order Pipeline/airflow_venv_39/lib/python3.9/site-packages/airflow/example_dags/example_time_delta_sensor_async.py took 0.147 seconds
[2025-05-27T18:46:33.393+0530] {processor.py:161} INFO - Started process (PID=26712) to work on /Users/zafarimam/Documents/E-Commerce Order Pipeline/airflow_venv_39/lib/python3.9/site-packages/airflow/example_dags/example_time_delta_sensor_async.py
[2025-05-27T18:46:33.394+0530] {processor.py:830} INFO - Processing file /Users/zafarimam/Documents/E-Commerce Order Pipeline/airflow_venv_39/lib/python3.9/site-packages/airflow/example_dags/example_time_delta_sensor_async.py for tasks to queue
[2025-05-27T18:46:33.395+0530] {logging_mixin.py:188} INFO - [2025-05-27T18:46:33.395+0530] {dagbag.py:538} INFO - Filling up the DagBag from /Users/zafarimam/Documents/E-Commerce Order Pipeline/airflow_venv_39/lib/python3.9/site-packages/airflow/example_dags/example_time_delta_sensor_async.py
[2025-05-27T18:46:33.403+0530] {processor.py:840} INFO - DAG(s) 'example_time_delta_sensor_async' retrieved from /Users/zafarimam/Documents/E-Commerce Order Pipeline/airflow_venv_39/lib/python3.9/site-packages/airflow/example_dags/example_time_delta_sensor_async.py
[2025-05-27T18:46:33.559+0530] {logging_mixin.py:188} INFO - [2025-05-27T18:46:33.558+0530] {dag.py:3036} INFO - Sync 1 DAGs
[2025-05-27T18:46:33.565+0530] {logging_mixin.py:188} INFO - [2025-05-27T18:46:33.565+0530] {dag.py:3823} INFO - Setting next_dagrun for example_time_delta_sensor_async to None, run_after=None
[2025-05-27T18:46:33.579+0530] {processor.py:183} INFO - Processing /Users/zafarimam/Documents/E-Commerce Order Pipeline/airflow_venv_39/lib/python3.9/site-packages/airflow/example_dags/example_time_delta_sensor_async.py took 0.188 seconds
[2025-05-27T18:48:29.259+0530] {processor.py:161} INFO - Started process (PID=26787) to work on /Users/zafarimam/Documents/E-Commerce Order Pipeline/airflow_venv_39/lib/python3.9/site-packages/airflow/example_dags/example_time_delta_sensor_async.py
[2025-05-27T18:48:29.260+0530] {processor.py:830} INFO - Processing file /Users/zafarimam/Documents/E-Commerce Order Pipeline/airflow_venv_39/lib/python3.9/site-packages/airflow/example_dags/example_time_delta_sensor_async.py for tasks to queue
[2025-05-27T18:48:29.261+0530] {logging_mixin.py:188} INFO - [2025-05-27T18:48:29.260+0530] {dagbag.py:538} INFO - Filling up the DagBag from /Users/zafarimam/Documents/E-Commerce Order Pipeline/airflow_venv_39/lib/python3.9/site-packages/airflow/example_dags/example_time_delta_sensor_async.py
[2025-05-27T18:48:29.268+0530] {processor.py:840} INFO - DAG(s) 'example_time_delta_sensor_async' retrieved from /Users/zafarimam/Documents/E-Commerce Order Pipeline/airflow_venv_39/lib/python3.9/site-packages/airflow/example_dags/example_time_delta_sensor_async.py
[2025-05-27T18:48:29.360+0530] {logging_mixin.py:188} INFO - [2025-05-27T18:48:29.360+0530] {dag.py:3036} INFO - Sync 1 DAGs
[2025-05-27T18:48:29.367+0530] {logging_mixin.py:188} INFO - [2025-05-27T18:48:29.367+0530] {dag.py:3823} INFO - Setting next_dagrun for example_time_delta_sensor_async to None, run_after=None
[2025-05-27T18:48:29.380+0530] {processor.py:183} INFO - Processing /Users/zafarimam/Documents/E-Commerce Order Pipeline/airflow_venv_39/lib/python3.9/site-packages/airflow/example_dags/example_time_delta_sensor_async.py took 0.122 seconds
[2025-05-27T18:50:20.274+0530] {processor.py:161} INFO - Started process (PID=26851) to work on /Users/zafarimam/Documents/E-Commerce Order Pipeline/airflow_venv_39/lib/python3.9/site-packages/airflow/example_dags/example_time_delta_sensor_async.py
[2025-05-27T18:50:20.275+0530] {processor.py:830} INFO - Processing file /Users/zafarimam/Documents/E-Commerce Order Pipeline/airflow_venv_39/lib/python3.9/site-packages/airflow/example_dags/example_time_delta_sensor_async.py for tasks to queue
[2025-05-27T18:50:20.276+0530] {logging_mixin.py:188} INFO - [2025-05-27T18:50:20.276+0530] {dagbag.py:538} INFO - Filling up the DagBag from /Users/zafarimam/Documents/E-Commerce Order Pipeline/airflow_venv_39/lib/python3.9/site-packages/airflow/example_dags/example_time_delta_sensor_async.py
[2025-05-27T18:50:20.284+0530] {processor.py:840} INFO - DAG(s) 'example_time_delta_sensor_async' retrieved from /Users/zafarimam/Documents/E-Commerce Order Pipeline/airflow_venv_39/lib/python3.9/site-packages/airflow/example_dags/example_time_delta_sensor_async.py
[2025-05-27T18:50:20.379+0530] {logging_mixin.py:188} INFO - [2025-05-27T18:50:20.379+0530] {dag.py:3036} INFO - Sync 1 DAGs
[2025-05-27T18:50:20.386+0530] {logging_mixin.py:188} INFO - [2025-05-27T18:50:20.386+0530] {dag.py:3823} INFO - Setting next_dagrun for example_time_delta_sensor_async to None, run_after=None
[2025-05-27T18:50:20.399+0530] {processor.py:183} INFO - Processing /Users/zafarimam/Documents/E-Commerce Order Pipeline/airflow_venv_39/lib/python3.9/site-packages/airflow/example_dags/example_time_delta_sensor_async.py took 0.126 seconds
[2025-05-27T18:52:18.204+0530] {processor.py:161} INFO - Started process (PID=26939) to work on /Users/zafarimam/Documents/E-Commerce Order Pipeline/airflow_venv_39/lib/python3.9/site-packages/airflow/example_dags/example_time_delta_sensor_async.py
[2025-05-27T18:52:18.205+0530] {processor.py:830} INFO - Processing file /Users/zafarimam/Documents/E-Commerce Order Pipeline/airflow_venv_39/lib/python3.9/site-packages/airflow/example_dags/example_time_delta_sensor_async.py for tasks to queue
[2025-05-27T18:52:18.206+0530] {logging_mixin.py:188} INFO - [2025-05-27T18:52:18.206+0530] {dagbag.py:538} INFO - Filling up the DagBag from /Users/zafarimam/Documents/E-Commerce Order Pipeline/airflow_venv_39/lib/python3.9/site-packages/airflow/example_dags/example_time_delta_sensor_async.py
[2025-05-27T18:52:18.215+0530] {processor.py:840} INFO - DAG(s) 'example_time_delta_sensor_async' retrieved from /Users/zafarimam/Documents/E-Commerce Order Pipeline/airflow_venv_39/lib/python3.9/site-packages/airflow/example_dags/example_time_delta_sensor_async.py
[2025-05-27T18:52:18.321+0530] {logging_mixin.py:188} INFO - [2025-05-27T18:52:18.320+0530] {dag.py:3036} INFO - Sync 1 DAGs
[2025-05-27T18:52:18.328+0530] {logging_mixin.py:188} INFO - [2025-05-27T18:52:18.328+0530] {dag.py:3823} INFO - Setting next_dagrun for example_time_delta_sensor_async to None, run_after=None
[2025-05-27T18:52:18.344+0530] {processor.py:183} INFO - Processing /Users/zafarimam/Documents/E-Commerce Order Pipeline/airflow_venv_39/lib/python3.9/site-packages/airflow/example_dags/example_time_delta_sensor_async.py took 0.142 seconds
[2025-05-27T18:54:19.306+0530] {processor.py:161} INFO - Started process (PID=27000) to work on /Users/zafarimam/Documents/E-Commerce Order Pipeline/airflow_venv_39/lib/python3.9/site-packages/airflow/example_dags/example_time_delta_sensor_async.py
[2025-05-27T18:54:19.308+0530] {processor.py:830} INFO - Processing file /Users/zafarimam/Documents/E-Commerce Order Pipeline/airflow_venv_39/lib/python3.9/site-packages/airflow/example_dags/example_time_delta_sensor_async.py for tasks to queue
[2025-05-27T18:54:19.308+0530] {logging_mixin.py:188} INFO - [2025-05-27T18:54:19.308+0530] {dagbag.py:538} INFO - Filling up the DagBag from /Users/zafarimam/Documents/E-Commerce Order Pipeline/airflow_venv_39/lib/python3.9/site-packages/airflow/example_dags/example_time_delta_sensor_async.py
[2025-05-27T18:54:19.318+0530] {processor.py:840} INFO - DAG(s) 'example_time_delta_sensor_async' retrieved from /Users/zafarimam/Documents/E-Commerce Order Pipeline/airflow_venv_39/lib/python3.9/site-packages/airflow/example_dags/example_time_delta_sensor_async.py
[2025-05-27T18:54:19.413+0530] {logging_mixin.py:188} INFO - [2025-05-27T18:54:19.413+0530] {dag.py:3036} INFO - Sync 1 DAGs
[2025-05-27T18:54:19.420+0530] {logging_mixin.py:188} INFO - [2025-05-27T18:54:19.420+0530] {dag.py:3823} INFO - Setting next_dagrun for example_time_delta_sensor_async to None, run_after=None
[2025-05-27T18:54:19.434+0530] {processor.py:183} INFO - Processing /Users/zafarimam/Documents/E-Commerce Order Pipeline/airflow_venv_39/lib/python3.9/site-packages/airflow/example_dags/example_time_delta_sensor_async.py took 0.129 seconds
[2025-05-27T18:56:23.726+0530] {processor.py:161} INFO - Started process (PID=27071) to work on /Users/zafarimam/Documents/E-Commerce Order Pipeline/airflow_venv_39/lib/python3.9/site-packages/airflow/example_dags/example_time_delta_sensor_async.py
[2025-05-27T18:56:23.727+0530] {processor.py:830} INFO - Processing file /Users/zafarimam/Documents/E-Commerce Order Pipeline/airflow_venv_39/lib/python3.9/site-packages/airflow/example_dags/example_time_delta_sensor_async.py for tasks to queue
[2025-05-27T18:56:23.728+0530] {logging_mixin.py:188} INFO - [2025-05-27T18:56:23.728+0530] {dagbag.py:538} INFO - Filling up the DagBag from /Users/zafarimam/Documents/E-Commerce Order Pipeline/airflow_venv_39/lib/python3.9/site-packages/airflow/example_dags/example_time_delta_sensor_async.py
[2025-05-27T18:56:23.737+0530] {processor.py:840} INFO - DAG(s) 'example_time_delta_sensor_async' retrieved from /Users/zafarimam/Documents/E-Commerce Order Pipeline/airflow_venv_39/lib/python3.9/site-packages/airflow/example_dags/example_time_delta_sensor_async.py
[2025-05-27T18:56:23.835+0530] {logging_mixin.py:188} INFO - [2025-05-27T18:56:23.835+0530] {dag.py:3036} INFO - Sync 1 DAGs
[2025-05-27T18:56:23.842+0530] {logging_mixin.py:188} INFO - [2025-05-27T18:56:23.842+0530] {dag.py:3823} INFO - Setting next_dagrun for example_time_delta_sensor_async to None, run_after=None
[2025-05-27T18:56:23.856+0530] {processor.py:183} INFO - Processing /Users/zafarimam/Documents/E-Commerce Order Pipeline/airflow_venv_39/lib/python3.9/site-packages/airflow/example_dags/example_time_delta_sensor_async.py took 0.132 seconds
[2025-05-27T18:58:23.727+0530] {processor.py:161} INFO - Started process (PID=27161) to work on /Users/zafarimam/Documents/E-Commerce Order Pipeline/airflow_venv_39/lib/python3.9/site-packages/airflow/example_dags/example_time_delta_sensor_async.py
[2025-05-27T18:58:23.729+0530] {processor.py:830} INFO - Processing file /Users/zafarimam/Documents/E-Commerce Order Pipeline/airflow_venv_39/lib/python3.9/site-packages/airflow/example_dags/example_time_delta_sensor_async.py for tasks to queue
[2025-05-27T18:58:23.730+0530] {logging_mixin.py:188} INFO - [2025-05-27T18:58:23.730+0530] {dagbag.py:538} INFO - Filling up the DagBag from /Users/zafarimam/Documents/E-Commerce Order Pipeline/airflow_venv_39/lib/python3.9/site-packages/airflow/example_dags/example_time_delta_sensor_async.py
[2025-05-27T18:58:23.739+0530] {processor.py:840} INFO - DAG(s) 'example_time_delta_sensor_async' retrieved from /Users/zafarimam/Documents/E-Commerce Order Pipeline/airflow_venv_39/lib/python3.9/site-packages/airflow/example_dags/example_time_delta_sensor_async.py
[2025-05-27T18:58:23.852+0530] {logging_mixin.py:188} INFO - [2025-05-27T18:58:23.852+0530] {dag.py:3036} INFO - Sync 1 DAGs
[2025-05-27T18:58:23.860+0530] {logging_mixin.py:188} INFO - [2025-05-27T18:58:23.859+0530] {dag.py:3823} INFO - Setting next_dagrun for example_time_delta_sensor_async to None, run_after=None
[2025-05-27T18:58:23.875+0530] {processor.py:183} INFO - Processing /Users/zafarimam/Documents/E-Commerce Order Pipeline/airflow_venv_39/lib/python3.9/site-packages/airflow/example_dags/example_time_delta_sensor_async.py took 0.150 seconds
[2025-05-27T19:00:24.145+0530] {processor.py:161} INFO - Started process (PID=27224) to work on /Users/zafarimam/Documents/E-Commerce Order Pipeline/airflow_venv_39/lib/python3.9/site-packages/airflow/example_dags/example_time_delta_sensor_async.py
[2025-05-27T19:00:24.146+0530] {processor.py:830} INFO - Processing file /Users/zafarimam/Documents/E-Commerce Order Pipeline/airflow_venv_39/lib/python3.9/site-packages/airflow/example_dags/example_time_delta_sensor_async.py for tasks to queue
[2025-05-27T19:00:24.146+0530] {logging_mixin.py:188} INFO - [2025-05-27T19:00:24.146+0530] {dagbag.py:538} INFO - Filling up the DagBag from /Users/zafarimam/Documents/E-Commerce Order Pipeline/airflow_venv_39/lib/python3.9/site-packages/airflow/example_dags/example_time_delta_sensor_async.py
[2025-05-27T19:00:24.155+0530] {processor.py:840} INFO - DAG(s) 'example_time_delta_sensor_async' retrieved from /Users/zafarimam/Documents/E-Commerce Order Pipeline/airflow_venv_39/lib/python3.9/site-packages/airflow/example_dags/example_time_delta_sensor_async.py
[2025-05-27T19:00:24.266+0530] {logging_mixin.py:188} INFO - [2025-05-27T19:00:24.265+0530] {dag.py:3036} INFO - Sync 1 DAGs
[2025-05-27T19:00:24.274+0530] {logging_mixin.py:188} INFO - [2025-05-27T19:00:24.274+0530] {dag.py:3823} INFO - Setting next_dagrun for example_time_delta_sensor_async to None, run_after=None
[2025-05-27T19:00:24.292+0530] {processor.py:183} INFO - Processing /Users/zafarimam/Documents/E-Commerce Order Pipeline/airflow_venv_39/lib/python3.9/site-packages/airflow/example_dags/example_time_delta_sensor_async.py took 0.148 seconds
[2025-05-27T19:02:31.737+0530] {processor.py:161} INFO - Started process (PID=27326) to work on /Users/zafarimam/Documents/E-Commerce Order Pipeline/airflow_venv_39/lib/python3.9/site-packages/airflow/example_dags/example_time_delta_sensor_async.py
[2025-05-27T19:02:31.738+0530] {processor.py:830} INFO - Processing file /Users/zafarimam/Documents/E-Commerce Order Pipeline/airflow_venv_39/lib/python3.9/site-packages/airflow/example_dags/example_time_delta_sensor_async.py for tasks to queue
[2025-05-27T19:02:31.739+0530] {logging_mixin.py:188} INFO - [2025-05-27T19:02:31.739+0530] {dagbag.py:538} INFO - Filling up the DagBag from /Users/zafarimam/Documents/E-Commerce Order Pipeline/airflow_venv_39/lib/python3.9/site-packages/airflow/example_dags/example_time_delta_sensor_async.py
[2025-05-27T19:02:31.747+0530] {processor.py:840} INFO - DAG(s) 'example_time_delta_sensor_async' retrieved from /Users/zafarimam/Documents/E-Commerce Order Pipeline/airflow_venv_39/lib/python3.9/site-packages/airflow/example_dags/example_time_delta_sensor_async.py
[2025-05-27T19:02:31.842+0530] {logging_mixin.py:188} INFO - [2025-05-27T19:02:31.842+0530] {dag.py:3036} INFO - Sync 1 DAGs
[2025-05-27T19:02:31.848+0530] {logging_mixin.py:188} INFO - [2025-05-27T19:02:31.848+0530] {dag.py:3823} INFO - Setting next_dagrun for example_time_delta_sensor_async to None, run_after=None
[2025-05-27T19:02:31.863+0530] {processor.py:183} INFO - Processing /Users/zafarimam/Documents/E-Commerce Order Pipeline/airflow_venv_39/lib/python3.9/site-packages/airflow/example_dags/example_time_delta_sensor_async.py took 0.127 seconds
[2025-05-27T19:04:30.496+0530] {processor.py:161} INFO - Started process (PID=27393) to work on /Users/zafarimam/Documents/E-Commerce Order Pipeline/airflow_venv_39/lib/python3.9/site-packages/airflow/example_dags/example_time_delta_sensor_async.py
[2025-05-27T19:04:30.497+0530] {processor.py:830} INFO - Processing file /Users/zafarimam/Documents/E-Commerce Order Pipeline/airflow_venv_39/lib/python3.9/site-packages/airflow/example_dags/example_time_delta_sensor_async.py for tasks to queue
[2025-05-27T19:04:30.498+0530] {logging_mixin.py:188} INFO - [2025-05-27T19:04:30.498+0530] {dagbag.py:538} INFO - Filling up the DagBag from /Users/zafarimam/Documents/E-Commerce Order Pipeline/airflow_venv_39/lib/python3.9/site-packages/airflow/example_dags/example_time_delta_sensor_async.py
[2025-05-27T19:04:30.506+0530] {processor.py:840} INFO - DAG(s) 'example_time_delta_sensor_async' retrieved from /Users/zafarimam/Documents/E-Commerce Order Pipeline/airflow_venv_39/lib/python3.9/site-packages/airflow/example_dags/example_time_delta_sensor_async.py
[2025-05-27T19:04:30.606+0530] {logging_mixin.py:188} INFO - [2025-05-27T19:04:30.606+0530] {dag.py:3036} INFO - Sync 1 DAGs
[2025-05-27T19:04:30.613+0530] {logging_mixin.py:188} INFO - [2025-05-27T19:04:30.613+0530] {dag.py:3823} INFO - Setting next_dagrun for example_time_delta_sensor_async to None, run_after=None
[2025-05-27T19:04:30.629+0530] {processor.py:183} INFO - Processing /Users/zafarimam/Documents/E-Commerce Order Pipeline/airflow_venv_39/lib/python3.9/site-packages/airflow/example_dags/example_time_delta_sensor_async.py took 0.135 seconds
[2025-05-27T19:06:38.408+0530] {processor.py:161} INFO - Started process (PID=27449) to work on /Users/zafarimam/Documents/E-Commerce Order Pipeline/airflow_venv_39/lib/python3.9/site-packages/airflow/example_dags/example_time_delta_sensor_async.py
[2025-05-27T19:06:38.408+0530] {processor.py:830} INFO - Processing file /Users/zafarimam/Documents/E-Commerce Order Pipeline/airflow_venv_39/lib/python3.9/site-packages/airflow/example_dags/example_time_delta_sensor_async.py for tasks to queue
[2025-05-27T19:06:38.409+0530] {logging_mixin.py:188} INFO - [2025-05-27T19:06:38.409+0530] {dagbag.py:538} INFO - Filling up the DagBag from /Users/zafarimam/Documents/E-Commerce Order Pipeline/airflow_venv_39/lib/python3.9/site-packages/airflow/example_dags/example_time_delta_sensor_async.py
[2025-05-27T19:06:38.417+0530] {processor.py:840} INFO - DAG(s) 'example_time_delta_sensor_async' retrieved from /Users/zafarimam/Documents/E-Commerce Order Pipeline/airflow_venv_39/lib/python3.9/site-packages/airflow/example_dags/example_time_delta_sensor_async.py
[2025-05-27T19:06:38.520+0530] {logging_mixin.py:188} INFO - [2025-05-27T19:06:38.520+0530] {dag.py:3036} INFO - Sync 1 DAGs
[2025-05-27T19:06:38.528+0530] {logging_mixin.py:188} INFO - [2025-05-27T19:06:38.528+0530] {dag.py:3823} INFO - Setting next_dagrun for example_time_delta_sensor_async to None, run_after=None
[2025-05-27T19:06:38.544+0530] {processor.py:183} INFO - Processing /Users/zafarimam/Documents/E-Commerce Order Pipeline/airflow_venv_39/lib/python3.9/site-packages/airflow/example_dags/example_time_delta_sensor_async.py took 0.138 seconds
[2025-05-27T19:08:44.318+0530] {processor.py:161} INFO - Started process (PID=27546) to work on /Users/zafarimam/Documents/E-Commerce Order Pipeline/airflow_venv_39/lib/python3.9/site-packages/airflow/example_dags/example_time_delta_sensor_async.py
[2025-05-27T19:08:44.319+0530] {processor.py:830} INFO - Processing file /Users/zafarimam/Documents/E-Commerce Order Pipeline/airflow_venv_39/lib/python3.9/site-packages/airflow/example_dags/example_time_delta_sensor_async.py for tasks to queue
[2025-05-27T19:08:44.320+0530] {logging_mixin.py:188} INFO - [2025-05-27T19:08:44.319+0530] {dagbag.py:538} INFO - Filling up the DagBag from /Users/zafarimam/Documents/E-Commerce Order Pipeline/airflow_venv_39/lib/python3.9/site-packages/airflow/example_dags/example_time_delta_sensor_async.py
[2025-05-27T19:08:44.326+0530] {processor.py:840} INFO - DAG(s) 'example_time_delta_sensor_async' retrieved from /Users/zafarimam/Documents/E-Commerce Order Pipeline/airflow_venv_39/lib/python3.9/site-packages/airflow/example_dags/example_time_delta_sensor_async.py
[2025-05-27T19:08:44.415+0530] {logging_mixin.py:188} INFO - [2025-05-27T19:08:44.414+0530] {dag.py:3036} INFO - Sync 1 DAGs
[2025-05-27T19:08:44.421+0530] {logging_mixin.py:188} INFO - [2025-05-27T19:08:44.421+0530] {dag.py:3823} INFO - Setting next_dagrun for example_time_delta_sensor_async to None, run_after=None
[2025-05-27T19:08:44.440+0530] {processor.py:183} INFO - Processing /Users/zafarimam/Documents/E-Commerce Order Pipeline/airflow_venv_39/lib/python3.9/site-packages/airflow/example_dags/example_time_delta_sensor_async.py took 0.123 seconds
[2025-05-27T19:10:25.629+0530] {processor.py:161} INFO - Started process (PID=27598) to work on /Users/zafarimam/Documents/E-Commerce Order Pipeline/airflow_venv_39/lib/python3.9/site-packages/airflow/example_dags/example_time_delta_sensor_async.py
[2025-05-27T19:10:25.630+0530] {processor.py:830} INFO - Processing file /Users/zafarimam/Documents/E-Commerce Order Pipeline/airflow_venv_39/lib/python3.9/site-packages/airflow/example_dags/example_time_delta_sensor_async.py for tasks to queue
[2025-05-27T19:10:25.631+0530] {logging_mixin.py:188} INFO - [2025-05-27T19:10:25.630+0530] {dagbag.py:538} INFO - Filling up the DagBag from /Users/zafarimam/Documents/E-Commerce Order Pipeline/airflow_venv_39/lib/python3.9/site-packages/airflow/example_dags/example_time_delta_sensor_async.py
[2025-05-27T19:10:25.638+0530] {processor.py:840} INFO - DAG(s) 'example_time_delta_sensor_async' retrieved from /Users/zafarimam/Documents/E-Commerce Order Pipeline/airflow_venv_39/lib/python3.9/site-packages/airflow/example_dags/example_time_delta_sensor_async.py
[2025-05-27T19:10:25.724+0530] {logging_mixin.py:188} INFO - [2025-05-27T19:10:25.724+0530] {dag.py:3036} INFO - Sync 1 DAGs
[2025-05-27T19:10:25.730+0530] {logging_mixin.py:188} INFO - [2025-05-27T19:10:25.730+0530] {dag.py:3823} INFO - Setting next_dagrun for example_time_delta_sensor_async to None, run_after=None
[2025-05-27T19:10:25.744+0530] {processor.py:183} INFO - Processing /Users/zafarimam/Documents/E-Commerce Order Pipeline/airflow_venv_39/lib/python3.9/site-packages/airflow/example_dags/example_time_delta_sensor_async.py took 0.116 seconds
[2025-05-27T19:12:06.803+0530] {processor.py:161} INFO - Started process (PID=27653) to work on /Users/zafarimam/Documents/E-Commerce Order Pipeline/airflow_venv_39/lib/python3.9/site-packages/airflow/example_dags/example_time_delta_sensor_async.py
[2025-05-27T19:12:06.804+0530] {processor.py:830} INFO - Processing file /Users/zafarimam/Documents/E-Commerce Order Pipeline/airflow_venv_39/lib/python3.9/site-packages/airflow/example_dags/example_time_delta_sensor_async.py for tasks to queue
[2025-05-27T19:12:06.805+0530] {logging_mixin.py:188} INFO - [2025-05-27T19:12:06.804+0530] {dagbag.py:538} INFO - Filling up the DagBag from /Users/zafarimam/Documents/E-Commerce Order Pipeline/airflow_venv_39/lib/python3.9/site-packages/airflow/example_dags/example_time_delta_sensor_async.py
[2025-05-27T19:12:06.812+0530] {processor.py:840} INFO - DAG(s) 'example_time_delta_sensor_async' retrieved from /Users/zafarimam/Documents/E-Commerce Order Pipeline/airflow_venv_39/lib/python3.9/site-packages/airflow/example_dags/example_time_delta_sensor_async.py
[2025-05-27T19:12:06.900+0530] {logging_mixin.py:188} INFO - [2025-05-27T19:12:06.900+0530] {dag.py:3036} INFO - Sync 1 DAGs
[2025-05-27T19:12:06.906+0530] {logging_mixin.py:188} INFO - [2025-05-27T19:12:06.906+0530] {dag.py:3823} INFO - Setting next_dagrun for example_time_delta_sensor_async to None, run_after=None
[2025-05-27T19:12:06.919+0530] {processor.py:183} INFO - Processing /Users/zafarimam/Documents/E-Commerce Order Pipeline/airflow_venv_39/lib/python3.9/site-packages/airflow/example_dags/example_time_delta_sensor_async.py took 0.118 seconds
[2025-05-27T19:13:47.807+0530] {processor.py:161} INFO - Started process (PID=27705) to work on /Users/zafarimam/Documents/E-Commerce Order Pipeline/airflow_venv_39/lib/python3.9/site-packages/airflow/example_dags/example_time_delta_sensor_async.py
[2025-05-27T19:13:47.808+0530] {processor.py:830} INFO - Processing file /Users/zafarimam/Documents/E-Commerce Order Pipeline/airflow_venv_39/lib/python3.9/site-packages/airflow/example_dags/example_time_delta_sensor_async.py for tasks to queue
[2025-05-27T19:13:47.808+0530] {logging_mixin.py:188} INFO - [2025-05-27T19:13:47.808+0530] {dagbag.py:538} INFO - Filling up the DagBag from /Users/zafarimam/Documents/E-Commerce Order Pipeline/airflow_venv_39/lib/python3.9/site-packages/airflow/example_dags/example_time_delta_sensor_async.py
[2025-05-27T19:13:47.815+0530] {processor.py:840} INFO - DAG(s) 'example_time_delta_sensor_async' retrieved from /Users/zafarimam/Documents/E-Commerce Order Pipeline/airflow_venv_39/lib/python3.9/site-packages/airflow/example_dags/example_time_delta_sensor_async.py
[2025-05-27T19:13:47.903+0530] {logging_mixin.py:188} INFO - [2025-05-27T19:13:47.903+0530] {dag.py:3036} INFO - Sync 1 DAGs
[2025-05-27T19:13:47.909+0530] {logging_mixin.py:188} INFO - [2025-05-27T19:13:47.909+0530] {dag.py:3823} INFO - Setting next_dagrun for example_time_delta_sensor_async to None, run_after=None
[2025-05-27T19:13:47.923+0530] {processor.py:183} INFO - Processing /Users/zafarimam/Documents/E-Commerce Order Pipeline/airflow_venv_39/lib/python3.9/site-packages/airflow/example_dags/example_time_delta_sensor_async.py took 0.117 seconds
[2025-05-27T19:15:27.631+0530] {processor.py:161} INFO - Started process (PID=27755) to work on /Users/zafarimam/Documents/E-Commerce Order Pipeline/airflow_venv_39/lib/python3.9/site-packages/airflow/example_dags/example_time_delta_sensor_async.py
[2025-05-27T19:15:27.632+0530] {processor.py:830} INFO - Processing file /Users/zafarimam/Documents/E-Commerce Order Pipeline/airflow_venv_39/lib/python3.9/site-packages/airflow/example_dags/example_time_delta_sensor_async.py for tasks to queue
[2025-05-27T19:15:27.633+0530] {logging_mixin.py:188} INFO - [2025-05-27T19:15:27.632+0530] {dagbag.py:538} INFO - Filling up the DagBag from /Users/zafarimam/Documents/E-Commerce Order Pipeline/airflow_venv_39/lib/python3.9/site-packages/airflow/example_dags/example_time_delta_sensor_async.py
[2025-05-27T19:15:27.640+0530] {processor.py:840} INFO - DAG(s) 'example_time_delta_sensor_async' retrieved from /Users/zafarimam/Documents/E-Commerce Order Pipeline/airflow_venv_39/lib/python3.9/site-packages/airflow/example_dags/example_time_delta_sensor_async.py
[2025-05-27T19:15:27.726+0530] {logging_mixin.py:188} INFO - [2025-05-27T19:15:27.726+0530] {dag.py:3036} INFO - Sync 1 DAGs
[2025-05-27T19:15:27.733+0530] {logging_mixin.py:188} INFO - [2025-05-27T19:15:27.732+0530] {dag.py:3823} INFO - Setting next_dagrun for example_time_delta_sensor_async to None, run_after=None
[2025-05-27T19:15:27.745+0530] {processor.py:183} INFO - Processing /Users/zafarimam/Documents/E-Commerce Order Pipeline/airflow_venv_39/lib/python3.9/site-packages/airflow/example_dags/example_time_delta_sensor_async.py took 0.115 seconds
[2025-05-27T19:17:08.077+0530] {processor.py:161} INFO - Started process (PID=27811) to work on /Users/zafarimam/Documents/E-Commerce Order Pipeline/airflow_venv_39/lib/python3.9/site-packages/airflow/example_dags/example_time_delta_sensor_async.py
[2025-05-27T19:17:08.077+0530] {processor.py:830} INFO - Processing file /Users/zafarimam/Documents/E-Commerce Order Pipeline/airflow_venv_39/lib/python3.9/site-packages/airflow/example_dags/example_time_delta_sensor_async.py for tasks to queue
[2025-05-27T19:17:08.078+0530] {logging_mixin.py:188} INFO - [2025-05-27T19:17:08.078+0530] {dagbag.py:538} INFO - Filling up the DagBag from /Users/zafarimam/Documents/E-Commerce Order Pipeline/airflow_venv_39/lib/python3.9/site-packages/airflow/example_dags/example_time_delta_sensor_async.py
[2025-05-27T19:17:08.085+0530] {processor.py:840} INFO - DAG(s) 'example_time_delta_sensor_async' retrieved from /Users/zafarimam/Documents/E-Commerce Order Pipeline/airflow_venv_39/lib/python3.9/site-packages/airflow/example_dags/example_time_delta_sensor_async.py
[2025-05-27T19:17:08.172+0530] {logging_mixin.py:188} INFO - [2025-05-27T19:17:08.171+0530] {dag.py:3036} INFO - Sync 1 DAGs
[2025-05-27T19:17:08.178+0530] {logging_mixin.py:188} INFO - [2025-05-27T19:17:08.178+0530] {dag.py:3823} INFO - Setting next_dagrun for example_time_delta_sensor_async to None, run_after=None
[2025-05-27T19:17:08.196+0530] {processor.py:183} INFO - Processing /Users/zafarimam/Documents/E-Commerce Order Pipeline/airflow_venv_39/lib/python3.9/site-packages/airflow/example_dags/example_time_delta_sensor_async.py took 0.121 seconds
[2025-05-27T19:18:49.106+0530] {processor.py:161} INFO - Started process (PID=27887) to work on /Users/zafarimam/Documents/E-Commerce Order Pipeline/airflow_venv_39/lib/python3.9/site-packages/airflow/example_dags/example_time_delta_sensor_async.py
[2025-05-27T19:18:49.106+0530] {processor.py:830} INFO - Processing file /Users/zafarimam/Documents/E-Commerce Order Pipeline/airflow_venv_39/lib/python3.9/site-packages/airflow/example_dags/example_time_delta_sensor_async.py for tasks to queue
[2025-05-27T19:18:49.107+0530] {logging_mixin.py:188} INFO - [2025-05-27T19:18:49.107+0530] {dagbag.py:538} INFO - Filling up the DagBag from /Users/zafarimam/Documents/E-Commerce Order Pipeline/airflow_venv_39/lib/python3.9/site-packages/airflow/example_dags/example_time_delta_sensor_async.py
[2025-05-27T19:18:49.114+0530] {processor.py:840} INFO - DAG(s) 'example_time_delta_sensor_async' retrieved from /Users/zafarimam/Documents/E-Commerce Order Pipeline/airflow_venv_39/lib/python3.9/site-packages/airflow/example_dags/example_time_delta_sensor_async.py
[2025-05-27T19:18:49.202+0530] {logging_mixin.py:188} INFO - [2025-05-27T19:18:49.202+0530] {dag.py:3036} INFO - Sync 1 DAGs
[2025-05-27T19:18:49.209+0530] {logging_mixin.py:188} INFO - [2025-05-27T19:18:49.209+0530] {dag.py:3823} INFO - Setting next_dagrun for example_time_delta_sensor_async to None, run_after=None
[2025-05-27T19:18:49.227+0530] {processor.py:183} INFO - Processing /Users/zafarimam/Documents/E-Commerce Order Pipeline/airflow_venv_39/lib/python3.9/site-packages/airflow/example_dags/example_time_delta_sensor_async.py took 0.122 seconds
[2025-05-27T19:20:29.095+0530] {processor.py:161} INFO - Started process (PID=27949) to work on /Users/zafarimam/Documents/E-Commerce Order Pipeline/airflow_venv_39/lib/python3.9/site-packages/airflow/example_dags/example_time_delta_sensor_async.py
[2025-05-27T19:20:29.096+0530] {processor.py:830} INFO - Processing file /Users/zafarimam/Documents/E-Commerce Order Pipeline/airflow_venv_39/lib/python3.9/site-packages/airflow/example_dags/example_time_delta_sensor_async.py for tasks to queue
[2025-05-27T19:20:29.096+0530] {logging_mixin.py:188} INFO - [2025-05-27T19:20:29.096+0530] {dagbag.py:538} INFO - Filling up the DagBag from /Users/zafarimam/Documents/E-Commerce Order Pipeline/airflow_venv_39/lib/python3.9/site-packages/airflow/example_dags/example_time_delta_sensor_async.py
[2025-05-27T19:20:29.103+0530] {processor.py:840} INFO - DAG(s) 'example_time_delta_sensor_async' retrieved from /Users/zafarimam/Documents/E-Commerce Order Pipeline/airflow_venv_39/lib/python3.9/site-packages/airflow/example_dags/example_time_delta_sensor_async.py
[2025-05-27T19:20:29.190+0530] {logging_mixin.py:188} INFO - [2025-05-27T19:20:29.190+0530] {dag.py:3036} INFO - Sync 1 DAGs
[2025-05-27T19:20:29.196+0530] {logging_mixin.py:188} INFO - [2025-05-27T19:20:29.196+0530] {dag.py:3823} INFO - Setting next_dagrun for example_time_delta_sensor_async to None, run_after=None
[2025-05-27T19:20:29.211+0530] {processor.py:183} INFO - Processing /Users/zafarimam/Documents/E-Commerce Order Pipeline/airflow_venv_39/lib/python3.9/site-packages/airflow/example_dags/example_time_delta_sensor_async.py took 0.117 seconds
[2025-05-27T19:22:07.886+0530] {processor.py:161} INFO - Started process (PID=28005) to work on /Users/zafarimam/Documents/E-Commerce Order Pipeline/airflow_venv_39/lib/python3.9/site-packages/airflow/example_dags/example_time_delta_sensor_async.py
[2025-05-27T19:22:07.887+0530] {processor.py:830} INFO - Processing file /Users/zafarimam/Documents/E-Commerce Order Pipeline/airflow_venv_39/lib/python3.9/site-packages/airflow/example_dags/example_time_delta_sensor_async.py for tasks to queue
[2025-05-27T19:22:07.888+0530] {logging_mixin.py:188} INFO - [2025-05-27T19:22:07.887+0530] {dagbag.py:538} INFO - Filling up the DagBag from /Users/zafarimam/Documents/E-Commerce Order Pipeline/airflow_venv_39/lib/python3.9/site-packages/airflow/example_dags/example_time_delta_sensor_async.py
[2025-05-27T19:22:07.895+0530] {processor.py:840} INFO - DAG(s) 'example_time_delta_sensor_async' retrieved from /Users/zafarimam/Documents/E-Commerce Order Pipeline/airflow_venv_39/lib/python3.9/site-packages/airflow/example_dags/example_time_delta_sensor_async.py
[2025-05-27T19:22:07.981+0530] {logging_mixin.py:188} INFO - [2025-05-27T19:22:07.981+0530] {dag.py:3036} INFO - Sync 1 DAGs
[2025-05-27T19:22:07.987+0530] {logging_mixin.py:188} INFO - [2025-05-27T19:22:07.987+0530] {dag.py:3823} INFO - Setting next_dagrun for example_time_delta_sensor_async to None, run_after=None
[2025-05-27T19:22:08.005+0530] {processor.py:183} INFO - Processing /Users/zafarimam/Documents/E-Commerce Order Pipeline/airflow_venv_39/lib/python3.9/site-packages/airflow/example_dags/example_time_delta_sensor_async.py took 0.120 seconds
[2025-05-27T19:23:49.758+0530] {processor.py:161} INFO - Started process (PID=28067) to work on /Users/zafarimam/Documents/E-Commerce Order Pipeline/airflow_venv_39/lib/python3.9/site-packages/airflow/example_dags/example_time_delta_sensor_async.py
[2025-05-27T19:23:49.759+0530] {processor.py:830} INFO - Processing file /Users/zafarimam/Documents/E-Commerce Order Pipeline/airflow_venv_39/lib/python3.9/site-packages/airflow/example_dags/example_time_delta_sensor_async.py for tasks to queue
[2025-05-27T19:23:49.760+0530] {logging_mixin.py:188} INFO - [2025-05-27T19:23:49.760+0530] {dagbag.py:538} INFO - Filling up the DagBag from /Users/zafarimam/Documents/E-Commerce Order Pipeline/airflow_venv_39/lib/python3.9/site-packages/airflow/example_dags/example_time_delta_sensor_async.py
[2025-05-27T19:23:49.767+0530] {processor.py:840} INFO - DAG(s) 'example_time_delta_sensor_async' retrieved from /Users/zafarimam/Documents/E-Commerce Order Pipeline/airflow_venv_39/lib/python3.9/site-packages/airflow/example_dags/example_time_delta_sensor_async.py
[2025-05-27T19:23:49.852+0530] {logging_mixin.py:188} INFO - [2025-05-27T19:23:49.852+0530] {dag.py:3036} INFO - Sync 1 DAGs
[2025-05-27T19:23:49.858+0530] {logging_mixin.py:188} INFO - [2025-05-27T19:23:49.858+0530] {dag.py:3823} INFO - Setting next_dagrun for example_time_delta_sensor_async to None, run_after=None
[2025-05-27T19:23:49.876+0530] {processor.py:183} INFO - Processing /Users/zafarimam/Documents/E-Commerce Order Pipeline/airflow_venv_39/lib/python3.9/site-packages/airflow/example_dags/example_time_delta_sensor_async.py took 0.119 seconds
[2025-05-27T19:25:30.177+0530] {processor.py:161} INFO - Started process (PID=28119) to work on /Users/zafarimam/Documents/E-Commerce Order Pipeline/airflow_venv_39/lib/python3.9/site-packages/airflow/example_dags/example_time_delta_sensor_async.py
[2025-05-27T19:25:30.178+0530] {processor.py:830} INFO - Processing file /Users/zafarimam/Documents/E-Commerce Order Pipeline/airflow_venv_39/lib/python3.9/site-packages/airflow/example_dags/example_time_delta_sensor_async.py for tasks to queue
[2025-05-27T19:25:30.179+0530] {logging_mixin.py:188} INFO - [2025-05-27T19:25:30.179+0530] {dagbag.py:538} INFO - Filling up the DagBag from /Users/zafarimam/Documents/E-Commerce Order Pipeline/airflow_venv_39/lib/python3.9/site-packages/airflow/example_dags/example_time_delta_sensor_async.py
[2025-05-27T19:25:30.186+0530] {processor.py:840} INFO - DAG(s) 'example_time_delta_sensor_async' retrieved from /Users/zafarimam/Documents/E-Commerce Order Pipeline/airflow_venv_39/lib/python3.9/site-packages/airflow/example_dags/example_time_delta_sensor_async.py
[2025-05-27T19:25:30.274+0530] {logging_mixin.py:188} INFO - [2025-05-27T19:25:30.273+0530] {dag.py:3036} INFO - Sync 1 DAGs
[2025-05-27T19:25:30.280+0530] {logging_mixin.py:188} INFO - [2025-05-27T19:25:30.280+0530] {dag.py:3823} INFO - Setting next_dagrun for example_time_delta_sensor_async to None, run_after=None
[2025-05-27T19:25:30.297+0530] {processor.py:183} INFO - Processing /Users/zafarimam/Documents/E-Commerce Order Pipeline/airflow_venv_39/lib/python3.9/site-packages/airflow/example_dags/example_time_delta_sensor_async.py took 0.121 seconds
[2025-05-27T19:27:10.707+0530] {processor.py:161} INFO - Started process (PID=28176) to work on /Users/zafarimam/Documents/E-Commerce Order Pipeline/airflow_venv_39/lib/python3.9/site-packages/airflow/example_dags/example_time_delta_sensor_async.py
[2025-05-27T19:27:10.707+0530] {processor.py:830} INFO - Processing file /Users/zafarimam/Documents/E-Commerce Order Pipeline/airflow_venv_39/lib/python3.9/site-packages/airflow/example_dags/example_time_delta_sensor_async.py for tasks to queue
[2025-05-27T19:27:10.708+0530] {logging_mixin.py:188} INFO - [2025-05-27T19:27:10.708+0530] {dagbag.py:538} INFO - Filling up the DagBag from /Users/zafarimam/Documents/E-Commerce Order Pipeline/airflow_venv_39/lib/python3.9/site-packages/airflow/example_dags/example_time_delta_sensor_async.py
[2025-05-27T19:27:10.715+0530] {processor.py:840} INFO - DAG(s) 'example_time_delta_sensor_async' retrieved from /Users/zafarimam/Documents/E-Commerce Order Pipeline/airflow_venv_39/lib/python3.9/site-packages/airflow/example_dags/example_time_delta_sensor_async.py
[2025-05-27T19:27:10.802+0530] {logging_mixin.py:188} INFO - [2025-05-27T19:27:10.802+0530] {dag.py:3036} INFO - Sync 1 DAGs
[2025-05-27T19:27:10.808+0530] {logging_mixin.py:188} INFO - [2025-05-27T19:27:10.808+0530] {dag.py:3823} INFO - Setting next_dagrun for example_time_delta_sensor_async to None, run_after=None
[2025-05-27T19:27:10.821+0530] {processor.py:183} INFO - Processing /Users/zafarimam/Documents/E-Commerce Order Pipeline/airflow_venv_39/lib/python3.9/site-packages/airflow/example_dags/example_time_delta_sensor_async.py took 0.116 seconds
[2025-05-27T19:28:50.302+0530] {processor.py:161} INFO - Started process (PID=28228) to work on /Users/zafarimam/Documents/E-Commerce Order Pipeline/airflow_venv_39/lib/python3.9/site-packages/airflow/example_dags/example_time_delta_sensor_async.py
[2025-05-27T19:28:50.302+0530] {processor.py:830} INFO - Processing file /Users/zafarimam/Documents/E-Commerce Order Pipeline/airflow_venv_39/lib/python3.9/site-packages/airflow/example_dags/example_time_delta_sensor_async.py for tasks to queue
[2025-05-27T19:28:50.303+0530] {logging_mixin.py:188} INFO - [2025-05-27T19:28:50.303+0530] {dagbag.py:538} INFO - Filling up the DagBag from /Users/zafarimam/Documents/E-Commerce Order Pipeline/airflow_venv_39/lib/python3.9/site-packages/airflow/example_dags/example_time_delta_sensor_async.py
[2025-05-27T19:28:50.310+0530] {processor.py:840} INFO - DAG(s) 'example_time_delta_sensor_async' retrieved from /Users/zafarimam/Documents/E-Commerce Order Pipeline/airflow_venv_39/lib/python3.9/site-packages/airflow/example_dags/example_time_delta_sensor_async.py
[2025-05-27T19:28:50.397+0530] {logging_mixin.py:188} INFO - [2025-05-27T19:28:50.397+0530] {dag.py:3036} INFO - Sync 1 DAGs
[2025-05-27T19:28:50.404+0530] {logging_mixin.py:188} INFO - [2025-05-27T19:28:50.404+0530] {dag.py:3823} INFO - Setting next_dagrun for example_time_delta_sensor_async to None, run_after=None
[2025-05-27T19:28:50.423+0530] {processor.py:183} INFO - Processing /Users/zafarimam/Documents/E-Commerce Order Pipeline/airflow_venv_39/lib/python3.9/site-packages/airflow/example_dags/example_time_delta_sensor_async.py took 0.123 seconds
[2025-05-27T19:30:51.396+0530] {processor.py:161} INFO - Started process (PID=28308) to work on /Users/zafarimam/Documents/E-Commerce Order Pipeline/airflow_venv_39/lib/python3.9/site-packages/airflow/example_dags/example_time_delta_sensor_async.py
[2025-05-27T19:30:51.397+0530] {processor.py:830} INFO - Processing file /Users/zafarimam/Documents/E-Commerce Order Pipeline/airflow_venv_39/lib/python3.9/site-packages/airflow/example_dags/example_time_delta_sensor_async.py for tasks to queue
[2025-05-27T19:30:51.398+0530] {logging_mixin.py:188} INFO - [2025-05-27T19:30:51.397+0530] {dagbag.py:538} INFO - Filling up the DagBag from /Users/zafarimam/Documents/E-Commerce Order Pipeline/airflow_venv_39/lib/python3.9/site-packages/airflow/example_dags/example_time_delta_sensor_async.py
[2025-05-27T19:30:51.406+0530] {processor.py:840} INFO - DAG(s) 'example_time_delta_sensor_async' retrieved from /Users/zafarimam/Documents/E-Commerce Order Pipeline/airflow_venv_39/lib/python3.9/site-packages/airflow/example_dags/example_time_delta_sensor_async.py
[2025-05-27T19:30:51.493+0530] {logging_mixin.py:188} INFO - [2025-05-27T19:30:51.493+0530] {dag.py:3036} INFO - Sync 1 DAGs
[2025-05-27T19:30:51.499+0530] {logging_mixin.py:188} INFO - [2025-05-27T19:30:51.499+0530] {dag.py:3823} INFO - Setting next_dagrun for example_time_delta_sensor_async to None, run_after=None
[2025-05-27T19:30:51.513+0530] {processor.py:183} INFO - Processing /Users/zafarimam/Documents/E-Commerce Order Pipeline/airflow_venv_39/lib/python3.9/site-packages/airflow/example_dags/example_time_delta_sensor_async.py took 0.118 seconds
[2025-05-27T19:32:31.281+0530] {processor.py:161} INFO - Started process (PID=28362) to work on /Users/zafarimam/Documents/E-Commerce Order Pipeline/airflow_venv_39/lib/python3.9/site-packages/airflow/example_dags/example_time_delta_sensor_async.py
[2025-05-27T19:32:31.282+0530] {processor.py:830} INFO - Processing file /Users/zafarimam/Documents/E-Commerce Order Pipeline/airflow_venv_39/lib/python3.9/site-packages/airflow/example_dags/example_time_delta_sensor_async.py for tasks to queue
[2025-05-27T19:32:31.282+0530] {logging_mixin.py:188} INFO - [2025-05-27T19:32:31.282+0530] {dagbag.py:538} INFO - Filling up the DagBag from /Users/zafarimam/Documents/E-Commerce Order Pipeline/airflow_venv_39/lib/python3.9/site-packages/airflow/example_dags/example_time_delta_sensor_async.py
[2025-05-27T19:32:31.289+0530] {processor.py:840} INFO - DAG(s) 'example_time_delta_sensor_async' retrieved from /Users/zafarimam/Documents/E-Commerce Order Pipeline/airflow_venv_39/lib/python3.9/site-packages/airflow/example_dags/example_time_delta_sensor_async.py
[2025-05-27T19:32:31.375+0530] {logging_mixin.py:188} INFO - [2025-05-27T19:32:31.375+0530] {dag.py:3036} INFO - Sync 1 DAGs
[2025-05-27T19:32:31.381+0530] {logging_mixin.py:188} INFO - [2025-05-27T19:32:31.381+0530] {dag.py:3823} INFO - Setting next_dagrun for example_time_delta_sensor_async to None, run_after=None
[2025-05-27T19:32:31.399+0530] {processor.py:183} INFO - Processing /Users/zafarimam/Documents/E-Commerce Order Pipeline/airflow_venv_39/lib/python3.9/site-packages/airflow/example_dags/example_time_delta_sensor_async.py took 0.120 seconds
[2025-05-27T19:34:12.413+0530] {processor.py:161} INFO - Started process (PID=28414) to work on /Users/zafarimam/Documents/E-Commerce Order Pipeline/airflow_venv_39/lib/python3.9/site-packages/airflow/example_dags/example_time_delta_sensor_async.py
[2025-05-27T19:34:12.414+0530] {processor.py:830} INFO - Processing file /Users/zafarimam/Documents/E-Commerce Order Pipeline/airflow_venv_39/lib/python3.9/site-packages/airflow/example_dags/example_time_delta_sensor_async.py for tasks to queue
[2025-05-27T19:34:12.415+0530] {logging_mixin.py:188} INFO - [2025-05-27T19:34:12.414+0530] {dagbag.py:538} INFO - Filling up the DagBag from /Users/zafarimam/Documents/E-Commerce Order Pipeline/airflow_venv_39/lib/python3.9/site-packages/airflow/example_dags/example_time_delta_sensor_async.py
[2025-05-27T19:34:12.422+0530] {processor.py:840} INFO - DAG(s) 'example_time_delta_sensor_async' retrieved from /Users/zafarimam/Documents/E-Commerce Order Pipeline/airflow_venv_39/lib/python3.9/site-packages/airflow/example_dags/example_time_delta_sensor_async.py
[2025-05-27T19:34:12.509+0530] {logging_mixin.py:188} INFO - [2025-05-27T19:34:12.509+0530] {dag.py:3036} INFO - Sync 1 DAGs
[2025-05-27T19:34:12.515+0530] {logging_mixin.py:188} INFO - [2025-05-27T19:34:12.515+0530] {dag.py:3823} INFO - Setting next_dagrun for example_time_delta_sensor_async to None, run_after=None
[2025-05-27T19:34:12.529+0530] {processor.py:183} INFO - Processing /Users/zafarimam/Documents/E-Commerce Order Pipeline/airflow_venv_39/lib/python3.9/site-packages/airflow/example_dags/example_time_delta_sensor_async.py took 0.117 seconds
[2025-05-27T19:35:53.774+0530] {processor.py:161} INFO - Started process (PID=28466) to work on /Users/zafarimam/Documents/E-Commerce Order Pipeline/airflow_venv_39/lib/python3.9/site-packages/airflow/example_dags/example_time_delta_sensor_async.py
[2025-05-27T19:35:53.775+0530] {processor.py:830} INFO - Processing file /Users/zafarimam/Documents/E-Commerce Order Pipeline/airflow_venv_39/lib/python3.9/site-packages/airflow/example_dags/example_time_delta_sensor_async.py for tasks to queue
[2025-05-27T19:35:53.775+0530] {logging_mixin.py:188} INFO - [2025-05-27T19:35:53.775+0530] {dagbag.py:538} INFO - Filling up the DagBag from /Users/zafarimam/Documents/E-Commerce Order Pipeline/airflow_venv_39/lib/python3.9/site-packages/airflow/example_dags/example_time_delta_sensor_async.py
[2025-05-27T19:35:53.782+0530] {processor.py:840} INFO - DAG(s) 'example_time_delta_sensor_async' retrieved from /Users/zafarimam/Documents/E-Commerce Order Pipeline/airflow_venv_39/lib/python3.9/site-packages/airflow/example_dags/example_time_delta_sensor_async.py
[2025-05-27T19:35:53.870+0530] {logging_mixin.py:188} INFO - [2025-05-27T19:35:53.870+0530] {dag.py:3036} INFO - Sync 1 DAGs
[2025-05-27T19:35:53.876+0530] {logging_mixin.py:188} INFO - [2025-05-27T19:35:53.876+0530] {dag.py:3823} INFO - Setting next_dagrun for example_time_delta_sensor_async to None, run_after=None
[2025-05-27T19:35:53.891+0530] {processor.py:183} INFO - Processing /Users/zafarimam/Documents/E-Commerce Order Pipeline/airflow_venv_39/lib/python3.9/site-packages/airflow/example_dags/example_time_delta_sensor_async.py took 0.118 seconds
[2025-05-27T19:37:35.230+0530] {processor.py:161} INFO - Started process (PID=28518) to work on /Users/zafarimam/Documents/E-Commerce Order Pipeline/airflow_venv_39/lib/python3.9/site-packages/airflow/example_dags/example_time_delta_sensor_async.py
[2025-05-27T19:37:35.231+0530] {processor.py:830} INFO - Processing file /Users/zafarimam/Documents/E-Commerce Order Pipeline/airflow_venv_39/lib/python3.9/site-packages/airflow/example_dags/example_time_delta_sensor_async.py for tasks to queue
[2025-05-27T19:37:35.231+0530] {logging_mixin.py:188} INFO - [2025-05-27T19:37:35.231+0530] {dagbag.py:538} INFO - Filling up the DagBag from /Users/zafarimam/Documents/E-Commerce Order Pipeline/airflow_venv_39/lib/python3.9/site-packages/airflow/example_dags/example_time_delta_sensor_async.py
[2025-05-27T19:37:35.238+0530] {processor.py:840} INFO - DAG(s) 'example_time_delta_sensor_async' retrieved from /Users/zafarimam/Documents/E-Commerce Order Pipeline/airflow_venv_39/lib/python3.9/site-packages/airflow/example_dags/example_time_delta_sensor_async.py
[2025-05-27T19:37:35.327+0530] {logging_mixin.py:188} INFO - [2025-05-27T19:37:35.327+0530] {dag.py:3036} INFO - Sync 1 DAGs
[2025-05-27T19:37:35.333+0530] {logging_mixin.py:188} INFO - [2025-05-27T19:37:35.333+0530] {dag.py:3823} INFO - Setting next_dagrun for example_time_delta_sensor_async to None, run_after=None
[2025-05-27T19:37:35.348+0530] {processor.py:183} INFO - Processing /Users/zafarimam/Documents/E-Commerce Order Pipeline/airflow_venv_39/lib/python3.9/site-packages/airflow/example_dags/example_time_delta_sensor_async.py took 0.119 seconds
[2025-05-27T19:39:14.834+0530] {processor.py:161} INFO - Started process (PID=28569) to work on /Users/zafarimam/Documents/E-Commerce Order Pipeline/airflow_venv_39/lib/python3.9/site-packages/airflow/example_dags/example_time_delta_sensor_async.py
[2025-05-27T19:39:14.835+0530] {processor.py:830} INFO - Processing file /Users/zafarimam/Documents/E-Commerce Order Pipeline/airflow_venv_39/lib/python3.9/site-packages/airflow/example_dags/example_time_delta_sensor_async.py for tasks to queue
[2025-05-27T19:39:14.836+0530] {logging_mixin.py:188} INFO - [2025-05-27T19:39:14.835+0530] {dagbag.py:538} INFO - Filling up the DagBag from /Users/zafarimam/Documents/E-Commerce Order Pipeline/airflow_venv_39/lib/python3.9/site-packages/airflow/example_dags/example_time_delta_sensor_async.py
[2025-05-27T19:39:14.843+0530] {processor.py:840} INFO - DAG(s) 'example_time_delta_sensor_async' retrieved from /Users/zafarimam/Documents/E-Commerce Order Pipeline/airflow_venv_39/lib/python3.9/site-packages/airflow/example_dags/example_time_delta_sensor_async.py
[2025-05-27T19:39:14.931+0530] {logging_mixin.py:188} INFO - [2025-05-27T19:39:14.931+0530] {dag.py:3036} INFO - Sync 1 DAGs
[2025-05-27T19:39:14.937+0530] {logging_mixin.py:188} INFO - [2025-05-27T19:39:14.937+0530] {dag.py:3823} INFO - Setting next_dagrun for example_time_delta_sensor_async to None, run_after=None
[2025-05-27T19:39:14.951+0530] {processor.py:183} INFO - Processing /Users/zafarimam/Documents/E-Commerce Order Pipeline/airflow_venv_39/lib/python3.9/site-packages/airflow/example_dags/example_time_delta_sensor_async.py took 0.118 seconds
[2025-05-27T19:40:53.030+0530] {processor.py:161} INFO - Started process (PID=28621) to work on /Users/zafarimam/Documents/E-Commerce Order Pipeline/airflow_venv_39/lib/python3.9/site-packages/airflow/example_dags/example_time_delta_sensor_async.py
[2025-05-27T19:40:53.031+0530] {processor.py:830} INFO - Processing file /Users/zafarimam/Documents/E-Commerce Order Pipeline/airflow_venv_39/lib/python3.9/site-packages/airflow/example_dags/example_time_delta_sensor_async.py for tasks to queue
[2025-05-27T19:40:53.031+0530] {logging_mixin.py:188} INFO - [2025-05-27T19:40:53.031+0530] {dagbag.py:538} INFO - Filling up the DagBag from /Users/zafarimam/Documents/E-Commerce Order Pipeline/airflow_venv_39/lib/python3.9/site-packages/airflow/example_dags/example_time_delta_sensor_async.py
[2025-05-27T19:40:53.038+0530] {processor.py:840} INFO - DAG(s) 'example_time_delta_sensor_async' retrieved from /Users/zafarimam/Documents/E-Commerce Order Pipeline/airflow_venv_39/lib/python3.9/site-packages/airflow/example_dags/example_time_delta_sensor_async.py
[2025-05-27T19:40:53.125+0530] {logging_mixin.py:188} INFO - [2025-05-27T19:40:53.125+0530] {dag.py:3036} INFO - Sync 1 DAGs
[2025-05-27T19:40:53.131+0530] {logging_mixin.py:188} INFO - [2025-05-27T19:40:53.131+0530] {dag.py:3823} INFO - Setting next_dagrun for example_time_delta_sensor_async to None, run_after=None
[2025-05-27T19:40:53.145+0530] {processor.py:183} INFO - Processing /Users/zafarimam/Documents/E-Commerce Order Pipeline/airflow_venv_39/lib/python3.9/site-packages/airflow/example_dags/example_time_delta_sensor_async.py took 0.116 seconds
[2025-05-27T19:42:34.903+0530] {processor.py:161} INFO - Started process (PID=28673) to work on /Users/zafarimam/Documents/E-Commerce Order Pipeline/airflow_venv_39/lib/python3.9/site-packages/airflow/example_dags/example_time_delta_sensor_async.py
[2025-05-27T19:42:34.903+0530] {processor.py:830} INFO - Processing file /Users/zafarimam/Documents/E-Commerce Order Pipeline/airflow_venv_39/lib/python3.9/site-packages/airflow/example_dags/example_time_delta_sensor_async.py for tasks to queue
[2025-05-27T19:42:34.904+0530] {logging_mixin.py:188} INFO - [2025-05-27T19:42:34.904+0530] {dagbag.py:538} INFO - Filling up the DagBag from /Users/zafarimam/Documents/E-Commerce Order Pipeline/airflow_venv_39/lib/python3.9/site-packages/airflow/example_dags/example_time_delta_sensor_async.py
[2025-05-27T19:42:34.911+0530] {processor.py:840} INFO - DAG(s) 'example_time_delta_sensor_async' retrieved from /Users/zafarimam/Documents/E-Commerce Order Pipeline/airflow_venv_39/lib/python3.9/site-packages/airflow/example_dags/example_time_delta_sensor_async.py
[2025-05-27T19:42:34.997+0530] {logging_mixin.py:188} INFO - [2025-05-27T19:42:34.997+0530] {dag.py:3036} INFO - Sync 1 DAGs
[2025-05-27T19:42:35.003+0530] {logging_mixin.py:188} INFO - [2025-05-27T19:42:35.003+0530] {dag.py:3823} INFO - Setting next_dagrun for example_time_delta_sensor_async to None, run_after=None
[2025-05-27T19:42:35.018+0530] {processor.py:183} INFO - Processing /Users/zafarimam/Documents/E-Commerce Order Pipeline/airflow_venv_39/lib/python3.9/site-packages/airflow/example_dags/example_time_delta_sensor_async.py took 0.117 seconds
[2025-05-27T19:44:32.189+0530] {processor.py:161} INFO - Started process (PID=28787) to work on /Users/zafarimam/Documents/E-Commerce Order Pipeline/airflow_venv_39/lib/python3.9/site-packages/airflow/example_dags/example_time_delta_sensor_async.py
[2025-05-27T19:44:32.190+0530] {processor.py:830} INFO - Processing file /Users/zafarimam/Documents/E-Commerce Order Pipeline/airflow_venv_39/lib/python3.9/site-packages/airflow/example_dags/example_time_delta_sensor_async.py for tasks to queue
[2025-05-27T19:44:32.191+0530] {logging_mixin.py:188} INFO - [2025-05-27T19:44:32.191+0530] {dagbag.py:538} INFO - Filling up the DagBag from /Users/zafarimam/Documents/E-Commerce Order Pipeline/airflow_venv_39/lib/python3.9/site-packages/airflow/example_dags/example_time_delta_sensor_async.py
[2025-05-27T19:44:32.200+0530] {processor.py:840} INFO - DAG(s) 'example_time_delta_sensor_async' retrieved from /Users/zafarimam/Documents/E-Commerce Order Pipeline/airflow_venv_39/lib/python3.9/site-packages/airflow/example_dags/example_time_delta_sensor_async.py
[2025-05-27T19:44:32.293+0530] {logging_mixin.py:188} INFO - [2025-05-27T19:44:32.293+0530] {dag.py:3036} INFO - Sync 1 DAGs
[2025-05-27T19:44:32.299+0530] {logging_mixin.py:188} INFO - [2025-05-27T19:44:32.299+0530] {dag.py:3823} INFO - Setting next_dagrun for example_time_delta_sensor_async to None, run_after=None
[2025-05-27T19:44:32.313+0530] {processor.py:183} INFO - Processing /Users/zafarimam/Documents/E-Commerce Order Pipeline/airflow_venv_39/lib/python3.9/site-packages/airflow/example_dags/example_time_delta_sensor_async.py took 0.125 seconds
[2025-05-27T19:46:30.680+0530] {processor.py:161} INFO - Started process (PID=28873) to work on /Users/zafarimam/Documents/E-Commerce Order Pipeline/airflow_venv_39/lib/python3.9/site-packages/airflow/example_dags/example_time_delta_sensor_async.py
[2025-05-27T19:46:30.682+0530] {processor.py:830} INFO - Processing file /Users/zafarimam/Documents/E-Commerce Order Pipeline/airflow_venv_39/lib/python3.9/site-packages/airflow/example_dags/example_time_delta_sensor_async.py for tasks to queue
[2025-05-27T19:46:30.683+0530] {logging_mixin.py:188} INFO - [2025-05-27T19:46:30.682+0530] {dagbag.py:538} INFO - Filling up the DagBag from /Users/zafarimam/Documents/E-Commerce Order Pipeline/airflow_venv_39/lib/python3.9/site-packages/airflow/example_dags/example_time_delta_sensor_async.py
[2025-05-27T19:46:30.690+0530] {processor.py:840} INFO - DAG(s) 'example_time_delta_sensor_async' retrieved from /Users/zafarimam/Documents/E-Commerce Order Pipeline/airflow_venv_39/lib/python3.9/site-packages/airflow/example_dags/example_time_delta_sensor_async.py
[2025-05-27T19:46:30.783+0530] {logging_mixin.py:188} INFO - [2025-05-27T19:46:30.783+0530] {dag.py:3036} INFO - Sync 1 DAGs
[2025-05-27T19:46:30.790+0530] {logging_mixin.py:188} INFO - [2025-05-27T19:46:30.789+0530] {dag.py:3823} INFO - Setting next_dagrun for example_time_delta_sensor_async to None, run_after=None
[2025-05-27T19:46:30.803+0530] {processor.py:183} INFO - Processing /Users/zafarimam/Documents/E-Commerce Order Pipeline/airflow_venv_39/lib/python3.9/site-packages/airflow/example_dags/example_time_delta_sensor_async.py took 0.124 seconds
[2025-05-27T19:48:15.575+0530] {processor.py:161} INFO - Started process (PID=28940) to work on /Users/zafarimam/Documents/E-Commerce Order Pipeline/airflow_venv_39/lib/python3.9/site-packages/airflow/example_dags/example_time_delta_sensor_async.py
[2025-05-27T19:48:15.576+0530] {processor.py:830} INFO - Processing file /Users/zafarimam/Documents/E-Commerce Order Pipeline/airflow_venv_39/lib/python3.9/site-packages/airflow/example_dags/example_time_delta_sensor_async.py for tasks to queue
[2025-05-27T19:48:15.577+0530] {logging_mixin.py:188} INFO - [2025-05-27T19:48:15.577+0530] {dagbag.py:538} INFO - Filling up the DagBag from /Users/zafarimam/Documents/E-Commerce Order Pipeline/airflow_venv_39/lib/python3.9/site-packages/airflow/example_dags/example_time_delta_sensor_async.py
[2025-05-27T19:48:15.585+0530] {processor.py:840} INFO - DAG(s) 'example_time_delta_sensor_async' retrieved from /Users/zafarimam/Documents/E-Commerce Order Pipeline/airflow_venv_39/lib/python3.9/site-packages/airflow/example_dags/example_time_delta_sensor_async.py
[2025-05-27T19:48:15.678+0530] {logging_mixin.py:188} INFO - [2025-05-27T19:48:15.677+0530] {dag.py:3036} INFO - Sync 1 DAGs
[2025-05-27T19:48:15.684+0530] {logging_mixin.py:188} INFO - [2025-05-27T19:48:15.684+0530] {dag.py:3823} INFO - Setting next_dagrun for example_time_delta_sensor_async to None, run_after=None
[2025-05-27T19:48:15.698+0530] {processor.py:183} INFO - Processing /Users/zafarimam/Documents/E-Commerce Order Pipeline/airflow_venv_39/lib/python3.9/site-packages/airflow/example_dags/example_time_delta_sensor_async.py took 0.124 seconds
[2025-05-27T19:49:59.138+0530] {processor.py:161} INFO - Started process (PID=28992) to work on /Users/zafarimam/Documents/E-Commerce Order Pipeline/airflow_venv_39/lib/python3.9/site-packages/airflow/example_dags/example_time_delta_sensor_async.py
[2025-05-27T19:49:59.139+0530] {processor.py:830} INFO - Processing file /Users/zafarimam/Documents/E-Commerce Order Pipeline/airflow_venv_39/lib/python3.9/site-packages/airflow/example_dags/example_time_delta_sensor_async.py for tasks to queue
[2025-05-27T19:49:59.139+0530] {logging_mixin.py:188} INFO - [2025-05-27T19:49:59.139+0530] {dagbag.py:538} INFO - Filling up the DagBag from /Users/zafarimam/Documents/E-Commerce Order Pipeline/airflow_venv_39/lib/python3.9/site-packages/airflow/example_dags/example_time_delta_sensor_async.py
[2025-05-27T19:49:59.147+0530] {processor.py:840} INFO - DAG(s) 'example_time_delta_sensor_async' retrieved from /Users/zafarimam/Documents/E-Commerce Order Pipeline/airflow_venv_39/lib/python3.9/site-packages/airflow/example_dags/example_time_delta_sensor_async.py
[2025-05-27T19:49:59.238+0530] {logging_mixin.py:188} INFO - [2025-05-27T19:49:59.238+0530] {dag.py:3036} INFO - Sync 1 DAGs
[2025-05-27T19:49:59.245+0530] {logging_mixin.py:188} INFO - [2025-05-27T19:49:59.244+0530] {dag.py:3823} INFO - Setting next_dagrun for example_time_delta_sensor_async to None, run_after=None
[2025-05-27T19:49:59.259+0530] {processor.py:183} INFO - Processing /Users/zafarimam/Documents/E-Commerce Order Pipeline/airflow_venv_39/lib/python3.9/site-packages/airflow/example_dags/example_time_delta_sensor_async.py took 0.123 seconds
[2025-05-27T19:51:47.687+0530] {processor.py:161} INFO - Started process (PID=29078) to work on /Users/zafarimam/Documents/E-Commerce Order Pipeline/airflow_venv_39/lib/python3.9/site-packages/airflow/example_dags/example_time_delta_sensor_async.py
[2025-05-27T19:51:47.688+0530] {processor.py:830} INFO - Processing file /Users/zafarimam/Documents/E-Commerce Order Pipeline/airflow_venv_39/lib/python3.9/site-packages/airflow/example_dags/example_time_delta_sensor_async.py for tasks to queue
[2025-05-27T19:51:47.689+0530] {logging_mixin.py:188} INFO - [2025-05-27T19:51:47.688+0530] {dagbag.py:538} INFO - Filling up the DagBag from /Users/zafarimam/Documents/E-Commerce Order Pipeline/airflow_venv_39/lib/python3.9/site-packages/airflow/example_dags/example_time_delta_sensor_async.py
[2025-05-27T19:51:47.696+0530] {processor.py:840} INFO - DAG(s) 'example_time_delta_sensor_async' retrieved from /Users/zafarimam/Documents/E-Commerce Order Pipeline/airflow_venv_39/lib/python3.9/site-packages/airflow/example_dags/example_time_delta_sensor_async.py
[2025-05-27T19:51:47.794+0530] {logging_mixin.py:188} INFO - [2025-05-27T19:51:47.794+0530] {dag.py:3036} INFO - Sync 1 DAGs
[2025-05-27T19:51:47.802+0530] {logging_mixin.py:188} INFO - [2025-05-27T19:51:47.802+0530] {dag.py:3823} INFO - Setting next_dagrun for example_time_delta_sensor_async to None, run_after=None
[2025-05-27T19:51:47.818+0530] {processor.py:183} INFO - Processing /Users/zafarimam/Documents/E-Commerce Order Pipeline/airflow_venv_39/lib/python3.9/site-packages/airflow/example_dags/example_time_delta_sensor_async.py took 0.132 seconds
