[2025-05-27T17:38:24.171+0530] {processor.py:161} INFO - Started process (PID=22822) to work on /Users/zafarimam/Documents/E-Commerce Order Pipeline/airflow_venv_39/lib/python3.9/site-packages/airflow/example_dags/example_short_circuit_decorator.py
[2025-05-27T17:38:24.172+0530] {processor.py:830} INFO - Processing file /Users/zafarimam/Documents/E-Commerce Order Pipeline/airflow_venv_39/lib/python3.9/site-packages/airflow/example_dags/example_short_circuit_decorator.py for tasks to queue
[2025-05-27T17:38:24.173+0530] {logging_mixin.py:188} INFO - [2025-05-27T17:38:24.173+0530] {dagbag.py:538} INFO - Filling up the DagBag from /Users/zafarimam/Documents/E-Commerce Order Pipeline/airflow_venv_39/lib/python3.9/site-packages/airflow/example_dags/example_short_circuit_decorator.py
[2025-05-27T17:38:24.208+0530] {processor.py:840} INFO - DAG(s) 'example_short_circuit_decorator' retrieved from /Users/zafarimam/Documents/E-Commerce Order Pipeline/airflow_venv_39/lib/python3.9/site-packages/airflow/example_dags/example_short_circuit_decorator.py
[2025-05-27T17:38:24.349+0530] {logging_mixin.py:188} INFO - [2025-05-27T17:38:24.349+0530] {dag.py:3036} INFO - Sync 1 DAGs
[2025-05-27T17:38:24.362+0530] {logging_mixin.py:188} INFO - [2025-05-27T17:38:24.362+0530] {dag.py:3823} INFO - Setting next_dagrun for example_short_circuit_decorator to 2025-05-26 00:00:00+00:00, run_after=2025-05-27 00:00:00+00:00
[2025-05-27T17:38:24.377+0530] {processor.py:183} INFO - Processing /Users/zafarimam/Documents/E-Commerce Order Pipeline/airflow_venv_39/lib/python3.9/site-packages/airflow/example_dags/example_short_circuit_decorator.py took 0.207 seconds
[2025-05-27T17:40:29.168+0530] {processor.py:161} INFO - Started process (PID=22908) to work on /Users/zafarimam/Documents/E-Commerce Order Pipeline/airflow_venv_39/lib/python3.9/site-packages/airflow/example_dags/example_short_circuit_decorator.py
[2025-05-27T17:40:29.170+0530] {processor.py:830} INFO - Processing file /Users/zafarimam/Documents/E-Commerce Order Pipeline/airflow_venv_39/lib/python3.9/site-packages/airflow/example_dags/example_short_circuit_decorator.py for tasks to queue
[2025-05-27T17:40:29.170+0530] {logging_mixin.py:188} INFO - [2025-05-27T17:40:29.170+0530] {dagbag.py:538} INFO - Filling up the DagBag from /Users/zafarimam/Documents/E-Commerce Order Pipeline/airflow_venv_39/lib/python3.9/site-packages/airflow/example_dags/example_short_circuit_decorator.py
[2025-05-27T17:40:29.212+0530] {processor.py:840} INFO - DAG(s) 'example_short_circuit_decorator' retrieved from /Users/zafarimam/Documents/E-Commerce Order Pipeline/airflow_venv_39/lib/python3.9/site-packages/airflow/example_dags/example_short_circuit_decorator.py
[2025-05-27T17:40:29.299+0530] {logging_mixin.py:188} INFO - [2025-05-27T17:40:29.299+0530] {dag.py:3036} INFO - Sync 1 DAGs
[2025-05-27T17:40:29.313+0530] {logging_mixin.py:188} INFO - [2025-05-27T17:40:29.313+0530] {dag.py:3823} INFO - Setting next_dagrun for example_short_circuit_decorator to 2025-05-26 00:00:00+00:00, run_after=2025-05-27 00:00:00+00:00
[2025-05-27T17:40:29.328+0530] {processor.py:183} INFO - Processing /Users/zafarimam/Documents/E-Commerce Order Pipeline/airflow_venv_39/lib/python3.9/site-packages/airflow/example_dags/example_short_circuit_decorator.py took 0.161 seconds
[2025-05-27T17:42:27.165+0530] {processor.py:161} INFO - Started process (PID=22971) to work on /Users/zafarimam/Documents/E-Commerce Order Pipeline/airflow_venv_39/lib/python3.9/site-packages/airflow/example_dags/example_short_circuit_decorator.py
[2025-05-27T17:42:27.167+0530] {processor.py:830} INFO - Processing file /Users/zafarimam/Documents/E-Commerce Order Pipeline/airflow_venv_39/lib/python3.9/site-packages/airflow/example_dags/example_short_circuit_decorator.py for tasks to queue
[2025-05-27T17:42:27.168+0530] {logging_mixin.py:188} INFO - [2025-05-27T17:42:27.167+0530] {dagbag.py:538} INFO - Filling up the DagBag from /Users/zafarimam/Documents/E-Commerce Order Pipeline/airflow_venv_39/lib/python3.9/site-packages/airflow/example_dags/example_short_circuit_decorator.py
[2025-05-27T17:42:27.209+0530] {processor.py:840} INFO - DAG(s) 'example_short_circuit_decorator' retrieved from /Users/zafarimam/Documents/E-Commerce Order Pipeline/airflow_venv_39/lib/python3.9/site-packages/airflow/example_dags/example_short_circuit_decorator.py
[2025-05-27T17:42:27.292+0530] {logging_mixin.py:188} INFO - [2025-05-27T17:42:27.292+0530] {dag.py:3036} INFO - Sync 1 DAGs
[2025-05-27T17:42:27.304+0530] {logging_mixin.py:188} INFO - [2025-05-27T17:42:27.304+0530] {dag.py:3823} INFO - Setting next_dagrun for example_short_circuit_decorator to 2025-05-26 00:00:00+00:00, run_after=2025-05-27 00:00:00+00:00
[2025-05-27T17:42:27.320+0530] {processor.py:183} INFO - Processing /Users/zafarimam/Documents/E-Commerce Order Pipeline/airflow_venv_39/lib/python3.9/site-packages/airflow/example_dags/example_short_circuit_decorator.py took 0.156 seconds
[2025-05-27T17:44:16.073+0530] {processor.py:161} INFO - Started process (PID=23032) to work on /Users/zafarimam/Documents/E-Commerce Order Pipeline/airflow_venv_39/lib/python3.9/site-packages/airflow/example_dags/example_short_circuit_decorator.py
[2025-05-27T17:44:16.075+0530] {processor.py:830} INFO - Processing file /Users/zafarimam/Documents/E-Commerce Order Pipeline/airflow_venv_39/lib/python3.9/site-packages/airflow/example_dags/example_short_circuit_decorator.py for tasks to queue
[2025-05-27T17:44:16.076+0530] {logging_mixin.py:188} INFO - [2025-05-27T17:44:16.076+0530] {dagbag.py:538} INFO - Filling up the DagBag from /Users/zafarimam/Documents/E-Commerce Order Pipeline/airflow_venv_39/lib/python3.9/site-packages/airflow/example_dags/example_short_circuit_decorator.py
[2025-05-27T17:44:16.114+0530] {processor.py:840} INFO - DAG(s) 'example_short_circuit_decorator' retrieved from /Users/zafarimam/Documents/E-Commerce Order Pipeline/airflow_venv_39/lib/python3.9/site-packages/airflow/example_dags/example_short_circuit_decorator.py
[2025-05-27T17:44:16.194+0530] {logging_mixin.py:188} INFO - [2025-05-27T17:44:16.193+0530] {dag.py:3036} INFO - Sync 1 DAGs
[2025-05-27T17:44:16.205+0530] {logging_mixin.py:188} INFO - [2025-05-27T17:44:16.205+0530] {dag.py:3823} INFO - Setting next_dagrun for example_short_circuit_decorator to 2025-05-26 00:00:00+00:00, run_after=2025-05-27 00:00:00+00:00
[2025-05-27T17:44:16.218+0530] {processor.py:183} INFO - Processing /Users/zafarimam/Documents/E-Commerce Order Pipeline/airflow_venv_39/lib/python3.9/site-packages/airflow/example_dags/example_short_circuit_decorator.py took 0.146 seconds
[2025-05-27T17:51:12.578+0530] {processor.py:161} INFO - Started process (PID=23123) to work on /Users/zafarimam/Documents/E-Commerce Order Pipeline/airflow_venv_39/lib/python3.9/site-packages/airflow/example_dags/example_short_circuit_decorator.py
[2025-05-27T17:51:12.580+0530] {processor.py:830} INFO - Processing file /Users/zafarimam/Documents/E-Commerce Order Pipeline/airflow_venv_39/lib/python3.9/site-packages/airflow/example_dags/example_short_circuit_decorator.py for tasks to queue
[2025-05-27T17:51:12.581+0530] {logging_mixin.py:188} INFO - [2025-05-27T17:51:12.581+0530] {dagbag.py:538} INFO - Filling up the DagBag from /Users/zafarimam/Documents/E-Commerce Order Pipeline/airflow_venv_39/lib/python3.9/site-packages/airflow/example_dags/example_short_circuit_decorator.py
[2025-05-27T17:51:12.621+0530] {processor.py:840} INFO - DAG(s) 'example_short_circuit_decorator' retrieved from /Users/zafarimam/Documents/E-Commerce Order Pipeline/airflow_venv_39/lib/python3.9/site-packages/airflow/example_dags/example_short_circuit_decorator.py
[2025-05-27T17:51:12.708+0530] {logging_mixin.py:188} INFO - [2025-05-27T17:51:12.707+0530] {dag.py:3036} INFO - Sync 1 DAGs
[2025-05-27T17:51:12.720+0530] {logging_mixin.py:188} INFO - [2025-05-27T17:51:12.720+0530] {dag.py:3823} INFO - Setting next_dagrun for example_short_circuit_decorator to 2025-05-26 00:00:00+00:00, run_after=2025-05-27 00:00:00+00:00
[2025-05-27T17:51:12.735+0530] {processor.py:183} INFO - Processing /Users/zafarimam/Documents/E-Commerce Order Pipeline/airflow_venv_39/lib/python3.9/site-packages/airflow/example_dags/example_short_circuit_decorator.py took 0.158 seconds
[2025-05-27T17:53:07.813+0530] {processor.py:161} INFO - Started process (PID=23585) to work on /Users/zafarimam/Documents/E-Commerce Order Pipeline/airflow_venv_39/lib/python3.9/site-packages/airflow/example_dags/example_short_circuit_decorator.py
[2025-05-27T17:53:07.814+0530] {processor.py:830} INFO - Processing file /Users/zafarimam/Documents/E-Commerce Order Pipeline/airflow_venv_39/lib/python3.9/site-packages/airflow/example_dags/example_short_circuit_decorator.py for tasks to queue
[2025-05-27T17:53:07.814+0530] {logging_mixin.py:188} INFO - [2025-05-27T17:53:07.814+0530] {dagbag.py:538} INFO - Filling up the DagBag from /Users/zafarimam/Documents/E-Commerce Order Pipeline/airflow_venv_39/lib/python3.9/site-packages/airflow/example_dags/example_short_circuit_decorator.py
[2025-05-27T17:53:07.853+0530] {processor.py:840} INFO - DAG(s) 'example_short_circuit_decorator' retrieved from /Users/zafarimam/Documents/E-Commerce Order Pipeline/airflow_venv_39/lib/python3.9/site-packages/airflow/example_dags/example_short_circuit_decorator.py
[2025-05-27T17:53:07.935+0530] {logging_mixin.py:188} INFO - [2025-05-27T17:53:07.935+0530] {dag.py:3036} INFO - Sync 1 DAGs
[2025-05-27T17:53:07.947+0530] {logging_mixin.py:188} INFO - [2025-05-27T17:53:07.947+0530] {dag.py:3823} INFO - Setting next_dagrun for example_short_circuit_decorator to 2025-05-26 00:00:00+00:00, run_after=2025-05-27 00:00:00+00:00
[2025-05-27T17:53:07.960+0530] {processor.py:183} INFO - Processing /Users/zafarimam/Documents/E-Commerce Order Pipeline/airflow_venv_39/lib/python3.9/site-packages/airflow/example_dags/example_short_circuit_decorator.py took 0.149 seconds
[2025-05-27T17:55:42.543+0530] {processor.py:161} INFO - Started process (PID=24061) to work on /Users/zafarimam/Documents/E-Commerce Order Pipeline/airflow_venv_39/lib/python3.9/site-packages/airflow/example_dags/example_short_circuit_decorator.py
[2025-05-27T17:55:42.545+0530] {processor.py:830} INFO - Processing file /Users/zafarimam/Documents/E-Commerce Order Pipeline/airflow_venv_39/lib/python3.9/site-packages/airflow/example_dags/example_short_circuit_decorator.py for tasks to queue
[2025-05-27T17:55:42.546+0530] {logging_mixin.py:188} INFO - [2025-05-27T17:55:42.546+0530] {dagbag.py:538} INFO - Filling up the DagBag from /Users/zafarimam/Documents/E-Commerce Order Pipeline/airflow_venv_39/lib/python3.9/site-packages/airflow/example_dags/example_short_circuit_decorator.py
[2025-05-27T17:55:42.588+0530] {processor.py:840} INFO - DAG(s) 'example_short_circuit_decorator' retrieved from /Users/zafarimam/Documents/E-Commerce Order Pipeline/airflow_venv_39/lib/python3.9/site-packages/airflow/example_dags/example_short_circuit_decorator.py
[2025-05-27T17:55:42.747+0530] {logging_mixin.py:188} INFO - [2025-05-27T17:55:42.747+0530] {dag.py:3036} INFO - Sync 1 DAGs
[2025-05-27T17:55:42.760+0530] {logging_mixin.py:188} INFO - [2025-05-27T17:55:42.760+0530] {dag.py:3823} INFO - Setting next_dagrun for example_short_circuit_decorator to 2025-05-26 00:00:00+00:00, run_after=2025-05-27 00:00:00+00:00
[2025-05-27T17:55:42.773+0530] {processor.py:183} INFO - Processing /Users/zafarimam/Documents/E-Commerce Order Pipeline/airflow_venv_39/lib/python3.9/site-packages/airflow/example_dags/example_short_circuit_decorator.py took 0.231 seconds
[2025-05-27T17:57:53.880+0530] {processor.py:161} INFO - Started process (PID=24469) to work on /Users/zafarimam/Documents/E-Commerce Order Pipeline/airflow_venv_39/lib/python3.9/site-packages/airflow/example_dags/example_short_circuit_decorator.py
[2025-05-27T17:57:53.882+0530] {processor.py:830} INFO - Processing file /Users/zafarimam/Documents/E-Commerce Order Pipeline/airflow_venv_39/lib/python3.9/site-packages/airflow/example_dags/example_short_circuit_decorator.py for tasks to queue
[2025-05-27T17:57:53.883+0530] {logging_mixin.py:188} INFO - [2025-05-27T17:57:53.883+0530] {dagbag.py:538} INFO - Filling up the DagBag from /Users/zafarimam/Documents/E-Commerce Order Pipeline/airflow_venv_39/lib/python3.9/site-packages/airflow/example_dags/example_short_circuit_decorator.py
[2025-05-27T17:57:53.929+0530] {processor.py:840} INFO - DAG(s) 'example_short_circuit_decorator' retrieved from /Users/zafarimam/Documents/E-Commerce Order Pipeline/airflow_venv_39/lib/python3.9/site-packages/airflow/example_dags/example_short_circuit_decorator.py
[2025-05-27T17:57:54.037+0530] {logging_mixin.py:188} INFO - [2025-05-27T17:57:54.037+0530] {dag.py:3036} INFO - Sync 1 DAGs
[2025-05-27T17:57:54.052+0530] {logging_mixin.py:188} INFO - [2025-05-27T17:57:54.051+0530] {dag.py:3823} INFO - Setting next_dagrun for example_short_circuit_decorator to 2025-05-26 00:00:00+00:00, run_after=2025-05-27 00:00:00+00:00
[2025-05-27T17:57:54.066+0530] {processor.py:183} INFO - Processing /Users/zafarimam/Documents/E-Commerce Order Pipeline/airflow_venv_39/lib/python3.9/site-packages/airflow/example_dags/example_short_circuit_decorator.py took 0.188 seconds
[2025-05-27T18:06:14.323+0530] {processor.py:161} INFO - Started process (PID=25103) to work on /Users/zafarimam/Documents/E-Commerce Order Pipeline/airflow_venv_39/lib/python3.9/site-packages/airflow/example_dags/example_short_circuit_decorator.py
[2025-05-27T18:06:14.325+0530] {processor.py:830} INFO - Processing file /Users/zafarimam/Documents/E-Commerce Order Pipeline/airflow_venv_39/lib/python3.9/site-packages/airflow/example_dags/example_short_circuit_decorator.py for tasks to queue
[2025-05-27T18:06:14.325+0530] {logging_mixin.py:188} INFO - [2025-05-27T18:06:14.325+0530] {dagbag.py:538} INFO - Filling up the DagBag from /Users/zafarimam/Documents/E-Commerce Order Pipeline/airflow_venv_39/lib/python3.9/site-packages/airflow/example_dags/example_short_circuit_decorator.py
[2025-05-27T18:06:14.364+0530] {processor.py:840} INFO - DAG(s) 'example_short_circuit_decorator' retrieved from /Users/zafarimam/Documents/E-Commerce Order Pipeline/airflow_venv_39/lib/python3.9/site-packages/airflow/example_dags/example_short_circuit_decorator.py
[2025-05-27T18:06:14.458+0530] {logging_mixin.py:188} INFO - [2025-05-27T18:06:14.458+0530] {dag.py:3036} INFO - Sync 1 DAGs
[2025-05-27T18:06:14.472+0530] {logging_mixin.py:188} INFO - [2025-05-27T18:06:14.472+0530] {dag.py:3823} INFO - Setting next_dagrun for example_short_circuit_decorator to 2025-05-26 00:00:00+00:00, run_after=2025-05-27 00:00:00+00:00
[2025-05-27T18:06:14.487+0530] {processor.py:183} INFO - Processing /Users/zafarimam/Documents/E-Commerce Order Pipeline/airflow_venv_39/lib/python3.9/site-packages/airflow/example_dags/example_short_circuit_decorator.py took 0.165 seconds
[2025-05-27T18:08:18.293+0530] {processor.py:161} INFO - Started process (PID=25170) to work on /Users/zafarimam/Documents/E-Commerce Order Pipeline/airflow_venv_39/lib/python3.9/site-packages/airflow/example_dags/example_short_circuit_decorator.py
[2025-05-27T18:08:18.294+0530] {processor.py:830} INFO - Processing file /Users/zafarimam/Documents/E-Commerce Order Pipeline/airflow_venv_39/lib/python3.9/site-packages/airflow/example_dags/example_short_circuit_decorator.py for tasks to queue
[2025-05-27T18:08:18.295+0530] {logging_mixin.py:188} INFO - [2025-05-27T18:08:18.295+0530] {dagbag.py:538} INFO - Filling up the DagBag from /Users/zafarimam/Documents/E-Commerce Order Pipeline/airflow_venv_39/lib/python3.9/site-packages/airflow/example_dags/example_short_circuit_decorator.py
[2025-05-27T18:08:18.337+0530] {processor.py:840} INFO - DAG(s) 'example_short_circuit_decorator' retrieved from /Users/zafarimam/Documents/E-Commerce Order Pipeline/airflow_venv_39/lib/python3.9/site-packages/airflow/example_dags/example_short_circuit_decorator.py
[2025-05-27T18:08:18.428+0530] {logging_mixin.py:188} INFO - [2025-05-27T18:08:18.428+0530] {dag.py:3036} INFO - Sync 1 DAGs
[2025-05-27T18:08:18.442+0530] {logging_mixin.py:188} INFO - [2025-05-27T18:08:18.442+0530] {dag.py:3823} INFO - Setting next_dagrun for example_short_circuit_decorator to 2025-05-26 00:00:00+00:00, run_after=2025-05-27 00:00:00+00:00
[2025-05-27T18:08:18.463+0530] {processor.py:183} INFO - Processing /Users/zafarimam/Documents/E-Commerce Order Pipeline/airflow_venv_39/lib/python3.9/site-packages/airflow/example_dags/example_short_circuit_decorator.py took 0.171 seconds
[2025-05-27T18:10:13.300+0530] {processor.py:161} INFO - Started process (PID=25226) to work on /Users/zafarimam/Documents/E-Commerce Order Pipeline/airflow_venv_39/lib/python3.9/site-packages/airflow/example_dags/example_short_circuit_decorator.py
[2025-05-27T18:10:13.301+0530] {processor.py:830} INFO - Processing file /Users/zafarimam/Documents/E-Commerce Order Pipeline/airflow_venv_39/lib/python3.9/site-packages/airflow/example_dags/example_short_circuit_decorator.py for tasks to queue
[2025-05-27T18:10:13.301+0530] {logging_mixin.py:188} INFO - [2025-05-27T18:10:13.301+0530] {dagbag.py:538} INFO - Filling up the DagBag from /Users/zafarimam/Documents/E-Commerce Order Pipeline/airflow_venv_39/lib/python3.9/site-packages/airflow/example_dags/example_short_circuit_decorator.py
[2025-05-27T18:10:13.338+0530] {processor.py:840} INFO - DAG(s) 'example_short_circuit_decorator' retrieved from /Users/zafarimam/Documents/E-Commerce Order Pipeline/airflow_venv_39/lib/python3.9/site-packages/airflow/example_dags/example_short_circuit_decorator.py
[2025-05-27T18:10:13.419+0530] {logging_mixin.py:188} INFO - [2025-05-27T18:10:13.419+0530] {dag.py:3036} INFO - Sync 1 DAGs
[2025-05-27T18:10:13.431+0530] {logging_mixin.py:188} INFO - [2025-05-27T18:10:13.431+0530] {dag.py:3823} INFO - Setting next_dagrun for example_short_circuit_decorator to 2025-05-26 00:00:00+00:00, run_after=2025-05-27 00:00:00+00:00
[2025-05-27T18:10:13.447+0530] {processor.py:183} INFO - Processing /Users/zafarimam/Documents/E-Commerce Order Pipeline/airflow_venv_39/lib/python3.9/site-packages/airflow/example_dags/example_short_circuit_decorator.py took 0.149 seconds
[2025-05-27T18:11:59.805+0530] {processor.py:161} INFO - Started process (PID=25286) to work on /Users/zafarimam/Documents/E-Commerce Order Pipeline/airflow_venv_39/lib/python3.9/site-packages/airflow/example_dags/example_short_circuit_decorator.py
[2025-05-27T18:11:59.806+0530] {processor.py:830} INFO - Processing file /Users/zafarimam/Documents/E-Commerce Order Pipeline/airflow_venv_39/lib/python3.9/site-packages/airflow/example_dags/example_short_circuit_decorator.py for tasks to queue
[2025-05-27T18:11:59.807+0530] {logging_mixin.py:188} INFO - [2025-05-27T18:11:59.807+0530] {dagbag.py:538} INFO - Filling up the DagBag from /Users/zafarimam/Documents/E-Commerce Order Pipeline/airflow_venv_39/lib/python3.9/site-packages/airflow/example_dags/example_short_circuit_decorator.py
[2025-05-27T18:11:59.845+0530] {processor.py:840} INFO - DAG(s) 'example_short_circuit_decorator' retrieved from /Users/zafarimam/Documents/E-Commerce Order Pipeline/airflow_venv_39/lib/python3.9/site-packages/airflow/example_dags/example_short_circuit_decorator.py
[2025-05-27T18:11:59.927+0530] {logging_mixin.py:188} INFO - [2025-05-27T18:11:59.927+0530] {dag.py:3036} INFO - Sync 1 DAGs
[2025-05-27T18:11:59.941+0530] {logging_mixin.py:188} INFO - [2025-05-27T18:11:59.941+0530] {dag.py:3823} INFO - Setting next_dagrun for example_short_circuit_decorator to 2025-05-26 00:00:00+00:00, run_after=2025-05-27 00:00:00+00:00
[2025-05-27T18:11:59.956+0530] {processor.py:183} INFO - Processing /Users/zafarimam/Documents/E-Commerce Order Pipeline/airflow_venv_39/lib/python3.9/site-packages/airflow/example_dags/example_short_circuit_decorator.py took 0.152 seconds
[2025-05-27T18:14:01.896+0530] {processor.py:161} INFO - Started process (PID=25355) to work on /Users/zafarimam/Documents/E-Commerce Order Pipeline/airflow_venv_39/lib/python3.9/site-packages/airflow/example_dags/example_short_circuit_decorator.py
[2025-05-27T18:14:01.897+0530] {processor.py:830} INFO - Processing file /Users/zafarimam/Documents/E-Commerce Order Pipeline/airflow_venv_39/lib/python3.9/site-packages/airflow/example_dags/example_short_circuit_decorator.py for tasks to queue
[2025-05-27T18:14:01.898+0530] {logging_mixin.py:188} INFO - [2025-05-27T18:14:01.898+0530] {dagbag.py:538} INFO - Filling up the DagBag from /Users/zafarimam/Documents/E-Commerce Order Pipeline/airflow_venv_39/lib/python3.9/site-packages/airflow/example_dags/example_short_circuit_decorator.py
[2025-05-27T18:14:01.938+0530] {processor.py:840} INFO - DAG(s) 'example_short_circuit_decorator' retrieved from /Users/zafarimam/Documents/E-Commerce Order Pipeline/airflow_venv_39/lib/python3.9/site-packages/airflow/example_dags/example_short_circuit_decorator.py
[2025-05-27T18:14:02.023+0530] {logging_mixin.py:188} INFO - [2025-05-27T18:14:02.023+0530] {dag.py:3036} INFO - Sync 1 DAGs
[2025-05-27T18:14:02.036+0530] {logging_mixin.py:188} INFO - [2025-05-27T18:14:02.036+0530] {dag.py:3823} INFO - Setting next_dagrun for example_short_circuit_decorator to 2025-05-26 00:00:00+00:00, run_after=2025-05-27 00:00:00+00:00
[2025-05-27T18:14:02.051+0530] {processor.py:183} INFO - Processing /Users/zafarimam/Documents/E-Commerce Order Pipeline/airflow_venv_39/lib/python3.9/site-packages/airflow/example_dags/example_short_circuit_decorator.py took 0.156 seconds
[2025-05-27T18:15:48.192+0530] {processor.py:161} INFO - Started process (PID=25419) to work on /Users/zafarimam/Documents/E-Commerce Order Pipeline/airflow_venv_39/lib/python3.9/site-packages/airflow/example_dags/example_short_circuit_decorator.py
[2025-05-27T18:15:48.193+0530] {processor.py:830} INFO - Processing file /Users/zafarimam/Documents/E-Commerce Order Pipeline/airflow_venv_39/lib/python3.9/site-packages/airflow/example_dags/example_short_circuit_decorator.py for tasks to queue
[2025-05-27T18:15:48.194+0530] {logging_mixin.py:188} INFO - [2025-05-27T18:15:48.193+0530] {dagbag.py:538} INFO - Filling up the DagBag from /Users/zafarimam/Documents/E-Commerce Order Pipeline/airflow_venv_39/lib/python3.9/site-packages/airflow/example_dags/example_short_circuit_decorator.py
[2025-05-27T18:15:48.231+0530] {processor.py:840} INFO - DAG(s) 'example_short_circuit_decorator' retrieved from /Users/zafarimam/Documents/E-Commerce Order Pipeline/airflow_venv_39/lib/python3.9/site-packages/airflow/example_dags/example_short_circuit_decorator.py
[2025-05-27T18:15:48.314+0530] {logging_mixin.py:188} INFO - [2025-05-27T18:15:48.314+0530] {dag.py:3036} INFO - Sync 1 DAGs
[2025-05-27T18:15:48.327+0530] {logging_mixin.py:188} INFO - [2025-05-27T18:15:48.327+0530] {dag.py:3823} INFO - Setting next_dagrun for example_short_circuit_decorator to 2025-05-26 00:00:00+00:00, run_after=2025-05-27 00:00:00+00:00
[2025-05-27T18:15:48.342+0530] {processor.py:183} INFO - Processing /Users/zafarimam/Documents/E-Commerce Order Pipeline/airflow_venv_39/lib/python3.9/site-packages/airflow/example_dags/example_short_circuit_decorator.py took 0.151 seconds
[2025-05-27T18:17:30.688+0530] {processor.py:161} INFO - Started process (PID=25474) to work on /Users/zafarimam/Documents/E-Commerce Order Pipeline/airflow_venv_39/lib/python3.9/site-packages/airflow/example_dags/example_short_circuit_decorator.py
[2025-05-27T18:17:30.689+0530] {processor.py:830} INFO - Processing file /Users/zafarimam/Documents/E-Commerce Order Pipeline/airflow_venv_39/lib/python3.9/site-packages/airflow/example_dags/example_short_circuit_decorator.py for tasks to queue
[2025-05-27T18:17:30.689+0530] {logging_mixin.py:188} INFO - [2025-05-27T18:17:30.689+0530] {dagbag.py:538} INFO - Filling up the DagBag from /Users/zafarimam/Documents/E-Commerce Order Pipeline/airflow_venv_39/lib/python3.9/site-packages/airflow/example_dags/example_short_circuit_decorator.py
[2025-05-27T18:17:30.726+0530] {processor.py:840} INFO - DAG(s) 'example_short_circuit_decorator' retrieved from /Users/zafarimam/Documents/E-Commerce Order Pipeline/airflow_venv_39/lib/python3.9/site-packages/airflow/example_dags/example_short_circuit_decorator.py
[2025-05-27T18:17:30.806+0530] {logging_mixin.py:188} INFO - [2025-05-27T18:17:30.806+0530] {dag.py:3036} INFO - Sync 1 DAGs
[2025-05-27T18:17:30.818+0530] {logging_mixin.py:188} INFO - [2025-05-27T18:17:30.818+0530] {dag.py:3823} INFO - Setting next_dagrun for example_short_circuit_decorator to 2025-05-26 00:00:00+00:00, run_after=2025-05-27 00:00:00+00:00
[2025-05-27T18:17:30.832+0530] {processor.py:183} INFO - Processing /Users/zafarimam/Documents/E-Commerce Order Pipeline/airflow_venv_39/lib/python3.9/site-packages/airflow/example_dags/example_short_circuit_decorator.py took 0.145 seconds
[2025-05-27T18:22:07.238+0530] {processor.py:161} INFO - Started process (PID=25679) to work on /Users/zafarimam/Documents/E-Commerce Order Pipeline/airflow_venv_39/lib/python3.9/site-packages/airflow/example_dags/example_short_circuit_decorator.py
[2025-05-27T18:22:07.239+0530] {processor.py:830} INFO - Processing file /Users/zafarimam/Documents/E-Commerce Order Pipeline/airflow_venv_39/lib/python3.9/site-packages/airflow/example_dags/example_short_circuit_decorator.py for tasks to queue
[2025-05-27T18:22:07.240+0530] {logging_mixin.py:188} INFO - [2025-05-27T18:22:07.240+0530] {dagbag.py:538} INFO - Filling up the DagBag from /Users/zafarimam/Documents/E-Commerce Order Pipeline/airflow_venv_39/lib/python3.9/site-packages/airflow/example_dags/example_short_circuit_decorator.py
[2025-05-27T18:22:07.279+0530] {processor.py:840} INFO - DAG(s) 'example_short_circuit_decorator' retrieved from /Users/zafarimam/Documents/E-Commerce Order Pipeline/airflow_venv_39/lib/python3.9/site-packages/airflow/example_dags/example_short_circuit_decorator.py
[2025-05-27T18:22:07.361+0530] {logging_mixin.py:188} INFO - [2025-05-27T18:22:07.361+0530] {dag.py:3036} INFO - Sync 1 DAGs
[2025-05-27T18:22:07.373+0530] {logging_mixin.py:188} INFO - [2025-05-27T18:22:07.372+0530] {dag.py:3823} INFO - Setting next_dagrun for example_short_circuit_decorator to 2025-05-26 00:00:00+00:00, run_after=2025-05-27 00:00:00+00:00
[2025-05-27T18:22:07.386+0530] {processor.py:183} INFO - Processing /Users/zafarimam/Documents/E-Commerce Order Pipeline/airflow_venv_39/lib/python3.9/site-packages/airflow/example_dags/example_short_circuit_decorator.py took 0.150 seconds
[2025-05-27T18:27:23.039+0530] {processor.py:161} INFO - Started process (PID=25853) to work on /Users/zafarimam/Documents/E-Commerce Order Pipeline/airflow_venv_39/lib/python3.9/site-packages/airflow/example_dags/example_short_circuit_decorator.py
[2025-05-27T18:27:23.041+0530] {processor.py:830} INFO - Processing file /Users/zafarimam/Documents/E-Commerce Order Pipeline/airflow_venv_39/lib/python3.9/site-packages/airflow/example_dags/example_short_circuit_decorator.py for tasks to queue
[2025-05-27T18:27:23.042+0530] {logging_mixin.py:188} INFO - [2025-05-27T18:27:23.042+0530] {dagbag.py:538} INFO - Filling up the DagBag from /Users/zafarimam/Documents/E-Commerce Order Pipeline/airflow_venv_39/lib/python3.9/site-packages/airflow/example_dags/example_short_circuit_decorator.py
[2025-05-27T18:27:23.085+0530] {processor.py:840} INFO - DAG(s) 'example_short_circuit_decorator' retrieved from /Users/zafarimam/Documents/E-Commerce Order Pipeline/airflow_venv_39/lib/python3.9/site-packages/airflow/example_dags/example_short_circuit_decorator.py
[2025-05-27T18:27:23.176+0530] {logging_mixin.py:188} INFO - [2025-05-27T18:27:23.176+0530] {dag.py:3036} INFO - Sync 1 DAGs
[2025-05-27T18:27:23.190+0530] {logging_mixin.py:188} INFO - [2025-05-27T18:27:23.189+0530] {dag.py:3823} INFO - Setting next_dagrun for example_short_circuit_decorator to 2025-05-26 00:00:00+00:00, run_after=2025-05-27 00:00:00+00:00
[2025-05-27T18:27:23.204+0530] {processor.py:183} INFO - Processing /Users/zafarimam/Documents/E-Commerce Order Pipeline/airflow_venv_39/lib/python3.9/site-packages/airflow/example_dags/example_short_circuit_decorator.py took 0.166 seconds
[2025-05-27T18:29:24.884+0530] {processor.py:161} INFO - Started process (PID=25924) to work on /Users/zafarimam/Documents/E-Commerce Order Pipeline/airflow_venv_39/lib/python3.9/site-packages/airflow/example_dags/example_short_circuit_decorator.py
[2025-05-27T18:29:24.885+0530] {processor.py:830} INFO - Processing file /Users/zafarimam/Documents/E-Commerce Order Pipeline/airflow_venv_39/lib/python3.9/site-packages/airflow/example_dags/example_short_circuit_decorator.py for tasks to queue
[2025-05-27T18:29:24.886+0530] {logging_mixin.py:188} INFO - [2025-05-27T18:29:24.886+0530] {dagbag.py:538} INFO - Filling up the DagBag from /Users/zafarimam/Documents/E-Commerce Order Pipeline/airflow_venv_39/lib/python3.9/site-packages/airflow/example_dags/example_short_circuit_decorator.py
[2025-05-27T18:29:24.924+0530] {processor.py:840} INFO - DAG(s) 'example_short_circuit_decorator' retrieved from /Users/zafarimam/Documents/E-Commerce Order Pipeline/airflow_venv_39/lib/python3.9/site-packages/airflow/example_dags/example_short_circuit_decorator.py
[2025-05-27T18:29:25.003+0530] {logging_mixin.py:188} INFO - [2025-05-27T18:29:25.003+0530] {dag.py:3036} INFO - Sync 1 DAGs
[2025-05-27T18:29:25.015+0530] {logging_mixin.py:188} INFO - [2025-05-27T18:29:25.015+0530] {dag.py:3823} INFO - Setting next_dagrun for example_short_circuit_decorator to 2025-05-26 00:00:00+00:00, run_after=2025-05-27 00:00:00+00:00
[2025-05-27T18:29:25.029+0530] {processor.py:183} INFO - Processing /Users/zafarimam/Documents/E-Commerce Order Pipeline/airflow_venv_39/lib/python3.9/site-packages/airflow/example_dags/example_short_circuit_decorator.py took 0.146 seconds
[2025-05-27T18:31:13.521+0530] {processor.py:161} INFO - Started process (PID=25983) to work on /Users/zafarimam/Documents/E-Commerce Order Pipeline/airflow_venv_39/lib/python3.9/site-packages/airflow/example_dags/example_short_circuit_decorator.py
[2025-05-27T18:31:13.522+0530] {processor.py:830} INFO - Processing file /Users/zafarimam/Documents/E-Commerce Order Pipeline/airflow_venv_39/lib/python3.9/site-packages/airflow/example_dags/example_short_circuit_decorator.py for tasks to queue
[2025-05-27T18:31:13.523+0530] {logging_mixin.py:188} INFO - [2025-05-27T18:31:13.523+0530] {dagbag.py:538} INFO - Filling up the DagBag from /Users/zafarimam/Documents/E-Commerce Order Pipeline/airflow_venv_39/lib/python3.9/site-packages/airflow/example_dags/example_short_circuit_decorator.py
[2025-05-27T18:31:13.563+0530] {processor.py:840} INFO - DAG(s) 'example_short_circuit_decorator' retrieved from /Users/zafarimam/Documents/E-Commerce Order Pipeline/airflow_venv_39/lib/python3.9/site-packages/airflow/example_dags/example_short_circuit_decorator.py
[2025-05-27T18:31:13.642+0530] {logging_mixin.py:188} INFO - [2025-05-27T18:31:13.642+0530] {dag.py:3036} INFO - Sync 1 DAGs
[2025-05-27T18:31:13.654+0530] {logging_mixin.py:188} INFO - [2025-05-27T18:31:13.653+0530] {dag.py:3823} INFO - Setting next_dagrun for example_short_circuit_decorator to 2025-05-26 00:00:00+00:00, run_after=2025-05-27 00:00:00+00:00
[2025-05-27T18:31:13.667+0530] {processor.py:183} INFO - Processing /Users/zafarimam/Documents/E-Commerce Order Pipeline/airflow_venv_39/lib/python3.9/site-packages/airflow/example_dags/example_short_circuit_decorator.py took 0.147 seconds
[2025-05-27T18:33:04.612+0530] {processor.py:161} INFO - Started process (PID=26041) to work on /Users/zafarimam/Documents/E-Commerce Order Pipeline/airflow_venv_39/lib/python3.9/site-packages/airflow/example_dags/example_short_circuit_decorator.py
[2025-05-27T18:33:04.613+0530] {processor.py:830} INFO - Processing file /Users/zafarimam/Documents/E-Commerce Order Pipeline/airflow_venv_39/lib/python3.9/site-packages/airflow/example_dags/example_short_circuit_decorator.py for tasks to queue
[2025-05-27T18:33:04.614+0530] {logging_mixin.py:188} INFO - [2025-05-27T18:33:04.613+0530] {dagbag.py:538} INFO - Filling up the DagBag from /Users/zafarimam/Documents/E-Commerce Order Pipeline/airflow_venv_39/lib/python3.9/site-packages/airflow/example_dags/example_short_circuit_decorator.py
[2025-05-27T18:33:04.650+0530] {processor.py:840} INFO - DAG(s) 'example_short_circuit_decorator' retrieved from /Users/zafarimam/Documents/E-Commerce Order Pipeline/airflow_venv_39/lib/python3.9/site-packages/airflow/example_dags/example_short_circuit_decorator.py
[2025-05-27T18:33:04.735+0530] {logging_mixin.py:188} INFO - [2025-05-27T18:33:04.735+0530] {dag.py:3036} INFO - Sync 1 DAGs
[2025-05-27T18:33:04.747+0530] {logging_mixin.py:188} INFO - [2025-05-27T18:33:04.747+0530] {dag.py:3823} INFO - Setting next_dagrun for example_short_circuit_decorator to 2025-05-26 00:00:00+00:00, run_after=2025-05-27 00:00:00+00:00
[2025-05-27T18:33:04.761+0530] {processor.py:183} INFO - Processing /Users/zafarimam/Documents/E-Commerce Order Pipeline/airflow_venv_39/lib/python3.9/site-packages/airflow/example_dags/example_short_circuit_decorator.py took 0.150 seconds
[2025-05-27T18:36:54.878+0530] {processor.py:161} INFO - Started process (PID=26205) to work on /Users/zafarimam/Documents/E-Commerce Order Pipeline/airflow_venv_39/lib/python3.9/site-packages/airflow/example_dags/example_short_circuit_decorator.py
[2025-05-27T18:36:54.880+0530] {processor.py:830} INFO - Processing file /Users/zafarimam/Documents/E-Commerce Order Pipeline/airflow_venv_39/lib/python3.9/site-packages/airflow/example_dags/example_short_circuit_decorator.py for tasks to queue
[2025-05-27T18:36:54.881+0530] {logging_mixin.py:188} INFO - [2025-05-27T18:36:54.881+0530] {dagbag.py:538} INFO - Filling up the DagBag from /Users/zafarimam/Documents/E-Commerce Order Pipeline/airflow_venv_39/lib/python3.9/site-packages/airflow/example_dags/example_short_circuit_decorator.py
[2025-05-27T18:36:54.921+0530] {processor.py:840} INFO - DAG(s) 'example_short_circuit_decorator' retrieved from /Users/zafarimam/Documents/E-Commerce Order Pipeline/airflow_venv_39/lib/python3.9/site-packages/airflow/example_dags/example_short_circuit_decorator.py
[2025-05-27T18:36:55.013+0530] {logging_mixin.py:188} INFO - [2025-05-27T18:36:55.013+0530] {dag.py:3036} INFO - Sync 1 DAGs
[2025-05-27T18:36:55.027+0530] {logging_mixin.py:188} INFO - [2025-05-27T18:36:55.027+0530] {dag.py:3823} INFO - Setting next_dagrun for example_short_circuit_decorator to 2025-05-26 00:00:00+00:00, run_after=2025-05-27 00:00:00+00:00
[2025-05-27T18:36:55.042+0530] {processor.py:183} INFO - Processing /Users/zafarimam/Documents/E-Commerce Order Pipeline/airflow_venv_39/lib/python3.9/site-packages/airflow/example_dags/example_short_circuit_decorator.py took 0.165 seconds
[2025-05-27T18:46:50.295+0530] {processor.py:161} INFO - Started process (PID=26721) to work on /Users/zafarimam/Documents/E-Commerce Order Pipeline/airflow_venv_39/lib/python3.9/site-packages/airflow/example_dags/example_short_circuit_decorator.py
[2025-05-27T18:46:50.296+0530] {processor.py:830} INFO - Processing file /Users/zafarimam/Documents/E-Commerce Order Pipeline/airflow_venv_39/lib/python3.9/site-packages/airflow/example_dags/example_short_circuit_decorator.py for tasks to queue
[2025-05-27T18:46:50.297+0530] {logging_mixin.py:188} INFO - [2025-05-27T18:46:50.297+0530] {dagbag.py:538} INFO - Filling up the DagBag from /Users/zafarimam/Documents/E-Commerce Order Pipeline/airflow_venv_39/lib/python3.9/site-packages/airflow/example_dags/example_short_circuit_decorator.py
[2025-05-27T18:46:50.333+0530] {processor.py:840} INFO - DAG(s) 'example_short_circuit_decorator' retrieved from /Users/zafarimam/Documents/E-Commerce Order Pipeline/airflow_venv_39/lib/python3.9/site-packages/airflow/example_dags/example_short_circuit_decorator.py
[2025-05-27T18:46:50.470+0530] {logging_mixin.py:188} INFO - [2025-05-27T18:46:50.469+0530] {dag.py:3036} INFO - Sync 1 DAGs
[2025-05-27T18:46:50.481+0530] {logging_mixin.py:188} INFO - [2025-05-27T18:46:50.481+0530] {dag.py:3823} INFO - Setting next_dagrun for example_short_circuit_decorator to 2025-05-26 00:00:00+00:00, run_after=2025-05-27 00:00:00+00:00
[2025-05-27T18:46:50.494+0530] {processor.py:183} INFO - Processing /Users/zafarimam/Documents/E-Commerce Order Pipeline/airflow_venv_39/lib/python3.9/site-packages/airflow/example_dags/example_short_circuit_decorator.py took 0.201 seconds
[2025-05-27T18:48:47.078+0530] {processor.py:161} INFO - Started process (PID=26798) to work on /Users/zafarimam/Documents/E-Commerce Order Pipeline/airflow_venv_39/lib/python3.9/site-packages/airflow/example_dags/example_short_circuit_decorator.py
[2025-05-27T18:48:47.079+0530] {processor.py:830} INFO - Processing file /Users/zafarimam/Documents/E-Commerce Order Pipeline/airflow_venv_39/lib/python3.9/site-packages/airflow/example_dags/example_short_circuit_decorator.py for tasks to queue
[2025-05-27T18:48:47.080+0530] {logging_mixin.py:188} INFO - [2025-05-27T18:48:47.080+0530] {dagbag.py:538} INFO - Filling up the DagBag from /Users/zafarimam/Documents/E-Commerce Order Pipeline/airflow_venv_39/lib/python3.9/site-packages/airflow/example_dags/example_short_circuit_decorator.py
[2025-05-27T18:48:47.116+0530] {processor.py:840} INFO - DAG(s) 'example_short_circuit_decorator' retrieved from /Users/zafarimam/Documents/E-Commerce Order Pipeline/airflow_venv_39/lib/python3.9/site-packages/airflow/example_dags/example_short_circuit_decorator.py
[2025-05-27T18:48:47.196+0530] {logging_mixin.py:188} INFO - [2025-05-27T18:48:47.196+0530] {dag.py:3036} INFO - Sync 1 DAGs
[2025-05-27T18:48:47.208+0530] {logging_mixin.py:188} INFO - [2025-05-27T18:48:47.208+0530] {dag.py:3823} INFO - Setting next_dagrun for example_short_circuit_decorator to 2025-05-26 00:00:00+00:00, run_after=2025-05-27 00:00:00+00:00
[2025-05-27T18:48:47.225+0530] {processor.py:183} INFO - Processing /Users/zafarimam/Documents/E-Commerce Order Pipeline/airflow_venv_39/lib/python3.9/site-packages/airflow/example_dags/example_short_circuit_decorator.py took 0.148 seconds
[2025-05-27T18:50:39.064+0530] {processor.py:161} INFO - Started process (PID=26869) to work on /Users/zafarimam/Documents/E-Commerce Order Pipeline/airflow_venv_39/lib/python3.9/site-packages/airflow/example_dags/example_short_circuit_decorator.py
[2025-05-27T18:50:39.065+0530] {processor.py:830} INFO - Processing file /Users/zafarimam/Documents/E-Commerce Order Pipeline/airflow_venv_39/lib/python3.9/site-packages/airflow/example_dags/example_short_circuit_decorator.py for tasks to queue
[2025-05-27T18:50:39.066+0530] {logging_mixin.py:188} INFO - [2025-05-27T18:50:39.066+0530] {dagbag.py:538} INFO - Filling up the DagBag from /Users/zafarimam/Documents/E-Commerce Order Pipeline/airflow_venv_39/lib/python3.9/site-packages/airflow/example_dags/example_short_circuit_decorator.py
[2025-05-27T18:50:39.105+0530] {processor.py:840} INFO - DAG(s) 'example_short_circuit_decorator' retrieved from /Users/zafarimam/Documents/E-Commerce Order Pipeline/airflow_venv_39/lib/python3.9/site-packages/airflow/example_dags/example_short_circuit_decorator.py
[2025-05-27T18:50:39.198+0530] {logging_mixin.py:188} INFO - [2025-05-27T18:50:39.198+0530] {dag.py:3036} INFO - Sync 1 DAGs
[2025-05-27T18:50:39.213+0530] {logging_mixin.py:188} INFO - [2025-05-27T18:50:39.213+0530] {dag.py:3823} INFO - Setting next_dagrun for example_short_circuit_decorator to 2025-05-26 00:00:00+00:00, run_after=2025-05-27 00:00:00+00:00
[2025-05-27T18:50:39.229+0530] {processor.py:183} INFO - Processing /Users/zafarimam/Documents/E-Commerce Order Pipeline/airflow_venv_39/lib/python3.9/site-packages/airflow/example_dags/example_short_circuit_decorator.py took 0.166 seconds
[2025-05-27T18:52:36.431+0530] {processor.py:161} INFO - Started process (PID=26946) to work on /Users/zafarimam/Documents/E-Commerce Order Pipeline/airflow_venv_39/lib/python3.9/site-packages/airflow/example_dags/example_short_circuit_decorator.py
[2025-05-27T18:52:36.432+0530] {processor.py:830} INFO - Processing file /Users/zafarimam/Documents/E-Commerce Order Pipeline/airflow_venv_39/lib/python3.9/site-packages/airflow/example_dags/example_short_circuit_decorator.py for tasks to queue
[2025-05-27T18:52:36.433+0530] {logging_mixin.py:188} INFO - [2025-05-27T18:52:36.433+0530] {dagbag.py:538} INFO - Filling up the DagBag from /Users/zafarimam/Documents/E-Commerce Order Pipeline/airflow_venv_39/lib/python3.9/site-packages/airflow/example_dags/example_short_circuit_decorator.py
[2025-05-27T18:52:36.471+0530] {processor.py:840} INFO - DAG(s) 'example_short_circuit_decorator' retrieved from /Users/zafarimam/Documents/E-Commerce Order Pipeline/airflow_venv_39/lib/python3.9/site-packages/airflow/example_dags/example_short_circuit_decorator.py
[2025-05-27T18:52:36.554+0530] {logging_mixin.py:188} INFO - [2025-05-27T18:52:36.553+0530] {dag.py:3036} INFO - Sync 1 DAGs
[2025-05-27T18:52:36.567+0530] {logging_mixin.py:188} INFO - [2025-05-27T18:52:36.567+0530] {dag.py:3823} INFO - Setting next_dagrun for example_short_circuit_decorator to 2025-05-26 00:00:00+00:00, run_after=2025-05-27 00:00:00+00:00
[2025-05-27T18:52:36.580+0530] {processor.py:183} INFO - Processing /Users/zafarimam/Documents/E-Commerce Order Pipeline/airflow_venv_39/lib/python3.9/site-packages/airflow/example_dags/example_short_circuit_decorator.py took 0.150 seconds
[2025-05-27T18:54:37.319+0530] {processor.py:161} INFO - Started process (PID=27007) to work on /Users/zafarimam/Documents/E-Commerce Order Pipeline/airflow_venv_39/lib/python3.9/site-packages/airflow/example_dags/example_short_circuit_decorator.py
[2025-05-27T18:54:37.320+0530] {processor.py:830} INFO - Processing file /Users/zafarimam/Documents/E-Commerce Order Pipeline/airflow_venv_39/lib/python3.9/site-packages/airflow/example_dags/example_short_circuit_decorator.py for tasks to queue
[2025-05-27T18:54:37.321+0530] {logging_mixin.py:188} INFO - [2025-05-27T18:54:37.321+0530] {dagbag.py:538} INFO - Filling up the DagBag from /Users/zafarimam/Documents/E-Commerce Order Pipeline/airflow_venv_39/lib/python3.9/site-packages/airflow/example_dags/example_short_circuit_decorator.py
[2025-05-27T18:54:37.359+0530] {processor.py:840} INFO - DAG(s) 'example_short_circuit_decorator' retrieved from /Users/zafarimam/Documents/E-Commerce Order Pipeline/airflow_venv_39/lib/python3.9/site-packages/airflow/example_dags/example_short_circuit_decorator.py
[2025-05-27T18:54:37.439+0530] {logging_mixin.py:188} INFO - [2025-05-27T18:54:37.438+0530] {dag.py:3036} INFO - Sync 1 DAGs
[2025-05-27T18:54:37.451+0530] {logging_mixin.py:188} INFO - [2025-05-27T18:54:37.450+0530] {dag.py:3823} INFO - Setting next_dagrun for example_short_circuit_decorator to 2025-05-26 00:00:00+00:00, run_after=2025-05-27 00:00:00+00:00
[2025-05-27T18:54:37.466+0530] {processor.py:183} INFO - Processing /Users/zafarimam/Documents/E-Commerce Order Pipeline/airflow_venv_39/lib/python3.9/site-packages/airflow/example_dags/example_short_circuit_decorator.py took 0.149 seconds
[2025-05-27T18:56:42.385+0530] {processor.py:161} INFO - Started process (PID=27099) to work on /Users/zafarimam/Documents/E-Commerce Order Pipeline/airflow_venv_39/lib/python3.9/site-packages/airflow/example_dags/example_short_circuit_decorator.py
[2025-05-27T18:56:42.387+0530] {processor.py:830} INFO - Processing file /Users/zafarimam/Documents/E-Commerce Order Pipeline/airflow_venv_39/lib/python3.9/site-packages/airflow/example_dags/example_short_circuit_decorator.py for tasks to queue
[2025-05-27T18:56:42.388+0530] {logging_mixin.py:188} INFO - [2025-05-27T18:56:42.387+0530] {dagbag.py:538} INFO - Filling up the DagBag from /Users/zafarimam/Documents/E-Commerce Order Pipeline/airflow_venv_39/lib/python3.9/site-packages/airflow/example_dags/example_short_circuit_decorator.py
[2025-05-27T18:56:42.424+0530] {processor.py:840} INFO - DAG(s) 'example_short_circuit_decorator' retrieved from /Users/zafarimam/Documents/E-Commerce Order Pipeline/airflow_venv_39/lib/python3.9/site-packages/airflow/example_dags/example_short_circuit_decorator.py
[2025-05-27T18:56:42.505+0530] {logging_mixin.py:188} INFO - [2025-05-27T18:56:42.505+0530] {dag.py:3036} INFO - Sync 1 DAGs
[2025-05-27T18:56:42.518+0530] {logging_mixin.py:188} INFO - [2025-05-27T18:56:42.518+0530] {dag.py:3823} INFO - Setting next_dagrun for example_short_circuit_decorator to 2025-05-26 00:00:00+00:00, run_after=2025-05-27 00:00:00+00:00
[2025-05-27T18:56:42.532+0530] {processor.py:183} INFO - Processing /Users/zafarimam/Documents/E-Commerce Order Pipeline/airflow_venv_39/lib/python3.9/site-packages/airflow/example_dags/example_short_circuit_decorator.py took 0.149 seconds
[2025-05-27T18:58:41.842+0530] {processor.py:161} INFO - Started process (PID=27171) to work on /Users/zafarimam/Documents/E-Commerce Order Pipeline/airflow_venv_39/lib/python3.9/site-packages/airflow/example_dags/example_short_circuit_decorator.py
[2025-05-27T18:58:41.845+0530] {processor.py:830} INFO - Processing file /Users/zafarimam/Documents/E-Commerce Order Pipeline/airflow_venv_39/lib/python3.9/site-packages/airflow/example_dags/example_short_circuit_decorator.py for tasks to queue
[2025-05-27T18:58:41.846+0530] {logging_mixin.py:188} INFO - [2025-05-27T18:58:41.846+0530] {dagbag.py:538} INFO - Filling up the DagBag from /Users/zafarimam/Documents/E-Commerce Order Pipeline/airflow_venv_39/lib/python3.9/site-packages/airflow/example_dags/example_short_circuit_decorator.py
[2025-05-27T18:58:41.877+0530] {processor.py:840} INFO - DAG(s) 'example_short_circuit_decorator' retrieved from /Users/zafarimam/Documents/E-Commerce Order Pipeline/airflow_venv_39/lib/python3.9/site-packages/airflow/example_dags/example_short_circuit_decorator.py
[2025-05-27T18:58:41.956+0530] {logging_mixin.py:188} INFO - [2025-05-27T18:58:41.956+0530] {dag.py:3036} INFO - Sync 1 DAGs
[2025-05-27T18:58:41.968+0530] {logging_mixin.py:188} INFO - [2025-05-27T18:58:41.968+0530] {dag.py:3823} INFO - Setting next_dagrun for example_short_circuit_decorator to 2025-05-26 00:00:00+00:00, run_after=2025-05-27 00:00:00+00:00
[2025-05-27T18:58:41.982+0530] {processor.py:183} INFO - Processing /Users/zafarimam/Documents/E-Commerce Order Pipeline/airflow_venv_39/lib/python3.9/site-packages/airflow/example_dags/example_short_circuit_decorator.py took 0.141 seconds
[2025-05-27T19:00:42.293+0530] {processor.py:161} INFO - Started process (PID=27234) to work on /Users/zafarimam/Documents/E-Commerce Order Pipeline/airflow_venv_39/lib/python3.9/site-packages/airflow/example_dags/example_short_circuit_decorator.py
[2025-05-27T19:00:42.294+0530] {processor.py:830} INFO - Processing file /Users/zafarimam/Documents/E-Commerce Order Pipeline/airflow_venv_39/lib/python3.9/site-packages/airflow/example_dags/example_short_circuit_decorator.py for tasks to queue
[2025-05-27T19:00:42.294+0530] {logging_mixin.py:188} INFO - [2025-05-27T19:00:42.294+0530] {dagbag.py:538} INFO - Filling up the DagBag from /Users/zafarimam/Documents/E-Commerce Order Pipeline/airflow_venv_39/lib/python3.9/site-packages/airflow/example_dags/example_short_circuit_decorator.py
[2025-05-27T19:00:42.336+0530] {processor.py:840} INFO - DAG(s) 'example_short_circuit_decorator' retrieved from /Users/zafarimam/Documents/E-Commerce Order Pipeline/airflow_venv_39/lib/python3.9/site-packages/airflow/example_dags/example_short_circuit_decorator.py
[2025-05-27T19:00:42.426+0530] {logging_mixin.py:188} INFO - [2025-05-27T19:00:42.426+0530] {dag.py:3036} INFO - Sync 1 DAGs
[2025-05-27T19:00:42.440+0530] {logging_mixin.py:188} INFO - [2025-05-27T19:00:42.440+0530] {dag.py:3823} INFO - Setting next_dagrun for example_short_circuit_decorator to 2025-05-26 00:00:00+00:00, run_after=2025-05-27 00:00:00+00:00
[2025-05-27T19:00:42.455+0530] {processor.py:183} INFO - Processing /Users/zafarimam/Documents/E-Commerce Order Pipeline/airflow_venv_39/lib/python3.9/site-packages/airflow/example_dags/example_short_circuit_decorator.py took 0.163 seconds
[2025-05-27T19:02:49.408+0530] {processor.py:161} INFO - Started process (PID=27345) to work on /Users/zafarimam/Documents/E-Commerce Order Pipeline/airflow_venv_39/lib/python3.9/site-packages/airflow/example_dags/example_short_circuit_decorator.py
[2025-05-27T19:02:49.409+0530] {processor.py:830} INFO - Processing file /Users/zafarimam/Documents/E-Commerce Order Pipeline/airflow_venv_39/lib/python3.9/site-packages/airflow/example_dags/example_short_circuit_decorator.py for tasks to queue
[2025-05-27T19:02:49.410+0530] {logging_mixin.py:188} INFO - [2025-05-27T19:02:49.410+0530] {dagbag.py:538} INFO - Filling up the DagBag from /Users/zafarimam/Documents/E-Commerce Order Pipeline/airflow_venv_39/lib/python3.9/site-packages/airflow/example_dags/example_short_circuit_decorator.py
[2025-05-27T19:02:49.449+0530] {processor.py:840} INFO - DAG(s) 'example_short_circuit_decorator' retrieved from /Users/zafarimam/Documents/E-Commerce Order Pipeline/airflow_venv_39/lib/python3.9/site-packages/airflow/example_dags/example_short_circuit_decorator.py
[2025-05-27T19:02:49.536+0530] {logging_mixin.py:188} INFO - [2025-05-27T19:02:49.535+0530] {dag.py:3036} INFO - Sync 1 DAGs
[2025-05-27T19:02:49.549+0530] {logging_mixin.py:188} INFO - [2025-05-27T19:02:49.549+0530] {dag.py:3823} INFO - Setting next_dagrun for example_short_circuit_decorator to 2025-05-26 00:00:00+00:00, run_after=2025-05-27 00:00:00+00:00
[2025-05-27T19:02:49.564+0530] {processor.py:183} INFO - Processing /Users/zafarimam/Documents/E-Commerce Order Pipeline/airflow_venv_39/lib/python3.9/site-packages/airflow/example_dags/example_short_circuit_decorator.py took 0.157 seconds
[2025-05-27T19:04:49.817+0530] {processor.py:161} INFO - Started process (PID=27402) to work on /Users/zafarimam/Documents/E-Commerce Order Pipeline/airflow_venv_39/lib/python3.9/site-packages/airflow/example_dags/example_short_circuit_decorator.py
[2025-05-27T19:04:49.818+0530] {processor.py:830} INFO - Processing file /Users/zafarimam/Documents/E-Commerce Order Pipeline/airflow_venv_39/lib/python3.9/site-packages/airflow/example_dags/example_short_circuit_decorator.py for tasks to queue
[2025-05-27T19:04:49.819+0530] {logging_mixin.py:188} INFO - [2025-05-27T19:04:49.818+0530] {dagbag.py:538} INFO - Filling up the DagBag from /Users/zafarimam/Documents/E-Commerce Order Pipeline/airflow_venv_39/lib/python3.9/site-packages/airflow/example_dags/example_short_circuit_decorator.py
[2025-05-27T19:04:49.856+0530] {processor.py:840} INFO - DAG(s) 'example_short_circuit_decorator' retrieved from /Users/zafarimam/Documents/E-Commerce Order Pipeline/airflow_venv_39/lib/python3.9/site-packages/airflow/example_dags/example_short_circuit_decorator.py
[2025-05-27T19:04:49.936+0530] {logging_mixin.py:188} INFO - [2025-05-27T19:04:49.936+0530] {dag.py:3036} INFO - Sync 1 DAGs
[2025-05-27T19:04:49.948+0530] {logging_mixin.py:188} INFO - [2025-05-27T19:04:49.948+0530] {dag.py:3823} INFO - Setting next_dagrun for example_short_circuit_decorator to 2025-05-26 00:00:00+00:00, run_after=2025-05-27 00:00:00+00:00
[2025-05-27T19:04:49.961+0530] {processor.py:183} INFO - Processing /Users/zafarimam/Documents/E-Commerce Order Pipeline/airflow_venv_39/lib/python3.9/site-packages/airflow/example_dags/example_short_circuit_decorator.py took 0.145 seconds
[2025-05-27T19:06:56.712+0530] {processor.py:161} INFO - Started process (PID=27458) to work on /Users/zafarimam/Documents/E-Commerce Order Pipeline/airflow_venv_39/lib/python3.9/site-packages/airflow/example_dags/example_short_circuit_decorator.py
[2025-05-27T19:06:56.713+0530] {processor.py:830} INFO - Processing file /Users/zafarimam/Documents/E-Commerce Order Pipeline/airflow_venv_39/lib/python3.9/site-packages/airflow/example_dags/example_short_circuit_decorator.py for tasks to queue
[2025-05-27T19:06:56.714+0530] {logging_mixin.py:188} INFO - [2025-05-27T19:06:56.714+0530] {dagbag.py:538} INFO - Filling up the DagBag from /Users/zafarimam/Documents/E-Commerce Order Pipeline/airflow_venv_39/lib/python3.9/site-packages/airflow/example_dags/example_short_circuit_decorator.py
[2025-05-27T19:06:56.750+0530] {processor.py:840} INFO - DAG(s) 'example_short_circuit_decorator' retrieved from /Users/zafarimam/Documents/E-Commerce Order Pipeline/airflow_venv_39/lib/python3.9/site-packages/airflow/example_dags/example_short_circuit_decorator.py
[2025-05-27T19:06:56.834+0530] {logging_mixin.py:188} INFO - [2025-05-27T19:06:56.834+0530] {dag.py:3036} INFO - Sync 1 DAGs
[2025-05-27T19:06:56.848+0530] {logging_mixin.py:188} INFO - [2025-05-27T19:06:56.848+0530] {dag.py:3823} INFO - Setting next_dagrun for example_short_circuit_decorator to 2025-05-26 00:00:00+00:00, run_after=2025-05-27 00:00:00+00:00
[2025-05-27T19:06:56.866+0530] {processor.py:183} INFO - Processing /Users/zafarimam/Documents/E-Commerce Order Pipeline/airflow_venv_39/lib/python3.9/site-packages/airflow/example_dags/example_short_circuit_decorator.py took 0.155 seconds
[2025-05-27T19:08:59.600+0530] {processor.py:161} INFO - Started process (PID=27554) to work on /Users/zafarimam/Documents/E-Commerce Order Pipeline/airflow_venv_39/lib/python3.9/site-packages/airflow/example_dags/example_short_circuit_decorator.py
[2025-05-27T19:08:59.602+0530] {processor.py:830} INFO - Processing file /Users/zafarimam/Documents/E-Commerce Order Pipeline/airflow_venv_39/lib/python3.9/site-packages/airflow/example_dags/example_short_circuit_decorator.py for tasks to queue
[2025-05-27T19:08:59.602+0530] {logging_mixin.py:188} INFO - [2025-05-27T19:08:59.602+0530] {dagbag.py:538} INFO - Filling up the DagBag from /Users/zafarimam/Documents/E-Commerce Order Pipeline/airflow_venv_39/lib/python3.9/site-packages/airflow/example_dags/example_short_circuit_decorator.py
[2025-05-27T19:08:59.636+0530] {processor.py:840} INFO - DAG(s) 'example_short_circuit_decorator' retrieved from /Users/zafarimam/Documents/E-Commerce Order Pipeline/airflow_venv_39/lib/python3.9/site-packages/airflow/example_dags/example_short_circuit_decorator.py
[2025-05-27T19:08:59.712+0530] {logging_mixin.py:188} INFO - [2025-05-27T19:08:59.712+0530] {dag.py:3036} INFO - Sync 1 DAGs
[2025-05-27T19:08:59.723+0530] {logging_mixin.py:188} INFO - [2025-05-27T19:08:59.723+0530] {dag.py:3823} INFO - Setting next_dagrun for example_short_circuit_decorator to 2025-05-26 00:00:00+00:00, run_after=2025-05-27 00:00:00+00:00
[2025-05-27T19:08:59.740+0530] {processor.py:183} INFO - Processing /Users/zafarimam/Documents/E-Commerce Order Pipeline/airflow_venv_39/lib/python3.9/site-packages/airflow/example_dags/example_short_circuit_decorator.py took 0.141 seconds
[2025-05-27T19:10:40.927+0530] {processor.py:161} INFO - Started process (PID=27608) to work on /Users/zafarimam/Documents/E-Commerce Order Pipeline/airflow_venv_39/lib/python3.9/site-packages/airflow/example_dags/example_short_circuit_decorator.py
[2025-05-27T19:10:40.928+0530] {processor.py:830} INFO - Processing file /Users/zafarimam/Documents/E-Commerce Order Pipeline/airflow_venv_39/lib/python3.9/site-packages/airflow/example_dags/example_short_circuit_decorator.py for tasks to queue
[2025-05-27T19:10:40.929+0530] {logging_mixin.py:188} INFO - [2025-05-27T19:10:40.929+0530] {dagbag.py:538} INFO - Filling up the DagBag from /Users/zafarimam/Documents/E-Commerce Order Pipeline/airflow_venv_39/lib/python3.9/site-packages/airflow/example_dags/example_short_circuit_decorator.py
[2025-05-27T19:10:40.963+0530] {processor.py:840} INFO - DAG(s) 'example_short_circuit_decorator' retrieved from /Users/zafarimam/Documents/E-Commerce Order Pipeline/airflow_venv_39/lib/python3.9/site-packages/airflow/example_dags/example_short_circuit_decorator.py
[2025-05-27T19:10:41.038+0530] {logging_mixin.py:188} INFO - [2025-05-27T19:10:41.038+0530] {dag.py:3036} INFO - Sync 1 DAGs
[2025-05-27T19:10:41.049+0530] {logging_mixin.py:188} INFO - [2025-05-27T19:10:41.049+0530] {dag.py:3823} INFO - Setting next_dagrun for example_short_circuit_decorator to 2025-05-26 00:00:00+00:00, run_after=2025-05-27 00:00:00+00:00
[2025-05-27T19:10:41.064+0530] {processor.py:183} INFO - Processing /Users/zafarimam/Documents/E-Commerce Order Pipeline/airflow_venv_39/lib/python3.9/site-packages/airflow/example_dags/example_short_circuit_decorator.py took 0.138 seconds
[2025-05-27T19:12:22.070+0530] {processor.py:161} INFO - Started process (PID=27660) to work on /Users/zafarimam/Documents/E-Commerce Order Pipeline/airflow_venv_39/lib/python3.9/site-packages/airflow/example_dags/example_short_circuit_decorator.py
[2025-05-27T19:12:22.071+0530] {processor.py:830} INFO - Processing file /Users/zafarimam/Documents/E-Commerce Order Pipeline/airflow_venv_39/lib/python3.9/site-packages/airflow/example_dags/example_short_circuit_decorator.py for tasks to queue
[2025-05-27T19:12:22.071+0530] {logging_mixin.py:188} INFO - [2025-05-27T19:12:22.071+0530] {dagbag.py:538} INFO - Filling up the DagBag from /Users/zafarimam/Documents/E-Commerce Order Pipeline/airflow_venv_39/lib/python3.9/site-packages/airflow/example_dags/example_short_circuit_decorator.py
[2025-05-27T19:12:22.105+0530] {processor.py:840} INFO - DAG(s) 'example_short_circuit_decorator' retrieved from /Users/zafarimam/Documents/E-Commerce Order Pipeline/airflow_venv_39/lib/python3.9/site-packages/airflow/example_dags/example_short_circuit_decorator.py
[2025-05-27T19:12:22.182+0530] {logging_mixin.py:188} INFO - [2025-05-27T19:12:22.181+0530] {dag.py:3036} INFO - Sync 1 DAGs
[2025-05-27T19:12:22.193+0530] {logging_mixin.py:188} INFO - [2025-05-27T19:12:22.193+0530] {dag.py:3823} INFO - Setting next_dagrun for example_short_circuit_decorator to 2025-05-26 00:00:00+00:00, run_after=2025-05-27 00:00:00+00:00
[2025-05-27T19:12:22.206+0530] {processor.py:183} INFO - Processing /Users/zafarimam/Documents/E-Commerce Order Pipeline/airflow_venv_39/lib/python3.9/site-packages/airflow/example_dags/example_short_circuit_decorator.py took 0.138 seconds
[2025-05-27T19:14:02.316+0530] {processor.py:161} INFO - Started process (PID=27712) to work on /Users/zafarimam/Documents/E-Commerce Order Pipeline/airflow_venv_39/lib/python3.9/site-packages/airflow/example_dags/example_short_circuit_decorator.py
[2025-05-27T19:14:02.317+0530] {processor.py:830} INFO - Processing file /Users/zafarimam/Documents/E-Commerce Order Pipeline/airflow_venv_39/lib/python3.9/site-packages/airflow/example_dags/example_short_circuit_decorator.py for tasks to queue
[2025-05-27T19:14:02.317+0530] {logging_mixin.py:188} INFO - [2025-05-27T19:14:02.317+0530] {dagbag.py:538} INFO - Filling up the DagBag from /Users/zafarimam/Documents/E-Commerce Order Pipeline/airflow_venv_39/lib/python3.9/site-packages/airflow/example_dags/example_short_circuit_decorator.py
[2025-05-27T19:14:02.351+0530] {processor.py:840} INFO - DAG(s) 'example_short_circuit_decorator' retrieved from /Users/zafarimam/Documents/E-Commerce Order Pipeline/airflow_venv_39/lib/python3.9/site-packages/airflow/example_dags/example_short_circuit_decorator.py
[2025-05-27T19:14:02.427+0530] {logging_mixin.py:188} INFO - [2025-05-27T19:14:02.426+0530] {dag.py:3036} INFO - Sync 1 DAGs
[2025-05-27T19:14:02.438+0530] {logging_mixin.py:188} INFO - [2025-05-27T19:14:02.437+0530] {dag.py:3823} INFO - Setting next_dagrun for example_short_circuit_decorator to 2025-05-26 00:00:00+00:00, run_after=2025-05-27 00:00:00+00:00
[2025-05-27T19:14:02.455+0530] {processor.py:183} INFO - Processing /Users/zafarimam/Documents/E-Commerce Order Pipeline/airflow_venv_39/lib/python3.9/site-packages/airflow/example_dags/example_short_circuit_decorator.py took 0.140 seconds
[2025-05-27T19:15:42.473+0530] {processor.py:161} INFO - Started process (PID=27765) to work on /Users/zafarimam/Documents/E-Commerce Order Pipeline/airflow_venv_39/lib/python3.9/site-packages/airflow/example_dags/example_short_circuit_decorator.py
[2025-05-27T19:15:42.474+0530] {processor.py:830} INFO - Processing file /Users/zafarimam/Documents/E-Commerce Order Pipeline/airflow_venv_39/lib/python3.9/site-packages/airflow/example_dags/example_short_circuit_decorator.py for tasks to queue
[2025-05-27T19:15:42.475+0530] {logging_mixin.py:188} INFO - [2025-05-27T19:15:42.475+0530] {dagbag.py:538} INFO - Filling up the DagBag from /Users/zafarimam/Documents/E-Commerce Order Pipeline/airflow_venv_39/lib/python3.9/site-packages/airflow/example_dags/example_short_circuit_decorator.py
[2025-05-27T19:15:42.509+0530] {processor.py:840} INFO - DAG(s) 'example_short_circuit_decorator' retrieved from /Users/zafarimam/Documents/E-Commerce Order Pipeline/airflow_venv_39/lib/python3.9/site-packages/airflow/example_dags/example_short_circuit_decorator.py
[2025-05-27T19:15:42.585+0530] {logging_mixin.py:188} INFO - [2025-05-27T19:15:42.585+0530] {dag.py:3036} INFO - Sync 1 DAGs
[2025-05-27T19:15:42.596+0530] {logging_mixin.py:188} INFO - [2025-05-27T19:15:42.596+0530] {dag.py:3823} INFO - Setting next_dagrun for example_short_circuit_decorator to 2025-05-26 00:00:00+00:00, run_after=2025-05-27 00:00:00+00:00
[2025-05-27T19:15:42.610+0530] {processor.py:183} INFO - Processing /Users/zafarimam/Documents/E-Commerce Order Pipeline/airflow_venv_39/lib/python3.9/site-packages/airflow/example_dags/example_short_circuit_decorator.py took 0.137 seconds
[2025-05-27T19:17:23.321+0530] {processor.py:161} INFO - Started process (PID=27819) to work on /Users/zafarimam/Documents/E-Commerce Order Pipeline/airflow_venv_39/lib/python3.9/site-packages/airflow/example_dags/example_short_circuit_decorator.py
[2025-05-27T19:17:23.322+0530] {processor.py:830} INFO - Processing file /Users/zafarimam/Documents/E-Commerce Order Pipeline/airflow_venv_39/lib/python3.9/site-packages/airflow/example_dags/example_short_circuit_decorator.py for tasks to queue
[2025-05-27T19:17:23.323+0530] {logging_mixin.py:188} INFO - [2025-05-27T19:17:23.322+0530] {dagbag.py:538} INFO - Filling up the DagBag from /Users/zafarimam/Documents/E-Commerce Order Pipeline/airflow_venv_39/lib/python3.9/site-packages/airflow/example_dags/example_short_circuit_decorator.py
[2025-05-27T19:17:23.356+0530] {processor.py:840} INFO - DAG(s) 'example_short_circuit_decorator' retrieved from /Users/zafarimam/Documents/E-Commerce Order Pipeline/airflow_venv_39/lib/python3.9/site-packages/airflow/example_dags/example_short_circuit_decorator.py
[2025-05-27T19:17:23.433+0530] {logging_mixin.py:188} INFO - [2025-05-27T19:17:23.432+0530] {dag.py:3036} INFO - Sync 1 DAGs
[2025-05-27T19:17:23.444+0530] {logging_mixin.py:188} INFO - [2025-05-27T19:17:23.443+0530] {dag.py:3823} INFO - Setting next_dagrun for example_short_circuit_decorator to 2025-05-26 00:00:00+00:00, run_after=2025-05-27 00:00:00+00:00
[2025-05-27T19:17:23.457+0530] {processor.py:183} INFO - Processing /Users/zafarimam/Documents/E-Commerce Order Pipeline/airflow_venv_39/lib/python3.9/site-packages/airflow/example_dags/example_short_circuit_decorator.py took 0.137 seconds
[2025-05-27T19:19:03.659+0530] {processor.py:161} INFO - Started process (PID=27894) to work on /Users/zafarimam/Documents/E-Commerce Order Pipeline/airflow_venv_39/lib/python3.9/site-packages/airflow/example_dags/example_short_circuit_decorator.py
[2025-05-27T19:19:03.660+0530] {processor.py:830} INFO - Processing file /Users/zafarimam/Documents/E-Commerce Order Pipeline/airflow_venv_39/lib/python3.9/site-packages/airflow/example_dags/example_short_circuit_decorator.py for tasks to queue
[2025-05-27T19:19:03.661+0530] {logging_mixin.py:188} INFO - [2025-05-27T19:19:03.661+0530] {dagbag.py:538} INFO - Filling up the DagBag from /Users/zafarimam/Documents/E-Commerce Order Pipeline/airflow_venv_39/lib/python3.9/site-packages/airflow/example_dags/example_short_circuit_decorator.py
[2025-05-27T19:19:03.694+0530] {processor.py:840} INFO - DAG(s) 'example_short_circuit_decorator' retrieved from /Users/zafarimam/Documents/E-Commerce Order Pipeline/airflow_venv_39/lib/python3.9/site-packages/airflow/example_dags/example_short_circuit_decorator.py
[2025-05-27T19:19:03.769+0530] {logging_mixin.py:188} INFO - [2025-05-27T19:19:03.768+0530] {dag.py:3036} INFO - Sync 1 DAGs
[2025-05-27T19:19:03.779+0530] {logging_mixin.py:188} INFO - [2025-05-27T19:19:03.779+0530] {dag.py:3823} INFO - Setting next_dagrun for example_short_circuit_decorator to 2025-05-26 00:00:00+00:00, run_after=2025-05-27 00:00:00+00:00
[2025-05-27T19:19:03.793+0530] {processor.py:183} INFO - Processing /Users/zafarimam/Documents/E-Commerce Order Pipeline/airflow_venv_39/lib/python3.9/site-packages/airflow/example_dags/example_short_circuit_decorator.py took 0.135 seconds
[2025-05-27T19:20:44.865+0530] {processor.py:161} INFO - Started process (PID=27959) to work on /Users/zafarimam/Documents/E-Commerce Order Pipeline/airflow_venv_39/lib/python3.9/site-packages/airflow/example_dags/example_short_circuit_decorator.py
[2025-05-27T19:20:44.866+0530] {processor.py:830} INFO - Processing file /Users/zafarimam/Documents/E-Commerce Order Pipeline/airflow_venv_39/lib/python3.9/site-packages/airflow/example_dags/example_short_circuit_decorator.py for tasks to queue
[2025-05-27T19:20:44.866+0530] {logging_mixin.py:188} INFO - [2025-05-27T19:20:44.866+0530] {dagbag.py:538} INFO - Filling up the DagBag from /Users/zafarimam/Documents/E-Commerce Order Pipeline/airflow_venv_39/lib/python3.9/site-packages/airflow/example_dags/example_short_circuit_decorator.py
[2025-05-27T19:20:44.901+0530] {processor.py:840} INFO - DAG(s) 'example_short_circuit_decorator' retrieved from /Users/zafarimam/Documents/E-Commerce Order Pipeline/airflow_venv_39/lib/python3.9/site-packages/airflow/example_dags/example_short_circuit_decorator.py
[2025-05-27T19:20:44.978+0530] {logging_mixin.py:188} INFO - [2025-05-27T19:20:44.978+0530] {dag.py:3036} INFO - Sync 1 DAGs
[2025-05-27T19:20:44.990+0530] {logging_mixin.py:188} INFO - [2025-05-27T19:20:44.990+0530] {dag.py:3823} INFO - Setting next_dagrun for example_short_circuit_decorator to 2025-05-26 00:00:00+00:00, run_after=2025-05-27 00:00:00+00:00
[2025-05-27T19:20:45.002+0530] {processor.py:183} INFO - Processing /Users/zafarimam/Documents/E-Commerce Order Pipeline/airflow_venv_39/lib/python3.9/site-packages/airflow/example_dags/example_short_circuit_decorator.py took 0.138 seconds
[2025-05-27T19:22:22.962+0530] {processor.py:161} INFO - Started process (PID=28021) to work on /Users/zafarimam/Documents/E-Commerce Order Pipeline/airflow_venv_39/lib/python3.9/site-packages/airflow/example_dags/example_short_circuit_decorator.py
[2025-05-27T19:22:22.963+0530] {processor.py:830} INFO - Processing file /Users/zafarimam/Documents/E-Commerce Order Pipeline/airflow_venv_39/lib/python3.9/site-packages/airflow/example_dags/example_short_circuit_decorator.py for tasks to queue
[2025-05-27T19:22:22.963+0530] {logging_mixin.py:188} INFO - [2025-05-27T19:22:22.963+0530] {dagbag.py:538} INFO - Filling up the DagBag from /Users/zafarimam/Documents/E-Commerce Order Pipeline/airflow_venv_39/lib/python3.9/site-packages/airflow/example_dags/example_short_circuit_decorator.py
[2025-05-27T19:22:22.997+0530] {processor.py:840} INFO - DAG(s) 'example_short_circuit_decorator' retrieved from /Users/zafarimam/Documents/E-Commerce Order Pipeline/airflow_venv_39/lib/python3.9/site-packages/airflow/example_dags/example_short_circuit_decorator.py
[2025-05-27T19:22:23.072+0530] {logging_mixin.py:188} INFO - [2025-05-27T19:22:23.072+0530] {dag.py:3036} INFO - Sync 1 DAGs
[2025-05-27T19:22:23.083+0530] {logging_mixin.py:188} INFO - [2025-05-27T19:22:23.083+0530] {dag.py:3823} INFO - Setting next_dagrun for example_short_circuit_decorator to 2025-05-26 00:00:00+00:00, run_after=2025-05-27 00:00:00+00:00
[2025-05-27T19:22:23.101+0530] {processor.py:183} INFO - Processing /Users/zafarimam/Documents/E-Commerce Order Pipeline/airflow_venv_39/lib/python3.9/site-packages/airflow/example_dags/example_short_circuit_decorator.py took 0.140 seconds
[2025-05-27T19:24:04.286+0530] {processor.py:161} INFO - Started process (PID=28074) to work on /Users/zafarimam/Documents/E-Commerce Order Pipeline/airflow_venv_39/lib/python3.9/site-packages/airflow/example_dags/example_short_circuit_decorator.py
[2025-05-27T19:24:04.287+0530] {processor.py:830} INFO - Processing file /Users/zafarimam/Documents/E-Commerce Order Pipeline/airflow_venv_39/lib/python3.9/site-packages/airflow/example_dags/example_short_circuit_decorator.py for tasks to queue
[2025-05-27T19:24:04.288+0530] {logging_mixin.py:188} INFO - [2025-05-27T19:24:04.288+0530] {dagbag.py:538} INFO - Filling up the DagBag from /Users/zafarimam/Documents/E-Commerce Order Pipeline/airflow_venv_39/lib/python3.9/site-packages/airflow/example_dags/example_short_circuit_decorator.py
[2025-05-27T19:24:04.322+0530] {processor.py:840} INFO - DAG(s) 'example_short_circuit_decorator' retrieved from /Users/zafarimam/Documents/E-Commerce Order Pipeline/airflow_venv_39/lib/python3.9/site-packages/airflow/example_dags/example_short_circuit_decorator.py
[2025-05-27T19:24:04.397+0530] {logging_mixin.py:188} INFO - [2025-05-27T19:24:04.397+0530] {dag.py:3036} INFO - Sync 1 DAGs
[2025-05-27T19:24:04.408+0530] {logging_mixin.py:188} INFO - [2025-05-27T19:24:04.408+0530] {dag.py:3823} INFO - Setting next_dagrun for example_short_circuit_decorator to 2025-05-26 00:00:00+00:00, run_after=2025-05-27 00:00:00+00:00
[2025-05-27T19:24:04.421+0530] {processor.py:183} INFO - Processing /Users/zafarimam/Documents/E-Commerce Order Pipeline/airflow_venv_39/lib/python3.9/site-packages/airflow/example_dags/example_short_circuit_decorator.py took 0.136 seconds
[2025-05-27T19:25:45.395+0530] {processor.py:161} INFO - Started process (PID=28128) to work on /Users/zafarimam/Documents/E-Commerce Order Pipeline/airflow_venv_39/lib/python3.9/site-packages/airflow/example_dags/example_short_circuit_decorator.py
[2025-05-27T19:25:45.396+0530] {processor.py:830} INFO - Processing file /Users/zafarimam/Documents/E-Commerce Order Pipeline/airflow_venv_39/lib/python3.9/site-packages/airflow/example_dags/example_short_circuit_decorator.py for tasks to queue
[2025-05-27T19:25:45.397+0530] {logging_mixin.py:188} INFO - [2025-05-27T19:25:45.397+0530] {dagbag.py:538} INFO - Filling up the DagBag from /Users/zafarimam/Documents/E-Commerce Order Pipeline/airflow_venv_39/lib/python3.9/site-packages/airflow/example_dags/example_short_circuit_decorator.py
[2025-05-27T19:25:45.430+0530] {processor.py:840} INFO - DAG(s) 'example_short_circuit_decorator' retrieved from /Users/zafarimam/Documents/E-Commerce Order Pipeline/airflow_venv_39/lib/python3.9/site-packages/airflow/example_dags/example_short_circuit_decorator.py
[2025-05-27T19:25:45.505+0530] {logging_mixin.py:188} INFO - [2025-05-27T19:25:45.505+0530] {dag.py:3036} INFO - Sync 1 DAGs
[2025-05-27T19:25:45.516+0530] {logging_mixin.py:188} INFO - [2025-05-27T19:25:45.516+0530] {dag.py:3823} INFO - Setting next_dagrun for example_short_circuit_decorator to 2025-05-26 00:00:00+00:00, run_after=2025-05-27 00:00:00+00:00
[2025-05-27T19:25:45.533+0530] {processor.py:183} INFO - Processing /Users/zafarimam/Documents/E-Commerce Order Pipeline/airflow_venv_39/lib/python3.9/site-packages/airflow/example_dags/example_short_circuit_decorator.py took 0.139 seconds
[2025-05-27T19:27:25.554+0530] {processor.py:161} INFO - Started process (PID=28184) to work on /Users/zafarimam/Documents/E-Commerce Order Pipeline/airflow_venv_39/lib/python3.9/site-packages/airflow/example_dags/example_short_circuit_decorator.py
[2025-05-27T19:27:25.555+0530] {processor.py:830} INFO - Processing file /Users/zafarimam/Documents/E-Commerce Order Pipeline/airflow_venv_39/lib/python3.9/site-packages/airflow/example_dags/example_short_circuit_decorator.py for tasks to queue
[2025-05-27T19:27:25.555+0530] {logging_mixin.py:188} INFO - [2025-05-27T19:27:25.555+0530] {dagbag.py:538} INFO - Filling up the DagBag from /Users/zafarimam/Documents/E-Commerce Order Pipeline/airflow_venv_39/lib/python3.9/site-packages/airflow/example_dags/example_short_circuit_decorator.py
[2025-05-27T19:27:25.590+0530] {processor.py:840} INFO - DAG(s) 'example_short_circuit_decorator' retrieved from /Users/zafarimam/Documents/E-Commerce Order Pipeline/airflow_venv_39/lib/python3.9/site-packages/airflow/example_dags/example_short_circuit_decorator.py
[2025-05-27T19:27:25.666+0530] {logging_mixin.py:188} INFO - [2025-05-27T19:27:25.666+0530] {dag.py:3036} INFO - Sync 1 DAGs
[2025-05-27T19:27:25.677+0530] {logging_mixin.py:188} INFO - [2025-05-27T19:27:25.677+0530] {dag.py:3823} INFO - Setting next_dagrun for example_short_circuit_decorator to 2025-05-26 00:00:00+00:00, run_after=2025-05-27 00:00:00+00:00
[2025-05-27T19:27:25.695+0530] {processor.py:183} INFO - Processing /Users/zafarimam/Documents/E-Commerce Order Pipeline/airflow_venv_39/lib/python3.9/site-packages/airflow/example_dags/example_short_circuit_decorator.py took 0.142 seconds
[2025-05-27T19:29:04.807+0530] {processor.py:161} INFO - Started process (PID=28235) to work on /Users/zafarimam/Documents/E-Commerce Order Pipeline/airflow_venv_39/lib/python3.9/site-packages/airflow/example_dags/example_short_circuit_decorator.py
[2025-05-27T19:29:04.808+0530] {processor.py:830} INFO - Processing file /Users/zafarimam/Documents/E-Commerce Order Pipeline/airflow_venv_39/lib/python3.9/site-packages/airflow/example_dags/example_short_circuit_decorator.py for tasks to queue
[2025-05-27T19:29:04.809+0530] {logging_mixin.py:188} INFO - [2025-05-27T19:29:04.809+0530] {dagbag.py:538} INFO - Filling up the DagBag from /Users/zafarimam/Documents/E-Commerce Order Pipeline/airflow_venv_39/lib/python3.9/site-packages/airflow/example_dags/example_short_circuit_decorator.py
[2025-05-27T19:29:04.842+0530] {processor.py:840} INFO - DAG(s) 'example_short_circuit_decorator' retrieved from /Users/zafarimam/Documents/E-Commerce Order Pipeline/airflow_venv_39/lib/python3.9/site-packages/airflow/example_dags/example_short_circuit_decorator.py
[2025-05-27T19:29:04.917+0530] {logging_mixin.py:188} INFO - [2025-05-27T19:29:04.917+0530] {dag.py:3036} INFO - Sync 1 DAGs
[2025-05-27T19:29:04.928+0530] {logging_mixin.py:188} INFO - [2025-05-27T19:29:04.928+0530] {dag.py:3823} INFO - Setting next_dagrun for example_short_circuit_decorator to 2025-05-26 00:00:00+00:00, run_after=2025-05-27 00:00:00+00:00
[2025-05-27T19:29:04.942+0530] {processor.py:183} INFO - Processing /Users/zafarimam/Documents/E-Commerce Order Pipeline/airflow_venv_39/lib/python3.9/site-packages/airflow/example_dags/example_short_circuit_decorator.py took 0.136 seconds
[2025-05-27T19:31:06.662+0530] {processor.py:161} INFO - Started process (PID=28316) to work on /Users/zafarimam/Documents/E-Commerce Order Pipeline/airflow_venv_39/lib/python3.9/site-packages/airflow/example_dags/example_short_circuit_decorator.py
[2025-05-27T19:31:06.663+0530] {processor.py:830} INFO - Processing file /Users/zafarimam/Documents/E-Commerce Order Pipeline/airflow_venv_39/lib/python3.9/site-packages/airflow/example_dags/example_short_circuit_decorator.py for tasks to queue
[2025-05-27T19:31:06.663+0530] {logging_mixin.py:188} INFO - [2025-05-27T19:31:06.663+0530] {dagbag.py:538} INFO - Filling up the DagBag from /Users/zafarimam/Documents/E-Commerce Order Pipeline/airflow_venv_39/lib/python3.9/site-packages/airflow/example_dags/example_short_circuit_decorator.py
[2025-05-27T19:31:06.697+0530] {processor.py:840} INFO - DAG(s) 'example_short_circuit_decorator' retrieved from /Users/zafarimam/Documents/E-Commerce Order Pipeline/airflow_venv_39/lib/python3.9/site-packages/airflow/example_dags/example_short_circuit_decorator.py
[2025-05-27T19:31:06.772+0530] {logging_mixin.py:188} INFO - [2025-05-27T19:31:06.772+0530] {dag.py:3036} INFO - Sync 1 DAGs
[2025-05-27T19:31:06.783+0530] {logging_mixin.py:188} INFO - [2025-05-27T19:31:06.783+0530] {dag.py:3823} INFO - Setting next_dagrun for example_short_circuit_decorator to 2025-05-26 00:00:00+00:00, run_after=2025-05-27 00:00:00+00:00
[2025-05-27T19:31:06.800+0530] {processor.py:183} INFO - Processing /Users/zafarimam/Documents/E-Commerce Order Pipeline/airflow_venv_39/lib/python3.9/site-packages/airflow/example_dags/example_short_circuit_decorator.py took 0.140 seconds
[2025-05-27T19:32:46.597+0530] {processor.py:161} INFO - Started process (PID=28371) to work on /Users/zafarimam/Documents/E-Commerce Order Pipeline/airflow_venv_39/lib/python3.9/site-packages/airflow/example_dags/example_short_circuit_decorator.py
[2025-05-27T19:32:46.598+0530] {processor.py:830} INFO - Processing file /Users/zafarimam/Documents/E-Commerce Order Pipeline/airflow_venv_39/lib/python3.9/site-packages/airflow/example_dags/example_short_circuit_decorator.py for tasks to queue
[2025-05-27T19:32:46.599+0530] {logging_mixin.py:188} INFO - [2025-05-27T19:32:46.598+0530] {dagbag.py:538} INFO - Filling up the DagBag from /Users/zafarimam/Documents/E-Commerce Order Pipeline/airflow_venv_39/lib/python3.9/site-packages/airflow/example_dags/example_short_circuit_decorator.py
[2025-05-27T19:32:46.632+0530] {processor.py:840} INFO - DAG(s) 'example_short_circuit_decorator' retrieved from /Users/zafarimam/Documents/E-Commerce Order Pipeline/airflow_venv_39/lib/python3.9/site-packages/airflow/example_dags/example_short_circuit_decorator.py
[2025-05-27T19:32:46.706+0530] {logging_mixin.py:188} INFO - [2025-05-27T19:32:46.706+0530] {dag.py:3036} INFO - Sync 1 DAGs
[2025-05-27T19:32:46.717+0530] {logging_mixin.py:188} INFO - [2025-05-27T19:32:46.717+0530] {dag.py:3823} INFO - Setting next_dagrun for example_short_circuit_decorator to 2025-05-26 00:00:00+00:00, run_after=2025-05-27 00:00:00+00:00
[2025-05-27T19:32:46.730+0530] {processor.py:183} INFO - Processing /Users/zafarimam/Documents/E-Commerce Order Pipeline/airflow_venv_39/lib/python3.9/site-packages/airflow/example_dags/example_short_circuit_decorator.py took 0.134 seconds
[2025-05-27T19:34:26.870+0530] {processor.py:161} INFO - Started process (PID=28421) to work on /Users/zafarimam/Documents/E-Commerce Order Pipeline/airflow_venv_39/lib/python3.9/site-packages/airflow/example_dags/example_short_circuit_decorator.py
[2025-05-27T19:34:26.871+0530] {processor.py:830} INFO - Processing file /Users/zafarimam/Documents/E-Commerce Order Pipeline/airflow_venv_39/lib/python3.9/site-packages/airflow/example_dags/example_short_circuit_decorator.py for tasks to queue
[2025-05-27T19:34:26.871+0530] {logging_mixin.py:188} INFO - [2025-05-27T19:34:26.871+0530] {dagbag.py:538} INFO - Filling up the DagBag from /Users/zafarimam/Documents/E-Commerce Order Pipeline/airflow_venv_39/lib/python3.9/site-packages/airflow/example_dags/example_short_circuit_decorator.py
[2025-05-27T19:34:26.905+0530] {processor.py:840} INFO - DAG(s) 'example_short_circuit_decorator' retrieved from /Users/zafarimam/Documents/E-Commerce Order Pipeline/airflow_venv_39/lib/python3.9/site-packages/airflow/example_dags/example_short_circuit_decorator.py
[2025-05-27T19:34:26.982+0530] {logging_mixin.py:188} INFO - [2025-05-27T19:34:26.981+0530] {dag.py:3036} INFO - Sync 1 DAGs
[2025-05-27T19:34:26.993+0530] {logging_mixin.py:188} INFO - [2025-05-27T19:34:26.992+0530] {dag.py:3823} INFO - Setting next_dagrun for example_short_circuit_decorator to 2025-05-26 00:00:00+00:00, run_after=2025-05-27 00:00:00+00:00
[2025-05-27T19:34:27.010+0530] {processor.py:183} INFO - Processing /Users/zafarimam/Documents/E-Commerce Order Pipeline/airflow_venv_39/lib/python3.9/site-packages/airflow/example_dags/example_short_circuit_decorator.py took 0.141 seconds
[2025-05-27T19:36:08.288+0530] {processor.py:161} INFO - Started process (PID=28473) to work on /Users/zafarimam/Documents/E-Commerce Order Pipeline/airflow_venv_39/lib/python3.9/site-packages/airflow/example_dags/example_short_circuit_decorator.py
[2025-05-27T19:36:08.289+0530] {processor.py:830} INFO - Processing file /Users/zafarimam/Documents/E-Commerce Order Pipeline/airflow_venv_39/lib/python3.9/site-packages/airflow/example_dags/example_short_circuit_decorator.py for tasks to queue
[2025-05-27T19:36:08.289+0530] {logging_mixin.py:188} INFO - [2025-05-27T19:36:08.289+0530] {dagbag.py:538} INFO - Filling up the DagBag from /Users/zafarimam/Documents/E-Commerce Order Pipeline/airflow_venv_39/lib/python3.9/site-packages/airflow/example_dags/example_short_circuit_decorator.py
[2025-05-27T19:36:08.323+0530] {processor.py:840} INFO - DAG(s) 'example_short_circuit_decorator' retrieved from /Users/zafarimam/Documents/E-Commerce Order Pipeline/airflow_venv_39/lib/python3.9/site-packages/airflow/example_dags/example_short_circuit_decorator.py
[2025-05-27T19:36:08.398+0530] {logging_mixin.py:188} INFO - [2025-05-27T19:36:08.398+0530] {dag.py:3036} INFO - Sync 1 DAGs
[2025-05-27T19:36:08.409+0530] {logging_mixin.py:188} INFO - [2025-05-27T19:36:08.409+0530] {dag.py:3823} INFO - Setting next_dagrun for example_short_circuit_decorator to 2025-05-26 00:00:00+00:00, run_after=2025-05-27 00:00:00+00:00
[2025-05-27T19:36:08.421+0530] {processor.py:183} INFO - Processing /Users/zafarimam/Documents/E-Commerce Order Pipeline/airflow_venv_39/lib/python3.9/site-packages/airflow/example_dags/example_short_circuit_decorator.py took 0.135 seconds
[2025-05-27T19:37:49.664+0530] {processor.py:161} INFO - Started process (PID=28527) to work on /Users/zafarimam/Documents/E-Commerce Order Pipeline/airflow_venv_39/lib/python3.9/site-packages/airflow/example_dags/example_short_circuit_decorator.py
[2025-05-27T19:37:49.665+0530] {processor.py:830} INFO - Processing file /Users/zafarimam/Documents/E-Commerce Order Pipeline/airflow_venv_39/lib/python3.9/site-packages/airflow/example_dags/example_short_circuit_decorator.py for tasks to queue
[2025-05-27T19:37:49.666+0530] {logging_mixin.py:188} INFO - [2025-05-27T19:37:49.666+0530] {dagbag.py:538} INFO - Filling up the DagBag from /Users/zafarimam/Documents/E-Commerce Order Pipeline/airflow_venv_39/lib/python3.9/site-packages/airflow/example_dags/example_short_circuit_decorator.py
[2025-05-27T19:37:49.700+0530] {processor.py:840} INFO - DAG(s) 'example_short_circuit_decorator' retrieved from /Users/zafarimam/Documents/E-Commerce Order Pipeline/airflow_venv_39/lib/python3.9/site-packages/airflow/example_dags/example_short_circuit_decorator.py
[2025-05-27T19:37:49.776+0530] {logging_mixin.py:188} INFO - [2025-05-27T19:37:49.776+0530] {dag.py:3036} INFO - Sync 1 DAGs
[2025-05-27T19:37:49.787+0530] {logging_mixin.py:188} INFO - [2025-05-27T19:37:49.787+0530] {dag.py:3823} INFO - Setting next_dagrun for example_short_circuit_decorator to 2025-05-26 00:00:00+00:00, run_after=2025-05-27 00:00:00+00:00
[2025-05-27T19:37:49.805+0530] {processor.py:183} INFO - Processing /Users/zafarimam/Documents/E-Commerce Order Pipeline/airflow_venv_39/lib/python3.9/site-packages/airflow/example_dags/example_short_circuit_decorator.py took 0.142 seconds
[2025-05-27T19:39:30.056+0530] {processor.py:161} INFO - Started process (PID=28576) to work on /Users/zafarimam/Documents/E-Commerce Order Pipeline/airflow_venv_39/lib/python3.9/site-packages/airflow/example_dags/example_short_circuit_decorator.py
[2025-05-27T19:39:30.056+0530] {processor.py:830} INFO - Processing file /Users/zafarimam/Documents/E-Commerce Order Pipeline/airflow_venv_39/lib/python3.9/site-packages/airflow/example_dags/example_short_circuit_decorator.py for tasks to queue
[2025-05-27T19:39:30.057+0530] {logging_mixin.py:188} INFO - [2025-05-27T19:39:30.057+0530] {dagbag.py:538} INFO - Filling up the DagBag from /Users/zafarimam/Documents/E-Commerce Order Pipeline/airflow_venv_39/lib/python3.9/site-packages/airflow/example_dags/example_short_circuit_decorator.py
[2025-05-27T19:39:30.091+0530] {processor.py:840} INFO - DAG(s) 'example_short_circuit_decorator' retrieved from /Users/zafarimam/Documents/E-Commerce Order Pipeline/airflow_venv_39/lib/python3.9/site-packages/airflow/example_dags/example_short_circuit_decorator.py
[2025-05-27T19:39:30.167+0530] {logging_mixin.py:188} INFO - [2025-05-27T19:39:30.167+0530] {dag.py:3036} INFO - Sync 1 DAGs
[2025-05-27T19:39:30.179+0530] {logging_mixin.py:188} INFO - [2025-05-27T19:39:30.178+0530] {dag.py:3823} INFO - Setting next_dagrun for example_short_circuit_decorator to 2025-05-26 00:00:00+00:00, run_after=2025-05-27 00:00:00+00:00
[2025-05-27T19:39:30.196+0530] {processor.py:183} INFO - Processing /Users/zafarimam/Documents/E-Commerce Order Pipeline/airflow_venv_39/lib/python3.9/site-packages/airflow/example_dags/example_short_circuit_decorator.py took 0.141 seconds
[2025-05-27T19:41:08.050+0530] {processor.py:161} INFO - Started process (PID=28629) to work on /Users/zafarimam/Documents/E-Commerce Order Pipeline/airflow_venv_39/lib/python3.9/site-packages/airflow/example_dags/example_short_circuit_decorator.py
[2025-05-27T19:41:08.051+0530] {processor.py:830} INFO - Processing file /Users/zafarimam/Documents/E-Commerce Order Pipeline/airflow_venv_39/lib/python3.9/site-packages/airflow/example_dags/example_short_circuit_decorator.py for tasks to queue
[2025-05-27T19:41:08.052+0530] {logging_mixin.py:188} INFO - [2025-05-27T19:41:08.052+0530] {dagbag.py:538} INFO - Filling up the DagBag from /Users/zafarimam/Documents/E-Commerce Order Pipeline/airflow_venv_39/lib/python3.9/site-packages/airflow/example_dags/example_short_circuit_decorator.py
[2025-05-27T19:41:08.086+0530] {processor.py:840} INFO - DAG(s) 'example_short_circuit_decorator' retrieved from /Users/zafarimam/Documents/E-Commerce Order Pipeline/airflow_venv_39/lib/python3.9/site-packages/airflow/example_dags/example_short_circuit_decorator.py
[2025-05-27T19:41:08.160+0530] {logging_mixin.py:188} INFO - [2025-05-27T19:41:08.160+0530] {dag.py:3036} INFO - Sync 1 DAGs
[2025-05-27T19:41:08.170+0530] {logging_mixin.py:188} INFO - [2025-05-27T19:41:08.170+0530] {dag.py:3823} INFO - Setting next_dagrun for example_short_circuit_decorator to 2025-05-26 00:00:00+00:00, run_after=2025-05-27 00:00:00+00:00
[2025-05-27T19:41:08.184+0530] {processor.py:183} INFO - Processing /Users/zafarimam/Documents/E-Commerce Order Pipeline/airflow_venv_39/lib/python3.9/site-packages/airflow/example_dags/example_short_circuit_decorator.py took 0.135 seconds
[2025-05-27T19:42:49.418+0530] {processor.py:161} INFO - Started process (PID=28682) to work on /Users/zafarimam/Documents/E-Commerce Order Pipeline/airflow_venv_39/lib/python3.9/site-packages/airflow/example_dags/example_short_circuit_decorator.py
[2025-05-27T19:42:49.419+0530] {processor.py:830} INFO - Processing file /Users/zafarimam/Documents/E-Commerce Order Pipeline/airflow_venv_39/lib/python3.9/site-packages/airflow/example_dags/example_short_circuit_decorator.py for tasks to queue
[2025-05-27T19:42:49.419+0530] {logging_mixin.py:188} INFO - [2025-05-27T19:42:49.419+0530] {dagbag.py:538} INFO - Filling up the DagBag from /Users/zafarimam/Documents/E-Commerce Order Pipeline/airflow_venv_39/lib/python3.9/site-packages/airflow/example_dags/example_short_circuit_decorator.py
[2025-05-27T19:42:49.453+0530] {processor.py:840} INFO - DAG(s) 'example_short_circuit_decorator' retrieved from /Users/zafarimam/Documents/E-Commerce Order Pipeline/airflow_venv_39/lib/python3.9/site-packages/airflow/example_dags/example_short_circuit_decorator.py
[2025-05-27T19:42:49.529+0530] {logging_mixin.py:188} INFO - [2025-05-27T19:42:49.529+0530] {dag.py:3036} INFO - Sync 1 DAGs
[2025-05-27T19:42:49.540+0530] {logging_mixin.py:188} INFO - [2025-05-27T19:42:49.540+0530] {dag.py:3823} INFO - Setting next_dagrun for example_short_circuit_decorator to 2025-05-26 00:00:00+00:00, run_after=2025-05-27 00:00:00+00:00
[2025-05-27T19:42:49.553+0530] {processor.py:183} INFO - Processing /Users/zafarimam/Documents/E-Commerce Order Pipeline/airflow_venv_39/lib/python3.9/site-packages/airflow/example_dags/example_short_circuit_decorator.py took 0.136 seconds
[2025-05-27T19:44:48.609+0530] {processor.py:161} INFO - Started process (PID=28797) to work on /Users/zafarimam/Documents/E-Commerce Order Pipeline/airflow_venv_39/lib/python3.9/site-packages/airflow/example_dags/example_short_circuit_decorator.py
[2025-05-27T19:44:48.610+0530] {processor.py:830} INFO - Processing file /Users/zafarimam/Documents/E-Commerce Order Pipeline/airflow_venv_39/lib/python3.9/site-packages/airflow/example_dags/example_short_circuit_decorator.py for tasks to queue
[2025-05-27T19:44:48.611+0530] {logging_mixin.py:188} INFO - [2025-05-27T19:44:48.610+0530] {dagbag.py:538} INFO - Filling up the DagBag from /Users/zafarimam/Documents/E-Commerce Order Pipeline/airflow_venv_39/lib/python3.9/site-packages/airflow/example_dags/example_short_circuit_decorator.py
[2025-05-27T19:44:48.649+0530] {processor.py:840} INFO - DAG(s) 'example_short_circuit_decorator' retrieved from /Users/zafarimam/Documents/E-Commerce Order Pipeline/airflow_venv_39/lib/python3.9/site-packages/airflow/example_dags/example_short_circuit_decorator.py
[2025-05-27T19:44:48.735+0530] {logging_mixin.py:188} INFO - [2025-05-27T19:44:48.735+0530] {dag.py:3036} INFO - Sync 1 DAGs
[2025-05-27T19:44:48.748+0530] {logging_mixin.py:188} INFO - [2025-05-27T19:44:48.748+0530] {dag.py:3823} INFO - Setting next_dagrun for example_short_circuit_decorator to 2025-05-26 00:00:00+00:00, run_after=2025-05-27 00:00:00+00:00
[2025-05-27T19:44:48.763+0530] {processor.py:183} INFO - Processing /Users/zafarimam/Documents/E-Commerce Order Pipeline/airflow_venv_39/lib/python3.9/site-packages/airflow/example_dags/example_short_circuit_decorator.py took 0.156 seconds
[2025-05-27T19:46:47.204+0530] {processor.py:161} INFO - Started process (PID=28884) to work on /Users/zafarimam/Documents/E-Commerce Order Pipeline/airflow_venv_39/lib/python3.9/site-packages/airflow/example_dags/example_short_circuit_decorator.py
[2025-05-27T19:46:47.205+0530] {processor.py:830} INFO - Processing file /Users/zafarimam/Documents/E-Commerce Order Pipeline/airflow_venv_39/lib/python3.9/site-packages/airflow/example_dags/example_short_circuit_decorator.py for tasks to queue
[2025-05-27T19:46:47.206+0530] {logging_mixin.py:188} INFO - [2025-05-27T19:46:47.206+0530] {dagbag.py:538} INFO - Filling up the DagBag from /Users/zafarimam/Documents/E-Commerce Order Pipeline/airflow_venv_39/lib/python3.9/site-packages/airflow/example_dags/example_short_circuit_decorator.py
[2025-05-27T19:46:47.242+0530] {processor.py:840} INFO - DAG(s) 'example_short_circuit_decorator' retrieved from /Users/zafarimam/Documents/E-Commerce Order Pipeline/airflow_venv_39/lib/python3.9/site-packages/airflow/example_dags/example_short_circuit_decorator.py
[2025-05-27T19:46:47.323+0530] {logging_mixin.py:188} INFO - [2025-05-27T19:46:47.323+0530] {dag.py:3036} INFO - Sync 1 DAGs
[2025-05-27T19:46:47.336+0530] {logging_mixin.py:188} INFO - [2025-05-27T19:46:47.336+0530] {dag.py:3823} INFO - Setting next_dagrun for example_short_circuit_decorator to 2025-05-26 00:00:00+00:00, run_after=2025-05-27 00:00:00+00:00
[2025-05-27T19:46:47.351+0530] {processor.py:183} INFO - Processing /Users/zafarimam/Documents/E-Commerce Order Pipeline/airflow_venv_39/lib/python3.9/site-packages/airflow/example_dags/example_short_circuit_decorator.py took 0.149 seconds
[2025-05-27T19:48:30.204+0530] {processor.py:161} INFO - Started process (PID=28947) to work on /Users/zafarimam/Documents/E-Commerce Order Pipeline/airflow_venv_39/lib/python3.9/site-packages/airflow/example_dags/example_short_circuit_decorator.py
[2025-05-27T19:48:30.205+0530] {processor.py:830} INFO - Processing file /Users/zafarimam/Documents/E-Commerce Order Pipeline/airflow_venv_39/lib/python3.9/site-packages/airflow/example_dags/example_short_circuit_decorator.py for tasks to queue
[2025-05-27T19:48:30.206+0530] {logging_mixin.py:188} INFO - [2025-05-27T19:48:30.205+0530] {dagbag.py:538} INFO - Filling up the DagBag from /Users/zafarimam/Documents/E-Commerce Order Pipeline/airflow_venv_39/lib/python3.9/site-packages/airflow/example_dags/example_short_circuit_decorator.py
[2025-05-27T19:48:30.241+0530] {processor.py:840} INFO - DAG(s) 'example_short_circuit_decorator' retrieved from /Users/zafarimam/Documents/E-Commerce Order Pipeline/airflow_venv_39/lib/python3.9/site-packages/airflow/example_dags/example_short_circuit_decorator.py
[2025-05-27T19:48:30.323+0530] {logging_mixin.py:188} INFO - [2025-05-27T19:48:30.322+0530] {dag.py:3036} INFO - Sync 1 DAGs
[2025-05-27T19:48:30.334+0530] {logging_mixin.py:188} INFO - [2025-05-27T19:48:30.334+0530] {dag.py:3823} INFO - Setting next_dagrun for example_short_circuit_decorator to 2025-05-26 00:00:00+00:00, run_after=2025-05-27 00:00:00+00:00
[2025-05-27T19:48:30.350+0530] {processor.py:183} INFO - Processing /Users/zafarimam/Documents/E-Commerce Order Pipeline/airflow_venv_39/lib/python3.9/site-packages/airflow/example_dags/example_short_circuit_decorator.py took 0.147 seconds
[2025-05-27T19:50:14.764+0530] {processor.py:161} INFO - Started process (PID=29028) to work on /Users/zafarimam/Documents/E-Commerce Order Pipeline/airflow_venv_39/lib/python3.9/site-packages/airflow/example_dags/example_short_circuit_decorator.py
[2025-05-27T19:50:14.765+0530] {processor.py:830} INFO - Processing file /Users/zafarimam/Documents/E-Commerce Order Pipeline/airflow_venv_39/lib/python3.9/site-packages/airflow/example_dags/example_short_circuit_decorator.py for tasks to queue
[2025-05-27T19:50:14.765+0530] {logging_mixin.py:188} INFO - [2025-05-27T19:50:14.765+0530] {dagbag.py:538} INFO - Filling up the DagBag from /Users/zafarimam/Documents/E-Commerce Order Pipeline/airflow_venv_39/lib/python3.9/site-packages/airflow/example_dags/example_short_circuit_decorator.py
[2025-05-27T19:50:14.800+0530] {processor.py:840} INFO - DAG(s) 'example_short_circuit_decorator' retrieved from /Users/zafarimam/Documents/E-Commerce Order Pipeline/airflow_venv_39/lib/python3.9/site-packages/airflow/example_dags/example_short_circuit_decorator.py
[2025-05-27T19:50:14.879+0530] {logging_mixin.py:188} INFO - [2025-05-27T19:50:14.878+0530] {dag.py:3036} INFO - Sync 1 DAGs
[2025-05-27T19:50:14.890+0530] {logging_mixin.py:188} INFO - [2025-05-27T19:50:14.890+0530] {dag.py:3823} INFO - Setting next_dagrun for example_short_circuit_decorator to 2025-05-26 00:00:00+00:00, run_after=2025-05-27 00:00:00+00:00
[2025-05-27T19:50:14.908+0530] {processor.py:183} INFO - Processing /Users/zafarimam/Documents/E-Commerce Order Pipeline/airflow_venv_39/lib/python3.9/site-packages/airflow/example_dags/example_short_circuit_decorator.py took 0.145 seconds
[2025-05-27T19:52:04.244+0530] {processor.py:161} INFO - Started process (PID=29089) to work on /Users/zafarimam/Documents/E-Commerce Order Pipeline/airflow_venv_39/lib/python3.9/site-packages/airflow/example_dags/example_short_circuit_decorator.py
[2025-05-27T19:52:04.245+0530] {processor.py:830} INFO - Processing file /Users/zafarimam/Documents/E-Commerce Order Pipeline/airflow_venv_39/lib/python3.9/site-packages/airflow/example_dags/example_short_circuit_decorator.py for tasks to queue
[2025-05-27T19:52:04.246+0530] {logging_mixin.py:188} INFO - [2025-05-27T19:52:04.246+0530] {dagbag.py:538} INFO - Filling up the DagBag from /Users/zafarimam/Documents/E-Commerce Order Pipeline/airflow_venv_39/lib/python3.9/site-packages/airflow/example_dags/example_short_circuit_decorator.py
[2025-05-27T19:52:04.284+0530] {processor.py:840} INFO - DAG(s) 'example_short_circuit_decorator' retrieved from /Users/zafarimam/Documents/E-Commerce Order Pipeline/airflow_venv_39/lib/python3.9/site-packages/airflow/example_dags/example_short_circuit_decorator.py
[2025-05-27T19:52:04.367+0530] {logging_mixin.py:188} INFO - [2025-05-27T19:52:04.367+0530] {dag.py:3036} INFO - Sync 1 DAGs
[2025-05-27T19:52:04.379+0530] {logging_mixin.py:188} INFO - [2025-05-27T19:52:04.379+0530] {dag.py:3823} INFO - Setting next_dagrun for example_short_circuit_decorator to 2025-05-26 00:00:00+00:00, run_after=2025-05-27 00:00:00+00:00
[2025-05-27T19:52:04.394+0530] {processor.py:183} INFO - Processing /Users/zafarimam/Documents/E-Commerce Order Pipeline/airflow_venv_39/lib/python3.9/site-packages/airflow/example_dags/example_short_circuit_decorator.py took 0.151 seconds
