[2025-05-27T17:39:12.642+0530] {processor.py:161} INFO - Started process (PID=22851) to work on /Users/zafarimam/Documents/E-Commerce Order Pipeline/airflow_venv_39/lib/python3.9/site-packages/airflow/example_dags/example_dag_decorator.py
[2025-05-27T17:39:12.643+0530] {processor.py:830} INFO - Processing file /Users/zafarimam/Documents/E-Commerce Order Pipeline/airflow_venv_39/lib/python3.9/site-packages/airflow/example_dags/example_dag_decorator.py for tasks to queue
[2025-05-27T17:39:12.643+0530] {logging_mixin.py:188} INFO - [2025-05-27T17:39:12.643+0530] {dagbag.py:538} INFO - Filling up the DagBag from /Users/zafarimam/Documents/E-Commerce Order Pipeline/airflow_venv_39/lib/python3.9/site-packages/airflow/example_dags/example_dag_decorator.py
[2025-05-27T17:39:12.826+0530] {processor.py:840} INFO - DAG(s) 'example_dag_decorator' retrieved from /Users/zafarimam/Documents/E-Commerce Order Pipeline/airflow_venv_39/lib/python3.9/site-packages/airflow/example_dags/example_dag_decorator.py
[2025-05-27T17:39:12.977+0530] {logging_mixin.py:188} INFO - [2025-05-27T17:39:12.977+0530] {dag.py:3036} INFO - Sync 1 DAGs
[2025-05-27T17:39:12.985+0530] {logging_mixin.py:188} INFO - [2025-05-27T17:39:12.984+0530] {dag.py:3823} INFO - Setting next_dagrun for example_dag_decorator to None, run_after=None
[2025-05-27T17:39:13.001+0530] {processor.py:183} INFO - Processing /Users/zafarimam/Documents/E-Commerce Order Pipeline/airflow_venv_39/lib/python3.9/site-packages/airflow/example_dags/example_dag_decorator.py took 0.361 seconds
[2025-05-27T17:41:20.996+0530] {processor.py:161} INFO - Started process (PID=22935) to work on /Users/zafarimam/Documents/E-Commerce Order Pipeline/airflow_venv_39/lib/python3.9/site-packages/airflow/example_dags/example_dag_decorator.py
[2025-05-27T17:41:20.997+0530] {processor.py:830} INFO - Processing file /Users/zafarimam/Documents/E-Commerce Order Pipeline/airflow_venv_39/lib/python3.9/site-packages/airflow/example_dags/example_dag_decorator.py for tasks to queue
[2025-05-27T17:41:20.998+0530] {logging_mixin.py:188} INFO - [2025-05-27T17:41:20.998+0530] {dagbag.py:538} INFO - Filling up the DagBag from /Users/zafarimam/Documents/E-Commerce Order Pipeline/airflow_venv_39/lib/python3.9/site-packages/airflow/example_dags/example_dag_decorator.py
[2025-05-27T17:41:21.194+0530] {processor.py:840} INFO - DAG(s) 'example_dag_decorator' retrieved from /Users/zafarimam/Documents/E-Commerce Order Pipeline/airflow_venv_39/lib/python3.9/site-packages/airflow/example_dags/example_dag_decorator.py
[2025-05-27T17:41:21.374+0530] {logging_mixin.py:188} INFO - [2025-05-27T17:41:21.373+0530] {dag.py:3036} INFO - Sync 1 DAGs
[2025-05-27T17:41:21.381+0530] {logging_mixin.py:188} INFO - [2025-05-27T17:41:21.381+0530] {dag.py:3823} INFO - Setting next_dagrun for example_dag_decorator to None, run_after=None
[2025-05-27T17:41:21.397+0530] {processor.py:183} INFO - Processing /Users/zafarimam/Documents/E-Commerce Order Pipeline/airflow_venv_39/lib/python3.9/site-packages/airflow/example_dags/example_dag_decorator.py took 0.403 seconds
[2025-05-27T17:43:12.881+0530] {processor.py:161} INFO - Started process (PID=23002) to work on /Users/zafarimam/Documents/E-Commerce Order Pipeline/airflow_venv_39/lib/python3.9/site-packages/airflow/example_dags/example_dag_decorator.py
[2025-05-27T17:43:12.883+0530] {processor.py:830} INFO - Processing file /Users/zafarimam/Documents/E-Commerce Order Pipeline/airflow_venv_39/lib/python3.9/site-packages/airflow/example_dags/example_dag_decorator.py for tasks to queue
[2025-05-27T17:43:12.884+0530] {logging_mixin.py:188} INFO - [2025-05-27T17:43:12.883+0530] {dagbag.py:538} INFO - Filling up the DagBag from /Users/zafarimam/Documents/E-Commerce Order Pipeline/airflow_venv_39/lib/python3.9/site-packages/airflow/example_dags/example_dag_decorator.py
[2025-05-27T17:43:13.079+0530] {processor.py:840} INFO - DAG(s) 'example_dag_decorator' retrieved from /Users/zafarimam/Documents/E-Commerce Order Pipeline/airflow_venv_39/lib/python3.9/site-packages/airflow/example_dags/example_dag_decorator.py
[2025-05-27T17:43:13.262+0530] {logging_mixin.py:188} INFO - [2025-05-27T17:43:13.262+0530] {dag.py:3036} INFO - Sync 1 DAGs
[2025-05-27T17:43:13.269+0530] {logging_mixin.py:188} INFO - [2025-05-27T17:43:13.269+0530] {dag.py:3823} INFO - Setting next_dagrun for example_dag_decorator to None, run_after=None
[2025-05-27T17:43:13.285+0530] {processor.py:183} INFO - Processing /Users/zafarimam/Documents/E-Commerce Order Pipeline/airflow_venv_39/lib/python3.9/site-packages/airflow/example_dags/example_dag_decorator.py took 0.405 seconds
[2025-05-27T17:44:58.487+0530] {processor.py:161} INFO - Started process (PID=23054) to work on /Users/zafarimam/Documents/E-Commerce Order Pipeline/airflow_venv_39/lib/python3.9/site-packages/airflow/example_dags/example_dag_decorator.py
[2025-05-27T17:44:58.488+0530] {processor.py:830} INFO - Processing file /Users/zafarimam/Documents/E-Commerce Order Pipeline/airflow_venv_39/lib/python3.9/site-packages/airflow/example_dags/example_dag_decorator.py for tasks to queue
[2025-05-27T17:44:58.489+0530] {logging_mixin.py:188} INFO - [2025-05-27T17:44:58.489+0530] {dagbag.py:538} INFO - Filling up the DagBag from /Users/zafarimam/Documents/E-Commerce Order Pipeline/airflow_venv_39/lib/python3.9/site-packages/airflow/example_dags/example_dag_decorator.py
[2025-05-27T17:44:58.618+0530] {processor.py:840} INFO - DAG(s) 'example_dag_decorator' retrieved from /Users/zafarimam/Documents/E-Commerce Order Pipeline/airflow_venv_39/lib/python3.9/site-packages/airflow/example_dags/example_dag_decorator.py
[2025-05-27T17:44:58.748+0530] {logging_mixin.py:188} INFO - [2025-05-27T17:44:58.748+0530] {dag.py:3036} INFO - Sync 1 DAGs
[2025-05-27T17:44:58.754+0530] {logging_mixin.py:188} INFO - [2025-05-27T17:44:58.754+0530] {dag.py:3823} INFO - Setting next_dagrun for example_dag_decorator to None, run_after=None
[2025-05-27T17:44:58.768+0530] {processor.py:183} INFO - Processing /Users/zafarimam/Documents/E-Commerce Order Pipeline/airflow_venv_39/lib/python3.9/site-packages/airflow/example_dags/example_dag_decorator.py took 0.282 seconds
[2025-05-27T17:51:58.549+0530] {processor.py:161} INFO - Started process (PID=23368) to work on /Users/zafarimam/Documents/E-Commerce Order Pipeline/airflow_venv_39/lib/python3.9/site-packages/airflow/example_dags/example_dag_decorator.py
[2025-05-27T17:51:58.551+0530] {processor.py:830} INFO - Processing file /Users/zafarimam/Documents/E-Commerce Order Pipeline/airflow_venv_39/lib/python3.9/site-packages/airflow/example_dags/example_dag_decorator.py for tasks to queue
[2025-05-27T17:51:58.551+0530] {logging_mixin.py:188} INFO - [2025-05-27T17:51:58.551+0530] {dagbag.py:538} INFO - Filling up the DagBag from /Users/zafarimam/Documents/E-Commerce Order Pipeline/airflow_venv_39/lib/python3.9/site-packages/airflow/example_dags/example_dag_decorator.py
[2025-05-27T17:51:58.754+0530] {processor.py:840} INFO - DAG(s) 'example_dag_decorator' retrieved from /Users/zafarimam/Documents/E-Commerce Order Pipeline/airflow_venv_39/lib/python3.9/site-packages/airflow/example_dags/example_dag_decorator.py
[2025-05-27T17:51:58.949+0530] {logging_mixin.py:188} INFO - [2025-05-27T17:51:58.948+0530] {dag.py:3036} INFO - Sync 1 DAGs
[2025-05-27T17:51:58.956+0530] {logging_mixin.py:188} INFO - [2025-05-27T17:51:58.956+0530] {dag.py:3823} INFO - Setting next_dagrun for example_dag_decorator to None, run_after=None
[2025-05-27T17:51:58.972+0530] {processor.py:183} INFO - Processing /Users/zafarimam/Documents/E-Commerce Order Pipeline/airflow_venv_39/lib/python3.9/site-packages/airflow/example_dags/example_dag_decorator.py took 0.424 seconds
[2025-05-27T17:53:57.892+0530] {processor.py:161} INFO - Started process (PID=23794) to work on /Users/zafarimam/Documents/E-Commerce Order Pipeline/airflow_venv_39/lib/python3.9/site-packages/airflow/example_dags/example_dag_decorator.py
[2025-05-27T17:53:57.894+0530] {processor.py:830} INFO - Processing file /Users/zafarimam/Documents/E-Commerce Order Pipeline/airflow_venv_39/lib/python3.9/site-packages/airflow/example_dags/example_dag_decorator.py for tasks to queue
[2025-05-27T17:53:57.894+0530] {logging_mixin.py:188} INFO - [2025-05-27T17:53:57.894+0530] {dagbag.py:538} INFO - Filling up the DagBag from /Users/zafarimam/Documents/E-Commerce Order Pipeline/airflow_venv_39/lib/python3.9/site-packages/airflow/example_dags/example_dag_decorator.py
[2025-05-27T17:53:58.099+0530] {processor.py:840} INFO - DAG(s) 'example_dag_decorator' retrieved from /Users/zafarimam/Documents/E-Commerce Order Pipeline/airflow_venv_39/lib/python3.9/site-packages/airflow/example_dags/example_dag_decorator.py
[2025-05-27T17:53:58.298+0530] {logging_mixin.py:188} INFO - [2025-05-27T17:53:58.297+0530] {dag.py:3036} INFO - Sync 1 DAGs
[2025-05-27T17:53:58.305+0530] {logging_mixin.py:188} INFO - [2025-05-27T17:53:58.305+0530] {dag.py:3823} INFO - Setting next_dagrun for example_dag_decorator to None, run_after=None
[2025-05-27T17:53:58.321+0530] {processor.py:183} INFO - Processing /Users/zafarimam/Documents/E-Commerce Order Pipeline/airflow_venv_39/lib/python3.9/site-packages/airflow/example_dags/example_dag_decorator.py took 0.430 seconds
[2025-05-27T17:56:33.594+0530] {processor.py:161} INFO - Started process (PID=24082) to work on /Users/zafarimam/Documents/E-Commerce Order Pipeline/airflow_venv_39/lib/python3.9/site-packages/airflow/example_dags/example_dag_decorator.py
[2025-05-27T17:56:33.595+0530] {processor.py:830} INFO - Processing file /Users/zafarimam/Documents/E-Commerce Order Pipeline/airflow_venv_39/lib/python3.9/site-packages/airflow/example_dags/example_dag_decorator.py for tasks to queue
[2025-05-27T17:56:33.596+0530] {logging_mixin.py:188} INFO - [2025-05-27T17:56:33.596+0530] {dagbag.py:538} INFO - Filling up the DagBag from /Users/zafarimam/Documents/E-Commerce Order Pipeline/airflow_venv_39/lib/python3.9/site-packages/airflow/example_dags/example_dag_decorator.py
[2025-05-27T17:56:33.740+0530] {processor.py:840} INFO - DAG(s) 'example_dag_decorator' retrieved from /Users/zafarimam/Documents/E-Commerce Order Pipeline/airflow_venv_39/lib/python3.9/site-packages/airflow/example_dags/example_dag_decorator.py
[2025-05-27T17:56:33.888+0530] {logging_mixin.py:188} INFO - [2025-05-27T17:56:33.888+0530] {dag.py:3036} INFO - Sync 1 DAGs
[2025-05-27T17:56:33.895+0530] {logging_mixin.py:188} INFO - [2025-05-27T17:56:33.895+0530] {dag.py:3823} INFO - Setting next_dagrun for example_dag_decorator to None, run_after=None
[2025-05-27T17:56:33.912+0530] {processor.py:183} INFO - Processing /Users/zafarimam/Documents/E-Commerce Order Pipeline/airflow_venv_39/lib/python3.9/site-packages/airflow/example_dags/example_dag_decorator.py took 0.320 seconds
[2025-05-27T17:58:40.793+0530] {processor.py:161} INFO - Started process (PID=24860) to work on /Users/zafarimam/Documents/E-Commerce Order Pipeline/airflow_venv_39/lib/python3.9/site-packages/airflow/example_dags/example_dag_decorator.py
[2025-05-27T17:58:40.795+0530] {processor.py:830} INFO - Processing file /Users/zafarimam/Documents/E-Commerce Order Pipeline/airflow_venv_39/lib/python3.9/site-packages/airflow/example_dags/example_dag_decorator.py for tasks to queue
[2025-05-27T17:58:40.795+0530] {logging_mixin.py:188} INFO - [2025-05-27T17:58:40.795+0530] {dagbag.py:538} INFO - Filling up the DagBag from /Users/zafarimam/Documents/E-Commerce Order Pipeline/airflow_venv_39/lib/python3.9/site-packages/airflow/example_dags/example_dag_decorator.py
[2025-05-27T17:58:40.985+0530] {processor.py:840} INFO - DAG(s) 'example_dag_decorator' retrieved from /Users/zafarimam/Documents/E-Commerce Order Pipeline/airflow_venv_39/lib/python3.9/site-packages/airflow/example_dags/example_dag_decorator.py
[2025-05-27T17:58:41.175+0530] {logging_mixin.py:188} INFO - [2025-05-27T17:58:41.175+0530] {dag.py:3036} INFO - Sync 1 DAGs
[2025-05-27T17:58:41.183+0530] {logging_mixin.py:188} INFO - [2025-05-27T17:58:41.183+0530] {dag.py:3823} INFO - Setting next_dagrun for example_dag_decorator to None, run_after=None
[2025-05-27T17:58:41.199+0530] {processor.py:183} INFO - Processing /Users/zafarimam/Documents/E-Commerce Order Pipeline/airflow_venv_39/lib/python3.9/site-packages/airflow/example_dags/example_dag_decorator.py took 0.407 seconds
[2025-05-27T18:07:02.148+0530] {processor.py:161} INFO - Started process (PID=25129) to work on /Users/zafarimam/Documents/E-Commerce Order Pipeline/airflow_venv_39/lib/python3.9/site-packages/airflow/example_dags/example_dag_decorator.py
[2025-05-27T18:07:02.150+0530] {processor.py:830} INFO - Processing file /Users/zafarimam/Documents/E-Commerce Order Pipeline/airflow_venv_39/lib/python3.9/site-packages/airflow/example_dags/example_dag_decorator.py for tasks to queue
[2025-05-27T18:07:02.151+0530] {logging_mixin.py:188} INFO - [2025-05-27T18:07:02.151+0530] {dagbag.py:538} INFO - Filling up the DagBag from /Users/zafarimam/Documents/E-Commerce Order Pipeline/airflow_venv_39/lib/python3.9/site-packages/airflow/example_dags/example_dag_decorator.py
[2025-05-27T18:07:02.318+0530] {processor.py:840} INFO - DAG(s) 'example_dag_decorator' retrieved from /Users/zafarimam/Documents/E-Commerce Order Pipeline/airflow_venv_39/lib/python3.9/site-packages/airflow/example_dags/example_dag_decorator.py
[2025-05-27T18:07:02.530+0530] {logging_mixin.py:188} INFO - [2025-05-27T18:07:02.530+0530] {dag.py:3036} INFO - Sync 1 DAGs
[2025-05-27T18:07:02.539+0530] {logging_mixin.py:188} INFO - [2025-05-27T18:07:02.539+0530] {dag.py:3823} INFO - Setting next_dagrun for example_dag_decorator to None, run_after=None
[2025-05-27T18:07:02.554+0530] {processor.py:183} INFO - Processing /Users/zafarimam/Documents/E-Commerce Order Pipeline/airflow_venv_39/lib/python3.9/site-packages/airflow/example_dags/example_dag_decorator.py took 0.408 seconds
[2025-05-27T18:09:10.133+0530] {processor.py:161} INFO - Started process (PID=25194) to work on /Users/zafarimam/Documents/E-Commerce Order Pipeline/airflow_venv_39/lib/python3.9/site-packages/airflow/example_dags/example_dag_decorator.py
[2025-05-27T18:09:10.134+0530] {processor.py:830} INFO - Processing file /Users/zafarimam/Documents/E-Commerce Order Pipeline/airflow_venv_39/lib/python3.9/site-packages/airflow/example_dags/example_dag_decorator.py for tasks to queue
[2025-05-27T18:09:10.135+0530] {logging_mixin.py:188} INFO - [2025-05-27T18:09:10.135+0530] {dagbag.py:538} INFO - Filling up the DagBag from /Users/zafarimam/Documents/E-Commerce Order Pipeline/airflow_venv_39/lib/python3.9/site-packages/airflow/example_dags/example_dag_decorator.py
[2025-05-27T18:09:10.265+0530] {processor.py:840} INFO - DAG(s) 'example_dag_decorator' retrieved from /Users/zafarimam/Documents/E-Commerce Order Pipeline/airflow_venv_39/lib/python3.9/site-packages/airflow/example_dags/example_dag_decorator.py
[2025-05-27T18:09:10.402+0530] {logging_mixin.py:188} INFO - [2025-05-27T18:09:10.401+0530] {dag.py:3036} INFO - Sync 1 DAGs
[2025-05-27T18:09:10.409+0530] {logging_mixin.py:188} INFO - [2025-05-27T18:09:10.409+0530] {dag.py:3823} INFO - Setting next_dagrun for example_dag_decorator to None, run_after=None
[2025-05-27T18:09:10.422+0530] {processor.py:183} INFO - Processing /Users/zafarimam/Documents/E-Commerce Order Pipeline/airflow_venv_39/lib/python3.9/site-packages/airflow/example_dags/example_dag_decorator.py took 0.290 seconds
[2025-05-27T18:10:54.925+0530] {processor.py:161} INFO - Started process (PID=25247) to work on /Users/zafarimam/Documents/E-Commerce Order Pipeline/airflow_venv_39/lib/python3.9/site-packages/airflow/example_dags/example_dag_decorator.py
[2025-05-27T18:10:54.926+0530] {processor.py:830} INFO - Processing file /Users/zafarimam/Documents/E-Commerce Order Pipeline/airflow_venv_39/lib/python3.9/site-packages/airflow/example_dags/example_dag_decorator.py for tasks to queue
[2025-05-27T18:10:54.926+0530] {logging_mixin.py:188} INFO - [2025-05-27T18:10:54.926+0530] {dagbag.py:538} INFO - Filling up the DagBag from /Users/zafarimam/Documents/E-Commerce Order Pipeline/airflow_venv_39/lib/python3.9/site-packages/airflow/example_dags/example_dag_decorator.py
[2025-05-27T18:10:55.054+0530] {processor.py:840} INFO - DAG(s) 'example_dag_decorator' retrieved from /Users/zafarimam/Documents/E-Commerce Order Pipeline/airflow_venv_39/lib/python3.9/site-packages/airflow/example_dags/example_dag_decorator.py
[2025-05-27T18:10:55.186+0530] {logging_mixin.py:188} INFO - [2025-05-27T18:10:55.185+0530] {dag.py:3036} INFO - Sync 1 DAGs
[2025-05-27T18:10:55.192+0530] {logging_mixin.py:188} INFO - [2025-05-27T18:10:55.192+0530] {dag.py:3823} INFO - Setting next_dagrun for example_dag_decorator to None, run_after=None
[2025-05-27T18:10:55.206+0530] {processor.py:183} INFO - Processing /Users/zafarimam/Documents/E-Commerce Order Pipeline/airflow_venv_39/lib/python3.9/site-packages/airflow/example_dags/example_dag_decorator.py took 0.282 seconds
[2025-05-27T18:12:47.645+0530] {processor.py:161} INFO - Started process (PID=25307) to work on /Users/zafarimam/Documents/E-Commerce Order Pipeline/airflow_venv_39/lib/python3.9/site-packages/airflow/example_dags/example_dag_decorator.py
[2025-05-27T18:12:47.646+0530] {processor.py:830} INFO - Processing file /Users/zafarimam/Documents/E-Commerce Order Pipeline/airflow_venv_39/lib/python3.9/site-packages/airflow/example_dags/example_dag_decorator.py for tasks to queue
[2025-05-27T18:12:47.647+0530] {logging_mixin.py:188} INFO - [2025-05-27T18:12:47.647+0530] {dagbag.py:538} INFO - Filling up the DagBag from /Users/zafarimam/Documents/E-Commerce Order Pipeline/airflow_venv_39/lib/python3.9/site-packages/airflow/example_dags/example_dag_decorator.py
[2025-05-27T18:12:47.784+0530] {processor.py:840} INFO - DAG(s) 'example_dag_decorator' retrieved from /Users/zafarimam/Documents/E-Commerce Order Pipeline/airflow_venv_39/lib/python3.9/site-packages/airflow/example_dags/example_dag_decorator.py
[2025-05-27T18:12:47.918+0530] {logging_mixin.py:188} INFO - [2025-05-27T18:12:47.917+0530] {dag.py:3036} INFO - Sync 1 DAGs
[2025-05-27T18:12:47.924+0530] {logging_mixin.py:188} INFO - [2025-05-27T18:12:47.924+0530] {dag.py:3823} INFO - Setting next_dagrun for example_dag_decorator to None, run_after=None
[2025-05-27T18:12:47.942+0530] {processor.py:183} INFO - Processing /Users/zafarimam/Documents/E-Commerce Order Pipeline/airflow_venv_39/lib/python3.9/site-packages/airflow/example_dags/example_dag_decorator.py took 0.298 seconds
[2025-05-27T18:14:46.025+0530] {processor.py:161} INFO - Started process (PID=25384) to work on /Users/zafarimam/Documents/E-Commerce Order Pipeline/airflow_venv_39/lib/python3.9/site-packages/airflow/example_dags/example_dag_decorator.py
[2025-05-27T18:14:46.026+0530] {processor.py:830} INFO - Processing file /Users/zafarimam/Documents/E-Commerce Order Pipeline/airflow_venv_39/lib/python3.9/site-packages/airflow/example_dags/example_dag_decorator.py for tasks to queue
[2025-05-27T18:14:46.027+0530] {logging_mixin.py:188} INFO - [2025-05-27T18:14:46.026+0530] {dagbag.py:538} INFO - Filling up the DagBag from /Users/zafarimam/Documents/E-Commerce Order Pipeline/airflow_venv_39/lib/python3.9/site-packages/airflow/example_dags/example_dag_decorator.py
[2025-05-27T18:14:46.231+0530] {processor.py:840} INFO - DAG(s) 'example_dag_decorator' retrieved from /Users/zafarimam/Documents/E-Commerce Order Pipeline/airflow_venv_39/lib/python3.9/site-packages/airflow/example_dags/example_dag_decorator.py
[2025-05-27T18:14:46.432+0530] {logging_mixin.py:188} INFO - [2025-05-27T18:14:46.431+0530] {dag.py:3036} INFO - Sync 1 DAGs
[2025-05-27T18:14:46.440+0530] {logging_mixin.py:188} INFO - [2025-05-27T18:14:46.440+0530] {dag.py:3823} INFO - Setting next_dagrun for example_dag_decorator to None, run_after=None
[2025-05-27T18:14:46.455+0530] {processor.py:183} INFO - Processing /Users/zafarimam/Documents/E-Commerce Order Pipeline/airflow_venv_39/lib/python3.9/site-packages/airflow/example_dags/example_dag_decorator.py took 0.432 seconds
[2025-05-27T18:16:30.471+0530] {processor.py:161} INFO - Started process (PID=25440) to work on /Users/zafarimam/Documents/E-Commerce Order Pipeline/airflow_venv_39/lib/python3.9/site-packages/airflow/example_dags/example_dag_decorator.py
[2025-05-27T18:16:30.472+0530] {processor.py:830} INFO - Processing file /Users/zafarimam/Documents/E-Commerce Order Pipeline/airflow_venv_39/lib/python3.9/site-packages/airflow/example_dags/example_dag_decorator.py for tasks to queue
[2025-05-27T18:16:30.473+0530] {logging_mixin.py:188} INFO - [2025-05-27T18:16:30.473+0530] {dagbag.py:538} INFO - Filling up the DagBag from /Users/zafarimam/Documents/E-Commerce Order Pipeline/airflow_venv_39/lib/python3.9/site-packages/airflow/example_dags/example_dag_decorator.py
[2025-05-27T18:16:30.601+0530] {processor.py:840} INFO - DAG(s) 'example_dag_decorator' retrieved from /Users/zafarimam/Documents/E-Commerce Order Pipeline/airflow_venv_39/lib/python3.9/site-packages/airflow/example_dags/example_dag_decorator.py
[2025-05-27T18:16:30.731+0530] {logging_mixin.py:188} INFO - [2025-05-27T18:16:30.731+0530] {dag.py:3036} INFO - Sync 1 DAGs
[2025-05-27T18:16:30.739+0530] {logging_mixin.py:188} INFO - [2025-05-27T18:16:30.739+0530] {dag.py:3823} INFO - Setting next_dagrun for example_dag_decorator to None, run_after=None
[2025-05-27T18:16:30.752+0530] {processor.py:183} INFO - Processing /Users/zafarimam/Documents/E-Commerce Order Pipeline/airflow_venv_39/lib/python3.9/site-packages/airflow/example_dags/example_dag_decorator.py took 0.282 seconds
[2025-05-27T18:18:12.708+0530] {processor.py:161} INFO - Started process (PID=25496) to work on /Users/zafarimam/Documents/E-Commerce Order Pipeline/airflow_venv_39/lib/python3.9/site-packages/airflow/example_dags/example_dag_decorator.py
[2025-05-27T18:18:12.709+0530] {processor.py:830} INFO - Processing file /Users/zafarimam/Documents/E-Commerce Order Pipeline/airflow_venv_39/lib/python3.9/site-packages/airflow/example_dags/example_dag_decorator.py for tasks to queue
[2025-05-27T18:18:12.709+0530] {logging_mixin.py:188} INFO - [2025-05-27T18:18:12.709+0530] {dagbag.py:538} INFO - Filling up the DagBag from /Users/zafarimam/Documents/E-Commerce Order Pipeline/airflow_venv_39/lib/python3.9/site-packages/airflow/example_dags/example_dag_decorator.py
[2025-05-27T18:18:12.838+0530] {processor.py:840} INFO - DAG(s) 'example_dag_decorator' retrieved from /Users/zafarimam/Documents/E-Commerce Order Pipeline/airflow_venv_39/lib/python3.9/site-packages/airflow/example_dags/example_dag_decorator.py
[2025-05-27T18:18:12.970+0530] {logging_mixin.py:188} INFO - [2025-05-27T18:18:12.970+0530] {dag.py:3036} INFO - Sync 1 DAGs
[2025-05-27T18:18:12.977+0530] {logging_mixin.py:188} INFO - [2025-05-27T18:18:12.977+0530] {dag.py:3823} INFO - Setting next_dagrun for example_dag_decorator to None, run_after=None
[2025-05-27T18:18:12.990+0530] {processor.py:183} INFO - Processing /Users/zafarimam/Documents/E-Commerce Order Pipeline/airflow_venv_39/lib/python3.9/site-packages/airflow/example_dags/example_dag_decorator.py took 0.284 seconds
[2025-05-27T18:22:59.768+0530] {processor.py:161} INFO - Started process (PID=25715) to work on /Users/zafarimam/Documents/E-Commerce Order Pipeline/airflow_venv_39/lib/python3.9/site-packages/airflow/example_dags/example_dag_decorator.py
[2025-05-27T18:22:59.769+0530] {processor.py:830} INFO - Processing file /Users/zafarimam/Documents/E-Commerce Order Pipeline/airflow_venv_39/lib/python3.9/site-packages/airflow/example_dags/example_dag_decorator.py for tasks to queue
[2025-05-27T18:22:59.770+0530] {logging_mixin.py:188} INFO - [2025-05-27T18:22:59.770+0530] {dagbag.py:538} INFO - Filling up the DagBag from /Users/zafarimam/Documents/E-Commerce Order Pipeline/airflow_venv_39/lib/python3.9/site-packages/airflow/example_dags/example_dag_decorator.py
[2025-05-27T18:22:59.914+0530] {processor.py:840} INFO - DAG(s) 'example_dag_decorator' retrieved from /Users/zafarimam/Documents/E-Commerce Order Pipeline/airflow_venv_39/lib/python3.9/site-packages/airflow/example_dags/example_dag_decorator.py
[2025-05-27T18:23:00.073+0530] {logging_mixin.py:188} INFO - [2025-05-27T18:23:00.073+0530] {dag.py:3036} INFO - Sync 1 DAGs
[2025-05-27T18:23:00.081+0530] {logging_mixin.py:188} INFO - [2025-05-27T18:23:00.081+0530] {dag.py:3823} INFO - Setting next_dagrun for example_dag_decorator to None, run_after=None
[2025-05-27T18:23:00.096+0530] {processor.py:183} INFO - Processing /Users/zafarimam/Documents/E-Commerce Order Pipeline/airflow_venv_39/lib/python3.9/site-packages/airflow/example_dags/example_dag_decorator.py took 0.330 seconds
[2025-05-27T18:28:15.299+0530] {processor.py:161} INFO - Started process (PID=25886) to work on /Users/zafarimam/Documents/E-Commerce Order Pipeline/airflow_venv_39/lib/python3.9/site-packages/airflow/example_dags/example_dag_decorator.py
[2025-05-27T18:28:15.301+0530] {processor.py:830} INFO - Processing file /Users/zafarimam/Documents/E-Commerce Order Pipeline/airflow_venv_39/lib/python3.9/site-packages/airflow/example_dags/example_dag_decorator.py for tasks to queue
[2025-05-27T18:28:15.302+0530] {logging_mixin.py:188} INFO - [2025-05-27T18:28:15.302+0530] {dagbag.py:538} INFO - Filling up the DagBag from /Users/zafarimam/Documents/E-Commerce Order Pipeline/airflow_venv_39/lib/python3.9/site-packages/airflow/example_dags/example_dag_decorator.py
[2025-05-27T18:28:15.443+0530] {processor.py:840} INFO - DAG(s) 'example_dag_decorator' retrieved from /Users/zafarimam/Documents/E-Commerce Order Pipeline/airflow_venv_39/lib/python3.9/site-packages/airflow/example_dags/example_dag_decorator.py
[2025-05-27T18:28:15.627+0530] {logging_mixin.py:188} INFO - [2025-05-27T18:28:15.626+0530] {dag.py:3036} INFO - Sync 1 DAGs
[2025-05-27T18:28:15.633+0530] {logging_mixin.py:188} INFO - [2025-05-27T18:28:15.633+0530] {dag.py:3823} INFO - Setting next_dagrun for example_dag_decorator to None, run_after=None
[2025-05-27T18:28:15.646+0530] {processor.py:183} INFO - Processing /Users/zafarimam/Documents/E-Commerce Order Pipeline/airflow_venv_39/lib/python3.9/site-packages/airflow/example_dags/example_dag_decorator.py took 0.348 seconds
[2025-05-27T18:30:09.142+0530] {processor.py:161} INFO - Started process (PID=25948) to work on /Users/zafarimam/Documents/E-Commerce Order Pipeline/airflow_venv_39/lib/python3.9/site-packages/airflow/example_dags/example_dag_decorator.py
[2025-05-27T18:30:09.143+0530] {processor.py:830} INFO - Processing file /Users/zafarimam/Documents/E-Commerce Order Pipeline/airflow_venv_39/lib/python3.9/site-packages/airflow/example_dags/example_dag_decorator.py for tasks to queue
[2025-05-27T18:30:09.143+0530] {logging_mixin.py:188} INFO - [2025-05-27T18:30:09.143+0530] {dagbag.py:538} INFO - Filling up the DagBag from /Users/zafarimam/Documents/E-Commerce Order Pipeline/airflow_venv_39/lib/python3.9/site-packages/airflow/example_dags/example_dag_decorator.py
[2025-05-27T18:30:09.272+0530] {processor.py:840} INFO - DAG(s) 'example_dag_decorator' retrieved from /Users/zafarimam/Documents/E-Commerce Order Pipeline/airflow_venv_39/lib/python3.9/site-packages/airflow/example_dags/example_dag_decorator.py
[2025-05-27T18:30:09.402+0530] {logging_mixin.py:188} INFO - [2025-05-27T18:30:09.402+0530] {dag.py:3036} INFO - Sync 1 DAGs
[2025-05-27T18:30:09.409+0530] {logging_mixin.py:188} INFO - [2025-05-27T18:30:09.409+0530] {dag.py:3823} INFO - Setting next_dagrun for example_dag_decorator to None, run_after=None
[2025-05-27T18:30:09.423+0530] {processor.py:183} INFO - Processing /Users/zafarimam/Documents/E-Commerce Order Pipeline/airflow_venv_39/lib/python3.9/site-packages/airflow/example_dags/example_dag_decorator.py took 0.283 seconds
[2025-05-27T18:31:58.079+0530] {processor.py:161} INFO - Started process (PID=26009) to work on /Users/zafarimam/Documents/E-Commerce Order Pipeline/airflow_venv_39/lib/python3.9/site-packages/airflow/example_dags/example_dag_decorator.py
[2025-05-27T18:31:58.080+0530] {processor.py:830} INFO - Processing file /Users/zafarimam/Documents/E-Commerce Order Pipeline/airflow_venv_39/lib/python3.9/site-packages/airflow/example_dags/example_dag_decorator.py for tasks to queue
[2025-05-27T18:31:58.080+0530] {logging_mixin.py:188} INFO - [2025-05-27T18:31:58.080+0530] {dagbag.py:538} INFO - Filling up the DagBag from /Users/zafarimam/Documents/E-Commerce Order Pipeline/airflow_venv_39/lib/python3.9/site-packages/airflow/example_dags/example_dag_decorator.py
[2025-05-27T18:31:58.208+0530] {processor.py:840} INFO - DAG(s) 'example_dag_decorator' retrieved from /Users/zafarimam/Documents/E-Commerce Order Pipeline/airflow_venv_39/lib/python3.9/site-packages/airflow/example_dags/example_dag_decorator.py
[2025-05-27T18:31:58.342+0530] {logging_mixin.py:188} INFO - [2025-05-27T18:31:58.342+0530] {dag.py:3036} INFO - Sync 1 DAGs
[2025-05-27T18:31:58.349+0530] {logging_mixin.py:188} INFO - [2025-05-27T18:31:58.349+0530] {dag.py:3823} INFO - Setting next_dagrun for example_dag_decorator to None, run_after=None
[2025-05-27T18:31:58.362+0530] {processor.py:183} INFO - Processing /Users/zafarimam/Documents/E-Commerce Order Pipeline/airflow_venv_39/lib/python3.9/site-packages/airflow/example_dags/example_dag_decorator.py took 0.285 seconds
[2025-05-27T18:37:44.894+0530] {processor.py:161} INFO - Started process (PID=26231) to work on /Users/zafarimam/Documents/E-Commerce Order Pipeline/airflow_venv_39/lib/python3.9/site-packages/airflow/example_dags/example_dag_decorator.py
[2025-05-27T18:37:44.896+0530] {processor.py:830} INFO - Processing file /Users/zafarimam/Documents/E-Commerce Order Pipeline/airflow_venv_39/lib/python3.9/site-packages/airflow/example_dags/example_dag_decorator.py for tasks to queue
[2025-05-27T18:37:44.897+0530] {logging_mixin.py:188} INFO - [2025-05-27T18:37:44.896+0530] {dagbag.py:538} INFO - Filling up the DagBag from /Users/zafarimam/Documents/E-Commerce Order Pipeline/airflow_venv_39/lib/python3.9/site-packages/airflow/example_dags/example_dag_decorator.py
[2025-05-27T18:37:45.032+0530] {processor.py:840} INFO - DAG(s) 'example_dag_decorator' retrieved from /Users/zafarimam/Documents/E-Commerce Order Pipeline/airflow_venv_39/lib/python3.9/site-packages/airflow/example_dags/example_dag_decorator.py
[2025-05-27T18:37:45.219+0530] {logging_mixin.py:188} INFO - [2025-05-27T18:37:45.219+0530] {dag.py:3036} INFO - Sync 1 DAGs
[2025-05-27T18:37:45.228+0530] {logging_mixin.py:188} INFO - [2025-05-27T18:37:45.228+0530] {dag.py:3823} INFO - Setting next_dagrun for example_dag_decorator to None, run_after=None
[2025-05-27T18:37:45.243+0530] {processor.py:183} INFO - Processing /Users/zafarimam/Documents/E-Commerce Order Pipeline/airflow_venv_39/lib/python3.9/site-packages/airflow/example_dags/example_dag_decorator.py took 0.350 seconds
[2025-05-27T18:47:34.875+0530] {processor.py:161} INFO - Started process (PID=26740) to work on /Users/zafarimam/Documents/E-Commerce Order Pipeline/airflow_venv_39/lib/python3.9/site-packages/airflow/example_dags/example_dag_decorator.py
[2025-05-27T18:47:34.877+0530] {processor.py:830} INFO - Processing file /Users/zafarimam/Documents/E-Commerce Order Pipeline/airflow_venv_39/lib/python3.9/site-packages/airflow/example_dags/example_dag_decorator.py for tasks to queue
[2025-05-27T18:47:34.878+0530] {logging_mixin.py:188} INFO - [2025-05-27T18:47:34.878+0530] {dagbag.py:538} INFO - Filling up the DagBag from /Users/zafarimam/Documents/E-Commerce Order Pipeline/airflow_venv_39/lib/python3.9/site-packages/airflow/example_dags/example_dag_decorator.py
[2025-05-27T18:47:35.088+0530] {processor.py:840} INFO - DAG(s) 'example_dag_decorator' retrieved from /Users/zafarimam/Documents/E-Commerce Order Pipeline/airflow_venv_39/lib/python3.9/site-packages/airflow/example_dags/example_dag_decorator.py
[2025-05-27T18:47:35.223+0530] {logging_mixin.py:188} INFO - [2025-05-27T18:47:35.222+0530] {dag.py:3036} INFO - Sync 1 DAGs
[2025-05-27T18:47:35.229+0530] {logging_mixin.py:188} INFO - [2025-05-27T18:47:35.229+0530] {dag.py:3823} INFO - Setting next_dagrun for example_dag_decorator to None, run_after=None
[2025-05-27T18:47:35.242+0530] {processor.py:183} INFO - Processing /Users/zafarimam/Documents/E-Commerce Order Pipeline/airflow_venv_39/lib/python3.9/site-packages/airflow/example_dags/example_dag_decorator.py took 0.369 seconds
[2025-05-27T18:49:30.841+0530] {processor.py:161} INFO - Started process (PID=26823) to work on /Users/zafarimam/Documents/E-Commerce Order Pipeline/airflow_venv_39/lib/python3.9/site-packages/airflow/example_dags/example_dag_decorator.py
[2025-05-27T18:49:30.842+0530] {processor.py:830} INFO - Processing file /Users/zafarimam/Documents/E-Commerce Order Pipeline/airflow_venv_39/lib/python3.9/site-packages/airflow/example_dags/example_dag_decorator.py for tasks to queue
[2025-05-27T18:49:30.843+0530] {logging_mixin.py:188} INFO - [2025-05-27T18:49:30.843+0530] {dagbag.py:538} INFO - Filling up the DagBag from /Users/zafarimam/Documents/E-Commerce Order Pipeline/airflow_venv_39/lib/python3.9/site-packages/airflow/example_dags/example_dag_decorator.py
[2025-05-27T18:49:30.970+0530] {processor.py:840} INFO - DAG(s) 'example_dag_decorator' retrieved from /Users/zafarimam/Documents/E-Commerce Order Pipeline/airflow_venv_39/lib/python3.9/site-packages/airflow/example_dags/example_dag_decorator.py
[2025-05-27T18:49:31.099+0530] {logging_mixin.py:188} INFO - [2025-05-27T18:49:31.099+0530] {dag.py:3036} INFO - Sync 1 DAGs
[2025-05-27T18:49:31.106+0530] {logging_mixin.py:188} INFO - [2025-05-27T18:49:31.106+0530] {dag.py:3823} INFO - Setting next_dagrun for example_dag_decorator to None, run_after=None
[2025-05-27T18:49:31.120+0530] {processor.py:183} INFO - Processing /Users/zafarimam/Documents/E-Commerce Order Pipeline/airflow_venv_39/lib/python3.9/site-packages/airflow/example_dags/example_dag_decorator.py took 0.280 seconds
[2025-05-27T18:51:26.261+0530] {processor.py:161} INFO - Started process (PID=26900) to work on /Users/zafarimam/Documents/E-Commerce Order Pipeline/airflow_venv_39/lib/python3.9/site-packages/airflow/example_dags/example_dag_decorator.py
[2025-05-27T18:51:26.262+0530] {processor.py:830} INFO - Processing file /Users/zafarimam/Documents/E-Commerce Order Pipeline/airflow_venv_39/lib/python3.9/site-packages/airflow/example_dags/example_dag_decorator.py for tasks to queue
[2025-05-27T18:51:26.262+0530] {logging_mixin.py:188} INFO - [2025-05-27T18:51:26.262+0530] {dagbag.py:538} INFO - Filling up the DagBag from /Users/zafarimam/Documents/E-Commerce Order Pipeline/airflow_venv_39/lib/python3.9/site-packages/airflow/example_dags/example_dag_decorator.py
[2025-05-27T18:51:26.403+0530] {processor.py:840} INFO - DAG(s) 'example_dag_decorator' retrieved from /Users/zafarimam/Documents/E-Commerce Order Pipeline/airflow_venv_39/lib/python3.9/site-packages/airflow/example_dags/example_dag_decorator.py
[2025-05-27T18:51:26.573+0530] {logging_mixin.py:188} INFO - [2025-05-27T18:51:26.573+0530] {dag.py:3036} INFO - Sync 1 DAGs
[2025-05-27T18:51:26.583+0530] {logging_mixin.py:188} INFO - [2025-05-27T18:51:26.583+0530] {dag.py:3823} INFO - Setting next_dagrun for example_dag_decorator to None, run_after=None
[2025-05-27T18:51:26.599+0530] {processor.py:183} INFO - Processing /Users/zafarimam/Documents/E-Commerce Order Pipeline/airflow_venv_39/lib/python3.9/site-packages/airflow/example_dags/example_dag_decorator.py took 0.340 seconds
[2025-05-27T18:53:22.911+0530] {processor.py:161} INFO - Started process (PID=26970) to work on /Users/zafarimam/Documents/E-Commerce Order Pipeline/airflow_venv_39/lib/python3.9/site-packages/airflow/example_dags/example_dag_decorator.py
[2025-05-27T18:53:22.912+0530] {processor.py:830} INFO - Processing file /Users/zafarimam/Documents/E-Commerce Order Pipeline/airflow_venv_39/lib/python3.9/site-packages/airflow/example_dags/example_dag_decorator.py for tasks to queue
[2025-05-27T18:53:22.913+0530] {logging_mixin.py:188} INFO - [2025-05-27T18:53:22.912+0530] {dagbag.py:538} INFO - Filling up the DagBag from /Users/zafarimam/Documents/E-Commerce Order Pipeline/airflow_venv_39/lib/python3.9/site-packages/airflow/example_dags/example_dag_decorator.py
[2025-05-27T18:53:23.055+0530] {processor.py:840} INFO - DAG(s) 'example_dag_decorator' retrieved from /Users/zafarimam/Documents/E-Commerce Order Pipeline/airflow_venv_39/lib/python3.9/site-packages/airflow/example_dags/example_dag_decorator.py
[2025-05-27T18:53:23.200+0530] {logging_mixin.py:188} INFO - [2025-05-27T18:53:23.200+0530] {dag.py:3036} INFO - Sync 1 DAGs
[2025-05-27T18:53:23.208+0530] {logging_mixin.py:188} INFO - [2025-05-27T18:53:23.208+0530] {dag.py:3823} INFO - Setting next_dagrun for example_dag_decorator to None, run_after=None
[2025-05-27T18:53:23.223+0530] {processor.py:183} INFO - Processing /Users/zafarimam/Documents/E-Commerce Order Pipeline/airflow_venv_39/lib/python3.9/site-packages/airflow/example_dags/example_dag_decorator.py took 0.314 seconds
[2025-05-27T18:55:29.820+0530] {processor.py:161} INFO - Started process (PID=27035) to work on /Users/zafarimam/Documents/E-Commerce Order Pipeline/airflow_venv_39/lib/python3.9/site-packages/airflow/example_dags/example_dag_decorator.py
[2025-05-27T18:55:29.822+0530] {processor.py:830} INFO - Processing file /Users/zafarimam/Documents/E-Commerce Order Pipeline/airflow_venv_39/lib/python3.9/site-packages/airflow/example_dags/example_dag_decorator.py for tasks to queue
[2025-05-27T18:55:29.822+0530] {logging_mixin.py:188} INFO - [2025-05-27T18:55:29.822+0530] {dagbag.py:538} INFO - Filling up the DagBag from /Users/zafarimam/Documents/E-Commerce Order Pipeline/airflow_venv_39/lib/python3.9/site-packages/airflow/example_dags/example_dag_decorator.py
[2025-05-27T18:55:30.017+0530] {processor.py:840} INFO - DAG(s) 'example_dag_decorator' retrieved from /Users/zafarimam/Documents/E-Commerce Order Pipeline/airflow_venv_39/lib/python3.9/site-packages/airflow/example_dags/example_dag_decorator.py
[2025-05-27T18:55:30.199+0530] {logging_mixin.py:188} INFO - [2025-05-27T18:55:30.199+0530] {dag.py:3036} INFO - Sync 1 DAGs
[2025-05-27T18:55:30.208+0530] {logging_mixin.py:188} INFO - [2025-05-27T18:55:30.208+0530] {dag.py:3823} INFO - Setting next_dagrun for example_dag_decorator to None, run_after=None
[2025-05-27T18:55:30.224+0530] {processor.py:183} INFO - Processing /Users/zafarimam/Documents/E-Commerce Order Pipeline/airflow_venv_39/lib/python3.9/site-packages/airflow/example_dags/example_dag_decorator.py took 0.405 seconds
[2025-05-27T18:57:33.730+0530] {processor.py:161} INFO - Started process (PID=27132) to work on /Users/zafarimam/Documents/E-Commerce Order Pipeline/airflow_venv_39/lib/python3.9/site-packages/airflow/example_dags/example_dag_decorator.py
[2025-05-27T18:57:33.732+0530] {processor.py:830} INFO - Processing file /Users/zafarimam/Documents/E-Commerce Order Pipeline/airflow_venv_39/lib/python3.9/site-packages/airflow/example_dags/example_dag_decorator.py for tasks to queue
[2025-05-27T18:57:33.732+0530] {logging_mixin.py:188} INFO - [2025-05-27T18:57:33.732+0530] {dagbag.py:538} INFO - Filling up the DagBag from /Users/zafarimam/Documents/E-Commerce Order Pipeline/airflow_venv_39/lib/python3.9/site-packages/airflow/example_dags/example_dag_decorator.py
[2025-05-27T18:57:33.922+0530] {processor.py:840} INFO - DAG(s) 'example_dag_decorator' retrieved from /Users/zafarimam/Documents/E-Commerce Order Pipeline/airflow_venv_39/lib/python3.9/site-packages/airflow/example_dags/example_dag_decorator.py
[2025-05-27T18:57:34.111+0530] {logging_mixin.py:188} INFO - [2025-05-27T18:57:34.111+0530] {dag.py:3036} INFO - Sync 1 DAGs
[2025-05-27T18:57:34.120+0530] {logging_mixin.py:188} INFO - [2025-05-27T18:57:34.120+0530] {dag.py:3823} INFO - Setting next_dagrun for example_dag_decorator to None, run_after=None
[2025-05-27T18:57:34.135+0530] {processor.py:183} INFO - Processing /Users/zafarimam/Documents/E-Commerce Order Pipeline/airflow_venv_39/lib/python3.9/site-packages/airflow/example_dags/example_dag_decorator.py took 0.406 seconds
[2025-05-27T18:59:32.186+0530] {processor.py:161} INFO - Started process (PID=27192) to work on /Users/zafarimam/Documents/E-Commerce Order Pipeline/airflow_venv_39/lib/python3.9/site-packages/airflow/example_dags/example_dag_decorator.py
[2025-05-27T18:59:32.188+0530] {processor.py:830} INFO - Processing file /Users/zafarimam/Documents/E-Commerce Order Pipeline/airflow_venv_39/lib/python3.9/site-packages/airflow/example_dags/example_dag_decorator.py for tasks to queue
[2025-05-27T18:59:32.188+0530] {logging_mixin.py:188} INFO - [2025-05-27T18:59:32.188+0530] {dagbag.py:538} INFO - Filling up the DagBag from /Users/zafarimam/Documents/E-Commerce Order Pipeline/airflow_venv_39/lib/python3.9/site-packages/airflow/example_dags/example_dag_decorator.py
[2025-05-27T18:59:32.395+0530] {processor.py:840} INFO - DAG(s) 'example_dag_decorator' retrieved from /Users/zafarimam/Documents/E-Commerce Order Pipeline/airflow_venv_39/lib/python3.9/site-packages/airflow/example_dags/example_dag_decorator.py
[2025-05-27T18:59:32.631+0530] {logging_mixin.py:188} INFO - [2025-05-27T18:59:32.630+0530] {dag.py:3036} INFO - Sync 1 DAGs
[2025-05-27T18:59:32.639+0530] {logging_mixin.py:188} INFO - [2025-05-27T18:59:32.639+0530] {dag.py:3823} INFO - Setting next_dagrun for example_dag_decorator to None, run_after=None
[2025-05-27T18:59:32.654+0530] {processor.py:183} INFO - Processing /Users/zafarimam/Documents/E-Commerce Order Pipeline/airflow_venv_39/lib/python3.9/site-packages/airflow/example_dags/example_dag_decorator.py took 0.469 seconds
[2025-05-27T19:01:45.356+0530] {processor.py:161} INFO - Started process (PID=27305) to work on /Users/zafarimam/Documents/E-Commerce Order Pipeline/airflow_venv_39/lib/python3.9/site-packages/airflow/example_dags/example_dag_decorator.py
[2025-05-27T19:01:45.358+0530] {processor.py:830} INFO - Processing file /Users/zafarimam/Documents/E-Commerce Order Pipeline/airflow_venv_39/lib/python3.9/site-packages/airflow/example_dags/example_dag_decorator.py for tasks to queue
[2025-05-27T19:01:45.358+0530] {logging_mixin.py:188} INFO - [2025-05-27T19:01:45.358+0530] {dagbag.py:538} INFO - Filling up the DagBag from /Users/zafarimam/Documents/E-Commerce Order Pipeline/airflow_venv_39/lib/python3.9/site-packages/airflow/example_dags/example_dag_decorator.py
[2025-05-27T19:01:45.489+0530] {processor.py:840} INFO - DAG(s) 'example_dag_decorator' retrieved from /Users/zafarimam/Documents/E-Commerce Order Pipeline/airflow_venv_39/lib/python3.9/site-packages/airflow/example_dags/example_dag_decorator.py
[2025-05-27T19:01:45.668+0530] {logging_mixin.py:188} INFO - [2025-05-27T19:01:45.668+0530] {dag.py:3036} INFO - Sync 1 DAGs
[2025-05-27T19:01:45.675+0530] {logging_mixin.py:188} INFO - [2025-05-27T19:01:45.674+0530] {dag.py:3823} INFO - Setting next_dagrun for example_dag_decorator to None, run_after=None
[2025-05-27T19:01:45.687+0530] {processor.py:183} INFO - Processing /Users/zafarimam/Documents/E-Commerce Order Pipeline/airflow_venv_39/lib/python3.9/site-packages/airflow/example_dags/example_dag_decorator.py took 0.333 seconds
[2025-05-27T19:03:37.467+0530] {processor.py:161} INFO - Started process (PID=27370) to work on /Users/zafarimam/Documents/E-Commerce Order Pipeline/airflow_venv_39/lib/python3.9/site-packages/airflow/example_dags/example_dag_decorator.py
[2025-05-27T19:03:37.468+0530] {processor.py:830} INFO - Processing file /Users/zafarimam/Documents/E-Commerce Order Pipeline/airflow_venv_39/lib/python3.9/site-packages/airflow/example_dags/example_dag_decorator.py for tasks to queue
[2025-05-27T19:03:37.468+0530] {logging_mixin.py:188} INFO - [2025-05-27T19:03:37.468+0530] {dagbag.py:538} INFO - Filling up the DagBag from /Users/zafarimam/Documents/E-Commerce Order Pipeline/airflow_venv_39/lib/python3.9/site-packages/airflow/example_dags/example_dag_decorator.py
[2025-05-27T19:03:37.594+0530] {processor.py:840} INFO - DAG(s) 'example_dag_decorator' retrieved from /Users/zafarimam/Documents/E-Commerce Order Pipeline/airflow_venv_39/lib/python3.9/site-packages/airflow/example_dags/example_dag_decorator.py
[2025-05-27T19:03:37.775+0530] {logging_mixin.py:188} INFO - [2025-05-27T19:03:37.775+0530] {dag.py:3036} INFO - Sync 1 DAGs
[2025-05-27T19:03:37.783+0530] {logging_mixin.py:188} INFO - [2025-05-27T19:03:37.783+0530] {dag.py:3823} INFO - Setting next_dagrun for example_dag_decorator to None, run_after=None
[2025-05-27T19:03:37.798+0530] {processor.py:183} INFO - Processing /Users/zafarimam/Documents/E-Commerce Order Pipeline/airflow_venv_39/lib/python3.9/site-packages/airflow/example_dags/example_dag_decorator.py took 0.333 seconds
[2025-05-27T19:05:41.845+0530] {processor.py:161} INFO - Started process (PID=27425) to work on /Users/zafarimam/Documents/E-Commerce Order Pipeline/airflow_venv_39/lib/python3.9/site-packages/airflow/example_dags/example_dag_decorator.py
[2025-05-27T19:05:41.846+0530] {processor.py:830} INFO - Processing file /Users/zafarimam/Documents/E-Commerce Order Pipeline/airflow_venv_39/lib/python3.9/site-packages/airflow/example_dags/example_dag_decorator.py for tasks to queue
[2025-05-27T19:05:41.847+0530] {logging_mixin.py:188} INFO - [2025-05-27T19:05:41.847+0530] {dagbag.py:538} INFO - Filling up the DagBag from /Users/zafarimam/Documents/E-Commerce Order Pipeline/airflow_venv_39/lib/python3.9/site-packages/airflow/example_dags/example_dag_decorator.py
[2025-05-27T19:05:41.977+0530] {processor.py:840} INFO - DAG(s) 'example_dag_decorator' retrieved from /Users/zafarimam/Documents/E-Commerce Order Pipeline/airflow_venv_39/lib/python3.9/site-packages/airflow/example_dags/example_dag_decorator.py
[2025-05-27T19:05:42.115+0530] {logging_mixin.py:188} INFO - [2025-05-27T19:05:42.114+0530] {dag.py:3036} INFO - Sync 1 DAGs
[2025-05-27T19:05:42.121+0530] {logging_mixin.py:188} INFO - [2025-05-27T19:05:42.121+0530] {dag.py:3823} INFO - Setting next_dagrun for example_dag_decorator to None, run_after=None
[2025-05-27T19:05:42.134+0530] {processor.py:183} INFO - Processing /Users/zafarimam/Documents/E-Commerce Order Pipeline/airflow_venv_39/lib/python3.9/site-packages/airflow/example_dags/example_dag_decorator.py took 0.290 seconds
[2025-05-27T19:07:59.556+0530] {processor.py:161} INFO - Started process (PID=27514) to work on /Users/zafarimam/Documents/E-Commerce Order Pipeline/airflow_venv_39/lib/python3.9/site-packages/airflow/example_dags/example_dag_decorator.py
[2025-05-27T19:07:59.558+0530] {processor.py:830} INFO - Processing file /Users/zafarimam/Documents/E-Commerce Order Pipeline/airflow_venv_39/lib/python3.9/site-packages/airflow/example_dags/example_dag_decorator.py for tasks to queue
[2025-05-27T19:07:59.558+0530] {logging_mixin.py:188} INFO - [2025-05-27T19:07:59.558+0530] {dagbag.py:538} INFO - Filling up the DagBag from /Users/zafarimam/Documents/E-Commerce Order Pipeline/airflow_venv_39/lib/python3.9/site-packages/airflow/example_dags/example_dag_decorator.py
[2025-05-27T19:07:59.684+0530] {processor.py:840} INFO - DAG(s) 'example_dag_decorator' retrieved from /Users/zafarimam/Documents/E-Commerce Order Pipeline/airflow_venv_39/lib/python3.9/site-packages/airflow/example_dags/example_dag_decorator.py
[2025-05-27T19:07:59.885+0530] {logging_mixin.py:188} INFO - [2025-05-27T19:07:59.885+0530] {dag.py:3036} INFO - Sync 1 DAGs
[2025-05-27T19:07:59.893+0530] {logging_mixin.py:188} INFO - [2025-05-27T19:07:59.893+0530] {dag.py:3823} INFO - Setting next_dagrun for example_dag_decorator to None, run_after=None
[2025-05-27T19:07:59.908+0530] {processor.py:183} INFO - Processing /Users/zafarimam/Documents/E-Commerce Order Pipeline/airflow_venv_39/lib/python3.9/site-packages/airflow/example_dags/example_dag_decorator.py took 0.353 seconds
[2025-05-27T19:09:40.520+0530] {processor.py:161} INFO - Started process (PID=27575) to work on /Users/zafarimam/Documents/E-Commerce Order Pipeline/airflow_venv_39/lib/python3.9/site-packages/airflow/example_dags/example_dag_decorator.py
[2025-05-27T19:09:40.521+0530] {processor.py:830} INFO - Processing file /Users/zafarimam/Documents/E-Commerce Order Pipeline/airflow_venv_39/lib/python3.9/site-packages/airflow/example_dags/example_dag_decorator.py for tasks to queue
[2025-05-27T19:09:40.521+0530] {logging_mixin.py:188} INFO - [2025-05-27T19:09:40.521+0530] {dagbag.py:538} INFO - Filling up the DagBag from /Users/zafarimam/Documents/E-Commerce Order Pipeline/airflow_venv_39/lib/python3.9/site-packages/airflow/example_dags/example_dag_decorator.py
[2025-05-27T19:09:40.640+0530] {processor.py:840} INFO - DAG(s) 'example_dag_decorator' retrieved from /Users/zafarimam/Documents/E-Commerce Order Pipeline/airflow_venv_39/lib/python3.9/site-packages/airflow/example_dags/example_dag_decorator.py
[2025-05-27T19:09:40.764+0530] {logging_mixin.py:188} INFO - [2025-05-27T19:09:40.764+0530] {dag.py:3036} INFO - Sync 1 DAGs
[2025-05-27T19:09:40.771+0530] {logging_mixin.py:188} INFO - [2025-05-27T19:09:40.771+0530] {dag.py:3823} INFO - Setting next_dagrun for example_dag_decorator to None, run_after=None
[2025-05-27T19:09:40.786+0530] {processor.py:183} INFO - Processing /Users/zafarimam/Documents/E-Commerce Order Pipeline/airflow_venv_39/lib/python3.9/site-packages/airflow/example_dags/example_dag_decorator.py took 0.267 seconds
[2025-05-27T19:11:21.771+0530] {processor.py:161} INFO - Started process (PID=27630) to work on /Users/zafarimam/Documents/E-Commerce Order Pipeline/airflow_venv_39/lib/python3.9/site-packages/airflow/example_dags/example_dag_decorator.py
[2025-05-27T19:11:21.772+0530] {processor.py:830} INFO - Processing file /Users/zafarimam/Documents/E-Commerce Order Pipeline/airflow_venv_39/lib/python3.9/site-packages/airflow/example_dags/example_dag_decorator.py for tasks to queue
[2025-05-27T19:11:21.773+0530] {logging_mixin.py:188} INFO - [2025-05-27T19:11:21.773+0530] {dagbag.py:538} INFO - Filling up the DagBag from /Users/zafarimam/Documents/E-Commerce Order Pipeline/airflow_venv_39/lib/python3.9/site-packages/airflow/example_dags/example_dag_decorator.py
[2025-05-27T19:11:21.890+0530] {processor.py:840} INFO - DAG(s) 'example_dag_decorator' retrieved from /Users/zafarimam/Documents/E-Commerce Order Pipeline/airflow_venv_39/lib/python3.9/site-packages/airflow/example_dags/example_dag_decorator.py
[2025-05-27T19:11:22.014+0530] {logging_mixin.py:188} INFO - [2025-05-27T19:11:22.013+0530] {dag.py:3036} INFO - Sync 1 DAGs
[2025-05-27T19:11:22.020+0530] {logging_mixin.py:188} INFO - [2025-05-27T19:11:22.020+0530] {dag.py:3823} INFO - Setting next_dagrun for example_dag_decorator to None, run_after=None
[2025-05-27T19:11:22.034+0530] {processor.py:183} INFO - Processing /Users/zafarimam/Documents/E-Commerce Order Pipeline/airflow_venv_39/lib/python3.9/site-packages/airflow/example_dags/example_dag_decorator.py took 0.264 seconds
[2025-05-27T19:13:02.706+0530] {processor.py:161} INFO - Started process (PID=27682) to work on /Users/zafarimam/Documents/E-Commerce Order Pipeline/airflow_venv_39/lib/python3.9/site-packages/airflow/example_dags/example_dag_decorator.py
[2025-05-27T19:13:02.707+0530] {processor.py:830} INFO - Processing file /Users/zafarimam/Documents/E-Commerce Order Pipeline/airflow_venv_39/lib/python3.9/site-packages/airflow/example_dags/example_dag_decorator.py for tasks to queue
[2025-05-27T19:13:02.707+0530] {logging_mixin.py:188} INFO - [2025-05-27T19:13:02.707+0530] {dagbag.py:538} INFO - Filling up the DagBag from /Users/zafarimam/Documents/E-Commerce Order Pipeline/airflow_venv_39/lib/python3.9/site-packages/airflow/example_dags/example_dag_decorator.py
[2025-05-27T19:13:02.824+0530] {processor.py:840} INFO - DAG(s) 'example_dag_decorator' retrieved from /Users/zafarimam/Documents/E-Commerce Order Pipeline/airflow_venv_39/lib/python3.9/site-packages/airflow/example_dags/example_dag_decorator.py
[2025-05-27T19:13:02.945+0530] {logging_mixin.py:188} INFO - [2025-05-27T19:13:02.945+0530] {dag.py:3036} INFO - Sync 1 DAGs
[2025-05-27T19:13:02.951+0530] {logging_mixin.py:188} INFO - [2025-05-27T19:13:02.951+0530] {dag.py:3823} INFO - Setting next_dagrun for example_dag_decorator to None, run_after=None
[2025-05-27T19:13:02.965+0530] {processor.py:183} INFO - Processing /Users/zafarimam/Documents/E-Commerce Order Pipeline/airflow_venv_39/lib/python3.9/site-packages/airflow/example_dags/example_dag_decorator.py took 0.260 seconds
[2025-05-27T19:14:42.699+0530] {processor.py:161} INFO - Started process (PID=27733) to work on /Users/zafarimam/Documents/E-Commerce Order Pipeline/airflow_venv_39/lib/python3.9/site-packages/airflow/example_dags/example_dag_decorator.py
[2025-05-27T19:14:42.700+0530] {processor.py:830} INFO - Processing file /Users/zafarimam/Documents/E-Commerce Order Pipeline/airflow_venv_39/lib/python3.9/site-packages/airflow/example_dags/example_dag_decorator.py for tasks to queue
[2025-05-27T19:14:42.700+0530] {logging_mixin.py:188} INFO - [2025-05-27T19:14:42.700+0530] {dagbag.py:538} INFO - Filling up the DagBag from /Users/zafarimam/Documents/E-Commerce Order Pipeline/airflow_venv_39/lib/python3.9/site-packages/airflow/example_dags/example_dag_decorator.py
[2025-05-27T19:14:42.818+0530] {processor.py:840} INFO - DAG(s) 'example_dag_decorator' retrieved from /Users/zafarimam/Documents/E-Commerce Order Pipeline/airflow_venv_39/lib/python3.9/site-packages/airflow/example_dags/example_dag_decorator.py
[2025-05-27T19:14:42.940+0530] {logging_mixin.py:188} INFO - [2025-05-27T19:14:42.939+0530] {dag.py:3036} INFO - Sync 1 DAGs
[2025-05-27T19:14:42.946+0530] {logging_mixin.py:188} INFO - [2025-05-27T19:14:42.946+0530] {dag.py:3823} INFO - Setting next_dagrun for example_dag_decorator to None, run_after=None
[2025-05-27T19:14:42.959+0530] {processor.py:183} INFO - Processing /Users/zafarimam/Documents/E-Commerce Order Pipeline/airflow_venv_39/lib/python3.9/site-packages/airflow/example_dags/example_dag_decorator.py took 0.261 seconds
[2025-05-27T19:16:23.089+0530] {processor.py:161} INFO - Started process (PID=27788) to work on /Users/zafarimam/Documents/E-Commerce Order Pipeline/airflow_venv_39/lib/python3.9/site-packages/airflow/example_dags/example_dag_decorator.py
[2025-05-27T19:16:23.090+0530] {processor.py:830} INFO - Processing file /Users/zafarimam/Documents/E-Commerce Order Pipeline/airflow_venv_39/lib/python3.9/site-packages/airflow/example_dags/example_dag_decorator.py for tasks to queue
[2025-05-27T19:16:23.090+0530] {logging_mixin.py:188} INFO - [2025-05-27T19:16:23.090+0530] {dagbag.py:538} INFO - Filling up the DagBag from /Users/zafarimam/Documents/E-Commerce Order Pipeline/airflow_venv_39/lib/python3.9/site-packages/airflow/example_dags/example_dag_decorator.py
[2025-05-27T19:16:23.208+0530] {processor.py:840} INFO - DAG(s) 'example_dag_decorator' retrieved from /Users/zafarimam/Documents/E-Commerce Order Pipeline/airflow_venv_39/lib/python3.9/site-packages/airflow/example_dags/example_dag_decorator.py
[2025-05-27T19:16:23.331+0530] {logging_mixin.py:188} INFO - [2025-05-27T19:16:23.330+0530] {dag.py:3036} INFO - Sync 1 DAGs
[2025-05-27T19:16:23.337+0530] {logging_mixin.py:188} INFO - [2025-05-27T19:16:23.337+0530] {dag.py:3823} INFO - Setting next_dagrun for example_dag_decorator to None, run_after=None
[2025-05-27T19:16:23.351+0530] {processor.py:183} INFO - Processing /Users/zafarimam/Documents/E-Commerce Order Pipeline/airflow_venv_39/lib/python3.9/site-packages/airflow/example_dags/example_dag_decorator.py took 0.263 seconds
[2025-05-27T19:18:04.243+0530] {processor.py:161} INFO - Started process (PID=27841) to work on /Users/zafarimam/Documents/E-Commerce Order Pipeline/airflow_venv_39/lib/python3.9/site-packages/airflow/example_dags/example_dag_decorator.py
[2025-05-27T19:18:04.243+0530] {processor.py:830} INFO - Processing file /Users/zafarimam/Documents/E-Commerce Order Pipeline/airflow_venv_39/lib/python3.9/site-packages/airflow/example_dags/example_dag_decorator.py for tasks to queue
[2025-05-27T19:18:04.244+0530] {logging_mixin.py:188} INFO - [2025-05-27T19:18:04.244+0530] {dagbag.py:538} INFO - Filling up the DagBag from /Users/zafarimam/Documents/E-Commerce Order Pipeline/airflow_venv_39/lib/python3.9/site-packages/airflow/example_dags/example_dag_decorator.py
[2025-05-27T19:18:04.358+0530] {processor.py:840} INFO - DAG(s) 'example_dag_decorator' retrieved from /Users/zafarimam/Documents/E-Commerce Order Pipeline/airflow_venv_39/lib/python3.9/site-packages/airflow/example_dags/example_dag_decorator.py
[2025-05-27T19:18:04.481+0530] {logging_mixin.py:188} INFO - [2025-05-27T19:18:04.481+0530] {dag.py:3036} INFO - Sync 1 DAGs
[2025-05-27T19:18:04.487+0530] {logging_mixin.py:188} INFO - [2025-05-27T19:18:04.487+0530] {dag.py:3823} INFO - Setting next_dagrun for example_dag_decorator to None, run_after=None
[2025-05-27T19:18:04.500+0530] {processor.py:183} INFO - Processing /Users/zafarimam/Documents/E-Commerce Order Pipeline/airflow_venv_39/lib/python3.9/site-packages/airflow/example_dags/example_dag_decorator.py took 0.259 seconds
[2025-05-27T19:19:44.737+0530] {processor.py:161} INFO - Started process (PID=27928) to work on /Users/zafarimam/Documents/E-Commerce Order Pipeline/airflow_venv_39/lib/python3.9/site-packages/airflow/example_dags/example_dag_decorator.py
[2025-05-27T19:19:44.738+0530] {processor.py:830} INFO - Processing file /Users/zafarimam/Documents/E-Commerce Order Pipeline/airflow_venv_39/lib/python3.9/site-packages/airflow/example_dags/example_dag_decorator.py for tasks to queue
[2025-05-27T19:19:44.739+0530] {logging_mixin.py:188} INFO - [2025-05-27T19:19:44.739+0530] {dagbag.py:538} INFO - Filling up the DagBag from /Users/zafarimam/Documents/E-Commerce Order Pipeline/airflow_venv_39/lib/python3.9/site-packages/airflow/example_dags/example_dag_decorator.py
[2025-05-27T19:19:44.857+0530] {processor.py:840} INFO - DAG(s) 'example_dag_decorator' retrieved from /Users/zafarimam/Documents/E-Commerce Order Pipeline/airflow_venv_39/lib/python3.9/site-packages/airflow/example_dags/example_dag_decorator.py
[2025-05-27T19:19:44.980+0530] {logging_mixin.py:188} INFO - [2025-05-27T19:19:44.980+0530] {dag.py:3036} INFO - Sync 1 DAGs
[2025-05-27T19:19:44.987+0530] {logging_mixin.py:188} INFO - [2025-05-27T19:19:44.987+0530] {dag.py:3823} INFO - Setting next_dagrun for example_dag_decorator to None, run_after=None
[2025-05-27T19:19:45.001+0530] {processor.py:183} INFO - Processing /Users/zafarimam/Documents/E-Commerce Order Pipeline/airflow_venv_39/lib/python3.9/site-packages/airflow/example_dags/example_dag_decorator.py took 0.264 seconds
[2025-05-27T19:21:25.042+0530] {processor.py:161} INFO - Started process (PID=27983) to work on /Users/zafarimam/Documents/E-Commerce Order Pipeline/airflow_venv_39/lib/python3.9/site-packages/airflow/example_dags/example_dag_decorator.py
[2025-05-27T19:21:25.043+0530] {processor.py:830} INFO - Processing file /Users/zafarimam/Documents/E-Commerce Order Pipeline/airflow_venv_39/lib/python3.9/site-packages/airflow/example_dags/example_dag_decorator.py for tasks to queue
[2025-05-27T19:21:25.044+0530] {logging_mixin.py:188} INFO - [2025-05-27T19:21:25.043+0530] {dagbag.py:538} INFO - Filling up the DagBag from /Users/zafarimam/Documents/E-Commerce Order Pipeline/airflow_venv_39/lib/python3.9/site-packages/airflow/example_dags/example_dag_decorator.py
[2025-05-27T19:21:25.160+0530] {processor.py:840} INFO - DAG(s) 'example_dag_decorator' retrieved from /Users/zafarimam/Documents/E-Commerce Order Pipeline/airflow_venv_39/lib/python3.9/site-packages/airflow/example_dags/example_dag_decorator.py
[2025-05-27T19:21:25.283+0530] {logging_mixin.py:188} INFO - [2025-05-27T19:21:25.283+0530] {dag.py:3036} INFO - Sync 1 DAGs
[2025-05-27T19:21:25.290+0530] {logging_mixin.py:188} INFO - [2025-05-27T19:21:25.289+0530] {dag.py:3823} INFO - Setting next_dagrun for example_dag_decorator to None, run_after=None
[2025-05-27T19:21:25.307+0530] {processor.py:183} INFO - Processing /Users/zafarimam/Documents/E-Commerce Order Pipeline/airflow_venv_39/lib/python3.9/site-packages/airflow/example_dags/example_dag_decorator.py took 0.266 seconds
[2025-05-27T19:23:03.941+0530] {processor.py:161} INFO - Started process (PID=28043) to work on /Users/zafarimam/Documents/E-Commerce Order Pipeline/airflow_venv_39/lib/python3.9/site-packages/airflow/example_dags/example_dag_decorator.py
[2025-05-27T19:23:03.942+0530] {processor.py:830} INFO - Processing file /Users/zafarimam/Documents/E-Commerce Order Pipeline/airflow_venv_39/lib/python3.9/site-packages/airflow/example_dags/example_dag_decorator.py for tasks to queue
[2025-05-27T19:23:03.942+0530] {logging_mixin.py:188} INFO - [2025-05-27T19:23:03.942+0530] {dagbag.py:538} INFO - Filling up the DagBag from /Users/zafarimam/Documents/E-Commerce Order Pipeline/airflow_venv_39/lib/python3.9/site-packages/airflow/example_dags/example_dag_decorator.py
[2025-05-27T19:23:04.059+0530] {processor.py:840} INFO - DAG(s) 'example_dag_decorator' retrieved from /Users/zafarimam/Documents/E-Commerce Order Pipeline/airflow_venv_39/lib/python3.9/site-packages/airflow/example_dags/example_dag_decorator.py
[2025-05-27T19:23:04.184+0530] {logging_mixin.py:188} INFO - [2025-05-27T19:23:04.184+0530] {dag.py:3036} INFO - Sync 1 DAGs
[2025-05-27T19:23:04.191+0530] {logging_mixin.py:188} INFO - [2025-05-27T19:23:04.190+0530] {dag.py:3823} INFO - Setting next_dagrun for example_dag_decorator to None, run_after=None
[2025-05-27T19:23:04.203+0530] {processor.py:183} INFO - Processing /Users/zafarimam/Documents/E-Commerce Order Pipeline/airflow_venv_39/lib/python3.9/site-packages/airflow/example_dags/example_dag_decorator.py took 0.263 seconds
[2025-05-27T19:24:44.846+0530] {processor.py:161} INFO - Started process (PID=28097) to work on /Users/zafarimam/Documents/E-Commerce Order Pipeline/airflow_venv_39/lib/python3.9/site-packages/airflow/example_dags/example_dag_decorator.py
[2025-05-27T19:24:44.847+0530] {processor.py:830} INFO - Processing file /Users/zafarimam/Documents/E-Commerce Order Pipeline/airflow_venv_39/lib/python3.9/site-packages/airflow/example_dags/example_dag_decorator.py for tasks to queue
[2025-05-27T19:24:44.848+0530] {logging_mixin.py:188} INFO - [2025-05-27T19:24:44.847+0530] {dagbag.py:538} INFO - Filling up the DagBag from /Users/zafarimam/Documents/E-Commerce Order Pipeline/airflow_venv_39/lib/python3.9/site-packages/airflow/example_dags/example_dag_decorator.py
[2025-05-27T19:24:44.963+0530] {processor.py:840} INFO - DAG(s) 'example_dag_decorator' retrieved from /Users/zafarimam/Documents/E-Commerce Order Pipeline/airflow_venv_39/lib/python3.9/site-packages/airflow/example_dags/example_dag_decorator.py
[2025-05-27T19:24:45.087+0530] {logging_mixin.py:188} INFO - [2025-05-27T19:24:45.087+0530] {dag.py:3036} INFO - Sync 1 DAGs
[2025-05-27T19:24:45.093+0530] {logging_mixin.py:188} INFO - [2025-05-27T19:24:45.093+0530] {dag.py:3823} INFO - Setting next_dagrun for example_dag_decorator to None, run_after=None
[2025-05-27T19:24:45.111+0530] {processor.py:183} INFO - Processing /Users/zafarimam/Documents/E-Commerce Order Pipeline/airflow_venv_39/lib/python3.9/site-packages/airflow/example_dags/example_dag_decorator.py took 0.265 seconds
[2025-05-27T19:26:25.623+0530] {processor.py:161} INFO - Started process (PID=28150) to work on /Users/zafarimam/Documents/E-Commerce Order Pipeline/airflow_venv_39/lib/python3.9/site-packages/airflow/example_dags/example_dag_decorator.py
[2025-05-27T19:26:25.624+0530] {processor.py:830} INFO - Processing file /Users/zafarimam/Documents/E-Commerce Order Pipeline/airflow_venv_39/lib/python3.9/site-packages/airflow/example_dags/example_dag_decorator.py for tasks to queue
[2025-05-27T19:26:25.624+0530] {logging_mixin.py:188} INFO - [2025-05-27T19:26:25.624+0530] {dagbag.py:538} INFO - Filling up the DagBag from /Users/zafarimam/Documents/E-Commerce Order Pipeline/airflow_venv_39/lib/python3.9/site-packages/airflow/example_dags/example_dag_decorator.py
[2025-05-27T19:26:25.743+0530] {processor.py:840} INFO - DAG(s) 'example_dag_decorator' retrieved from /Users/zafarimam/Documents/E-Commerce Order Pipeline/airflow_venv_39/lib/python3.9/site-packages/airflow/example_dags/example_dag_decorator.py
[2025-05-27T19:26:25.865+0530] {logging_mixin.py:188} INFO - [2025-05-27T19:26:25.865+0530] {dag.py:3036} INFO - Sync 1 DAGs
[2025-05-27T19:26:25.872+0530] {logging_mixin.py:188} INFO - [2025-05-27T19:26:25.872+0530] {dag.py:3823} INFO - Setting next_dagrun for example_dag_decorator to None, run_after=None
[2025-05-27T19:26:25.886+0530] {processor.py:183} INFO - Processing /Users/zafarimam/Documents/E-Commerce Order Pipeline/airflow_venv_39/lib/python3.9/site-packages/airflow/example_dags/example_dag_decorator.py took 0.264 seconds
[2025-05-27T19:28:06.898+0530] {processor.py:161} INFO - Started process (PID=28205) to work on /Users/zafarimam/Documents/E-Commerce Order Pipeline/airflow_venv_39/lib/python3.9/site-packages/airflow/example_dags/example_dag_decorator.py
[2025-05-27T19:28:06.899+0530] {processor.py:830} INFO - Processing file /Users/zafarimam/Documents/E-Commerce Order Pipeline/airflow_venv_39/lib/python3.9/site-packages/airflow/example_dags/example_dag_decorator.py for tasks to queue
[2025-05-27T19:28:06.900+0530] {logging_mixin.py:188} INFO - [2025-05-27T19:28:06.899+0530] {dagbag.py:538} INFO - Filling up the DagBag from /Users/zafarimam/Documents/E-Commerce Order Pipeline/airflow_venv_39/lib/python3.9/site-packages/airflow/example_dags/example_dag_decorator.py
[2025-05-27T19:28:07.018+0530] {processor.py:840} INFO - DAG(s) 'example_dag_decorator' retrieved from /Users/zafarimam/Documents/E-Commerce Order Pipeline/airflow_venv_39/lib/python3.9/site-packages/airflow/example_dags/example_dag_decorator.py
[2025-05-27T19:28:07.140+0530] {logging_mixin.py:188} INFO - [2025-05-27T19:28:07.140+0530] {dag.py:3036} INFO - Sync 1 DAGs
[2025-05-27T19:28:07.147+0530] {logging_mixin.py:188} INFO - [2025-05-27T19:28:07.147+0530] {dag.py:3823} INFO - Setting next_dagrun for example_dag_decorator to None, run_after=None
[2025-05-27T19:28:07.160+0530] {processor.py:183} INFO - Processing /Users/zafarimam/Documents/E-Commerce Order Pipeline/airflow_venv_39/lib/python3.9/site-packages/airflow/example_dags/example_dag_decorator.py took 0.263 seconds
[2025-05-27T19:29:45.784+0530] {processor.py:161} INFO - Started process (PID=28256) to work on /Users/zafarimam/Documents/E-Commerce Order Pipeline/airflow_venv_39/lib/python3.9/site-packages/airflow/example_dags/example_dag_decorator.py
[2025-05-27T19:29:45.785+0530] {processor.py:830} INFO - Processing file /Users/zafarimam/Documents/E-Commerce Order Pipeline/airflow_venv_39/lib/python3.9/site-packages/airflow/example_dags/example_dag_decorator.py for tasks to queue
[2025-05-27T19:29:45.786+0530] {logging_mixin.py:188} INFO - [2025-05-27T19:29:45.786+0530] {dagbag.py:538} INFO - Filling up the DagBag from /Users/zafarimam/Documents/E-Commerce Order Pipeline/airflow_venv_39/lib/python3.9/site-packages/airflow/example_dags/example_dag_decorator.py
[2025-05-27T19:29:45.901+0530] {processor.py:840} INFO - DAG(s) 'example_dag_decorator' retrieved from /Users/zafarimam/Documents/E-Commerce Order Pipeline/airflow_venv_39/lib/python3.9/site-packages/airflow/example_dags/example_dag_decorator.py
[2025-05-27T19:29:46.022+0530] {logging_mixin.py:188} INFO - [2025-05-27T19:29:46.022+0530] {dag.py:3036} INFO - Sync 1 DAGs
[2025-05-27T19:29:46.028+0530] {logging_mixin.py:188} INFO - [2025-05-27T19:29:46.028+0530] {dag.py:3823} INFO - Setting next_dagrun for example_dag_decorator to None, run_after=None
[2025-05-27T19:29:46.042+0530] {processor.py:183} INFO - Processing /Users/zafarimam/Documents/E-Commerce Order Pipeline/airflow_venv_39/lib/python3.9/site-packages/airflow/example_dags/example_dag_decorator.py took 0.259 seconds
[2025-05-27T19:31:46.230+0530] {processor.py:161} INFO - Started process (PID=28339) to work on /Users/zafarimam/Documents/E-Commerce Order Pipeline/airflow_venv_39/lib/python3.9/site-packages/airflow/example_dags/example_dag_decorator.py
[2025-05-27T19:31:46.231+0530] {processor.py:830} INFO - Processing file /Users/zafarimam/Documents/E-Commerce Order Pipeline/airflow_venv_39/lib/python3.9/site-packages/airflow/example_dags/example_dag_decorator.py for tasks to queue
[2025-05-27T19:31:46.232+0530] {logging_mixin.py:188} INFO - [2025-05-27T19:31:46.232+0530] {dagbag.py:538} INFO - Filling up the DagBag from /Users/zafarimam/Documents/E-Commerce Order Pipeline/airflow_venv_39/lib/python3.9/site-packages/airflow/example_dags/example_dag_decorator.py
[2025-05-27T19:31:46.349+0530] {processor.py:840} INFO - DAG(s) 'example_dag_decorator' retrieved from /Users/zafarimam/Documents/E-Commerce Order Pipeline/airflow_venv_39/lib/python3.9/site-packages/airflow/example_dags/example_dag_decorator.py
[2025-05-27T19:31:46.469+0530] {logging_mixin.py:188} INFO - [2025-05-27T19:31:46.469+0530] {dag.py:3036} INFO - Sync 1 DAGs
[2025-05-27T19:31:46.476+0530] {logging_mixin.py:188} INFO - [2025-05-27T19:31:46.475+0530] {dag.py:3823} INFO - Setting next_dagrun for example_dag_decorator to None, run_after=None
[2025-05-27T19:31:46.493+0530] {processor.py:183} INFO - Processing /Users/zafarimam/Documents/E-Commerce Order Pipeline/airflow_venv_39/lib/python3.9/site-packages/airflow/example_dags/example_dag_decorator.py took 0.264 seconds
[2025-05-27T19:33:27.167+0530] {processor.py:161} INFO - Started process (PID=28390) to work on /Users/zafarimam/Documents/E-Commerce Order Pipeline/airflow_venv_39/lib/python3.9/site-packages/airflow/example_dags/example_dag_decorator.py
[2025-05-27T19:33:27.168+0530] {processor.py:830} INFO - Processing file /Users/zafarimam/Documents/E-Commerce Order Pipeline/airflow_venv_39/lib/python3.9/site-packages/airflow/example_dags/example_dag_decorator.py for tasks to queue
[2025-05-27T19:33:27.169+0530] {logging_mixin.py:188} INFO - [2025-05-27T19:33:27.169+0530] {dagbag.py:538} INFO - Filling up the DagBag from /Users/zafarimam/Documents/E-Commerce Order Pipeline/airflow_venv_39/lib/python3.9/site-packages/airflow/example_dags/example_dag_decorator.py
[2025-05-27T19:33:27.287+0530] {processor.py:840} INFO - DAG(s) 'example_dag_decorator' retrieved from /Users/zafarimam/Documents/E-Commerce Order Pipeline/airflow_venv_39/lib/python3.9/site-packages/airflow/example_dags/example_dag_decorator.py
[2025-05-27T19:33:27.412+0530] {logging_mixin.py:188} INFO - [2025-05-27T19:33:27.412+0530] {dag.py:3036} INFO - Sync 1 DAGs
[2025-05-27T19:33:27.419+0530] {logging_mixin.py:188} INFO - [2025-05-27T19:33:27.418+0530] {dag.py:3823} INFO - Setting next_dagrun for example_dag_decorator to None, run_after=None
[2025-05-27T19:33:27.431+0530] {processor.py:183} INFO - Processing /Users/zafarimam/Documents/E-Commerce Order Pipeline/airflow_venv_39/lib/python3.9/site-packages/airflow/example_dags/example_dag_decorator.py took 0.265 seconds
[2025-05-27T19:35:07.929+0530] {processor.py:161} INFO - Started process (PID=28443) to work on /Users/zafarimam/Documents/E-Commerce Order Pipeline/airflow_venv_39/lib/python3.9/site-packages/airflow/example_dags/example_dag_decorator.py
[2025-05-27T19:35:07.929+0530] {processor.py:830} INFO - Processing file /Users/zafarimam/Documents/E-Commerce Order Pipeline/airflow_venv_39/lib/python3.9/site-packages/airflow/example_dags/example_dag_decorator.py for tasks to queue
[2025-05-27T19:35:07.930+0530] {logging_mixin.py:188} INFO - [2025-05-27T19:35:07.930+0530] {dagbag.py:538} INFO - Filling up the DagBag from /Users/zafarimam/Documents/E-Commerce Order Pipeline/airflow_venv_39/lib/python3.9/site-packages/airflow/example_dags/example_dag_decorator.py
[2025-05-27T19:35:08.048+0530] {processor.py:840} INFO - DAG(s) 'example_dag_decorator' retrieved from /Users/zafarimam/Documents/E-Commerce Order Pipeline/airflow_venv_39/lib/python3.9/site-packages/airflow/example_dags/example_dag_decorator.py
[2025-05-27T19:35:08.167+0530] {logging_mixin.py:188} INFO - [2025-05-27T19:35:08.167+0530] {dag.py:3036} INFO - Sync 1 DAGs
[2025-05-27T19:35:08.173+0530] {logging_mixin.py:188} INFO - [2025-05-27T19:35:08.173+0530] {dag.py:3823} INFO - Setting next_dagrun for example_dag_decorator to None, run_after=None
[2025-05-27T19:35:08.187+0530] {processor.py:183} INFO - Processing /Users/zafarimam/Documents/E-Commerce Order Pipeline/airflow_venv_39/lib/python3.9/site-packages/airflow/example_dags/example_dag_decorator.py took 0.259 seconds
[2025-05-27T19:36:49.312+0530] {processor.py:161} INFO - Started process (PID=28497) to work on /Users/zafarimam/Documents/E-Commerce Order Pipeline/airflow_venv_39/lib/python3.9/site-packages/airflow/example_dags/example_dag_decorator.py
[2025-05-27T19:36:49.313+0530] {processor.py:830} INFO - Processing file /Users/zafarimam/Documents/E-Commerce Order Pipeline/airflow_venv_39/lib/python3.9/site-packages/airflow/example_dags/example_dag_decorator.py for tasks to queue
[2025-05-27T19:36:49.314+0530] {logging_mixin.py:188} INFO - [2025-05-27T19:36:49.314+0530] {dagbag.py:538} INFO - Filling up the DagBag from /Users/zafarimam/Documents/E-Commerce Order Pipeline/airflow_venv_39/lib/python3.9/site-packages/airflow/example_dags/example_dag_decorator.py
[2025-05-27T19:36:49.431+0530] {processor.py:840} INFO - DAG(s) 'example_dag_decorator' retrieved from /Users/zafarimam/Documents/E-Commerce Order Pipeline/airflow_venv_39/lib/python3.9/site-packages/airflow/example_dags/example_dag_decorator.py
[2025-05-27T19:36:49.553+0530] {logging_mixin.py:188} INFO - [2025-05-27T19:36:49.553+0530] {dag.py:3036} INFO - Sync 1 DAGs
[2025-05-27T19:36:49.560+0530] {logging_mixin.py:188} INFO - [2025-05-27T19:36:49.559+0530] {dag.py:3823} INFO - Setting next_dagrun for example_dag_decorator to None, run_after=None
[2025-05-27T19:36:49.573+0530] {processor.py:183} INFO - Processing /Users/zafarimam/Documents/E-Commerce Order Pipeline/airflow_venv_39/lib/python3.9/site-packages/airflow/example_dags/example_dag_decorator.py took 0.262 seconds
[2025-05-27T19:38:30.714+0530] {processor.py:161} INFO - Started process (PID=28546) to work on /Users/zafarimam/Documents/E-Commerce Order Pipeline/airflow_venv_39/lib/python3.9/site-packages/airflow/example_dags/example_dag_decorator.py
[2025-05-27T19:38:30.715+0530] {processor.py:830} INFO - Processing file /Users/zafarimam/Documents/E-Commerce Order Pipeline/airflow_venv_39/lib/python3.9/site-packages/airflow/example_dags/example_dag_decorator.py for tasks to queue
[2025-05-27T19:38:30.715+0530] {logging_mixin.py:188} INFO - [2025-05-27T19:38:30.715+0530] {dagbag.py:538} INFO - Filling up the DagBag from /Users/zafarimam/Documents/E-Commerce Order Pipeline/airflow_venv_39/lib/python3.9/site-packages/airflow/example_dags/example_dag_decorator.py
[2025-05-27T19:38:30.833+0530] {processor.py:840} INFO - DAG(s) 'example_dag_decorator' retrieved from /Users/zafarimam/Documents/E-Commerce Order Pipeline/airflow_venv_39/lib/python3.9/site-packages/airflow/example_dags/example_dag_decorator.py
[2025-05-27T19:38:30.954+0530] {logging_mixin.py:188} INFO - [2025-05-27T19:38:30.954+0530] {dag.py:3036} INFO - Sync 1 DAGs
[2025-05-27T19:38:30.960+0530] {logging_mixin.py:188} INFO - [2025-05-27T19:38:30.960+0530] {dag.py:3823} INFO - Setting next_dagrun for example_dag_decorator to None, run_after=None
[2025-05-27T19:38:30.974+0530] {processor.py:183} INFO - Processing /Users/zafarimam/Documents/E-Commerce Order Pipeline/airflow_venv_39/lib/python3.9/site-packages/airflow/example_dags/example_dag_decorator.py took 0.262 seconds
[2025-05-27T19:40:10.145+0530] {processor.py:161} INFO - Started process (PID=28598) to work on /Users/zafarimam/Documents/E-Commerce Order Pipeline/airflow_venv_39/lib/python3.9/site-packages/airflow/example_dags/example_dag_decorator.py
[2025-05-27T19:40:10.146+0530] {processor.py:830} INFO - Processing file /Users/zafarimam/Documents/E-Commerce Order Pipeline/airflow_venv_39/lib/python3.9/site-packages/airflow/example_dags/example_dag_decorator.py for tasks to queue
[2025-05-27T19:40:10.146+0530] {logging_mixin.py:188} INFO - [2025-05-27T19:40:10.146+0530] {dagbag.py:538} INFO - Filling up the DagBag from /Users/zafarimam/Documents/E-Commerce Order Pipeline/airflow_venv_39/lib/python3.9/site-packages/airflow/example_dags/example_dag_decorator.py
[2025-05-27T19:40:10.261+0530] {processor.py:840} INFO - DAG(s) 'example_dag_decorator' retrieved from /Users/zafarimam/Documents/E-Commerce Order Pipeline/airflow_venv_39/lib/python3.9/site-packages/airflow/example_dags/example_dag_decorator.py
[2025-05-27T19:40:10.380+0530] {logging_mixin.py:188} INFO - [2025-05-27T19:40:10.380+0530] {dag.py:3036} INFO - Sync 1 DAGs
[2025-05-27T19:40:10.386+0530] {logging_mixin.py:188} INFO - [2025-05-27T19:40:10.386+0530] {dag.py:3823} INFO - Setting next_dagrun for example_dag_decorator to None, run_after=None
[2025-05-27T19:40:10.403+0530] {processor.py:183} INFO - Processing /Users/zafarimam/Documents/E-Commerce Order Pipeline/airflow_venv_39/lib/python3.9/site-packages/airflow/example_dags/example_dag_decorator.py took 0.259 seconds
[2025-05-27T19:41:49.064+0530] {processor.py:161} INFO - Started process (PID=28652) to work on /Users/zafarimam/Documents/E-Commerce Order Pipeline/airflow_venv_39/lib/python3.9/site-packages/airflow/example_dags/example_dag_decorator.py
[2025-05-27T19:41:49.065+0530] {processor.py:830} INFO - Processing file /Users/zafarimam/Documents/E-Commerce Order Pipeline/airflow_venv_39/lib/python3.9/site-packages/airflow/example_dags/example_dag_decorator.py for tasks to queue
[2025-05-27T19:41:49.066+0530] {logging_mixin.py:188} INFO - [2025-05-27T19:41:49.066+0530] {dagbag.py:538} INFO - Filling up the DagBag from /Users/zafarimam/Documents/E-Commerce Order Pipeline/airflow_venv_39/lib/python3.9/site-packages/airflow/example_dags/example_dag_decorator.py
[2025-05-27T19:41:49.182+0530] {processor.py:840} INFO - DAG(s) 'example_dag_decorator' retrieved from /Users/zafarimam/Documents/E-Commerce Order Pipeline/airflow_venv_39/lib/python3.9/site-packages/airflow/example_dags/example_dag_decorator.py
[2025-05-27T19:41:49.304+0530] {logging_mixin.py:188} INFO - [2025-05-27T19:41:49.304+0530] {dag.py:3036} INFO - Sync 1 DAGs
[2025-05-27T19:41:49.311+0530] {logging_mixin.py:188} INFO - [2025-05-27T19:41:49.310+0530] {dag.py:3823} INFO - Setting next_dagrun for example_dag_decorator to None, run_after=None
[2025-05-27T19:41:49.324+0530] {processor.py:183} INFO - Processing /Users/zafarimam/Documents/E-Commerce Order Pipeline/airflow_venv_39/lib/python3.9/site-packages/airflow/example_dags/example_dag_decorator.py took 0.260 seconds
[2025-05-27T19:43:35.414+0530] {processor.py:161} INFO - Started process (PID=28715) to work on /Users/zafarimam/Documents/E-Commerce Order Pipeline/airflow_venv_39/lib/python3.9/site-packages/airflow/example_dags/example_dag_decorator.py
[2025-05-27T19:43:35.415+0530] {processor.py:830} INFO - Processing file /Users/zafarimam/Documents/E-Commerce Order Pipeline/airflow_venv_39/lib/python3.9/site-packages/airflow/example_dags/example_dag_decorator.py for tasks to queue
[2025-05-27T19:43:35.416+0530] {logging_mixin.py:188} INFO - [2025-05-27T19:43:35.416+0530] {dagbag.py:538} INFO - Filling up the DagBag from /Users/zafarimam/Documents/E-Commerce Order Pipeline/airflow_venv_39/lib/python3.9/site-packages/airflow/example_dags/example_dag_decorator.py
[2025-05-27T19:43:35.625+0530] {processor.py:840} INFO - DAG(s) 'example_dag_decorator' retrieved from /Users/zafarimam/Documents/E-Commerce Order Pipeline/airflow_venv_39/lib/python3.9/site-packages/airflow/example_dags/example_dag_decorator.py
[2025-05-27T19:43:35.823+0530] {logging_mixin.py:188} INFO - [2025-05-27T19:43:35.822+0530] {dag.py:3036} INFO - Sync 1 DAGs
[2025-05-27T19:43:35.829+0530] {logging_mixin.py:188} INFO - [2025-05-27T19:43:35.829+0530] {dag.py:3823} INFO - Setting next_dagrun for example_dag_decorator to None, run_after=None
[2025-05-27T19:43:35.842+0530] {processor.py:183} INFO - Processing /Users/zafarimam/Documents/E-Commerce Order Pipeline/airflow_venv_39/lib/python3.9/site-packages/airflow/example_dags/example_dag_decorator.py took 0.430 seconds
[2025-05-27T19:45:45.002+0530] {processor.py:161} INFO - Started process (PID=28850) to work on /Users/zafarimam/Documents/E-Commerce Order Pipeline/airflow_venv_39/lib/python3.9/site-packages/airflow/example_dags/example_dag_decorator.py
[2025-05-27T19:45:45.004+0530] {processor.py:830} INFO - Processing file /Users/zafarimam/Documents/E-Commerce Order Pipeline/airflow_venv_39/lib/python3.9/site-packages/airflow/example_dags/example_dag_decorator.py for tasks to queue
[2025-05-27T19:45:45.005+0530] {logging_mixin.py:188} INFO - [2025-05-27T19:45:45.005+0530] {dagbag.py:538} INFO - Filling up the DagBag from /Users/zafarimam/Documents/E-Commerce Order Pipeline/airflow_venv_39/lib/python3.9/site-packages/airflow/example_dags/example_dag_decorator.py
[2025-05-27T19:45:45.129+0530] {processor.py:840} INFO - DAG(s) 'example_dag_decorator' retrieved from /Users/zafarimam/Documents/E-Commerce Order Pipeline/airflow_venv_39/lib/python3.9/site-packages/airflow/example_dags/example_dag_decorator.py
[2025-05-27T19:45:45.337+0530] {logging_mixin.py:188} INFO - [2025-05-27T19:45:45.337+0530] {dag.py:3036} INFO - Sync 1 DAGs
[2025-05-27T19:45:45.344+0530] {logging_mixin.py:188} INFO - [2025-05-27T19:45:45.344+0530] {dag.py:3823} INFO - Setting next_dagrun for example_dag_decorator to None, run_after=None
[2025-05-27T19:45:45.356+0530] {processor.py:183} INFO - Processing /Users/zafarimam/Documents/E-Commerce Order Pipeline/airflow_venv_39/lib/python3.9/site-packages/airflow/example_dags/example_dag_decorator.py took 0.355 seconds
[2025-05-27T19:47:28.987+0530] {processor.py:161} INFO - Started process (PID=28916) to work on /Users/zafarimam/Documents/E-Commerce Order Pipeline/airflow_venv_39/lib/python3.9/site-packages/airflow/example_dags/example_dag_decorator.py
[2025-05-27T19:47:28.988+0530] {processor.py:830} INFO - Processing file /Users/zafarimam/Documents/E-Commerce Order Pipeline/airflow_venv_39/lib/python3.9/site-packages/airflow/example_dags/example_dag_decorator.py for tasks to queue
[2025-05-27T19:47:28.989+0530] {logging_mixin.py:188} INFO - [2025-05-27T19:47:28.988+0530] {dagbag.py:538} INFO - Filling up the DagBag from /Users/zafarimam/Documents/E-Commerce Order Pipeline/airflow_venv_39/lib/python3.9/site-packages/airflow/example_dags/example_dag_decorator.py
[2025-05-27T19:47:29.117+0530] {processor.py:840} INFO - DAG(s) 'example_dag_decorator' retrieved from /Users/zafarimam/Documents/E-Commerce Order Pipeline/airflow_venv_39/lib/python3.9/site-packages/airflow/example_dags/example_dag_decorator.py
[2025-05-27T19:47:29.248+0530] {logging_mixin.py:188} INFO - [2025-05-27T19:47:29.248+0530] {dag.py:3036} INFO - Sync 1 DAGs
[2025-05-27T19:47:29.254+0530] {logging_mixin.py:188} INFO - [2025-05-27T19:47:29.254+0530] {dag.py:3823} INFO - Setting next_dagrun for example_dag_decorator to None, run_after=None
[2025-05-27T19:47:29.268+0530] {processor.py:183} INFO - Processing /Users/zafarimam/Documents/E-Commerce Order Pipeline/airflow_venv_39/lib/python3.9/site-packages/airflow/example_dags/example_dag_decorator.py took 0.282 seconds
[2025-05-27T19:49:12.723+0530] {processor.py:161} INFO - Started process (PID=28968) to work on /Users/zafarimam/Documents/E-Commerce Order Pipeline/airflow_venv_39/lib/python3.9/site-packages/airflow/example_dags/example_dag_decorator.py
[2025-05-27T19:49:12.724+0530] {processor.py:830} INFO - Processing file /Users/zafarimam/Documents/E-Commerce Order Pipeline/airflow_venv_39/lib/python3.9/site-packages/airflow/example_dags/example_dag_decorator.py for tasks to queue
[2025-05-27T19:49:12.725+0530] {logging_mixin.py:188} INFO - [2025-05-27T19:49:12.724+0530] {dagbag.py:538} INFO - Filling up the DagBag from /Users/zafarimam/Documents/E-Commerce Order Pipeline/airflow_venv_39/lib/python3.9/site-packages/airflow/example_dags/example_dag_decorator.py
[2025-05-27T19:49:12.845+0530] {processor.py:840} INFO - DAG(s) 'example_dag_decorator' retrieved from /Users/zafarimam/Documents/E-Commerce Order Pipeline/airflow_venv_39/lib/python3.9/site-packages/airflow/example_dags/example_dag_decorator.py
[2025-05-27T19:49:12.973+0530] {logging_mixin.py:188} INFO - [2025-05-27T19:49:12.973+0530] {dag.py:3036} INFO - Sync 1 DAGs
[2025-05-27T19:49:12.980+0530] {logging_mixin.py:188} INFO - [2025-05-27T19:49:12.980+0530] {dag.py:3823} INFO - Setting next_dagrun for example_dag_decorator to None, run_after=None
[2025-05-27T19:49:12.993+0530] {processor.py:183} INFO - Processing /Users/zafarimam/Documents/E-Commerce Order Pipeline/airflow_venv_39/lib/python3.9/site-packages/airflow/example_dags/example_dag_decorator.py took 0.271 seconds
[2025-05-27T19:50:58.204+0530] {processor.py:161} INFO - Started process (PID=29050) to work on /Users/zafarimam/Documents/E-Commerce Order Pipeline/airflow_venv_39/lib/python3.9/site-packages/airflow/example_dags/example_dag_decorator.py
[2025-05-27T19:50:58.205+0530] {processor.py:830} INFO - Processing file /Users/zafarimam/Documents/E-Commerce Order Pipeline/airflow_venv_39/lib/python3.9/site-packages/airflow/example_dags/example_dag_decorator.py for tasks to queue
[2025-05-27T19:50:58.205+0530] {logging_mixin.py:188} INFO - [2025-05-27T19:50:58.205+0530] {dagbag.py:538} INFO - Filling up the DagBag from /Users/zafarimam/Documents/E-Commerce Order Pipeline/airflow_venv_39/lib/python3.9/site-packages/airflow/example_dags/example_dag_decorator.py
[2025-05-27T19:50:58.337+0530] {processor.py:840} INFO - DAG(s) 'example_dag_decorator' retrieved from /Users/zafarimam/Documents/E-Commerce Order Pipeline/airflow_venv_39/lib/python3.9/site-packages/airflow/example_dags/example_dag_decorator.py
[2025-05-27T19:50:58.481+0530] {logging_mixin.py:188} INFO - [2025-05-27T19:50:58.481+0530] {dag.py:3036} INFO - Sync 1 DAGs
[2025-05-27T19:50:58.487+0530] {logging_mixin.py:188} INFO - [2025-05-27T19:50:58.487+0530] {dag.py:3823} INFO - Setting next_dagrun for example_dag_decorator to None, run_after=None
[2025-05-27T19:50:58.505+0530] {processor.py:183} INFO - Processing /Users/zafarimam/Documents/E-Commerce Order Pipeline/airflow_venv_39/lib/python3.9/site-packages/airflow/example_dags/example_dag_decorator.py took 0.302 seconds
