[2025-05-27T17:39:18.740+0530] {processor.py:161} INFO - Started process (PID=22853) to work on /Users/zafarimam/Documents/E-Commerce Order Pipeline/airflow_venv_39/lib/python3.9/site-packages/airflow/example_dags/example_branch_python_dop_operator_3.py
[2025-05-27T17:39:18.742+0530] {processor.py:830} INFO - Processing file /Users/zafarimam/Documents/E-Commerce Order Pipeline/airflow_venv_39/lib/python3.9/site-packages/airflow/example_dags/example_branch_python_dop_operator_3.py for tasks to queue
[2025-05-27T17:39:18.743+0530] {logging_mixin.py:188} INFO - [2025-05-27T17:39:18.742+0530] {dagbag.py:538} INFO - Filling up the DagBag from /Users/zafarimam/Documents/E-Commerce Order Pipeline/airflow_venv_39/lib/python3.9/site-packages/airflow/example_dags/example_branch_python_dop_operator_3.py
[2025-05-27T17:39:18.789+0530] {processor.py:840} INFO - DAG(s) 'example_branch_dop_operator_v3' retrieved from /Users/zafarimam/Documents/E-Commerce Order Pipeline/airflow_venv_39/lib/python3.9/site-packages/airflow/example_dags/example_branch_python_dop_operator_3.py
[2025-05-27T17:39:19.010+0530] {logging_mixin.py:188} INFO - [2025-05-27T17:39:19.009+0530] {dag.py:3036} INFO - Sync 1 DAGs
[2025-05-27T17:39:19.036+0530] {logging_mixin.py:188} INFO - [2025-05-27T17:39:19.036+0530] {dag.py:3823} INFO - Setting next_dagrun for example_branch_dop_operator_v3 to 2025-05-27 12:08:00+00:00, run_after=2025-05-27 12:09:00+00:00
[2025-05-27T17:39:19.057+0530] {processor.py:183} INFO - Processing /Users/zafarimam/Documents/E-Commerce Order Pipeline/airflow_venv_39/lib/python3.9/site-packages/airflow/example_dags/example_branch_python_dop_operator_3.py took 0.319 seconds
[2025-05-27T17:41:26.423+0530] {processor.py:161} INFO - Started process (PID=22939) to work on /Users/zafarimam/Documents/E-Commerce Order Pipeline/airflow_venv_39/lib/python3.9/site-packages/airflow/example_dags/example_branch_python_dop_operator_3.py
[2025-05-27T17:41:26.425+0530] {processor.py:830} INFO - Processing file /Users/zafarimam/Documents/E-Commerce Order Pipeline/airflow_venv_39/lib/python3.9/site-packages/airflow/example_dags/example_branch_python_dop_operator_3.py for tasks to queue
[2025-05-27T17:41:26.426+0530] {logging_mixin.py:188} INFO - [2025-05-27T17:41:26.426+0530] {dagbag.py:538} INFO - Filling up the DagBag from /Users/zafarimam/Documents/E-Commerce Order Pipeline/airflow_venv_39/lib/python3.9/site-packages/airflow/example_dags/example_branch_python_dop_operator_3.py
[2025-05-27T17:41:26.457+0530] {processor.py:840} INFO - DAG(s) 'example_branch_dop_operator_v3' retrieved from /Users/zafarimam/Documents/E-Commerce Order Pipeline/airflow_venv_39/lib/python3.9/site-packages/airflow/example_dags/example_branch_python_dop_operator_3.py
[2025-05-27T17:41:26.536+0530] {logging_mixin.py:188} INFO - [2025-05-27T17:41:26.536+0530] {dag.py:3036} INFO - Sync 1 DAGs
[2025-05-27T17:41:26.555+0530] {logging_mixin.py:188} INFO - [2025-05-27T17:41:26.554+0530] {dag.py:3823} INFO - Setting next_dagrun for example_branch_dop_operator_v3 to 2025-05-27 12:10:00+00:00, run_after=2025-05-27 12:11:00+00:00
[2025-05-27T17:41:26.569+0530] {processor.py:183} INFO - Processing /Users/zafarimam/Documents/E-Commerce Order Pipeline/airflow_venv_39/lib/python3.9/site-packages/airflow/example_dags/example_branch_python_dop_operator_3.py took 0.148 seconds
[2025-05-27T17:43:18.110+0530] {processor.py:161} INFO - Started process (PID=23004) to work on /Users/zafarimam/Documents/E-Commerce Order Pipeline/airflow_venv_39/lib/python3.9/site-packages/airflow/example_dags/example_branch_python_dop_operator_3.py
[2025-05-27T17:43:18.111+0530] {processor.py:830} INFO - Processing file /Users/zafarimam/Documents/E-Commerce Order Pipeline/airflow_venv_39/lib/python3.9/site-packages/airflow/example_dags/example_branch_python_dop_operator_3.py for tasks to queue
[2025-05-27T17:43:18.112+0530] {logging_mixin.py:188} INFO - [2025-05-27T17:43:18.112+0530] {dagbag.py:538} INFO - Filling up the DagBag from /Users/zafarimam/Documents/E-Commerce Order Pipeline/airflow_venv_39/lib/python3.9/site-packages/airflow/example_dags/example_branch_python_dop_operator_3.py
[2025-05-27T17:43:18.148+0530] {processor.py:840} INFO - DAG(s) 'example_branch_dop_operator_v3' retrieved from /Users/zafarimam/Documents/E-Commerce Order Pipeline/airflow_venv_39/lib/python3.9/site-packages/airflow/example_dags/example_branch_python_dop_operator_3.py
[2025-05-27T17:43:18.224+0530] {logging_mixin.py:188} INFO - [2025-05-27T17:43:18.224+0530] {dag.py:3036} INFO - Sync 1 DAGs
[2025-05-27T17:43:18.243+0530] {logging_mixin.py:188} INFO - [2025-05-27T17:43:18.242+0530] {dag.py:3823} INFO - Setting next_dagrun for example_branch_dop_operator_v3 to 2025-05-27 12:12:00+00:00, run_after=2025-05-27 12:13:00+00:00
[2025-05-27T17:43:18.258+0530] {processor.py:183} INFO - Processing /Users/zafarimam/Documents/E-Commerce Order Pipeline/airflow_venv_39/lib/python3.9/site-packages/airflow/example_dags/example_branch_python_dop_operator_3.py took 0.149 seconds
[2025-05-27T17:45:03.603+0530] {processor.py:161} INFO - Started process (PID=23056) to work on /Users/zafarimam/Documents/E-Commerce Order Pipeline/airflow_venv_39/lib/python3.9/site-packages/airflow/example_dags/example_branch_python_dop_operator_3.py
[2025-05-27T17:45:03.604+0530] {processor.py:830} INFO - Processing file /Users/zafarimam/Documents/E-Commerce Order Pipeline/airflow_venv_39/lib/python3.9/site-packages/airflow/example_dags/example_branch_python_dop_operator_3.py for tasks to queue
[2025-05-27T17:45:03.605+0530] {logging_mixin.py:188} INFO - [2025-05-27T17:45:03.605+0530] {dagbag.py:538} INFO - Filling up the DagBag from /Users/zafarimam/Documents/E-Commerce Order Pipeline/airflow_venv_39/lib/python3.9/site-packages/airflow/example_dags/example_branch_python_dop_operator_3.py
[2025-05-27T17:45:03.644+0530] {processor.py:840} INFO - DAG(s) 'example_branch_dop_operator_v3' retrieved from /Users/zafarimam/Documents/E-Commerce Order Pipeline/airflow_venv_39/lib/python3.9/site-packages/airflow/example_dags/example_branch_python_dop_operator_3.py
[2025-05-27T17:45:03.723+0530] {logging_mixin.py:188} INFO - [2025-05-27T17:45:03.723+0530] {dag.py:3036} INFO - Sync 1 DAGs
[2025-05-27T17:45:03.738+0530] {logging_mixin.py:188} INFO - [2025-05-27T17:45:03.738+0530] {dag.py:3823} INFO - Setting next_dagrun for example_branch_dop_operator_v3 to 2025-05-27 12:14:00+00:00, run_after=2025-05-27 12:15:00+00:00
[2025-05-27T17:45:03.752+0530] {processor.py:183} INFO - Processing /Users/zafarimam/Documents/E-Commerce Order Pipeline/airflow_venv_39/lib/python3.9/site-packages/airflow/example_dags/example_branch_python_dop_operator_3.py took 0.150 seconds
[2025-05-27T17:52:03.995+0530] {processor.py:161} INFO - Started process (PID=23370) to work on /Users/zafarimam/Documents/E-Commerce Order Pipeline/airflow_venv_39/lib/python3.9/site-packages/airflow/example_dags/example_branch_python_dop_operator_3.py
[2025-05-27T17:52:03.996+0530] {processor.py:830} INFO - Processing file /Users/zafarimam/Documents/E-Commerce Order Pipeline/airflow_venv_39/lib/python3.9/site-packages/airflow/example_dags/example_branch_python_dop_operator_3.py for tasks to queue
[2025-05-27T17:52:03.997+0530] {logging_mixin.py:188} INFO - [2025-05-27T17:52:03.997+0530] {dagbag.py:538} INFO - Filling up the DagBag from /Users/zafarimam/Documents/E-Commerce Order Pipeline/airflow_venv_39/lib/python3.9/site-packages/airflow/example_dags/example_branch_python_dop_operator_3.py
[2025-05-27T17:52:04.036+0530] {processor.py:840} INFO - DAG(s) 'example_branch_dop_operator_v3' retrieved from /Users/zafarimam/Documents/E-Commerce Order Pipeline/airflow_venv_39/lib/python3.9/site-packages/airflow/example_dags/example_branch_python_dop_operator_3.py
[2025-05-27T17:52:04.114+0530] {logging_mixin.py:188} INFO - [2025-05-27T17:52:04.114+0530] {dag.py:3036} INFO - Sync 1 DAGs
[2025-05-27T17:52:04.130+0530] {logging_mixin.py:188} INFO - [2025-05-27T17:52:04.129+0530] {dag.py:3823} INFO - Setting next_dagrun for example_branch_dop_operator_v3 to 2025-05-27 12:21:00+00:00, run_after=2025-05-27 12:22:00+00:00
[2025-05-27T17:52:04.143+0530] {processor.py:183} INFO - Processing /Users/zafarimam/Documents/E-Commerce Order Pipeline/airflow_venv_39/lib/python3.9/site-packages/airflow/example_dags/example_branch_python_dop_operator_3.py took 0.150 seconds
[2025-05-27T17:54:03.416+0530] {processor.py:161} INFO - Started process (PID=23796) to work on /Users/zafarimam/Documents/E-Commerce Order Pipeline/airflow_venv_39/lib/python3.9/site-packages/airflow/example_dags/example_branch_python_dop_operator_3.py
[2025-05-27T17:54:03.418+0530] {processor.py:830} INFO - Processing file /Users/zafarimam/Documents/E-Commerce Order Pipeline/airflow_venv_39/lib/python3.9/site-packages/airflow/example_dags/example_branch_python_dop_operator_3.py for tasks to queue
[2025-05-27T17:54:03.418+0530] {logging_mixin.py:188} INFO - [2025-05-27T17:54:03.418+0530] {dagbag.py:538} INFO - Filling up the DagBag from /Users/zafarimam/Documents/E-Commerce Order Pipeline/airflow_venv_39/lib/python3.9/site-packages/airflow/example_dags/example_branch_python_dop_operator_3.py
[2025-05-27T17:54:03.463+0530] {processor.py:840} INFO - DAG(s) 'example_branch_dop_operator_v3' retrieved from /Users/zafarimam/Documents/E-Commerce Order Pipeline/airflow_venv_39/lib/python3.9/site-packages/airflow/example_dags/example_branch_python_dop_operator_3.py
[2025-05-27T17:54:03.551+0530] {logging_mixin.py:188} INFO - [2025-05-27T17:54:03.551+0530] {dag.py:3036} INFO - Sync 1 DAGs
[2025-05-27T17:54:03.572+0530] {logging_mixin.py:188} INFO - [2025-05-27T17:54:03.572+0530] {dag.py:3823} INFO - Setting next_dagrun for example_branch_dop_operator_v3 to 2025-05-27 12:23:00+00:00, run_after=2025-05-27 12:24:00+00:00
[2025-05-27T17:54:03.589+0530] {processor.py:183} INFO - Processing /Users/zafarimam/Documents/E-Commerce Order Pipeline/airflow_venv_39/lib/python3.9/site-packages/airflow/example_dags/example_branch_python_dop_operator_3.py took 0.174 seconds
[2025-05-27T17:56:38.251+0530] {processor.py:161} INFO - Started process (PID=24084) to work on /Users/zafarimam/Documents/E-Commerce Order Pipeline/airflow_venv_39/lib/python3.9/site-packages/airflow/example_dags/example_branch_python_dop_operator_3.py
[2025-05-27T17:56:38.253+0530] {processor.py:830} INFO - Processing file /Users/zafarimam/Documents/E-Commerce Order Pipeline/airflow_venv_39/lib/python3.9/site-packages/airflow/example_dags/example_branch_python_dop_operator_3.py for tasks to queue
[2025-05-27T17:56:38.254+0530] {logging_mixin.py:188} INFO - [2025-05-27T17:56:38.253+0530] {dagbag.py:538} INFO - Filling up the DagBag from /Users/zafarimam/Documents/E-Commerce Order Pipeline/airflow_venv_39/lib/python3.9/site-packages/airflow/example_dags/example_branch_python_dop_operator_3.py
[2025-05-27T17:56:38.291+0530] {processor.py:840} INFO - DAG(s) 'example_branch_dop_operator_v3' retrieved from /Users/zafarimam/Documents/E-Commerce Order Pipeline/airflow_venv_39/lib/python3.9/site-packages/airflow/example_dags/example_branch_python_dop_operator_3.py
[2025-05-27T17:56:38.440+0530] {logging_mixin.py:188} INFO - [2025-05-27T17:56:38.440+0530] {dag.py:3036} INFO - Sync 1 DAGs
[2025-05-27T17:56:38.458+0530] {logging_mixin.py:188} INFO - [2025-05-27T17:56:38.458+0530] {dag.py:3823} INFO - Setting next_dagrun for example_branch_dop_operator_v3 to 2025-05-27 12:25:00+00:00, run_after=2025-05-27 12:26:00+00:00
[2025-05-27T17:56:38.473+0530] {processor.py:183} INFO - Processing /Users/zafarimam/Documents/E-Commerce Order Pipeline/airflow_venv_39/lib/python3.9/site-packages/airflow/example_dags/example_branch_python_dop_operator_3.py took 0.223 seconds
[2025-05-27T17:58:46.439+0530] {processor.py:161} INFO - Started process (PID=24862) to work on /Users/zafarimam/Documents/E-Commerce Order Pipeline/airflow_venv_39/lib/python3.9/site-packages/airflow/example_dags/example_branch_python_dop_operator_3.py
[2025-05-27T17:58:46.440+0530] {processor.py:830} INFO - Processing file /Users/zafarimam/Documents/E-Commerce Order Pipeline/airflow_venv_39/lib/python3.9/site-packages/airflow/example_dags/example_branch_python_dop_operator_3.py for tasks to queue
[2025-05-27T17:58:46.441+0530] {logging_mixin.py:188} INFO - [2025-05-27T17:58:46.441+0530] {dagbag.py:538} INFO - Filling up the DagBag from /Users/zafarimam/Documents/E-Commerce Order Pipeline/airflow_venv_39/lib/python3.9/site-packages/airflow/example_dags/example_branch_python_dop_operator_3.py
[2025-05-27T17:58:46.479+0530] {processor.py:840} INFO - DAG(s) 'example_branch_dop_operator_v3' retrieved from /Users/zafarimam/Documents/E-Commerce Order Pipeline/airflow_venv_39/lib/python3.9/site-packages/airflow/example_dags/example_branch_python_dop_operator_3.py
[2025-05-27T17:58:46.588+0530] {logging_mixin.py:188} INFO - [2025-05-27T17:58:46.588+0530] {dag.py:3036} INFO - Sync 1 DAGs
[2025-05-27T17:58:46.615+0530] {logging_mixin.py:188} INFO - [2025-05-27T17:58:46.614+0530] {dag.py:3823} INFO - Setting next_dagrun for example_branch_dop_operator_v3 to 2025-05-27 12:27:00+00:00, run_after=2025-05-27 12:28:00+00:00
[2025-05-27T17:58:46.640+0530] {processor.py:183} INFO - Processing /Users/zafarimam/Documents/E-Commerce Order Pipeline/airflow_venv_39/lib/python3.9/site-packages/airflow/example_dags/example_branch_python_dop_operator_3.py took 0.203 seconds
[2025-05-27T18:07:07.726+0530] {processor.py:161} INFO - Started process (PID=25131) to work on /Users/zafarimam/Documents/E-Commerce Order Pipeline/airflow_venv_39/lib/python3.9/site-packages/airflow/example_dags/example_branch_python_dop_operator_3.py
[2025-05-27T18:07:07.729+0530] {processor.py:830} INFO - Processing file /Users/zafarimam/Documents/E-Commerce Order Pipeline/airflow_venv_39/lib/python3.9/site-packages/airflow/example_dags/example_branch_python_dop_operator_3.py for tasks to queue
[2025-05-27T18:07:07.729+0530] {logging_mixin.py:188} INFO - [2025-05-27T18:07:07.729+0530] {dagbag.py:538} INFO - Filling up the DagBag from /Users/zafarimam/Documents/E-Commerce Order Pipeline/airflow_venv_39/lib/python3.9/site-packages/airflow/example_dags/example_branch_python_dop_operator_3.py
[2025-05-27T18:07:07.772+0530] {processor.py:840} INFO - DAG(s) 'example_branch_dop_operator_v3' retrieved from /Users/zafarimam/Documents/E-Commerce Order Pipeline/airflow_venv_39/lib/python3.9/site-packages/airflow/example_dags/example_branch_python_dop_operator_3.py
[2025-05-27T18:07:07.861+0530] {logging_mixin.py:188} INFO - [2025-05-27T18:07:07.861+0530] {dag.py:3036} INFO - Sync 1 DAGs
[2025-05-27T18:07:07.879+0530] {logging_mixin.py:188} INFO - [2025-05-27T18:07:07.879+0530] {dag.py:3823} INFO - Setting next_dagrun for example_branch_dop_operator_v3 to 2025-05-27 12:36:00+00:00, run_after=2025-05-27 12:37:00+00:00
[2025-05-27T18:07:07.894+0530] {processor.py:183} INFO - Processing /Users/zafarimam/Documents/E-Commerce Order Pipeline/airflow_venv_39/lib/python3.9/site-packages/airflow/example_dags/example_branch_python_dop_operator_3.py took 0.169 seconds
[2025-05-27T18:09:15.332+0530] {processor.py:161} INFO - Started process (PID=25196) to work on /Users/zafarimam/Documents/E-Commerce Order Pipeline/airflow_venv_39/lib/python3.9/site-packages/airflow/example_dags/example_branch_python_dop_operator_3.py
[2025-05-27T18:09:15.333+0530] {processor.py:830} INFO - Processing file /Users/zafarimam/Documents/E-Commerce Order Pipeline/airflow_venv_39/lib/python3.9/site-packages/airflow/example_dags/example_branch_python_dop_operator_3.py for tasks to queue
[2025-05-27T18:09:15.334+0530] {logging_mixin.py:188} INFO - [2025-05-27T18:09:15.334+0530] {dagbag.py:538} INFO - Filling up the DagBag from /Users/zafarimam/Documents/E-Commerce Order Pipeline/airflow_venv_39/lib/python3.9/site-packages/airflow/example_dags/example_branch_python_dop_operator_3.py
[2025-05-27T18:09:15.371+0530] {processor.py:840} INFO - DAG(s) 'example_branch_dop_operator_v3' retrieved from /Users/zafarimam/Documents/E-Commerce Order Pipeline/airflow_venv_39/lib/python3.9/site-packages/airflow/example_dags/example_branch_python_dop_operator_3.py
[2025-05-27T18:09:15.452+0530] {logging_mixin.py:188} INFO - [2025-05-27T18:09:15.452+0530] {dag.py:3036} INFO - Sync 1 DAGs
[2025-05-27T18:09:15.469+0530] {logging_mixin.py:188} INFO - [2025-05-27T18:09:15.468+0530] {dag.py:3823} INFO - Setting next_dagrun for example_branch_dop_operator_v3 to 2025-05-27 12:38:00+00:00, run_after=2025-05-27 12:39:00+00:00
[2025-05-27T18:09:15.483+0530] {processor.py:183} INFO - Processing /Users/zafarimam/Documents/E-Commerce Order Pipeline/airflow_venv_39/lib/python3.9/site-packages/airflow/example_dags/example_branch_python_dop_operator_3.py took 0.152 seconds
[2025-05-27T18:10:59.233+0530] {processor.py:161} INFO - Started process (PID=25249) to work on /Users/zafarimam/Documents/E-Commerce Order Pipeline/airflow_venv_39/lib/python3.9/site-packages/airflow/example_dags/example_branch_python_dop_operator_3.py
[2025-05-27T18:10:59.234+0530] {processor.py:830} INFO - Processing file /Users/zafarimam/Documents/E-Commerce Order Pipeline/airflow_venv_39/lib/python3.9/site-packages/airflow/example_dags/example_branch_python_dop_operator_3.py for tasks to queue
[2025-05-27T18:10:59.235+0530] {logging_mixin.py:188} INFO - [2025-05-27T18:10:59.235+0530] {dagbag.py:538} INFO - Filling up the DagBag from /Users/zafarimam/Documents/E-Commerce Order Pipeline/airflow_venv_39/lib/python3.9/site-packages/airflow/example_dags/example_branch_python_dop_operator_3.py
[2025-05-27T18:10:59.279+0530] {processor.py:840} INFO - DAG(s) 'example_branch_dop_operator_v3' retrieved from /Users/zafarimam/Documents/E-Commerce Order Pipeline/airflow_venv_39/lib/python3.9/site-packages/airflow/example_dags/example_branch_python_dop_operator_3.py
[2025-05-27T18:10:59.357+0530] {logging_mixin.py:188} INFO - [2025-05-27T18:10:59.357+0530] {dag.py:3036} INFO - Sync 1 DAGs
[2025-05-27T18:10:59.372+0530] {logging_mixin.py:188} INFO - [2025-05-27T18:10:59.372+0530] {dag.py:3823} INFO - Setting next_dagrun for example_branch_dop_operator_v3 to 2025-05-27 12:39:00+00:00, run_after=2025-05-27 12:40:00+00:00
[2025-05-27T18:10:59.386+0530] {processor.py:183} INFO - Processing /Users/zafarimam/Documents/E-Commerce Order Pipeline/airflow_venv_39/lib/python3.9/site-packages/airflow/example_dags/example_branch_python_dop_operator_3.py took 0.154 seconds
[2025-05-27T18:12:53.023+0530] {processor.py:161} INFO - Started process (PID=25309) to work on /Users/zafarimam/Documents/E-Commerce Order Pipeline/airflow_venv_39/lib/python3.9/site-packages/airflow/example_dags/example_branch_python_dop_operator_3.py
[2025-05-27T18:12:53.024+0530] {processor.py:830} INFO - Processing file /Users/zafarimam/Documents/E-Commerce Order Pipeline/airflow_venv_39/lib/python3.9/site-packages/airflow/example_dags/example_branch_python_dop_operator_3.py for tasks to queue
[2025-05-27T18:12:53.025+0530] {logging_mixin.py:188} INFO - [2025-05-27T18:12:53.025+0530] {dagbag.py:538} INFO - Filling up the DagBag from /Users/zafarimam/Documents/E-Commerce Order Pipeline/airflow_venv_39/lib/python3.9/site-packages/airflow/example_dags/example_branch_python_dop_operator_3.py
[2025-05-27T18:12:53.062+0530] {processor.py:840} INFO - DAG(s) 'example_branch_dop_operator_v3' retrieved from /Users/zafarimam/Documents/E-Commerce Order Pipeline/airflow_venv_39/lib/python3.9/site-packages/airflow/example_dags/example_branch_python_dop_operator_3.py
[2025-05-27T18:12:53.146+0530] {logging_mixin.py:188} INFO - [2025-05-27T18:12:53.146+0530] {dag.py:3036} INFO - Sync 1 DAGs
[2025-05-27T18:12:53.166+0530] {logging_mixin.py:188} INFO - [2025-05-27T18:12:53.165+0530] {dag.py:3823} INFO - Setting next_dagrun for example_branch_dop_operator_v3 to 2025-05-27 12:41:00+00:00, run_after=2025-05-27 12:42:00+00:00
[2025-05-27T18:12:53.182+0530] {processor.py:183} INFO - Processing /Users/zafarimam/Documents/E-Commerce Order Pipeline/airflow_venv_39/lib/python3.9/site-packages/airflow/example_dags/example_branch_python_dop_operator_3.py took 0.160 seconds
[2025-05-27T18:14:51.310+0530] {processor.py:161} INFO - Started process (PID=25386) to work on /Users/zafarimam/Documents/E-Commerce Order Pipeline/airflow_venv_39/lib/python3.9/site-packages/airflow/example_dags/example_branch_python_dop_operator_3.py
[2025-05-27T18:14:51.311+0530] {processor.py:830} INFO - Processing file /Users/zafarimam/Documents/E-Commerce Order Pipeline/airflow_venv_39/lib/python3.9/site-packages/airflow/example_dags/example_branch_python_dop_operator_3.py for tasks to queue
[2025-05-27T18:14:51.312+0530] {logging_mixin.py:188} INFO - [2025-05-27T18:14:51.312+0530] {dagbag.py:538} INFO - Filling up the DagBag from /Users/zafarimam/Documents/E-Commerce Order Pipeline/airflow_venv_39/lib/python3.9/site-packages/airflow/example_dags/example_branch_python_dop_operator_3.py
[2025-05-27T18:14:51.351+0530] {processor.py:840} INFO - DAG(s) 'example_branch_dop_operator_v3' retrieved from /Users/zafarimam/Documents/E-Commerce Order Pipeline/airflow_venv_39/lib/python3.9/site-packages/airflow/example_dags/example_branch_python_dop_operator_3.py
[2025-05-27T18:14:51.428+0530] {logging_mixin.py:188} INFO - [2025-05-27T18:14:51.428+0530] {dag.py:3036} INFO - Sync 1 DAGs
[2025-05-27T18:14:51.443+0530] {logging_mixin.py:188} INFO - [2025-05-27T18:14:51.443+0530] {dag.py:3823} INFO - Setting next_dagrun for example_branch_dop_operator_v3 to 2025-05-27 12:43:00+00:00, run_after=2025-05-27 12:44:00+00:00
[2025-05-27T18:14:51.456+0530] {processor.py:183} INFO - Processing /Users/zafarimam/Documents/E-Commerce Order Pipeline/airflow_venv_39/lib/python3.9/site-packages/airflow/example_dags/example_branch_python_dop_operator_3.py took 0.147 seconds
[2025-05-27T18:16:35.558+0530] {processor.py:161} INFO - Started process (PID=25442) to work on /Users/zafarimam/Documents/E-Commerce Order Pipeline/airflow_venv_39/lib/python3.9/site-packages/airflow/example_dags/example_branch_python_dop_operator_3.py
[2025-05-27T18:16:35.559+0530] {processor.py:830} INFO - Processing file /Users/zafarimam/Documents/E-Commerce Order Pipeline/airflow_venv_39/lib/python3.9/site-packages/airflow/example_dags/example_branch_python_dop_operator_3.py for tasks to queue
[2025-05-27T18:16:35.560+0530] {logging_mixin.py:188} INFO - [2025-05-27T18:16:35.560+0530] {dagbag.py:538} INFO - Filling up the DagBag from /Users/zafarimam/Documents/E-Commerce Order Pipeline/airflow_venv_39/lib/python3.9/site-packages/airflow/example_dags/example_branch_python_dop_operator_3.py
[2025-05-27T18:16:35.597+0530] {processor.py:840} INFO - DAG(s) 'example_branch_dop_operator_v3' retrieved from /Users/zafarimam/Documents/E-Commerce Order Pipeline/airflow_venv_39/lib/python3.9/site-packages/airflow/example_dags/example_branch_python_dop_operator_3.py
[2025-05-27T18:16:35.675+0530] {logging_mixin.py:188} INFO - [2025-05-27T18:16:35.675+0530] {dag.py:3036} INFO - Sync 1 DAGs
[2025-05-27T18:16:35.689+0530] {logging_mixin.py:188} INFO - [2025-05-27T18:16:35.689+0530] {dag.py:3823} INFO - Setting next_dagrun for example_branch_dop_operator_v3 to 2025-05-27 12:45:00+00:00, run_after=2025-05-27 12:46:00+00:00
[2025-05-27T18:16:35.702+0530] {processor.py:183} INFO - Processing /Users/zafarimam/Documents/E-Commerce Order Pipeline/airflow_venv_39/lib/python3.9/site-packages/airflow/example_dags/example_branch_python_dop_operator_3.py took 0.145 seconds
[2025-05-27T18:18:17.220+0530] {processor.py:161} INFO - Started process (PID=25498) to work on /Users/zafarimam/Documents/E-Commerce Order Pipeline/airflow_venv_39/lib/python3.9/site-packages/airflow/example_dags/example_branch_python_dop_operator_3.py
[2025-05-27T18:18:17.221+0530] {processor.py:830} INFO - Processing file /Users/zafarimam/Documents/E-Commerce Order Pipeline/airflow_venv_39/lib/python3.9/site-packages/airflow/example_dags/example_branch_python_dop_operator_3.py for tasks to queue
[2025-05-27T18:18:17.222+0530] {logging_mixin.py:188} INFO - [2025-05-27T18:18:17.222+0530] {dagbag.py:538} INFO - Filling up the DagBag from /Users/zafarimam/Documents/E-Commerce Order Pipeline/airflow_venv_39/lib/python3.9/site-packages/airflow/example_dags/example_branch_python_dop_operator_3.py
[2025-05-27T18:18:17.260+0530] {processor.py:840} INFO - DAG(s) 'example_branch_dop_operator_v3' retrieved from /Users/zafarimam/Documents/E-Commerce Order Pipeline/airflow_venv_39/lib/python3.9/site-packages/airflow/example_dags/example_branch_python_dop_operator_3.py
[2025-05-27T18:18:17.339+0530] {logging_mixin.py:188} INFO - [2025-05-27T18:18:17.339+0530] {dag.py:3036} INFO - Sync 1 DAGs
[2025-05-27T18:18:17.354+0530] {logging_mixin.py:188} INFO - [2025-05-27T18:18:17.354+0530] {dag.py:3823} INFO - Setting next_dagrun for example_branch_dop_operator_v3 to 2025-05-27 12:47:00+00:00, run_after=2025-05-27 12:48:00+00:00
[2025-05-27T18:18:17.367+0530] {processor.py:183} INFO - Processing /Users/zafarimam/Documents/E-Commerce Order Pipeline/airflow_venv_39/lib/python3.9/site-packages/airflow/example_dags/example_branch_python_dop_operator_3.py took 0.148 seconds
[2025-05-27T18:23:05.355+0530] {processor.py:161} INFO - Started process (PID=25717) to work on /Users/zafarimam/Documents/E-Commerce Order Pipeline/airflow_venv_39/lib/python3.9/site-packages/airflow/example_dags/example_branch_python_dop_operator_3.py
[2025-05-27T18:23:05.356+0530] {processor.py:830} INFO - Processing file /Users/zafarimam/Documents/E-Commerce Order Pipeline/airflow_venv_39/lib/python3.9/site-packages/airflow/example_dags/example_branch_python_dop_operator_3.py for tasks to queue
[2025-05-27T18:23:05.356+0530] {logging_mixin.py:188} INFO - [2025-05-27T18:23:05.356+0530] {dagbag.py:538} INFO - Filling up the DagBag from /Users/zafarimam/Documents/E-Commerce Order Pipeline/airflow_venv_39/lib/python3.9/site-packages/airflow/example_dags/example_branch_python_dop_operator_3.py
[2025-05-27T18:23:05.396+0530] {processor.py:840} INFO - DAG(s) 'example_branch_dop_operator_v3' retrieved from /Users/zafarimam/Documents/E-Commerce Order Pipeline/airflow_venv_39/lib/python3.9/site-packages/airflow/example_dags/example_branch_python_dop_operator_3.py
[2025-05-27T18:23:05.482+0530] {logging_mixin.py:188} INFO - [2025-05-27T18:23:05.482+0530] {dag.py:3036} INFO - Sync 1 DAGs
[2025-05-27T18:23:05.500+0530] {logging_mixin.py:188} INFO - [2025-05-27T18:23:05.500+0530] {dag.py:3823} INFO - Setting next_dagrun for example_branch_dop_operator_v3 to 2025-05-27 12:52:00+00:00, run_after=2025-05-27 12:53:00+00:00
[2025-05-27T18:23:05.517+0530] {processor.py:183} INFO - Processing /Users/zafarimam/Documents/E-Commerce Order Pipeline/airflow_venv_39/lib/python3.9/site-packages/airflow/example_dags/example_branch_python_dop_operator_3.py took 0.163 seconds
[2025-05-27T18:28:20.714+0530] {processor.py:161} INFO - Started process (PID=25888) to work on /Users/zafarimam/Documents/E-Commerce Order Pipeline/airflow_venv_39/lib/python3.9/site-packages/airflow/example_dags/example_branch_python_dop_operator_3.py
[2025-05-27T18:28:20.715+0530] {processor.py:830} INFO - Processing file /Users/zafarimam/Documents/E-Commerce Order Pipeline/airflow_venv_39/lib/python3.9/site-packages/airflow/example_dags/example_branch_python_dop_operator_3.py for tasks to queue
[2025-05-27T18:28:20.716+0530] {logging_mixin.py:188} INFO - [2025-05-27T18:28:20.716+0530] {dagbag.py:538} INFO - Filling up the DagBag from /Users/zafarimam/Documents/E-Commerce Order Pipeline/airflow_venv_39/lib/python3.9/site-packages/airflow/example_dags/example_branch_python_dop_operator_3.py
[2025-05-27T18:28:20.755+0530] {processor.py:840} INFO - DAG(s) 'example_branch_dop_operator_v3' retrieved from /Users/zafarimam/Documents/E-Commerce Order Pipeline/airflow_venv_39/lib/python3.9/site-packages/airflow/example_dags/example_branch_python_dop_operator_3.py
[2025-05-27T18:28:20.831+0530] {logging_mixin.py:188} INFO - [2025-05-27T18:28:20.831+0530] {dag.py:3036} INFO - Sync 1 DAGs
[2025-05-27T18:28:20.846+0530] {logging_mixin.py:188} INFO - [2025-05-27T18:28:20.846+0530] {dag.py:3823} INFO - Setting next_dagrun for example_branch_dop_operator_v3 to 2025-05-27 12:57:00+00:00, run_after=2025-05-27 12:58:00+00:00
[2025-05-27T18:28:20.859+0530] {processor.py:183} INFO - Processing /Users/zafarimam/Documents/E-Commerce Order Pipeline/airflow_venv_39/lib/python3.9/site-packages/airflow/example_dags/example_branch_python_dop_operator_3.py took 0.147 seconds
[2025-05-27T18:30:14.345+0530] {processor.py:161} INFO - Started process (PID=25950) to work on /Users/zafarimam/Documents/E-Commerce Order Pipeline/airflow_venv_39/lib/python3.9/site-packages/airflow/example_dags/example_branch_python_dop_operator_3.py
[2025-05-27T18:30:14.346+0530] {processor.py:830} INFO - Processing file /Users/zafarimam/Documents/E-Commerce Order Pipeline/airflow_venv_39/lib/python3.9/site-packages/airflow/example_dags/example_branch_python_dop_operator_3.py for tasks to queue
[2025-05-27T18:30:14.347+0530] {logging_mixin.py:188} INFO - [2025-05-27T18:30:14.347+0530] {dagbag.py:538} INFO - Filling up the DagBag from /Users/zafarimam/Documents/E-Commerce Order Pipeline/airflow_venv_39/lib/python3.9/site-packages/airflow/example_dags/example_branch_python_dop_operator_3.py
[2025-05-27T18:30:14.385+0530] {processor.py:840} INFO - DAG(s) 'example_branch_dop_operator_v3' retrieved from /Users/zafarimam/Documents/E-Commerce Order Pipeline/airflow_venv_39/lib/python3.9/site-packages/airflow/example_dags/example_branch_python_dop_operator_3.py
[2025-05-27T18:30:14.462+0530] {logging_mixin.py:188} INFO - [2025-05-27T18:30:14.462+0530] {dag.py:3036} INFO - Sync 1 DAGs
[2025-05-27T18:30:14.477+0530] {logging_mixin.py:188} INFO - [2025-05-27T18:30:14.477+0530] {dag.py:3823} INFO - Setting next_dagrun for example_branch_dop_operator_v3 to 2025-05-27 12:59:00+00:00, run_after=2025-05-27 13:00:00+00:00
[2025-05-27T18:30:14.491+0530] {processor.py:183} INFO - Processing /Users/zafarimam/Documents/E-Commerce Order Pipeline/airflow_venv_39/lib/python3.9/site-packages/airflow/example_dags/example_branch_python_dop_operator_3.py took 0.147 seconds
[2025-05-27T18:32:03.310+0530] {processor.py:161} INFO - Started process (PID=26011) to work on /Users/zafarimam/Documents/E-Commerce Order Pipeline/airflow_venv_39/lib/python3.9/site-packages/airflow/example_dags/example_branch_python_dop_operator_3.py
[2025-05-27T18:32:03.311+0530] {processor.py:830} INFO - Processing file /Users/zafarimam/Documents/E-Commerce Order Pipeline/airflow_venv_39/lib/python3.9/site-packages/airflow/example_dags/example_branch_python_dop_operator_3.py for tasks to queue
[2025-05-27T18:32:03.311+0530] {logging_mixin.py:188} INFO - [2025-05-27T18:32:03.311+0530] {dagbag.py:538} INFO - Filling up the DagBag from /Users/zafarimam/Documents/E-Commerce Order Pipeline/airflow_venv_39/lib/python3.9/site-packages/airflow/example_dags/example_branch_python_dop_operator_3.py
[2025-05-27T18:32:03.349+0530] {processor.py:840} INFO - DAG(s) 'example_branch_dop_operator_v3' retrieved from /Users/zafarimam/Documents/E-Commerce Order Pipeline/airflow_venv_39/lib/python3.9/site-packages/airflow/example_dags/example_branch_python_dop_operator_3.py
[2025-05-27T18:32:03.427+0530] {logging_mixin.py:188} INFO - [2025-05-27T18:32:03.427+0530] {dag.py:3036} INFO - Sync 1 DAGs
[2025-05-27T18:32:03.442+0530] {logging_mixin.py:188} INFO - [2025-05-27T18:32:03.442+0530] {dag.py:3823} INFO - Setting next_dagrun for example_branch_dop_operator_v3 to 2025-05-27 13:01:00+00:00, run_after=2025-05-27 13:02:00+00:00
[2025-05-27T18:32:03.455+0530] {processor.py:183} INFO - Processing /Users/zafarimam/Documents/E-Commerce Order Pipeline/airflow_venv_39/lib/python3.9/site-packages/airflow/example_dags/example_branch_python_dop_operator_3.py took 0.147 seconds
[2025-05-27T18:37:50.289+0530] {processor.py:161} INFO - Started process (PID=26233) to work on /Users/zafarimam/Documents/E-Commerce Order Pipeline/airflow_venv_39/lib/python3.9/site-packages/airflow/example_dags/example_branch_python_dop_operator_3.py
[2025-05-27T18:37:50.291+0530] {processor.py:830} INFO - Processing file /Users/zafarimam/Documents/E-Commerce Order Pipeline/airflow_venv_39/lib/python3.9/site-packages/airflow/example_dags/example_branch_python_dop_operator_3.py for tasks to queue
[2025-05-27T18:37:50.292+0530] {logging_mixin.py:188} INFO - [2025-05-27T18:37:50.292+0530] {dagbag.py:538} INFO - Filling up the DagBag from /Users/zafarimam/Documents/E-Commerce Order Pipeline/airflow_venv_39/lib/python3.9/site-packages/airflow/example_dags/example_branch_python_dop_operator_3.py
[2025-05-27T18:37:50.331+0530] {processor.py:840} INFO - DAG(s) 'example_branch_dop_operator_v3' retrieved from /Users/zafarimam/Documents/E-Commerce Order Pipeline/airflow_venv_39/lib/python3.9/site-packages/airflow/example_dags/example_branch_python_dop_operator_3.py
[2025-05-27T18:37:50.410+0530] {logging_mixin.py:188} INFO - [2025-05-27T18:37:50.409+0530] {dag.py:3036} INFO - Sync 1 DAGs
[2025-05-27T18:37:50.425+0530] {logging_mixin.py:188} INFO - [2025-05-27T18:37:50.424+0530] {dag.py:3823} INFO - Setting next_dagrun for example_branch_dop_operator_v3 to 2025-05-27 13:06:00+00:00, run_after=2025-05-27 13:07:00+00:00
[2025-05-27T18:37:50.439+0530] {processor.py:183} INFO - Processing /Users/zafarimam/Documents/E-Commerce Order Pipeline/airflow_venv_39/lib/python3.9/site-packages/airflow/example_dags/example_branch_python_dop_operator_3.py took 0.151 seconds
[2025-05-27T18:47:39.457+0530] {processor.py:161} INFO - Started process (PID=26745) to work on /Users/zafarimam/Documents/E-Commerce Order Pipeline/airflow_venv_39/lib/python3.9/site-packages/airflow/example_dags/example_branch_python_dop_operator_3.py
[2025-05-27T18:47:39.458+0530] {processor.py:830} INFO - Processing file /Users/zafarimam/Documents/E-Commerce Order Pipeline/airflow_venv_39/lib/python3.9/site-packages/airflow/example_dags/example_branch_python_dop_operator_3.py for tasks to queue
[2025-05-27T18:47:39.458+0530] {logging_mixin.py:188} INFO - [2025-05-27T18:47:39.458+0530] {dagbag.py:538} INFO - Filling up the DagBag from /Users/zafarimam/Documents/E-Commerce Order Pipeline/airflow_venv_39/lib/python3.9/site-packages/airflow/example_dags/example_branch_python_dop_operator_3.py
[2025-05-27T18:47:39.495+0530] {processor.py:840} INFO - DAG(s) 'example_branch_dop_operator_v3' retrieved from /Users/zafarimam/Documents/E-Commerce Order Pipeline/airflow_venv_39/lib/python3.9/site-packages/airflow/example_dags/example_branch_python_dop_operator_3.py
[2025-05-27T18:47:39.635+0530] {logging_mixin.py:188} INFO - [2025-05-27T18:47:39.634+0530] {dag.py:3036} INFO - Sync 1 DAGs
[2025-05-27T18:47:39.650+0530] {logging_mixin.py:188} INFO - [2025-05-27T18:47:39.650+0530] {dag.py:3823} INFO - Setting next_dagrun for example_branch_dop_operator_v3 to 2025-05-27 13:16:00+00:00, run_after=2025-05-27 13:17:00+00:00
[2025-05-27T18:47:39.663+0530] {processor.py:183} INFO - Processing /Users/zafarimam/Documents/E-Commerce Order Pipeline/airflow_venv_39/lib/python3.9/site-packages/airflow/example_dags/example_branch_python_dop_operator_3.py took 0.208 seconds
[2025-05-27T18:49:35.388+0530] {processor.py:161} INFO - Started process (PID=26825) to work on /Users/zafarimam/Documents/E-Commerce Order Pipeline/airflow_venv_39/lib/python3.9/site-packages/airflow/example_dags/example_branch_python_dop_operator_3.py
[2025-05-27T18:49:35.389+0530] {processor.py:830} INFO - Processing file /Users/zafarimam/Documents/E-Commerce Order Pipeline/airflow_venv_39/lib/python3.9/site-packages/airflow/example_dags/example_branch_python_dop_operator_3.py for tasks to queue
[2025-05-27T18:49:35.390+0530] {logging_mixin.py:188} INFO - [2025-05-27T18:49:35.390+0530] {dagbag.py:538} INFO - Filling up the DagBag from /Users/zafarimam/Documents/E-Commerce Order Pipeline/airflow_venv_39/lib/python3.9/site-packages/airflow/example_dags/example_branch_python_dop_operator_3.py
[2025-05-27T18:49:35.433+0530] {processor.py:840} INFO - DAG(s) 'example_branch_dop_operator_v3' retrieved from /Users/zafarimam/Documents/E-Commerce Order Pipeline/airflow_venv_39/lib/python3.9/site-packages/airflow/example_dags/example_branch_python_dop_operator_3.py
[2025-05-27T18:49:35.522+0530] {logging_mixin.py:188} INFO - [2025-05-27T18:49:35.522+0530] {dag.py:3036} INFO - Sync 1 DAGs
[2025-05-27T18:49:35.539+0530] {logging_mixin.py:188} INFO - [2025-05-27T18:49:35.539+0530] {dag.py:3823} INFO - Setting next_dagrun for example_branch_dop_operator_v3 to 2025-05-27 13:18:00+00:00, run_after=2025-05-27 13:19:00+00:00
[2025-05-27T18:49:35.558+0530] {processor.py:183} INFO - Processing /Users/zafarimam/Documents/E-Commerce Order Pipeline/airflow_venv_39/lib/python3.9/site-packages/airflow/example_dags/example_branch_python_dop_operator_3.py took 0.172 seconds
[2025-05-27T18:51:31.673+0530] {processor.py:161} INFO - Started process (PID=26911) to work on /Users/zafarimam/Documents/E-Commerce Order Pipeline/airflow_venv_39/lib/python3.9/site-packages/airflow/example_dags/example_branch_python_dop_operator_3.py
[2025-05-27T18:51:31.674+0530] {processor.py:830} INFO - Processing file /Users/zafarimam/Documents/E-Commerce Order Pipeline/airflow_venv_39/lib/python3.9/site-packages/airflow/example_dags/example_branch_python_dop_operator_3.py for tasks to queue
[2025-05-27T18:51:31.674+0530] {logging_mixin.py:188} INFO - [2025-05-27T18:51:31.674+0530] {dagbag.py:538} INFO - Filling up the DagBag from /Users/zafarimam/Documents/E-Commerce Order Pipeline/airflow_venv_39/lib/python3.9/site-packages/airflow/example_dags/example_branch_python_dop_operator_3.py
[2025-05-27T18:51:31.712+0530] {processor.py:840} INFO - DAG(s) 'example_branch_dop_operator_v3' retrieved from /Users/zafarimam/Documents/E-Commerce Order Pipeline/airflow_venv_39/lib/python3.9/site-packages/airflow/example_dags/example_branch_python_dop_operator_3.py
[2025-05-27T18:51:31.796+0530] {logging_mixin.py:188} INFO - [2025-05-27T18:51:31.796+0530] {dag.py:3036} INFO - Sync 1 DAGs
[2025-05-27T18:51:31.810+0530] {logging_mixin.py:188} INFO - [2025-05-27T18:51:31.810+0530] {dag.py:3823} INFO - Setting next_dagrun for example_branch_dop_operator_v3 to 2025-05-27 13:20:00+00:00, run_after=2025-05-27 13:21:00+00:00
[2025-05-27T18:51:31.826+0530] {processor.py:183} INFO - Processing /Users/zafarimam/Documents/E-Commerce Order Pipeline/airflow_venv_39/lib/python3.9/site-packages/airflow/example_dags/example_branch_python_dop_operator_3.py took 0.154 seconds
[2025-05-27T18:53:28.401+0530] {processor.py:161} INFO - Started process (PID=26972) to work on /Users/zafarimam/Documents/E-Commerce Order Pipeline/airflow_venv_39/lib/python3.9/site-packages/airflow/example_dags/example_branch_python_dop_operator_3.py
[2025-05-27T18:53:28.402+0530] {processor.py:830} INFO - Processing file /Users/zafarimam/Documents/E-Commerce Order Pipeline/airflow_venv_39/lib/python3.9/site-packages/airflow/example_dags/example_branch_python_dop_operator_3.py for tasks to queue
[2025-05-27T18:53:28.403+0530] {logging_mixin.py:188} INFO - [2025-05-27T18:53:28.402+0530] {dagbag.py:538} INFO - Filling up the DagBag from /Users/zafarimam/Documents/E-Commerce Order Pipeline/airflow_venv_39/lib/python3.9/site-packages/airflow/example_dags/example_branch_python_dop_operator_3.py
[2025-05-27T18:53:28.441+0530] {processor.py:840} INFO - DAG(s) 'example_branch_dop_operator_v3' retrieved from /Users/zafarimam/Documents/E-Commerce Order Pipeline/airflow_venv_39/lib/python3.9/site-packages/airflow/example_dags/example_branch_python_dop_operator_3.py
[2025-05-27T18:53:28.526+0530] {logging_mixin.py:188} INFO - [2025-05-27T18:53:28.526+0530] {dag.py:3036} INFO - Sync 1 DAGs
[2025-05-27T18:53:28.543+0530] {logging_mixin.py:188} INFO - [2025-05-27T18:53:28.543+0530] {dag.py:3823} INFO - Setting next_dagrun for example_branch_dop_operator_v3 to 2025-05-27 13:22:00+00:00, run_after=2025-05-27 13:23:00+00:00
[2025-05-27T18:53:28.559+0530] {processor.py:183} INFO - Processing /Users/zafarimam/Documents/E-Commerce Order Pipeline/airflow_venv_39/lib/python3.9/site-packages/airflow/example_dags/example_branch_python_dop_operator_3.py took 0.159 seconds
[2025-05-27T18:55:35.320+0530] {processor.py:161} INFO - Started process (PID=27037) to work on /Users/zafarimam/Documents/E-Commerce Order Pipeline/airflow_venv_39/lib/python3.9/site-packages/airflow/example_dags/example_branch_python_dop_operator_3.py
[2025-05-27T18:55:35.321+0530] {processor.py:830} INFO - Processing file /Users/zafarimam/Documents/E-Commerce Order Pipeline/airflow_venv_39/lib/python3.9/site-packages/airflow/example_dags/example_branch_python_dop_operator_3.py for tasks to queue
[2025-05-27T18:55:35.322+0530] {logging_mixin.py:188} INFO - [2025-05-27T18:55:35.322+0530] {dagbag.py:538} INFO - Filling up the DagBag from /Users/zafarimam/Documents/E-Commerce Order Pipeline/airflow_venv_39/lib/python3.9/site-packages/airflow/example_dags/example_branch_python_dop_operator_3.py
[2025-05-27T18:55:35.360+0530] {processor.py:840} INFO - DAG(s) 'example_branch_dop_operator_v3' retrieved from /Users/zafarimam/Documents/E-Commerce Order Pipeline/airflow_venv_39/lib/python3.9/site-packages/airflow/example_dags/example_branch_python_dop_operator_3.py
[2025-05-27T18:55:35.438+0530] {logging_mixin.py:188} INFO - [2025-05-27T18:55:35.438+0530] {dag.py:3036} INFO - Sync 1 DAGs
[2025-05-27T18:55:35.454+0530] {logging_mixin.py:188} INFO - [2025-05-27T18:55:35.454+0530] {dag.py:3823} INFO - Setting next_dagrun for example_branch_dop_operator_v3 to 2025-05-27 13:24:00+00:00, run_after=2025-05-27 13:25:00+00:00
[2025-05-27T18:55:35.467+0530] {processor.py:183} INFO - Processing /Users/zafarimam/Documents/E-Commerce Order Pipeline/airflow_venv_39/lib/python3.9/site-packages/airflow/example_dags/example_branch_python_dop_operator_3.py took 0.149 seconds
[2025-05-27T18:57:39.303+0530] {processor.py:161} INFO - Started process (PID=27136) to work on /Users/zafarimam/Documents/E-Commerce Order Pipeline/airflow_venv_39/lib/python3.9/site-packages/airflow/example_dags/example_branch_python_dop_operator_3.py
[2025-05-27T18:57:39.305+0530] {processor.py:830} INFO - Processing file /Users/zafarimam/Documents/E-Commerce Order Pipeline/airflow_venv_39/lib/python3.9/site-packages/airflow/example_dags/example_branch_python_dop_operator_3.py for tasks to queue
[2025-05-27T18:57:39.306+0530] {logging_mixin.py:188} INFO - [2025-05-27T18:57:39.305+0530] {dagbag.py:538} INFO - Filling up the DagBag from /Users/zafarimam/Documents/E-Commerce Order Pipeline/airflow_venv_39/lib/python3.9/site-packages/airflow/example_dags/example_branch_python_dop_operator_3.py
[2025-05-27T18:57:39.344+0530] {processor.py:840} INFO - DAG(s) 'example_branch_dop_operator_v3' retrieved from /Users/zafarimam/Documents/E-Commerce Order Pipeline/airflow_venv_39/lib/python3.9/site-packages/airflow/example_dags/example_branch_python_dop_operator_3.py
[2025-05-27T18:57:39.431+0530] {logging_mixin.py:188} INFO - [2025-05-27T18:57:39.430+0530] {dag.py:3036} INFO - Sync 1 DAGs
[2025-05-27T18:57:39.450+0530] {logging_mixin.py:188} INFO - [2025-05-27T18:57:39.450+0530] {dag.py:3823} INFO - Setting next_dagrun for example_branch_dop_operator_v3 to 2025-05-27 13:26:00+00:00, run_after=2025-05-27 13:27:00+00:00
[2025-05-27T18:57:39.466+0530] {processor.py:183} INFO - Processing /Users/zafarimam/Documents/E-Commerce Order Pipeline/airflow_venv_39/lib/python3.9/site-packages/airflow/example_dags/example_branch_python_dop_operator_3.py took 0.164 seconds
[2025-05-27T18:59:37.876+0530] {processor.py:161} INFO - Started process (PID=27194) to work on /Users/zafarimam/Documents/E-Commerce Order Pipeline/airflow_venv_39/lib/python3.9/site-packages/airflow/example_dags/example_branch_python_dop_operator_3.py
[2025-05-27T18:59:37.878+0530] {processor.py:830} INFO - Processing file /Users/zafarimam/Documents/E-Commerce Order Pipeline/airflow_venv_39/lib/python3.9/site-packages/airflow/example_dags/example_branch_python_dop_operator_3.py for tasks to queue
[2025-05-27T18:59:37.878+0530] {logging_mixin.py:188} INFO - [2025-05-27T18:59:37.878+0530] {dagbag.py:538} INFO - Filling up the DagBag from /Users/zafarimam/Documents/E-Commerce Order Pipeline/airflow_venv_39/lib/python3.9/site-packages/airflow/example_dags/example_branch_python_dop_operator_3.py
[2025-05-27T18:59:37.917+0530] {processor.py:840} INFO - DAG(s) 'example_branch_dop_operator_v3' retrieved from /Users/zafarimam/Documents/E-Commerce Order Pipeline/airflow_venv_39/lib/python3.9/site-packages/airflow/example_dags/example_branch_python_dop_operator_3.py
[2025-05-27T18:59:37.998+0530] {logging_mixin.py:188} INFO - [2025-05-27T18:59:37.998+0530] {dag.py:3036} INFO - Sync 1 DAGs
[2025-05-27T18:59:38.015+0530] {logging_mixin.py:188} INFO - [2025-05-27T18:59:38.015+0530] {dag.py:3823} INFO - Setting next_dagrun for example_branch_dop_operator_v3 to 2025-05-27 13:28:00+00:00, run_after=2025-05-27 13:29:00+00:00
[2025-05-27T18:59:38.030+0530] {processor.py:183} INFO - Processing /Users/zafarimam/Documents/E-Commerce Order Pipeline/airflow_venv_39/lib/python3.9/site-packages/airflow/example_dags/example_branch_python_dop_operator_3.py took 0.155 seconds
[2025-05-27T19:01:50.846+0530] {processor.py:161} INFO - Started process (PID=27307) to work on /Users/zafarimam/Documents/E-Commerce Order Pipeline/airflow_venv_39/lib/python3.9/site-packages/airflow/example_dags/example_branch_python_dop_operator_3.py
[2025-05-27T19:01:50.848+0530] {processor.py:830} INFO - Processing file /Users/zafarimam/Documents/E-Commerce Order Pipeline/airflow_venv_39/lib/python3.9/site-packages/airflow/example_dags/example_branch_python_dop_operator_3.py for tasks to queue
[2025-05-27T19:01:50.849+0530] {logging_mixin.py:188} INFO - [2025-05-27T19:01:50.849+0530] {dagbag.py:538} INFO - Filling up the DagBag from /Users/zafarimam/Documents/E-Commerce Order Pipeline/airflow_venv_39/lib/python3.9/site-packages/airflow/example_dags/example_branch_python_dop_operator_3.py
[2025-05-27T19:01:50.887+0530] {processor.py:840} INFO - DAG(s) 'example_branch_dop_operator_v3' retrieved from /Users/zafarimam/Documents/E-Commerce Order Pipeline/airflow_venv_39/lib/python3.9/site-packages/airflow/example_dags/example_branch_python_dop_operator_3.py
[2025-05-27T19:01:50.966+0530] {logging_mixin.py:188} INFO - [2025-05-27T19:01:50.965+0530] {dag.py:3036} INFO - Sync 1 DAGs
[2025-05-27T19:01:50.981+0530] {logging_mixin.py:188} INFO - [2025-05-27T19:01:50.980+0530] {dag.py:3823} INFO - Setting next_dagrun for example_branch_dop_operator_v3 to 2025-05-27 13:30:00+00:00, run_after=2025-05-27 13:31:00+00:00
[2025-05-27T19:01:50.994+0530] {processor.py:183} INFO - Processing /Users/zafarimam/Documents/E-Commerce Order Pipeline/airflow_venv_39/lib/python3.9/site-packages/airflow/example_dags/example_branch_python_dop_operator_3.py took 0.149 seconds
[2025-05-27T19:03:42.789+0530] {processor.py:161} INFO - Started process (PID=27375) to work on /Users/zafarimam/Documents/E-Commerce Order Pipeline/airflow_venv_39/lib/python3.9/site-packages/airflow/example_dags/example_branch_python_dop_operator_3.py
[2025-05-27T19:03:42.790+0530] {processor.py:830} INFO - Processing file /Users/zafarimam/Documents/E-Commerce Order Pipeline/airflow_venv_39/lib/python3.9/site-packages/airflow/example_dags/example_branch_python_dop_operator_3.py for tasks to queue
[2025-05-27T19:03:42.791+0530] {logging_mixin.py:188} INFO - [2025-05-27T19:03:42.791+0530] {dagbag.py:538} INFO - Filling up the DagBag from /Users/zafarimam/Documents/E-Commerce Order Pipeline/airflow_venv_39/lib/python3.9/site-packages/airflow/example_dags/example_branch_python_dop_operator_3.py
[2025-05-27T19:03:42.833+0530] {processor.py:840} INFO - DAG(s) 'example_branch_dop_operator_v3' retrieved from /Users/zafarimam/Documents/E-Commerce Order Pipeline/airflow_venv_39/lib/python3.9/site-packages/airflow/example_dags/example_branch_python_dop_operator_3.py
[2025-05-27T19:03:42.924+0530] {logging_mixin.py:188} INFO - [2025-05-27T19:03:42.924+0530] {dag.py:3036} INFO - Sync 1 DAGs
[2025-05-27T19:03:42.942+0530] {logging_mixin.py:188} INFO - [2025-05-27T19:03:42.941+0530] {dag.py:3823} INFO - Setting next_dagrun for example_branch_dop_operator_v3 to 2025-05-27 13:32:00+00:00, run_after=2025-05-27 13:33:00+00:00
[2025-05-27T19:03:42.957+0530] {processor.py:183} INFO - Processing /Users/zafarimam/Documents/E-Commerce Order Pipeline/airflow_venv_39/lib/python3.9/site-packages/airflow/example_dags/example_branch_python_dop_operator_3.py took 0.170 seconds
[2025-05-27T19:05:47.535+0530] {processor.py:161} INFO - Started process (PID=27427) to work on /Users/zafarimam/Documents/E-Commerce Order Pipeline/airflow_venv_39/lib/python3.9/site-packages/airflow/example_dags/example_branch_python_dop_operator_3.py
[2025-05-27T19:05:47.536+0530] {processor.py:830} INFO - Processing file /Users/zafarimam/Documents/E-Commerce Order Pipeline/airflow_venv_39/lib/python3.9/site-packages/airflow/example_dags/example_branch_python_dop_operator_3.py for tasks to queue
[2025-05-27T19:05:47.537+0530] {logging_mixin.py:188} INFO - [2025-05-27T19:05:47.537+0530] {dagbag.py:538} INFO - Filling up the DagBag from /Users/zafarimam/Documents/E-Commerce Order Pipeline/airflow_venv_39/lib/python3.9/site-packages/airflow/example_dags/example_branch_python_dop_operator_3.py
[2025-05-27T19:05:47.576+0530] {processor.py:840} INFO - DAG(s) 'example_branch_dop_operator_v3' retrieved from /Users/zafarimam/Documents/E-Commerce Order Pipeline/airflow_venv_39/lib/python3.9/site-packages/airflow/example_dags/example_branch_python_dop_operator_3.py
[2025-05-27T19:05:47.656+0530] {logging_mixin.py:188} INFO - [2025-05-27T19:05:47.655+0530] {dag.py:3036} INFO - Sync 1 DAGs
[2025-05-27T19:05:47.671+0530] {logging_mixin.py:188} INFO - [2025-05-27T19:05:47.671+0530] {dag.py:3823} INFO - Setting next_dagrun for example_branch_dop_operator_v3 to 2025-05-27 13:34:00+00:00, run_after=2025-05-27 13:35:00+00:00
[2025-05-27T19:05:47.684+0530] {processor.py:183} INFO - Processing /Users/zafarimam/Documents/E-Commerce Order Pipeline/airflow_venv_39/lib/python3.9/site-packages/airflow/example_dags/example_branch_python_dop_operator_3.py took 0.150 seconds
[2025-05-27T19:08:04.788+0530] {processor.py:161} INFO - Started process (PID=27516) to work on /Users/zafarimam/Documents/E-Commerce Order Pipeline/airflow_venv_39/lib/python3.9/site-packages/airflow/example_dags/example_branch_python_dop_operator_3.py
[2025-05-27T19:08:04.790+0530] {processor.py:830} INFO - Processing file /Users/zafarimam/Documents/E-Commerce Order Pipeline/airflow_venv_39/lib/python3.9/site-packages/airflow/example_dags/example_branch_python_dop_operator_3.py for tasks to queue
[2025-05-27T19:08:04.791+0530] {logging_mixin.py:188} INFO - [2025-05-27T19:08:04.791+0530] {dagbag.py:538} INFO - Filling up the DagBag from /Users/zafarimam/Documents/E-Commerce Order Pipeline/airflow_venv_39/lib/python3.9/site-packages/airflow/example_dags/example_branch_python_dop_operator_3.py
[2025-05-27T19:08:04.827+0530] {processor.py:840} INFO - DAG(s) 'example_branch_dop_operator_v3' retrieved from /Users/zafarimam/Documents/E-Commerce Order Pipeline/airflow_venv_39/lib/python3.9/site-packages/airflow/example_dags/example_branch_python_dop_operator_3.py
[2025-05-27T19:08:04.904+0530] {logging_mixin.py:188} INFO - [2025-05-27T19:08:04.904+0530] {dag.py:3036} INFO - Sync 1 DAGs
[2025-05-27T19:08:04.918+0530] {logging_mixin.py:188} INFO - [2025-05-27T19:08:04.918+0530] {dag.py:3823} INFO - Setting next_dagrun for example_branch_dop_operator_v3 to 2025-05-27 13:37:00+00:00, run_after=2025-05-27 13:38:00+00:00
[2025-05-27T19:08:04.931+0530] {processor.py:183} INFO - Processing /Users/zafarimam/Documents/E-Commerce Order Pipeline/airflow_venv_39/lib/python3.9/site-packages/airflow/example_dags/example_branch_python_dop_operator_3.py took 0.144 seconds
[2025-05-27T19:09:45.523+0530] {processor.py:161} INFO - Started process (PID=27578) to work on /Users/zafarimam/Documents/E-Commerce Order Pipeline/airflow_venv_39/lib/python3.9/site-packages/airflow/example_dags/example_branch_python_dop_operator_3.py
[2025-05-27T19:09:45.524+0530] {processor.py:830} INFO - Processing file /Users/zafarimam/Documents/E-Commerce Order Pipeline/airflow_venv_39/lib/python3.9/site-packages/airflow/example_dags/example_branch_python_dop_operator_3.py for tasks to queue
[2025-05-27T19:09:45.524+0530] {logging_mixin.py:188} INFO - [2025-05-27T19:09:45.524+0530] {dagbag.py:538} INFO - Filling up the DagBag from /Users/zafarimam/Documents/E-Commerce Order Pipeline/airflow_venv_39/lib/python3.9/site-packages/airflow/example_dags/example_branch_python_dop_operator_3.py
[2025-05-27T19:09:45.558+0530] {processor.py:840} INFO - DAG(s) 'example_branch_dop_operator_v3' retrieved from /Users/zafarimam/Documents/E-Commerce Order Pipeline/airflow_venv_39/lib/python3.9/site-packages/airflow/example_dags/example_branch_python_dop_operator_3.py
[2025-05-27T19:09:45.631+0530] {logging_mixin.py:188} INFO - [2025-05-27T19:09:45.631+0530] {dag.py:3036} INFO - Sync 1 DAGs
[2025-05-27T19:09:45.645+0530] {logging_mixin.py:188} INFO - [2025-05-27T19:09:45.645+0530] {dag.py:3823} INFO - Setting next_dagrun for example_branch_dop_operator_v3 to 2025-05-27 13:38:00+00:00, run_after=2025-05-27 13:39:00+00:00
[2025-05-27T19:09:45.662+0530] {processor.py:183} INFO - Processing /Users/zafarimam/Documents/E-Commerce Order Pipeline/airflow_venv_39/lib/python3.9/site-packages/airflow/example_dags/example_branch_python_dop_operator_3.py took 0.140 seconds
[2025-05-27T19:11:26.693+0530] {processor.py:161} INFO - Started process (PID=27632) to work on /Users/zafarimam/Documents/E-Commerce Order Pipeline/airflow_venv_39/lib/python3.9/site-packages/airflow/example_dags/example_branch_python_dop_operator_3.py
[2025-05-27T19:11:26.694+0530] {processor.py:830} INFO - Processing file /Users/zafarimam/Documents/E-Commerce Order Pipeline/airflow_venv_39/lib/python3.9/site-packages/airflow/example_dags/example_branch_python_dop_operator_3.py for tasks to queue
[2025-05-27T19:11:26.694+0530] {logging_mixin.py:188} INFO - [2025-05-27T19:11:26.694+0530] {dagbag.py:538} INFO - Filling up the DagBag from /Users/zafarimam/Documents/E-Commerce Order Pipeline/airflow_venv_39/lib/python3.9/site-packages/airflow/example_dags/example_branch_python_dop_operator_3.py
[2025-05-27T19:11:26.728+0530] {processor.py:840} INFO - DAG(s) 'example_branch_dop_operator_v3' retrieved from /Users/zafarimam/Documents/E-Commerce Order Pipeline/airflow_venv_39/lib/python3.9/site-packages/airflow/example_dags/example_branch_python_dop_operator_3.py
[2025-05-27T19:11:26.800+0530] {logging_mixin.py:188} INFO - [2025-05-27T19:11:26.800+0530] {dag.py:3036} INFO - Sync 1 DAGs
[2025-05-27T19:11:26.814+0530] {logging_mixin.py:188} INFO - [2025-05-27T19:11:26.814+0530] {dag.py:3823} INFO - Setting next_dagrun for example_branch_dop_operator_v3 to 2025-05-27 13:40:00+00:00, run_after=2025-05-27 13:41:00+00:00
[2025-05-27T19:11:26.829+0530] {processor.py:183} INFO - Processing /Users/zafarimam/Documents/E-Commerce Order Pipeline/airflow_venv_39/lib/python3.9/site-packages/airflow/example_dags/example_branch_python_dop_operator_3.py took 0.137 seconds
[2025-05-27T19:13:06.989+0530] {processor.py:161} INFO - Started process (PID=27684) to work on /Users/zafarimam/Documents/E-Commerce Order Pipeline/airflow_venv_39/lib/python3.9/site-packages/airflow/example_dags/example_branch_python_dop_operator_3.py
[2025-05-27T19:13:06.990+0530] {processor.py:830} INFO - Processing file /Users/zafarimam/Documents/E-Commerce Order Pipeline/airflow_venv_39/lib/python3.9/site-packages/airflow/example_dags/example_branch_python_dop_operator_3.py for tasks to queue
[2025-05-27T19:13:06.991+0530] {logging_mixin.py:188} INFO - [2025-05-27T19:13:06.991+0530] {dagbag.py:538} INFO - Filling up the DagBag from /Users/zafarimam/Documents/E-Commerce Order Pipeline/airflow_venv_39/lib/python3.9/site-packages/airflow/example_dags/example_branch_python_dop_operator_3.py
[2025-05-27T19:13:07.025+0530] {processor.py:840} INFO - DAG(s) 'example_branch_dop_operator_v3' retrieved from /Users/zafarimam/Documents/E-Commerce Order Pipeline/airflow_venv_39/lib/python3.9/site-packages/airflow/example_dags/example_branch_python_dop_operator_3.py
[2025-05-27T19:13:07.099+0530] {logging_mixin.py:188} INFO - [2025-05-27T19:13:07.099+0530] {dag.py:3036} INFO - Sync 1 DAGs
[2025-05-27T19:13:07.113+0530] {logging_mixin.py:188} INFO - [2025-05-27T19:13:07.113+0530] {dag.py:3823} INFO - Setting next_dagrun for example_branch_dop_operator_v3 to 2025-05-27 13:42:00+00:00, run_after=2025-05-27 13:43:00+00:00
[2025-05-27T19:13:07.131+0530] {processor.py:183} INFO - Processing /Users/zafarimam/Documents/E-Commerce Order Pipeline/airflow_venv_39/lib/python3.9/site-packages/airflow/example_dags/example_branch_python_dop_operator_3.py took 0.143 seconds
[2025-05-27T19:14:46.707+0530] {processor.py:161} INFO - Started process (PID=27735) to work on /Users/zafarimam/Documents/E-Commerce Order Pipeline/airflow_venv_39/lib/python3.9/site-packages/airflow/example_dags/example_branch_python_dop_operator_3.py
[2025-05-27T19:14:46.708+0530] {processor.py:830} INFO - Processing file /Users/zafarimam/Documents/E-Commerce Order Pipeline/airflow_venv_39/lib/python3.9/site-packages/airflow/example_dags/example_branch_python_dop_operator_3.py for tasks to queue
[2025-05-27T19:14:46.708+0530] {logging_mixin.py:188} INFO - [2025-05-27T19:14:46.708+0530] {dagbag.py:538} INFO - Filling up the DagBag from /Users/zafarimam/Documents/E-Commerce Order Pipeline/airflow_venv_39/lib/python3.9/site-packages/airflow/example_dags/example_branch_python_dop_operator_3.py
[2025-05-27T19:14:46.742+0530] {processor.py:840} INFO - DAG(s) 'example_branch_dop_operator_v3' retrieved from /Users/zafarimam/Documents/E-Commerce Order Pipeline/airflow_venv_39/lib/python3.9/site-packages/airflow/example_dags/example_branch_python_dop_operator_3.py
[2025-05-27T19:14:46.815+0530] {logging_mixin.py:188} INFO - [2025-05-27T19:14:46.814+0530] {dag.py:3036} INFO - Sync 1 DAGs
[2025-05-27T19:14:46.828+0530] {logging_mixin.py:188} INFO - [2025-05-27T19:14:46.828+0530] {dag.py:3823} INFO - Setting next_dagrun for example_branch_dop_operator_v3 to 2025-05-27 13:43:00+00:00, run_after=2025-05-27 13:44:00+00:00
[2025-05-27T19:14:46.846+0530] {processor.py:183} INFO - Processing /Users/zafarimam/Documents/E-Commerce Order Pipeline/airflow_venv_39/lib/python3.9/site-packages/airflow/example_dags/example_branch_python_dop_operator_3.py took 0.140 seconds
[2025-05-27T19:16:28.074+0530] {processor.py:161} INFO - Started process (PID=27790) to work on /Users/zafarimam/Documents/E-Commerce Order Pipeline/airflow_venv_39/lib/python3.9/site-packages/airflow/example_dags/example_branch_python_dop_operator_3.py
[2025-05-27T19:16:28.075+0530] {processor.py:830} INFO - Processing file /Users/zafarimam/Documents/E-Commerce Order Pipeline/airflow_venv_39/lib/python3.9/site-packages/airflow/example_dags/example_branch_python_dop_operator_3.py for tasks to queue
[2025-05-27T19:16:28.075+0530] {logging_mixin.py:188} INFO - [2025-05-27T19:16:28.075+0530] {dagbag.py:538} INFO - Filling up the DagBag from /Users/zafarimam/Documents/E-Commerce Order Pipeline/airflow_venv_39/lib/python3.9/site-packages/airflow/example_dags/example_branch_python_dop_operator_3.py
[2025-05-27T19:16:28.109+0530] {processor.py:840} INFO - DAG(s) 'example_branch_dop_operator_v3' retrieved from /Users/zafarimam/Documents/E-Commerce Order Pipeline/airflow_venv_39/lib/python3.9/site-packages/airflow/example_dags/example_branch_python_dop_operator_3.py
[2025-05-27T19:16:28.181+0530] {logging_mixin.py:188} INFO - [2025-05-27T19:16:28.181+0530] {dag.py:3036} INFO - Sync 1 DAGs
[2025-05-27T19:16:28.195+0530] {logging_mixin.py:188} INFO - [2025-05-27T19:16:28.195+0530] {dag.py:3823} INFO - Setting next_dagrun for example_branch_dop_operator_v3 to 2025-05-27 13:45:00+00:00, run_after=2025-05-27 13:46:00+00:00
[2025-05-27T19:16:28.213+0530] {processor.py:183} INFO - Processing /Users/zafarimam/Documents/E-Commerce Order Pipeline/airflow_venv_39/lib/python3.9/site-packages/airflow/example_dags/example_branch_python_dop_operator_3.py took 0.139 seconds
[2025-05-27T19:18:08.275+0530] {processor.py:161} INFO - Started process (PID=27843) to work on /Users/zafarimam/Documents/E-Commerce Order Pipeline/airflow_venv_39/lib/python3.9/site-packages/airflow/example_dags/example_branch_python_dop_operator_3.py
[2025-05-27T19:18:08.276+0530] {processor.py:830} INFO - Processing file /Users/zafarimam/Documents/E-Commerce Order Pipeline/airflow_venv_39/lib/python3.9/site-packages/airflow/example_dags/example_branch_python_dop_operator_3.py for tasks to queue
[2025-05-27T19:18:08.277+0530] {logging_mixin.py:188} INFO - [2025-05-27T19:18:08.277+0530] {dagbag.py:538} INFO - Filling up the DagBag from /Users/zafarimam/Documents/E-Commerce Order Pipeline/airflow_venv_39/lib/python3.9/site-packages/airflow/example_dags/example_branch_python_dop_operator_3.py
[2025-05-27T19:18:08.311+0530] {processor.py:840} INFO - DAG(s) 'example_branch_dop_operator_v3' retrieved from /Users/zafarimam/Documents/E-Commerce Order Pipeline/airflow_venv_39/lib/python3.9/site-packages/airflow/example_dags/example_branch_python_dop_operator_3.py
[2025-05-27T19:18:08.386+0530] {logging_mixin.py:188} INFO - [2025-05-27T19:18:08.386+0530] {dag.py:3036} INFO - Sync 1 DAGs
[2025-05-27T19:18:08.400+0530] {logging_mixin.py:188} INFO - [2025-05-27T19:18:08.400+0530] {dag.py:3823} INFO - Setting next_dagrun for example_branch_dop_operator_v3 to 2025-05-27 13:47:00+00:00, run_after=2025-05-27 13:48:00+00:00
[2025-05-27T19:18:08.417+0530] {processor.py:183} INFO - Processing /Users/zafarimam/Documents/E-Commerce Order Pipeline/airflow_venv_39/lib/python3.9/site-packages/airflow/example_dags/example_branch_python_dop_operator_3.py took 0.143 seconds
[2025-05-27T19:19:48.744+0530] {processor.py:161} INFO - Started process (PID=27930) to work on /Users/zafarimam/Documents/E-Commerce Order Pipeline/airflow_venv_39/lib/python3.9/site-packages/airflow/example_dags/example_branch_python_dop_operator_3.py
[2025-05-27T19:19:48.745+0530] {processor.py:830} INFO - Processing file /Users/zafarimam/Documents/E-Commerce Order Pipeline/airflow_venv_39/lib/python3.9/site-packages/airflow/example_dags/example_branch_python_dop_operator_3.py for tasks to queue
[2025-05-27T19:19:48.745+0530] {logging_mixin.py:188} INFO - [2025-05-27T19:19:48.745+0530] {dagbag.py:538} INFO - Filling up the DagBag from /Users/zafarimam/Documents/E-Commerce Order Pipeline/airflow_venv_39/lib/python3.9/site-packages/airflow/example_dags/example_branch_python_dop_operator_3.py
[2025-05-27T19:19:48.779+0530] {processor.py:840} INFO - DAG(s) 'example_branch_dop_operator_v3' retrieved from /Users/zafarimam/Documents/E-Commerce Order Pipeline/airflow_venv_39/lib/python3.9/site-packages/airflow/example_dags/example_branch_python_dop_operator_3.py
[2025-05-27T19:19:48.850+0530] {logging_mixin.py:188} INFO - [2025-05-27T19:19:48.850+0530] {dag.py:3036} INFO - Sync 1 DAGs
[2025-05-27T19:19:48.864+0530] {logging_mixin.py:188} INFO - [2025-05-27T19:19:48.864+0530] {dag.py:3823} INFO - Setting next_dagrun for example_branch_dop_operator_v3 to 2025-05-27 13:48:00+00:00, run_after=2025-05-27 13:49:00+00:00
[2025-05-27T19:19:48.878+0530] {processor.py:183} INFO - Processing /Users/zafarimam/Documents/E-Commerce Order Pipeline/airflow_venv_39/lib/python3.9/site-packages/airflow/example_dags/example_branch_python_dop_operator_3.py took 0.135 seconds
[2025-05-27T19:21:30.030+0530] {processor.py:161} INFO - Started process (PID=27985) to work on /Users/zafarimam/Documents/E-Commerce Order Pipeline/airflow_venv_39/lib/python3.9/site-packages/airflow/example_dags/example_branch_python_dop_operator_3.py
[2025-05-27T19:21:30.030+0530] {processor.py:830} INFO - Processing file /Users/zafarimam/Documents/E-Commerce Order Pipeline/airflow_venv_39/lib/python3.9/site-packages/airflow/example_dags/example_branch_python_dop_operator_3.py for tasks to queue
[2025-05-27T19:21:30.031+0530] {logging_mixin.py:188} INFO - [2025-05-27T19:21:30.031+0530] {dagbag.py:538} INFO - Filling up the DagBag from /Users/zafarimam/Documents/E-Commerce Order Pipeline/airflow_venv_39/lib/python3.9/site-packages/airflow/example_dags/example_branch_python_dop_operator_3.py
[2025-05-27T19:21:30.065+0530] {processor.py:840} INFO - DAG(s) 'example_branch_dop_operator_v3' retrieved from /Users/zafarimam/Documents/E-Commerce Order Pipeline/airflow_venv_39/lib/python3.9/site-packages/airflow/example_dags/example_branch_python_dop_operator_3.py
[2025-05-27T19:21:30.141+0530] {logging_mixin.py:188} INFO - [2025-05-27T19:21:30.141+0530] {dag.py:3036} INFO - Sync 1 DAGs
[2025-05-27T19:21:30.155+0530] {logging_mixin.py:188} INFO - [2025-05-27T19:21:30.155+0530] {dag.py:3823} INFO - Setting next_dagrun for example_branch_dop_operator_v3 to 2025-05-27 13:50:00+00:00, run_after=2025-05-27 13:51:00+00:00
[2025-05-27T19:21:30.172+0530] {processor.py:183} INFO - Processing /Users/zafarimam/Documents/E-Commerce Order Pipeline/airflow_venv_39/lib/python3.9/site-packages/airflow/example_dags/example_branch_python_dop_operator_3.py took 0.144 seconds
[2025-05-27T19:23:08.976+0530] {processor.py:161} INFO - Started process (PID=28045) to work on /Users/zafarimam/Documents/E-Commerce Order Pipeline/airflow_venv_39/lib/python3.9/site-packages/airflow/example_dags/example_branch_python_dop_operator_3.py
[2025-05-27T19:23:08.977+0530] {processor.py:830} INFO - Processing file /Users/zafarimam/Documents/E-Commerce Order Pipeline/airflow_venv_39/lib/python3.9/site-packages/airflow/example_dags/example_branch_python_dop_operator_3.py for tasks to queue
[2025-05-27T19:23:08.978+0530] {logging_mixin.py:188} INFO - [2025-05-27T19:23:08.978+0530] {dagbag.py:538} INFO - Filling up the DagBag from /Users/zafarimam/Documents/E-Commerce Order Pipeline/airflow_venv_39/lib/python3.9/site-packages/airflow/example_dags/example_branch_python_dop_operator_3.py
[2025-05-27T19:23:09.011+0530] {processor.py:840} INFO - DAG(s) 'example_branch_dop_operator_v3' retrieved from /Users/zafarimam/Documents/E-Commerce Order Pipeline/airflow_venv_39/lib/python3.9/site-packages/airflow/example_dags/example_branch_python_dop_operator_3.py
[2025-05-27T19:23:09.084+0530] {logging_mixin.py:188} INFO - [2025-05-27T19:23:09.084+0530] {dag.py:3036} INFO - Sync 1 DAGs
[2025-05-27T19:23:09.098+0530] {logging_mixin.py:188} INFO - [2025-05-27T19:23:09.098+0530] {dag.py:3823} INFO - Setting next_dagrun for example_branch_dop_operator_v3 to 2025-05-27 13:52:00+00:00, run_after=2025-05-27 13:53:00+00:00
[2025-05-27T19:23:09.116+0530] {processor.py:183} INFO - Processing /Users/zafarimam/Documents/E-Commerce Order Pipeline/airflow_venv_39/lib/python3.9/site-packages/airflow/example_dags/example_branch_python_dop_operator_3.py took 0.140 seconds
[2025-05-27T19:24:49.302+0530] {processor.py:161} INFO - Started process (PID=28099) to work on /Users/zafarimam/Documents/E-Commerce Order Pipeline/airflow_venv_39/lib/python3.9/site-packages/airflow/example_dags/example_branch_python_dop_operator_3.py
[2025-05-27T19:24:49.303+0530] {processor.py:830} INFO - Processing file /Users/zafarimam/Documents/E-Commerce Order Pipeline/airflow_venv_39/lib/python3.9/site-packages/airflow/example_dags/example_branch_python_dop_operator_3.py for tasks to queue
[2025-05-27T19:24:49.304+0530] {logging_mixin.py:188} INFO - [2025-05-27T19:24:49.303+0530] {dagbag.py:538} INFO - Filling up the DagBag from /Users/zafarimam/Documents/E-Commerce Order Pipeline/airflow_venv_39/lib/python3.9/site-packages/airflow/example_dags/example_branch_python_dop_operator_3.py
[2025-05-27T19:24:49.338+0530] {processor.py:840} INFO - DAG(s) 'example_branch_dop_operator_v3' retrieved from /Users/zafarimam/Documents/E-Commerce Order Pipeline/airflow_venv_39/lib/python3.9/site-packages/airflow/example_dags/example_branch_python_dop_operator_3.py
[2025-05-27T19:24:49.409+0530] {logging_mixin.py:188} INFO - [2025-05-27T19:24:49.409+0530] {dag.py:3036} INFO - Sync 1 DAGs
[2025-05-27T19:24:49.423+0530] {logging_mixin.py:188} INFO - [2025-05-27T19:24:49.423+0530] {dag.py:3823} INFO - Setting next_dagrun for example_branch_dop_operator_v3 to 2025-05-27 13:53:00+00:00, run_after=2025-05-27 13:54:00+00:00
[2025-05-27T19:24:49.440+0530] {processor.py:183} INFO - Processing /Users/zafarimam/Documents/E-Commerce Order Pipeline/airflow_venv_39/lib/python3.9/site-packages/airflow/example_dags/example_branch_python_dop_operator_3.py took 0.139 seconds
[2025-05-27T19:26:30.637+0530] {processor.py:161} INFO - Started process (PID=28152) to work on /Users/zafarimam/Documents/E-Commerce Order Pipeline/airflow_venv_39/lib/python3.9/site-packages/airflow/example_dags/example_branch_python_dop_operator_3.py
[2025-05-27T19:26:30.638+0530] {processor.py:830} INFO - Processing file /Users/zafarimam/Documents/E-Commerce Order Pipeline/airflow_venv_39/lib/python3.9/site-packages/airflow/example_dags/example_branch_python_dop_operator_3.py for tasks to queue
[2025-05-27T19:26:30.639+0530] {logging_mixin.py:188} INFO - [2025-05-27T19:26:30.639+0530] {dagbag.py:538} INFO - Filling up the DagBag from /Users/zafarimam/Documents/E-Commerce Order Pipeline/airflow_venv_39/lib/python3.9/site-packages/airflow/example_dags/example_branch_python_dop_operator_3.py
[2025-05-27T19:26:30.672+0530] {processor.py:840} INFO - DAG(s) 'example_branch_dop_operator_v3' retrieved from /Users/zafarimam/Documents/E-Commerce Order Pipeline/airflow_venv_39/lib/python3.9/site-packages/airflow/example_dags/example_branch_python_dop_operator_3.py
[2025-05-27T19:26:30.745+0530] {logging_mixin.py:188} INFO - [2025-05-27T19:26:30.745+0530] {dag.py:3036} INFO - Sync 1 DAGs
[2025-05-27T19:26:30.759+0530] {logging_mixin.py:188} INFO - [2025-05-27T19:26:30.759+0530] {dag.py:3823} INFO - Setting next_dagrun for example_branch_dop_operator_v3 to 2025-05-27 13:55:00+00:00, run_after=2025-05-27 13:56:00+00:00
[2025-05-27T19:26:30.776+0530] {processor.py:183} INFO - Processing /Users/zafarimam/Documents/E-Commerce Order Pipeline/airflow_venv_39/lib/python3.9/site-packages/airflow/example_dags/example_branch_python_dop_operator_3.py took 0.140 seconds
[2025-05-27T19:28:11.932+0530] {processor.py:161} INFO - Started process (PID=28207) to work on /Users/zafarimam/Documents/E-Commerce Order Pipeline/airflow_venv_39/lib/python3.9/site-packages/airflow/example_dags/example_branch_python_dop_operator_3.py
[2025-05-27T19:28:11.933+0530] {processor.py:830} INFO - Processing file /Users/zafarimam/Documents/E-Commerce Order Pipeline/airflow_venv_39/lib/python3.9/site-packages/airflow/example_dags/example_branch_python_dop_operator_3.py for tasks to queue
[2025-05-27T19:28:11.933+0530] {logging_mixin.py:188} INFO - [2025-05-27T19:28:11.933+0530] {dagbag.py:538} INFO - Filling up the DagBag from /Users/zafarimam/Documents/E-Commerce Order Pipeline/airflow_venv_39/lib/python3.9/site-packages/airflow/example_dags/example_branch_python_dop_operator_3.py
[2025-05-27T19:28:11.966+0530] {processor.py:840} INFO - DAG(s) 'example_branch_dop_operator_v3' retrieved from /Users/zafarimam/Documents/E-Commerce Order Pipeline/airflow_venv_39/lib/python3.9/site-packages/airflow/example_dags/example_branch_python_dop_operator_3.py
[2025-05-27T19:28:12.040+0530] {logging_mixin.py:188} INFO - [2025-05-27T19:28:12.040+0530] {dag.py:3036} INFO - Sync 1 DAGs
[2025-05-27T19:28:12.053+0530] {logging_mixin.py:188} INFO - [2025-05-27T19:28:12.053+0530] {dag.py:3823} INFO - Setting next_dagrun for example_branch_dop_operator_v3 to 2025-05-27 13:57:00+00:00, run_after=2025-05-27 13:58:00+00:00
[2025-05-27T19:28:12.071+0530] {processor.py:183} INFO - Processing /Users/zafarimam/Documents/E-Commerce Order Pipeline/airflow_venv_39/lib/python3.9/site-packages/airflow/example_dags/example_branch_python_dop_operator_3.py took 0.140 seconds
[2025-05-27T19:29:49.798+0530] {processor.py:161} INFO - Started process (PID=28258) to work on /Users/zafarimam/Documents/E-Commerce Order Pipeline/airflow_venv_39/lib/python3.9/site-packages/airflow/example_dags/example_branch_python_dop_operator_3.py
[2025-05-27T19:29:49.799+0530] {processor.py:830} INFO - Processing file /Users/zafarimam/Documents/E-Commerce Order Pipeline/airflow_venv_39/lib/python3.9/site-packages/airflow/example_dags/example_branch_python_dop_operator_3.py for tasks to queue
[2025-05-27T19:29:49.800+0530] {logging_mixin.py:188} INFO - [2025-05-27T19:29:49.800+0530] {dagbag.py:538} INFO - Filling up the DagBag from /Users/zafarimam/Documents/E-Commerce Order Pipeline/airflow_venv_39/lib/python3.9/site-packages/airflow/example_dags/example_branch_python_dop_operator_3.py
[2025-05-27T19:29:49.833+0530] {processor.py:840} INFO - DAG(s) 'example_branch_dop_operator_v3' retrieved from /Users/zafarimam/Documents/E-Commerce Order Pipeline/airflow_venv_39/lib/python3.9/site-packages/airflow/example_dags/example_branch_python_dop_operator_3.py
[2025-05-27T19:29:49.902+0530] {logging_mixin.py:188} INFO - [2025-05-27T19:29:49.902+0530] {dag.py:3036} INFO - Sync 1 DAGs
[2025-05-27T19:29:49.916+0530] {logging_mixin.py:188} INFO - [2025-05-27T19:29:49.916+0530] {dag.py:3823} INFO - Setting next_dagrun for example_branch_dop_operator_v3 to 2025-05-27 13:58:00+00:00, run_after=2025-05-27 13:59:00+00:00
[2025-05-27T19:29:49.933+0530] {processor.py:183} INFO - Processing /Users/zafarimam/Documents/E-Commerce Order Pipeline/airflow_venv_39/lib/python3.9/site-packages/airflow/example_dags/example_branch_python_dop_operator_3.py took 0.135 seconds
[2025-05-27T19:31:50.618+0530] {processor.py:161} INFO - Started process (PID=28341) to work on /Users/zafarimam/Documents/E-Commerce Order Pipeline/airflow_venv_39/lib/python3.9/site-packages/airflow/example_dags/example_branch_python_dop_operator_3.py
[2025-05-27T19:31:50.619+0530] {processor.py:830} INFO - Processing file /Users/zafarimam/Documents/E-Commerce Order Pipeline/airflow_venv_39/lib/python3.9/site-packages/airflow/example_dags/example_branch_python_dop_operator_3.py for tasks to queue
[2025-05-27T19:31:50.619+0530] {logging_mixin.py:188} INFO - [2025-05-27T19:31:50.619+0530] {dagbag.py:538} INFO - Filling up the DagBag from /Users/zafarimam/Documents/E-Commerce Order Pipeline/airflow_venv_39/lib/python3.9/site-packages/airflow/example_dags/example_branch_python_dop_operator_3.py
[2025-05-27T19:31:50.653+0530] {processor.py:840} INFO - DAG(s) 'example_branch_dop_operator_v3' retrieved from /Users/zafarimam/Documents/E-Commerce Order Pipeline/airflow_venv_39/lib/python3.9/site-packages/airflow/example_dags/example_branch_python_dop_operator_3.py
[2025-05-27T19:31:50.727+0530] {logging_mixin.py:188} INFO - [2025-05-27T19:31:50.727+0530] {dag.py:3036} INFO - Sync 1 DAGs
[2025-05-27T19:31:50.741+0530] {logging_mixin.py:188} INFO - [2025-05-27T19:31:50.741+0530] {dag.py:3823} INFO - Setting next_dagrun for example_branch_dop_operator_v3 to 2025-05-27 14:00:00+00:00, run_after=2025-05-27 14:01:00+00:00
[2025-05-27T19:31:50.757+0530] {processor.py:183} INFO - Processing /Users/zafarimam/Documents/E-Commerce Order Pipeline/airflow_venv_39/lib/python3.9/site-packages/airflow/example_dags/example_branch_python_dop_operator_3.py took 0.141 seconds
[2025-05-27T19:33:31.539+0530] {processor.py:161} INFO - Started process (PID=28392) to work on /Users/zafarimam/Documents/E-Commerce Order Pipeline/airflow_venv_39/lib/python3.9/site-packages/airflow/example_dags/example_branch_python_dop_operator_3.py
[2025-05-27T19:33:31.540+0530] {processor.py:830} INFO - Processing file /Users/zafarimam/Documents/E-Commerce Order Pipeline/airflow_venv_39/lib/python3.9/site-packages/airflow/example_dags/example_branch_python_dop_operator_3.py for tasks to queue
[2025-05-27T19:33:31.540+0530] {logging_mixin.py:188} INFO - [2025-05-27T19:33:31.540+0530] {dagbag.py:538} INFO - Filling up the DagBag from /Users/zafarimam/Documents/E-Commerce Order Pipeline/airflow_venv_39/lib/python3.9/site-packages/airflow/example_dags/example_branch_python_dop_operator_3.py
[2025-05-27T19:33:31.574+0530] {processor.py:840} INFO - DAG(s) 'example_branch_dop_operator_v3' retrieved from /Users/zafarimam/Documents/E-Commerce Order Pipeline/airflow_venv_39/lib/python3.9/site-packages/airflow/example_dags/example_branch_python_dop_operator_3.py
[2025-05-27T19:33:31.647+0530] {logging_mixin.py:188} INFO - [2025-05-27T19:33:31.646+0530] {dag.py:3036} INFO - Sync 1 DAGs
[2025-05-27T19:33:31.660+0530] {logging_mixin.py:188} INFO - [2025-05-27T19:33:31.660+0530] {dag.py:3823} INFO - Setting next_dagrun for example_branch_dop_operator_v3 to 2025-05-27 14:02:00+00:00, run_after=2025-05-27 14:03:00+00:00
[2025-05-27T19:33:31.674+0530] {processor.py:183} INFO - Processing /Users/zafarimam/Documents/E-Commerce Order Pipeline/airflow_venv_39/lib/python3.9/site-packages/airflow/example_dags/example_branch_python_dop_operator_3.py took 0.137 seconds
[2025-05-27T19:35:12.936+0530] {processor.py:161} INFO - Started process (PID=28445) to work on /Users/zafarimam/Documents/E-Commerce Order Pipeline/airflow_venv_39/lib/python3.9/site-packages/airflow/example_dags/example_branch_python_dop_operator_3.py
[2025-05-27T19:35:12.936+0530] {processor.py:830} INFO - Processing file /Users/zafarimam/Documents/E-Commerce Order Pipeline/airflow_venv_39/lib/python3.9/site-packages/airflow/example_dags/example_branch_python_dop_operator_3.py for tasks to queue
[2025-05-27T19:35:12.937+0530] {logging_mixin.py:188} INFO - [2025-05-27T19:35:12.937+0530] {dagbag.py:538} INFO - Filling up the DagBag from /Users/zafarimam/Documents/E-Commerce Order Pipeline/airflow_venv_39/lib/python3.9/site-packages/airflow/example_dags/example_branch_python_dop_operator_3.py
[2025-05-27T19:35:12.970+0530] {processor.py:840} INFO - DAG(s) 'example_branch_dop_operator_v3' retrieved from /Users/zafarimam/Documents/E-Commerce Order Pipeline/airflow_venv_39/lib/python3.9/site-packages/airflow/example_dags/example_branch_python_dop_operator_3.py
[2025-05-27T19:35:13.044+0530] {logging_mixin.py:188} INFO - [2025-05-27T19:35:13.044+0530] {dag.py:3036} INFO - Sync 1 DAGs
[2025-05-27T19:35:13.057+0530] {logging_mixin.py:188} INFO - [2025-05-27T19:35:13.057+0530] {dag.py:3823} INFO - Setting next_dagrun for example_branch_dop_operator_v3 to 2025-05-27 14:04:00+00:00, run_after=2025-05-27 14:05:00+00:00
[2025-05-27T19:35:13.070+0530] {processor.py:183} INFO - Processing /Users/zafarimam/Documents/E-Commerce Order Pipeline/airflow_venv_39/lib/python3.9/site-packages/airflow/example_dags/example_branch_python_dop_operator_3.py took 0.136 seconds
[2025-05-27T19:36:54.327+0530] {processor.py:161} INFO - Started process (PID=28499) to work on /Users/zafarimam/Documents/E-Commerce Order Pipeline/airflow_venv_39/lib/python3.9/site-packages/airflow/example_dags/example_branch_python_dop_operator_3.py
[2025-05-27T19:36:54.328+0530] {processor.py:830} INFO - Processing file /Users/zafarimam/Documents/E-Commerce Order Pipeline/airflow_venv_39/lib/python3.9/site-packages/airflow/example_dags/example_branch_python_dop_operator_3.py for tasks to queue
[2025-05-27T19:36:54.328+0530] {logging_mixin.py:188} INFO - [2025-05-27T19:36:54.328+0530] {dagbag.py:538} INFO - Filling up the DagBag from /Users/zafarimam/Documents/E-Commerce Order Pipeline/airflow_venv_39/lib/python3.9/site-packages/airflow/example_dags/example_branch_python_dop_operator_3.py
[2025-05-27T19:36:54.362+0530] {processor.py:840} INFO - DAG(s) 'example_branch_dop_operator_v3' retrieved from /Users/zafarimam/Documents/E-Commerce Order Pipeline/airflow_venv_39/lib/python3.9/site-packages/airflow/example_dags/example_branch_python_dop_operator_3.py
[2025-05-27T19:36:54.435+0530] {logging_mixin.py:188} INFO - [2025-05-27T19:36:54.434+0530] {dag.py:3036} INFO - Sync 1 DAGs
[2025-05-27T19:36:54.449+0530] {logging_mixin.py:188} INFO - [2025-05-27T19:36:54.449+0530] {dag.py:3823} INFO - Setting next_dagrun for example_branch_dop_operator_v3 to 2025-05-27 14:05:00+00:00, run_after=2025-05-27 14:06:00+00:00
[2025-05-27T19:36:54.466+0530] {processor.py:183} INFO - Processing /Users/zafarimam/Documents/E-Commerce Order Pipeline/airflow_venv_39/lib/python3.9/site-packages/airflow/example_dags/example_branch_python_dop_operator_3.py took 0.141 seconds
[2025-05-27T19:38:34.764+0530] {processor.py:161} INFO - Started process (PID=28548) to work on /Users/zafarimam/Documents/E-Commerce Order Pipeline/airflow_venv_39/lib/python3.9/site-packages/airflow/example_dags/example_branch_python_dop_operator_3.py
[2025-05-27T19:38:34.764+0530] {processor.py:830} INFO - Processing file /Users/zafarimam/Documents/E-Commerce Order Pipeline/airflow_venv_39/lib/python3.9/site-packages/airflow/example_dags/example_branch_python_dop_operator_3.py for tasks to queue
[2025-05-27T19:38:34.765+0530] {logging_mixin.py:188} INFO - [2025-05-27T19:38:34.765+0530] {dagbag.py:538} INFO - Filling up the DagBag from /Users/zafarimam/Documents/E-Commerce Order Pipeline/airflow_venv_39/lib/python3.9/site-packages/airflow/example_dags/example_branch_python_dop_operator_3.py
[2025-05-27T19:38:34.799+0530] {processor.py:840} INFO - DAG(s) 'example_branch_dop_operator_v3' retrieved from /Users/zafarimam/Documents/E-Commerce Order Pipeline/airflow_venv_39/lib/python3.9/site-packages/airflow/example_dags/example_branch_python_dop_operator_3.py
[2025-05-27T19:38:34.871+0530] {logging_mixin.py:188} INFO - [2025-05-27T19:38:34.871+0530] {dag.py:3036} INFO - Sync 1 DAGs
[2025-05-27T19:38:34.885+0530] {logging_mixin.py:188} INFO - [2025-05-27T19:38:34.885+0530] {dag.py:3823} INFO - Setting next_dagrun for example_branch_dop_operator_v3 to 2025-05-27 14:07:00+00:00, run_after=2025-05-27 14:08:00+00:00
[2025-05-27T19:38:34.903+0530] {processor.py:183} INFO - Processing /Users/zafarimam/Documents/E-Commerce Order Pipeline/airflow_venv_39/lib/python3.9/site-packages/airflow/example_dags/example_branch_python_dop_operator_3.py took 0.141 seconds
[2025-05-27T19:40:15.122+0530] {processor.py:161} INFO - Started process (PID=28600) to work on /Users/zafarimam/Documents/E-Commerce Order Pipeline/airflow_venv_39/lib/python3.9/site-packages/airflow/example_dags/example_branch_python_dop_operator_3.py
[2025-05-27T19:40:15.123+0530] {processor.py:830} INFO - Processing file /Users/zafarimam/Documents/E-Commerce Order Pipeline/airflow_venv_39/lib/python3.9/site-packages/airflow/example_dags/example_branch_python_dop_operator_3.py for tasks to queue
[2025-05-27T19:40:15.124+0530] {logging_mixin.py:188} INFO - [2025-05-27T19:40:15.124+0530] {dagbag.py:538} INFO - Filling up the DagBag from /Users/zafarimam/Documents/E-Commerce Order Pipeline/airflow_venv_39/lib/python3.9/site-packages/airflow/example_dags/example_branch_python_dop_operator_3.py
[2025-05-27T19:40:15.157+0530] {processor.py:840} INFO - DAG(s) 'example_branch_dop_operator_v3' retrieved from /Users/zafarimam/Documents/E-Commerce Order Pipeline/airflow_venv_39/lib/python3.9/site-packages/airflow/example_dags/example_branch_python_dop_operator_3.py
[2025-05-27T19:40:15.230+0530] {logging_mixin.py:188} INFO - [2025-05-27T19:40:15.230+0530] {dag.py:3036} INFO - Sync 1 DAGs
[2025-05-27T19:40:15.244+0530] {logging_mixin.py:188} INFO - [2025-05-27T19:40:15.244+0530] {dag.py:3823} INFO - Setting next_dagrun for example_branch_dop_operator_v3 to 2025-05-27 14:09:00+00:00, run_after=2025-05-27 14:10:00+00:00
[2025-05-27T19:40:15.257+0530] {processor.py:183} INFO - Processing /Users/zafarimam/Documents/E-Commerce Order Pipeline/airflow_venv_39/lib/python3.9/site-packages/airflow/example_dags/example_branch_python_dop_operator_3.py took 0.136 seconds
[2025-05-27T19:41:54.044+0530] {processor.py:161} INFO - Started process (PID=28654) to work on /Users/zafarimam/Documents/E-Commerce Order Pipeline/airflow_venv_39/lib/python3.9/site-packages/airflow/example_dags/example_branch_python_dop_operator_3.py
[2025-05-27T19:41:54.044+0530] {processor.py:830} INFO - Processing file /Users/zafarimam/Documents/E-Commerce Order Pipeline/airflow_venv_39/lib/python3.9/site-packages/airflow/example_dags/example_branch_python_dop_operator_3.py for tasks to queue
[2025-05-27T19:41:54.045+0530] {logging_mixin.py:188} INFO - [2025-05-27T19:41:54.045+0530] {dagbag.py:538} INFO - Filling up the DagBag from /Users/zafarimam/Documents/E-Commerce Order Pipeline/airflow_venv_39/lib/python3.9/site-packages/airflow/example_dags/example_branch_python_dop_operator_3.py
[2025-05-27T19:41:54.079+0530] {processor.py:840} INFO - DAG(s) 'example_branch_dop_operator_v3' retrieved from /Users/zafarimam/Documents/E-Commerce Order Pipeline/airflow_venv_39/lib/python3.9/site-packages/airflow/example_dags/example_branch_python_dop_operator_3.py
[2025-05-27T19:41:54.152+0530] {logging_mixin.py:188} INFO - [2025-05-27T19:41:54.152+0530] {dag.py:3036} INFO - Sync 1 DAGs
[2025-05-27T19:41:54.166+0530] {logging_mixin.py:188} INFO - [2025-05-27T19:41:54.166+0530] {dag.py:3823} INFO - Setting next_dagrun for example_branch_dop_operator_v3 to 2025-05-27 14:10:00+00:00, run_after=2025-05-27 14:11:00+00:00
[2025-05-27T19:41:54.183+0530] {processor.py:183} INFO - Processing /Users/zafarimam/Documents/E-Commerce Order Pipeline/airflow_venv_39/lib/python3.9/site-packages/airflow/example_dags/example_branch_python_dop_operator_3.py took 0.141 seconds
[2025-05-27T19:43:40.751+0530] {processor.py:161} INFO - Started process (PID=28717) to work on /Users/zafarimam/Documents/E-Commerce Order Pipeline/airflow_venv_39/lib/python3.9/site-packages/airflow/example_dags/example_branch_python_dop_operator_3.py
[2025-05-27T19:43:40.753+0530] {processor.py:830} INFO - Processing file /Users/zafarimam/Documents/E-Commerce Order Pipeline/airflow_venv_39/lib/python3.9/site-packages/airflow/example_dags/example_branch_python_dop_operator_3.py for tasks to queue
[2025-05-27T19:43:40.754+0530] {logging_mixin.py:188} INFO - [2025-05-27T19:43:40.754+0530] {dagbag.py:538} INFO - Filling up the DagBag from /Users/zafarimam/Documents/E-Commerce Order Pipeline/airflow_venv_39/lib/python3.9/site-packages/airflow/example_dags/example_branch_python_dop_operator_3.py
[2025-05-27T19:43:40.790+0530] {processor.py:840} INFO - DAG(s) 'example_branch_dop_operator_v3' retrieved from /Users/zafarimam/Documents/E-Commerce Order Pipeline/airflow_venv_39/lib/python3.9/site-packages/airflow/example_dags/example_branch_python_dop_operator_3.py
[2025-05-27T19:43:40.865+0530] {logging_mixin.py:188} INFO - [2025-05-27T19:43:40.864+0530] {dag.py:3036} INFO - Sync 1 DAGs
[2025-05-27T19:43:40.880+0530] {logging_mixin.py:188} INFO - [2025-05-27T19:43:40.880+0530] {dag.py:3823} INFO - Setting next_dagrun for example_branch_dop_operator_v3 to 2025-05-27 14:12:00+00:00, run_after=2025-05-27 14:13:00+00:00
[2025-05-27T19:43:40.893+0530] {processor.py:183} INFO - Processing /Users/zafarimam/Documents/E-Commerce Order Pipeline/airflow_venv_39/lib/python3.9/site-packages/airflow/example_dags/example_branch_python_dop_operator_3.py took 0.143 seconds
[2025-05-27T19:45:49.895+0530] {processor.py:161} INFO - Started process (PID=28852) to work on /Users/zafarimam/Documents/E-Commerce Order Pipeline/airflow_venv_39/lib/python3.9/site-packages/airflow/example_dags/example_branch_python_dop_operator_3.py
[2025-05-27T19:45:49.896+0530] {processor.py:830} INFO - Processing file /Users/zafarimam/Documents/E-Commerce Order Pipeline/airflow_venv_39/lib/python3.9/site-packages/airflow/example_dags/example_branch_python_dop_operator_3.py for tasks to queue
[2025-05-27T19:45:49.897+0530] {logging_mixin.py:188} INFO - [2025-05-27T19:45:49.897+0530] {dagbag.py:538} INFO - Filling up the DagBag from /Users/zafarimam/Documents/E-Commerce Order Pipeline/airflow_venv_39/lib/python3.9/site-packages/airflow/example_dags/example_branch_python_dop_operator_3.py
[2025-05-27T19:45:49.932+0530] {processor.py:840} INFO - DAG(s) 'example_branch_dop_operator_v3' retrieved from /Users/zafarimam/Documents/E-Commerce Order Pipeline/airflow_venv_39/lib/python3.9/site-packages/airflow/example_dags/example_branch_python_dop_operator_3.py
[2025-05-27T19:45:50.007+0530] {logging_mixin.py:188} INFO - [2025-05-27T19:45:50.007+0530] {dag.py:3036} INFO - Sync 1 DAGs
[2025-05-27T19:45:50.024+0530] {logging_mixin.py:188} INFO - [2025-05-27T19:45:50.024+0530] {dag.py:3823} INFO - Setting next_dagrun for example_branch_dop_operator_v3 to 2025-05-27 14:14:00+00:00, run_after=2025-05-27 14:15:00+00:00
[2025-05-27T19:45:50.039+0530] {processor.py:183} INFO - Processing /Users/zafarimam/Documents/E-Commerce Order Pipeline/airflow_venv_39/lib/python3.9/site-packages/airflow/example_dags/example_branch_python_dop_operator_3.py took 0.145 seconds
[2025-05-27T19:47:34.163+0530] {processor.py:161} INFO - Started process (PID=28918) to work on /Users/zafarimam/Documents/E-Commerce Order Pipeline/airflow_venv_39/lib/python3.9/site-packages/airflow/example_dags/example_branch_python_dop_operator_3.py
[2025-05-27T19:47:34.164+0530] {processor.py:830} INFO - Processing file /Users/zafarimam/Documents/E-Commerce Order Pipeline/airflow_venv_39/lib/python3.9/site-packages/airflow/example_dags/example_branch_python_dop_operator_3.py for tasks to queue
[2025-05-27T19:47:34.165+0530] {logging_mixin.py:188} INFO - [2025-05-27T19:47:34.165+0530] {dagbag.py:538} INFO - Filling up the DagBag from /Users/zafarimam/Documents/E-Commerce Order Pipeline/airflow_venv_39/lib/python3.9/site-packages/airflow/example_dags/example_branch_python_dop_operator_3.py
[2025-05-27T19:47:34.202+0530] {processor.py:840} INFO - DAG(s) 'example_branch_dop_operator_v3' retrieved from /Users/zafarimam/Documents/E-Commerce Order Pipeline/airflow_venv_39/lib/python3.9/site-packages/airflow/example_dags/example_branch_python_dop_operator_3.py
[2025-05-27T19:47:34.280+0530] {logging_mixin.py:188} INFO - [2025-05-27T19:47:34.280+0530] {dag.py:3036} INFO - Sync 1 DAGs
[2025-05-27T19:47:34.295+0530] {logging_mixin.py:188} INFO - [2025-05-27T19:47:34.295+0530] {dag.py:3823} INFO - Setting next_dagrun for example_branch_dop_operator_v3 to 2025-05-27 14:16:00+00:00, run_after=2025-05-27 14:17:00+00:00
[2025-05-27T19:47:34.309+0530] {processor.py:183} INFO - Processing /Users/zafarimam/Documents/E-Commerce Order Pipeline/airflow_venv_39/lib/python3.9/site-packages/airflow/example_dags/example_branch_python_dop_operator_3.py took 0.147 seconds
[2025-05-27T19:49:17.124+0530] {processor.py:161} INFO - Started process (PID=28970) to work on /Users/zafarimam/Documents/E-Commerce Order Pipeline/airflow_venv_39/lib/python3.9/site-packages/airflow/example_dags/example_branch_python_dop_operator_3.py
[2025-05-27T19:49:17.125+0530] {processor.py:830} INFO - Processing file /Users/zafarimam/Documents/E-Commerce Order Pipeline/airflow_venv_39/lib/python3.9/site-packages/airflow/example_dags/example_branch_python_dop_operator_3.py for tasks to queue
[2025-05-27T19:49:17.126+0530] {logging_mixin.py:188} INFO - [2025-05-27T19:49:17.126+0530] {dagbag.py:538} INFO - Filling up the DagBag from /Users/zafarimam/Documents/E-Commerce Order Pipeline/airflow_venv_39/lib/python3.9/site-packages/airflow/example_dags/example_branch_python_dop_operator_3.py
[2025-05-27T19:49:17.161+0530] {processor.py:840} INFO - DAG(s) 'example_branch_dop_operator_v3' retrieved from /Users/zafarimam/Documents/E-Commerce Order Pipeline/airflow_venv_39/lib/python3.9/site-packages/airflow/example_dags/example_branch_python_dop_operator_3.py
[2025-05-27T19:49:17.238+0530] {logging_mixin.py:188} INFO - [2025-05-27T19:49:17.238+0530] {dag.py:3036} INFO - Sync 1 DAGs
[2025-05-27T19:49:17.252+0530] {logging_mixin.py:188} INFO - [2025-05-27T19:49:17.252+0530] {dag.py:3823} INFO - Setting next_dagrun for example_branch_dop_operator_v3 to 2025-05-27 14:18:00+00:00, run_after=2025-05-27 14:19:00+00:00
[2025-05-27T19:49:17.265+0530] {processor.py:183} INFO - Processing /Users/zafarimam/Documents/E-Commerce Order Pipeline/airflow_venv_39/lib/python3.9/site-packages/airflow/example_dags/example_branch_python_dop_operator_3.py took 0.141 seconds
[2025-05-27T19:51:02.655+0530] {processor.py:161} INFO - Started process (PID=29052) to work on /Users/zafarimam/Documents/E-Commerce Order Pipeline/airflow_venv_39/lib/python3.9/site-packages/airflow/example_dags/example_branch_python_dop_operator_3.py
[2025-05-27T19:51:02.656+0530] {processor.py:830} INFO - Processing file /Users/zafarimam/Documents/E-Commerce Order Pipeline/airflow_venv_39/lib/python3.9/site-packages/airflow/example_dags/example_branch_python_dop_operator_3.py for tasks to queue
[2025-05-27T19:51:02.656+0530] {logging_mixin.py:188} INFO - [2025-05-27T19:51:02.656+0530] {dagbag.py:538} INFO - Filling up the DagBag from /Users/zafarimam/Documents/E-Commerce Order Pipeline/airflow_venv_39/lib/python3.9/site-packages/airflow/example_dags/example_branch_python_dop_operator_3.py
[2025-05-27T19:51:02.693+0530] {processor.py:840} INFO - DAG(s) 'example_branch_dop_operator_v3' retrieved from /Users/zafarimam/Documents/E-Commerce Order Pipeline/airflow_venv_39/lib/python3.9/site-packages/airflow/example_dags/example_branch_python_dop_operator_3.py
[2025-05-27T19:51:02.771+0530] {logging_mixin.py:188} INFO - [2025-05-27T19:51:02.770+0530] {dag.py:3036} INFO - Sync 1 DAGs
[2025-05-27T19:51:02.785+0530] {logging_mixin.py:188} INFO - [2025-05-27T19:51:02.785+0530] {dag.py:3823} INFO - Setting next_dagrun for example_branch_dop_operator_v3 to 2025-05-27 14:20:00+00:00, run_after=2025-05-27 14:21:00+00:00
[2025-05-27T19:51:02.797+0530] {processor.py:183} INFO - Processing /Users/zafarimam/Documents/E-Commerce Order Pipeline/airflow_venv_39/lib/python3.9/site-packages/airflow/example_dags/example_branch_python_dop_operator_3.py took 0.144 seconds
