[2025-05-27T17:39:26.571+0530] {processor.py:161} INFO - Started process (PID=22863) to work on /Users/zafarimam/Documents/E-Commerce Order Pipeline/airflow_venv_39/lib/python3.9/site-packages/airflow/example_dags/example_branch_labels.py
[2025-05-27T17:39:26.572+0530] {processor.py:830} INFO - Processing file /Users/zafarimam/Documents/E-Commerce Order Pipeline/airflow_venv_39/lib/python3.9/site-packages/airflow/example_dags/example_branch_labels.py for tasks to queue
[2025-05-27T17:39:26.573+0530] {logging_mixin.py:188} INFO - [2025-05-27T17:39:26.573+0530] {dagbag.py:538} INFO - Filling up the DagBag from /Users/zafarimam/Documents/E-Commerce Order Pipeline/airflow_venv_39/lib/python3.9/site-packages/airflow/example_dags/example_branch_labels.py
[2025-05-27T17:39:26.583+0530] {processor.py:840} INFO - DAG(s) 'example_branch_labels' retrieved from /Users/zafarimam/Documents/E-Commerce Order Pipeline/airflow_venv_39/lib/python3.9/site-packages/airflow/example_dags/example_branch_labels.py
[2025-05-27T17:39:26.736+0530] {logging_mixin.py:188} INFO - [2025-05-27T17:39:26.736+0530] {dag.py:3036} INFO - Sync 1 DAGs
[2025-05-27T17:39:26.748+0530] {logging_mixin.py:188} INFO - [2025-05-27T17:39:26.748+0530] {dag.py:3823} INFO - Setting next_dagrun for example_branch_labels to 2025-05-26 00:00:00+00:00, run_after=2025-05-27 00:00:00+00:00
[2025-05-27T17:39:26.762+0530] {processor.py:183} INFO - Processing /Users/zafarimam/Documents/E-Commerce Order Pipeline/airflow_venv_39/lib/python3.9/site-packages/airflow/example_dags/example_branch_labels.py took 0.192 seconds
[2025-05-27T17:41:33.426+0530] {processor.py:161} INFO - Started process (PID=22945) to work on /Users/zafarimam/Documents/E-Commerce Order Pipeline/airflow_venv_39/lib/python3.9/site-packages/airflow/example_dags/example_branch_labels.py
[2025-05-27T17:41:33.428+0530] {processor.py:830} INFO - Processing file /Users/zafarimam/Documents/E-Commerce Order Pipeline/airflow_venv_39/lib/python3.9/site-packages/airflow/example_dags/example_branch_labels.py for tasks to queue
[2025-05-27T17:41:33.428+0530] {logging_mixin.py:188} INFO - [2025-05-27T17:41:33.428+0530] {dagbag.py:538} INFO - Filling up the DagBag from /Users/zafarimam/Documents/E-Commerce Order Pipeline/airflow_venv_39/lib/python3.9/site-packages/airflow/example_dags/example_branch_labels.py
[2025-05-27T17:41:33.438+0530] {processor.py:840} INFO - DAG(s) 'example_branch_labels' retrieved from /Users/zafarimam/Documents/E-Commerce Order Pipeline/airflow_venv_39/lib/python3.9/site-packages/airflow/example_dags/example_branch_labels.py
[2025-05-27T17:41:33.533+0530] {logging_mixin.py:188} INFO - [2025-05-27T17:41:33.533+0530] {dag.py:3036} INFO - Sync 1 DAGs
[2025-05-27T17:41:33.548+0530] {logging_mixin.py:188} INFO - [2025-05-27T17:41:33.548+0530] {dag.py:3823} INFO - Setting next_dagrun for example_branch_labels to 2025-05-26 00:00:00+00:00, run_after=2025-05-27 00:00:00+00:00
[2025-05-27T17:41:33.563+0530] {processor.py:183} INFO - Processing /Users/zafarimam/Documents/E-Commerce Order Pipeline/airflow_venv_39/lib/python3.9/site-packages/airflow/example_dags/example_branch_labels.py took 0.139 seconds
[2025-05-27T17:43:25.568+0530] {processor.py:161} INFO - Started process (PID=23007) to work on /Users/zafarimam/Documents/E-Commerce Order Pipeline/airflow_venv_39/lib/python3.9/site-packages/airflow/example_dags/example_branch_labels.py
[2025-05-27T17:43:25.570+0530] {processor.py:830} INFO - Processing file /Users/zafarimam/Documents/E-Commerce Order Pipeline/airflow_venv_39/lib/python3.9/site-packages/airflow/example_dags/example_branch_labels.py for tasks to queue
[2025-05-27T17:43:25.570+0530] {logging_mixin.py:188} INFO - [2025-05-27T17:43:25.570+0530] {dagbag.py:538} INFO - Filling up the DagBag from /Users/zafarimam/Documents/E-Commerce Order Pipeline/airflow_venv_39/lib/python3.9/site-packages/airflow/example_dags/example_branch_labels.py
[2025-05-27T17:43:25.580+0530] {processor.py:840} INFO - DAG(s) 'example_branch_labels' retrieved from /Users/zafarimam/Documents/E-Commerce Order Pipeline/airflow_venv_39/lib/python3.9/site-packages/airflow/example_dags/example_branch_labels.py
[2025-05-27T17:43:25.666+0530] {logging_mixin.py:188} INFO - [2025-05-27T17:43:25.666+0530] {dag.py:3036} INFO - Sync 1 DAGs
[2025-05-27T17:43:25.679+0530] {logging_mixin.py:188} INFO - [2025-05-27T17:43:25.679+0530] {dag.py:3823} INFO - Setting next_dagrun for example_branch_labels to 2025-05-26 00:00:00+00:00, run_after=2025-05-27 00:00:00+00:00
[2025-05-27T17:43:25.692+0530] {processor.py:183} INFO - Processing /Users/zafarimam/Documents/E-Commerce Order Pipeline/airflow_venv_39/lib/python3.9/site-packages/airflow/example_dags/example_branch_labels.py took 0.126 seconds
[2025-05-27T17:45:10.180+0530] {processor.py:161} INFO - Started process (PID=23064) to work on /Users/zafarimam/Documents/E-Commerce Order Pipeline/airflow_venv_39/lib/python3.9/site-packages/airflow/example_dags/example_branch_labels.py
[2025-05-27T17:45:10.181+0530] {processor.py:830} INFO - Processing file /Users/zafarimam/Documents/E-Commerce Order Pipeline/airflow_venv_39/lib/python3.9/site-packages/airflow/example_dags/example_branch_labels.py for tasks to queue
[2025-05-27T17:45:10.181+0530] {logging_mixin.py:188} INFO - [2025-05-27T17:45:10.181+0530] {dagbag.py:538} INFO - Filling up the DagBag from /Users/zafarimam/Documents/E-Commerce Order Pipeline/airflow_venv_39/lib/python3.9/site-packages/airflow/example_dags/example_branch_labels.py
[2025-05-27T17:45:10.190+0530] {processor.py:840} INFO - DAG(s) 'example_branch_labels' retrieved from /Users/zafarimam/Documents/E-Commerce Order Pipeline/airflow_venv_39/lib/python3.9/site-packages/airflow/example_dags/example_branch_labels.py
[2025-05-27T17:45:10.273+0530] {logging_mixin.py:188} INFO - [2025-05-27T17:45:10.272+0530] {dag.py:3036} INFO - Sync 1 DAGs
[2025-05-27T17:45:10.285+0530] {logging_mixin.py:188} INFO - [2025-05-27T17:45:10.285+0530] {dag.py:3823} INFO - Setting next_dagrun for example_branch_labels to 2025-05-26 00:00:00+00:00, run_after=2025-05-27 00:00:00+00:00
[2025-05-27T17:45:10.297+0530] {processor.py:183} INFO - Processing /Users/zafarimam/Documents/E-Commerce Order Pipeline/airflow_venv_39/lib/python3.9/site-packages/airflow/example_dags/example_branch_labels.py took 0.119 seconds
[2025-05-27T17:52:10.488+0530] {processor.py:161} INFO - Started process (PID=23373) to work on /Users/zafarimam/Documents/E-Commerce Order Pipeline/airflow_venv_39/lib/python3.9/site-packages/airflow/example_dags/example_branch_labels.py
[2025-05-27T17:52:10.490+0530] {processor.py:830} INFO - Processing file /Users/zafarimam/Documents/E-Commerce Order Pipeline/airflow_venv_39/lib/python3.9/site-packages/airflow/example_dags/example_branch_labels.py for tasks to queue
[2025-05-27T17:52:10.490+0530] {logging_mixin.py:188} INFO - [2025-05-27T17:52:10.490+0530] {dagbag.py:538} INFO - Filling up the DagBag from /Users/zafarimam/Documents/E-Commerce Order Pipeline/airflow_venv_39/lib/python3.9/site-packages/airflow/example_dags/example_branch_labels.py
[2025-05-27T17:52:10.499+0530] {processor.py:840} INFO - DAG(s) 'example_branch_labels' retrieved from /Users/zafarimam/Documents/E-Commerce Order Pipeline/airflow_venv_39/lib/python3.9/site-packages/airflow/example_dags/example_branch_labels.py
[2025-05-27T17:52:10.585+0530] {logging_mixin.py:188} INFO - [2025-05-27T17:52:10.585+0530] {dag.py:3036} INFO - Sync 1 DAGs
[2025-05-27T17:52:10.598+0530] {logging_mixin.py:188} INFO - [2025-05-27T17:52:10.597+0530] {dag.py:3823} INFO - Setting next_dagrun for example_branch_labels to 2025-05-26 00:00:00+00:00, run_after=2025-05-27 00:00:00+00:00
[2025-05-27T17:52:10.611+0530] {processor.py:183} INFO - Processing /Users/zafarimam/Documents/E-Commerce Order Pipeline/airflow_venv_39/lib/python3.9/site-packages/airflow/example_dags/example_branch_labels.py took 0.125 seconds
[2025-05-27T17:56:45.519+0530] {processor.py:161} INFO - Started process (PID=24089) to work on /Users/zafarimam/Documents/E-Commerce Order Pipeline/airflow_venv_39/lib/python3.9/site-packages/airflow/example_dags/example_branch_labels.py
[2025-05-27T17:56:45.521+0530] {processor.py:830} INFO - Processing file /Users/zafarimam/Documents/E-Commerce Order Pipeline/airflow_venv_39/lib/python3.9/site-packages/airflow/example_dags/example_branch_labels.py for tasks to queue
[2025-05-27T17:56:45.521+0530] {logging_mixin.py:188} INFO - [2025-05-27T17:56:45.521+0530] {dagbag.py:538} INFO - Filling up the DagBag from /Users/zafarimam/Documents/E-Commerce Order Pipeline/airflow_venv_39/lib/python3.9/site-packages/airflow/example_dags/example_branch_labels.py
[2025-05-27T17:56:45.531+0530] {processor.py:840} INFO - DAG(s) 'example_branch_labels' retrieved from /Users/zafarimam/Documents/E-Commerce Order Pipeline/airflow_venv_39/lib/python3.9/site-packages/airflow/example_dags/example_branch_labels.py
[2025-05-27T17:56:45.682+0530] {logging_mixin.py:188} INFO - [2025-05-27T17:56:45.682+0530] {dag.py:3036} INFO - Sync 1 DAGs
[2025-05-27T17:56:45.694+0530] {logging_mixin.py:188} INFO - [2025-05-27T17:56:45.694+0530] {dag.py:3823} INFO - Setting next_dagrun for example_branch_labels to 2025-05-26 00:00:00+00:00, run_after=2025-05-27 00:00:00+00:00
[2025-05-27T17:56:45.708+0530] {processor.py:183} INFO - Processing /Users/zafarimam/Documents/E-Commerce Order Pipeline/airflow_venv_39/lib/python3.9/site-packages/airflow/example_dags/example_branch_labels.py took 0.190 seconds
[2025-05-27T17:58:54.954+0530] {processor.py:161} INFO - Started process (PID=24869) to work on /Users/zafarimam/Documents/E-Commerce Order Pipeline/airflow_venv_39/lib/python3.9/site-packages/airflow/example_dags/example_branch_labels.py
[2025-05-27T17:58:54.956+0530] {processor.py:830} INFO - Processing file /Users/zafarimam/Documents/E-Commerce Order Pipeline/airflow_venv_39/lib/python3.9/site-packages/airflow/example_dags/example_branch_labels.py for tasks to queue
[2025-05-27T17:58:54.957+0530] {logging_mixin.py:188} INFO - [2025-05-27T17:58:54.957+0530] {dagbag.py:538} INFO - Filling up the DagBag from /Users/zafarimam/Documents/E-Commerce Order Pipeline/airflow_venv_39/lib/python3.9/site-packages/airflow/example_dags/example_branch_labels.py
[2025-05-27T17:58:54.966+0530] {processor.py:840} INFO - DAG(s) 'example_branch_labels' retrieved from /Users/zafarimam/Documents/E-Commerce Order Pipeline/airflow_venv_39/lib/python3.9/site-packages/airflow/example_dags/example_branch_labels.py
[2025-05-27T17:58:55.056+0530] {logging_mixin.py:188} INFO - [2025-05-27T17:58:55.056+0530] {dag.py:3036} INFO - Sync 1 DAGs
[2025-05-27T17:58:55.069+0530] {logging_mixin.py:188} INFO - [2025-05-27T17:58:55.069+0530] {dag.py:3823} INFO - Setting next_dagrun for example_branch_labels to 2025-05-26 00:00:00+00:00, run_after=2025-05-27 00:00:00+00:00
[2025-05-27T17:58:55.084+0530] {processor.py:183} INFO - Processing /Users/zafarimam/Documents/E-Commerce Order Pipeline/airflow_venv_39/lib/python3.9/site-packages/airflow/example_dags/example_branch_labels.py took 0.131 seconds
[2025-05-27T18:07:15.759+0530] {processor.py:161} INFO - Started process (PID=25136) to work on /Users/zafarimam/Documents/E-Commerce Order Pipeline/airflow_venv_39/lib/python3.9/site-packages/airflow/example_dags/example_branch_labels.py
[2025-05-27T18:07:15.762+0530] {processor.py:830} INFO - Processing file /Users/zafarimam/Documents/E-Commerce Order Pipeline/airflow_venv_39/lib/python3.9/site-packages/airflow/example_dags/example_branch_labels.py for tasks to queue
[2025-05-27T18:07:15.763+0530] {logging_mixin.py:188} INFO - [2025-05-27T18:07:15.763+0530] {dagbag.py:538} INFO - Filling up the DagBag from /Users/zafarimam/Documents/E-Commerce Order Pipeline/airflow_venv_39/lib/python3.9/site-packages/airflow/example_dags/example_branch_labels.py
[2025-05-27T18:07:15.776+0530] {processor.py:840} INFO - DAG(s) 'example_branch_labels' retrieved from /Users/zafarimam/Documents/E-Commerce Order Pipeline/airflow_venv_39/lib/python3.9/site-packages/airflow/example_dags/example_branch_labels.py
[2025-05-27T18:07:15.877+0530] {logging_mixin.py:188} INFO - [2025-05-27T18:07:15.877+0530] {dag.py:3036} INFO - Sync 1 DAGs
[2025-05-27T18:07:15.892+0530] {logging_mixin.py:188} INFO - [2025-05-27T18:07:15.891+0530] {dag.py:3823} INFO - Setting next_dagrun for example_branch_labels to 2025-05-26 00:00:00+00:00, run_after=2025-05-27 00:00:00+00:00
[2025-05-27T18:07:15.907+0530] {processor.py:183} INFO - Processing /Users/zafarimam/Documents/E-Commerce Order Pipeline/airflow_venv_39/lib/python3.9/site-packages/airflow/example_dags/example_branch_labels.py took 0.150 seconds
[2025-05-27T18:09:21.557+0530] {processor.py:161} INFO - Started process (PID=25199) to work on /Users/zafarimam/Documents/E-Commerce Order Pipeline/airflow_venv_39/lib/python3.9/site-packages/airflow/example_dags/example_branch_labels.py
[2025-05-27T18:09:21.558+0530] {processor.py:830} INFO - Processing file /Users/zafarimam/Documents/E-Commerce Order Pipeline/airflow_venv_39/lib/python3.9/site-packages/airflow/example_dags/example_branch_labels.py for tasks to queue
[2025-05-27T18:09:21.559+0530] {logging_mixin.py:188} INFO - [2025-05-27T18:09:21.559+0530] {dagbag.py:538} INFO - Filling up the DagBag from /Users/zafarimam/Documents/E-Commerce Order Pipeline/airflow_venv_39/lib/python3.9/site-packages/airflow/example_dags/example_branch_labels.py
[2025-05-27T18:09:21.568+0530] {processor.py:840} INFO - DAG(s) 'example_branch_labels' retrieved from /Users/zafarimam/Documents/E-Commerce Order Pipeline/airflow_venv_39/lib/python3.9/site-packages/airflow/example_dags/example_branch_labels.py
[2025-05-27T18:09:21.655+0530] {logging_mixin.py:188} INFO - [2025-05-27T18:09:21.654+0530] {dag.py:3036} INFO - Sync 1 DAGs
[2025-05-27T18:09:21.667+0530] {logging_mixin.py:188} INFO - [2025-05-27T18:09:21.667+0530] {dag.py:3823} INFO - Setting next_dagrun for example_branch_labels to 2025-05-26 00:00:00+00:00, run_after=2025-05-27 00:00:00+00:00
[2025-05-27T18:09:21.680+0530] {processor.py:183} INFO - Processing /Users/zafarimam/Documents/E-Commerce Order Pipeline/airflow_venv_39/lib/python3.9/site-packages/airflow/example_dags/example_branch_labels.py took 0.124 seconds
[2025-05-27T18:13:01.121+0530] {processor.py:161} INFO - Started process (PID=25312) to work on /Users/zafarimam/Documents/E-Commerce Order Pipeline/airflow_venv_39/lib/python3.9/site-packages/airflow/example_dags/example_branch_labels.py
[2025-05-27T18:13:01.122+0530] {processor.py:830} INFO - Processing file /Users/zafarimam/Documents/E-Commerce Order Pipeline/airflow_venv_39/lib/python3.9/site-packages/airflow/example_dags/example_branch_labels.py for tasks to queue
[2025-05-27T18:13:01.122+0530] {logging_mixin.py:188} INFO - [2025-05-27T18:13:01.122+0530] {dagbag.py:538} INFO - Filling up the DagBag from /Users/zafarimam/Documents/E-Commerce Order Pipeline/airflow_venv_39/lib/python3.9/site-packages/airflow/example_dags/example_branch_labels.py
[2025-05-27T18:13:01.132+0530] {processor.py:840} INFO - DAG(s) 'example_branch_labels' retrieved from /Users/zafarimam/Documents/E-Commerce Order Pipeline/airflow_venv_39/lib/python3.9/site-packages/airflow/example_dags/example_branch_labels.py
[2025-05-27T18:13:01.231+0530] {logging_mixin.py:188} INFO - [2025-05-27T18:13:01.230+0530] {dag.py:3036} INFO - Sync 1 DAGs
[2025-05-27T18:13:01.246+0530] {logging_mixin.py:188} INFO - [2025-05-27T18:13:01.246+0530] {dag.py:3823} INFO - Setting next_dagrun for example_branch_labels to 2025-05-26 00:00:00+00:00, run_after=2025-05-27 00:00:00+00:00
[2025-05-27T18:13:01.263+0530] {processor.py:183} INFO - Processing /Users/zafarimam/Documents/E-Commerce Order Pipeline/airflow_venv_39/lib/python3.9/site-packages/airflow/example_dags/example_branch_labels.py took 0.145 seconds
[2025-05-27T18:16:42.111+0530] {processor.py:161} INFO - Started process (PID=25447) to work on /Users/zafarimam/Documents/E-Commerce Order Pipeline/airflow_venv_39/lib/python3.9/site-packages/airflow/example_dags/example_branch_labels.py
[2025-05-27T18:16:42.112+0530] {processor.py:830} INFO - Processing file /Users/zafarimam/Documents/E-Commerce Order Pipeline/airflow_venv_39/lib/python3.9/site-packages/airflow/example_dags/example_branch_labels.py for tasks to queue
[2025-05-27T18:16:42.113+0530] {logging_mixin.py:188} INFO - [2025-05-27T18:16:42.113+0530] {dagbag.py:538} INFO - Filling up the DagBag from /Users/zafarimam/Documents/E-Commerce Order Pipeline/airflow_venv_39/lib/python3.9/site-packages/airflow/example_dags/example_branch_labels.py
[2025-05-27T18:16:42.122+0530] {processor.py:840} INFO - DAG(s) 'example_branch_labels' retrieved from /Users/zafarimam/Documents/E-Commerce Order Pipeline/airflow_venv_39/lib/python3.9/site-packages/airflow/example_dags/example_branch_labels.py
[2025-05-27T18:16:42.206+0530] {logging_mixin.py:188} INFO - [2025-05-27T18:16:42.206+0530] {dag.py:3036} INFO - Sync 1 DAGs
[2025-05-27T18:16:42.218+0530] {logging_mixin.py:188} INFO - [2025-05-27T18:16:42.218+0530] {dag.py:3823} INFO - Setting next_dagrun for example_branch_labels to 2025-05-26 00:00:00+00:00, run_after=2025-05-27 00:00:00+00:00
[2025-05-27T18:16:42.233+0530] {processor.py:183} INFO - Processing /Users/zafarimam/Documents/E-Commerce Order Pipeline/airflow_venv_39/lib/python3.9/site-packages/airflow/example_dags/example_branch_labels.py took 0.123 seconds
[2025-05-27T18:23:13.520+0530] {processor.py:161} INFO - Started process (PID=25721) to work on /Users/zafarimam/Documents/E-Commerce Order Pipeline/airflow_venv_39/lib/python3.9/site-packages/airflow/example_dags/example_branch_labels.py
[2025-05-27T18:23:13.521+0530] {processor.py:830} INFO - Processing file /Users/zafarimam/Documents/E-Commerce Order Pipeline/airflow_venv_39/lib/python3.9/site-packages/airflow/example_dags/example_branch_labels.py for tasks to queue
[2025-05-27T18:23:13.523+0530] {logging_mixin.py:188} INFO - [2025-05-27T18:23:13.522+0530] {dagbag.py:538} INFO - Filling up the DagBag from /Users/zafarimam/Documents/E-Commerce Order Pipeline/airflow_venv_39/lib/python3.9/site-packages/airflow/example_dags/example_branch_labels.py
[2025-05-27T18:23:13.533+0530] {processor.py:840} INFO - DAG(s) 'example_branch_labels' retrieved from /Users/zafarimam/Documents/E-Commerce Order Pipeline/airflow_venv_39/lib/python3.9/site-packages/airflow/example_dags/example_branch_labels.py
[2025-05-27T18:23:13.634+0530] {logging_mixin.py:188} INFO - [2025-05-27T18:23:13.634+0530] {dag.py:3036} INFO - Sync 1 DAGs
[2025-05-27T18:23:13.650+0530] {logging_mixin.py:188} INFO - [2025-05-27T18:23:13.650+0530] {dag.py:3823} INFO - Setting next_dagrun for example_branch_labels to 2025-05-26 00:00:00+00:00, run_after=2025-05-27 00:00:00+00:00
[2025-05-27T18:23:13.668+0530] {processor.py:183} INFO - Processing /Users/zafarimam/Documents/E-Commerce Order Pipeline/airflow_venv_39/lib/python3.9/site-packages/airflow/example_dags/example_branch_labels.py took 0.150 seconds
[2025-05-27T18:28:28.324+0530] {processor.py:161} INFO - Started process (PID=25891) to work on /Users/zafarimam/Documents/E-Commerce Order Pipeline/airflow_venv_39/lib/python3.9/site-packages/airflow/example_dags/example_branch_labels.py
[2025-05-27T18:28:28.325+0530] {processor.py:830} INFO - Processing file /Users/zafarimam/Documents/E-Commerce Order Pipeline/airflow_venv_39/lib/python3.9/site-packages/airflow/example_dags/example_branch_labels.py for tasks to queue
[2025-05-27T18:28:28.326+0530] {logging_mixin.py:188} INFO - [2025-05-27T18:28:28.326+0530] {dagbag.py:538} INFO - Filling up the DagBag from /Users/zafarimam/Documents/E-Commerce Order Pipeline/airflow_venv_39/lib/python3.9/site-packages/airflow/example_dags/example_branch_labels.py
[2025-05-27T18:28:28.335+0530] {processor.py:840} INFO - DAG(s) 'example_branch_labels' retrieved from /Users/zafarimam/Documents/E-Commerce Order Pipeline/airflow_venv_39/lib/python3.9/site-packages/airflow/example_dags/example_branch_labels.py
[2025-05-27T18:28:28.423+0530] {logging_mixin.py:188} INFO - [2025-05-27T18:28:28.422+0530] {dag.py:3036} INFO - Sync 1 DAGs
[2025-05-27T18:28:28.435+0530] {logging_mixin.py:188} INFO - [2025-05-27T18:28:28.435+0530] {dag.py:3823} INFO - Setting next_dagrun for example_branch_labels to 2025-05-26 00:00:00+00:00, run_after=2025-05-27 00:00:00+00:00
[2025-05-27T18:28:28.449+0530] {processor.py:183} INFO - Processing /Users/zafarimam/Documents/E-Commerce Order Pipeline/airflow_venv_39/lib/python3.9/site-packages/airflow/example_dags/example_branch_labels.py took 0.127 seconds
[2025-05-27T18:30:20.908+0530] {processor.py:161} INFO - Started process (PID=25953) to work on /Users/zafarimam/Documents/E-Commerce Order Pipeline/airflow_venv_39/lib/python3.9/site-packages/airflow/example_dags/example_branch_labels.py
[2025-05-27T18:30:20.909+0530] {processor.py:830} INFO - Processing file /Users/zafarimam/Documents/E-Commerce Order Pipeline/airflow_venv_39/lib/python3.9/site-packages/airflow/example_dags/example_branch_labels.py for tasks to queue
[2025-05-27T18:30:20.909+0530] {logging_mixin.py:188} INFO - [2025-05-27T18:30:20.909+0530] {dagbag.py:538} INFO - Filling up the DagBag from /Users/zafarimam/Documents/E-Commerce Order Pipeline/airflow_venv_39/lib/python3.9/site-packages/airflow/example_dags/example_branch_labels.py
[2025-05-27T18:30:20.918+0530] {processor.py:840} INFO - DAG(s) 'example_branch_labels' retrieved from /Users/zafarimam/Documents/E-Commerce Order Pipeline/airflow_venv_39/lib/python3.9/site-packages/airflow/example_dags/example_branch_labels.py
[2025-05-27T18:30:21.003+0530] {logging_mixin.py:188} INFO - [2025-05-27T18:30:21.003+0530] {dag.py:3036} INFO - Sync 1 DAGs
[2025-05-27T18:30:21.015+0530] {logging_mixin.py:188} INFO - [2025-05-27T18:30:21.015+0530] {dag.py:3823} INFO - Setting next_dagrun for example_branch_labels to 2025-05-26 00:00:00+00:00, run_after=2025-05-27 00:00:00+00:00
[2025-05-27T18:30:21.028+0530] {processor.py:183} INFO - Processing /Users/zafarimam/Documents/E-Commerce Order Pipeline/airflow_venv_39/lib/python3.9/site-packages/airflow/example_dags/example_branch_labels.py took 0.122 seconds
[2025-05-27T18:37:57.921+0530] {processor.py:161} INFO - Started process (PID=26236) to work on /Users/zafarimam/Documents/E-Commerce Order Pipeline/airflow_venv_39/lib/python3.9/site-packages/airflow/example_dags/example_branch_labels.py
[2025-05-27T18:37:57.923+0530] {processor.py:830} INFO - Processing file /Users/zafarimam/Documents/E-Commerce Order Pipeline/airflow_venv_39/lib/python3.9/site-packages/airflow/example_dags/example_branch_labels.py for tasks to queue
[2025-05-27T18:37:57.923+0530] {logging_mixin.py:188} INFO - [2025-05-27T18:37:57.923+0530] {dagbag.py:538} INFO - Filling up the DagBag from /Users/zafarimam/Documents/E-Commerce Order Pipeline/airflow_venv_39/lib/python3.9/site-packages/airflow/example_dags/example_branch_labels.py
[2025-05-27T18:37:57.932+0530] {processor.py:840} INFO - DAG(s) 'example_branch_labels' retrieved from /Users/zafarimam/Documents/E-Commerce Order Pipeline/airflow_venv_39/lib/python3.9/site-packages/airflow/example_dags/example_branch_labels.py
[2025-05-27T18:37:58.021+0530] {logging_mixin.py:188} INFO - [2025-05-27T18:37:58.021+0530] {dag.py:3036} INFO - Sync 1 DAGs
[2025-05-27T18:37:58.034+0530] {logging_mixin.py:188} INFO - [2025-05-27T18:37:58.034+0530] {dag.py:3823} INFO - Setting next_dagrun for example_branch_labels to 2025-05-26 00:00:00+00:00, run_after=2025-05-27 00:00:00+00:00
[2025-05-27T18:37:58.047+0530] {processor.py:183} INFO - Processing /Users/zafarimam/Documents/E-Commerce Order Pipeline/airflow_venv_39/lib/python3.9/site-packages/airflow/example_dags/example_branch_labels.py took 0.128 seconds
[2025-05-27T18:47:47.034+0530] {processor.py:161} INFO - Started process (PID=26748) to work on /Users/zafarimam/Documents/E-Commerce Order Pipeline/airflow_venv_39/lib/python3.9/site-packages/airflow/example_dags/example_branch_labels.py
[2025-05-27T18:47:47.036+0530] {processor.py:830} INFO - Processing file /Users/zafarimam/Documents/E-Commerce Order Pipeline/airflow_venv_39/lib/python3.9/site-packages/airflow/example_dags/example_branch_labels.py for tasks to queue
[2025-05-27T18:47:47.036+0530] {logging_mixin.py:188} INFO - [2025-05-27T18:47:47.036+0530] {dagbag.py:538} INFO - Filling up the DagBag from /Users/zafarimam/Documents/E-Commerce Order Pipeline/airflow_venv_39/lib/python3.9/site-packages/airflow/example_dags/example_branch_labels.py
[2025-05-27T18:47:47.046+0530] {processor.py:840} INFO - DAG(s) 'example_branch_labels' retrieved from /Users/zafarimam/Documents/E-Commerce Order Pipeline/airflow_venv_39/lib/python3.9/site-packages/airflow/example_dags/example_branch_labels.py
[2025-05-27T18:47:47.194+0530] {logging_mixin.py:188} INFO - [2025-05-27T18:47:47.194+0530] {dag.py:3036} INFO - Sync 1 DAGs
[2025-05-27T18:47:47.207+0530] {logging_mixin.py:188} INFO - [2025-05-27T18:47:47.206+0530] {dag.py:3823} INFO - Setting next_dagrun for example_branch_labels to 2025-05-26 00:00:00+00:00, run_after=2025-05-27 00:00:00+00:00
[2025-05-27T18:47:47.221+0530] {processor.py:183} INFO - Processing /Users/zafarimam/Documents/E-Commerce Order Pipeline/airflow_venv_39/lib/python3.9/site-packages/airflow/example_dags/example_branch_labels.py took 0.188 seconds
[2025-05-27T18:49:42.168+0530] {processor.py:161} INFO - Started process (PID=26830) to work on /Users/zafarimam/Documents/E-Commerce Order Pipeline/airflow_venv_39/lib/python3.9/site-packages/airflow/example_dags/example_branch_labels.py
[2025-05-27T18:49:42.169+0530] {processor.py:830} INFO - Processing file /Users/zafarimam/Documents/E-Commerce Order Pipeline/airflow_venv_39/lib/python3.9/site-packages/airflow/example_dags/example_branch_labels.py for tasks to queue
[2025-05-27T18:49:42.170+0530] {logging_mixin.py:188} INFO - [2025-05-27T18:49:42.170+0530] {dagbag.py:538} INFO - Filling up the DagBag from /Users/zafarimam/Documents/E-Commerce Order Pipeline/airflow_venv_39/lib/python3.9/site-packages/airflow/example_dags/example_branch_labels.py
[2025-05-27T18:49:42.180+0530] {processor.py:840} INFO - DAG(s) 'example_branch_labels' retrieved from /Users/zafarimam/Documents/E-Commerce Order Pipeline/airflow_venv_39/lib/python3.9/site-packages/airflow/example_dags/example_branch_labels.py
[2025-05-27T18:49:42.268+0530] {logging_mixin.py:188} INFO - [2025-05-27T18:49:42.267+0530] {dag.py:3036} INFO - Sync 1 DAGs
[2025-05-27T18:49:42.281+0530] {logging_mixin.py:188} INFO - [2025-05-27T18:49:42.281+0530] {dag.py:3823} INFO - Setting next_dagrun for example_branch_labels to 2025-05-26 00:00:00+00:00, run_after=2025-05-27 00:00:00+00:00
[2025-05-27T18:49:42.295+0530] {processor.py:183} INFO - Processing /Users/zafarimam/Documents/E-Commerce Order Pipeline/airflow_venv_39/lib/python3.9/site-packages/airflow/example_dags/example_branch_labels.py took 0.128 seconds
[2025-05-27T18:53:36.374+0530] {processor.py:161} INFO - Started process (PID=26975) to work on /Users/zafarimam/Documents/E-Commerce Order Pipeline/airflow_venv_39/lib/python3.9/site-packages/airflow/example_dags/example_branch_labels.py
[2025-05-27T18:53:36.375+0530] {processor.py:830} INFO - Processing file /Users/zafarimam/Documents/E-Commerce Order Pipeline/airflow_venv_39/lib/python3.9/site-packages/airflow/example_dags/example_branch_labels.py for tasks to queue
[2025-05-27T18:53:36.376+0530] {logging_mixin.py:188} INFO - [2025-05-27T18:53:36.376+0530] {dagbag.py:538} INFO - Filling up the DagBag from /Users/zafarimam/Documents/E-Commerce Order Pipeline/airflow_venv_39/lib/python3.9/site-packages/airflow/example_dags/example_branch_labels.py
[2025-05-27T18:53:36.386+0530] {processor.py:840} INFO - DAG(s) 'example_branch_labels' retrieved from /Users/zafarimam/Documents/E-Commerce Order Pipeline/airflow_venv_39/lib/python3.9/site-packages/airflow/example_dags/example_branch_labels.py
[2025-05-27T18:53:36.498+0530] {logging_mixin.py:188} INFO - [2025-05-27T18:53:36.497+0530] {dag.py:3036} INFO - Sync 1 DAGs
[2025-05-27T18:53:36.518+0530] {logging_mixin.py:188} INFO - [2025-05-27T18:53:36.517+0530] {dag.py:3823} INFO - Setting next_dagrun for example_branch_labels to 2025-05-26 00:00:00+00:00, run_after=2025-05-27 00:00:00+00:00
[2025-05-27T18:53:36.538+0530] {processor.py:183} INFO - Processing /Users/zafarimam/Documents/E-Commerce Order Pipeline/airflow_venv_39/lib/python3.9/site-packages/airflow/example_dags/example_branch_labels.py took 0.166 seconds
[2025-05-27T18:57:46.925+0530] {processor.py:161} INFO - Started process (PID=27139) to work on /Users/zafarimam/Documents/E-Commerce Order Pipeline/airflow_venv_39/lib/python3.9/site-packages/airflow/example_dags/example_branch_labels.py
[2025-05-27T18:57:46.927+0530] {processor.py:830} INFO - Processing file /Users/zafarimam/Documents/E-Commerce Order Pipeline/airflow_venv_39/lib/python3.9/site-packages/airflow/example_dags/example_branch_labels.py for tasks to queue
[2025-05-27T18:57:46.928+0530] {logging_mixin.py:188} INFO - [2025-05-27T18:57:46.928+0530] {dagbag.py:538} INFO - Filling up the DagBag from /Users/zafarimam/Documents/E-Commerce Order Pipeline/airflow_venv_39/lib/python3.9/site-packages/airflow/example_dags/example_branch_labels.py
[2025-05-27T18:57:46.937+0530] {processor.py:840} INFO - DAG(s) 'example_branch_labels' retrieved from /Users/zafarimam/Documents/E-Commerce Order Pipeline/airflow_venv_39/lib/python3.9/site-packages/airflow/example_dags/example_branch_labels.py
[2025-05-27T18:57:47.030+0530] {logging_mixin.py:188} INFO - [2025-05-27T18:57:47.030+0530] {dag.py:3036} INFO - Sync 1 DAGs
[2025-05-27T18:57:47.044+0530] {logging_mixin.py:188} INFO - [2025-05-27T18:57:47.044+0530] {dag.py:3823} INFO - Setting next_dagrun for example_branch_labels to 2025-05-26 00:00:00+00:00, run_after=2025-05-27 00:00:00+00:00
[2025-05-27T18:57:47.058+0530] {processor.py:183} INFO - Processing /Users/zafarimam/Documents/E-Commerce Order Pipeline/airflow_venv_39/lib/python3.9/site-packages/airflow/example_dags/example_branch_labels.py took 0.135 seconds
[2025-05-27T19:01:57.902+0530] {processor.py:161} INFO - Started process (PID=27310) to work on /Users/zafarimam/Documents/E-Commerce Order Pipeline/airflow_venv_39/lib/python3.9/site-packages/airflow/example_dags/example_branch_labels.py
[2025-05-27T19:01:57.903+0530] {processor.py:830} INFO - Processing file /Users/zafarimam/Documents/E-Commerce Order Pipeline/airflow_venv_39/lib/python3.9/site-packages/airflow/example_dags/example_branch_labels.py for tasks to queue
[2025-05-27T19:01:57.904+0530] {logging_mixin.py:188} INFO - [2025-05-27T19:01:57.904+0530] {dagbag.py:538} INFO - Filling up the DagBag from /Users/zafarimam/Documents/E-Commerce Order Pipeline/airflow_venv_39/lib/python3.9/site-packages/airflow/example_dags/example_branch_labels.py
[2025-05-27T19:01:57.915+0530] {processor.py:840} INFO - DAG(s) 'example_branch_labels' retrieved from /Users/zafarimam/Documents/E-Commerce Order Pipeline/airflow_venv_39/lib/python3.9/site-packages/airflow/example_dags/example_branch_labels.py
[2025-05-27T19:01:58.013+0530] {logging_mixin.py:188} INFO - [2025-05-27T19:01:58.013+0530] {dag.py:3036} INFO - Sync 1 DAGs
[2025-05-27T19:01:58.028+0530] {logging_mixin.py:188} INFO - [2025-05-27T19:01:58.027+0530] {dag.py:3823} INFO - Setting next_dagrun for example_branch_labels to 2025-05-26 00:00:00+00:00, run_after=2025-05-27 00:00:00+00:00
[2025-05-27T19:01:58.042+0530] {processor.py:183} INFO - Processing /Users/zafarimam/Documents/E-Commerce Order Pipeline/airflow_venv_39/lib/python3.9/site-packages/airflow/example_dags/example_branch_labels.py took 0.142 seconds
[2025-05-27T19:05:55.756+0530] {processor.py:161} INFO - Started process (PID=27430) to work on /Users/zafarimam/Documents/E-Commerce Order Pipeline/airflow_venv_39/lib/python3.9/site-packages/airflow/example_dags/example_branch_labels.py
[2025-05-27T19:05:55.768+0530] {processor.py:830} INFO - Processing file /Users/zafarimam/Documents/E-Commerce Order Pipeline/airflow_venv_39/lib/python3.9/site-packages/airflow/example_dags/example_branch_labels.py for tasks to queue
[2025-05-27T19:05:55.769+0530] {logging_mixin.py:188} INFO - [2025-05-27T19:05:55.769+0530] {dagbag.py:538} INFO - Filling up the DagBag from /Users/zafarimam/Documents/E-Commerce Order Pipeline/airflow_venv_39/lib/python3.9/site-packages/airflow/example_dags/example_branch_labels.py
[2025-05-27T19:05:55.796+0530] {processor.py:840} INFO - DAG(s) 'example_branch_labels' retrieved from /Users/zafarimam/Documents/E-Commerce Order Pipeline/airflow_venv_39/lib/python3.9/site-packages/airflow/example_dags/example_branch_labels.py
[2025-05-27T19:05:55.897+0530] {logging_mixin.py:188} INFO - [2025-05-27T19:05:55.896+0530] {dag.py:3036} INFO - Sync 1 DAGs
[2025-05-27T19:05:55.913+0530] {logging_mixin.py:188} INFO - [2025-05-27T19:05:55.912+0530] {dag.py:3823} INFO - Setting next_dagrun for example_branch_labels to 2025-05-26 00:00:00+00:00, run_after=2025-05-27 00:00:00+00:00
[2025-05-27T19:05:55.930+0530] {processor.py:183} INFO - Processing /Users/zafarimam/Documents/E-Commerce Order Pipeline/airflow_venv_39/lib/python3.9/site-packages/airflow/example_dags/example_branch_labels.py took 0.175 seconds
[2025-05-27T19:09:51.869+0530] {processor.py:161} INFO - Started process (PID=27581) to work on /Users/zafarimam/Documents/E-Commerce Order Pipeline/airflow_venv_39/lib/python3.9/site-packages/airflow/example_dags/example_branch_labels.py
[2025-05-27T19:09:51.871+0530] {processor.py:830} INFO - Processing file /Users/zafarimam/Documents/E-Commerce Order Pipeline/airflow_venv_39/lib/python3.9/site-packages/airflow/example_dags/example_branch_labels.py for tasks to queue
[2025-05-27T19:09:51.872+0530] {logging_mixin.py:188} INFO - [2025-05-27T19:09:51.871+0530] {dagbag.py:538} INFO - Filling up the DagBag from /Users/zafarimam/Documents/E-Commerce Order Pipeline/airflow_venv_39/lib/python3.9/site-packages/airflow/example_dags/example_branch_labels.py
[2025-05-27T19:09:51.879+0530] {processor.py:840} INFO - DAG(s) 'example_branch_labels' retrieved from /Users/zafarimam/Documents/E-Commerce Order Pipeline/airflow_venv_39/lib/python3.9/site-packages/airflow/example_dags/example_branch_labels.py
[2025-05-27T19:09:51.959+0530] {logging_mixin.py:188} INFO - [2025-05-27T19:09:51.958+0530] {dag.py:3036} INFO - Sync 1 DAGs
[2025-05-27T19:09:51.971+0530] {logging_mixin.py:188} INFO - [2025-05-27T19:09:51.971+0530] {dag.py:3823} INFO - Setting next_dagrun for example_branch_labels to 2025-05-26 00:00:00+00:00, run_after=2025-05-27 00:00:00+00:00
[2025-05-27T19:09:51.983+0530] {processor.py:183} INFO - Processing /Users/zafarimam/Documents/E-Commerce Order Pipeline/airflow_venv_39/lib/python3.9/site-packages/airflow/example_dags/example_branch_labels.py took 0.115 seconds
[2025-05-27T19:13:13.365+0530] {processor.py:161} INFO - Started process (PID=27687) to work on /Users/zafarimam/Documents/E-Commerce Order Pipeline/airflow_venv_39/lib/python3.9/site-packages/airflow/example_dags/example_branch_labels.py
[2025-05-27T19:13:13.366+0530] {processor.py:830} INFO - Processing file /Users/zafarimam/Documents/E-Commerce Order Pipeline/airflow_venv_39/lib/python3.9/site-packages/airflow/example_dags/example_branch_labels.py for tasks to queue
[2025-05-27T19:13:13.366+0530] {logging_mixin.py:188} INFO - [2025-05-27T19:13:13.366+0530] {dagbag.py:538} INFO - Filling up the DagBag from /Users/zafarimam/Documents/E-Commerce Order Pipeline/airflow_venv_39/lib/python3.9/site-packages/airflow/example_dags/example_branch_labels.py
[2025-05-27T19:13:13.374+0530] {processor.py:840} INFO - DAG(s) 'example_branch_labels' retrieved from /Users/zafarimam/Documents/E-Commerce Order Pipeline/airflow_venv_39/lib/python3.9/site-packages/airflow/example_dags/example_branch_labels.py
[2025-05-27T19:13:13.452+0530] {logging_mixin.py:188} INFO - [2025-05-27T19:13:13.452+0530] {dag.py:3036} INFO - Sync 1 DAGs
[2025-05-27T19:13:13.464+0530] {logging_mixin.py:188} INFO - [2025-05-27T19:13:13.464+0530] {dag.py:3823} INFO - Setting next_dagrun for example_branch_labels to 2025-05-26 00:00:00+00:00, run_after=2025-05-27 00:00:00+00:00
[2025-05-27T19:13:13.476+0530] {processor.py:183} INFO - Processing /Users/zafarimam/Documents/E-Commerce Order Pipeline/airflow_venv_39/lib/python3.9/site-packages/airflow/example_dags/example_branch_labels.py took 0.113 seconds
[2025-05-27T19:16:33.876+0530] {processor.py:161} INFO - Started process (PID=27793) to work on /Users/zafarimam/Documents/E-Commerce Order Pipeline/airflow_venv_39/lib/python3.9/site-packages/airflow/example_dags/example_branch_labels.py
[2025-05-27T19:16:33.877+0530] {processor.py:830} INFO - Processing file /Users/zafarimam/Documents/E-Commerce Order Pipeline/airflow_venv_39/lib/python3.9/site-packages/airflow/example_dags/example_branch_labels.py for tasks to queue
[2025-05-27T19:16:33.878+0530] {logging_mixin.py:188} INFO - [2025-05-27T19:16:33.877+0530] {dagbag.py:538} INFO - Filling up the DagBag from /Users/zafarimam/Documents/E-Commerce Order Pipeline/airflow_venv_39/lib/python3.9/site-packages/airflow/example_dags/example_branch_labels.py
[2025-05-27T19:16:33.886+0530] {processor.py:840} INFO - DAG(s) 'example_branch_labels' retrieved from /Users/zafarimam/Documents/E-Commerce Order Pipeline/airflow_venv_39/lib/python3.9/site-packages/airflow/example_dags/example_branch_labels.py
[2025-05-27T19:16:33.964+0530] {logging_mixin.py:188} INFO - [2025-05-27T19:16:33.964+0530] {dag.py:3036} INFO - Sync 1 DAGs
[2025-05-27T19:16:33.977+0530] {logging_mixin.py:188} INFO - [2025-05-27T19:16:33.977+0530] {dag.py:3823} INFO - Setting next_dagrun for example_branch_labels to 2025-05-26 00:00:00+00:00, run_after=2025-05-27 00:00:00+00:00
[2025-05-27T19:16:33.988+0530] {processor.py:183} INFO - Processing /Users/zafarimam/Documents/E-Commerce Order Pipeline/airflow_venv_39/lib/python3.9/site-packages/airflow/example_dags/example_branch_labels.py took 0.113 seconds
[2025-05-27T19:19:55.210+0530] {processor.py:161} INFO - Started process (PID=27933) to work on /Users/zafarimam/Documents/E-Commerce Order Pipeline/airflow_venv_39/lib/python3.9/site-packages/airflow/example_dags/example_branch_labels.py
[2025-05-27T19:19:55.211+0530] {processor.py:830} INFO - Processing file /Users/zafarimam/Documents/E-Commerce Order Pipeline/airflow_venv_39/lib/python3.9/site-packages/airflow/example_dags/example_branch_labels.py for tasks to queue
[2025-05-27T19:19:55.211+0530] {logging_mixin.py:188} INFO - [2025-05-27T19:19:55.211+0530] {dagbag.py:538} INFO - Filling up the DagBag from /Users/zafarimam/Documents/E-Commerce Order Pipeline/airflow_venv_39/lib/python3.9/site-packages/airflow/example_dags/example_branch_labels.py
[2025-05-27T19:19:55.219+0530] {processor.py:840} INFO - DAG(s) 'example_branch_labels' retrieved from /Users/zafarimam/Documents/E-Commerce Order Pipeline/airflow_venv_39/lib/python3.9/site-packages/airflow/example_dags/example_branch_labels.py
[2025-05-27T19:19:55.299+0530] {logging_mixin.py:188} INFO - [2025-05-27T19:19:55.299+0530] {dag.py:3036} INFO - Sync 1 DAGs
[2025-05-27T19:19:55.312+0530] {logging_mixin.py:188} INFO - [2025-05-27T19:19:55.312+0530] {dag.py:3823} INFO - Setting next_dagrun for example_branch_labels to 2025-05-26 00:00:00+00:00, run_after=2025-05-27 00:00:00+00:00
[2025-05-27T19:19:55.329+0530] {processor.py:183} INFO - Processing /Users/zafarimam/Documents/E-Commerce Order Pipeline/airflow_venv_39/lib/python3.9/site-packages/airflow/example_dags/example_branch_labels.py took 0.121 seconds
[2025-05-27T19:23:15.330+0530] {processor.py:161} INFO - Started process (PID=28049) to work on /Users/zafarimam/Documents/E-Commerce Order Pipeline/airflow_venv_39/lib/python3.9/site-packages/airflow/example_dags/example_branch_labels.py
[2025-05-27T19:23:15.330+0530] {processor.py:830} INFO - Processing file /Users/zafarimam/Documents/E-Commerce Order Pipeline/airflow_venv_39/lib/python3.9/site-packages/airflow/example_dags/example_branch_labels.py for tasks to queue
[2025-05-27T19:23:15.331+0530] {logging_mixin.py:188} INFO - [2025-05-27T19:23:15.331+0530] {dagbag.py:538} INFO - Filling up the DagBag from /Users/zafarimam/Documents/E-Commerce Order Pipeline/airflow_venv_39/lib/python3.9/site-packages/airflow/example_dags/example_branch_labels.py
[2025-05-27T19:23:15.339+0530] {processor.py:840} INFO - DAG(s) 'example_branch_labels' retrieved from /Users/zafarimam/Documents/E-Commerce Order Pipeline/airflow_venv_39/lib/python3.9/site-packages/airflow/example_dags/example_branch_labels.py
[2025-05-27T19:23:15.418+0530] {logging_mixin.py:188} INFO - [2025-05-27T19:23:15.418+0530] {dag.py:3036} INFO - Sync 1 DAGs
[2025-05-27T19:23:15.431+0530] {logging_mixin.py:188} INFO - [2025-05-27T19:23:15.431+0530] {dag.py:3823} INFO - Setting next_dagrun for example_branch_labels to 2025-05-26 00:00:00+00:00, run_after=2025-05-27 00:00:00+00:00
[2025-05-27T19:23:15.444+0530] {processor.py:183} INFO - Processing /Users/zafarimam/Documents/E-Commerce Order Pipeline/airflow_venv_39/lib/python3.9/site-packages/airflow/example_dags/example_branch_labels.py took 0.116 seconds
[2025-05-27T19:26:36.990+0530] {processor.py:161} INFO - Started process (PID=28155) to work on /Users/zafarimam/Documents/E-Commerce Order Pipeline/airflow_venv_39/lib/python3.9/site-packages/airflow/example_dags/example_branch_labels.py
[2025-05-27T19:26:36.991+0530] {processor.py:830} INFO - Processing file /Users/zafarimam/Documents/E-Commerce Order Pipeline/airflow_venv_39/lib/python3.9/site-packages/airflow/example_dags/example_branch_labels.py for tasks to queue
[2025-05-27T19:26:36.992+0530] {logging_mixin.py:188} INFO - [2025-05-27T19:26:36.992+0530] {dagbag.py:538} INFO - Filling up the DagBag from /Users/zafarimam/Documents/E-Commerce Order Pipeline/airflow_venv_39/lib/python3.9/site-packages/airflow/example_dags/example_branch_labels.py
[2025-05-27T19:26:37.000+0530] {processor.py:840} INFO - DAG(s) 'example_branch_labels' retrieved from /Users/zafarimam/Documents/E-Commerce Order Pipeline/airflow_venv_39/lib/python3.9/site-packages/airflow/example_dags/example_branch_labels.py
[2025-05-27T19:26:37.078+0530] {logging_mixin.py:188} INFO - [2025-05-27T19:26:37.078+0530] {dag.py:3036} INFO - Sync 1 DAGs
[2025-05-27T19:26:37.091+0530] {logging_mixin.py:188} INFO - [2025-05-27T19:26:37.090+0530] {dag.py:3823} INFO - Setting next_dagrun for example_branch_labels to 2025-05-26 00:00:00+00:00, run_after=2025-05-27 00:00:00+00:00
[2025-05-27T19:26:37.108+0530] {processor.py:183} INFO - Processing /Users/zafarimam/Documents/E-Commerce Order Pipeline/airflow_venv_39/lib/python3.9/site-packages/airflow/example_dags/example_branch_labels.py took 0.118 seconds
[2025-05-27T19:29:56.257+0530] {processor.py:161} INFO - Started process (PID=28261) to work on /Users/zafarimam/Documents/E-Commerce Order Pipeline/airflow_venv_39/lib/python3.9/site-packages/airflow/example_dags/example_branch_labels.py
[2025-05-27T19:29:56.258+0530] {processor.py:830} INFO - Processing file /Users/zafarimam/Documents/E-Commerce Order Pipeline/airflow_venv_39/lib/python3.9/site-packages/airflow/example_dags/example_branch_labels.py for tasks to queue
[2025-05-27T19:29:56.259+0530] {logging_mixin.py:188} INFO - [2025-05-27T19:29:56.259+0530] {dagbag.py:538} INFO - Filling up the DagBag from /Users/zafarimam/Documents/E-Commerce Order Pipeline/airflow_venv_39/lib/python3.9/site-packages/airflow/example_dags/example_branch_labels.py
[2025-05-27T19:29:56.266+0530] {processor.py:840} INFO - DAG(s) 'example_branch_labels' retrieved from /Users/zafarimam/Documents/E-Commerce Order Pipeline/airflow_venv_39/lib/python3.9/site-packages/airflow/example_dags/example_branch_labels.py
[2025-05-27T19:29:56.345+0530] {logging_mixin.py:188} INFO - [2025-05-27T19:29:56.345+0530] {dag.py:3036} INFO - Sync 1 DAGs
[2025-05-27T19:29:56.357+0530] {logging_mixin.py:188} INFO - [2025-05-27T19:29:56.357+0530] {dag.py:3823} INFO - Setting next_dagrun for example_branch_labels to 2025-05-26 00:00:00+00:00, run_after=2025-05-27 00:00:00+00:00
[2025-05-27T19:29:56.374+0530] {processor.py:183} INFO - Processing /Users/zafarimam/Documents/E-Commerce Order Pipeline/airflow_venv_39/lib/python3.9/site-packages/airflow/example_dags/example_branch_labels.py took 0.118 seconds
[2025-05-27T19:33:37.955+0530] {processor.py:161} INFO - Started process (PID=28395) to work on /Users/zafarimam/Documents/E-Commerce Order Pipeline/airflow_venv_39/lib/python3.9/site-packages/airflow/example_dags/example_branch_labels.py
[2025-05-27T19:33:37.956+0530] {processor.py:830} INFO - Processing file /Users/zafarimam/Documents/E-Commerce Order Pipeline/airflow_venv_39/lib/python3.9/site-packages/airflow/example_dags/example_branch_labels.py for tasks to queue
[2025-05-27T19:33:37.956+0530] {logging_mixin.py:188} INFO - [2025-05-27T19:33:37.956+0530] {dagbag.py:538} INFO - Filling up the DagBag from /Users/zafarimam/Documents/E-Commerce Order Pipeline/airflow_venv_39/lib/python3.9/site-packages/airflow/example_dags/example_branch_labels.py
[2025-05-27T19:33:37.964+0530] {processor.py:840} INFO - DAG(s) 'example_branch_labels' retrieved from /Users/zafarimam/Documents/E-Commerce Order Pipeline/airflow_venv_39/lib/python3.9/site-packages/airflow/example_dags/example_branch_labels.py
[2025-05-27T19:33:38.044+0530] {logging_mixin.py:188} INFO - [2025-05-27T19:33:38.044+0530] {dag.py:3036} INFO - Sync 1 DAGs
[2025-05-27T19:33:38.057+0530] {logging_mixin.py:188} INFO - [2025-05-27T19:33:38.057+0530] {dag.py:3823} INFO - Setting next_dagrun for example_branch_labels to 2025-05-26 00:00:00+00:00, run_after=2025-05-27 00:00:00+00:00
[2025-05-27T19:33:38.069+0530] {processor.py:183} INFO - Processing /Users/zafarimam/Documents/E-Commerce Order Pipeline/airflow_venv_39/lib/python3.9/site-packages/airflow/example_dags/example_branch_labels.py took 0.115 seconds
[2025-05-27T19:37:00.725+0530] {processor.py:161} INFO - Started process (PID=28502) to work on /Users/zafarimam/Documents/E-Commerce Order Pipeline/airflow_venv_39/lib/python3.9/site-packages/airflow/example_dags/example_branch_labels.py
[2025-05-27T19:37:00.726+0530] {processor.py:830} INFO - Processing file /Users/zafarimam/Documents/E-Commerce Order Pipeline/airflow_venv_39/lib/python3.9/site-packages/airflow/example_dags/example_branch_labels.py for tasks to queue
[2025-05-27T19:37:00.727+0530] {logging_mixin.py:188} INFO - [2025-05-27T19:37:00.727+0530] {dagbag.py:538} INFO - Filling up the DagBag from /Users/zafarimam/Documents/E-Commerce Order Pipeline/airflow_venv_39/lib/python3.9/site-packages/airflow/example_dags/example_branch_labels.py
[2025-05-27T19:37:00.735+0530] {processor.py:840} INFO - DAG(s) 'example_branch_labels' retrieved from /Users/zafarimam/Documents/E-Commerce Order Pipeline/airflow_venv_39/lib/python3.9/site-packages/airflow/example_dags/example_branch_labels.py
[2025-05-27T19:37:00.814+0530] {logging_mixin.py:188} INFO - [2025-05-27T19:37:00.813+0530] {dag.py:3036} INFO - Sync 1 DAGs
[2025-05-27T19:37:00.826+0530] {logging_mixin.py:188} INFO - [2025-05-27T19:37:00.826+0530] {dag.py:3823} INFO - Setting next_dagrun for example_branch_labels to 2025-05-26 00:00:00+00:00, run_after=2025-05-27 00:00:00+00:00
[2025-05-27T19:37:00.840+0530] {processor.py:183} INFO - Processing /Users/zafarimam/Documents/E-Commerce Order Pipeline/airflow_venv_39/lib/python3.9/site-packages/airflow/example_dags/example_branch_labels.py took 0.115 seconds
[2025-05-27T19:40:18.509+0530] {processor.py:161} INFO - Started process (PID=28602) to work on /Users/zafarimam/Documents/E-Commerce Order Pipeline/airflow_venv_39/lib/python3.9/site-packages/airflow/example_dags/example_branch_labels.py
[2025-05-27T19:40:18.509+0530] {processor.py:830} INFO - Processing file /Users/zafarimam/Documents/E-Commerce Order Pipeline/airflow_venv_39/lib/python3.9/site-packages/airflow/example_dags/example_branch_labels.py for tasks to queue
[2025-05-27T19:40:18.510+0530] {logging_mixin.py:188} INFO - [2025-05-27T19:40:18.510+0530] {dagbag.py:538} INFO - Filling up the DagBag from /Users/zafarimam/Documents/E-Commerce Order Pipeline/airflow_venv_39/lib/python3.9/site-packages/airflow/example_dags/example_branch_labels.py
[2025-05-27T19:40:18.517+0530] {processor.py:840} INFO - DAG(s) 'example_branch_labels' retrieved from /Users/zafarimam/Documents/E-Commerce Order Pipeline/airflow_venv_39/lib/python3.9/site-packages/airflow/example_dags/example_branch_labels.py
[2025-05-27T19:40:18.596+0530] {logging_mixin.py:188} INFO - [2025-05-27T19:40:18.595+0530] {dag.py:3036} INFO - Sync 1 DAGs
[2025-05-27T19:40:18.608+0530] {logging_mixin.py:188} INFO - [2025-05-27T19:40:18.608+0530] {dag.py:3823} INFO - Setting next_dagrun for example_branch_labels to 2025-05-26 00:00:00+00:00, run_after=2025-05-27 00:00:00+00:00
[2025-05-27T19:40:18.625+0530] {processor.py:183} INFO - Processing /Users/zafarimam/Documents/E-Commerce Order Pipeline/airflow_venv_39/lib/python3.9/site-packages/airflow/example_dags/example_branch_labels.py took 0.118 seconds
[2025-05-27T19:43:48.796+0530] {processor.py:161} INFO - Started process (PID=28726) to work on /Users/zafarimam/Documents/E-Commerce Order Pipeline/airflow_venv_39/lib/python3.9/site-packages/airflow/example_dags/example_branch_labels.py
[2025-05-27T19:43:48.798+0530] {processor.py:830} INFO - Processing file /Users/zafarimam/Documents/E-Commerce Order Pipeline/airflow_venv_39/lib/python3.9/site-packages/airflow/example_dags/example_branch_labels.py for tasks to queue
[2025-05-27T19:43:48.799+0530] {logging_mixin.py:188} INFO - [2025-05-27T19:43:48.799+0530] {dagbag.py:538} INFO - Filling up the DagBag from /Users/zafarimam/Documents/E-Commerce Order Pipeline/airflow_venv_39/lib/python3.9/site-packages/airflow/example_dags/example_branch_labels.py
[2025-05-27T19:43:48.808+0530] {processor.py:840} INFO - DAG(s) 'example_branch_labels' retrieved from /Users/zafarimam/Documents/E-Commerce Order Pipeline/airflow_venv_39/lib/python3.9/site-packages/airflow/example_dags/example_branch_labels.py
[2025-05-27T19:43:48.891+0530] {logging_mixin.py:188} INFO - [2025-05-27T19:43:48.891+0530] {dag.py:3036} INFO - Sync 1 DAGs
[2025-05-27T19:43:48.905+0530] {logging_mixin.py:188} INFO - [2025-05-27T19:43:48.905+0530] {dag.py:3823} INFO - Setting next_dagrun for example_branch_labels to 2025-05-26 00:00:00+00:00, run_after=2025-05-27 00:00:00+00:00
[2025-05-27T19:43:48.919+0530] {processor.py:183} INFO - Processing /Users/zafarimam/Documents/E-Commerce Order Pipeline/airflow_venv_39/lib/python3.9/site-packages/airflow/example_dags/example_branch_labels.py took 0.123 seconds
[2025-05-27T19:47:40.561+0530] {processor.py:161} INFO - Started process (PID=28921) to work on /Users/zafarimam/Documents/E-Commerce Order Pipeline/airflow_venv_39/lib/python3.9/site-packages/airflow/example_dags/example_branch_labels.py
[2025-05-27T19:47:40.563+0530] {processor.py:830} INFO - Processing file /Users/zafarimam/Documents/E-Commerce Order Pipeline/airflow_venv_39/lib/python3.9/site-packages/airflow/example_dags/example_branch_labels.py for tasks to queue
[2025-05-27T19:47:40.564+0530] {logging_mixin.py:188} INFO - [2025-05-27T19:47:40.564+0530] {dagbag.py:538} INFO - Filling up the DagBag from /Users/zafarimam/Documents/E-Commerce Order Pipeline/airflow_venv_39/lib/python3.9/site-packages/airflow/example_dags/example_branch_labels.py
[2025-05-27T19:47:40.573+0530] {processor.py:840} INFO - DAG(s) 'example_branch_labels' retrieved from /Users/zafarimam/Documents/E-Commerce Order Pipeline/airflow_venv_39/lib/python3.9/site-packages/airflow/example_dags/example_branch_labels.py
[2025-05-27T19:47:40.659+0530] {logging_mixin.py:188} INFO - [2025-05-27T19:47:40.658+0530] {dag.py:3036} INFO - Sync 1 DAGs
[2025-05-27T19:47:40.673+0530] {logging_mixin.py:188} INFO - [2025-05-27T19:47:40.672+0530] {dag.py:3823} INFO - Setting next_dagrun for example_branch_labels to 2025-05-26 00:00:00+00:00, run_after=2025-05-27 00:00:00+00:00
[2025-05-27T19:47:40.687+0530] {processor.py:183} INFO - Processing /Users/zafarimam/Documents/E-Commerce Order Pipeline/airflow_venv_39/lib/python3.9/site-packages/airflow/example_dags/example_branch_labels.py took 0.127 seconds
[2025-05-27T19:51:09.940+0530] {processor.py:161} INFO - Started process (PID=29055) to work on /Users/zafarimam/Documents/E-Commerce Order Pipeline/airflow_venv_39/lib/python3.9/site-packages/airflow/example_dags/example_branch_labels.py
[2025-05-27T19:51:09.941+0530] {processor.py:830} INFO - Processing file /Users/zafarimam/Documents/E-Commerce Order Pipeline/airflow_venv_39/lib/python3.9/site-packages/airflow/example_dags/example_branch_labels.py for tasks to queue
[2025-05-27T19:51:09.942+0530] {logging_mixin.py:188} INFO - [2025-05-27T19:51:09.941+0530] {dagbag.py:538} INFO - Filling up the DagBag from /Users/zafarimam/Documents/E-Commerce Order Pipeline/airflow_venv_39/lib/python3.9/site-packages/airflow/example_dags/example_branch_labels.py
[2025-05-27T19:51:09.951+0530] {processor.py:840} INFO - DAG(s) 'example_branch_labels' retrieved from /Users/zafarimam/Documents/E-Commerce Order Pipeline/airflow_venv_39/lib/python3.9/site-packages/airflow/example_dags/example_branch_labels.py
[2025-05-27T19:51:10.035+0530] {logging_mixin.py:188} INFO - [2025-05-27T19:51:10.034+0530] {dag.py:3036} INFO - Sync 1 DAGs
[2025-05-27T19:51:10.047+0530] {logging_mixin.py:188} INFO - [2025-05-27T19:51:10.047+0530] {dag.py:3823} INFO - Setting next_dagrun for example_branch_labels to 2025-05-26 00:00:00+00:00, run_after=2025-05-27 00:00:00+00:00
[2025-05-27T19:51:10.061+0530] {processor.py:183} INFO - Processing /Users/zafarimam/Documents/E-Commerce Order Pipeline/airflow_venv_39/lib/python3.9/site-packages/airflow/example_dags/example_branch_labels.py took 0.122 seconds
