[2025-05-27T17:38:00.234+0530] {processor.py:161} INFO - Started process (PID=22806) to work on /Users/zafarimam/Documents/E-Commerce Order Pipeline/airflow_venv_39/lib/python3.9/site-packages/airflow/example_dags/example_trigger_target_dag.py
[2025-05-27T17:38:00.235+0530] {processor.py:830} INFO - Processing file /Users/zafarimam/Documents/E-Commerce Order Pipeline/airflow_venv_39/lib/python3.9/site-packages/airflow/example_dags/example_trigger_target_dag.py for tasks to queue
[2025-05-27T17:38:00.236+0530] {logging_mixin.py:188} INFO - [2025-05-27T17:38:00.235+0530] {dagbag.py:538} INFO - Filling up the DagBag from /Users/zafarimam/Documents/E-Commerce Order Pipeline/airflow_venv_39/lib/python3.9/site-packages/airflow/example_dags/example_trigger_target_dag.py
[2025-05-27T17:38:00.272+0530] {processor.py:840} INFO - DAG(s) 'example_trigger_target_dag' retrieved from /Users/zafarimam/Documents/E-Commerce Order Pipeline/airflow_venv_39/lib/python3.9/site-packages/airflow/example_dags/example_trigger_target_dag.py
[2025-05-27T17:38:00.417+0530] {logging_mixin.py:188} INFO - [2025-05-27T17:38:00.417+0530] {dag.py:3036} INFO - Sync 1 DAGs
[2025-05-27T17:38:00.424+0530] {logging_mixin.py:188} INFO - [2025-05-27T17:38:00.424+0530] {dag.py:3823} INFO - Setting next_dagrun for example_trigger_target_dag to None, run_after=None
[2025-05-27T17:38:00.440+0530] {processor.py:183} INFO - Processing /Users/zafarimam/Documents/E-Commerce Order Pipeline/airflow_venv_39/lib/python3.9/site-packages/airflow/example_dags/example_trigger_target_dag.py took 0.207 seconds
[2025-05-27T17:40:05.686+0530] {processor.py:161} INFO - Started process (PID=22894) to work on /Users/zafarimam/Documents/E-Commerce Order Pipeline/airflow_venv_39/lib/python3.9/site-packages/airflow/example_dags/example_trigger_target_dag.py
[2025-05-27T17:40:05.688+0530] {processor.py:830} INFO - Processing file /Users/zafarimam/Documents/E-Commerce Order Pipeline/airflow_venv_39/lib/python3.9/site-packages/airflow/example_dags/example_trigger_target_dag.py for tasks to queue
[2025-05-27T17:40:05.689+0530] {logging_mixin.py:188} INFO - [2025-05-27T17:40:05.688+0530] {dagbag.py:538} INFO - Filling up the DagBag from /Users/zafarimam/Documents/E-Commerce Order Pipeline/airflow_venv_39/lib/python3.9/site-packages/airflow/example_dags/example_trigger_target_dag.py
[2025-05-27T17:40:05.733+0530] {processor.py:840} INFO - DAG(s) 'example_trigger_target_dag' retrieved from /Users/zafarimam/Documents/E-Commerce Order Pipeline/airflow_venv_39/lib/python3.9/site-packages/airflow/example_dags/example_trigger_target_dag.py
[2025-05-27T17:40:05.838+0530] {logging_mixin.py:188} INFO - [2025-05-27T17:40:05.838+0530] {dag.py:3036} INFO - Sync 1 DAGs
[2025-05-27T17:40:05.849+0530] {logging_mixin.py:188} INFO - [2025-05-27T17:40:05.849+0530] {dag.py:3823} INFO - Setting next_dagrun for example_trigger_target_dag to None, run_after=None
[2025-05-27T17:40:05.872+0530] {processor.py:183} INFO - Processing /Users/zafarimam/Documents/E-Commerce Order Pipeline/airflow_venv_39/lib/python3.9/site-packages/airflow/example_dags/example_trigger_target_dag.py took 0.188 seconds
[2025-05-27T17:42:05.732+0530] {processor.py:161} INFO - Started process (PID=22962) to work on /Users/zafarimam/Documents/E-Commerce Order Pipeline/airflow_venv_39/lib/python3.9/site-packages/airflow/example_dags/example_trigger_target_dag.py
[2025-05-27T17:42:05.734+0530] {processor.py:830} INFO - Processing file /Users/zafarimam/Documents/E-Commerce Order Pipeline/airflow_venv_39/lib/python3.9/site-packages/airflow/example_dags/example_trigger_target_dag.py for tasks to queue
[2025-05-27T17:42:05.735+0530] {logging_mixin.py:188} INFO - [2025-05-27T17:42:05.735+0530] {dagbag.py:538} INFO - Filling up the DagBag from /Users/zafarimam/Documents/E-Commerce Order Pipeline/airflow_venv_39/lib/python3.9/site-packages/airflow/example_dags/example_trigger_target_dag.py
[2025-05-27T17:42:05.771+0530] {processor.py:840} INFO - DAG(s) 'example_trigger_target_dag' retrieved from /Users/zafarimam/Documents/E-Commerce Order Pipeline/airflow_venv_39/lib/python3.9/site-packages/airflow/example_dags/example_trigger_target_dag.py
[2025-05-27T17:42:05.855+0530] {logging_mixin.py:188} INFO - [2025-05-27T17:42:05.855+0530] {dag.py:3036} INFO - Sync 1 DAGs
[2025-05-27T17:42:05.864+0530] {logging_mixin.py:188} INFO - [2025-05-27T17:42:05.864+0530] {dag.py:3823} INFO - Setting next_dagrun for example_trigger_target_dag to None, run_after=None
[2025-05-27T17:42:05.878+0530] {processor.py:183} INFO - Processing /Users/zafarimam/Documents/E-Commerce Order Pipeline/airflow_venv_39/lib/python3.9/site-packages/airflow/example_dags/example_trigger_target_dag.py took 0.147 seconds
[2025-05-27T17:43:54.943+0530] {processor.py:161} INFO - Started process (PID=23023) to work on /Users/zafarimam/Documents/E-Commerce Order Pipeline/airflow_venv_39/lib/python3.9/site-packages/airflow/example_dags/example_trigger_target_dag.py
[2025-05-27T17:43:54.945+0530] {processor.py:830} INFO - Processing file /Users/zafarimam/Documents/E-Commerce Order Pipeline/airflow_venv_39/lib/python3.9/site-packages/airflow/example_dags/example_trigger_target_dag.py for tasks to queue
[2025-05-27T17:43:54.946+0530] {logging_mixin.py:188} INFO - [2025-05-27T17:43:54.946+0530] {dagbag.py:538} INFO - Filling up the DagBag from /Users/zafarimam/Documents/E-Commerce Order Pipeline/airflow_venv_39/lib/python3.9/site-packages/airflow/example_dags/example_trigger_target_dag.py
[2025-05-27T17:43:54.982+0530] {processor.py:840} INFO - DAG(s) 'example_trigger_target_dag' retrieved from /Users/zafarimam/Documents/E-Commerce Order Pipeline/airflow_venv_39/lib/python3.9/site-packages/airflow/example_dags/example_trigger_target_dag.py
[2025-05-27T17:43:55.062+0530] {logging_mixin.py:188} INFO - [2025-05-27T17:43:55.061+0530] {dag.py:3036} INFO - Sync 1 DAGs
[2025-05-27T17:43:55.068+0530] {logging_mixin.py:188} INFO - [2025-05-27T17:43:55.068+0530] {dag.py:3823} INFO - Setting next_dagrun for example_trigger_target_dag to None, run_after=None
[2025-05-27T17:43:55.081+0530] {processor.py:183} INFO - Processing /Users/zafarimam/Documents/E-Commerce Order Pipeline/airflow_venv_39/lib/python3.9/site-packages/airflow/example_dags/example_trigger_target_dag.py took 0.139 seconds
[2025-05-27T17:50:48.639+0530] {processor.py:161} INFO - Started process (PID=23108) to work on /Users/zafarimam/Documents/E-Commerce Order Pipeline/airflow_venv_39/lib/python3.9/site-packages/airflow/example_dags/example_trigger_target_dag.py
[2025-05-27T17:50:48.640+0530] {processor.py:830} INFO - Processing file /Users/zafarimam/Documents/E-Commerce Order Pipeline/airflow_venv_39/lib/python3.9/site-packages/airflow/example_dags/example_trigger_target_dag.py for tasks to queue
[2025-05-27T17:50:48.641+0530] {logging_mixin.py:188} INFO - [2025-05-27T17:50:48.641+0530] {dagbag.py:538} INFO - Filling up the DagBag from /Users/zafarimam/Documents/E-Commerce Order Pipeline/airflow_venv_39/lib/python3.9/site-packages/airflow/example_dags/example_trigger_target_dag.py
[2025-05-27T17:50:48.679+0530] {processor.py:840} INFO - DAG(s) 'example_trigger_target_dag' retrieved from /Users/zafarimam/Documents/E-Commerce Order Pipeline/airflow_venv_39/lib/python3.9/site-packages/airflow/example_dags/example_trigger_target_dag.py
[2025-05-27T17:50:48.763+0530] {logging_mixin.py:188} INFO - [2025-05-27T17:50:48.763+0530] {dag.py:3036} INFO - Sync 1 DAGs
[2025-05-27T17:50:48.770+0530] {logging_mixin.py:188} INFO - [2025-05-27T17:50:48.770+0530] {dag.py:3823} INFO - Setting next_dagrun for example_trigger_target_dag to None, run_after=None
[2025-05-27T17:50:48.784+0530] {processor.py:183} INFO - Processing /Users/zafarimam/Documents/E-Commerce Order Pipeline/airflow_venv_39/lib/python3.9/site-packages/airflow/example_dags/example_trigger_target_dag.py took 0.147 seconds
[2025-05-27T17:52:44.471+0530] {processor.py:161} INFO - Started process (PID=23400) to work on /Users/zafarimam/Documents/E-Commerce Order Pipeline/airflow_venv_39/lib/python3.9/site-packages/airflow/example_dags/example_trigger_target_dag.py
[2025-05-27T17:52:44.473+0530] {processor.py:830} INFO - Processing file /Users/zafarimam/Documents/E-Commerce Order Pipeline/airflow_venv_39/lib/python3.9/site-packages/airflow/example_dags/example_trigger_target_dag.py for tasks to queue
[2025-05-27T17:52:44.474+0530] {logging_mixin.py:188} INFO - [2025-05-27T17:52:44.474+0530] {dagbag.py:538} INFO - Filling up the DagBag from /Users/zafarimam/Documents/E-Commerce Order Pipeline/airflow_venv_39/lib/python3.9/site-packages/airflow/example_dags/example_trigger_target_dag.py
[2025-05-27T17:52:44.514+0530] {processor.py:840} INFO - DAG(s) 'example_trigger_target_dag' retrieved from /Users/zafarimam/Documents/E-Commerce Order Pipeline/airflow_venv_39/lib/python3.9/site-packages/airflow/example_dags/example_trigger_target_dag.py
[2025-05-27T17:52:44.604+0530] {logging_mixin.py:188} INFO - [2025-05-27T17:52:44.604+0530] {dag.py:3036} INFO - Sync 1 DAGs
[2025-05-27T17:52:44.612+0530] {logging_mixin.py:188} INFO - [2025-05-27T17:52:44.612+0530] {dag.py:3823} INFO - Setting next_dagrun for example_trigger_target_dag to None, run_after=None
[2025-05-27T17:52:44.627+0530] {processor.py:183} INFO - Processing /Users/zafarimam/Documents/E-Commerce Order Pipeline/airflow_venv_39/lib/python3.9/site-packages/airflow/example_dags/example_trigger_target_dag.py took 0.157 seconds
[2025-05-27T17:55:21.344+0530] {processor.py:161} INFO - Started process (PID=24044) to work on /Users/zafarimam/Documents/E-Commerce Order Pipeline/airflow_venv_39/lib/python3.9/site-packages/airflow/example_dags/example_trigger_target_dag.py
[2025-05-27T17:55:21.346+0530] {processor.py:830} INFO - Processing file /Users/zafarimam/Documents/E-Commerce Order Pipeline/airflow_venv_39/lib/python3.9/site-packages/airflow/example_dags/example_trigger_target_dag.py for tasks to queue
[2025-05-27T17:55:21.347+0530] {logging_mixin.py:188} INFO - [2025-05-27T17:55:21.347+0530] {dagbag.py:538} INFO - Filling up the DagBag from /Users/zafarimam/Documents/E-Commerce Order Pipeline/airflow_venv_39/lib/python3.9/site-packages/airflow/example_dags/example_trigger_target_dag.py
[2025-05-27T17:55:21.385+0530] {processor.py:840} INFO - DAG(s) 'example_trigger_target_dag' retrieved from /Users/zafarimam/Documents/E-Commerce Order Pipeline/airflow_venv_39/lib/python3.9/site-packages/airflow/example_dags/example_trigger_target_dag.py
[2025-05-27T17:55:21.528+0530] {logging_mixin.py:188} INFO - [2025-05-27T17:55:21.527+0530] {dag.py:3036} INFO - Sync 1 DAGs
[2025-05-27T17:55:21.534+0530] {logging_mixin.py:188} INFO - [2025-05-27T17:55:21.534+0530] {dag.py:3823} INFO - Setting next_dagrun for example_trigger_target_dag to None, run_after=None
[2025-05-27T17:55:21.548+0530] {processor.py:183} INFO - Processing /Users/zafarimam/Documents/E-Commerce Order Pipeline/airflow_venv_39/lib/python3.9/site-packages/airflow/example_dags/example_trigger_target_dag.py took 0.205 seconds
[2025-05-27T17:57:28.438+0530] {processor.py:161} INFO - Started process (PID=24253) to work on /Users/zafarimam/Documents/E-Commerce Order Pipeline/airflow_venv_39/lib/python3.9/site-packages/airflow/example_dags/example_trigger_target_dag.py
[2025-05-27T17:57:28.438+0530] {processor.py:830} INFO - Processing file /Users/zafarimam/Documents/E-Commerce Order Pipeline/airflow_venv_39/lib/python3.9/site-packages/airflow/example_dags/example_trigger_target_dag.py for tasks to queue
[2025-05-27T17:57:28.439+0530] {logging_mixin.py:188} INFO - [2025-05-27T17:57:28.439+0530] {dagbag.py:538} INFO - Filling up the DagBag from /Users/zafarimam/Documents/E-Commerce Order Pipeline/airflow_venv_39/lib/python3.9/site-packages/airflow/example_dags/example_trigger_target_dag.py
[2025-05-27T17:57:28.479+0530] {processor.py:840} INFO - DAG(s) 'example_trigger_target_dag' retrieved from /Users/zafarimam/Documents/E-Commerce Order Pipeline/airflow_venv_39/lib/python3.9/site-packages/airflow/example_dags/example_trigger_target_dag.py
[2025-05-27T17:57:28.570+0530] {logging_mixin.py:188} INFO - [2025-05-27T17:57:28.570+0530] {dag.py:3036} INFO - Sync 1 DAGs
[2025-05-27T17:57:28.578+0530] {logging_mixin.py:188} INFO - [2025-05-27T17:57:28.578+0530] {dag.py:3823} INFO - Setting next_dagrun for example_trigger_target_dag to None, run_after=None
[2025-05-27T17:57:28.593+0530] {processor.py:183} INFO - Processing /Users/zafarimam/Documents/E-Commerce Order Pipeline/airflow_venv_39/lib/python3.9/site-packages/airflow/example_dags/example_trigger_target_dag.py took 0.157 seconds
[2025-05-27T18:01:33.847+0530] {processor.py:161} INFO - Started process (PID=24957) to work on /Users/zafarimam/Documents/E-Commerce Order Pipeline/airflow_venv_39/lib/python3.9/site-packages/airflow/example_dags/example_trigger_target_dag.py
[2025-05-27T18:01:33.849+0530] {processor.py:830} INFO - Processing file /Users/zafarimam/Documents/E-Commerce Order Pipeline/airflow_venv_39/lib/python3.9/site-packages/airflow/example_dags/example_trigger_target_dag.py for tasks to queue
[2025-05-27T18:01:33.849+0530] {logging_mixin.py:188} INFO - [2025-05-27T18:01:33.849+0530] {dagbag.py:538} INFO - Filling up the DagBag from /Users/zafarimam/Documents/E-Commerce Order Pipeline/airflow_venv_39/lib/python3.9/site-packages/airflow/example_dags/example_trigger_target_dag.py
[2025-05-27T18:01:33.887+0530] {processor.py:840} INFO - DAG(s) 'example_trigger_target_dag' retrieved from /Users/zafarimam/Documents/E-Commerce Order Pipeline/airflow_venv_39/lib/python3.9/site-packages/airflow/example_dags/example_trigger_target_dag.py
[2025-05-27T18:01:33.967+0530] {logging_mixin.py:188} INFO - [2025-05-27T18:01:33.967+0530] {dag.py:3036} INFO - Sync 1 DAGs
[2025-05-27T18:01:33.974+0530] {logging_mixin.py:188} INFO - [2025-05-27T18:01:33.974+0530] {dag.py:3823} INFO - Setting next_dagrun for example_trigger_target_dag to None, run_after=None
[2025-05-27T18:01:33.988+0530] {processor.py:183} INFO - Processing /Users/zafarimam/Documents/E-Commerce Order Pipeline/airflow_venv_39/lib/python3.9/site-packages/airflow/example_dags/example_trigger_target_dag.py took 0.142 seconds
[2025-05-27T18:05:50.634+0530] {processor.py:161} INFO - Started process (PID=25092) to work on /Users/zafarimam/Documents/E-Commerce Order Pipeline/airflow_venv_39/lib/python3.9/site-packages/airflow/example_dags/example_trigger_target_dag.py
[2025-05-27T18:05:50.636+0530] {processor.py:830} INFO - Processing file /Users/zafarimam/Documents/E-Commerce Order Pipeline/airflow_venv_39/lib/python3.9/site-packages/airflow/example_dags/example_trigger_target_dag.py for tasks to queue
[2025-05-27T18:05:50.637+0530] {logging_mixin.py:188} INFO - [2025-05-27T18:05:50.636+0530] {dagbag.py:538} INFO - Filling up the DagBag from /Users/zafarimam/Documents/E-Commerce Order Pipeline/airflow_venv_39/lib/python3.9/site-packages/airflow/example_dags/example_trigger_target_dag.py
[2025-05-27T18:05:50.672+0530] {processor.py:840} INFO - DAG(s) 'example_trigger_target_dag' retrieved from /Users/zafarimam/Documents/E-Commerce Order Pipeline/airflow_venv_39/lib/python3.9/site-packages/airflow/example_dags/example_trigger_target_dag.py
[2025-05-27T18:05:50.759+0530] {logging_mixin.py:188} INFO - [2025-05-27T18:05:50.759+0530] {dag.py:3036} INFO - Sync 1 DAGs
[2025-05-27T18:05:50.767+0530] {logging_mixin.py:188} INFO - [2025-05-27T18:05:50.767+0530] {dag.py:3823} INFO - Setting next_dagrun for example_trigger_target_dag to None, run_after=None
[2025-05-27T18:05:50.782+0530] {processor.py:183} INFO - Processing /Users/zafarimam/Documents/E-Commerce Order Pipeline/airflow_venv_39/lib/python3.9/site-packages/airflow/example_dags/example_trigger_target_dag.py took 0.149 seconds
[2025-05-27T18:07:53.917+0530] {processor.py:161} INFO - Started process (PID=25156) to work on /Users/zafarimam/Documents/E-Commerce Order Pipeline/airflow_venv_39/lib/python3.9/site-packages/airflow/example_dags/example_trigger_target_dag.py
[2025-05-27T18:07:53.918+0530] {processor.py:830} INFO - Processing file /Users/zafarimam/Documents/E-Commerce Order Pipeline/airflow_venv_39/lib/python3.9/site-packages/airflow/example_dags/example_trigger_target_dag.py for tasks to queue
[2025-05-27T18:07:53.919+0530] {logging_mixin.py:188} INFO - [2025-05-27T18:07:53.919+0530] {dagbag.py:538} INFO - Filling up the DagBag from /Users/zafarimam/Documents/E-Commerce Order Pipeline/airflow_venv_39/lib/python3.9/site-packages/airflow/example_dags/example_trigger_target_dag.py
[2025-05-27T18:07:53.953+0530] {processor.py:840} INFO - DAG(s) 'example_trigger_target_dag' retrieved from /Users/zafarimam/Documents/E-Commerce Order Pipeline/airflow_venv_39/lib/python3.9/site-packages/airflow/example_dags/example_trigger_target_dag.py
[2025-05-27T18:07:54.036+0530] {logging_mixin.py:188} INFO - [2025-05-27T18:07:54.036+0530] {dag.py:3036} INFO - Sync 1 DAGs
[2025-05-27T18:07:54.044+0530] {logging_mixin.py:188} INFO - [2025-05-27T18:07:54.044+0530] {dag.py:3823} INFO - Setting next_dagrun for example_trigger_target_dag to None, run_after=None
[2025-05-27T18:07:54.059+0530] {processor.py:183} INFO - Processing /Users/zafarimam/Documents/E-Commerce Order Pipeline/airflow_venv_39/lib/python3.9/site-packages/airflow/example_dags/example_trigger_target_dag.py took 0.143 seconds
[2025-05-27T18:09:53.727+0530] {processor.py:161} INFO - Started process (PID=25217) to work on /Users/zafarimam/Documents/E-Commerce Order Pipeline/airflow_venv_39/lib/python3.9/site-packages/airflow/example_dags/example_trigger_target_dag.py
[2025-05-27T18:09:53.728+0530] {processor.py:830} INFO - Processing file /Users/zafarimam/Documents/E-Commerce Order Pipeline/airflow_venv_39/lib/python3.9/site-packages/airflow/example_dags/example_trigger_target_dag.py for tasks to queue
[2025-05-27T18:09:53.728+0530] {logging_mixin.py:188} INFO - [2025-05-27T18:09:53.728+0530] {dagbag.py:538} INFO - Filling up the DagBag from /Users/zafarimam/Documents/E-Commerce Order Pipeline/airflow_venv_39/lib/python3.9/site-packages/airflow/example_dags/example_trigger_target_dag.py
[2025-05-27T18:09:53.763+0530] {processor.py:840} INFO - DAG(s) 'example_trigger_target_dag' retrieved from /Users/zafarimam/Documents/E-Commerce Order Pipeline/airflow_venv_39/lib/python3.9/site-packages/airflow/example_dags/example_trigger_target_dag.py
[2025-05-27T18:09:53.842+0530] {logging_mixin.py:188} INFO - [2025-05-27T18:09:53.842+0530] {dag.py:3036} INFO - Sync 1 DAGs
[2025-05-27T18:09:53.848+0530] {logging_mixin.py:188} INFO - [2025-05-27T18:09:53.848+0530] {dag.py:3823} INFO - Setting next_dagrun for example_trigger_target_dag to None, run_after=None
[2025-05-27T18:09:53.866+0530] {processor.py:183} INFO - Processing /Users/zafarimam/Documents/E-Commerce Order Pipeline/airflow_venv_39/lib/python3.9/site-packages/airflow/example_dags/example_trigger_target_dag.py took 0.140 seconds
[2025-05-27T18:11:39.246+0530] {processor.py:161} INFO - Started process (PID=25272) to work on /Users/zafarimam/Documents/E-Commerce Order Pipeline/airflow_venv_39/lib/python3.9/site-packages/airflow/example_dags/example_trigger_target_dag.py
[2025-05-27T18:11:39.247+0530] {processor.py:830} INFO - Processing file /Users/zafarimam/Documents/E-Commerce Order Pipeline/airflow_venv_39/lib/python3.9/site-packages/airflow/example_dags/example_trigger_target_dag.py for tasks to queue
[2025-05-27T18:11:39.248+0530] {logging_mixin.py:188} INFO - [2025-05-27T18:11:39.248+0530] {dagbag.py:538} INFO - Filling up the DagBag from /Users/zafarimam/Documents/E-Commerce Order Pipeline/airflow_venv_39/lib/python3.9/site-packages/airflow/example_dags/example_trigger_target_dag.py
[2025-05-27T18:11:39.284+0530] {processor.py:840} INFO - DAG(s) 'example_trigger_target_dag' retrieved from /Users/zafarimam/Documents/E-Commerce Order Pipeline/airflow_venv_39/lib/python3.9/site-packages/airflow/example_dags/example_trigger_target_dag.py
[2025-05-27T18:11:39.361+0530] {logging_mixin.py:188} INFO - [2025-05-27T18:11:39.361+0530] {dag.py:3036} INFO - Sync 1 DAGs
[2025-05-27T18:11:39.367+0530] {logging_mixin.py:188} INFO - [2025-05-27T18:11:39.367+0530] {dag.py:3823} INFO - Setting next_dagrun for example_trigger_target_dag to None, run_after=None
[2025-05-27T18:11:39.381+0530] {processor.py:183} INFO - Processing /Users/zafarimam/Documents/E-Commerce Order Pipeline/airflow_venv_39/lib/python3.9/site-packages/airflow/example_dags/example_trigger_target_dag.py took 0.135 seconds
[2025-05-27T18:13:37.789+0530] {processor.py:161} INFO - Started process (PID=25337) to work on /Users/zafarimam/Documents/E-Commerce Order Pipeline/airflow_venv_39/lib/python3.9/site-packages/airflow/example_dags/example_trigger_target_dag.py
[2025-05-27T18:13:37.790+0530] {processor.py:830} INFO - Processing file /Users/zafarimam/Documents/E-Commerce Order Pipeline/airflow_venv_39/lib/python3.9/site-packages/airflow/example_dags/example_trigger_target_dag.py for tasks to queue
[2025-05-27T18:13:37.791+0530] {logging_mixin.py:188} INFO - [2025-05-27T18:13:37.791+0530] {dagbag.py:538} INFO - Filling up the DagBag from /Users/zafarimam/Documents/E-Commerce Order Pipeline/airflow_venv_39/lib/python3.9/site-packages/airflow/example_dags/example_trigger_target_dag.py
[2025-05-27T18:13:37.829+0530] {processor.py:840} INFO - DAG(s) 'example_trigger_target_dag' retrieved from /Users/zafarimam/Documents/E-Commerce Order Pipeline/airflow_venv_39/lib/python3.9/site-packages/airflow/example_dags/example_trigger_target_dag.py
[2025-05-27T18:13:37.909+0530] {logging_mixin.py:188} INFO - [2025-05-27T18:13:37.909+0530] {dag.py:3036} INFO - Sync 1 DAGs
[2025-05-27T18:13:37.916+0530] {logging_mixin.py:188} INFO - [2025-05-27T18:13:37.916+0530] {dag.py:3823} INFO - Setting next_dagrun for example_trigger_target_dag to None, run_after=None
[2025-05-27T18:13:37.931+0530] {processor.py:183} INFO - Processing /Users/zafarimam/Documents/E-Commerce Order Pipeline/airflow_venv_39/lib/python3.9/site-packages/airflow/example_dags/example_trigger_target_dag.py took 0.143 seconds
[2025-05-27T18:15:29.233+0530] {processor.py:161} INFO - Started process (PID=25405) to work on /Users/zafarimam/Documents/E-Commerce Order Pipeline/airflow_venv_39/lib/python3.9/site-packages/airflow/example_dags/example_trigger_target_dag.py
[2025-05-27T18:15:29.234+0530] {processor.py:830} INFO - Processing file /Users/zafarimam/Documents/E-Commerce Order Pipeline/airflow_venv_39/lib/python3.9/site-packages/airflow/example_dags/example_trigger_target_dag.py for tasks to queue
[2025-05-27T18:15:29.235+0530] {logging_mixin.py:188} INFO - [2025-05-27T18:15:29.235+0530] {dagbag.py:538} INFO - Filling up the DagBag from /Users/zafarimam/Documents/E-Commerce Order Pipeline/airflow_venv_39/lib/python3.9/site-packages/airflow/example_dags/example_trigger_target_dag.py
[2025-05-27T18:15:29.270+0530] {processor.py:840} INFO - DAG(s) 'example_trigger_target_dag' retrieved from /Users/zafarimam/Documents/E-Commerce Order Pipeline/airflow_venv_39/lib/python3.9/site-packages/airflow/example_dags/example_trigger_target_dag.py
[2025-05-27T18:15:29.352+0530] {logging_mixin.py:188} INFO - [2025-05-27T18:15:29.352+0530] {dag.py:3036} INFO - Sync 1 DAGs
[2025-05-27T18:15:29.358+0530] {logging_mixin.py:188} INFO - [2025-05-27T18:15:29.358+0530] {dag.py:3823} INFO - Setting next_dagrun for example_trigger_target_dag to None, run_after=None
[2025-05-27T18:15:29.371+0530] {processor.py:183} INFO - Processing /Users/zafarimam/Documents/E-Commerce Order Pipeline/airflow_venv_39/lib/python3.9/site-packages/airflow/example_dags/example_trigger_target_dag.py took 0.140 seconds
[2025-05-27T18:17:12.311+0530] {processor.py:161} INFO - Started process (PID=25464) to work on /Users/zafarimam/Documents/E-Commerce Order Pipeline/airflow_venv_39/lib/python3.9/site-packages/airflow/example_dags/example_trigger_target_dag.py
[2025-05-27T18:17:12.312+0530] {processor.py:830} INFO - Processing file /Users/zafarimam/Documents/E-Commerce Order Pipeline/airflow_venv_39/lib/python3.9/site-packages/airflow/example_dags/example_trigger_target_dag.py for tasks to queue
[2025-05-27T18:17:12.313+0530] {logging_mixin.py:188} INFO - [2025-05-27T18:17:12.313+0530] {dagbag.py:538} INFO - Filling up the DagBag from /Users/zafarimam/Documents/E-Commerce Order Pipeline/airflow_venv_39/lib/python3.9/site-packages/airflow/example_dags/example_trigger_target_dag.py
[2025-05-27T18:17:12.349+0530] {processor.py:840} INFO - DAG(s) 'example_trigger_target_dag' retrieved from /Users/zafarimam/Documents/E-Commerce Order Pipeline/airflow_venv_39/lib/python3.9/site-packages/airflow/example_dags/example_trigger_target_dag.py
[2025-05-27T18:17:12.427+0530] {logging_mixin.py:188} INFO - [2025-05-27T18:17:12.426+0530] {dag.py:3036} INFO - Sync 1 DAGs
[2025-05-27T18:17:12.433+0530] {logging_mixin.py:188} INFO - [2025-05-27T18:17:12.433+0530] {dag.py:3823} INFO - Setting next_dagrun for example_trigger_target_dag to None, run_after=None
[2025-05-27T18:17:12.447+0530] {processor.py:183} INFO - Processing /Users/zafarimam/Documents/E-Commerce Order Pipeline/airflow_venv_39/lib/python3.9/site-packages/airflow/example_dags/example_trigger_target_dag.py took 0.137 seconds
[2025-05-27T18:21:43.284+0530] {processor.py:161} INFO - Started process (PID=25648) to work on /Users/zafarimam/Documents/E-Commerce Order Pipeline/airflow_venv_39/lib/python3.9/site-packages/airflow/example_dags/example_trigger_target_dag.py
[2025-05-27T18:21:43.285+0530] {processor.py:830} INFO - Processing file /Users/zafarimam/Documents/E-Commerce Order Pipeline/airflow_venv_39/lib/python3.9/site-packages/airflow/example_dags/example_trigger_target_dag.py for tasks to queue
[2025-05-27T18:21:43.286+0530] {logging_mixin.py:188} INFO - [2025-05-27T18:21:43.286+0530] {dagbag.py:538} INFO - Filling up the DagBag from /Users/zafarimam/Documents/E-Commerce Order Pipeline/airflow_venv_39/lib/python3.9/site-packages/airflow/example_dags/example_trigger_target_dag.py
[2025-05-27T18:21:43.324+0530] {processor.py:840} INFO - DAG(s) 'example_trigger_target_dag' retrieved from /Users/zafarimam/Documents/E-Commerce Order Pipeline/airflow_venv_39/lib/python3.9/site-packages/airflow/example_dags/example_trigger_target_dag.py
[2025-05-27T18:21:43.409+0530] {logging_mixin.py:188} INFO - [2025-05-27T18:21:43.409+0530] {dag.py:3036} INFO - Sync 1 DAGs
[2025-05-27T18:21:43.417+0530] {logging_mixin.py:188} INFO - [2025-05-27T18:21:43.417+0530] {dag.py:3823} INFO - Setting next_dagrun for example_trigger_target_dag to None, run_after=None
[2025-05-27T18:21:43.429+0530] {processor.py:183} INFO - Processing /Users/zafarimam/Documents/E-Commerce Order Pipeline/airflow_venv_39/lib/python3.9/site-packages/airflow/example_dags/example_trigger_target_dag.py took 0.147 seconds
[2025-05-27T18:23:56.181+0530] {processor.py:161} INFO - Started process (PID=25754) to work on /Users/zafarimam/Documents/E-Commerce Order Pipeline/airflow_venv_39/lib/python3.9/site-packages/airflow/example_dags/example_trigger_target_dag.py
[2025-05-27T18:23:56.182+0530] {processor.py:830} INFO - Processing file /Users/zafarimam/Documents/E-Commerce Order Pipeline/airflow_venv_39/lib/python3.9/site-packages/airflow/example_dags/example_trigger_target_dag.py for tasks to queue
[2025-05-27T18:23:56.183+0530] {logging_mixin.py:188} INFO - [2025-05-27T18:23:56.183+0530] {dagbag.py:538} INFO - Filling up the DagBag from /Users/zafarimam/Documents/E-Commerce Order Pipeline/airflow_venv_39/lib/python3.9/site-packages/airflow/example_dags/example_trigger_target_dag.py
[2025-05-27T18:23:56.223+0530] {processor.py:840} INFO - DAG(s) 'example_trigger_target_dag' retrieved from /Users/zafarimam/Documents/E-Commerce Order Pipeline/airflow_venv_39/lib/python3.9/site-packages/airflow/example_dags/example_trigger_target_dag.py
[2025-05-27T18:23:56.307+0530] {logging_mixin.py:188} INFO - [2025-05-27T18:23:56.307+0530] {dag.py:3036} INFO - Sync 1 DAGs
[2025-05-27T18:23:56.314+0530] {logging_mixin.py:188} INFO - [2025-05-27T18:23:56.314+0530] {dag.py:3823} INFO - Setting next_dagrun for example_trigger_target_dag to None, run_after=None
[2025-05-27T18:23:56.329+0530] {processor.py:183} INFO - Processing /Users/zafarimam/Documents/E-Commerce Order Pipeline/airflow_venv_39/lib/python3.9/site-packages/airflow/example_dags/example_trigger_target_dag.py took 0.149 seconds
[2025-05-27T18:26:58.373+0530] {processor.py:161} INFO - Started process (PID=25843) to work on /Users/zafarimam/Documents/E-Commerce Order Pipeline/airflow_venv_39/lib/python3.9/site-packages/airflow/example_dags/example_trigger_target_dag.py
[2025-05-27T18:26:58.375+0530] {processor.py:830} INFO - Processing file /Users/zafarimam/Documents/E-Commerce Order Pipeline/airflow_venv_39/lib/python3.9/site-packages/airflow/example_dags/example_trigger_target_dag.py for tasks to queue
[2025-05-27T18:26:58.375+0530] {logging_mixin.py:188} INFO - [2025-05-27T18:26:58.375+0530] {dagbag.py:538} INFO - Filling up the DagBag from /Users/zafarimam/Documents/E-Commerce Order Pipeline/airflow_venv_39/lib/python3.9/site-packages/airflow/example_dags/example_trigger_target_dag.py
[2025-05-27T18:26:58.415+0530] {processor.py:840} INFO - DAG(s) 'example_trigger_target_dag' retrieved from /Users/zafarimam/Documents/E-Commerce Order Pipeline/airflow_venv_39/lib/python3.9/site-packages/airflow/example_dags/example_trigger_target_dag.py
[2025-05-27T18:26:58.507+0530] {logging_mixin.py:188} INFO - [2025-05-27T18:26:58.506+0530] {dag.py:3036} INFO - Sync 1 DAGs
[2025-05-27T18:26:58.514+0530] {logging_mixin.py:188} INFO - [2025-05-27T18:26:58.514+0530] {dag.py:3823} INFO - Setting next_dagrun for example_trigger_target_dag to None, run_after=None
[2025-05-27T18:26:58.529+0530] {processor.py:183} INFO - Processing /Users/zafarimam/Documents/E-Commerce Order Pipeline/airflow_venv_39/lib/python3.9/site-packages/airflow/example_dags/example_trigger_target_dag.py took 0.158 seconds
[2025-05-27T18:29:05.284+0530] {processor.py:161} INFO - Started process (PID=25915) to work on /Users/zafarimam/Documents/E-Commerce Order Pipeline/airflow_venv_39/lib/python3.9/site-packages/airflow/example_dags/example_trigger_target_dag.py
[2025-05-27T18:29:05.285+0530] {processor.py:830} INFO - Processing file /Users/zafarimam/Documents/E-Commerce Order Pipeline/airflow_venv_39/lib/python3.9/site-packages/airflow/example_dags/example_trigger_target_dag.py for tasks to queue
[2025-05-27T18:29:05.286+0530] {logging_mixin.py:188} INFO - [2025-05-27T18:29:05.286+0530] {dagbag.py:538} INFO - Filling up the DagBag from /Users/zafarimam/Documents/E-Commerce Order Pipeline/airflow_venv_39/lib/python3.9/site-packages/airflow/example_dags/example_trigger_target_dag.py
[2025-05-27T18:29:05.324+0530] {processor.py:840} INFO - DAG(s) 'example_trigger_target_dag' retrieved from /Users/zafarimam/Documents/E-Commerce Order Pipeline/airflow_venv_39/lib/python3.9/site-packages/airflow/example_dags/example_trigger_target_dag.py
[2025-05-27T18:29:05.404+0530] {logging_mixin.py:188} INFO - [2025-05-27T18:29:05.403+0530] {dag.py:3036} INFO - Sync 1 DAGs
[2025-05-27T18:29:05.410+0530] {logging_mixin.py:188} INFO - [2025-05-27T18:29:05.410+0530] {dag.py:3823} INFO - Setting next_dagrun for example_trigger_target_dag to None, run_after=None
[2025-05-27T18:29:05.424+0530] {processor.py:183} INFO - Processing /Users/zafarimam/Documents/E-Commerce Order Pipeline/airflow_venv_39/lib/python3.9/site-packages/airflow/example_dags/example_trigger_target_dag.py took 0.141 seconds
[2025-05-27T18:30:53.017+0530] {processor.py:161} INFO - Started process (PID=25971) to work on /Users/zafarimam/Documents/E-Commerce Order Pipeline/airflow_venv_39/lib/python3.9/site-packages/airflow/example_dags/example_trigger_target_dag.py
[2025-05-27T18:30:53.018+0530] {processor.py:830} INFO - Processing file /Users/zafarimam/Documents/E-Commerce Order Pipeline/airflow_venv_39/lib/python3.9/site-packages/airflow/example_dags/example_trigger_target_dag.py for tasks to queue
[2025-05-27T18:30:53.019+0530] {logging_mixin.py:188} INFO - [2025-05-27T18:30:53.019+0530] {dagbag.py:538} INFO - Filling up the DagBag from /Users/zafarimam/Documents/E-Commerce Order Pipeline/airflow_venv_39/lib/python3.9/site-packages/airflow/example_dags/example_trigger_target_dag.py
[2025-05-27T18:30:53.052+0530] {processor.py:840} INFO - DAG(s) 'example_trigger_target_dag' retrieved from /Users/zafarimam/Documents/E-Commerce Order Pipeline/airflow_venv_39/lib/python3.9/site-packages/airflow/example_dags/example_trigger_target_dag.py
[2025-05-27T18:30:53.132+0530] {logging_mixin.py:188} INFO - [2025-05-27T18:30:53.131+0530] {dag.py:3036} INFO - Sync 1 DAGs
[2025-05-27T18:30:53.139+0530] {logging_mixin.py:188} INFO - [2025-05-27T18:30:53.139+0530] {dag.py:3823} INFO - Setting next_dagrun for example_trigger_target_dag to None, run_after=None
[2025-05-27T18:30:53.151+0530] {processor.py:183} INFO - Processing /Users/zafarimam/Documents/E-Commerce Order Pipeline/airflow_venv_39/lib/python3.9/site-packages/airflow/example_dags/example_trigger_target_dag.py took 0.136 seconds
[2025-05-27T18:32:44.292+0530] {processor.py:161} INFO - Started process (PID=26032) to work on /Users/zafarimam/Documents/E-Commerce Order Pipeline/airflow_venv_39/lib/python3.9/site-packages/airflow/example_dags/example_trigger_target_dag.py
[2025-05-27T18:32:44.293+0530] {processor.py:830} INFO - Processing file /Users/zafarimam/Documents/E-Commerce Order Pipeline/airflow_venv_39/lib/python3.9/site-packages/airflow/example_dags/example_trigger_target_dag.py for tasks to queue
[2025-05-27T18:32:44.294+0530] {logging_mixin.py:188} INFO - [2025-05-27T18:32:44.293+0530] {dagbag.py:538} INFO - Filling up the DagBag from /Users/zafarimam/Documents/E-Commerce Order Pipeline/airflow_venv_39/lib/python3.9/site-packages/airflow/example_dags/example_trigger_target_dag.py
[2025-05-27T18:32:44.330+0530] {processor.py:840} INFO - DAG(s) 'example_trigger_target_dag' retrieved from /Users/zafarimam/Documents/E-Commerce Order Pipeline/airflow_venv_39/lib/python3.9/site-packages/airflow/example_dags/example_trigger_target_dag.py
[2025-05-27T18:32:44.409+0530] {logging_mixin.py:188} INFO - [2025-05-27T18:32:44.408+0530] {dag.py:3036} INFO - Sync 1 DAGs
[2025-05-27T18:32:44.415+0530] {logging_mixin.py:188} INFO - [2025-05-27T18:32:44.415+0530] {dag.py:3823} INFO - Setting next_dagrun for example_trigger_target_dag to None, run_after=None
[2025-05-27T18:32:44.428+0530] {processor.py:183} INFO - Processing /Users/zafarimam/Documents/E-Commerce Order Pipeline/airflow_venv_39/lib/python3.9/site-packages/airflow/example_dags/example_trigger_target_dag.py took 0.137 seconds
[2025-05-27T18:36:33.357+0530] {processor.py:161} INFO - Started process (PID=26194) to work on /Users/zafarimam/Documents/E-Commerce Order Pipeline/airflow_venv_39/lib/python3.9/site-packages/airflow/example_dags/example_trigger_target_dag.py
[2025-05-27T18:36:33.358+0530] {processor.py:830} INFO - Processing file /Users/zafarimam/Documents/E-Commerce Order Pipeline/airflow_venv_39/lib/python3.9/site-packages/airflow/example_dags/example_trigger_target_dag.py for tasks to queue
[2025-05-27T18:36:33.359+0530] {logging_mixin.py:188} INFO - [2025-05-27T18:36:33.359+0530] {dagbag.py:538} INFO - Filling up the DagBag from /Users/zafarimam/Documents/E-Commerce Order Pipeline/airflow_venv_39/lib/python3.9/site-packages/airflow/example_dags/example_trigger_target_dag.py
[2025-05-27T18:36:33.396+0530] {processor.py:840} INFO - DAG(s) 'example_trigger_target_dag' retrieved from /Users/zafarimam/Documents/E-Commerce Order Pipeline/airflow_venv_39/lib/python3.9/site-packages/airflow/example_dags/example_trigger_target_dag.py
[2025-05-27T18:36:33.478+0530] {logging_mixin.py:188} INFO - [2025-05-27T18:36:33.477+0530] {dag.py:3036} INFO - Sync 1 DAGs
[2025-05-27T18:36:33.484+0530] {logging_mixin.py:188} INFO - [2025-05-27T18:36:33.484+0530] {dag.py:3823} INFO - Setting next_dagrun for example_trigger_target_dag to None, run_after=None
[2025-05-27T18:36:33.498+0530] {processor.py:183} INFO - Processing /Users/zafarimam/Documents/E-Commerce Order Pipeline/airflow_venv_39/lib/python3.9/site-packages/airflow/example_dags/example_trigger_target_dag.py took 0.143 seconds
[2025-05-27T18:46:28.998+0530] {processor.py:161} INFO - Started process (PID=26710) to work on /Users/zafarimam/Documents/E-Commerce Order Pipeline/airflow_venv_39/lib/python3.9/site-packages/airflow/example_dags/example_trigger_target_dag.py
[2025-05-27T18:46:28.999+0530] {processor.py:830} INFO - Processing file /Users/zafarimam/Documents/E-Commerce Order Pipeline/airflow_venv_39/lib/python3.9/site-packages/airflow/example_dags/example_trigger_target_dag.py for tasks to queue
[2025-05-27T18:46:29.000+0530] {logging_mixin.py:188} INFO - [2025-05-27T18:46:29.000+0530] {dagbag.py:538} INFO - Filling up the DagBag from /Users/zafarimam/Documents/E-Commerce Order Pipeline/airflow_venv_39/lib/python3.9/site-packages/airflow/example_dags/example_trigger_target_dag.py
[2025-05-27T18:46:29.036+0530] {processor.py:840} INFO - DAG(s) 'example_trigger_target_dag' retrieved from /Users/zafarimam/Documents/E-Commerce Order Pipeline/airflow_venv_39/lib/python3.9/site-packages/airflow/example_dags/example_trigger_target_dag.py
[2025-05-27T18:46:29.173+0530] {logging_mixin.py:188} INFO - [2025-05-27T18:46:29.173+0530] {dag.py:3036} INFO - Sync 1 DAGs
[2025-05-27T18:46:29.181+0530] {logging_mixin.py:188} INFO - [2025-05-27T18:46:29.180+0530] {dag.py:3823} INFO - Setting next_dagrun for example_trigger_target_dag to None, run_after=None
[2025-05-27T18:46:29.199+0530] {processor.py:183} INFO - Processing /Users/zafarimam/Documents/E-Commerce Order Pipeline/airflow_venv_39/lib/python3.9/site-packages/airflow/example_dags/example_trigger_target_dag.py took 0.202 seconds
[2025-05-27T18:48:23.928+0530] {processor.py:161} INFO - Started process (PID=26780) to work on /Users/zafarimam/Documents/E-Commerce Order Pipeline/airflow_venv_39/lib/python3.9/site-packages/airflow/example_dags/example_trigger_target_dag.py
[2025-05-27T18:48:23.929+0530] {processor.py:830} INFO - Processing file /Users/zafarimam/Documents/E-Commerce Order Pipeline/airflow_venv_39/lib/python3.9/site-packages/airflow/example_dags/example_trigger_target_dag.py for tasks to queue
[2025-05-27T18:48:23.929+0530] {logging_mixin.py:188} INFO - [2025-05-27T18:48:23.929+0530] {dagbag.py:538} INFO - Filling up the DagBag from /Users/zafarimam/Documents/E-Commerce Order Pipeline/airflow_venv_39/lib/python3.9/site-packages/airflow/example_dags/example_trigger_target_dag.py
[2025-05-27T18:48:23.966+0530] {processor.py:840} INFO - DAG(s) 'example_trigger_target_dag' retrieved from /Users/zafarimam/Documents/E-Commerce Order Pipeline/airflow_venv_39/lib/python3.9/site-packages/airflow/example_dags/example_trigger_target_dag.py
[2025-05-27T18:48:24.045+0530] {logging_mixin.py:188} INFO - [2025-05-27T18:48:24.045+0530] {dag.py:3036} INFO - Sync 1 DAGs
[2025-05-27T18:48:24.052+0530] {logging_mixin.py:188} INFO - [2025-05-27T18:48:24.052+0530] {dag.py:3823} INFO - Setting next_dagrun for example_trigger_target_dag to None, run_after=None
[2025-05-27T18:48:24.065+0530] {processor.py:183} INFO - Processing /Users/zafarimam/Documents/E-Commerce Order Pipeline/airflow_venv_39/lib/python3.9/site-packages/airflow/example_dags/example_trigger_target_dag.py took 0.138 seconds
[2025-05-27T18:50:15.148+0530] {processor.py:161} INFO - Started process (PID=26847) to work on /Users/zafarimam/Documents/E-Commerce Order Pipeline/airflow_venv_39/lib/python3.9/site-packages/airflow/example_dags/example_trigger_target_dag.py
[2025-05-27T18:50:15.149+0530] {processor.py:830} INFO - Processing file /Users/zafarimam/Documents/E-Commerce Order Pipeline/airflow_venv_39/lib/python3.9/site-packages/airflow/example_dags/example_trigger_target_dag.py for tasks to queue
[2025-05-27T18:50:15.150+0530] {logging_mixin.py:188} INFO - [2025-05-27T18:50:15.150+0530] {dagbag.py:538} INFO - Filling up the DagBag from /Users/zafarimam/Documents/E-Commerce Order Pipeline/airflow_venv_39/lib/python3.9/site-packages/airflow/example_dags/example_trigger_target_dag.py
[2025-05-27T18:50:15.189+0530] {processor.py:840} INFO - DAG(s) 'example_trigger_target_dag' retrieved from /Users/zafarimam/Documents/E-Commerce Order Pipeline/airflow_venv_39/lib/python3.9/site-packages/airflow/example_dags/example_trigger_target_dag.py
[2025-05-27T18:50:15.279+0530] {logging_mixin.py:188} INFO - [2025-05-27T18:50:15.279+0530] {dag.py:3036} INFO - Sync 1 DAGs
[2025-05-27T18:50:15.287+0530] {logging_mixin.py:188} INFO - [2025-05-27T18:50:15.287+0530] {dag.py:3823} INFO - Setting next_dagrun for example_trigger_target_dag to None, run_after=None
[2025-05-27T18:50:15.302+0530] {processor.py:183} INFO - Processing /Users/zafarimam/Documents/E-Commerce Order Pipeline/airflow_venv_39/lib/python3.9/site-packages/airflow/example_dags/example_trigger_target_dag.py took 0.155 seconds
[2025-05-27T18:52:12.541+0530] {processor.py:161} INFO - Started process (PID=26937) to work on /Users/zafarimam/Documents/E-Commerce Order Pipeline/airflow_venv_39/lib/python3.9/site-packages/airflow/example_dags/example_trigger_target_dag.py
[2025-05-27T18:52:12.542+0530] {processor.py:830} INFO - Processing file /Users/zafarimam/Documents/E-Commerce Order Pipeline/airflow_venv_39/lib/python3.9/site-packages/airflow/example_dags/example_trigger_target_dag.py for tasks to queue
[2025-05-27T18:52:12.543+0530] {logging_mixin.py:188} INFO - [2025-05-27T18:52:12.543+0530] {dagbag.py:538} INFO - Filling up the DagBag from /Users/zafarimam/Documents/E-Commerce Order Pipeline/airflow_venv_39/lib/python3.9/site-packages/airflow/example_dags/example_trigger_target_dag.py
[2025-05-27T18:52:12.583+0530] {processor.py:840} INFO - DAG(s) 'example_trigger_target_dag' retrieved from /Users/zafarimam/Documents/E-Commerce Order Pipeline/airflow_venv_39/lib/python3.9/site-packages/airflow/example_dags/example_trigger_target_dag.py
[2025-05-27T18:52:12.676+0530] {logging_mixin.py:188} INFO - [2025-05-27T18:52:12.675+0530] {dag.py:3036} INFO - Sync 1 DAGs
[2025-05-27T18:52:12.684+0530] {logging_mixin.py:188} INFO - [2025-05-27T18:52:12.684+0530] {dag.py:3823} INFO - Setting next_dagrun for example_trigger_target_dag to None, run_after=None
[2025-05-27T18:52:12.699+0530] {processor.py:183} INFO - Processing /Users/zafarimam/Documents/E-Commerce Order Pipeline/airflow_venv_39/lib/python3.9/site-packages/airflow/example_dags/example_trigger_target_dag.py took 0.159 seconds
[2025-05-27T18:54:14.147+0530] {processor.py:161} INFO - Started process (PID=26998) to work on /Users/zafarimam/Documents/E-Commerce Order Pipeline/airflow_venv_39/lib/python3.9/site-packages/airflow/example_dags/example_trigger_target_dag.py
[2025-05-27T18:54:14.149+0530] {processor.py:830} INFO - Processing file /Users/zafarimam/Documents/E-Commerce Order Pipeline/airflow_venv_39/lib/python3.9/site-packages/airflow/example_dags/example_trigger_target_dag.py for tasks to queue
[2025-05-27T18:54:14.150+0530] {logging_mixin.py:188} INFO - [2025-05-27T18:54:14.150+0530] {dagbag.py:538} INFO - Filling up the DagBag from /Users/zafarimam/Documents/E-Commerce Order Pipeline/airflow_venv_39/lib/python3.9/site-packages/airflow/example_dags/example_trigger_target_dag.py
[2025-05-27T18:54:14.187+0530] {processor.py:840} INFO - DAG(s) 'example_trigger_target_dag' retrieved from /Users/zafarimam/Documents/E-Commerce Order Pipeline/airflow_venv_39/lib/python3.9/site-packages/airflow/example_dags/example_trigger_target_dag.py
[2025-05-27T18:54:14.269+0530] {logging_mixin.py:188} INFO - [2025-05-27T18:54:14.269+0530] {dag.py:3036} INFO - Sync 1 DAGs
[2025-05-27T18:54:14.276+0530] {logging_mixin.py:188} INFO - [2025-05-27T18:54:14.276+0530] {dag.py:3823} INFO - Setting next_dagrun for example_trigger_target_dag to None, run_after=None
[2025-05-27T18:54:14.290+0530] {processor.py:183} INFO - Processing /Users/zafarimam/Documents/E-Commerce Order Pipeline/airflow_venv_39/lib/python3.9/site-packages/airflow/example_dags/example_trigger_target_dag.py took 0.144 seconds
[2025-05-27T18:56:18.183+0530] {processor.py:161} INFO - Started process (PID=27066) to work on /Users/zafarimam/Documents/E-Commerce Order Pipeline/airflow_venv_39/lib/python3.9/site-packages/airflow/example_dags/example_trigger_target_dag.py
[2025-05-27T18:56:18.185+0530] {processor.py:830} INFO - Processing file /Users/zafarimam/Documents/E-Commerce Order Pipeline/airflow_venv_39/lib/python3.9/site-packages/airflow/example_dags/example_trigger_target_dag.py for tasks to queue
[2025-05-27T18:56:18.186+0530] {logging_mixin.py:188} INFO - [2025-05-27T18:56:18.186+0530] {dagbag.py:538} INFO - Filling up the DagBag from /Users/zafarimam/Documents/E-Commerce Order Pipeline/airflow_venv_39/lib/python3.9/site-packages/airflow/example_dags/example_trigger_target_dag.py
[2025-05-27T18:56:18.223+0530] {processor.py:840} INFO - DAG(s) 'example_trigger_target_dag' retrieved from /Users/zafarimam/Documents/E-Commerce Order Pipeline/airflow_venv_39/lib/python3.9/site-packages/airflow/example_dags/example_trigger_target_dag.py
[2025-05-27T18:56:18.304+0530] {logging_mixin.py:188} INFO - [2025-05-27T18:56:18.304+0530] {dag.py:3036} INFO - Sync 1 DAGs
[2025-05-27T18:56:18.311+0530] {logging_mixin.py:188} INFO - [2025-05-27T18:56:18.311+0530] {dag.py:3823} INFO - Setting next_dagrun for example_trigger_target_dag to None, run_after=None
[2025-05-27T18:56:18.325+0530] {processor.py:183} INFO - Processing /Users/zafarimam/Documents/E-Commerce Order Pipeline/airflow_venv_39/lib/python3.9/site-packages/airflow/example_dags/example_trigger_target_dag.py took 0.143 seconds
[2025-05-27T18:58:19.032+0530] {processor.py:161} INFO - Started process (PID=27158) to work on /Users/zafarimam/Documents/E-Commerce Order Pipeline/airflow_venv_39/lib/python3.9/site-packages/airflow/example_dags/example_trigger_target_dag.py
[2025-05-27T18:58:19.034+0530] {processor.py:830} INFO - Processing file /Users/zafarimam/Documents/E-Commerce Order Pipeline/airflow_venv_39/lib/python3.9/site-packages/airflow/example_dags/example_trigger_target_dag.py for tasks to queue
[2025-05-27T18:58:19.035+0530] {logging_mixin.py:188} INFO - [2025-05-27T18:58:19.034+0530] {dagbag.py:538} INFO - Filling up the DagBag from /Users/zafarimam/Documents/E-Commerce Order Pipeline/airflow_venv_39/lib/python3.9/site-packages/airflow/example_dags/example_trigger_target_dag.py
[2025-05-27T18:58:19.072+0530] {processor.py:840} INFO - DAG(s) 'example_trigger_target_dag' retrieved from /Users/zafarimam/Documents/E-Commerce Order Pipeline/airflow_venv_39/lib/python3.9/site-packages/airflow/example_dags/example_trigger_target_dag.py
[2025-05-27T18:58:19.155+0530] {logging_mixin.py:188} INFO - [2025-05-27T18:58:19.154+0530] {dag.py:3036} INFO - Sync 1 DAGs
[2025-05-27T18:58:19.161+0530] {logging_mixin.py:188} INFO - [2025-05-27T18:58:19.161+0530] {dag.py:3823} INFO - Setting next_dagrun for example_trigger_target_dag to None, run_after=None
[2025-05-27T18:58:19.175+0530] {processor.py:183} INFO - Processing /Users/zafarimam/Documents/E-Commerce Order Pipeline/airflow_venv_39/lib/python3.9/site-packages/airflow/example_dags/example_trigger_target_dag.py took 0.144 seconds
[2025-05-27T19:00:19.025+0530] {processor.py:161} INFO - Started process (PID=27220) to work on /Users/zafarimam/Documents/E-Commerce Order Pipeline/airflow_venv_39/lib/python3.9/site-packages/airflow/example_dags/example_trigger_target_dag.py
[2025-05-27T19:00:19.027+0530] {processor.py:830} INFO - Processing file /Users/zafarimam/Documents/E-Commerce Order Pipeline/airflow_venv_39/lib/python3.9/site-packages/airflow/example_dags/example_trigger_target_dag.py for tasks to queue
[2025-05-27T19:00:19.028+0530] {logging_mixin.py:188} INFO - [2025-05-27T19:00:19.028+0530] {dagbag.py:538} INFO - Filling up the DagBag from /Users/zafarimam/Documents/E-Commerce Order Pipeline/airflow_venv_39/lib/python3.9/site-packages/airflow/example_dags/example_trigger_target_dag.py
[2025-05-27T19:00:19.065+0530] {processor.py:840} INFO - DAG(s) 'example_trigger_target_dag' retrieved from /Users/zafarimam/Documents/E-Commerce Order Pipeline/airflow_venv_39/lib/python3.9/site-packages/airflow/example_dags/example_trigger_target_dag.py
[2025-05-27T19:00:19.147+0530] {logging_mixin.py:188} INFO - [2025-05-27T19:00:19.147+0530] {dag.py:3036} INFO - Sync 1 DAGs
[2025-05-27T19:00:19.154+0530] {logging_mixin.py:188} INFO - [2025-05-27T19:00:19.154+0530] {dag.py:3823} INFO - Setting next_dagrun for example_trigger_target_dag to None, run_after=None
[2025-05-27T19:00:19.168+0530] {processor.py:183} INFO - Processing /Users/zafarimam/Documents/E-Commerce Order Pipeline/airflow_venv_39/lib/python3.9/site-packages/airflow/example_dags/example_trigger_target_dag.py took 0.144 seconds
[2025-05-27T19:02:27.696+0530] {processor.py:161} INFO - Started process (PID=27324) to work on /Users/zafarimam/Documents/E-Commerce Order Pipeline/airflow_venv_39/lib/python3.9/site-packages/airflow/example_dags/example_trigger_target_dag.py
[2025-05-27T19:02:27.698+0530] {processor.py:830} INFO - Processing file /Users/zafarimam/Documents/E-Commerce Order Pipeline/airflow_venv_39/lib/python3.9/site-packages/airflow/example_dags/example_trigger_target_dag.py for tasks to queue
[2025-05-27T19:02:27.699+0530] {logging_mixin.py:188} INFO - [2025-05-27T19:02:27.698+0530] {dagbag.py:538} INFO - Filling up the DagBag from /Users/zafarimam/Documents/E-Commerce Order Pipeline/airflow_venv_39/lib/python3.9/site-packages/airflow/example_dags/example_trigger_target_dag.py
[2025-05-27T19:02:27.733+0530] {processor.py:840} INFO - DAG(s) 'example_trigger_target_dag' retrieved from /Users/zafarimam/Documents/E-Commerce Order Pipeline/airflow_venv_39/lib/python3.9/site-packages/airflow/example_dags/example_trigger_target_dag.py
[2025-05-27T19:02:27.808+0530] {logging_mixin.py:188} INFO - [2025-05-27T19:02:27.808+0530] {dag.py:3036} INFO - Sync 1 DAGs
[2025-05-27T19:02:27.814+0530] {logging_mixin.py:188} INFO - [2025-05-27T19:02:27.814+0530] {dag.py:3823} INFO - Setting next_dagrun for example_trigger_target_dag to None, run_after=None
[2025-05-27T19:02:27.827+0530] {processor.py:183} INFO - Processing /Users/zafarimam/Documents/E-Commerce Order Pipeline/airflow_venv_39/lib/python3.9/site-packages/airflow/example_dags/example_trigger_target_dag.py took 0.132 seconds
[2025-05-27T19:04:25.125+0530] {processor.py:161} INFO - Started process (PID=27391) to work on /Users/zafarimam/Documents/E-Commerce Order Pipeline/airflow_venv_39/lib/python3.9/site-packages/airflow/example_dags/example_trigger_target_dag.py
[2025-05-27T19:04:25.126+0530] {processor.py:830} INFO - Processing file /Users/zafarimam/Documents/E-Commerce Order Pipeline/airflow_venv_39/lib/python3.9/site-packages/airflow/example_dags/example_trigger_target_dag.py for tasks to queue
[2025-05-27T19:04:25.127+0530] {logging_mixin.py:188} INFO - [2025-05-27T19:04:25.127+0530] {dagbag.py:538} INFO - Filling up the DagBag from /Users/zafarimam/Documents/E-Commerce Order Pipeline/airflow_venv_39/lib/python3.9/site-packages/airflow/example_dags/example_trigger_target_dag.py
[2025-05-27T19:04:25.168+0530] {processor.py:840} INFO - DAG(s) 'example_trigger_target_dag' retrieved from /Users/zafarimam/Documents/E-Commerce Order Pipeline/airflow_venv_39/lib/python3.9/site-packages/airflow/example_dags/example_trigger_target_dag.py
[2025-05-27T19:04:25.264+0530] {logging_mixin.py:188} INFO - [2025-05-27T19:04:25.264+0530] {dag.py:3036} INFO - Sync 1 DAGs
[2025-05-27T19:04:25.272+0530] {logging_mixin.py:188} INFO - [2025-05-27T19:04:25.272+0530] {dag.py:3823} INFO - Setting next_dagrun for example_trigger_target_dag to None, run_after=None
[2025-05-27T19:04:25.288+0530] {processor.py:183} INFO - Processing /Users/zafarimam/Documents/E-Commerce Order Pipeline/airflow_venv_39/lib/python3.9/site-packages/airflow/example_dags/example_trigger_target_dag.py took 0.165 seconds
[2025-05-27T19:06:32.804+0530] {processor.py:161} INFO - Started process (PID=27447) to work on /Users/zafarimam/Documents/E-Commerce Order Pipeline/airflow_venv_39/lib/python3.9/site-packages/airflow/example_dags/example_trigger_target_dag.py
[2025-05-27T19:06:32.805+0530] {processor.py:830} INFO - Processing file /Users/zafarimam/Documents/E-Commerce Order Pipeline/airflow_venv_39/lib/python3.9/site-packages/airflow/example_dags/example_trigger_target_dag.py for tasks to queue
[2025-05-27T19:06:32.806+0530] {logging_mixin.py:188} INFO - [2025-05-27T19:06:32.806+0530] {dagbag.py:538} INFO - Filling up the DagBag from /Users/zafarimam/Documents/E-Commerce Order Pipeline/airflow_venv_39/lib/python3.9/site-packages/airflow/example_dags/example_trigger_target_dag.py
[2025-05-27T19:06:32.842+0530] {processor.py:840} INFO - DAG(s) 'example_trigger_target_dag' retrieved from /Users/zafarimam/Documents/E-Commerce Order Pipeline/airflow_venv_39/lib/python3.9/site-packages/airflow/example_dags/example_trigger_target_dag.py
[2025-05-27T19:06:32.926+0530] {logging_mixin.py:188} INFO - [2025-05-27T19:06:32.925+0530] {dag.py:3036} INFO - Sync 1 DAGs
[2025-05-27T19:06:32.933+0530] {logging_mixin.py:188} INFO - [2025-05-27T19:06:32.933+0530] {dag.py:3823} INFO - Setting next_dagrun for example_trigger_target_dag to None, run_after=None
[2025-05-27T19:06:32.948+0530] {processor.py:183} INFO - Processing /Users/zafarimam/Documents/E-Commerce Order Pipeline/airflow_venv_39/lib/python3.9/site-packages/airflow/example_dags/example_trigger_target_dag.py took 0.144 seconds
[2025-05-27T19:08:40.301+0530] {processor.py:161} INFO - Started process (PID=27544) to work on /Users/zafarimam/Documents/E-Commerce Order Pipeline/airflow_venv_39/lib/python3.9/site-packages/airflow/example_dags/example_trigger_target_dag.py
[2025-05-27T19:08:40.302+0530] {processor.py:830} INFO - Processing file /Users/zafarimam/Documents/E-Commerce Order Pipeline/airflow_venv_39/lib/python3.9/site-packages/airflow/example_dags/example_trigger_target_dag.py for tasks to queue
[2025-05-27T19:08:40.303+0530] {logging_mixin.py:188} INFO - [2025-05-27T19:08:40.303+0530] {dagbag.py:538} INFO - Filling up the DagBag from /Users/zafarimam/Documents/E-Commerce Order Pipeline/airflow_venv_39/lib/python3.9/site-packages/airflow/example_dags/example_trigger_target_dag.py
[2025-05-27T19:08:40.334+0530] {processor.py:840} INFO - DAG(s) 'example_trigger_target_dag' retrieved from /Users/zafarimam/Documents/E-Commerce Order Pipeline/airflow_venv_39/lib/python3.9/site-packages/airflow/example_dags/example_trigger_target_dag.py
[2025-05-27T19:08:40.408+0530] {logging_mixin.py:188} INFO - [2025-05-27T19:08:40.408+0530] {dag.py:3036} INFO - Sync 1 DAGs
[2025-05-27T19:08:40.414+0530] {logging_mixin.py:188} INFO - [2025-05-27T19:08:40.414+0530] {dag.py:3823} INFO - Setting next_dagrun for example_trigger_target_dag to None, run_after=None
[2025-05-27T19:08:40.427+0530] {processor.py:183} INFO - Processing /Users/zafarimam/Documents/E-Commerce Order Pipeline/airflow_venv_39/lib/python3.9/site-packages/airflow/example_dags/example_trigger_target_dag.py took 0.128 seconds
[2025-05-27T19:10:20.942+0530] {processor.py:161} INFO - Started process (PID=27596) to work on /Users/zafarimam/Documents/E-Commerce Order Pipeline/airflow_venv_39/lib/python3.9/site-packages/airflow/example_dags/example_trigger_target_dag.py
[2025-05-27T19:10:20.943+0530] {processor.py:830} INFO - Processing file /Users/zafarimam/Documents/E-Commerce Order Pipeline/airflow_venv_39/lib/python3.9/site-packages/airflow/example_dags/example_trigger_target_dag.py for tasks to queue
[2025-05-27T19:10:20.944+0530] {logging_mixin.py:188} INFO - [2025-05-27T19:10:20.944+0530] {dagbag.py:538} INFO - Filling up the DagBag from /Users/zafarimam/Documents/E-Commerce Order Pipeline/airflow_venv_39/lib/python3.9/site-packages/airflow/example_dags/example_trigger_target_dag.py
[2025-05-27T19:10:20.975+0530] {processor.py:840} INFO - DAG(s) 'example_trigger_target_dag' retrieved from /Users/zafarimam/Documents/E-Commerce Order Pipeline/airflow_venv_39/lib/python3.9/site-packages/airflow/example_dags/example_trigger_target_dag.py
[2025-05-27T19:10:21.047+0530] {logging_mixin.py:188} INFO - [2025-05-27T19:10:21.047+0530] {dag.py:3036} INFO - Sync 1 DAGs
[2025-05-27T19:10:21.054+0530] {logging_mixin.py:188} INFO - [2025-05-27T19:10:21.053+0530] {dag.py:3823} INFO - Setting next_dagrun for example_trigger_target_dag to None, run_after=None
[2025-05-27T19:10:21.071+0530] {processor.py:183} INFO - Processing /Users/zafarimam/Documents/E-Commerce Order Pipeline/airflow_venv_39/lib/python3.9/site-packages/airflow/example_dags/example_trigger_target_dag.py took 0.130 seconds
[2025-05-27T19:12:02.788+0530] {processor.py:161} INFO - Started process (PID=27651) to work on /Users/zafarimam/Documents/E-Commerce Order Pipeline/airflow_venv_39/lib/python3.9/site-packages/airflow/example_dags/example_trigger_target_dag.py
[2025-05-27T19:12:02.789+0530] {processor.py:830} INFO - Processing file /Users/zafarimam/Documents/E-Commerce Order Pipeline/airflow_venv_39/lib/python3.9/site-packages/airflow/example_dags/example_trigger_target_dag.py for tasks to queue
[2025-05-27T19:12:02.790+0530] {logging_mixin.py:188} INFO - [2025-05-27T19:12:02.789+0530] {dagbag.py:538} INFO - Filling up the DagBag from /Users/zafarimam/Documents/E-Commerce Order Pipeline/airflow_venv_39/lib/python3.9/site-packages/airflow/example_dags/example_trigger_target_dag.py
[2025-05-27T19:12:02.821+0530] {processor.py:840} INFO - DAG(s) 'example_trigger_target_dag' retrieved from /Users/zafarimam/Documents/E-Commerce Order Pipeline/airflow_venv_39/lib/python3.9/site-packages/airflow/example_dags/example_trigger_target_dag.py
[2025-05-27T19:12:02.894+0530] {logging_mixin.py:188} INFO - [2025-05-27T19:12:02.894+0530] {dag.py:3036} INFO - Sync 1 DAGs
[2025-05-27T19:12:02.900+0530] {logging_mixin.py:188} INFO - [2025-05-27T19:12:02.900+0530] {dag.py:3823} INFO - Setting next_dagrun for example_trigger_target_dag to None, run_after=None
[2025-05-27T19:12:02.918+0530] {processor.py:183} INFO - Processing /Users/zafarimam/Documents/E-Commerce Order Pipeline/airflow_venv_39/lib/python3.9/site-packages/airflow/example_dags/example_trigger_target_dag.py took 0.131 seconds
[2025-05-27T19:13:43.000+0530] {processor.py:161} INFO - Started process (PID=27703) to work on /Users/zafarimam/Documents/E-Commerce Order Pipeline/airflow_venv_39/lib/python3.9/site-packages/airflow/example_dags/example_trigger_target_dag.py
[2025-05-27T19:13:43.001+0530] {processor.py:830} INFO - Processing file /Users/zafarimam/Documents/E-Commerce Order Pipeline/airflow_venv_39/lib/python3.9/site-packages/airflow/example_dags/example_trigger_target_dag.py for tasks to queue
[2025-05-27T19:13:43.001+0530] {logging_mixin.py:188} INFO - [2025-05-27T19:13:43.001+0530] {dagbag.py:538} INFO - Filling up the DagBag from /Users/zafarimam/Documents/E-Commerce Order Pipeline/airflow_venv_39/lib/python3.9/site-packages/airflow/example_dags/example_trigger_target_dag.py
[2025-05-27T19:13:43.033+0530] {processor.py:840} INFO - DAG(s) 'example_trigger_target_dag' retrieved from /Users/zafarimam/Documents/E-Commerce Order Pipeline/airflow_venv_39/lib/python3.9/site-packages/airflow/example_dags/example_trigger_target_dag.py
[2025-05-27T19:13:43.105+0530] {logging_mixin.py:188} INFO - [2025-05-27T19:13:43.105+0530] {dag.py:3036} INFO - Sync 1 DAGs
[2025-05-27T19:13:43.111+0530] {logging_mixin.py:188} INFO - [2025-05-27T19:13:43.111+0530] {dag.py:3823} INFO - Setting next_dagrun for example_trigger_target_dag to None, run_after=None
[2025-05-27T19:13:43.123+0530] {processor.py:183} INFO - Processing /Users/zafarimam/Documents/E-Commerce Order Pipeline/airflow_venv_39/lib/python3.9/site-packages/airflow/example_dags/example_trigger_target_dag.py took 0.125 seconds
[2025-05-27T19:15:23.645+0530] {processor.py:161} INFO - Started process (PID=27753) to work on /Users/zafarimam/Documents/E-Commerce Order Pipeline/airflow_venv_39/lib/python3.9/site-packages/airflow/example_dags/example_trigger_target_dag.py
[2025-05-27T19:15:23.646+0530] {processor.py:830} INFO - Processing file /Users/zafarimam/Documents/E-Commerce Order Pipeline/airflow_venv_39/lib/python3.9/site-packages/airflow/example_dags/example_trigger_target_dag.py for tasks to queue
[2025-05-27T19:15:23.646+0530] {logging_mixin.py:188} INFO - [2025-05-27T19:15:23.646+0530] {dagbag.py:538} INFO - Filling up the DagBag from /Users/zafarimam/Documents/E-Commerce Order Pipeline/airflow_venv_39/lib/python3.9/site-packages/airflow/example_dags/example_trigger_target_dag.py
[2025-05-27T19:15:23.679+0530] {processor.py:840} INFO - DAG(s) 'example_trigger_target_dag' retrieved from /Users/zafarimam/Documents/E-Commerce Order Pipeline/airflow_venv_39/lib/python3.9/site-packages/airflow/example_dags/example_trigger_target_dag.py
[2025-05-27T19:15:23.753+0530] {logging_mixin.py:188} INFO - [2025-05-27T19:15:23.752+0530] {dag.py:3036} INFO - Sync 1 DAGs
[2025-05-27T19:15:23.759+0530] {logging_mixin.py:188} INFO - [2025-05-27T19:15:23.759+0530] {dag.py:3823} INFO - Setting next_dagrun for example_trigger_target_dag to None, run_after=None
[2025-05-27T19:15:23.771+0530] {processor.py:183} INFO - Processing /Users/zafarimam/Documents/E-Commerce Order Pipeline/airflow_venv_39/lib/python3.9/site-packages/airflow/example_dags/example_trigger_target_dag.py took 0.127 seconds
[2025-05-27T19:17:04.100+0530] {processor.py:161} INFO - Started process (PID=27809) to work on /Users/zafarimam/Documents/E-Commerce Order Pipeline/airflow_venv_39/lib/python3.9/site-packages/airflow/example_dags/example_trigger_target_dag.py
[2025-05-27T19:17:04.101+0530] {processor.py:830} INFO - Processing file /Users/zafarimam/Documents/E-Commerce Order Pipeline/airflow_venv_39/lib/python3.9/site-packages/airflow/example_dags/example_trigger_target_dag.py for tasks to queue
[2025-05-27T19:17:04.102+0530] {logging_mixin.py:188} INFO - [2025-05-27T19:17:04.101+0530] {dagbag.py:538} INFO - Filling up the DagBag from /Users/zafarimam/Documents/E-Commerce Order Pipeline/airflow_venv_39/lib/python3.9/site-packages/airflow/example_dags/example_trigger_target_dag.py
[2025-05-27T19:17:04.133+0530] {processor.py:840} INFO - DAG(s) 'example_trigger_target_dag' retrieved from /Users/zafarimam/Documents/E-Commerce Order Pipeline/airflow_venv_39/lib/python3.9/site-packages/airflow/example_dags/example_trigger_target_dag.py
[2025-05-27T19:17:04.206+0530] {logging_mixin.py:188} INFO - [2025-05-27T19:17:04.206+0530] {dag.py:3036} INFO - Sync 1 DAGs
[2025-05-27T19:17:04.212+0530] {logging_mixin.py:188} INFO - [2025-05-27T19:17:04.212+0530] {dag.py:3823} INFO - Setting next_dagrun for example_trigger_target_dag to None, run_after=None
[2025-05-27T19:17:04.225+0530] {processor.py:183} INFO - Processing /Users/zafarimam/Documents/E-Commerce Order Pipeline/airflow_venv_39/lib/python3.9/site-packages/airflow/example_dags/example_trigger_target_dag.py took 0.126 seconds
[2025-05-27T19:18:44.278+0530] {processor.py:161} INFO - Started process (PID=27880) to work on /Users/zafarimam/Documents/E-Commerce Order Pipeline/airflow_venv_39/lib/python3.9/site-packages/airflow/example_dags/example_trigger_target_dag.py
[2025-05-27T19:18:44.279+0530] {processor.py:830} INFO - Processing file /Users/zafarimam/Documents/E-Commerce Order Pipeline/airflow_venv_39/lib/python3.9/site-packages/airflow/example_dags/example_trigger_target_dag.py for tasks to queue
[2025-05-27T19:18:44.279+0530] {logging_mixin.py:188} INFO - [2025-05-27T19:18:44.279+0530] {dagbag.py:538} INFO - Filling up the DagBag from /Users/zafarimam/Documents/E-Commerce Order Pipeline/airflow_venv_39/lib/python3.9/site-packages/airflow/example_dags/example_trigger_target_dag.py
[2025-05-27T19:18:44.311+0530] {processor.py:840} INFO - DAG(s) 'example_trigger_target_dag' retrieved from /Users/zafarimam/Documents/E-Commerce Order Pipeline/airflow_venv_39/lib/python3.9/site-packages/airflow/example_dags/example_trigger_target_dag.py
[2025-05-27T19:18:44.385+0530] {logging_mixin.py:188} INFO - [2025-05-27T19:18:44.384+0530] {dag.py:3036} INFO - Sync 1 DAGs
[2025-05-27T19:18:44.391+0530] {logging_mixin.py:188} INFO - [2025-05-27T19:18:44.391+0530] {dag.py:3823} INFO - Setting next_dagrun for example_trigger_target_dag to None, run_after=None
[2025-05-27T19:18:44.408+0530] {processor.py:183} INFO - Processing /Users/zafarimam/Documents/E-Commerce Order Pipeline/airflow_venv_39/lib/python3.9/site-packages/airflow/example_dags/example_trigger_target_dag.py took 0.131 seconds
[2025-05-27T19:20:25.624+0530] {processor.py:161} INFO - Started process (PID=27947) to work on /Users/zafarimam/Documents/E-Commerce Order Pipeline/airflow_venv_39/lib/python3.9/site-packages/airflow/example_dags/example_trigger_target_dag.py
[2025-05-27T19:20:25.625+0530] {processor.py:830} INFO - Processing file /Users/zafarimam/Documents/E-Commerce Order Pipeline/airflow_venv_39/lib/python3.9/site-packages/airflow/example_dags/example_trigger_target_dag.py for tasks to queue
[2025-05-27T19:20:25.625+0530] {logging_mixin.py:188} INFO - [2025-05-27T19:20:25.625+0530] {dagbag.py:538} INFO - Filling up the DagBag from /Users/zafarimam/Documents/E-Commerce Order Pipeline/airflow_venv_39/lib/python3.9/site-packages/airflow/example_dags/example_trigger_target_dag.py
[2025-05-27T19:20:25.658+0530] {processor.py:840} INFO - DAG(s) 'example_trigger_target_dag' retrieved from /Users/zafarimam/Documents/E-Commerce Order Pipeline/airflow_venv_39/lib/python3.9/site-packages/airflow/example_dags/example_trigger_target_dag.py
[2025-05-27T19:20:25.730+0530] {logging_mixin.py:188} INFO - [2025-05-27T19:20:25.730+0530] {dag.py:3036} INFO - Sync 1 DAGs
[2025-05-27T19:20:25.737+0530] {logging_mixin.py:188} INFO - [2025-05-27T19:20:25.736+0530] {dag.py:3823} INFO - Setting next_dagrun for example_trigger_target_dag to None, run_after=None
[2025-05-27T19:20:25.754+0530] {processor.py:183} INFO - Processing /Users/zafarimam/Documents/E-Commerce Order Pipeline/airflow_venv_39/lib/python3.9/site-packages/airflow/example_dags/example_trigger_target_dag.py took 0.131 seconds
[2025-05-27T19:22:03.660+0530] {processor.py:161} INFO - Started process (PID=28003) to work on /Users/zafarimam/Documents/E-Commerce Order Pipeline/airflow_venv_39/lib/python3.9/site-packages/airflow/example_dags/example_trigger_target_dag.py
[2025-05-27T19:22:03.661+0530] {processor.py:830} INFO - Processing file /Users/zafarimam/Documents/E-Commerce Order Pipeline/airflow_venv_39/lib/python3.9/site-packages/airflow/example_dags/example_trigger_target_dag.py for tasks to queue
[2025-05-27T19:22:03.661+0530] {logging_mixin.py:188} INFO - [2025-05-27T19:22:03.661+0530] {dagbag.py:538} INFO - Filling up the DagBag from /Users/zafarimam/Documents/E-Commerce Order Pipeline/airflow_venv_39/lib/python3.9/site-packages/airflow/example_dags/example_trigger_target_dag.py
[2025-05-27T19:22:03.693+0530] {processor.py:840} INFO - DAG(s) 'example_trigger_target_dag' retrieved from /Users/zafarimam/Documents/E-Commerce Order Pipeline/airflow_venv_39/lib/python3.9/site-packages/airflow/example_dags/example_trigger_target_dag.py
[2025-05-27T19:22:03.765+0530] {logging_mixin.py:188} INFO - [2025-05-27T19:22:03.765+0530] {dag.py:3036} INFO - Sync 1 DAGs
[2025-05-27T19:22:03.772+0530] {logging_mixin.py:188} INFO - [2025-05-27T19:22:03.772+0530] {dag.py:3823} INFO - Setting next_dagrun for example_trigger_target_dag to None, run_after=None
[2025-05-27T19:22:03.789+0530] {processor.py:183} INFO - Processing /Users/zafarimam/Documents/E-Commerce Order Pipeline/airflow_venv_39/lib/python3.9/site-packages/airflow/example_dags/example_trigger_target_dag.py took 0.130 seconds
[2025-05-27T19:23:44.938+0530] {processor.py:161} INFO - Started process (PID=28065) to work on /Users/zafarimam/Documents/E-Commerce Order Pipeline/airflow_venv_39/lib/python3.9/site-packages/airflow/example_dags/example_trigger_target_dag.py
[2025-05-27T19:23:44.939+0530] {processor.py:830} INFO - Processing file /Users/zafarimam/Documents/E-Commerce Order Pipeline/airflow_venv_39/lib/python3.9/site-packages/airflow/example_dags/example_trigger_target_dag.py for tasks to queue
[2025-05-27T19:23:44.940+0530] {logging_mixin.py:188} INFO - [2025-05-27T19:23:44.940+0530] {dagbag.py:538} INFO - Filling up the DagBag from /Users/zafarimam/Documents/E-Commerce Order Pipeline/airflow_venv_39/lib/python3.9/site-packages/airflow/example_dags/example_trigger_target_dag.py
[2025-05-27T19:23:44.972+0530] {processor.py:840} INFO - DAG(s) 'example_trigger_target_dag' retrieved from /Users/zafarimam/Documents/E-Commerce Order Pipeline/airflow_venv_39/lib/python3.9/site-packages/airflow/example_dags/example_trigger_target_dag.py
[2025-05-27T19:23:45.044+0530] {logging_mixin.py:188} INFO - [2025-05-27T19:23:45.044+0530] {dag.py:3036} INFO - Sync 1 DAGs
[2025-05-27T19:23:45.050+0530] {logging_mixin.py:188} INFO - [2025-05-27T19:23:45.050+0530] {dag.py:3823} INFO - Setting next_dagrun for example_trigger_target_dag to None, run_after=None
[2025-05-27T19:23:45.067+0530] {processor.py:183} INFO - Processing /Users/zafarimam/Documents/E-Commerce Order Pipeline/airflow_venv_39/lib/python3.9/site-packages/airflow/example_dags/example_trigger_target_dag.py took 0.130 seconds
[2025-05-27T19:25:26.181+0530] {processor.py:161} INFO - Started process (PID=28117) to work on /Users/zafarimam/Documents/E-Commerce Order Pipeline/airflow_venv_39/lib/python3.9/site-packages/airflow/example_dags/example_trigger_target_dag.py
[2025-05-27T19:25:26.182+0530] {processor.py:830} INFO - Processing file /Users/zafarimam/Documents/E-Commerce Order Pipeline/airflow_venv_39/lib/python3.9/site-packages/airflow/example_dags/example_trigger_target_dag.py for tasks to queue
[2025-05-27T19:25:26.182+0530] {logging_mixin.py:188} INFO - [2025-05-27T19:25:26.182+0530] {dagbag.py:538} INFO - Filling up the DagBag from /Users/zafarimam/Documents/E-Commerce Order Pipeline/airflow_venv_39/lib/python3.9/site-packages/airflow/example_dags/example_trigger_target_dag.py
[2025-05-27T19:25:26.214+0530] {processor.py:840} INFO - DAG(s) 'example_trigger_target_dag' retrieved from /Users/zafarimam/Documents/E-Commerce Order Pipeline/airflow_venv_39/lib/python3.9/site-packages/airflow/example_dags/example_trigger_target_dag.py
[2025-05-27T19:25:26.288+0530] {logging_mixin.py:188} INFO - [2025-05-27T19:25:26.288+0530] {dag.py:3036} INFO - Sync 1 DAGs
[2025-05-27T19:25:26.294+0530] {logging_mixin.py:188} INFO - [2025-05-27T19:25:26.294+0530] {dag.py:3823} INFO - Setting next_dagrun for example_trigger_target_dag to None, run_after=None
[2025-05-27T19:25:26.312+0530] {processor.py:183} INFO - Processing /Users/zafarimam/Documents/E-Commerce Order Pipeline/airflow_venv_39/lib/python3.9/site-packages/airflow/example_dags/example_trigger_target_dag.py took 0.132 seconds
[2025-05-27T19:27:06.694+0530] {processor.py:161} INFO - Started process (PID=28174) to work on /Users/zafarimam/Documents/E-Commerce Order Pipeline/airflow_venv_39/lib/python3.9/site-packages/airflow/example_dags/example_trigger_target_dag.py
[2025-05-27T19:27:06.695+0530] {processor.py:830} INFO - Processing file /Users/zafarimam/Documents/E-Commerce Order Pipeline/airflow_venv_39/lib/python3.9/site-packages/airflow/example_dags/example_trigger_target_dag.py for tasks to queue
[2025-05-27T19:27:06.695+0530] {logging_mixin.py:188} INFO - [2025-05-27T19:27:06.695+0530] {dagbag.py:538} INFO - Filling up the DagBag from /Users/zafarimam/Documents/E-Commerce Order Pipeline/airflow_venv_39/lib/python3.9/site-packages/airflow/example_dags/example_trigger_target_dag.py
[2025-05-27T19:27:06.728+0530] {processor.py:840} INFO - DAG(s) 'example_trigger_target_dag' retrieved from /Users/zafarimam/Documents/E-Commerce Order Pipeline/airflow_venv_39/lib/python3.9/site-packages/airflow/example_dags/example_trigger_target_dag.py
[2025-05-27T19:27:06.808+0530] {logging_mixin.py:188} INFO - [2025-05-27T19:27:06.808+0530] {dag.py:3036} INFO - Sync 1 DAGs
[2025-05-27T19:27:06.815+0530] {logging_mixin.py:188} INFO - [2025-05-27T19:27:06.814+0530] {dag.py:3823} INFO - Setting next_dagrun for example_trigger_target_dag to None, run_after=None
[2025-05-27T19:27:06.827+0530] {processor.py:183} INFO - Processing /Users/zafarimam/Documents/E-Commerce Order Pipeline/airflow_venv_39/lib/python3.9/site-packages/airflow/example_dags/example_trigger_target_dag.py took 0.134 seconds
[2025-05-27T19:28:45.490+0530] {processor.py:161} INFO - Started process (PID=28226) to work on /Users/zafarimam/Documents/E-Commerce Order Pipeline/airflow_venv_39/lib/python3.9/site-packages/airflow/example_dags/example_trigger_target_dag.py
[2025-05-27T19:28:45.491+0530] {processor.py:830} INFO - Processing file /Users/zafarimam/Documents/E-Commerce Order Pipeline/airflow_venv_39/lib/python3.9/site-packages/airflow/example_dags/example_trigger_target_dag.py for tasks to queue
[2025-05-27T19:28:45.492+0530] {logging_mixin.py:188} INFO - [2025-05-27T19:28:45.492+0530] {dagbag.py:538} INFO - Filling up the DagBag from /Users/zafarimam/Documents/E-Commerce Order Pipeline/airflow_venv_39/lib/python3.9/site-packages/airflow/example_dags/example_trigger_target_dag.py
[2025-05-27T19:28:45.524+0530] {processor.py:840} INFO - DAG(s) 'example_trigger_target_dag' retrieved from /Users/zafarimam/Documents/E-Commerce Order Pipeline/airflow_venv_39/lib/python3.9/site-packages/airflow/example_dags/example_trigger_target_dag.py
[2025-05-27T19:28:45.598+0530] {logging_mixin.py:188} INFO - [2025-05-27T19:28:45.598+0530] {dag.py:3036} INFO - Sync 1 DAGs
[2025-05-27T19:28:45.604+0530] {logging_mixin.py:188} INFO - [2025-05-27T19:28:45.604+0530] {dag.py:3823} INFO - Setting next_dagrun for example_trigger_target_dag to None, run_after=None
[2025-05-27T19:28:45.618+0530] {processor.py:183} INFO - Processing /Users/zafarimam/Documents/E-Commerce Order Pipeline/airflow_venv_39/lib/python3.9/site-packages/airflow/example_dags/example_trigger_target_dag.py took 0.129 seconds
[2025-05-27T19:30:47.449+0530] {processor.py:161} INFO - Started process (PID=28306) to work on /Users/zafarimam/Documents/E-Commerce Order Pipeline/airflow_venv_39/lib/python3.9/site-packages/airflow/example_dags/example_trigger_target_dag.py
[2025-05-27T19:30:47.450+0530] {processor.py:830} INFO - Processing file /Users/zafarimam/Documents/E-Commerce Order Pipeline/airflow_venv_39/lib/python3.9/site-packages/airflow/example_dags/example_trigger_target_dag.py for tasks to queue
[2025-05-27T19:30:47.451+0530] {logging_mixin.py:188} INFO - [2025-05-27T19:30:47.451+0530] {dagbag.py:538} INFO - Filling up the DagBag from /Users/zafarimam/Documents/E-Commerce Order Pipeline/airflow_venv_39/lib/python3.9/site-packages/airflow/example_dags/example_trigger_target_dag.py
[2025-05-27T19:30:47.483+0530] {processor.py:840} INFO - DAG(s) 'example_trigger_target_dag' retrieved from /Users/zafarimam/Documents/E-Commerce Order Pipeline/airflow_venv_39/lib/python3.9/site-packages/airflow/example_dags/example_trigger_target_dag.py
[2025-05-27T19:30:47.558+0530] {logging_mixin.py:188} INFO - [2025-05-27T19:30:47.558+0530] {dag.py:3036} INFO - Sync 1 DAGs
[2025-05-27T19:30:47.564+0530] {logging_mixin.py:188} INFO - [2025-05-27T19:30:47.564+0530] {dag.py:3823} INFO - Setting next_dagrun for example_trigger_target_dag to None, run_after=None
[2025-05-27T19:30:47.582+0530] {processor.py:183} INFO - Processing /Users/zafarimam/Documents/E-Commerce Order Pipeline/airflow_venv_39/lib/python3.9/site-packages/airflow/example_dags/example_trigger_target_dag.py took 0.133 seconds
[2025-05-27T19:32:27.271+0530] {processor.py:161} INFO - Started process (PID=28360) to work on /Users/zafarimam/Documents/E-Commerce Order Pipeline/airflow_venv_39/lib/python3.9/site-packages/airflow/example_dags/example_trigger_target_dag.py
[2025-05-27T19:32:27.272+0530] {processor.py:830} INFO - Processing file /Users/zafarimam/Documents/E-Commerce Order Pipeline/airflow_venv_39/lib/python3.9/site-packages/airflow/example_dags/example_trigger_target_dag.py for tasks to queue
[2025-05-27T19:32:27.273+0530] {logging_mixin.py:188} INFO - [2025-05-27T19:32:27.272+0530] {dagbag.py:538} INFO - Filling up the DagBag from /Users/zafarimam/Documents/E-Commerce Order Pipeline/airflow_venv_39/lib/python3.9/site-packages/airflow/example_dags/example_trigger_target_dag.py
[2025-05-27T19:32:27.304+0530] {processor.py:840} INFO - DAG(s) 'example_trigger_target_dag' retrieved from /Users/zafarimam/Documents/E-Commerce Order Pipeline/airflow_venv_39/lib/python3.9/site-packages/airflow/example_dags/example_trigger_target_dag.py
[2025-05-27T19:32:27.376+0530] {logging_mixin.py:188} INFO - [2025-05-27T19:32:27.375+0530] {dag.py:3036} INFO - Sync 1 DAGs
[2025-05-27T19:32:27.382+0530] {logging_mixin.py:188} INFO - [2025-05-27T19:32:27.382+0530] {dag.py:3823} INFO - Setting next_dagrun for example_trigger_target_dag to None, run_after=None
[2025-05-27T19:32:27.399+0530] {processor.py:183} INFO - Processing /Users/zafarimam/Documents/E-Commerce Order Pipeline/airflow_venv_39/lib/python3.9/site-packages/airflow/example_dags/example_trigger_target_dag.py took 0.129 seconds
[2025-05-27T19:34:07.557+0530] {processor.py:161} INFO - Started process (PID=28412) to work on /Users/zafarimam/Documents/E-Commerce Order Pipeline/airflow_venv_39/lib/python3.9/site-packages/airflow/example_dags/example_trigger_target_dag.py
[2025-05-27T19:34:07.558+0530] {processor.py:830} INFO - Processing file /Users/zafarimam/Documents/E-Commerce Order Pipeline/airflow_venv_39/lib/python3.9/site-packages/airflow/example_dags/example_trigger_target_dag.py for tasks to queue
[2025-05-27T19:34:07.559+0530] {logging_mixin.py:188} INFO - [2025-05-27T19:34:07.559+0530] {dagbag.py:538} INFO - Filling up the DagBag from /Users/zafarimam/Documents/E-Commerce Order Pipeline/airflow_venv_39/lib/python3.9/site-packages/airflow/example_dags/example_trigger_target_dag.py
[2025-05-27T19:34:07.591+0530] {processor.py:840} INFO - DAG(s) 'example_trigger_target_dag' retrieved from /Users/zafarimam/Documents/E-Commerce Order Pipeline/airflow_venv_39/lib/python3.9/site-packages/airflow/example_dags/example_trigger_target_dag.py
[2025-05-27T19:34:07.664+0530] {logging_mixin.py:188} INFO - [2025-05-27T19:34:07.663+0530] {dag.py:3036} INFO - Sync 1 DAGs
[2025-05-27T19:34:07.670+0530] {logging_mixin.py:188} INFO - [2025-05-27T19:34:07.670+0530] {dag.py:3823} INFO - Setting next_dagrun for example_trigger_target_dag to None, run_after=None
[2025-05-27T19:34:07.687+0530] {processor.py:183} INFO - Processing /Users/zafarimam/Documents/E-Commerce Order Pipeline/airflow_venv_39/lib/python3.9/site-packages/airflow/example_dags/example_trigger_target_dag.py took 0.131 seconds
[2025-05-27T19:35:48.943+0530] {processor.py:161} INFO - Started process (PID=28464) to work on /Users/zafarimam/Documents/E-Commerce Order Pipeline/airflow_venv_39/lib/python3.9/site-packages/airflow/example_dags/example_trigger_target_dag.py
[2025-05-27T19:35:48.943+0530] {processor.py:830} INFO - Processing file /Users/zafarimam/Documents/E-Commerce Order Pipeline/airflow_venv_39/lib/python3.9/site-packages/airflow/example_dags/example_trigger_target_dag.py for tasks to queue
[2025-05-27T19:35:48.944+0530] {logging_mixin.py:188} INFO - [2025-05-27T19:35:48.944+0530] {dagbag.py:538} INFO - Filling up the DagBag from /Users/zafarimam/Documents/E-Commerce Order Pipeline/airflow_venv_39/lib/python3.9/site-packages/airflow/example_dags/example_trigger_target_dag.py
[2025-05-27T19:35:48.976+0530] {processor.py:840} INFO - DAG(s) 'example_trigger_target_dag' retrieved from /Users/zafarimam/Documents/E-Commerce Order Pipeline/airflow_venv_39/lib/python3.9/site-packages/airflow/example_dags/example_trigger_target_dag.py
[2025-05-27T19:35:49.050+0530] {logging_mixin.py:188} INFO - [2025-05-27T19:35:49.050+0530] {dag.py:3036} INFO - Sync 1 DAGs
[2025-05-27T19:35:49.056+0530] {logging_mixin.py:188} INFO - [2025-05-27T19:35:49.055+0530] {dag.py:3823} INFO - Setting next_dagrun for example_trigger_target_dag to None, run_after=None
[2025-05-27T19:35:49.068+0530] {processor.py:183} INFO - Processing /Users/zafarimam/Documents/E-Commerce Order Pipeline/airflow_venv_39/lib/python3.9/site-packages/airflow/example_dags/example_trigger_target_dag.py took 0.127 seconds
[2025-05-27T19:37:30.347+0530] {processor.py:161} INFO - Started process (PID=28516) to work on /Users/zafarimam/Documents/E-Commerce Order Pipeline/airflow_venv_39/lib/python3.9/site-packages/airflow/example_dags/example_trigger_target_dag.py
[2025-05-27T19:37:30.348+0530] {processor.py:830} INFO - Processing file /Users/zafarimam/Documents/E-Commerce Order Pipeline/airflow_venv_39/lib/python3.9/site-packages/airflow/example_dags/example_trigger_target_dag.py for tasks to queue
[2025-05-27T19:37:30.349+0530] {logging_mixin.py:188} INFO - [2025-05-27T19:37:30.349+0530] {dagbag.py:538} INFO - Filling up the DagBag from /Users/zafarimam/Documents/E-Commerce Order Pipeline/airflow_venv_39/lib/python3.9/site-packages/airflow/example_dags/example_trigger_target_dag.py
[2025-05-27T19:37:30.381+0530] {processor.py:840} INFO - DAG(s) 'example_trigger_target_dag' retrieved from /Users/zafarimam/Documents/E-Commerce Order Pipeline/airflow_venv_39/lib/python3.9/site-packages/airflow/example_dags/example_trigger_target_dag.py
[2025-05-27T19:37:30.456+0530] {logging_mixin.py:188} INFO - [2025-05-27T19:37:30.456+0530] {dag.py:3036} INFO - Sync 1 DAGs
[2025-05-27T19:37:30.462+0530] {logging_mixin.py:188} INFO - [2025-05-27T19:37:30.462+0530] {dag.py:3823} INFO - Setting next_dagrun for example_trigger_target_dag to None, run_after=None
[2025-05-27T19:37:30.479+0530] {processor.py:183} INFO - Processing /Users/zafarimam/Documents/E-Commerce Order Pipeline/airflow_venv_39/lib/python3.9/site-packages/airflow/example_dags/example_trigger_target_dag.py took 0.132 seconds
[2025-05-27T19:39:10.831+0530] {processor.py:161} INFO - Started process (PID=28567) to work on /Users/zafarimam/Documents/E-Commerce Order Pipeline/airflow_venv_39/lib/python3.9/site-packages/airflow/example_dags/example_trigger_target_dag.py
[2025-05-27T19:39:10.832+0530] {processor.py:830} INFO - Processing file /Users/zafarimam/Documents/E-Commerce Order Pipeline/airflow_venv_39/lib/python3.9/site-packages/airflow/example_dags/example_trigger_target_dag.py for tasks to queue
[2025-05-27T19:39:10.832+0530] {logging_mixin.py:188} INFO - [2025-05-27T19:39:10.832+0530] {dagbag.py:538} INFO - Filling up the DagBag from /Users/zafarimam/Documents/E-Commerce Order Pipeline/airflow_venv_39/lib/python3.9/site-packages/airflow/example_dags/example_trigger_target_dag.py
[2025-05-27T19:39:10.865+0530] {processor.py:840} INFO - DAG(s) 'example_trigger_target_dag' retrieved from /Users/zafarimam/Documents/E-Commerce Order Pipeline/airflow_venv_39/lib/python3.9/site-packages/airflow/example_dags/example_trigger_target_dag.py
[2025-05-27T19:39:10.939+0530] {logging_mixin.py:188} INFO - [2025-05-27T19:39:10.939+0530] {dag.py:3036} INFO - Sync 1 DAGs
[2025-05-27T19:39:10.946+0530] {logging_mixin.py:188} INFO - [2025-05-27T19:39:10.945+0530] {dag.py:3823} INFO - Setting next_dagrun for example_trigger_target_dag to None, run_after=None
[2025-05-27T19:39:10.963+0530] {processor.py:183} INFO - Processing /Users/zafarimam/Documents/E-Commerce Order Pipeline/airflow_venv_39/lib/python3.9/site-packages/airflow/example_dags/example_trigger_target_dag.py took 0.133 seconds
[2025-05-27T19:40:48.757+0530] {processor.py:161} INFO - Started process (PID=28619) to work on /Users/zafarimam/Documents/E-Commerce Order Pipeline/airflow_venv_39/lib/python3.9/site-packages/airflow/example_dags/example_trigger_target_dag.py
[2025-05-27T19:40:48.757+0530] {processor.py:830} INFO - Processing file /Users/zafarimam/Documents/E-Commerce Order Pipeline/airflow_venv_39/lib/python3.9/site-packages/airflow/example_dags/example_trigger_target_dag.py for tasks to queue
[2025-05-27T19:40:48.758+0530] {logging_mixin.py:188} INFO - [2025-05-27T19:40:48.758+0530] {dagbag.py:538} INFO - Filling up the DagBag from /Users/zafarimam/Documents/E-Commerce Order Pipeline/airflow_venv_39/lib/python3.9/site-packages/airflow/example_dags/example_trigger_target_dag.py
[2025-05-27T19:40:48.790+0530] {processor.py:840} INFO - DAG(s) 'example_trigger_target_dag' retrieved from /Users/zafarimam/Documents/E-Commerce Order Pipeline/airflow_venv_39/lib/python3.9/site-packages/airflow/example_dags/example_trigger_target_dag.py
[2025-05-27T19:40:48.861+0530] {logging_mixin.py:188} INFO - [2025-05-27T19:40:48.861+0530] {dag.py:3036} INFO - Sync 1 DAGs
[2025-05-27T19:40:48.867+0530] {logging_mixin.py:188} INFO - [2025-05-27T19:40:48.867+0530] {dag.py:3823} INFO - Setting next_dagrun for example_trigger_target_dag to None, run_after=None
[2025-05-27T19:40:48.879+0530] {processor.py:183} INFO - Processing /Users/zafarimam/Documents/E-Commerce Order Pipeline/airflow_venv_39/lib/python3.9/site-packages/airflow/example_dags/example_trigger_target_dag.py took 0.123 seconds
[2025-05-27T19:42:30.076+0530] {processor.py:161} INFO - Started process (PID=28671) to work on /Users/zafarimam/Documents/E-Commerce Order Pipeline/airflow_venv_39/lib/python3.9/site-packages/airflow/example_dags/example_trigger_target_dag.py
[2025-05-27T19:42:30.077+0530] {processor.py:830} INFO - Processing file /Users/zafarimam/Documents/E-Commerce Order Pipeline/airflow_venv_39/lib/python3.9/site-packages/airflow/example_dags/example_trigger_target_dag.py for tasks to queue
[2025-05-27T19:42:30.078+0530] {logging_mixin.py:188} INFO - [2025-05-27T19:42:30.078+0530] {dagbag.py:538} INFO - Filling up the DagBag from /Users/zafarimam/Documents/E-Commerce Order Pipeline/airflow_venv_39/lib/python3.9/site-packages/airflow/example_dags/example_trigger_target_dag.py
[2025-05-27T19:42:30.110+0530] {processor.py:840} INFO - DAG(s) 'example_trigger_target_dag' retrieved from /Users/zafarimam/Documents/E-Commerce Order Pipeline/airflow_venv_39/lib/python3.9/site-packages/airflow/example_dags/example_trigger_target_dag.py
[2025-05-27T19:42:30.186+0530] {logging_mixin.py:188} INFO - [2025-05-27T19:42:30.186+0530] {dag.py:3036} INFO - Sync 1 DAGs
[2025-05-27T19:42:30.192+0530] {logging_mixin.py:188} INFO - [2025-05-27T19:42:30.192+0530] {dag.py:3823} INFO - Setting next_dagrun for example_trigger_target_dag to None, run_after=None
[2025-05-27T19:42:30.206+0530] {processor.py:183} INFO - Processing /Users/zafarimam/Documents/E-Commerce Order Pipeline/airflow_venv_39/lib/python3.9/site-packages/airflow/example_dags/example_trigger_target_dag.py took 0.131 seconds
[2025-05-27T19:44:27.446+0530] {processor.py:161} INFO - Started process (PID=28784) to work on /Users/zafarimam/Documents/E-Commerce Order Pipeline/airflow_venv_39/lib/python3.9/site-packages/airflow/example_dags/example_trigger_target_dag.py
[2025-05-27T19:44:27.448+0530] {processor.py:830} INFO - Processing file /Users/zafarimam/Documents/E-Commerce Order Pipeline/airflow_venv_39/lib/python3.9/site-packages/airflow/example_dags/example_trigger_target_dag.py for tasks to queue
[2025-05-27T19:44:27.448+0530] {logging_mixin.py:188} INFO - [2025-05-27T19:44:27.448+0530] {dagbag.py:538} INFO - Filling up the DagBag from /Users/zafarimam/Documents/E-Commerce Order Pipeline/airflow_venv_39/lib/python3.9/site-packages/airflow/example_dags/example_trigger_target_dag.py
[2025-05-27T19:44:27.487+0530] {processor.py:840} INFO - DAG(s) 'example_trigger_target_dag' retrieved from /Users/zafarimam/Documents/E-Commerce Order Pipeline/airflow_venv_39/lib/python3.9/site-packages/airflow/example_dags/example_trigger_target_dag.py
[2025-05-27T19:44:27.572+0530] {logging_mixin.py:188} INFO - [2025-05-27T19:44:27.572+0530] {dag.py:3036} INFO - Sync 1 DAGs
[2025-05-27T19:44:27.580+0530] {logging_mixin.py:188} INFO - [2025-05-27T19:44:27.580+0530] {dag.py:3823} INFO - Setting next_dagrun for example_trigger_target_dag to None, run_after=None
[2025-05-27T19:44:27.595+0530] {processor.py:183} INFO - Processing /Users/zafarimam/Documents/E-Commerce Order Pipeline/airflow_venv_39/lib/python3.9/site-packages/airflow/example_dags/example_trigger_target_dag.py took 0.150 seconds
[2025-05-27T19:46:26.597+0530] {processor.py:161} INFO - Started process (PID=28871) to work on /Users/zafarimam/Documents/E-Commerce Order Pipeline/airflow_venv_39/lib/python3.9/site-packages/airflow/example_dags/example_trigger_target_dag.py
[2025-05-27T19:46:26.598+0530] {processor.py:830} INFO - Processing file /Users/zafarimam/Documents/E-Commerce Order Pipeline/airflow_venv_39/lib/python3.9/site-packages/airflow/example_dags/example_trigger_target_dag.py for tasks to queue
[2025-05-27T19:46:26.599+0530] {logging_mixin.py:188} INFO - [2025-05-27T19:46:26.599+0530] {dagbag.py:538} INFO - Filling up the DagBag from /Users/zafarimam/Documents/E-Commerce Order Pipeline/airflow_venv_39/lib/python3.9/site-packages/airflow/example_dags/example_trigger_target_dag.py
[2025-05-27T19:46:26.633+0530] {processor.py:840} INFO - DAG(s) 'example_trigger_target_dag' retrieved from /Users/zafarimam/Documents/E-Commerce Order Pipeline/airflow_venv_39/lib/python3.9/site-packages/airflow/example_dags/example_trigger_target_dag.py
[2025-05-27T19:46:26.711+0530] {logging_mixin.py:188} INFO - [2025-05-27T19:46:26.711+0530] {dag.py:3036} INFO - Sync 1 DAGs
[2025-05-27T19:46:26.717+0530] {logging_mixin.py:188} INFO - [2025-05-27T19:46:26.717+0530] {dag.py:3823} INFO - Setting next_dagrun for example_trigger_target_dag to None, run_after=None
[2025-05-27T19:46:26.730+0530] {processor.py:183} INFO - Processing /Users/zafarimam/Documents/E-Commerce Order Pipeline/airflow_venv_39/lib/python3.9/site-packages/airflow/example_dags/example_trigger_target_dag.py took 0.134 seconds
[2025-05-27T19:48:10.619+0530] {processor.py:161} INFO - Started process (PID=28937) to work on /Users/zafarimam/Documents/E-Commerce Order Pipeline/airflow_venv_39/lib/python3.9/site-packages/airflow/example_dags/example_trigger_target_dag.py
[2025-05-27T19:48:10.620+0530] {processor.py:830} INFO - Processing file /Users/zafarimam/Documents/E-Commerce Order Pipeline/airflow_venv_39/lib/python3.9/site-packages/airflow/example_dags/example_trigger_target_dag.py for tasks to queue
[2025-05-27T19:48:10.621+0530] {logging_mixin.py:188} INFO - [2025-05-27T19:48:10.621+0530] {dagbag.py:538} INFO - Filling up the DagBag from /Users/zafarimam/Documents/E-Commerce Order Pipeline/airflow_venv_39/lib/python3.9/site-packages/airflow/example_dags/example_trigger_target_dag.py
[2025-05-27T19:48:10.655+0530] {processor.py:840} INFO - DAG(s) 'example_trigger_target_dag' retrieved from /Users/zafarimam/Documents/E-Commerce Order Pipeline/airflow_venv_39/lib/python3.9/site-packages/airflow/example_dags/example_trigger_target_dag.py
[2025-05-27T19:48:10.733+0530] {logging_mixin.py:188} INFO - [2025-05-27T19:48:10.733+0530] {dag.py:3036} INFO - Sync 1 DAGs
[2025-05-27T19:48:10.740+0530] {logging_mixin.py:188} INFO - [2025-05-27T19:48:10.740+0530] {dag.py:3823} INFO - Setting next_dagrun for example_trigger_target_dag to None, run_after=None
[2025-05-27T19:48:10.752+0530] {processor.py:183} INFO - Processing /Users/zafarimam/Documents/E-Commerce Order Pipeline/airflow_venv_39/lib/python3.9/site-packages/airflow/example_dags/example_trigger_target_dag.py took 0.134 seconds
[2025-05-27T19:49:55.074+0530] {processor.py:161} INFO - Started process (PID=28990) to work on /Users/zafarimam/Documents/E-Commerce Order Pipeline/airflow_venv_39/lib/python3.9/site-packages/airflow/example_dags/example_trigger_target_dag.py
[2025-05-27T19:49:55.074+0530] {processor.py:830} INFO - Processing file /Users/zafarimam/Documents/E-Commerce Order Pipeline/airflow_venv_39/lib/python3.9/site-packages/airflow/example_dags/example_trigger_target_dag.py for tasks to queue
[2025-05-27T19:49:55.075+0530] {logging_mixin.py:188} INFO - [2025-05-27T19:49:55.075+0530] {dagbag.py:538} INFO - Filling up the DagBag from /Users/zafarimam/Documents/E-Commerce Order Pipeline/airflow_venv_39/lib/python3.9/site-packages/airflow/example_dags/example_trigger_target_dag.py
[2025-05-27T19:49:55.109+0530] {processor.py:840} INFO - DAG(s) 'example_trigger_target_dag' retrieved from /Users/zafarimam/Documents/E-Commerce Order Pipeline/airflow_venv_39/lib/python3.9/site-packages/airflow/example_dags/example_trigger_target_dag.py
[2025-05-27T19:49:55.187+0530] {logging_mixin.py:188} INFO - [2025-05-27T19:49:55.186+0530] {dag.py:3036} INFO - Sync 1 DAGs
[2025-05-27T19:49:55.193+0530] {logging_mixin.py:188} INFO - [2025-05-27T19:49:55.193+0530] {dag.py:3823} INFO - Setting next_dagrun for example_trigger_target_dag to None, run_after=None
[2025-05-27T19:49:55.211+0530] {processor.py:183} INFO - Processing /Users/zafarimam/Documents/E-Commerce Order Pipeline/airflow_venv_39/lib/python3.9/site-packages/airflow/example_dags/example_trigger_target_dag.py took 0.139 seconds
[2025-05-27T19:51:42.576+0530] {processor.py:161} INFO - Started process (PID=29074) to work on /Users/zafarimam/Documents/E-Commerce Order Pipeline/airflow_venv_39/lib/python3.9/site-packages/airflow/example_dags/example_trigger_target_dag.py
[2025-05-27T19:51:42.577+0530] {processor.py:830} INFO - Processing file /Users/zafarimam/Documents/E-Commerce Order Pipeline/airflow_venv_39/lib/python3.9/site-packages/airflow/example_dags/example_trigger_target_dag.py for tasks to queue
[2025-05-27T19:51:42.578+0530] {logging_mixin.py:188} INFO - [2025-05-27T19:51:42.578+0530] {dagbag.py:538} INFO - Filling up the DagBag from /Users/zafarimam/Documents/E-Commerce Order Pipeline/airflow_venv_39/lib/python3.9/site-packages/airflow/example_dags/example_trigger_target_dag.py
[2025-05-27T19:51:42.613+0530] {processor.py:840} INFO - DAG(s) 'example_trigger_target_dag' retrieved from /Users/zafarimam/Documents/E-Commerce Order Pipeline/airflow_venv_39/lib/python3.9/site-packages/airflow/example_dags/example_trigger_target_dag.py
[2025-05-27T19:51:42.693+0530] {logging_mixin.py:188} INFO - [2025-05-27T19:51:42.693+0530] {dag.py:3036} INFO - Sync 1 DAGs
[2025-05-27T19:51:42.699+0530] {logging_mixin.py:188} INFO - [2025-05-27T19:51:42.699+0530] {dag.py:3823} INFO - Setting next_dagrun for example_trigger_target_dag to None, run_after=None
[2025-05-27T19:51:42.715+0530] {processor.py:183} INFO - Processing /Users/zafarimam/Documents/E-Commerce Order Pipeline/airflow_venv_39/lib/python3.9/site-packages/airflow/example_dags/example_trigger_target_dag.py took 0.139 seconds
