[2025-05-27T17:37:51.956+0530] {processor.py:161} INFO - Started process (PID=22799) to work on /Users/zafarimam/Documents/E-Commerce Order Pipeline/airflow_venv_39/lib/python3.9/site-packages/airflow/example_dags/tutorial.py
[2025-05-27T17:37:51.957+0530] {processor.py:830} INFO - Processing file /Users/zafarimam/Documents/E-Commerce Order Pipeline/airflow_venv_39/lib/python3.9/site-packages/airflow/example_dags/tutorial.py for tasks to queue
[2025-05-27T17:37:51.958+0530] {logging_mixin.py:188} INFO - [2025-05-27T17:37:51.957+0530] {dagbag.py:538} INFO - Filling up the DagBag from /Users/zafarimam/Documents/E-Commerce Order Pipeline/airflow_venv_39/lib/python3.9/site-packages/airflow/example_dags/tutorial.py
[2025-05-27T17:37:51.965+0530] {processor.py:840} INFO - DAG(s) 'tutorial' retrieved from /Users/zafarimam/Documents/E-Commerce Order Pipeline/airflow_venv_39/lib/python3.9/site-packages/airflow/example_dags/tutorial.py
[2025-05-27T17:37:51.976+0530] {logging_mixin.py:188} INFO - [2025-05-27T17:37:51.976+0530] {dag.py:3036} INFO - Sync 1 DAGs
[2025-05-27T17:37:52.066+0530] {logging_mixin.py:188} INFO - [2025-05-27T17:37:52.066+0530] {dag.py:3823} INFO - Setting next_dagrun for tutorial to 2025-05-26 00:00:00+00:00, run_after=2025-05-27 00:00:00+00:00
[2025-05-27T17:37:52.081+0530] {processor.py:183} INFO - Processing /Users/zafarimam/Documents/E-Commerce Order Pipeline/airflow_venv_39/lib/python3.9/site-packages/airflow/example_dags/tutorial.py took 0.126 seconds
[2025-05-27T17:39:58.787+0530] {processor.py:161} INFO - Started process (PID=22891) to work on /Users/zafarimam/Documents/E-Commerce Order Pipeline/airflow_venv_39/lib/python3.9/site-packages/airflow/example_dags/tutorial.py
[2025-05-27T17:39:58.789+0530] {processor.py:830} INFO - Processing file /Users/zafarimam/Documents/E-Commerce Order Pipeline/airflow_venv_39/lib/python3.9/site-packages/airflow/example_dags/tutorial.py for tasks to queue
[2025-05-27T17:39:58.789+0530] {logging_mixin.py:188} INFO - [2025-05-27T17:39:58.789+0530] {dagbag.py:538} INFO - Filling up the DagBag from /Users/zafarimam/Documents/E-Commerce Order Pipeline/airflow_venv_39/lib/python3.9/site-packages/airflow/example_dags/tutorial.py
[2025-05-27T17:39:58.797+0530] {processor.py:840} INFO - DAG(s) 'tutorial' retrieved from /Users/zafarimam/Documents/E-Commerce Order Pipeline/airflow_venv_39/lib/python3.9/site-packages/airflow/example_dags/tutorial.py
[2025-05-27T17:39:58.959+0530] {logging_mixin.py:188} INFO - [2025-05-27T17:39:58.959+0530] {dag.py:3036} INFO - Sync 1 DAGs
[2025-05-27T17:39:58.973+0530] {logging_mixin.py:188} INFO - [2025-05-27T17:39:58.973+0530] {dag.py:3823} INFO - Setting next_dagrun for tutorial to 2025-05-26 00:00:00+00:00, run_after=2025-05-27 00:00:00+00:00
[2025-05-27T17:39:58.992+0530] {processor.py:183} INFO - Processing /Users/zafarimam/Documents/E-Commerce Order Pipeline/airflow_venv_39/lib/python3.9/site-packages/airflow/example_dags/tutorial.py took 0.206 seconds
[2025-05-27T17:41:59.182+0530] {processor.py:161} INFO - Started process (PID=22959) to work on /Users/zafarimam/Documents/E-Commerce Order Pipeline/airflow_venv_39/lib/python3.9/site-packages/airflow/example_dags/tutorial.py
[2025-05-27T17:41:59.183+0530] {processor.py:830} INFO - Processing file /Users/zafarimam/Documents/E-Commerce Order Pipeline/airflow_venv_39/lib/python3.9/site-packages/airflow/example_dags/tutorial.py for tasks to queue
[2025-05-27T17:41:59.184+0530] {logging_mixin.py:188} INFO - [2025-05-27T17:41:59.184+0530] {dagbag.py:538} INFO - Filling up the DagBag from /Users/zafarimam/Documents/E-Commerce Order Pipeline/airflow_venv_39/lib/python3.9/site-packages/airflow/example_dags/tutorial.py
[2025-05-27T17:41:59.192+0530] {processor.py:840} INFO - DAG(s) 'tutorial' retrieved from /Users/zafarimam/Documents/E-Commerce Order Pipeline/airflow_venv_39/lib/python3.9/site-packages/airflow/example_dags/tutorial.py
[2025-05-27T17:41:59.290+0530] {logging_mixin.py:188} INFO - [2025-05-27T17:41:59.289+0530] {dag.py:3036} INFO - Sync 1 DAGs
[2025-05-27T17:41:59.305+0530] {logging_mixin.py:188} INFO - [2025-05-27T17:41:59.304+0530] {dag.py:3823} INFO - Setting next_dagrun for tutorial to 2025-05-26 00:00:00+00:00, run_after=2025-05-27 00:00:00+00:00
[2025-05-27T17:41:59.321+0530] {processor.py:183} INFO - Processing /Users/zafarimam/Documents/E-Commerce Order Pipeline/airflow_venv_39/lib/python3.9/site-packages/airflow/example_dags/tutorial.py took 0.140 seconds
[2025-05-27T17:43:49.065+0530] {processor.py:161} INFO - Started process (PID=23020) to work on /Users/zafarimam/Documents/E-Commerce Order Pipeline/airflow_venv_39/lib/python3.9/site-packages/airflow/example_dags/tutorial.py
[2025-05-27T17:43:49.067+0530] {processor.py:830} INFO - Processing file /Users/zafarimam/Documents/E-Commerce Order Pipeline/airflow_venv_39/lib/python3.9/site-packages/airflow/example_dags/tutorial.py for tasks to queue
[2025-05-27T17:43:49.068+0530] {logging_mixin.py:188} INFO - [2025-05-27T17:43:49.068+0530] {dagbag.py:538} INFO - Filling up the DagBag from /Users/zafarimam/Documents/E-Commerce Order Pipeline/airflow_venv_39/lib/python3.9/site-packages/airflow/example_dags/tutorial.py
[2025-05-27T17:43:49.075+0530] {processor.py:840} INFO - DAG(s) 'tutorial' retrieved from /Users/zafarimam/Documents/E-Commerce Order Pipeline/airflow_venv_39/lib/python3.9/site-packages/airflow/example_dags/tutorial.py
[2025-05-27T17:43:49.161+0530] {logging_mixin.py:188} INFO - [2025-05-27T17:43:49.161+0530] {dag.py:3036} INFO - Sync 1 DAGs
[2025-05-27T17:43:49.173+0530] {logging_mixin.py:188} INFO - [2025-05-27T17:43:49.173+0530] {dag.py:3823} INFO - Setting next_dagrun for tutorial to 2025-05-26 00:00:00+00:00, run_after=2025-05-27 00:00:00+00:00
[2025-05-27T17:43:49.188+0530] {processor.py:183} INFO - Processing /Users/zafarimam/Documents/E-Commerce Order Pipeline/airflow_venv_39/lib/python3.9/site-packages/airflow/example_dags/tutorial.py took 0.124 seconds
[2025-05-27T17:50:40.716+0530] {processor.py:161} INFO - Started process (PID=23099) to work on /Users/zafarimam/Documents/E-Commerce Order Pipeline/airflow_venv_39/lib/python3.9/site-packages/airflow/example_dags/tutorial.py
[2025-05-27T17:50:40.718+0530] {processor.py:830} INFO - Processing file /Users/zafarimam/Documents/E-Commerce Order Pipeline/airflow_venv_39/lib/python3.9/site-packages/airflow/example_dags/tutorial.py for tasks to queue
[2025-05-27T17:50:40.720+0530] {logging_mixin.py:188} INFO - [2025-05-27T17:50:40.719+0530] {dagbag.py:538} INFO - Filling up the DagBag from /Users/zafarimam/Documents/E-Commerce Order Pipeline/airflow_venv_39/lib/python3.9/site-packages/airflow/example_dags/tutorial.py
[2025-05-27T17:50:40.730+0530] {processor.py:840} INFO - DAG(s) 'tutorial' retrieved from /Users/zafarimam/Documents/E-Commerce Order Pipeline/airflow_venv_39/lib/python3.9/site-packages/airflow/example_dags/tutorial.py
[2025-05-27T17:50:40.838+0530] {logging_mixin.py:188} INFO - [2025-05-27T17:50:40.838+0530] {dag.py:3036} INFO - Sync 1 DAGs
[2025-05-27T17:50:40.853+0530] {logging_mixin.py:188} INFO - [2025-05-27T17:50:40.853+0530] {dag.py:3823} INFO - Setting next_dagrun for tutorial to 2025-05-26 00:00:00+00:00, run_after=2025-05-27 00:00:00+00:00
[2025-05-27T17:50:40.868+0530] {processor.py:183} INFO - Processing /Users/zafarimam/Documents/E-Commerce Order Pipeline/airflow_venv_39/lib/python3.9/site-packages/airflow/example_dags/tutorial.py took 0.154 seconds
[2025-05-27T17:52:36.516+0530] {processor.py:161} INFO - Started process (PID=23397) to work on /Users/zafarimam/Documents/E-Commerce Order Pipeline/airflow_venv_39/lib/python3.9/site-packages/airflow/example_dags/tutorial.py
[2025-05-27T17:52:36.518+0530] {processor.py:830} INFO - Processing file /Users/zafarimam/Documents/E-Commerce Order Pipeline/airflow_venv_39/lib/python3.9/site-packages/airflow/example_dags/tutorial.py for tasks to queue
[2025-05-27T17:52:36.519+0530] {logging_mixin.py:188} INFO - [2025-05-27T17:52:36.518+0530] {dagbag.py:538} INFO - Filling up the DagBag from /Users/zafarimam/Documents/E-Commerce Order Pipeline/airflow_venv_39/lib/python3.9/site-packages/airflow/example_dags/tutorial.py
[2025-05-27T17:52:36.526+0530] {processor.py:840} INFO - DAG(s) 'tutorial' retrieved from /Users/zafarimam/Documents/E-Commerce Order Pipeline/airflow_venv_39/lib/python3.9/site-packages/airflow/example_dags/tutorial.py
[2025-05-27T17:52:36.620+0530] {logging_mixin.py:188} INFO - [2025-05-27T17:52:36.620+0530] {dag.py:3036} INFO - Sync 1 DAGs
[2025-05-27T17:52:36.635+0530] {logging_mixin.py:188} INFO - [2025-05-27T17:52:36.635+0530] {dag.py:3823} INFO - Setting next_dagrun for tutorial to 2025-05-26 00:00:00+00:00, run_after=2025-05-27 00:00:00+00:00
[2025-05-27T17:52:36.652+0530] {processor.py:183} INFO - Processing /Users/zafarimam/Documents/E-Commerce Order Pipeline/airflow_venv_39/lib/python3.9/site-packages/airflow/example_dags/tutorial.py took 0.137 seconds
[2025-05-27T17:55:03.956+0530] {processor.py:161} INFO - Started process (PID=24023) to work on /Users/zafarimam/Documents/E-Commerce Order Pipeline/airflow_venv_39/lib/python3.9/site-packages/airflow/example_dags/tutorial.py
[2025-05-27T17:55:03.958+0530] {processor.py:830} INFO - Processing file /Users/zafarimam/Documents/E-Commerce Order Pipeline/airflow_venv_39/lib/python3.9/site-packages/airflow/example_dags/tutorial.py for tasks to queue
[2025-05-27T17:55:03.959+0530] {logging_mixin.py:188} INFO - [2025-05-27T17:55:03.959+0530] {dagbag.py:538} INFO - Filling up the DagBag from /Users/zafarimam/Documents/E-Commerce Order Pipeline/airflow_venv_39/lib/python3.9/site-packages/airflow/example_dags/tutorial.py
[2025-05-27T17:55:03.967+0530] {processor.py:840} INFO - DAG(s) 'tutorial' retrieved from /Users/zafarimam/Documents/E-Commerce Order Pipeline/airflow_venv_39/lib/python3.9/site-packages/airflow/example_dags/tutorial.py
[2025-05-27T17:55:03.978+0530] {logging_mixin.py:188} INFO - [2025-05-27T17:55:03.978+0530] {dag.py:3036} INFO - Sync 1 DAGs
[2025-05-27T17:55:04.068+0530] {logging_mixin.py:188} INFO - [2025-05-27T17:55:04.067+0530] {dag.py:3823} INFO - Setting next_dagrun for tutorial to 2025-05-26 00:00:00+00:00, run_after=2025-05-27 00:00:00+00:00
[2025-05-27T17:55:04.082+0530] {processor.py:183} INFO - Processing /Users/zafarimam/Documents/E-Commerce Order Pipeline/airflow_venv_39/lib/python3.9/site-packages/airflow/example_dags/tutorial.py took 0.127 seconds
[2025-05-27T17:57:19.987+0530] {processor.py:161} INFO - Started process (PID=24248) to work on /Users/zafarimam/Documents/E-Commerce Order Pipeline/airflow_venv_39/lib/python3.9/site-packages/airflow/example_dags/tutorial.py
[2025-05-27T17:57:19.989+0530] {processor.py:830} INFO - Processing file /Users/zafarimam/Documents/E-Commerce Order Pipeline/airflow_venv_39/lib/python3.9/site-packages/airflow/example_dags/tutorial.py for tasks to queue
[2025-05-27T17:57:19.990+0530] {logging_mixin.py:188} INFO - [2025-05-27T17:57:19.989+0530] {dagbag.py:538} INFO - Filling up the DagBag from /Users/zafarimam/Documents/E-Commerce Order Pipeline/airflow_venv_39/lib/python3.9/site-packages/airflow/example_dags/tutorial.py
[2025-05-27T17:57:19.997+0530] {processor.py:840} INFO - DAG(s) 'tutorial' retrieved from /Users/zafarimam/Documents/E-Commerce Order Pipeline/airflow_venv_39/lib/python3.9/site-packages/airflow/example_dags/tutorial.py
[2025-05-27T17:57:20.156+0530] {logging_mixin.py:188} INFO - [2025-05-27T17:57:20.156+0530] {dag.py:3036} INFO - Sync 1 DAGs
[2025-05-27T17:57:20.167+0530] {logging_mixin.py:188} INFO - [2025-05-27T17:57:20.167+0530] {dag.py:3823} INFO - Setting next_dagrun for tutorial to 2025-05-26 00:00:00+00:00, run_after=2025-05-27 00:00:00+00:00
[2025-05-27T17:57:20.180+0530] {processor.py:183} INFO - Processing /Users/zafarimam/Documents/E-Commerce Order Pipeline/airflow_venv_39/lib/python3.9/site-packages/airflow/example_dags/tutorial.py took 0.195 seconds
[2025-05-27T18:01:25.378+0530] {processor.py:161} INFO - Started process (PID=24954) to work on /Users/zafarimam/Documents/E-Commerce Order Pipeline/airflow_venv_39/lib/python3.9/site-packages/airflow/example_dags/tutorial.py
[2025-05-27T18:01:25.380+0530] {processor.py:830} INFO - Processing file /Users/zafarimam/Documents/E-Commerce Order Pipeline/airflow_venv_39/lib/python3.9/site-packages/airflow/example_dags/tutorial.py for tasks to queue
[2025-05-27T18:01:25.381+0530] {logging_mixin.py:188} INFO - [2025-05-27T18:01:25.380+0530] {dagbag.py:538} INFO - Filling up the DagBag from /Users/zafarimam/Documents/E-Commerce Order Pipeline/airflow_venv_39/lib/python3.9/site-packages/airflow/example_dags/tutorial.py
[2025-05-27T18:01:25.388+0530] {processor.py:840} INFO - DAG(s) 'tutorial' retrieved from /Users/zafarimam/Documents/E-Commerce Order Pipeline/airflow_venv_39/lib/python3.9/site-packages/airflow/example_dags/tutorial.py
[2025-05-27T18:01:25.477+0530] {logging_mixin.py:188} INFO - [2025-05-27T18:01:25.476+0530] {dag.py:3036} INFO - Sync 1 DAGs
[2025-05-27T18:01:25.491+0530] {logging_mixin.py:188} INFO - [2025-05-27T18:01:25.490+0530] {dag.py:3823} INFO - Setting next_dagrun for tutorial to 2025-05-26 00:00:00+00:00, run_after=2025-05-27 00:00:00+00:00
[2025-05-27T18:01:25.506+0530] {processor.py:183} INFO - Processing /Users/zafarimam/Documents/E-Commerce Order Pipeline/airflow_venv_39/lib/python3.9/site-packages/airflow/example_dags/tutorial.py took 0.130 seconds
[2025-05-27T18:05:42.523+0530] {processor.py:161} INFO - Started process (PID=25089) to work on /Users/zafarimam/Documents/E-Commerce Order Pipeline/airflow_venv_39/lib/python3.9/site-packages/airflow/example_dags/tutorial.py
[2025-05-27T18:05:42.525+0530] {processor.py:830} INFO - Processing file /Users/zafarimam/Documents/E-Commerce Order Pipeline/airflow_venv_39/lib/python3.9/site-packages/airflow/example_dags/tutorial.py for tasks to queue
[2025-05-27T18:05:42.526+0530] {logging_mixin.py:188} INFO - [2025-05-27T18:05:42.526+0530] {dagbag.py:538} INFO - Filling up the DagBag from /Users/zafarimam/Documents/E-Commerce Order Pipeline/airflow_venv_39/lib/python3.9/site-packages/airflow/example_dags/tutorial.py
[2025-05-27T18:05:42.533+0530] {processor.py:840} INFO - DAG(s) 'tutorial' retrieved from /Users/zafarimam/Documents/E-Commerce Order Pipeline/airflow_venv_39/lib/python3.9/site-packages/airflow/example_dags/tutorial.py
[2025-05-27T18:05:42.628+0530] {logging_mixin.py:188} INFO - [2025-05-27T18:05:42.628+0530] {dag.py:3036} INFO - Sync 1 DAGs
[2025-05-27T18:05:42.650+0530] {logging_mixin.py:188} INFO - [2025-05-27T18:05:42.649+0530] {dag.py:3823} INFO - Setting next_dagrun for tutorial to 2025-05-26 00:00:00+00:00, run_after=2025-05-27 00:00:00+00:00
[2025-05-27T18:05:42.683+0530] {processor.py:183} INFO - Processing /Users/zafarimam/Documents/E-Commerce Order Pipeline/airflow_venv_39/lib/python3.9/site-packages/airflow/example_dags/tutorial.py took 0.161 seconds
[2025-05-27T18:07:46.120+0530] {processor.py:161} INFO - Started process (PID=25153) to work on /Users/zafarimam/Documents/E-Commerce Order Pipeline/airflow_venv_39/lib/python3.9/site-packages/airflow/example_dags/tutorial.py
[2025-05-27T18:07:46.121+0530] {processor.py:830} INFO - Processing file /Users/zafarimam/Documents/E-Commerce Order Pipeline/airflow_venv_39/lib/python3.9/site-packages/airflow/example_dags/tutorial.py for tasks to queue
[2025-05-27T18:07:46.122+0530] {logging_mixin.py:188} INFO - [2025-05-27T18:07:46.122+0530] {dagbag.py:538} INFO - Filling up the DagBag from /Users/zafarimam/Documents/E-Commerce Order Pipeline/airflow_venv_39/lib/python3.9/site-packages/airflow/example_dags/tutorial.py
[2025-05-27T18:07:46.129+0530] {processor.py:840} INFO - DAG(s) 'tutorial' retrieved from /Users/zafarimam/Documents/E-Commerce Order Pipeline/airflow_venv_39/lib/python3.9/site-packages/airflow/example_dags/tutorial.py
[2025-05-27T18:07:46.226+0530] {logging_mixin.py:188} INFO - [2025-05-27T18:07:46.226+0530] {dag.py:3036} INFO - Sync 1 DAGs
[2025-05-27T18:07:46.240+0530] {logging_mixin.py:188} INFO - [2025-05-27T18:07:46.240+0530] {dag.py:3823} INFO - Setting next_dagrun for tutorial to 2025-05-26 00:00:00+00:00, run_after=2025-05-27 00:00:00+00:00
[2025-05-27T18:07:46.256+0530] {processor.py:183} INFO - Processing /Users/zafarimam/Documents/E-Commerce Order Pipeline/airflow_venv_39/lib/python3.9/site-packages/airflow/example_dags/tutorial.py took 0.137 seconds
[2025-05-27T18:09:47.247+0530] {processor.py:161} INFO - Started process (PID=25214) to work on /Users/zafarimam/Documents/E-Commerce Order Pipeline/airflow_venv_39/lib/python3.9/site-packages/airflow/example_dags/tutorial.py
[2025-05-27T18:09:47.248+0530] {processor.py:830} INFO - Processing file /Users/zafarimam/Documents/E-Commerce Order Pipeline/airflow_venv_39/lib/python3.9/site-packages/airflow/example_dags/tutorial.py for tasks to queue
[2025-05-27T18:09:47.249+0530] {logging_mixin.py:188} INFO - [2025-05-27T18:09:47.248+0530] {dagbag.py:538} INFO - Filling up the DagBag from /Users/zafarimam/Documents/E-Commerce Order Pipeline/airflow_venv_39/lib/python3.9/site-packages/airflow/example_dags/tutorial.py
[2025-05-27T18:09:47.255+0530] {processor.py:840} INFO - DAG(s) 'tutorial' retrieved from /Users/zafarimam/Documents/E-Commerce Order Pipeline/airflow_venv_39/lib/python3.9/site-packages/airflow/example_dags/tutorial.py
[2025-05-27T18:09:47.338+0530] {logging_mixin.py:188} INFO - [2025-05-27T18:09:47.338+0530] {dag.py:3036} INFO - Sync 1 DAGs
[2025-05-27T18:09:47.350+0530] {logging_mixin.py:188} INFO - [2025-05-27T18:09:47.349+0530] {dag.py:3823} INFO - Setting next_dagrun for tutorial to 2025-05-26 00:00:00+00:00, run_after=2025-05-27 00:00:00+00:00
[2025-05-27T18:09:47.364+0530] {processor.py:183} INFO - Processing /Users/zafarimam/Documents/E-Commerce Order Pipeline/airflow_venv_39/lib/python3.9/site-packages/airflow/example_dags/tutorial.py took 0.118 seconds
[2025-05-27T18:11:31.634+0530] {processor.py:161} INFO - Started process (PID=25269) to work on /Users/zafarimam/Documents/E-Commerce Order Pipeline/airflow_venv_39/lib/python3.9/site-packages/airflow/example_dags/tutorial.py
[2025-05-27T18:11:31.634+0530] {processor.py:830} INFO - Processing file /Users/zafarimam/Documents/E-Commerce Order Pipeline/airflow_venv_39/lib/python3.9/site-packages/airflow/example_dags/tutorial.py for tasks to queue
[2025-05-27T18:11:31.635+0530] {logging_mixin.py:188} INFO - [2025-05-27T18:11:31.635+0530] {dagbag.py:538} INFO - Filling up the DagBag from /Users/zafarimam/Documents/E-Commerce Order Pipeline/airflow_venv_39/lib/python3.9/site-packages/airflow/example_dags/tutorial.py
[2025-05-27T18:11:31.642+0530] {processor.py:840} INFO - DAG(s) 'tutorial' retrieved from /Users/zafarimam/Documents/E-Commerce Order Pipeline/airflow_venv_39/lib/python3.9/site-packages/airflow/example_dags/tutorial.py
[2025-05-27T18:11:31.728+0530] {logging_mixin.py:188} INFO - [2025-05-27T18:11:31.728+0530] {dag.py:3036} INFO - Sync 1 DAGs
[2025-05-27T18:11:31.740+0530] {logging_mixin.py:188} INFO - [2025-05-27T18:11:31.739+0530] {dag.py:3823} INFO - Setting next_dagrun for tutorial to 2025-05-26 00:00:00+00:00, run_after=2025-05-27 00:00:00+00:00
[2025-05-27T18:11:31.753+0530] {processor.py:183} INFO - Processing /Users/zafarimam/Documents/E-Commerce Order Pipeline/airflow_venv_39/lib/python3.9/site-packages/airflow/example_dags/tutorial.py took 0.121 seconds
[2025-05-27T18:13:30.159+0530] {processor.py:161} INFO - Started process (PID=25332) to work on /Users/zafarimam/Documents/E-Commerce Order Pipeline/airflow_venv_39/lib/python3.9/site-packages/airflow/example_dags/tutorial.py
[2025-05-27T18:13:30.160+0530] {processor.py:830} INFO - Processing file /Users/zafarimam/Documents/E-Commerce Order Pipeline/airflow_venv_39/lib/python3.9/site-packages/airflow/example_dags/tutorial.py for tasks to queue
[2025-05-27T18:13:30.161+0530] {logging_mixin.py:188} INFO - [2025-05-27T18:13:30.161+0530] {dagbag.py:538} INFO - Filling up the DagBag from /Users/zafarimam/Documents/E-Commerce Order Pipeline/airflow_venv_39/lib/python3.9/site-packages/airflow/example_dags/tutorial.py
[2025-05-27T18:13:30.168+0530] {processor.py:840} INFO - DAG(s) 'tutorial' retrieved from /Users/zafarimam/Documents/E-Commerce Order Pipeline/airflow_venv_39/lib/python3.9/site-packages/airflow/example_dags/tutorial.py
[2025-05-27T18:13:30.263+0530] {logging_mixin.py:188} INFO - [2025-05-27T18:13:30.262+0530] {dag.py:3036} INFO - Sync 1 DAGs
[2025-05-27T18:13:30.277+0530] {logging_mixin.py:188} INFO - [2025-05-27T18:13:30.277+0530] {dag.py:3823} INFO - Setting next_dagrun for tutorial to 2025-05-26 00:00:00+00:00, run_after=2025-05-27 00:00:00+00:00
[2025-05-27T18:13:30.292+0530] {processor.py:183} INFO - Processing /Users/zafarimam/Documents/E-Commerce Order Pipeline/airflow_venv_39/lib/python3.9/site-packages/airflow/example_dags/tutorial.py took 0.134 seconds
[2025-05-27T18:15:22.721+0530] {processor.py:161} INFO - Started process (PID=25402) to work on /Users/zafarimam/Documents/E-Commerce Order Pipeline/airflow_venv_39/lib/python3.9/site-packages/airflow/example_dags/tutorial.py
[2025-05-27T18:15:22.723+0530] {processor.py:830} INFO - Processing file /Users/zafarimam/Documents/E-Commerce Order Pipeline/airflow_venv_39/lib/python3.9/site-packages/airflow/example_dags/tutorial.py for tasks to queue
[2025-05-27T18:15:22.723+0530] {logging_mixin.py:188} INFO - [2025-05-27T18:15:22.723+0530] {dagbag.py:538} INFO - Filling up the DagBag from /Users/zafarimam/Documents/E-Commerce Order Pipeline/airflow_venv_39/lib/python3.9/site-packages/airflow/example_dags/tutorial.py
[2025-05-27T18:15:22.731+0530] {processor.py:840} INFO - DAG(s) 'tutorial' retrieved from /Users/zafarimam/Documents/E-Commerce Order Pipeline/airflow_venv_39/lib/python3.9/site-packages/airflow/example_dags/tutorial.py
[2025-05-27T18:15:22.815+0530] {logging_mixin.py:188} INFO - [2025-05-27T18:15:22.815+0530] {dag.py:3036} INFO - Sync 1 DAGs
[2025-05-27T18:15:22.827+0530] {logging_mixin.py:188} INFO - [2025-05-27T18:15:22.827+0530] {dag.py:3823} INFO - Setting next_dagrun for tutorial to 2025-05-26 00:00:00+00:00, run_after=2025-05-27 00:00:00+00:00
[2025-05-27T18:15:22.841+0530] {processor.py:183} INFO - Processing /Users/zafarimam/Documents/E-Commerce Order Pipeline/airflow_venv_39/lib/python3.9/site-packages/airflow/example_dags/tutorial.py took 0.121 seconds
[2025-05-27T18:17:05.811+0530] {processor.py:161} INFO - Started process (PID=25460) to work on /Users/zafarimam/Documents/E-Commerce Order Pipeline/airflow_venv_39/lib/python3.9/site-packages/airflow/example_dags/tutorial.py
[2025-05-27T18:17:05.812+0530] {processor.py:830} INFO - Processing file /Users/zafarimam/Documents/E-Commerce Order Pipeline/airflow_venv_39/lib/python3.9/site-packages/airflow/example_dags/tutorial.py for tasks to queue
[2025-05-27T18:17:05.813+0530] {logging_mixin.py:188} INFO - [2025-05-27T18:17:05.813+0530] {dagbag.py:538} INFO - Filling up the DagBag from /Users/zafarimam/Documents/E-Commerce Order Pipeline/airflow_venv_39/lib/python3.9/site-packages/airflow/example_dags/tutorial.py
[2025-05-27T18:17:05.820+0530] {processor.py:840} INFO - DAG(s) 'tutorial' retrieved from /Users/zafarimam/Documents/E-Commerce Order Pipeline/airflow_venv_39/lib/python3.9/site-packages/airflow/example_dags/tutorial.py
[2025-05-27T18:17:05.906+0530] {logging_mixin.py:188} INFO - [2025-05-27T18:17:05.906+0530] {dag.py:3036} INFO - Sync 1 DAGs
[2025-05-27T18:17:05.918+0530] {logging_mixin.py:188} INFO - [2025-05-27T18:17:05.918+0530] {dag.py:3823} INFO - Setting next_dagrun for tutorial to 2025-05-26 00:00:00+00:00, run_after=2025-05-27 00:00:00+00:00
[2025-05-27T18:17:05.931+0530] {processor.py:183} INFO - Processing /Users/zafarimam/Documents/E-Commerce Order Pipeline/airflow_venv_39/lib/python3.9/site-packages/airflow/example_dags/tutorial.py took 0.122 seconds
[2025-05-27T18:21:34.565+0530] {processor.py:161} INFO - Started process (PID=25641) to work on /Users/zafarimam/Documents/E-Commerce Order Pipeline/airflow_venv_39/lib/python3.9/site-packages/airflow/example_dags/tutorial.py
[2025-05-27T18:21:34.567+0530] {processor.py:830} INFO - Processing file /Users/zafarimam/Documents/E-Commerce Order Pipeline/airflow_venv_39/lib/python3.9/site-packages/airflow/example_dags/tutorial.py for tasks to queue
[2025-05-27T18:21:34.568+0530] {logging_mixin.py:188} INFO - [2025-05-27T18:21:34.567+0530] {dagbag.py:538} INFO - Filling up the DagBag from /Users/zafarimam/Documents/E-Commerce Order Pipeline/airflow_venv_39/lib/python3.9/site-packages/airflow/example_dags/tutorial.py
[2025-05-27T18:21:34.575+0530] {processor.py:840} INFO - DAG(s) 'tutorial' retrieved from /Users/zafarimam/Documents/E-Commerce Order Pipeline/airflow_venv_39/lib/python3.9/site-packages/airflow/example_dags/tutorial.py
[2025-05-27T18:21:34.672+0530] {logging_mixin.py:188} INFO - [2025-05-27T18:21:34.672+0530] {dag.py:3036} INFO - Sync 1 DAGs
[2025-05-27T18:21:34.692+0530] {logging_mixin.py:188} INFO - [2025-05-27T18:21:34.692+0530] {dag.py:3823} INFO - Setting next_dagrun for tutorial to 2025-05-26 00:00:00+00:00, run_after=2025-05-27 00:00:00+00:00
[2025-05-27T18:21:34.711+0530] {processor.py:183} INFO - Processing /Users/zafarimam/Documents/E-Commerce Order Pipeline/airflow_venv_39/lib/python3.9/site-packages/airflow/example_dags/tutorial.py took 0.147 seconds
[2025-05-27T18:23:48.372+0530] {processor.py:161} INFO - Started process (PID=25749) to work on /Users/zafarimam/Documents/E-Commerce Order Pipeline/airflow_venv_39/lib/python3.9/site-packages/airflow/example_dags/tutorial.py
[2025-05-27T18:23:48.373+0530] {processor.py:830} INFO - Processing file /Users/zafarimam/Documents/E-Commerce Order Pipeline/airflow_venv_39/lib/python3.9/site-packages/airflow/example_dags/tutorial.py for tasks to queue
[2025-05-27T18:23:48.374+0530] {logging_mixin.py:188} INFO - [2025-05-27T18:23:48.374+0530] {dagbag.py:538} INFO - Filling up the DagBag from /Users/zafarimam/Documents/E-Commerce Order Pipeline/airflow_venv_39/lib/python3.9/site-packages/airflow/example_dags/tutorial.py
[2025-05-27T18:23:48.381+0530] {processor.py:840} INFO - DAG(s) 'tutorial' retrieved from /Users/zafarimam/Documents/E-Commerce Order Pipeline/airflow_venv_39/lib/python3.9/site-packages/airflow/example_dags/tutorial.py
[2025-05-27T18:23:48.475+0530] {logging_mixin.py:188} INFO - [2025-05-27T18:23:48.475+0530] {dag.py:3036} INFO - Sync 1 DAGs
[2025-05-27T18:23:48.490+0530] {logging_mixin.py:188} INFO - [2025-05-27T18:23:48.489+0530] {dag.py:3823} INFO - Setting next_dagrun for tutorial to 2025-05-26 00:00:00+00:00, run_after=2025-05-27 00:00:00+00:00
[2025-05-27T18:23:48.507+0530] {processor.py:183} INFO - Processing /Users/zafarimam/Documents/E-Commerce Order Pipeline/airflow_venv_39/lib/python3.9/site-packages/airflow/example_dags/tutorial.py took 0.137 seconds
[2025-05-27T18:26:49.998+0530] {processor.py:161} INFO - Started process (PID=25840) to work on /Users/zafarimam/Documents/E-Commerce Order Pipeline/airflow_venv_39/lib/python3.9/site-packages/airflow/example_dags/tutorial.py
[2025-05-27T18:26:50.000+0530] {processor.py:830} INFO - Processing file /Users/zafarimam/Documents/E-Commerce Order Pipeline/airflow_venv_39/lib/python3.9/site-packages/airflow/example_dags/tutorial.py for tasks to queue
[2025-05-27T18:26:50.001+0530] {logging_mixin.py:188} INFO - [2025-05-27T18:26:50.000+0530] {dagbag.py:538} INFO - Filling up the DagBag from /Users/zafarimam/Documents/E-Commerce Order Pipeline/airflow_venv_39/lib/python3.9/site-packages/airflow/example_dags/tutorial.py
[2025-05-27T18:26:50.008+0530] {processor.py:840} INFO - DAG(s) 'tutorial' retrieved from /Users/zafarimam/Documents/E-Commerce Order Pipeline/airflow_venv_39/lib/python3.9/site-packages/airflow/example_dags/tutorial.py
[2025-05-27T18:26:50.101+0530] {logging_mixin.py:188} INFO - [2025-05-27T18:26:50.101+0530] {dag.py:3036} INFO - Sync 1 DAGs
[2025-05-27T18:26:50.117+0530] {logging_mixin.py:188} INFO - [2025-05-27T18:26:50.116+0530] {dag.py:3823} INFO - Setting next_dagrun for tutorial to 2025-05-26 00:00:00+00:00, run_after=2025-05-27 00:00:00+00:00
[2025-05-27T18:26:50.132+0530] {processor.py:183} INFO - Processing /Users/zafarimam/Documents/E-Commerce Order Pipeline/airflow_venv_39/lib/python3.9/site-packages/airflow/example_dags/tutorial.py took 0.136 seconds
[2025-05-27T18:28:57.735+0530] {processor.py:161} INFO - Started process (PID=25908) to work on /Users/zafarimam/Documents/E-Commerce Order Pipeline/airflow_venv_39/lib/python3.9/site-packages/airflow/example_dags/tutorial.py
[2025-05-27T18:28:57.736+0530] {processor.py:830} INFO - Processing file /Users/zafarimam/Documents/E-Commerce Order Pipeline/airflow_venv_39/lib/python3.9/site-packages/airflow/example_dags/tutorial.py for tasks to queue
[2025-05-27T18:28:57.737+0530] {logging_mixin.py:188} INFO - [2025-05-27T18:28:57.737+0530] {dagbag.py:538} INFO - Filling up the DagBag from /Users/zafarimam/Documents/E-Commerce Order Pipeline/airflow_venv_39/lib/python3.9/site-packages/airflow/example_dags/tutorial.py
[2025-05-27T18:28:57.744+0530] {processor.py:840} INFO - DAG(s) 'tutorial' retrieved from /Users/zafarimam/Documents/E-Commerce Order Pipeline/airflow_venv_39/lib/python3.9/site-packages/airflow/example_dags/tutorial.py
[2025-05-27T18:28:57.829+0530] {logging_mixin.py:188} INFO - [2025-05-27T18:28:57.829+0530] {dag.py:3036} INFO - Sync 1 DAGs
[2025-05-27T18:28:57.841+0530] {logging_mixin.py:188} INFO - [2025-05-27T18:28:57.841+0530] {dag.py:3823} INFO - Setting next_dagrun for tutorial to 2025-05-26 00:00:00+00:00, run_after=2025-05-27 00:00:00+00:00
[2025-05-27T18:28:57.857+0530] {processor.py:183} INFO - Processing /Users/zafarimam/Documents/E-Commerce Order Pipeline/airflow_venv_39/lib/python3.9/site-packages/airflow/example_dags/tutorial.py took 0.123 seconds
[2025-05-27T18:30:46.637+0530] {processor.py:161} INFO - Started process (PID=25968) to work on /Users/zafarimam/Documents/E-Commerce Order Pipeline/airflow_venv_39/lib/python3.9/site-packages/airflow/example_dags/tutorial.py
[2025-05-27T18:30:46.638+0530] {processor.py:830} INFO - Processing file /Users/zafarimam/Documents/E-Commerce Order Pipeline/airflow_venv_39/lib/python3.9/site-packages/airflow/example_dags/tutorial.py for tasks to queue
[2025-05-27T18:30:46.639+0530] {logging_mixin.py:188} INFO - [2025-05-27T18:30:46.638+0530] {dagbag.py:538} INFO - Filling up the DagBag from /Users/zafarimam/Documents/E-Commerce Order Pipeline/airflow_venv_39/lib/python3.9/site-packages/airflow/example_dags/tutorial.py
[2025-05-27T18:30:46.646+0530] {processor.py:840} INFO - DAG(s) 'tutorial' retrieved from /Users/zafarimam/Documents/E-Commerce Order Pipeline/airflow_venv_39/lib/python3.9/site-packages/airflow/example_dags/tutorial.py
[2025-05-27T18:30:46.735+0530] {logging_mixin.py:188} INFO - [2025-05-27T18:30:46.735+0530] {dag.py:3036} INFO - Sync 1 DAGs
[2025-05-27T18:30:46.748+0530] {logging_mixin.py:188} INFO - [2025-05-27T18:30:46.748+0530] {dag.py:3823} INFO - Setting next_dagrun for tutorial to 2025-05-26 00:00:00+00:00, run_after=2025-05-27 00:00:00+00:00
[2025-05-27T18:30:46.762+0530] {processor.py:183} INFO - Processing /Users/zafarimam/Documents/E-Commerce Order Pipeline/airflow_venv_39/lib/python3.9/site-packages/airflow/example_dags/tutorial.py took 0.127 seconds
[2025-05-27T18:32:36.669+0530] {processor.py:161} INFO - Started process (PID=26027) to work on /Users/zafarimam/Documents/E-Commerce Order Pipeline/airflow_venv_39/lib/python3.9/site-packages/airflow/example_dags/tutorial.py
[2025-05-27T18:32:36.670+0530] {processor.py:830} INFO - Processing file /Users/zafarimam/Documents/E-Commerce Order Pipeline/airflow_venv_39/lib/python3.9/site-packages/airflow/example_dags/tutorial.py for tasks to queue
[2025-05-27T18:32:36.671+0530] {logging_mixin.py:188} INFO - [2025-05-27T18:32:36.671+0530] {dagbag.py:538} INFO - Filling up the DagBag from /Users/zafarimam/Documents/E-Commerce Order Pipeline/airflow_venv_39/lib/python3.9/site-packages/airflow/example_dags/tutorial.py
[2025-05-27T18:32:36.679+0530] {processor.py:840} INFO - DAG(s) 'tutorial' retrieved from /Users/zafarimam/Documents/E-Commerce Order Pipeline/airflow_venv_39/lib/python3.9/site-packages/airflow/example_dags/tutorial.py
[2025-05-27T18:32:36.777+0530] {logging_mixin.py:188} INFO - [2025-05-27T18:32:36.777+0530] {dag.py:3036} INFO - Sync 1 DAGs
[2025-05-27T18:32:36.790+0530] {logging_mixin.py:188} INFO - [2025-05-27T18:32:36.790+0530] {dag.py:3823} INFO - Setting next_dagrun for tutorial to 2025-05-26 00:00:00+00:00, run_after=2025-05-27 00:00:00+00:00
[2025-05-27T18:32:36.805+0530] {processor.py:183} INFO - Processing /Users/zafarimam/Documents/E-Commerce Order Pipeline/airflow_venv_39/lib/python3.9/site-packages/airflow/example_dags/tutorial.py took 0.138 seconds
[2025-05-27T18:36:25.355+0530] {processor.py:161} INFO - Started process (PID=26187) to work on /Users/zafarimam/Documents/E-Commerce Order Pipeline/airflow_venv_39/lib/python3.9/site-packages/airflow/example_dags/tutorial.py
[2025-05-27T18:36:25.357+0530] {processor.py:830} INFO - Processing file /Users/zafarimam/Documents/E-Commerce Order Pipeline/airflow_venv_39/lib/python3.9/site-packages/airflow/example_dags/tutorial.py for tasks to queue
[2025-05-27T18:36:25.358+0530] {logging_mixin.py:188} INFO - [2025-05-27T18:36:25.357+0530] {dagbag.py:538} INFO - Filling up the DagBag from /Users/zafarimam/Documents/E-Commerce Order Pipeline/airflow_venv_39/lib/python3.9/site-packages/airflow/example_dags/tutorial.py
[2025-05-27T18:36:25.365+0530] {processor.py:840} INFO - DAG(s) 'tutorial' retrieved from /Users/zafarimam/Documents/E-Commerce Order Pipeline/airflow_venv_39/lib/python3.9/site-packages/airflow/example_dags/tutorial.py
[2025-05-27T18:36:25.454+0530] {logging_mixin.py:188} INFO - [2025-05-27T18:36:25.454+0530] {dag.py:3036} INFO - Sync 1 DAGs
[2025-05-27T18:36:25.468+0530] {logging_mixin.py:188} INFO - [2025-05-27T18:36:25.468+0530] {dag.py:3823} INFO - Setting next_dagrun for tutorial to 2025-05-26 00:00:00+00:00, run_after=2025-05-27 00:00:00+00:00
[2025-05-27T18:36:25.484+0530] {processor.py:183} INFO - Processing /Users/zafarimam/Documents/E-Commerce Order Pipeline/airflow_venv_39/lib/python3.9/site-packages/airflow/example_dags/tutorial.py took 0.130 seconds
[2025-05-27T18:39:11.291+0530] {processor.py:161} INFO - Started process (PID=26480) to work on /Users/zafarimam/Documents/E-Commerce Order Pipeline/airflow_venv_39/lib/python3.9/site-packages/airflow/example_dags/tutorial.py
[2025-05-27T18:39:11.293+0530] {processor.py:830} INFO - Processing file /Users/zafarimam/Documents/E-Commerce Order Pipeline/airflow_venv_39/lib/python3.9/site-packages/airflow/example_dags/tutorial.py for tasks to queue
[2025-05-27T18:39:11.294+0530] {logging_mixin.py:188} INFO - [2025-05-27T18:39:11.293+0530] {dagbag.py:538} INFO - Filling up the DagBag from /Users/zafarimam/Documents/E-Commerce Order Pipeline/airflow_venv_39/lib/python3.9/site-packages/airflow/example_dags/tutorial.py
[2025-05-27T18:39:11.302+0530] {processor.py:840} INFO - DAG(s) 'tutorial' retrieved from /Users/zafarimam/Documents/E-Commerce Order Pipeline/airflow_venv_39/lib/python3.9/site-packages/airflow/example_dags/tutorial.py
[2025-05-27T18:39:11.514+0530] {logging_mixin.py:188} INFO - [2025-05-27T18:39:11.514+0530] {dag.py:3036} INFO - Sync 1 DAGs
[2025-05-27T18:39:11.529+0530] {logging_mixin.py:188} INFO - [2025-05-27T18:39:11.529+0530] {dag.py:3823} INFO - Setting next_dagrun for tutorial to 2025-05-26 00:00:00+00:00, run_after=2025-05-27 00:00:00+00:00
[2025-05-27T18:39:11.544+0530] {processor.py:183} INFO - Processing /Users/zafarimam/Documents/E-Commerce Order Pipeline/airflow_venv_39/lib/python3.9/site-packages/airflow/example_dags/tutorial.py took 0.254 seconds
[2025-05-27T18:46:21.746+0530] {processor.py:161} INFO - Started process (PID=26707) to work on /Users/zafarimam/Documents/E-Commerce Order Pipeline/airflow_venv_39/lib/python3.9/site-packages/airflow/example_dags/tutorial.py
[2025-05-27T18:46:21.748+0530] {processor.py:830} INFO - Processing file /Users/zafarimam/Documents/E-Commerce Order Pipeline/airflow_venv_39/lib/python3.9/site-packages/airflow/example_dags/tutorial.py for tasks to queue
[2025-05-27T18:46:21.749+0530] {logging_mixin.py:188} INFO - [2025-05-27T18:46:21.749+0530] {dagbag.py:538} INFO - Filling up the DagBag from /Users/zafarimam/Documents/E-Commerce Order Pipeline/airflow_venv_39/lib/python3.9/site-packages/airflow/example_dags/tutorial.py
[2025-05-27T18:46:21.756+0530] {processor.py:840} INFO - DAG(s) 'tutorial' retrieved from /Users/zafarimam/Documents/E-Commerce Order Pipeline/airflow_venv_39/lib/python3.9/site-packages/airflow/example_dags/tutorial.py
[2025-05-27T18:46:21.839+0530] {logging_mixin.py:188} INFO - [2025-05-27T18:46:21.838+0530] {dag.py:3036} INFO - Sync 1 DAGs
[2025-05-27T18:46:21.854+0530] {logging_mixin.py:188} INFO - [2025-05-27T18:46:21.853+0530] {dag.py:3823} INFO - Setting next_dagrun for tutorial to 2025-05-26 00:00:00+00:00, run_after=2025-05-27 00:00:00+00:00
[2025-05-27T18:46:21.869+0530] {processor.py:183} INFO - Processing /Users/zafarimam/Documents/E-Commerce Order Pipeline/airflow_venv_39/lib/python3.9/site-packages/airflow/example_dags/tutorial.py took 0.124 seconds
[2025-05-27T18:48:17.252+0530] {processor.py:161} INFO - Started process (PID=26774) to work on /Users/zafarimam/Documents/E-Commerce Order Pipeline/airflow_venv_39/lib/python3.9/site-packages/airflow/example_dags/tutorial.py
[2025-05-27T18:48:17.253+0530] {processor.py:830} INFO - Processing file /Users/zafarimam/Documents/E-Commerce Order Pipeline/airflow_venv_39/lib/python3.9/site-packages/airflow/example_dags/tutorial.py for tasks to queue
[2025-05-27T18:48:17.254+0530] {logging_mixin.py:188} INFO - [2025-05-27T18:48:17.254+0530] {dagbag.py:538} INFO - Filling up the DagBag from /Users/zafarimam/Documents/E-Commerce Order Pipeline/airflow_venv_39/lib/python3.9/site-packages/airflow/example_dags/tutorial.py
[2025-05-27T18:48:17.261+0530] {processor.py:840} INFO - DAG(s) 'tutorial' retrieved from /Users/zafarimam/Documents/E-Commerce Order Pipeline/airflow_venv_39/lib/python3.9/site-packages/airflow/example_dags/tutorial.py
[2025-05-27T18:48:17.345+0530] {logging_mixin.py:188} INFO - [2025-05-27T18:48:17.345+0530] {dag.py:3036} INFO - Sync 1 DAGs
[2025-05-27T18:48:17.356+0530] {logging_mixin.py:188} INFO - [2025-05-27T18:48:17.356+0530] {dag.py:3823} INFO - Setting next_dagrun for tutorial to 2025-05-26 00:00:00+00:00, run_after=2025-05-27 00:00:00+00:00
[2025-05-27T18:48:17.370+0530] {processor.py:183} INFO - Processing /Users/zafarimam/Documents/E-Commerce Order Pipeline/airflow_venv_39/lib/python3.9/site-packages/airflow/example_dags/tutorial.py took 0.119 seconds
[2025-05-27T18:50:08.596+0530] {processor.py:161} INFO - Started process (PID=26844) to work on /Users/zafarimam/Documents/E-Commerce Order Pipeline/airflow_venv_39/lib/python3.9/site-packages/airflow/example_dags/tutorial.py
[2025-05-27T18:50:08.597+0530] {processor.py:830} INFO - Processing file /Users/zafarimam/Documents/E-Commerce Order Pipeline/airflow_venv_39/lib/python3.9/site-packages/airflow/example_dags/tutorial.py for tasks to queue
[2025-05-27T18:50:08.598+0530] {logging_mixin.py:188} INFO - [2025-05-27T18:50:08.598+0530] {dagbag.py:538} INFO - Filling up the DagBag from /Users/zafarimam/Documents/E-Commerce Order Pipeline/airflow_venv_39/lib/python3.9/site-packages/airflow/example_dags/tutorial.py
[2025-05-27T18:50:08.605+0530] {processor.py:840} INFO - DAG(s) 'tutorial' retrieved from /Users/zafarimam/Documents/E-Commerce Order Pipeline/airflow_venv_39/lib/python3.9/site-packages/airflow/example_dags/tutorial.py
[2025-05-27T18:50:08.691+0530] {logging_mixin.py:188} INFO - [2025-05-27T18:50:08.691+0530] {dag.py:3036} INFO - Sync 1 DAGs
[2025-05-27T18:50:08.702+0530] {logging_mixin.py:188} INFO - [2025-05-27T18:50:08.702+0530] {dag.py:3823} INFO - Setting next_dagrun for tutorial to 2025-05-26 00:00:00+00:00, run_after=2025-05-27 00:00:00+00:00
[2025-05-27T18:50:08.716+0530] {processor.py:183} INFO - Processing /Users/zafarimam/Documents/E-Commerce Order Pipeline/airflow_venv_39/lib/python3.9/site-packages/airflow/example_dags/tutorial.py took 0.122 seconds
[2025-05-27T18:52:04.994+0530] {processor.py:161} INFO - Started process (PID=26934) to work on /Users/zafarimam/Documents/E-Commerce Order Pipeline/airflow_venv_39/lib/python3.9/site-packages/airflow/example_dags/tutorial.py
[2025-05-27T18:52:04.995+0530] {processor.py:830} INFO - Processing file /Users/zafarimam/Documents/E-Commerce Order Pipeline/airflow_venv_39/lib/python3.9/site-packages/airflow/example_dags/tutorial.py for tasks to queue
[2025-05-27T18:52:04.996+0530] {logging_mixin.py:188} INFO - [2025-05-27T18:52:04.996+0530] {dagbag.py:538} INFO - Filling up the DagBag from /Users/zafarimam/Documents/E-Commerce Order Pipeline/airflow_venv_39/lib/python3.9/site-packages/airflow/example_dags/tutorial.py
[2025-05-27T18:52:05.003+0530] {processor.py:840} INFO - DAG(s) 'tutorial' retrieved from /Users/zafarimam/Documents/E-Commerce Order Pipeline/airflow_venv_39/lib/python3.9/site-packages/airflow/example_dags/tutorial.py
[2025-05-27T18:52:05.107+0530] {logging_mixin.py:188} INFO - [2025-05-27T18:52:05.107+0530] {dag.py:3036} INFO - Sync 1 DAGs
[2025-05-27T18:52:05.121+0530] {logging_mixin.py:188} INFO - [2025-05-27T18:52:05.121+0530] {dag.py:3823} INFO - Setting next_dagrun for tutorial to 2025-05-26 00:00:00+00:00, run_after=2025-05-27 00:00:00+00:00
[2025-05-27T18:52:05.138+0530] {processor.py:183} INFO - Processing /Users/zafarimam/Documents/E-Commerce Order Pipeline/airflow_venv_39/lib/python3.9/site-packages/airflow/example_dags/tutorial.py took 0.145 seconds
[2025-05-27T18:54:06.273+0530] {processor.py:161} INFO - Started process (PID=26995) to work on /Users/zafarimam/Documents/E-Commerce Order Pipeline/airflow_venv_39/lib/python3.9/site-packages/airflow/example_dags/tutorial.py
[2025-05-27T18:54:06.275+0530] {processor.py:830} INFO - Processing file /Users/zafarimam/Documents/E-Commerce Order Pipeline/airflow_venv_39/lib/python3.9/site-packages/airflow/example_dags/tutorial.py for tasks to queue
[2025-05-27T18:54:06.275+0530] {logging_mixin.py:188} INFO - [2025-05-27T18:54:06.275+0530] {dagbag.py:538} INFO - Filling up the DagBag from /Users/zafarimam/Documents/E-Commerce Order Pipeline/airflow_venv_39/lib/python3.9/site-packages/airflow/example_dags/tutorial.py
[2025-05-27T18:54:06.284+0530] {processor.py:840} INFO - DAG(s) 'tutorial' retrieved from /Users/zafarimam/Documents/E-Commerce Order Pipeline/airflow_venv_39/lib/python3.9/site-packages/airflow/example_dags/tutorial.py
[2025-05-27T18:54:06.380+0530] {logging_mixin.py:188} INFO - [2025-05-27T18:54:06.379+0530] {dag.py:3036} INFO - Sync 1 DAGs
[2025-05-27T18:54:06.395+0530] {logging_mixin.py:188} INFO - [2025-05-27T18:54:06.395+0530] {dag.py:3823} INFO - Setting next_dagrun for tutorial to 2025-05-26 00:00:00+00:00, run_after=2025-05-27 00:00:00+00:00
[2025-05-27T18:54:06.411+0530] {processor.py:183} INFO - Processing /Users/zafarimam/Documents/E-Commerce Order Pipeline/airflow_venv_39/lib/python3.9/site-packages/airflow/example_dags/tutorial.py took 0.139 seconds
[2025-05-27T18:56:11.462+0530] {processor.py:161} INFO - Started process (PID=27063) to work on /Users/zafarimam/Documents/E-Commerce Order Pipeline/airflow_venv_39/lib/python3.9/site-packages/airflow/example_dags/tutorial.py
[2025-05-27T18:56:11.463+0530] {processor.py:830} INFO - Processing file /Users/zafarimam/Documents/E-Commerce Order Pipeline/airflow_venv_39/lib/python3.9/site-packages/airflow/example_dags/tutorial.py for tasks to queue
[2025-05-27T18:56:11.464+0530] {logging_mixin.py:188} INFO - [2025-05-27T18:56:11.464+0530] {dagbag.py:538} INFO - Filling up the DagBag from /Users/zafarimam/Documents/E-Commerce Order Pipeline/airflow_venv_39/lib/python3.9/site-packages/airflow/example_dags/tutorial.py
[2025-05-27T18:56:11.472+0530] {processor.py:840} INFO - DAG(s) 'tutorial' retrieved from /Users/zafarimam/Documents/E-Commerce Order Pipeline/airflow_venv_39/lib/python3.9/site-packages/airflow/example_dags/tutorial.py
[2025-05-27T18:56:11.562+0530] {logging_mixin.py:188} INFO - [2025-05-27T18:56:11.562+0530] {dag.py:3036} INFO - Sync 1 DAGs
[2025-05-27T18:56:11.576+0530] {logging_mixin.py:188} INFO - [2025-05-27T18:56:11.576+0530] {dag.py:3823} INFO - Setting next_dagrun for tutorial to 2025-05-26 00:00:00+00:00, run_after=2025-05-27 00:00:00+00:00
[2025-05-27T18:56:11.592+0530] {processor.py:183} INFO - Processing /Users/zafarimam/Documents/E-Commerce Order Pipeline/airflow_venv_39/lib/python3.9/site-packages/airflow/example_dags/tutorial.py took 0.132 seconds
[2025-05-27T18:58:12.320+0530] {processor.py:161} INFO - Started process (PID=27152) to work on /Users/zafarimam/Documents/E-Commerce Order Pipeline/airflow_venv_39/lib/python3.9/site-packages/airflow/example_dags/tutorial.py
[2025-05-27T18:58:12.322+0530] {processor.py:830} INFO - Processing file /Users/zafarimam/Documents/E-Commerce Order Pipeline/airflow_venv_39/lib/python3.9/site-packages/airflow/example_dags/tutorial.py for tasks to queue
[2025-05-27T18:58:12.323+0530] {logging_mixin.py:188} INFO - [2025-05-27T18:58:12.323+0530] {dagbag.py:538} INFO - Filling up the DagBag from /Users/zafarimam/Documents/E-Commerce Order Pipeline/airflow_venv_39/lib/python3.9/site-packages/airflow/example_dags/tutorial.py
[2025-05-27T18:58:12.330+0530] {processor.py:840} INFO - DAG(s) 'tutorial' retrieved from /Users/zafarimam/Documents/E-Commerce Order Pipeline/airflow_venv_39/lib/python3.9/site-packages/airflow/example_dags/tutorial.py
[2025-05-27T18:58:12.417+0530] {logging_mixin.py:188} INFO - [2025-05-27T18:58:12.417+0530] {dag.py:3036} INFO - Sync 1 DAGs
[2025-05-27T18:58:12.438+0530] {logging_mixin.py:188} INFO - [2025-05-27T18:58:12.438+0530] {dag.py:3823} INFO - Setting next_dagrun for tutorial to 2025-05-26 00:00:00+00:00, run_after=2025-05-27 00:00:00+00:00
[2025-05-27T18:58:12.467+0530] {processor.py:183} INFO - Processing /Users/zafarimam/Documents/E-Commerce Order Pipeline/airflow_venv_39/lib/python3.9/site-packages/airflow/example_dags/tutorial.py took 0.147 seconds
[2025-05-27T19:00:11.475+0530] {processor.py:161} INFO - Started process (PID=27215) to work on /Users/zafarimam/Documents/E-Commerce Order Pipeline/airflow_venv_39/lib/python3.9/site-packages/airflow/example_dags/tutorial.py
[2025-05-27T19:00:11.477+0530] {processor.py:830} INFO - Processing file /Users/zafarimam/Documents/E-Commerce Order Pipeline/airflow_venv_39/lib/python3.9/site-packages/airflow/example_dags/tutorial.py for tasks to queue
[2025-05-27T19:00:11.477+0530] {logging_mixin.py:188} INFO - [2025-05-27T19:00:11.477+0530] {dagbag.py:538} INFO - Filling up the DagBag from /Users/zafarimam/Documents/E-Commerce Order Pipeline/airflow_venv_39/lib/python3.9/site-packages/airflow/example_dags/tutorial.py
[2025-05-27T19:00:11.484+0530] {processor.py:840} INFO - DAG(s) 'tutorial' retrieved from /Users/zafarimam/Documents/E-Commerce Order Pipeline/airflow_venv_39/lib/python3.9/site-packages/airflow/example_dags/tutorial.py
[2025-05-27T19:00:11.581+0530] {logging_mixin.py:188} INFO - [2025-05-27T19:00:11.581+0530] {dag.py:3036} INFO - Sync 1 DAGs
[2025-05-27T19:00:11.596+0530] {logging_mixin.py:188} INFO - [2025-05-27T19:00:11.596+0530] {dag.py:3823} INFO - Setting next_dagrun for tutorial to 2025-05-26 00:00:00+00:00, run_after=2025-05-27 00:00:00+00:00
[2025-05-27T19:00:11.613+0530] {processor.py:183} INFO - Processing /Users/zafarimam/Documents/E-Commerce Order Pipeline/airflow_venv_39/lib/python3.9/site-packages/airflow/example_dags/tutorial.py took 0.139 seconds
[2025-05-27T19:02:21.202+0530] {processor.py:161} INFO - Started process (PID=27321) to work on /Users/zafarimam/Documents/E-Commerce Order Pipeline/airflow_venv_39/lib/python3.9/site-packages/airflow/example_dags/tutorial.py
[2025-05-27T19:02:21.204+0530] {processor.py:830} INFO - Processing file /Users/zafarimam/Documents/E-Commerce Order Pipeline/airflow_venv_39/lib/python3.9/site-packages/airflow/example_dags/tutorial.py for tasks to queue
[2025-05-27T19:02:21.204+0530] {logging_mixin.py:188} INFO - [2025-05-27T19:02:21.204+0530] {dagbag.py:538} INFO - Filling up the DagBag from /Users/zafarimam/Documents/E-Commerce Order Pipeline/airflow_venv_39/lib/python3.9/site-packages/airflow/example_dags/tutorial.py
[2025-05-27T19:02:21.211+0530] {processor.py:840} INFO - DAG(s) 'tutorial' retrieved from /Users/zafarimam/Documents/E-Commerce Order Pipeline/airflow_venv_39/lib/python3.9/site-packages/airflow/example_dags/tutorial.py
[2025-05-27T19:02:21.293+0530] {logging_mixin.py:188} INFO - [2025-05-27T19:02:21.293+0530] {dag.py:3036} INFO - Sync 1 DAGs
[2025-05-27T19:02:21.305+0530] {logging_mixin.py:188} INFO - [2025-05-27T19:02:21.305+0530] {dag.py:3823} INFO - Setting next_dagrun for tutorial to 2025-05-26 00:00:00+00:00, run_after=2025-05-27 00:00:00+00:00
[2025-05-27T19:02:21.318+0530] {processor.py:183} INFO - Processing /Users/zafarimam/Documents/E-Commerce Order Pipeline/airflow_venv_39/lib/python3.9/site-packages/airflow/example_dags/tutorial.py took 0.118 seconds
[2025-05-27T19:04:16.761+0530] {processor.py:161} INFO - Started process (PID=27388) to work on /Users/zafarimam/Documents/E-Commerce Order Pipeline/airflow_venv_39/lib/python3.9/site-packages/airflow/example_dags/tutorial.py
[2025-05-27T19:04:16.762+0530] {processor.py:830} INFO - Processing file /Users/zafarimam/Documents/E-Commerce Order Pipeline/airflow_venv_39/lib/python3.9/site-packages/airflow/example_dags/tutorial.py for tasks to queue
[2025-05-27T19:04:16.763+0530] {logging_mixin.py:188} INFO - [2025-05-27T19:04:16.762+0530] {dagbag.py:538} INFO - Filling up the DagBag from /Users/zafarimam/Documents/E-Commerce Order Pipeline/airflow_venv_39/lib/python3.9/site-packages/airflow/example_dags/tutorial.py
[2025-05-27T19:04:16.770+0530] {processor.py:840} INFO - DAG(s) 'tutorial' retrieved from /Users/zafarimam/Documents/E-Commerce Order Pipeline/airflow_venv_39/lib/python3.9/site-packages/airflow/example_dags/tutorial.py
[2025-05-27T19:04:16.873+0530] {logging_mixin.py:188} INFO - [2025-05-27T19:04:16.873+0530] {dag.py:3036} INFO - Sync 1 DAGs
[2025-05-27T19:04:16.887+0530] {logging_mixin.py:188} INFO - [2025-05-27T19:04:16.887+0530] {dag.py:3823} INFO - Setting next_dagrun for tutorial to 2025-05-26 00:00:00+00:00, run_after=2025-05-27 00:00:00+00:00
[2025-05-27T19:04:16.903+0530] {processor.py:183} INFO - Processing /Users/zafarimam/Documents/E-Commerce Order Pipeline/airflow_venv_39/lib/python3.9/site-packages/airflow/example_dags/tutorial.py took 0.144 seconds
[2025-05-27T19:06:24.747+0530] {processor.py:161} INFO - Started process (PID=27444) to work on /Users/zafarimam/Documents/E-Commerce Order Pipeline/airflow_venv_39/lib/python3.9/site-packages/airflow/example_dags/tutorial.py
[2025-05-27T19:06:24.748+0530] {processor.py:830} INFO - Processing file /Users/zafarimam/Documents/E-Commerce Order Pipeline/airflow_venv_39/lib/python3.9/site-packages/airflow/example_dags/tutorial.py for tasks to queue
[2025-05-27T19:06:24.749+0530] {logging_mixin.py:188} INFO - [2025-05-27T19:06:24.749+0530] {dagbag.py:538} INFO - Filling up the DagBag from /Users/zafarimam/Documents/E-Commerce Order Pipeline/airflow_venv_39/lib/python3.9/site-packages/airflow/example_dags/tutorial.py
[2025-05-27T19:06:24.756+0530] {processor.py:840} INFO - DAG(s) 'tutorial' retrieved from /Users/zafarimam/Documents/E-Commerce Order Pipeline/airflow_venv_39/lib/python3.9/site-packages/airflow/example_dags/tutorial.py
[2025-05-27T19:06:24.851+0530] {logging_mixin.py:188} INFO - [2025-05-27T19:06:24.851+0530] {dag.py:3036} INFO - Sync 1 DAGs
[2025-05-27T19:06:24.865+0530] {logging_mixin.py:188} INFO - [2025-05-27T19:06:24.865+0530] {dag.py:3823} INFO - Setting next_dagrun for tutorial to 2025-05-26 00:00:00+00:00, run_after=2025-05-27 00:00:00+00:00
[2025-05-27T19:06:24.882+0530] {processor.py:183} INFO - Processing /Users/zafarimam/Documents/E-Commerce Order Pipeline/airflow_venv_39/lib/python3.9/site-packages/airflow/example_dags/tutorial.py took 0.136 seconds
[2025-05-27T19:08:33.917+0530] {processor.py:161} INFO - Started process (PID=27539) to work on /Users/zafarimam/Documents/E-Commerce Order Pipeline/airflow_venv_39/lib/python3.9/site-packages/airflow/example_dags/tutorial.py
[2025-05-27T19:08:33.919+0530] {processor.py:830} INFO - Processing file /Users/zafarimam/Documents/E-Commerce Order Pipeline/airflow_venv_39/lib/python3.9/site-packages/airflow/example_dags/tutorial.py for tasks to queue
[2025-05-27T19:08:33.919+0530] {logging_mixin.py:188} INFO - [2025-05-27T19:08:33.919+0530] {dagbag.py:538} INFO - Filling up the DagBag from /Users/zafarimam/Documents/E-Commerce Order Pipeline/airflow_venv_39/lib/python3.9/site-packages/airflow/example_dags/tutorial.py
[2025-05-27T19:08:33.925+0530] {processor.py:840} INFO - DAG(s) 'tutorial' retrieved from /Users/zafarimam/Documents/E-Commerce Order Pipeline/airflow_venv_39/lib/python3.9/site-packages/airflow/example_dags/tutorial.py
[2025-05-27T19:08:34.007+0530] {logging_mixin.py:188} INFO - [2025-05-27T19:08:34.007+0530] {dag.py:3036} INFO - Sync 1 DAGs
[2025-05-27T19:08:34.021+0530] {logging_mixin.py:188} INFO - [2025-05-27T19:08:34.021+0530] {dag.py:3823} INFO - Setting next_dagrun for tutorial to 2025-05-26 00:00:00+00:00, run_after=2025-05-27 00:00:00+00:00
[2025-05-27T19:08:34.035+0530] {processor.py:183} INFO - Processing /Users/zafarimam/Documents/E-Commerce Order Pipeline/airflow_venv_39/lib/python3.9/site-packages/airflow/example_dags/tutorial.py took 0.119 seconds
[2025-05-27T19:10:15.064+0530] {processor.py:161} INFO - Started process (PID=27592) to work on /Users/zafarimam/Documents/E-Commerce Order Pipeline/airflow_venv_39/lib/python3.9/site-packages/airflow/example_dags/tutorial.py
[2025-05-27T19:10:15.065+0530] {processor.py:830} INFO - Processing file /Users/zafarimam/Documents/E-Commerce Order Pipeline/airflow_venv_39/lib/python3.9/site-packages/airflow/example_dags/tutorial.py for tasks to queue
[2025-05-27T19:10:15.066+0530] {logging_mixin.py:188} INFO - [2025-05-27T19:10:15.066+0530] {dagbag.py:538} INFO - Filling up the DagBag from /Users/zafarimam/Documents/E-Commerce Order Pipeline/airflow_venv_39/lib/python3.9/site-packages/airflow/example_dags/tutorial.py
[2025-05-27T19:10:15.072+0530] {processor.py:840} INFO - DAG(s) 'tutorial' retrieved from /Users/zafarimam/Documents/E-Commerce Order Pipeline/airflow_venv_39/lib/python3.9/site-packages/airflow/example_dags/tutorial.py
[2025-05-27T19:10:15.151+0530] {logging_mixin.py:188} INFO - [2025-05-27T19:10:15.151+0530] {dag.py:3036} INFO - Sync 1 DAGs
[2025-05-27T19:10:15.163+0530] {logging_mixin.py:188} INFO - [2025-05-27T19:10:15.162+0530] {dag.py:3823} INFO - Setting next_dagrun for tutorial to 2025-05-26 00:00:00+00:00, run_after=2025-05-27 00:00:00+00:00
[2025-05-27T19:10:15.176+0530] {processor.py:183} INFO - Processing /Users/zafarimam/Documents/E-Commerce Order Pipeline/airflow_venv_39/lib/python3.9/site-packages/airflow/example_dags/tutorial.py took 0.113 seconds
[2025-05-27T19:11:55.935+0530] {processor.py:161} INFO - Started process (PID=27648) to work on /Users/zafarimam/Documents/E-Commerce Order Pipeline/airflow_venv_39/lib/python3.9/site-packages/airflow/example_dags/tutorial.py
[2025-05-27T19:11:55.936+0530] {processor.py:830} INFO - Processing file /Users/zafarimam/Documents/E-Commerce Order Pipeline/airflow_venv_39/lib/python3.9/site-packages/airflow/example_dags/tutorial.py for tasks to queue
[2025-05-27T19:11:55.936+0530] {logging_mixin.py:188} INFO - [2025-05-27T19:11:55.936+0530] {dagbag.py:538} INFO - Filling up the DagBag from /Users/zafarimam/Documents/E-Commerce Order Pipeline/airflow_venv_39/lib/python3.9/site-packages/airflow/example_dags/tutorial.py
[2025-05-27T19:11:55.943+0530] {processor.py:840} INFO - DAG(s) 'tutorial' retrieved from /Users/zafarimam/Documents/E-Commerce Order Pipeline/airflow_venv_39/lib/python3.9/site-packages/airflow/example_dags/tutorial.py
[2025-05-27T19:11:56.021+0530] {logging_mixin.py:188} INFO - [2025-05-27T19:11:56.020+0530] {dag.py:3036} INFO - Sync 1 DAGs
[2025-05-27T19:11:56.032+0530] {logging_mixin.py:188} INFO - [2025-05-27T19:11:56.032+0530] {dag.py:3823} INFO - Setting next_dagrun for tutorial to 2025-05-26 00:00:00+00:00, run_after=2025-05-27 00:00:00+00:00
[2025-05-27T19:11:56.045+0530] {processor.py:183} INFO - Processing /Users/zafarimam/Documents/E-Commerce Order Pipeline/airflow_venv_39/lib/python3.9/site-packages/airflow/example_dags/tutorial.py took 0.111 seconds
[2025-05-27T19:13:36.576+0530] {processor.py:161} INFO - Started process (PID=27698) to work on /Users/zafarimam/Documents/E-Commerce Order Pipeline/airflow_venv_39/lib/python3.9/site-packages/airflow/example_dags/tutorial.py
[2025-05-27T19:13:36.577+0530] {processor.py:830} INFO - Processing file /Users/zafarimam/Documents/E-Commerce Order Pipeline/airflow_venv_39/lib/python3.9/site-packages/airflow/example_dags/tutorial.py for tasks to queue
[2025-05-27T19:13:36.577+0530] {logging_mixin.py:188} INFO - [2025-05-27T19:13:36.577+0530] {dagbag.py:538} INFO - Filling up the DagBag from /Users/zafarimam/Documents/E-Commerce Order Pipeline/airflow_venv_39/lib/python3.9/site-packages/airflow/example_dags/tutorial.py
[2025-05-27T19:13:36.584+0530] {processor.py:840} INFO - DAG(s) 'tutorial' retrieved from /Users/zafarimam/Documents/E-Commerce Order Pipeline/airflow_venv_39/lib/python3.9/site-packages/airflow/example_dags/tutorial.py
[2025-05-27T19:13:36.662+0530] {logging_mixin.py:188} INFO - [2025-05-27T19:13:36.662+0530] {dag.py:3036} INFO - Sync 1 DAGs
[2025-05-27T19:13:36.674+0530] {logging_mixin.py:188} INFO - [2025-05-27T19:13:36.674+0530] {dag.py:3823} INFO - Setting next_dagrun for tutorial to 2025-05-26 00:00:00+00:00, run_after=2025-05-27 00:00:00+00:00
[2025-05-27T19:13:36.687+0530] {processor.py:183} INFO - Processing /Users/zafarimam/Documents/E-Commerce Order Pipeline/airflow_venv_39/lib/python3.9/site-packages/airflow/example_dags/tutorial.py took 0.113 seconds
[2025-05-27T19:15:17.255+0530] {processor.py:161} INFO - Started process (PID=27749) to work on /Users/zafarimam/Documents/E-Commerce Order Pipeline/airflow_venv_39/lib/python3.9/site-packages/airflow/example_dags/tutorial.py
[2025-05-27T19:15:17.256+0530] {processor.py:830} INFO - Processing file /Users/zafarimam/Documents/E-Commerce Order Pipeline/airflow_venv_39/lib/python3.9/site-packages/airflow/example_dags/tutorial.py for tasks to queue
[2025-05-27T19:15:17.257+0530] {logging_mixin.py:188} INFO - [2025-05-27T19:15:17.257+0530] {dagbag.py:538} INFO - Filling up the DagBag from /Users/zafarimam/Documents/E-Commerce Order Pipeline/airflow_venv_39/lib/python3.9/site-packages/airflow/example_dags/tutorial.py
[2025-05-27T19:15:17.264+0530] {processor.py:840} INFO - DAG(s) 'tutorial' retrieved from /Users/zafarimam/Documents/E-Commerce Order Pipeline/airflow_venv_39/lib/python3.9/site-packages/airflow/example_dags/tutorial.py
[2025-05-27T19:15:17.341+0530] {logging_mixin.py:188} INFO - [2025-05-27T19:15:17.341+0530] {dag.py:3036} INFO - Sync 1 DAGs
[2025-05-27T19:15:17.353+0530] {logging_mixin.py:188} INFO - [2025-05-27T19:15:17.353+0530] {dag.py:3823} INFO - Setting next_dagrun for tutorial to 2025-05-26 00:00:00+00:00, run_after=2025-05-27 00:00:00+00:00
[2025-05-27T19:15:17.365+0530] {processor.py:183} INFO - Processing /Users/zafarimam/Documents/E-Commerce Order Pipeline/airflow_venv_39/lib/python3.9/site-packages/airflow/example_dags/tutorial.py took 0.111 seconds
[2025-05-27T19:16:57.650+0530] {processor.py:161} INFO - Started process (PID=27806) to work on /Users/zafarimam/Documents/E-Commerce Order Pipeline/airflow_venv_39/lib/python3.9/site-packages/airflow/example_dags/tutorial.py
[2025-05-27T19:16:57.651+0530] {processor.py:830} INFO - Processing file /Users/zafarimam/Documents/E-Commerce Order Pipeline/airflow_venv_39/lib/python3.9/site-packages/airflow/example_dags/tutorial.py for tasks to queue
[2025-05-27T19:16:57.652+0530] {logging_mixin.py:188} INFO - [2025-05-27T19:16:57.652+0530] {dagbag.py:538} INFO - Filling up the DagBag from /Users/zafarimam/Documents/E-Commerce Order Pipeline/airflow_venv_39/lib/python3.9/site-packages/airflow/example_dags/tutorial.py
[2025-05-27T19:16:57.658+0530] {processor.py:840} INFO - DAG(s) 'tutorial' retrieved from /Users/zafarimam/Documents/E-Commerce Order Pipeline/airflow_venv_39/lib/python3.9/site-packages/airflow/example_dags/tutorial.py
[2025-05-27T19:16:57.734+0530] {logging_mixin.py:188} INFO - [2025-05-27T19:16:57.734+0530] {dag.py:3036} INFO - Sync 1 DAGs
[2025-05-27T19:16:57.746+0530] {logging_mixin.py:188} INFO - [2025-05-27T19:16:57.746+0530] {dag.py:3823} INFO - Setting next_dagrun for tutorial to 2025-05-26 00:00:00+00:00, run_after=2025-05-27 00:00:00+00:00
[2025-05-27T19:16:57.759+0530] {processor.py:183} INFO - Processing /Users/zafarimam/Documents/E-Commerce Order Pipeline/airflow_venv_39/lib/python3.9/site-packages/airflow/example_dags/tutorial.py took 0.110 seconds
[2025-05-27T19:18:37.869+0530] {processor.py:161} INFO - Started process (PID=27875) to work on /Users/zafarimam/Documents/E-Commerce Order Pipeline/airflow_venv_39/lib/python3.9/site-packages/airflow/example_dags/tutorial.py
[2025-05-27T19:18:37.870+0530] {processor.py:830} INFO - Processing file /Users/zafarimam/Documents/E-Commerce Order Pipeline/airflow_venv_39/lib/python3.9/site-packages/airflow/example_dags/tutorial.py for tasks to queue
[2025-05-27T19:18:37.870+0530] {logging_mixin.py:188} INFO - [2025-05-27T19:18:37.870+0530] {dagbag.py:538} INFO - Filling up the DagBag from /Users/zafarimam/Documents/E-Commerce Order Pipeline/airflow_venv_39/lib/python3.9/site-packages/airflow/example_dags/tutorial.py
[2025-05-27T19:18:37.877+0530] {processor.py:840} INFO - DAG(s) 'tutorial' retrieved from /Users/zafarimam/Documents/E-Commerce Order Pipeline/airflow_venv_39/lib/python3.9/site-packages/airflow/example_dags/tutorial.py
[2025-05-27T19:18:37.954+0530] {logging_mixin.py:188} INFO - [2025-05-27T19:18:37.954+0530] {dag.py:3036} INFO - Sync 1 DAGs
[2025-05-27T19:18:37.966+0530] {logging_mixin.py:188} INFO - [2025-05-27T19:18:37.966+0530] {dag.py:3823} INFO - Setting next_dagrun for tutorial to 2025-05-26 00:00:00+00:00, run_after=2025-05-27 00:00:00+00:00
[2025-05-27T19:18:37.983+0530] {processor.py:183} INFO - Processing /Users/zafarimam/Documents/E-Commerce Order Pipeline/airflow_venv_39/lib/python3.9/site-packages/airflow/example_dags/tutorial.py took 0.115 seconds
[2025-05-27T19:20:19.214+0530] {processor.py:161} INFO - Started process (PID=27944) to work on /Users/zafarimam/Documents/E-Commerce Order Pipeline/airflow_venv_39/lib/python3.9/site-packages/airflow/example_dags/tutorial.py
[2025-05-27T19:20:19.214+0530] {processor.py:830} INFO - Processing file /Users/zafarimam/Documents/E-Commerce Order Pipeline/airflow_venv_39/lib/python3.9/site-packages/airflow/example_dags/tutorial.py for tasks to queue
[2025-05-27T19:20:19.215+0530] {logging_mixin.py:188} INFO - [2025-05-27T19:20:19.215+0530] {dagbag.py:538} INFO - Filling up the DagBag from /Users/zafarimam/Documents/E-Commerce Order Pipeline/airflow_venv_39/lib/python3.9/site-packages/airflow/example_dags/tutorial.py
[2025-05-27T19:20:19.221+0530] {processor.py:840} INFO - DAG(s) 'tutorial' retrieved from /Users/zafarimam/Documents/E-Commerce Order Pipeline/airflow_venv_39/lib/python3.9/site-packages/airflow/example_dags/tutorial.py
[2025-05-27T19:20:19.302+0530] {logging_mixin.py:188} INFO - [2025-05-27T19:20:19.301+0530] {dag.py:3036} INFO - Sync 1 DAGs
[2025-05-27T19:20:19.313+0530] {logging_mixin.py:188} INFO - [2025-05-27T19:20:19.313+0530] {dag.py:3823} INFO - Setting next_dagrun for tutorial to 2025-05-26 00:00:00+00:00, run_after=2025-05-27 00:00:00+00:00
[2025-05-27T19:20:19.327+0530] {processor.py:183} INFO - Processing /Users/zafarimam/Documents/E-Commerce Order Pipeline/airflow_venv_39/lib/python3.9/site-packages/airflow/example_dags/tutorial.py took 0.114 seconds
[2025-05-27T19:21:57.225+0530] {processor.py:161} INFO - Started process (PID=28000) to work on /Users/zafarimam/Documents/E-Commerce Order Pipeline/airflow_venv_39/lib/python3.9/site-packages/airflow/example_dags/tutorial.py
[2025-05-27T19:21:57.226+0530] {processor.py:830} INFO - Processing file /Users/zafarimam/Documents/E-Commerce Order Pipeline/airflow_venv_39/lib/python3.9/site-packages/airflow/example_dags/tutorial.py for tasks to queue
[2025-05-27T19:21:57.226+0530] {logging_mixin.py:188} INFO - [2025-05-27T19:21:57.226+0530] {dagbag.py:538} INFO - Filling up the DagBag from /Users/zafarimam/Documents/E-Commerce Order Pipeline/airflow_venv_39/lib/python3.9/site-packages/airflow/example_dags/tutorial.py
[2025-05-27T19:21:57.233+0530] {processor.py:840} INFO - DAG(s) 'tutorial' retrieved from /Users/zafarimam/Documents/E-Commerce Order Pipeline/airflow_venv_39/lib/python3.9/site-packages/airflow/example_dags/tutorial.py
[2025-05-27T19:21:57.310+0530] {logging_mixin.py:188} INFO - [2025-05-27T19:21:57.310+0530] {dag.py:3036} INFO - Sync 1 DAGs
[2025-05-27T19:21:57.322+0530] {logging_mixin.py:188} INFO - [2025-05-27T19:21:57.322+0530] {dag.py:3823} INFO - Setting next_dagrun for tutorial to 2025-05-26 00:00:00+00:00, run_after=2025-05-27 00:00:00+00:00
[2025-05-27T19:21:57.338+0530] {processor.py:183} INFO - Processing /Users/zafarimam/Documents/E-Commerce Order Pipeline/airflow_venv_39/lib/python3.9/site-packages/airflow/example_dags/tutorial.py took 0.115 seconds
[2025-05-27T19:23:38.532+0530] {processor.py:161} INFO - Started process (PID=28060) to work on /Users/zafarimam/Documents/E-Commerce Order Pipeline/airflow_venv_39/lib/python3.9/site-packages/airflow/example_dags/tutorial.py
[2025-05-27T19:23:38.533+0530] {processor.py:830} INFO - Processing file /Users/zafarimam/Documents/E-Commerce Order Pipeline/airflow_venv_39/lib/python3.9/site-packages/airflow/example_dags/tutorial.py for tasks to queue
[2025-05-27T19:23:38.534+0530] {logging_mixin.py:188} INFO - [2025-05-27T19:23:38.534+0530] {dagbag.py:538} INFO - Filling up the DagBag from /Users/zafarimam/Documents/E-Commerce Order Pipeline/airflow_venv_39/lib/python3.9/site-packages/airflow/example_dags/tutorial.py
[2025-05-27T19:23:38.540+0530] {processor.py:840} INFO - DAG(s) 'tutorial' retrieved from /Users/zafarimam/Documents/E-Commerce Order Pipeline/airflow_venv_39/lib/python3.9/site-packages/airflow/example_dags/tutorial.py
[2025-05-27T19:23:38.620+0530] {logging_mixin.py:188} INFO - [2025-05-27T19:23:38.620+0530] {dag.py:3036} INFO - Sync 1 DAGs
[2025-05-27T19:23:38.632+0530] {logging_mixin.py:188} INFO - [2025-05-27T19:23:38.632+0530] {dag.py:3823} INFO - Setting next_dagrun for tutorial to 2025-05-26 00:00:00+00:00, run_after=2025-05-27 00:00:00+00:00
[2025-05-27T19:23:38.650+0530] {processor.py:183} INFO - Processing /Users/zafarimam/Documents/E-Commerce Order Pipeline/airflow_venv_39/lib/python3.9/site-packages/airflow/example_dags/tutorial.py took 0.118 seconds
[2025-05-27T19:25:19.452+0530] {processor.py:161} INFO - Started process (PID=28114) to work on /Users/zafarimam/Documents/E-Commerce Order Pipeline/airflow_venv_39/lib/python3.9/site-packages/airflow/example_dags/tutorial.py
[2025-05-27T19:25:19.453+0530] {processor.py:830} INFO - Processing file /Users/zafarimam/Documents/E-Commerce Order Pipeline/airflow_venv_39/lib/python3.9/site-packages/airflow/example_dags/tutorial.py for tasks to queue
[2025-05-27T19:25:19.453+0530] {logging_mixin.py:188} INFO - [2025-05-27T19:25:19.453+0530] {dagbag.py:538} INFO - Filling up the DagBag from /Users/zafarimam/Documents/E-Commerce Order Pipeline/airflow_venv_39/lib/python3.9/site-packages/airflow/example_dags/tutorial.py
[2025-05-27T19:25:19.460+0530] {processor.py:840} INFO - DAG(s) 'tutorial' retrieved from /Users/zafarimam/Documents/E-Commerce Order Pipeline/airflow_venv_39/lib/python3.9/site-packages/airflow/example_dags/tutorial.py
[2025-05-27T19:25:19.539+0530] {logging_mixin.py:188} INFO - [2025-05-27T19:25:19.538+0530] {dag.py:3036} INFO - Sync 1 DAGs
[2025-05-27T19:25:19.550+0530] {logging_mixin.py:188} INFO - [2025-05-27T19:25:19.550+0530] {dag.py:3823} INFO - Setting next_dagrun for tutorial to 2025-05-26 00:00:00+00:00, run_after=2025-05-27 00:00:00+00:00
[2025-05-27T19:25:19.564+0530] {processor.py:183} INFO - Processing /Users/zafarimam/Documents/E-Commerce Order Pipeline/airflow_venv_39/lib/python3.9/site-packages/airflow/example_dags/tutorial.py took 0.113 seconds
[2025-05-27T19:27:00.245+0530] {processor.py:161} INFO - Started process (PID=28169) to work on /Users/zafarimam/Documents/E-Commerce Order Pipeline/airflow_venv_39/lib/python3.9/site-packages/airflow/example_dags/tutorial.py
[2025-05-27T19:27:00.246+0530] {processor.py:830} INFO - Processing file /Users/zafarimam/Documents/E-Commerce Order Pipeline/airflow_venv_39/lib/python3.9/site-packages/airflow/example_dags/tutorial.py for tasks to queue
[2025-05-27T19:27:00.246+0530] {logging_mixin.py:188} INFO - [2025-05-27T19:27:00.246+0530] {dagbag.py:538} INFO - Filling up the DagBag from /Users/zafarimam/Documents/E-Commerce Order Pipeline/airflow_venv_39/lib/python3.9/site-packages/airflow/example_dags/tutorial.py
[2025-05-27T19:27:00.253+0530] {processor.py:840} INFO - DAG(s) 'tutorial' retrieved from /Users/zafarimam/Documents/E-Commerce Order Pipeline/airflow_venv_39/lib/python3.9/site-packages/airflow/example_dags/tutorial.py
[2025-05-27T19:27:00.329+0530] {logging_mixin.py:188} INFO - [2025-05-27T19:27:00.329+0530] {dag.py:3036} INFO - Sync 1 DAGs
[2025-05-27T19:27:00.340+0530] {logging_mixin.py:188} INFO - [2025-05-27T19:27:00.340+0530] {dag.py:3823} INFO - Setting next_dagrun for tutorial to 2025-05-26 00:00:00+00:00, run_after=2025-05-27 00:00:00+00:00
[2025-05-27T19:27:00.353+0530] {processor.py:183} INFO - Processing /Users/zafarimam/Documents/E-Commerce Order Pipeline/airflow_venv_39/lib/python3.9/site-packages/airflow/example_dags/tutorial.py took 0.109 seconds
[2025-05-27T19:28:39.072+0530] {processor.py:161} INFO - Started process (PID=28221) to work on /Users/zafarimam/Documents/E-Commerce Order Pipeline/airflow_venv_39/lib/python3.9/site-packages/airflow/example_dags/tutorial.py
[2025-05-27T19:28:39.073+0530] {processor.py:830} INFO - Processing file /Users/zafarimam/Documents/E-Commerce Order Pipeline/airflow_venv_39/lib/python3.9/site-packages/airflow/example_dags/tutorial.py for tasks to queue
[2025-05-27T19:28:39.073+0530] {logging_mixin.py:188} INFO - [2025-05-27T19:28:39.073+0530] {dagbag.py:538} INFO - Filling up the DagBag from /Users/zafarimam/Documents/E-Commerce Order Pipeline/airflow_venv_39/lib/python3.9/site-packages/airflow/example_dags/tutorial.py
[2025-05-27T19:28:39.080+0530] {processor.py:840} INFO - DAG(s) 'tutorial' retrieved from /Users/zafarimam/Documents/E-Commerce Order Pipeline/airflow_venv_39/lib/python3.9/site-packages/airflow/example_dags/tutorial.py
[2025-05-27T19:28:39.159+0530] {logging_mixin.py:188} INFO - [2025-05-27T19:28:39.159+0530] {dag.py:3036} INFO - Sync 1 DAGs
[2025-05-27T19:28:39.171+0530] {logging_mixin.py:188} INFO - [2025-05-27T19:28:39.171+0530] {dag.py:3823} INFO - Setting next_dagrun for tutorial to 2025-05-26 00:00:00+00:00, run_after=2025-05-27 00:00:00+00:00
[2025-05-27T19:28:39.185+0530] {processor.py:183} INFO - Processing /Users/zafarimam/Documents/E-Commerce Order Pipeline/airflow_venv_39/lib/python3.9/site-packages/airflow/example_dags/tutorial.py took 0.114 seconds
[2025-05-27T19:30:40.959+0530] {processor.py:161} INFO - Started process (PID=28301) to work on /Users/zafarimam/Documents/E-Commerce Order Pipeline/airflow_venv_39/lib/python3.9/site-packages/airflow/example_dags/tutorial.py
[2025-05-27T19:30:40.960+0530] {processor.py:830} INFO - Processing file /Users/zafarimam/Documents/E-Commerce Order Pipeline/airflow_venv_39/lib/python3.9/site-packages/airflow/example_dags/tutorial.py for tasks to queue
[2025-05-27T19:30:40.960+0530] {logging_mixin.py:188} INFO - [2025-05-27T19:30:40.960+0530] {dagbag.py:538} INFO - Filling up the DagBag from /Users/zafarimam/Documents/E-Commerce Order Pipeline/airflow_venv_39/lib/python3.9/site-packages/airflow/example_dags/tutorial.py
[2025-05-27T19:30:40.967+0530] {processor.py:840} INFO - DAG(s) 'tutorial' retrieved from /Users/zafarimam/Documents/E-Commerce Order Pipeline/airflow_venv_39/lib/python3.9/site-packages/airflow/example_dags/tutorial.py
[2025-05-27T19:30:41.045+0530] {logging_mixin.py:188} INFO - [2025-05-27T19:30:41.044+0530] {dag.py:3036} INFO - Sync 1 DAGs
[2025-05-27T19:30:41.056+0530] {logging_mixin.py:188} INFO - [2025-05-27T19:30:41.056+0530] {dag.py:3823} INFO - Setting next_dagrun for tutorial to 2025-05-26 00:00:00+00:00, run_after=2025-05-27 00:00:00+00:00
[2025-05-27T19:30:41.074+0530] {processor.py:183} INFO - Processing /Users/zafarimam/Documents/E-Commerce Order Pipeline/airflow_venv_39/lib/python3.9/site-packages/airflow/example_dags/tutorial.py took 0.116 seconds
[2025-05-27T19:32:20.397+0530] {processor.py:161} INFO - Started process (PID=28356) to work on /Users/zafarimam/Documents/E-Commerce Order Pipeline/airflow_venv_39/lib/python3.9/site-packages/airflow/example_dags/tutorial.py
[2025-05-27T19:32:20.398+0530] {processor.py:830} INFO - Processing file /Users/zafarimam/Documents/E-Commerce Order Pipeline/airflow_venv_39/lib/python3.9/site-packages/airflow/example_dags/tutorial.py for tasks to queue
[2025-05-27T19:32:20.399+0530] {logging_mixin.py:188} INFO - [2025-05-27T19:32:20.398+0530] {dagbag.py:538} INFO - Filling up the DagBag from /Users/zafarimam/Documents/E-Commerce Order Pipeline/airflow_venv_39/lib/python3.9/site-packages/airflow/example_dags/tutorial.py
[2025-05-27T19:32:20.405+0530] {processor.py:840} INFO - DAG(s) 'tutorial' retrieved from /Users/zafarimam/Documents/E-Commerce Order Pipeline/airflow_venv_39/lib/python3.9/site-packages/airflow/example_dags/tutorial.py
[2025-05-27T19:32:20.482+0530] {logging_mixin.py:188} INFO - [2025-05-27T19:32:20.482+0530] {dag.py:3036} INFO - Sync 1 DAGs
[2025-05-27T19:32:20.494+0530] {logging_mixin.py:188} INFO - [2025-05-27T19:32:20.494+0530] {dag.py:3823} INFO - Setting next_dagrun for tutorial to 2025-05-26 00:00:00+00:00, run_after=2025-05-27 00:00:00+00:00
[2025-05-27T19:32:20.511+0530] {processor.py:183} INFO - Processing /Users/zafarimam/Documents/E-Commerce Order Pipeline/airflow_venv_39/lib/python3.9/site-packages/airflow/example_dags/tutorial.py took 0.115 seconds
[2025-05-27T19:34:01.124+0530] {processor.py:161} INFO - Started process (PID=28409) to work on /Users/zafarimam/Documents/E-Commerce Order Pipeline/airflow_venv_39/lib/python3.9/site-packages/airflow/example_dags/tutorial.py
[2025-05-27T19:34:01.124+0530] {processor.py:830} INFO - Processing file /Users/zafarimam/Documents/E-Commerce Order Pipeline/airflow_venv_39/lib/python3.9/site-packages/airflow/example_dags/tutorial.py for tasks to queue
[2025-05-27T19:34:01.125+0530] {logging_mixin.py:188} INFO - [2025-05-27T19:34:01.125+0530] {dagbag.py:538} INFO - Filling up the DagBag from /Users/zafarimam/Documents/E-Commerce Order Pipeline/airflow_venv_39/lib/python3.9/site-packages/airflow/example_dags/tutorial.py
[2025-05-27T19:34:01.132+0530] {processor.py:840} INFO - DAG(s) 'tutorial' retrieved from /Users/zafarimam/Documents/E-Commerce Order Pipeline/airflow_venv_39/lib/python3.9/site-packages/airflow/example_dags/tutorial.py
[2025-05-27T19:34:01.211+0530] {logging_mixin.py:188} INFO - [2025-05-27T19:34:01.211+0530] {dag.py:3036} INFO - Sync 1 DAGs
[2025-05-27T19:34:01.223+0530] {logging_mixin.py:188} INFO - [2025-05-27T19:34:01.223+0530] {dag.py:3823} INFO - Setting next_dagrun for tutorial to 2025-05-26 00:00:00+00:00, run_after=2025-05-27 00:00:00+00:00
[2025-05-27T19:34:01.240+0530] {processor.py:183} INFO - Processing /Users/zafarimam/Documents/E-Commerce Order Pipeline/airflow_venv_39/lib/python3.9/site-packages/airflow/example_dags/tutorial.py took 0.118 seconds
[2025-05-27T19:35:42.539+0530] {processor.py:161} INFO - Started process (PID=28461) to work on /Users/zafarimam/Documents/E-Commerce Order Pipeline/airflow_venv_39/lib/python3.9/site-packages/airflow/example_dags/tutorial.py
[2025-05-27T19:35:42.540+0530] {processor.py:830} INFO - Processing file /Users/zafarimam/Documents/E-Commerce Order Pipeline/airflow_venv_39/lib/python3.9/site-packages/airflow/example_dags/tutorial.py for tasks to queue
[2025-05-27T19:35:42.540+0530] {logging_mixin.py:188} INFO - [2025-05-27T19:35:42.540+0530] {dagbag.py:538} INFO - Filling up the DagBag from /Users/zafarimam/Documents/E-Commerce Order Pipeline/airflow_venv_39/lib/python3.9/site-packages/airflow/example_dags/tutorial.py
[2025-05-27T19:35:42.546+0530] {processor.py:840} INFO - DAG(s) 'tutorial' retrieved from /Users/zafarimam/Documents/E-Commerce Order Pipeline/airflow_venv_39/lib/python3.9/site-packages/airflow/example_dags/tutorial.py
[2025-05-27T19:35:42.624+0530] {logging_mixin.py:188} INFO - [2025-05-27T19:35:42.624+0530] {dag.py:3036} INFO - Sync 1 DAGs
[2025-05-27T19:35:42.636+0530] {logging_mixin.py:188} INFO - [2025-05-27T19:35:42.636+0530] {dag.py:3823} INFO - Setting next_dagrun for tutorial to 2025-05-26 00:00:00+00:00, run_after=2025-05-27 00:00:00+00:00
[2025-05-27T19:35:42.650+0530] {processor.py:183} INFO - Processing /Users/zafarimam/Documents/E-Commerce Order Pipeline/airflow_venv_39/lib/python3.9/site-packages/airflow/example_dags/tutorial.py took 0.112 seconds
[2025-05-27T19:37:23.930+0530] {processor.py:161} INFO - Started process (PID=28513) to work on /Users/zafarimam/Documents/E-Commerce Order Pipeline/airflow_venv_39/lib/python3.9/site-packages/airflow/example_dags/tutorial.py
[2025-05-27T19:37:23.931+0530] {processor.py:830} INFO - Processing file /Users/zafarimam/Documents/E-Commerce Order Pipeline/airflow_venv_39/lib/python3.9/site-packages/airflow/example_dags/tutorial.py for tasks to queue
[2025-05-27T19:37:23.932+0530] {logging_mixin.py:188} INFO - [2025-05-27T19:37:23.932+0530] {dagbag.py:538} INFO - Filling up the DagBag from /Users/zafarimam/Documents/E-Commerce Order Pipeline/airflow_venv_39/lib/python3.9/site-packages/airflow/example_dags/tutorial.py
[2025-05-27T19:37:23.938+0530] {processor.py:840} INFO - DAG(s) 'tutorial' retrieved from /Users/zafarimam/Documents/E-Commerce Order Pipeline/airflow_venv_39/lib/python3.9/site-packages/airflow/example_dags/tutorial.py
[2025-05-27T19:37:24.017+0530] {logging_mixin.py:188} INFO - [2025-05-27T19:37:24.017+0530] {dag.py:3036} INFO - Sync 1 DAGs
[2025-05-27T19:37:24.028+0530] {logging_mixin.py:188} INFO - [2025-05-27T19:37:24.028+0530] {dag.py:3823} INFO - Setting next_dagrun for tutorial to 2025-05-26 00:00:00+00:00, run_after=2025-05-27 00:00:00+00:00
[2025-05-27T19:37:24.046+0530] {processor.py:183} INFO - Processing /Users/zafarimam/Documents/E-Commerce Order Pipeline/airflow_venv_39/lib/python3.9/site-packages/airflow/example_dags/tutorial.py took 0.117 seconds
[2025-05-27T19:39:04.392+0530] {processor.py:161} INFO - Started process (PID=28564) to work on /Users/zafarimam/Documents/E-Commerce Order Pipeline/airflow_venv_39/lib/python3.9/site-packages/airflow/example_dags/tutorial.py
[2025-05-27T19:39:04.393+0530] {processor.py:830} INFO - Processing file /Users/zafarimam/Documents/E-Commerce Order Pipeline/airflow_venv_39/lib/python3.9/site-packages/airflow/example_dags/tutorial.py for tasks to queue
[2025-05-27T19:39:04.393+0530] {logging_mixin.py:188} INFO - [2025-05-27T19:39:04.393+0530] {dagbag.py:538} INFO - Filling up the DagBag from /Users/zafarimam/Documents/E-Commerce Order Pipeline/airflow_venv_39/lib/python3.9/site-packages/airflow/example_dags/tutorial.py
[2025-05-27T19:39:04.400+0530] {processor.py:840} INFO - DAG(s) 'tutorial' retrieved from /Users/zafarimam/Documents/E-Commerce Order Pipeline/airflow_venv_39/lib/python3.9/site-packages/airflow/example_dags/tutorial.py
[2025-05-27T19:39:04.478+0530] {logging_mixin.py:188} INFO - [2025-05-27T19:39:04.478+0530] {dag.py:3036} INFO - Sync 1 DAGs
[2025-05-27T19:39:04.489+0530] {logging_mixin.py:188} INFO - [2025-05-27T19:39:04.489+0530] {dag.py:3823} INFO - Setting next_dagrun for tutorial to 2025-05-26 00:00:00+00:00, run_after=2025-05-27 00:00:00+00:00
[2025-05-27T19:39:04.507+0530] {processor.py:183} INFO - Processing /Users/zafarimam/Documents/E-Commerce Order Pipeline/airflow_venv_39/lib/python3.9/site-packages/airflow/example_dags/tutorial.py took 0.116 seconds
[2025-05-27T19:40:42.320+0530] {processor.py:161} INFO - Started process (PID=28616) to work on /Users/zafarimam/Documents/E-Commerce Order Pipeline/airflow_venv_39/lib/python3.9/site-packages/airflow/example_dags/tutorial.py
[2025-05-27T19:40:42.321+0530] {processor.py:830} INFO - Processing file /Users/zafarimam/Documents/E-Commerce Order Pipeline/airflow_venv_39/lib/python3.9/site-packages/airflow/example_dags/tutorial.py for tasks to queue
[2025-05-27T19:40:42.321+0530] {logging_mixin.py:188} INFO - [2025-05-27T19:40:42.321+0530] {dagbag.py:538} INFO - Filling up the DagBag from /Users/zafarimam/Documents/E-Commerce Order Pipeline/airflow_venv_39/lib/python3.9/site-packages/airflow/example_dags/tutorial.py
[2025-05-27T19:40:42.327+0530] {processor.py:840} INFO - DAG(s) 'tutorial' retrieved from /Users/zafarimam/Documents/E-Commerce Order Pipeline/airflow_venv_39/lib/python3.9/site-packages/airflow/example_dags/tutorial.py
[2025-05-27T19:40:42.404+0530] {logging_mixin.py:188} INFO - [2025-05-27T19:40:42.404+0530] {dag.py:3036} INFO - Sync 1 DAGs
[2025-05-27T19:40:42.416+0530] {logging_mixin.py:188} INFO - [2025-05-27T19:40:42.415+0530] {dag.py:3823} INFO - Setting next_dagrun for tutorial to 2025-05-26 00:00:00+00:00, run_after=2025-05-27 00:00:00+00:00
[2025-05-27T19:40:42.432+0530] {processor.py:183} INFO - Processing /Users/zafarimam/Documents/E-Commerce Order Pipeline/airflow_venv_39/lib/python3.9/site-packages/airflow/example_dags/tutorial.py took 0.113 seconds
[2025-05-27T19:42:23.673+0530] {processor.py:161} INFO - Started process (PID=28668) to work on /Users/zafarimam/Documents/E-Commerce Order Pipeline/airflow_venv_39/lib/python3.9/site-packages/airflow/example_dags/tutorial.py
[2025-05-27T19:42:23.673+0530] {processor.py:830} INFO - Processing file /Users/zafarimam/Documents/E-Commerce Order Pipeline/airflow_venv_39/lib/python3.9/site-packages/airflow/example_dags/tutorial.py for tasks to queue
[2025-05-27T19:42:23.674+0530] {logging_mixin.py:188} INFO - [2025-05-27T19:42:23.674+0530] {dagbag.py:538} INFO - Filling up the DagBag from /Users/zafarimam/Documents/E-Commerce Order Pipeline/airflow_venv_39/lib/python3.9/site-packages/airflow/example_dags/tutorial.py
[2025-05-27T19:42:23.681+0530] {processor.py:840} INFO - DAG(s) 'tutorial' retrieved from /Users/zafarimam/Documents/E-Commerce Order Pipeline/airflow_venv_39/lib/python3.9/site-packages/airflow/example_dags/tutorial.py
[2025-05-27T19:42:23.760+0530] {logging_mixin.py:188} INFO - [2025-05-27T19:42:23.760+0530] {dag.py:3036} INFO - Sync 1 DAGs
[2025-05-27T19:42:23.772+0530] {logging_mixin.py:188} INFO - [2025-05-27T19:42:23.771+0530] {dag.py:3823} INFO - Setting next_dagrun for tutorial to 2025-05-26 00:00:00+00:00, run_after=2025-05-27 00:00:00+00:00
[2025-05-27T19:42:23.787+0530] {processor.py:183} INFO - Processing /Users/zafarimam/Documents/E-Commerce Order Pipeline/airflow_venv_39/lib/python3.9/site-packages/airflow/example_dags/tutorial.py took 0.116 seconds
[2025-05-27T19:44:19.247+0530] {processor.py:161} INFO - Started process (PID=28776) to work on /Users/zafarimam/Documents/E-Commerce Order Pipeline/airflow_venv_39/lib/python3.9/site-packages/airflow/example_dags/tutorial.py
[2025-05-27T19:44:19.249+0530] {processor.py:830} INFO - Processing file /Users/zafarimam/Documents/E-Commerce Order Pipeline/airflow_venv_39/lib/python3.9/site-packages/airflow/example_dags/tutorial.py for tasks to queue
[2025-05-27T19:44:19.249+0530] {logging_mixin.py:188} INFO - [2025-05-27T19:44:19.249+0530] {dagbag.py:538} INFO - Filling up the DagBag from /Users/zafarimam/Documents/E-Commerce Order Pipeline/airflow_venv_39/lib/python3.9/site-packages/airflow/example_dags/tutorial.py
[2025-05-27T19:44:19.258+0530] {processor.py:840} INFO - DAG(s) 'tutorial' retrieved from /Users/zafarimam/Documents/E-Commerce Order Pipeline/airflow_venv_39/lib/python3.9/site-packages/airflow/example_dags/tutorial.py
[2025-05-27T19:44:19.351+0530] {logging_mixin.py:188} INFO - [2025-05-27T19:44:19.351+0530] {dag.py:3036} INFO - Sync 1 DAGs
[2025-05-27T19:44:19.367+0530] {logging_mixin.py:188} INFO - [2025-05-27T19:44:19.367+0530] {dag.py:3823} INFO - Setting next_dagrun for tutorial to 2025-05-26 00:00:00+00:00, run_after=2025-05-27 00:00:00+00:00
[2025-05-27T19:44:19.382+0530] {processor.py:183} INFO - Processing /Users/zafarimam/Documents/E-Commerce Order Pipeline/airflow_venv_39/lib/python3.9/site-packages/airflow/example_dags/tutorial.py took 0.136 seconds
[2025-05-27T19:46:19.469+0530] {processor.py:161} INFO - Started process (PID=28868) to work on /Users/zafarimam/Documents/E-Commerce Order Pipeline/airflow_venv_39/lib/python3.9/site-packages/airflow/example_dags/tutorial.py
[2025-05-27T19:46:19.471+0530] {processor.py:830} INFO - Processing file /Users/zafarimam/Documents/E-Commerce Order Pipeline/airflow_venv_39/lib/python3.9/site-packages/airflow/example_dags/tutorial.py for tasks to queue
[2025-05-27T19:46:19.472+0530] {logging_mixin.py:188} INFO - [2025-05-27T19:46:19.471+0530] {dagbag.py:538} INFO - Filling up the DagBag from /Users/zafarimam/Documents/E-Commerce Order Pipeline/airflow_venv_39/lib/python3.9/site-packages/airflow/example_dags/tutorial.py
[2025-05-27T19:46:19.479+0530] {processor.py:840} INFO - DAG(s) 'tutorial' retrieved from /Users/zafarimam/Documents/E-Commerce Order Pipeline/airflow_venv_39/lib/python3.9/site-packages/airflow/example_dags/tutorial.py
[2025-05-27T19:46:19.561+0530] {logging_mixin.py:188} INFO - [2025-05-27T19:46:19.561+0530] {dag.py:3036} INFO - Sync 1 DAGs
[2025-05-27T19:46:19.573+0530] {logging_mixin.py:188} INFO - [2025-05-27T19:46:19.573+0530] {dag.py:3823} INFO - Setting next_dagrun for tutorial to 2025-05-26 00:00:00+00:00, run_after=2025-05-27 00:00:00+00:00
[2025-05-27T19:46:19.586+0530] {processor.py:183} INFO - Processing /Users/zafarimam/Documents/E-Commerce Order Pipeline/airflow_venv_39/lib/python3.9/site-packages/airflow/example_dags/tutorial.py took 0.118 seconds
[2025-05-27T19:48:04.105+0530] {processor.py:161} INFO - Started process (PID=28934) to work on /Users/zafarimam/Documents/E-Commerce Order Pipeline/airflow_venv_39/lib/python3.9/site-packages/airflow/example_dags/tutorial.py
[2025-05-27T19:48:04.106+0530] {processor.py:830} INFO - Processing file /Users/zafarimam/Documents/E-Commerce Order Pipeline/airflow_venv_39/lib/python3.9/site-packages/airflow/example_dags/tutorial.py for tasks to queue
[2025-05-27T19:48:04.106+0530] {logging_mixin.py:188} INFO - [2025-05-27T19:48:04.106+0530] {dagbag.py:538} INFO - Filling up the DagBag from /Users/zafarimam/Documents/E-Commerce Order Pipeline/airflow_venv_39/lib/python3.9/site-packages/airflow/example_dags/tutorial.py
[2025-05-27T19:48:04.113+0530] {processor.py:840} INFO - DAG(s) 'tutorial' retrieved from /Users/zafarimam/Documents/E-Commerce Order Pipeline/airflow_venv_39/lib/python3.9/site-packages/airflow/example_dags/tutorial.py
[2025-05-27T19:48:04.194+0530] {logging_mixin.py:188} INFO - [2025-05-27T19:48:04.194+0530] {dag.py:3036} INFO - Sync 1 DAGs
[2025-05-27T19:48:04.207+0530] {logging_mixin.py:188} INFO - [2025-05-27T19:48:04.206+0530] {dag.py:3823} INFO - Setting next_dagrun for tutorial to 2025-05-26 00:00:00+00:00, run_after=2025-05-27 00:00:00+00:00
[2025-05-27T19:48:04.221+0530] {processor.py:183} INFO - Processing /Users/zafarimam/Documents/E-Commerce Order Pipeline/airflow_venv_39/lib/python3.9/site-packages/airflow/example_dags/tutorial.py took 0.117 seconds
[2025-05-27T19:49:48.602+0530] {processor.py:161} INFO - Started process (PID=28987) to work on /Users/zafarimam/Documents/E-Commerce Order Pipeline/airflow_venv_39/lib/python3.9/site-packages/airflow/example_dags/tutorial.py
[2025-05-27T19:49:48.603+0530] {processor.py:830} INFO - Processing file /Users/zafarimam/Documents/E-Commerce Order Pipeline/airflow_venv_39/lib/python3.9/site-packages/airflow/example_dags/tutorial.py for tasks to queue
[2025-05-27T19:49:48.603+0530] {logging_mixin.py:188} INFO - [2025-05-27T19:49:48.603+0530] {dagbag.py:538} INFO - Filling up the DagBag from /Users/zafarimam/Documents/E-Commerce Order Pipeline/airflow_venv_39/lib/python3.9/site-packages/airflow/example_dags/tutorial.py
[2025-05-27T19:49:48.611+0530] {processor.py:840} INFO - DAG(s) 'tutorial' retrieved from /Users/zafarimam/Documents/E-Commerce Order Pipeline/airflow_venv_39/lib/python3.9/site-packages/airflow/example_dags/tutorial.py
[2025-05-27T19:49:48.694+0530] {logging_mixin.py:188} INFO - [2025-05-27T19:49:48.694+0530] {dag.py:3036} INFO - Sync 1 DAGs
[2025-05-27T19:49:48.706+0530] {logging_mixin.py:188} INFO - [2025-05-27T19:49:48.706+0530] {dag.py:3823} INFO - Setting next_dagrun for tutorial to 2025-05-26 00:00:00+00:00, run_after=2025-05-27 00:00:00+00:00
[2025-05-27T19:49:48.724+0530] {processor.py:183} INFO - Processing /Users/zafarimam/Documents/E-Commerce Order Pipeline/airflow_venv_39/lib/python3.9/site-packages/airflow/example_dags/tutorial.py took 0.123 seconds
[2025-05-27T19:51:35.111+0530] {processor.py:161} INFO - Started process (PID=29069) to work on /Users/zafarimam/Documents/E-Commerce Order Pipeline/airflow_venv_39/lib/python3.9/site-packages/airflow/example_dags/tutorial.py
[2025-05-27T19:51:35.112+0530] {processor.py:830} INFO - Processing file /Users/zafarimam/Documents/E-Commerce Order Pipeline/airflow_venv_39/lib/python3.9/site-packages/airflow/example_dags/tutorial.py for tasks to queue
[2025-05-27T19:51:35.113+0530] {logging_mixin.py:188} INFO - [2025-05-27T19:51:35.113+0530] {dagbag.py:538} INFO - Filling up the DagBag from /Users/zafarimam/Documents/E-Commerce Order Pipeline/airflow_venv_39/lib/python3.9/site-packages/airflow/example_dags/tutorial.py
[2025-05-27T19:51:35.120+0530] {processor.py:840} INFO - DAG(s) 'tutorial' retrieved from /Users/zafarimam/Documents/E-Commerce Order Pipeline/airflow_venv_39/lib/python3.9/site-packages/airflow/example_dags/tutorial.py
[2025-05-27T19:51:35.205+0530] {logging_mixin.py:188} INFO - [2025-05-27T19:51:35.205+0530] {dag.py:3036} INFO - Sync 1 DAGs
[2025-05-27T19:51:35.220+0530] {logging_mixin.py:188} INFO - [2025-05-27T19:51:35.220+0530] {dag.py:3823} INFO - Setting next_dagrun for tutorial to 2025-05-26 00:00:00+00:00, run_after=2025-05-27 00:00:00+00:00
[2025-05-27T19:51:35.234+0530] {processor.py:183} INFO - Processing /Users/zafarimam/Documents/E-Commerce Order Pipeline/airflow_venv_39/lib/python3.9/site-packages/airflow/example_dags/tutorial.py took 0.124 seconds
