[2025-05-27T17:37:40.910+0530] {processor.py:161} INFO - Started process (PID=22783) to work on /Users/zafarimam/Documents/E-Commerce Order Pipeline/airflow_venv_39/lib/python3.9/site-packages/airflow/example_dags/tutorial_taskflow_api_virtualenv.py
[2025-05-27T17:37:40.911+0530] {processor.py:830} INFO - Processing file /Users/zafarimam/Documents/E-Commerce Order Pipeline/airflow_venv_39/lib/python3.9/site-packages/airflow/example_dags/tutorial_taskflow_api_virtualenv.py for tasks to queue
[2025-05-27T17:37:40.912+0530] {logging_mixin.py:188} INFO - [2025-05-27T17:37:40.912+0530] {dagbag.py:538} INFO - Filling up the DagBag from /Users/zafarimam/Documents/E-Commerce Order Pipeline/airflow_venv_39/lib/python3.9/site-packages/airflow/example_dags/tutorial_taskflow_api_virtualenv.py
[2025-05-27T17:37:40.953+0530] {logging_mixin.py:188} INFO - [2025-05-27T17:37:40.952+0530] {tutorial_taskflow_api_virtualenv.py:29} WARNING - The tutorial_taskflow_api_virtualenv example DAG requires virtualenv, please install it.
[2025-05-27T17:37:40.953+0530] {processor.py:842} WARNING - No viable dags retrieved from /Users/zafarimam/Documents/E-Commerce Order Pipeline/airflow_venv_39/lib/python3.9/site-packages/airflow/example_dags/tutorial_taskflow_api_virtualenv.py
[2025-05-27T17:37:41.027+0530] {processor.py:183} INFO - Processing /Users/zafarimam/Documents/E-Commerce Order Pipeline/airflow_venv_39/lib/python3.9/site-packages/airflow/example_dags/tutorial_taskflow_api_virtualenv.py took 0.118 seconds
[2025-05-27T17:39:48.837+0530] {processor.py:161} INFO - Started process (PID=22887) to work on /Users/zafarimam/Documents/E-Commerce Order Pipeline/airflow_venv_39/lib/python3.9/site-packages/airflow/example_dags/tutorial_taskflow_api_virtualenv.py
[2025-05-27T17:39:48.839+0530] {processor.py:830} INFO - Processing file /Users/zafarimam/Documents/E-Commerce Order Pipeline/airflow_venv_39/lib/python3.9/site-packages/airflow/example_dags/tutorial_taskflow_api_virtualenv.py for tasks to queue
[2025-05-27T17:39:48.840+0530] {logging_mixin.py:188} INFO - [2025-05-27T17:39:48.840+0530] {dagbag.py:538} INFO - Filling up the DagBag from /Users/zafarimam/Documents/E-Commerce Order Pipeline/airflow_venv_39/lib/python3.9/site-packages/airflow/example_dags/tutorial_taskflow_api_virtualenv.py
[2025-05-27T17:39:48.884+0530] {logging_mixin.py:188} INFO - [2025-05-27T17:39:48.884+0530] {tutorial_taskflow_api_virtualenv.py:29} WARNING - The tutorial_taskflow_api_virtualenv example DAG requires virtualenv, please install it.
[2025-05-27T17:39:48.884+0530] {processor.py:842} WARNING - No viable dags retrieved from /Users/zafarimam/Documents/E-Commerce Order Pipeline/airflow_venv_39/lib/python3.9/site-packages/airflow/example_dags/tutorial_taskflow_api_virtualenv.py
[2025-05-27T17:39:48.954+0530] {processor.py:183} INFO - Processing /Users/zafarimam/Documents/E-Commerce Order Pipeline/airflow_venv_39/lib/python3.9/site-packages/airflow/example_dags/tutorial_taskflow_api_virtualenv.py took 0.117 seconds
[2025-05-27T17:41:49.596+0530] {processor.py:161} INFO - Started process (PID=22954) to work on /Users/zafarimam/Documents/E-Commerce Order Pipeline/airflow_venv_39/lib/python3.9/site-packages/airflow/example_dags/tutorial_taskflow_api_virtualenv.py
[2025-05-27T17:41:49.598+0530] {processor.py:830} INFO - Processing file /Users/zafarimam/Documents/E-Commerce Order Pipeline/airflow_venv_39/lib/python3.9/site-packages/airflow/example_dags/tutorial_taskflow_api_virtualenv.py for tasks to queue
[2025-05-27T17:41:49.599+0530] {logging_mixin.py:188} INFO - [2025-05-27T17:41:49.598+0530] {dagbag.py:538} INFO - Filling up the DagBag from /Users/zafarimam/Documents/E-Commerce Order Pipeline/airflow_venv_39/lib/python3.9/site-packages/airflow/example_dags/tutorial_taskflow_api_virtualenv.py
[2025-05-27T17:41:49.648+0530] {logging_mixin.py:188} INFO - [2025-05-27T17:41:49.647+0530] {tutorial_taskflow_api_virtualenv.py:29} WARNING - The tutorial_taskflow_api_virtualenv example DAG requires virtualenv, please install it.
[2025-05-27T17:41:49.648+0530] {processor.py:842} WARNING - No viable dags retrieved from /Users/zafarimam/Documents/E-Commerce Order Pipeline/airflow_venv_39/lib/python3.9/site-packages/airflow/example_dags/tutorial_taskflow_api_virtualenv.py
[2025-05-27T17:41:49.722+0530] {processor.py:183} INFO - Processing /Users/zafarimam/Documents/E-Commerce Order Pipeline/airflow_venv_39/lib/python3.9/site-packages/airflow/example_dags/tutorial_taskflow_api_virtualenv.py took 0.127 seconds
[2025-05-27T17:43:40.123+0530] {processor.py:161} INFO - Started process (PID=23016) to work on /Users/zafarimam/Documents/E-Commerce Order Pipeline/airflow_venv_39/lib/python3.9/site-packages/airflow/example_dags/tutorial_taskflow_api_virtualenv.py
[2025-05-27T17:43:40.125+0530] {processor.py:830} INFO - Processing file /Users/zafarimam/Documents/E-Commerce Order Pipeline/airflow_venv_39/lib/python3.9/site-packages/airflow/example_dags/tutorial_taskflow_api_virtualenv.py for tasks to queue
[2025-05-27T17:43:40.125+0530] {logging_mixin.py:188} INFO - [2025-05-27T17:43:40.125+0530] {dagbag.py:538} INFO - Filling up the DagBag from /Users/zafarimam/Documents/E-Commerce Order Pipeline/airflow_venv_39/lib/python3.9/site-packages/airflow/example_dags/tutorial_taskflow_api_virtualenv.py
[2025-05-27T17:43:40.159+0530] {logging_mixin.py:188} INFO - [2025-05-27T17:43:40.159+0530] {tutorial_taskflow_api_virtualenv.py:29} WARNING - The tutorial_taskflow_api_virtualenv example DAG requires virtualenv, please install it.
[2025-05-27T17:43:40.159+0530] {processor.py:842} WARNING - No viable dags retrieved from /Users/zafarimam/Documents/E-Commerce Order Pipeline/airflow_venv_39/lib/python3.9/site-packages/airflow/example_dags/tutorial_taskflow_api_virtualenv.py
[2025-05-27T17:43:40.230+0530] {processor.py:183} INFO - Processing /Users/zafarimam/Documents/E-Commerce Order Pipeline/airflow_venv_39/lib/python3.9/site-packages/airflow/example_dags/tutorial_taskflow_api_virtualenv.py took 0.108 seconds
[2025-05-27T17:50:31.061+0530] {processor.py:161} INFO - Started process (PID=23073) to work on /Users/zafarimam/Documents/E-Commerce Order Pipeline/airflow_venv_39/lib/python3.9/site-packages/airflow/example_dags/tutorial_taskflow_api_virtualenv.py
[2025-05-27T17:50:31.062+0530] {processor.py:830} INFO - Processing file /Users/zafarimam/Documents/E-Commerce Order Pipeline/airflow_venv_39/lib/python3.9/site-packages/airflow/example_dags/tutorial_taskflow_api_virtualenv.py for tasks to queue
[2025-05-27T17:50:31.063+0530] {logging_mixin.py:188} INFO - [2025-05-27T17:50:31.063+0530] {dagbag.py:538} INFO - Filling up the DagBag from /Users/zafarimam/Documents/E-Commerce Order Pipeline/airflow_venv_39/lib/python3.9/site-packages/airflow/example_dags/tutorial_taskflow_api_virtualenv.py
[2025-05-27T17:50:31.102+0530] {logging_mixin.py:188} INFO - [2025-05-27T17:50:31.102+0530] {tutorial_taskflow_api_virtualenv.py:29} WARNING - The tutorial_taskflow_api_virtualenv example DAG requires virtualenv, please install it.
[2025-05-27T17:50:31.103+0530] {processor.py:842} WARNING - No viable dags retrieved from /Users/zafarimam/Documents/E-Commerce Order Pipeline/airflow_venv_39/lib/python3.9/site-packages/airflow/example_dags/tutorial_taskflow_api_virtualenv.py
[2025-05-27T17:50:31.169+0530] {processor.py:183} INFO - Processing /Users/zafarimam/Documents/E-Commerce Order Pipeline/airflow_venv_39/lib/python3.9/site-packages/airflow/example_dags/tutorial_taskflow_api_virtualenv.py took 0.110 seconds
[2025-05-27T17:52:27.068+0530] {processor.py:161} INFO - Started process (PID=23387) to work on /Users/zafarimam/Documents/E-Commerce Order Pipeline/airflow_venv_39/lib/python3.9/site-packages/airflow/example_dags/tutorial_taskflow_api_virtualenv.py
[2025-05-27T17:52:27.069+0530] {processor.py:830} INFO - Processing file /Users/zafarimam/Documents/E-Commerce Order Pipeline/airflow_venv_39/lib/python3.9/site-packages/airflow/example_dags/tutorial_taskflow_api_virtualenv.py for tasks to queue
[2025-05-27T17:52:27.070+0530] {logging_mixin.py:188} INFO - [2025-05-27T17:52:27.070+0530] {dagbag.py:538} INFO - Filling up the DagBag from /Users/zafarimam/Documents/E-Commerce Order Pipeline/airflow_venv_39/lib/python3.9/site-packages/airflow/example_dags/tutorial_taskflow_api_virtualenv.py
[2025-05-27T17:52:27.105+0530] {logging_mixin.py:188} INFO - [2025-05-27T17:52:27.104+0530] {tutorial_taskflow_api_virtualenv.py:29} WARNING - The tutorial_taskflow_api_virtualenv example DAG requires virtualenv, please install it.
[2025-05-27T17:52:27.105+0530] {processor.py:842} WARNING - No viable dags retrieved from /Users/zafarimam/Documents/E-Commerce Order Pipeline/airflow_venv_39/lib/python3.9/site-packages/airflow/example_dags/tutorial_taskflow_api_virtualenv.py
[2025-05-27T17:52:27.177+0530] {processor.py:183} INFO - Processing /Users/zafarimam/Documents/E-Commerce Order Pipeline/airflow_venv_39/lib/python3.9/site-packages/airflow/example_dags/tutorial_taskflow_api_virtualenv.py took 0.111 seconds
[2025-05-27T17:54:53.237+0530] {processor.py:161} INFO - Started process (PID=24013) to work on /Users/zafarimam/Documents/E-Commerce Order Pipeline/airflow_venv_39/lib/python3.9/site-packages/airflow/example_dags/tutorial_taskflow_api_virtualenv.py
[2025-05-27T17:54:53.239+0530] {processor.py:830} INFO - Processing file /Users/zafarimam/Documents/E-Commerce Order Pipeline/airflow_venv_39/lib/python3.9/site-packages/airflow/example_dags/tutorial_taskflow_api_virtualenv.py for tasks to queue
[2025-05-27T17:54:53.239+0530] {logging_mixin.py:188} INFO - [2025-05-27T17:54:53.239+0530] {dagbag.py:538} INFO - Filling up the DagBag from /Users/zafarimam/Documents/E-Commerce Order Pipeline/airflow_venv_39/lib/python3.9/site-packages/airflow/example_dags/tutorial_taskflow_api_virtualenv.py
[2025-05-27T17:54:53.282+0530] {logging_mixin.py:188} INFO - [2025-05-27T17:54:53.282+0530] {tutorial_taskflow_api_virtualenv.py:29} WARNING - The tutorial_taskflow_api_virtualenv example DAG requires virtualenv, please install it.
[2025-05-27T17:54:53.282+0530] {processor.py:842} WARNING - No viable dags retrieved from /Users/zafarimam/Documents/E-Commerce Order Pipeline/airflow_venv_39/lib/python3.9/site-packages/airflow/example_dags/tutorial_taskflow_api_virtualenv.py
[2025-05-27T17:54:53.351+0530] {processor.py:183} INFO - Processing /Users/zafarimam/Documents/E-Commerce Order Pipeline/airflow_venv_39/lib/python3.9/site-packages/airflow/example_dags/tutorial_taskflow_api_virtualenv.py took 0.115 seconds
[2025-05-27T17:57:09.081+0530] {processor.py:161} INFO - Started process (PID=24175) to work on /Users/zafarimam/Documents/E-Commerce Order Pipeline/airflow_venv_39/lib/python3.9/site-packages/airflow/example_dags/tutorial_taskflow_api_virtualenv.py
[2025-05-27T17:57:09.083+0530] {processor.py:830} INFO - Processing file /Users/zafarimam/Documents/E-Commerce Order Pipeline/airflow_venv_39/lib/python3.9/site-packages/airflow/example_dags/tutorial_taskflow_api_virtualenv.py for tasks to queue
[2025-05-27T17:57:09.084+0530] {logging_mixin.py:188} INFO - [2025-05-27T17:57:09.083+0530] {dagbag.py:538} INFO - Filling up the DagBag from /Users/zafarimam/Documents/E-Commerce Order Pipeline/airflow_venv_39/lib/python3.9/site-packages/airflow/example_dags/tutorial_taskflow_api_virtualenv.py
[2025-05-27T17:57:09.119+0530] {logging_mixin.py:188} INFO - [2025-05-27T17:57:09.119+0530] {tutorial_taskflow_api_virtualenv.py:29} WARNING - The tutorial_taskflow_api_virtualenv example DAG requires virtualenv, please install it.
[2025-05-27T17:57:09.119+0530] {processor.py:842} WARNING - No viable dags retrieved from /Users/zafarimam/Documents/E-Commerce Order Pipeline/airflow_venv_39/lib/python3.9/site-packages/airflow/example_dags/tutorial_taskflow_api_virtualenv.py
[2025-05-27T17:57:09.191+0530] {processor.py:183} INFO - Processing /Users/zafarimam/Documents/E-Commerce Order Pipeline/airflow_venv_39/lib/python3.9/site-packages/airflow/example_dags/tutorial_taskflow_api_virtualenv.py took 0.111 seconds
[2025-05-27T18:01:14.549+0530] {processor.py:161} INFO - Started process (PID=24950) to work on /Users/zafarimam/Documents/E-Commerce Order Pipeline/airflow_venv_39/lib/python3.9/site-packages/airflow/example_dags/tutorial_taskflow_api_virtualenv.py
[2025-05-27T18:01:14.551+0530] {processor.py:830} INFO - Processing file /Users/zafarimam/Documents/E-Commerce Order Pipeline/airflow_venv_39/lib/python3.9/site-packages/airflow/example_dags/tutorial_taskflow_api_virtualenv.py for tasks to queue
[2025-05-27T18:01:14.551+0530] {logging_mixin.py:188} INFO - [2025-05-27T18:01:14.551+0530] {dagbag.py:538} INFO - Filling up the DagBag from /Users/zafarimam/Documents/E-Commerce Order Pipeline/airflow_venv_39/lib/python3.9/site-packages/airflow/example_dags/tutorial_taskflow_api_virtualenv.py
[2025-05-27T18:01:14.590+0530] {logging_mixin.py:188} INFO - [2025-05-27T18:01:14.590+0530] {tutorial_taskflow_api_virtualenv.py:29} WARNING - The tutorial_taskflow_api_virtualenv example DAG requires virtualenv, please install it.
[2025-05-27T18:01:14.590+0530] {processor.py:842} WARNING - No viable dags retrieved from /Users/zafarimam/Documents/E-Commerce Order Pipeline/airflow_venv_39/lib/python3.9/site-packages/airflow/example_dags/tutorial_taskflow_api_virtualenv.py
[2025-05-27T18:01:14.672+0530] {processor.py:183} INFO - Processing /Users/zafarimam/Documents/E-Commerce Order Pipeline/airflow_venv_39/lib/python3.9/site-packages/airflow/example_dags/tutorial_taskflow_api_virtualenv.py took 0.124 seconds
[2025-05-27T18:05:33.951+0530] {processor.py:161} INFO - Started process (PID=25083) to work on /Users/zafarimam/Documents/E-Commerce Order Pipeline/airflow_venv_39/lib/python3.9/site-packages/airflow/example_dags/tutorial_taskflow_api_virtualenv.py
[2025-05-27T18:05:33.953+0530] {processor.py:830} INFO - Processing file /Users/zafarimam/Documents/E-Commerce Order Pipeline/airflow_venv_39/lib/python3.9/site-packages/airflow/example_dags/tutorial_taskflow_api_virtualenv.py for tasks to queue
[2025-05-27T18:05:33.954+0530] {logging_mixin.py:188} INFO - [2025-05-27T18:05:33.954+0530] {dagbag.py:538} INFO - Filling up the DagBag from /Users/zafarimam/Documents/E-Commerce Order Pipeline/airflow_venv_39/lib/python3.9/site-packages/airflow/example_dags/tutorial_taskflow_api_virtualenv.py
[2025-05-27T18:05:33.988+0530] {logging_mixin.py:188} INFO - [2025-05-27T18:05:33.988+0530] {tutorial_taskflow_api_virtualenv.py:29} WARNING - The tutorial_taskflow_api_virtualenv example DAG requires virtualenv, please install it.
[2025-05-27T18:05:33.989+0530] {processor.py:842} WARNING - No viable dags retrieved from /Users/zafarimam/Documents/E-Commerce Order Pipeline/airflow_venv_39/lib/python3.9/site-packages/airflow/example_dags/tutorial_taskflow_api_virtualenv.py
[2025-05-27T18:05:34.061+0530] {processor.py:183} INFO - Processing /Users/zafarimam/Documents/E-Commerce Order Pipeline/airflow_venv_39/lib/python3.9/site-packages/airflow/example_dags/tutorial_taskflow_api_virtualenv.py took 0.111 seconds
[2025-05-27T18:07:36.727+0530] {processor.py:161} INFO - Started process (PID=25147) to work on /Users/zafarimam/Documents/E-Commerce Order Pipeline/airflow_venv_39/lib/python3.9/site-packages/airflow/example_dags/tutorial_taskflow_api_virtualenv.py
[2025-05-27T18:07:36.728+0530] {processor.py:830} INFO - Processing file /Users/zafarimam/Documents/E-Commerce Order Pipeline/airflow_venv_39/lib/python3.9/site-packages/airflow/example_dags/tutorial_taskflow_api_virtualenv.py for tasks to queue
[2025-05-27T18:07:36.729+0530] {logging_mixin.py:188} INFO - [2025-05-27T18:07:36.729+0530] {dagbag.py:538} INFO - Filling up the DagBag from /Users/zafarimam/Documents/E-Commerce Order Pipeline/airflow_venv_39/lib/python3.9/site-packages/airflow/example_dags/tutorial_taskflow_api_virtualenv.py
[2025-05-27T18:07:36.767+0530] {logging_mixin.py:188} INFO - [2025-05-27T18:07:36.767+0530] {tutorial_taskflow_api_virtualenv.py:29} WARNING - The tutorial_taskflow_api_virtualenv example DAG requires virtualenv, please install it.
[2025-05-27T18:07:36.767+0530] {processor.py:842} WARNING - No viable dags retrieved from /Users/zafarimam/Documents/E-Commerce Order Pipeline/airflow_venv_39/lib/python3.9/site-packages/airflow/example_dags/tutorial_taskflow_api_virtualenv.py
[2025-05-27T18:07:36.843+0530] {processor.py:183} INFO - Processing /Users/zafarimam/Documents/E-Commerce Order Pipeline/airflow_venv_39/lib/python3.9/site-packages/airflow/example_dags/tutorial_taskflow_api_virtualenv.py took 0.117 seconds
[2025-05-27T18:09:38.065+0530] {processor.py:161} INFO - Started process (PID=25208) to work on /Users/zafarimam/Documents/E-Commerce Order Pipeline/airflow_venv_39/lib/python3.9/site-packages/airflow/example_dags/tutorial_taskflow_api_virtualenv.py
[2025-05-27T18:09:38.066+0530] {processor.py:830} INFO - Processing file /Users/zafarimam/Documents/E-Commerce Order Pipeline/airflow_venv_39/lib/python3.9/site-packages/airflow/example_dags/tutorial_taskflow_api_virtualenv.py for tasks to queue
[2025-05-27T18:09:38.067+0530] {logging_mixin.py:188} INFO - [2025-05-27T18:09:38.067+0530] {dagbag.py:538} INFO - Filling up the DagBag from /Users/zafarimam/Documents/E-Commerce Order Pipeline/airflow_venv_39/lib/python3.9/site-packages/airflow/example_dags/tutorial_taskflow_api_virtualenv.py
[2025-05-27T18:09:38.099+0530] {logging_mixin.py:188} INFO - [2025-05-27T18:09:38.099+0530] {tutorial_taskflow_api_virtualenv.py:29} WARNING - The tutorial_taskflow_api_virtualenv example DAG requires virtualenv, please install it.
[2025-05-27T18:09:38.099+0530] {processor.py:842} WARNING - No viable dags retrieved from /Users/zafarimam/Documents/E-Commerce Order Pipeline/airflow_venv_39/lib/python3.9/site-packages/airflow/example_dags/tutorial_taskflow_api_virtualenv.py
[2025-05-27T18:09:38.164+0530] {processor.py:183} INFO - Processing /Users/zafarimam/Documents/E-Commerce Order Pipeline/airflow_venv_39/lib/python3.9/site-packages/airflow/example_dags/tutorial_taskflow_api_virtualenv.py took 0.100 seconds
[2025-05-27T18:11:23.533+0530] {processor.py:161} INFO - Started process (PID=25265) to work on /Users/zafarimam/Documents/E-Commerce Order Pipeline/airflow_venv_39/lib/python3.9/site-packages/airflow/example_dags/tutorial_taskflow_api_virtualenv.py
[2025-05-27T18:11:23.534+0530] {processor.py:830} INFO - Processing file /Users/zafarimam/Documents/E-Commerce Order Pipeline/airflow_venv_39/lib/python3.9/site-packages/airflow/example_dags/tutorial_taskflow_api_virtualenv.py for tasks to queue
[2025-05-27T18:11:23.535+0530] {logging_mixin.py:188} INFO - [2025-05-27T18:11:23.534+0530] {dagbag.py:538} INFO - Filling up the DagBag from /Users/zafarimam/Documents/E-Commerce Order Pipeline/airflow_venv_39/lib/python3.9/site-packages/airflow/example_dags/tutorial_taskflow_api_virtualenv.py
[2025-05-27T18:11:23.569+0530] {logging_mixin.py:188} INFO - [2025-05-27T18:11:23.569+0530] {tutorial_taskflow_api_virtualenv.py:29} WARNING - The tutorial_taskflow_api_virtualenv example DAG requires virtualenv, please install it.
[2025-05-27T18:11:23.569+0530] {processor.py:842} WARNING - No viable dags retrieved from /Users/zafarimam/Documents/E-Commerce Order Pipeline/airflow_venv_39/lib/python3.9/site-packages/airflow/example_dags/tutorial_taskflow_api_virtualenv.py
[2025-05-27T18:11:23.639+0530] {processor.py:183} INFO - Processing /Users/zafarimam/Documents/E-Commerce Order Pipeline/airflow_venv_39/lib/python3.9/site-packages/airflow/example_dags/tutorial_taskflow_api_virtualenv.py took 0.108 seconds
[2025-05-27T18:13:19.504+0530] {processor.py:161} INFO - Started process (PID=25326) to work on /Users/zafarimam/Documents/E-Commerce Order Pipeline/airflow_venv_39/lib/python3.9/site-packages/airflow/example_dags/tutorial_taskflow_api_virtualenv.py
[2025-05-27T18:13:19.505+0530] {processor.py:830} INFO - Processing file /Users/zafarimam/Documents/E-Commerce Order Pipeline/airflow_venv_39/lib/python3.9/site-packages/airflow/example_dags/tutorial_taskflow_api_virtualenv.py for tasks to queue
[2025-05-27T18:13:19.506+0530] {logging_mixin.py:188} INFO - [2025-05-27T18:13:19.505+0530] {dagbag.py:538} INFO - Filling up the DagBag from /Users/zafarimam/Documents/E-Commerce Order Pipeline/airflow_venv_39/lib/python3.9/site-packages/airflow/example_dags/tutorial_taskflow_api_virtualenv.py
[2025-05-27T18:13:19.539+0530] {logging_mixin.py:188} INFO - [2025-05-27T18:13:19.538+0530] {tutorial_taskflow_api_virtualenv.py:29} WARNING - The tutorial_taskflow_api_virtualenv example DAG requires virtualenv, please install it.
[2025-05-27T18:13:19.539+0530] {processor.py:842} WARNING - No viable dags retrieved from /Users/zafarimam/Documents/E-Commerce Order Pipeline/airflow_venv_39/lib/python3.9/site-packages/airflow/example_dags/tutorial_taskflow_api_virtualenv.py
[2025-05-27T18:13:19.608+0530] {processor.py:183} INFO - Processing /Users/zafarimam/Documents/E-Commerce Order Pipeline/airflow_venv_39/lib/python3.9/site-packages/airflow/example_dags/tutorial_taskflow_api_virtualenv.py took 0.106 seconds
[2025-05-27T18:15:13.688+0530] {processor.py:161} INFO - Started process (PID=25398) to work on /Users/zafarimam/Documents/E-Commerce Order Pipeline/airflow_venv_39/lib/python3.9/site-packages/airflow/example_dags/tutorial_taskflow_api_virtualenv.py
[2025-05-27T18:15:13.689+0530] {processor.py:830} INFO - Processing file /Users/zafarimam/Documents/E-Commerce Order Pipeline/airflow_venv_39/lib/python3.9/site-packages/airflow/example_dags/tutorial_taskflow_api_virtualenv.py for tasks to queue
[2025-05-27T18:15:13.690+0530] {logging_mixin.py:188} INFO - [2025-05-27T18:15:13.690+0530] {dagbag.py:538} INFO - Filling up the DagBag from /Users/zafarimam/Documents/E-Commerce Order Pipeline/airflow_venv_39/lib/python3.9/site-packages/airflow/example_dags/tutorial_taskflow_api_virtualenv.py
[2025-05-27T18:15:13.720+0530] {logging_mixin.py:188} INFO - [2025-05-27T18:15:13.720+0530] {tutorial_taskflow_api_virtualenv.py:29} WARNING - The tutorial_taskflow_api_virtualenv example DAG requires virtualenv, please install it.
[2025-05-27T18:15:13.721+0530] {processor.py:842} WARNING - No viable dags retrieved from /Users/zafarimam/Documents/E-Commerce Order Pipeline/airflow_venv_39/lib/python3.9/site-packages/airflow/example_dags/tutorial_taskflow_api_virtualenv.py
[2025-05-27T18:15:13.793+0530] {processor.py:183} INFO - Processing /Users/zafarimam/Documents/E-Commerce Order Pipeline/airflow_venv_39/lib/python3.9/site-packages/airflow/example_dags/tutorial_taskflow_api_virtualenv.py took 0.107 seconds
[2025-05-27T18:16:57.674+0530] {processor.py:161} INFO - Started process (PID=25456) to work on /Users/zafarimam/Documents/E-Commerce Order Pipeline/airflow_venv_39/lib/python3.9/site-packages/airflow/example_dags/tutorial_taskflow_api_virtualenv.py
[2025-05-27T18:16:57.675+0530] {processor.py:830} INFO - Processing file /Users/zafarimam/Documents/E-Commerce Order Pipeline/airflow_venv_39/lib/python3.9/site-packages/airflow/example_dags/tutorial_taskflow_api_virtualenv.py for tasks to queue
[2025-05-27T18:16:57.675+0530] {logging_mixin.py:188} INFO - [2025-05-27T18:16:57.675+0530] {dagbag.py:538} INFO - Filling up the DagBag from /Users/zafarimam/Documents/E-Commerce Order Pipeline/airflow_venv_39/lib/python3.9/site-packages/airflow/example_dags/tutorial_taskflow_api_virtualenv.py
[2025-05-27T18:16:57.705+0530] {logging_mixin.py:188} INFO - [2025-05-27T18:16:57.705+0530] {tutorial_taskflow_api_virtualenv.py:29} WARNING - The tutorial_taskflow_api_virtualenv example DAG requires virtualenv, please install it.
[2025-05-27T18:16:57.705+0530] {processor.py:842} WARNING - No viable dags retrieved from /Users/zafarimam/Documents/E-Commerce Order Pipeline/airflow_venv_39/lib/python3.9/site-packages/airflow/example_dags/tutorial_taskflow_api_virtualenv.py
[2025-05-27T18:16:57.771+0530] {processor.py:183} INFO - Processing /Users/zafarimam/Documents/E-Commerce Order Pipeline/airflow_venv_39/lib/python3.9/site-packages/airflow/example_dags/tutorial_taskflow_api_virtualenv.py took 0.099 seconds
[2025-05-27T18:18:40.867+0530] {processor.py:161} INFO - Started process (PID=25530) to work on /Users/zafarimam/Documents/E-Commerce Order Pipeline/airflow_venv_39/lib/python3.9/site-packages/airflow/example_dags/tutorial_taskflow_api_virtualenv.py
[2025-05-27T18:18:40.868+0530] {processor.py:830} INFO - Processing file /Users/zafarimam/Documents/E-Commerce Order Pipeline/airflow_venv_39/lib/python3.9/site-packages/airflow/example_dags/tutorial_taskflow_api_virtualenv.py for tasks to queue
[2025-05-27T18:18:40.869+0530] {logging_mixin.py:188} INFO - [2025-05-27T18:18:40.869+0530] {dagbag.py:538} INFO - Filling up the DagBag from /Users/zafarimam/Documents/E-Commerce Order Pipeline/airflow_venv_39/lib/python3.9/site-packages/airflow/example_dags/tutorial_taskflow_api_virtualenv.py
[2025-05-27T18:18:40.903+0530] {logging_mixin.py:188} INFO - [2025-05-27T18:18:40.903+0530] {tutorial_taskflow_api_virtualenv.py:29} WARNING - The tutorial_taskflow_api_virtualenv example DAG requires virtualenv, please install it.
[2025-05-27T18:18:40.903+0530] {processor.py:842} WARNING - No viable dags retrieved from /Users/zafarimam/Documents/E-Commerce Order Pipeline/airflow_venv_39/lib/python3.9/site-packages/airflow/example_dags/tutorial_taskflow_api_virtualenv.py
[2025-05-27T18:18:40.971+0530] {processor.py:183} INFO - Processing /Users/zafarimam/Documents/E-Commerce Order Pipeline/airflow_venv_39/lib/python3.9/site-packages/airflow/example_dags/tutorial_taskflow_api_virtualenv.py took 0.105 seconds
[2025-05-27T18:21:24.605+0530] {processor.py:161} INFO - Started process (PID=25636) to work on /Users/zafarimam/Documents/E-Commerce Order Pipeline/airflow_venv_39/lib/python3.9/site-packages/airflow/example_dags/tutorial_taskflow_api_virtualenv.py
[2025-05-27T18:21:24.607+0530] {processor.py:830} INFO - Processing file /Users/zafarimam/Documents/E-Commerce Order Pipeline/airflow_venv_39/lib/python3.9/site-packages/airflow/example_dags/tutorial_taskflow_api_virtualenv.py for tasks to queue
[2025-05-27T18:21:24.608+0530] {logging_mixin.py:188} INFO - [2025-05-27T18:21:24.607+0530] {dagbag.py:538} INFO - Filling up the DagBag from /Users/zafarimam/Documents/E-Commerce Order Pipeline/airflow_venv_39/lib/python3.9/site-packages/airflow/example_dags/tutorial_taskflow_api_virtualenv.py
[2025-05-27T18:21:24.641+0530] {logging_mixin.py:188} INFO - [2025-05-27T18:21:24.641+0530] {tutorial_taskflow_api_virtualenv.py:29} WARNING - The tutorial_taskflow_api_virtualenv example DAG requires virtualenv, please install it.
[2025-05-27T18:21:24.641+0530] {processor.py:842} WARNING - No viable dags retrieved from /Users/zafarimam/Documents/E-Commerce Order Pipeline/airflow_venv_39/lib/python3.9/site-packages/airflow/example_dags/tutorial_taskflow_api_virtualenv.py
[2025-05-27T18:21:24.716+0530] {processor.py:183} INFO - Processing /Users/zafarimam/Documents/E-Commerce Order Pipeline/airflow_venv_39/lib/python3.9/site-packages/airflow/example_dags/tutorial_taskflow_api_virtualenv.py took 0.112 seconds
[2025-05-27T18:23:37.190+0530] {processor.py:161} INFO - Started process (PID=25736) to work on /Users/zafarimam/Documents/E-Commerce Order Pipeline/airflow_venv_39/lib/python3.9/site-packages/airflow/example_dags/tutorial_taskflow_api_virtualenv.py
[2025-05-27T18:23:37.191+0530] {processor.py:830} INFO - Processing file /Users/zafarimam/Documents/E-Commerce Order Pipeline/airflow_venv_39/lib/python3.9/site-packages/airflow/example_dags/tutorial_taskflow_api_virtualenv.py for tasks to queue
[2025-05-27T18:23:37.191+0530] {logging_mixin.py:188} INFO - [2025-05-27T18:23:37.191+0530] {dagbag.py:538} INFO - Filling up the DagBag from /Users/zafarimam/Documents/E-Commerce Order Pipeline/airflow_venv_39/lib/python3.9/site-packages/airflow/example_dags/tutorial_taskflow_api_virtualenv.py
[2025-05-27T18:23:37.234+0530] {logging_mixin.py:188} INFO - [2025-05-27T18:23:37.234+0530] {tutorial_taskflow_api_virtualenv.py:29} WARNING - The tutorial_taskflow_api_virtualenv example DAG requires virtualenv, please install it.
[2025-05-27T18:23:37.235+0530] {processor.py:842} WARNING - No viable dags retrieved from /Users/zafarimam/Documents/E-Commerce Order Pipeline/airflow_venv_39/lib/python3.9/site-packages/airflow/example_dags/tutorial_taskflow_api_virtualenv.py
[2025-05-27T18:23:37.349+0530] {processor.py:183} INFO - Processing /Users/zafarimam/Documents/E-Commerce Order Pipeline/airflow_venv_39/lib/python3.9/site-packages/airflow/example_dags/tutorial_taskflow_api_virtualenv.py took 0.161 seconds
[2025-05-27T18:26:38.641+0530] {processor.py:161} INFO - Started process (PID=25834) to work on /Users/zafarimam/Documents/E-Commerce Order Pipeline/airflow_venv_39/lib/python3.9/site-packages/airflow/example_dags/tutorial_taskflow_api_virtualenv.py
[2025-05-27T18:26:38.643+0530] {processor.py:830} INFO - Processing file /Users/zafarimam/Documents/E-Commerce Order Pipeline/airflow_venv_39/lib/python3.9/site-packages/airflow/example_dags/tutorial_taskflow_api_virtualenv.py for tasks to queue
[2025-05-27T18:26:38.644+0530] {logging_mixin.py:188} INFO - [2025-05-27T18:26:38.643+0530] {dagbag.py:538} INFO - Filling up the DagBag from /Users/zafarimam/Documents/E-Commerce Order Pipeline/airflow_venv_39/lib/python3.9/site-packages/airflow/example_dags/tutorial_taskflow_api_virtualenv.py
[2025-05-27T18:26:38.683+0530] {logging_mixin.py:188} INFO - [2025-05-27T18:26:38.683+0530] {tutorial_taskflow_api_virtualenv.py:29} WARNING - The tutorial_taskflow_api_virtualenv example DAG requires virtualenv, please install it.
[2025-05-27T18:26:38.683+0530] {processor.py:842} WARNING - No viable dags retrieved from /Users/zafarimam/Documents/E-Commerce Order Pipeline/airflow_venv_39/lib/python3.9/site-packages/airflow/example_dags/tutorial_taskflow_api_virtualenv.py
[2025-05-27T18:26:38.764+0530] {processor.py:183} INFO - Processing /Users/zafarimam/Documents/E-Commerce Order Pipeline/airflow_venv_39/lib/python3.9/site-packages/airflow/example_dags/tutorial_taskflow_api_virtualenv.py took 0.125 seconds
[2025-05-27T18:28:48.473+0530] {processor.py:161} INFO - Started process (PID=25904) to work on /Users/zafarimam/Documents/E-Commerce Order Pipeline/airflow_venv_39/lib/python3.9/site-packages/airflow/example_dags/tutorial_taskflow_api_virtualenv.py
[2025-05-27T18:28:48.474+0530] {processor.py:830} INFO - Processing file /Users/zafarimam/Documents/E-Commerce Order Pipeline/airflow_venv_39/lib/python3.9/site-packages/airflow/example_dags/tutorial_taskflow_api_virtualenv.py for tasks to queue
[2025-05-27T18:28:48.474+0530] {logging_mixin.py:188} INFO - [2025-05-27T18:28:48.474+0530] {dagbag.py:538} INFO - Filling up the DagBag from /Users/zafarimam/Documents/E-Commerce Order Pipeline/airflow_venv_39/lib/python3.9/site-packages/airflow/example_dags/tutorial_taskflow_api_virtualenv.py
[2025-05-27T18:28:48.509+0530] {logging_mixin.py:188} INFO - [2025-05-27T18:28:48.508+0530] {tutorial_taskflow_api_virtualenv.py:29} WARNING - The tutorial_taskflow_api_virtualenv example DAG requires virtualenv, please install it.
[2025-05-27T18:28:48.509+0530] {processor.py:842} WARNING - No viable dags retrieved from /Users/zafarimam/Documents/E-Commerce Order Pipeline/airflow_venv_39/lib/python3.9/site-packages/airflow/example_dags/tutorial_taskflow_api_virtualenv.py
[2025-05-27T18:28:48.580+0530] {processor.py:183} INFO - Processing /Users/zafarimam/Documents/E-Commerce Order Pipeline/airflow_venv_39/lib/python3.9/site-packages/airflow/example_dags/tutorial_taskflow_api_virtualenv.py took 0.109 seconds
[2025-05-27T18:30:36.497+0530] {processor.py:161} INFO - Started process (PID=25962) to work on /Users/zafarimam/Documents/E-Commerce Order Pipeline/airflow_venv_39/lib/python3.9/site-packages/airflow/example_dags/tutorial_taskflow_api_virtualenv.py
[2025-05-27T18:30:36.498+0530] {processor.py:830} INFO - Processing file /Users/zafarimam/Documents/E-Commerce Order Pipeline/airflow_venv_39/lib/python3.9/site-packages/airflow/example_dags/tutorial_taskflow_api_virtualenv.py for tasks to queue
[2025-05-27T18:30:36.498+0530] {logging_mixin.py:188} INFO - [2025-05-27T18:30:36.498+0530] {dagbag.py:538} INFO - Filling up the DagBag from /Users/zafarimam/Documents/E-Commerce Order Pipeline/airflow_venv_39/lib/python3.9/site-packages/airflow/example_dags/tutorial_taskflow_api_virtualenv.py
[2025-05-27T18:30:36.532+0530] {logging_mixin.py:188} INFO - [2025-05-27T18:30:36.531+0530] {tutorial_taskflow_api_virtualenv.py:29} WARNING - The tutorial_taskflow_api_virtualenv example DAG requires virtualenv, please install it.
[2025-05-27T18:30:36.532+0530] {processor.py:842} WARNING - No viable dags retrieved from /Users/zafarimam/Documents/E-Commerce Order Pipeline/airflow_venv_39/lib/python3.9/site-packages/airflow/example_dags/tutorial_taskflow_api_virtualenv.py
[2025-05-27T18:30:36.602+0530] {processor.py:183} INFO - Processing /Users/zafarimam/Documents/E-Commerce Order Pipeline/airflow_venv_39/lib/python3.9/site-packages/airflow/example_dags/tutorial_taskflow_api_virtualenv.py took 0.106 seconds
[2025-05-27T18:32:27.611+0530] {processor.py:161} INFO - Started process (PID=26023) to work on /Users/zafarimam/Documents/E-Commerce Order Pipeline/airflow_venv_39/lib/python3.9/site-packages/airflow/example_dags/tutorial_taskflow_api_virtualenv.py
[2025-05-27T18:32:27.612+0530] {processor.py:830} INFO - Processing file /Users/zafarimam/Documents/E-Commerce Order Pipeline/airflow_venv_39/lib/python3.9/site-packages/airflow/example_dags/tutorial_taskflow_api_virtualenv.py for tasks to queue
[2025-05-27T18:32:27.613+0530] {logging_mixin.py:188} INFO - [2025-05-27T18:32:27.612+0530] {dagbag.py:538} INFO - Filling up the DagBag from /Users/zafarimam/Documents/E-Commerce Order Pipeline/airflow_venv_39/lib/python3.9/site-packages/airflow/example_dags/tutorial_taskflow_api_virtualenv.py
[2025-05-27T18:32:27.645+0530] {logging_mixin.py:188} INFO - [2025-05-27T18:32:27.645+0530] {tutorial_taskflow_api_virtualenv.py:29} WARNING - The tutorial_taskflow_api_virtualenv example DAG requires virtualenv, please install it.
[2025-05-27T18:32:27.645+0530] {processor.py:842} WARNING - No viable dags retrieved from /Users/zafarimam/Documents/E-Commerce Order Pipeline/airflow_venv_39/lib/python3.9/site-packages/airflow/example_dags/tutorial_taskflow_api_virtualenv.py
[2025-05-27T18:32:27.714+0530] {processor.py:183} INFO - Processing /Users/zafarimam/Documents/E-Commerce Order Pipeline/airflow_venv_39/lib/python3.9/site-packages/airflow/example_dags/tutorial_taskflow_api_virtualenv.py took 0.104 seconds
[2025-05-27T18:36:16.913+0530] {processor.py:161} INFO - Started process (PID=26182) to work on /Users/zafarimam/Documents/E-Commerce Order Pipeline/airflow_venv_39/lib/python3.9/site-packages/airflow/example_dags/tutorial_taskflow_api_virtualenv.py
[2025-05-27T18:36:16.915+0530] {processor.py:830} INFO - Processing file /Users/zafarimam/Documents/E-Commerce Order Pipeline/airflow_venv_39/lib/python3.9/site-packages/airflow/example_dags/tutorial_taskflow_api_virtualenv.py for tasks to queue
[2025-05-27T18:36:16.915+0530] {logging_mixin.py:188} INFO - [2025-05-27T18:36:16.915+0530] {dagbag.py:538} INFO - Filling up the DagBag from /Users/zafarimam/Documents/E-Commerce Order Pipeline/airflow_venv_39/lib/python3.9/site-packages/airflow/example_dags/tutorial_taskflow_api_virtualenv.py
[2025-05-27T18:36:16.952+0530] {logging_mixin.py:188} INFO - [2025-05-27T18:36:16.952+0530] {tutorial_taskflow_api_virtualenv.py:29} WARNING - The tutorial_taskflow_api_virtualenv example DAG requires virtualenv, please install it.
[2025-05-27T18:36:16.952+0530] {processor.py:842} WARNING - No viable dags retrieved from /Users/zafarimam/Documents/E-Commerce Order Pipeline/airflow_venv_39/lib/python3.9/site-packages/airflow/example_dags/tutorial_taskflow_api_virtualenv.py
[2025-05-27T18:36:17.026+0530] {processor.py:183} INFO - Processing /Users/zafarimam/Documents/E-Commerce Order Pipeline/airflow_venv_39/lib/python3.9/site-packages/airflow/example_dags/tutorial_taskflow_api_virtualenv.py took 0.115 seconds
[2025-05-27T18:38:50.604+0530] {processor.py:161} INFO - Started process (PID=26440) to work on /Users/zafarimam/Documents/E-Commerce Order Pipeline/airflow_venv_39/lib/python3.9/site-packages/airflow/example_dags/tutorial_taskflow_api_virtualenv.py
[2025-05-27T18:38:50.605+0530] {processor.py:830} INFO - Processing file /Users/zafarimam/Documents/E-Commerce Order Pipeline/airflow_venv_39/lib/python3.9/site-packages/airflow/example_dags/tutorial_taskflow_api_virtualenv.py for tasks to queue
[2025-05-27T18:38:50.605+0530] {logging_mixin.py:188} INFO - [2025-05-27T18:38:50.605+0530] {dagbag.py:538} INFO - Filling up the DagBag from /Users/zafarimam/Documents/E-Commerce Order Pipeline/airflow_venv_39/lib/python3.9/site-packages/airflow/example_dags/tutorial_taskflow_api_virtualenv.py
[2025-05-27T18:38:50.638+0530] {logging_mixin.py:188} INFO - [2025-05-27T18:38:50.638+0530] {tutorial_taskflow_api_virtualenv.py:29} WARNING - The tutorial_taskflow_api_virtualenv example DAG requires virtualenv, please install it.
[2025-05-27T18:38:50.638+0530] {processor.py:842} WARNING - No viable dags retrieved from /Users/zafarimam/Documents/E-Commerce Order Pipeline/airflow_venv_39/lib/python3.9/site-packages/airflow/example_dags/tutorial_taskflow_api_virtualenv.py
[2025-05-27T18:38:50.716+0530] {processor.py:183} INFO - Processing /Users/zafarimam/Documents/E-Commerce Order Pipeline/airflow_venv_39/lib/python3.9/site-packages/airflow/example_dags/tutorial_taskflow_api_virtualenv.py took 0.114 seconds
[2025-05-27T18:46:12.467+0530] {processor.py:161} INFO - Started process (PID=26701) to work on /Users/zafarimam/Documents/E-Commerce Order Pipeline/airflow_venv_39/lib/python3.9/site-packages/airflow/example_dags/tutorial_taskflow_api_virtualenv.py
[2025-05-27T18:46:12.468+0530] {processor.py:830} INFO - Processing file /Users/zafarimam/Documents/E-Commerce Order Pipeline/airflow_venv_39/lib/python3.9/site-packages/airflow/example_dags/tutorial_taskflow_api_virtualenv.py for tasks to queue
[2025-05-27T18:46:12.469+0530] {logging_mixin.py:188} INFO - [2025-05-27T18:46:12.469+0530] {dagbag.py:538} INFO - Filling up the DagBag from /Users/zafarimam/Documents/E-Commerce Order Pipeline/airflow_venv_39/lib/python3.9/site-packages/airflow/example_dags/tutorial_taskflow_api_virtualenv.py
[2025-05-27T18:46:12.507+0530] {logging_mixin.py:188} INFO - [2025-05-27T18:46:12.507+0530] {tutorial_taskflow_api_virtualenv.py:29} WARNING - The tutorial_taskflow_api_virtualenv example DAG requires virtualenv, please install it.
[2025-05-27T18:46:12.508+0530] {processor.py:842} WARNING - No viable dags retrieved from /Users/zafarimam/Documents/E-Commerce Order Pipeline/airflow_venv_39/lib/python3.9/site-packages/airflow/example_dags/tutorial_taskflow_api_virtualenv.py
[2025-05-27T18:46:12.588+0530] {processor.py:183} INFO - Processing /Users/zafarimam/Documents/E-Commerce Order Pipeline/airflow_venv_39/lib/python3.9/site-packages/airflow/example_dags/tutorial_taskflow_api_virtualenv.py took 0.123 seconds
[2025-05-27T18:48:08.097+0530] {processor.py:161} INFO - Started process (PID=26762) to work on /Users/zafarimam/Documents/E-Commerce Order Pipeline/airflow_venv_39/lib/python3.9/site-packages/airflow/example_dags/tutorial_taskflow_api_virtualenv.py
[2025-05-27T18:48:08.098+0530] {processor.py:830} INFO - Processing file /Users/zafarimam/Documents/E-Commerce Order Pipeline/airflow_venv_39/lib/python3.9/site-packages/airflow/example_dags/tutorial_taskflow_api_virtualenv.py for tasks to queue
[2025-05-27T18:48:08.099+0530] {logging_mixin.py:188} INFO - [2025-05-27T18:48:08.098+0530] {dagbag.py:538} INFO - Filling up the DagBag from /Users/zafarimam/Documents/E-Commerce Order Pipeline/airflow_venv_39/lib/python3.9/site-packages/airflow/example_dags/tutorial_taskflow_api_virtualenv.py
[2025-05-27T18:48:08.131+0530] {logging_mixin.py:188} INFO - [2025-05-27T18:48:08.130+0530] {tutorial_taskflow_api_virtualenv.py:29} WARNING - The tutorial_taskflow_api_virtualenv example DAG requires virtualenv, please install it.
[2025-05-27T18:48:08.131+0530] {processor.py:842} WARNING - No viable dags retrieved from /Users/zafarimam/Documents/E-Commerce Order Pipeline/airflow_venv_39/lib/python3.9/site-packages/airflow/example_dags/tutorial_taskflow_api_virtualenv.py
[2025-05-27T18:48:08.198+0530] {processor.py:183} INFO - Processing /Users/zafarimam/Documents/E-Commerce Order Pipeline/airflow_venv_39/lib/python3.9/site-packages/airflow/example_dags/tutorial_taskflow_api_virtualenv.py took 0.102 seconds
[2025-05-27T18:49:59.655+0530] {processor.py:161} INFO - Started process (PID=26839) to work on /Users/zafarimam/Documents/E-Commerce Order Pipeline/airflow_venv_39/lib/python3.9/site-packages/airflow/example_dags/tutorial_taskflow_api_virtualenv.py
[2025-05-27T18:49:59.656+0530] {processor.py:830} INFO - Processing file /Users/zafarimam/Documents/E-Commerce Order Pipeline/airflow_venv_39/lib/python3.9/site-packages/airflow/example_dags/tutorial_taskflow_api_virtualenv.py for tasks to queue
[2025-05-27T18:49:59.657+0530] {logging_mixin.py:188} INFO - [2025-05-27T18:49:59.657+0530] {dagbag.py:538} INFO - Filling up the DagBag from /Users/zafarimam/Documents/E-Commerce Order Pipeline/airflow_venv_39/lib/python3.9/site-packages/airflow/example_dags/tutorial_taskflow_api_virtualenv.py
[2025-05-27T18:49:59.690+0530] {logging_mixin.py:188} INFO - [2025-05-27T18:49:59.689+0530] {tutorial_taskflow_api_virtualenv.py:29} WARNING - The tutorial_taskflow_api_virtualenv example DAG requires virtualenv, please install it.
[2025-05-27T18:49:59.690+0530] {processor.py:842} WARNING - No viable dags retrieved from /Users/zafarimam/Documents/E-Commerce Order Pipeline/airflow_venv_39/lib/python3.9/site-packages/airflow/example_dags/tutorial_taskflow_api_virtualenv.py
[2025-05-27T18:49:59.758+0530] {processor.py:183} INFO - Processing /Users/zafarimam/Documents/E-Commerce Order Pipeline/airflow_venv_39/lib/python3.9/site-packages/airflow/example_dags/tutorial_taskflow_api_virtualenv.py took 0.104 seconds
[2025-05-27T18:51:55.755+0530] {processor.py:161} INFO - Started process (PID=26926) to work on /Users/zafarimam/Documents/E-Commerce Order Pipeline/airflow_venv_39/lib/python3.9/site-packages/airflow/example_dags/tutorial_taskflow_api_virtualenv.py
[2025-05-27T18:51:55.756+0530] {processor.py:830} INFO - Processing file /Users/zafarimam/Documents/E-Commerce Order Pipeline/airflow_venv_39/lib/python3.9/site-packages/airflow/example_dags/tutorial_taskflow_api_virtualenv.py for tasks to queue
[2025-05-27T18:51:55.757+0530] {logging_mixin.py:188} INFO - [2025-05-27T18:51:55.757+0530] {dagbag.py:538} INFO - Filling up the DagBag from /Users/zafarimam/Documents/E-Commerce Order Pipeline/airflow_venv_39/lib/python3.9/site-packages/airflow/example_dags/tutorial_taskflow_api_virtualenv.py
[2025-05-27T18:51:55.791+0530] {logging_mixin.py:188} INFO - [2025-05-27T18:51:55.791+0530] {tutorial_taskflow_api_virtualenv.py:29} WARNING - The tutorial_taskflow_api_virtualenv example DAG requires virtualenv, please install it.
[2025-05-27T18:51:55.792+0530] {processor.py:842} WARNING - No viable dags retrieved from /Users/zafarimam/Documents/E-Commerce Order Pipeline/airflow_venv_39/lib/python3.9/site-packages/airflow/example_dags/tutorial_taskflow_api_virtualenv.py
[2025-05-27T18:51:55.865+0530] {processor.py:183} INFO - Processing /Users/zafarimam/Documents/E-Commerce Order Pipeline/airflow_venv_39/lib/python3.9/site-packages/airflow/example_dags/tutorial_taskflow_api_virtualenv.py took 0.111 seconds
[2025-05-27T18:53:55.241+0530] {processor.py:161} INFO - Started process (PID=26987) to work on /Users/zafarimam/Documents/E-Commerce Order Pipeline/airflow_venv_39/lib/python3.9/site-packages/airflow/example_dags/tutorial_taskflow_api_virtualenv.py
[2025-05-27T18:53:55.242+0530] {processor.py:830} INFO - Processing file /Users/zafarimam/Documents/E-Commerce Order Pipeline/airflow_venv_39/lib/python3.9/site-packages/airflow/example_dags/tutorial_taskflow_api_virtualenv.py for tasks to queue
[2025-05-27T18:53:55.243+0530] {logging_mixin.py:188} INFO - [2025-05-27T18:53:55.242+0530] {dagbag.py:538} INFO - Filling up the DagBag from /Users/zafarimam/Documents/E-Commerce Order Pipeline/airflow_venv_39/lib/python3.9/site-packages/airflow/example_dags/tutorial_taskflow_api_virtualenv.py
[2025-05-27T18:53:55.277+0530] {logging_mixin.py:188} INFO - [2025-05-27T18:53:55.277+0530] {tutorial_taskflow_api_virtualenv.py:29} WARNING - The tutorial_taskflow_api_virtualenv example DAG requires virtualenv, please install it.
[2025-05-27T18:53:55.277+0530] {processor.py:842} WARNING - No viable dags retrieved from /Users/zafarimam/Documents/E-Commerce Order Pipeline/airflow_venv_39/lib/python3.9/site-packages/airflow/example_dags/tutorial_taskflow_api_virtualenv.py
[2025-05-27T18:53:55.352+0530] {processor.py:183} INFO - Processing /Users/zafarimam/Documents/E-Commerce Order Pipeline/airflow_venv_39/lib/python3.9/site-packages/airflow/example_dags/tutorial_taskflow_api_virtualenv.py took 0.113 seconds
[2025-05-27T18:56:01.027+0530] {processor.py:161} INFO - Started process (PID=27056) to work on /Users/zafarimam/Documents/E-Commerce Order Pipeline/airflow_venv_39/lib/python3.9/site-packages/airflow/example_dags/tutorial_taskflow_api_virtualenv.py
[2025-05-27T18:56:01.029+0530] {processor.py:830} INFO - Processing file /Users/zafarimam/Documents/E-Commerce Order Pipeline/airflow_venv_39/lib/python3.9/site-packages/airflow/example_dags/tutorial_taskflow_api_virtualenv.py for tasks to queue
[2025-05-27T18:56:01.030+0530] {logging_mixin.py:188} INFO - [2025-05-27T18:56:01.030+0530] {dagbag.py:538} INFO - Filling up the DagBag from /Users/zafarimam/Documents/E-Commerce Order Pipeline/airflow_venv_39/lib/python3.9/site-packages/airflow/example_dags/tutorial_taskflow_api_virtualenv.py
[2025-05-27T18:56:01.065+0530] {logging_mixin.py:188} INFO - [2025-05-27T18:56:01.065+0530] {tutorial_taskflow_api_virtualenv.py:29} WARNING - The tutorial_taskflow_api_virtualenv example DAG requires virtualenv, please install it.
[2025-05-27T18:56:01.066+0530] {processor.py:842} WARNING - No viable dags retrieved from /Users/zafarimam/Documents/E-Commerce Order Pipeline/airflow_venv_39/lib/python3.9/site-packages/airflow/example_dags/tutorial_taskflow_api_virtualenv.py
[2025-05-27T18:56:01.142+0530] {processor.py:183} INFO - Processing /Users/zafarimam/Documents/E-Commerce Order Pipeline/airflow_venv_39/lib/python3.9/site-packages/airflow/example_dags/tutorial_taskflow_api_virtualenv.py took 0.116 seconds
[2025-05-27T18:58:02.440+0530] {processor.py:161} INFO - Started process (PID=27148) to work on /Users/zafarimam/Documents/E-Commerce Order Pipeline/airflow_venv_39/lib/python3.9/site-packages/airflow/example_dags/tutorial_taskflow_api_virtualenv.py
[2025-05-27T18:58:02.442+0530] {processor.py:830} INFO - Processing file /Users/zafarimam/Documents/E-Commerce Order Pipeline/airflow_venv_39/lib/python3.9/site-packages/airflow/example_dags/tutorial_taskflow_api_virtualenv.py for tasks to queue
[2025-05-27T18:58:02.443+0530] {logging_mixin.py:188} INFO - [2025-05-27T18:58:02.442+0530] {dagbag.py:538} INFO - Filling up the DagBag from /Users/zafarimam/Documents/E-Commerce Order Pipeline/airflow_venv_39/lib/python3.9/site-packages/airflow/example_dags/tutorial_taskflow_api_virtualenv.py
[2025-05-27T18:58:02.480+0530] {logging_mixin.py:188} INFO - [2025-05-27T18:58:02.480+0530] {tutorial_taskflow_api_virtualenv.py:29} WARNING - The tutorial_taskflow_api_virtualenv example DAG requires virtualenv, please install it.
[2025-05-27T18:58:02.480+0530] {processor.py:842} WARNING - No viable dags retrieved from /Users/zafarimam/Documents/E-Commerce Order Pipeline/airflow_venv_39/lib/python3.9/site-packages/airflow/example_dags/tutorial_taskflow_api_virtualenv.py
[2025-05-27T18:58:02.558+0530] {processor.py:183} INFO - Processing /Users/zafarimam/Documents/E-Commerce Order Pipeline/airflow_venv_39/lib/python3.9/site-packages/airflow/example_dags/tutorial_taskflow_api_virtualenv.py took 0.120 seconds
[2025-05-27T19:00:02.336+0530] {processor.py:161} INFO - Started process (PID=27211) to work on /Users/zafarimam/Documents/E-Commerce Order Pipeline/airflow_venv_39/lib/python3.9/site-packages/airflow/example_dags/tutorial_taskflow_api_virtualenv.py
[2025-05-27T19:00:02.338+0530] {processor.py:830} INFO - Processing file /Users/zafarimam/Documents/E-Commerce Order Pipeline/airflow_venv_39/lib/python3.9/site-packages/airflow/example_dags/tutorial_taskflow_api_virtualenv.py for tasks to queue
[2025-05-27T19:00:02.339+0530] {logging_mixin.py:188} INFO - [2025-05-27T19:00:02.339+0530] {dagbag.py:538} INFO - Filling up the DagBag from /Users/zafarimam/Documents/E-Commerce Order Pipeline/airflow_venv_39/lib/python3.9/site-packages/airflow/example_dags/tutorial_taskflow_api_virtualenv.py
[2025-05-27T19:00:02.375+0530] {logging_mixin.py:188} INFO - [2025-05-27T19:00:02.374+0530] {tutorial_taskflow_api_virtualenv.py:29} WARNING - The tutorial_taskflow_api_virtualenv example DAG requires virtualenv, please install it.
[2025-05-27T19:00:02.375+0530] {processor.py:842} WARNING - No viable dags retrieved from /Users/zafarimam/Documents/E-Commerce Order Pipeline/airflow_venv_39/lib/python3.9/site-packages/airflow/example_dags/tutorial_taskflow_api_virtualenv.py
[2025-05-27T19:00:02.492+0530] {processor.py:183} INFO - Processing /Users/zafarimam/Documents/E-Commerce Order Pipeline/airflow_venv_39/lib/python3.9/site-packages/airflow/example_dags/tutorial_taskflow_api_virtualenv.py took 0.157 seconds
[2025-05-27T19:02:12.796+0530] {processor.py:161} INFO - Started process (PID=27317) to work on /Users/zafarimam/Documents/E-Commerce Order Pipeline/airflow_venv_39/lib/python3.9/site-packages/airflow/example_dags/tutorial_taskflow_api_virtualenv.py
[2025-05-27T19:02:12.798+0530] {processor.py:830} INFO - Processing file /Users/zafarimam/Documents/E-Commerce Order Pipeline/airflow_venv_39/lib/python3.9/site-packages/airflow/example_dags/tutorial_taskflow_api_virtualenv.py for tasks to queue
[2025-05-27T19:02:12.798+0530] {logging_mixin.py:188} INFO - [2025-05-27T19:02:12.798+0530] {dagbag.py:538} INFO - Filling up the DagBag from /Users/zafarimam/Documents/E-Commerce Order Pipeline/airflow_venv_39/lib/python3.9/site-packages/airflow/example_dags/tutorial_taskflow_api_virtualenv.py
[2025-05-27T19:02:12.830+0530] {logging_mixin.py:188} INFO - [2025-05-27T19:02:12.830+0530] {tutorial_taskflow_api_virtualenv.py:29} WARNING - The tutorial_taskflow_api_virtualenv example DAG requires virtualenv, please install it.
[2025-05-27T19:02:12.830+0530] {processor.py:842} WARNING - No viable dags retrieved from /Users/zafarimam/Documents/E-Commerce Order Pipeline/airflow_venv_39/lib/python3.9/site-packages/airflow/example_dags/tutorial_taskflow_api_virtualenv.py
[2025-05-27T19:02:12.898+0530] {processor.py:183} INFO - Processing /Users/zafarimam/Documents/E-Commerce Order Pipeline/airflow_venv_39/lib/python3.9/site-packages/airflow/example_dags/tutorial_taskflow_api_virtualenv.py took 0.103 seconds
[2025-05-27T19:04:06.401+0530] {processor.py:161} INFO - Started process (PID=27384) to work on /Users/zafarimam/Documents/E-Commerce Order Pipeline/airflow_venv_39/lib/python3.9/site-packages/airflow/example_dags/tutorial_taskflow_api_virtualenv.py
[2025-05-27T19:04:06.403+0530] {processor.py:830} INFO - Processing file /Users/zafarimam/Documents/E-Commerce Order Pipeline/airflow_venv_39/lib/python3.9/site-packages/airflow/example_dags/tutorial_taskflow_api_virtualenv.py for tasks to queue
[2025-05-27T19:04:06.403+0530] {logging_mixin.py:188} INFO - [2025-05-27T19:04:06.403+0530] {dagbag.py:538} INFO - Filling up the DagBag from /Users/zafarimam/Documents/E-Commerce Order Pipeline/airflow_venv_39/lib/python3.9/site-packages/airflow/example_dags/tutorial_taskflow_api_virtualenv.py
[2025-05-27T19:04:06.439+0530] {logging_mixin.py:188} INFO - [2025-05-27T19:04:06.438+0530] {tutorial_taskflow_api_virtualenv.py:29} WARNING - The tutorial_taskflow_api_virtualenv example DAG requires virtualenv, please install it.
[2025-05-27T19:04:06.439+0530] {processor.py:842} WARNING - No viable dags retrieved from /Users/zafarimam/Documents/E-Commerce Order Pipeline/airflow_venv_39/lib/python3.9/site-packages/airflow/example_dags/tutorial_taskflow_api_virtualenv.py
[2025-05-27T19:04:06.506+0530] {processor.py:183} INFO - Processing /Users/zafarimam/Documents/E-Commerce Order Pipeline/airflow_venv_39/lib/python3.9/site-packages/airflow/example_dags/tutorial_taskflow_api_virtualenv.py took 0.106 seconds
[2025-05-27T19:06:14.245+0530] {processor.py:161} INFO - Started process (PID=27440) to work on /Users/zafarimam/Documents/E-Commerce Order Pipeline/airflow_venv_39/lib/python3.9/site-packages/airflow/example_dags/tutorial_taskflow_api_virtualenv.py
[2025-05-27T19:06:14.247+0530] {processor.py:830} INFO - Processing file /Users/zafarimam/Documents/E-Commerce Order Pipeline/airflow_venv_39/lib/python3.9/site-packages/airflow/example_dags/tutorial_taskflow_api_virtualenv.py for tasks to queue
[2025-05-27T19:06:14.247+0530] {logging_mixin.py:188} INFO - [2025-05-27T19:06:14.247+0530] {dagbag.py:538} INFO - Filling up the DagBag from /Users/zafarimam/Documents/E-Commerce Order Pipeline/airflow_venv_39/lib/python3.9/site-packages/airflow/example_dags/tutorial_taskflow_api_virtualenv.py
[2025-05-27T19:06:14.285+0530] {logging_mixin.py:188} INFO - [2025-05-27T19:06:14.285+0530] {tutorial_taskflow_api_virtualenv.py:29} WARNING - The tutorial_taskflow_api_virtualenv example DAG requires virtualenv, please install it.
[2025-05-27T19:06:14.285+0530] {processor.py:842} WARNING - No viable dags retrieved from /Users/zafarimam/Documents/E-Commerce Order Pipeline/airflow_venv_39/lib/python3.9/site-packages/airflow/example_dags/tutorial_taskflow_api_virtualenv.py
[2025-05-27T19:06:14.363+0530] {processor.py:183} INFO - Processing /Users/zafarimam/Documents/E-Commerce Order Pipeline/airflow_venv_39/lib/python3.9/site-packages/airflow/example_dags/tutorial_taskflow_api_virtualenv.py took 0.119 seconds
[2025-05-27T19:08:25.063+0530] {processor.py:161} INFO - Started process (PID=27528) to work on /Users/zafarimam/Documents/E-Commerce Order Pipeline/airflow_venv_39/lib/python3.9/site-packages/airflow/example_dags/tutorial_taskflow_api_virtualenv.py
[2025-05-27T19:08:25.064+0530] {processor.py:830} INFO - Processing file /Users/zafarimam/Documents/E-Commerce Order Pipeline/airflow_venv_39/lib/python3.9/site-packages/airflow/example_dags/tutorial_taskflow_api_virtualenv.py for tasks to queue
[2025-05-27T19:08:25.065+0530] {logging_mixin.py:188} INFO - [2025-05-27T19:08:25.065+0530] {dagbag.py:538} INFO - Filling up the DagBag from /Users/zafarimam/Documents/E-Commerce Order Pipeline/airflow_venv_39/lib/python3.9/site-packages/airflow/example_dags/tutorial_taskflow_api_virtualenv.py
[2025-05-27T19:08:25.093+0530] {logging_mixin.py:188} INFO - [2025-05-27T19:08:25.093+0530] {tutorial_taskflow_api_virtualenv.py:29} WARNING - The tutorial_taskflow_api_virtualenv example DAG requires virtualenv, please install it.
[2025-05-27T19:08:25.094+0530] {processor.py:842} WARNING - No viable dags retrieved from /Users/zafarimam/Documents/E-Commerce Order Pipeline/airflow_venv_39/lib/python3.9/site-packages/airflow/example_dags/tutorial_taskflow_api_virtualenv.py
[2025-05-27T19:08:25.155+0530] {processor.py:183} INFO - Processing /Users/zafarimam/Documents/E-Commerce Order Pipeline/airflow_venv_39/lib/python3.9/site-packages/airflow/example_dags/tutorial_taskflow_api_virtualenv.py took 0.093 seconds
[2025-05-27T19:10:06.275+0530] {processor.py:161} INFO - Started process (PID=27588) to work on /Users/zafarimam/Documents/E-Commerce Order Pipeline/airflow_venv_39/lib/python3.9/site-packages/airflow/example_dags/tutorial_taskflow_api_virtualenv.py
[2025-05-27T19:10:06.276+0530] {processor.py:830} INFO - Processing file /Users/zafarimam/Documents/E-Commerce Order Pipeline/airflow_venv_39/lib/python3.9/site-packages/airflow/example_dags/tutorial_taskflow_api_virtualenv.py for tasks to queue
[2025-05-27T19:10:06.276+0530] {logging_mixin.py:188} INFO - [2025-05-27T19:10:06.276+0530] {dagbag.py:538} INFO - Filling up the DagBag from /Users/zafarimam/Documents/E-Commerce Order Pipeline/airflow_venv_39/lib/python3.9/site-packages/airflow/example_dags/tutorial_taskflow_api_virtualenv.py
[2025-05-27T19:10:06.305+0530] {logging_mixin.py:188} INFO - [2025-05-27T19:10:06.305+0530] {tutorial_taskflow_api_virtualenv.py:29} WARNING - The tutorial_taskflow_api_virtualenv example DAG requires virtualenv, please install it.
[2025-05-27T19:10:06.305+0530] {processor.py:842} WARNING - No viable dags retrieved from /Users/zafarimam/Documents/E-Commerce Order Pipeline/airflow_venv_39/lib/python3.9/site-packages/airflow/example_dags/tutorial_taskflow_api_virtualenv.py
[2025-05-27T19:10:06.367+0530] {processor.py:183} INFO - Processing /Users/zafarimam/Documents/E-Commerce Order Pipeline/airflow_venv_39/lib/python3.9/site-packages/airflow/example_dags/tutorial_taskflow_api_virtualenv.py took 0.093 seconds
[2025-05-27T19:11:47.554+0530] {processor.py:161} INFO - Started process (PID=27644) to work on /Users/zafarimam/Documents/E-Commerce Order Pipeline/airflow_venv_39/lib/python3.9/site-packages/airflow/example_dags/tutorial_taskflow_api_virtualenv.py
[2025-05-27T19:11:47.555+0530] {processor.py:830} INFO - Processing file /Users/zafarimam/Documents/E-Commerce Order Pipeline/airflow_venv_39/lib/python3.9/site-packages/airflow/example_dags/tutorial_taskflow_api_virtualenv.py for tasks to queue
[2025-05-27T19:11:47.556+0530] {logging_mixin.py:188} INFO - [2025-05-27T19:11:47.555+0530] {dagbag.py:538} INFO - Filling up the DagBag from /Users/zafarimam/Documents/E-Commerce Order Pipeline/airflow_venv_39/lib/python3.9/site-packages/airflow/example_dags/tutorial_taskflow_api_virtualenv.py
[2025-05-27T19:11:47.585+0530] {logging_mixin.py:188} INFO - [2025-05-27T19:11:47.585+0530] {tutorial_taskflow_api_virtualenv.py:29} WARNING - The tutorial_taskflow_api_virtualenv example DAG requires virtualenv, please install it.
[2025-05-27T19:11:47.585+0530] {processor.py:842} WARNING - No viable dags retrieved from /Users/zafarimam/Documents/E-Commerce Order Pipeline/airflow_venv_39/lib/python3.9/site-packages/airflow/example_dags/tutorial_taskflow_api_virtualenv.py
[2025-05-27T19:11:47.648+0530] {processor.py:183} INFO - Processing /Users/zafarimam/Documents/E-Commerce Order Pipeline/airflow_venv_39/lib/python3.9/site-packages/airflow/example_dags/tutorial_taskflow_api_virtualenv.py took 0.095 seconds
[2025-05-27T19:13:28.439+0530] {processor.py:161} INFO - Started process (PID=27694) to work on /Users/zafarimam/Documents/E-Commerce Order Pipeline/airflow_venv_39/lib/python3.9/site-packages/airflow/example_dags/tutorial_taskflow_api_virtualenv.py
[2025-05-27T19:13:28.440+0530] {processor.py:830} INFO - Processing file /Users/zafarimam/Documents/E-Commerce Order Pipeline/airflow_venv_39/lib/python3.9/site-packages/airflow/example_dags/tutorial_taskflow_api_virtualenv.py for tasks to queue
[2025-05-27T19:13:28.441+0530] {logging_mixin.py:188} INFO - [2025-05-27T19:13:28.441+0530] {dagbag.py:538} INFO - Filling up the DagBag from /Users/zafarimam/Documents/E-Commerce Order Pipeline/airflow_venv_39/lib/python3.9/site-packages/airflow/example_dags/tutorial_taskflow_api_virtualenv.py
[2025-05-27T19:13:28.470+0530] {logging_mixin.py:188} INFO - [2025-05-27T19:13:28.470+0530] {tutorial_taskflow_api_virtualenv.py:29} WARNING - The tutorial_taskflow_api_virtualenv example DAG requires virtualenv, please install it.
[2025-05-27T19:13:28.470+0530] {processor.py:842} WARNING - No viable dags retrieved from /Users/zafarimam/Documents/E-Commerce Order Pipeline/airflow_venv_39/lib/python3.9/site-packages/airflow/example_dags/tutorial_taskflow_api_virtualenv.py
[2025-05-27T19:13:28.534+0530] {processor.py:183} INFO - Processing /Users/zafarimam/Documents/E-Commerce Order Pipeline/airflow_venv_39/lib/python3.9/site-packages/airflow/example_dags/tutorial_taskflow_api_virtualenv.py took 0.096 seconds
[2025-05-27T19:15:07.946+0530] {processor.py:161} INFO - Started process (PID=27745) to work on /Users/zafarimam/Documents/E-Commerce Order Pipeline/airflow_venv_39/lib/python3.9/site-packages/airflow/example_dags/tutorial_taskflow_api_virtualenv.py
[2025-05-27T19:15:07.947+0530] {processor.py:830} INFO - Processing file /Users/zafarimam/Documents/E-Commerce Order Pipeline/airflow_venv_39/lib/python3.9/site-packages/airflow/example_dags/tutorial_taskflow_api_virtualenv.py for tasks to queue
[2025-05-27T19:15:07.947+0530] {logging_mixin.py:188} INFO - [2025-05-27T19:15:07.947+0530] {dagbag.py:538} INFO - Filling up the DagBag from /Users/zafarimam/Documents/E-Commerce Order Pipeline/airflow_venv_39/lib/python3.9/site-packages/airflow/example_dags/tutorial_taskflow_api_virtualenv.py
[2025-05-27T19:15:07.978+0530] {logging_mixin.py:188} INFO - [2025-05-27T19:15:07.978+0530] {tutorial_taskflow_api_virtualenv.py:29} WARNING - The tutorial_taskflow_api_virtualenv example DAG requires virtualenv, please install it.
[2025-05-27T19:15:07.978+0530] {processor.py:842} WARNING - No viable dags retrieved from /Users/zafarimam/Documents/E-Commerce Order Pipeline/airflow_venv_39/lib/python3.9/site-packages/airflow/example_dags/tutorial_taskflow_api_virtualenv.py
[2025-05-27T19:15:08.040+0530] {processor.py:183} INFO - Processing /Users/zafarimam/Documents/E-Commerce Order Pipeline/airflow_venv_39/lib/python3.9/site-packages/airflow/example_dags/tutorial_taskflow_api_virtualenv.py took 0.095 seconds
[2025-05-27T19:16:48.857+0530] {processor.py:161} INFO - Started process (PID=27802) to work on /Users/zafarimam/Documents/E-Commerce Order Pipeline/airflow_venv_39/lib/python3.9/site-packages/airflow/example_dags/tutorial_taskflow_api_virtualenv.py
[2025-05-27T19:16:48.858+0530] {processor.py:830} INFO - Processing file /Users/zafarimam/Documents/E-Commerce Order Pipeline/airflow_venv_39/lib/python3.9/site-packages/airflow/example_dags/tutorial_taskflow_api_virtualenv.py for tasks to queue
[2025-05-27T19:16:48.859+0530] {logging_mixin.py:188} INFO - [2025-05-27T19:16:48.859+0530] {dagbag.py:538} INFO - Filling up the DagBag from /Users/zafarimam/Documents/E-Commerce Order Pipeline/airflow_venv_39/lib/python3.9/site-packages/airflow/example_dags/tutorial_taskflow_api_virtualenv.py
[2025-05-27T19:16:48.887+0530] {logging_mixin.py:188} INFO - [2025-05-27T19:16:48.887+0530] {tutorial_taskflow_api_virtualenv.py:29} WARNING - The tutorial_taskflow_api_virtualenv example DAG requires virtualenv, please install it.
[2025-05-27T19:16:48.887+0530] {processor.py:842} WARNING - No viable dags retrieved from /Users/zafarimam/Documents/E-Commerce Order Pipeline/airflow_venv_39/lib/python3.9/site-packages/airflow/example_dags/tutorial_taskflow_api_virtualenv.py
[2025-05-27T19:16:48.950+0530] {processor.py:183} INFO - Processing /Users/zafarimam/Documents/E-Commerce Order Pipeline/airflow_venv_39/lib/python3.9/site-packages/airflow/example_dags/tutorial_taskflow_api_virtualenv.py took 0.094 seconds
[2025-05-27T19:18:29.813+0530] {processor.py:161} INFO - Started process (PID=27854) to work on /Users/zafarimam/Documents/E-Commerce Order Pipeline/airflow_venv_39/lib/python3.9/site-packages/airflow/example_dags/tutorial_taskflow_api_virtualenv.py
[2025-05-27T19:18:29.814+0530] {processor.py:830} INFO - Processing file /Users/zafarimam/Documents/E-Commerce Order Pipeline/airflow_venv_39/lib/python3.9/site-packages/airflow/example_dags/tutorial_taskflow_api_virtualenv.py for tasks to queue
[2025-05-27T19:18:29.815+0530] {logging_mixin.py:188} INFO - [2025-05-27T19:18:29.815+0530] {dagbag.py:538} INFO - Filling up the DagBag from /Users/zafarimam/Documents/E-Commerce Order Pipeline/airflow_venv_39/lib/python3.9/site-packages/airflow/example_dags/tutorial_taskflow_api_virtualenv.py
[2025-05-27T19:18:29.845+0530] {logging_mixin.py:188} INFO - [2025-05-27T19:18:29.845+0530] {tutorial_taskflow_api_virtualenv.py:29} WARNING - The tutorial_taskflow_api_virtualenv example DAG requires virtualenv, please install it.
[2025-05-27T19:18:29.845+0530] {processor.py:842} WARNING - No viable dags retrieved from /Users/zafarimam/Documents/E-Commerce Order Pipeline/airflow_venv_39/lib/python3.9/site-packages/airflow/example_dags/tutorial_taskflow_api_virtualenv.py
[2025-05-27T19:18:29.907+0530] {processor.py:183} INFO - Processing /Users/zafarimam/Documents/E-Commerce Order Pipeline/airflow_venv_39/lib/python3.9/site-packages/airflow/example_dags/tutorial_taskflow_api_virtualenv.py took 0.095 seconds
[2025-05-27T19:20:10.326+0530] {processor.py:161} INFO - Started process (PID=27940) to work on /Users/zafarimam/Documents/E-Commerce Order Pipeline/airflow_venv_39/lib/python3.9/site-packages/airflow/example_dags/tutorial_taskflow_api_virtualenv.py
[2025-05-27T19:20:10.327+0530] {processor.py:830} INFO - Processing file /Users/zafarimam/Documents/E-Commerce Order Pipeline/airflow_venv_39/lib/python3.9/site-packages/airflow/example_dags/tutorial_taskflow_api_virtualenv.py for tasks to queue
[2025-05-27T19:20:10.328+0530] {logging_mixin.py:188} INFO - [2025-05-27T19:20:10.328+0530] {dagbag.py:538} INFO - Filling up the DagBag from /Users/zafarimam/Documents/E-Commerce Order Pipeline/airflow_venv_39/lib/python3.9/site-packages/airflow/example_dags/tutorial_taskflow_api_virtualenv.py
[2025-05-27T19:20:10.357+0530] {logging_mixin.py:188} INFO - [2025-05-27T19:20:10.357+0530] {tutorial_taskflow_api_virtualenv.py:29} WARNING - The tutorial_taskflow_api_virtualenv example DAG requires virtualenv, please install it.
[2025-05-27T19:20:10.357+0530] {processor.py:842} WARNING - No viable dags retrieved from /Users/zafarimam/Documents/E-Commerce Order Pipeline/airflow_venv_39/lib/python3.9/site-packages/airflow/example_dags/tutorial_taskflow_api_virtualenv.py
[2025-05-27T19:20:10.420+0530] {processor.py:183} INFO - Processing /Users/zafarimam/Documents/E-Commerce Order Pipeline/airflow_venv_39/lib/python3.9/site-packages/airflow/example_dags/tutorial_taskflow_api_virtualenv.py took 0.095 seconds
[2025-05-27T19:21:49.133+0530] {processor.py:161} INFO - Started process (PID=27996) to work on /Users/zafarimam/Documents/E-Commerce Order Pipeline/airflow_venv_39/lib/python3.9/site-packages/airflow/example_dags/tutorial_taskflow_api_virtualenv.py
[2025-05-27T19:21:49.134+0530] {processor.py:830} INFO - Processing file /Users/zafarimam/Documents/E-Commerce Order Pipeline/airflow_venv_39/lib/python3.9/site-packages/airflow/example_dags/tutorial_taskflow_api_virtualenv.py for tasks to queue
[2025-05-27T19:21:49.135+0530] {logging_mixin.py:188} INFO - [2025-05-27T19:21:49.134+0530] {dagbag.py:538} INFO - Filling up the DagBag from /Users/zafarimam/Documents/E-Commerce Order Pipeline/airflow_venv_39/lib/python3.9/site-packages/airflow/example_dags/tutorial_taskflow_api_virtualenv.py
[2025-05-27T19:21:49.164+0530] {logging_mixin.py:188} INFO - [2025-05-27T19:21:49.163+0530] {tutorial_taskflow_api_virtualenv.py:29} WARNING - The tutorial_taskflow_api_virtualenv example DAG requires virtualenv, please install it.
[2025-05-27T19:21:49.164+0530] {processor.py:842} WARNING - No viable dags retrieved from /Users/zafarimam/Documents/E-Commerce Order Pipeline/airflow_venv_39/lib/python3.9/site-packages/airflow/example_dags/tutorial_taskflow_api_virtualenv.py
[2025-05-27T19:21:49.227+0530] {processor.py:183} INFO - Processing /Users/zafarimam/Documents/E-Commerce Order Pipeline/airflow_venv_39/lib/python3.9/site-packages/airflow/example_dags/tutorial_taskflow_api_virtualenv.py took 0.095 seconds
[2025-05-27T19:23:30.458+0530] {processor.py:161} INFO - Started process (PID=28056) to work on /Users/zafarimam/Documents/E-Commerce Order Pipeline/airflow_venv_39/lib/python3.9/site-packages/airflow/example_dags/tutorial_taskflow_api_virtualenv.py
[2025-05-27T19:23:30.459+0530] {processor.py:830} INFO - Processing file /Users/zafarimam/Documents/E-Commerce Order Pipeline/airflow_venv_39/lib/python3.9/site-packages/airflow/example_dags/tutorial_taskflow_api_virtualenv.py for tasks to queue
[2025-05-27T19:23:30.460+0530] {logging_mixin.py:188} INFO - [2025-05-27T19:23:30.459+0530] {dagbag.py:538} INFO - Filling up the DagBag from /Users/zafarimam/Documents/E-Commerce Order Pipeline/airflow_venv_39/lib/python3.9/site-packages/airflow/example_dags/tutorial_taskflow_api_virtualenv.py
[2025-05-27T19:23:30.489+0530] {logging_mixin.py:188} INFO - [2025-05-27T19:23:30.488+0530] {tutorial_taskflow_api_virtualenv.py:29} WARNING - The tutorial_taskflow_api_virtualenv example DAG requires virtualenv, please install it.
[2025-05-27T19:23:30.489+0530] {processor.py:842} WARNING - No viable dags retrieved from /Users/zafarimam/Documents/E-Commerce Order Pipeline/airflow_venv_39/lib/python3.9/site-packages/airflow/example_dags/tutorial_taskflow_api_virtualenv.py
[2025-05-27T19:23:30.552+0530] {processor.py:183} INFO - Processing /Users/zafarimam/Documents/E-Commerce Order Pipeline/airflow_venv_39/lib/python3.9/site-packages/airflow/example_dags/tutorial_taskflow_api_virtualenv.py took 0.095 seconds
[2025-05-27T19:25:10.860+0530] {processor.py:161} INFO - Started process (PID=28110) to work on /Users/zafarimam/Documents/E-Commerce Order Pipeline/airflow_venv_39/lib/python3.9/site-packages/airflow/example_dags/tutorial_taskflow_api_virtualenv.py
[2025-05-27T19:25:10.861+0530] {processor.py:830} INFO - Processing file /Users/zafarimam/Documents/E-Commerce Order Pipeline/airflow_venv_39/lib/python3.9/site-packages/airflow/example_dags/tutorial_taskflow_api_virtualenv.py for tasks to queue
[2025-05-27T19:25:10.861+0530] {logging_mixin.py:188} INFO - [2025-05-27T19:25:10.861+0530] {dagbag.py:538} INFO - Filling up the DagBag from /Users/zafarimam/Documents/E-Commerce Order Pipeline/airflow_venv_39/lib/python3.9/site-packages/airflow/example_dags/tutorial_taskflow_api_virtualenv.py
[2025-05-27T19:25:10.891+0530] {logging_mixin.py:188} INFO - [2025-05-27T19:25:10.891+0530] {tutorial_taskflow_api_virtualenv.py:29} WARNING - The tutorial_taskflow_api_virtualenv example DAG requires virtualenv, please install it.
[2025-05-27T19:25:10.891+0530] {processor.py:842} WARNING - No viable dags retrieved from /Users/zafarimam/Documents/E-Commerce Order Pipeline/airflow_venv_39/lib/python3.9/site-packages/airflow/example_dags/tutorial_taskflow_api_virtualenv.py
[2025-05-27T19:25:10.954+0530] {processor.py:183} INFO - Processing /Users/zafarimam/Documents/E-Commerce Order Pipeline/airflow_venv_39/lib/python3.9/site-packages/airflow/example_dags/tutorial_taskflow_api_virtualenv.py took 0.095 seconds
[2025-05-27T19:26:51.442+0530] {processor.py:161} INFO - Started process (PID=28164) to work on /Users/zafarimam/Documents/E-Commerce Order Pipeline/airflow_venv_39/lib/python3.9/site-packages/airflow/example_dags/tutorial_taskflow_api_virtualenv.py
[2025-05-27T19:26:51.443+0530] {processor.py:830} INFO - Processing file /Users/zafarimam/Documents/E-Commerce Order Pipeline/airflow_venv_39/lib/python3.9/site-packages/airflow/example_dags/tutorial_taskflow_api_virtualenv.py for tasks to queue
[2025-05-27T19:26:51.443+0530] {logging_mixin.py:188} INFO - [2025-05-27T19:26:51.443+0530] {dagbag.py:538} INFO - Filling up the DagBag from /Users/zafarimam/Documents/E-Commerce Order Pipeline/airflow_venv_39/lib/python3.9/site-packages/airflow/example_dags/tutorial_taskflow_api_virtualenv.py
[2025-05-27T19:26:51.472+0530] {logging_mixin.py:188} INFO - [2025-05-27T19:26:51.472+0530] {tutorial_taskflow_api_virtualenv.py:29} WARNING - The tutorial_taskflow_api_virtualenv example DAG requires virtualenv, please install it.
[2025-05-27T19:26:51.472+0530] {processor.py:842} WARNING - No viable dags retrieved from /Users/zafarimam/Documents/E-Commerce Order Pipeline/airflow_venv_39/lib/python3.9/site-packages/airflow/example_dags/tutorial_taskflow_api_virtualenv.py
[2025-05-27T19:26:51.535+0530] {processor.py:183} INFO - Processing /Users/zafarimam/Documents/E-Commerce Order Pipeline/airflow_venv_39/lib/python3.9/site-packages/airflow/example_dags/tutorial_taskflow_api_virtualenv.py took 0.094 seconds
[2025-05-27T19:28:31.009+0530] {processor.py:161} INFO - Started process (PID=28217) to work on /Users/zafarimam/Documents/E-Commerce Order Pipeline/airflow_venv_39/lib/python3.9/site-packages/airflow/example_dags/tutorial_taskflow_api_virtualenv.py
[2025-05-27T19:28:31.010+0530] {processor.py:830} INFO - Processing file /Users/zafarimam/Documents/E-Commerce Order Pipeline/airflow_venv_39/lib/python3.9/site-packages/airflow/example_dags/tutorial_taskflow_api_virtualenv.py for tasks to queue
[2025-05-27T19:28:31.011+0530] {logging_mixin.py:188} INFO - [2025-05-27T19:28:31.011+0530] {dagbag.py:538} INFO - Filling up the DagBag from /Users/zafarimam/Documents/E-Commerce Order Pipeline/airflow_venv_39/lib/python3.9/site-packages/airflow/example_dags/tutorial_taskflow_api_virtualenv.py
[2025-05-27T19:28:31.039+0530] {logging_mixin.py:188} INFO - [2025-05-27T19:28:31.039+0530] {tutorial_taskflow_api_virtualenv.py:29} WARNING - The tutorial_taskflow_api_virtualenv example DAG requires virtualenv, please install it.
[2025-05-27T19:28:31.040+0530] {processor.py:842} WARNING - No viable dags retrieved from /Users/zafarimam/Documents/E-Commerce Order Pipeline/airflow_venv_39/lib/python3.9/site-packages/airflow/example_dags/tutorial_taskflow_api_virtualenv.py
[2025-05-27T19:28:31.102+0530] {processor.py:183} INFO - Processing /Users/zafarimam/Documents/E-Commerce Order Pipeline/airflow_venv_39/lib/python3.9/site-packages/airflow/example_dags/tutorial_taskflow_api_virtualenv.py took 0.094 seconds
[2025-05-27T19:30:32.040+0530] {processor.py:161} INFO - Started process (PID=28297) to work on /Users/zafarimam/Documents/E-Commerce Order Pipeline/airflow_venv_39/lib/python3.9/site-packages/airflow/example_dags/tutorial_taskflow_api_virtualenv.py
[2025-05-27T19:30:32.041+0530] {processor.py:830} INFO - Processing file /Users/zafarimam/Documents/E-Commerce Order Pipeline/airflow_venv_39/lib/python3.9/site-packages/airflow/example_dags/tutorial_taskflow_api_virtualenv.py for tasks to queue
[2025-05-27T19:30:32.042+0530] {logging_mixin.py:188} INFO - [2025-05-27T19:30:32.042+0530] {dagbag.py:538} INFO - Filling up the DagBag from /Users/zafarimam/Documents/E-Commerce Order Pipeline/airflow_venv_39/lib/python3.9/site-packages/airflow/example_dags/tutorial_taskflow_api_virtualenv.py
[2025-05-27T19:30:32.071+0530] {logging_mixin.py:188} INFO - [2025-05-27T19:30:32.071+0530] {tutorial_taskflow_api_virtualenv.py:29} WARNING - The tutorial_taskflow_api_virtualenv example DAG requires virtualenv, please install it.
[2025-05-27T19:30:32.071+0530] {processor.py:842} WARNING - No viable dags retrieved from /Users/zafarimam/Documents/E-Commerce Order Pipeline/airflow_venv_39/lib/python3.9/site-packages/airflow/example_dags/tutorial_taskflow_api_virtualenv.py
[2025-05-27T19:30:32.135+0530] {processor.py:183} INFO - Processing /Users/zafarimam/Documents/E-Commerce Order Pipeline/airflow_venv_39/lib/python3.9/site-packages/airflow/example_dags/tutorial_taskflow_api_virtualenv.py took 0.096 seconds
[2025-05-27T19:32:12.021+0530] {processor.py:161} INFO - Started process (PID=28352) to work on /Users/zafarimam/Documents/E-Commerce Order Pipeline/airflow_venv_39/lib/python3.9/site-packages/airflow/example_dags/tutorial_taskflow_api_virtualenv.py
[2025-05-27T19:32:12.022+0530] {processor.py:830} INFO - Processing file /Users/zafarimam/Documents/E-Commerce Order Pipeline/airflow_venv_39/lib/python3.9/site-packages/airflow/example_dags/tutorial_taskflow_api_virtualenv.py for tasks to queue
[2025-05-27T19:32:12.023+0530] {logging_mixin.py:188} INFO - [2025-05-27T19:32:12.023+0530] {dagbag.py:538} INFO - Filling up the DagBag from /Users/zafarimam/Documents/E-Commerce Order Pipeline/airflow_venv_39/lib/python3.9/site-packages/airflow/example_dags/tutorial_taskflow_api_virtualenv.py
[2025-05-27T19:32:12.052+0530] {logging_mixin.py:188} INFO - [2025-05-27T19:32:12.052+0530] {tutorial_taskflow_api_virtualenv.py:29} WARNING - The tutorial_taskflow_api_virtualenv example DAG requires virtualenv, please install it.
[2025-05-27T19:32:12.052+0530] {processor.py:842} WARNING - No viable dags retrieved from /Users/zafarimam/Documents/E-Commerce Order Pipeline/airflow_venv_39/lib/python3.9/site-packages/airflow/example_dags/tutorial_taskflow_api_virtualenv.py
[2025-05-27T19:32:12.115+0530] {processor.py:183} INFO - Processing /Users/zafarimam/Documents/E-Commerce Order Pipeline/airflow_venv_39/lib/python3.9/site-packages/airflow/example_dags/tutorial_taskflow_api_virtualenv.py took 0.095 seconds
[2025-05-27T19:33:53.101+0530] {processor.py:161} INFO - Started process (PID=28405) to work on /Users/zafarimam/Documents/E-Commerce Order Pipeline/airflow_venv_39/lib/python3.9/site-packages/airflow/example_dags/tutorial_taskflow_api_virtualenv.py
[2025-05-27T19:33:53.101+0530] {processor.py:830} INFO - Processing file /Users/zafarimam/Documents/E-Commerce Order Pipeline/airflow_venv_39/lib/python3.9/site-packages/airflow/example_dags/tutorial_taskflow_api_virtualenv.py for tasks to queue
[2025-05-27T19:33:53.102+0530] {logging_mixin.py:188} INFO - [2025-05-27T19:33:53.102+0530] {dagbag.py:538} INFO - Filling up the DagBag from /Users/zafarimam/Documents/E-Commerce Order Pipeline/airflow_venv_39/lib/python3.9/site-packages/airflow/example_dags/tutorial_taskflow_api_virtualenv.py
[2025-05-27T19:33:53.132+0530] {logging_mixin.py:188} INFO - [2025-05-27T19:33:53.131+0530] {tutorial_taskflow_api_virtualenv.py:29} WARNING - The tutorial_taskflow_api_virtualenv example DAG requires virtualenv, please install it.
[2025-05-27T19:33:53.132+0530] {processor.py:842} WARNING - No viable dags retrieved from /Users/zafarimam/Documents/E-Commerce Order Pipeline/airflow_venv_39/lib/python3.9/site-packages/airflow/example_dags/tutorial_taskflow_api_virtualenv.py
[2025-05-27T19:33:53.195+0530] {processor.py:183} INFO - Processing /Users/zafarimam/Documents/E-Commerce Order Pipeline/airflow_venv_39/lib/python3.9/site-packages/airflow/example_dags/tutorial_taskflow_api_virtualenv.py took 0.095 seconds
[2025-05-27T19:35:34.443+0530] {processor.py:161} INFO - Started process (PID=28455) to work on /Users/zafarimam/Documents/E-Commerce Order Pipeline/airflow_venv_39/lib/python3.9/site-packages/airflow/example_dags/tutorial_taskflow_api_virtualenv.py
[2025-05-27T19:35:34.444+0530] {processor.py:830} INFO - Processing file /Users/zafarimam/Documents/E-Commerce Order Pipeline/airflow_venv_39/lib/python3.9/site-packages/airflow/example_dags/tutorial_taskflow_api_virtualenv.py for tasks to queue
[2025-05-27T19:35:34.445+0530] {logging_mixin.py:188} INFO - [2025-05-27T19:35:34.445+0530] {dagbag.py:538} INFO - Filling up the DagBag from /Users/zafarimam/Documents/E-Commerce Order Pipeline/airflow_venv_39/lib/python3.9/site-packages/airflow/example_dags/tutorial_taskflow_api_virtualenv.py
[2025-05-27T19:35:34.474+0530] {logging_mixin.py:188} INFO - [2025-05-27T19:35:34.473+0530] {tutorial_taskflow_api_virtualenv.py:29} WARNING - The tutorial_taskflow_api_virtualenv example DAG requires virtualenv, please install it.
[2025-05-27T19:35:34.474+0530] {processor.py:842} WARNING - No viable dags retrieved from /Users/zafarimam/Documents/E-Commerce Order Pipeline/airflow_venv_39/lib/python3.9/site-packages/airflow/example_dags/tutorial_taskflow_api_virtualenv.py
[2025-05-27T19:35:34.536+0530] {processor.py:183} INFO - Processing /Users/zafarimam/Documents/E-Commerce Order Pipeline/airflow_venv_39/lib/python3.9/site-packages/airflow/example_dags/tutorial_taskflow_api_virtualenv.py took 0.094 seconds
[2025-05-27T19:37:15.867+0530] {processor.py:161} INFO - Started process (PID=28509) to work on /Users/zafarimam/Documents/E-Commerce Order Pipeline/airflow_venv_39/lib/python3.9/site-packages/airflow/example_dags/tutorial_taskflow_api_virtualenv.py
[2025-05-27T19:37:15.868+0530] {processor.py:830} INFO - Processing file /Users/zafarimam/Documents/E-Commerce Order Pipeline/airflow_venv_39/lib/python3.9/site-packages/airflow/example_dags/tutorial_taskflow_api_virtualenv.py for tasks to queue
[2025-05-27T19:37:15.869+0530] {logging_mixin.py:188} INFO - [2025-05-27T19:37:15.869+0530] {dagbag.py:538} INFO - Filling up the DagBag from /Users/zafarimam/Documents/E-Commerce Order Pipeline/airflow_venv_39/lib/python3.9/site-packages/airflow/example_dags/tutorial_taskflow_api_virtualenv.py
[2025-05-27T19:37:15.898+0530] {logging_mixin.py:188} INFO - [2025-05-27T19:37:15.898+0530] {tutorial_taskflow_api_virtualenv.py:29} WARNING - The tutorial_taskflow_api_virtualenv example DAG requires virtualenv, please install it.
[2025-05-27T19:37:15.898+0530] {processor.py:842} WARNING - No viable dags retrieved from /Users/zafarimam/Documents/E-Commerce Order Pipeline/airflow_venv_39/lib/python3.9/site-packages/airflow/example_dags/tutorial_taskflow_api_virtualenv.py
[2025-05-27T19:37:15.960+0530] {processor.py:183} INFO - Processing /Users/zafarimam/Documents/E-Commerce Order Pipeline/airflow_venv_39/lib/python3.9/site-packages/airflow/example_dags/tutorial_taskflow_api_virtualenv.py took 0.094 seconds
[2025-05-27T19:38:55.697+0530] {processor.py:161} INFO - Started process (PID=28560) to work on /Users/zafarimam/Documents/E-Commerce Order Pipeline/airflow_venv_39/lib/python3.9/site-packages/airflow/example_dags/tutorial_taskflow_api_virtualenv.py
[2025-05-27T19:38:55.698+0530] {processor.py:830} INFO - Processing file /Users/zafarimam/Documents/E-Commerce Order Pipeline/airflow_venv_39/lib/python3.9/site-packages/airflow/example_dags/tutorial_taskflow_api_virtualenv.py for tasks to queue
[2025-05-27T19:38:55.699+0530] {logging_mixin.py:188} INFO - [2025-05-27T19:38:55.698+0530] {dagbag.py:538} INFO - Filling up the DagBag from /Users/zafarimam/Documents/E-Commerce Order Pipeline/airflow_venv_39/lib/python3.9/site-packages/airflow/example_dags/tutorial_taskflow_api_virtualenv.py
[2025-05-27T19:38:55.727+0530] {logging_mixin.py:188} INFO - [2025-05-27T19:38:55.727+0530] {tutorial_taskflow_api_virtualenv.py:29} WARNING - The tutorial_taskflow_api_virtualenv example DAG requires virtualenv, please install it.
[2025-05-27T19:38:55.728+0530] {processor.py:842} WARNING - No viable dags retrieved from /Users/zafarimam/Documents/E-Commerce Order Pipeline/airflow_venv_39/lib/python3.9/site-packages/airflow/example_dags/tutorial_taskflow_api_virtualenv.py
[2025-05-27T19:38:55.791+0530] {processor.py:183} INFO - Processing /Users/zafarimam/Documents/E-Commerce Order Pipeline/airflow_venv_39/lib/python3.9/site-packages/airflow/example_dags/tutorial_taskflow_api_virtualenv.py took 0.095 seconds
[2025-05-27T19:40:34.249+0530] {processor.py:161} INFO - Started process (PID=28610) to work on /Users/zafarimam/Documents/E-Commerce Order Pipeline/airflow_venv_39/lib/python3.9/site-packages/airflow/example_dags/tutorial_taskflow_api_virtualenv.py
[2025-05-27T19:40:34.250+0530] {processor.py:830} INFO - Processing file /Users/zafarimam/Documents/E-Commerce Order Pipeline/airflow_venv_39/lib/python3.9/site-packages/airflow/example_dags/tutorial_taskflow_api_virtualenv.py for tasks to queue
[2025-05-27T19:40:34.250+0530] {logging_mixin.py:188} INFO - [2025-05-27T19:40:34.250+0530] {dagbag.py:538} INFO - Filling up the DagBag from /Users/zafarimam/Documents/E-Commerce Order Pipeline/airflow_venv_39/lib/python3.9/site-packages/airflow/example_dags/tutorial_taskflow_api_virtualenv.py
[2025-05-27T19:40:34.279+0530] {logging_mixin.py:188} INFO - [2025-05-27T19:40:34.279+0530] {tutorial_taskflow_api_virtualenv.py:29} WARNING - The tutorial_taskflow_api_virtualenv example DAG requires virtualenv, please install it.
[2025-05-27T19:40:34.279+0530] {processor.py:842} WARNING - No viable dags retrieved from /Users/zafarimam/Documents/E-Commerce Order Pipeline/airflow_venv_39/lib/python3.9/site-packages/airflow/example_dags/tutorial_taskflow_api_virtualenv.py
[2025-05-27T19:40:34.343+0530] {processor.py:183} INFO - Processing /Users/zafarimam/Documents/E-Commerce Order Pipeline/airflow_venv_39/lib/python3.9/site-packages/airflow/example_dags/tutorial_taskflow_api_virtualenv.py took 0.095 seconds
[2025-05-27T19:42:15.632+0530] {processor.py:161} INFO - Started process (PID=28664) to work on /Users/zafarimam/Documents/E-Commerce Order Pipeline/airflow_venv_39/lib/python3.9/site-packages/airflow/example_dags/tutorial_taskflow_api_virtualenv.py
[2025-05-27T19:42:15.633+0530] {processor.py:830} INFO - Processing file /Users/zafarimam/Documents/E-Commerce Order Pipeline/airflow_venv_39/lib/python3.9/site-packages/airflow/example_dags/tutorial_taskflow_api_virtualenv.py for tasks to queue
[2025-05-27T19:42:15.633+0530] {logging_mixin.py:188} INFO - [2025-05-27T19:42:15.633+0530] {dagbag.py:538} INFO - Filling up the DagBag from /Users/zafarimam/Documents/E-Commerce Order Pipeline/airflow_venv_39/lib/python3.9/site-packages/airflow/example_dags/tutorial_taskflow_api_virtualenv.py
[2025-05-27T19:42:15.662+0530] {logging_mixin.py:188} INFO - [2025-05-27T19:42:15.662+0530] {tutorial_taskflow_api_virtualenv.py:29} WARNING - The tutorial_taskflow_api_virtualenv example DAG requires virtualenv, please install it.
[2025-05-27T19:42:15.662+0530] {processor.py:842} WARNING - No viable dags retrieved from /Users/zafarimam/Documents/E-Commerce Order Pipeline/airflow_venv_39/lib/python3.9/site-packages/airflow/example_dags/tutorial_taskflow_api_virtualenv.py
[2025-05-27T19:42:15.727+0530] {processor.py:183} INFO - Processing /Users/zafarimam/Documents/E-Commerce Order Pipeline/airflow_venv_39/lib/python3.9/site-packages/airflow/example_dags/tutorial_taskflow_api_virtualenv.py took 0.096 seconds
[2025-05-27T19:44:08.244+0530] {processor.py:161} INFO - Started process (PID=28766) to work on /Users/zafarimam/Documents/E-Commerce Order Pipeline/airflow_venv_39/lib/python3.9/site-packages/airflow/example_dags/tutorial_taskflow_api_virtualenv.py
[2025-05-27T19:44:08.246+0530] {processor.py:830} INFO - Processing file /Users/zafarimam/Documents/E-Commerce Order Pipeline/airflow_venv_39/lib/python3.9/site-packages/airflow/example_dags/tutorial_taskflow_api_virtualenv.py for tasks to queue
[2025-05-27T19:44:08.246+0530] {logging_mixin.py:188} INFO - [2025-05-27T19:44:08.246+0530] {dagbag.py:538} INFO - Filling up the DagBag from /Users/zafarimam/Documents/E-Commerce Order Pipeline/airflow_venv_39/lib/python3.9/site-packages/airflow/example_dags/tutorial_taskflow_api_virtualenv.py
[2025-05-27T19:44:08.294+0530] {logging_mixin.py:188} INFO - [2025-05-27T19:44:08.293+0530] {tutorial_taskflow_api_virtualenv.py:29} WARNING - The tutorial_taskflow_api_virtualenv example DAG requires virtualenv, please install it.
[2025-05-27T19:44:08.294+0530] {processor.py:842} WARNING - No viable dags retrieved from /Users/zafarimam/Documents/E-Commerce Order Pipeline/airflow_venv_39/lib/python3.9/site-packages/airflow/example_dags/tutorial_taskflow_api_virtualenv.py
[2025-05-27T19:44:08.367+0530] {processor.py:183} INFO - Processing /Users/zafarimam/Documents/E-Commerce Order Pipeline/airflow_venv_39/lib/python3.9/site-packages/airflow/example_dags/tutorial_taskflow_api_virtualenv.py took 0.125 seconds
[2025-05-27T19:46:11.136+0530] {processor.py:161} INFO - Started process (PID=28862) to work on /Users/zafarimam/Documents/E-Commerce Order Pipeline/airflow_venv_39/lib/python3.9/site-packages/airflow/example_dags/tutorial_taskflow_api_virtualenv.py
[2025-05-27T19:46:11.137+0530] {processor.py:830} INFO - Processing file /Users/zafarimam/Documents/E-Commerce Order Pipeline/airflow_venv_39/lib/python3.9/site-packages/airflow/example_dags/tutorial_taskflow_api_virtualenv.py for tasks to queue
[2025-05-27T19:46:11.138+0530] {logging_mixin.py:188} INFO - [2025-05-27T19:46:11.138+0530] {dagbag.py:538} INFO - Filling up the DagBag from /Users/zafarimam/Documents/E-Commerce Order Pipeline/airflow_venv_39/lib/python3.9/site-packages/airflow/example_dags/tutorial_taskflow_api_virtualenv.py
[2025-05-27T19:46:11.169+0530] {logging_mixin.py:188} INFO - [2025-05-27T19:46:11.169+0530] {tutorial_taskflow_api_virtualenv.py:29} WARNING - The tutorial_taskflow_api_virtualenv example DAG requires virtualenv, please install it.
[2025-05-27T19:46:11.169+0530] {processor.py:842} WARNING - No viable dags retrieved from /Users/zafarimam/Documents/E-Commerce Order Pipeline/airflow_venv_39/lib/python3.9/site-packages/airflow/example_dags/tutorial_taskflow_api_virtualenv.py
[2025-05-27T19:46:11.234+0530] {processor.py:183} INFO - Processing /Users/zafarimam/Documents/E-Commerce Order Pipeline/airflow_venv_39/lib/python3.9/site-packages/airflow/example_dags/tutorial_taskflow_api_virtualenv.py took 0.100 seconds
[2025-05-27T19:47:55.985+0530] {processor.py:161} INFO - Started process (PID=28930) to work on /Users/zafarimam/Documents/E-Commerce Order Pipeline/airflow_venv_39/lib/python3.9/site-packages/airflow/example_dags/tutorial_taskflow_api_virtualenv.py
[2025-05-27T19:47:55.986+0530] {processor.py:830} INFO - Processing file /Users/zafarimam/Documents/E-Commerce Order Pipeline/airflow_venv_39/lib/python3.9/site-packages/airflow/example_dags/tutorial_taskflow_api_virtualenv.py for tasks to queue
[2025-05-27T19:47:55.987+0530] {logging_mixin.py:188} INFO - [2025-05-27T19:47:55.987+0530] {dagbag.py:538} INFO - Filling up the DagBag from /Users/zafarimam/Documents/E-Commerce Order Pipeline/airflow_venv_39/lib/python3.9/site-packages/airflow/example_dags/tutorial_taskflow_api_virtualenv.py
[2025-05-27T19:47:56.018+0530] {logging_mixin.py:188} INFO - [2025-05-27T19:47:56.017+0530] {tutorial_taskflow_api_virtualenv.py:29} WARNING - The tutorial_taskflow_api_virtualenv example DAG requires virtualenv, please install it.
[2025-05-27T19:47:56.018+0530] {processor.py:842} WARNING - No viable dags retrieved from /Users/zafarimam/Documents/E-Commerce Order Pipeline/airflow_venv_39/lib/python3.9/site-packages/airflow/example_dags/tutorial_taskflow_api_virtualenv.py
[2025-05-27T19:47:56.085+0530] {processor.py:183} INFO - Processing /Users/zafarimam/Documents/E-Commerce Order Pipeline/airflow_venv_39/lib/python3.9/site-packages/airflow/example_dags/tutorial_taskflow_api_virtualenv.py took 0.101 seconds
[2025-05-27T19:49:38.650+0530] {processor.py:161} INFO - Started process (PID=28981) to work on /Users/zafarimam/Documents/E-Commerce Order Pipeline/airflow_venv_39/lib/python3.9/site-packages/airflow/example_dags/tutorial_taskflow_api_virtualenv.py
[2025-05-27T19:49:38.651+0530] {processor.py:830} INFO - Processing file /Users/zafarimam/Documents/E-Commerce Order Pipeline/airflow_venv_39/lib/python3.9/site-packages/airflow/example_dags/tutorial_taskflow_api_virtualenv.py for tasks to queue
[2025-05-27T19:49:38.652+0530] {logging_mixin.py:188} INFO - [2025-05-27T19:49:38.652+0530] {dagbag.py:538} INFO - Filling up the DagBag from /Users/zafarimam/Documents/E-Commerce Order Pipeline/airflow_venv_39/lib/python3.9/site-packages/airflow/example_dags/tutorial_taskflow_api_virtualenv.py
[2025-05-27T19:49:38.683+0530] {logging_mixin.py:188} INFO - [2025-05-27T19:49:38.683+0530] {tutorial_taskflow_api_virtualenv.py:29} WARNING - The tutorial_taskflow_api_virtualenv example DAG requires virtualenv, please install it.
[2025-05-27T19:49:38.684+0530] {processor.py:842} WARNING - No viable dags retrieved from /Users/zafarimam/Documents/E-Commerce Order Pipeline/airflow_venv_39/lib/python3.9/site-packages/airflow/example_dags/tutorial_taskflow_api_virtualenv.py
[2025-05-27T19:49:38.749+0530] {processor.py:183} INFO - Processing /Users/zafarimam/Documents/E-Commerce Order Pipeline/airflow_venv_39/lib/python3.9/site-packages/airflow/example_dags/tutorial_taskflow_api_virtualenv.py took 0.100 seconds
[2025-05-27T19:51:25.678+0530] {processor.py:161} INFO - Started process (PID=29064) to work on /Users/zafarimam/Documents/E-Commerce Order Pipeline/airflow_venv_39/lib/python3.9/site-packages/airflow/example_dags/tutorial_taskflow_api_virtualenv.py
[2025-05-27T19:51:25.678+0530] {processor.py:830} INFO - Processing file /Users/zafarimam/Documents/E-Commerce Order Pipeline/airflow_venv_39/lib/python3.9/site-packages/airflow/example_dags/tutorial_taskflow_api_virtualenv.py for tasks to queue
[2025-05-27T19:51:25.679+0530] {logging_mixin.py:188} INFO - [2025-05-27T19:51:25.679+0530] {dagbag.py:538} INFO - Filling up the DagBag from /Users/zafarimam/Documents/E-Commerce Order Pipeline/airflow_venv_39/lib/python3.9/site-packages/airflow/example_dags/tutorial_taskflow_api_virtualenv.py
[2025-05-27T19:51:25.712+0530] {logging_mixin.py:188} INFO - [2025-05-27T19:51:25.711+0530] {tutorial_taskflow_api_virtualenv.py:29} WARNING - The tutorial_taskflow_api_virtualenv example DAG requires virtualenv, please install it.
[2025-05-27T19:51:25.712+0530] {processor.py:842} WARNING - No viable dags retrieved from /Users/zafarimam/Documents/E-Commerce Order Pipeline/airflow_venv_39/lib/python3.9/site-packages/airflow/example_dags/tutorial_taskflow_api_virtualenv.py
[2025-05-27T19:51:25.779+0530] {processor.py:183} INFO - Processing /Users/zafarimam/Documents/E-Commerce Order Pipeline/airflow_venv_39/lib/python3.9/site-packages/airflow/example_dags/tutorial_taskflow_api_virtualenv.py took 0.103 seconds
