[2025-05-27T17:37:46.669+0530] {processor.py:161} INFO - Started process (PID=22795) to work on /Users/zafarimam/Documents/E-Commerce Order Pipeline/airflow_venv_39/lib/python3.9/site-packages/airflow/example_dags/tutorial_objectstorage.py
[2025-05-27T17:37:46.670+0530] {processor.py:830} INFO - Processing file /Users/zafarimam/Documents/E-Commerce Order Pipeline/airflow_venv_39/lib/python3.9/site-packages/airflow/example_dags/tutorial_objectstorage.py for tasks to queue
[2025-05-27T17:37:46.671+0530] {logging_mixin.py:188} INFO - [2025-05-27T17:37:46.671+0530] {dagbag.py:538} INFO - Filling up the DagBag from /Users/zafarimam/Documents/E-Commerce Order Pipeline/airflow_venv_39/lib/python3.9/site-packages/airflow/example_dags/tutorial_objectstorage.py
[2025-05-27T17:37:46.738+0530] {processor.py:840} INFO - DAG(s) 'tutorial_objectstorage' retrieved from /Users/zafarimam/Documents/E-Commerce Order Pipeline/airflow_venv_39/lib/python3.9/site-packages/airflow/example_dags/tutorial_objectstorage.py
[2025-05-27T17:37:46.746+0530] {logging_mixin.py:188} INFO - [2025-05-27T17:37:46.746+0530] {dag.py:3036} INFO - Sync 1 DAGs
[2025-05-27T17:37:46.818+0530] {logging_mixin.py:188} INFO - [2025-05-27T17:37:46.818+0530] {dag.py:3823} INFO - Setting next_dagrun for tutorial_objectstorage to None, run_after=None
[2025-05-27T17:37:46.832+0530] {processor.py:183} INFO - Processing /Users/zafarimam/Documents/E-Commerce Order Pipeline/airflow_venv_39/lib/python3.9/site-packages/airflow/example_dags/tutorial_objectstorage.py took 0.164 seconds
[2025-05-27T17:39:53.824+0530] {processor.py:161} INFO - Started process (PID=22889) to work on /Users/zafarimam/Documents/E-Commerce Order Pipeline/airflow_venv_39/lib/python3.9/site-packages/airflow/example_dags/tutorial_objectstorage.py
[2025-05-27T17:39:53.826+0530] {processor.py:830} INFO - Processing file /Users/zafarimam/Documents/E-Commerce Order Pipeline/airflow_venv_39/lib/python3.9/site-packages/airflow/example_dags/tutorial_objectstorage.py for tasks to queue
[2025-05-27T17:39:53.827+0530] {logging_mixin.py:188} INFO - [2025-05-27T17:39:53.827+0530] {dagbag.py:538} INFO - Filling up the DagBag from /Users/zafarimam/Documents/E-Commerce Order Pipeline/airflow_venv_39/lib/python3.9/site-packages/airflow/example_dags/tutorial_objectstorage.py
[2025-05-27T17:39:53.907+0530] {processor.py:840} INFO - DAG(s) 'tutorial_objectstorage' retrieved from /Users/zafarimam/Documents/E-Commerce Order Pipeline/airflow_venv_39/lib/python3.9/site-packages/airflow/example_dags/tutorial_objectstorage.py
[2025-05-27T17:39:54.047+0530] {logging_mixin.py:188} INFO - [2025-05-27T17:39:54.046+0530] {dag.py:3036} INFO - Sync 1 DAGs
[2025-05-27T17:39:54.053+0530] {logging_mixin.py:188} INFO - [2025-05-27T17:39:54.053+0530] {dag.py:3823} INFO - Setting next_dagrun for tutorial_objectstorage to None, run_after=None
[2025-05-27T17:39:54.070+0530] {processor.py:183} INFO - Processing /Users/zafarimam/Documents/E-Commerce Order Pipeline/airflow_venv_39/lib/python3.9/site-packages/airflow/example_dags/tutorial_objectstorage.py took 0.247 seconds
[2025-05-27T17:41:53.837+0530] {processor.py:161} INFO - Started process (PID=22957) to work on /Users/zafarimam/Documents/E-Commerce Order Pipeline/airflow_venv_39/lib/python3.9/site-packages/airflow/example_dags/tutorial_objectstorage.py
[2025-05-27T17:41:53.839+0530] {processor.py:830} INFO - Processing file /Users/zafarimam/Documents/E-Commerce Order Pipeline/airflow_venv_39/lib/python3.9/site-packages/airflow/example_dags/tutorial_objectstorage.py for tasks to queue
[2025-05-27T17:41:53.839+0530] {logging_mixin.py:188} INFO - [2025-05-27T17:41:53.839+0530] {dagbag.py:538} INFO - Filling up the DagBag from /Users/zafarimam/Documents/E-Commerce Order Pipeline/airflow_venv_39/lib/python3.9/site-packages/airflow/example_dags/tutorial_objectstorage.py
[2025-05-27T17:41:53.918+0530] {processor.py:840} INFO - DAG(s) 'tutorial_objectstorage' retrieved from /Users/zafarimam/Documents/E-Commerce Order Pipeline/airflow_venv_39/lib/python3.9/site-packages/airflow/example_dags/tutorial_objectstorage.py
[2025-05-27T17:41:53.998+0530] {logging_mixin.py:188} INFO - [2025-05-27T17:41:53.998+0530] {dag.py:3036} INFO - Sync 1 DAGs
[2025-05-27T17:41:54.005+0530] {logging_mixin.py:188} INFO - [2025-05-27T17:41:54.005+0530] {dag.py:3823} INFO - Setting next_dagrun for tutorial_objectstorage to None, run_after=None
[2025-05-27T17:41:54.021+0530] {processor.py:183} INFO - Processing /Users/zafarimam/Documents/E-Commerce Order Pipeline/airflow_venv_39/lib/python3.9/site-packages/airflow/example_dags/tutorial_objectstorage.py took 0.185 seconds
[2025-05-27T17:43:45.041+0530] {processor.py:161} INFO - Started process (PID=23018) to work on /Users/zafarimam/Documents/E-Commerce Order Pipeline/airflow_venv_39/lib/python3.9/site-packages/airflow/example_dags/tutorial_objectstorage.py
[2025-05-27T17:43:45.042+0530] {processor.py:830} INFO - Processing file /Users/zafarimam/Documents/E-Commerce Order Pipeline/airflow_venv_39/lib/python3.9/site-packages/airflow/example_dags/tutorial_objectstorage.py for tasks to queue
[2025-05-27T17:43:45.043+0530] {logging_mixin.py:188} INFO - [2025-05-27T17:43:45.043+0530] {dagbag.py:538} INFO - Filling up the DagBag from /Users/zafarimam/Documents/E-Commerce Order Pipeline/airflow_venv_39/lib/python3.9/site-packages/airflow/example_dags/tutorial_objectstorage.py
[2025-05-27T17:43:45.119+0530] {processor.py:840} INFO - DAG(s) 'tutorial_objectstorage' retrieved from /Users/zafarimam/Documents/E-Commerce Order Pipeline/airflow_venv_39/lib/python3.9/site-packages/airflow/example_dags/tutorial_objectstorage.py
[2025-05-27T17:43:45.196+0530] {logging_mixin.py:188} INFO - [2025-05-27T17:43:45.196+0530] {dag.py:3036} INFO - Sync 1 DAGs
[2025-05-27T17:43:45.203+0530] {logging_mixin.py:188} INFO - [2025-05-27T17:43:45.203+0530] {dag.py:3823} INFO - Setting next_dagrun for tutorial_objectstorage to None, run_after=None
[2025-05-27T17:43:45.216+0530] {processor.py:183} INFO - Processing /Users/zafarimam/Documents/E-Commerce Order Pipeline/airflow_venv_39/lib/python3.9/site-packages/airflow/example_dags/tutorial_objectstorage.py took 0.177 seconds
[2025-05-27T17:50:35.305+0530] {processor.py:161} INFO - Started process (PID=23090) to work on /Users/zafarimam/Documents/E-Commerce Order Pipeline/airflow_venv_39/lib/python3.9/site-packages/airflow/example_dags/tutorial_objectstorage.py
[2025-05-27T17:50:35.307+0530] {processor.py:830} INFO - Processing file /Users/zafarimam/Documents/E-Commerce Order Pipeline/airflow_venv_39/lib/python3.9/site-packages/airflow/example_dags/tutorial_objectstorage.py for tasks to queue
[2025-05-27T17:50:35.308+0530] {logging_mixin.py:188} INFO - [2025-05-27T17:50:35.307+0530] {dagbag.py:538} INFO - Filling up the DagBag from /Users/zafarimam/Documents/E-Commerce Order Pipeline/airflow_venv_39/lib/python3.9/site-packages/airflow/example_dags/tutorial_objectstorage.py
[2025-05-27T17:50:35.392+0530] {processor.py:840} INFO - DAG(s) 'tutorial_objectstorage' retrieved from /Users/zafarimam/Documents/E-Commerce Order Pipeline/airflow_venv_39/lib/python3.9/site-packages/airflow/example_dags/tutorial_objectstorage.py
[2025-05-27T17:50:35.474+0530] {logging_mixin.py:188} INFO - [2025-05-27T17:50:35.473+0530] {dag.py:3036} INFO - Sync 1 DAGs
[2025-05-27T17:50:35.481+0530] {logging_mixin.py:188} INFO - [2025-05-27T17:50:35.480+0530] {dag.py:3823} INFO - Setting next_dagrun for tutorial_objectstorage to None, run_after=None
[2025-05-27T17:50:35.494+0530] {processor.py:183} INFO - Processing /Users/zafarimam/Documents/E-Commerce Order Pipeline/airflow_venv_39/lib/python3.9/site-packages/airflow/example_dags/tutorial_objectstorage.py took 0.190 seconds
[2025-05-27T17:52:31.196+0530] {processor.py:161} INFO - Started process (PID=23391) to work on /Users/zafarimam/Documents/E-Commerce Order Pipeline/airflow_venv_39/lib/python3.9/site-packages/airflow/example_dags/tutorial_objectstorage.py
[2025-05-27T17:52:31.198+0530] {processor.py:830} INFO - Processing file /Users/zafarimam/Documents/E-Commerce Order Pipeline/airflow_venv_39/lib/python3.9/site-packages/airflow/example_dags/tutorial_objectstorage.py for tasks to queue
[2025-05-27T17:52:31.199+0530] {logging_mixin.py:188} INFO - [2025-05-27T17:52:31.199+0530] {dagbag.py:538} INFO - Filling up the DagBag from /Users/zafarimam/Documents/E-Commerce Order Pipeline/airflow_venv_39/lib/python3.9/site-packages/airflow/example_dags/tutorial_objectstorage.py
[2025-05-27T17:52:31.284+0530] {processor.py:840} INFO - DAG(s) 'tutorial_objectstorage' retrieved from /Users/zafarimam/Documents/E-Commerce Order Pipeline/airflow_venv_39/lib/python3.9/site-packages/airflow/example_dags/tutorial_objectstorage.py
[2025-05-27T17:52:31.370+0530] {logging_mixin.py:188} INFO - [2025-05-27T17:52:31.369+0530] {dag.py:3036} INFO - Sync 1 DAGs
[2025-05-27T17:52:31.378+0530] {logging_mixin.py:188} INFO - [2025-05-27T17:52:31.378+0530] {dag.py:3823} INFO - Setting next_dagrun for tutorial_objectstorage to None, run_after=None
[2025-05-27T17:52:31.393+0530] {processor.py:183} INFO - Processing /Users/zafarimam/Documents/E-Commerce Order Pipeline/airflow_venv_39/lib/python3.9/site-packages/airflow/example_dags/tutorial_objectstorage.py took 0.199 seconds
[2025-05-27T17:54:58.842+0530] {processor.py:161} INFO - Started process (PID=24017) to work on /Users/zafarimam/Documents/E-Commerce Order Pipeline/airflow_venv_39/lib/python3.9/site-packages/airflow/example_dags/tutorial_objectstorage.py
[2025-05-27T17:54:58.844+0530] {processor.py:830} INFO - Processing file /Users/zafarimam/Documents/E-Commerce Order Pipeline/airflow_venv_39/lib/python3.9/site-packages/airflow/example_dags/tutorial_objectstorage.py for tasks to queue
[2025-05-27T17:54:58.844+0530] {logging_mixin.py:188} INFO - [2025-05-27T17:54:58.844+0530] {dagbag.py:538} INFO - Filling up the DagBag from /Users/zafarimam/Documents/E-Commerce Order Pipeline/airflow_venv_39/lib/python3.9/site-packages/airflow/example_dags/tutorial_objectstorage.py
[2025-05-27T17:54:58.918+0530] {processor.py:840} INFO - DAG(s) 'tutorial_objectstorage' retrieved from /Users/zafarimam/Documents/E-Commerce Order Pipeline/airflow_venv_39/lib/python3.9/site-packages/airflow/example_dags/tutorial_objectstorage.py
[2025-05-27T17:54:58.927+0530] {logging_mixin.py:188} INFO - [2025-05-27T17:54:58.926+0530] {dag.py:3036} INFO - Sync 1 DAGs
[2025-05-27T17:54:58.998+0530] {logging_mixin.py:188} INFO - [2025-05-27T17:54:58.998+0530] {dag.py:3823} INFO - Setting next_dagrun for tutorial_objectstorage to None, run_after=None
[2025-05-27T17:54:59.013+0530] {processor.py:183} INFO - Processing /Users/zafarimam/Documents/E-Commerce Order Pipeline/airflow_venv_39/lib/python3.9/site-packages/airflow/example_dags/tutorial_objectstorage.py took 0.172 seconds
[2025-05-27T17:57:14.454+0530] {processor.py:161} INFO - Started process (PID=24244) to work on /Users/zafarimam/Documents/E-Commerce Order Pipeline/airflow_venv_39/lib/python3.9/site-packages/airflow/example_dags/tutorial_objectstorage.py
[2025-05-27T17:57:14.456+0530] {processor.py:830} INFO - Processing file /Users/zafarimam/Documents/E-Commerce Order Pipeline/airflow_venv_39/lib/python3.9/site-packages/airflow/example_dags/tutorial_objectstorage.py for tasks to queue
[2025-05-27T17:57:14.457+0530] {logging_mixin.py:188} INFO - [2025-05-27T17:57:14.457+0530] {dagbag.py:538} INFO - Filling up the DagBag from /Users/zafarimam/Documents/E-Commerce Order Pipeline/airflow_venv_39/lib/python3.9/site-packages/airflow/example_dags/tutorial_objectstorage.py
[2025-05-27T17:57:14.528+0530] {processor.py:840} INFO - DAG(s) 'tutorial_objectstorage' retrieved from /Users/zafarimam/Documents/E-Commerce Order Pipeline/airflow_venv_39/lib/python3.9/site-packages/airflow/example_dags/tutorial_objectstorage.py
[2025-05-27T17:57:14.679+0530] {logging_mixin.py:188} INFO - [2025-05-27T17:57:14.679+0530] {dag.py:3036} INFO - Sync 1 DAGs
[2025-05-27T17:57:14.686+0530] {logging_mixin.py:188} INFO - [2025-05-27T17:57:14.686+0530] {dag.py:3823} INFO - Setting next_dagrun for tutorial_objectstorage to None, run_after=None
[2025-05-27T17:57:14.700+0530] {processor.py:183} INFO - Processing /Users/zafarimam/Documents/E-Commerce Order Pipeline/airflow_venv_39/lib/python3.9/site-packages/airflow/example_dags/tutorial_objectstorage.py took 0.247 seconds
[2025-05-27T18:01:19.957+0530] {processor.py:161} INFO - Started process (PID=24952) to work on /Users/zafarimam/Documents/E-Commerce Order Pipeline/airflow_venv_39/lib/python3.9/site-packages/airflow/example_dags/tutorial_objectstorage.py
[2025-05-27T18:01:19.959+0530] {processor.py:830} INFO - Processing file /Users/zafarimam/Documents/E-Commerce Order Pipeline/airflow_venv_39/lib/python3.9/site-packages/airflow/example_dags/tutorial_objectstorage.py for tasks to queue
[2025-05-27T18:01:19.960+0530] {logging_mixin.py:188} INFO - [2025-05-27T18:01:19.960+0530] {dagbag.py:538} INFO - Filling up the DagBag from /Users/zafarimam/Documents/E-Commerce Order Pipeline/airflow_venv_39/lib/python3.9/site-packages/airflow/example_dags/tutorial_objectstorage.py
[2025-05-27T18:01:20.034+0530] {processor.py:840} INFO - DAG(s) 'tutorial_objectstorage' retrieved from /Users/zafarimam/Documents/E-Commerce Order Pipeline/airflow_venv_39/lib/python3.9/site-packages/airflow/example_dags/tutorial_objectstorage.py
[2025-05-27T18:01:20.113+0530] {logging_mixin.py:188} INFO - [2025-05-27T18:01:20.113+0530] {dag.py:3036} INFO - Sync 1 DAGs
[2025-05-27T18:01:20.119+0530] {logging_mixin.py:188} INFO - [2025-05-27T18:01:20.119+0530] {dag.py:3823} INFO - Setting next_dagrun for tutorial_objectstorage to None, run_after=None
[2025-05-27T18:01:20.133+0530] {processor.py:183} INFO - Processing /Users/zafarimam/Documents/E-Commerce Order Pipeline/airflow_venv_39/lib/python3.9/site-packages/airflow/example_dags/tutorial_objectstorage.py took 0.177 seconds
[2025-05-27T18:05:38.546+0530] {processor.py:161} INFO - Started process (PID=25085) to work on /Users/zafarimam/Documents/E-Commerce Order Pipeline/airflow_venv_39/lib/python3.9/site-packages/airflow/example_dags/tutorial_objectstorage.py
[2025-05-27T18:05:38.548+0530] {processor.py:830} INFO - Processing file /Users/zafarimam/Documents/E-Commerce Order Pipeline/airflow_venv_39/lib/python3.9/site-packages/airflow/example_dags/tutorial_objectstorage.py for tasks to queue
[2025-05-27T18:05:38.549+0530] {logging_mixin.py:188} INFO - [2025-05-27T18:05:38.549+0530] {dagbag.py:538} INFO - Filling up the DagBag from /Users/zafarimam/Documents/E-Commerce Order Pipeline/airflow_venv_39/lib/python3.9/site-packages/airflow/example_dags/tutorial_objectstorage.py
[2025-05-27T18:05:38.619+0530] {processor.py:840} INFO - DAG(s) 'tutorial_objectstorage' retrieved from /Users/zafarimam/Documents/E-Commerce Order Pipeline/airflow_venv_39/lib/python3.9/site-packages/airflow/example_dags/tutorial_objectstorage.py
[2025-05-27T18:05:38.701+0530] {logging_mixin.py:188} INFO - [2025-05-27T18:05:38.701+0530] {dag.py:3036} INFO - Sync 1 DAGs
[2025-05-27T18:05:38.707+0530] {logging_mixin.py:188} INFO - [2025-05-27T18:05:38.707+0530] {dag.py:3823} INFO - Setting next_dagrun for tutorial_objectstorage to None, run_after=None
[2025-05-27T18:05:38.720+0530] {processor.py:183} INFO - Processing /Users/zafarimam/Documents/E-Commerce Order Pipeline/airflow_venv_39/lib/python3.9/site-packages/airflow/example_dags/tutorial_objectstorage.py took 0.175 seconds
[2025-05-27T18:07:40.898+0530] {processor.py:161} INFO - Started process (PID=25151) to work on /Users/zafarimam/Documents/E-Commerce Order Pipeline/airflow_venv_39/lib/python3.9/site-packages/airflow/example_dags/tutorial_objectstorage.py
[2025-05-27T18:07:40.899+0530] {processor.py:830} INFO - Processing file /Users/zafarimam/Documents/E-Commerce Order Pipeline/airflow_venv_39/lib/python3.9/site-packages/airflow/example_dags/tutorial_objectstorage.py for tasks to queue
[2025-05-27T18:07:40.900+0530] {logging_mixin.py:188} INFO - [2025-05-27T18:07:40.900+0530] {dagbag.py:538} INFO - Filling up the DagBag from /Users/zafarimam/Documents/E-Commerce Order Pipeline/airflow_venv_39/lib/python3.9/site-packages/airflow/example_dags/tutorial_objectstorage.py
[2025-05-27T18:07:40.970+0530] {processor.py:840} INFO - DAG(s) 'tutorial_objectstorage' retrieved from /Users/zafarimam/Documents/E-Commerce Order Pipeline/airflow_venv_39/lib/python3.9/site-packages/airflow/example_dags/tutorial_objectstorage.py
[2025-05-27T18:07:41.050+0530] {logging_mixin.py:188} INFO - [2025-05-27T18:07:41.050+0530] {dag.py:3036} INFO - Sync 1 DAGs
[2025-05-27T18:07:41.057+0530] {logging_mixin.py:188} INFO - [2025-05-27T18:07:41.057+0530] {dag.py:3823} INFO - Setting next_dagrun for tutorial_objectstorage to None, run_after=None
[2025-05-27T18:07:41.075+0530] {processor.py:183} INFO - Processing /Users/zafarimam/Documents/E-Commerce Order Pipeline/airflow_venv_39/lib/python3.9/site-packages/airflow/example_dags/tutorial_objectstorage.py took 0.177 seconds
[2025-05-27T18:09:42.241+0530] {processor.py:161} INFO - Started process (PID=25212) to work on /Users/zafarimam/Documents/E-Commerce Order Pipeline/airflow_venv_39/lib/python3.9/site-packages/airflow/example_dags/tutorial_objectstorage.py
[2025-05-27T18:09:42.242+0530] {processor.py:830} INFO - Processing file /Users/zafarimam/Documents/E-Commerce Order Pipeline/airflow_venv_39/lib/python3.9/site-packages/airflow/example_dags/tutorial_objectstorage.py for tasks to queue
[2025-05-27T18:09:42.243+0530] {logging_mixin.py:188} INFO - [2025-05-27T18:09:42.242+0530] {dagbag.py:538} INFO - Filling up the DagBag from /Users/zafarimam/Documents/E-Commerce Order Pipeline/airflow_venv_39/lib/python3.9/site-packages/airflow/example_dags/tutorial_objectstorage.py
[2025-05-27T18:09:42.311+0530] {processor.py:840} INFO - DAG(s) 'tutorial_objectstorage' retrieved from /Users/zafarimam/Documents/E-Commerce Order Pipeline/airflow_venv_39/lib/python3.9/site-packages/airflow/example_dags/tutorial_objectstorage.py
[2025-05-27T18:09:42.386+0530] {logging_mixin.py:188} INFO - [2025-05-27T18:09:42.386+0530] {dag.py:3036} INFO - Sync 1 DAGs
[2025-05-27T18:09:42.393+0530] {logging_mixin.py:188} INFO - [2025-05-27T18:09:42.393+0530] {dag.py:3823} INFO - Setting next_dagrun for tutorial_objectstorage to None, run_after=None
[2025-05-27T18:09:42.407+0530] {processor.py:183} INFO - Processing /Users/zafarimam/Documents/E-Commerce Order Pipeline/airflow_venv_39/lib/python3.9/site-packages/airflow/example_dags/tutorial_objectstorage.py took 0.167 seconds
[2025-05-27T18:11:27.650+0530] {processor.py:161} INFO - Started process (PID=25267) to work on /Users/zafarimam/Documents/E-Commerce Order Pipeline/airflow_venv_39/lib/python3.9/site-packages/airflow/example_dags/tutorial_objectstorage.py
[2025-05-27T18:11:27.651+0530] {processor.py:830} INFO - Processing file /Users/zafarimam/Documents/E-Commerce Order Pipeline/airflow_venv_39/lib/python3.9/site-packages/airflow/example_dags/tutorial_objectstorage.py for tasks to queue
[2025-05-27T18:11:27.652+0530] {logging_mixin.py:188} INFO - [2025-05-27T18:11:27.652+0530] {dagbag.py:538} INFO - Filling up the DagBag from /Users/zafarimam/Documents/E-Commerce Order Pipeline/airflow_venv_39/lib/python3.9/site-packages/airflow/example_dags/tutorial_objectstorage.py
[2025-05-27T18:11:27.721+0530] {processor.py:840} INFO - DAG(s) 'tutorial_objectstorage' retrieved from /Users/zafarimam/Documents/E-Commerce Order Pipeline/airflow_venv_39/lib/python3.9/site-packages/airflow/example_dags/tutorial_objectstorage.py
[2025-05-27T18:11:27.795+0530] {logging_mixin.py:188} INFO - [2025-05-27T18:11:27.794+0530] {dag.py:3036} INFO - Sync 1 DAGs
[2025-05-27T18:11:27.801+0530] {logging_mixin.py:188} INFO - [2025-05-27T18:11:27.801+0530] {dag.py:3823} INFO - Setting next_dagrun for tutorial_objectstorage to None, run_after=None
[2025-05-27T18:11:27.813+0530] {processor.py:183} INFO - Processing /Users/zafarimam/Documents/E-Commerce Order Pipeline/airflow_venv_39/lib/python3.9/site-packages/airflow/example_dags/tutorial_objectstorage.py took 0.164 seconds
[2025-05-27T18:13:24.804+0530] {processor.py:161} INFO - Started process (PID=25330) to work on /Users/zafarimam/Documents/E-Commerce Order Pipeline/airflow_venv_39/lib/python3.9/site-packages/airflow/example_dags/tutorial_objectstorage.py
[2025-05-27T18:13:24.805+0530] {processor.py:830} INFO - Processing file /Users/zafarimam/Documents/E-Commerce Order Pipeline/airflow_venv_39/lib/python3.9/site-packages/airflow/example_dags/tutorial_objectstorage.py for tasks to queue
[2025-05-27T18:13:24.805+0530] {logging_mixin.py:188} INFO - [2025-05-27T18:13:24.805+0530] {dagbag.py:538} INFO - Filling up the DagBag from /Users/zafarimam/Documents/E-Commerce Order Pipeline/airflow_venv_39/lib/python3.9/site-packages/airflow/example_dags/tutorial_objectstorage.py
[2025-05-27T18:13:24.882+0530] {processor.py:840} INFO - DAG(s) 'tutorial_objectstorage' retrieved from /Users/zafarimam/Documents/E-Commerce Order Pipeline/airflow_venv_39/lib/python3.9/site-packages/airflow/example_dags/tutorial_objectstorage.py
[2025-05-27T18:13:24.969+0530] {logging_mixin.py:188} INFO - [2025-05-27T18:13:24.969+0530] {dag.py:3036} INFO - Sync 1 DAGs
[2025-05-27T18:13:24.977+0530] {logging_mixin.py:188} INFO - [2025-05-27T18:13:24.977+0530] {dag.py:3823} INFO - Setting next_dagrun for tutorial_objectstorage to None, run_after=None
[2025-05-27T18:13:24.992+0530] {processor.py:183} INFO - Processing /Users/zafarimam/Documents/E-Commerce Order Pipeline/airflow_venv_39/lib/python3.9/site-packages/airflow/example_dags/tutorial_objectstorage.py took 0.190 seconds
[2025-05-27T18:15:17.722+0530] {processor.py:161} INFO - Started process (PID=25400) to work on /Users/zafarimam/Documents/E-Commerce Order Pipeline/airflow_venv_39/lib/python3.9/site-packages/airflow/example_dags/tutorial_objectstorage.py
[2025-05-27T18:15:17.724+0530] {processor.py:830} INFO - Processing file /Users/zafarimam/Documents/E-Commerce Order Pipeline/airflow_venv_39/lib/python3.9/site-packages/airflow/example_dags/tutorial_objectstorage.py for tasks to queue
[2025-05-27T18:15:17.725+0530] {logging_mixin.py:188} INFO - [2025-05-27T18:15:17.724+0530] {dagbag.py:538} INFO - Filling up the DagBag from /Users/zafarimam/Documents/E-Commerce Order Pipeline/airflow_venv_39/lib/python3.9/site-packages/airflow/example_dags/tutorial_objectstorage.py
[2025-05-27T18:15:17.805+0530] {processor.py:840} INFO - DAG(s) 'tutorial_objectstorage' retrieved from /Users/zafarimam/Documents/E-Commerce Order Pipeline/airflow_venv_39/lib/python3.9/site-packages/airflow/example_dags/tutorial_objectstorage.py
[2025-05-27T18:15:17.884+0530] {logging_mixin.py:188} INFO - [2025-05-27T18:15:17.884+0530] {dag.py:3036} INFO - Sync 1 DAGs
[2025-05-27T18:15:17.891+0530] {logging_mixin.py:188} INFO - [2025-05-27T18:15:17.890+0530] {dag.py:3823} INFO - Setting next_dagrun for tutorial_objectstorage to None, run_after=None
[2025-05-27T18:15:17.908+0530] {processor.py:183} INFO - Processing /Users/zafarimam/Documents/E-Commerce Order Pipeline/airflow_venv_39/lib/python3.9/site-packages/airflow/example_dags/tutorial_objectstorage.py took 0.188 seconds
[2025-05-27T18:17:01.771+0530] {processor.py:161} INFO - Started process (PID=25458) to work on /Users/zafarimam/Documents/E-Commerce Order Pipeline/airflow_venv_39/lib/python3.9/site-packages/airflow/example_dags/tutorial_objectstorage.py
[2025-05-27T18:17:01.772+0530] {processor.py:830} INFO - Processing file /Users/zafarimam/Documents/E-Commerce Order Pipeline/airflow_venv_39/lib/python3.9/site-packages/airflow/example_dags/tutorial_objectstorage.py for tasks to queue
[2025-05-27T18:17:01.773+0530] {logging_mixin.py:188} INFO - [2025-05-27T18:17:01.773+0530] {dagbag.py:538} INFO - Filling up the DagBag from /Users/zafarimam/Documents/E-Commerce Order Pipeline/airflow_venv_39/lib/python3.9/site-packages/airflow/example_dags/tutorial_objectstorage.py
[2025-05-27T18:17:01.839+0530] {processor.py:840} INFO - DAG(s) 'tutorial_objectstorage' retrieved from /Users/zafarimam/Documents/E-Commerce Order Pipeline/airflow_venv_39/lib/python3.9/site-packages/airflow/example_dags/tutorial_objectstorage.py
[2025-05-27T18:17:01.914+0530] {logging_mixin.py:188} INFO - [2025-05-27T18:17:01.914+0530] {dag.py:3036} INFO - Sync 1 DAGs
[2025-05-27T18:17:01.921+0530] {logging_mixin.py:188} INFO - [2025-05-27T18:17:01.921+0530] {dag.py:3823} INFO - Setting next_dagrun for tutorial_objectstorage to None, run_after=None
[2025-05-27T18:17:01.933+0530] {processor.py:183} INFO - Processing /Users/zafarimam/Documents/E-Commerce Order Pipeline/airflow_venv_39/lib/python3.9/site-packages/airflow/example_dags/tutorial_objectstorage.py took 0.163 seconds
[2025-05-27T18:18:45.123+0530] {processor.py:161} INFO - Started process (PID=25535) to work on /Users/zafarimam/Documents/E-Commerce Order Pipeline/airflow_venv_39/lib/python3.9/site-packages/airflow/example_dags/tutorial_objectstorage.py
[2025-05-27T18:18:45.124+0530] {processor.py:830} INFO - Processing file /Users/zafarimam/Documents/E-Commerce Order Pipeline/airflow_venv_39/lib/python3.9/site-packages/airflow/example_dags/tutorial_objectstorage.py for tasks to queue
[2025-05-27T18:18:45.125+0530] {logging_mixin.py:188} INFO - [2025-05-27T18:18:45.124+0530] {dagbag.py:538} INFO - Filling up the DagBag from /Users/zafarimam/Documents/E-Commerce Order Pipeline/airflow_venv_39/lib/python3.9/site-packages/airflow/example_dags/tutorial_objectstorage.py
[2025-05-27T18:18:45.197+0530] {processor.py:840} INFO - DAG(s) 'tutorial_objectstorage' retrieved from /Users/zafarimam/Documents/E-Commerce Order Pipeline/airflow_venv_39/lib/python3.9/site-packages/airflow/example_dags/tutorial_objectstorage.py
[2025-05-27T18:18:45.279+0530] {logging_mixin.py:188} INFO - [2025-05-27T18:18:45.279+0530] {dag.py:3036} INFO - Sync 1 DAGs
[2025-05-27T18:18:45.285+0530] {logging_mixin.py:188} INFO - [2025-05-27T18:18:45.285+0530] {dag.py:3823} INFO - Setting next_dagrun for tutorial_objectstorage to None, run_after=None
[2025-05-27T18:18:45.300+0530] {processor.py:183} INFO - Processing /Users/zafarimam/Documents/E-Commerce Order Pipeline/airflow_venv_39/lib/python3.9/site-packages/airflow/example_dags/tutorial_objectstorage.py took 0.178 seconds
[2025-05-27T18:21:29.305+0530] {processor.py:161} INFO - Started process (PID=25638) to work on /Users/zafarimam/Documents/E-Commerce Order Pipeline/airflow_venv_39/lib/python3.9/site-packages/airflow/example_dags/tutorial_objectstorage.py
[2025-05-27T18:21:29.305+0530] {processor.py:830} INFO - Processing file /Users/zafarimam/Documents/E-Commerce Order Pipeline/airflow_venv_39/lib/python3.9/site-packages/airflow/example_dags/tutorial_objectstorage.py for tasks to queue
[2025-05-27T18:21:29.306+0530] {logging_mixin.py:188} INFO - [2025-05-27T18:21:29.306+0530] {dagbag.py:538} INFO - Filling up the DagBag from /Users/zafarimam/Documents/E-Commerce Order Pipeline/airflow_venv_39/lib/python3.9/site-packages/airflow/example_dags/tutorial_objectstorage.py
[2025-05-27T18:21:29.385+0530] {processor.py:840} INFO - DAG(s) 'tutorial_objectstorage' retrieved from /Users/zafarimam/Documents/E-Commerce Order Pipeline/airflow_venv_39/lib/python3.9/site-packages/airflow/example_dags/tutorial_objectstorage.py
[2025-05-27T18:21:29.474+0530] {logging_mixin.py:188} INFO - [2025-05-27T18:21:29.474+0530] {dag.py:3036} INFO - Sync 1 DAGs
[2025-05-27T18:21:29.482+0530] {logging_mixin.py:188} INFO - [2025-05-27T18:21:29.482+0530] {dag.py:3823} INFO - Setting next_dagrun for tutorial_objectstorage to None, run_after=None
[2025-05-27T18:21:29.497+0530] {processor.py:183} INFO - Processing /Users/zafarimam/Documents/E-Commerce Order Pipeline/airflow_venv_39/lib/python3.9/site-packages/airflow/example_dags/tutorial_objectstorage.py took 0.194 seconds
[2025-05-27T18:23:42.984+0530] {processor.py:161} INFO - Started process (PID=25743) to work on /Users/zafarimam/Documents/E-Commerce Order Pipeline/airflow_venv_39/lib/python3.9/site-packages/airflow/example_dags/tutorial_objectstorage.py
[2025-05-27T18:23:42.985+0530] {processor.py:830} INFO - Processing file /Users/zafarimam/Documents/E-Commerce Order Pipeline/airflow_venv_39/lib/python3.9/site-packages/airflow/example_dags/tutorial_objectstorage.py for tasks to queue
[2025-05-27T18:23:42.986+0530] {logging_mixin.py:188} INFO - [2025-05-27T18:23:42.986+0530] {dagbag.py:538} INFO - Filling up the DagBag from /Users/zafarimam/Documents/E-Commerce Order Pipeline/airflow_venv_39/lib/python3.9/site-packages/airflow/example_dags/tutorial_objectstorage.py
[2025-05-27T18:23:43.070+0530] {processor.py:840} INFO - DAG(s) 'tutorial_objectstorage' retrieved from /Users/zafarimam/Documents/E-Commerce Order Pipeline/airflow_venv_39/lib/python3.9/site-packages/airflow/example_dags/tutorial_objectstorage.py
[2025-05-27T18:23:43.161+0530] {logging_mixin.py:188} INFO - [2025-05-27T18:23:43.161+0530] {dag.py:3036} INFO - Sync 1 DAGs
[2025-05-27T18:23:43.169+0530] {logging_mixin.py:188} INFO - [2025-05-27T18:23:43.169+0530] {dag.py:3823} INFO - Setting next_dagrun for tutorial_objectstorage to None, run_after=None
[2025-05-27T18:23:43.184+0530] {processor.py:183} INFO - Processing /Users/zafarimam/Documents/E-Commerce Order Pipeline/airflow_venv_39/lib/python3.9/site-packages/airflow/example_dags/tutorial_objectstorage.py took 0.202 seconds
[2025-05-27T18:26:44.293+0530] {processor.py:161} INFO - Started process (PID=25838) to work on /Users/zafarimam/Documents/E-Commerce Order Pipeline/airflow_venv_39/lib/python3.9/site-packages/airflow/example_dags/tutorial_objectstorage.py
[2025-05-27T18:26:44.295+0530] {processor.py:830} INFO - Processing file /Users/zafarimam/Documents/E-Commerce Order Pipeline/airflow_venv_39/lib/python3.9/site-packages/airflow/example_dags/tutorial_objectstorage.py for tasks to queue
[2025-05-27T18:26:44.295+0530] {logging_mixin.py:188} INFO - [2025-05-27T18:26:44.295+0530] {dagbag.py:538} INFO - Filling up the DagBag from /Users/zafarimam/Documents/E-Commerce Order Pipeline/airflow_venv_39/lib/python3.9/site-packages/airflow/example_dags/tutorial_objectstorage.py
[2025-05-27T18:26:44.367+0530] {processor.py:840} INFO - DAG(s) 'tutorial_objectstorage' retrieved from /Users/zafarimam/Documents/E-Commerce Order Pipeline/airflow_venv_39/lib/python3.9/site-packages/airflow/example_dags/tutorial_objectstorage.py
[2025-05-27T18:26:44.453+0530] {logging_mixin.py:188} INFO - [2025-05-27T18:26:44.453+0530] {dag.py:3036} INFO - Sync 1 DAGs
[2025-05-27T18:26:44.461+0530] {logging_mixin.py:188} INFO - [2025-05-27T18:26:44.461+0530] {dag.py:3823} INFO - Setting next_dagrun for tutorial_objectstorage to None, run_after=None
[2025-05-27T18:26:44.476+0530] {processor.py:183} INFO - Processing /Users/zafarimam/Documents/E-Commerce Order Pipeline/airflow_venv_39/lib/python3.9/site-packages/airflow/example_dags/tutorial_objectstorage.py took 0.185 seconds
[2025-05-27T18:28:53.525+0530] {processor.py:161} INFO - Started process (PID=25906) to work on /Users/zafarimam/Documents/E-Commerce Order Pipeline/airflow_venv_39/lib/python3.9/site-packages/airflow/example_dags/tutorial_objectstorage.py
[2025-05-27T18:28:53.526+0530] {processor.py:830} INFO - Processing file /Users/zafarimam/Documents/E-Commerce Order Pipeline/airflow_venv_39/lib/python3.9/site-packages/airflow/example_dags/tutorial_objectstorage.py for tasks to queue
[2025-05-27T18:28:53.527+0530] {logging_mixin.py:188} INFO - [2025-05-27T18:28:53.526+0530] {dagbag.py:538} INFO - Filling up the DagBag from /Users/zafarimam/Documents/E-Commerce Order Pipeline/airflow_venv_39/lib/python3.9/site-packages/airflow/example_dags/tutorial_objectstorage.py
[2025-05-27T18:28:53.599+0530] {processor.py:840} INFO - DAG(s) 'tutorial_objectstorage' retrieved from /Users/zafarimam/Documents/E-Commerce Order Pipeline/airflow_venv_39/lib/python3.9/site-packages/airflow/example_dags/tutorial_objectstorage.py
[2025-05-27T18:28:53.680+0530] {logging_mixin.py:188} INFO - [2025-05-27T18:28:53.680+0530] {dag.py:3036} INFO - Sync 1 DAGs
[2025-05-27T18:28:53.688+0530] {logging_mixin.py:188} INFO - [2025-05-27T18:28:53.687+0530] {dag.py:3823} INFO - Setting next_dagrun for tutorial_objectstorage to None, run_after=None
[2025-05-27T18:28:53.702+0530] {processor.py:183} INFO - Processing /Users/zafarimam/Documents/E-Commerce Order Pipeline/airflow_venv_39/lib/python3.9/site-packages/airflow/example_dags/tutorial_objectstorage.py took 0.179 seconds
[2025-05-27T18:30:41.616+0530] {processor.py:161} INFO - Started process (PID=25966) to work on /Users/zafarimam/Documents/E-Commerce Order Pipeline/airflow_venv_39/lib/python3.9/site-packages/airflow/example_dags/tutorial_objectstorage.py
[2025-05-27T18:30:41.617+0530] {processor.py:830} INFO - Processing file /Users/zafarimam/Documents/E-Commerce Order Pipeline/airflow_venv_39/lib/python3.9/site-packages/airflow/example_dags/tutorial_objectstorage.py for tasks to queue
[2025-05-27T18:30:41.617+0530] {logging_mixin.py:188} INFO - [2025-05-27T18:30:41.617+0530] {dagbag.py:538} INFO - Filling up the DagBag from /Users/zafarimam/Documents/E-Commerce Order Pipeline/airflow_venv_39/lib/python3.9/site-packages/airflow/example_dags/tutorial_objectstorage.py
[2025-05-27T18:30:41.689+0530] {processor.py:840} INFO - DAG(s) 'tutorial_objectstorage' retrieved from /Users/zafarimam/Documents/E-Commerce Order Pipeline/airflow_venv_39/lib/python3.9/site-packages/airflow/example_dags/tutorial_objectstorage.py
[2025-05-27T18:30:41.769+0530] {logging_mixin.py:188} INFO - [2025-05-27T18:30:41.769+0530] {dag.py:3036} INFO - Sync 1 DAGs
[2025-05-27T18:30:41.776+0530] {logging_mixin.py:188} INFO - [2025-05-27T18:30:41.776+0530] {dag.py:3823} INFO - Setting next_dagrun for tutorial_objectstorage to None, run_after=None
[2025-05-27T18:30:41.790+0530] {processor.py:183} INFO - Processing /Users/zafarimam/Documents/E-Commerce Order Pipeline/airflow_venv_39/lib/python3.9/site-packages/airflow/example_dags/tutorial_objectstorage.py took 0.176 seconds
[2025-05-27T18:32:31.602+0530] {processor.py:161} INFO - Started process (PID=26025) to work on /Users/zafarimam/Documents/E-Commerce Order Pipeline/airflow_venv_39/lib/python3.9/site-packages/airflow/example_dags/tutorial_objectstorage.py
[2025-05-27T18:32:31.603+0530] {processor.py:830} INFO - Processing file /Users/zafarimam/Documents/E-Commerce Order Pipeline/airflow_venv_39/lib/python3.9/site-packages/airflow/example_dags/tutorial_objectstorage.py for tasks to queue
[2025-05-27T18:32:31.604+0530] {logging_mixin.py:188} INFO - [2025-05-27T18:32:31.603+0530] {dagbag.py:538} INFO - Filling up the DagBag from /Users/zafarimam/Documents/E-Commerce Order Pipeline/airflow_venv_39/lib/python3.9/site-packages/airflow/example_dags/tutorial_objectstorage.py
[2025-05-27T18:32:31.675+0530] {processor.py:840} INFO - DAG(s) 'tutorial_objectstorage' retrieved from /Users/zafarimam/Documents/E-Commerce Order Pipeline/airflow_venv_39/lib/python3.9/site-packages/airflow/example_dags/tutorial_objectstorage.py
[2025-05-27T18:32:31.753+0530] {logging_mixin.py:188} INFO - [2025-05-27T18:32:31.753+0530] {dag.py:3036} INFO - Sync 1 DAGs
[2025-05-27T18:32:31.760+0530] {logging_mixin.py:188} INFO - [2025-05-27T18:32:31.760+0530] {dag.py:3823} INFO - Setting next_dagrun for tutorial_objectstorage to None, run_after=None
[2025-05-27T18:32:31.774+0530] {processor.py:183} INFO - Processing /Users/zafarimam/Documents/E-Commerce Order Pipeline/airflow_venv_39/lib/python3.9/site-packages/airflow/example_dags/tutorial_objectstorage.py took 0.173 seconds
[2025-05-27T18:36:21.581+0530] {processor.py:161} INFO - Started process (PID=26184) to work on /Users/zafarimam/Documents/E-Commerce Order Pipeline/airflow_venv_39/lib/python3.9/site-packages/airflow/example_dags/tutorial_objectstorage.py
[2025-05-27T18:36:21.583+0530] {processor.py:830} INFO - Processing file /Users/zafarimam/Documents/E-Commerce Order Pipeline/airflow_venv_39/lib/python3.9/site-packages/airflow/example_dags/tutorial_objectstorage.py for tasks to queue
[2025-05-27T18:36:21.584+0530] {logging_mixin.py:188} INFO - [2025-05-27T18:36:21.584+0530] {dagbag.py:538} INFO - Filling up the DagBag from /Users/zafarimam/Documents/E-Commerce Order Pipeline/airflow_venv_39/lib/python3.9/site-packages/airflow/example_dags/tutorial_objectstorage.py
[2025-05-27T18:36:21.656+0530] {processor.py:840} INFO - DAG(s) 'tutorial_objectstorage' retrieved from /Users/zafarimam/Documents/E-Commerce Order Pipeline/airflow_venv_39/lib/python3.9/site-packages/airflow/example_dags/tutorial_objectstorage.py
[2025-05-27T18:36:21.747+0530] {logging_mixin.py:188} INFO - [2025-05-27T18:36:21.747+0530] {dag.py:3036} INFO - Sync 1 DAGs
[2025-05-27T18:36:21.756+0530] {logging_mixin.py:188} INFO - [2025-05-27T18:36:21.756+0530] {dag.py:3823} INFO - Setting next_dagrun for tutorial_objectstorage to None, run_after=None
[2025-05-27T18:36:21.772+0530] {processor.py:183} INFO - Processing /Users/zafarimam/Documents/E-Commerce Order Pipeline/airflow_venv_39/lib/python3.9/site-packages/airflow/example_dags/tutorial_objectstorage.py took 0.192 seconds
[2025-05-27T18:38:56.737+0530] {processor.py:161} INFO - Started process (PID=26453) to work on /Users/zafarimam/Documents/E-Commerce Order Pipeline/airflow_venv_39/lib/python3.9/site-packages/airflow/example_dags/tutorial_objectstorage.py
[2025-05-27T18:38:56.739+0530] {processor.py:830} INFO - Processing file /Users/zafarimam/Documents/E-Commerce Order Pipeline/airflow_venv_39/lib/python3.9/site-packages/airflow/example_dags/tutorial_objectstorage.py for tasks to queue
[2025-05-27T18:38:56.740+0530] {logging_mixin.py:188} INFO - [2025-05-27T18:38:56.740+0530] {dagbag.py:538} INFO - Filling up the DagBag from /Users/zafarimam/Documents/E-Commerce Order Pipeline/airflow_venv_39/lib/python3.9/site-packages/airflow/example_dags/tutorial_objectstorage.py
[2025-05-27T18:38:56.817+0530] {processor.py:840} INFO - DAG(s) 'tutorial_objectstorage' retrieved from /Users/zafarimam/Documents/E-Commerce Order Pipeline/airflow_venv_39/lib/python3.9/site-packages/airflow/example_dags/tutorial_objectstorage.py
[2025-05-27T18:38:56.826+0530] {logging_mixin.py:188} INFO - [2025-05-27T18:38:56.826+0530] {dag.py:3036} INFO - Sync 1 DAGs
[2025-05-27T18:38:56.903+0530] {logging_mixin.py:188} INFO - [2025-05-27T18:38:56.903+0530] {dag.py:3823} INFO - Setting next_dagrun for tutorial_objectstorage to None, run_after=None
[2025-05-27T18:38:56.918+0530] {processor.py:183} INFO - Processing /Users/zafarimam/Documents/E-Commerce Order Pipeline/airflow_venv_39/lib/python3.9/site-packages/airflow/example_dags/tutorial_objectstorage.py took 0.182 seconds
[2025-05-27T18:46:17.936+0530] {processor.py:161} INFO - Started process (PID=26703) to work on /Users/zafarimam/Documents/E-Commerce Order Pipeline/airflow_venv_39/lib/python3.9/site-packages/airflow/example_dags/tutorial_objectstorage.py
[2025-05-27T18:46:17.938+0530] {processor.py:830} INFO - Processing file /Users/zafarimam/Documents/E-Commerce Order Pipeline/airflow_venv_39/lib/python3.9/site-packages/airflow/example_dags/tutorial_objectstorage.py for tasks to queue
[2025-05-27T18:46:17.939+0530] {logging_mixin.py:188} INFO - [2025-05-27T18:46:17.939+0530] {dagbag.py:538} INFO - Filling up the DagBag from /Users/zafarimam/Documents/E-Commerce Order Pipeline/airflow_venv_39/lib/python3.9/site-packages/airflow/example_dags/tutorial_objectstorage.py
[2025-05-27T18:46:18.009+0530] {processor.py:840} INFO - DAG(s) 'tutorial_objectstorage' retrieved from /Users/zafarimam/Documents/E-Commerce Order Pipeline/airflow_venv_39/lib/python3.9/site-packages/airflow/example_dags/tutorial_objectstorage.py
[2025-05-27T18:46:18.153+0530] {logging_mixin.py:188} INFO - [2025-05-27T18:46:18.152+0530] {dag.py:3036} INFO - Sync 1 DAGs
[2025-05-27T18:46:18.159+0530] {logging_mixin.py:188} INFO - [2025-05-27T18:46:18.159+0530] {dag.py:3823} INFO - Setting next_dagrun for tutorial_objectstorage to None, run_after=None
[2025-05-27T18:46:18.174+0530] {processor.py:183} INFO - Processing /Users/zafarimam/Documents/E-Commerce Order Pipeline/airflow_venv_39/lib/python3.9/site-packages/airflow/example_dags/tutorial_objectstorage.py took 0.239 seconds
[2025-05-27T18:48:12.197+0530] {processor.py:161} INFO - Started process (PID=26772) to work on /Users/zafarimam/Documents/E-Commerce Order Pipeline/airflow_venv_39/lib/python3.9/site-packages/airflow/example_dags/tutorial_objectstorage.py
[2025-05-27T18:48:12.198+0530] {processor.py:830} INFO - Processing file /Users/zafarimam/Documents/E-Commerce Order Pipeline/airflow_venv_39/lib/python3.9/site-packages/airflow/example_dags/tutorial_objectstorage.py for tasks to queue
[2025-05-27T18:48:12.198+0530] {logging_mixin.py:188} INFO - [2025-05-27T18:48:12.198+0530] {dagbag.py:538} INFO - Filling up the DagBag from /Users/zafarimam/Documents/E-Commerce Order Pipeline/airflow_venv_39/lib/python3.9/site-packages/airflow/example_dags/tutorial_objectstorage.py
[2025-05-27T18:48:12.266+0530] {processor.py:840} INFO - DAG(s) 'tutorial_objectstorage' retrieved from /Users/zafarimam/Documents/E-Commerce Order Pipeline/airflow_venv_39/lib/python3.9/site-packages/airflow/example_dags/tutorial_objectstorage.py
[2025-05-27T18:48:12.354+0530] {logging_mixin.py:188} INFO - [2025-05-27T18:48:12.354+0530] {dag.py:3036} INFO - Sync 1 DAGs
[2025-05-27T18:48:12.362+0530] {logging_mixin.py:188} INFO - [2025-05-27T18:48:12.362+0530] {dag.py:3823} INFO - Setting next_dagrun for tutorial_objectstorage to None, run_after=None
[2025-05-27T18:48:12.378+0530] {processor.py:183} INFO - Processing /Users/zafarimam/Documents/E-Commerce Order Pipeline/airflow_venv_39/lib/python3.9/site-packages/airflow/example_dags/tutorial_objectstorage.py took 0.182 seconds
[2025-05-27T18:50:03.981+0530] {processor.py:161} INFO - Started process (PID=26841) to work on /Users/zafarimam/Documents/E-Commerce Order Pipeline/airflow_venv_39/lib/python3.9/site-packages/airflow/example_dags/tutorial_objectstorage.py
[2025-05-27T18:50:03.982+0530] {processor.py:830} INFO - Processing file /Users/zafarimam/Documents/E-Commerce Order Pipeline/airflow_venv_39/lib/python3.9/site-packages/airflow/example_dags/tutorial_objectstorage.py for tasks to queue
[2025-05-27T18:50:03.982+0530] {logging_mixin.py:188} INFO - [2025-05-27T18:50:03.982+0530] {dagbag.py:538} INFO - Filling up the DagBag from /Users/zafarimam/Documents/E-Commerce Order Pipeline/airflow_venv_39/lib/python3.9/site-packages/airflow/example_dags/tutorial_objectstorage.py
[2025-05-27T18:50:04.053+0530] {processor.py:840} INFO - DAG(s) 'tutorial_objectstorage' retrieved from /Users/zafarimam/Documents/E-Commerce Order Pipeline/airflow_venv_39/lib/python3.9/site-packages/airflow/example_dags/tutorial_objectstorage.py
[2025-05-27T18:50:04.130+0530] {logging_mixin.py:188} INFO - [2025-05-27T18:50:04.130+0530] {dag.py:3036} INFO - Sync 1 DAGs
[2025-05-27T18:50:04.137+0530] {logging_mixin.py:188} INFO - [2025-05-27T18:50:04.137+0530] {dag.py:3823} INFO - Setting next_dagrun for tutorial_objectstorage to None, run_after=None
[2025-05-27T18:50:04.149+0530] {processor.py:183} INFO - Processing /Users/zafarimam/Documents/E-Commerce Order Pipeline/airflow_venv_39/lib/python3.9/site-packages/airflow/example_dags/tutorial_objectstorage.py took 0.170 seconds
[2025-05-27T18:52:00.188+0530] {processor.py:161} INFO - Started process (PID=26928) to work on /Users/zafarimam/Documents/E-Commerce Order Pipeline/airflow_venv_39/lib/python3.9/site-packages/airflow/example_dags/tutorial_objectstorage.py
[2025-05-27T18:52:00.189+0530] {processor.py:830} INFO - Processing file /Users/zafarimam/Documents/E-Commerce Order Pipeline/airflow_venv_39/lib/python3.9/site-packages/airflow/example_dags/tutorial_objectstorage.py for tasks to queue
[2025-05-27T18:52:00.189+0530] {logging_mixin.py:188} INFO - [2025-05-27T18:52:00.189+0530] {dagbag.py:538} INFO - Filling up the DagBag from /Users/zafarimam/Documents/E-Commerce Order Pipeline/airflow_venv_39/lib/python3.9/site-packages/airflow/example_dags/tutorial_objectstorage.py
[2025-05-27T18:52:00.256+0530] {processor.py:840} INFO - DAG(s) 'tutorial_objectstorage' retrieved from /Users/zafarimam/Documents/E-Commerce Order Pipeline/airflow_venv_39/lib/python3.9/site-packages/airflow/example_dags/tutorial_objectstorage.py
[2025-05-27T18:52:00.336+0530] {logging_mixin.py:188} INFO - [2025-05-27T18:52:00.336+0530] {dag.py:3036} INFO - Sync 1 DAGs
[2025-05-27T18:52:00.343+0530] {logging_mixin.py:188} INFO - [2025-05-27T18:52:00.343+0530] {dag.py:3823} INFO - Setting next_dagrun for tutorial_objectstorage to None, run_after=None
[2025-05-27T18:52:00.356+0530] {processor.py:183} INFO - Processing /Users/zafarimam/Documents/E-Commerce Order Pipeline/airflow_venv_39/lib/python3.9/site-packages/airflow/example_dags/tutorial_objectstorage.py took 0.170 seconds
[2025-05-27T18:54:00.773+0530] {processor.py:161} INFO - Started process (PID=26990) to work on /Users/zafarimam/Documents/E-Commerce Order Pipeline/airflow_venv_39/lib/python3.9/site-packages/airflow/example_dags/tutorial_objectstorage.py
[2025-05-27T18:54:00.775+0530] {processor.py:830} INFO - Processing file /Users/zafarimam/Documents/E-Commerce Order Pipeline/airflow_venv_39/lib/python3.9/site-packages/airflow/example_dags/tutorial_objectstorage.py for tasks to queue
[2025-05-27T18:54:00.775+0530] {logging_mixin.py:188} INFO - [2025-05-27T18:54:00.775+0530] {dagbag.py:538} INFO - Filling up the DagBag from /Users/zafarimam/Documents/E-Commerce Order Pipeline/airflow_venv_39/lib/python3.9/site-packages/airflow/example_dags/tutorial_objectstorage.py
[2025-05-27T18:54:00.860+0530] {processor.py:840} INFO - DAG(s) 'tutorial_objectstorage' retrieved from /Users/zafarimam/Documents/E-Commerce Order Pipeline/airflow_venv_39/lib/python3.9/site-packages/airflow/example_dags/tutorial_objectstorage.py
[2025-05-27T18:54:00.941+0530] {logging_mixin.py:188} INFO - [2025-05-27T18:54:00.941+0530] {dag.py:3036} INFO - Sync 1 DAGs
[2025-05-27T18:54:00.948+0530] {logging_mixin.py:188} INFO - [2025-05-27T18:54:00.948+0530] {dag.py:3823} INFO - Setting next_dagrun for tutorial_objectstorage to None, run_after=None
[2025-05-27T18:54:00.962+0530] {processor.py:183} INFO - Processing /Users/zafarimam/Documents/E-Commerce Order Pipeline/airflow_venv_39/lib/python3.9/site-packages/airflow/example_dags/tutorial_objectstorage.py took 0.190 seconds
[2025-05-27T18:56:05.985+0530] {processor.py:161} INFO - Started process (PID=27060) to work on /Users/zafarimam/Documents/E-Commerce Order Pipeline/airflow_venv_39/lib/python3.9/site-packages/airflow/example_dags/tutorial_objectstorage.py
[2025-05-27T18:56:05.987+0530] {processor.py:830} INFO - Processing file /Users/zafarimam/Documents/E-Commerce Order Pipeline/airflow_venv_39/lib/python3.9/site-packages/airflow/example_dags/tutorial_objectstorage.py for tasks to queue
[2025-05-27T18:56:05.988+0530] {logging_mixin.py:188} INFO - [2025-05-27T18:56:05.988+0530] {dagbag.py:538} INFO - Filling up the DagBag from /Users/zafarimam/Documents/E-Commerce Order Pipeline/airflow_venv_39/lib/python3.9/site-packages/airflow/example_dags/tutorial_objectstorage.py
[2025-05-27T18:56:06.078+0530] {processor.py:840} INFO - DAG(s) 'tutorial_objectstorage' retrieved from /Users/zafarimam/Documents/E-Commerce Order Pipeline/airflow_venv_39/lib/python3.9/site-packages/airflow/example_dags/tutorial_objectstorage.py
[2025-05-27T18:56:06.159+0530] {logging_mixin.py:188} INFO - [2025-05-27T18:56:06.158+0530] {dag.py:3036} INFO - Sync 1 DAGs
[2025-05-27T18:56:06.165+0530] {logging_mixin.py:188} INFO - [2025-05-27T18:56:06.165+0530] {dag.py:3823} INFO - Setting next_dagrun for tutorial_objectstorage to None, run_after=None
[2025-05-27T18:56:06.179+0530] {processor.py:183} INFO - Processing /Users/zafarimam/Documents/E-Commerce Order Pipeline/airflow_venv_39/lib/python3.9/site-packages/airflow/example_dags/tutorial_objectstorage.py took 0.195 seconds
[2025-05-27T18:58:07.023+0530] {processor.py:161} INFO - Started process (PID=27150) to work on /Users/zafarimam/Documents/E-Commerce Order Pipeline/airflow_venv_39/lib/python3.9/site-packages/airflow/example_dags/tutorial_objectstorage.py
[2025-05-27T18:58:07.025+0530] {processor.py:830} INFO - Processing file /Users/zafarimam/Documents/E-Commerce Order Pipeline/airflow_venv_39/lib/python3.9/site-packages/airflow/example_dags/tutorial_objectstorage.py for tasks to queue
[2025-05-27T18:58:07.026+0530] {logging_mixin.py:188} INFO - [2025-05-27T18:58:07.025+0530] {dagbag.py:538} INFO - Filling up the DagBag from /Users/zafarimam/Documents/E-Commerce Order Pipeline/airflow_venv_39/lib/python3.9/site-packages/airflow/example_dags/tutorial_objectstorage.py
[2025-05-27T18:58:07.106+0530] {processor.py:840} INFO - DAG(s) 'tutorial_objectstorage' retrieved from /Users/zafarimam/Documents/E-Commerce Order Pipeline/airflow_venv_39/lib/python3.9/site-packages/airflow/example_dags/tutorial_objectstorage.py
[2025-05-27T18:58:07.187+0530] {logging_mixin.py:188} INFO - [2025-05-27T18:58:07.187+0530] {dag.py:3036} INFO - Sync 1 DAGs
[2025-05-27T18:58:07.194+0530] {logging_mixin.py:188} INFO - [2025-05-27T18:58:07.194+0530] {dag.py:3823} INFO - Setting next_dagrun for tutorial_objectstorage to None, run_after=None
[2025-05-27T18:58:07.208+0530] {processor.py:183} INFO - Processing /Users/zafarimam/Documents/E-Commerce Order Pipeline/airflow_venv_39/lib/python3.9/site-packages/airflow/example_dags/tutorial_objectstorage.py took 0.186 seconds
[2025-05-27T19:00:06.718+0530] {processor.py:161} INFO - Started process (PID=27213) to work on /Users/zafarimam/Documents/E-Commerce Order Pipeline/airflow_venv_39/lib/python3.9/site-packages/airflow/example_dags/tutorial_objectstorage.py
[2025-05-27T19:00:06.719+0530] {processor.py:830} INFO - Processing file /Users/zafarimam/Documents/E-Commerce Order Pipeline/airflow_venv_39/lib/python3.9/site-packages/airflow/example_dags/tutorial_objectstorage.py for tasks to queue
[2025-05-27T19:00:06.720+0530] {logging_mixin.py:188} INFO - [2025-05-27T19:00:06.719+0530] {dagbag.py:538} INFO - Filling up the DagBag from /Users/zafarimam/Documents/E-Commerce Order Pipeline/airflow_venv_39/lib/python3.9/site-packages/airflow/example_dags/tutorial_objectstorage.py
[2025-05-27T19:00:06.808+0530] {processor.py:840} INFO - DAG(s) 'tutorial_objectstorage' retrieved from /Users/zafarimam/Documents/E-Commerce Order Pipeline/airflow_venv_39/lib/python3.9/site-packages/airflow/example_dags/tutorial_objectstorage.py
[2025-05-27T19:00:06.889+0530] {logging_mixin.py:188} INFO - [2025-05-27T19:00:06.889+0530] {dag.py:3036} INFO - Sync 1 DAGs
[2025-05-27T19:00:06.896+0530] {logging_mixin.py:188} INFO - [2025-05-27T19:00:06.896+0530] {dag.py:3823} INFO - Setting next_dagrun for tutorial_objectstorage to None, run_after=None
[2025-05-27T19:00:06.911+0530] {processor.py:183} INFO - Processing /Users/zafarimam/Documents/E-Commerce Order Pipeline/airflow_venv_39/lib/python3.9/site-packages/airflow/example_dags/tutorial_objectstorage.py took 0.194 seconds
[2025-05-27T19:02:16.232+0530] {processor.py:161} INFO - Started process (PID=27319) to work on /Users/zafarimam/Documents/E-Commerce Order Pipeline/airflow_venv_39/lib/python3.9/site-packages/airflow/example_dags/tutorial_objectstorage.py
[2025-05-27T19:02:16.234+0530] {processor.py:830} INFO - Processing file /Users/zafarimam/Documents/E-Commerce Order Pipeline/airflow_venv_39/lib/python3.9/site-packages/airflow/example_dags/tutorial_objectstorage.py for tasks to queue
[2025-05-27T19:02:16.234+0530] {logging_mixin.py:188} INFO - [2025-05-27T19:02:16.234+0530] {dagbag.py:538} INFO - Filling up the DagBag from /Users/zafarimam/Documents/E-Commerce Order Pipeline/airflow_venv_39/lib/python3.9/site-packages/airflow/example_dags/tutorial_objectstorage.py
[2025-05-27T19:02:16.303+0530] {processor.py:840} INFO - DAG(s) 'tutorial_objectstorage' retrieved from /Users/zafarimam/Documents/E-Commerce Order Pipeline/airflow_venv_39/lib/python3.9/site-packages/airflow/example_dags/tutorial_objectstorage.py
[2025-05-27T19:02:16.376+0530] {logging_mixin.py:188} INFO - [2025-05-27T19:02:16.376+0530] {dag.py:3036} INFO - Sync 1 DAGs
[2025-05-27T19:02:16.383+0530] {logging_mixin.py:188} INFO - [2025-05-27T19:02:16.383+0530] {dag.py:3823} INFO - Setting next_dagrun for tutorial_objectstorage to None, run_after=None
[2025-05-27T19:02:16.396+0530] {processor.py:183} INFO - Processing /Users/zafarimam/Documents/E-Commerce Order Pipeline/airflow_venv_39/lib/python3.9/site-packages/airflow/example_dags/tutorial_objectstorage.py took 0.165 seconds
[2025-05-27T19:04:10.990+0530] {processor.py:161} INFO - Started process (PID=27386) to work on /Users/zafarimam/Documents/E-Commerce Order Pipeline/airflow_venv_39/lib/python3.9/site-packages/airflow/example_dags/tutorial_objectstorage.py
[2025-05-27T19:04:10.991+0530] {processor.py:830} INFO - Processing file /Users/zafarimam/Documents/E-Commerce Order Pipeline/airflow_venv_39/lib/python3.9/site-packages/airflow/example_dags/tutorial_objectstorage.py for tasks to queue
[2025-05-27T19:04:10.992+0530] {logging_mixin.py:188} INFO - [2025-05-27T19:04:10.992+0530] {dagbag.py:538} INFO - Filling up the DagBag from /Users/zafarimam/Documents/E-Commerce Order Pipeline/airflow_venv_39/lib/python3.9/site-packages/airflow/example_dags/tutorial_objectstorage.py
[2025-05-27T19:04:11.076+0530] {processor.py:840} INFO - DAG(s) 'tutorial_objectstorage' retrieved from /Users/zafarimam/Documents/E-Commerce Order Pipeline/airflow_venv_39/lib/python3.9/site-packages/airflow/example_dags/tutorial_objectstorage.py
[2025-05-27T19:04:11.173+0530] {logging_mixin.py:188} INFO - [2025-05-27T19:04:11.172+0530] {dag.py:3036} INFO - Sync 1 DAGs
[2025-05-27T19:04:11.181+0530] {logging_mixin.py:188} INFO - [2025-05-27T19:04:11.181+0530] {dag.py:3823} INFO - Setting next_dagrun for tutorial_objectstorage to None, run_after=None
[2025-05-27T19:04:11.198+0530] {processor.py:183} INFO - Processing /Users/zafarimam/Documents/E-Commerce Order Pipeline/airflow_venv_39/lib/python3.9/site-packages/airflow/example_dags/tutorial_objectstorage.py took 0.210 seconds
[2025-05-27T19:06:19.511+0530] {processor.py:161} INFO - Started process (PID=27442) to work on /Users/zafarimam/Documents/E-Commerce Order Pipeline/airflow_venv_39/lib/python3.9/site-packages/airflow/example_dags/tutorial_objectstorage.py
[2025-05-27T19:06:19.512+0530] {processor.py:830} INFO - Processing file /Users/zafarimam/Documents/E-Commerce Order Pipeline/airflow_venv_39/lib/python3.9/site-packages/airflow/example_dags/tutorial_objectstorage.py for tasks to queue
[2025-05-27T19:06:19.513+0530] {logging_mixin.py:188} INFO - [2025-05-27T19:06:19.513+0530] {dagbag.py:538} INFO - Filling up the DagBag from /Users/zafarimam/Documents/E-Commerce Order Pipeline/airflow_venv_39/lib/python3.9/site-packages/airflow/example_dags/tutorial_objectstorage.py
[2025-05-27T19:06:19.590+0530] {processor.py:840} INFO - DAG(s) 'tutorial_objectstorage' retrieved from /Users/zafarimam/Documents/E-Commerce Order Pipeline/airflow_venv_39/lib/python3.9/site-packages/airflow/example_dags/tutorial_objectstorage.py
[2025-05-27T19:06:19.680+0530] {logging_mixin.py:188} INFO - [2025-05-27T19:06:19.680+0530] {dag.py:3036} INFO - Sync 1 DAGs
[2025-05-27T19:06:19.689+0530] {logging_mixin.py:188} INFO - [2025-05-27T19:06:19.688+0530] {dag.py:3823} INFO - Setting next_dagrun for tutorial_objectstorage to None, run_after=None
[2025-05-27T19:06:19.704+0530] {processor.py:183} INFO - Processing /Users/zafarimam/Documents/E-Commerce Order Pipeline/airflow_venv_39/lib/python3.9/site-packages/airflow/example_dags/tutorial_objectstorage.py took 0.195 seconds
[2025-05-27T19:08:29.966+0530] {processor.py:161} INFO - Started process (PID=27537) to work on /Users/zafarimam/Documents/E-Commerce Order Pipeline/airflow_venv_39/lib/python3.9/site-packages/airflow/example_dags/tutorial_objectstorage.py
[2025-05-27T19:08:29.968+0530] {processor.py:830} INFO - Processing file /Users/zafarimam/Documents/E-Commerce Order Pipeline/airflow_venv_39/lib/python3.9/site-packages/airflow/example_dags/tutorial_objectstorage.py for tasks to queue
[2025-05-27T19:08:29.968+0530] {logging_mixin.py:188} INFO - [2025-05-27T19:08:29.968+0530] {dagbag.py:538} INFO - Filling up the DagBag from /Users/zafarimam/Documents/E-Commerce Order Pipeline/airflow_venv_39/lib/python3.9/site-packages/airflow/example_dags/tutorial_objectstorage.py
[2025-05-27T19:08:30.034+0530] {processor.py:840} INFO - DAG(s) 'tutorial_objectstorage' retrieved from /Users/zafarimam/Documents/E-Commerce Order Pipeline/airflow_venv_39/lib/python3.9/site-packages/airflow/example_dags/tutorial_objectstorage.py
[2025-05-27T19:08:30.105+0530] {logging_mixin.py:188} INFO - [2025-05-27T19:08:30.104+0530] {dag.py:3036} INFO - Sync 1 DAGs
[2025-05-27T19:08:30.111+0530] {logging_mixin.py:188} INFO - [2025-05-27T19:08:30.111+0530] {dag.py:3823} INFO - Setting next_dagrun for tutorial_objectstorage to None, run_after=None
[2025-05-27T19:08:30.125+0530] {processor.py:183} INFO - Processing /Users/zafarimam/Documents/E-Commerce Order Pipeline/airflow_venv_39/lib/python3.9/site-packages/airflow/example_dags/tutorial_objectstorage.py took 0.160 seconds
[2025-05-27T19:10:11.045+0530] {processor.py:161} INFO - Started process (PID=27590) to work on /Users/zafarimam/Documents/E-Commerce Order Pipeline/airflow_venv_39/lib/python3.9/site-packages/airflow/example_dags/tutorial_objectstorage.py
[2025-05-27T19:10:11.046+0530] {processor.py:830} INFO - Processing file /Users/zafarimam/Documents/E-Commerce Order Pipeline/airflow_venv_39/lib/python3.9/site-packages/airflow/example_dags/tutorial_objectstorage.py for tasks to queue
[2025-05-27T19:10:11.046+0530] {logging_mixin.py:188} INFO - [2025-05-27T19:10:11.046+0530] {dagbag.py:538} INFO - Filling up the DagBag from /Users/zafarimam/Documents/E-Commerce Order Pipeline/airflow_venv_39/lib/python3.9/site-packages/airflow/example_dags/tutorial_objectstorage.py
[2025-05-27T19:10:11.107+0530] {processor.py:840} INFO - DAG(s) 'tutorial_objectstorage' retrieved from /Users/zafarimam/Documents/E-Commerce Order Pipeline/airflow_venv_39/lib/python3.9/site-packages/airflow/example_dags/tutorial_objectstorage.py
[2025-05-27T19:10:11.176+0530] {logging_mixin.py:188} INFO - [2025-05-27T19:10:11.176+0530] {dag.py:3036} INFO - Sync 1 DAGs
[2025-05-27T19:10:11.182+0530] {logging_mixin.py:188} INFO - [2025-05-27T19:10:11.182+0530] {dag.py:3823} INFO - Setting next_dagrun for tutorial_objectstorage to None, run_after=None
[2025-05-27T19:10:11.196+0530] {processor.py:183} INFO - Processing /Users/zafarimam/Documents/E-Commerce Order Pipeline/airflow_venv_39/lib/python3.9/site-packages/airflow/example_dags/tutorial_objectstorage.py took 0.152 seconds
[2025-05-27T19:11:52.340+0530] {processor.py:161} INFO - Started process (PID=27646) to work on /Users/zafarimam/Documents/E-Commerce Order Pipeline/airflow_venv_39/lib/python3.9/site-packages/airflow/example_dags/tutorial_objectstorage.py
[2025-05-27T19:11:52.340+0530] {processor.py:830} INFO - Processing file /Users/zafarimam/Documents/E-Commerce Order Pipeline/airflow_venv_39/lib/python3.9/site-packages/airflow/example_dags/tutorial_objectstorage.py for tasks to queue
[2025-05-27T19:11:52.341+0530] {logging_mixin.py:188} INFO - [2025-05-27T19:11:52.341+0530] {dagbag.py:538} INFO - Filling up the DagBag from /Users/zafarimam/Documents/E-Commerce Order Pipeline/airflow_venv_39/lib/python3.9/site-packages/airflow/example_dags/tutorial_objectstorage.py
[2025-05-27T19:11:52.403+0530] {processor.py:840} INFO - DAG(s) 'tutorial_objectstorage' retrieved from /Users/zafarimam/Documents/E-Commerce Order Pipeline/airflow_venv_39/lib/python3.9/site-packages/airflow/example_dags/tutorial_objectstorage.py
[2025-05-27T19:11:52.473+0530] {logging_mixin.py:188} INFO - [2025-05-27T19:11:52.473+0530] {dag.py:3036} INFO - Sync 1 DAGs
[2025-05-27T19:11:52.480+0530] {logging_mixin.py:188} INFO - [2025-05-27T19:11:52.480+0530] {dag.py:3823} INFO - Setting next_dagrun for tutorial_objectstorage to None, run_after=None
[2025-05-27T19:11:52.498+0530] {processor.py:183} INFO - Processing /Users/zafarimam/Documents/E-Commerce Order Pipeline/airflow_venv_39/lib/python3.9/site-packages/airflow/example_dags/tutorial_objectstorage.py took 0.160 seconds
[2025-05-27T19:13:32.162+0530] {processor.py:161} INFO - Started process (PID=27696) to work on /Users/zafarimam/Documents/E-Commerce Order Pipeline/airflow_venv_39/lib/python3.9/site-packages/airflow/example_dags/tutorial_objectstorage.py
[2025-05-27T19:13:32.163+0530] {processor.py:830} INFO - Processing file /Users/zafarimam/Documents/E-Commerce Order Pipeline/airflow_venv_39/lib/python3.9/site-packages/airflow/example_dags/tutorial_objectstorage.py for tasks to queue
[2025-05-27T19:13:32.163+0530] {logging_mixin.py:188} INFO - [2025-05-27T19:13:32.163+0530] {dagbag.py:538} INFO - Filling up the DagBag from /Users/zafarimam/Documents/E-Commerce Order Pipeline/airflow_venv_39/lib/python3.9/site-packages/airflow/example_dags/tutorial_objectstorage.py
[2025-05-27T19:13:32.225+0530] {processor.py:840} INFO - DAG(s) 'tutorial_objectstorage' retrieved from /Users/zafarimam/Documents/E-Commerce Order Pipeline/airflow_venv_39/lib/python3.9/site-packages/airflow/example_dags/tutorial_objectstorage.py
[2025-05-27T19:13:32.293+0530] {logging_mixin.py:188} INFO - [2025-05-27T19:13:32.293+0530] {dag.py:3036} INFO - Sync 1 DAGs
[2025-05-27T19:13:32.299+0530] {logging_mixin.py:188} INFO - [2025-05-27T19:13:32.299+0530] {dag.py:3823} INFO - Setting next_dagrun for tutorial_objectstorage to None, run_after=None
[2025-05-27T19:13:32.312+0530] {processor.py:183} INFO - Processing /Users/zafarimam/Documents/E-Commerce Order Pipeline/airflow_venv_39/lib/python3.9/site-packages/airflow/example_dags/tutorial_objectstorage.py took 0.151 seconds
[2025-05-27T19:15:12.349+0530] {processor.py:161} INFO - Started process (PID=27747) to work on /Users/zafarimam/Documents/E-Commerce Order Pipeline/airflow_venv_39/lib/python3.9/site-packages/airflow/example_dags/tutorial_objectstorage.py
[2025-05-27T19:15:12.350+0530] {processor.py:830} INFO - Processing file /Users/zafarimam/Documents/E-Commerce Order Pipeline/airflow_venv_39/lib/python3.9/site-packages/airflow/example_dags/tutorial_objectstorage.py for tasks to queue
[2025-05-27T19:15:12.351+0530] {logging_mixin.py:188} INFO - [2025-05-27T19:15:12.350+0530] {dagbag.py:538} INFO - Filling up the DagBag from /Users/zafarimam/Documents/E-Commerce Order Pipeline/airflow_venv_39/lib/python3.9/site-packages/airflow/example_dags/tutorial_objectstorage.py
[2025-05-27T19:15:12.412+0530] {processor.py:840} INFO - DAG(s) 'tutorial_objectstorage' retrieved from /Users/zafarimam/Documents/E-Commerce Order Pipeline/airflow_venv_39/lib/python3.9/site-packages/airflow/example_dags/tutorial_objectstorage.py
[2025-05-27T19:15:12.481+0530] {logging_mixin.py:188} INFO - [2025-05-27T19:15:12.481+0530] {dag.py:3036} INFO - Sync 1 DAGs
[2025-05-27T19:15:12.487+0530] {logging_mixin.py:188} INFO - [2025-05-27T19:15:12.487+0530] {dag.py:3823} INFO - Setting next_dagrun for tutorial_objectstorage to None, run_after=None
[2025-05-27T19:15:12.506+0530] {processor.py:183} INFO - Processing /Users/zafarimam/Documents/E-Commerce Order Pipeline/airflow_venv_39/lib/python3.9/site-packages/airflow/example_dags/tutorial_objectstorage.py took 0.158 seconds
[2025-05-27T19:16:53.651+0530] {processor.py:161} INFO - Started process (PID=27804) to work on /Users/zafarimam/Documents/E-Commerce Order Pipeline/airflow_venv_39/lib/python3.9/site-packages/airflow/example_dags/tutorial_objectstorage.py
[2025-05-27T19:16:53.652+0530] {processor.py:830} INFO - Processing file /Users/zafarimam/Documents/E-Commerce Order Pipeline/airflow_venv_39/lib/python3.9/site-packages/airflow/example_dags/tutorial_objectstorage.py for tasks to queue
[2025-05-27T19:16:53.653+0530] {logging_mixin.py:188} INFO - [2025-05-27T19:16:53.653+0530] {dagbag.py:538} INFO - Filling up the DagBag from /Users/zafarimam/Documents/E-Commerce Order Pipeline/airflow_venv_39/lib/python3.9/site-packages/airflow/example_dags/tutorial_objectstorage.py
[2025-05-27T19:16:53.715+0530] {processor.py:840} INFO - DAG(s) 'tutorial_objectstorage' retrieved from /Users/zafarimam/Documents/E-Commerce Order Pipeline/airflow_venv_39/lib/python3.9/site-packages/airflow/example_dags/tutorial_objectstorage.py
[2025-05-27T19:16:53.788+0530] {logging_mixin.py:188} INFO - [2025-05-27T19:16:53.787+0530] {dag.py:3036} INFO - Sync 1 DAGs
[2025-05-27T19:16:53.794+0530] {logging_mixin.py:188} INFO - [2025-05-27T19:16:53.794+0530] {dag.py:3823} INFO - Setting next_dagrun for tutorial_objectstorage to None, run_after=None
[2025-05-27T19:16:53.809+0530] {processor.py:183} INFO - Processing /Users/zafarimam/Documents/E-Commerce Order Pipeline/airflow_venv_39/lib/python3.9/site-packages/airflow/example_dags/tutorial_objectstorage.py took 0.158 seconds
[2025-05-27T19:18:33.564+0530] {processor.py:161} INFO - Started process (PID=27873) to work on /Users/zafarimam/Documents/E-Commerce Order Pipeline/airflow_venv_39/lib/python3.9/site-packages/airflow/example_dags/tutorial_objectstorage.py
[2025-05-27T19:18:33.565+0530] {processor.py:830} INFO - Processing file /Users/zafarimam/Documents/E-Commerce Order Pipeline/airflow_venv_39/lib/python3.9/site-packages/airflow/example_dags/tutorial_objectstorage.py for tasks to queue
[2025-05-27T19:18:33.565+0530] {logging_mixin.py:188} INFO - [2025-05-27T19:18:33.565+0530] {dagbag.py:538} INFO - Filling up the DagBag from /Users/zafarimam/Documents/E-Commerce Order Pipeline/airflow_venv_39/lib/python3.9/site-packages/airflow/example_dags/tutorial_objectstorage.py
[2025-05-27T19:18:33.627+0530] {processor.py:840} INFO - DAG(s) 'tutorial_objectstorage' retrieved from /Users/zafarimam/Documents/E-Commerce Order Pipeline/airflow_venv_39/lib/python3.9/site-packages/airflow/example_dags/tutorial_objectstorage.py
[2025-05-27T19:18:33.696+0530] {logging_mixin.py:188} INFO - [2025-05-27T19:18:33.696+0530] {dag.py:3036} INFO - Sync 1 DAGs
[2025-05-27T19:18:33.703+0530] {logging_mixin.py:188} INFO - [2025-05-27T19:18:33.703+0530] {dag.py:3823} INFO - Setting next_dagrun for tutorial_objectstorage to None, run_after=None
[2025-05-27T19:18:33.717+0530] {processor.py:183} INFO - Processing /Users/zafarimam/Documents/E-Commerce Order Pipeline/airflow_venv_39/lib/python3.9/site-packages/airflow/example_dags/tutorial_objectstorage.py took 0.154 seconds
[2025-05-27T19:20:14.329+0530] {processor.py:161} INFO - Started process (PID=27942) to work on /Users/zafarimam/Documents/E-Commerce Order Pipeline/airflow_venv_39/lib/python3.9/site-packages/airflow/example_dags/tutorial_objectstorage.py
[2025-05-27T19:20:14.330+0530] {processor.py:830} INFO - Processing file /Users/zafarimam/Documents/E-Commerce Order Pipeline/airflow_venv_39/lib/python3.9/site-packages/airflow/example_dags/tutorial_objectstorage.py for tasks to queue
[2025-05-27T19:20:14.331+0530] {logging_mixin.py:188} INFO - [2025-05-27T19:20:14.330+0530] {dagbag.py:538} INFO - Filling up the DagBag from /Users/zafarimam/Documents/E-Commerce Order Pipeline/airflow_venv_39/lib/python3.9/site-packages/airflow/example_dags/tutorial_objectstorage.py
[2025-05-27T19:20:14.393+0530] {processor.py:840} INFO - DAG(s) 'tutorial_objectstorage' retrieved from /Users/zafarimam/Documents/E-Commerce Order Pipeline/airflow_venv_39/lib/python3.9/site-packages/airflow/example_dags/tutorial_objectstorage.py
[2025-05-27T19:20:14.461+0530] {logging_mixin.py:188} INFO - [2025-05-27T19:20:14.461+0530] {dag.py:3036} INFO - Sync 1 DAGs
[2025-05-27T19:20:14.467+0530] {logging_mixin.py:188} INFO - [2025-05-27T19:20:14.467+0530] {dag.py:3823} INFO - Setting next_dagrun for tutorial_objectstorage to None, run_after=None
[2025-05-27T19:20:14.485+0530] {processor.py:183} INFO - Processing /Users/zafarimam/Documents/E-Commerce Order Pipeline/airflow_venv_39/lib/python3.9/site-packages/airflow/example_dags/tutorial_objectstorage.py took 0.157 seconds
[2025-05-27T19:21:53.222+0530] {processor.py:161} INFO - Started process (PID=27998) to work on /Users/zafarimam/Documents/E-Commerce Order Pipeline/airflow_venv_39/lib/python3.9/site-packages/airflow/example_dags/tutorial_objectstorage.py
[2025-05-27T19:21:53.223+0530] {processor.py:830} INFO - Processing file /Users/zafarimam/Documents/E-Commerce Order Pipeline/airflow_venv_39/lib/python3.9/site-packages/airflow/example_dags/tutorial_objectstorage.py for tasks to queue
[2025-05-27T19:21:53.223+0530] {logging_mixin.py:188} INFO - [2025-05-27T19:21:53.223+0530] {dagbag.py:538} INFO - Filling up the DagBag from /Users/zafarimam/Documents/E-Commerce Order Pipeline/airflow_venv_39/lib/python3.9/site-packages/airflow/example_dags/tutorial_objectstorage.py
[2025-05-27T19:21:53.286+0530] {processor.py:840} INFO - DAG(s) 'tutorial_objectstorage' retrieved from /Users/zafarimam/Documents/E-Commerce Order Pipeline/airflow_venv_39/lib/python3.9/site-packages/airflow/example_dags/tutorial_objectstorage.py
[2025-05-27T19:21:53.356+0530] {logging_mixin.py:188} INFO - [2025-05-27T19:21:53.355+0530] {dag.py:3036} INFO - Sync 1 DAGs
[2025-05-27T19:21:53.362+0530] {logging_mixin.py:188} INFO - [2025-05-27T19:21:53.362+0530] {dag.py:3823} INFO - Setting next_dagrun for tutorial_objectstorage to None, run_after=None
[2025-05-27T19:21:53.379+0530] {processor.py:183} INFO - Processing /Users/zafarimam/Documents/E-Commerce Order Pipeline/airflow_venv_39/lib/python3.9/site-packages/airflow/example_dags/tutorial_objectstorage.py took 0.159 seconds
[2025-05-27T19:23:34.519+0530] {processor.py:161} INFO - Started process (PID=28058) to work on /Users/zafarimam/Documents/E-Commerce Order Pipeline/airflow_venv_39/lib/python3.9/site-packages/airflow/example_dags/tutorial_objectstorage.py
[2025-05-27T19:23:34.520+0530] {processor.py:830} INFO - Processing file /Users/zafarimam/Documents/E-Commerce Order Pipeline/airflow_venv_39/lib/python3.9/site-packages/airflow/example_dags/tutorial_objectstorage.py for tasks to queue
[2025-05-27T19:23:34.520+0530] {logging_mixin.py:188} INFO - [2025-05-27T19:23:34.520+0530] {dagbag.py:538} INFO - Filling up the DagBag from /Users/zafarimam/Documents/E-Commerce Order Pipeline/airflow_venv_39/lib/python3.9/site-packages/airflow/example_dags/tutorial_objectstorage.py
[2025-05-27T19:23:34.582+0530] {processor.py:840} INFO - DAG(s) 'tutorial_objectstorage' retrieved from /Users/zafarimam/Documents/E-Commerce Order Pipeline/airflow_venv_39/lib/python3.9/site-packages/airflow/example_dags/tutorial_objectstorage.py
[2025-05-27T19:23:34.651+0530] {logging_mixin.py:188} INFO - [2025-05-27T19:23:34.651+0530] {dag.py:3036} INFO - Sync 1 DAGs
[2025-05-27T19:23:34.657+0530] {logging_mixin.py:188} INFO - [2025-05-27T19:23:34.656+0530] {dag.py:3823} INFO - Setting next_dagrun for tutorial_objectstorage to None, run_after=None
[2025-05-27T19:23:34.675+0530] {processor.py:183} INFO - Processing /Users/zafarimam/Documents/E-Commerce Order Pipeline/airflow_venv_39/lib/python3.9/site-packages/airflow/example_dags/tutorial_objectstorage.py took 0.157 seconds
[2025-05-27T19:25:14.867+0530] {processor.py:161} INFO - Started process (PID=28112) to work on /Users/zafarimam/Documents/E-Commerce Order Pipeline/airflow_venv_39/lib/python3.9/site-packages/airflow/example_dags/tutorial_objectstorage.py
[2025-05-27T19:25:14.868+0530] {processor.py:830} INFO - Processing file /Users/zafarimam/Documents/E-Commerce Order Pipeline/airflow_venv_39/lib/python3.9/site-packages/airflow/example_dags/tutorial_objectstorage.py for tasks to queue
[2025-05-27T19:25:14.869+0530] {logging_mixin.py:188} INFO - [2025-05-27T19:25:14.869+0530] {dagbag.py:538} INFO - Filling up the DagBag from /Users/zafarimam/Documents/E-Commerce Order Pipeline/airflow_venv_39/lib/python3.9/site-packages/airflow/example_dags/tutorial_objectstorage.py
[2025-05-27T19:25:14.931+0530] {processor.py:840} INFO - DAG(s) 'tutorial_objectstorage' retrieved from /Users/zafarimam/Documents/E-Commerce Order Pipeline/airflow_venv_39/lib/python3.9/site-packages/airflow/example_dags/tutorial_objectstorage.py
[2025-05-27T19:25:15.001+0530] {logging_mixin.py:188} INFO - [2025-05-27T19:25:15.001+0530] {dag.py:3036} INFO - Sync 1 DAGs
[2025-05-27T19:25:15.007+0530] {logging_mixin.py:188} INFO - [2025-05-27T19:25:15.007+0530] {dag.py:3823} INFO - Setting next_dagrun for tutorial_objectstorage to None, run_after=None
[2025-05-27T19:25:15.026+0530] {processor.py:183} INFO - Processing /Users/zafarimam/Documents/E-Commerce Order Pipeline/airflow_venv_39/lib/python3.9/site-packages/airflow/example_dags/tutorial_objectstorage.py took 0.159 seconds
[2025-05-27T19:26:55.805+0530] {processor.py:161} INFO - Started process (PID=28167) to work on /Users/zafarimam/Documents/E-Commerce Order Pipeline/airflow_venv_39/lib/python3.9/site-packages/airflow/example_dags/tutorial_objectstorage.py
[2025-05-27T19:26:55.806+0530] {processor.py:830} INFO - Processing file /Users/zafarimam/Documents/E-Commerce Order Pipeline/airflow_venv_39/lib/python3.9/site-packages/airflow/example_dags/tutorial_objectstorage.py for tasks to queue
[2025-05-27T19:26:55.807+0530] {logging_mixin.py:188} INFO - [2025-05-27T19:26:55.806+0530] {dagbag.py:538} INFO - Filling up the DagBag from /Users/zafarimam/Documents/E-Commerce Order Pipeline/airflow_venv_39/lib/python3.9/site-packages/airflow/example_dags/tutorial_objectstorage.py
[2025-05-27T19:26:55.868+0530] {processor.py:840} INFO - DAG(s) 'tutorial_objectstorage' retrieved from /Users/zafarimam/Documents/E-Commerce Order Pipeline/airflow_venv_39/lib/python3.9/site-packages/airflow/example_dags/tutorial_objectstorage.py
[2025-05-27T19:26:55.938+0530] {logging_mixin.py:188} INFO - [2025-05-27T19:26:55.938+0530] {dag.py:3036} INFO - Sync 1 DAGs
[2025-05-27T19:26:55.944+0530] {logging_mixin.py:188} INFO - [2025-05-27T19:26:55.944+0530] {dag.py:3823} INFO - Setting next_dagrun for tutorial_objectstorage to None, run_after=None
[2025-05-27T19:26:55.958+0530] {processor.py:183} INFO - Processing /Users/zafarimam/Documents/E-Commerce Order Pipeline/airflow_venv_39/lib/python3.9/site-packages/airflow/example_dags/tutorial_objectstorage.py took 0.154 seconds
[2025-05-27T19:28:35.054+0530] {processor.py:161} INFO - Started process (PID=28219) to work on /Users/zafarimam/Documents/E-Commerce Order Pipeline/airflow_venv_39/lib/python3.9/site-packages/airflow/example_dags/tutorial_objectstorage.py
[2025-05-27T19:28:35.055+0530] {processor.py:830} INFO - Processing file /Users/zafarimam/Documents/E-Commerce Order Pipeline/airflow_venv_39/lib/python3.9/site-packages/airflow/example_dags/tutorial_objectstorage.py for tasks to queue
[2025-05-27T19:28:35.055+0530] {logging_mixin.py:188} INFO - [2025-05-27T19:28:35.055+0530] {dagbag.py:538} INFO - Filling up the DagBag from /Users/zafarimam/Documents/E-Commerce Order Pipeline/airflow_venv_39/lib/python3.9/site-packages/airflow/example_dags/tutorial_objectstorage.py
[2025-05-27T19:28:35.116+0530] {processor.py:840} INFO - DAG(s) 'tutorial_objectstorage' retrieved from /Users/zafarimam/Documents/E-Commerce Order Pipeline/airflow_venv_39/lib/python3.9/site-packages/airflow/example_dags/tutorial_objectstorage.py
[2025-05-27T19:28:35.185+0530] {logging_mixin.py:188} INFO - [2025-05-27T19:28:35.185+0530] {dag.py:3036} INFO - Sync 1 DAGs
[2025-05-27T19:28:35.191+0530] {logging_mixin.py:188} INFO - [2025-05-27T19:28:35.191+0530] {dag.py:3823} INFO - Setting next_dagrun for tutorial_objectstorage to None, run_after=None
[2025-05-27T19:28:35.209+0530] {processor.py:183} INFO - Processing /Users/zafarimam/Documents/E-Commerce Order Pipeline/airflow_venv_39/lib/python3.9/site-packages/airflow/example_dags/tutorial_objectstorage.py took 0.157 seconds
[2025-05-27T19:30:36.063+0530] {processor.py:161} INFO - Started process (PID=28299) to work on /Users/zafarimam/Documents/E-Commerce Order Pipeline/airflow_venv_39/lib/python3.9/site-packages/airflow/example_dags/tutorial_objectstorage.py
[2025-05-27T19:30:36.064+0530] {processor.py:830} INFO - Processing file /Users/zafarimam/Documents/E-Commerce Order Pipeline/airflow_venv_39/lib/python3.9/site-packages/airflow/example_dags/tutorial_objectstorage.py for tasks to queue
[2025-05-27T19:30:36.065+0530] {logging_mixin.py:188} INFO - [2025-05-27T19:30:36.064+0530] {dagbag.py:538} INFO - Filling up the DagBag from /Users/zafarimam/Documents/E-Commerce Order Pipeline/airflow_venv_39/lib/python3.9/site-packages/airflow/example_dags/tutorial_objectstorage.py
[2025-05-27T19:30:36.126+0530] {processor.py:840} INFO - DAG(s) 'tutorial_objectstorage' retrieved from /Users/zafarimam/Documents/E-Commerce Order Pipeline/airflow_venv_39/lib/python3.9/site-packages/airflow/example_dags/tutorial_objectstorage.py
[2025-05-27T19:30:36.218+0530] {logging_mixin.py:188} INFO - [2025-05-27T19:30:36.218+0530] {dag.py:3036} INFO - Sync 1 DAGs
[2025-05-27T19:30:36.226+0530] {logging_mixin.py:188} INFO - [2025-05-27T19:30:36.226+0530] {dag.py:3823} INFO - Setting next_dagrun for tutorial_objectstorage to None, run_after=None
[2025-05-27T19:30:36.245+0530] {processor.py:183} INFO - Processing /Users/zafarimam/Documents/E-Commerce Order Pipeline/airflow_venv_39/lib/python3.9/site-packages/airflow/example_dags/tutorial_objectstorage.py took 0.183 seconds
[2025-05-27T19:32:16.842+0530] {processor.py:161} INFO - Started process (PID=28354) to work on /Users/zafarimam/Documents/E-Commerce Order Pipeline/airflow_venv_39/lib/python3.9/site-packages/airflow/example_dags/tutorial_objectstorage.py
[2025-05-27T19:32:16.843+0530] {processor.py:830} INFO - Processing file /Users/zafarimam/Documents/E-Commerce Order Pipeline/airflow_venv_39/lib/python3.9/site-packages/airflow/example_dags/tutorial_objectstorage.py for tasks to queue
[2025-05-27T19:32:16.843+0530] {logging_mixin.py:188} INFO - [2025-05-27T19:32:16.843+0530] {dagbag.py:538} INFO - Filling up the DagBag from /Users/zafarimam/Documents/E-Commerce Order Pipeline/airflow_venv_39/lib/python3.9/site-packages/airflow/example_dags/tutorial_objectstorage.py
[2025-05-27T19:32:16.906+0530] {processor.py:840} INFO - DAG(s) 'tutorial_objectstorage' retrieved from /Users/zafarimam/Documents/E-Commerce Order Pipeline/airflow_venv_39/lib/python3.9/site-packages/airflow/example_dags/tutorial_objectstorage.py
[2025-05-27T19:32:16.973+0530] {logging_mixin.py:188} INFO - [2025-05-27T19:32:16.973+0530] {dag.py:3036} INFO - Sync 1 DAGs
[2025-05-27T19:32:16.979+0530] {logging_mixin.py:188} INFO - [2025-05-27T19:32:16.979+0530] {dag.py:3823} INFO - Setting next_dagrun for tutorial_objectstorage to None, run_after=None
[2025-05-27T19:32:16.994+0530] {processor.py:183} INFO - Processing /Users/zafarimam/Documents/E-Commerce Order Pipeline/airflow_venv_39/lib/python3.9/site-packages/airflow/example_dags/tutorial_objectstorage.py took 0.153 seconds
[2025-05-27T19:33:56.753+0530] {processor.py:161} INFO - Started process (PID=28407) to work on /Users/zafarimam/Documents/E-Commerce Order Pipeline/airflow_venv_39/lib/python3.9/site-packages/airflow/example_dags/tutorial_objectstorage.py
[2025-05-27T19:33:56.754+0530] {processor.py:830} INFO - Processing file /Users/zafarimam/Documents/E-Commerce Order Pipeline/airflow_venv_39/lib/python3.9/site-packages/airflow/example_dags/tutorial_objectstorage.py for tasks to queue
[2025-05-27T19:33:56.754+0530] {logging_mixin.py:188} INFO - [2025-05-27T19:33:56.754+0530] {dagbag.py:538} INFO - Filling up the DagBag from /Users/zafarimam/Documents/E-Commerce Order Pipeline/airflow_venv_39/lib/python3.9/site-packages/airflow/example_dags/tutorial_objectstorage.py
[2025-05-27T19:33:56.815+0530] {processor.py:840} INFO - DAG(s) 'tutorial_objectstorage' retrieved from /Users/zafarimam/Documents/E-Commerce Order Pipeline/airflow_venv_39/lib/python3.9/site-packages/airflow/example_dags/tutorial_objectstorage.py
[2025-05-27T19:33:56.884+0530] {logging_mixin.py:188} INFO - [2025-05-27T19:33:56.884+0530] {dag.py:3036} INFO - Sync 1 DAGs
[2025-05-27T19:33:56.891+0530] {logging_mixin.py:188} INFO - [2025-05-27T19:33:56.890+0530] {dag.py:3823} INFO - Setting next_dagrun for tutorial_objectstorage to None, run_after=None
[2025-05-27T19:33:56.905+0530] {processor.py:183} INFO - Processing /Users/zafarimam/Documents/E-Commerce Order Pipeline/airflow_venv_39/lib/python3.9/site-packages/airflow/example_dags/tutorial_objectstorage.py took 0.154 seconds
[2025-05-27T19:35:38.541+0530] {processor.py:161} INFO - Started process (PID=28457) to work on /Users/zafarimam/Documents/E-Commerce Order Pipeline/airflow_venv_39/lib/python3.9/site-packages/airflow/example_dags/tutorial_objectstorage.py
[2025-05-27T19:35:38.542+0530] {processor.py:830} INFO - Processing file /Users/zafarimam/Documents/E-Commerce Order Pipeline/airflow_venv_39/lib/python3.9/site-packages/airflow/example_dags/tutorial_objectstorage.py for tasks to queue
[2025-05-27T19:35:38.543+0530] {logging_mixin.py:188} INFO - [2025-05-27T19:35:38.543+0530] {dagbag.py:538} INFO - Filling up the DagBag from /Users/zafarimam/Documents/E-Commerce Order Pipeline/airflow_venv_39/lib/python3.9/site-packages/airflow/example_dags/tutorial_objectstorage.py
[2025-05-27T19:35:38.605+0530] {processor.py:840} INFO - DAG(s) 'tutorial_objectstorage' retrieved from /Users/zafarimam/Documents/E-Commerce Order Pipeline/airflow_venv_39/lib/python3.9/site-packages/airflow/example_dags/tutorial_objectstorage.py
[2025-05-27T19:35:38.674+0530] {logging_mixin.py:188} INFO - [2025-05-27T19:35:38.674+0530] {dag.py:3036} INFO - Sync 1 DAGs
[2025-05-27T19:35:38.680+0530] {logging_mixin.py:188} INFO - [2025-05-27T19:35:38.680+0530] {dag.py:3823} INFO - Setting next_dagrun for tutorial_objectstorage to None, run_after=None
[2025-05-27T19:35:38.698+0530] {processor.py:183} INFO - Processing /Users/zafarimam/Documents/E-Commerce Order Pipeline/airflow_venv_39/lib/python3.9/site-packages/airflow/example_dags/tutorial_objectstorage.py took 0.158 seconds
[2025-05-27T19:37:19.908+0530] {processor.py:161} INFO - Started process (PID=28511) to work on /Users/zafarimam/Documents/E-Commerce Order Pipeline/airflow_venv_39/lib/python3.9/site-packages/airflow/example_dags/tutorial_objectstorage.py
[2025-05-27T19:37:19.909+0530] {processor.py:830} INFO - Processing file /Users/zafarimam/Documents/E-Commerce Order Pipeline/airflow_venv_39/lib/python3.9/site-packages/airflow/example_dags/tutorial_objectstorage.py for tasks to queue
[2025-05-27T19:37:19.910+0530] {logging_mixin.py:188} INFO - [2025-05-27T19:37:19.910+0530] {dagbag.py:538} INFO - Filling up the DagBag from /Users/zafarimam/Documents/E-Commerce Order Pipeline/airflow_venv_39/lib/python3.9/site-packages/airflow/example_dags/tutorial_objectstorage.py
[2025-05-27T19:37:19.973+0530] {processor.py:840} INFO - DAG(s) 'tutorial_objectstorage' retrieved from /Users/zafarimam/Documents/E-Commerce Order Pipeline/airflow_venv_39/lib/python3.9/site-packages/airflow/example_dags/tutorial_objectstorage.py
[2025-05-27T19:37:20.043+0530] {logging_mixin.py:188} INFO - [2025-05-27T19:37:20.042+0530] {dag.py:3036} INFO - Sync 1 DAGs
[2025-05-27T19:37:20.049+0530] {logging_mixin.py:188} INFO - [2025-05-27T19:37:20.049+0530] {dag.py:3823} INFO - Setting next_dagrun for tutorial_objectstorage to None, run_after=None
[2025-05-27T19:37:20.061+0530] {processor.py:183} INFO - Processing /Users/zafarimam/Documents/E-Commerce Order Pipeline/airflow_venv_39/lib/python3.9/site-packages/airflow/example_dags/tutorial_objectstorage.py took 0.154 seconds
[2025-05-27T19:38:59.524+0530] {processor.py:161} INFO - Started process (PID=28562) to work on /Users/zafarimam/Documents/E-Commerce Order Pipeline/airflow_venv_39/lib/python3.9/site-packages/airflow/example_dags/tutorial_objectstorage.py
[2025-05-27T19:38:59.525+0530] {processor.py:830} INFO - Processing file /Users/zafarimam/Documents/E-Commerce Order Pipeline/airflow_venv_39/lib/python3.9/site-packages/airflow/example_dags/tutorial_objectstorage.py for tasks to queue
[2025-05-27T19:38:59.526+0530] {logging_mixin.py:188} INFO - [2025-05-27T19:38:59.526+0530] {dagbag.py:538} INFO - Filling up the DagBag from /Users/zafarimam/Documents/E-Commerce Order Pipeline/airflow_venv_39/lib/python3.9/site-packages/airflow/example_dags/tutorial_objectstorage.py
[2025-05-27T19:38:59.588+0530] {processor.py:840} INFO - DAG(s) 'tutorial_objectstorage' retrieved from /Users/zafarimam/Documents/E-Commerce Order Pipeline/airflow_venv_39/lib/python3.9/site-packages/airflow/example_dags/tutorial_objectstorage.py
[2025-05-27T19:38:59.657+0530] {logging_mixin.py:188} INFO - [2025-05-27T19:38:59.657+0530] {dag.py:3036} INFO - Sync 1 DAGs
[2025-05-27T19:38:59.663+0530] {logging_mixin.py:188} INFO - [2025-05-27T19:38:59.663+0530] {dag.py:3823} INFO - Setting next_dagrun for tutorial_objectstorage to None, run_after=None
[2025-05-27T19:38:59.678+0530] {processor.py:183} INFO - Processing /Users/zafarimam/Documents/E-Commerce Order Pipeline/airflow_venv_39/lib/python3.9/site-packages/airflow/example_dags/tutorial_objectstorage.py took 0.154 seconds
[2025-05-27T19:40:38.319+0530] {processor.py:161} INFO - Started process (PID=28612) to work on /Users/zafarimam/Documents/E-Commerce Order Pipeline/airflow_venv_39/lib/python3.9/site-packages/airflow/example_dags/tutorial_objectstorage.py
[2025-05-27T19:40:38.319+0530] {processor.py:830} INFO - Processing file /Users/zafarimam/Documents/E-Commerce Order Pipeline/airflow_venv_39/lib/python3.9/site-packages/airflow/example_dags/tutorial_objectstorage.py for tasks to queue
[2025-05-27T19:40:38.320+0530] {logging_mixin.py:188} INFO - [2025-05-27T19:40:38.320+0530] {dagbag.py:538} INFO - Filling up the DagBag from /Users/zafarimam/Documents/E-Commerce Order Pipeline/airflow_venv_39/lib/python3.9/site-packages/airflow/example_dags/tutorial_objectstorage.py
[2025-05-27T19:40:38.381+0530] {processor.py:840} INFO - DAG(s) 'tutorial_objectstorage' retrieved from /Users/zafarimam/Documents/E-Commerce Order Pipeline/airflow_venv_39/lib/python3.9/site-packages/airflow/example_dags/tutorial_objectstorage.py
[2025-05-27T19:40:38.450+0530] {logging_mixin.py:188} INFO - [2025-05-27T19:40:38.449+0530] {dag.py:3036} INFO - Sync 1 DAGs
[2025-05-27T19:40:38.456+0530] {logging_mixin.py:188} INFO - [2025-05-27T19:40:38.455+0530] {dag.py:3823} INFO - Setting next_dagrun for tutorial_objectstorage to None, run_after=None
[2025-05-27T19:40:38.469+0530] {processor.py:183} INFO - Processing /Users/zafarimam/Documents/E-Commerce Order Pipeline/airflow_venv_39/lib/python3.9/site-packages/airflow/example_dags/tutorial_objectstorage.py took 0.152 seconds
[2025-05-27T19:42:19.670+0530] {processor.py:161} INFO - Started process (PID=28666) to work on /Users/zafarimam/Documents/E-Commerce Order Pipeline/airflow_venv_39/lib/python3.9/site-packages/airflow/example_dags/tutorial_objectstorage.py
[2025-05-27T19:42:19.671+0530] {processor.py:830} INFO - Processing file /Users/zafarimam/Documents/E-Commerce Order Pipeline/airflow_venv_39/lib/python3.9/site-packages/airflow/example_dags/tutorial_objectstorage.py for tasks to queue
[2025-05-27T19:42:19.672+0530] {logging_mixin.py:188} INFO - [2025-05-27T19:42:19.671+0530] {dagbag.py:538} INFO - Filling up the DagBag from /Users/zafarimam/Documents/E-Commerce Order Pipeline/airflow_venv_39/lib/python3.9/site-packages/airflow/example_dags/tutorial_objectstorage.py
[2025-05-27T19:42:19.733+0530] {processor.py:840} INFO - DAG(s) 'tutorial_objectstorage' retrieved from /Users/zafarimam/Documents/E-Commerce Order Pipeline/airflow_venv_39/lib/python3.9/site-packages/airflow/example_dags/tutorial_objectstorage.py
[2025-05-27T19:42:19.802+0530] {logging_mixin.py:188} INFO - [2025-05-27T19:42:19.802+0530] {dag.py:3036} INFO - Sync 1 DAGs
[2025-05-27T19:42:19.809+0530] {logging_mixin.py:188} INFO - [2025-05-27T19:42:19.809+0530] {dag.py:3823} INFO - Setting next_dagrun for tutorial_objectstorage to None, run_after=None
[2025-05-27T19:42:19.827+0530] {processor.py:183} INFO - Processing /Users/zafarimam/Documents/E-Commerce Order Pipeline/airflow_venv_39/lib/python3.9/site-packages/airflow/example_dags/tutorial_objectstorage.py took 0.157 seconds
[2025-05-27T19:44:13.865+0530] {processor.py:161} INFO - Started process (PID=28773) to work on /Users/zafarimam/Documents/E-Commerce Order Pipeline/airflow_venv_39/lib/python3.9/site-packages/airflow/example_dags/tutorial_objectstorage.py
[2025-05-27T19:44:13.866+0530] {processor.py:830} INFO - Processing file /Users/zafarimam/Documents/E-Commerce Order Pipeline/airflow_venv_39/lib/python3.9/site-packages/airflow/example_dags/tutorial_objectstorage.py for tasks to queue
[2025-05-27T19:44:13.867+0530] {logging_mixin.py:188} INFO - [2025-05-27T19:44:13.867+0530] {dagbag.py:538} INFO - Filling up the DagBag from /Users/zafarimam/Documents/E-Commerce Order Pipeline/airflow_venv_39/lib/python3.9/site-packages/airflow/example_dags/tutorial_objectstorage.py
[2025-05-27T19:44:13.955+0530] {processor.py:840} INFO - DAG(s) 'tutorial_objectstorage' retrieved from /Users/zafarimam/Documents/E-Commerce Order Pipeline/airflow_venv_39/lib/python3.9/site-packages/airflow/example_dags/tutorial_objectstorage.py
[2025-05-27T19:44:14.038+0530] {logging_mixin.py:188} INFO - [2025-05-27T19:44:14.038+0530] {dag.py:3036} INFO - Sync 1 DAGs
[2025-05-27T19:44:14.045+0530] {logging_mixin.py:188} INFO - [2025-05-27T19:44:14.045+0530] {dag.py:3823} INFO - Setting next_dagrun for tutorial_objectstorage to None, run_after=None
[2025-05-27T19:44:14.058+0530] {processor.py:183} INFO - Processing /Users/zafarimam/Documents/E-Commerce Order Pipeline/airflow_venv_39/lib/python3.9/site-packages/airflow/example_dags/tutorial_objectstorage.py took 0.195 seconds
[2025-05-27T19:46:15.921+0530] {processor.py:161} INFO - Started process (PID=28864) to work on /Users/zafarimam/Documents/E-Commerce Order Pipeline/airflow_venv_39/lib/python3.9/site-packages/airflow/example_dags/tutorial_objectstorage.py
[2025-05-27T19:46:15.923+0530] {processor.py:830} INFO - Processing file /Users/zafarimam/Documents/E-Commerce Order Pipeline/airflow_venv_39/lib/python3.9/site-packages/airflow/example_dags/tutorial_objectstorage.py for tasks to queue
[2025-05-27T19:46:15.924+0530] {logging_mixin.py:188} INFO - [2025-05-27T19:46:15.923+0530] {dagbag.py:538} INFO - Filling up the DagBag from /Users/zafarimam/Documents/E-Commerce Order Pipeline/airflow_venv_39/lib/python3.9/site-packages/airflow/example_dags/tutorial_objectstorage.py
[2025-05-27T19:46:15.991+0530] {processor.py:840} INFO - DAG(s) 'tutorial_objectstorage' retrieved from /Users/zafarimam/Documents/E-Commerce Order Pipeline/airflow_venv_39/lib/python3.9/site-packages/airflow/example_dags/tutorial_objectstorage.py
[2025-05-27T19:46:16.066+0530] {logging_mixin.py:188} INFO - [2025-05-27T19:46:16.065+0530] {dag.py:3036} INFO - Sync 1 DAGs
[2025-05-27T19:46:16.072+0530] {logging_mixin.py:188} INFO - [2025-05-27T19:46:16.072+0530] {dag.py:3823} INFO - Setting next_dagrun for tutorial_objectstorage to None, run_after=None
[2025-05-27T19:46:16.090+0530] {processor.py:183} INFO - Processing /Users/zafarimam/Documents/E-Commerce Order Pipeline/airflow_venv_39/lib/python3.9/site-packages/airflow/example_dags/tutorial_objectstorage.py took 0.170 seconds
[2025-05-27T19:48:00.053+0530] {processor.py:161} INFO - Started process (PID=28932) to work on /Users/zafarimam/Documents/E-Commerce Order Pipeline/airflow_venv_39/lib/python3.9/site-packages/airflow/example_dags/tutorial_objectstorage.py
[2025-05-27T19:48:00.054+0530] {processor.py:830} INFO - Processing file /Users/zafarimam/Documents/E-Commerce Order Pipeline/airflow_venv_39/lib/python3.9/site-packages/airflow/example_dags/tutorial_objectstorage.py for tasks to queue
[2025-05-27T19:48:00.055+0530] {logging_mixin.py:188} INFO - [2025-05-27T19:48:00.055+0530] {dagbag.py:538} INFO - Filling up the DagBag from /Users/zafarimam/Documents/E-Commerce Order Pipeline/airflow_venv_39/lib/python3.9/site-packages/airflow/example_dags/tutorial_objectstorage.py
[2025-05-27T19:48:00.120+0530] {processor.py:840} INFO - DAG(s) 'tutorial_objectstorage' retrieved from /Users/zafarimam/Documents/E-Commerce Order Pipeline/airflow_venv_39/lib/python3.9/site-packages/airflow/example_dags/tutorial_objectstorage.py
[2025-05-27T19:48:00.192+0530] {logging_mixin.py:188} INFO - [2025-05-27T19:48:00.192+0530] {dag.py:3036} INFO - Sync 1 DAGs
[2025-05-27T19:48:00.199+0530] {logging_mixin.py:188} INFO - [2025-05-27T19:48:00.199+0530] {dag.py:3823} INFO - Setting next_dagrun for tutorial_objectstorage to None, run_after=None
[2025-05-27T19:48:00.213+0530] {processor.py:183} INFO - Processing /Users/zafarimam/Documents/E-Commerce Order Pipeline/airflow_venv_39/lib/python3.9/site-packages/airflow/example_dags/tutorial_objectstorage.py took 0.161 seconds
[2025-05-27T19:49:43.614+0530] {processor.py:161} INFO - Started process (PID=28985) to work on /Users/zafarimam/Documents/E-Commerce Order Pipeline/airflow_venv_39/lib/python3.9/site-packages/airflow/example_dags/tutorial_objectstorage.py
[2025-05-27T19:49:43.615+0530] {processor.py:830} INFO - Processing file /Users/zafarimam/Documents/E-Commerce Order Pipeline/airflow_venv_39/lib/python3.9/site-packages/airflow/example_dags/tutorial_objectstorage.py for tasks to queue
[2025-05-27T19:49:43.616+0530] {logging_mixin.py:188} INFO - [2025-05-27T19:49:43.616+0530] {dagbag.py:538} INFO - Filling up the DagBag from /Users/zafarimam/Documents/E-Commerce Order Pipeline/airflow_venv_39/lib/python3.9/site-packages/airflow/example_dags/tutorial_objectstorage.py
[2025-05-27T19:49:43.683+0530] {processor.py:840} INFO - DAG(s) 'tutorial_objectstorage' retrieved from /Users/zafarimam/Documents/E-Commerce Order Pipeline/airflow_venv_39/lib/python3.9/site-packages/airflow/example_dags/tutorial_objectstorage.py
[2025-05-27T19:49:43.758+0530] {logging_mixin.py:188} INFO - [2025-05-27T19:49:43.757+0530] {dag.py:3036} INFO - Sync 1 DAGs
[2025-05-27T19:49:43.764+0530] {logging_mixin.py:188} INFO - [2025-05-27T19:49:43.764+0530] {dag.py:3823} INFO - Setting next_dagrun for tutorial_objectstorage to None, run_after=None
[2025-05-27T19:49:43.778+0530] {processor.py:183} INFO - Processing /Users/zafarimam/Documents/E-Commerce Order Pipeline/airflow_venv_39/lib/python3.9/site-packages/airflow/example_dags/tutorial_objectstorage.py took 0.165 seconds
[2025-05-27T19:51:29.794+0530] {processor.py:161} INFO - Started process (PID=29066) to work on /Users/zafarimam/Documents/E-Commerce Order Pipeline/airflow_venv_39/lib/python3.9/site-packages/airflow/example_dags/tutorial_objectstorage.py
[2025-05-27T19:51:29.795+0530] {processor.py:830} INFO - Processing file /Users/zafarimam/Documents/E-Commerce Order Pipeline/airflow_venv_39/lib/python3.9/site-packages/airflow/example_dags/tutorial_objectstorage.py for tasks to queue
[2025-05-27T19:51:29.795+0530] {logging_mixin.py:188} INFO - [2025-05-27T19:51:29.795+0530] {dagbag.py:538} INFO - Filling up the DagBag from /Users/zafarimam/Documents/E-Commerce Order Pipeline/airflow_venv_39/lib/python3.9/site-packages/airflow/example_dags/tutorial_objectstorage.py
[2025-05-27T19:51:29.862+0530] {processor.py:840} INFO - DAG(s) 'tutorial_objectstorage' retrieved from /Users/zafarimam/Documents/E-Commerce Order Pipeline/airflow_venv_39/lib/python3.9/site-packages/airflow/example_dags/tutorial_objectstorage.py
[2025-05-27T19:51:29.937+0530] {logging_mixin.py:188} INFO - [2025-05-27T19:51:29.937+0530] {dag.py:3036} INFO - Sync 1 DAGs
[2025-05-27T19:51:29.944+0530] {logging_mixin.py:188} INFO - [2025-05-27T19:51:29.943+0530] {dag.py:3823} INFO - Setting next_dagrun for tutorial_objectstorage to None, run_after=None
[2025-05-27T19:51:29.957+0530] {processor.py:183} INFO - Processing /Users/zafarimam/Documents/E-Commerce Order Pipeline/airflow_venv_39/lib/python3.9/site-packages/airflow/example_dags/tutorial_objectstorage.py took 0.164 seconds
