[2025-05-27T17:37:43.558+0530] {processor.py:161} INFO - Started process (PID=22792) to work on /Users/zafarimam/Documents/E-Commerce Order Pipeline/airflow_venv_39/lib/python3.9/site-packages/airflow/example_dags/tutorial_taskflow_api.py
[2025-05-27T17:37:43.560+0530] {processor.py:830} INFO - Processing file /Users/zafarimam/Documents/E-Commerce Order Pipeline/airflow_venv_39/lib/python3.9/site-packages/airflow/example_dags/tutorial_taskflow_api.py for tasks to queue
[2025-05-27T17:37:43.560+0530] {logging_mixin.py:188} INFO - [2025-05-27T17:37:43.560+0530] {dagbag.py:538} INFO - Filling up the DagBag from /Users/zafarimam/Documents/E-Commerce Order Pipeline/airflow_venv_39/lib/python3.9/site-packages/airflow/example_dags/tutorial_taskflow_api.py
[2025-05-27T17:37:43.598+0530] {processor.py:840} INFO - DAG(s) 'tutorial_taskflow_api' retrieved from /Users/zafarimam/Documents/E-Commerce Order Pipeline/airflow_venv_39/lib/python3.9/site-packages/airflow/example_dags/tutorial_taskflow_api.py
[2025-05-27T17:37:43.610+0530] {logging_mixin.py:188} INFO - [2025-05-27T17:37:43.610+0530] {dag.py:3036} INFO - Sync 1 DAGs
[2025-05-27T17:37:43.704+0530] {logging_mixin.py:188} INFO - [2025-05-27T17:37:43.704+0530] {dag.py:3823} INFO - Setting next_dagrun for tutorial_taskflow_api to None, run_after=None
[2025-05-27T17:37:43.737+0530] {processor.py:183} INFO - Processing /Users/zafarimam/Documents/E-Commerce Order Pipeline/airflow_venv_39/lib/python3.9/site-packages/airflow/example_dags/tutorial_taskflow_api.py took 0.180 seconds
[2025-05-27T17:39:51.365+0530] {processor.py:161} INFO - Started process (PID=22888) to work on /Users/zafarimam/Documents/E-Commerce Order Pipeline/airflow_venv_39/lib/python3.9/site-packages/airflow/example_dags/tutorial_taskflow_api.py
[2025-05-27T17:39:51.366+0530] {processor.py:830} INFO - Processing file /Users/zafarimam/Documents/E-Commerce Order Pipeline/airflow_venv_39/lib/python3.9/site-packages/airflow/example_dags/tutorial_taskflow_api.py for tasks to queue
[2025-05-27T17:39:51.367+0530] {logging_mixin.py:188} INFO - [2025-05-27T17:39:51.367+0530] {dagbag.py:538} INFO - Filling up the DagBag from /Users/zafarimam/Documents/E-Commerce Order Pipeline/airflow_venv_39/lib/python3.9/site-packages/airflow/example_dags/tutorial_taskflow_api.py
[2025-05-27T17:39:51.404+0530] {processor.py:840} INFO - DAG(s) 'tutorial_taskflow_api' retrieved from /Users/zafarimam/Documents/E-Commerce Order Pipeline/airflow_venv_39/lib/python3.9/site-packages/airflow/example_dags/tutorial_taskflow_api.py
[2025-05-27T17:39:51.552+0530] {logging_mixin.py:188} INFO - [2025-05-27T17:39:51.551+0530] {dag.py:3036} INFO - Sync 1 DAGs
[2025-05-27T17:39:51.558+0530] {logging_mixin.py:188} INFO - [2025-05-27T17:39:51.558+0530] {dag.py:3823} INFO - Setting next_dagrun for tutorial_taskflow_api to None, run_after=None
[2025-05-27T17:39:51.572+0530] {processor.py:183} INFO - Processing /Users/zafarimam/Documents/E-Commerce Order Pipeline/airflow_venv_39/lib/python3.9/site-packages/airflow/example_dags/tutorial_taskflow_api.py took 0.208 seconds
[2025-05-27T17:41:52.136+0530] {processor.py:161} INFO - Started process (PID=22956) to work on /Users/zafarimam/Documents/E-Commerce Order Pipeline/airflow_venv_39/lib/python3.9/site-packages/airflow/example_dags/tutorial_taskflow_api.py
[2025-05-27T17:41:52.137+0530] {processor.py:830} INFO - Processing file /Users/zafarimam/Documents/E-Commerce Order Pipeline/airflow_venv_39/lib/python3.9/site-packages/airflow/example_dags/tutorial_taskflow_api.py for tasks to queue
[2025-05-27T17:41:52.138+0530] {logging_mixin.py:188} INFO - [2025-05-27T17:41:52.138+0530] {dagbag.py:538} INFO - Filling up the DagBag from /Users/zafarimam/Documents/E-Commerce Order Pipeline/airflow_venv_39/lib/python3.9/site-packages/airflow/example_dags/tutorial_taskflow_api.py
[2025-05-27T17:41:52.176+0530] {processor.py:840} INFO - DAG(s) 'tutorial_taskflow_api' retrieved from /Users/zafarimam/Documents/E-Commerce Order Pipeline/airflow_venv_39/lib/python3.9/site-packages/airflow/example_dags/tutorial_taskflow_api.py
[2025-05-27T17:41:52.257+0530] {logging_mixin.py:188} INFO - [2025-05-27T17:41:52.256+0530] {dag.py:3036} INFO - Sync 1 DAGs
[2025-05-27T17:41:52.263+0530] {logging_mixin.py:188} INFO - [2025-05-27T17:41:52.263+0530] {dag.py:3823} INFO - Setting next_dagrun for tutorial_taskflow_api to None, run_after=None
[2025-05-27T17:41:52.277+0530] {processor.py:183} INFO - Processing /Users/zafarimam/Documents/E-Commerce Order Pipeline/airflow_venv_39/lib/python3.9/site-packages/airflow/example_dags/tutorial_taskflow_api.py took 0.143 seconds
[2025-05-27T17:43:42.544+0530] {processor.py:161} INFO - Started process (PID=23017) to work on /Users/zafarimam/Documents/E-Commerce Order Pipeline/airflow_venv_39/lib/python3.9/site-packages/airflow/example_dags/tutorial_taskflow_api.py
[2025-05-27T17:43:42.545+0530] {processor.py:830} INFO - Processing file /Users/zafarimam/Documents/E-Commerce Order Pipeline/airflow_venv_39/lib/python3.9/site-packages/airflow/example_dags/tutorial_taskflow_api.py for tasks to queue
[2025-05-27T17:43:42.546+0530] {logging_mixin.py:188} INFO - [2025-05-27T17:43:42.546+0530] {dagbag.py:538} INFO - Filling up the DagBag from /Users/zafarimam/Documents/E-Commerce Order Pipeline/airflow_venv_39/lib/python3.9/site-packages/airflow/example_dags/tutorial_taskflow_api.py
[2025-05-27T17:43:42.583+0530] {processor.py:840} INFO - DAG(s) 'tutorial_taskflow_api' retrieved from /Users/zafarimam/Documents/E-Commerce Order Pipeline/airflow_venv_39/lib/python3.9/site-packages/airflow/example_dags/tutorial_taskflow_api.py
[2025-05-27T17:43:42.662+0530] {logging_mixin.py:188} INFO - [2025-05-27T17:43:42.661+0530] {dag.py:3036} INFO - Sync 1 DAGs
[2025-05-27T17:43:42.669+0530] {logging_mixin.py:188} INFO - [2025-05-27T17:43:42.669+0530] {dag.py:3823} INFO - Setting next_dagrun for tutorial_taskflow_api to None, run_after=None
[2025-05-27T17:43:42.682+0530] {processor.py:183} INFO - Processing /Users/zafarimam/Documents/E-Commerce Order Pipeline/airflow_venv_39/lib/python3.9/site-packages/airflow/example_dags/tutorial_taskflow_api.py took 0.139 seconds
[2025-05-27T17:50:32.942+0530] {processor.py:161} INFO - Started process (PID=23087) to work on /Users/zafarimam/Documents/E-Commerce Order Pipeline/airflow_venv_39/lib/python3.9/site-packages/airflow/example_dags/tutorial_taskflow_api.py
[2025-05-27T17:50:32.944+0530] {processor.py:830} INFO - Processing file /Users/zafarimam/Documents/E-Commerce Order Pipeline/airflow_venv_39/lib/python3.9/site-packages/airflow/example_dags/tutorial_taskflow_api.py for tasks to queue
[2025-05-27T17:50:32.945+0530] {logging_mixin.py:188} INFO - [2025-05-27T17:50:32.945+0530] {dagbag.py:538} INFO - Filling up the DagBag from /Users/zafarimam/Documents/E-Commerce Order Pipeline/airflow_venv_39/lib/python3.9/site-packages/airflow/example_dags/tutorial_taskflow_api.py
[2025-05-27T17:50:32.975+0530] {processor.py:840} INFO - DAG(s) 'tutorial_taskflow_api' retrieved from /Users/zafarimam/Documents/E-Commerce Order Pipeline/airflow_venv_39/lib/python3.9/site-packages/airflow/example_dags/tutorial_taskflow_api.py
[2025-05-27T17:50:33.058+0530] {logging_mixin.py:188} INFO - [2025-05-27T17:50:33.057+0530] {dag.py:3036} INFO - Sync 1 DAGs
[2025-05-27T17:50:33.064+0530] {logging_mixin.py:188} INFO - [2025-05-27T17:50:33.064+0530] {dag.py:3823} INFO - Setting next_dagrun for tutorial_taskflow_api to None, run_after=None
[2025-05-27T17:50:33.076+0530] {processor.py:183} INFO - Processing /Users/zafarimam/Documents/E-Commerce Order Pipeline/airflow_venv_39/lib/python3.9/site-packages/airflow/example_dags/tutorial_taskflow_api.py took 0.134 seconds
[2025-05-27T17:52:28.871+0530] {processor.py:161} INFO - Started process (PID=23388) to work on /Users/zafarimam/Documents/E-Commerce Order Pipeline/airflow_venv_39/lib/python3.9/site-packages/airflow/example_dags/tutorial_taskflow_api.py
[2025-05-27T17:52:28.873+0530] {processor.py:830} INFO - Processing file /Users/zafarimam/Documents/E-Commerce Order Pipeline/airflow_venv_39/lib/python3.9/site-packages/airflow/example_dags/tutorial_taskflow_api.py for tasks to queue
[2025-05-27T17:52:28.873+0530] {logging_mixin.py:188} INFO - [2025-05-27T17:52:28.873+0530] {dagbag.py:538} INFO - Filling up the DagBag from /Users/zafarimam/Documents/E-Commerce Order Pipeline/airflow_venv_39/lib/python3.9/site-packages/airflow/example_dags/tutorial_taskflow_api.py
[2025-05-27T17:52:28.910+0530] {processor.py:840} INFO - DAG(s) 'tutorial_taskflow_api' retrieved from /Users/zafarimam/Documents/E-Commerce Order Pipeline/airflow_venv_39/lib/python3.9/site-packages/airflow/example_dags/tutorial_taskflow_api.py
[2025-05-27T17:52:28.990+0530] {logging_mixin.py:188} INFO - [2025-05-27T17:52:28.989+0530] {dag.py:3036} INFO - Sync 1 DAGs
[2025-05-27T17:52:28.997+0530] {logging_mixin.py:188} INFO - [2025-05-27T17:52:28.997+0530] {dag.py:3823} INFO - Setting next_dagrun for tutorial_taskflow_api to None, run_after=None
[2025-05-27T17:52:29.012+0530] {processor.py:183} INFO - Processing /Users/zafarimam/Documents/E-Commerce Order Pipeline/airflow_venv_39/lib/python3.9/site-packages/airflow/example_dags/tutorial_taskflow_api.py took 0.142 seconds
[2025-05-27T17:54:55.932+0530] {processor.py:161} INFO - Started process (PID=24016) to work on /Users/zafarimam/Documents/E-Commerce Order Pipeline/airflow_venv_39/lib/python3.9/site-packages/airflow/example_dags/tutorial_taskflow_api.py
[2025-05-27T17:54:55.933+0530] {processor.py:830} INFO - Processing file /Users/zafarimam/Documents/E-Commerce Order Pipeline/airflow_venv_39/lib/python3.9/site-packages/airflow/example_dags/tutorial_taskflow_api.py for tasks to queue
[2025-05-27T17:54:55.934+0530] {logging_mixin.py:188} INFO - [2025-05-27T17:54:55.934+0530] {dagbag.py:538} INFO - Filling up the DagBag from /Users/zafarimam/Documents/E-Commerce Order Pipeline/airflow_venv_39/lib/python3.9/site-packages/airflow/example_dags/tutorial_taskflow_api.py
[2025-05-27T17:54:55.974+0530] {processor.py:840} INFO - DAG(s) 'tutorial_taskflow_api' retrieved from /Users/zafarimam/Documents/E-Commerce Order Pipeline/airflow_venv_39/lib/python3.9/site-packages/airflow/example_dags/tutorial_taskflow_api.py
[2025-05-27T17:54:55.988+0530] {logging_mixin.py:188} INFO - [2025-05-27T17:54:55.988+0530] {dag.py:3036} INFO - Sync 1 DAGs
[2025-05-27T17:54:56.057+0530] {logging_mixin.py:188} INFO - [2025-05-27T17:54:56.057+0530] {dag.py:3823} INFO - Setting next_dagrun for tutorial_taskflow_api to None, run_after=None
[2025-05-27T17:54:56.071+0530] {processor.py:183} INFO - Processing /Users/zafarimam/Documents/E-Commerce Order Pipeline/airflow_venv_39/lib/python3.9/site-packages/airflow/example_dags/tutorial_taskflow_api.py took 0.140 seconds
[2025-05-27T17:57:11.713+0530] {processor.py:161} INFO - Started process (PID=24242) to work on /Users/zafarimam/Documents/E-Commerce Order Pipeline/airflow_venv_39/lib/python3.9/site-packages/airflow/example_dags/tutorial_taskflow_api.py
[2025-05-27T17:57:11.715+0530] {processor.py:830} INFO - Processing file /Users/zafarimam/Documents/E-Commerce Order Pipeline/airflow_venv_39/lib/python3.9/site-packages/airflow/example_dags/tutorial_taskflow_api.py for tasks to queue
[2025-05-27T17:57:11.716+0530] {logging_mixin.py:188} INFO - [2025-05-27T17:57:11.715+0530] {dagbag.py:538} INFO - Filling up the DagBag from /Users/zafarimam/Documents/E-Commerce Order Pipeline/airflow_venv_39/lib/python3.9/site-packages/airflow/example_dags/tutorial_taskflow_api.py
[2025-05-27T17:57:11.754+0530] {processor.py:840} INFO - DAG(s) 'tutorial_taskflow_api' retrieved from /Users/zafarimam/Documents/E-Commerce Order Pipeline/airflow_venv_39/lib/python3.9/site-packages/airflow/example_dags/tutorial_taskflow_api.py
[2025-05-27T17:57:11.904+0530] {logging_mixin.py:188} INFO - [2025-05-27T17:57:11.904+0530] {dag.py:3036} INFO - Sync 1 DAGs
[2025-05-27T17:57:11.911+0530] {logging_mixin.py:188} INFO - [2025-05-27T17:57:11.911+0530] {dag.py:3823} INFO - Setting next_dagrun for tutorial_taskflow_api to None, run_after=None
[2025-05-27T17:57:11.927+0530] {processor.py:183} INFO - Processing /Users/zafarimam/Documents/E-Commerce Order Pipeline/airflow_venv_39/lib/python3.9/site-packages/airflow/example_dags/tutorial_taskflow_api.py took 0.215 seconds
[2025-05-27T18:01:17.242+0530] {processor.py:161} INFO - Started process (PID=24951) to work on /Users/zafarimam/Documents/E-Commerce Order Pipeline/airflow_venv_39/lib/python3.9/site-packages/airflow/example_dags/tutorial_taskflow_api.py
[2025-05-27T18:01:17.244+0530] {processor.py:830} INFO - Processing file /Users/zafarimam/Documents/E-Commerce Order Pipeline/airflow_venv_39/lib/python3.9/site-packages/airflow/example_dags/tutorial_taskflow_api.py for tasks to queue
[2025-05-27T18:01:17.245+0530] {logging_mixin.py:188} INFO - [2025-05-27T18:01:17.244+0530] {dagbag.py:538} INFO - Filling up the DagBag from /Users/zafarimam/Documents/E-Commerce Order Pipeline/airflow_venv_39/lib/python3.9/site-packages/airflow/example_dags/tutorial_taskflow_api.py
[2025-05-27T18:01:17.284+0530] {processor.py:840} INFO - DAG(s) 'tutorial_taskflow_api' retrieved from /Users/zafarimam/Documents/E-Commerce Order Pipeline/airflow_venv_39/lib/python3.9/site-packages/airflow/example_dags/tutorial_taskflow_api.py
[2025-05-27T18:01:17.368+0530] {logging_mixin.py:188} INFO - [2025-05-27T18:01:17.367+0530] {dag.py:3036} INFO - Sync 1 DAGs
[2025-05-27T18:01:17.375+0530] {logging_mixin.py:188} INFO - [2025-05-27T18:01:17.374+0530] {dag.py:3823} INFO - Setting next_dagrun for tutorial_taskflow_api to None, run_after=None
[2025-05-27T18:01:17.393+0530] {processor.py:183} INFO - Processing /Users/zafarimam/Documents/E-Commerce Order Pipeline/airflow_venv_39/lib/python3.9/site-packages/airflow/example_dags/tutorial_taskflow_api.py took 0.152 seconds
[2025-05-27T18:05:35.738+0530] {processor.py:161} INFO - Started process (PID=25084) to work on /Users/zafarimam/Documents/E-Commerce Order Pipeline/airflow_venv_39/lib/python3.9/site-packages/airflow/example_dags/tutorial_taskflow_api.py
[2025-05-27T18:05:35.740+0530] {processor.py:830} INFO - Processing file /Users/zafarimam/Documents/E-Commerce Order Pipeline/airflow_venv_39/lib/python3.9/site-packages/airflow/example_dags/tutorial_taskflow_api.py for tasks to queue
[2025-05-27T18:05:35.741+0530] {logging_mixin.py:188} INFO - [2025-05-27T18:05:35.741+0530] {dagbag.py:538} INFO - Filling up the DagBag from /Users/zafarimam/Documents/E-Commerce Order Pipeline/airflow_venv_39/lib/python3.9/site-packages/airflow/example_dags/tutorial_taskflow_api.py
[2025-05-27T18:05:35.777+0530] {processor.py:840} INFO - DAG(s) 'tutorial_taskflow_api' retrieved from /Users/zafarimam/Documents/E-Commerce Order Pipeline/airflow_venv_39/lib/python3.9/site-packages/airflow/example_dags/tutorial_taskflow_api.py
[2025-05-27T18:05:35.866+0530] {logging_mixin.py:188} INFO - [2025-05-27T18:05:35.865+0530] {dag.py:3036} INFO - Sync 1 DAGs
[2025-05-27T18:05:35.874+0530] {logging_mixin.py:188} INFO - [2025-05-27T18:05:35.873+0530] {dag.py:3823} INFO - Setting next_dagrun for tutorial_taskflow_api to None, run_after=None
[2025-05-27T18:05:35.889+0530] {processor.py:183} INFO - Processing /Users/zafarimam/Documents/E-Commerce Order Pipeline/airflow_venv_39/lib/python3.9/site-packages/airflow/example_dags/tutorial_taskflow_api.py took 0.152 seconds
[2025-05-27T18:07:38.293+0530] {processor.py:161} INFO - Started process (PID=25148) to work on /Users/zafarimam/Documents/E-Commerce Order Pipeline/airflow_venv_39/lib/python3.9/site-packages/airflow/example_dags/tutorial_taskflow_api.py
[2025-05-27T18:07:38.294+0530] {processor.py:830} INFO - Processing file /Users/zafarimam/Documents/E-Commerce Order Pipeline/airflow_venv_39/lib/python3.9/site-packages/airflow/example_dags/tutorial_taskflow_api.py for tasks to queue
[2025-05-27T18:07:38.295+0530] {logging_mixin.py:188} INFO - [2025-05-27T18:07:38.295+0530] {dagbag.py:538} INFO - Filling up the DagBag from /Users/zafarimam/Documents/E-Commerce Order Pipeline/airflow_venv_39/lib/python3.9/site-packages/airflow/example_dags/tutorial_taskflow_api.py
[2025-05-27T18:07:38.332+0530] {processor.py:840} INFO - DAG(s) 'tutorial_taskflow_api' retrieved from /Users/zafarimam/Documents/E-Commerce Order Pipeline/airflow_venv_39/lib/python3.9/site-packages/airflow/example_dags/tutorial_taskflow_api.py
[2025-05-27T18:07:38.412+0530] {logging_mixin.py:188} INFO - [2025-05-27T18:07:38.411+0530] {dag.py:3036} INFO - Sync 1 DAGs
[2025-05-27T18:07:38.418+0530] {logging_mixin.py:188} INFO - [2025-05-27T18:07:38.418+0530] {dag.py:3823} INFO - Setting next_dagrun for tutorial_taskflow_api to None, run_after=None
[2025-05-27T18:07:38.432+0530] {processor.py:183} INFO - Processing /Users/zafarimam/Documents/E-Commerce Order Pipeline/airflow_venv_39/lib/python3.9/site-packages/airflow/example_dags/tutorial_taskflow_api.py took 0.141 seconds
[2025-05-27T18:09:39.708+0530] {processor.py:161} INFO - Started process (PID=25209) to work on /Users/zafarimam/Documents/E-Commerce Order Pipeline/airflow_venv_39/lib/python3.9/site-packages/airflow/example_dags/tutorial_taskflow_api.py
[2025-05-27T18:09:39.709+0530] {processor.py:830} INFO - Processing file /Users/zafarimam/Documents/E-Commerce Order Pipeline/airflow_venv_39/lib/python3.9/site-packages/airflow/example_dags/tutorial_taskflow_api.py for tasks to queue
[2025-05-27T18:09:39.710+0530] {logging_mixin.py:188} INFO - [2025-05-27T18:09:39.710+0530] {dagbag.py:538} INFO - Filling up the DagBag from /Users/zafarimam/Documents/E-Commerce Order Pipeline/airflow_venv_39/lib/python3.9/site-packages/airflow/example_dags/tutorial_taskflow_api.py
[2025-05-27T18:09:39.745+0530] {processor.py:840} INFO - DAG(s) 'tutorial_taskflow_api' retrieved from /Users/zafarimam/Documents/E-Commerce Order Pipeline/airflow_venv_39/lib/python3.9/site-packages/airflow/example_dags/tutorial_taskflow_api.py
[2025-05-27T18:09:39.823+0530] {logging_mixin.py:188} INFO - [2025-05-27T18:09:39.823+0530] {dag.py:3036} INFO - Sync 1 DAGs
[2025-05-27T18:09:39.829+0530] {logging_mixin.py:188} INFO - [2025-05-27T18:09:39.829+0530] {dag.py:3823} INFO - Setting next_dagrun for tutorial_taskflow_api to None, run_after=None
[2025-05-27T18:09:39.843+0530] {processor.py:183} INFO - Processing /Users/zafarimam/Documents/E-Commerce Order Pipeline/airflow_venv_39/lib/python3.9/site-packages/airflow/example_dags/tutorial_taskflow_api.py took 0.135 seconds
[2025-05-27T18:11:25.128+0530] {processor.py:161} INFO - Started process (PID=25266) to work on /Users/zafarimam/Documents/E-Commerce Order Pipeline/airflow_venv_39/lib/python3.9/site-packages/airflow/example_dags/tutorial_taskflow_api.py
[2025-05-27T18:11:25.129+0530] {processor.py:830} INFO - Processing file /Users/zafarimam/Documents/E-Commerce Order Pipeline/airflow_venv_39/lib/python3.9/site-packages/airflow/example_dags/tutorial_taskflow_api.py for tasks to queue
[2025-05-27T18:11:25.129+0530] {logging_mixin.py:188} INFO - [2025-05-27T18:11:25.129+0530] {dagbag.py:538} INFO - Filling up the DagBag from /Users/zafarimam/Documents/E-Commerce Order Pipeline/airflow_venv_39/lib/python3.9/site-packages/airflow/example_dags/tutorial_taskflow_api.py
[2025-05-27T18:11:25.164+0530] {processor.py:840} INFO - DAG(s) 'tutorial_taskflow_api' retrieved from /Users/zafarimam/Documents/E-Commerce Order Pipeline/airflow_venv_39/lib/python3.9/site-packages/airflow/example_dags/tutorial_taskflow_api.py
[2025-05-27T18:11:25.243+0530] {logging_mixin.py:188} INFO - [2025-05-27T18:11:25.242+0530] {dag.py:3036} INFO - Sync 1 DAGs
[2025-05-27T18:11:25.249+0530] {logging_mixin.py:188} INFO - [2025-05-27T18:11:25.249+0530] {dag.py:3823} INFO - Setting next_dagrun for tutorial_taskflow_api to None, run_after=None
[2025-05-27T18:11:25.262+0530] {processor.py:183} INFO - Processing /Users/zafarimam/Documents/E-Commerce Order Pipeline/airflow_venv_39/lib/python3.9/site-packages/airflow/example_dags/tutorial_taskflow_api.py took 0.135 seconds
[2025-05-27T18:13:22.034+0530] {processor.py:161} INFO - Started process (PID=25327) to work on /Users/zafarimam/Documents/E-Commerce Order Pipeline/airflow_venv_39/lib/python3.9/site-packages/airflow/example_dags/tutorial_taskflow_api.py
[2025-05-27T18:13:22.035+0530] {processor.py:830} INFO - Processing file /Users/zafarimam/Documents/E-Commerce Order Pipeline/airflow_venv_39/lib/python3.9/site-packages/airflow/example_dags/tutorial_taskflow_api.py for tasks to queue
[2025-05-27T18:13:22.036+0530] {logging_mixin.py:188} INFO - [2025-05-27T18:13:22.036+0530] {dagbag.py:538} INFO - Filling up the DagBag from /Users/zafarimam/Documents/E-Commerce Order Pipeline/airflow_venv_39/lib/python3.9/site-packages/airflow/example_dags/tutorial_taskflow_api.py
[2025-05-27T18:13:22.072+0530] {processor.py:840} INFO - DAG(s) 'tutorial_taskflow_api' retrieved from /Users/zafarimam/Documents/E-Commerce Order Pipeline/airflow_venv_39/lib/python3.9/site-packages/airflow/example_dags/tutorial_taskflow_api.py
[2025-05-27T18:13:22.150+0530] {logging_mixin.py:188} INFO - [2025-05-27T18:13:22.150+0530] {dag.py:3036} INFO - Sync 1 DAGs
[2025-05-27T18:13:22.157+0530] {logging_mixin.py:188} INFO - [2025-05-27T18:13:22.157+0530] {dag.py:3823} INFO - Setting next_dagrun for tutorial_taskflow_api to None, run_after=None
[2025-05-27T18:13:22.170+0530] {processor.py:183} INFO - Processing /Users/zafarimam/Documents/E-Commerce Order Pipeline/airflow_venv_39/lib/python3.9/site-packages/airflow/example_dags/tutorial_taskflow_api.py took 0.137 seconds
[2025-05-27T18:15:16.153+0530] {processor.py:161} INFO - Started process (PID=25399) to work on /Users/zafarimam/Documents/E-Commerce Order Pipeline/airflow_venv_39/lib/python3.9/site-packages/airflow/example_dags/tutorial_taskflow_api.py
[2025-05-27T18:15:16.154+0530] {processor.py:830} INFO - Processing file /Users/zafarimam/Documents/E-Commerce Order Pipeline/airflow_venv_39/lib/python3.9/site-packages/airflow/example_dags/tutorial_taskflow_api.py for tasks to queue
[2025-05-27T18:15:16.155+0530] {logging_mixin.py:188} INFO - [2025-05-27T18:15:16.155+0530] {dagbag.py:538} INFO - Filling up the DagBag from /Users/zafarimam/Documents/E-Commerce Order Pipeline/airflow_venv_39/lib/python3.9/site-packages/airflow/example_dags/tutorial_taskflow_api.py
[2025-05-27T18:15:16.191+0530] {processor.py:840} INFO - DAG(s) 'tutorial_taskflow_api' retrieved from /Users/zafarimam/Documents/E-Commerce Order Pipeline/airflow_venv_39/lib/python3.9/site-packages/airflow/example_dags/tutorial_taskflow_api.py
[2025-05-27T18:15:16.269+0530] {logging_mixin.py:188} INFO - [2025-05-27T18:15:16.268+0530] {dag.py:3036} INFO - Sync 1 DAGs
[2025-05-27T18:15:16.275+0530] {logging_mixin.py:188} INFO - [2025-05-27T18:15:16.275+0530] {dag.py:3823} INFO - Setting next_dagrun for tutorial_taskflow_api to None, run_after=None
[2025-05-27T18:15:16.293+0530] {processor.py:183} INFO - Processing /Users/zafarimam/Documents/E-Commerce Order Pipeline/airflow_venv_39/lib/python3.9/site-packages/airflow/example_dags/tutorial_taskflow_api.py took 0.142 seconds
[2025-05-27T18:16:59.292+0530] {processor.py:161} INFO - Started process (PID=25457) to work on /Users/zafarimam/Documents/E-Commerce Order Pipeline/airflow_venv_39/lib/python3.9/site-packages/airflow/example_dags/tutorial_taskflow_api.py
[2025-05-27T18:16:59.293+0530] {processor.py:830} INFO - Processing file /Users/zafarimam/Documents/E-Commerce Order Pipeline/airflow_venv_39/lib/python3.9/site-packages/airflow/example_dags/tutorial_taskflow_api.py for tasks to queue
[2025-05-27T18:16:59.294+0530] {logging_mixin.py:188} INFO - [2025-05-27T18:16:59.293+0530] {dagbag.py:538} INFO - Filling up the DagBag from /Users/zafarimam/Documents/E-Commerce Order Pipeline/airflow_venv_39/lib/python3.9/site-packages/airflow/example_dags/tutorial_taskflow_api.py
[2025-05-27T18:16:59.331+0530] {processor.py:840} INFO - DAG(s) 'tutorial_taskflow_api' retrieved from /Users/zafarimam/Documents/E-Commerce Order Pipeline/airflow_venv_39/lib/python3.9/site-packages/airflow/example_dags/tutorial_taskflow_api.py
[2025-05-27T18:16:59.409+0530] {logging_mixin.py:188} INFO - [2025-05-27T18:16:59.409+0530] {dag.py:3036} INFO - Sync 1 DAGs
[2025-05-27T18:16:59.415+0530] {logging_mixin.py:188} INFO - [2025-05-27T18:16:59.415+0530] {dag.py:3823} INFO - Setting next_dagrun for tutorial_taskflow_api to None, run_after=None
[2025-05-27T18:16:59.429+0530] {processor.py:183} INFO - Processing /Users/zafarimam/Documents/E-Commerce Order Pipeline/airflow_venv_39/lib/python3.9/site-packages/airflow/example_dags/tutorial_taskflow_api.py took 0.138 seconds
[2025-05-27T18:18:43.101+0530] {processor.py:161} INFO - Started process (PID=25531) to work on /Users/zafarimam/Documents/E-Commerce Order Pipeline/airflow_venv_39/lib/python3.9/site-packages/airflow/example_dags/tutorial_taskflow_api.py
[2025-05-27T18:18:43.102+0530] {processor.py:830} INFO - Processing file /Users/zafarimam/Documents/E-Commerce Order Pipeline/airflow_venv_39/lib/python3.9/site-packages/airflow/example_dags/tutorial_taskflow_api.py for tasks to queue
[2025-05-27T18:18:43.102+0530] {logging_mixin.py:188} INFO - [2025-05-27T18:18:43.102+0530] {dagbag.py:538} INFO - Filling up the DagBag from /Users/zafarimam/Documents/E-Commerce Order Pipeline/airflow_venv_39/lib/python3.9/site-packages/airflow/example_dags/tutorial_taskflow_api.py
[2025-05-27T18:18:43.139+0530] {processor.py:840} INFO - DAG(s) 'tutorial_taskflow_api' retrieved from /Users/zafarimam/Documents/E-Commerce Order Pipeline/airflow_venv_39/lib/python3.9/site-packages/airflow/example_dags/tutorial_taskflow_api.py
[2025-05-27T18:18:43.232+0530] {logging_mixin.py:188} INFO - [2025-05-27T18:18:43.232+0530] {dag.py:3036} INFO - Sync 1 DAGs
[2025-05-27T18:18:43.241+0530] {logging_mixin.py:188} INFO - [2025-05-27T18:18:43.241+0530] {dag.py:3823} INFO - Setting next_dagrun for tutorial_taskflow_api to None, run_after=None
[2025-05-27T18:18:43.256+0530] {processor.py:183} INFO - Processing /Users/zafarimam/Documents/E-Commerce Order Pipeline/airflow_venv_39/lib/python3.9/site-packages/airflow/example_dags/tutorial_taskflow_api.py took 0.156 seconds
[2025-05-27T18:21:26.465+0530] {processor.py:161} INFO - Started process (PID=25637) to work on /Users/zafarimam/Documents/E-Commerce Order Pipeline/airflow_venv_39/lib/python3.9/site-packages/airflow/example_dags/tutorial_taskflow_api.py
[2025-05-27T18:21:26.466+0530] {processor.py:830} INFO - Processing file /Users/zafarimam/Documents/E-Commerce Order Pipeline/airflow_venv_39/lib/python3.9/site-packages/airflow/example_dags/tutorial_taskflow_api.py for tasks to queue
[2025-05-27T18:21:26.467+0530] {logging_mixin.py:188} INFO - [2025-05-27T18:21:26.467+0530] {dagbag.py:538} INFO - Filling up the DagBag from /Users/zafarimam/Documents/E-Commerce Order Pipeline/airflow_venv_39/lib/python3.9/site-packages/airflow/example_dags/tutorial_taskflow_api.py
[2025-05-27T18:21:26.501+0530] {processor.py:840} INFO - DAG(s) 'tutorial_taskflow_api' retrieved from /Users/zafarimam/Documents/E-Commerce Order Pipeline/airflow_venv_39/lib/python3.9/site-packages/airflow/example_dags/tutorial_taskflow_api.py
[2025-05-27T18:21:26.587+0530] {logging_mixin.py:188} INFO - [2025-05-27T18:21:26.587+0530] {dag.py:3036} INFO - Sync 1 DAGs
[2025-05-27T18:21:26.595+0530] {logging_mixin.py:188} INFO - [2025-05-27T18:21:26.595+0530] {dag.py:3823} INFO - Setting next_dagrun for tutorial_taskflow_api to None, run_after=None
[2025-05-27T18:21:26.610+0530] {processor.py:183} INFO - Processing /Users/zafarimam/Documents/E-Commerce Order Pipeline/airflow_venv_39/lib/python3.9/site-packages/airflow/example_dags/tutorial_taskflow_api.py took 0.146 seconds
[2025-05-27T18:23:40.094+0530] {processor.py:161} INFO - Started process (PID=25741) to work on /Users/zafarimam/Documents/E-Commerce Order Pipeline/airflow_venv_39/lib/python3.9/site-packages/airflow/example_dags/tutorial_taskflow_api.py
[2025-05-27T18:23:40.095+0530] {processor.py:830} INFO - Processing file /Users/zafarimam/Documents/E-Commerce Order Pipeline/airflow_venv_39/lib/python3.9/site-packages/airflow/example_dags/tutorial_taskflow_api.py for tasks to queue
[2025-05-27T18:23:40.095+0530] {logging_mixin.py:188} INFO - [2025-05-27T18:23:40.095+0530] {dagbag.py:538} INFO - Filling up the DagBag from /Users/zafarimam/Documents/E-Commerce Order Pipeline/airflow_venv_39/lib/python3.9/site-packages/airflow/example_dags/tutorial_taskflow_api.py
[2025-05-27T18:23:40.135+0530] {processor.py:840} INFO - DAG(s) 'tutorial_taskflow_api' retrieved from /Users/zafarimam/Documents/E-Commerce Order Pipeline/airflow_venv_39/lib/python3.9/site-packages/airflow/example_dags/tutorial_taskflow_api.py
[2025-05-27T18:23:40.224+0530] {logging_mixin.py:188} INFO - [2025-05-27T18:23:40.224+0530] {dag.py:3036} INFO - Sync 1 DAGs
[2025-05-27T18:23:40.232+0530] {logging_mixin.py:188} INFO - [2025-05-27T18:23:40.232+0530] {dag.py:3823} INFO - Setting next_dagrun for tutorial_taskflow_api to None, run_after=None
[2025-05-27T18:23:40.247+0530] {processor.py:183} INFO - Processing /Users/zafarimam/Documents/E-Commerce Order Pipeline/airflow_venv_39/lib/python3.9/site-packages/airflow/example_dags/tutorial_taskflow_api.py took 0.155 seconds
[2025-05-27T18:26:41.454+0530] {processor.py:161} INFO - Started process (PID=25837) to work on /Users/zafarimam/Documents/E-Commerce Order Pipeline/airflow_venv_39/lib/python3.9/site-packages/airflow/example_dags/tutorial_taskflow_api.py
[2025-05-27T18:26:41.456+0530] {processor.py:830} INFO - Processing file /Users/zafarimam/Documents/E-Commerce Order Pipeline/airflow_venv_39/lib/python3.9/site-packages/airflow/example_dags/tutorial_taskflow_api.py for tasks to queue
[2025-05-27T18:26:41.456+0530] {logging_mixin.py:188} INFO - [2025-05-27T18:26:41.456+0530] {dagbag.py:538} INFO - Filling up the DagBag from /Users/zafarimam/Documents/E-Commerce Order Pipeline/airflow_venv_39/lib/python3.9/site-packages/airflow/example_dags/tutorial_taskflow_api.py
[2025-05-27T18:26:41.494+0530] {processor.py:840} INFO - DAG(s) 'tutorial_taskflow_api' retrieved from /Users/zafarimam/Documents/E-Commerce Order Pipeline/airflow_venv_39/lib/python3.9/site-packages/airflow/example_dags/tutorial_taskflow_api.py
[2025-05-27T18:26:41.582+0530] {logging_mixin.py:188} INFO - [2025-05-27T18:26:41.582+0530] {dag.py:3036} INFO - Sync 1 DAGs
[2025-05-27T18:26:41.591+0530] {logging_mixin.py:188} INFO - [2025-05-27T18:26:41.590+0530] {dag.py:3823} INFO - Setting next_dagrun for tutorial_taskflow_api to None, run_after=None
[2025-05-27T18:26:41.605+0530] {processor.py:183} INFO - Processing /Users/zafarimam/Documents/E-Commerce Order Pipeline/airflow_venv_39/lib/python3.9/site-packages/airflow/example_dags/tutorial_taskflow_api.py took 0.153 seconds
[2025-05-27T18:28:50.947+0530] {processor.py:161} INFO - Started process (PID=25905) to work on /Users/zafarimam/Documents/E-Commerce Order Pipeline/airflow_venv_39/lib/python3.9/site-packages/airflow/example_dags/tutorial_taskflow_api.py
[2025-05-27T18:28:50.948+0530] {processor.py:830} INFO - Processing file /Users/zafarimam/Documents/E-Commerce Order Pipeline/airflow_venv_39/lib/python3.9/site-packages/airflow/example_dags/tutorial_taskflow_api.py for tasks to queue
[2025-05-27T18:28:50.949+0530] {logging_mixin.py:188} INFO - [2025-05-27T18:28:50.948+0530] {dagbag.py:538} INFO - Filling up the DagBag from /Users/zafarimam/Documents/E-Commerce Order Pipeline/airflow_venv_39/lib/python3.9/site-packages/airflow/example_dags/tutorial_taskflow_api.py
[2025-05-27T18:28:50.985+0530] {processor.py:840} INFO - DAG(s) 'tutorial_taskflow_api' retrieved from /Users/zafarimam/Documents/E-Commerce Order Pipeline/airflow_venv_39/lib/python3.9/site-packages/airflow/example_dags/tutorial_taskflow_api.py
[2025-05-27T18:28:51.064+0530] {logging_mixin.py:188} INFO - [2025-05-27T18:28:51.064+0530] {dag.py:3036} INFO - Sync 1 DAGs
[2025-05-27T18:28:51.071+0530] {logging_mixin.py:188} INFO - [2025-05-27T18:28:51.071+0530] {dag.py:3823} INFO - Setting next_dagrun for tutorial_taskflow_api to None, run_after=None
[2025-05-27T18:28:51.085+0530] {processor.py:183} INFO - Processing /Users/zafarimam/Documents/E-Commerce Order Pipeline/airflow_venv_39/lib/python3.9/site-packages/airflow/example_dags/tutorial_taskflow_api.py took 0.139 seconds
[2025-05-27T18:30:38.987+0530] {processor.py:161} INFO - Started process (PID=25963) to work on /Users/zafarimam/Documents/E-Commerce Order Pipeline/airflow_venv_39/lib/python3.9/site-packages/airflow/example_dags/tutorial_taskflow_api.py
[2025-05-27T18:30:38.988+0530] {processor.py:830} INFO - Processing file /Users/zafarimam/Documents/E-Commerce Order Pipeline/airflow_venv_39/lib/python3.9/site-packages/airflow/example_dags/tutorial_taskflow_api.py for tasks to queue
[2025-05-27T18:30:38.988+0530] {logging_mixin.py:188} INFO - [2025-05-27T18:30:38.988+0530] {dagbag.py:538} INFO - Filling up the DagBag from /Users/zafarimam/Documents/E-Commerce Order Pipeline/airflow_venv_39/lib/python3.9/site-packages/airflow/example_dags/tutorial_taskflow_api.py
[2025-05-27T18:30:39.024+0530] {processor.py:840} INFO - DAG(s) 'tutorial_taskflow_api' retrieved from /Users/zafarimam/Documents/E-Commerce Order Pipeline/airflow_venv_39/lib/python3.9/site-packages/airflow/example_dags/tutorial_taskflow_api.py
[2025-05-27T18:30:39.103+0530] {logging_mixin.py:188} INFO - [2025-05-27T18:30:39.103+0530] {dag.py:3036} INFO - Sync 1 DAGs
[2025-05-27T18:30:39.110+0530] {logging_mixin.py:188} INFO - [2025-05-27T18:30:39.109+0530] {dag.py:3823} INFO - Setting next_dagrun for tutorial_taskflow_api to None, run_after=None
[2025-05-27T18:30:39.124+0530] {processor.py:183} INFO - Processing /Users/zafarimam/Documents/E-Commerce Order Pipeline/airflow_venv_39/lib/python3.9/site-packages/airflow/example_dags/tutorial_taskflow_api.py took 0.138 seconds
[2025-05-27T18:32:29.142+0530] {processor.py:161} INFO - Started process (PID=26024) to work on /Users/zafarimam/Documents/E-Commerce Order Pipeline/airflow_venv_39/lib/python3.9/site-packages/airflow/example_dags/tutorial_taskflow_api.py
[2025-05-27T18:32:29.143+0530] {processor.py:830} INFO - Processing file /Users/zafarimam/Documents/E-Commerce Order Pipeline/airflow_venv_39/lib/python3.9/site-packages/airflow/example_dags/tutorial_taskflow_api.py for tasks to queue
[2025-05-27T18:32:29.144+0530] {logging_mixin.py:188} INFO - [2025-05-27T18:32:29.144+0530] {dagbag.py:538} INFO - Filling up the DagBag from /Users/zafarimam/Documents/E-Commerce Order Pipeline/airflow_venv_39/lib/python3.9/site-packages/airflow/example_dags/tutorial_taskflow_api.py
[2025-05-27T18:32:29.180+0530] {processor.py:840} INFO - DAG(s) 'tutorial_taskflow_api' retrieved from /Users/zafarimam/Documents/E-Commerce Order Pipeline/airflow_venv_39/lib/python3.9/site-packages/airflow/example_dags/tutorial_taskflow_api.py
[2025-05-27T18:32:29.262+0530] {logging_mixin.py:188} INFO - [2025-05-27T18:32:29.262+0530] {dag.py:3036} INFO - Sync 1 DAGs
[2025-05-27T18:32:29.269+0530] {logging_mixin.py:188} INFO - [2025-05-27T18:32:29.268+0530] {dag.py:3823} INFO - Setting next_dagrun for tutorial_taskflow_api to None, run_after=None
[2025-05-27T18:32:29.281+0530] {processor.py:183} INFO - Processing /Users/zafarimam/Documents/E-Commerce Order Pipeline/airflow_venv_39/lib/python3.9/site-packages/airflow/example_dags/tutorial_taskflow_api.py took 0.140 seconds
[2025-05-27T18:36:18.740+0530] {processor.py:161} INFO - Started process (PID=26183) to work on /Users/zafarimam/Documents/E-Commerce Order Pipeline/airflow_venv_39/lib/python3.9/site-packages/airflow/example_dags/tutorial_taskflow_api.py
[2025-05-27T18:36:18.741+0530] {processor.py:830} INFO - Processing file /Users/zafarimam/Documents/E-Commerce Order Pipeline/airflow_venv_39/lib/python3.9/site-packages/airflow/example_dags/tutorial_taskflow_api.py for tasks to queue
[2025-05-27T18:36:18.742+0530] {logging_mixin.py:188} INFO - [2025-05-27T18:36:18.742+0530] {dagbag.py:538} INFO - Filling up the DagBag from /Users/zafarimam/Documents/E-Commerce Order Pipeline/airflow_venv_39/lib/python3.9/site-packages/airflow/example_dags/tutorial_taskflow_api.py
[2025-05-27T18:36:18.782+0530] {processor.py:840} INFO - DAG(s) 'tutorial_taskflow_api' retrieved from /Users/zafarimam/Documents/E-Commerce Order Pipeline/airflow_venv_39/lib/python3.9/site-packages/airflow/example_dags/tutorial_taskflow_api.py
[2025-05-27T18:36:18.875+0530] {logging_mixin.py:188} INFO - [2025-05-27T18:36:18.875+0530] {dag.py:3036} INFO - Sync 1 DAGs
[2025-05-27T18:36:18.883+0530] {logging_mixin.py:188} INFO - [2025-05-27T18:36:18.883+0530] {dag.py:3823} INFO - Setting next_dagrun for tutorial_taskflow_api to None, run_after=None
[2025-05-27T18:36:18.898+0530] {processor.py:183} INFO - Processing /Users/zafarimam/Documents/E-Commerce Order Pipeline/airflow_venv_39/lib/python3.9/site-packages/airflow/example_dags/tutorial_taskflow_api.py took 0.160 seconds
[2025-05-27T18:38:53.741+0530] {processor.py:161} INFO - Started process (PID=26452) to work on /Users/zafarimam/Documents/E-Commerce Order Pipeline/airflow_venv_39/lib/python3.9/site-packages/airflow/example_dags/tutorial_taskflow_api.py
[2025-05-27T18:38:53.741+0530] {processor.py:830} INFO - Processing file /Users/zafarimam/Documents/E-Commerce Order Pipeline/airflow_venv_39/lib/python3.9/site-packages/airflow/example_dags/tutorial_taskflow_api.py for tasks to queue
[2025-05-27T18:38:53.742+0530] {logging_mixin.py:188} INFO - [2025-05-27T18:38:53.742+0530] {dagbag.py:538} INFO - Filling up the DagBag from /Users/zafarimam/Documents/E-Commerce Order Pipeline/airflow_venv_39/lib/python3.9/site-packages/airflow/example_dags/tutorial_taskflow_api.py
[2025-05-27T18:38:53.780+0530] {processor.py:840} INFO - DAG(s) 'tutorial_taskflow_api' retrieved from /Users/zafarimam/Documents/E-Commerce Order Pipeline/airflow_venv_39/lib/python3.9/site-packages/airflow/example_dags/tutorial_taskflow_api.py
[2025-05-27T18:38:53.789+0530] {logging_mixin.py:188} INFO - [2025-05-27T18:38:53.789+0530] {dag.py:3036} INFO - Sync 1 DAGs
[2025-05-27T18:38:53.866+0530] {logging_mixin.py:188} INFO - [2025-05-27T18:38:53.865+0530] {dag.py:3823} INFO - Setting next_dagrun for tutorial_taskflow_api to None, run_after=None
[2025-05-27T18:38:53.880+0530] {processor.py:183} INFO - Processing /Users/zafarimam/Documents/E-Commerce Order Pipeline/airflow_venv_39/lib/python3.9/site-packages/airflow/example_dags/tutorial_taskflow_api.py took 0.141 seconds
[2025-05-27T18:46:15.092+0530] {processor.py:161} INFO - Started process (PID=26702) to work on /Users/zafarimam/Documents/E-Commerce Order Pipeline/airflow_venv_39/lib/python3.9/site-packages/airflow/example_dags/tutorial_taskflow_api.py
[2025-05-27T18:46:15.093+0530] {processor.py:830} INFO - Processing file /Users/zafarimam/Documents/E-Commerce Order Pipeline/airflow_venv_39/lib/python3.9/site-packages/airflow/example_dags/tutorial_taskflow_api.py for tasks to queue
[2025-05-27T18:46:15.094+0530] {logging_mixin.py:188} INFO - [2025-05-27T18:46:15.094+0530] {dagbag.py:538} INFO - Filling up the DagBag from /Users/zafarimam/Documents/E-Commerce Order Pipeline/airflow_venv_39/lib/python3.9/site-packages/airflow/example_dags/tutorial_taskflow_api.py
[2025-05-27T18:46:15.129+0530] {processor.py:840} INFO - DAG(s) 'tutorial_taskflow_api' retrieved from /Users/zafarimam/Documents/E-Commerce Order Pipeline/airflow_venv_39/lib/python3.9/site-packages/airflow/example_dags/tutorial_taskflow_api.py
[2025-05-27T18:46:15.271+0530] {logging_mixin.py:188} INFO - [2025-05-27T18:46:15.271+0530] {dag.py:3036} INFO - Sync 1 DAGs
[2025-05-27T18:46:15.279+0530] {logging_mixin.py:188} INFO - [2025-05-27T18:46:15.279+0530] {dag.py:3823} INFO - Setting next_dagrun for tutorial_taskflow_api to None, run_after=None
[2025-05-27T18:46:15.293+0530] {processor.py:183} INFO - Processing /Users/zafarimam/Documents/E-Commerce Order Pipeline/airflow_venv_39/lib/python3.9/site-packages/airflow/example_dags/tutorial_taskflow_api.py took 0.202 seconds
[2025-05-27T18:48:09.643+0530] {processor.py:161} INFO - Started process (PID=26771) to work on /Users/zafarimam/Documents/E-Commerce Order Pipeline/airflow_venv_39/lib/python3.9/site-packages/airflow/example_dags/tutorial_taskflow_api.py
[2025-05-27T18:48:09.644+0530] {processor.py:830} INFO - Processing file /Users/zafarimam/Documents/E-Commerce Order Pipeline/airflow_venv_39/lib/python3.9/site-packages/airflow/example_dags/tutorial_taskflow_api.py for tasks to queue
[2025-05-27T18:48:09.644+0530] {logging_mixin.py:188} INFO - [2025-05-27T18:48:09.644+0530] {dagbag.py:538} INFO - Filling up the DagBag from /Users/zafarimam/Documents/E-Commerce Order Pipeline/airflow_venv_39/lib/python3.9/site-packages/airflow/example_dags/tutorial_taskflow_api.py
[2025-05-27T18:48:09.679+0530] {processor.py:840} INFO - DAG(s) 'tutorial_taskflow_api' retrieved from /Users/zafarimam/Documents/E-Commerce Order Pipeline/airflow_venv_39/lib/python3.9/site-packages/airflow/example_dags/tutorial_taskflow_api.py
[2025-05-27T18:48:09.757+0530] {logging_mixin.py:188} INFO - [2025-05-27T18:48:09.757+0530] {dag.py:3036} INFO - Sync 1 DAGs
[2025-05-27T18:48:09.764+0530] {logging_mixin.py:188} INFO - [2025-05-27T18:48:09.764+0530] {dag.py:3823} INFO - Setting next_dagrun for tutorial_taskflow_api to None, run_after=None
[2025-05-27T18:48:09.778+0530] {processor.py:183} INFO - Processing /Users/zafarimam/Documents/E-Commerce Order Pipeline/airflow_venv_39/lib/python3.9/site-packages/airflow/example_dags/tutorial_taskflow_api.py took 0.137 seconds
[2025-05-27T18:50:01.446+0530] {processor.py:161} INFO - Started process (PID=26840) to work on /Users/zafarimam/Documents/E-Commerce Order Pipeline/airflow_venv_39/lib/python3.9/site-packages/airflow/example_dags/tutorial_taskflow_api.py
[2025-05-27T18:50:01.447+0530] {processor.py:830} INFO - Processing file /Users/zafarimam/Documents/E-Commerce Order Pipeline/airflow_venv_39/lib/python3.9/site-packages/airflow/example_dags/tutorial_taskflow_api.py for tasks to queue
[2025-05-27T18:50:01.448+0530] {logging_mixin.py:188} INFO - [2025-05-27T18:50:01.448+0530] {dagbag.py:538} INFO - Filling up the DagBag from /Users/zafarimam/Documents/E-Commerce Order Pipeline/airflow_venv_39/lib/python3.9/site-packages/airflow/example_dags/tutorial_taskflow_api.py
[2025-05-27T18:50:01.485+0530] {processor.py:840} INFO - DAG(s) 'tutorial_taskflow_api' retrieved from /Users/zafarimam/Documents/E-Commerce Order Pipeline/airflow_venv_39/lib/python3.9/site-packages/airflow/example_dags/tutorial_taskflow_api.py
[2025-05-27T18:50:01.568+0530] {logging_mixin.py:188} INFO - [2025-05-27T18:50:01.567+0530] {dag.py:3036} INFO - Sync 1 DAGs
[2025-05-27T18:50:01.575+0530] {logging_mixin.py:188} INFO - [2025-05-27T18:50:01.574+0530] {dag.py:3823} INFO - Setting next_dagrun for tutorial_taskflow_api to None, run_after=None
[2025-05-27T18:50:01.591+0530] {processor.py:183} INFO - Processing /Users/zafarimam/Documents/E-Commerce Order Pipeline/airflow_venv_39/lib/python3.9/site-packages/airflow/example_dags/tutorial_taskflow_api.py took 0.146 seconds
[2025-05-27T18:51:57.634+0530] {processor.py:161} INFO - Started process (PID=26927) to work on /Users/zafarimam/Documents/E-Commerce Order Pipeline/airflow_venv_39/lib/python3.9/site-packages/airflow/example_dags/tutorial_taskflow_api.py
[2025-05-27T18:51:57.634+0530] {processor.py:830} INFO - Processing file /Users/zafarimam/Documents/E-Commerce Order Pipeline/airflow_venv_39/lib/python3.9/site-packages/airflow/example_dags/tutorial_taskflow_api.py for tasks to queue
[2025-05-27T18:51:57.635+0530] {logging_mixin.py:188} INFO - [2025-05-27T18:51:57.635+0530] {dagbag.py:538} INFO - Filling up the DagBag from /Users/zafarimam/Documents/E-Commerce Order Pipeline/airflow_venv_39/lib/python3.9/site-packages/airflow/example_dags/tutorial_taskflow_api.py
[2025-05-27T18:51:57.670+0530] {processor.py:840} INFO - DAG(s) 'tutorial_taskflow_api' retrieved from /Users/zafarimam/Documents/E-Commerce Order Pipeline/airflow_venv_39/lib/python3.9/site-packages/airflow/example_dags/tutorial_taskflow_api.py
[2025-05-27T18:51:57.748+0530] {logging_mixin.py:188} INFO - [2025-05-27T18:51:57.748+0530] {dag.py:3036} INFO - Sync 1 DAGs
[2025-05-27T18:51:57.754+0530] {logging_mixin.py:188} INFO - [2025-05-27T18:51:57.754+0530] {dag.py:3823} INFO - Setting next_dagrun for tutorial_taskflow_api to None, run_after=None
[2025-05-27T18:51:57.768+0530] {processor.py:183} INFO - Processing /Users/zafarimam/Documents/E-Commerce Order Pipeline/airflow_venv_39/lib/python3.9/site-packages/airflow/example_dags/tutorial_taskflow_api.py took 0.135 seconds
[2025-05-27T18:53:58.027+0530] {processor.py:161} INFO - Started process (PID=26989) to work on /Users/zafarimam/Documents/E-Commerce Order Pipeline/airflow_venv_39/lib/python3.9/site-packages/airflow/example_dags/tutorial_taskflow_api.py
[2025-05-27T18:53:58.028+0530] {processor.py:830} INFO - Processing file /Users/zafarimam/Documents/E-Commerce Order Pipeline/airflow_venv_39/lib/python3.9/site-packages/airflow/example_dags/tutorial_taskflow_api.py for tasks to queue
[2025-05-27T18:53:58.029+0530] {logging_mixin.py:188} INFO - [2025-05-27T18:53:58.029+0530] {dagbag.py:538} INFO - Filling up the DagBag from /Users/zafarimam/Documents/E-Commerce Order Pipeline/airflow_venv_39/lib/python3.9/site-packages/airflow/example_dags/tutorial_taskflow_api.py
[2025-05-27T18:53:58.073+0530] {processor.py:840} INFO - DAG(s) 'tutorial_taskflow_api' retrieved from /Users/zafarimam/Documents/E-Commerce Order Pipeline/airflow_venv_39/lib/python3.9/site-packages/airflow/example_dags/tutorial_taskflow_api.py
[2025-05-27T18:53:58.188+0530] {logging_mixin.py:188} INFO - [2025-05-27T18:53:58.188+0530] {dag.py:3036} INFO - Sync 1 DAGs
[2025-05-27T18:53:58.199+0530] {logging_mixin.py:188} INFO - [2025-05-27T18:53:58.199+0530] {dag.py:3823} INFO - Setting next_dagrun for tutorial_taskflow_api to None, run_after=None
[2025-05-27T18:53:58.218+0530] {processor.py:183} INFO - Processing /Users/zafarimam/Documents/E-Commerce Order Pipeline/airflow_venv_39/lib/python3.9/site-packages/airflow/example_dags/tutorial_taskflow_api.py took 0.192 seconds
[2025-05-27T18:56:03.322+0530] {processor.py:161} INFO - Started process (PID=27059) to work on /Users/zafarimam/Documents/E-Commerce Order Pipeline/airflow_venv_39/lib/python3.9/site-packages/airflow/example_dags/tutorial_taskflow_api.py
[2025-05-27T18:56:03.323+0530] {processor.py:830} INFO - Processing file /Users/zafarimam/Documents/E-Commerce Order Pipeline/airflow_venv_39/lib/python3.9/site-packages/airflow/example_dags/tutorial_taskflow_api.py for tasks to queue
[2025-05-27T18:56:03.324+0530] {logging_mixin.py:188} INFO - [2025-05-27T18:56:03.324+0530] {dagbag.py:538} INFO - Filling up the DagBag from /Users/zafarimam/Documents/E-Commerce Order Pipeline/airflow_venv_39/lib/python3.9/site-packages/airflow/example_dags/tutorial_taskflow_api.py
[2025-05-27T18:56:03.358+0530] {processor.py:840} INFO - DAG(s) 'tutorial_taskflow_api' retrieved from /Users/zafarimam/Documents/E-Commerce Order Pipeline/airflow_venv_39/lib/python3.9/site-packages/airflow/example_dags/tutorial_taskflow_api.py
[2025-05-27T18:56:03.440+0530] {logging_mixin.py:188} INFO - [2025-05-27T18:56:03.439+0530] {dag.py:3036} INFO - Sync 1 DAGs
[2025-05-27T18:56:03.446+0530] {logging_mixin.py:188} INFO - [2025-05-27T18:56:03.446+0530] {dag.py:3823} INFO - Setting next_dagrun for tutorial_taskflow_api to None, run_after=None
[2025-05-27T18:56:03.460+0530] {processor.py:183} INFO - Processing /Users/zafarimam/Documents/E-Commerce Order Pipeline/airflow_venv_39/lib/python3.9/site-packages/airflow/example_dags/tutorial_taskflow_api.py took 0.140 seconds
[2025-05-27T18:58:05.083+0530] {processor.py:161} INFO - Started process (PID=27149) to work on /Users/zafarimam/Documents/E-Commerce Order Pipeline/airflow_venv_39/lib/python3.9/site-packages/airflow/example_dags/tutorial_taskflow_api.py
[2025-05-27T18:58:05.085+0530] {processor.py:830} INFO - Processing file /Users/zafarimam/Documents/E-Commerce Order Pipeline/airflow_venv_39/lib/python3.9/site-packages/airflow/example_dags/tutorial_taskflow_api.py for tasks to queue
[2025-05-27T18:58:05.086+0530] {logging_mixin.py:188} INFO - [2025-05-27T18:58:05.085+0530] {dagbag.py:538} INFO - Filling up the DagBag from /Users/zafarimam/Documents/E-Commerce Order Pipeline/airflow_venv_39/lib/python3.9/site-packages/airflow/example_dags/tutorial_taskflow_api.py
[2025-05-27T18:58:05.122+0530] {processor.py:840} INFO - DAG(s) 'tutorial_taskflow_api' retrieved from /Users/zafarimam/Documents/E-Commerce Order Pipeline/airflow_venv_39/lib/python3.9/site-packages/airflow/example_dags/tutorial_taskflow_api.py
[2025-05-27T18:58:05.209+0530] {logging_mixin.py:188} INFO - [2025-05-27T18:58:05.209+0530] {dag.py:3036} INFO - Sync 1 DAGs
[2025-05-27T18:58:05.217+0530] {logging_mixin.py:188} INFO - [2025-05-27T18:58:05.217+0530] {dag.py:3823} INFO - Setting next_dagrun for tutorial_taskflow_api to None, run_after=None
[2025-05-27T18:58:05.232+0530] {processor.py:183} INFO - Processing /Users/zafarimam/Documents/E-Commerce Order Pipeline/airflow_venv_39/lib/python3.9/site-packages/airflow/example_dags/tutorial_taskflow_api.py took 0.150 seconds
[2025-05-27T19:00:04.056+0530] {processor.py:161} INFO - Started process (PID=27212) to work on /Users/zafarimam/Documents/E-Commerce Order Pipeline/airflow_venv_39/lib/python3.9/site-packages/airflow/example_dags/tutorial_taskflow_api.py
[2025-05-27T19:00:04.057+0530] {processor.py:830} INFO - Processing file /Users/zafarimam/Documents/E-Commerce Order Pipeline/airflow_venv_39/lib/python3.9/site-packages/airflow/example_dags/tutorial_taskflow_api.py for tasks to queue
[2025-05-27T19:00:04.058+0530] {logging_mixin.py:188} INFO - [2025-05-27T19:00:04.058+0530] {dagbag.py:538} INFO - Filling up the DagBag from /Users/zafarimam/Documents/E-Commerce Order Pipeline/airflow_venv_39/lib/python3.9/site-packages/airflow/example_dags/tutorial_taskflow_api.py
[2025-05-27T19:00:04.095+0530] {processor.py:840} INFO - DAG(s) 'tutorial_taskflow_api' retrieved from /Users/zafarimam/Documents/E-Commerce Order Pipeline/airflow_venv_39/lib/python3.9/site-packages/airflow/example_dags/tutorial_taskflow_api.py
[2025-05-27T19:00:04.173+0530] {logging_mixin.py:188} INFO - [2025-05-27T19:00:04.173+0530] {dag.py:3036} INFO - Sync 1 DAGs
[2025-05-27T19:00:04.179+0530] {logging_mixin.py:188} INFO - [2025-05-27T19:00:04.179+0530] {dag.py:3823} INFO - Setting next_dagrun for tutorial_taskflow_api to None, run_after=None
[2025-05-27T19:00:04.193+0530] {processor.py:183} INFO - Processing /Users/zafarimam/Documents/E-Commerce Order Pipeline/airflow_venv_39/lib/python3.9/site-packages/airflow/example_dags/tutorial_taskflow_api.py took 0.139 seconds
[2025-05-27T19:02:14.405+0530] {processor.py:161} INFO - Started process (PID=27318) to work on /Users/zafarimam/Documents/E-Commerce Order Pipeline/airflow_venv_39/lib/python3.9/site-packages/airflow/example_dags/tutorial_taskflow_api.py
[2025-05-27T19:02:14.406+0530] {processor.py:830} INFO - Processing file /Users/zafarimam/Documents/E-Commerce Order Pipeline/airflow_venv_39/lib/python3.9/site-packages/airflow/example_dags/tutorial_taskflow_api.py for tasks to queue
[2025-05-27T19:02:14.407+0530] {logging_mixin.py:188} INFO - [2025-05-27T19:02:14.407+0530] {dagbag.py:538} INFO - Filling up the DagBag from /Users/zafarimam/Documents/E-Commerce Order Pipeline/airflow_venv_39/lib/python3.9/site-packages/airflow/example_dags/tutorial_taskflow_api.py
[2025-05-27T19:02:14.440+0530] {processor.py:840} INFO - DAG(s) 'tutorial_taskflow_api' retrieved from /Users/zafarimam/Documents/E-Commerce Order Pipeline/airflow_venv_39/lib/python3.9/site-packages/airflow/example_dags/tutorial_taskflow_api.py
[2025-05-27T19:02:14.518+0530] {logging_mixin.py:188} INFO - [2025-05-27T19:02:14.518+0530] {dag.py:3036} INFO - Sync 1 DAGs
[2025-05-27T19:02:14.524+0530] {logging_mixin.py:188} INFO - [2025-05-27T19:02:14.524+0530] {dag.py:3823} INFO - Setting next_dagrun for tutorial_taskflow_api to None, run_after=None
[2025-05-27T19:02:14.542+0530] {processor.py:183} INFO - Processing /Users/zafarimam/Documents/E-Commerce Order Pipeline/airflow_venv_39/lib/python3.9/site-packages/airflow/example_dags/tutorial_taskflow_api.py took 0.139 seconds
[2025-05-27T19:04:08.013+0530] {processor.py:161} INFO - Started process (PID=27385) to work on /Users/zafarimam/Documents/E-Commerce Order Pipeline/airflow_venv_39/lib/python3.9/site-packages/airflow/example_dags/tutorial_taskflow_api.py
[2025-05-27T19:04:08.014+0530] {processor.py:830} INFO - Processing file /Users/zafarimam/Documents/E-Commerce Order Pipeline/airflow_venv_39/lib/python3.9/site-packages/airflow/example_dags/tutorial_taskflow_api.py for tasks to queue
[2025-05-27T19:04:08.015+0530] {logging_mixin.py:188} INFO - [2025-05-27T19:04:08.015+0530] {dagbag.py:538} INFO - Filling up the DagBag from /Users/zafarimam/Documents/E-Commerce Order Pipeline/airflow_venv_39/lib/python3.9/site-packages/airflow/example_dags/tutorial_taskflow_api.py
[2025-05-27T19:04:08.054+0530] {processor.py:840} INFO - DAG(s) 'tutorial_taskflow_api' retrieved from /Users/zafarimam/Documents/E-Commerce Order Pipeline/airflow_venv_39/lib/python3.9/site-packages/airflow/example_dags/tutorial_taskflow_api.py
[2025-05-27T19:04:08.145+0530] {logging_mixin.py:188} INFO - [2025-05-27T19:04:08.144+0530] {dag.py:3036} INFO - Sync 1 DAGs
[2025-05-27T19:04:08.153+0530] {logging_mixin.py:188} INFO - [2025-05-27T19:04:08.153+0530] {dag.py:3823} INFO - Setting next_dagrun for tutorial_taskflow_api to None, run_after=None
[2025-05-27T19:04:08.167+0530] {processor.py:183} INFO - Processing /Users/zafarimam/Documents/E-Commerce Order Pipeline/airflow_venv_39/lib/python3.9/site-packages/airflow/example_dags/tutorial_taskflow_api.py took 0.156 seconds
[2025-05-27T19:06:16.847+0530] {processor.py:161} INFO - Started process (PID=27441) to work on /Users/zafarimam/Documents/E-Commerce Order Pipeline/airflow_venv_39/lib/python3.9/site-packages/airflow/example_dags/tutorial_taskflow_api.py
[2025-05-27T19:06:16.848+0530] {processor.py:830} INFO - Processing file /Users/zafarimam/Documents/E-Commerce Order Pipeline/airflow_venv_39/lib/python3.9/site-packages/airflow/example_dags/tutorial_taskflow_api.py for tasks to queue
[2025-05-27T19:06:16.849+0530] {logging_mixin.py:188} INFO - [2025-05-27T19:06:16.849+0530] {dagbag.py:538} INFO - Filling up the DagBag from /Users/zafarimam/Documents/E-Commerce Order Pipeline/airflow_venv_39/lib/python3.9/site-packages/airflow/example_dags/tutorial_taskflow_api.py
[2025-05-27T19:06:16.887+0530] {processor.py:840} INFO - DAG(s) 'tutorial_taskflow_api' retrieved from /Users/zafarimam/Documents/E-Commerce Order Pipeline/airflow_venv_39/lib/python3.9/site-packages/airflow/example_dags/tutorial_taskflow_api.py
[2025-05-27T19:06:16.976+0530] {logging_mixin.py:188} INFO - [2025-05-27T19:06:16.975+0530] {dag.py:3036} INFO - Sync 1 DAGs
[2025-05-27T19:06:16.983+0530] {logging_mixin.py:188} INFO - [2025-05-27T19:06:16.983+0530] {dag.py:3823} INFO - Setting next_dagrun for tutorial_taskflow_api to None, run_after=None
[2025-05-27T19:06:16.998+0530] {processor.py:183} INFO - Processing /Users/zafarimam/Documents/E-Commerce Order Pipeline/airflow_venv_39/lib/python3.9/site-packages/airflow/example_dags/tutorial_taskflow_api.py took 0.152 seconds
[2025-05-27T19:08:27.514+0530] {processor.py:161} INFO - Started process (PID=27535) to work on /Users/zafarimam/Documents/E-Commerce Order Pipeline/airflow_venv_39/lib/python3.9/site-packages/airflow/example_dags/tutorial_taskflow_api.py
[2025-05-27T19:08:27.515+0530] {processor.py:830} INFO - Processing file /Users/zafarimam/Documents/E-Commerce Order Pipeline/airflow_venv_39/lib/python3.9/site-packages/airflow/example_dags/tutorial_taskflow_api.py for tasks to queue
[2025-05-27T19:08:27.516+0530] {logging_mixin.py:188} INFO - [2025-05-27T19:08:27.515+0530] {dagbag.py:538} INFO - Filling up the DagBag from /Users/zafarimam/Documents/E-Commerce Order Pipeline/airflow_venv_39/lib/python3.9/site-packages/airflow/example_dags/tutorial_taskflow_api.py
[2025-05-27T19:08:27.548+0530] {processor.py:840} INFO - DAG(s) 'tutorial_taskflow_api' retrieved from /Users/zafarimam/Documents/E-Commerce Order Pipeline/airflow_venv_39/lib/python3.9/site-packages/airflow/example_dags/tutorial_taskflow_api.py
[2025-05-27T19:08:27.624+0530] {logging_mixin.py:188} INFO - [2025-05-27T19:08:27.624+0530] {dag.py:3036} INFO - Sync 1 DAGs
[2025-05-27T19:08:27.630+0530] {logging_mixin.py:188} INFO - [2025-05-27T19:08:27.630+0530] {dag.py:3823} INFO - Setting next_dagrun for tutorial_taskflow_api to None, run_after=None
[2025-05-27T19:08:27.644+0530] {processor.py:183} INFO - Processing /Users/zafarimam/Documents/E-Commerce Order Pipeline/airflow_venv_39/lib/python3.9/site-packages/airflow/example_dags/tutorial_taskflow_api.py took 0.132 seconds
[2025-05-27T19:10:08.635+0530] {processor.py:161} INFO - Started process (PID=27589) to work on /Users/zafarimam/Documents/E-Commerce Order Pipeline/airflow_venv_39/lib/python3.9/site-packages/airflow/example_dags/tutorial_taskflow_api.py
[2025-05-27T19:10:08.635+0530] {processor.py:830} INFO - Processing file /Users/zafarimam/Documents/E-Commerce Order Pipeline/airflow_venv_39/lib/python3.9/site-packages/airflow/example_dags/tutorial_taskflow_api.py for tasks to queue
[2025-05-27T19:10:08.636+0530] {logging_mixin.py:188} INFO - [2025-05-27T19:10:08.636+0530] {dagbag.py:538} INFO - Filling up the DagBag from /Users/zafarimam/Documents/E-Commerce Order Pipeline/airflow_venv_39/lib/python3.9/site-packages/airflow/example_dags/tutorial_taskflow_api.py
[2025-05-27T19:10:08.668+0530] {processor.py:840} INFO - DAG(s) 'tutorial_taskflow_api' retrieved from /Users/zafarimam/Documents/E-Commerce Order Pipeline/airflow_venv_39/lib/python3.9/site-packages/airflow/example_dags/tutorial_taskflow_api.py
[2025-05-27T19:10:08.740+0530] {logging_mixin.py:188} INFO - [2025-05-27T19:10:08.740+0530] {dag.py:3036} INFO - Sync 1 DAGs
[2025-05-27T19:10:08.746+0530] {logging_mixin.py:188} INFO - [2025-05-27T19:10:08.746+0530] {dag.py:3823} INFO - Setting next_dagrun for tutorial_taskflow_api to None, run_after=None
[2025-05-27T19:10:08.763+0530] {processor.py:183} INFO - Processing /Users/zafarimam/Documents/E-Commerce Order Pipeline/airflow_venv_39/lib/python3.9/site-packages/airflow/example_dags/tutorial_taskflow_api.py took 0.130 seconds
[2025-05-27T19:11:49.926+0530] {processor.py:161} INFO - Started process (PID=27645) to work on /Users/zafarimam/Documents/E-Commerce Order Pipeline/airflow_venv_39/lib/python3.9/site-packages/airflow/example_dags/tutorial_taskflow_api.py
[2025-05-27T19:11:49.927+0530] {processor.py:830} INFO - Processing file /Users/zafarimam/Documents/E-Commerce Order Pipeline/airflow_venv_39/lib/python3.9/site-packages/airflow/example_dags/tutorial_taskflow_api.py for tasks to queue
[2025-05-27T19:11:49.928+0530] {logging_mixin.py:188} INFO - [2025-05-27T19:11:49.928+0530] {dagbag.py:538} INFO - Filling up the DagBag from /Users/zafarimam/Documents/E-Commerce Order Pipeline/airflow_venv_39/lib/python3.9/site-packages/airflow/example_dags/tutorial_taskflow_api.py
[2025-05-27T19:11:49.959+0530] {processor.py:840} INFO - DAG(s) 'tutorial_taskflow_api' retrieved from /Users/zafarimam/Documents/E-Commerce Order Pipeline/airflow_venv_39/lib/python3.9/site-packages/airflow/example_dags/tutorial_taskflow_api.py
[2025-05-27T19:11:50.033+0530] {logging_mixin.py:188} INFO - [2025-05-27T19:11:50.032+0530] {dag.py:3036} INFO - Sync 1 DAGs
[2025-05-27T19:11:50.038+0530] {logging_mixin.py:188} INFO - [2025-05-27T19:11:50.038+0530] {dag.py:3823} INFO - Setting next_dagrun for tutorial_taskflow_api to None, run_after=None
[2025-05-27T19:11:50.056+0530] {processor.py:183} INFO - Processing /Users/zafarimam/Documents/E-Commerce Order Pipeline/airflow_venv_39/lib/python3.9/site-packages/airflow/example_dags/tutorial_taskflow_api.py took 0.131 seconds
[2025-05-27T19:13:30.138+0530] {processor.py:161} INFO - Started process (PID=27695) to work on /Users/zafarimam/Documents/E-Commerce Order Pipeline/airflow_venv_39/lib/python3.9/site-packages/airflow/example_dags/tutorial_taskflow_api.py
[2025-05-27T19:13:30.139+0530] {processor.py:830} INFO - Processing file /Users/zafarimam/Documents/E-Commerce Order Pipeline/airflow_venv_39/lib/python3.9/site-packages/airflow/example_dags/tutorial_taskflow_api.py for tasks to queue
[2025-05-27T19:13:30.139+0530] {logging_mixin.py:188} INFO - [2025-05-27T19:13:30.139+0530] {dagbag.py:538} INFO - Filling up the DagBag from /Users/zafarimam/Documents/E-Commerce Order Pipeline/airflow_venv_39/lib/python3.9/site-packages/airflow/example_dags/tutorial_taskflow_api.py
[2025-05-27T19:13:30.171+0530] {processor.py:840} INFO - DAG(s) 'tutorial_taskflow_api' retrieved from /Users/zafarimam/Documents/E-Commerce Order Pipeline/airflow_venv_39/lib/python3.9/site-packages/airflow/example_dags/tutorial_taskflow_api.py
[2025-05-27T19:13:30.244+0530] {logging_mixin.py:188} INFO - [2025-05-27T19:13:30.244+0530] {dag.py:3036} INFO - Sync 1 DAGs
[2025-05-27T19:13:30.250+0530] {logging_mixin.py:188} INFO - [2025-05-27T19:13:30.250+0530] {dag.py:3823} INFO - Setting next_dagrun for tutorial_taskflow_api to None, run_after=None
[2025-05-27T19:13:30.268+0530] {processor.py:183} INFO - Processing /Users/zafarimam/Documents/E-Commerce Order Pipeline/airflow_venv_39/lib/python3.9/site-packages/airflow/example_dags/tutorial_taskflow_api.py took 0.131 seconds
[2025-05-27T19:15:10.310+0530] {processor.py:161} INFO - Started process (PID=27746) to work on /Users/zafarimam/Documents/E-Commerce Order Pipeline/airflow_venv_39/lib/python3.9/site-packages/airflow/example_dags/tutorial_taskflow_api.py
[2025-05-27T19:15:10.311+0530] {processor.py:830} INFO - Processing file /Users/zafarimam/Documents/E-Commerce Order Pipeline/airflow_venv_39/lib/python3.9/site-packages/airflow/example_dags/tutorial_taskflow_api.py for tasks to queue
[2025-05-27T19:15:10.311+0530] {logging_mixin.py:188} INFO - [2025-05-27T19:15:10.311+0530] {dagbag.py:538} INFO - Filling up the DagBag from /Users/zafarimam/Documents/E-Commerce Order Pipeline/airflow_venv_39/lib/python3.9/site-packages/airflow/example_dags/tutorial_taskflow_api.py
[2025-05-27T19:15:10.343+0530] {processor.py:840} INFO - DAG(s) 'tutorial_taskflow_api' retrieved from /Users/zafarimam/Documents/E-Commerce Order Pipeline/airflow_venv_39/lib/python3.9/site-packages/airflow/example_dags/tutorial_taskflow_api.py
[2025-05-27T19:15:10.419+0530] {logging_mixin.py:188} INFO - [2025-05-27T19:15:10.419+0530] {dag.py:3036} INFO - Sync 1 DAGs
[2025-05-27T19:15:10.426+0530] {logging_mixin.py:188} INFO - [2025-05-27T19:15:10.425+0530] {dag.py:3823} INFO - Setting next_dagrun for tutorial_taskflow_api to None, run_after=None
[2025-05-27T19:15:10.443+0530] {processor.py:183} INFO - Processing /Users/zafarimam/Documents/E-Commerce Order Pipeline/airflow_venv_39/lib/python3.9/site-packages/airflow/example_dags/tutorial_taskflow_api.py took 0.134 seconds
[2025-05-27T19:16:51.252+0530] {processor.py:161} INFO - Started process (PID=27803) to work on /Users/zafarimam/Documents/E-Commerce Order Pipeline/airflow_venv_39/lib/python3.9/site-packages/airflow/example_dags/tutorial_taskflow_api.py
[2025-05-27T19:16:51.253+0530] {processor.py:830} INFO - Processing file /Users/zafarimam/Documents/E-Commerce Order Pipeline/airflow_venv_39/lib/python3.9/site-packages/airflow/example_dags/tutorial_taskflow_api.py for tasks to queue
[2025-05-27T19:16:51.253+0530] {logging_mixin.py:188} INFO - [2025-05-27T19:16:51.253+0530] {dagbag.py:538} INFO - Filling up the DagBag from /Users/zafarimam/Documents/E-Commerce Order Pipeline/airflow_venv_39/lib/python3.9/site-packages/airflow/example_dags/tutorial_taskflow_api.py
[2025-05-27T19:16:51.285+0530] {processor.py:840} INFO - DAG(s) 'tutorial_taskflow_api' retrieved from /Users/zafarimam/Documents/E-Commerce Order Pipeline/airflow_venv_39/lib/python3.9/site-packages/airflow/example_dags/tutorial_taskflow_api.py
[2025-05-27T19:16:51.360+0530] {logging_mixin.py:188} INFO - [2025-05-27T19:16:51.360+0530] {dag.py:3036} INFO - Sync 1 DAGs
[2025-05-27T19:16:51.366+0530] {logging_mixin.py:188} INFO - [2025-05-27T19:16:51.366+0530] {dag.py:3823} INFO - Setting next_dagrun for tutorial_taskflow_api to None, run_after=None
[2025-05-27T19:16:51.379+0530] {processor.py:183} INFO - Processing /Users/zafarimam/Documents/E-Commerce Order Pipeline/airflow_venv_39/lib/python3.9/site-packages/airflow/example_dags/tutorial_taskflow_api.py took 0.129 seconds
[2025-05-27T19:18:31.413+0530] {processor.py:161} INFO - Started process (PID=27872) to work on /Users/zafarimam/Documents/E-Commerce Order Pipeline/airflow_venv_39/lib/python3.9/site-packages/airflow/example_dags/tutorial_taskflow_api.py
[2025-05-27T19:18:31.414+0530] {processor.py:830} INFO - Processing file /Users/zafarimam/Documents/E-Commerce Order Pipeline/airflow_venv_39/lib/python3.9/site-packages/airflow/example_dags/tutorial_taskflow_api.py for tasks to queue
[2025-05-27T19:18:31.415+0530] {logging_mixin.py:188} INFO - [2025-05-27T19:18:31.414+0530] {dagbag.py:538} INFO - Filling up the DagBag from /Users/zafarimam/Documents/E-Commerce Order Pipeline/airflow_venv_39/lib/python3.9/site-packages/airflow/example_dags/tutorial_taskflow_api.py
[2025-05-27T19:18:31.447+0530] {processor.py:840} INFO - DAG(s) 'tutorial_taskflow_api' retrieved from /Users/zafarimam/Documents/E-Commerce Order Pipeline/airflow_venv_39/lib/python3.9/site-packages/airflow/example_dags/tutorial_taskflow_api.py
[2025-05-27T19:18:31.521+0530] {logging_mixin.py:188} INFO - [2025-05-27T19:18:31.521+0530] {dag.py:3036} INFO - Sync 1 DAGs
[2025-05-27T19:18:31.527+0530] {logging_mixin.py:188} INFO - [2025-05-27T19:18:31.527+0530] {dag.py:3823} INFO - Setting next_dagrun for tutorial_taskflow_api to None, run_after=None
[2025-05-27T19:18:31.545+0530] {processor.py:183} INFO - Processing /Users/zafarimam/Documents/E-Commerce Order Pipeline/airflow_venv_39/lib/python3.9/site-packages/airflow/example_dags/tutorial_taskflow_api.py took 0.133 seconds
[2025-05-27T19:20:12.680+0530] {processor.py:161} INFO - Started process (PID=27941) to work on /Users/zafarimam/Documents/E-Commerce Order Pipeline/airflow_venv_39/lib/python3.9/site-packages/airflow/example_dags/tutorial_taskflow_api.py
[2025-05-27T19:20:12.681+0530] {processor.py:830} INFO - Processing file /Users/zafarimam/Documents/E-Commerce Order Pipeline/airflow_venv_39/lib/python3.9/site-packages/airflow/example_dags/tutorial_taskflow_api.py for tasks to queue
[2025-05-27T19:20:12.681+0530] {logging_mixin.py:188} INFO - [2025-05-27T19:20:12.681+0530] {dagbag.py:538} INFO - Filling up the DagBag from /Users/zafarimam/Documents/E-Commerce Order Pipeline/airflow_venv_39/lib/python3.9/site-packages/airflow/example_dags/tutorial_taskflow_api.py
[2025-05-27T19:20:12.713+0530] {processor.py:840} INFO - DAG(s) 'tutorial_taskflow_api' retrieved from /Users/zafarimam/Documents/E-Commerce Order Pipeline/airflow_venv_39/lib/python3.9/site-packages/airflow/example_dags/tutorial_taskflow_api.py
[2025-05-27T19:20:12.784+0530] {logging_mixin.py:188} INFO - [2025-05-27T19:20:12.784+0530] {dag.py:3036} INFO - Sync 1 DAGs
[2025-05-27T19:20:12.790+0530] {logging_mixin.py:188} INFO - [2025-05-27T19:20:12.790+0530] {dag.py:3823} INFO - Setting next_dagrun for tutorial_taskflow_api to None, run_after=None
[2025-05-27T19:20:12.808+0530] {processor.py:183} INFO - Processing /Users/zafarimam/Documents/E-Commerce Order Pipeline/airflow_venv_39/lib/python3.9/site-packages/airflow/example_dags/tutorial_taskflow_api.py took 0.129 seconds
[2025-05-27T19:21:50.810+0530] {processor.py:161} INFO - Started process (PID=27997) to work on /Users/zafarimam/Documents/E-Commerce Order Pipeline/airflow_venv_39/lib/python3.9/site-packages/airflow/example_dags/tutorial_taskflow_api.py
[2025-05-27T19:21:50.811+0530] {processor.py:830} INFO - Processing file /Users/zafarimam/Documents/E-Commerce Order Pipeline/airflow_venv_39/lib/python3.9/site-packages/airflow/example_dags/tutorial_taskflow_api.py for tasks to queue
[2025-05-27T19:21:50.811+0530] {logging_mixin.py:188} INFO - [2025-05-27T19:21:50.811+0530] {dagbag.py:538} INFO - Filling up the DagBag from /Users/zafarimam/Documents/E-Commerce Order Pipeline/airflow_venv_39/lib/python3.9/site-packages/airflow/example_dags/tutorial_taskflow_api.py
[2025-05-27T19:21:50.843+0530] {processor.py:840} INFO - DAG(s) 'tutorial_taskflow_api' retrieved from /Users/zafarimam/Documents/E-Commerce Order Pipeline/airflow_venv_39/lib/python3.9/site-packages/airflow/example_dags/tutorial_taskflow_api.py
[2025-05-27T19:21:50.916+0530] {logging_mixin.py:188} INFO - [2025-05-27T19:21:50.916+0530] {dag.py:3036} INFO - Sync 1 DAGs
[2025-05-27T19:21:50.923+0530] {logging_mixin.py:188} INFO - [2025-05-27T19:21:50.922+0530] {dag.py:3823} INFO - Setting next_dagrun for tutorial_taskflow_api to None, run_after=None
[2025-05-27T19:21:50.935+0530] {processor.py:183} INFO - Processing /Users/zafarimam/Documents/E-Commerce Order Pipeline/airflow_venv_39/lib/python3.9/site-packages/airflow/example_dags/tutorial_taskflow_api.py took 0.126 seconds
[2025-05-27T19:23:32.088+0530] {processor.py:161} INFO - Started process (PID=28057) to work on /Users/zafarimam/Documents/E-Commerce Order Pipeline/airflow_venv_39/lib/python3.9/site-packages/airflow/example_dags/tutorial_taskflow_api.py
[2025-05-27T19:23:32.089+0530] {processor.py:830} INFO - Processing file /Users/zafarimam/Documents/E-Commerce Order Pipeline/airflow_venv_39/lib/python3.9/site-packages/airflow/example_dags/tutorial_taskflow_api.py for tasks to queue
[2025-05-27T19:23:32.089+0530] {logging_mixin.py:188} INFO - [2025-05-27T19:23:32.089+0530] {dagbag.py:538} INFO - Filling up the DagBag from /Users/zafarimam/Documents/E-Commerce Order Pipeline/airflow_venv_39/lib/python3.9/site-packages/airflow/example_dags/tutorial_taskflow_api.py
[2025-05-27T19:23:32.121+0530] {processor.py:840} INFO - DAG(s) 'tutorial_taskflow_api' retrieved from /Users/zafarimam/Documents/E-Commerce Order Pipeline/airflow_venv_39/lib/python3.9/site-packages/airflow/example_dags/tutorial_taskflow_api.py
[2025-05-27T19:23:32.195+0530] {logging_mixin.py:188} INFO - [2025-05-27T19:23:32.195+0530] {dag.py:3036} INFO - Sync 1 DAGs
[2025-05-27T19:23:32.201+0530] {logging_mixin.py:188} INFO - [2025-05-27T19:23:32.201+0530] {dag.py:3823} INFO - Setting next_dagrun for tutorial_taskflow_api to None, run_after=None
[2025-05-27T19:23:32.215+0530] {processor.py:183} INFO - Processing /Users/zafarimam/Documents/E-Commerce Order Pipeline/airflow_venv_39/lib/python3.9/site-packages/airflow/example_dags/tutorial_taskflow_api.py took 0.128 seconds
[2025-05-27T19:25:13.227+0530] {processor.py:161} INFO - Started process (PID=28111) to work on /Users/zafarimam/Documents/E-Commerce Order Pipeline/airflow_venv_39/lib/python3.9/site-packages/airflow/example_dags/tutorial_taskflow_api.py
[2025-05-27T19:25:13.228+0530] {processor.py:830} INFO - Processing file /Users/zafarimam/Documents/E-Commerce Order Pipeline/airflow_venv_39/lib/python3.9/site-packages/airflow/example_dags/tutorial_taskflow_api.py for tasks to queue
[2025-05-27T19:25:13.228+0530] {logging_mixin.py:188} INFO - [2025-05-27T19:25:13.228+0530] {dagbag.py:538} INFO - Filling up the DagBag from /Users/zafarimam/Documents/E-Commerce Order Pipeline/airflow_venv_39/lib/python3.9/site-packages/airflow/example_dags/tutorial_taskflow_api.py
[2025-05-27T19:25:13.260+0530] {processor.py:840} INFO - DAG(s) 'tutorial_taskflow_api' retrieved from /Users/zafarimam/Documents/E-Commerce Order Pipeline/airflow_venv_39/lib/python3.9/site-packages/airflow/example_dags/tutorial_taskflow_api.py
[2025-05-27T19:25:13.333+0530] {logging_mixin.py:188} INFO - [2025-05-27T19:25:13.333+0530] {dag.py:3036} INFO - Sync 1 DAGs
[2025-05-27T19:25:13.339+0530] {logging_mixin.py:188} INFO - [2025-05-27T19:25:13.339+0530] {dag.py:3823} INFO - Setting next_dagrun for tutorial_taskflow_api to None, run_after=None
[2025-05-27T19:25:13.352+0530] {processor.py:183} INFO - Processing /Users/zafarimam/Documents/E-Commerce Order Pipeline/airflow_venv_39/lib/python3.9/site-packages/airflow/example_dags/tutorial_taskflow_api.py took 0.126 seconds
[2025-05-27T19:26:53.391+0530] {processor.py:161} INFO - Started process (PID=28166) to work on /Users/zafarimam/Documents/E-Commerce Order Pipeline/airflow_venv_39/lib/python3.9/site-packages/airflow/example_dags/tutorial_taskflow_api.py
[2025-05-27T19:26:53.391+0530] {processor.py:830} INFO - Processing file /Users/zafarimam/Documents/E-Commerce Order Pipeline/airflow_venv_39/lib/python3.9/site-packages/airflow/example_dags/tutorial_taskflow_api.py for tasks to queue
[2025-05-27T19:26:53.392+0530] {logging_mixin.py:188} INFO - [2025-05-27T19:26:53.392+0530] {dagbag.py:538} INFO - Filling up the DagBag from /Users/zafarimam/Documents/E-Commerce Order Pipeline/airflow_venv_39/lib/python3.9/site-packages/airflow/example_dags/tutorial_taskflow_api.py
[2025-05-27T19:26:53.424+0530] {processor.py:840} INFO - DAG(s) 'tutorial_taskflow_api' retrieved from /Users/zafarimam/Documents/E-Commerce Order Pipeline/airflow_venv_39/lib/python3.9/site-packages/airflow/example_dags/tutorial_taskflow_api.py
[2025-05-27T19:26:53.497+0530] {logging_mixin.py:188} INFO - [2025-05-27T19:26:53.497+0530] {dag.py:3036} INFO - Sync 1 DAGs
[2025-05-27T19:26:53.504+0530] {logging_mixin.py:188} INFO - [2025-05-27T19:26:53.503+0530] {dag.py:3823} INFO - Setting next_dagrun for tutorial_taskflow_api to None, run_after=None
[2025-05-27T19:26:53.520+0530] {processor.py:183} INFO - Processing /Users/zafarimam/Documents/E-Commerce Order Pipeline/airflow_venv_39/lib/python3.9/site-packages/airflow/example_dags/tutorial_taskflow_api.py took 0.130 seconds
[2025-05-27T19:28:32.642+0530] {processor.py:161} INFO - Started process (PID=28218) to work on /Users/zafarimam/Documents/E-Commerce Order Pipeline/airflow_venv_39/lib/python3.9/site-packages/airflow/example_dags/tutorial_taskflow_api.py
[2025-05-27T19:28:32.643+0530] {processor.py:830} INFO - Processing file /Users/zafarimam/Documents/E-Commerce Order Pipeline/airflow_venv_39/lib/python3.9/site-packages/airflow/example_dags/tutorial_taskflow_api.py for tasks to queue
[2025-05-27T19:28:32.644+0530] {logging_mixin.py:188} INFO - [2025-05-27T19:28:32.644+0530] {dagbag.py:538} INFO - Filling up the DagBag from /Users/zafarimam/Documents/E-Commerce Order Pipeline/airflow_venv_39/lib/python3.9/site-packages/airflow/example_dags/tutorial_taskflow_api.py
[2025-05-27T19:28:32.676+0530] {processor.py:840} INFO - DAG(s) 'tutorial_taskflow_api' retrieved from /Users/zafarimam/Documents/E-Commerce Order Pipeline/airflow_venv_39/lib/python3.9/site-packages/airflow/example_dags/tutorial_taskflow_api.py
[2025-05-27T19:28:32.749+0530] {logging_mixin.py:188} INFO - [2025-05-27T19:28:32.748+0530] {dag.py:3036} INFO - Sync 1 DAGs
[2025-05-27T19:28:32.755+0530] {logging_mixin.py:188} INFO - [2025-05-27T19:28:32.754+0530] {dag.py:3823} INFO - Setting next_dagrun for tutorial_taskflow_api to None, run_after=None
[2025-05-27T19:28:32.772+0530] {processor.py:183} INFO - Processing /Users/zafarimam/Documents/E-Commerce Order Pipeline/airflow_venv_39/lib/python3.9/site-packages/airflow/example_dags/tutorial_taskflow_api.py took 0.131 seconds
[2025-05-27T19:30:34.417+0530] {processor.py:161} INFO - Started process (PID=28298) to work on /Users/zafarimam/Documents/E-Commerce Order Pipeline/airflow_venv_39/lib/python3.9/site-packages/airflow/example_dags/tutorial_taskflow_api.py
[2025-05-27T19:30:34.418+0530] {processor.py:830} INFO - Processing file /Users/zafarimam/Documents/E-Commerce Order Pipeline/airflow_venv_39/lib/python3.9/site-packages/airflow/example_dags/tutorial_taskflow_api.py for tasks to queue
[2025-05-27T19:30:34.419+0530] {logging_mixin.py:188} INFO - [2025-05-27T19:30:34.418+0530] {dagbag.py:538} INFO - Filling up the DagBag from /Users/zafarimam/Documents/E-Commerce Order Pipeline/airflow_venv_39/lib/python3.9/site-packages/airflow/example_dags/tutorial_taskflow_api.py
[2025-05-27T19:30:34.450+0530] {processor.py:840} INFO - DAG(s) 'tutorial_taskflow_api' retrieved from /Users/zafarimam/Documents/E-Commerce Order Pipeline/airflow_venv_39/lib/python3.9/site-packages/airflow/example_dags/tutorial_taskflow_api.py
[2025-05-27T19:30:34.525+0530] {logging_mixin.py:188} INFO - [2025-05-27T19:30:34.525+0530] {dag.py:3036} INFO - Sync 1 DAGs
[2025-05-27T19:30:34.531+0530] {logging_mixin.py:188} INFO - [2025-05-27T19:30:34.531+0530] {dag.py:3823} INFO - Setting next_dagrun for tutorial_taskflow_api to None, run_after=None
[2025-05-27T19:30:34.548+0530] {processor.py:183} INFO - Processing /Users/zafarimam/Documents/E-Commerce Order Pipeline/airflow_venv_39/lib/python3.9/site-packages/airflow/example_dags/tutorial_taskflow_api.py took 0.132 seconds
[2025-05-27T19:32:14.417+0530] {processor.py:161} INFO - Started process (PID=28353) to work on /Users/zafarimam/Documents/E-Commerce Order Pipeline/airflow_venv_39/lib/python3.9/site-packages/airflow/example_dags/tutorial_taskflow_api.py
[2025-05-27T19:32:14.418+0530] {processor.py:830} INFO - Processing file /Users/zafarimam/Documents/E-Commerce Order Pipeline/airflow_venv_39/lib/python3.9/site-packages/airflow/example_dags/tutorial_taskflow_api.py for tasks to queue
[2025-05-27T19:32:14.418+0530] {logging_mixin.py:188} INFO - [2025-05-27T19:32:14.418+0530] {dagbag.py:538} INFO - Filling up the DagBag from /Users/zafarimam/Documents/E-Commerce Order Pipeline/airflow_venv_39/lib/python3.9/site-packages/airflow/example_dags/tutorial_taskflow_api.py
[2025-05-27T19:32:14.450+0530] {processor.py:840} INFO - DAG(s) 'tutorial_taskflow_api' retrieved from /Users/zafarimam/Documents/E-Commerce Order Pipeline/airflow_venv_39/lib/python3.9/site-packages/airflow/example_dags/tutorial_taskflow_api.py
[2025-05-27T19:32:14.524+0530] {logging_mixin.py:188} INFO - [2025-05-27T19:32:14.524+0530] {dag.py:3036} INFO - Sync 1 DAGs
[2025-05-27T19:32:14.531+0530] {logging_mixin.py:188} INFO - [2025-05-27T19:32:14.530+0530] {dag.py:3823} INFO - Setting next_dagrun for tutorial_taskflow_api to None, run_after=None
[2025-05-27T19:32:14.544+0530] {processor.py:183} INFO - Processing /Users/zafarimam/Documents/E-Commerce Order Pipeline/airflow_venv_39/lib/python3.9/site-packages/airflow/example_dags/tutorial_taskflow_api.py took 0.128 seconds
[2025-05-27T19:33:54.703+0530] {processor.py:161} INFO - Started process (PID=28406) to work on /Users/zafarimam/Documents/E-Commerce Order Pipeline/airflow_venv_39/lib/python3.9/site-packages/airflow/example_dags/tutorial_taskflow_api.py
[2025-05-27T19:33:54.704+0530] {processor.py:830} INFO - Processing file /Users/zafarimam/Documents/E-Commerce Order Pipeline/airflow_venv_39/lib/python3.9/site-packages/airflow/example_dags/tutorial_taskflow_api.py for tasks to queue
[2025-05-27T19:33:54.704+0530] {logging_mixin.py:188} INFO - [2025-05-27T19:33:54.704+0530] {dagbag.py:538} INFO - Filling up the DagBag from /Users/zafarimam/Documents/E-Commerce Order Pipeline/airflow_venv_39/lib/python3.9/site-packages/airflow/example_dags/tutorial_taskflow_api.py
[2025-05-27T19:33:54.735+0530] {processor.py:840} INFO - DAG(s) 'tutorial_taskflow_api' retrieved from /Users/zafarimam/Documents/E-Commerce Order Pipeline/airflow_venv_39/lib/python3.9/site-packages/airflow/example_dags/tutorial_taskflow_api.py
[2025-05-27T19:33:54.808+0530] {logging_mixin.py:188} INFO - [2025-05-27T19:33:54.808+0530] {dag.py:3036} INFO - Sync 1 DAGs
[2025-05-27T19:33:54.814+0530] {logging_mixin.py:188} INFO - [2025-05-27T19:33:54.814+0530] {dag.py:3823} INFO - Setting next_dagrun for tutorial_taskflow_api to None, run_after=None
[2025-05-27T19:33:54.831+0530] {processor.py:183} INFO - Processing /Users/zafarimam/Documents/E-Commerce Order Pipeline/airflow_venv_39/lib/python3.9/site-packages/airflow/example_dags/tutorial_taskflow_api.py took 0.130 seconds
[2025-05-27T19:35:36.114+0530] {processor.py:161} INFO - Started process (PID=28456) to work on /Users/zafarimam/Documents/E-Commerce Order Pipeline/airflow_venv_39/lib/python3.9/site-packages/airflow/example_dags/tutorial_taskflow_api.py
[2025-05-27T19:35:36.115+0530] {processor.py:830} INFO - Processing file /Users/zafarimam/Documents/E-Commerce Order Pipeline/airflow_venv_39/lib/python3.9/site-packages/airflow/example_dags/tutorial_taskflow_api.py for tasks to queue
[2025-05-27T19:35:36.115+0530] {logging_mixin.py:188} INFO - [2025-05-27T19:35:36.115+0530] {dagbag.py:538} INFO - Filling up the DagBag from /Users/zafarimam/Documents/E-Commerce Order Pipeline/airflow_venv_39/lib/python3.9/site-packages/airflow/example_dags/tutorial_taskflow_api.py
[2025-05-27T19:35:36.147+0530] {processor.py:840} INFO - DAG(s) 'tutorial_taskflow_api' retrieved from /Users/zafarimam/Documents/E-Commerce Order Pipeline/airflow_venv_39/lib/python3.9/site-packages/airflow/example_dags/tutorial_taskflow_api.py
[2025-05-27T19:35:36.219+0530] {logging_mixin.py:188} INFO - [2025-05-27T19:35:36.219+0530] {dag.py:3036} INFO - Sync 1 DAGs
[2025-05-27T19:35:36.226+0530] {logging_mixin.py:188} INFO - [2025-05-27T19:35:36.225+0530] {dag.py:3823} INFO - Setting next_dagrun for tutorial_taskflow_api to None, run_after=None
[2025-05-27T19:35:36.243+0530] {processor.py:183} INFO - Processing /Users/zafarimam/Documents/E-Commerce Order Pipeline/airflow_venv_39/lib/python3.9/site-packages/airflow/example_dags/tutorial_taskflow_api.py took 0.130 seconds
[2025-05-27T19:37:17.497+0530] {processor.py:161} INFO - Started process (PID=28510) to work on /Users/zafarimam/Documents/E-Commerce Order Pipeline/airflow_venv_39/lib/python3.9/site-packages/airflow/example_dags/tutorial_taskflow_api.py
[2025-05-27T19:37:17.498+0530] {processor.py:830} INFO - Processing file /Users/zafarimam/Documents/E-Commerce Order Pipeline/airflow_venv_39/lib/python3.9/site-packages/airflow/example_dags/tutorial_taskflow_api.py for tasks to queue
[2025-05-27T19:37:17.498+0530] {logging_mixin.py:188} INFO - [2025-05-27T19:37:17.498+0530] {dagbag.py:538} INFO - Filling up the DagBag from /Users/zafarimam/Documents/E-Commerce Order Pipeline/airflow_venv_39/lib/python3.9/site-packages/airflow/example_dags/tutorial_taskflow_api.py
[2025-05-27T19:37:17.529+0530] {processor.py:840} INFO - DAG(s) 'tutorial_taskflow_api' retrieved from /Users/zafarimam/Documents/E-Commerce Order Pipeline/airflow_venv_39/lib/python3.9/site-packages/airflow/example_dags/tutorial_taskflow_api.py
[2025-05-27T19:37:17.604+0530] {logging_mixin.py:188} INFO - [2025-05-27T19:37:17.603+0530] {dag.py:3036} INFO - Sync 1 DAGs
[2025-05-27T19:37:17.610+0530] {logging_mixin.py:188} INFO - [2025-05-27T19:37:17.610+0530] {dag.py:3823} INFO - Setting next_dagrun for tutorial_taskflow_api to None, run_after=None
[2025-05-27T19:37:17.623+0530] {processor.py:183} INFO - Processing /Users/zafarimam/Documents/E-Commerce Order Pipeline/airflow_venv_39/lib/python3.9/site-packages/airflow/example_dags/tutorial_taskflow_api.py took 0.127 seconds
[2025-05-27T19:38:58.072+0530] {processor.py:161} INFO - Started process (PID=28561) to work on /Users/zafarimam/Documents/E-Commerce Order Pipeline/airflow_venv_39/lib/python3.9/site-packages/airflow/example_dags/tutorial_taskflow_api.py
[2025-05-27T19:38:58.073+0530] {processor.py:830} INFO - Processing file /Users/zafarimam/Documents/E-Commerce Order Pipeline/airflow_venv_39/lib/python3.9/site-packages/airflow/example_dags/tutorial_taskflow_api.py for tasks to queue
[2025-05-27T19:38:58.073+0530] {logging_mixin.py:188} INFO - [2025-05-27T19:38:58.073+0530] {dagbag.py:538} INFO - Filling up the DagBag from /Users/zafarimam/Documents/E-Commerce Order Pipeline/airflow_venv_39/lib/python3.9/site-packages/airflow/example_dags/tutorial_taskflow_api.py
[2025-05-27T19:38:58.104+0530] {processor.py:840} INFO - DAG(s) 'tutorial_taskflow_api' retrieved from /Users/zafarimam/Documents/E-Commerce Order Pipeline/airflow_venv_39/lib/python3.9/site-packages/airflow/example_dags/tutorial_taskflow_api.py
[2025-05-27T19:38:58.177+0530] {logging_mixin.py:188} INFO - [2025-05-27T19:38:58.177+0530] {dag.py:3036} INFO - Sync 1 DAGs
[2025-05-27T19:38:58.183+0530] {logging_mixin.py:188} INFO - [2025-05-27T19:38:58.183+0530] {dag.py:3823} INFO - Setting next_dagrun for tutorial_taskflow_api to None, run_after=None
[2025-05-27T19:38:58.204+0530] {processor.py:183} INFO - Processing /Users/zafarimam/Documents/E-Commerce Order Pipeline/airflow_venv_39/lib/python3.9/site-packages/airflow/example_dags/tutorial_taskflow_api.py took 0.134 seconds
[2025-05-27T19:40:35.907+0530] {processor.py:161} INFO - Started process (PID=28611) to work on /Users/zafarimam/Documents/E-Commerce Order Pipeline/airflow_venv_39/lib/python3.9/site-packages/airflow/example_dags/tutorial_taskflow_api.py
[2025-05-27T19:40:35.908+0530] {processor.py:830} INFO - Processing file /Users/zafarimam/Documents/E-Commerce Order Pipeline/airflow_venv_39/lib/python3.9/site-packages/airflow/example_dags/tutorial_taskflow_api.py for tasks to queue
[2025-05-27T19:40:35.908+0530] {logging_mixin.py:188} INFO - [2025-05-27T19:40:35.908+0530] {dagbag.py:538} INFO - Filling up the DagBag from /Users/zafarimam/Documents/E-Commerce Order Pipeline/airflow_venv_39/lib/python3.9/site-packages/airflow/example_dags/tutorial_taskflow_api.py
[2025-05-27T19:40:35.940+0530] {processor.py:840} INFO - DAG(s) 'tutorial_taskflow_api' retrieved from /Users/zafarimam/Documents/E-Commerce Order Pipeline/airflow_venv_39/lib/python3.9/site-packages/airflow/example_dags/tutorial_taskflow_api.py
[2025-05-27T19:40:36.013+0530] {logging_mixin.py:188} INFO - [2025-05-27T19:40:36.013+0530] {dag.py:3036} INFO - Sync 1 DAGs
[2025-05-27T19:40:36.019+0530] {logging_mixin.py:188} INFO - [2025-05-27T19:40:36.019+0530] {dag.py:3823} INFO - Setting next_dagrun for tutorial_taskflow_api to None, run_after=None
[2025-05-27T19:40:36.032+0530] {processor.py:183} INFO - Processing /Users/zafarimam/Documents/E-Commerce Order Pipeline/airflow_venv_39/lib/python3.9/site-packages/airflow/example_dags/tutorial_taskflow_api.py took 0.126 seconds
[2025-05-27T19:42:17.258+0530] {processor.py:161} INFO - Started process (PID=28665) to work on /Users/zafarimam/Documents/E-Commerce Order Pipeline/airflow_venv_39/lib/python3.9/site-packages/airflow/example_dags/tutorial_taskflow_api.py
[2025-05-27T19:42:17.259+0530] {processor.py:830} INFO - Processing file /Users/zafarimam/Documents/E-Commerce Order Pipeline/airflow_venv_39/lib/python3.9/site-packages/airflow/example_dags/tutorial_taskflow_api.py for tasks to queue
[2025-05-27T19:42:17.260+0530] {logging_mixin.py:188} INFO - [2025-05-27T19:42:17.260+0530] {dagbag.py:538} INFO - Filling up the DagBag from /Users/zafarimam/Documents/E-Commerce Order Pipeline/airflow_venv_39/lib/python3.9/site-packages/airflow/example_dags/tutorial_taskflow_api.py
[2025-05-27T19:42:17.291+0530] {processor.py:840} INFO - DAG(s) 'tutorial_taskflow_api' retrieved from /Users/zafarimam/Documents/E-Commerce Order Pipeline/airflow_venv_39/lib/python3.9/site-packages/airflow/example_dags/tutorial_taskflow_api.py
[2025-05-27T19:42:17.364+0530] {logging_mixin.py:188} INFO - [2025-05-27T19:42:17.363+0530] {dag.py:3036} INFO - Sync 1 DAGs
[2025-05-27T19:42:17.370+0530] {logging_mixin.py:188} INFO - [2025-05-27T19:42:17.370+0530] {dag.py:3823} INFO - Setting next_dagrun for tutorial_taskflow_api to None, run_after=None
[2025-05-27T19:42:17.387+0530] {processor.py:183} INFO - Processing /Users/zafarimam/Documents/E-Commerce Order Pipeline/airflow_venv_39/lib/python3.9/site-packages/airflow/example_dags/tutorial_taskflow_api.py took 0.130 seconds
[2025-05-27T19:44:11.072+0530] {processor.py:161} INFO - Started process (PID=28769) to work on /Users/zafarimam/Documents/E-Commerce Order Pipeline/airflow_venv_39/lib/python3.9/site-packages/airflow/example_dags/tutorial_taskflow_api.py
[2025-05-27T19:44:11.074+0530] {processor.py:830} INFO - Processing file /Users/zafarimam/Documents/E-Commerce Order Pipeline/airflow_venv_39/lib/python3.9/site-packages/airflow/example_dags/tutorial_taskflow_api.py for tasks to queue
[2025-05-27T19:44:11.074+0530] {logging_mixin.py:188} INFO - [2025-05-27T19:44:11.074+0530] {dagbag.py:538} INFO - Filling up the DagBag from /Users/zafarimam/Documents/E-Commerce Order Pipeline/airflow_venv_39/lib/python3.9/site-packages/airflow/example_dags/tutorial_taskflow_api.py
[2025-05-27T19:44:11.113+0530] {processor.py:840} INFO - DAG(s) 'tutorial_taskflow_api' retrieved from /Users/zafarimam/Documents/E-Commerce Order Pipeline/airflow_venv_39/lib/python3.9/site-packages/airflow/example_dags/tutorial_taskflow_api.py
[2025-05-27T19:44:11.206+0530] {logging_mixin.py:188} INFO - [2025-05-27T19:44:11.206+0530] {dag.py:3036} INFO - Sync 1 DAGs
[2025-05-27T19:44:11.214+0530] {logging_mixin.py:188} INFO - [2025-05-27T19:44:11.214+0530] {dag.py:3823} INFO - Setting next_dagrun for tutorial_taskflow_api to None, run_after=None
[2025-05-27T19:44:11.228+0530] {processor.py:183} INFO - Processing /Users/zafarimam/Documents/E-Commerce Order Pipeline/airflow_venv_39/lib/python3.9/site-packages/airflow/example_dags/tutorial_taskflow_api.py took 0.157 seconds
[2025-05-27T19:46:13.597+0530] {processor.py:161} INFO - Started process (PID=28863) to work on /Users/zafarimam/Documents/E-Commerce Order Pipeline/airflow_venv_39/lib/python3.9/site-packages/airflow/example_dags/tutorial_taskflow_api.py
[2025-05-27T19:46:13.598+0530] {processor.py:830} INFO - Processing file /Users/zafarimam/Documents/E-Commerce Order Pipeline/airflow_venv_39/lib/python3.9/site-packages/airflow/example_dags/tutorial_taskflow_api.py for tasks to queue
[2025-05-27T19:46:13.599+0530] {logging_mixin.py:188} INFO - [2025-05-27T19:46:13.599+0530] {dagbag.py:538} INFO - Filling up the DagBag from /Users/zafarimam/Documents/E-Commerce Order Pipeline/airflow_venv_39/lib/python3.9/site-packages/airflow/example_dags/tutorial_taskflow_api.py
[2025-05-27T19:46:13.633+0530] {processor.py:840} INFO - DAG(s) 'tutorial_taskflow_api' retrieved from /Users/zafarimam/Documents/E-Commerce Order Pipeline/airflow_venv_39/lib/python3.9/site-packages/airflow/example_dags/tutorial_taskflow_api.py
[2025-05-27T19:46:13.710+0530] {logging_mixin.py:188} INFO - [2025-05-27T19:46:13.710+0530] {dag.py:3036} INFO - Sync 1 DAGs
[2025-05-27T19:46:13.717+0530] {logging_mixin.py:188} INFO - [2025-05-27T19:46:13.717+0530] {dag.py:3823} INFO - Setting next_dagrun for tutorial_taskflow_api to None, run_after=None
[2025-05-27T19:46:13.729+0530] {processor.py:183} INFO - Processing /Users/zafarimam/Documents/E-Commerce Order Pipeline/airflow_venv_39/lib/python3.9/site-packages/airflow/example_dags/tutorial_taskflow_api.py took 0.134 seconds
[2025-05-27T19:47:57.588+0530] {processor.py:161} INFO - Started process (PID=28931) to work on /Users/zafarimam/Documents/E-Commerce Order Pipeline/airflow_venv_39/lib/python3.9/site-packages/airflow/example_dags/tutorial_taskflow_api.py
[2025-05-27T19:47:57.589+0530] {processor.py:830} INFO - Processing file /Users/zafarimam/Documents/E-Commerce Order Pipeline/airflow_venv_39/lib/python3.9/site-packages/airflow/example_dags/tutorial_taskflow_api.py for tasks to queue
[2025-05-27T19:47:57.590+0530] {logging_mixin.py:188} INFO - [2025-05-27T19:47:57.590+0530] {dagbag.py:538} INFO - Filling up the DagBag from /Users/zafarimam/Documents/E-Commerce Order Pipeline/airflow_venv_39/lib/python3.9/site-packages/airflow/example_dags/tutorial_taskflow_api.py
[2025-05-27T19:47:57.624+0530] {processor.py:840} INFO - DAG(s) 'tutorial_taskflow_api' retrieved from /Users/zafarimam/Documents/E-Commerce Order Pipeline/airflow_venv_39/lib/python3.9/site-packages/airflow/example_dags/tutorial_taskflow_api.py
[2025-05-27T19:47:57.703+0530] {logging_mixin.py:188} INFO - [2025-05-27T19:47:57.702+0530] {dag.py:3036} INFO - Sync 1 DAGs
[2025-05-27T19:47:57.709+0530] {logging_mixin.py:188} INFO - [2025-05-27T19:47:57.709+0530] {dag.py:3823} INFO - Setting next_dagrun for tutorial_taskflow_api to None, run_after=None
[2025-05-27T19:47:57.722+0530] {processor.py:183} INFO - Processing /Users/zafarimam/Documents/E-Commerce Order Pipeline/airflow_venv_39/lib/python3.9/site-packages/airflow/example_dags/tutorial_taskflow_api.py took 0.135 seconds
[2025-05-27T19:49:41.117+0530] {processor.py:161} INFO - Started process (PID=28982) to work on /Users/zafarimam/Documents/E-Commerce Order Pipeline/airflow_venv_39/lib/python3.9/site-packages/airflow/example_dags/tutorial_taskflow_api.py
[2025-05-27T19:49:41.117+0530] {processor.py:830} INFO - Processing file /Users/zafarimam/Documents/E-Commerce Order Pipeline/airflow_venv_39/lib/python3.9/site-packages/airflow/example_dags/tutorial_taskflow_api.py for tasks to queue
[2025-05-27T19:49:41.118+0530] {logging_mixin.py:188} INFO - [2025-05-27T19:49:41.118+0530] {dagbag.py:538} INFO - Filling up the DagBag from /Users/zafarimam/Documents/E-Commerce Order Pipeline/airflow_venv_39/lib/python3.9/site-packages/airflow/example_dags/tutorial_taskflow_api.py
[2025-05-27T19:49:41.152+0530] {processor.py:840} INFO - DAG(s) 'tutorial_taskflow_api' retrieved from /Users/zafarimam/Documents/E-Commerce Order Pipeline/airflow_venv_39/lib/python3.9/site-packages/airflow/example_dags/tutorial_taskflow_api.py
[2025-05-27T19:49:41.230+0530] {logging_mixin.py:188} INFO - [2025-05-27T19:49:41.229+0530] {dag.py:3036} INFO - Sync 1 DAGs
[2025-05-27T19:49:41.236+0530] {logging_mixin.py:188} INFO - [2025-05-27T19:49:41.236+0530] {dag.py:3823} INFO - Setting next_dagrun for tutorial_taskflow_api to None, run_after=None
[2025-05-27T19:49:41.248+0530] {processor.py:183} INFO - Processing /Users/zafarimam/Documents/E-Commerce Order Pipeline/airflow_venv_39/lib/python3.9/site-packages/airflow/example_dags/tutorial_taskflow_api.py took 0.133 seconds
[2025-05-27T19:51:27.226+0530] {processor.py:161} INFO - Started process (PID=29065) to work on /Users/zafarimam/Documents/E-Commerce Order Pipeline/airflow_venv_39/lib/python3.9/site-packages/airflow/example_dags/tutorial_taskflow_api.py
[2025-05-27T19:51:27.227+0530] {processor.py:830} INFO - Processing file /Users/zafarimam/Documents/E-Commerce Order Pipeline/airflow_venv_39/lib/python3.9/site-packages/airflow/example_dags/tutorial_taskflow_api.py for tasks to queue
[2025-05-27T19:51:27.227+0530] {logging_mixin.py:188} INFO - [2025-05-27T19:51:27.227+0530] {dagbag.py:538} INFO - Filling up the DagBag from /Users/zafarimam/Documents/E-Commerce Order Pipeline/airflow_venv_39/lib/python3.9/site-packages/airflow/example_dags/tutorial_taskflow_api.py
[2025-05-27T19:51:27.261+0530] {processor.py:840} INFO - DAG(s) 'tutorial_taskflow_api' retrieved from /Users/zafarimam/Documents/E-Commerce Order Pipeline/airflow_venv_39/lib/python3.9/site-packages/airflow/example_dags/tutorial_taskflow_api.py
[2025-05-27T19:51:27.346+0530] {logging_mixin.py:188} INFO - [2025-05-27T19:51:27.345+0530] {dag.py:3036} INFO - Sync 1 DAGs
[2025-05-27T19:51:27.353+0530] {logging_mixin.py:188} INFO - [2025-05-27T19:51:27.353+0530] {dag.py:3823} INFO - Setting next_dagrun for tutorial_taskflow_api to None, run_after=None
[2025-05-27T19:51:27.369+0530] {processor.py:183} INFO - Processing /Users/zafarimam/Documents/E-Commerce Order Pipeline/airflow_venv_39/lib/python3.9/site-packages/airflow/example_dags/tutorial_taskflow_api.py took 0.144 seconds
