[2025-05-24T04:24:46.333+0530] {processor.py:161} INFO - Started process (PID=15705) to work on /Users/zafarimam/Documents/E-Commerce Order Pipeline/airflow/dags/order_monitoring_dag.py
[2025-05-24T04:24:46.334+0530] {processor.py:830} INFO - Processing file /Users/zafarimam/Documents/E-Commerce Order Pipeline/airflow/dags/order_monitoring_dag.py for tasks to queue
[2025-05-24T04:24:46.335+0530] {logging_mixin.py:188} INFO - [2025-05-24T04:24:46.335+0530] {dagbag.py:540} INFO - Filling up the DagBag from /Users/zafarimam/Documents/E-Commerce Order Pipeline/airflow/dags/order_monitoring_dag.py
[2025-05-24T04:24:46.347+0530] {processor.py:840} INFO - DAG(s) 'order_monitoring_dag' retrieved from /Users/zafarimam/Documents/E-Commerce Order Pipeline/airflow/dags/order_monitoring_dag.py
[2025-05-24T04:24:46.565+0530] {logging_mixin.py:188} INFO - [2025-05-24T04:24:46.565+0530] {dag.py:3096} INFO - Sync 1 DAGs
[2025-05-24T04:24:46.579+0530] {logging_mixin.py:188} INFO - [2025-05-24T04:24:46.579+0530] {dag.py:3954} INFO - Setting next_dagrun for order_monitoring_dag to 2025-05-23 21:00:00+00:00, run_after=2025-05-23 22:00:00+00:00
[2025-05-24T04:24:46.596+0530] {processor.py:183} INFO - Processing /Users/zafarimam/Documents/E-Commerce Order Pipeline/airflow/dags/order_monitoring_dag.py took 0.268 seconds
[2025-05-24T04:28:43.581+0530] {processor.py:161} INFO - Started process (PID=15831) to work on /Users/zafarimam/Documents/E-Commerce Order Pipeline/airflow/dags/order_monitoring_dag.py
[2025-05-24T04:28:43.583+0530] {processor.py:830} INFO - Processing file /Users/zafarimam/Documents/E-Commerce Order Pipeline/airflow/dags/order_monitoring_dag.py for tasks to queue
[2025-05-24T04:28:43.584+0530] {logging_mixin.py:188} INFO - [2025-05-24T04:28:43.583+0530] {dagbag.py:540} INFO - Filling up the DagBag from /Users/zafarimam/Documents/E-Commerce Order Pipeline/airflow/dags/order_monitoring_dag.py
[2025-05-24T04:28:43.594+0530] {processor.py:840} INFO - DAG(s) 'order_monitoring_dag' retrieved from /Users/zafarimam/Documents/E-Commerce Order Pipeline/airflow/dags/order_monitoring_dag.py
[2025-05-24T04:28:43.730+0530] {logging_mixin.py:188} INFO - [2025-05-24T04:28:43.730+0530] {dag.py:3096} INFO - Sync 1 DAGs
[2025-05-24T04:28:43.750+0530] {logging_mixin.py:188} INFO - [2025-05-24T04:28:43.749+0530] {dag.py:3954} INFO - Setting next_dagrun for order_monitoring_dag to 2025-05-23 22:00:00+00:00, run_after=2025-05-23 23:00:00+00:00
[2025-05-24T04:28:43.769+0530] {processor.py:183} INFO - Processing /Users/zafarimam/Documents/E-Commerce Order Pipeline/airflow/dags/order_monitoring_dag.py took 0.192 seconds
[2025-05-24T04:32:37.131+0530] {processor.py:161} INFO - Started process (PID=15961) to work on /Users/zafarimam/Documents/E-Commerce Order Pipeline/airflow/dags/order_monitoring_dag.py
[2025-05-24T04:32:37.133+0530] {processor.py:830} INFO - Processing file /Users/zafarimam/Documents/E-Commerce Order Pipeline/airflow/dags/order_monitoring_dag.py for tasks to queue
[2025-05-24T04:32:37.134+0530] {logging_mixin.py:188} INFO - [2025-05-24T04:32:37.134+0530] {dagbag.py:540} INFO - Filling up the DagBag from /Users/zafarimam/Documents/E-Commerce Order Pipeline/airflow/dags/order_monitoring_dag.py
[2025-05-24T04:32:37.150+0530] {processor.py:840} INFO - DAG(s) 'order_monitoring_dag' retrieved from /Users/zafarimam/Documents/E-Commerce Order Pipeline/airflow/dags/order_monitoring_dag.py
[2025-05-24T04:32:37.408+0530] {logging_mixin.py:188} INFO - [2025-05-24T04:32:37.408+0530] {dag.py:3096} INFO - Sync 1 DAGs
[2025-05-24T04:32:37.424+0530] {logging_mixin.py:188} INFO - [2025-05-24T04:32:37.424+0530] {dag.py:3954} INFO - Setting next_dagrun for order_monitoring_dag to 2025-05-23 23:00:00+00:00, run_after=2025-05-24 00:00:00+00:00
[2025-05-24T04:32:37.442+0530] {processor.py:183} INFO - Processing /Users/zafarimam/Documents/E-Commerce Order Pipeline/airflow/dags/order_monitoring_dag.py took 0.318 seconds
[2025-05-24T04:34:43.472+0530] {processor.py:161} INFO - Started process (PID=16045) to work on /Users/zafarimam/Documents/E-Commerce Order Pipeline/airflow/dags/order_monitoring_dag.py
[2025-05-24T04:34:43.473+0530] {processor.py:830} INFO - Processing file /Users/zafarimam/Documents/E-Commerce Order Pipeline/airflow/dags/order_monitoring_dag.py for tasks to queue
[2025-05-24T04:34:43.474+0530] {logging_mixin.py:188} INFO - [2025-05-24T04:34:43.474+0530] {dagbag.py:540} INFO - Filling up the DagBag from /Users/zafarimam/Documents/E-Commerce Order Pipeline/airflow/dags/order_monitoring_dag.py
[2025-05-24T04:34:43.479+0530] {logging_mixin.py:188} INFO - [2025-05-24T04:34:43.477+0530] {dagbag.py:350} ERROR - Failed to import: /Users/zafarimam/Documents/E-Commerce Order Pipeline/airflow/dags/order_monitoring_dag.py
Traceback (most recent call last):
  File "/Library/Frameworks/Python.framework/Versions/3.12/lib/python3.12/site-packages/airflow/models/dagbag.py", line 346, in parse
    loader.exec_module(new_module)
  File "<frozen importlib._bootstrap_external>", line 995, in exec_module
  File "<frozen importlib._bootstrap>", line 488, in _call_with_frames_removed
  File "/Users/zafarimam/Documents/E-Commerce Order Pipeline/airflow/dags/order_monitoring_dag.py", line 5, in <module>
    sdfds
NameError: name 'sdfds' is not defined
[2025-05-24T04:34:43.480+0530] {processor.py:842} WARNING - No viable dags retrieved from /Users/zafarimam/Documents/E-Commerce Order Pipeline/airflow/dags/order_monitoring_dag.py
[2025-05-24T04:34:43.554+0530] {processor.py:183} INFO - Processing /Users/zafarimam/Documents/E-Commerce Order Pipeline/airflow/dags/order_monitoring_dag.py took 0.085 seconds
[2025-05-24T04:36:45.384+0530] {processor.py:161} INFO - Started process (PID=16118) to work on /Users/zafarimam/Documents/E-Commerce Order Pipeline/airflow/dags/order_monitoring_dag.py
[2025-05-24T04:36:45.387+0530] {processor.py:830} INFO - Processing file /Users/zafarimam/Documents/E-Commerce Order Pipeline/airflow/dags/order_monitoring_dag.py for tasks to queue
[2025-05-24T04:36:45.388+0530] {logging_mixin.py:188} INFO - [2025-05-24T04:36:45.388+0530] {dagbag.py:540} INFO - Filling up the DagBag from /Users/zafarimam/Documents/E-Commerce Order Pipeline/airflow/dags/order_monitoring_dag.py
[2025-05-24T04:36:45.399+0530] {processor.py:840} INFO - DAG(s) 'order_monitoring_dag1' retrieved from /Users/zafarimam/Documents/E-Commerce Order Pipeline/airflow/dags/order_monitoring_dag.py
[2025-05-24T04:36:45.626+0530] {logging_mixin.py:188} INFO - [2025-05-24T04:36:45.626+0530] {override.py:1829} INFO - Created Permission View: can delete on DAG:order_monitoring_dag1
[2025-05-24T04:36:45.633+0530] {logging_mixin.py:188} INFO - [2025-05-24T04:36:45.633+0530] {override.py:1829} INFO - Created Permission View: can read on DAG:order_monitoring_dag1
[2025-05-24T04:36:45.638+0530] {logging_mixin.py:188} INFO - [2025-05-24T04:36:45.638+0530] {override.py:1829} INFO - Created Permission View: can edit on DAG:order_monitoring_dag1
[2025-05-24T04:36:45.638+0530] {logging_mixin.py:188} INFO - [2025-05-24T04:36:45.638+0530] {dag.py:3096} INFO - Sync 1 DAGs
[2025-05-24T04:36:45.647+0530] {logging_mixin.py:188} INFO - [2025-05-24T04:36:45.647+0530] {dag.py:3118} INFO - Creating ORM DAG for order_monitoring_dag1
[2025-05-24T04:36:45.654+0530] {logging_mixin.py:188} INFO - [2025-05-24T04:36:45.654+0530] {dag.py:3954} INFO - Setting next_dagrun for order_monitoring_dag1 to 2025-05-23 22:00:00+00:00, run_after=2025-05-23 23:00:00+00:00
[2025-05-24T04:36:45.671+0530] {processor.py:183} INFO - Processing /Users/zafarimam/Documents/E-Commerce Order Pipeline/airflow/dags/order_monitoring_dag.py took 0.290 seconds
[2025-05-24T04:38:46.050+0530] {processor.py:161} INFO - Started process (PID=16191) to work on /Users/zafarimam/Documents/E-Commerce Order Pipeline/airflow/dags/order_monitoring_dag.py
[2025-05-24T04:38:46.052+0530] {processor.py:830} INFO - Processing file /Users/zafarimam/Documents/E-Commerce Order Pipeline/airflow/dags/order_monitoring_dag.py for tasks to queue
[2025-05-24T04:38:46.053+0530] {logging_mixin.py:188} INFO - [2025-05-24T04:38:46.053+0530] {dagbag.py:540} INFO - Filling up the DagBag from /Users/zafarimam/Documents/E-Commerce Order Pipeline/airflow/dags/order_monitoring_dag.py
[2025-05-24T04:38:46.063+0530] {processor.py:840} INFO - DAG(s) 'order_monitoring_dag1' retrieved from /Users/zafarimam/Documents/E-Commerce Order Pipeline/airflow/dags/order_monitoring_dag.py
[2025-05-24T04:38:46.203+0530] {logging_mixin.py:188} INFO - [2025-05-24T04:38:46.202+0530] {dag.py:3096} INFO - Sync 1 DAGs
[2025-05-24T04:38:46.222+0530] {logging_mixin.py:188} INFO - [2025-05-24T04:38:46.222+0530] {dag.py:3954} INFO - Setting next_dagrun for order_monitoring_dag1 to 2025-05-23 23:00:00+00:00, run_after=2025-05-24 00:00:00+00:00
[2025-05-24T04:38:46.240+0530] {processor.py:183} INFO - Processing /Users/zafarimam/Documents/E-Commerce Order Pipeline/airflow/dags/order_monitoring_dag.py took 0.194 seconds
[2025-05-24T04:40:45.184+0530] {processor.py:161} INFO - Started process (PID=16244) to work on /Users/zafarimam/Documents/E-Commerce Order Pipeline/airflow/dags/order_monitoring_dag.py
[2025-05-24T04:40:45.185+0530] {processor.py:830} INFO - Processing file /Users/zafarimam/Documents/E-Commerce Order Pipeline/airflow/dags/order_monitoring_dag.py for tasks to queue
[2025-05-24T04:40:45.185+0530] {logging_mixin.py:188} INFO - [2025-05-24T04:40:45.185+0530] {dagbag.py:540} INFO - Filling up the DagBag from /Users/zafarimam/Documents/E-Commerce Order Pipeline/airflow/dags/order_monitoring_dag.py
[2025-05-24T04:40:45.197+0530] {processor.py:840} INFO - DAG(s) 'order_monitoring_dag1' retrieved from /Users/zafarimam/Documents/E-Commerce Order Pipeline/airflow/dags/order_monitoring_dag.py
[2025-05-24T04:40:45.424+0530] {logging_mixin.py:188} INFO - [2025-05-24T04:40:45.424+0530] {dag.py:3096} INFO - Sync 1 DAGs
[2025-05-24T04:40:45.439+0530] {logging_mixin.py:188} INFO - [2025-05-24T04:40:45.438+0530] {dag.py:3954} INFO - Setting next_dagrun for order_monitoring_dag1 to 2025-05-23 23:00:00+00:00, run_after=2025-05-24 00:00:00+00:00
[2025-05-24T04:40:45.455+0530] {processor.py:183} INFO - Processing /Users/zafarimam/Documents/E-Commerce Order Pipeline/airflow/dags/order_monitoring_dag.py took 0.273 seconds
[2025-05-24T04:42:53.932+0530] {processor.py:161} INFO - Started process (PID=16408) to work on /Users/zafarimam/Documents/E-Commerce Order Pipeline/airflow/dags/order_monitoring_dag.py
[2025-05-24T04:42:53.933+0530] {processor.py:830} INFO - Processing file /Users/zafarimam/Documents/E-Commerce Order Pipeline/airflow/dags/order_monitoring_dag.py for tasks to queue
[2025-05-24T04:42:53.933+0530] {logging_mixin.py:188} INFO - [2025-05-24T04:42:53.933+0530] {dagbag.py:540} INFO - Filling up the DagBag from /Users/zafarimam/Documents/E-Commerce Order Pipeline/airflow/dags/order_monitoring_dag.py
[2025-05-24T04:42:53.944+0530] {processor.py:840} INFO - DAG(s) 'order_monitoring_dag1' retrieved from /Users/zafarimam/Documents/E-Commerce Order Pipeline/airflow/dags/order_monitoring_dag.py
[2025-05-24T04:42:54.088+0530] {logging_mixin.py:188} INFO - [2025-05-24T04:42:54.088+0530] {dag.py:3096} INFO - Sync 1 DAGs
[2025-05-24T04:42:54.107+0530] {logging_mixin.py:188} INFO - [2025-05-24T04:42:54.107+0530] {dag.py:3954} INFO - Setting next_dagrun for order_monitoring_dag1 to 2025-05-23 23:00:00+00:00, run_after=2025-05-24 00:00:00+00:00
[2025-05-24T04:42:54.125+0530] {processor.py:183} INFO - Processing /Users/zafarimam/Documents/E-Commerce Order Pipeline/airflow/dags/order_monitoring_dag.py took 0.196 seconds
[2025-05-24T04:44:52.128+0530] {processor.py:161} INFO - Started process (PID=17287) to work on /Users/zafarimam/Documents/E-Commerce Order Pipeline/airflow/dags/order_monitoring_dag.py
[2025-05-24T04:44:52.129+0530] {processor.py:830} INFO - Processing file /Users/zafarimam/Documents/E-Commerce Order Pipeline/airflow/dags/order_monitoring_dag.py for tasks to queue
[2025-05-24T04:44:52.130+0530] {logging_mixin.py:188} INFO - [2025-05-24T04:44:52.130+0530] {dagbag.py:540} INFO - Filling up the DagBag from /Users/zafarimam/Documents/E-Commerce Order Pipeline/airflow/dags/order_monitoring_dag.py
[2025-05-24T04:44:52.140+0530] {processor.py:840} INFO - DAG(s) 'order_monitoring_dag1' retrieved from /Users/zafarimam/Documents/E-Commerce Order Pipeline/airflow/dags/order_monitoring_dag.py
[2025-05-24T04:44:52.301+0530] {logging_mixin.py:188} INFO - [2025-05-24T04:44:52.301+0530] {dag.py:3096} INFO - Sync 1 DAGs
[2025-05-24T04:44:52.326+0530] {logging_mixin.py:188} INFO - [2025-05-24T04:44:52.325+0530] {dag.py:3954} INFO - Setting next_dagrun for order_monitoring_dag1 to 2025-05-23 23:00:00+00:00, run_after=2025-05-24 00:00:00+00:00
[2025-05-24T04:44:52.343+0530] {processor.py:183} INFO - Processing /Users/zafarimam/Documents/E-Commerce Order Pipeline/airflow/dags/order_monitoring_dag.py took 0.217 seconds
[2025-05-24T04:46:51.997+0530] {processor.py:161} INFO - Started process (PID=17357) to work on /Users/zafarimam/Documents/E-Commerce Order Pipeline/airflow/dags/order_monitoring_dag.py
[2025-05-24T04:46:51.998+0530] {processor.py:830} INFO - Processing file /Users/zafarimam/Documents/E-Commerce Order Pipeline/airflow/dags/order_monitoring_dag.py for tasks to queue
[2025-05-24T04:46:51.999+0530] {logging_mixin.py:188} INFO - [2025-05-24T04:46:51.999+0530] {dagbag.py:540} INFO - Filling up the DagBag from /Users/zafarimam/Documents/E-Commerce Order Pipeline/airflow/dags/order_monitoring_dag.py
[2025-05-24T04:46:52.009+0530] {processor.py:840} INFO - DAG(s) 'order_monitoring_dag1' retrieved from /Users/zafarimam/Documents/E-Commerce Order Pipeline/airflow/dags/order_monitoring_dag.py
[2025-05-24T04:46:52.145+0530] {logging_mixin.py:188} INFO - [2025-05-24T04:46:52.144+0530] {dag.py:3096} INFO - Sync 1 DAGs
[2025-05-24T04:46:52.165+0530] {logging_mixin.py:188} INFO - [2025-05-24T04:46:52.164+0530] {dag.py:3954} INFO - Setting next_dagrun for order_monitoring_dag1 to 2025-05-23 23:00:00+00:00, run_after=2025-05-24 00:00:00+00:00
[2025-05-24T04:46:52.182+0530] {processor.py:183} INFO - Processing /Users/zafarimam/Documents/E-Commerce Order Pipeline/airflow/dags/order_monitoring_dag.py took 0.190 seconds
[2025-05-24T04:48:43.595+0530] {processor.py:161} INFO - Started process (PID=17425) to work on /Users/zafarimam/Documents/E-Commerce Order Pipeline/airflow/dags/order_monitoring_dag.py
[2025-05-24T04:48:43.596+0530] {processor.py:830} INFO - Processing file /Users/zafarimam/Documents/E-Commerce Order Pipeline/airflow/dags/order_monitoring_dag.py for tasks to queue
[2025-05-24T04:48:43.597+0530] {logging_mixin.py:188} INFO - [2025-05-24T04:48:43.597+0530] {dagbag.py:540} INFO - Filling up the DagBag from /Users/zafarimam/Documents/E-Commerce Order Pipeline/airflow/dags/order_monitoring_dag.py
[2025-05-24T04:48:43.609+0530] {processor.py:840} INFO - DAG(s) 'order_monitoring_dag1' retrieved from /Users/zafarimam/Documents/E-Commerce Order Pipeline/airflow/dags/order_monitoring_dag.py
[2025-05-24T04:48:43.830+0530] {logging_mixin.py:188} INFO - [2025-05-24T04:48:43.830+0530] {dag.py:3096} INFO - Sync 1 DAGs
[2025-05-24T04:48:43.844+0530] {logging_mixin.py:188} INFO - [2025-05-24T04:48:43.844+0530] {dag.py:3954} INFO - Setting next_dagrun for order_monitoring_dag1 to 2025-05-23 23:00:00+00:00, run_after=2025-05-24 00:00:00+00:00
[2025-05-24T04:48:43.860+0530] {processor.py:183} INFO - Processing /Users/zafarimam/Documents/E-Commerce Order Pipeline/airflow/dags/order_monitoring_dag.py took 0.269 seconds
[2025-05-24T04:50:51.057+0530] {processor.py:161} INFO - Started process (PID=17526) to work on /Users/zafarimam/Documents/E-Commerce Order Pipeline/airflow/dags/order_monitoring_dag.py
[2025-05-24T04:50:51.058+0530] {processor.py:830} INFO - Processing file /Users/zafarimam/Documents/E-Commerce Order Pipeline/airflow/dags/order_monitoring_dag.py for tasks to queue
[2025-05-24T04:50:51.059+0530] {logging_mixin.py:188} INFO - [2025-05-24T04:50:51.059+0530] {dagbag.py:540} INFO - Filling up the DagBag from /Users/zafarimam/Documents/E-Commerce Order Pipeline/airflow/dags/order_monitoring_dag.py
[2025-05-24T04:50:51.069+0530] {processor.py:840} INFO - DAG(s) 'order_monitoring_dag1' retrieved from /Users/zafarimam/Documents/E-Commerce Order Pipeline/airflow/dags/order_monitoring_dag.py
[2025-05-24T04:50:51.217+0530] {logging_mixin.py:188} INFO - [2025-05-24T04:50:51.217+0530] {dag.py:3096} INFO - Sync 1 DAGs
[2025-05-24T04:50:51.237+0530] {logging_mixin.py:188} INFO - [2025-05-24T04:50:51.237+0530] {dag.py:3954} INFO - Setting next_dagrun for order_monitoring_dag1 to 2025-05-23 23:00:00+00:00, run_after=2025-05-24 00:00:00+00:00
[2025-05-24T04:50:51.256+0530] {processor.py:183} INFO - Processing /Users/zafarimam/Documents/E-Commerce Order Pipeline/airflow/dags/order_monitoring_dag.py took 0.203 seconds
[2025-05-24T04:52:44.191+0530] {processor.py:161} INFO - Started process (PID=17575) to work on /Users/zafarimam/Documents/E-Commerce Order Pipeline/airflow/dags/order_monitoring_dag.py
[2025-05-24T04:52:44.192+0530] {processor.py:830} INFO - Processing file /Users/zafarimam/Documents/E-Commerce Order Pipeline/airflow/dags/order_monitoring_dag.py for tasks to queue
[2025-05-24T04:52:44.193+0530] {logging_mixin.py:188} INFO - [2025-05-24T04:52:44.193+0530] {dagbag.py:540} INFO - Filling up the DagBag from /Users/zafarimam/Documents/E-Commerce Order Pipeline/airflow/dags/order_monitoring_dag.py
[2025-05-24T04:52:44.204+0530] {processor.py:840} INFO - DAG(s) 'order_monitoring_dag1' retrieved from /Users/zafarimam/Documents/E-Commerce Order Pipeline/airflow/dags/order_monitoring_dag.py
[2025-05-24T04:52:44.335+0530] {logging_mixin.py:188} INFO - [2025-05-24T04:52:44.335+0530] {dag.py:3096} INFO - Sync 1 DAGs
[2025-05-24T04:52:44.354+0530] {logging_mixin.py:188} INFO - [2025-05-24T04:52:44.354+0530] {dag.py:3954} INFO - Setting next_dagrun for order_monitoring_dag1 to 2025-05-23 23:00:00+00:00, run_after=2025-05-24 00:00:00+00:00
[2025-05-24T04:52:44.370+0530] {processor.py:183} INFO - Processing /Users/zafarimam/Documents/E-Commerce Order Pipeline/airflow/dags/order_monitoring_dag.py took 0.183 seconds
[2025-05-24T04:54:37.928+0530] {processor.py:161} INFO - Started process (PID=17653) to work on /Users/zafarimam/Documents/E-Commerce Order Pipeline/airflow/dags/order_monitoring_dag.py
[2025-05-24T04:54:37.929+0530] {processor.py:830} INFO - Processing file /Users/zafarimam/Documents/E-Commerce Order Pipeline/airflow/dags/order_monitoring_dag.py for tasks to queue
[2025-05-24T04:54:37.929+0530] {logging_mixin.py:188} INFO - [2025-05-24T04:54:37.929+0530] {dagbag.py:540} INFO - Filling up the DagBag from /Users/zafarimam/Documents/E-Commerce Order Pipeline/airflow/dags/order_monitoring_dag.py
[2025-05-24T04:54:37.940+0530] {processor.py:840} INFO - DAG(s) 'order_monitoring_dag1' retrieved from /Users/zafarimam/Documents/E-Commerce Order Pipeline/airflow/dags/order_monitoring_dag.py
[2025-05-24T04:54:38.080+0530] {logging_mixin.py:188} INFO - [2025-05-24T04:54:38.080+0530] {dag.py:3096} INFO - Sync 1 DAGs
[2025-05-24T04:54:38.102+0530] {logging_mixin.py:188} INFO - [2025-05-24T04:54:38.102+0530] {dag.py:3954} INFO - Setting next_dagrun for order_monitoring_dag1 to 2025-05-23 23:00:00+00:00, run_after=2025-05-24 00:00:00+00:00
[2025-05-24T04:54:38.121+0530] {processor.py:183} INFO - Processing /Users/zafarimam/Documents/E-Commerce Order Pipeline/airflow/dags/order_monitoring_dag.py took 0.196 seconds
[2025-05-24T04:56:33.137+0530] {processor.py:161} INFO - Started process (PID=17713) to work on /Users/zafarimam/Documents/E-Commerce Order Pipeline/airflow/dags/order_monitoring_dag.py
[2025-05-24T04:56:33.139+0530] {processor.py:830} INFO - Processing file /Users/zafarimam/Documents/E-Commerce Order Pipeline/airflow/dags/order_monitoring_dag.py for tasks to queue
[2025-05-24T04:56:33.140+0530] {logging_mixin.py:188} INFO - [2025-05-24T04:56:33.140+0530] {dagbag.py:540} INFO - Filling up the DagBag from /Users/zafarimam/Documents/E-Commerce Order Pipeline/airflow/dags/order_monitoring_dag.py
[2025-05-24T04:56:33.151+0530] {processor.py:840} INFO - DAG(s) 'order_monitoring_dag1' retrieved from /Users/zafarimam/Documents/E-Commerce Order Pipeline/airflow/dags/order_monitoring_dag.py
[2025-05-24T04:56:33.291+0530] {logging_mixin.py:188} INFO - [2025-05-24T04:56:33.291+0530] {dag.py:3096} INFO - Sync 1 DAGs
[2025-05-24T04:56:33.312+0530] {logging_mixin.py:188} INFO - [2025-05-24T04:56:33.312+0530] {dag.py:3954} INFO - Setting next_dagrun for order_monitoring_dag1 to 2025-05-23 23:00:00+00:00, run_after=2025-05-24 00:00:00+00:00
[2025-05-24T04:56:33.330+0530] {processor.py:183} INFO - Processing /Users/zafarimam/Documents/E-Commerce Order Pipeline/airflow/dags/order_monitoring_dag.py took 0.196 seconds
[2025-05-24T04:58:27.471+0530] {processor.py:161} INFO - Started process (PID=17768) to work on /Users/zafarimam/Documents/E-Commerce Order Pipeline/airflow/dags/order_monitoring_dag.py
[2025-05-24T04:58:27.472+0530] {processor.py:830} INFO - Processing file /Users/zafarimam/Documents/E-Commerce Order Pipeline/airflow/dags/order_monitoring_dag.py for tasks to queue
[2025-05-24T04:58:27.473+0530] {logging_mixin.py:188} INFO - [2025-05-24T04:58:27.473+0530] {dagbag.py:540} INFO - Filling up the DagBag from /Users/zafarimam/Documents/E-Commerce Order Pipeline/airflow/dags/order_monitoring_dag.py
[2025-05-24T04:58:27.484+0530] {processor.py:840} INFO - DAG(s) 'order_monitoring_dag1' retrieved from /Users/zafarimam/Documents/E-Commerce Order Pipeline/airflow/dags/order_monitoring_dag.py
[2025-05-24T04:58:27.625+0530] {logging_mixin.py:188} INFO - [2025-05-24T04:58:27.625+0530] {dag.py:3096} INFO - Sync 1 DAGs
[2025-05-24T04:58:27.643+0530] {logging_mixin.py:188} INFO - [2025-05-24T04:58:27.643+0530] {dag.py:3954} INFO - Setting next_dagrun for order_monitoring_dag1 to 2025-05-23 23:00:00+00:00, run_after=2025-05-24 00:00:00+00:00
[2025-05-24T04:58:27.661+0530] {processor.py:183} INFO - Processing /Users/zafarimam/Documents/E-Commerce Order Pipeline/airflow/dags/order_monitoring_dag.py took 0.194 seconds
[2025-05-24T05:00:20.810+0530] {processor.py:161} INFO - Started process (PID=17850) to work on /Users/zafarimam/Documents/E-Commerce Order Pipeline/airflow/dags/order_monitoring_dag.py
[2025-05-24T05:00:20.812+0530] {processor.py:830} INFO - Processing file /Users/zafarimam/Documents/E-Commerce Order Pipeline/airflow/dags/order_monitoring_dag.py for tasks to queue
[2025-05-24T05:00:20.812+0530] {logging_mixin.py:188} INFO - [2025-05-24T05:00:20.812+0530] {dagbag.py:540} INFO - Filling up the DagBag from /Users/zafarimam/Documents/E-Commerce Order Pipeline/airflow/dags/order_monitoring_dag.py
[2025-05-24T05:00:20.822+0530] {processor.py:840} INFO - DAG(s) 'order_monitoring_dag1' retrieved from /Users/zafarimam/Documents/E-Commerce Order Pipeline/airflow/dags/order_monitoring_dag.py
[2025-05-24T05:00:20.947+0530] {logging_mixin.py:188} INFO - [2025-05-24T05:00:20.946+0530] {dag.py:3096} INFO - Sync 1 DAGs
[2025-05-24T05:00:20.965+0530] {logging_mixin.py:188} INFO - [2025-05-24T05:00:20.965+0530] {dag.py:3954} INFO - Setting next_dagrun for order_monitoring_dag1 to 2025-05-23 23:00:00+00:00, run_after=2025-05-24 00:00:00+00:00
[2025-05-24T05:00:20.985+0530] {processor.py:183} INFO - Processing /Users/zafarimam/Documents/E-Commerce Order Pipeline/airflow/dags/order_monitoring_dag.py took 0.178 seconds
[2025-05-24T05:02:14.688+0530] {processor.py:161} INFO - Started process (PID=17910) to work on /Users/zafarimam/Documents/E-Commerce Order Pipeline/airflow/dags/order_monitoring_dag.py
[2025-05-24T05:02:14.690+0530] {processor.py:830} INFO - Processing file /Users/zafarimam/Documents/E-Commerce Order Pipeline/airflow/dags/order_monitoring_dag.py for tasks to queue
[2025-05-24T05:02:14.691+0530] {logging_mixin.py:188} INFO - [2025-05-24T05:02:14.691+0530] {dagbag.py:540} INFO - Filling up the DagBag from /Users/zafarimam/Documents/E-Commerce Order Pipeline/airflow/dags/order_monitoring_dag.py
[2025-05-24T05:02:14.700+0530] {processor.py:840} INFO - DAG(s) 'order_monitoring_dag1' retrieved from /Users/zafarimam/Documents/E-Commerce Order Pipeline/airflow/dags/order_monitoring_dag.py
[2025-05-24T05:02:14.823+0530] {logging_mixin.py:188} INFO - [2025-05-24T05:02:14.822+0530] {dag.py:3096} INFO - Sync 1 DAGs
[2025-05-24T05:02:14.838+0530] {logging_mixin.py:188} INFO - [2025-05-24T05:02:14.838+0530] {dag.py:3954} INFO - Setting next_dagrun for order_monitoring_dag1 to 2025-05-23 23:00:00+00:00, run_after=2025-05-24 00:00:00+00:00
[2025-05-24T05:02:14.853+0530] {processor.py:183} INFO - Processing /Users/zafarimam/Documents/E-Commerce Order Pipeline/airflow/dags/order_monitoring_dag.py took 0.168 seconds
[2025-05-24T05:04:06.815+0530] {processor.py:161} INFO - Started process (PID=17968) to work on /Users/zafarimam/Documents/E-Commerce Order Pipeline/airflow/dags/order_monitoring_dag.py
[2025-05-24T05:04:06.817+0530] {processor.py:830} INFO - Processing file /Users/zafarimam/Documents/E-Commerce Order Pipeline/airflow/dags/order_monitoring_dag.py for tasks to queue
[2025-05-24T05:04:06.817+0530] {logging_mixin.py:188} INFO - [2025-05-24T05:04:06.817+0530] {dagbag.py:540} INFO - Filling up the DagBag from /Users/zafarimam/Documents/E-Commerce Order Pipeline/airflow/dags/order_monitoring_dag.py
[2025-05-24T05:04:06.827+0530] {processor.py:840} INFO - DAG(s) 'order_monitoring_dag1' retrieved from /Users/zafarimam/Documents/E-Commerce Order Pipeline/airflow/dags/order_monitoring_dag.py
[2025-05-24T05:04:06.952+0530] {logging_mixin.py:188} INFO - [2025-05-24T05:04:06.951+0530] {dag.py:3096} INFO - Sync 1 DAGs
[2025-05-24T05:04:06.971+0530] {logging_mixin.py:188} INFO - [2025-05-24T05:04:06.971+0530] {dag.py:3954} INFO - Setting next_dagrun for order_monitoring_dag1 to 2025-05-23 23:00:00+00:00, run_after=2025-05-24 00:00:00+00:00
[2025-05-24T05:04:06.987+0530] {processor.py:183} INFO - Processing /Users/zafarimam/Documents/E-Commerce Order Pipeline/airflow/dags/order_monitoring_dag.py took 0.175 seconds
[2025-05-24T05:06:00.162+0530] {processor.py:161} INFO - Started process (PID=18019) to work on /Users/zafarimam/Documents/E-Commerce Order Pipeline/airflow/dags/order_monitoring_dag.py
[2025-05-24T05:06:00.163+0530] {processor.py:830} INFO - Processing file /Users/zafarimam/Documents/E-Commerce Order Pipeline/airflow/dags/order_monitoring_dag.py for tasks to queue
[2025-05-24T05:06:00.164+0530] {logging_mixin.py:188} INFO - [2025-05-24T05:06:00.164+0530] {dagbag.py:540} INFO - Filling up the DagBag from /Users/zafarimam/Documents/E-Commerce Order Pipeline/airflow/dags/order_monitoring_dag.py
[2025-05-24T05:06:00.174+0530] {processor.py:840} INFO - DAG(s) 'order_monitoring_dag1' retrieved from /Users/zafarimam/Documents/E-Commerce Order Pipeline/airflow/dags/order_monitoring_dag.py
[2025-05-24T05:06:00.297+0530] {logging_mixin.py:188} INFO - [2025-05-24T05:06:00.297+0530] {dag.py:3096} INFO - Sync 1 DAGs
[2025-05-24T05:06:00.316+0530] {logging_mixin.py:188} INFO - [2025-05-24T05:06:00.316+0530] {dag.py:3954} INFO - Setting next_dagrun for order_monitoring_dag1 to 2025-05-23 23:00:00+00:00, run_after=2025-05-24 00:00:00+00:00
[2025-05-24T05:06:00.333+0530] {processor.py:183} INFO - Processing /Users/zafarimam/Documents/E-Commerce Order Pipeline/airflow/dags/order_monitoring_dag.py took 0.174 seconds
[2025-05-24T05:07:52.290+0530] {processor.py:161} INFO - Started process (PID=18070) to work on /Users/zafarimam/Documents/E-Commerce Order Pipeline/airflow/dags/order_monitoring_dag.py
[2025-05-24T05:07:52.292+0530] {processor.py:830} INFO - Processing file /Users/zafarimam/Documents/E-Commerce Order Pipeline/airflow/dags/order_monitoring_dag.py for tasks to queue
[2025-05-24T05:07:52.292+0530] {logging_mixin.py:188} INFO - [2025-05-24T05:07:52.292+0530] {dagbag.py:540} INFO - Filling up the DagBag from /Users/zafarimam/Documents/E-Commerce Order Pipeline/airflow/dags/order_monitoring_dag.py
[2025-05-24T05:07:52.302+0530] {processor.py:840} INFO - DAG(s) 'order_monitoring_dag1' retrieved from /Users/zafarimam/Documents/E-Commerce Order Pipeline/airflow/dags/order_monitoring_dag.py
[2025-05-24T05:07:52.425+0530] {logging_mixin.py:188} INFO - [2025-05-24T05:07:52.425+0530] {dag.py:3096} INFO - Sync 1 DAGs
[2025-05-24T05:07:52.447+0530] {logging_mixin.py:188} INFO - [2025-05-24T05:07:52.447+0530] {dag.py:3954} INFO - Setting next_dagrun for order_monitoring_dag1 to 2025-05-23 23:00:00+00:00, run_after=2025-05-24 00:00:00+00:00
[2025-05-24T05:07:52.463+0530] {processor.py:183} INFO - Processing /Users/zafarimam/Documents/E-Commerce Order Pipeline/airflow/dags/order_monitoring_dag.py took 0.177 seconds
[2025-05-24T05:09:49.803+0530] {processor.py:161} INFO - Started process (PID=18123) to work on /Users/zafarimam/Documents/E-Commerce Order Pipeline/airflow/dags/order_monitoring_dag.py
[2025-05-24T05:09:49.805+0530] {processor.py:830} INFO - Processing file /Users/zafarimam/Documents/E-Commerce Order Pipeline/airflow/dags/order_monitoring_dag.py for tasks to queue
[2025-05-24T05:09:49.806+0530] {logging_mixin.py:188} INFO - [2025-05-24T05:09:49.806+0530] {dagbag.py:540} INFO - Filling up the DagBag from /Users/zafarimam/Documents/E-Commerce Order Pipeline/airflow/dags/order_monitoring_dag.py
[2025-05-24T05:09:49.817+0530] {processor.py:840} INFO - DAG(s) 'order_monitoring_dag1' retrieved from /Users/zafarimam/Documents/E-Commerce Order Pipeline/airflow/dags/order_monitoring_dag.py
[2025-05-24T05:09:49.942+0530] {logging_mixin.py:188} INFO - [2025-05-24T05:09:49.941+0530] {dag.py:3096} INFO - Sync 1 DAGs
[2025-05-24T05:09:49.965+0530] {logging_mixin.py:188} INFO - [2025-05-24T05:09:49.965+0530] {dag.py:3954} INFO - Setting next_dagrun for order_monitoring_dag1 to 2025-05-23 23:00:00+00:00, run_after=2025-05-24 00:00:00+00:00
[2025-05-24T05:09:49.981+0530] {processor.py:183} INFO - Processing /Users/zafarimam/Documents/E-Commerce Order Pipeline/airflow/dags/order_monitoring_dag.py took 0.182 seconds
[2025-05-24T05:14:19.459+0530] {processor.py:161} INFO - Started process (PID=18258) to work on /Users/zafarimam/Documents/E-Commerce Order Pipeline/airflow/dags/order_monitoring_dag.py
[2025-05-24T05:14:19.460+0530] {processor.py:830} INFO - Processing file /Users/zafarimam/Documents/E-Commerce Order Pipeline/airflow/dags/order_monitoring_dag.py for tasks to queue
[2025-05-24T05:14:19.461+0530] {logging_mixin.py:188} INFO - [2025-05-24T05:14:19.461+0530] {dagbag.py:540} INFO - Filling up the DagBag from /Users/zafarimam/Documents/E-Commerce Order Pipeline/airflow/dags/order_monitoring_dag.py
[2025-05-24T05:14:19.472+0530] {processor.py:840} INFO - DAG(s) 'order_monitoring_dag1' retrieved from /Users/zafarimam/Documents/E-Commerce Order Pipeline/airflow/dags/order_monitoring_dag.py
[2025-05-24T05:14:19.618+0530] {logging_mixin.py:188} INFO - [2025-05-24T05:14:19.618+0530] {dag.py:3096} INFO - Sync 1 DAGs
[2025-05-24T05:14:19.638+0530] {logging_mixin.py:188} INFO - [2025-05-24T05:14:19.638+0530] {dag.py:3954} INFO - Setting next_dagrun for order_monitoring_dag1 to 2025-05-23 23:00:00+00:00, run_after=2025-05-24 00:00:00+00:00
[2025-05-24T05:14:19.654+0530] {processor.py:183} INFO - Processing /Users/zafarimam/Documents/E-Commerce Order Pipeline/airflow/dags/order_monitoring_dag.py took 0.199 seconds
[2025-05-24T05:16:21.590+0530] {processor.py:161} INFO - Started process (PID=18398) to work on /Users/zafarimam/Documents/E-Commerce Order Pipeline/airflow/dags/order_monitoring_dag.py
[2025-05-24T05:16:21.592+0530] {processor.py:830} INFO - Processing file /Users/zafarimam/Documents/E-Commerce Order Pipeline/airflow/dags/order_monitoring_dag.py for tasks to queue
[2025-05-24T05:16:21.593+0530] {logging_mixin.py:188} INFO - [2025-05-24T05:16:21.593+0530] {dagbag.py:540} INFO - Filling up the DagBag from /Users/zafarimam/Documents/E-Commerce Order Pipeline/airflow/dags/order_monitoring_dag.py
[2025-05-24T05:16:21.604+0530] {processor.py:840} INFO - DAG(s) 'order_monitoring_dag1' retrieved from /Users/zafarimam/Documents/E-Commerce Order Pipeline/airflow/dags/order_monitoring_dag.py
[2025-05-24T05:16:21.743+0530] {logging_mixin.py:188} INFO - [2025-05-24T05:16:21.743+0530] {dag.py:3096} INFO - Sync 1 DAGs
[2025-05-24T05:16:21.765+0530] {logging_mixin.py:188} INFO - [2025-05-24T05:16:21.765+0530] {dag.py:3954} INFO - Setting next_dagrun for order_monitoring_dag1 to 2025-05-23 23:00:00+00:00, run_after=2025-05-24 00:00:00+00:00
[2025-05-24T05:16:21.783+0530] {processor.py:183} INFO - Processing /Users/zafarimam/Documents/E-Commerce Order Pipeline/airflow/dags/order_monitoring_dag.py took 0.196 seconds
