[2025-05-24T05:30:49.068+0530] {processor.py:161} INFO - Started process (PID=20834) to work on /Library/Frameworks/Python.framework/Versions/3.12/lib/python3.12/site-packages/airflow/example_dags/example_branch_labels.py
[2025-05-24T05:30:49.069+0530] {processor.py:830} INFO - Processing file /Library/Frameworks/Python.framework/Versions/3.12/lib/python3.12/site-packages/airflow/example_dags/example_branch_labels.py for tasks to queue
[2025-05-24T05:30:49.069+0530] {logging_mixin.py:188} INFO - [2025-05-24T05:30:49.069+0530] {dagbag.py:540} INFO - Filling up the DagBag from /Library/Frameworks/Python.framework/Versions/3.12/lib/python3.12/site-packages/airflow/example_dags/example_branch_labels.py
[2025-05-24T05:30:49.079+0530] {processor.py:840} INFO - DAG(s) 'example_branch_labels' retrieved from /Library/Frameworks/Python.framework/Versions/3.12/lib/python3.12/site-packages/airflow/example_dags/example_branch_labels.py
[2025-05-24T05:30:49.307+0530] {logging_mixin.py:188} INFO - [2025-05-24T05:30:49.307+0530] {dag.py:3096} INFO - Sync 1 DAGs
[2025-05-24T05:30:49.322+0530] {logging_mixin.py:188} INFO - [2025-05-24T05:30:49.321+0530] {dag.py:3954} INFO - Setting next_dagrun for example_branch_labels to 2025-05-23 00:00:00+00:00, run_after=2025-05-24 00:00:00+00:00
[2025-05-24T05:30:49.338+0530] {processor.py:183} INFO - Processing /Library/Frameworks/Python.framework/Versions/3.12/lib/python3.12/site-packages/airflow/example_dags/example_branch_labels.py took 0.273 seconds
[2025-05-24T05:33:15.201+0530] {processor.py:161} INFO - Started process (PID=20934) to work on /Library/Frameworks/Python.framework/Versions/3.12/lib/python3.12/site-packages/airflow/example_dags/example_branch_labels.py
[2025-05-24T05:33:15.203+0530] {processor.py:830} INFO - Processing file /Library/Frameworks/Python.framework/Versions/3.12/lib/python3.12/site-packages/airflow/example_dags/example_branch_labels.py for tasks to queue
[2025-05-24T05:33:15.204+0530] {logging_mixin.py:188} INFO - [2025-05-24T05:33:15.203+0530] {dagbag.py:540} INFO - Filling up the DagBag from /Library/Frameworks/Python.framework/Versions/3.12/lib/python3.12/site-packages/airflow/example_dags/example_branch_labels.py
[2025-05-24T05:33:15.212+0530] {processor.py:840} INFO - DAG(s) 'example_branch_labels' retrieved from /Library/Frameworks/Python.framework/Versions/3.12/lib/python3.12/site-packages/airflow/example_dags/example_branch_labels.py
[2025-05-24T05:33:15.354+0530] {logging_mixin.py:188} INFO - [2025-05-24T05:33:15.354+0530] {dag.py:3096} INFO - Sync 1 DAGs
[2025-05-24T05:33:15.372+0530] {logging_mixin.py:188} INFO - [2025-05-24T05:33:15.372+0530] {dag.py:3954} INFO - Setting next_dagrun for example_branch_labels to 2025-05-23 00:00:00+00:00, run_after=2025-05-24 00:00:00+00:00
[2025-05-24T05:33:15.390+0530] {processor.py:183} INFO - Processing /Library/Frameworks/Python.framework/Versions/3.12/lib/python3.12/site-packages/airflow/example_dags/example_branch_labels.py took 0.193 seconds
[2025-05-24T05:35:37.921+0530] {processor.py:161} INFO - Started process (PID=21075) to work on /Library/Frameworks/Python.framework/Versions/3.12/lib/python3.12/site-packages/airflow/example_dags/example_branch_labels.py
[2025-05-24T05:35:37.923+0530] {processor.py:830} INFO - Processing file /Library/Frameworks/Python.framework/Versions/3.12/lib/python3.12/site-packages/airflow/example_dags/example_branch_labels.py for tasks to queue
[2025-05-24T05:35:37.924+0530] {logging_mixin.py:188} INFO - [2025-05-24T05:35:37.924+0530] {dagbag.py:540} INFO - Filling up the DagBag from /Library/Frameworks/Python.framework/Versions/3.12/lib/python3.12/site-packages/airflow/example_dags/example_branch_labels.py
[2025-05-24T05:35:37.934+0530] {processor.py:840} INFO - DAG(s) 'example_branch_labels' retrieved from /Library/Frameworks/Python.framework/Versions/3.12/lib/python3.12/site-packages/airflow/example_dags/example_branch_labels.py
[2025-05-24T05:35:38.076+0530] {logging_mixin.py:188} INFO - [2025-05-24T05:35:38.076+0530] {dag.py:3096} INFO - Sync 1 DAGs
[2025-05-24T05:35:38.096+0530] {logging_mixin.py:188} INFO - [2025-05-24T05:35:38.095+0530] {dag.py:3954} INFO - Setting next_dagrun for example_branch_labels to 2025-05-23 00:00:00+00:00, run_after=2025-05-24 00:00:00+00:00
[2025-05-24T05:35:38.112+0530] {processor.py:183} INFO - Processing /Library/Frameworks/Python.framework/Versions/3.12/lib/python3.12/site-packages/airflow/example_dags/example_branch_labels.py took 0.195 seconds
[2025-05-24T05:37:59.615+0530] {processor.py:161} INFO - Started process (PID=21221) to work on /Library/Frameworks/Python.framework/Versions/3.12/lib/python3.12/site-packages/airflow/example_dags/example_branch_labels.py
[2025-05-24T05:37:59.617+0530] {processor.py:830} INFO - Processing file /Library/Frameworks/Python.framework/Versions/3.12/lib/python3.12/site-packages/airflow/example_dags/example_branch_labels.py for tasks to queue
[2025-05-24T05:37:59.617+0530] {logging_mixin.py:188} INFO - [2025-05-24T05:37:59.617+0530] {dagbag.py:540} INFO - Filling up the DagBag from /Library/Frameworks/Python.framework/Versions/3.12/lib/python3.12/site-packages/airflow/example_dags/example_branch_labels.py
[2025-05-24T05:37:59.626+0530] {processor.py:840} INFO - DAG(s) 'example_branch_labels' retrieved from /Library/Frameworks/Python.framework/Versions/3.12/lib/python3.12/site-packages/airflow/example_dags/example_branch_labels.py
[2025-05-24T05:37:59.771+0530] {logging_mixin.py:188} INFO - [2025-05-24T05:37:59.771+0530] {dag.py:3096} INFO - Sync 1 DAGs
[2025-05-24T05:37:59.791+0530] {logging_mixin.py:188} INFO - [2025-05-24T05:37:59.791+0530] {dag.py:3954} INFO - Setting next_dagrun for example_branch_labels to 2025-05-23 00:00:00+00:00, run_after=2025-05-24 00:00:00+00:00
[2025-05-24T05:37:59.810+0530] {processor.py:183} INFO - Processing /Library/Frameworks/Python.framework/Versions/3.12/lib/python3.12/site-packages/airflow/example_dags/example_branch_labels.py took 0.197 seconds
[2025-05-24T05:40:18.330+0530] {processor.py:161} INFO - Started process (PID=21374) to work on /Library/Frameworks/Python.framework/Versions/3.12/lib/python3.12/site-packages/airflow/example_dags/example_branch_labels.py
[2025-05-24T05:40:18.332+0530] {processor.py:830} INFO - Processing file /Library/Frameworks/Python.framework/Versions/3.12/lib/python3.12/site-packages/airflow/example_dags/example_branch_labels.py for tasks to queue
[2025-05-24T05:40:18.333+0530] {logging_mixin.py:188} INFO - [2025-05-24T05:40:18.333+0530] {dagbag.py:540} INFO - Filling up the DagBag from /Library/Frameworks/Python.framework/Versions/3.12/lib/python3.12/site-packages/airflow/example_dags/example_branch_labels.py
[2025-05-24T05:40:18.342+0530] {processor.py:840} INFO - DAG(s) 'example_branch_labels' retrieved from /Library/Frameworks/Python.framework/Versions/3.12/lib/python3.12/site-packages/airflow/example_dags/example_branch_labels.py
[2025-05-24T05:40:18.479+0530] {logging_mixin.py:188} INFO - [2025-05-24T05:40:18.479+0530] {dag.py:3096} INFO - Sync 1 DAGs
[2025-05-24T05:40:18.498+0530] {logging_mixin.py:188} INFO - [2025-05-24T05:40:18.498+0530] {dag.py:3954} INFO - Setting next_dagrun for example_branch_labels to 2025-05-23 00:00:00+00:00, run_after=2025-05-24 00:00:00+00:00
[2025-05-24T05:40:18.516+0530] {processor.py:183} INFO - Processing /Library/Frameworks/Python.framework/Versions/3.12/lib/python3.12/site-packages/airflow/example_dags/example_branch_labels.py took 0.191 seconds
[2025-05-24T05:42:42.469+0530] {processor.py:161} INFO - Started process (PID=21553) to work on /Library/Frameworks/Python.framework/Versions/3.12/lib/python3.12/site-packages/airflow/example_dags/example_branch_labels.py
[2025-05-24T05:42:42.471+0530] {processor.py:830} INFO - Processing file /Library/Frameworks/Python.framework/Versions/3.12/lib/python3.12/site-packages/airflow/example_dags/example_branch_labels.py for tasks to queue
[2025-05-24T05:42:42.472+0530] {logging_mixin.py:188} INFO - [2025-05-24T05:42:42.471+0530] {dagbag.py:540} INFO - Filling up the DagBag from /Library/Frameworks/Python.framework/Versions/3.12/lib/python3.12/site-packages/airflow/example_dags/example_branch_labels.py
[2025-05-24T05:42:42.481+0530] {processor.py:840} INFO - DAG(s) 'example_branch_labels' retrieved from /Library/Frameworks/Python.framework/Versions/3.12/lib/python3.12/site-packages/airflow/example_dags/example_branch_labels.py
[2025-05-24T05:42:42.622+0530] {logging_mixin.py:188} INFO - [2025-05-24T05:42:42.622+0530] {dag.py:3096} INFO - Sync 1 DAGs
[2025-05-24T05:42:42.642+0530] {logging_mixin.py:188} INFO - [2025-05-24T05:42:42.641+0530] {dag.py:3954} INFO - Setting next_dagrun for example_branch_labels to 2025-05-23 00:00:00+00:00, run_after=2025-05-24 00:00:00+00:00
[2025-05-24T05:42:42.662+0530] {processor.py:183} INFO - Processing /Library/Frameworks/Python.framework/Versions/3.12/lib/python3.12/site-packages/airflow/example_dags/example_branch_labels.py took 0.196 seconds
[2025-05-24T05:45:06.959+0530] {processor.py:161} INFO - Started process (PID=22012) to work on /Library/Frameworks/Python.framework/Versions/3.12/lib/python3.12/site-packages/airflow/example_dags/example_branch_labels.py
[2025-05-24T05:45:06.960+0530] {processor.py:830} INFO - Processing file /Library/Frameworks/Python.framework/Versions/3.12/lib/python3.12/site-packages/airflow/example_dags/example_branch_labels.py for tasks to queue
[2025-05-24T05:45:06.961+0530] {logging_mixin.py:188} INFO - [2025-05-24T05:45:06.961+0530] {dagbag.py:540} INFO - Filling up the DagBag from /Library/Frameworks/Python.framework/Versions/3.12/lib/python3.12/site-packages/airflow/example_dags/example_branch_labels.py
[2025-05-24T05:45:06.970+0530] {processor.py:840} INFO - DAG(s) 'example_branch_labels' retrieved from /Library/Frameworks/Python.framework/Versions/3.12/lib/python3.12/site-packages/airflow/example_dags/example_branch_labels.py
[2025-05-24T05:45:07.105+0530] {logging_mixin.py:188} INFO - [2025-05-24T05:45:07.104+0530] {dag.py:3096} INFO - Sync 1 DAGs
[2025-05-24T05:45:07.124+0530] {logging_mixin.py:188} INFO - [2025-05-24T05:45:07.123+0530] {dag.py:3954} INFO - Setting next_dagrun for example_branch_labels to 2025-05-23 00:00:00+00:00, run_after=2025-05-24 00:00:00+00:00
[2025-05-24T05:45:07.142+0530] {processor.py:183} INFO - Processing /Library/Frameworks/Python.framework/Versions/3.12/lib/python3.12/site-packages/airflow/example_dags/example_branch_labels.py took 0.186 seconds
