[2025-05-24T05:32:42.408+0530] {processor.py:161} INFO - Started process (PID=20918) to work on /Library/Frameworks/Python.framework/Versions/3.12/lib/python3.12/site-packages/airflow/example_dags/example_latest_only.py
[2025-05-24T05:32:42.410+0530] {processor.py:830} INFO - Processing file /Library/Frameworks/Python.framework/Versions/3.12/lib/python3.12/site-packages/airflow/example_dags/example_latest_only.py for tasks to queue
[2025-05-24T05:32:42.411+0530] {logging_mixin.py:188} INFO - [2025-05-24T05:32:42.410+0530] {dagbag.py:540} INFO - Filling up the DagBag from /Library/Frameworks/Python.framework/Versions/3.12/lib/python3.12/site-packages/airflow/example_dags/example_latest_only.py
[2025-05-24T05:32:42.420+0530] {processor.py:840} INFO - DAG(s) 'latest_only' retrieved from /Library/Frameworks/Python.framework/Versions/3.12/lib/python3.12/site-packages/airflow/example_dags/example_latest_only.py
[2025-05-24T05:32:42.560+0530] {logging_mixin.py:188} INFO - [2025-05-24T05:32:42.559+0530] {dag.py:3096} INFO - Sync 1 DAGs
[2025-05-24T05:32:42.577+0530] {logging_mixin.py:188} INFO - [2025-05-24T05:32:42.577+0530] {dag.py:3954} INFO - Setting next_dagrun for latest_only to 2025-05-23 20:00:00+00:00, run_after=2025-05-24 00:00:00+00:00
[2025-05-24T05:32:42.595+0530] {processor.py:183} INFO - Processing /Library/Frameworks/Python.framework/Versions/3.12/lib/python3.12/site-packages/airflow/example_dags/example_latest_only.py took 0.192 seconds
[2025-05-24T05:35:04.940+0530] {processor.py:161} INFO - Started process (PID=21039) to work on /Library/Frameworks/Python.framework/Versions/3.12/lib/python3.12/site-packages/airflow/example_dags/example_latest_only.py
[2025-05-24T05:35:04.942+0530] {processor.py:830} INFO - Processing file /Library/Frameworks/Python.framework/Versions/3.12/lib/python3.12/site-packages/airflow/example_dags/example_latest_only.py for tasks to queue
[2025-05-24T05:35:04.943+0530] {logging_mixin.py:188} INFO - [2025-05-24T05:35:04.942+0530] {dagbag.py:540} INFO - Filling up the DagBag from /Library/Frameworks/Python.framework/Versions/3.12/lib/python3.12/site-packages/airflow/example_dags/example_latest_only.py
[2025-05-24T05:35:04.950+0530] {processor.py:840} INFO - DAG(s) 'latest_only' retrieved from /Library/Frameworks/Python.framework/Versions/3.12/lib/python3.12/site-packages/airflow/example_dags/example_latest_only.py
[2025-05-24T05:35:05.087+0530] {logging_mixin.py:188} INFO - [2025-05-24T05:35:05.086+0530] {dag.py:3096} INFO - Sync 1 DAGs
[2025-05-24T05:35:05.104+0530] {logging_mixin.py:188} INFO - [2025-05-24T05:35:05.104+0530] {dag.py:3954} INFO - Setting next_dagrun for latest_only to 2025-05-23 20:00:00+00:00, run_after=2025-05-24 00:00:00+00:00
[2025-05-24T05:35:05.124+0530] {processor.py:183} INFO - Processing /Library/Frameworks/Python.framework/Versions/3.12/lib/python3.12/site-packages/airflow/example_dags/example_latest_only.py took 0.188 seconds
[2025-05-24T05:37:24.344+0530] {processor.py:161} INFO - Started process (PID=21201) to work on /Library/Frameworks/Python.framework/Versions/3.12/lib/python3.12/site-packages/airflow/example_dags/example_latest_only.py
[2025-05-24T05:37:24.345+0530] {processor.py:830} INFO - Processing file /Library/Frameworks/Python.framework/Versions/3.12/lib/python3.12/site-packages/airflow/example_dags/example_latest_only.py for tasks to queue
[2025-05-24T05:37:24.346+0530] {logging_mixin.py:188} INFO - [2025-05-24T05:37:24.346+0530] {dagbag.py:540} INFO - Filling up the DagBag from /Library/Frameworks/Python.framework/Versions/3.12/lib/python3.12/site-packages/airflow/example_dags/example_latest_only.py
[2025-05-24T05:37:24.354+0530] {processor.py:840} INFO - DAG(s) 'latest_only' retrieved from /Library/Frameworks/Python.framework/Versions/3.12/lib/python3.12/site-packages/airflow/example_dags/example_latest_only.py
[2025-05-24T05:37:24.525+0530] {logging_mixin.py:188} INFO - [2025-05-24T05:37:24.524+0530] {dag.py:3096} INFO - Sync 1 DAGs
[2025-05-24T05:37:24.546+0530] {logging_mixin.py:188} INFO - [2025-05-24T05:37:24.545+0530] {dag.py:3954} INFO - Setting next_dagrun for latest_only to 2025-05-23 20:00:00+00:00, run_after=2025-05-24 00:00:00+00:00
[2025-05-24T05:37:24.566+0530] {processor.py:183} INFO - Processing /Library/Frameworks/Python.framework/Versions/3.12/lib/python3.12/site-packages/airflow/example_dags/example_latest_only.py took 0.225 seconds
[2025-05-24T05:39:44.148+0530] {processor.py:161} INFO - Started process (PID=21329) to work on /Library/Frameworks/Python.framework/Versions/3.12/lib/python3.12/site-packages/airflow/example_dags/example_latest_only.py
[2025-05-24T05:39:44.149+0530] {processor.py:830} INFO - Processing file /Library/Frameworks/Python.framework/Versions/3.12/lib/python3.12/site-packages/airflow/example_dags/example_latest_only.py for tasks to queue
[2025-05-24T05:39:44.150+0530] {logging_mixin.py:188} INFO - [2025-05-24T05:39:44.150+0530] {dagbag.py:540} INFO - Filling up the DagBag from /Library/Frameworks/Python.framework/Versions/3.12/lib/python3.12/site-packages/airflow/example_dags/example_latest_only.py
[2025-05-24T05:39:44.158+0530] {processor.py:840} INFO - DAG(s) 'latest_only' retrieved from /Library/Frameworks/Python.framework/Versions/3.12/lib/python3.12/site-packages/airflow/example_dags/example_latest_only.py
[2025-05-24T05:39:44.311+0530] {logging_mixin.py:188} INFO - [2025-05-24T05:39:44.310+0530] {dag.py:3096} INFO - Sync 1 DAGs
[2025-05-24T05:39:44.330+0530] {logging_mixin.py:188} INFO - [2025-05-24T05:39:44.330+0530] {dag.py:3954} INFO - Setting next_dagrun for latest_only to 2025-05-23 20:00:00+00:00, run_after=2025-05-24 00:00:00+00:00
[2025-05-24T05:39:44.349+0530] {processor.py:183} INFO - Processing /Library/Frameworks/Python.framework/Versions/3.12/lib/python3.12/site-packages/airflow/example_dags/example_latest_only.py took 0.204 seconds
[2025-05-24T05:42:08.477+0530] {processor.py:161} INFO - Started process (PID=21507) to work on /Library/Frameworks/Python.framework/Versions/3.12/lib/python3.12/site-packages/airflow/example_dags/example_latest_only.py
[2025-05-24T05:42:08.480+0530] {processor.py:830} INFO - Processing file /Library/Frameworks/Python.framework/Versions/3.12/lib/python3.12/site-packages/airflow/example_dags/example_latest_only.py for tasks to queue
[2025-05-24T05:42:08.481+0530] {logging_mixin.py:188} INFO - [2025-05-24T05:42:08.481+0530] {dagbag.py:540} INFO - Filling up the DagBag from /Library/Frameworks/Python.framework/Versions/3.12/lib/python3.12/site-packages/airflow/example_dags/example_latest_only.py
[2025-05-24T05:42:08.490+0530] {processor.py:840} INFO - DAG(s) 'latest_only' retrieved from /Library/Frameworks/Python.framework/Versions/3.12/lib/python3.12/site-packages/airflow/example_dags/example_latest_only.py
[2025-05-24T05:42:08.622+0530] {logging_mixin.py:188} INFO - [2025-05-24T05:42:08.621+0530] {dag.py:3096} INFO - Sync 1 DAGs
[2025-05-24T05:42:08.639+0530] {logging_mixin.py:188} INFO - [2025-05-24T05:42:08.639+0530] {dag.py:3954} INFO - Setting next_dagrun for latest_only to 2025-05-23 20:00:00+00:00, run_after=2025-05-24 00:00:00+00:00
[2025-05-24T05:42:08.658+0530] {processor.py:183} INFO - Processing /Library/Frameworks/Python.framework/Versions/3.12/lib/python3.12/site-packages/airflow/example_dags/example_latest_only.py took 0.184 seconds
[2025-05-24T05:44:32.583+0530] {processor.py:161} INFO - Started process (PID=21975) to work on /Library/Frameworks/Python.framework/Versions/3.12/lib/python3.12/site-packages/airflow/example_dags/example_latest_only.py
[2025-05-24T05:44:32.585+0530] {processor.py:830} INFO - Processing file /Library/Frameworks/Python.framework/Versions/3.12/lib/python3.12/site-packages/airflow/example_dags/example_latest_only.py for tasks to queue
[2025-05-24T05:44:32.585+0530] {logging_mixin.py:188} INFO - [2025-05-24T05:44:32.585+0530] {dagbag.py:540} INFO - Filling up the DagBag from /Library/Frameworks/Python.framework/Versions/3.12/lib/python3.12/site-packages/airflow/example_dags/example_latest_only.py
[2025-05-24T05:44:32.593+0530] {processor.py:840} INFO - DAG(s) 'latest_only' retrieved from /Library/Frameworks/Python.framework/Versions/3.12/lib/python3.12/site-packages/airflow/example_dags/example_latest_only.py
[2025-05-24T05:44:32.740+0530] {logging_mixin.py:188} INFO - [2025-05-24T05:44:32.740+0530] {dag.py:3096} INFO - Sync 1 DAGs
[2025-05-24T05:44:32.759+0530] {logging_mixin.py:188} INFO - [2025-05-24T05:44:32.759+0530] {dag.py:3954} INFO - Setting next_dagrun for latest_only to 2025-05-23 20:00:00+00:00, run_after=2025-05-24 00:00:00+00:00
[2025-05-24T05:44:32.778+0530] {processor.py:183} INFO - Processing /Library/Frameworks/Python.framework/Versions/3.12/lib/python3.12/site-packages/airflow/example_dags/example_latest_only.py took 0.199 seconds
