[2025-05-24T05:30:02.299+0530] {processor.py:161} INFO - Started process (PID=20773) to work on /Library/Frameworks/Python.framework/Versions/3.12/lib/python3.12/site-packages/airflow/example_dags/example_datasets.py
[2025-05-24T05:30:02.301+0530] {processor.py:830} INFO - Processing file /Library/Frameworks/Python.framework/Versions/3.12/lib/python3.12/site-packages/airflow/example_dags/example_datasets.py for tasks to queue
[2025-05-24T05:30:02.302+0530] {logging_mixin.py:188} INFO - [2025-05-24T05:30:02.302+0530] {dagbag.py:540} INFO - Filling up the DagBag from /Library/Frameworks/Python.framework/Versions/3.12/lib/python3.12/site-packages/airflow/example_dags/example_datasets.py
[2025-05-24T05:30:02.407+0530] {processor.py:840} INFO - DAG(s) 'dataset_consumes_1_never_scheduled', 'dataset_consumes_1_and_2', 'dataset_consumes_1', 'consume_1_or_2_with_dataset_expressions', 'dataset_produces_2', 'consume_1_or_both_2_and_3_with_dataset_expressions', 'consume_1_and_2_with_dataset_expressions', 'dataset_consumes_unknown_never_scheduled', 'conditional_dataset_and_time_based_timetable', 'dataset_produces_1' retrieved from /Library/Frameworks/Python.framework/Versions/3.12/lib/python3.12/site-packages/airflow/example_dags/example_datasets.py
[2025-05-24T05:30:02.805+0530] {logging_mixin.py:188} INFO - [2025-05-24T05:30:02.805+0530] {dag.py:3096} INFO - Sync 10 DAGs
[2025-05-24T05:30:02.825+0530] {logging_mixin.py:188} INFO - [2025-05-24T05:30:02.825+0530] {dag.py:3954} INFO - Setting next_dagrun for conditional_dataset_and_time_based_timetable to 2025-05-21 01:00:00+00:00, run_after=2025-05-21 01:00:00+00:00
[2025-05-24T05:30:02.828+0530] {logging_mixin.py:188} INFO - [2025-05-24T05:30:02.828+0530] {dag.py:3954} INFO - Setting next_dagrun for consume_1_and_2_with_dataset_expressions to None, run_after=None
[2025-05-24T05:30:02.829+0530] {logging_mixin.py:188} INFO - [2025-05-24T05:30:02.829+0530] {dag.py:3954} INFO - Setting next_dagrun for consume_1_or_2_with_dataset_expressions to None, run_after=None
[2025-05-24T05:30:02.830+0530] {logging_mixin.py:188} INFO - [2025-05-24T05:30:02.830+0530] {dag.py:3954} INFO - Setting next_dagrun for consume_1_or_both_2_and_3_with_dataset_expressions to None, run_after=None
[2025-05-24T05:30:02.831+0530] {logging_mixin.py:188} INFO - [2025-05-24T05:30:02.831+0530] {dag.py:3954} INFO - Setting next_dagrun for dataset_consumes_1 to None, run_after=None
[2025-05-24T05:30:02.832+0530] {logging_mixin.py:188} INFO - [2025-05-24T05:30:02.832+0530] {dag.py:3954} INFO - Setting next_dagrun for dataset_consumes_1_and_2 to None, run_after=None
[2025-05-24T05:30:02.833+0530] {logging_mixin.py:188} INFO - [2025-05-24T05:30:02.833+0530] {dag.py:3954} INFO - Setting next_dagrun for dataset_consumes_1_never_scheduled to None, run_after=None
[2025-05-24T05:30:02.834+0530] {logging_mixin.py:188} INFO - [2025-05-24T05:30:02.834+0530] {dag.py:3954} INFO - Setting next_dagrun for dataset_consumes_unknown_never_scheduled to None, run_after=None
[2025-05-24T05:30:02.837+0530] {logging_mixin.py:188} INFO - [2025-05-24T05:30:02.837+0530] {dag.py:3954} INFO - Setting next_dagrun for dataset_produces_1 to 2025-05-23 00:00:00+00:00, run_after=2025-05-24 00:00:00+00:00
[2025-05-24T05:30:02.838+0530] {logging_mixin.py:188} INFO - [2025-05-24T05:30:02.838+0530] {dag.py:3954} INFO - Setting next_dagrun for dataset_produces_2 to None, run_after=None
[2025-05-24T05:30:02.870+0530] {processor.py:183} INFO - Processing /Library/Frameworks/Python.framework/Versions/3.12/lib/python3.12/site-packages/airflow/example_dags/example_datasets.py took 0.575 seconds
[2025-05-24T05:32:58.987+0530] {processor.py:161} INFO - Started process (PID=20926) to work on /Library/Frameworks/Python.framework/Versions/3.12/lib/python3.12/site-packages/airflow/example_dags/example_datasets.py
[2025-05-24T05:32:58.989+0530] {processor.py:830} INFO - Processing file /Library/Frameworks/Python.framework/Versions/3.12/lib/python3.12/site-packages/airflow/example_dags/example_datasets.py for tasks to queue
[2025-05-24T05:32:58.989+0530] {logging_mixin.py:188} INFO - [2025-05-24T05:32:58.989+0530] {dagbag.py:540} INFO - Filling up the DagBag from /Library/Frameworks/Python.framework/Versions/3.12/lib/python3.12/site-packages/airflow/example_dags/example_datasets.py
[2025-05-24T05:32:59.062+0530] {processor.py:840} INFO - DAG(s) 'dataset_consumes_1', 'consume_1_or_both_2_and_3_with_dataset_expressions', 'dataset_produces_2', 'dataset_consumes_1_and_2', 'dataset_consumes_1_never_scheduled', 'consume_1_or_2_with_dataset_expressions', 'dataset_consumes_unknown_never_scheduled', 'conditional_dataset_and_time_based_timetable', 'dataset_produces_1', 'consume_1_and_2_with_dataset_expressions' retrieved from /Library/Frameworks/Python.framework/Versions/3.12/lib/python3.12/site-packages/airflow/example_dags/example_datasets.py
[2025-05-24T05:32:59.230+0530] {logging_mixin.py:188} INFO - [2025-05-24T05:32:59.230+0530] {dag.py:3096} INFO - Sync 10 DAGs
[2025-05-24T05:32:59.247+0530] {logging_mixin.py:188} INFO - [2025-05-24T05:32:59.247+0530] {dag.py:3954} INFO - Setting next_dagrun for conditional_dataset_and_time_based_timetable to 2025-05-21 01:00:00+00:00, run_after=2025-05-21 01:00:00+00:00
[2025-05-24T05:32:59.250+0530] {logging_mixin.py:188} INFO - [2025-05-24T05:32:59.250+0530] {dag.py:3954} INFO - Setting next_dagrun for consume_1_and_2_with_dataset_expressions to None, run_after=None
[2025-05-24T05:32:59.251+0530] {logging_mixin.py:188} INFO - [2025-05-24T05:32:59.251+0530] {dag.py:3954} INFO - Setting next_dagrun for consume_1_or_2_with_dataset_expressions to None, run_after=None
[2025-05-24T05:32:59.252+0530] {logging_mixin.py:188} INFO - [2025-05-24T05:32:59.251+0530] {dag.py:3954} INFO - Setting next_dagrun for consume_1_or_both_2_and_3_with_dataset_expressions to None, run_after=None
[2025-05-24T05:32:59.252+0530] {logging_mixin.py:188} INFO - [2025-05-24T05:32:59.252+0530] {dag.py:3954} INFO - Setting next_dagrun for dataset_consumes_1 to None, run_after=None
[2025-05-24T05:32:59.253+0530] {logging_mixin.py:188} INFO - [2025-05-24T05:32:59.253+0530] {dag.py:3954} INFO - Setting next_dagrun for dataset_consumes_1_and_2 to None, run_after=None
[2025-05-24T05:32:59.254+0530] {logging_mixin.py:188} INFO - [2025-05-24T05:32:59.254+0530] {dag.py:3954} INFO - Setting next_dagrun for dataset_consumes_1_never_scheduled to None, run_after=None
[2025-05-24T05:32:59.255+0530] {logging_mixin.py:188} INFO - [2025-05-24T05:32:59.254+0530] {dag.py:3954} INFO - Setting next_dagrun for dataset_consumes_unknown_never_scheduled to None, run_after=None
[2025-05-24T05:32:59.256+0530] {logging_mixin.py:188} INFO - [2025-05-24T05:32:59.256+0530] {dag.py:3954} INFO - Setting next_dagrun for dataset_produces_1 to 2025-05-23 00:00:00+00:00, run_after=2025-05-24 00:00:00+00:00
[2025-05-24T05:32:59.257+0530] {logging_mixin.py:188} INFO - [2025-05-24T05:32:59.257+0530] {dag.py:3954} INFO - Setting next_dagrun for dataset_produces_2 to None, run_after=None
[2025-05-24T05:32:59.278+0530] {processor.py:183} INFO - Processing /Library/Frameworks/Python.framework/Versions/3.12/lib/python3.12/site-packages/airflow/example_dags/example_datasets.py took 0.294 seconds
[2025-05-24T05:35:22.264+0530] {processor.py:161} INFO - Started process (PID=21055) to work on /Library/Frameworks/Python.framework/Versions/3.12/lib/python3.12/site-packages/airflow/example_dags/example_datasets.py
[2025-05-24T05:35:22.265+0530] {processor.py:830} INFO - Processing file /Library/Frameworks/Python.framework/Versions/3.12/lib/python3.12/site-packages/airflow/example_dags/example_datasets.py for tasks to queue
[2025-05-24T05:35:22.266+0530] {logging_mixin.py:188} INFO - [2025-05-24T05:35:22.266+0530] {dagbag.py:540} INFO - Filling up the DagBag from /Library/Frameworks/Python.framework/Versions/3.12/lib/python3.12/site-packages/airflow/example_dags/example_datasets.py
[2025-05-24T05:35:22.342+0530] {processor.py:840} INFO - DAG(s) 'dataset_consumes_1_never_scheduled', 'dataset_consumes_1_and_2', 'consume_1_or_both_2_and_3_with_dataset_expressions', 'consume_1_and_2_with_dataset_expressions', 'dataset_produces_2', 'conditional_dataset_and_time_based_timetable', 'dataset_consumes_unknown_never_scheduled', 'dataset_produces_1', 'consume_1_or_2_with_dataset_expressions', 'dataset_consumes_1' retrieved from /Library/Frameworks/Python.framework/Versions/3.12/lib/python3.12/site-packages/airflow/example_dags/example_datasets.py
[2025-05-24T05:35:22.516+0530] {logging_mixin.py:188} INFO - [2025-05-24T05:35:22.516+0530] {dag.py:3096} INFO - Sync 10 DAGs
[2025-05-24T05:35:22.534+0530] {logging_mixin.py:188} INFO - [2025-05-24T05:35:22.534+0530] {dag.py:3954} INFO - Setting next_dagrun for conditional_dataset_and_time_based_timetable to 2025-05-21 01:00:00+00:00, run_after=2025-05-21 01:00:00+00:00
[2025-05-24T05:35:22.537+0530] {logging_mixin.py:188} INFO - [2025-05-24T05:35:22.536+0530] {dag.py:3954} INFO - Setting next_dagrun for consume_1_and_2_with_dataset_expressions to None, run_after=None
[2025-05-24T05:35:22.537+0530] {logging_mixin.py:188} INFO - [2025-05-24T05:35:22.537+0530] {dag.py:3954} INFO - Setting next_dagrun for consume_1_or_2_with_dataset_expressions to None, run_after=None
[2025-05-24T05:35:22.538+0530] {logging_mixin.py:188} INFO - [2025-05-24T05:35:22.538+0530] {dag.py:3954} INFO - Setting next_dagrun for consume_1_or_both_2_and_3_with_dataset_expressions to None, run_after=None
[2025-05-24T05:35:22.539+0530] {logging_mixin.py:188} INFO - [2025-05-24T05:35:22.539+0530] {dag.py:3954} INFO - Setting next_dagrun for dataset_consumes_1 to None, run_after=None
[2025-05-24T05:35:22.540+0530] {logging_mixin.py:188} INFO - [2025-05-24T05:35:22.540+0530] {dag.py:3954} INFO - Setting next_dagrun for dataset_consumes_1_and_2 to None, run_after=None
[2025-05-24T05:35:22.540+0530] {logging_mixin.py:188} INFO - [2025-05-24T05:35:22.540+0530] {dag.py:3954} INFO - Setting next_dagrun for dataset_consumes_1_never_scheduled to None, run_after=None
[2025-05-24T05:35:22.541+0530] {logging_mixin.py:188} INFO - [2025-05-24T05:35:22.541+0530] {dag.py:3954} INFO - Setting next_dagrun for dataset_consumes_unknown_never_scheduled to None, run_after=None
[2025-05-24T05:35:22.543+0530] {logging_mixin.py:188} INFO - [2025-05-24T05:35:22.543+0530] {dag.py:3954} INFO - Setting next_dagrun for dataset_produces_1 to 2025-05-23 00:00:00+00:00, run_after=2025-05-24 00:00:00+00:00
[2025-05-24T05:35:22.544+0530] {logging_mixin.py:188} INFO - [2025-05-24T05:35:22.544+0530] {dag.py:3954} INFO - Setting next_dagrun for dataset_produces_2 to None, run_after=None
[2025-05-24T05:35:22.578+0530] {processor.py:183} INFO - Processing /Library/Frameworks/Python.framework/Versions/3.12/lib/python3.12/site-packages/airflow/example_dags/example_datasets.py took 0.316 seconds
[2025-05-24T05:37:42.466+0530] {processor.py:161} INFO - Started process (PID=21207) to work on /Library/Frameworks/Python.framework/Versions/3.12/lib/python3.12/site-packages/airflow/example_dags/example_datasets.py
[2025-05-24T05:37:42.468+0530] {processor.py:830} INFO - Processing file /Library/Frameworks/Python.framework/Versions/3.12/lib/python3.12/site-packages/airflow/example_dags/example_datasets.py for tasks to queue
[2025-05-24T05:37:42.468+0530] {logging_mixin.py:188} INFO - [2025-05-24T05:37:42.468+0530] {dagbag.py:540} INFO - Filling up the DagBag from /Library/Frameworks/Python.framework/Versions/3.12/lib/python3.12/site-packages/airflow/example_dags/example_datasets.py
[2025-05-24T05:37:42.542+0530] {processor.py:840} INFO - DAG(s) 'dataset_produces_1', 'dataset_consumes_1_never_scheduled', 'dataset_consumes_1', 'consume_1_or_2_with_dataset_expressions', 'consume_1_or_both_2_and_3_with_dataset_expressions', 'conditional_dataset_and_time_based_timetable', 'dataset_consumes_unknown_never_scheduled', 'dataset_produces_2', 'dataset_consumes_1_and_2', 'consume_1_and_2_with_dataset_expressions' retrieved from /Library/Frameworks/Python.framework/Versions/3.12/lib/python3.12/site-packages/airflow/example_dags/example_datasets.py
[2025-05-24T05:37:42.720+0530] {logging_mixin.py:188} INFO - [2025-05-24T05:37:42.720+0530] {dag.py:3096} INFO - Sync 10 DAGs
[2025-05-24T05:37:42.738+0530] {logging_mixin.py:188} INFO - [2025-05-24T05:37:42.737+0530] {dag.py:3954} INFO - Setting next_dagrun for conditional_dataset_and_time_based_timetable to 2025-05-21 01:00:00+00:00, run_after=2025-05-21 01:00:00+00:00
[2025-05-24T05:37:42.741+0530] {logging_mixin.py:188} INFO - [2025-05-24T05:37:42.741+0530] {dag.py:3954} INFO - Setting next_dagrun for consume_1_and_2_with_dataset_expressions to None, run_after=None
[2025-05-24T05:37:42.742+0530] {logging_mixin.py:188} INFO - [2025-05-24T05:37:42.742+0530] {dag.py:3954} INFO - Setting next_dagrun for consume_1_or_2_with_dataset_expressions to None, run_after=None
[2025-05-24T05:37:42.743+0530] {logging_mixin.py:188} INFO - [2025-05-24T05:37:42.742+0530] {dag.py:3954} INFO - Setting next_dagrun for consume_1_or_both_2_and_3_with_dataset_expressions to None, run_after=None
[2025-05-24T05:37:42.743+0530] {logging_mixin.py:188} INFO - [2025-05-24T05:37:42.743+0530] {dag.py:3954} INFO - Setting next_dagrun for dataset_consumes_1 to None, run_after=None
[2025-05-24T05:37:42.744+0530] {logging_mixin.py:188} INFO - [2025-05-24T05:37:42.744+0530] {dag.py:3954} INFO - Setting next_dagrun for dataset_consumes_1_and_2 to None, run_after=None
[2025-05-24T05:37:42.745+0530] {logging_mixin.py:188} INFO - [2025-05-24T05:37:42.745+0530] {dag.py:3954} INFO - Setting next_dagrun for dataset_consumes_1_never_scheduled to None, run_after=None
[2025-05-24T05:37:42.746+0530] {logging_mixin.py:188} INFO - [2025-05-24T05:37:42.746+0530] {dag.py:3954} INFO - Setting next_dagrun for dataset_consumes_unknown_never_scheduled to None, run_after=None
[2025-05-24T05:37:42.748+0530] {logging_mixin.py:188} INFO - [2025-05-24T05:37:42.747+0530] {dag.py:3954} INFO - Setting next_dagrun for dataset_produces_1 to 2025-05-23 00:00:00+00:00, run_after=2025-05-24 00:00:00+00:00
[2025-05-24T05:37:42.748+0530] {logging_mixin.py:188} INFO - [2025-05-24T05:37:42.748+0530] {dag.py:3954} INFO - Setting next_dagrun for dataset_produces_2 to None, run_after=None
[2025-05-24T05:37:42.771+0530] {processor.py:183} INFO - Processing /Library/Frameworks/Python.framework/Versions/3.12/lib/python3.12/site-packages/airflow/example_dags/example_datasets.py took 0.308 seconds
[2025-05-24T05:40:01.458+0530] {processor.py:161} INFO - Started process (PID=21356) to work on /Library/Frameworks/Python.framework/Versions/3.12/lib/python3.12/site-packages/airflow/example_dags/example_datasets.py
[2025-05-24T05:40:01.459+0530] {processor.py:830} INFO - Processing file /Library/Frameworks/Python.framework/Versions/3.12/lib/python3.12/site-packages/airflow/example_dags/example_datasets.py for tasks to queue
[2025-05-24T05:40:01.460+0530] {logging_mixin.py:188} INFO - [2025-05-24T05:40:01.460+0530] {dagbag.py:540} INFO - Filling up the DagBag from /Library/Frameworks/Python.framework/Versions/3.12/lib/python3.12/site-packages/airflow/example_dags/example_datasets.py
[2025-05-24T05:40:01.526+0530] {processor.py:840} INFO - DAG(s) 'conditional_dataset_and_time_based_timetable', 'dataset_produces_2', 'dataset_consumes_unknown_never_scheduled', 'dataset_produces_1', 'consume_1_or_both_2_and_3_with_dataset_expressions', 'dataset_consumes_1_never_scheduled', 'dataset_consumes_1_and_2', 'consume_1_or_2_with_dataset_expressions', 'dataset_consumes_1', 'consume_1_and_2_with_dataset_expressions' retrieved from /Library/Frameworks/Python.framework/Versions/3.12/lib/python3.12/site-packages/airflow/example_dags/example_datasets.py
[2025-05-24T05:40:01.718+0530] {logging_mixin.py:188} INFO - [2025-05-24T05:40:01.717+0530] {dag.py:3096} INFO - Sync 10 DAGs
[2025-05-24T05:40:01.737+0530] {logging_mixin.py:188} INFO - [2025-05-24T05:40:01.736+0530] {dag.py:3954} INFO - Setting next_dagrun for conditional_dataset_and_time_based_timetable to 2025-05-21 01:00:00+00:00, run_after=2025-05-21 01:00:00+00:00
[2025-05-24T05:40:01.739+0530] {logging_mixin.py:188} INFO - [2025-05-24T05:40:01.739+0530] {dag.py:3954} INFO - Setting next_dagrun for consume_1_and_2_with_dataset_expressions to None, run_after=None
[2025-05-24T05:40:01.740+0530] {logging_mixin.py:188} INFO - [2025-05-24T05:40:01.740+0530] {dag.py:3954} INFO - Setting next_dagrun for consume_1_or_2_with_dataset_expressions to None, run_after=None
[2025-05-24T05:40:01.741+0530] {logging_mixin.py:188} INFO - [2025-05-24T05:40:01.741+0530] {dag.py:3954} INFO - Setting next_dagrun for consume_1_or_both_2_and_3_with_dataset_expressions to None, run_after=None
[2025-05-24T05:40:01.742+0530] {logging_mixin.py:188} INFO - [2025-05-24T05:40:01.742+0530] {dag.py:3954} INFO - Setting next_dagrun for dataset_consumes_1 to None, run_after=None
[2025-05-24T05:40:01.743+0530] {logging_mixin.py:188} INFO - [2025-05-24T05:40:01.742+0530] {dag.py:3954} INFO - Setting next_dagrun for dataset_consumes_1_and_2 to None, run_after=None
[2025-05-24T05:40:01.743+0530] {logging_mixin.py:188} INFO - [2025-05-24T05:40:01.743+0530] {dag.py:3954} INFO - Setting next_dagrun for dataset_consumes_1_never_scheduled to None, run_after=None
[2025-05-24T05:40:01.744+0530] {logging_mixin.py:188} INFO - [2025-05-24T05:40:01.744+0530] {dag.py:3954} INFO - Setting next_dagrun for dataset_consumes_unknown_never_scheduled to None, run_after=None
[2025-05-24T05:40:01.746+0530] {logging_mixin.py:188} INFO - [2025-05-24T05:40:01.746+0530] {dag.py:3954} INFO - Setting next_dagrun for dataset_produces_1 to 2025-05-23 00:00:00+00:00, run_after=2025-05-24 00:00:00+00:00
[2025-05-24T05:40:01.747+0530] {logging_mixin.py:188} INFO - [2025-05-24T05:40:01.747+0530] {dag.py:3954} INFO - Setting next_dagrun for dataset_produces_2 to None, run_after=None
[2025-05-24T05:40:01.771+0530] {processor.py:183} INFO - Processing /Library/Frameworks/Python.framework/Versions/3.12/lib/python3.12/site-packages/airflow/example_dags/example_datasets.py took 0.316 seconds
[2025-05-24T05:42:25.659+0530] {processor.py:161} INFO - Started process (PID=21523) to work on /Library/Frameworks/Python.framework/Versions/3.12/lib/python3.12/site-packages/airflow/example_dags/example_datasets.py
[2025-05-24T05:42:25.660+0530] {processor.py:830} INFO - Processing file /Library/Frameworks/Python.framework/Versions/3.12/lib/python3.12/site-packages/airflow/example_dags/example_datasets.py for tasks to queue
[2025-05-24T05:42:25.661+0530] {logging_mixin.py:188} INFO - [2025-05-24T05:42:25.661+0530] {dagbag.py:540} INFO - Filling up the DagBag from /Library/Frameworks/Python.framework/Versions/3.12/lib/python3.12/site-packages/airflow/example_dags/example_datasets.py
[2025-05-24T05:42:25.733+0530] {processor.py:840} INFO - DAG(s) 'consume_1_and_2_with_dataset_expressions', 'dataset_consumes_1_never_scheduled', 'consume_1_or_2_with_dataset_expressions', 'dataset_consumes_unknown_never_scheduled', 'dataset_consumes_1_and_2', 'dataset_produces_1', 'conditional_dataset_and_time_based_timetable', 'dataset_produces_2', 'consume_1_or_both_2_and_3_with_dataset_expressions', 'dataset_consumes_1' retrieved from /Library/Frameworks/Python.framework/Versions/3.12/lib/python3.12/site-packages/airflow/example_dags/example_datasets.py
[2025-05-24T05:42:25.921+0530] {logging_mixin.py:188} INFO - [2025-05-24T05:42:25.920+0530] {dag.py:3096} INFO - Sync 10 DAGs
[2025-05-24T05:42:25.938+0530] {logging_mixin.py:188} INFO - [2025-05-24T05:42:25.938+0530] {dag.py:3954} INFO - Setting next_dagrun for conditional_dataset_and_time_based_timetable to 2025-05-21 01:00:00+00:00, run_after=2025-05-21 01:00:00+00:00
[2025-05-24T05:42:25.941+0530] {logging_mixin.py:188} INFO - [2025-05-24T05:42:25.941+0530] {dag.py:3954} INFO - Setting next_dagrun for consume_1_and_2_with_dataset_expressions to None, run_after=None
[2025-05-24T05:42:25.942+0530] {logging_mixin.py:188} INFO - [2025-05-24T05:42:25.941+0530] {dag.py:3954} INFO - Setting next_dagrun for consume_1_or_2_with_dataset_expressions to None, run_after=None
[2025-05-24T05:42:25.942+0530] {logging_mixin.py:188} INFO - [2025-05-24T05:42:25.942+0530] {dag.py:3954} INFO - Setting next_dagrun for consume_1_or_both_2_and_3_with_dataset_expressions to None, run_after=None
[2025-05-24T05:42:25.943+0530] {logging_mixin.py:188} INFO - [2025-05-24T05:42:25.943+0530] {dag.py:3954} INFO - Setting next_dagrun for dataset_consumes_1 to None, run_after=None
[2025-05-24T05:42:25.944+0530] {logging_mixin.py:188} INFO - [2025-05-24T05:42:25.944+0530] {dag.py:3954} INFO - Setting next_dagrun for dataset_consumes_1_and_2 to None, run_after=None
[2025-05-24T05:42:25.945+0530] {logging_mixin.py:188} INFO - [2025-05-24T05:42:25.945+0530] {dag.py:3954} INFO - Setting next_dagrun for dataset_consumes_1_never_scheduled to None, run_after=None
[2025-05-24T05:42:25.946+0530] {logging_mixin.py:188} INFO - [2025-05-24T05:42:25.945+0530] {dag.py:3954} INFO - Setting next_dagrun for dataset_consumes_unknown_never_scheduled to None, run_after=None
[2025-05-24T05:42:25.947+0530] {logging_mixin.py:188} INFO - [2025-05-24T05:42:25.947+0530] {dag.py:3954} INFO - Setting next_dagrun for dataset_produces_1 to 2025-05-23 00:00:00+00:00, run_after=2025-05-24 00:00:00+00:00
[2025-05-24T05:42:25.948+0530] {logging_mixin.py:188} INFO - [2025-05-24T05:42:25.948+0530] {dag.py:3954} INFO - Setting next_dagrun for dataset_produces_2 to None, run_after=None
[2025-05-24T05:42:25.971+0530] {processor.py:183} INFO - Processing /Library/Frameworks/Python.framework/Versions/3.12/lib/python3.12/site-packages/airflow/example_dags/example_datasets.py took 0.315 seconds
[2025-05-24T05:44:49.734+0530] {processor.py:161} INFO - Started process (PID=21998) to work on /Library/Frameworks/Python.framework/Versions/3.12/lib/python3.12/site-packages/airflow/example_dags/example_datasets.py
[2025-05-24T05:44:49.735+0530] {processor.py:830} INFO - Processing file /Library/Frameworks/Python.framework/Versions/3.12/lib/python3.12/site-packages/airflow/example_dags/example_datasets.py for tasks to queue
[2025-05-24T05:44:49.736+0530] {logging_mixin.py:188} INFO - [2025-05-24T05:44:49.736+0530] {dagbag.py:540} INFO - Filling up the DagBag from /Library/Frameworks/Python.framework/Versions/3.12/lib/python3.12/site-packages/airflow/example_dags/example_datasets.py
[2025-05-24T05:44:49.804+0530] {processor.py:840} INFO - DAG(s) 'consume_1_or_2_with_dataset_expressions', 'dataset_produces_2', 'conditional_dataset_and_time_based_timetable', 'dataset_consumes_unknown_never_scheduled', 'consume_1_and_2_with_dataset_expressions', 'dataset_consumes_1', 'dataset_produces_1', 'consume_1_or_both_2_and_3_with_dataset_expressions', 'dataset_consumes_1_never_scheduled', 'dataset_consumes_1_and_2' retrieved from /Library/Frameworks/Python.framework/Versions/3.12/lib/python3.12/site-packages/airflow/example_dags/example_datasets.py
[2025-05-24T05:44:49.967+0530] {logging_mixin.py:188} INFO - [2025-05-24T05:44:49.967+0530] {dag.py:3096} INFO - Sync 10 DAGs
[2025-05-24T05:44:49.984+0530] {logging_mixin.py:188} INFO - [2025-05-24T05:44:49.984+0530] {dag.py:3954} INFO - Setting next_dagrun for conditional_dataset_and_time_based_timetable to 2025-05-21 01:00:00+00:00, run_after=2025-05-21 01:00:00+00:00
[2025-05-24T05:44:49.987+0530] {logging_mixin.py:188} INFO - [2025-05-24T05:44:49.987+0530] {dag.py:3954} INFO - Setting next_dagrun for consume_1_and_2_with_dataset_expressions to None, run_after=None
[2025-05-24T05:44:49.988+0530] {logging_mixin.py:188} INFO - [2025-05-24T05:44:49.988+0530] {dag.py:3954} INFO - Setting next_dagrun for consume_1_or_2_with_dataset_expressions to None, run_after=None
[2025-05-24T05:44:49.988+0530] {logging_mixin.py:188} INFO - [2025-05-24T05:44:49.988+0530] {dag.py:3954} INFO - Setting next_dagrun for consume_1_or_both_2_and_3_with_dataset_expressions to None, run_after=None
[2025-05-24T05:44:49.989+0530] {logging_mixin.py:188} INFO - [2025-05-24T05:44:49.989+0530] {dag.py:3954} INFO - Setting next_dagrun for dataset_consumes_1 to None, run_after=None
[2025-05-24T05:44:49.990+0530] {logging_mixin.py:188} INFO - [2025-05-24T05:44:49.990+0530] {dag.py:3954} INFO - Setting next_dagrun for dataset_consumes_1_and_2 to None, run_after=None
[2025-05-24T05:44:49.991+0530] {logging_mixin.py:188} INFO - [2025-05-24T05:44:49.991+0530] {dag.py:3954} INFO - Setting next_dagrun for dataset_consumes_1_never_scheduled to None, run_after=None
[2025-05-24T05:44:49.991+0530] {logging_mixin.py:188} INFO - [2025-05-24T05:44:49.991+0530] {dag.py:3954} INFO - Setting next_dagrun for dataset_consumes_unknown_never_scheduled to None, run_after=None
[2025-05-24T05:44:49.993+0530] {logging_mixin.py:188} INFO - [2025-05-24T05:44:49.993+0530] {dag.py:3954} INFO - Setting next_dagrun for dataset_produces_1 to 2025-05-23 00:00:00+00:00, run_after=2025-05-24 00:00:00+00:00
[2025-05-24T05:44:49.994+0530] {logging_mixin.py:188} INFO - [2025-05-24T05:44:49.994+0530] {dag.py:3954} INFO - Setting next_dagrun for dataset_produces_2 to None, run_after=None
[2025-05-24T05:44:50.016+0530] {processor.py:183} INFO - Processing /Library/Frameworks/Python.framework/Versions/3.12/lib/python3.12/site-packages/airflow/example_dags/example_datasets.py took 0.286 seconds
