[2025-05-24T05:31:48.474+0530] {processor.py:161} INFO - Started process (PID=20892) to work on /Library/Frameworks/Python.framework/Versions/3.12/lib/python3.12/site-packages/airflow/example_dags/example_task_group_decorator.py
[2025-05-24T05:31:48.475+0530] {processor.py:830} INFO - Processing file /Library/Frameworks/Python.framework/Versions/3.12/lib/python3.12/site-packages/airflow/example_dags/example_task_group_decorator.py for tasks to queue
[2025-05-24T05:31:48.475+0530] {logging_mixin.py:188} INFO - [2025-05-24T05:31:48.475+0530] {dagbag.py:540} INFO - Filling up the DagBag from /Library/Frameworks/Python.framework/Versions/3.12/lib/python3.12/site-packages/airflow/example_dags/example_task_group_decorator.py
[2025-05-24T05:31:48.519+0530] {processor.py:840} INFO - DAG(s) 'example_task_group_decorator' retrieved from /Library/Frameworks/Python.framework/Versions/3.12/lib/python3.12/site-packages/airflow/example_dags/example_task_group_decorator.py
[2025-05-24T05:31:48.686+0530] {logging_mixin.py:188} INFO - [2025-05-24T05:31:48.686+0530] {dag.py:3096} INFO - Sync 1 DAGs
[2025-05-24T05:31:48.703+0530] {logging_mixin.py:188} INFO - [2025-05-24T05:31:48.703+0530] {dag.py:3954} INFO - Setting next_dagrun for example_task_group_decorator to 2025-05-23 00:00:00+00:00, run_after=2025-05-24 00:00:00+00:00
[2025-05-24T05:31:48.720+0530] {processor.py:183} INFO - Processing /Library/Frameworks/Python.framework/Versions/3.12/lib/python3.12/site-packages/airflow/example_dags/example_task_group_decorator.py took 0.250 seconds
[2025-05-24T05:34:08.983+0530] {processor.py:161} INFO - Started process (PID=20971) to work on /Library/Frameworks/Python.framework/Versions/3.12/lib/python3.12/site-packages/airflow/example_dags/example_task_group_decorator.py
[2025-05-24T05:34:08.986+0530] {processor.py:830} INFO - Processing file /Library/Frameworks/Python.framework/Versions/3.12/lib/python3.12/site-packages/airflow/example_dags/example_task_group_decorator.py for tasks to queue
[2025-05-24T05:34:08.988+0530] {logging_mixin.py:188} INFO - [2025-05-24T05:34:08.987+0530] {dagbag.py:540} INFO - Filling up the DagBag from /Library/Frameworks/Python.framework/Versions/3.12/lib/python3.12/site-packages/airflow/example_dags/example_task_group_decorator.py
[2025-05-24T05:34:09.052+0530] {processor.py:840} INFO - DAG(s) 'example_task_group_decorator' retrieved from /Library/Frameworks/Python.framework/Versions/3.12/lib/python3.12/site-packages/airflow/example_dags/example_task_group_decorator.py
[2025-05-24T05:34:09.230+0530] {logging_mixin.py:188} INFO - [2025-05-24T05:34:09.230+0530] {dag.py:3096} INFO - Sync 1 DAGs
[2025-05-24T05:34:09.246+0530] {logging_mixin.py:188} INFO - [2025-05-24T05:34:09.246+0530] {dag.py:3954} INFO - Setting next_dagrun for example_task_group_decorator to 2025-05-23 00:00:00+00:00, run_after=2025-05-24 00:00:00+00:00
[2025-05-24T05:34:09.261+0530] {processor.py:183} INFO - Processing /Library/Frameworks/Python.framework/Versions/3.12/lib/python3.12/site-packages/airflow/example_dags/example_task_group_decorator.py took 0.283 seconds
[2025-05-24T05:36:32.384+0530] {processor.py:161} INFO - Started process (PID=21160) to work on /Library/Frameworks/Python.framework/Versions/3.12/lib/python3.12/site-packages/airflow/example_dags/example_task_group_decorator.py
[2025-05-24T05:36:32.386+0530] {processor.py:830} INFO - Processing file /Library/Frameworks/Python.framework/Versions/3.12/lib/python3.12/site-packages/airflow/example_dags/example_task_group_decorator.py for tasks to queue
[2025-05-24T05:36:32.387+0530] {logging_mixin.py:188} INFO - [2025-05-24T05:36:32.387+0530] {dagbag.py:540} INFO - Filling up the DagBag from /Library/Frameworks/Python.framework/Versions/3.12/lib/python3.12/site-packages/airflow/example_dags/example_task_group_decorator.py
[2025-05-24T05:36:32.430+0530] {processor.py:840} INFO - DAG(s) 'example_task_group_decorator' retrieved from /Library/Frameworks/Python.framework/Versions/3.12/lib/python3.12/site-packages/airflow/example_dags/example_task_group_decorator.py
[2025-05-24T05:36:32.591+0530] {logging_mixin.py:188} INFO - [2025-05-24T05:36:32.591+0530] {dag.py:3096} INFO - Sync 1 DAGs
[2025-05-24T05:36:32.607+0530] {logging_mixin.py:188} INFO - [2025-05-24T05:36:32.607+0530] {dag.py:3954} INFO - Setting next_dagrun for example_task_group_decorator to 2025-05-23 00:00:00+00:00, run_after=2025-05-24 00:00:00+00:00
[2025-05-24T05:36:32.622+0530] {processor.py:183} INFO - Processing /Library/Frameworks/Python.framework/Versions/3.12/lib/python3.12/site-packages/airflow/example_dags/example_task_group_decorator.py took 0.242 seconds
[2025-05-24T05:38:49.993+0530] {processor.py:161} INFO - Started process (PID=21257) to work on /Library/Frameworks/Python.framework/Versions/3.12/lib/python3.12/site-packages/airflow/example_dags/example_task_group_decorator.py
[2025-05-24T05:38:49.995+0530] {processor.py:830} INFO - Processing file /Library/Frameworks/Python.framework/Versions/3.12/lib/python3.12/site-packages/airflow/example_dags/example_task_group_decorator.py for tasks to queue
[2025-05-24T05:38:49.995+0530] {logging_mixin.py:188} INFO - [2025-05-24T05:38:49.995+0530] {dagbag.py:540} INFO - Filling up the DagBag from /Library/Frameworks/Python.framework/Versions/3.12/lib/python3.12/site-packages/airflow/example_dags/example_task_group_decorator.py
[2025-05-24T05:38:50.039+0530] {processor.py:840} INFO - DAG(s) 'example_task_group_decorator' retrieved from /Library/Frameworks/Python.framework/Versions/3.12/lib/python3.12/site-packages/airflow/example_dags/example_task_group_decorator.py
[2025-05-24T05:38:50.210+0530] {logging_mixin.py:188} INFO - [2025-05-24T05:38:50.210+0530] {dag.py:3096} INFO - Sync 1 DAGs
[2025-05-24T05:38:50.227+0530] {logging_mixin.py:188} INFO - [2025-05-24T05:38:50.227+0530] {dag.py:3954} INFO - Setting next_dagrun for example_task_group_decorator to 2025-05-23 00:00:00+00:00, run_after=2025-05-24 00:00:00+00:00
[2025-05-24T05:38:50.242+0530] {processor.py:183} INFO - Processing /Library/Frameworks/Python.framework/Versions/3.12/lib/python3.12/site-packages/airflow/example_dags/example_task_group_decorator.py took 0.252 seconds
[2025-05-24T05:41:14.498+0530] {processor.py:161} INFO - Started process (PID=21443) to work on /Library/Frameworks/Python.framework/Versions/3.12/lib/python3.12/site-packages/airflow/example_dags/example_task_group_decorator.py
[2025-05-24T05:41:14.500+0530] {processor.py:830} INFO - Processing file /Library/Frameworks/Python.framework/Versions/3.12/lib/python3.12/site-packages/airflow/example_dags/example_task_group_decorator.py for tasks to queue
[2025-05-24T05:41:14.501+0530] {logging_mixin.py:188} INFO - [2025-05-24T05:41:14.501+0530] {dagbag.py:540} INFO - Filling up the DagBag from /Library/Frameworks/Python.framework/Versions/3.12/lib/python3.12/site-packages/airflow/example_dags/example_task_group_decorator.py
[2025-05-24T05:41:14.546+0530] {processor.py:840} INFO - DAG(s) 'example_task_group_decorator' retrieved from /Library/Frameworks/Python.framework/Versions/3.12/lib/python3.12/site-packages/airflow/example_dags/example_task_group_decorator.py
[2025-05-24T05:41:14.700+0530] {logging_mixin.py:188} INFO - [2025-05-24T05:41:14.699+0530] {dag.py:3096} INFO - Sync 1 DAGs
[2025-05-24T05:41:14.714+0530] {logging_mixin.py:188} INFO - [2025-05-24T05:41:14.714+0530] {dag.py:3954} INFO - Setting next_dagrun for example_task_group_decorator to 2025-05-23 00:00:00+00:00, run_after=2025-05-24 00:00:00+00:00
[2025-05-24T05:41:14.732+0530] {processor.py:183} INFO - Processing /Library/Frameworks/Python.framework/Versions/3.12/lib/python3.12/site-packages/airflow/example_dags/example_task_group_decorator.py took 0.237 seconds
[2025-05-24T05:43:36.430+0530] {processor.py:161} INFO - Started process (PID=21906) to work on /Library/Frameworks/Python.framework/Versions/3.12/lib/python3.12/site-packages/airflow/example_dags/example_task_group_decorator.py
[2025-05-24T05:43:36.431+0530] {processor.py:830} INFO - Processing file /Library/Frameworks/Python.framework/Versions/3.12/lib/python3.12/site-packages/airflow/example_dags/example_task_group_decorator.py for tasks to queue
[2025-05-24T05:43:36.432+0530] {logging_mixin.py:188} INFO - [2025-05-24T05:43:36.431+0530] {dagbag.py:540} INFO - Filling up the DagBag from /Library/Frameworks/Python.framework/Versions/3.12/lib/python3.12/site-packages/airflow/example_dags/example_task_group_decorator.py
[2025-05-24T05:43:36.474+0530] {processor.py:840} INFO - DAG(s) 'example_task_group_decorator' retrieved from /Library/Frameworks/Python.framework/Versions/3.12/lib/python3.12/site-packages/airflow/example_dags/example_task_group_decorator.py
[2025-05-24T05:43:36.635+0530] {logging_mixin.py:188} INFO - [2025-05-24T05:43:36.635+0530] {dag.py:3096} INFO - Sync 1 DAGs
[2025-05-24T05:43:36.649+0530] {logging_mixin.py:188} INFO - [2025-05-24T05:43:36.649+0530] {dag.py:3954} INFO - Setting next_dagrun for example_task_group_decorator to 2025-05-23 00:00:00+00:00, run_after=2025-05-24 00:00:00+00:00
[2025-05-24T05:43:36.664+0530] {processor.py:183} INFO - Processing /Library/Frameworks/Python.framework/Versions/3.12/lib/python3.12/site-packages/airflow/example_dags/example_task_group_decorator.py took 0.237 seconds
[2025-05-24T05:46:03.812+0530] {processor.py:161} INFO - Started process (PID=22091) to work on /Library/Frameworks/Python.framework/Versions/3.12/lib/python3.12/site-packages/airflow/example_dags/example_task_group_decorator.py
[2025-05-24T05:46:03.814+0530] {processor.py:830} INFO - Processing file /Library/Frameworks/Python.framework/Versions/3.12/lib/python3.12/site-packages/airflow/example_dags/example_task_group_decorator.py for tasks to queue
[2025-05-24T05:46:03.816+0530] {logging_mixin.py:188} INFO - [2025-05-24T05:46:03.815+0530] {dagbag.py:540} INFO - Filling up the DagBag from /Library/Frameworks/Python.framework/Versions/3.12/lib/python3.12/site-packages/airflow/example_dags/example_task_group_decorator.py
[2025-05-24T05:46:03.925+0530] {processor.py:840} INFO - DAG(s) 'example_task_group_decorator' retrieved from /Library/Frameworks/Python.framework/Versions/3.12/lib/python3.12/site-packages/airflow/example_dags/example_task_group_decorator.py
[2025-05-24T05:46:04.111+0530] {logging_mixin.py:188} INFO - [2025-05-24T05:46:04.110+0530] {dag.py:3096} INFO - Sync 1 DAGs
[2025-05-24T05:46:04.127+0530] {logging_mixin.py:188} INFO - [2025-05-24T05:46:04.126+0530] {dag.py:3954} INFO - Setting next_dagrun for example_task_group_decorator to 2025-05-23 00:00:00+00:00, run_after=2025-05-24 00:00:00+00:00
[2025-05-24T05:46:04.142+0530] {processor.py:183} INFO - Processing /Library/Frameworks/Python.framework/Versions/3.12/lib/python3.12/site-packages/airflow/example_dags/example_task_group_decorator.py took 0.335 seconds
