[2025-05-24T05:32:16.728+0530] {processor.py:161} INFO - Started process (PID=20907) to work on /Library/Frameworks/Python.framework/Versions/3.12/lib/python3.12/site-packages/airflow/example_dags/example_sensor_decorator.py
[2025-05-24T05:32:16.729+0530] {processor.py:830} INFO - Processing file /Library/Frameworks/Python.framework/Versions/3.12/lib/python3.12/site-packages/airflow/example_dags/example_sensor_decorator.py for tasks to queue
[2025-05-24T05:32:16.730+0530] {logging_mixin.py:188} INFO - [2025-05-24T05:32:16.730+0530] {dagbag.py:540} INFO - Filling up the DagBag from /Library/Frameworks/Python.framework/Versions/3.12/lib/python3.12/site-packages/airflow/example_dags/example_sensor_decorator.py
[2025-05-24T05:32:16.767+0530] {processor.py:840} INFO - DAG(s) 'example_sensor_decorator' retrieved from /Library/Frameworks/Python.framework/Versions/3.12/lib/python3.12/site-packages/airflow/example_dags/example_sensor_decorator.py
[2025-05-24T05:32:16.947+0530] {logging_mixin.py:188} INFO - [2025-05-24T05:32:16.947+0530] {dag.py:3096} INFO - Sync 1 DAGs
[2025-05-24T05:32:16.955+0530] {logging_mixin.py:188} INFO - [2025-05-24T05:32:16.955+0530] {dag.py:3954} INFO - Setting next_dagrun for example_sensor_decorator to None, run_after=None
[2025-05-24T05:32:16.971+0530] {processor.py:183} INFO - Processing /Library/Frameworks/Python.framework/Versions/3.12/lib/python3.12/site-packages/airflow/example_dags/example_sensor_decorator.py took 0.246 seconds
[2025-05-24T05:34:38.558+0530] {processor.py:161} INFO - Started process (PID=21007) to work on /Library/Frameworks/Python.framework/Versions/3.12/lib/python3.12/site-packages/airflow/example_dags/example_sensor_decorator.py
[2025-05-24T05:34:38.560+0530] {processor.py:830} INFO - Processing file /Library/Frameworks/Python.framework/Versions/3.12/lib/python3.12/site-packages/airflow/example_dags/example_sensor_decorator.py for tasks to queue
[2025-05-24T05:34:38.562+0530] {logging_mixin.py:188} INFO - [2025-05-24T05:34:38.561+0530] {dagbag.py:540} INFO - Filling up the DagBag from /Library/Frameworks/Python.framework/Versions/3.12/lib/python3.12/site-packages/airflow/example_dags/example_sensor_decorator.py
[2025-05-24T05:34:38.598+0530] {processor.py:840} INFO - DAG(s) 'example_sensor_decorator' retrieved from /Library/Frameworks/Python.framework/Versions/3.12/lib/python3.12/site-packages/airflow/example_dags/example_sensor_decorator.py
[2025-05-24T05:34:38.764+0530] {logging_mixin.py:188} INFO - [2025-05-24T05:34:38.764+0530] {dag.py:3096} INFO - Sync 1 DAGs
[2025-05-24T05:34:38.772+0530] {logging_mixin.py:188} INFO - [2025-05-24T05:34:38.772+0530] {dag.py:3954} INFO - Setting next_dagrun for example_sensor_decorator to None, run_after=None
[2025-05-24T05:34:38.788+0530] {processor.py:183} INFO - Processing /Library/Frameworks/Python.framework/Versions/3.12/lib/python3.12/site-packages/airflow/example_dags/example_sensor_decorator.py took 0.234 seconds
[2025-05-24T05:36:56.953+0530] {processor.py:161} INFO - Started process (PID=21173) to work on /Library/Frameworks/Python.framework/Versions/3.12/lib/python3.12/site-packages/airflow/example_dags/example_sensor_decorator.py
[2025-05-24T05:36:56.955+0530] {processor.py:830} INFO - Processing file /Library/Frameworks/Python.framework/Versions/3.12/lib/python3.12/site-packages/airflow/example_dags/example_sensor_decorator.py for tasks to queue
[2025-05-24T05:36:56.956+0530] {logging_mixin.py:188} INFO - [2025-05-24T05:36:56.955+0530] {dagbag.py:540} INFO - Filling up the DagBag from /Library/Frameworks/Python.framework/Versions/3.12/lib/python3.12/site-packages/airflow/example_dags/example_sensor_decorator.py
[2025-05-24T05:36:56.992+0530] {processor.py:840} INFO - DAG(s) 'example_sensor_decorator' retrieved from /Library/Frameworks/Python.framework/Versions/3.12/lib/python3.12/site-packages/airflow/example_dags/example_sensor_decorator.py
[2025-05-24T05:36:57.169+0530] {logging_mixin.py:188} INFO - [2025-05-24T05:36:57.168+0530] {dag.py:3096} INFO - Sync 1 DAGs
[2025-05-24T05:36:57.178+0530] {logging_mixin.py:188} INFO - [2025-05-24T05:36:57.178+0530] {dag.py:3954} INFO - Setting next_dagrun for example_sensor_decorator to None, run_after=None
[2025-05-24T05:36:57.194+0530] {processor.py:183} INFO - Processing /Library/Frameworks/Python.framework/Versions/3.12/lib/python3.12/site-packages/airflow/example_dags/example_sensor_decorator.py took 0.245 seconds
[2025-05-24T05:39:20.027+0530] {processor.py:161} INFO - Started process (PID=21301) to work on /Library/Frameworks/Python.framework/Versions/3.12/lib/python3.12/site-packages/airflow/example_dags/example_sensor_decorator.py
[2025-05-24T05:39:20.029+0530] {processor.py:830} INFO - Processing file /Library/Frameworks/Python.framework/Versions/3.12/lib/python3.12/site-packages/airflow/example_dags/example_sensor_decorator.py for tasks to queue
[2025-05-24T05:39:20.029+0530] {logging_mixin.py:188} INFO - [2025-05-24T05:39:20.029+0530] {dagbag.py:540} INFO - Filling up the DagBag from /Library/Frameworks/Python.framework/Versions/3.12/lib/python3.12/site-packages/airflow/example_dags/example_sensor_decorator.py
[2025-05-24T05:39:20.065+0530] {processor.py:840} INFO - DAG(s) 'example_sensor_decorator' retrieved from /Library/Frameworks/Python.framework/Versions/3.12/lib/python3.12/site-packages/airflow/example_dags/example_sensor_decorator.py
[2025-05-24T05:39:20.236+0530] {logging_mixin.py:188} INFO - [2025-05-24T05:39:20.236+0530] {dag.py:3096} INFO - Sync 1 DAGs
[2025-05-24T05:39:20.244+0530] {logging_mixin.py:188} INFO - [2025-05-24T05:39:20.244+0530] {dag.py:3954} INFO - Setting next_dagrun for example_sensor_decorator to None, run_after=None
[2025-05-24T05:39:20.259+0530] {processor.py:183} INFO - Processing /Library/Frameworks/Python.framework/Versions/3.12/lib/python3.12/site-packages/airflow/example_dags/example_sensor_decorator.py took 0.236 seconds
[2025-05-24T05:41:44.163+0530] {processor.py:161} INFO - Started process (PID=21480) to work on /Library/Frameworks/Python.framework/Versions/3.12/lib/python3.12/site-packages/airflow/example_dags/example_sensor_decorator.py
[2025-05-24T05:41:44.165+0530] {processor.py:830} INFO - Processing file /Library/Frameworks/Python.framework/Versions/3.12/lib/python3.12/site-packages/airflow/example_dags/example_sensor_decorator.py for tasks to queue
[2025-05-24T05:41:44.166+0530] {logging_mixin.py:188} INFO - [2025-05-24T05:41:44.165+0530] {dagbag.py:540} INFO - Filling up the DagBag from /Library/Frameworks/Python.framework/Versions/3.12/lib/python3.12/site-packages/airflow/example_dags/example_sensor_decorator.py
[2025-05-24T05:41:44.202+0530] {processor.py:840} INFO - DAG(s) 'example_sensor_decorator' retrieved from /Library/Frameworks/Python.framework/Versions/3.12/lib/python3.12/site-packages/airflow/example_dags/example_sensor_decorator.py
[2025-05-24T05:41:44.380+0530] {logging_mixin.py:188} INFO - [2025-05-24T05:41:44.379+0530] {dag.py:3096} INFO - Sync 1 DAGs
[2025-05-24T05:41:44.388+0530] {logging_mixin.py:188} INFO - [2025-05-24T05:41:44.388+0530] {dag.py:3954} INFO - Setting next_dagrun for example_sensor_decorator to None, run_after=None
[2025-05-24T05:41:44.403+0530] {processor.py:183} INFO - Processing /Library/Frameworks/Python.framework/Versions/3.12/lib/python3.12/site-packages/airflow/example_dags/example_sensor_decorator.py took 0.243 seconds
[2025-05-24T05:44:05.626+0530] {processor.py:161} INFO - Started process (PID=21944) to work on /Library/Frameworks/Python.framework/Versions/3.12/lib/python3.12/site-packages/airflow/example_dags/example_sensor_decorator.py
[2025-05-24T05:44:05.627+0530] {processor.py:830} INFO - Processing file /Library/Frameworks/Python.framework/Versions/3.12/lib/python3.12/site-packages/airflow/example_dags/example_sensor_decorator.py for tasks to queue
[2025-05-24T05:44:05.628+0530] {logging_mixin.py:188} INFO - [2025-05-24T05:44:05.627+0530] {dagbag.py:540} INFO - Filling up the DagBag from /Library/Frameworks/Python.framework/Versions/3.12/lib/python3.12/site-packages/airflow/example_dags/example_sensor_decorator.py
[2025-05-24T05:44:05.664+0530] {processor.py:840} INFO - DAG(s) 'example_sensor_decorator' retrieved from /Library/Frameworks/Python.framework/Versions/3.12/lib/python3.12/site-packages/airflow/example_dags/example_sensor_decorator.py
[2025-05-24T05:44:05.840+0530] {logging_mixin.py:188} INFO - [2025-05-24T05:44:05.839+0530] {dag.py:3096} INFO - Sync 1 DAGs
[2025-05-24T05:44:05.848+0530] {logging_mixin.py:188} INFO - [2025-05-24T05:44:05.848+0530] {dag.py:3954} INFO - Setting next_dagrun for example_sensor_decorator to None, run_after=None
[2025-05-24T05:44:05.864+0530] {processor.py:183} INFO - Processing /Library/Frameworks/Python.framework/Versions/3.12/lib/python3.12/site-packages/airflow/example_dags/example_sensor_decorator.py took 0.242 seconds
