[2025-05-24T05:30:52.134+0530] {processor.py:161} INFO - Started process (PID=20840) to work on /Library/Frameworks/Python.framework/Versions/3.12/lib/python3.12/site-packages/airflow/example_dags/example_branch_day_of_week_operator.py
[2025-05-24T05:30:52.135+0530] {processor.py:830} INFO - Processing file /Library/Frameworks/Python.framework/Versions/3.12/lib/python3.12/site-packages/airflow/example_dags/example_branch_day_of_week_operator.py for tasks to queue
[2025-05-24T05:30:52.135+0530] {logging_mixin.py:188} INFO - [2025-05-24T05:30:52.135+0530] {dagbag.py:540} INFO - Filling up the DagBag from /Library/Frameworks/Python.framework/Versions/3.12/lib/python3.12/site-packages/airflow/example_dags/example_branch_day_of_week_operator.py
[2025-05-24T05:30:52.145+0530] {processor.py:840} INFO - DAG(s) 'example_weekday_branch_operator' retrieved from /Library/Frameworks/Python.framework/Versions/3.12/lib/python3.12/site-packages/airflow/example_dags/example_branch_day_of_week_operator.py
[2025-05-24T05:30:52.383+0530] {logging_mixin.py:188} INFO - [2025-05-24T05:30:52.383+0530] {dag.py:3096} INFO - Sync 1 DAGs
[2025-05-24T05:30:52.398+0530] {logging_mixin.py:188} INFO - [2025-05-24T05:30:52.397+0530] {dag.py:3954} INFO - Setting next_dagrun for example_weekday_branch_operator to 2025-05-23 00:00:00+00:00, run_after=2025-05-24 00:00:00+00:00
[2025-05-24T05:30:52.417+0530] {processor.py:183} INFO - Processing /Library/Frameworks/Python.framework/Versions/3.12/lib/python3.12/site-packages/airflow/example_dags/example_branch_day_of_week_operator.py took 0.286 seconds
[2025-05-24T05:33:17.961+0530] {processor.py:161} INFO - Started process (PID=20935) to work on /Library/Frameworks/Python.framework/Versions/3.12/lib/python3.12/site-packages/airflow/example_dags/example_branch_day_of_week_operator.py
[2025-05-24T05:33:17.964+0530] {processor.py:830} INFO - Processing file /Library/Frameworks/Python.framework/Versions/3.12/lib/python3.12/site-packages/airflow/example_dags/example_branch_day_of_week_operator.py for tasks to queue
[2025-05-24T05:33:17.965+0530] {logging_mixin.py:188} INFO - [2025-05-24T05:33:17.964+0530] {dagbag.py:540} INFO - Filling up the DagBag from /Library/Frameworks/Python.framework/Versions/3.12/lib/python3.12/site-packages/airflow/example_dags/example_branch_day_of_week_operator.py
[2025-05-24T05:33:17.976+0530] {processor.py:840} INFO - DAG(s) 'example_weekday_branch_operator' retrieved from /Library/Frameworks/Python.framework/Versions/3.12/lib/python3.12/site-packages/airflow/example_dags/example_branch_day_of_week_operator.py
[2025-05-24T05:33:18.119+0530] {logging_mixin.py:188} INFO - [2025-05-24T05:33:18.118+0530] {dag.py:3096} INFO - Sync 1 DAGs
[2025-05-24T05:33:18.137+0530] {logging_mixin.py:188} INFO - [2025-05-24T05:33:18.136+0530] {dag.py:3954} INFO - Setting next_dagrun for example_weekday_branch_operator to 2025-05-23 00:00:00+00:00, run_after=2025-05-24 00:00:00+00:00
[2025-05-24T05:33:18.154+0530] {processor.py:183} INFO - Processing /Library/Frameworks/Python.framework/Versions/3.12/lib/python3.12/site-packages/airflow/example_dags/example_branch_day_of_week_operator.py took 0.198 seconds
[2025-05-24T05:38:01.628+0530] {processor.py:161} INFO - Started process (PID=21222) to work on /Library/Frameworks/Python.framework/Versions/3.12/lib/python3.12/site-packages/airflow/example_dags/example_branch_day_of_week_operator.py
[2025-05-24T05:38:01.630+0530] {processor.py:830} INFO - Processing file /Library/Frameworks/Python.framework/Versions/3.12/lib/python3.12/site-packages/airflow/example_dags/example_branch_day_of_week_operator.py for tasks to queue
[2025-05-24T05:38:01.631+0530] {logging_mixin.py:188} INFO - [2025-05-24T05:38:01.631+0530] {dagbag.py:540} INFO - Filling up the DagBag from /Library/Frameworks/Python.framework/Versions/3.12/lib/python3.12/site-packages/airflow/example_dags/example_branch_day_of_week_operator.py
[2025-05-24T05:38:01.642+0530] {processor.py:840} INFO - DAG(s) 'example_weekday_branch_operator' retrieved from /Library/Frameworks/Python.framework/Versions/3.12/lib/python3.12/site-packages/airflow/example_dags/example_branch_day_of_week_operator.py
[2025-05-24T05:38:01.786+0530] {logging_mixin.py:188} INFO - [2025-05-24T05:38:01.786+0530] {dag.py:3096} INFO - Sync 1 DAGs
[2025-05-24T05:38:01.805+0530] {logging_mixin.py:188} INFO - [2025-05-24T05:38:01.805+0530] {dag.py:3954} INFO - Setting next_dagrun for example_weekday_branch_operator to 2025-05-23 00:00:00+00:00, run_after=2025-05-24 00:00:00+00:00
[2025-05-24T05:38:01.823+0530] {processor.py:183} INFO - Processing /Library/Frameworks/Python.framework/Versions/3.12/lib/python3.12/site-packages/airflow/example_dags/example_branch_day_of_week_operator.py took 0.199 seconds
[2025-05-24T05:42:44.556+0530] {processor.py:161} INFO - Started process (PID=21554) to work on /Library/Frameworks/Python.framework/Versions/3.12/lib/python3.12/site-packages/airflow/example_dags/example_branch_day_of_week_operator.py
[2025-05-24T05:42:44.558+0530] {processor.py:830} INFO - Processing file /Library/Frameworks/Python.framework/Versions/3.12/lib/python3.12/site-packages/airflow/example_dags/example_branch_day_of_week_operator.py for tasks to queue
[2025-05-24T05:42:44.558+0530] {logging_mixin.py:188} INFO - [2025-05-24T05:42:44.558+0530] {dagbag.py:540} INFO - Filling up the DagBag from /Library/Frameworks/Python.framework/Versions/3.12/lib/python3.12/site-packages/airflow/example_dags/example_branch_day_of_week_operator.py
[2025-05-24T05:42:44.570+0530] {processor.py:840} INFO - DAG(s) 'example_weekday_branch_operator' retrieved from /Library/Frameworks/Python.framework/Versions/3.12/lib/python3.12/site-packages/airflow/example_dags/example_branch_day_of_week_operator.py
[2025-05-24T05:42:44.716+0530] {logging_mixin.py:188} INFO - [2025-05-24T05:42:44.715+0530] {dag.py:3096} INFO - Sync 1 DAGs
[2025-05-24T05:42:44.735+0530] {logging_mixin.py:188} INFO - [2025-05-24T05:42:44.735+0530] {dag.py:3954} INFO - Setting next_dagrun for example_weekday_branch_operator to 2025-05-23 00:00:00+00:00, run_after=2025-05-24 00:00:00+00:00
[2025-05-24T05:42:44.753+0530] {processor.py:183} INFO - Processing /Library/Frameworks/Python.framework/Versions/3.12/lib/python3.12/site-packages/airflow/example_dags/example_branch_day_of_week_operator.py took 0.201 seconds
