[2025-05-24T05:31:37.128+0530] {processor.py:161} INFO - Started process (PID=20888) to work on /Library/Frameworks/Python.framework/Versions/3.12/lib/python3.12/site-packages/airflow/example_dags/example_xcom.py
[2025-05-24T05:31:37.129+0530] {processor.py:830} INFO - Processing file /Library/Frameworks/Python.framework/Versions/3.12/lib/python3.12/site-packages/airflow/example_dags/example_xcom.py for tasks to queue
[2025-05-24T05:31:37.129+0530] {logging_mixin.py:188} INFO - [2025-05-24T05:31:37.129+0530] {dagbag.py:540} INFO - Filling up the DagBag from /Library/Frameworks/Python.framework/Versions/3.12/lib/python3.12/site-packages/airflow/example_dags/example_xcom.py
[2025-05-24T05:31:37.166+0530] {processor.py:840} INFO - DAG(s) 'example_xcom' retrieved from /Library/Frameworks/Python.framework/Versions/3.12/lib/python3.12/site-packages/airflow/example_dags/example_xcom.py
[2025-05-24T05:31:37.315+0530] {logging_mixin.py:188} INFO - [2025-05-24T05:31:37.314+0530] {dag.py:3096} INFO - Sync 1 DAGs
[2025-05-24T05:31:37.330+0530] {logging_mixin.py:188} INFO - [2025-05-24T05:31:37.330+0530] {dag.py:3954} INFO - Setting next_dagrun for example_xcom to 2021-01-01 00:00:00+00:00, run_after=2021-01-01 00:00:00+00:00
[2025-05-24T05:31:37.345+0530] {processor.py:183} INFO - Processing /Library/Frameworks/Python.framework/Versions/3.12/lib/python3.12/site-packages/airflow/example_dags/example_xcom.py took 0.220 seconds
[2025-05-24T05:33:57.609+0530] {processor.py:161} INFO - Started process (PID=20954) to work on /Library/Frameworks/Python.framework/Versions/3.12/lib/python3.12/site-packages/airflow/example_dags/example_xcom.py
[2025-05-24T05:33:57.610+0530] {processor.py:830} INFO - Processing file /Library/Frameworks/Python.framework/Versions/3.12/lib/python3.12/site-packages/airflow/example_dags/example_xcom.py for tasks to queue
[2025-05-24T05:33:57.611+0530] {logging_mixin.py:188} INFO - [2025-05-24T05:33:57.611+0530] {dagbag.py:540} INFO - Filling up the DagBag from /Library/Frameworks/Python.framework/Versions/3.12/lib/python3.12/site-packages/airflow/example_dags/example_xcom.py
[2025-05-24T05:33:57.649+0530] {processor.py:840} INFO - DAG(s) 'example_xcom' retrieved from /Library/Frameworks/Python.framework/Versions/3.12/lib/python3.12/site-packages/airflow/example_dags/example_xcom.py
[2025-05-24T05:33:57.802+0530] {logging_mixin.py:188} INFO - [2025-05-24T05:33:57.802+0530] {dag.py:3096} INFO - Sync 1 DAGs
[2025-05-24T05:33:57.819+0530] {logging_mixin.py:188} INFO - [2025-05-24T05:33:57.819+0530] {dag.py:3954} INFO - Setting next_dagrun for example_xcom to 2021-01-01 00:00:00+00:00, run_after=2021-01-01 00:00:00+00:00
[2025-05-24T05:33:57.835+0530] {processor.py:183} INFO - Processing /Library/Frameworks/Python.framework/Versions/3.12/lib/python3.12/site-packages/airflow/example_dags/example_xcom.py took 0.229 seconds
[2025-05-24T05:36:19.864+0530] {processor.py:161} INFO - Started process (PID=21133) to work on /Library/Frameworks/Python.framework/Versions/3.12/lib/python3.12/site-packages/airflow/example_dags/example_xcom.py
[2025-05-24T05:36:19.867+0530] {processor.py:830} INFO - Processing file /Library/Frameworks/Python.framework/Versions/3.12/lib/python3.12/site-packages/airflow/example_dags/example_xcom.py for tasks to queue
[2025-05-24T05:36:19.868+0530] {logging_mixin.py:188} INFO - [2025-05-24T05:36:19.867+0530] {dagbag.py:540} INFO - Filling up the DagBag from /Library/Frameworks/Python.framework/Versions/3.12/lib/python3.12/site-packages/airflow/example_dags/example_xcom.py
[2025-05-24T05:36:19.905+0530] {processor.py:840} INFO - DAG(s) 'example_xcom' retrieved from /Library/Frameworks/Python.framework/Versions/3.12/lib/python3.12/site-packages/airflow/example_dags/example_xcom.py
[2025-05-24T05:36:20.050+0530] {logging_mixin.py:188} INFO - [2025-05-24T05:36:20.050+0530] {dag.py:3096} INFO - Sync 1 DAGs
[2025-05-24T05:36:20.065+0530] {logging_mixin.py:188} INFO - [2025-05-24T05:36:20.064+0530] {dag.py:3954} INFO - Setting next_dagrun for example_xcom to 2021-01-01 00:00:00+00:00, run_after=2021-01-01 00:00:00+00:00
[2025-05-24T05:36:20.081+0530] {processor.py:183} INFO - Processing /Library/Frameworks/Python.framework/Versions/3.12/lib/python3.12/site-packages/airflow/example_dags/example_xcom.py took 0.221 seconds
[2025-05-24T05:38:38.754+0530] {processor.py:161} INFO - Started process (PID=21241) to work on /Library/Frameworks/Python.framework/Versions/3.12/lib/python3.12/site-packages/airflow/example_dags/example_xcom.py
[2025-05-24T05:38:38.755+0530] {processor.py:830} INFO - Processing file /Library/Frameworks/Python.framework/Versions/3.12/lib/python3.12/site-packages/airflow/example_dags/example_xcom.py for tasks to queue
[2025-05-24T05:38:38.756+0530] {logging_mixin.py:188} INFO - [2025-05-24T05:38:38.756+0530] {dagbag.py:540} INFO - Filling up the DagBag from /Library/Frameworks/Python.framework/Versions/3.12/lib/python3.12/site-packages/airflow/example_dags/example_xcom.py
[2025-05-24T05:38:38.793+0530] {processor.py:840} INFO - DAG(s) 'example_xcom' retrieved from /Library/Frameworks/Python.framework/Versions/3.12/lib/python3.12/site-packages/airflow/example_dags/example_xcom.py
[2025-05-24T05:38:38.941+0530] {logging_mixin.py:188} INFO - [2025-05-24T05:38:38.940+0530] {dag.py:3096} INFO - Sync 1 DAGs
[2025-05-24T05:38:38.957+0530] {logging_mixin.py:188} INFO - [2025-05-24T05:38:38.956+0530] {dag.py:3954} INFO - Setting next_dagrun for example_xcom to 2021-01-01 00:00:00+00:00, run_after=2021-01-01 00:00:00+00:00
[2025-05-24T05:38:38.971+0530] {processor.py:183} INFO - Processing /Library/Frameworks/Python.framework/Versions/3.12/lib/python3.12/site-packages/airflow/example_dags/example_xcom.py took 0.221 seconds
[2025-05-24T05:41:03.290+0530] {processor.py:161} INFO - Started process (PID=21437) to work on /Library/Frameworks/Python.framework/Versions/3.12/lib/python3.12/site-packages/airflow/example_dags/example_xcom.py
[2025-05-24T05:41:03.292+0530] {processor.py:830} INFO - Processing file /Library/Frameworks/Python.framework/Versions/3.12/lib/python3.12/site-packages/airflow/example_dags/example_xcom.py for tasks to queue
[2025-05-24T05:41:03.293+0530] {logging_mixin.py:188} INFO - [2025-05-24T05:41:03.293+0530] {dagbag.py:540} INFO - Filling up the DagBag from /Library/Frameworks/Python.framework/Versions/3.12/lib/python3.12/site-packages/airflow/example_dags/example_xcom.py
[2025-05-24T05:41:03.332+0530] {processor.py:840} INFO - DAG(s) 'example_xcom' retrieved from /Library/Frameworks/Python.framework/Versions/3.12/lib/python3.12/site-packages/airflow/example_dags/example_xcom.py
[2025-05-24T05:41:03.485+0530] {logging_mixin.py:188} INFO - [2025-05-24T05:41:03.485+0530] {dag.py:3096} INFO - Sync 1 DAGs
[2025-05-24T05:41:03.500+0530] {logging_mixin.py:188} INFO - [2025-05-24T05:41:03.500+0530] {dag.py:3954} INFO - Setting next_dagrun for example_xcom to 2021-01-01 00:00:00+00:00, run_after=2021-01-01 00:00:00+00:00
[2025-05-24T05:41:03.515+0530] {processor.py:183} INFO - Processing /Library/Frameworks/Python.framework/Versions/3.12/lib/python3.12/site-packages/airflow/example_dags/example_xcom.py took 0.229 seconds
[2025-05-24T05:43:25.490+0530] {processor.py:161} INFO - Started process (PID=21660) to work on /Library/Frameworks/Python.framework/Versions/3.12/lib/python3.12/site-packages/airflow/example_dags/example_xcom.py
[2025-05-24T05:43:25.492+0530] {processor.py:830} INFO - Processing file /Library/Frameworks/Python.framework/Versions/3.12/lib/python3.12/site-packages/airflow/example_dags/example_xcom.py for tasks to queue
[2025-05-24T05:43:25.493+0530] {logging_mixin.py:188} INFO - [2025-05-24T05:43:25.493+0530] {dagbag.py:540} INFO - Filling up the DagBag from /Library/Frameworks/Python.framework/Versions/3.12/lib/python3.12/site-packages/airflow/example_dags/example_xcom.py
[2025-05-24T05:43:25.528+0530] {processor.py:840} INFO - DAG(s) 'example_xcom' retrieved from /Library/Frameworks/Python.framework/Versions/3.12/lib/python3.12/site-packages/airflow/example_dags/example_xcom.py
[2025-05-24T05:43:25.681+0530] {logging_mixin.py:188} INFO - [2025-05-24T05:43:25.681+0530] {dag.py:3096} INFO - Sync 1 DAGs
[2025-05-24T05:43:25.696+0530] {logging_mixin.py:188} INFO - [2025-05-24T05:43:25.696+0530] {dag.py:3954} INFO - Setting next_dagrun for example_xcom to 2021-01-01 00:00:00+00:00, run_after=2021-01-01 00:00:00+00:00
[2025-05-24T05:43:25.712+0530] {processor.py:183} INFO - Processing /Library/Frameworks/Python.framework/Versions/3.12/lib/python3.12/site-packages/airflow/example_dags/example_xcom.py took 0.226 seconds
[2025-05-24T05:45:51.123+0530] {processor.py:161} INFO - Started process (PID=22076) to work on /Library/Frameworks/Python.framework/Versions/3.12/lib/python3.12/site-packages/airflow/example_dags/example_xcom.py
[2025-05-24T05:45:51.125+0530] {processor.py:830} INFO - Processing file /Library/Frameworks/Python.framework/Versions/3.12/lib/python3.12/site-packages/airflow/example_dags/example_xcom.py for tasks to queue
[2025-05-24T05:45:51.125+0530] {logging_mixin.py:188} INFO - [2025-05-24T05:45:51.125+0530] {dagbag.py:540} INFO - Filling up the DagBag from /Library/Frameworks/Python.framework/Versions/3.12/lib/python3.12/site-packages/airflow/example_dags/example_xcom.py
[2025-05-24T05:45:51.163+0530] {processor.py:840} INFO - DAG(s) 'example_xcom' retrieved from /Library/Frameworks/Python.framework/Versions/3.12/lib/python3.12/site-packages/airflow/example_dags/example_xcom.py
[2025-05-24T05:45:51.317+0530] {logging_mixin.py:188} INFO - [2025-05-24T05:45:51.317+0530] {dag.py:3096} INFO - Sync 1 DAGs
[2025-05-24T05:45:51.332+0530] {logging_mixin.py:188} INFO - [2025-05-24T05:45:51.332+0530] {dag.py:3954} INFO - Setting next_dagrun for example_xcom to 2021-01-01 00:00:00+00:00, run_after=2021-01-01 00:00:00+00:00
[2025-05-24T05:45:51.347+0530] {processor.py:183} INFO - Processing /Library/Frameworks/Python.framework/Versions/3.12/lib/python3.12/site-packages/airflow/example_dags/example_xcom.py took 0.227 seconds
