[2025-05-24T05:31:39.694+0530] {processor.py:161} INFO - Started process (PID=20889) to work on /Library/Frameworks/Python.framework/Versions/3.12/lib/python3.12/site-packages/airflow/example_dags/example_trigger_target_dag.py
[2025-05-24T05:31:39.695+0530] {processor.py:830} INFO - Processing file /Library/Frameworks/Python.framework/Versions/3.12/lib/python3.12/site-packages/airflow/example_dags/example_trigger_target_dag.py for tasks to queue
[2025-05-24T05:31:39.697+0530] {logging_mixin.py:188} INFO - [2025-05-24T05:31:39.696+0530] {dagbag.py:540} INFO - Filling up the DagBag from /Library/Frameworks/Python.framework/Versions/3.12/lib/python3.12/site-packages/airflow/example_dags/example_trigger_target_dag.py
[2025-05-24T05:31:39.733+0530] {processor.py:840} INFO - DAG(s) 'example_trigger_target_dag' retrieved from /Library/Frameworks/Python.framework/Versions/3.12/lib/python3.12/site-packages/airflow/example_dags/example_trigger_target_dag.py
[2025-05-24T05:31:39.877+0530] {logging_mixin.py:188} INFO - [2025-05-24T05:31:39.876+0530] {dag.py:3096} INFO - Sync 1 DAGs
[2025-05-24T05:31:39.886+0530] {logging_mixin.py:188} INFO - [2025-05-24T05:31:39.886+0530] {dag.py:3954} INFO - Setting next_dagrun for example_trigger_target_dag to None, run_after=None
[2025-05-24T05:31:39.907+0530] {processor.py:183} INFO - Processing /Library/Frameworks/Python.framework/Versions/3.12/lib/python3.12/site-packages/airflow/example_dags/example_trigger_target_dag.py took 0.217 seconds
[2025-05-24T05:34:00.562+0530] {processor.py:161} INFO - Started process (PID=20959) to work on /Library/Frameworks/Python.framework/Versions/3.12/lib/python3.12/site-packages/airflow/example_dags/example_trigger_target_dag.py
[2025-05-24T05:34:00.564+0530] {processor.py:830} INFO - Processing file /Library/Frameworks/Python.framework/Versions/3.12/lib/python3.12/site-packages/airflow/example_dags/example_trigger_target_dag.py for tasks to queue
[2025-05-24T05:34:00.565+0530] {logging_mixin.py:188} INFO - [2025-05-24T05:34:00.565+0530] {dagbag.py:540} INFO - Filling up the DagBag from /Library/Frameworks/Python.framework/Versions/3.12/lib/python3.12/site-packages/airflow/example_dags/example_trigger_target_dag.py
[2025-05-24T05:34:00.602+0530] {processor.py:840} INFO - DAG(s) 'example_trigger_target_dag' retrieved from /Library/Frameworks/Python.framework/Versions/3.12/lib/python3.12/site-packages/airflow/example_dags/example_trigger_target_dag.py
[2025-05-24T05:34:00.746+0530] {logging_mixin.py:188} INFO - [2025-05-24T05:34:00.746+0530] {dag.py:3096} INFO - Sync 1 DAGs
[2025-05-24T05:34:00.756+0530] {logging_mixin.py:188} INFO - [2025-05-24T05:34:00.756+0530] {dag.py:3954} INFO - Setting next_dagrun for example_trigger_target_dag to None, run_after=None
[2025-05-24T05:34:00.772+0530] {processor.py:183} INFO - Processing /Library/Frameworks/Python.framework/Versions/3.12/lib/python3.12/site-packages/airflow/example_dags/example_trigger_target_dag.py took 0.214 seconds
[2025-05-24T05:36:23.153+0530] {processor.py:161} INFO - Started process (PID=21134) to work on /Library/Frameworks/Python.framework/Versions/3.12/lib/python3.12/site-packages/airflow/example_dags/example_trigger_target_dag.py
[2025-05-24T05:36:23.154+0530] {processor.py:830} INFO - Processing file /Library/Frameworks/Python.framework/Versions/3.12/lib/python3.12/site-packages/airflow/example_dags/example_trigger_target_dag.py for tasks to queue
[2025-05-24T05:36:23.155+0530] {logging_mixin.py:188} INFO - [2025-05-24T05:36:23.155+0530] {dagbag.py:540} INFO - Filling up the DagBag from /Library/Frameworks/Python.framework/Versions/3.12/lib/python3.12/site-packages/airflow/example_dags/example_trigger_target_dag.py
[2025-05-24T05:36:23.201+0530] {processor.py:840} INFO - DAG(s) 'example_trigger_target_dag' retrieved from /Library/Frameworks/Python.framework/Versions/3.12/lib/python3.12/site-packages/airflow/example_dags/example_trigger_target_dag.py
[2025-05-24T05:36:23.369+0530] {logging_mixin.py:188} INFO - [2025-05-24T05:36:23.369+0530] {dag.py:3096} INFO - Sync 1 DAGs
[2025-05-24T05:36:23.379+0530] {logging_mixin.py:188} INFO - [2025-05-24T05:36:23.379+0530] {dag.py:3954} INFO - Setting next_dagrun for example_trigger_target_dag to None, run_after=None
[2025-05-24T05:36:23.399+0530] {processor.py:183} INFO - Processing /Library/Frameworks/Python.framework/Versions/3.12/lib/python3.12/site-packages/airflow/example_dags/example_trigger_target_dag.py took 0.250 seconds
[2025-05-24T05:38:41.594+0530] {processor.py:161} INFO - Started process (PID=21243) to work on /Library/Frameworks/Python.framework/Versions/3.12/lib/python3.12/site-packages/airflow/example_dags/example_trigger_target_dag.py
[2025-05-24T05:38:41.596+0530] {processor.py:830} INFO - Processing file /Library/Frameworks/Python.framework/Versions/3.12/lib/python3.12/site-packages/airflow/example_dags/example_trigger_target_dag.py for tasks to queue
[2025-05-24T05:38:41.597+0530] {logging_mixin.py:188} INFO - [2025-05-24T05:38:41.597+0530] {dagbag.py:540} INFO - Filling up the DagBag from /Library/Frameworks/Python.framework/Versions/3.12/lib/python3.12/site-packages/airflow/example_dags/example_trigger_target_dag.py
[2025-05-24T05:38:41.631+0530] {processor.py:840} INFO - DAG(s) 'example_trigger_target_dag' retrieved from /Library/Frameworks/Python.framework/Versions/3.12/lib/python3.12/site-packages/airflow/example_dags/example_trigger_target_dag.py
[2025-05-24T05:38:41.780+0530] {logging_mixin.py:188} INFO - [2025-05-24T05:38:41.780+0530] {dag.py:3096} INFO - Sync 1 DAGs
[2025-05-24T05:38:41.789+0530] {logging_mixin.py:188} INFO - [2025-05-24T05:38:41.789+0530] {dag.py:3954} INFO - Setting next_dagrun for example_trigger_target_dag to None, run_after=None
[2025-05-24T05:38:41.806+0530] {processor.py:183} INFO - Processing /Library/Frameworks/Python.framework/Versions/3.12/lib/python3.12/site-packages/airflow/example_dags/example_trigger_target_dag.py took 0.217 seconds
[2025-05-24T05:41:06.154+0530] {processor.py:161} INFO - Started process (PID=21439) to work on /Library/Frameworks/Python.framework/Versions/3.12/lib/python3.12/site-packages/airflow/example_dags/example_trigger_target_dag.py
[2025-05-24T05:41:06.156+0530] {processor.py:830} INFO - Processing file /Library/Frameworks/Python.framework/Versions/3.12/lib/python3.12/site-packages/airflow/example_dags/example_trigger_target_dag.py for tasks to queue
[2025-05-24T05:41:06.157+0530] {logging_mixin.py:188} INFO - [2025-05-24T05:41:06.156+0530] {dagbag.py:540} INFO - Filling up the DagBag from /Library/Frameworks/Python.framework/Versions/3.12/lib/python3.12/site-packages/airflow/example_dags/example_trigger_target_dag.py
[2025-05-24T05:41:06.203+0530] {processor.py:840} INFO - DAG(s) 'example_trigger_target_dag' retrieved from /Library/Frameworks/Python.framework/Versions/3.12/lib/python3.12/site-packages/airflow/example_dags/example_trigger_target_dag.py
[2025-05-24T05:41:06.361+0530] {logging_mixin.py:188} INFO - [2025-05-24T05:41:06.361+0530] {dag.py:3096} INFO - Sync 1 DAGs
[2025-05-24T05:41:06.371+0530] {logging_mixin.py:188} INFO - [2025-05-24T05:41:06.371+0530] {dag.py:3954} INFO - Setting next_dagrun for example_trigger_target_dag to None, run_after=None
[2025-05-24T05:41:06.388+0530] {processor.py:183} INFO - Processing /Library/Frameworks/Python.framework/Versions/3.12/lib/python3.12/site-packages/airflow/example_dags/example_trigger_target_dag.py took 0.238 seconds
[2025-05-24T05:43:28.416+0530] {processor.py:161} INFO - Started process (PID=21663) to work on /Library/Frameworks/Python.framework/Versions/3.12/lib/python3.12/site-packages/airflow/example_dags/example_trigger_target_dag.py
[2025-05-24T05:43:28.418+0530] {processor.py:830} INFO - Processing file /Library/Frameworks/Python.framework/Versions/3.12/lib/python3.12/site-packages/airflow/example_dags/example_trigger_target_dag.py for tasks to queue
[2025-05-24T05:43:28.419+0530] {logging_mixin.py:188} INFO - [2025-05-24T05:43:28.418+0530] {dagbag.py:540} INFO - Filling up the DagBag from /Library/Frameworks/Python.framework/Versions/3.12/lib/python3.12/site-packages/airflow/example_dags/example_trigger_target_dag.py
[2025-05-24T05:43:28.455+0530] {processor.py:840} INFO - DAG(s) 'example_trigger_target_dag' retrieved from /Library/Frameworks/Python.framework/Versions/3.12/lib/python3.12/site-packages/airflow/example_dags/example_trigger_target_dag.py
[2025-05-24T05:43:28.603+0530] {logging_mixin.py:188} INFO - [2025-05-24T05:43:28.603+0530] {dag.py:3096} INFO - Sync 1 DAGs
[2025-05-24T05:43:28.613+0530] {logging_mixin.py:188} INFO - [2025-05-24T05:43:28.613+0530] {dag.py:3954} INFO - Setting next_dagrun for example_trigger_target_dag to None, run_after=None
[2025-05-24T05:43:28.631+0530] {processor.py:183} INFO - Processing /Library/Frameworks/Python.framework/Versions/3.12/lib/python3.12/site-packages/airflow/example_dags/example_trigger_target_dag.py took 0.219 seconds
[2025-05-24T05:45:54.679+0530] {processor.py:161} INFO - Started process (PID=22077) to work on /Library/Frameworks/Python.framework/Versions/3.12/lib/python3.12/site-packages/airflow/example_dags/example_trigger_target_dag.py
[2025-05-24T05:45:54.681+0530] {processor.py:830} INFO - Processing file /Library/Frameworks/Python.framework/Versions/3.12/lib/python3.12/site-packages/airflow/example_dags/example_trigger_target_dag.py for tasks to queue
[2025-05-24T05:45:54.681+0530] {logging_mixin.py:188} INFO - [2025-05-24T05:45:54.681+0530] {dagbag.py:540} INFO - Filling up the DagBag from /Library/Frameworks/Python.framework/Versions/3.12/lib/python3.12/site-packages/airflow/example_dags/example_trigger_target_dag.py
[2025-05-24T05:45:54.733+0530] {processor.py:840} INFO - DAG(s) 'example_trigger_target_dag' retrieved from /Library/Frameworks/Python.framework/Versions/3.12/lib/python3.12/site-packages/airflow/example_dags/example_trigger_target_dag.py
[2025-05-24T05:45:54.918+0530] {logging_mixin.py:188} INFO - [2025-05-24T05:45:54.917+0530] {dag.py:3096} INFO - Sync 1 DAGs
[2025-05-24T05:45:54.928+0530] {logging_mixin.py:188} INFO - [2025-05-24T05:45:54.928+0530] {dag.py:3954} INFO - Setting next_dagrun for example_trigger_target_dag to None, run_after=None
[2025-05-24T05:45:54.948+0530] {processor.py:183} INFO - Processing /Library/Frameworks/Python.framework/Versions/3.12/lib/python3.12/site-packages/airflow/example_dags/example_trigger_target_dag.py took 0.273 seconds
