[2025-05-24T05:32:45.215+0530] {processor.py:161} INFO - Started process (PID=20919) to work on /Library/Frameworks/Python.framework/Versions/3.12/lib/python3.12/site-packages/airflow/example_dags/example_kubernetes_executor.py
[2025-05-24T05:32:45.217+0530] {processor.py:830} INFO - Processing file /Library/Frameworks/Python.framework/Versions/3.12/lib/python3.12/site-packages/airflow/example_dags/example_kubernetes_executor.py for tasks to queue
[2025-05-24T05:32:45.218+0530] {logging_mixin.py:188} INFO - [2025-05-24T05:32:45.218+0530] {dagbag.py:540} INFO - Filling up the DagBag from /Library/Frameworks/Python.framework/Versions/3.12/lib/python3.12/site-packages/airflow/example_dags/example_kubernetes_executor.py
[2025-05-24T05:32:45.253+0530] {logging_mixin.py:188} INFO - [2025-05-24T05:32:45.253+0530] {example_kubernetes_executor.py:39} WARNING - The example_kubernetes_executor example DAG requires the kubernetes provider. Please install it with: pip install apache-airflow[cncf.kubernetes]
[2025-05-24T05:32:45.253+0530] {processor.py:842} WARNING - No viable dags retrieved from /Library/Frameworks/Python.framework/Versions/3.12/lib/python3.12/site-packages/airflow/example_dags/example_kubernetes_executor.py
[2025-05-24T05:32:45.368+0530] {processor.py:183} INFO - Processing /Library/Frameworks/Python.framework/Versions/3.12/lib/python3.12/site-packages/airflow/example_dags/example_kubernetes_executor.py took 0.156 seconds
[2025-05-24T05:35:07.769+0530] {processor.py:161} INFO - Started process (PID=21040) to work on /Library/Frameworks/Python.framework/Versions/3.12/lib/python3.12/site-packages/airflow/example_dags/example_kubernetes_executor.py
[2025-05-24T05:35:07.770+0530] {processor.py:830} INFO - Processing file /Library/Frameworks/Python.framework/Versions/3.12/lib/python3.12/site-packages/airflow/example_dags/example_kubernetes_executor.py for tasks to queue
[2025-05-24T05:35:07.771+0530] {logging_mixin.py:188} INFO - [2025-05-24T05:35:07.771+0530] {dagbag.py:540} INFO - Filling up the DagBag from /Library/Frameworks/Python.framework/Versions/3.12/lib/python3.12/site-packages/airflow/example_dags/example_kubernetes_executor.py
[2025-05-24T05:35:07.805+0530] {logging_mixin.py:188} INFO - [2025-05-24T05:35:07.804+0530] {example_kubernetes_executor.py:39} WARNING - The example_kubernetes_executor example DAG requires the kubernetes provider. Please install it with: pip install apache-airflow[cncf.kubernetes]
[2025-05-24T05:35:07.805+0530] {processor.py:842} WARNING - No viable dags retrieved from /Library/Frameworks/Python.framework/Versions/3.12/lib/python3.12/site-packages/airflow/example_dags/example_kubernetes_executor.py
[2025-05-24T05:35:07.923+0530] {processor.py:183} INFO - Processing /Library/Frameworks/Python.framework/Versions/3.12/lib/python3.12/site-packages/airflow/example_dags/example_kubernetes_executor.py took 0.157 seconds
[2025-05-24T05:37:27.455+0530] {processor.py:161} INFO - Started process (PID=21202) to work on /Library/Frameworks/Python.framework/Versions/3.12/lib/python3.12/site-packages/airflow/example_dags/example_kubernetes_executor.py
[2025-05-24T05:37:27.457+0530] {processor.py:830} INFO - Processing file /Library/Frameworks/Python.framework/Versions/3.12/lib/python3.12/site-packages/airflow/example_dags/example_kubernetes_executor.py for tasks to queue
[2025-05-24T05:37:27.457+0530] {logging_mixin.py:188} INFO - [2025-05-24T05:37:27.457+0530] {dagbag.py:540} INFO - Filling up the DagBag from /Library/Frameworks/Python.framework/Versions/3.12/lib/python3.12/site-packages/airflow/example_dags/example_kubernetes_executor.py
[2025-05-24T05:37:27.493+0530] {logging_mixin.py:188} INFO - [2025-05-24T05:37:27.493+0530] {example_kubernetes_executor.py:39} WARNING - The example_kubernetes_executor example DAG requires the kubernetes provider. Please install it with: pip install apache-airflow[cncf.kubernetes]
[2025-05-24T05:37:27.493+0530] {processor.py:842} WARNING - No viable dags retrieved from /Library/Frameworks/Python.framework/Versions/3.12/lib/python3.12/site-packages/airflow/example_dags/example_kubernetes_executor.py
[2025-05-24T05:37:27.629+0530] {processor.py:183} INFO - Processing /Library/Frameworks/Python.framework/Versions/3.12/lib/python3.12/site-packages/airflow/example_dags/example_kubernetes_executor.py took 0.178 seconds
[2025-05-24T05:39:47.171+0530] {processor.py:161} INFO - Started process (PID=21335) to work on /Library/Frameworks/Python.framework/Versions/3.12/lib/python3.12/site-packages/airflow/example_dags/example_kubernetes_executor.py
[2025-05-24T05:39:47.172+0530] {processor.py:830} INFO - Processing file /Library/Frameworks/Python.framework/Versions/3.12/lib/python3.12/site-packages/airflow/example_dags/example_kubernetes_executor.py for tasks to queue
[2025-05-24T05:39:47.173+0530] {logging_mixin.py:188} INFO - [2025-05-24T05:39:47.173+0530] {dagbag.py:540} INFO - Filling up the DagBag from /Library/Frameworks/Python.framework/Versions/3.12/lib/python3.12/site-packages/airflow/example_dags/example_kubernetes_executor.py
[2025-05-24T05:39:47.207+0530] {logging_mixin.py:188} INFO - [2025-05-24T05:39:47.207+0530] {example_kubernetes_executor.py:39} WARNING - The example_kubernetes_executor example DAG requires the kubernetes provider. Please install it with: pip install apache-airflow[cncf.kubernetes]
[2025-05-24T05:39:47.207+0530] {processor.py:842} WARNING - No viable dags retrieved from /Library/Frameworks/Python.framework/Versions/3.12/lib/python3.12/site-packages/airflow/example_dags/example_kubernetes_executor.py
[2025-05-24T05:39:47.321+0530] {processor.py:183} INFO - Processing /Library/Frameworks/Python.framework/Versions/3.12/lib/python3.12/site-packages/airflow/example_dags/example_kubernetes_executor.py took 0.153 seconds
[2025-05-24T05:42:11.342+0530] {processor.py:161} INFO - Started process (PID=21508) to work on /Library/Frameworks/Python.framework/Versions/3.12/lib/python3.12/site-packages/airflow/example_dags/example_kubernetes_executor.py
[2025-05-24T05:42:11.343+0530] {processor.py:830} INFO - Processing file /Library/Frameworks/Python.framework/Versions/3.12/lib/python3.12/site-packages/airflow/example_dags/example_kubernetes_executor.py for tasks to queue
[2025-05-24T05:42:11.344+0530] {logging_mixin.py:188} INFO - [2025-05-24T05:42:11.344+0530] {dagbag.py:540} INFO - Filling up the DagBag from /Library/Frameworks/Python.framework/Versions/3.12/lib/python3.12/site-packages/airflow/example_dags/example_kubernetes_executor.py
[2025-05-24T05:42:11.381+0530] {logging_mixin.py:188} INFO - [2025-05-24T05:42:11.381+0530] {example_kubernetes_executor.py:39} WARNING - The example_kubernetes_executor example DAG requires the kubernetes provider. Please install it with: pip install apache-airflow[cncf.kubernetes]
[2025-05-24T05:42:11.381+0530] {processor.py:842} WARNING - No viable dags retrieved from /Library/Frameworks/Python.framework/Versions/3.12/lib/python3.12/site-packages/airflow/example_dags/example_kubernetes_executor.py
[2025-05-24T05:42:11.510+0530] {processor.py:183} INFO - Processing /Library/Frameworks/Python.framework/Versions/3.12/lib/python3.12/site-packages/airflow/example_dags/example_kubernetes_executor.py took 0.172 seconds
[2025-05-24T05:44:34.844+0530] {processor.py:161} INFO - Started process (PID=21980) to work on /Library/Frameworks/Python.framework/Versions/3.12/lib/python3.12/site-packages/airflow/example_dags/example_kubernetes_executor.py
[2025-05-24T05:44:34.846+0530] {processor.py:830} INFO - Processing file /Library/Frameworks/Python.framework/Versions/3.12/lib/python3.12/site-packages/airflow/example_dags/example_kubernetes_executor.py for tasks to queue
[2025-05-24T05:44:34.847+0530] {logging_mixin.py:188} INFO - [2025-05-24T05:44:34.847+0530] {dagbag.py:540} INFO - Filling up the DagBag from /Library/Frameworks/Python.framework/Versions/3.12/lib/python3.12/site-packages/airflow/example_dags/example_kubernetes_executor.py
[2025-05-24T05:44:34.881+0530] {logging_mixin.py:188} INFO - [2025-05-24T05:44:34.881+0530] {example_kubernetes_executor.py:39} WARNING - The example_kubernetes_executor example DAG requires the kubernetes provider. Please install it with: pip install apache-airflow[cncf.kubernetes]
[2025-05-24T05:44:34.882+0530] {processor.py:842} WARNING - No viable dags retrieved from /Library/Frameworks/Python.framework/Versions/3.12/lib/python3.12/site-packages/airflow/example_dags/example_kubernetes_executor.py
[2025-05-24T05:44:35.029+0530] {processor.py:183} INFO - Processing /Library/Frameworks/Python.framework/Versions/3.12/lib/python3.12/site-packages/airflow/example_dags/example_kubernetes_executor.py took 0.189 seconds
