[2025-05-24T05:31:34.279+0530] {processor.py:161} INFO - Started process (PID=20887) to work on /Library/Frameworks/Python.framework/Versions/3.12/lib/python3.12/site-packages/airflow/example_dags/example_xcomargs.py
[2025-05-24T05:31:34.280+0530] {processor.py:830} INFO - Processing file /Library/Frameworks/Python.framework/Versions/3.12/lib/python3.12/site-packages/airflow/example_dags/example_xcomargs.py for tasks to queue
[2025-05-24T05:31:34.281+0530] {logging_mixin.py:188} INFO - [2025-05-24T05:31:34.281+0530] {dagbag.py:540} INFO - Filling up the DagBag from /Library/Frameworks/Python.framework/Versions/3.12/lib/python3.12/site-packages/airflow/example_dags/example_xcomargs.py
[2025-05-24T05:31:34.319+0530] {processor.py:840} INFO - DAG(s) 'example_xcom_args', 'example_xcom_args_with_operators' retrieved from /Library/Frameworks/Python.framework/Versions/3.12/lib/python3.12/site-packages/airflow/example_dags/example_xcomargs.py
[2025-05-24T05:31:34.469+0530] {logging_mixin.py:188} INFO - [2025-05-24T05:31:34.469+0530] {dag.py:3096} INFO - Sync 2 DAGs
[2025-05-24T05:31:34.479+0530] {logging_mixin.py:188} INFO - [2025-05-24T05:31:34.479+0530] {dag.py:3954} INFO - Setting next_dagrun for example_xcom_args to None, run_after=None
[2025-05-24T05:31:34.481+0530] {logging_mixin.py:188} INFO - [2025-05-24T05:31:34.481+0530] {dag.py:3954} INFO - Setting next_dagrun for example_xcom_args_with_operators to None, run_after=None
[2025-05-24T05:31:34.496+0530] {processor.py:183} INFO - Processing /Library/Frameworks/Python.framework/Versions/3.12/lib/python3.12/site-packages/airflow/example_dags/example_xcomargs.py took 0.219 seconds
[2025-05-24T05:33:54.523+0530] {processor.py:161} INFO - Started process (PID=20950) to work on /Library/Frameworks/Python.framework/Versions/3.12/lib/python3.12/site-packages/airflow/example_dags/example_xcomargs.py
[2025-05-24T05:33:54.525+0530] {processor.py:830} INFO - Processing file /Library/Frameworks/Python.framework/Versions/3.12/lib/python3.12/site-packages/airflow/example_dags/example_xcomargs.py for tasks to queue
[2025-05-24T05:33:54.527+0530] {logging_mixin.py:188} INFO - [2025-05-24T05:33:54.526+0530] {dagbag.py:540} INFO - Filling up the DagBag from /Library/Frameworks/Python.framework/Versions/3.12/lib/python3.12/site-packages/airflow/example_dags/example_xcomargs.py
[2025-05-24T05:33:54.563+0530] {processor.py:840} INFO - DAG(s) 'example_xcom_args_with_operators', 'example_xcom_args' retrieved from /Library/Frameworks/Python.framework/Versions/3.12/lib/python3.12/site-packages/airflow/example_dags/example_xcomargs.py
[2025-05-24T05:33:54.710+0530] {logging_mixin.py:188} INFO - [2025-05-24T05:33:54.709+0530] {dag.py:3096} INFO - Sync 2 DAGs
[2025-05-24T05:33:54.720+0530] {logging_mixin.py:188} INFO - [2025-05-24T05:33:54.720+0530] {dag.py:3954} INFO - Setting next_dagrun for example_xcom_args to None, run_after=None
[2025-05-24T05:33:54.722+0530] {logging_mixin.py:188} INFO - [2025-05-24T05:33:54.722+0530] {dag.py:3954} INFO - Setting next_dagrun for example_xcom_args_with_operators to None, run_after=None
[2025-05-24T05:33:54.736+0530] {processor.py:183} INFO - Processing /Library/Frameworks/Python.framework/Versions/3.12/lib/python3.12/site-packages/airflow/example_dags/example_xcomargs.py took 0.218 seconds
[2025-05-24T05:36:16.943+0530] {processor.py:161} INFO - Started process (PID=21128) to work on /Library/Frameworks/Python.framework/Versions/3.12/lib/python3.12/site-packages/airflow/example_dags/example_xcomargs.py
[2025-05-24T05:36:16.945+0530] {processor.py:830} INFO - Processing file /Library/Frameworks/Python.framework/Versions/3.12/lib/python3.12/site-packages/airflow/example_dags/example_xcomargs.py for tasks to queue
[2025-05-24T05:36:16.946+0530] {logging_mixin.py:188} INFO - [2025-05-24T05:36:16.945+0530] {dagbag.py:540} INFO - Filling up the DagBag from /Library/Frameworks/Python.framework/Versions/3.12/lib/python3.12/site-packages/airflow/example_dags/example_xcomargs.py
[2025-05-24T05:36:16.982+0530] {processor.py:840} INFO - DAG(s) 'example_xcom_args', 'example_xcom_args_with_operators' retrieved from /Library/Frameworks/Python.framework/Versions/3.12/lib/python3.12/site-packages/airflow/example_dags/example_xcomargs.py
[2025-05-24T05:36:17.134+0530] {logging_mixin.py:188} INFO - [2025-05-24T05:36:17.133+0530] {dag.py:3096} INFO - Sync 2 DAGs
[2025-05-24T05:36:17.143+0530] {logging_mixin.py:188} INFO - [2025-05-24T05:36:17.143+0530] {dag.py:3954} INFO - Setting next_dagrun for example_xcom_args to None, run_after=None
[2025-05-24T05:36:17.146+0530] {logging_mixin.py:188} INFO - [2025-05-24T05:36:17.146+0530] {dag.py:3954} INFO - Setting next_dagrun for example_xcom_args_with_operators to None, run_after=None
[2025-05-24T05:36:17.160+0530] {processor.py:183} INFO - Processing /Library/Frameworks/Python.framework/Versions/3.12/lib/python3.12/site-packages/airflow/example_dags/example_xcomargs.py took 0.221 seconds
[2025-05-24T05:38:35.903+0530] {processor.py:161} INFO - Started process (PID=21240) to work on /Library/Frameworks/Python.framework/Versions/3.12/lib/python3.12/site-packages/airflow/example_dags/example_xcomargs.py
[2025-05-24T05:38:35.905+0530] {processor.py:830} INFO - Processing file /Library/Frameworks/Python.framework/Versions/3.12/lib/python3.12/site-packages/airflow/example_dags/example_xcomargs.py for tasks to queue
[2025-05-24T05:38:35.907+0530] {logging_mixin.py:188} INFO - [2025-05-24T05:38:35.906+0530] {dagbag.py:540} INFO - Filling up the DagBag from /Library/Frameworks/Python.framework/Versions/3.12/lib/python3.12/site-packages/airflow/example_dags/example_xcomargs.py
[2025-05-24T05:38:35.945+0530] {processor.py:840} INFO - DAG(s) 'example_xcom_args', 'example_xcom_args_with_operators' retrieved from /Library/Frameworks/Python.framework/Versions/3.12/lib/python3.12/site-packages/airflow/example_dags/example_xcomargs.py
[2025-05-24T05:38:36.094+0530] {logging_mixin.py:188} INFO - [2025-05-24T05:38:36.094+0530] {dag.py:3096} INFO - Sync 2 DAGs
[2025-05-24T05:38:36.104+0530] {logging_mixin.py:188} INFO - [2025-05-24T05:38:36.104+0530] {dag.py:3954} INFO - Setting next_dagrun for example_xcom_args to None, run_after=None
[2025-05-24T05:38:36.106+0530] {logging_mixin.py:188} INFO - [2025-05-24T05:38:36.106+0530] {dag.py:3954} INFO - Setting next_dagrun for example_xcom_args_with_operators to None, run_after=None
[2025-05-24T05:38:36.120+0530] {processor.py:183} INFO - Processing /Library/Frameworks/Python.framework/Versions/3.12/lib/python3.12/site-packages/airflow/example_dags/example_xcomargs.py took 0.221 seconds
[2025-05-24T05:41:01.073+0530] {processor.py:161} INFO - Started process (PID=21429) to work on /Library/Frameworks/Python.framework/Versions/3.12/lib/python3.12/site-packages/airflow/example_dags/example_xcomargs.py
[2025-05-24T05:41:01.085+0530] {processor.py:830} INFO - Processing file /Library/Frameworks/Python.framework/Versions/3.12/lib/python3.12/site-packages/airflow/example_dags/example_xcomargs.py for tasks to queue
[2025-05-24T05:41:01.086+0530] {logging_mixin.py:188} INFO - [2025-05-24T05:41:01.086+0530] {dagbag.py:540} INFO - Filling up the DagBag from /Library/Frameworks/Python.framework/Versions/3.12/lib/python3.12/site-packages/airflow/example_dags/example_xcomargs.py
[2025-05-24T05:41:01.126+0530] {processor.py:840} INFO - DAG(s) 'example_xcom_args_with_operators', 'example_xcom_args' retrieved from /Library/Frameworks/Python.framework/Versions/3.12/lib/python3.12/site-packages/airflow/example_dags/example_xcomargs.py
[2025-05-24T05:41:01.278+0530] {logging_mixin.py:188} INFO - [2025-05-24T05:41:01.278+0530] {dag.py:3096} INFO - Sync 2 DAGs
[2025-05-24T05:41:01.288+0530] {logging_mixin.py:188} INFO - [2025-05-24T05:41:01.287+0530] {dag.py:3954} INFO - Setting next_dagrun for example_xcom_args to None, run_after=None
[2025-05-24T05:41:01.290+0530] {logging_mixin.py:188} INFO - [2025-05-24T05:41:01.290+0530] {dag.py:3954} INFO - Setting next_dagrun for example_xcom_args_with_operators to None, run_after=None
[2025-05-24T05:41:01.303+0530] {processor.py:183} INFO - Processing /Library/Frameworks/Python.framework/Versions/3.12/lib/python3.12/site-packages/airflow/example_dags/example_xcomargs.py took 0.233 seconds
[2025-05-24T05:43:22.637+0530] {processor.py:161} INFO - Started process (PID=21655) to work on /Library/Frameworks/Python.framework/Versions/3.12/lib/python3.12/site-packages/airflow/example_dags/example_xcomargs.py
[2025-05-24T05:43:22.639+0530] {processor.py:830} INFO - Processing file /Library/Frameworks/Python.framework/Versions/3.12/lib/python3.12/site-packages/airflow/example_dags/example_xcomargs.py for tasks to queue
[2025-05-24T05:43:22.640+0530] {logging_mixin.py:188} INFO - [2025-05-24T05:43:22.639+0530] {dagbag.py:540} INFO - Filling up the DagBag from /Library/Frameworks/Python.framework/Versions/3.12/lib/python3.12/site-packages/airflow/example_dags/example_xcomargs.py
[2025-05-24T05:43:22.677+0530] {processor.py:840} INFO - DAG(s) 'example_xcom_args', 'example_xcom_args_with_operators' retrieved from /Library/Frameworks/Python.framework/Versions/3.12/lib/python3.12/site-packages/airflow/example_dags/example_xcomargs.py
[2025-05-24T05:43:22.830+0530] {logging_mixin.py:188} INFO - [2025-05-24T05:43:22.830+0530] {dag.py:3096} INFO - Sync 2 DAGs
[2025-05-24T05:43:22.841+0530] {logging_mixin.py:188} INFO - [2025-05-24T05:43:22.841+0530] {dag.py:3954} INFO - Setting next_dagrun for example_xcom_args to None, run_after=None
[2025-05-24T05:43:22.844+0530] {logging_mixin.py:188} INFO - [2025-05-24T05:43:22.844+0530] {dag.py:3954} INFO - Setting next_dagrun for example_xcom_args_with_operators to None, run_after=None
[2025-05-24T05:43:22.859+0530] {processor.py:183} INFO - Processing /Library/Frameworks/Python.framework/Versions/3.12/lib/python3.12/site-packages/airflow/example_dags/example_xcomargs.py took 0.226 seconds
[2025-05-24T05:45:48.163+0530] {processor.py:161} INFO - Started process (PID=22069) to work on /Library/Frameworks/Python.framework/Versions/3.12/lib/python3.12/site-packages/airflow/example_dags/example_xcomargs.py
[2025-05-24T05:45:48.165+0530] {processor.py:830} INFO - Processing file /Library/Frameworks/Python.framework/Versions/3.12/lib/python3.12/site-packages/airflow/example_dags/example_xcomargs.py for tasks to queue
[2025-05-24T05:45:48.166+0530] {logging_mixin.py:188} INFO - [2025-05-24T05:45:48.166+0530] {dagbag.py:540} INFO - Filling up the DagBag from /Library/Frameworks/Python.framework/Versions/3.12/lib/python3.12/site-packages/airflow/example_dags/example_xcomargs.py
[2025-05-24T05:45:48.204+0530] {processor.py:840} INFO - DAG(s) 'example_xcom_args_with_operators', 'example_xcom_args' retrieved from /Library/Frameworks/Python.framework/Versions/3.12/lib/python3.12/site-packages/airflow/example_dags/example_xcomargs.py
[2025-05-24T05:45:48.364+0530] {logging_mixin.py:188} INFO - [2025-05-24T05:45:48.364+0530] {dag.py:3096} INFO - Sync 2 DAGs
[2025-05-24T05:45:48.374+0530] {logging_mixin.py:188} INFO - [2025-05-24T05:45:48.374+0530] {dag.py:3954} INFO - Setting next_dagrun for example_xcom_args to None, run_after=None
[2025-05-24T05:45:48.377+0530] {logging_mixin.py:188} INFO - [2025-05-24T05:45:48.377+0530] {dag.py:3954} INFO - Setting next_dagrun for example_xcom_args_with_operators to None, run_after=None
[2025-05-24T05:45:48.392+0530] {processor.py:183} INFO - Processing /Library/Frameworks/Python.framework/Versions/3.12/lib/python3.12/site-packages/airflow/example_dags/example_xcomargs.py took 0.232 seconds
