[2025-05-24T05:31:45.606+0530] {processor.py:161} INFO - Started process (PID=20891) to work on /Library/Frameworks/Python.framework/Versions/3.12/lib/python3.12/site-packages/airflow/example_dags/example_time_delta_sensor_async.py
[2025-05-24T05:31:45.607+0530] {processor.py:830} INFO - Processing file /Library/Frameworks/Python.framework/Versions/3.12/lib/python3.12/site-packages/airflow/example_dags/example_time_delta_sensor_async.py for tasks to queue
[2025-05-24T05:31:45.608+0530] {logging_mixin.py:188} INFO - [2025-05-24T05:31:45.607+0530] {dagbag.py:540} INFO - Filling up the DagBag from /Library/Frameworks/Python.framework/Versions/3.12/lib/python3.12/site-packages/airflow/example_dags/example_time_delta_sensor_async.py
[2025-05-24T05:31:45.618+0530] {processor.py:840} INFO - DAG(s) 'example_time_delta_sensor_async' retrieved from /Library/Frameworks/Python.framework/Versions/3.12/lib/python3.12/site-packages/airflow/example_dags/example_time_delta_sensor_async.py
[2025-05-24T05:31:45.784+0530] {logging_mixin.py:188} INFO - [2025-05-24T05:31:45.784+0530] {dag.py:3096} INFO - Sync 1 DAGs
[2025-05-24T05:31:45.793+0530] {logging_mixin.py:188} INFO - [2025-05-24T05:31:45.793+0530] {dag.py:3954} INFO - Setting next_dagrun for example_time_delta_sensor_async to None, run_after=None
[2025-05-24T05:31:45.809+0530] {processor.py:183} INFO - Processing /Library/Frameworks/Python.framework/Versions/3.12/lib/python3.12/site-packages/airflow/example_dags/example_time_delta_sensor_async.py took 0.207 seconds
[2025-05-24T05:34:06.083+0530] {processor.py:161} INFO - Started process (PID=20965) to work on /Library/Frameworks/Python.framework/Versions/3.12/lib/python3.12/site-packages/airflow/example_dags/example_time_delta_sensor_async.py
[2025-05-24T05:34:06.084+0530] {processor.py:830} INFO - Processing file /Library/Frameworks/Python.framework/Versions/3.12/lib/python3.12/site-packages/airflow/example_dags/example_time_delta_sensor_async.py for tasks to queue
[2025-05-24T05:34:06.085+0530] {logging_mixin.py:188} INFO - [2025-05-24T05:34:06.085+0530] {dagbag.py:540} INFO - Filling up the DagBag from /Library/Frameworks/Python.framework/Versions/3.12/lib/python3.12/site-packages/airflow/example_dags/example_time_delta_sensor_async.py
[2025-05-24T05:34:06.095+0530] {processor.py:840} INFO - DAG(s) 'example_time_delta_sensor_async' retrieved from /Library/Frameworks/Python.framework/Versions/3.12/lib/python3.12/site-packages/airflow/example_dags/example_time_delta_sensor_async.py
[2025-05-24T05:34:06.272+0530] {logging_mixin.py:188} INFO - [2025-05-24T05:34:06.272+0530] {dag.py:3096} INFO - Sync 1 DAGs
[2025-05-24T05:34:06.281+0530] {logging_mixin.py:188} INFO - [2025-05-24T05:34:06.281+0530] {dag.py:3954} INFO - Setting next_dagrun for example_time_delta_sensor_async to None, run_after=None
[2025-05-24T05:34:06.297+0530] {processor.py:183} INFO - Processing /Library/Frameworks/Python.framework/Versions/3.12/lib/python3.12/site-packages/airflow/example_dags/example_time_delta_sensor_async.py took 0.217 seconds
[2025-05-24T05:36:29.519+0530] {processor.py:161} INFO - Started process (PID=21152) to work on /Library/Frameworks/Python.framework/Versions/3.12/lib/python3.12/site-packages/airflow/example_dags/example_time_delta_sensor_async.py
[2025-05-24T05:36:29.520+0530] {processor.py:830} INFO - Processing file /Library/Frameworks/Python.framework/Versions/3.12/lib/python3.12/site-packages/airflow/example_dags/example_time_delta_sensor_async.py for tasks to queue
[2025-05-24T05:36:29.521+0530] {logging_mixin.py:188} INFO - [2025-05-24T05:36:29.520+0530] {dagbag.py:540} INFO - Filling up the DagBag from /Library/Frameworks/Python.framework/Versions/3.12/lib/python3.12/site-packages/airflow/example_dags/example_time_delta_sensor_async.py
[2025-05-24T05:36:29.530+0530] {processor.py:840} INFO - DAG(s) 'example_time_delta_sensor_async' retrieved from /Library/Frameworks/Python.framework/Versions/3.12/lib/python3.12/site-packages/airflow/example_dags/example_time_delta_sensor_async.py
[2025-05-24T05:36:29.715+0530] {logging_mixin.py:188} INFO - [2025-05-24T05:36:29.714+0530] {dag.py:3096} INFO - Sync 1 DAGs
[2025-05-24T05:36:29.724+0530] {logging_mixin.py:188} INFO - [2025-05-24T05:36:29.724+0530] {dag.py:3954} INFO - Setting next_dagrun for example_time_delta_sensor_async to None, run_after=None
[2025-05-24T05:36:29.742+0530] {processor.py:183} INFO - Processing /Library/Frameworks/Python.framework/Versions/3.12/lib/python3.12/site-packages/airflow/example_dags/example_time_delta_sensor_async.py took 0.226 seconds
[2025-05-24T05:38:47.643+0530] {processor.py:161} INFO - Started process (PID=21246) to work on /Library/Frameworks/Python.framework/Versions/3.12/lib/python3.12/site-packages/airflow/example_dags/example_time_delta_sensor_async.py
[2025-05-24T05:38:47.644+0530] {processor.py:830} INFO - Processing file /Library/Frameworks/Python.framework/Versions/3.12/lib/python3.12/site-packages/airflow/example_dags/example_time_delta_sensor_async.py for tasks to queue
[2025-05-24T05:38:47.645+0530] {logging_mixin.py:188} INFO - [2025-05-24T05:38:47.645+0530] {dagbag.py:540} INFO - Filling up the DagBag from /Library/Frameworks/Python.framework/Versions/3.12/lib/python3.12/site-packages/airflow/example_dags/example_time_delta_sensor_async.py
[2025-05-24T05:38:47.656+0530] {processor.py:840} INFO - DAG(s) 'example_time_delta_sensor_async' retrieved from /Library/Frameworks/Python.framework/Versions/3.12/lib/python3.12/site-packages/airflow/example_dags/example_time_delta_sensor_async.py
[2025-05-24T05:38:47.826+0530] {logging_mixin.py:188} INFO - [2025-05-24T05:38:47.826+0530] {dag.py:3096} INFO - Sync 1 DAGs
[2025-05-24T05:38:47.836+0530] {logging_mixin.py:188} INFO - [2025-05-24T05:38:47.835+0530] {dag.py:3954} INFO - Setting next_dagrun for example_time_delta_sensor_async to None, run_after=None
[2025-05-24T05:38:47.853+0530] {processor.py:183} INFO - Processing /Library/Frameworks/Python.framework/Versions/3.12/lib/python3.12/site-packages/airflow/example_dags/example_time_delta_sensor_async.py took 0.214 seconds
[2025-05-24T05:41:12.035+0530] {processor.py:161} INFO - Started process (PID=21441) to work on /Library/Frameworks/Python.framework/Versions/3.12/lib/python3.12/site-packages/airflow/example_dags/example_time_delta_sensor_async.py
[2025-05-24T05:41:12.037+0530] {processor.py:830} INFO - Processing file /Library/Frameworks/Python.framework/Versions/3.12/lib/python3.12/site-packages/airflow/example_dags/example_time_delta_sensor_async.py for tasks to queue
[2025-05-24T05:41:12.038+0530] {logging_mixin.py:188} INFO - [2025-05-24T05:41:12.037+0530] {dagbag.py:540} INFO - Filling up the DagBag from /Library/Frameworks/Python.framework/Versions/3.12/lib/python3.12/site-packages/airflow/example_dags/example_time_delta_sensor_async.py
[2025-05-24T05:41:12.047+0530] {processor.py:840} INFO - DAG(s) 'example_time_delta_sensor_async' retrieved from /Library/Frameworks/Python.framework/Versions/3.12/lib/python3.12/site-packages/airflow/example_dags/example_time_delta_sensor_async.py
[2025-05-24T05:41:12.214+0530] {logging_mixin.py:188} INFO - [2025-05-24T05:41:12.214+0530] {dag.py:3096} INFO - Sync 1 DAGs
[2025-05-24T05:41:12.224+0530] {logging_mixin.py:188} INFO - [2025-05-24T05:41:12.223+0530] {dag.py:3954} INFO - Setting next_dagrun for example_time_delta_sensor_async to None, run_after=None
[2025-05-24T05:41:12.240+0530] {processor.py:183} INFO - Processing /Library/Frameworks/Python.framework/Versions/3.12/lib/python3.12/site-packages/airflow/example_dags/example_time_delta_sensor_async.py took 0.209 seconds
[2025-05-24T05:43:33.537+0530] {processor.py:161} INFO - Started process (PID=21901) to work on /Library/Frameworks/Python.framework/Versions/3.12/lib/python3.12/site-packages/airflow/example_dags/example_time_delta_sensor_async.py
[2025-05-24T05:43:33.539+0530] {processor.py:830} INFO - Processing file /Library/Frameworks/Python.framework/Versions/3.12/lib/python3.12/site-packages/airflow/example_dags/example_time_delta_sensor_async.py for tasks to queue
[2025-05-24T05:43:33.540+0530] {logging_mixin.py:188} INFO - [2025-05-24T05:43:33.540+0530] {dagbag.py:540} INFO - Filling up the DagBag from /Library/Frameworks/Python.framework/Versions/3.12/lib/python3.12/site-packages/airflow/example_dags/example_time_delta_sensor_async.py
[2025-05-24T05:43:33.549+0530] {processor.py:840} INFO - DAG(s) 'example_time_delta_sensor_async' retrieved from /Library/Frameworks/Python.framework/Versions/3.12/lib/python3.12/site-packages/airflow/example_dags/example_time_delta_sensor_async.py
[2025-05-24T05:43:33.713+0530] {logging_mixin.py:188} INFO - [2025-05-24T05:43:33.713+0530] {dag.py:3096} INFO - Sync 1 DAGs
[2025-05-24T05:43:33.723+0530] {logging_mixin.py:188} INFO - [2025-05-24T05:43:33.722+0530] {dag.py:3954} INFO - Setting next_dagrun for example_time_delta_sensor_async to None, run_after=None
[2025-05-24T05:43:33.739+0530] {processor.py:183} INFO - Processing /Library/Frameworks/Python.framework/Versions/3.12/lib/python3.12/site-packages/airflow/example_dags/example_time_delta_sensor_async.py took 0.205 seconds
[2025-05-24T05:46:00.697+0530] {processor.py:161} INFO - Started process (PID=22090) to work on /Library/Frameworks/Python.framework/Versions/3.12/lib/python3.12/site-packages/airflow/example_dags/example_time_delta_sensor_async.py
[2025-05-24T05:46:00.699+0530] {processor.py:830} INFO - Processing file /Library/Frameworks/Python.framework/Versions/3.12/lib/python3.12/site-packages/airflow/example_dags/example_time_delta_sensor_async.py for tasks to queue
[2025-05-24T05:46:00.699+0530] {logging_mixin.py:188} INFO - [2025-05-24T05:46:00.699+0530] {dagbag.py:540} INFO - Filling up the DagBag from /Library/Frameworks/Python.framework/Versions/3.12/lib/python3.12/site-packages/airflow/example_dags/example_time_delta_sensor_async.py
[2025-05-24T05:46:00.709+0530] {processor.py:840} INFO - DAG(s) 'example_time_delta_sensor_async' retrieved from /Library/Frameworks/Python.framework/Versions/3.12/lib/python3.12/site-packages/airflow/example_dags/example_time_delta_sensor_async.py
[2025-05-24T05:46:00.875+0530] {logging_mixin.py:188} INFO - [2025-05-24T05:46:00.875+0530] {dag.py:3096} INFO - Sync 1 DAGs
[2025-05-24T05:46:00.885+0530] {logging_mixin.py:188} INFO - [2025-05-24T05:46:00.885+0530] {dag.py:3954} INFO - Setting next_dagrun for example_time_delta_sensor_async to None, run_after=None
[2025-05-24T05:46:00.903+0530] {processor.py:183} INFO - Processing /Library/Frameworks/Python.framework/Versions/3.12/lib/python3.12/site-packages/airflow/example_dags/example_time_delta_sensor_async.py took 0.209 seconds
