[2025-05-24T05:32:47.556+0530] {processor.py:161} INFO - Started process (PID=20920) to work on /Library/Frameworks/Python.framework/Versions/3.12/lib/python3.12/site-packages/airflow/example_dags/example_external_task_marker_dag.py
[2025-05-24T05:32:47.557+0530] {processor.py:830} INFO - Processing file /Library/Frameworks/Python.framework/Versions/3.12/lib/python3.12/site-packages/airflow/example_dags/example_external_task_marker_dag.py for tasks to queue
[2025-05-24T05:32:47.558+0530] {logging_mixin.py:188} INFO - [2025-05-24T05:32:47.558+0530] {dagbag.py:540} INFO - Filling up the DagBag from /Library/Frameworks/Python.framework/Versions/3.12/lib/python3.12/site-packages/airflow/example_dags/example_external_task_marker_dag.py
[2025-05-24T05:32:47.571+0530] {processor.py:840} INFO - DAG(s) 'example_external_task_marker_child', 'example_external_task_marker_parent' retrieved from /Library/Frameworks/Python.framework/Versions/3.12/lib/python3.12/site-packages/airflow/example_dags/example_external_task_marker_dag.py
[2025-05-24T05:32:47.736+0530] {logging_mixin.py:188} INFO - [2025-05-24T05:32:47.735+0530] {dag.py:3096} INFO - Sync 2 DAGs
[2025-05-24T05:32:47.745+0530] {logging_mixin.py:188} INFO - [2025-05-24T05:32:47.744+0530] {dag.py:3954} INFO - Setting next_dagrun for example_external_task_marker_child to None, run_after=None
[2025-05-24T05:32:47.747+0530] {logging_mixin.py:188} INFO - [2025-05-24T05:32:47.747+0530] {dag.py:3954} INFO - Setting next_dagrun for example_external_task_marker_parent to None, run_after=None
[2025-05-24T05:32:47.760+0530] {processor.py:183} INFO - Processing /Library/Frameworks/Python.framework/Versions/3.12/lib/python3.12/site-packages/airflow/example_dags/example_external_task_marker_dag.py took 0.208 seconds
[2025-05-24T05:35:10.589+0530] {processor.py:161} INFO - Started process (PID=21041) to work on /Library/Frameworks/Python.framework/Versions/3.12/lib/python3.12/site-packages/airflow/example_dags/example_external_task_marker_dag.py
[2025-05-24T05:35:10.591+0530] {processor.py:830} INFO - Processing file /Library/Frameworks/Python.framework/Versions/3.12/lib/python3.12/site-packages/airflow/example_dags/example_external_task_marker_dag.py for tasks to queue
[2025-05-24T05:35:10.591+0530] {logging_mixin.py:188} INFO - [2025-05-24T05:35:10.591+0530] {dagbag.py:540} INFO - Filling up the DagBag from /Library/Frameworks/Python.framework/Versions/3.12/lib/python3.12/site-packages/airflow/example_dags/example_external_task_marker_dag.py
[2025-05-24T05:35:10.604+0530] {processor.py:840} INFO - DAG(s) 'example_external_task_marker_parent', 'example_external_task_marker_child' retrieved from /Library/Frameworks/Python.framework/Versions/3.12/lib/python3.12/site-packages/airflow/example_dags/example_external_task_marker_dag.py
[2025-05-24T05:35:10.767+0530] {logging_mixin.py:188} INFO - [2025-05-24T05:35:10.766+0530] {dag.py:3096} INFO - Sync 2 DAGs
[2025-05-24T05:35:10.776+0530] {logging_mixin.py:188} INFO - [2025-05-24T05:35:10.776+0530] {dag.py:3954} INFO - Setting next_dagrun for example_external_task_marker_child to None, run_after=None
[2025-05-24T05:35:10.778+0530] {logging_mixin.py:188} INFO - [2025-05-24T05:35:10.778+0530] {dag.py:3954} INFO - Setting next_dagrun for example_external_task_marker_parent to None, run_after=None
[2025-05-24T05:35:10.793+0530] {processor.py:183} INFO - Processing /Library/Frameworks/Python.framework/Versions/3.12/lib/python3.12/site-packages/airflow/example_dags/example_external_task_marker_dag.py took 0.207 seconds
[2025-05-24T05:37:30.409+0530] {processor.py:161} INFO - Started process (PID=21203) to work on /Library/Frameworks/Python.framework/Versions/3.12/lib/python3.12/site-packages/airflow/example_dags/example_external_task_marker_dag.py
[2025-05-24T05:37:30.411+0530] {processor.py:830} INFO - Processing file /Library/Frameworks/Python.framework/Versions/3.12/lib/python3.12/site-packages/airflow/example_dags/example_external_task_marker_dag.py for tasks to queue
[2025-05-24T05:37:30.412+0530] {logging_mixin.py:188} INFO - [2025-05-24T05:37:30.412+0530] {dagbag.py:540} INFO - Filling up the DagBag from /Library/Frameworks/Python.framework/Versions/3.12/lib/python3.12/site-packages/airflow/example_dags/example_external_task_marker_dag.py
[2025-05-24T05:37:30.426+0530] {processor.py:840} INFO - DAG(s) 'example_external_task_marker_child', 'example_external_task_marker_parent' retrieved from /Library/Frameworks/Python.framework/Versions/3.12/lib/python3.12/site-packages/airflow/example_dags/example_external_task_marker_dag.py
[2025-05-24T05:37:30.591+0530] {logging_mixin.py:188} INFO - [2025-05-24T05:37:30.590+0530] {dag.py:3096} INFO - Sync 2 DAGs
[2025-05-24T05:37:30.600+0530] {logging_mixin.py:188} INFO - [2025-05-24T05:37:30.600+0530] {dag.py:3954} INFO - Setting next_dagrun for example_external_task_marker_child to None, run_after=None
[2025-05-24T05:37:30.603+0530] {logging_mixin.py:188} INFO - [2025-05-24T05:37:30.603+0530] {dag.py:3954} INFO - Setting next_dagrun for example_external_task_marker_parent to None, run_after=None
[2025-05-24T05:37:30.618+0530] {processor.py:183} INFO - Processing /Library/Frameworks/Python.framework/Versions/3.12/lib/python3.12/site-packages/airflow/example_dags/example_external_task_marker_dag.py took 0.212 seconds
[2025-05-24T05:39:50.111+0530] {processor.py:161} INFO - Started process (PID=21337) to work on /Library/Frameworks/Python.framework/Versions/3.12/lib/python3.12/site-packages/airflow/example_dags/example_external_task_marker_dag.py
[2025-05-24T05:39:50.113+0530] {processor.py:830} INFO - Processing file /Library/Frameworks/Python.framework/Versions/3.12/lib/python3.12/site-packages/airflow/example_dags/example_external_task_marker_dag.py for tasks to queue
[2025-05-24T05:39:50.113+0530] {logging_mixin.py:188} INFO - [2025-05-24T05:39:50.113+0530] {dagbag.py:540} INFO - Filling up the DagBag from /Library/Frameworks/Python.framework/Versions/3.12/lib/python3.12/site-packages/airflow/example_dags/example_external_task_marker_dag.py
[2025-05-24T05:39:50.127+0530] {processor.py:840} INFO - DAG(s) 'example_external_task_marker_child', 'example_external_task_marker_parent' retrieved from /Library/Frameworks/Python.framework/Versions/3.12/lib/python3.12/site-packages/airflow/example_dags/example_external_task_marker_dag.py
[2025-05-24T05:39:50.299+0530] {logging_mixin.py:188} INFO - [2025-05-24T05:39:50.299+0530] {dag.py:3096} INFO - Sync 2 DAGs
[2025-05-24T05:39:50.309+0530] {logging_mixin.py:188} INFO - [2025-05-24T05:39:50.309+0530] {dag.py:3954} INFO - Setting next_dagrun for example_external_task_marker_child to None, run_after=None
[2025-05-24T05:39:50.312+0530] {logging_mixin.py:188} INFO - [2025-05-24T05:39:50.312+0530] {dag.py:3954} INFO - Setting next_dagrun for example_external_task_marker_parent to None, run_after=None
[2025-05-24T05:39:50.329+0530] {processor.py:183} INFO - Processing /Library/Frameworks/Python.framework/Versions/3.12/lib/python3.12/site-packages/airflow/example_dags/example_external_task_marker_dag.py took 0.221 seconds
[2025-05-24T05:42:13.644+0530] {processor.py:161} INFO - Started process (PID=21510) to work on /Library/Frameworks/Python.framework/Versions/3.12/lib/python3.12/site-packages/airflow/example_dags/example_external_task_marker_dag.py
[2025-05-24T05:42:13.646+0530] {processor.py:830} INFO - Processing file /Library/Frameworks/Python.framework/Versions/3.12/lib/python3.12/site-packages/airflow/example_dags/example_external_task_marker_dag.py for tasks to queue
[2025-05-24T05:42:13.647+0530] {logging_mixin.py:188} INFO - [2025-05-24T05:42:13.647+0530] {dagbag.py:540} INFO - Filling up the DagBag from /Library/Frameworks/Python.framework/Versions/3.12/lib/python3.12/site-packages/airflow/example_dags/example_external_task_marker_dag.py
[2025-05-24T05:42:13.660+0530] {processor.py:840} INFO - DAG(s) 'example_external_task_marker_child', 'example_external_task_marker_parent' retrieved from /Library/Frameworks/Python.framework/Versions/3.12/lib/python3.12/site-packages/airflow/example_dags/example_external_task_marker_dag.py
[2025-05-24T05:42:13.827+0530] {logging_mixin.py:188} INFO - [2025-05-24T05:42:13.827+0530] {dag.py:3096} INFO - Sync 2 DAGs
[2025-05-24T05:42:13.835+0530] {logging_mixin.py:188} INFO - [2025-05-24T05:42:13.835+0530] {dag.py:3954} INFO - Setting next_dagrun for example_external_task_marker_child to None, run_after=None
[2025-05-24T05:42:13.838+0530] {logging_mixin.py:188} INFO - [2025-05-24T05:42:13.838+0530] {dag.py:3954} INFO - Setting next_dagrun for example_external_task_marker_parent to None, run_after=None
[2025-05-24T05:42:13.851+0530] {processor.py:183} INFO - Processing /Library/Frameworks/Python.framework/Versions/3.12/lib/python3.12/site-packages/airflow/example_dags/example_external_task_marker_dag.py took 0.211 seconds
[2025-05-24T05:44:37.918+0530] {processor.py:161} INFO - Started process (PID=21983) to work on /Library/Frameworks/Python.framework/Versions/3.12/lib/python3.12/site-packages/airflow/example_dags/example_external_task_marker_dag.py
[2025-05-24T05:44:37.920+0530] {processor.py:830} INFO - Processing file /Library/Frameworks/Python.framework/Versions/3.12/lib/python3.12/site-packages/airflow/example_dags/example_external_task_marker_dag.py for tasks to queue
[2025-05-24T05:44:37.920+0530] {logging_mixin.py:188} INFO - [2025-05-24T05:44:37.920+0530] {dagbag.py:540} INFO - Filling up the DagBag from /Library/Frameworks/Python.framework/Versions/3.12/lib/python3.12/site-packages/airflow/example_dags/example_external_task_marker_dag.py
[2025-05-24T05:44:37.933+0530] {processor.py:840} INFO - DAG(s) 'example_external_task_marker_child', 'example_external_task_marker_parent' retrieved from /Library/Frameworks/Python.framework/Versions/3.12/lib/python3.12/site-packages/airflow/example_dags/example_external_task_marker_dag.py
[2025-05-24T05:44:38.104+0530] {logging_mixin.py:188} INFO - [2025-05-24T05:44:38.103+0530] {dag.py:3096} INFO - Sync 2 DAGs
[2025-05-24T05:44:38.114+0530] {logging_mixin.py:188} INFO - [2025-05-24T05:44:38.114+0530] {dag.py:3954} INFO - Setting next_dagrun for example_external_task_marker_child to None, run_after=None
[2025-05-24T05:44:38.118+0530] {logging_mixin.py:188} INFO - [2025-05-24T05:44:38.118+0530] {dag.py:3954} INFO - Setting next_dagrun for example_external_task_marker_parent to None, run_after=None
[2025-05-24T05:44:38.136+0530] {processor.py:183} INFO - Processing /Library/Frameworks/Python.framework/Versions/3.12/lib/python3.12/site-packages/airflow/example_dags/example_external_task_marker_dag.py took 0.222 seconds
