[2025-05-24T05:30:39.942+0530] {processor.py:161} INFO - Started process (PID=20822) to work on /Library/Frameworks/Python.framework/Versions/3.12/lib/python3.12/site-packages/airflow/example_dags/example_branch_python_dop_operator_3.py
[2025-05-24T05:30:39.943+0530] {processor.py:830} INFO - Processing file /Library/Frameworks/Python.framework/Versions/3.12/lib/python3.12/site-packages/airflow/example_dags/example_branch_python_dop_operator_3.py for tasks to queue
[2025-05-24T05:30:39.943+0530] {logging_mixin.py:188} INFO - [2025-05-24T05:30:39.943+0530] {dagbag.py:540} INFO - Filling up the DagBag from /Library/Frameworks/Python.framework/Versions/3.12/lib/python3.12/site-packages/airflow/example_dags/example_branch_python_dop_operator_3.py
[2025-05-24T05:30:39.982+0530] {processor.py:840} INFO - DAG(s) 'example_branch_dop_operator_v3' retrieved from /Library/Frameworks/Python.framework/Versions/3.12/lib/python3.12/site-packages/airflow/example_dags/example_branch_python_dop_operator_3.py
[2025-05-24T05:30:40.214+0530] {logging_mixin.py:188} INFO - [2025-05-24T05:30:40.214+0530] {dag.py:3096} INFO - Sync 1 DAGs
[2025-05-24T05:30:40.230+0530] {logging_mixin.py:188} INFO - [2025-05-24T05:30:40.230+0530] {dag.py:3954} INFO - Setting next_dagrun for example_branch_dop_operator_v3 to 2025-05-23 23:59:00+00:00, run_after=2025-05-24 00:00:00+00:00
[2025-05-24T05:30:40.246+0530] {processor.py:183} INFO - Processing /Library/Frameworks/Python.framework/Versions/3.12/lib/python3.12/site-packages/airflow/example_dags/example_branch_python_dop_operator_3.py took 0.307 seconds
[2025-05-24T05:33:07.042+0530] {processor.py:161} INFO - Started process (PID=20931) to work on /Library/Frameworks/Python.framework/Versions/3.12/lib/python3.12/site-packages/airflow/example_dags/example_branch_python_dop_operator_3.py
[2025-05-24T05:33:07.044+0530] {processor.py:830} INFO - Processing file /Library/Frameworks/Python.framework/Versions/3.12/lib/python3.12/site-packages/airflow/example_dags/example_branch_python_dop_operator_3.py for tasks to queue
[2025-05-24T05:33:07.045+0530] {logging_mixin.py:188} INFO - [2025-05-24T05:33:07.045+0530] {dagbag.py:540} INFO - Filling up the DagBag from /Library/Frameworks/Python.framework/Versions/3.12/lib/python3.12/site-packages/airflow/example_dags/example_branch_python_dop_operator_3.py
[2025-05-24T05:33:07.082+0530] {processor.py:840} INFO - DAG(s) 'example_branch_dop_operator_v3' retrieved from /Library/Frameworks/Python.framework/Versions/3.12/lib/python3.12/site-packages/airflow/example_dags/example_branch_python_dop_operator_3.py
[2025-05-24T05:33:07.226+0530] {logging_mixin.py:188} INFO - [2025-05-24T05:33:07.226+0530] {dag.py:3096} INFO - Sync 1 DAGs
[2025-05-24T05:33:07.245+0530] {logging_mixin.py:188} INFO - [2025-05-24T05:33:07.245+0530] {dag.py:3954} INFO - Setting next_dagrun for example_branch_dop_operator_v3 to 2025-05-24 00:02:00+00:00, run_after=2025-05-24 00:03:00+00:00
[2025-05-24T05:33:07.262+0530] {processor.py:183} INFO - Processing /Library/Frameworks/Python.framework/Versions/3.12/lib/python3.12/site-packages/airflow/example_dags/example_branch_python_dop_operator_3.py took 0.224 seconds
[2025-05-24T05:35:31.000+0530] {processor.py:161} INFO - Started process (PID=21064) to work on /Library/Frameworks/Python.framework/Versions/3.12/lib/python3.12/site-packages/airflow/example_dags/example_branch_python_dop_operator_3.py
[2025-05-24T05:35:31.001+0530] {processor.py:830} INFO - Processing file /Library/Frameworks/Python.framework/Versions/3.12/lib/python3.12/site-packages/airflow/example_dags/example_branch_python_dop_operator_3.py for tasks to queue
[2025-05-24T05:35:31.002+0530] {logging_mixin.py:188} INFO - [2025-05-24T05:35:31.002+0530] {dagbag.py:540} INFO - Filling up the DagBag from /Library/Frameworks/Python.framework/Versions/3.12/lib/python3.12/site-packages/airflow/example_dags/example_branch_python_dop_operator_3.py
[2025-05-24T05:35:31.040+0530] {processor.py:840} INFO - DAG(s) 'example_branch_dop_operator_v3' retrieved from /Library/Frameworks/Python.framework/Versions/3.12/lib/python3.12/site-packages/airflow/example_dags/example_branch_python_dop_operator_3.py
[2025-05-24T05:35:31.190+0530] {logging_mixin.py:188} INFO - [2025-05-24T05:35:31.190+0530] {dag.py:3096} INFO - Sync 1 DAGs
[2025-05-24T05:35:31.209+0530] {logging_mixin.py:188} INFO - [2025-05-24T05:35:31.209+0530] {dag.py:3954} INFO - Setting next_dagrun for example_branch_dop_operator_v3 to 2025-05-24 00:04:00+00:00, run_after=2025-05-24 00:05:00+00:00
[2025-05-24T05:35:31.227+0530] {processor.py:183} INFO - Processing /Library/Frameworks/Python.framework/Versions/3.12/lib/python3.12/site-packages/airflow/example_dags/example_branch_python_dop_operator_3.py took 0.231 seconds
[2025-05-24T05:37:51.243+0530] {processor.py:161} INFO - Started process (PID=21210) to work on /Library/Frameworks/Python.framework/Versions/3.12/lib/python3.12/site-packages/airflow/example_dags/example_branch_python_dop_operator_3.py
[2025-05-24T05:37:51.245+0530] {processor.py:830} INFO - Processing file /Library/Frameworks/Python.framework/Versions/3.12/lib/python3.12/site-packages/airflow/example_dags/example_branch_python_dop_operator_3.py for tasks to queue
[2025-05-24T05:37:51.246+0530] {logging_mixin.py:188} INFO - [2025-05-24T05:37:51.246+0530] {dagbag.py:540} INFO - Filling up the DagBag from /Library/Frameworks/Python.framework/Versions/3.12/lib/python3.12/site-packages/airflow/example_dags/example_branch_python_dop_operator_3.py
[2025-05-24T05:37:51.285+0530] {processor.py:840} INFO - DAG(s) 'example_branch_dop_operator_v3' retrieved from /Library/Frameworks/Python.framework/Versions/3.12/lib/python3.12/site-packages/airflow/example_dags/example_branch_python_dop_operator_3.py
[2025-05-24T05:37:51.432+0530] {logging_mixin.py:188} INFO - [2025-05-24T05:37:51.432+0530] {dag.py:3096} INFO - Sync 1 DAGs
[2025-05-24T05:37:51.452+0530] {logging_mixin.py:188} INFO - [2025-05-24T05:37:51.452+0530] {dag.py:3954} INFO - Setting next_dagrun for example_branch_dop_operator_v3 to 2025-05-24 00:06:00+00:00, run_after=2025-05-24 00:07:00+00:00
[2025-05-24T05:37:51.468+0530] {processor.py:183} INFO - Processing /Library/Frameworks/Python.framework/Versions/3.12/lib/python3.12/site-packages/airflow/example_dags/example_branch_python_dop_operator_3.py took 0.229 seconds
[2025-05-24T05:40:09.993+0530] {processor.py:161} INFO - Started process (PID=21363) to work on /Library/Frameworks/Python.framework/Versions/3.12/lib/python3.12/site-packages/airflow/example_dags/example_branch_python_dop_operator_3.py
[2025-05-24T05:40:09.995+0530] {processor.py:830} INFO - Processing file /Library/Frameworks/Python.framework/Versions/3.12/lib/python3.12/site-packages/airflow/example_dags/example_branch_python_dop_operator_3.py for tasks to queue
[2025-05-24T05:40:09.996+0530] {logging_mixin.py:188} INFO - [2025-05-24T05:40:09.995+0530] {dagbag.py:540} INFO - Filling up the DagBag from /Library/Frameworks/Python.framework/Versions/3.12/lib/python3.12/site-packages/airflow/example_dags/example_branch_python_dop_operator_3.py
[2025-05-24T05:40:10.033+0530] {processor.py:840} INFO - DAG(s) 'example_branch_dop_operator_v3' retrieved from /Library/Frameworks/Python.framework/Versions/3.12/lib/python3.12/site-packages/airflow/example_dags/example_branch_python_dop_operator_3.py
[2025-05-24T05:40:10.181+0530] {logging_mixin.py:188} INFO - [2025-05-24T05:40:10.181+0530] {dag.py:3096} INFO - Sync 1 DAGs
[2025-05-24T05:40:10.198+0530] {logging_mixin.py:188} INFO - [2025-05-24T05:40:10.198+0530] {dag.py:3954} INFO - Setting next_dagrun for example_branch_dop_operator_v3 to 2025-05-24 00:09:00+00:00, run_after=2025-05-24 00:10:00+00:00
[2025-05-24T05:40:10.214+0530] {processor.py:183} INFO - Processing /Library/Frameworks/Python.framework/Versions/3.12/lib/python3.12/site-packages/airflow/example_dags/example_branch_python_dop_operator_3.py took 0.224 seconds
[2025-05-24T05:42:35.398+0530] {processor.py:161} INFO - Started process (PID=21537) to work on /Library/Frameworks/Python.framework/Versions/3.12/lib/python3.12/site-packages/airflow/example_dags/example_branch_python_dop_operator_3.py
[2025-05-24T05:42:35.399+0530] {processor.py:830} INFO - Processing file /Library/Frameworks/Python.framework/Versions/3.12/lib/python3.12/site-packages/airflow/example_dags/example_branch_python_dop_operator_3.py for tasks to queue
[2025-05-24T05:42:35.400+0530] {logging_mixin.py:188} INFO - [2025-05-24T05:42:35.400+0530] {dagbag.py:540} INFO - Filling up the DagBag from /Library/Frameworks/Python.framework/Versions/3.12/lib/python3.12/site-packages/airflow/example_dags/example_branch_python_dop_operator_3.py
[2025-05-24T05:42:35.439+0530] {processor.py:840} INFO - DAG(s) 'example_branch_dop_operator_v3' retrieved from /Library/Frameworks/Python.framework/Versions/3.12/lib/python3.12/site-packages/airflow/example_dags/example_branch_python_dop_operator_3.py
[2025-05-24T05:42:35.600+0530] {logging_mixin.py:188} INFO - [2025-05-24T05:42:35.599+0530] {dag.py:3096} INFO - Sync 1 DAGs
[2025-05-24T05:42:35.621+0530] {logging_mixin.py:188} INFO - [2025-05-24T05:42:35.620+0530] {dag.py:3954} INFO - Setting next_dagrun for example_branch_dop_operator_v3 to 2025-05-24 00:11:00+00:00, run_after=2025-05-24 00:12:00+00:00
[2025-05-24T05:42:35.637+0530] {processor.py:183} INFO - Processing /Library/Frameworks/Python.framework/Versions/3.12/lib/python3.12/site-packages/airflow/example_dags/example_branch_python_dop_operator_3.py took 0.242 seconds
[2025-05-24T05:44:58.044+0530] {processor.py:161} INFO - Started process (PID=22001) to work on /Library/Frameworks/Python.framework/Versions/3.12/lib/python3.12/site-packages/airflow/example_dags/example_branch_python_dop_operator_3.py
[2025-05-24T05:44:58.046+0530] {processor.py:830} INFO - Processing file /Library/Frameworks/Python.framework/Versions/3.12/lib/python3.12/site-packages/airflow/example_dags/example_branch_python_dop_operator_3.py for tasks to queue
[2025-05-24T05:44:58.047+0530] {logging_mixin.py:188} INFO - [2025-05-24T05:44:58.047+0530] {dagbag.py:540} INFO - Filling up the DagBag from /Library/Frameworks/Python.framework/Versions/3.12/lib/python3.12/site-packages/airflow/example_dags/example_branch_python_dop_operator_3.py
[2025-05-24T05:44:58.086+0530] {processor.py:840} INFO - DAG(s) 'example_branch_dop_operator_v3' retrieved from /Library/Frameworks/Python.framework/Versions/3.12/lib/python3.12/site-packages/airflow/example_dags/example_branch_python_dop_operator_3.py
[2025-05-24T05:44:58.238+0530] {logging_mixin.py:188} INFO - [2025-05-24T05:44:58.238+0530] {dag.py:3096} INFO - Sync 1 DAGs
[2025-05-24T05:44:58.257+0530] {logging_mixin.py:188} INFO - [2025-05-24T05:44:58.256+0530] {dag.py:3954} INFO - Setting next_dagrun for example_branch_dop_operator_v3 to 2025-05-24 00:13:00+00:00, run_after=2025-05-24 00:14:00+00:00
[2025-05-24T05:44:58.272+0530] {processor.py:183} INFO - Processing /Library/Frameworks/Python.framework/Versions/3.12/lib/python3.12/site-packages/airflow/example_dags/example_branch_python_dop_operator_3.py took 0.232 seconds
