[2025-05-24T05:31:59.547+0530] {processor.py:161} INFO - Started process (PID=20898) to work on /Library/Frameworks/Python.framework/Versions/3.12/lib/python3.12/site-packages/airflow/example_dags/example_skip_dag.py
[2025-05-24T05:31:59.548+0530] {processor.py:830} INFO - Processing file /Library/Frameworks/Python.framework/Versions/3.12/lib/python3.12/site-packages/airflow/example_dags/example_skip_dag.py for tasks to queue
[2025-05-24T05:31:59.549+0530] {logging_mixin.py:188} INFO - [2025-05-24T05:31:59.549+0530] {dagbag.py:540} INFO - Filling up the DagBag from /Library/Frameworks/Python.framework/Versions/3.12/lib/python3.12/site-packages/airflow/example_dags/example_skip_dag.py
[2025-05-24T05:31:59.558+0530] {processor.py:840} INFO - DAG(s) 'example_skip_dag' retrieved from /Library/Frameworks/Python.framework/Versions/3.12/lib/python3.12/site-packages/airflow/example_dags/example_skip_dag.py
[2025-05-24T05:31:59.702+0530] {logging_mixin.py:188} INFO - [2025-05-24T05:31:59.702+0530] {dag.py:3096} INFO - Sync 1 DAGs
[2025-05-24T05:31:59.721+0530] {logging_mixin.py:188} INFO - [2025-05-24T05:31:59.720+0530] {dag.py:3954} INFO - Setting next_dagrun for example_skip_dag to 2025-05-23 00:00:00+00:00, run_after=2025-05-24 00:00:00+00:00
[2025-05-24T05:31:59.739+0530] {processor.py:183} INFO - Processing /Library/Frameworks/Python.framework/Versions/3.12/lib/python3.12/site-packages/airflow/example_dags/example_skip_dag.py took 0.197 seconds
[2025-05-24T05:34:20.678+0530] {processor.py:161} INFO - Started process (PID=20981) to work on /Library/Frameworks/Python.framework/Versions/3.12/lib/python3.12/site-packages/airflow/example_dags/example_skip_dag.py
[2025-05-24T05:34:20.680+0530] {processor.py:830} INFO - Processing file /Library/Frameworks/Python.framework/Versions/3.12/lib/python3.12/site-packages/airflow/example_dags/example_skip_dag.py for tasks to queue
[2025-05-24T05:34:20.681+0530] {logging_mixin.py:188} INFO - [2025-05-24T05:34:20.680+0530] {dagbag.py:540} INFO - Filling up the DagBag from /Library/Frameworks/Python.framework/Versions/3.12/lib/python3.12/site-packages/airflow/example_dags/example_skip_dag.py
[2025-05-24T05:34:20.689+0530] {processor.py:840} INFO - DAG(s) 'example_skip_dag' retrieved from /Library/Frameworks/Python.framework/Versions/3.12/lib/python3.12/site-packages/airflow/example_dags/example_skip_dag.py
[2025-05-24T05:34:20.860+0530] {logging_mixin.py:188} INFO - [2025-05-24T05:34:20.860+0530] {dag.py:3096} INFO - Sync 1 DAGs
[2025-05-24T05:34:20.881+0530] {logging_mixin.py:188} INFO - [2025-05-24T05:34:20.881+0530] {dag.py:3954} INFO - Setting next_dagrun for example_skip_dag to 2025-05-23 00:00:00+00:00, run_after=2025-05-24 00:00:00+00:00
[2025-05-24T05:34:20.901+0530] {processor.py:183} INFO - Processing /Library/Frameworks/Python.framework/Versions/3.12/lib/python3.12/site-packages/airflow/example_dags/example_skip_dag.py took 0.225 seconds
[2025-05-24T05:36:42.057+0530] {processor.py:161} INFO - Started process (PID=21164) to work on /Library/Frameworks/Python.framework/Versions/3.12/lib/python3.12/site-packages/airflow/example_dags/example_skip_dag.py
[2025-05-24T05:36:42.059+0530] {processor.py:830} INFO - Processing file /Library/Frameworks/Python.framework/Versions/3.12/lib/python3.12/site-packages/airflow/example_dags/example_skip_dag.py for tasks to queue
[2025-05-24T05:36:42.060+0530] {logging_mixin.py:188} INFO - [2025-05-24T05:36:42.059+0530] {dagbag.py:540} INFO - Filling up the DagBag from /Library/Frameworks/Python.framework/Versions/3.12/lib/python3.12/site-packages/airflow/example_dags/example_skip_dag.py
[2025-05-24T05:36:42.068+0530] {processor.py:840} INFO - DAG(s) 'example_skip_dag' retrieved from /Library/Frameworks/Python.framework/Versions/3.12/lib/python3.12/site-packages/airflow/example_dags/example_skip_dag.py
[2025-05-24T05:36:42.206+0530] {logging_mixin.py:188} INFO - [2025-05-24T05:36:42.205+0530] {dag.py:3096} INFO - Sync 1 DAGs
[2025-05-24T05:36:42.224+0530] {logging_mixin.py:188} INFO - [2025-05-24T05:36:42.223+0530] {dag.py:3954} INFO - Setting next_dagrun for example_skip_dag to 2025-05-23 00:00:00+00:00, run_after=2025-05-24 00:00:00+00:00
[2025-05-24T05:36:42.241+0530] {processor.py:183} INFO - Processing /Library/Frameworks/Python.framework/Versions/3.12/lib/python3.12/site-packages/airflow/example_dags/example_skip_dag.py took 0.189 seconds
[2025-05-24T05:39:02.198+0530] {processor.py:161} INFO - Started process (PID=21278) to work on /Library/Frameworks/Python.framework/Versions/3.12/lib/python3.12/site-packages/airflow/example_dags/example_skip_dag.py
[2025-05-24T05:39:02.199+0530] {processor.py:830} INFO - Processing file /Library/Frameworks/Python.framework/Versions/3.12/lib/python3.12/site-packages/airflow/example_dags/example_skip_dag.py for tasks to queue
[2025-05-24T05:39:02.200+0530] {logging_mixin.py:188} INFO - [2025-05-24T05:39:02.200+0530] {dagbag.py:540} INFO - Filling up the DagBag from /Library/Frameworks/Python.framework/Versions/3.12/lib/python3.12/site-packages/airflow/example_dags/example_skip_dag.py
[2025-05-24T05:39:02.208+0530] {processor.py:840} INFO - DAG(s) 'example_skip_dag' retrieved from /Library/Frameworks/Python.framework/Versions/3.12/lib/python3.12/site-packages/airflow/example_dags/example_skip_dag.py
[2025-05-24T05:39:02.358+0530] {logging_mixin.py:188} INFO - [2025-05-24T05:39:02.357+0530] {dag.py:3096} INFO - Sync 1 DAGs
[2025-05-24T05:39:02.376+0530] {logging_mixin.py:188} INFO - [2025-05-24T05:39:02.375+0530] {dag.py:3954} INFO - Setting next_dagrun for example_skip_dag to 2025-05-23 00:00:00+00:00, run_after=2025-05-24 00:00:00+00:00
[2025-05-24T05:39:02.394+0530] {processor.py:183} INFO - Processing /Library/Frameworks/Python.framework/Versions/3.12/lib/python3.12/site-packages/airflow/example_dags/example_skip_dag.py took 0.199 seconds
[2025-05-24T05:41:26.093+0530] {processor.py:161} INFO - Started process (PID=21450) to work on /Library/Frameworks/Python.framework/Versions/3.12/lib/python3.12/site-packages/airflow/example_dags/example_skip_dag.py
[2025-05-24T05:41:26.095+0530] {processor.py:830} INFO - Processing file /Library/Frameworks/Python.framework/Versions/3.12/lib/python3.12/site-packages/airflow/example_dags/example_skip_dag.py for tasks to queue
[2025-05-24T05:41:26.096+0530] {logging_mixin.py:188} INFO - [2025-05-24T05:41:26.095+0530] {dagbag.py:540} INFO - Filling up the DagBag from /Library/Frameworks/Python.framework/Versions/3.12/lib/python3.12/site-packages/airflow/example_dags/example_skip_dag.py
[2025-05-24T05:41:26.109+0530] {processor.py:840} INFO - DAG(s) 'example_skip_dag' retrieved from /Library/Frameworks/Python.framework/Versions/3.12/lib/python3.12/site-packages/airflow/example_dags/example_skip_dag.py
[2025-05-24T05:41:26.308+0530] {logging_mixin.py:188} INFO - [2025-05-24T05:41:26.308+0530] {dag.py:3096} INFO - Sync 1 DAGs
[2025-05-24T05:41:26.324+0530] {logging_mixin.py:188} INFO - [2025-05-24T05:41:26.324+0530] {dag.py:3954} INFO - Setting next_dagrun for example_skip_dag to 2025-05-23 00:00:00+00:00, run_after=2025-05-24 00:00:00+00:00
[2025-05-24T05:41:26.341+0530] {processor.py:183} INFO - Processing /Library/Frameworks/Python.framework/Versions/3.12/lib/python3.12/site-packages/airflow/example_dags/example_skip_dag.py took 0.252 seconds
[2025-05-24T05:43:47.594+0530] {processor.py:161} INFO - Started process (PID=21920) to work on /Library/Frameworks/Python.framework/Versions/3.12/lib/python3.12/site-packages/airflow/example_dags/example_skip_dag.py
[2025-05-24T05:43:47.595+0530] {processor.py:830} INFO - Processing file /Library/Frameworks/Python.framework/Versions/3.12/lib/python3.12/site-packages/airflow/example_dags/example_skip_dag.py for tasks to queue
[2025-05-24T05:43:47.596+0530] {logging_mixin.py:188} INFO - [2025-05-24T05:43:47.596+0530] {dagbag.py:540} INFO - Filling up the DagBag from /Library/Frameworks/Python.framework/Versions/3.12/lib/python3.12/site-packages/airflow/example_dags/example_skip_dag.py
[2025-05-24T05:43:47.604+0530] {processor.py:840} INFO - DAG(s) 'example_skip_dag' retrieved from /Library/Frameworks/Python.framework/Versions/3.12/lib/python3.12/site-packages/airflow/example_dags/example_skip_dag.py
[2025-05-24T05:43:47.747+0530] {logging_mixin.py:188} INFO - [2025-05-24T05:43:47.746+0530] {dag.py:3096} INFO - Sync 1 DAGs
[2025-05-24T05:43:47.765+0530] {logging_mixin.py:188} INFO - [2025-05-24T05:43:47.764+0530] {dag.py:3954} INFO - Setting next_dagrun for example_skip_dag to 2025-05-23 00:00:00+00:00, run_after=2025-05-24 00:00:00+00:00
[2025-05-24T05:43:47.783+0530] {processor.py:183} INFO - Processing /Library/Frameworks/Python.framework/Versions/3.12/lib/python3.12/site-packages/airflow/example_dags/example_skip_dag.py took 0.193 seconds
[2025-05-24T05:46:16.418+0530] {processor.py:161} INFO - Started process (PID=22124) to work on /Library/Frameworks/Python.framework/Versions/3.12/lib/python3.12/site-packages/airflow/example_dags/example_skip_dag.py
[2025-05-24T05:46:16.419+0530] {processor.py:830} INFO - Processing file /Library/Frameworks/Python.framework/Versions/3.12/lib/python3.12/site-packages/airflow/example_dags/example_skip_dag.py for tasks to queue
[2025-05-24T05:46:16.419+0530] {logging_mixin.py:188} INFO - [2025-05-24T05:46:16.419+0530] {dagbag.py:540} INFO - Filling up the DagBag from /Library/Frameworks/Python.framework/Versions/3.12/lib/python3.12/site-packages/airflow/example_dags/example_skip_dag.py
[2025-05-24T05:46:16.428+0530] {processor.py:840} INFO - DAG(s) 'example_skip_dag' retrieved from /Library/Frameworks/Python.framework/Versions/3.12/lib/python3.12/site-packages/airflow/example_dags/example_skip_dag.py
[2025-05-24T05:46:16.574+0530] {logging_mixin.py:188} INFO - [2025-05-24T05:46:16.574+0530] {dag.py:3096} INFO - Sync 1 DAGs
[2025-05-24T05:46:16.591+0530] {logging_mixin.py:188} INFO - [2025-05-24T05:46:16.591+0530] {dag.py:3954} INFO - Setting next_dagrun for example_skip_dag to 2025-05-23 00:00:00+00:00, run_after=2025-05-24 00:00:00+00:00
[2025-05-24T05:46:16.610+0530] {processor.py:183} INFO - Processing /Library/Frameworks/Python.framework/Versions/3.12/lib/python3.12/site-packages/airflow/example_dags/example_skip_dag.py took 0.195 seconds
