[2025-05-24T05:32:56.112+0530] {processor.py:161} INFO - Started process (PID=20923) to work on /Library/Frameworks/Python.framework/Versions/3.12/lib/python3.12/site-packages/airflow/example_dags/example_display_name.py
[2025-05-24T05:32:56.114+0530] {processor.py:830} INFO - Processing file /Library/Frameworks/Python.framework/Versions/3.12/lib/python3.12/site-packages/airflow/example_dags/example_display_name.py for tasks to queue
[2025-05-24T05:32:56.114+0530] {logging_mixin.py:188} INFO - [2025-05-24T05:32:56.114+0530] {dagbag.py:540} INFO - Filling up the DagBag from /Library/Frameworks/Python.framework/Versions/3.12/lib/python3.12/site-packages/airflow/example_dags/example_display_name.py
[2025-05-24T05:32:56.150+0530] {processor.py:840} INFO - DAG(s) 'example_display_name' retrieved from /Library/Frameworks/Python.framework/Versions/3.12/lib/python3.12/site-packages/airflow/example_dags/example_display_name.py
[2025-05-24T05:32:56.292+0530] {logging_mixin.py:188} INFO - [2025-05-24T05:32:56.292+0530] {dag.py:3096} INFO - Sync 1 DAGs
[2025-05-24T05:32:56.301+0530] {logging_mixin.py:188} INFO - [2025-05-24T05:32:56.300+0530] {dag.py:3954} INFO - Setting next_dagrun for example_display_name to None, run_after=None
[2025-05-24T05:32:56.317+0530] {processor.py:183} INFO - Processing /Library/Frameworks/Python.framework/Versions/3.12/lib/python3.12/site-packages/airflow/example_dags/example_display_name.py took 0.209 seconds
[2025-05-24T05:35:19.261+0530] {processor.py:161} INFO - Started process (PID=21050) to work on /Library/Frameworks/Python.framework/Versions/3.12/lib/python3.12/site-packages/airflow/example_dags/example_display_name.py
[2025-05-24T05:35:19.263+0530] {processor.py:830} INFO - Processing file /Library/Frameworks/Python.framework/Versions/3.12/lib/python3.12/site-packages/airflow/example_dags/example_display_name.py for tasks to queue
[2025-05-24T05:35:19.263+0530] {logging_mixin.py:188} INFO - [2025-05-24T05:35:19.263+0530] {dagbag.py:540} INFO - Filling up the DagBag from /Library/Frameworks/Python.framework/Versions/3.12/lib/python3.12/site-packages/airflow/example_dags/example_display_name.py
[2025-05-24T05:35:19.303+0530] {processor.py:840} INFO - DAG(s) 'example_display_name' retrieved from /Library/Frameworks/Python.framework/Versions/3.12/lib/python3.12/site-packages/airflow/example_dags/example_display_name.py
[2025-05-24T05:35:19.461+0530] {logging_mixin.py:188} INFO - [2025-05-24T05:35:19.461+0530] {dag.py:3096} INFO - Sync 1 DAGs
[2025-05-24T05:35:19.470+0530] {logging_mixin.py:188} INFO - [2025-05-24T05:35:19.470+0530] {dag.py:3954} INFO - Setting next_dagrun for example_display_name to None, run_after=None
[2025-05-24T05:35:19.487+0530] {processor.py:183} INFO - Processing /Library/Frameworks/Python.framework/Versions/3.12/lib/python3.12/site-packages/airflow/example_dags/example_display_name.py took 0.228 seconds
[2025-05-24T05:37:39.431+0530] {processor.py:161} INFO - Started process (PID=21206) to work on /Library/Frameworks/Python.framework/Versions/3.12/lib/python3.12/site-packages/airflow/example_dags/example_display_name.py
[2025-05-24T05:37:39.432+0530] {processor.py:830} INFO - Processing file /Library/Frameworks/Python.framework/Versions/3.12/lib/python3.12/site-packages/airflow/example_dags/example_display_name.py for tasks to queue
[2025-05-24T05:37:39.432+0530] {logging_mixin.py:188} INFO - [2025-05-24T05:37:39.432+0530] {dagbag.py:540} INFO - Filling up the DagBag from /Library/Frameworks/Python.framework/Versions/3.12/lib/python3.12/site-packages/airflow/example_dags/example_display_name.py
[2025-05-24T05:37:39.469+0530] {processor.py:840} INFO - DAG(s) 'example_display_name' retrieved from /Library/Frameworks/Python.framework/Versions/3.12/lib/python3.12/site-packages/airflow/example_dags/example_display_name.py
[2025-05-24T05:37:39.632+0530] {logging_mixin.py:188} INFO - [2025-05-24T05:37:39.632+0530] {dag.py:3096} INFO - Sync 1 DAGs
[2025-05-24T05:37:39.642+0530] {logging_mixin.py:188} INFO - [2025-05-24T05:37:39.642+0530] {dag.py:3954} INFO - Setting next_dagrun for example_display_name to None, run_after=None
[2025-05-24T05:37:39.664+0530] {processor.py:183} INFO - Processing /Library/Frameworks/Python.framework/Versions/3.12/lib/python3.12/site-packages/airflow/example_dags/example_display_name.py took 0.236 seconds
[2025-05-24T05:39:58.863+0530] {processor.py:161} INFO - Started process (PID=21351) to work on /Library/Frameworks/Python.framework/Versions/3.12/lib/python3.12/site-packages/airflow/example_dags/example_display_name.py
[2025-05-24T05:39:58.865+0530] {processor.py:830} INFO - Processing file /Library/Frameworks/Python.framework/Versions/3.12/lib/python3.12/site-packages/airflow/example_dags/example_display_name.py for tasks to queue
[2025-05-24T05:39:58.865+0530] {logging_mixin.py:188} INFO - [2025-05-24T05:39:58.865+0530] {dagbag.py:540} INFO - Filling up the DagBag from /Library/Frameworks/Python.framework/Versions/3.12/lib/python3.12/site-packages/airflow/example_dags/example_display_name.py
[2025-05-24T05:39:58.902+0530] {processor.py:840} INFO - DAG(s) 'example_display_name' retrieved from /Library/Frameworks/Python.framework/Versions/3.12/lib/python3.12/site-packages/airflow/example_dags/example_display_name.py
[2025-05-24T05:39:59.056+0530] {logging_mixin.py:188} INFO - [2025-05-24T05:39:59.056+0530] {dag.py:3096} INFO - Sync 1 DAGs
[2025-05-24T05:39:59.066+0530] {logging_mixin.py:188} INFO - [2025-05-24T05:39:59.066+0530] {dag.py:3954} INFO - Setting next_dagrun for example_display_name to None, run_after=None
[2025-05-24T05:39:59.084+0530] {processor.py:183} INFO - Processing /Library/Frameworks/Python.framework/Versions/3.12/lib/python3.12/site-packages/airflow/example_dags/example_display_name.py took 0.224 seconds
[2025-05-24T05:42:22.451+0530] {processor.py:161} INFO - Started process (PID=21522) to work on /Library/Frameworks/Python.framework/Versions/3.12/lib/python3.12/site-packages/airflow/example_dags/example_display_name.py
[2025-05-24T05:42:22.452+0530] {processor.py:830} INFO - Processing file /Library/Frameworks/Python.framework/Versions/3.12/lib/python3.12/site-packages/airflow/example_dags/example_display_name.py for tasks to queue
[2025-05-24T05:42:22.453+0530] {logging_mixin.py:188} INFO - [2025-05-24T05:42:22.453+0530] {dagbag.py:540} INFO - Filling up the DagBag from /Library/Frameworks/Python.framework/Versions/3.12/lib/python3.12/site-packages/airflow/example_dags/example_display_name.py
[2025-05-24T05:42:22.490+0530] {processor.py:840} INFO - DAG(s) 'example_display_name' retrieved from /Library/Frameworks/Python.framework/Versions/3.12/lib/python3.12/site-packages/airflow/example_dags/example_display_name.py
[2025-05-24T05:42:22.644+0530] {logging_mixin.py:188} INFO - [2025-05-24T05:42:22.643+0530] {dag.py:3096} INFO - Sync 1 DAGs
[2025-05-24T05:42:22.654+0530] {logging_mixin.py:188} INFO - [2025-05-24T05:42:22.654+0530] {dag.py:3954} INFO - Setting next_dagrun for example_display_name to None, run_after=None
[2025-05-24T05:42:22.675+0530] {processor.py:183} INFO - Processing /Library/Frameworks/Python.framework/Versions/3.12/lib/python3.12/site-packages/airflow/example_dags/example_display_name.py took 0.226 seconds
[2025-05-24T05:44:46.866+0530] {processor.py:161} INFO - Started process (PID=21997) to work on /Library/Frameworks/Python.framework/Versions/3.12/lib/python3.12/site-packages/airflow/example_dags/example_display_name.py
[2025-05-24T05:44:46.868+0530] {processor.py:830} INFO - Processing file /Library/Frameworks/Python.framework/Versions/3.12/lib/python3.12/site-packages/airflow/example_dags/example_display_name.py for tasks to queue
[2025-05-24T05:44:46.868+0530] {logging_mixin.py:188} INFO - [2025-05-24T05:44:46.868+0530] {dagbag.py:540} INFO - Filling up the DagBag from /Library/Frameworks/Python.framework/Versions/3.12/lib/python3.12/site-packages/airflow/example_dags/example_display_name.py
[2025-05-24T05:44:46.905+0530] {processor.py:840} INFO - DAG(s) 'example_display_name' retrieved from /Library/Frameworks/Python.framework/Versions/3.12/lib/python3.12/site-packages/airflow/example_dags/example_display_name.py
[2025-05-24T05:44:47.052+0530] {logging_mixin.py:188} INFO - [2025-05-24T05:44:47.051+0530] {dag.py:3096} INFO - Sync 1 DAGs
[2025-05-24T05:44:47.062+0530] {logging_mixin.py:188} INFO - [2025-05-24T05:44:47.062+0530] {dag.py:3954} INFO - Setting next_dagrun for example_display_name to None, run_after=None
[2025-05-24T05:44:47.081+0530] {processor.py:183} INFO - Processing /Library/Frameworks/Python.framework/Versions/3.12/lib/python3.12/site-packages/airflow/example_dags/example_display_name.py took 0.218 seconds
