[2025-05-24T05:30:58.355+0530] {processor.py:161} INFO - Started process (PID=20853) to work on /Library/Frameworks/Python.framework/Versions/3.12/lib/python3.12/site-packages/airflow/example_dags/example_bash_operator.py
[2025-05-24T05:30:58.357+0530] {processor.py:830} INFO - Processing file /Library/Frameworks/Python.framework/Versions/3.12/lib/python3.12/site-packages/airflow/example_dags/example_bash_operator.py for tasks to queue
[2025-05-24T05:30:58.358+0530] {logging_mixin.py:188} INFO - [2025-05-24T05:30:58.357+0530] {dagbag.py:540} INFO - Filling up the DagBag from /Library/Frameworks/Python.framework/Versions/3.12/lib/python3.12/site-packages/airflow/example_dags/example_bash_operator.py
[2025-05-24T05:30:58.371+0530] {processor.py:840} INFO - DAG(s) 'example_bash_operator' retrieved from /Library/Frameworks/Python.framework/Versions/3.12/lib/python3.12/site-packages/airflow/example_dags/example_bash_operator.py
[2025-05-24T05:30:58.613+0530] {logging_mixin.py:188} INFO - [2025-05-24T05:30:58.613+0530] {dag.py:3096} INFO - Sync 1 DAGs
[2025-05-24T05:30:58.627+0530] {logging_mixin.py:188} INFO - [2025-05-24T05:30:58.627+0530] {dag.py:3954} INFO - Setting next_dagrun for example_bash_operator to 2025-05-23 00:00:00+00:00, run_after=2025-05-24 00:00:00+00:00
[2025-05-24T05:30:58.645+0530] {processor.py:183} INFO - Processing /Library/Frameworks/Python.framework/Versions/3.12/lib/python3.12/site-packages/airflow/example_dags/example_bash_operator.py took 0.293 seconds
[2025-05-24T05:35:40.021+0530] {processor.py:161} INFO - Started process (PID=21076) to work on /Library/Frameworks/Python.framework/Versions/3.12/lib/python3.12/site-packages/airflow/example_dags/example_bash_operator.py
[2025-05-24T05:35:40.023+0530] {processor.py:830} INFO - Processing file /Library/Frameworks/Python.framework/Versions/3.12/lib/python3.12/site-packages/airflow/example_dags/example_bash_operator.py for tasks to queue
[2025-05-24T05:35:40.024+0530] {logging_mixin.py:188} INFO - [2025-05-24T05:35:40.023+0530] {dagbag.py:540} INFO - Filling up the DagBag from /Library/Frameworks/Python.framework/Versions/3.12/lib/python3.12/site-packages/airflow/example_dags/example_bash_operator.py
[2025-05-24T05:35:40.037+0530] {processor.py:840} INFO - DAG(s) 'example_bash_operator' retrieved from /Library/Frameworks/Python.framework/Versions/3.12/lib/python3.12/site-packages/airflow/example_dags/example_bash_operator.py
[2025-05-24T05:35:40.191+0530] {logging_mixin.py:188} INFO - [2025-05-24T05:35:40.191+0530] {dag.py:3096} INFO - Sync 1 DAGs
[2025-05-24T05:35:40.208+0530] {logging_mixin.py:188} INFO - [2025-05-24T05:35:40.208+0530] {dag.py:3954} INFO - Setting next_dagrun for example_bash_operator to 2025-05-23 00:00:00+00:00, run_after=2025-05-24 00:00:00+00:00
[2025-05-24T05:35:40.224+0530] {processor.py:183} INFO - Processing /Library/Frameworks/Python.framework/Versions/3.12/lib/python3.12/site-packages/airflow/example_dags/example_bash_operator.py took 0.207 seconds
[2025-05-24T05:40:21.333+0530] {processor.py:161} INFO - Started process (PID=21375) to work on /Library/Frameworks/Python.framework/Versions/3.12/lib/python3.12/site-packages/airflow/example_dags/example_bash_operator.py
[2025-05-24T05:40:21.334+0530] {processor.py:830} INFO - Processing file /Library/Frameworks/Python.framework/Versions/3.12/lib/python3.12/site-packages/airflow/example_dags/example_bash_operator.py for tasks to queue
[2025-05-24T05:40:21.335+0530] {logging_mixin.py:188} INFO - [2025-05-24T05:40:21.335+0530] {dagbag.py:540} INFO - Filling up the DagBag from /Library/Frameworks/Python.framework/Versions/3.12/lib/python3.12/site-packages/airflow/example_dags/example_bash_operator.py
[2025-05-24T05:40:21.347+0530] {processor.py:840} INFO - DAG(s) 'example_bash_operator' retrieved from /Library/Frameworks/Python.framework/Versions/3.12/lib/python3.12/site-packages/airflow/example_dags/example_bash_operator.py
[2025-05-24T05:40:21.508+0530] {logging_mixin.py:188} INFO - [2025-05-24T05:40:21.508+0530] {dag.py:3096} INFO - Sync 1 DAGs
[2025-05-24T05:40:21.528+0530] {logging_mixin.py:188} INFO - [2025-05-24T05:40:21.527+0530] {dag.py:3954} INFO - Setting next_dagrun for example_bash_operator to 2025-05-23 00:00:00+00:00, run_after=2025-05-24 00:00:00+00:00
[2025-05-24T05:40:21.546+0530] {processor.py:183} INFO - Processing /Library/Frameworks/Python.framework/Versions/3.12/lib/python3.12/site-packages/airflow/example_dags/example_bash_operator.py took 0.216 seconds
[2025-05-24T05:45:09.098+0530] {processor.py:161} INFO - Started process (PID=22018) to work on /Library/Frameworks/Python.framework/Versions/3.12/lib/python3.12/site-packages/airflow/example_dags/example_bash_operator.py
[2025-05-24T05:45:09.099+0530] {processor.py:830} INFO - Processing file /Library/Frameworks/Python.framework/Versions/3.12/lib/python3.12/site-packages/airflow/example_dags/example_bash_operator.py for tasks to queue
[2025-05-24T05:45:09.100+0530] {logging_mixin.py:188} INFO - [2025-05-24T05:45:09.100+0530] {dagbag.py:540} INFO - Filling up the DagBag from /Library/Frameworks/Python.framework/Versions/3.12/lib/python3.12/site-packages/airflow/example_dags/example_bash_operator.py
[2025-05-24T05:45:09.112+0530] {processor.py:840} INFO - DAG(s) 'example_bash_operator' retrieved from /Library/Frameworks/Python.framework/Versions/3.12/lib/python3.12/site-packages/airflow/example_dags/example_bash_operator.py
[2025-05-24T05:45:09.279+0530] {logging_mixin.py:188} INFO - [2025-05-24T05:45:09.279+0530] {dag.py:3096} INFO - Sync 1 DAGs
[2025-05-24T05:45:09.298+0530] {logging_mixin.py:188} INFO - [2025-05-24T05:45:09.298+0530] {dag.py:3954} INFO - Setting next_dagrun for example_bash_operator to 2025-05-23 00:00:00+00:00, run_after=2025-05-24 00:00:00+00:00
[2025-05-24T05:45:09.316+0530] {processor.py:183} INFO - Processing /Library/Frameworks/Python.framework/Versions/3.12/lib/python3.12/site-packages/airflow/example_dags/example_bash_operator.py took 0.221 seconds
