[2025-05-24T05:32:02.377+0530] {processor.py:161} INFO - Started process (PID=20899) to work on /Library/Frameworks/Python.framework/Versions/3.12/lib/python3.12/site-packages/airflow/example_dags/example_short_circuit_operator.py
[2025-05-24T05:32:02.379+0530] {processor.py:830} INFO - Processing file /Library/Frameworks/Python.framework/Versions/3.12/lib/python3.12/site-packages/airflow/example_dags/example_short_circuit_operator.py for tasks to queue
[2025-05-24T05:32:02.380+0530] {logging_mixin.py:188} INFO - [2025-05-24T05:32:02.380+0530] {dagbag.py:540} INFO - Filling up the DagBag from /Library/Frameworks/Python.framework/Versions/3.12/lib/python3.12/site-packages/airflow/example_dags/example_short_circuit_operator.py
[2025-05-24T05:32:02.408+0530] {processor.py:840} INFO - DAG(s) 'example_short_circuit_operator' retrieved from /Library/Frameworks/Python.framework/Versions/3.12/lib/python3.12/site-packages/airflow/example_dags/example_short_circuit_operator.py
[2025-05-24T05:32:02.555+0530] {logging_mixin.py:188} INFO - [2025-05-24T05:32:02.554+0530] {dag.py:3096} INFO - Sync 1 DAGs
[2025-05-24T05:32:02.570+0530] {logging_mixin.py:188} INFO - [2025-05-24T05:32:02.570+0530] {dag.py:3954} INFO - Setting next_dagrun for example_short_circuit_operator to 2025-05-23 00:00:00+00:00, run_after=2025-05-24 00:00:00+00:00
[2025-05-24T05:32:02.588+0530] {processor.py:183} INFO - Processing /Library/Frameworks/Python.framework/Versions/3.12/lib/python3.12/site-packages/airflow/example_dags/example_short_circuit_operator.py took 0.214 seconds
[2025-05-24T05:34:23.662+0530] {processor.py:161} INFO - Started process (PID=20982) to work on /Library/Frameworks/Python.framework/Versions/3.12/lib/python3.12/site-packages/airflow/example_dags/example_short_circuit_operator.py
[2025-05-24T05:34:23.663+0530] {processor.py:830} INFO - Processing file /Library/Frameworks/Python.framework/Versions/3.12/lib/python3.12/site-packages/airflow/example_dags/example_short_circuit_operator.py for tasks to queue
[2025-05-24T05:34:23.664+0530] {logging_mixin.py:188} INFO - [2025-05-24T05:34:23.664+0530] {dagbag.py:540} INFO - Filling up the DagBag from /Library/Frameworks/Python.framework/Versions/3.12/lib/python3.12/site-packages/airflow/example_dags/example_short_circuit_operator.py
[2025-05-24T05:34:23.693+0530] {processor.py:840} INFO - DAG(s) 'example_short_circuit_operator' retrieved from /Library/Frameworks/Python.framework/Versions/3.12/lib/python3.12/site-packages/airflow/example_dags/example_short_circuit_operator.py
[2025-05-24T05:34:23.845+0530] {logging_mixin.py:188} INFO - [2025-05-24T05:34:23.845+0530] {dag.py:3096} INFO - Sync 1 DAGs
[2025-05-24T05:34:23.861+0530] {logging_mixin.py:188} INFO - [2025-05-24T05:34:23.861+0530] {dag.py:3954} INFO - Setting next_dagrun for example_short_circuit_operator to 2025-05-23 00:00:00+00:00, run_after=2025-05-24 00:00:00+00:00
[2025-05-24T05:34:23.877+0530] {processor.py:183} INFO - Processing /Library/Frameworks/Python.framework/Versions/3.12/lib/python3.12/site-packages/airflow/example_dags/example_short_circuit_operator.py took 0.219 seconds
[2025-05-24T05:36:44.837+0530] {processor.py:161} INFO - Started process (PID=21166) to work on /Library/Frameworks/Python.framework/Versions/3.12/lib/python3.12/site-packages/airflow/example_dags/example_short_circuit_operator.py
[2025-05-24T05:36:44.839+0530] {processor.py:830} INFO - Processing file /Library/Frameworks/Python.framework/Versions/3.12/lib/python3.12/site-packages/airflow/example_dags/example_short_circuit_operator.py for tasks to queue
[2025-05-24T05:36:44.839+0530] {logging_mixin.py:188} INFO - [2025-05-24T05:36:44.839+0530] {dagbag.py:540} INFO - Filling up the DagBag from /Library/Frameworks/Python.framework/Versions/3.12/lib/python3.12/site-packages/airflow/example_dags/example_short_circuit_operator.py
[2025-05-24T05:36:44.868+0530] {processor.py:840} INFO - DAG(s) 'example_short_circuit_operator' retrieved from /Library/Frameworks/Python.framework/Versions/3.12/lib/python3.12/site-packages/airflow/example_dags/example_short_circuit_operator.py
[2025-05-24T05:36:45.013+0530] {logging_mixin.py:188} INFO - [2025-05-24T05:36:45.013+0530] {dag.py:3096} INFO - Sync 1 DAGs
[2025-05-24T05:36:45.029+0530] {logging_mixin.py:188} INFO - [2025-05-24T05:36:45.029+0530] {dag.py:3954} INFO - Setting next_dagrun for example_short_circuit_operator to 2025-05-23 00:00:00+00:00, run_after=2025-05-24 00:00:00+00:00
[2025-05-24T05:36:45.045+0530] {processor.py:183} INFO - Processing /Library/Frameworks/Python.framework/Versions/3.12/lib/python3.12/site-packages/airflow/example_dags/example_short_circuit_operator.py took 0.211 seconds
[2025-05-24T05:39:05.204+0530] {processor.py:161} INFO - Started process (PID=21283) to work on /Library/Frameworks/Python.framework/Versions/3.12/lib/python3.12/site-packages/airflow/example_dags/example_short_circuit_operator.py
[2025-05-24T05:39:05.205+0530] {processor.py:830} INFO - Processing file /Library/Frameworks/Python.framework/Versions/3.12/lib/python3.12/site-packages/airflow/example_dags/example_short_circuit_operator.py for tasks to queue
[2025-05-24T05:39:05.206+0530] {logging_mixin.py:188} INFO - [2025-05-24T05:39:05.206+0530] {dagbag.py:540} INFO - Filling up the DagBag from /Library/Frameworks/Python.framework/Versions/3.12/lib/python3.12/site-packages/airflow/example_dags/example_short_circuit_operator.py
[2025-05-24T05:39:05.234+0530] {processor.py:840} INFO - DAG(s) 'example_short_circuit_operator' retrieved from /Library/Frameworks/Python.framework/Versions/3.12/lib/python3.12/site-packages/airflow/example_dags/example_short_circuit_operator.py
[2025-05-24T05:39:05.395+0530] {logging_mixin.py:188} INFO - [2025-05-24T05:39:05.394+0530] {dag.py:3096} INFO - Sync 1 DAGs
[2025-05-24T05:39:05.411+0530] {logging_mixin.py:188} INFO - [2025-05-24T05:39:05.411+0530] {dag.py:3954} INFO - Setting next_dagrun for example_short_circuit_operator to 2025-05-23 00:00:00+00:00, run_after=2025-05-24 00:00:00+00:00
[2025-05-24T05:39:05.430+0530] {processor.py:183} INFO - Processing /Library/Frameworks/Python.framework/Versions/3.12/lib/python3.12/site-packages/airflow/example_dags/example_short_circuit_operator.py took 0.229 seconds
[2025-05-24T05:41:29.276+0530] {processor.py:161} INFO - Started process (PID=21457) to work on /Library/Frameworks/Python.framework/Versions/3.12/lib/python3.12/site-packages/airflow/example_dags/example_short_circuit_operator.py
[2025-05-24T05:41:29.278+0530] {processor.py:830} INFO - Processing file /Library/Frameworks/Python.framework/Versions/3.12/lib/python3.12/site-packages/airflow/example_dags/example_short_circuit_operator.py for tasks to queue
[2025-05-24T05:41:29.279+0530] {logging_mixin.py:188} INFO - [2025-05-24T05:41:29.279+0530] {dagbag.py:540} INFO - Filling up the DagBag from /Library/Frameworks/Python.framework/Versions/3.12/lib/python3.12/site-packages/airflow/example_dags/example_short_circuit_operator.py
[2025-05-24T05:41:29.307+0530] {processor.py:840} INFO - DAG(s) 'example_short_circuit_operator' retrieved from /Library/Frameworks/Python.framework/Versions/3.12/lib/python3.12/site-packages/airflow/example_dags/example_short_circuit_operator.py
[2025-05-24T05:41:29.463+0530] {logging_mixin.py:188} INFO - [2025-05-24T05:41:29.463+0530] {dag.py:3096} INFO - Sync 1 DAGs
[2025-05-24T05:41:29.478+0530] {logging_mixin.py:188} INFO - [2025-05-24T05:41:29.477+0530] {dag.py:3954} INFO - Setting next_dagrun for example_short_circuit_operator to 2025-05-23 00:00:00+00:00, run_after=2025-05-24 00:00:00+00:00
[2025-05-24T05:41:29.494+0530] {processor.py:183} INFO - Processing /Library/Frameworks/Python.framework/Versions/3.12/lib/python3.12/site-packages/airflow/example_dags/example_short_circuit_operator.py took 0.222 seconds
[2025-05-24T05:43:50.474+0530] {processor.py:161} INFO - Started process (PID=21925) to work on /Library/Frameworks/Python.framework/Versions/3.12/lib/python3.12/site-packages/airflow/example_dags/example_short_circuit_operator.py
[2025-05-24T05:43:50.476+0530] {processor.py:830} INFO - Processing file /Library/Frameworks/Python.framework/Versions/3.12/lib/python3.12/site-packages/airflow/example_dags/example_short_circuit_operator.py for tasks to queue
[2025-05-24T05:43:50.476+0530] {logging_mixin.py:188} INFO - [2025-05-24T05:43:50.476+0530] {dagbag.py:540} INFO - Filling up the DagBag from /Library/Frameworks/Python.framework/Versions/3.12/lib/python3.12/site-packages/airflow/example_dags/example_short_circuit_operator.py
[2025-05-24T05:43:50.504+0530] {processor.py:840} INFO - DAG(s) 'example_short_circuit_operator' retrieved from /Library/Frameworks/Python.framework/Versions/3.12/lib/python3.12/site-packages/airflow/example_dags/example_short_circuit_operator.py
[2025-05-24T05:43:50.661+0530] {logging_mixin.py:188} INFO - [2025-05-24T05:43:50.661+0530] {dag.py:3096} INFO - Sync 1 DAGs
[2025-05-24T05:43:50.677+0530] {logging_mixin.py:188} INFO - [2025-05-24T05:43:50.677+0530] {dag.py:3954} INFO - Setting next_dagrun for example_short_circuit_operator to 2025-05-23 00:00:00+00:00, run_after=2025-05-24 00:00:00+00:00
[2025-05-24T05:43:50.695+0530] {processor.py:183} INFO - Processing /Library/Frameworks/Python.framework/Versions/3.12/lib/python3.12/site-packages/airflow/example_dags/example_short_circuit_operator.py took 0.223 seconds
[2025-05-24T05:46:18.920+0530] {processor.py:161} INFO - Started process (PID=22127) to work on /Library/Frameworks/Python.framework/Versions/3.12/lib/python3.12/site-packages/airflow/example_dags/example_short_circuit_operator.py
[2025-05-24T05:46:18.921+0530] {processor.py:830} INFO - Processing file /Library/Frameworks/Python.framework/Versions/3.12/lib/python3.12/site-packages/airflow/example_dags/example_short_circuit_operator.py for tasks to queue
[2025-05-24T05:46:18.922+0530] {logging_mixin.py:188} INFO - [2025-05-24T05:46:18.922+0530] {dagbag.py:540} INFO - Filling up the DagBag from /Library/Frameworks/Python.framework/Versions/3.12/lib/python3.12/site-packages/airflow/example_dags/example_short_circuit_operator.py
[2025-05-24T05:46:18.949+0530] {processor.py:840} INFO - DAG(s) 'example_short_circuit_operator' retrieved from /Library/Frameworks/Python.framework/Versions/3.12/lib/python3.12/site-packages/airflow/example_dags/example_short_circuit_operator.py
[2025-05-24T05:46:19.104+0530] {logging_mixin.py:188} INFO - [2025-05-24T05:46:19.104+0530] {dag.py:3096} INFO - Sync 1 DAGs
[2025-05-24T05:46:19.120+0530] {logging_mixin.py:188} INFO - [2025-05-24T05:46:19.120+0530] {dag.py:3954} INFO - Setting next_dagrun for example_short_circuit_operator to 2025-05-23 00:00:00+00:00, run_after=2025-05-24 00:00:00+00:00
[2025-05-24T05:46:19.140+0530] {processor.py:183} INFO - Processing /Library/Frameworks/Python.framework/Versions/3.12/lib/python3.12/site-packages/airflow/example_dags/example_short_circuit_operator.py took 0.223 seconds
