[2025-05-24T05:32:13.635+0530] {processor.py:161} INFO - Started process (PID=20906) to work on /Library/Frameworks/Python.framework/Versions/3.12/lib/python3.12/site-packages/airflow/example_dags/example_sensors.py
[2025-05-24T05:32:13.636+0530] {processor.py:830} INFO - Processing file /Library/Frameworks/Python.framework/Versions/3.12/lib/python3.12/site-packages/airflow/example_dags/example_sensors.py for tasks to queue
[2025-05-24T05:32:13.637+0530] {logging_mixin.py:188} INFO - [2025-05-24T05:32:13.636+0530] {dagbag.py:540} INFO - Filling up the DagBag from /Library/Frameworks/Python.framework/Versions/3.12/lib/python3.12/site-packages/airflow/example_dags/example_sensors.py
[2025-05-24T05:32:13.654+0530] {processor.py:840} INFO - DAG(s) 'example_sensors' retrieved from /Library/Frameworks/Python.framework/Versions/3.12/lib/python3.12/site-packages/airflow/example_dags/example_sensors.py
[2025-05-24T05:32:13.841+0530] {logging_mixin.py:188} INFO - [2025-05-24T05:32:13.840+0530] {dag.py:3096} INFO - Sync 1 DAGs
[2025-05-24T05:32:13.849+0530] {logging_mixin.py:188} INFO - [2025-05-24T05:32:13.849+0530] {dag.py:3954} INFO - Setting next_dagrun for example_sensors to None, run_after=None
[2025-05-24T05:32:13.865+0530] {processor.py:183} INFO - Processing /Library/Frameworks/Python.framework/Versions/3.12/lib/python3.12/site-packages/airflow/example_dags/example_sensors.py took 0.232 seconds
[2025-05-24T05:34:35.661+0530] {processor.py:161} INFO - Started process (PID=21002) to work on /Library/Frameworks/Python.framework/Versions/3.12/lib/python3.12/site-packages/airflow/example_dags/example_sensors.py
[2025-05-24T05:34:35.662+0530] {processor.py:830} INFO - Processing file /Library/Frameworks/Python.framework/Versions/3.12/lib/python3.12/site-packages/airflow/example_dags/example_sensors.py for tasks to queue
[2025-05-24T05:34:35.663+0530] {logging_mixin.py:188} INFO - [2025-05-24T05:34:35.663+0530] {dagbag.py:540} INFO - Filling up the DagBag from /Library/Frameworks/Python.framework/Versions/3.12/lib/python3.12/site-packages/airflow/example_dags/example_sensors.py
[2025-05-24T05:34:35.682+0530] {processor.py:840} INFO - DAG(s) 'example_sensors' retrieved from /Library/Frameworks/Python.framework/Versions/3.12/lib/python3.12/site-packages/airflow/example_dags/example_sensors.py
[2025-05-24T05:34:35.874+0530] {logging_mixin.py:188} INFO - [2025-05-24T05:34:35.874+0530] {dag.py:3096} INFO - Sync 1 DAGs
[2025-05-24T05:34:35.883+0530] {logging_mixin.py:188} INFO - [2025-05-24T05:34:35.883+0530] {dag.py:3954} INFO - Setting next_dagrun for example_sensors to None, run_after=None
[2025-05-24T05:34:35.901+0530] {processor.py:183} INFO - Processing /Library/Frameworks/Python.framework/Versions/3.12/lib/python3.12/site-packages/airflow/example_dags/example_sensors.py took 0.242 seconds
[2025-05-24T05:36:54.479+0530] {processor.py:161} INFO - Started process (PID=21172) to work on /Library/Frameworks/Python.framework/Versions/3.12/lib/python3.12/site-packages/airflow/example_dags/example_sensors.py
[2025-05-24T05:36:54.481+0530] {processor.py:830} INFO - Processing file /Library/Frameworks/Python.framework/Versions/3.12/lib/python3.12/site-packages/airflow/example_dags/example_sensors.py for tasks to queue
[2025-05-24T05:36:54.481+0530] {logging_mixin.py:188} INFO - [2025-05-24T05:36:54.481+0530] {dagbag.py:540} INFO - Filling up the DagBag from /Library/Frameworks/Python.framework/Versions/3.12/lib/python3.12/site-packages/airflow/example_dags/example_sensors.py
[2025-05-24T05:36:54.499+0530] {processor.py:840} INFO - DAG(s) 'example_sensors' retrieved from /Library/Frameworks/Python.framework/Versions/3.12/lib/python3.12/site-packages/airflow/example_dags/example_sensors.py
[2025-05-24T05:36:54.677+0530] {logging_mixin.py:188} INFO - [2025-05-24T05:36:54.677+0530] {dag.py:3096} INFO - Sync 1 DAGs
[2025-05-24T05:36:54.686+0530] {logging_mixin.py:188} INFO - [2025-05-24T05:36:54.686+0530] {dag.py:3954} INFO - Setting next_dagrun for example_sensors to None, run_after=None
[2025-05-24T05:36:54.703+0530] {processor.py:183} INFO - Processing /Library/Frameworks/Python.framework/Versions/3.12/lib/python3.12/site-packages/airflow/example_dags/example_sensors.py took 0.228 seconds
[2025-05-24T05:39:17.124+0530] {processor.py:161} INFO - Started process (PID=21296) to work on /Library/Frameworks/Python.framework/Versions/3.12/lib/python3.12/site-packages/airflow/example_dags/example_sensors.py
[2025-05-24T05:39:17.127+0530] {processor.py:830} INFO - Processing file /Library/Frameworks/Python.framework/Versions/3.12/lib/python3.12/site-packages/airflow/example_dags/example_sensors.py for tasks to queue
[2025-05-24T05:39:17.127+0530] {logging_mixin.py:188} INFO - [2025-05-24T05:39:17.127+0530] {dagbag.py:540} INFO - Filling up the DagBag from /Library/Frameworks/Python.framework/Versions/3.12/lib/python3.12/site-packages/airflow/example_dags/example_sensors.py
[2025-05-24T05:39:17.144+0530] {processor.py:840} INFO - DAG(s) 'example_sensors' retrieved from /Library/Frameworks/Python.framework/Versions/3.12/lib/python3.12/site-packages/airflow/example_dags/example_sensors.py
[2025-05-24T05:39:17.327+0530] {logging_mixin.py:188} INFO - [2025-05-24T05:39:17.327+0530] {dag.py:3096} INFO - Sync 1 DAGs
[2025-05-24T05:39:17.337+0530] {logging_mixin.py:188} INFO - [2025-05-24T05:39:17.337+0530] {dag.py:3954} INFO - Setting next_dagrun for example_sensors to None, run_after=None
[2025-05-24T05:39:17.359+0530] {processor.py:183} INFO - Processing /Library/Frameworks/Python.framework/Versions/3.12/lib/python3.12/site-packages/airflow/example_dags/example_sensors.py took 0.237 seconds
[2025-05-24T05:41:41.112+0530] {processor.py:161} INFO - Started process (PID=21474) to work on /Library/Frameworks/Python.framework/Versions/3.12/lib/python3.12/site-packages/airflow/example_dags/example_sensors.py
[2025-05-24T05:41:41.113+0530] {processor.py:830} INFO - Processing file /Library/Frameworks/Python.framework/Versions/3.12/lib/python3.12/site-packages/airflow/example_dags/example_sensors.py for tasks to queue
[2025-05-24T05:41:41.113+0530] {logging_mixin.py:188} INFO - [2025-05-24T05:41:41.113+0530] {dagbag.py:540} INFO - Filling up the DagBag from /Library/Frameworks/Python.framework/Versions/3.12/lib/python3.12/site-packages/airflow/example_dags/example_sensors.py
[2025-05-24T05:41:41.131+0530] {processor.py:840} INFO - DAG(s) 'example_sensors' retrieved from /Library/Frameworks/Python.framework/Versions/3.12/lib/python3.12/site-packages/airflow/example_dags/example_sensors.py
[2025-05-24T05:41:41.320+0530] {logging_mixin.py:188} INFO - [2025-05-24T05:41:41.319+0530] {dag.py:3096} INFO - Sync 1 DAGs
[2025-05-24T05:41:41.328+0530] {logging_mixin.py:188} INFO - [2025-05-24T05:41:41.328+0530] {dag.py:3954} INFO - Setting next_dagrun for example_sensors to None, run_after=None
[2025-05-24T05:41:41.344+0530] {processor.py:183} INFO - Processing /Library/Frameworks/Python.framework/Versions/3.12/lib/python3.12/site-packages/airflow/example_dags/example_sensors.py took 0.236 seconds
[2025-05-24T05:44:02.566+0530] {processor.py:161} INFO - Started process (PID=21943) to work on /Library/Frameworks/Python.framework/Versions/3.12/lib/python3.12/site-packages/airflow/example_dags/example_sensors.py
[2025-05-24T05:44:02.567+0530] {processor.py:830} INFO - Processing file /Library/Frameworks/Python.framework/Versions/3.12/lib/python3.12/site-packages/airflow/example_dags/example_sensors.py for tasks to queue
[2025-05-24T05:44:02.568+0530] {logging_mixin.py:188} INFO - [2025-05-24T05:44:02.567+0530] {dagbag.py:540} INFO - Filling up the DagBag from /Library/Frameworks/Python.framework/Versions/3.12/lib/python3.12/site-packages/airflow/example_dags/example_sensors.py
[2025-05-24T05:44:02.585+0530] {processor.py:840} INFO - DAG(s) 'example_sensors' retrieved from /Library/Frameworks/Python.framework/Versions/3.12/lib/python3.12/site-packages/airflow/example_dags/example_sensors.py
[2025-05-24T05:44:02.776+0530] {logging_mixin.py:188} INFO - [2025-05-24T05:44:02.775+0530] {dag.py:3096} INFO - Sync 1 DAGs
[2025-05-24T05:44:02.786+0530] {logging_mixin.py:188} INFO - [2025-05-24T05:44:02.786+0530] {dag.py:3954} INFO - Setting next_dagrun for example_sensors to None, run_after=None
[2025-05-24T05:44:02.806+0530] {processor.py:183} INFO - Processing /Library/Frameworks/Python.framework/Versions/3.12/lib/python3.12/site-packages/airflow/example_dags/example_sensors.py took 0.243 seconds
