[2025-05-24T05:30:18.085+0530] {processor.py:161} INFO - Started process (PID=20797) to work on /Library/Frameworks/Python.framework/Versions/3.12/lib/python3.12/site-packages/airflow/example_dags/example_dag_decorator.py
[2025-05-24T05:30:18.086+0530] {processor.py:830} INFO - Processing file /Library/Frameworks/Python.framework/Versions/3.12/lib/python3.12/site-packages/airflow/example_dags/example_dag_decorator.py for tasks to queue
[2025-05-24T05:30:18.087+0530] {logging_mixin.py:188} INFO - [2025-05-24T05:30:18.087+0530] {dagbag.py:540} INFO - Filling up the DagBag from /Library/Frameworks/Python.framework/Versions/3.12/lib/python3.12/site-packages/airflow/example_dags/example_dag_decorator.py
[2025-05-24T05:30:18.389+0530] {processor.py:840} INFO - DAG(s) 'example_dag_decorator' retrieved from /Library/Frameworks/Python.framework/Versions/3.12/lib/python3.12/site-packages/airflow/example_dags/example_dag_decorator.py
[2025-05-24T05:30:18.635+0530] {logging_mixin.py:188} INFO - [2025-05-24T05:30:18.634+0530] {dag.py:3096} INFO - Sync 1 DAGs
[2025-05-24T05:30:18.643+0530] {logging_mixin.py:188} INFO - [2025-05-24T05:30:18.643+0530] {dag.py:3954} INFO - Setting next_dagrun for example_dag_decorator to None, run_after=None
[2025-05-24T05:30:18.658+0530] {processor.py:183} INFO - Processing /Library/Frameworks/Python.framework/Versions/3.12/lib/python3.12/site-packages/airflow/example_dags/example_dag_decorator.py took 0.577 seconds
[2025-05-24T05:33:01.886+0530] {processor.py:161} INFO - Started process (PID=20927) to work on /Library/Frameworks/Python.framework/Versions/3.12/lib/python3.12/site-packages/airflow/example_dags/example_dag_decorator.py
[2025-05-24T05:33:01.888+0530] {processor.py:830} INFO - Processing file /Library/Frameworks/Python.framework/Versions/3.12/lib/python3.12/site-packages/airflow/example_dags/example_dag_decorator.py for tasks to queue
[2025-05-24T05:33:01.889+0530] {logging_mixin.py:188} INFO - [2025-05-24T05:33:01.889+0530] {dagbag.py:540} INFO - Filling up the DagBag from /Library/Frameworks/Python.framework/Versions/3.12/lib/python3.12/site-packages/airflow/example_dags/example_dag_decorator.py
[2025-05-24T05:33:02.167+0530] {processor.py:840} INFO - DAG(s) 'example_dag_decorator' retrieved from /Library/Frameworks/Python.framework/Versions/3.12/lib/python3.12/site-packages/airflow/example_dags/example_dag_decorator.py
[2025-05-24T05:33:02.369+0530] {logging_mixin.py:188} INFO - [2025-05-24T05:33:02.369+0530] {dag.py:3096} INFO - Sync 1 DAGs
[2025-05-24T05:33:02.378+0530] {logging_mixin.py:188} INFO - [2025-05-24T05:33:02.378+0530] {dag.py:3954} INFO - Setting next_dagrun for example_dag_decorator to None, run_after=None
[2025-05-24T05:33:02.392+0530] {processor.py:183} INFO - Processing /Library/Frameworks/Python.framework/Versions/3.12/lib/python3.12/site-packages/airflow/example_dags/example_dag_decorator.py took 0.509 seconds
[2025-05-24T05:35:25.438+0530] {processor.py:161} INFO - Started process (PID=21056) to work on /Library/Frameworks/Python.framework/Versions/3.12/lib/python3.12/site-packages/airflow/example_dags/example_dag_decorator.py
[2025-05-24T05:35:25.440+0530] {processor.py:830} INFO - Processing file /Library/Frameworks/Python.framework/Versions/3.12/lib/python3.12/site-packages/airflow/example_dags/example_dag_decorator.py for tasks to queue
[2025-05-24T05:35:25.441+0530] {logging_mixin.py:188} INFO - [2025-05-24T05:35:25.441+0530] {dagbag.py:540} INFO - Filling up the DagBag from /Library/Frameworks/Python.framework/Versions/3.12/lib/python3.12/site-packages/airflow/example_dags/example_dag_decorator.py
[2025-05-24T05:35:25.719+0530] {processor.py:840} INFO - DAG(s) 'example_dag_decorator' retrieved from /Library/Frameworks/Python.framework/Versions/3.12/lib/python3.12/site-packages/airflow/example_dags/example_dag_decorator.py
[2025-05-24T05:35:25.935+0530] {logging_mixin.py:188} INFO - [2025-05-24T05:35:25.935+0530] {dag.py:3096} INFO - Sync 1 DAGs
[2025-05-24T05:35:25.944+0530] {logging_mixin.py:188} INFO - [2025-05-24T05:35:25.943+0530] {dag.py:3954} INFO - Setting next_dagrun for example_dag_decorator to None, run_after=None
[2025-05-24T05:35:25.959+0530] {processor.py:183} INFO - Processing /Library/Frameworks/Python.framework/Versions/3.12/lib/python3.12/site-packages/airflow/example_dags/example_dag_decorator.py took 0.526 seconds
[2025-05-24T05:37:45.645+0530] {processor.py:161} INFO - Started process (PID=21208) to work on /Library/Frameworks/Python.framework/Versions/3.12/lib/python3.12/site-packages/airflow/example_dags/example_dag_decorator.py
[2025-05-24T05:37:45.646+0530] {processor.py:830} INFO - Processing file /Library/Frameworks/Python.framework/Versions/3.12/lib/python3.12/site-packages/airflow/example_dags/example_dag_decorator.py for tasks to queue
[2025-05-24T05:37:45.647+0530] {logging_mixin.py:188} INFO - [2025-05-24T05:37:45.646+0530] {dagbag.py:540} INFO - Filling up the DagBag from /Library/Frameworks/Python.framework/Versions/3.12/lib/python3.12/site-packages/airflow/example_dags/example_dag_decorator.py
[2025-05-24T05:37:45.914+0530] {processor.py:840} INFO - DAG(s) 'example_dag_decorator' retrieved from /Library/Frameworks/Python.framework/Versions/3.12/lib/python3.12/site-packages/airflow/example_dags/example_dag_decorator.py
[2025-05-24T05:37:46.128+0530] {logging_mixin.py:188} INFO - [2025-05-24T05:37:46.127+0530] {dag.py:3096} INFO - Sync 1 DAGs
[2025-05-24T05:37:46.136+0530] {logging_mixin.py:188} INFO - [2025-05-24T05:37:46.136+0530] {dag.py:3954} INFO - Setting next_dagrun for example_dag_decorator to None, run_after=None
[2025-05-24T05:37:46.150+0530] {processor.py:183} INFO - Processing /Library/Frameworks/Python.framework/Versions/3.12/lib/python3.12/site-packages/airflow/example_dags/example_dag_decorator.py took 0.509 seconds
[2025-05-24T05:40:04.390+0530] {processor.py:161} INFO - Started process (PID=21357) to work on /Library/Frameworks/Python.framework/Versions/3.12/lib/python3.12/site-packages/airflow/example_dags/example_dag_decorator.py
[2025-05-24T05:40:04.392+0530] {processor.py:830} INFO - Processing file /Library/Frameworks/Python.framework/Versions/3.12/lib/python3.12/site-packages/airflow/example_dags/example_dag_decorator.py for tasks to queue
[2025-05-24T05:40:04.393+0530] {logging_mixin.py:188} INFO - [2025-05-24T05:40:04.392+0530] {dagbag.py:540} INFO - Filling up the DagBag from /Library/Frameworks/Python.framework/Versions/3.12/lib/python3.12/site-packages/airflow/example_dags/example_dag_decorator.py
[2025-05-24T05:40:04.655+0530] {processor.py:840} INFO - DAG(s) 'example_dag_decorator' retrieved from /Library/Frameworks/Python.framework/Versions/3.12/lib/python3.12/site-packages/airflow/example_dags/example_dag_decorator.py
[2025-05-24T05:40:04.864+0530] {logging_mixin.py:188} INFO - [2025-05-24T05:40:04.864+0530] {dag.py:3096} INFO - Sync 1 DAGs
[2025-05-24T05:40:04.872+0530] {logging_mixin.py:188} INFO - [2025-05-24T05:40:04.871+0530] {dag.py:3954} INFO - Setting next_dagrun for example_dag_decorator to None, run_after=None
[2025-05-24T05:40:04.885+0530] {processor.py:183} INFO - Processing /Library/Frameworks/Python.framework/Versions/3.12/lib/python3.12/site-packages/airflow/example_dags/example_dag_decorator.py took 0.498 seconds
[2025-05-24T05:42:28.757+0530] {processor.py:161} INFO - Started process (PID=21530) to work on /Library/Frameworks/Python.framework/Versions/3.12/lib/python3.12/site-packages/airflow/example_dags/example_dag_decorator.py
[2025-05-24T05:42:28.759+0530] {processor.py:830} INFO - Processing file /Library/Frameworks/Python.framework/Versions/3.12/lib/python3.12/site-packages/airflow/example_dags/example_dag_decorator.py for tasks to queue
[2025-05-24T05:42:28.759+0530] {logging_mixin.py:188} INFO - [2025-05-24T05:42:28.759+0530] {dagbag.py:540} INFO - Filling up the DagBag from /Library/Frameworks/Python.framework/Versions/3.12/lib/python3.12/site-packages/airflow/example_dags/example_dag_decorator.py
[2025-05-24T05:42:29.010+0530] {processor.py:840} INFO - DAG(s) 'example_dag_decorator' retrieved from /Library/Frameworks/Python.framework/Versions/3.12/lib/python3.12/site-packages/airflow/example_dags/example_dag_decorator.py
[2025-05-24T05:42:29.214+0530] {logging_mixin.py:188} INFO - [2025-05-24T05:42:29.214+0530] {dag.py:3096} INFO - Sync 1 DAGs
[2025-05-24T05:42:29.222+0530] {logging_mixin.py:188} INFO - [2025-05-24T05:42:29.222+0530] {dag.py:3954} INFO - Setting next_dagrun for example_dag_decorator to None, run_after=None
[2025-05-24T05:42:29.236+0530] {processor.py:183} INFO - Processing /Library/Frameworks/Python.framework/Versions/3.12/lib/python3.12/site-packages/airflow/example_dags/example_dag_decorator.py took 0.481 seconds
[2025-05-24T05:44:51.803+0530] {processor.py:161} INFO - Started process (PID=21999) to work on /Library/Frameworks/Python.framework/Versions/3.12/lib/python3.12/site-packages/airflow/example_dags/example_dag_decorator.py
[2025-05-24T05:44:51.804+0530] {processor.py:830} INFO - Processing file /Library/Frameworks/Python.framework/Versions/3.12/lib/python3.12/site-packages/airflow/example_dags/example_dag_decorator.py for tasks to queue
[2025-05-24T05:44:51.805+0530] {logging_mixin.py:188} INFO - [2025-05-24T05:44:51.805+0530] {dagbag.py:540} INFO - Filling up the DagBag from /Library/Frameworks/Python.framework/Versions/3.12/lib/python3.12/site-packages/airflow/example_dags/example_dag_decorator.py
[2025-05-24T05:44:52.084+0530] {processor.py:840} INFO - DAG(s) 'example_dag_decorator' retrieved from /Library/Frameworks/Python.framework/Versions/3.12/lib/python3.12/site-packages/airflow/example_dags/example_dag_decorator.py
[2025-05-24T05:44:52.303+0530] {logging_mixin.py:188} INFO - [2025-05-24T05:44:52.302+0530] {dag.py:3096} INFO - Sync 1 DAGs
[2025-05-24T05:44:52.310+0530] {logging_mixin.py:188} INFO - [2025-05-24T05:44:52.310+0530] {dag.py:3954} INFO - Setting next_dagrun for example_dag_decorator to None, run_after=None
[2025-05-24T05:44:52.325+0530] {processor.py:183} INFO - Processing /Library/Frameworks/Python.framework/Versions/3.12/lib/python3.12/site-packages/airflow/example_dags/example_dag_decorator.py took 0.525 seconds
