[2025-05-24T05:30:55.251+0530] {processor.py:161} INFO - Started process (PID=20845) to work on /Library/Frameworks/Python.framework/Versions/3.12/lib/python3.12/site-packages/airflow/example_dags/example_branch_datetime_operator.py
[2025-05-24T05:30:55.252+0530] {processor.py:830} INFO - Processing file /Library/Frameworks/Python.framework/Versions/3.12/lib/python3.12/site-packages/airflow/example_dags/example_branch_datetime_operator.py for tasks to queue
[2025-05-24T05:30:55.253+0530] {logging_mixin.py:188} INFO - [2025-05-24T05:30:55.253+0530] {dagbag.py:540} INFO - Filling up the DagBag from /Library/Frameworks/Python.framework/Versions/3.12/lib/python3.12/site-packages/airflow/example_dags/example_branch_datetime_operator.py
[2025-05-24T05:30:55.266+0530] {processor.py:840} INFO - DAG(s) 'example_branch_datetime_operator_2', 'example_branch_datetime_operator_3', 'example_branch_datetime_operator' retrieved from /Library/Frameworks/Python.framework/Versions/3.12/lib/python3.12/site-packages/airflow/example_dags/example_branch_datetime_operator.py
[2025-05-24T05:30:55.522+0530] {logging_mixin.py:188} INFO - [2025-05-24T05:30:55.522+0530] {dag.py:3096} INFO - Sync 3 DAGs
[2025-05-24T05:30:55.537+0530] {logging_mixin.py:188} INFO - [2025-05-24T05:30:55.537+0530] {dag.py:3954} INFO - Setting next_dagrun for example_branch_datetime_operator to 2025-05-23 00:00:00+00:00, run_after=2025-05-24 00:00:00+00:00
[2025-05-24T05:30:55.540+0530] {logging_mixin.py:188} INFO - [2025-05-24T05:30:55.540+0530] {dag.py:3954} INFO - Setting next_dagrun for example_branch_datetime_operator_2 to 2025-05-23 00:00:00+00:00, run_after=2025-05-24 00:00:00+00:00
[2025-05-24T05:30:55.542+0530] {logging_mixin.py:188} INFO - [2025-05-24T05:30:55.542+0530] {dag.py:3954} INFO - Setting next_dagrun for example_branch_datetime_operator_3 to 2025-05-23 00:00:00+00:00, run_after=2025-05-24 00:00:00+00:00
[2025-05-24T05:30:55.557+0530] {processor.py:183} INFO - Processing /Library/Frameworks/Python.framework/Versions/3.12/lib/python3.12/site-packages/airflow/example_dags/example_branch_datetime_operator.py took 0.309 seconds
[2025-05-24T05:33:20.732+0530] {processor.py:161} INFO - Started process (PID=20936) to work on /Library/Frameworks/Python.framework/Versions/3.12/lib/python3.12/site-packages/airflow/example_dags/example_branch_datetime_operator.py
[2025-05-24T05:33:20.734+0530] {processor.py:830} INFO - Processing file /Library/Frameworks/Python.framework/Versions/3.12/lib/python3.12/site-packages/airflow/example_dags/example_branch_datetime_operator.py for tasks to queue
[2025-05-24T05:33:20.735+0530] {logging_mixin.py:188} INFO - [2025-05-24T05:33:20.735+0530] {dagbag.py:540} INFO - Filling up the DagBag from /Library/Frameworks/Python.framework/Versions/3.12/lib/python3.12/site-packages/airflow/example_dags/example_branch_datetime_operator.py
[2025-05-24T05:33:20.747+0530] {processor.py:840} INFO - DAG(s) 'example_branch_datetime_operator_3', 'example_branch_datetime_operator_2', 'example_branch_datetime_operator' retrieved from /Library/Frameworks/Python.framework/Versions/3.12/lib/python3.12/site-packages/airflow/example_dags/example_branch_datetime_operator.py
[2025-05-24T05:33:20.888+0530] {logging_mixin.py:188} INFO - [2025-05-24T05:33:20.888+0530] {dag.py:3096} INFO - Sync 3 DAGs
[2025-05-24T05:33:20.907+0530] {logging_mixin.py:188} INFO - [2025-05-24T05:33:20.906+0530] {dag.py:3954} INFO - Setting next_dagrun for example_branch_datetime_operator to 2025-05-23 00:00:00+00:00, run_after=2025-05-24 00:00:00+00:00
[2025-05-24T05:33:20.911+0530] {logging_mixin.py:188} INFO - [2025-05-24T05:33:20.911+0530] {dag.py:3954} INFO - Setting next_dagrun for example_branch_datetime_operator_2 to 2025-05-23 00:00:00+00:00, run_after=2025-05-24 00:00:00+00:00
[2025-05-24T05:33:20.913+0530] {logging_mixin.py:188} INFO - [2025-05-24T05:33:20.913+0530] {dag.py:3954} INFO - Setting next_dagrun for example_branch_datetime_operator_3 to 2025-05-23 00:00:00+00:00, run_after=2025-05-24 00:00:00+00:00
[2025-05-24T05:33:20.928+0530] {processor.py:183} INFO - Processing /Library/Frameworks/Python.framework/Versions/3.12/lib/python3.12/site-packages/airflow/example_dags/example_branch_datetime_operator.py took 0.200 seconds
[2025-05-24T05:38:04.428+0530] {processor.py:161} INFO - Started process (PID=21225) to work on /Library/Frameworks/Python.framework/Versions/3.12/lib/python3.12/site-packages/airflow/example_dags/example_branch_datetime_operator.py
[2025-05-24T05:38:04.429+0530] {processor.py:830} INFO - Processing file /Library/Frameworks/Python.framework/Versions/3.12/lib/python3.12/site-packages/airflow/example_dags/example_branch_datetime_operator.py for tasks to queue
[2025-05-24T05:38:04.430+0530] {logging_mixin.py:188} INFO - [2025-05-24T05:38:04.430+0530] {dagbag.py:540} INFO - Filling up the DagBag from /Library/Frameworks/Python.framework/Versions/3.12/lib/python3.12/site-packages/airflow/example_dags/example_branch_datetime_operator.py
[2025-05-24T05:38:04.442+0530] {processor.py:840} INFO - DAG(s) 'example_branch_datetime_operator', 'example_branch_datetime_operator_3', 'example_branch_datetime_operator_2' retrieved from /Library/Frameworks/Python.framework/Versions/3.12/lib/python3.12/site-packages/airflow/example_dags/example_branch_datetime_operator.py
[2025-05-24T05:38:04.589+0530] {logging_mixin.py:188} INFO - [2025-05-24T05:38:04.588+0530] {dag.py:3096} INFO - Sync 3 DAGs
[2025-05-24T05:38:04.607+0530] {logging_mixin.py:188} INFO - [2025-05-24T05:38:04.607+0530] {dag.py:3954} INFO - Setting next_dagrun for example_branch_datetime_operator to 2025-05-23 00:00:00+00:00, run_after=2025-05-24 00:00:00+00:00
[2025-05-24T05:38:04.612+0530] {logging_mixin.py:188} INFO - [2025-05-24T05:38:04.612+0530] {dag.py:3954} INFO - Setting next_dagrun for example_branch_datetime_operator_2 to 2025-05-23 00:00:00+00:00, run_after=2025-05-24 00:00:00+00:00
[2025-05-24T05:38:04.614+0530] {logging_mixin.py:188} INFO - [2025-05-24T05:38:04.614+0530] {dag.py:3954} INFO - Setting next_dagrun for example_branch_datetime_operator_3 to 2025-05-23 00:00:00+00:00, run_after=2025-05-24 00:00:00+00:00
[2025-05-24T05:38:04.630+0530] {processor.py:183} INFO - Processing /Library/Frameworks/Python.framework/Versions/3.12/lib/python3.12/site-packages/airflow/example_dags/example_branch_datetime_operator.py took 0.204 seconds
[2025-05-24T05:42:47.499+0530] {processor.py:161} INFO - Started process (PID=21563) to work on /Library/Frameworks/Python.framework/Versions/3.12/lib/python3.12/site-packages/airflow/example_dags/example_branch_datetime_operator.py
[2025-05-24T05:42:47.501+0530] {processor.py:830} INFO - Processing file /Library/Frameworks/Python.framework/Versions/3.12/lib/python3.12/site-packages/airflow/example_dags/example_branch_datetime_operator.py for tasks to queue
[2025-05-24T05:42:47.501+0530] {logging_mixin.py:188} INFO - [2025-05-24T05:42:47.501+0530] {dagbag.py:540} INFO - Filling up the DagBag from /Library/Frameworks/Python.framework/Versions/3.12/lib/python3.12/site-packages/airflow/example_dags/example_branch_datetime_operator.py
[2025-05-24T05:42:47.514+0530] {processor.py:840} INFO - DAG(s) 'example_branch_datetime_operator_2', 'example_branch_datetime_operator', 'example_branch_datetime_operator_3' retrieved from /Library/Frameworks/Python.framework/Versions/3.12/lib/python3.12/site-packages/airflow/example_dags/example_branch_datetime_operator.py
[2025-05-24T05:42:47.662+0530] {logging_mixin.py:188} INFO - [2025-05-24T05:42:47.661+0530] {dag.py:3096} INFO - Sync 3 DAGs
[2025-05-24T05:42:47.680+0530] {logging_mixin.py:188} INFO - [2025-05-24T05:42:47.680+0530] {dag.py:3954} INFO - Setting next_dagrun for example_branch_datetime_operator to 2025-05-23 00:00:00+00:00, run_after=2025-05-24 00:00:00+00:00
[2025-05-24T05:42:47.684+0530] {logging_mixin.py:188} INFO - [2025-05-24T05:42:47.684+0530] {dag.py:3954} INFO - Setting next_dagrun for example_branch_datetime_operator_2 to 2025-05-23 00:00:00+00:00, run_after=2025-05-24 00:00:00+00:00
[2025-05-24T05:42:47.686+0530] {logging_mixin.py:188} INFO - [2025-05-24T05:42:47.686+0530] {dag.py:3954} INFO - Setting next_dagrun for example_branch_datetime_operator_3 to 2025-05-23 00:00:00+00:00, run_after=2025-05-24 00:00:00+00:00
[2025-05-24T05:42:47.701+0530] {processor.py:183} INFO - Processing /Library/Frameworks/Python.framework/Versions/3.12/lib/python3.12/site-packages/airflow/example_dags/example_branch_datetime_operator.py took 0.205 seconds
