[2025-05-24T05:31:42.621+0530] {processor.py:161} INFO - Started process (PID=20890) to work on /Library/Frameworks/Python.framework/Versions/3.12/lib/python3.12/site-packages/airflow/example_dags/example_trigger_controller_dag.py
[2025-05-24T05:31:42.622+0530] {processor.py:830} INFO - Processing file /Library/Frameworks/Python.framework/Versions/3.12/lib/python3.12/site-packages/airflow/example_dags/example_trigger_controller_dag.py for tasks to queue
[2025-05-24T05:31:42.622+0530] {logging_mixin.py:188} INFO - [2025-05-24T05:31:42.622+0530] {dagbag.py:540} INFO - Filling up the DagBag from /Library/Frameworks/Python.framework/Versions/3.12/lib/python3.12/site-packages/airflow/example_dags/example_trigger_controller_dag.py
[2025-05-24T05:31:42.634+0530] {processor.py:840} INFO - DAG(s) 'example_trigger_controller_dag' retrieved from /Library/Frameworks/Python.framework/Versions/3.12/lib/python3.12/site-packages/airflow/example_dags/example_trigger_controller_dag.py
[2025-05-24T05:31:42.773+0530] {logging_mixin.py:188} INFO - [2025-05-24T05:31:42.772+0530] {dag.py:3096} INFO - Sync 1 DAGs
[2025-05-24T05:31:42.791+0530] {logging_mixin.py:188} INFO - [2025-05-24T05:31:42.790+0530] {dag.py:3954} INFO - Setting next_dagrun for example_trigger_controller_dag to 2021-01-01 00:00:00+00:00, run_after=2021-01-01 00:00:00+00:00
[2025-05-24T05:31:42.810+0530] {processor.py:183} INFO - Processing /Library/Frameworks/Python.framework/Versions/3.12/lib/python3.12/site-packages/airflow/example_dags/example_trigger_controller_dag.py took 0.193 seconds
[2025-05-24T05:34:03.542+0530] {processor.py:161} INFO - Started process (PID=20964) to work on /Library/Frameworks/Python.framework/Versions/3.12/lib/python3.12/site-packages/airflow/example_dags/example_trigger_controller_dag.py
[2025-05-24T05:34:03.544+0530] {processor.py:830} INFO - Processing file /Library/Frameworks/Python.framework/Versions/3.12/lib/python3.12/site-packages/airflow/example_dags/example_trigger_controller_dag.py for tasks to queue
[2025-05-24T05:34:03.545+0530] {logging_mixin.py:188} INFO - [2025-05-24T05:34:03.544+0530] {dagbag.py:540} INFO - Filling up the DagBag from /Library/Frameworks/Python.framework/Versions/3.12/lib/python3.12/site-packages/airflow/example_dags/example_trigger_controller_dag.py
[2025-05-24T05:34:03.557+0530] {processor.py:840} INFO - DAG(s) 'example_trigger_controller_dag' retrieved from /Library/Frameworks/Python.framework/Versions/3.12/lib/python3.12/site-packages/airflow/example_dags/example_trigger_controller_dag.py
[2025-05-24T05:34:03.696+0530] {logging_mixin.py:188} INFO - [2025-05-24T05:34:03.696+0530] {dag.py:3096} INFO - Sync 1 DAGs
[2025-05-24T05:34:03.715+0530] {logging_mixin.py:188} INFO - [2025-05-24T05:34:03.715+0530] {dag.py:3954} INFO - Setting next_dagrun for example_trigger_controller_dag to 2021-01-01 00:00:00+00:00, run_after=2021-01-01 00:00:00+00:00
[2025-05-24T05:34:03.733+0530] {processor.py:183} INFO - Processing /Library/Frameworks/Python.framework/Versions/3.12/lib/python3.12/site-packages/airflow/example_dags/example_trigger_controller_dag.py took 0.193 seconds
[2025-05-24T05:36:26.142+0530] {processor.py:161} INFO - Started process (PID=21145) to work on /Library/Frameworks/Python.framework/Versions/3.12/lib/python3.12/site-packages/airflow/example_dags/example_trigger_controller_dag.py
[2025-05-24T05:36:26.143+0530] {processor.py:830} INFO - Processing file /Library/Frameworks/Python.framework/Versions/3.12/lib/python3.12/site-packages/airflow/example_dags/example_trigger_controller_dag.py for tasks to queue
[2025-05-24T05:36:26.144+0530] {logging_mixin.py:188} INFO - [2025-05-24T05:36:26.144+0530] {dagbag.py:540} INFO - Filling up the DagBag from /Library/Frameworks/Python.framework/Versions/3.12/lib/python3.12/site-packages/airflow/example_dags/example_trigger_controller_dag.py
[2025-05-24T05:36:26.155+0530] {processor.py:840} INFO - DAG(s) 'example_trigger_controller_dag' retrieved from /Library/Frameworks/Python.framework/Versions/3.12/lib/python3.12/site-packages/airflow/example_dags/example_trigger_controller_dag.py
[2025-05-24T05:36:26.306+0530] {logging_mixin.py:188} INFO - [2025-05-24T05:36:26.305+0530] {dag.py:3096} INFO - Sync 1 DAGs
[2025-05-24T05:36:26.324+0530] {logging_mixin.py:188} INFO - [2025-05-24T05:36:26.324+0530] {dag.py:3954} INFO - Setting next_dagrun for example_trigger_controller_dag to 2021-01-01 00:00:00+00:00, run_after=2021-01-01 00:00:00+00:00
[2025-05-24T05:36:26.343+0530] {processor.py:183} INFO - Processing /Library/Frameworks/Python.framework/Versions/3.12/lib/python3.12/site-packages/airflow/example_dags/example_trigger_controller_dag.py took 0.204 seconds
[2025-05-24T05:38:44.499+0530] {processor.py:161} INFO - Started process (PID=21244) to work on /Library/Frameworks/Python.framework/Versions/3.12/lib/python3.12/site-packages/airflow/example_dags/example_trigger_controller_dag.py
[2025-05-24T05:38:44.501+0530] {processor.py:830} INFO - Processing file /Library/Frameworks/Python.framework/Versions/3.12/lib/python3.12/site-packages/airflow/example_dags/example_trigger_controller_dag.py for tasks to queue
[2025-05-24T05:38:44.502+0530] {logging_mixin.py:188} INFO - [2025-05-24T05:38:44.502+0530] {dagbag.py:540} INFO - Filling up the DagBag from /Library/Frameworks/Python.framework/Versions/3.12/lib/python3.12/site-packages/airflow/example_dags/example_trigger_controller_dag.py
[2025-05-24T05:38:44.514+0530] {processor.py:840} INFO - DAG(s) 'example_trigger_controller_dag' retrieved from /Library/Frameworks/Python.framework/Versions/3.12/lib/python3.12/site-packages/airflow/example_dags/example_trigger_controller_dag.py
[2025-05-24T05:38:44.648+0530] {logging_mixin.py:188} INFO - [2025-05-24T05:38:44.648+0530] {dag.py:3096} INFO - Sync 1 DAGs
[2025-05-24T05:38:44.665+0530] {logging_mixin.py:188} INFO - [2025-05-24T05:38:44.665+0530] {dag.py:3954} INFO - Setting next_dagrun for example_trigger_controller_dag to 2021-01-01 00:00:00+00:00, run_after=2021-01-01 00:00:00+00:00
[2025-05-24T05:38:44.683+0530] {processor.py:183} INFO - Processing /Library/Frameworks/Python.framework/Versions/3.12/lib/python3.12/site-packages/airflow/example_dags/example_trigger_controller_dag.py took 0.189 seconds
[2025-05-24T05:41:09.136+0530] {processor.py:161} INFO - Started process (PID=21440) to work on /Library/Frameworks/Python.framework/Versions/3.12/lib/python3.12/site-packages/airflow/example_dags/example_trigger_controller_dag.py
[2025-05-24T05:41:09.138+0530] {processor.py:830} INFO - Processing file /Library/Frameworks/Python.framework/Versions/3.12/lib/python3.12/site-packages/airflow/example_dags/example_trigger_controller_dag.py for tasks to queue
[2025-05-24T05:41:09.140+0530] {logging_mixin.py:188} INFO - [2025-05-24T05:41:09.139+0530] {dagbag.py:540} INFO - Filling up the DagBag from /Library/Frameworks/Python.framework/Versions/3.12/lib/python3.12/site-packages/airflow/example_dags/example_trigger_controller_dag.py
[2025-05-24T05:41:09.151+0530] {processor.py:840} INFO - DAG(s) 'example_trigger_controller_dag' retrieved from /Library/Frameworks/Python.framework/Versions/3.12/lib/python3.12/site-packages/airflow/example_dags/example_trigger_controller_dag.py
[2025-05-24T05:41:09.284+0530] {logging_mixin.py:188} INFO - [2025-05-24T05:41:09.284+0530] {dag.py:3096} INFO - Sync 1 DAGs
[2025-05-24T05:41:09.302+0530] {logging_mixin.py:188} INFO - [2025-05-24T05:41:09.302+0530] {dag.py:3954} INFO - Setting next_dagrun for example_trigger_controller_dag to 2021-01-01 00:00:00+00:00, run_after=2021-01-01 00:00:00+00:00
[2025-05-24T05:41:09.323+0530] {processor.py:183} INFO - Processing /Library/Frameworks/Python.framework/Versions/3.12/lib/python3.12/site-packages/airflow/example_dags/example_trigger_controller_dag.py took 0.190 seconds
[2025-05-24T05:43:30.677+0530] {processor.py:161} INFO - Started process (PID=21818) to work on /Library/Frameworks/Python.framework/Versions/3.12/lib/python3.12/site-packages/airflow/example_dags/example_trigger_controller_dag.py
[2025-05-24T05:43:30.678+0530] {processor.py:830} INFO - Processing file /Library/Frameworks/Python.framework/Versions/3.12/lib/python3.12/site-packages/airflow/example_dags/example_trigger_controller_dag.py for tasks to queue
[2025-05-24T05:43:30.679+0530] {logging_mixin.py:188} INFO - [2025-05-24T05:43:30.679+0530] {dagbag.py:540} INFO - Filling up the DagBag from /Library/Frameworks/Python.framework/Versions/3.12/lib/python3.12/site-packages/airflow/example_dags/example_trigger_controller_dag.py
[2025-05-24T05:43:30.690+0530] {processor.py:840} INFO - DAG(s) 'example_trigger_controller_dag' retrieved from /Library/Frameworks/Python.framework/Versions/3.12/lib/python3.12/site-packages/airflow/example_dags/example_trigger_controller_dag.py
[2025-05-24T05:43:30.831+0530] {logging_mixin.py:188} INFO - [2025-05-24T05:43:30.831+0530] {dag.py:3096} INFO - Sync 1 DAGs
[2025-05-24T05:43:30.848+0530] {logging_mixin.py:188} INFO - [2025-05-24T05:43:30.847+0530] {dag.py:3954} INFO - Setting next_dagrun for example_trigger_controller_dag to 2021-01-01 00:00:00+00:00, run_after=2021-01-01 00:00:00+00:00
[2025-05-24T05:43:30.865+0530] {processor.py:183} INFO - Processing /Library/Frameworks/Python.framework/Versions/3.12/lib/python3.12/site-packages/airflow/example_dags/example_trigger_controller_dag.py took 0.192 seconds
[2025-05-24T05:45:57.734+0530] {processor.py:161} INFO - Started process (PID=22087) to work on /Library/Frameworks/Python.framework/Versions/3.12/lib/python3.12/site-packages/airflow/example_dags/example_trigger_controller_dag.py
[2025-05-24T05:45:57.736+0530] {processor.py:830} INFO - Processing file /Library/Frameworks/Python.framework/Versions/3.12/lib/python3.12/site-packages/airflow/example_dags/example_trigger_controller_dag.py for tasks to queue
[2025-05-24T05:45:57.737+0530] {logging_mixin.py:188} INFO - [2025-05-24T05:45:57.736+0530] {dagbag.py:540} INFO - Filling up the DagBag from /Library/Frameworks/Python.framework/Versions/3.12/lib/python3.12/site-packages/airflow/example_dags/example_trigger_controller_dag.py
[2025-05-24T05:45:57.748+0530] {processor.py:840} INFO - DAG(s) 'example_trigger_controller_dag' retrieved from /Library/Frameworks/Python.framework/Versions/3.12/lib/python3.12/site-packages/airflow/example_dags/example_trigger_controller_dag.py
[2025-05-24T05:45:57.885+0530] {logging_mixin.py:188} INFO - [2025-05-24T05:45:57.885+0530] {dag.py:3096} INFO - Sync 1 DAGs
[2025-05-24T05:45:57.904+0530] {logging_mixin.py:188} INFO - [2025-05-24T05:45:57.903+0530] {dag.py:3954} INFO - Setting next_dagrun for example_trigger_controller_dag to 2021-01-01 00:00:00+00:00, run_after=2021-01-01 00:00:00+00:00
[2025-05-24T05:45:57.923+0530] {processor.py:183} INFO - Processing /Library/Frameworks/Python.framework/Versions/3.12/lib/python3.12/site-packages/airflow/example_dags/example_trigger_controller_dag.py took 0.194 seconds
