[2025-05-24T05:32:22.649+0530] {processor.py:161} INFO - Started process (PID=20911) to work on /Library/Frameworks/Python.framework/Versions/3.12/lib/python3.12/site-packages/airflow/example_dags/example_python_decorator.py
[2025-05-24T05:32:22.650+0530] {processor.py:830} INFO - Processing file /Library/Frameworks/Python.framework/Versions/3.12/lib/python3.12/site-packages/airflow/example_dags/example_python_decorator.py for tasks to queue
[2025-05-24T05:32:22.651+0530] {logging_mixin.py:188} INFO - [2025-05-24T05:32:22.650+0530] {dagbag.py:540} INFO - Filling up the DagBag from /Library/Frameworks/Python.framework/Versions/3.12/lib/python3.12/site-packages/airflow/example_dags/example_python_decorator.py
[2025-05-24T05:32:22.687+0530] {logging_mixin.py:188} INFO - [2025-05-24T05:32:22.687+0530] {example_python_decorator.py:80} WARNING - The virtalenv_python example task requires virtualenv, please install it.
[2025-05-24T05:32:22.689+0530] {processor.py:840} INFO - DAG(s) 'example_python_decorator' retrieved from /Library/Frameworks/Python.framework/Versions/3.12/lib/python3.12/site-packages/airflow/example_dags/example_python_decorator.py
[2025-05-24T05:32:22.844+0530] {logging_mixin.py:188} INFO - [2025-05-24T05:32:22.844+0530] {dag.py:3096} INFO - Sync 1 DAGs
[2025-05-24T05:32:22.853+0530] {logging_mixin.py:188} INFO - [2025-05-24T05:32:22.853+0530] {dag.py:3954} INFO - Setting next_dagrun for example_python_decorator to None, run_after=None
[2025-05-24T05:32:22.869+0530] {processor.py:183} INFO - Processing /Library/Frameworks/Python.framework/Versions/3.12/lib/python3.12/site-packages/airflow/example_dags/example_python_decorator.py took 0.224 seconds
[2025-05-24T05:34:43.840+0530] {processor.py:161} INFO - Started process (PID=21013) to work on /Library/Frameworks/Python.framework/Versions/3.12/lib/python3.12/site-packages/airflow/example_dags/example_python_decorator.py
[2025-05-24T05:34:43.841+0530] {processor.py:830} INFO - Processing file /Library/Frameworks/Python.framework/Versions/3.12/lib/python3.12/site-packages/airflow/example_dags/example_python_decorator.py for tasks to queue
[2025-05-24T05:34:43.842+0530] {logging_mixin.py:188} INFO - [2025-05-24T05:34:43.842+0530] {dagbag.py:540} INFO - Filling up the DagBag from /Library/Frameworks/Python.framework/Versions/3.12/lib/python3.12/site-packages/airflow/example_dags/example_python_decorator.py
[2025-05-24T05:34:43.878+0530] {logging_mixin.py:188} INFO - [2025-05-24T05:34:43.878+0530] {example_python_decorator.py:80} WARNING - The virtalenv_python example task requires virtualenv, please install it.
[2025-05-24T05:34:43.880+0530] {processor.py:840} INFO - DAG(s) 'example_python_decorator' retrieved from /Library/Frameworks/Python.framework/Versions/3.12/lib/python3.12/site-packages/airflow/example_dags/example_python_decorator.py
[2025-05-24T05:34:44.039+0530] {logging_mixin.py:188} INFO - [2025-05-24T05:34:44.038+0530] {dag.py:3096} INFO - Sync 1 DAGs
[2025-05-24T05:34:44.048+0530] {logging_mixin.py:188} INFO - [2025-05-24T05:34:44.047+0530] {dag.py:3954} INFO - Setting next_dagrun for example_python_decorator to None, run_after=None
[2025-05-24T05:34:44.064+0530] {processor.py:183} INFO - Processing /Library/Frameworks/Python.framework/Versions/3.12/lib/python3.12/site-packages/airflow/example_dags/example_python_decorator.py took 0.227 seconds
[2025-05-24T05:37:03.149+0530] {processor.py:161} INFO - Started process (PID=21185) to work on /Library/Frameworks/Python.framework/Versions/3.12/lib/python3.12/site-packages/airflow/example_dags/example_python_decorator.py
[2025-05-24T05:37:03.151+0530] {processor.py:830} INFO - Processing file /Library/Frameworks/Python.framework/Versions/3.12/lib/python3.12/site-packages/airflow/example_dags/example_python_decorator.py for tasks to queue
[2025-05-24T05:37:03.152+0530] {logging_mixin.py:188} INFO - [2025-05-24T05:37:03.152+0530] {dagbag.py:540} INFO - Filling up the DagBag from /Library/Frameworks/Python.framework/Versions/3.12/lib/python3.12/site-packages/airflow/example_dags/example_python_decorator.py
[2025-05-24T05:37:03.189+0530] {logging_mixin.py:188} INFO - [2025-05-24T05:37:03.189+0530] {example_python_decorator.py:80} WARNING - The virtalenv_python example task requires virtualenv, please install it.
[2025-05-24T05:37:03.191+0530] {processor.py:840} INFO - DAG(s) 'example_python_decorator' retrieved from /Library/Frameworks/Python.framework/Versions/3.12/lib/python3.12/site-packages/airflow/example_dags/example_python_decorator.py
[2025-05-24T05:37:03.345+0530] {logging_mixin.py:188} INFO - [2025-05-24T05:37:03.344+0530] {dag.py:3096} INFO - Sync 1 DAGs
[2025-05-24T05:37:03.354+0530] {logging_mixin.py:188} INFO - [2025-05-24T05:37:03.354+0530] {dag.py:3954} INFO - Setting next_dagrun for example_python_decorator to None, run_after=None
[2025-05-24T05:37:03.371+0530] {processor.py:183} INFO - Processing /Library/Frameworks/Python.framework/Versions/3.12/lib/python3.12/site-packages/airflow/example_dags/example_python_decorator.py took 0.227 seconds
[2025-05-24T05:39:24.873+0530] {processor.py:161} INFO - Started process (PID=21307) to work on /Library/Frameworks/Python.framework/Versions/3.12/lib/python3.12/site-packages/airflow/example_dags/example_python_decorator.py
[2025-05-24T05:39:24.874+0530] {processor.py:830} INFO - Processing file /Library/Frameworks/Python.framework/Versions/3.12/lib/python3.12/site-packages/airflow/example_dags/example_python_decorator.py for tasks to queue
[2025-05-24T05:39:24.875+0530] {logging_mixin.py:188} INFO - [2025-05-24T05:39:24.875+0530] {dagbag.py:540} INFO - Filling up the DagBag from /Library/Frameworks/Python.framework/Versions/3.12/lib/python3.12/site-packages/airflow/example_dags/example_python_decorator.py
[2025-05-24T05:39:24.912+0530] {logging_mixin.py:188} INFO - [2025-05-24T05:39:24.911+0530] {example_python_decorator.py:80} WARNING - The virtalenv_python example task requires virtualenv, please install it.
[2025-05-24T05:39:24.914+0530] {processor.py:840} INFO - DAG(s) 'example_python_decorator' retrieved from /Library/Frameworks/Python.framework/Versions/3.12/lib/python3.12/site-packages/airflow/example_dags/example_python_decorator.py
[2025-05-24T05:39:25.073+0530] {logging_mixin.py:188} INFO - [2025-05-24T05:39:25.072+0530] {dag.py:3096} INFO - Sync 1 DAGs
[2025-05-24T05:39:25.083+0530] {logging_mixin.py:188} INFO - [2025-05-24T05:39:25.082+0530] {dag.py:3954} INFO - Setting next_dagrun for example_python_decorator to None, run_after=None
[2025-05-24T05:39:25.101+0530] {processor.py:183} INFO - Processing /Library/Frameworks/Python.framework/Versions/3.12/lib/python3.12/site-packages/airflow/example_dags/example_python_decorator.py took 0.230 seconds
[2025-05-24T05:41:49.481+0530] {processor.py:161} INFO - Started process (PID=21489) to work on /Library/Frameworks/Python.framework/Versions/3.12/lib/python3.12/site-packages/airflow/example_dags/example_python_decorator.py
[2025-05-24T05:41:49.483+0530] {processor.py:830} INFO - Processing file /Library/Frameworks/Python.framework/Versions/3.12/lib/python3.12/site-packages/airflow/example_dags/example_python_decorator.py for tasks to queue
[2025-05-24T05:41:49.483+0530] {logging_mixin.py:188} INFO - [2025-05-24T05:41:49.483+0530] {dagbag.py:540} INFO - Filling up the DagBag from /Library/Frameworks/Python.framework/Versions/3.12/lib/python3.12/site-packages/airflow/example_dags/example_python_decorator.py
[2025-05-24T05:41:49.520+0530] {logging_mixin.py:188} INFO - [2025-05-24T05:41:49.520+0530] {example_python_decorator.py:80} WARNING - The virtalenv_python example task requires virtualenv, please install it.
[2025-05-24T05:41:49.522+0530] {processor.py:840} INFO - DAG(s) 'example_python_decorator' retrieved from /Library/Frameworks/Python.framework/Versions/3.12/lib/python3.12/site-packages/airflow/example_dags/example_python_decorator.py
[2025-05-24T05:41:49.682+0530] {logging_mixin.py:188} INFO - [2025-05-24T05:41:49.682+0530] {dag.py:3096} INFO - Sync 1 DAGs
[2025-05-24T05:41:49.692+0530] {logging_mixin.py:188} INFO - [2025-05-24T05:41:49.692+0530] {dag.py:3954} INFO - Setting next_dagrun for example_python_decorator to None, run_after=None
[2025-05-24T05:41:49.711+0530] {processor.py:183} INFO - Processing /Library/Frameworks/Python.framework/Versions/3.12/lib/python3.12/site-packages/airflow/example_dags/example_python_decorator.py took 0.233 seconds
[2025-05-24T05:44:11.443+0530] {processor.py:161} INFO - Started process (PID=21946) to work on /Library/Frameworks/Python.framework/Versions/3.12/lib/python3.12/site-packages/airflow/example_dags/example_python_decorator.py
[2025-05-24T05:44:11.445+0530] {processor.py:830} INFO - Processing file /Library/Frameworks/Python.framework/Versions/3.12/lib/python3.12/site-packages/airflow/example_dags/example_python_decorator.py for tasks to queue
[2025-05-24T05:44:11.446+0530] {logging_mixin.py:188} INFO - [2025-05-24T05:44:11.446+0530] {dagbag.py:540} INFO - Filling up the DagBag from /Library/Frameworks/Python.framework/Versions/3.12/lib/python3.12/site-packages/airflow/example_dags/example_python_decorator.py
[2025-05-24T05:44:11.483+0530] {logging_mixin.py:188} INFO - [2025-05-24T05:44:11.483+0530] {example_python_decorator.py:80} WARNING - The virtalenv_python example task requires virtualenv, please install it.
[2025-05-24T05:44:11.485+0530] {processor.py:840} INFO - DAG(s) 'example_python_decorator' retrieved from /Library/Frameworks/Python.framework/Versions/3.12/lib/python3.12/site-packages/airflow/example_dags/example_python_decorator.py
[2025-05-24T05:44:11.671+0530] {logging_mixin.py:188} INFO - [2025-05-24T05:44:11.670+0530] {dag.py:3096} INFO - Sync 1 DAGs
[2025-05-24T05:44:11.681+0530] {logging_mixin.py:188} INFO - [2025-05-24T05:44:11.681+0530] {dag.py:3954} INFO - Setting next_dagrun for example_python_decorator to None, run_after=None
[2025-05-24T05:44:11.704+0530] {processor.py:183} INFO - Processing /Library/Frameworks/Python.framework/Versions/3.12/lib/python3.12/site-packages/airflow/example_dags/example_python_decorator.py took 0.264 seconds
