[2025-05-24T05:31:56.623+0530] {processor.py:161} INFO - Started process (PID=20895) to work on /Library/Frameworks/Python.framework/Versions/3.12/lib/python3.12/site-packages/airflow/example_dags/example_sla_dag.py
[2025-05-24T05:31:56.624+0530] {processor.py:830} INFO - Processing file /Library/Frameworks/Python.framework/Versions/3.12/lib/python3.12/site-packages/airflow/example_dags/example_sla_dag.py for tasks to queue
[2025-05-24T05:31:56.625+0530] {logging_mixin.py:188} INFO - [2025-05-24T05:31:56.625+0530] {dagbag.py:540} INFO - Filling up the DagBag from /Library/Frameworks/Python.framework/Versions/3.12/lib/python3.12/site-packages/airflow/example_dags/example_sla_dag.py
[2025-05-24T05:31:56.666+0530] {processor.py:840} INFO - DAG(s) 'example_sla_dag' retrieved from /Library/Frameworks/Python.framework/Versions/3.12/lib/python3.12/site-packages/airflow/example_dags/example_sla_dag.py
[2025-05-24T05:31:56.815+0530] {logging_mixin.py:188} INFO - [2025-05-24T05:31:56.814+0530] {dag.py:3096} INFO - Sync 1 DAGs
[2025-05-24T05:31:56.835+0530] {logging_mixin.py:188} INFO - [2025-05-24T05:31:56.835+0530] {dag.py:3954} INFO - Setting next_dagrun for example_sla_dag to 2025-05-23 23:58:00+00:00, run_after=2025-05-24 00:00:00+00:00
[2025-05-24T05:31:56.850+0530] {processor.py:183} INFO - Processing /Library/Frameworks/Python.framework/Versions/3.12/lib/python3.12/site-packages/airflow/example_dags/example_sla_dag.py took 0.232 seconds
[2025-05-24T05:34:17.652+0530] {processor.py:161} INFO - Started process (PID=20980) to work on /Library/Frameworks/Python.framework/Versions/3.12/lib/python3.12/site-packages/airflow/example_dags/example_sla_dag.py
[2025-05-24T05:34:17.653+0530] {processor.py:830} INFO - Processing file /Library/Frameworks/Python.framework/Versions/3.12/lib/python3.12/site-packages/airflow/example_dags/example_sla_dag.py for tasks to queue
[2025-05-24T05:34:17.654+0530] {logging_mixin.py:188} INFO - [2025-05-24T05:34:17.654+0530] {dagbag.py:540} INFO - Filling up the DagBag from /Library/Frameworks/Python.framework/Versions/3.12/lib/python3.12/site-packages/airflow/example_dags/example_sla_dag.py
[2025-05-24T05:34:17.691+0530] {processor.py:840} INFO - DAG(s) 'example_sla_dag' retrieved from /Library/Frameworks/Python.framework/Versions/3.12/lib/python3.12/site-packages/airflow/example_dags/example_sla_dag.py
[2025-05-24T05:34:17.835+0530] {logging_mixin.py:188} INFO - [2025-05-24T05:34:17.834+0530] {dag.py:3096} INFO - Sync 1 DAGs
[2025-05-24T05:34:17.855+0530] {logging_mixin.py:188} INFO - [2025-05-24T05:34:17.855+0530] {dag.py:3954} INFO - Setting next_dagrun for example_sla_dag to 2025-05-24 00:02:00+00:00, run_after=2025-05-24 00:04:00+00:00
[2025-05-24T05:34:17.870+0530] {processor.py:183} INFO - Processing /Library/Frameworks/Python.framework/Versions/3.12/lib/python3.12/site-packages/airflow/example_dags/example_sla_dag.py took 0.222 seconds
[2025-05-24T05:36:40.058+0530] {processor.py:161} INFO - Started process (PID=21163) to work on /Library/Frameworks/Python.framework/Versions/3.12/lib/python3.12/site-packages/airflow/example_dags/example_sla_dag.py
[2025-05-24T05:36:40.060+0530] {processor.py:830} INFO - Processing file /Library/Frameworks/Python.framework/Versions/3.12/lib/python3.12/site-packages/airflow/example_dags/example_sla_dag.py for tasks to queue
[2025-05-24T05:36:40.060+0530] {logging_mixin.py:188} INFO - [2025-05-24T05:36:40.060+0530] {dagbag.py:540} INFO - Filling up the DagBag from /Library/Frameworks/Python.framework/Versions/3.12/lib/python3.12/site-packages/airflow/example_dags/example_sla_dag.py
[2025-05-24T05:36:40.097+0530] {processor.py:840} INFO - DAG(s) 'example_sla_dag' retrieved from /Library/Frameworks/Python.framework/Versions/3.12/lib/python3.12/site-packages/airflow/example_dags/example_sla_dag.py
[2025-05-24T05:36:40.237+0530] {logging_mixin.py:188} INFO - [2025-05-24T05:36:40.237+0530] {dag.py:3096} INFO - Sync 1 DAGs
[2025-05-24T05:36:40.255+0530] {logging_mixin.py:188} INFO - [2025-05-24T05:36:40.255+0530] {dag.py:3954} INFO - Setting next_dagrun for example_sla_dag to 2025-05-24 00:04:00+00:00, run_after=2025-05-24 00:06:00+00:00
[2025-05-24T05:36:40.270+0530] {processor.py:183} INFO - Processing /Library/Frameworks/Python.framework/Versions/3.12/lib/python3.12/site-packages/airflow/example_dags/example_sla_dag.py took 0.216 seconds
[2025-05-24T05:38:59.161+0530] {processor.py:161} INFO - Started process (PID=21277) to work on /Library/Frameworks/Python.framework/Versions/3.12/lib/python3.12/site-packages/airflow/example_dags/example_sla_dag.py
[2025-05-24T05:38:59.163+0530] {processor.py:830} INFO - Processing file /Library/Frameworks/Python.framework/Versions/3.12/lib/python3.12/site-packages/airflow/example_dags/example_sla_dag.py for tasks to queue
[2025-05-24T05:38:59.164+0530] {logging_mixin.py:188} INFO - [2025-05-24T05:38:59.164+0530] {dagbag.py:540} INFO - Filling up the DagBag from /Library/Frameworks/Python.framework/Versions/3.12/lib/python3.12/site-packages/airflow/example_dags/example_sla_dag.py
[2025-05-24T05:38:59.202+0530] {processor.py:840} INFO - DAG(s) 'example_sla_dag' retrieved from /Library/Frameworks/Python.framework/Versions/3.12/lib/python3.12/site-packages/airflow/example_dags/example_sla_dag.py
[2025-05-24T05:38:59.352+0530] {logging_mixin.py:188} INFO - [2025-05-24T05:38:59.352+0530] {dag.py:3096} INFO - Sync 1 DAGs
[2025-05-24T05:38:59.373+0530] {logging_mixin.py:188} INFO - [2025-05-24T05:38:59.373+0530] {dag.py:3954} INFO - Setting next_dagrun for example_sla_dag to 2025-05-24 00:06:00+00:00, run_after=2025-05-24 00:08:00+00:00
[2025-05-24T05:38:59.389+0530] {processor.py:183} INFO - Processing /Library/Frameworks/Python.framework/Versions/3.12/lib/python3.12/site-packages/airflow/example_dags/example_sla_dag.py took 0.231 seconds
[2025-05-24T05:41:23.199+0530] {processor.py:161} INFO - Started process (PID=21448) to work on /Library/Frameworks/Python.framework/Versions/3.12/lib/python3.12/site-packages/airflow/example_dags/example_sla_dag.py
[2025-05-24T05:41:23.200+0530] {processor.py:830} INFO - Processing file /Library/Frameworks/Python.framework/Versions/3.12/lib/python3.12/site-packages/airflow/example_dags/example_sla_dag.py for tasks to queue
[2025-05-24T05:41:23.201+0530] {logging_mixin.py:188} INFO - [2025-05-24T05:41:23.201+0530] {dagbag.py:540} INFO - Filling up the DagBag from /Library/Frameworks/Python.framework/Versions/3.12/lib/python3.12/site-packages/airflow/example_dags/example_sla_dag.py
[2025-05-24T05:41:23.238+0530] {processor.py:840} INFO - DAG(s) 'example_sla_dag' retrieved from /Library/Frameworks/Python.framework/Versions/3.12/lib/python3.12/site-packages/airflow/example_dags/example_sla_dag.py
[2025-05-24T05:41:23.395+0530] {logging_mixin.py:188} INFO - [2025-05-24T05:41:23.394+0530] {dag.py:3096} INFO - Sync 1 DAGs
[2025-05-24T05:41:23.415+0530] {logging_mixin.py:188} INFO - [2025-05-24T05:41:23.415+0530] {dag.py:3954} INFO - Setting next_dagrun for example_sla_dag to 2025-05-24 00:08:00+00:00, run_after=2025-05-24 00:10:00+00:00
[2025-05-24T05:41:23.432+0530] {processor.py:183} INFO - Processing /Library/Frameworks/Python.framework/Versions/3.12/lib/python3.12/site-packages/airflow/example_dags/example_sla_dag.py took 0.235 seconds
[2025-05-24T05:43:45.269+0530] {processor.py:161} INFO - Started process (PID=21919) to work on /Library/Frameworks/Python.framework/Versions/3.12/lib/python3.12/site-packages/airflow/example_dags/example_sla_dag.py
[2025-05-24T05:43:45.271+0530] {processor.py:830} INFO - Processing file /Library/Frameworks/Python.framework/Versions/3.12/lib/python3.12/site-packages/airflow/example_dags/example_sla_dag.py for tasks to queue
[2025-05-24T05:43:45.272+0530] {logging_mixin.py:188} INFO - [2025-05-24T05:43:45.272+0530] {dagbag.py:540} INFO - Filling up the DagBag from /Library/Frameworks/Python.framework/Versions/3.12/lib/python3.12/site-packages/airflow/example_dags/example_sla_dag.py
[2025-05-24T05:43:45.309+0530] {processor.py:840} INFO - DAG(s) 'example_sla_dag' retrieved from /Library/Frameworks/Python.framework/Versions/3.12/lib/python3.12/site-packages/airflow/example_dags/example_sla_dag.py
[2025-05-24T05:43:45.448+0530] {logging_mixin.py:188} INFO - [2025-05-24T05:43:45.448+0530] {dag.py:3096} INFO - Sync 1 DAGs
[2025-05-24T05:43:45.465+0530] {logging_mixin.py:188} INFO - [2025-05-24T05:43:45.465+0530] {dag.py:3954} INFO - Setting next_dagrun for example_sla_dag to 2025-05-24 00:10:00+00:00, run_after=2025-05-24 00:12:00+00:00
[2025-05-24T05:43:45.481+0530] {processor.py:183} INFO - Processing /Library/Frameworks/Python.framework/Versions/3.12/lib/python3.12/site-packages/airflow/example_dags/example_sla_dag.py took 0.216 seconds
[2025-05-24T05:46:13.293+0530] {processor.py:161} INFO - Started process (PID=22107) to work on /Library/Frameworks/Python.framework/Versions/3.12/lib/python3.12/site-packages/airflow/example_dags/example_sla_dag.py
[2025-05-24T05:46:13.295+0530] {processor.py:830} INFO - Processing file /Library/Frameworks/Python.framework/Versions/3.12/lib/python3.12/site-packages/airflow/example_dags/example_sla_dag.py for tasks to queue
[2025-05-24T05:46:13.296+0530] {logging_mixin.py:188} INFO - [2025-05-24T05:46:13.295+0530] {dagbag.py:540} INFO - Filling up the DagBag from /Library/Frameworks/Python.framework/Versions/3.12/lib/python3.12/site-packages/airflow/example_dags/example_sla_dag.py
[2025-05-24T05:46:13.336+0530] {processor.py:840} INFO - DAG(s) 'example_sla_dag' retrieved from /Library/Frameworks/Python.framework/Versions/3.12/lib/python3.12/site-packages/airflow/example_dags/example_sla_dag.py
[2025-05-24T05:46:13.505+0530] {logging_mixin.py:188} INFO - [2025-05-24T05:46:13.505+0530] {dag.py:3096} INFO - Sync 1 DAGs
[2025-05-24T05:46:13.528+0530] {logging_mixin.py:188} INFO - [2025-05-24T05:46:13.528+0530] {dag.py:3954} INFO - Setting next_dagrun for example_sla_dag to 2025-05-24 00:14:00+00:00, run_after=2025-05-24 00:16:00+00:00
[2025-05-24T05:46:13.548+0530] {processor.py:183} INFO - Processing /Library/Frameworks/Python.framework/Versions/3.12/lib/python3.12/site-packages/airflow/example_dags/example_sla_dag.py took 0.257 seconds
