[2025-05-24T05:31:22.709+0530] {processor.py:161} INFO - Started process (PID=20882) to work on /Library/Frameworks/Python.framework/Versions/3.12/lib/python3.12/site-packages/airflow/example_dags/tutorial_taskflow_api.py
[2025-05-24T05:31:22.711+0530] {processor.py:830} INFO - Processing file /Library/Frameworks/Python.framework/Versions/3.12/lib/python3.12/site-packages/airflow/example_dags/tutorial_taskflow_api.py for tasks to queue
[2025-05-24T05:31:22.712+0530] {logging_mixin.py:188} INFO - [2025-05-24T05:31:22.712+0530] {dagbag.py:540} INFO - Filling up the DagBag from /Library/Frameworks/Python.framework/Versions/3.12/lib/python3.12/site-packages/airflow/example_dags/tutorial_taskflow_api.py
[2025-05-24T05:31:22.754+0530] {processor.py:840} INFO - DAG(s) 'tutorial_taskflow_api' retrieved from /Library/Frameworks/Python.framework/Versions/3.12/lib/python3.12/site-packages/airflow/example_dags/tutorial_taskflow_api.py
[2025-05-24T05:31:23.089+0530] {logging_mixin.py:188} INFO - [2025-05-24T05:31:23.089+0530] {dag.py:3096} INFO - Sync 1 DAGs
[2025-05-24T05:31:23.096+0530] {logging_mixin.py:188} INFO - [2025-05-24T05:31:23.096+0530] {dag.py:3954} INFO - Setting next_dagrun for tutorial_taskflow_api to None, run_after=None
[2025-05-24T05:31:23.111+0530] {processor.py:183} INFO - Processing /Library/Frameworks/Python.framework/Versions/3.12/lib/python3.12/site-packages/airflow/example_dags/tutorial_taskflow_api.py took 0.406 seconds
[2025-05-24T05:33:43.247+0530] {processor.py:161} INFO - Started process (PID=20944) to work on /Library/Frameworks/Python.framework/Versions/3.12/lib/python3.12/site-packages/airflow/example_dags/tutorial_taskflow_api.py
[2025-05-24T05:33:43.249+0530] {processor.py:830} INFO - Processing file /Library/Frameworks/Python.framework/Versions/3.12/lib/python3.12/site-packages/airflow/example_dags/tutorial_taskflow_api.py for tasks to queue
[2025-05-24T05:33:43.250+0530] {logging_mixin.py:188} INFO - [2025-05-24T05:33:43.250+0530] {dagbag.py:540} INFO - Filling up the DagBag from /Library/Frameworks/Python.framework/Versions/3.12/lib/python3.12/site-packages/airflow/example_dags/tutorial_taskflow_api.py
[2025-05-24T05:33:43.288+0530] {processor.py:840} INFO - DAG(s) 'tutorial_taskflow_api' retrieved from /Library/Frameworks/Python.framework/Versions/3.12/lib/python3.12/site-packages/airflow/example_dags/tutorial_taskflow_api.py
[2025-05-24T05:33:43.440+0530] {logging_mixin.py:188} INFO - [2025-05-24T05:33:43.440+0530] {dag.py:3096} INFO - Sync 1 DAGs
[2025-05-24T05:33:43.450+0530] {logging_mixin.py:188} INFO - [2025-05-24T05:33:43.450+0530] {dag.py:3954} INFO - Setting next_dagrun for tutorial_taskflow_api to None, run_after=None
[2025-05-24T05:33:43.467+0530] {processor.py:183} INFO - Processing /Library/Frameworks/Python.framework/Versions/3.12/lib/python3.12/site-packages/airflow/example_dags/tutorial_taskflow_api.py took 0.223 seconds
[2025-05-24T05:36:05.600+0530] {processor.py:161} INFO - Started process (PID=21116) to work on /Library/Frameworks/Python.framework/Versions/3.12/lib/python3.12/site-packages/airflow/example_dags/tutorial_taskflow_api.py
[2025-05-24T05:36:05.603+0530] {processor.py:830} INFO - Processing file /Library/Frameworks/Python.framework/Versions/3.12/lib/python3.12/site-packages/airflow/example_dags/tutorial_taskflow_api.py for tasks to queue
[2025-05-24T05:36:05.603+0530] {logging_mixin.py:188} INFO - [2025-05-24T05:36:05.603+0530] {dagbag.py:540} INFO - Filling up the DagBag from /Library/Frameworks/Python.framework/Versions/3.12/lib/python3.12/site-packages/airflow/example_dags/tutorial_taskflow_api.py
[2025-05-24T05:36:05.640+0530] {processor.py:840} INFO - DAG(s) 'tutorial_taskflow_api' retrieved from /Library/Frameworks/Python.framework/Versions/3.12/lib/python3.12/site-packages/airflow/example_dags/tutorial_taskflow_api.py
[2025-05-24T05:36:05.783+0530] {logging_mixin.py:188} INFO - [2025-05-24T05:36:05.783+0530] {dag.py:3096} INFO - Sync 1 DAGs
[2025-05-24T05:36:05.793+0530] {logging_mixin.py:188} INFO - [2025-05-24T05:36:05.793+0530] {dag.py:3954} INFO - Setting next_dagrun for tutorial_taskflow_api to None, run_after=None
[2025-05-24T05:36:05.811+0530] {processor.py:183} INFO - Processing /Library/Frameworks/Python.framework/Versions/3.12/lib/python3.12/site-packages/airflow/example_dags/tutorial_taskflow_api.py took 0.214 seconds
[2025-05-24T05:38:25.536+0530] {processor.py:161} INFO - Started process (PID=21236) to work on /Library/Frameworks/Python.framework/Versions/3.12/lib/python3.12/site-packages/airflow/example_dags/tutorial_taskflow_api.py
[2025-05-24T05:38:25.538+0530] {processor.py:830} INFO - Processing file /Library/Frameworks/Python.framework/Versions/3.12/lib/python3.12/site-packages/airflow/example_dags/tutorial_taskflow_api.py for tasks to queue
[2025-05-24T05:38:25.539+0530] {logging_mixin.py:188} INFO - [2025-05-24T05:38:25.539+0530] {dagbag.py:540} INFO - Filling up the DagBag from /Library/Frameworks/Python.framework/Versions/3.12/lib/python3.12/site-packages/airflow/example_dags/tutorial_taskflow_api.py
[2025-05-24T05:38:25.573+0530] {processor.py:840} INFO - DAG(s) 'tutorial_taskflow_api' retrieved from /Library/Frameworks/Python.framework/Versions/3.12/lib/python3.12/site-packages/airflow/example_dags/tutorial_taskflow_api.py
[2025-05-24T05:38:25.713+0530] {logging_mixin.py:188} INFO - [2025-05-24T05:38:25.712+0530] {dag.py:3096} INFO - Sync 1 DAGs
[2025-05-24T05:38:25.721+0530] {logging_mixin.py:188} INFO - [2025-05-24T05:38:25.721+0530] {dag.py:3954} INFO - Setting next_dagrun for tutorial_taskflow_api to None, run_after=None
[2025-05-24T05:38:25.739+0530] {processor.py:183} INFO - Processing /Library/Frameworks/Python.framework/Versions/3.12/lib/python3.12/site-packages/airflow/example_dags/tutorial_taskflow_api.py took 0.208 seconds
[2025-05-24T05:40:48.073+0530] {processor.py:161} INFO - Started process (PID=21416) to work on /Library/Frameworks/Python.framework/Versions/3.12/lib/python3.12/site-packages/airflow/example_dags/tutorial_taskflow_api.py
[2025-05-24T05:40:48.075+0530] {processor.py:830} INFO - Processing file /Library/Frameworks/Python.framework/Versions/3.12/lib/python3.12/site-packages/airflow/example_dags/tutorial_taskflow_api.py for tasks to queue
[2025-05-24T05:40:48.075+0530] {logging_mixin.py:188} INFO - [2025-05-24T05:40:48.075+0530] {dagbag.py:540} INFO - Filling up the DagBag from /Library/Frameworks/Python.framework/Versions/3.12/lib/python3.12/site-packages/airflow/example_dags/tutorial_taskflow_api.py
[2025-05-24T05:40:48.135+0530] {processor.py:840} INFO - DAG(s) 'tutorial_taskflow_api' retrieved from /Library/Frameworks/Python.framework/Versions/3.12/lib/python3.12/site-packages/airflow/example_dags/tutorial_taskflow_api.py
[2025-05-24T05:40:48.322+0530] {logging_mixin.py:188} INFO - [2025-05-24T05:40:48.321+0530] {dag.py:3096} INFO - Sync 1 DAGs
[2025-05-24T05:40:48.331+0530] {logging_mixin.py:188} INFO - [2025-05-24T05:40:48.331+0530] {dag.py:3954} INFO - Setting next_dagrun for tutorial_taskflow_api to None, run_after=None
[2025-05-24T05:40:48.349+0530] {processor.py:183} INFO - Processing /Library/Frameworks/Python.framework/Versions/3.12/lib/python3.12/site-packages/airflow/example_dags/tutorial_taskflow_api.py took 0.279 seconds
[2025-05-24T05:43:10.748+0530] {processor.py:161} INFO - Started process (PID=21581) to work on /Library/Frameworks/Python.framework/Versions/3.12/lib/python3.12/site-packages/airflow/example_dags/tutorial_taskflow_api.py
[2025-05-24T05:43:10.750+0530] {processor.py:830} INFO - Processing file /Library/Frameworks/Python.framework/Versions/3.12/lib/python3.12/site-packages/airflow/example_dags/tutorial_taskflow_api.py for tasks to queue
[2025-05-24T05:43:10.750+0530] {logging_mixin.py:188} INFO - [2025-05-24T05:43:10.750+0530] {dagbag.py:540} INFO - Filling up the DagBag from /Library/Frameworks/Python.framework/Versions/3.12/lib/python3.12/site-packages/airflow/example_dags/tutorial_taskflow_api.py
[2025-05-24T05:43:10.788+0530] {processor.py:840} INFO - DAG(s) 'tutorial_taskflow_api' retrieved from /Library/Frameworks/Python.framework/Versions/3.12/lib/python3.12/site-packages/airflow/example_dags/tutorial_taskflow_api.py
[2025-05-24T05:43:10.964+0530] {logging_mixin.py:188} INFO - [2025-05-24T05:43:10.964+0530] {dag.py:3096} INFO - Sync 1 DAGs
[2025-05-24T05:43:10.974+0530] {logging_mixin.py:188} INFO - [2025-05-24T05:43:10.974+0530] {dag.py:3954} INFO - Setting next_dagrun for tutorial_taskflow_api to None, run_after=None
[2025-05-24T05:43:10.994+0530] {processor.py:183} INFO - Processing /Library/Frameworks/Python.framework/Versions/3.12/lib/python3.12/site-packages/airflow/example_dags/tutorial_taskflow_api.py took 0.250 seconds
[2025-05-24T05:45:36.896+0530] {processor.py:161} INFO - Started process (PID=22055) to work on /Library/Frameworks/Python.framework/Versions/3.12/lib/python3.12/site-packages/airflow/example_dags/tutorial_taskflow_api.py
[2025-05-24T05:45:36.898+0530] {processor.py:830} INFO - Processing file /Library/Frameworks/Python.framework/Versions/3.12/lib/python3.12/site-packages/airflow/example_dags/tutorial_taskflow_api.py for tasks to queue
[2025-05-24T05:45:36.899+0530] {logging_mixin.py:188} INFO - [2025-05-24T05:45:36.899+0530] {dagbag.py:540} INFO - Filling up the DagBag from /Library/Frameworks/Python.framework/Versions/3.12/lib/python3.12/site-packages/airflow/example_dags/tutorial_taskflow_api.py
[2025-05-24T05:45:36.940+0530] {processor.py:840} INFO - DAG(s) 'tutorial_taskflow_api' retrieved from /Library/Frameworks/Python.framework/Versions/3.12/lib/python3.12/site-packages/airflow/example_dags/tutorial_taskflow_api.py
[2025-05-24T05:45:37.125+0530] {logging_mixin.py:188} INFO - [2025-05-24T05:45:37.124+0530] {dag.py:3096} INFO - Sync 1 DAGs
[2025-05-24T05:45:37.134+0530] {logging_mixin.py:188} INFO - [2025-05-24T05:45:37.134+0530] {dag.py:3954} INFO - Setting next_dagrun for tutorial_taskflow_api to None, run_after=None
[2025-05-24T05:45:37.150+0530] {processor.py:183} INFO - Processing /Library/Frameworks/Python.framework/Versions/3.12/lib/python3.12/site-packages/airflow/example_dags/tutorial_taskflow_api.py took 0.259 seconds
