[2025-05-24T05:31:31.460+0530] {processor.py:161} INFO - Started process (PID=20886) to work on /Library/Frameworks/Python.framework/Versions/3.12/lib/python3.12/site-packages/airflow/example_dags/tutorial.py
[2025-05-24T05:31:31.461+0530] {processor.py:830} INFO - Processing file /Library/Frameworks/Python.framework/Versions/3.12/lib/python3.12/site-packages/airflow/example_dags/tutorial.py for tasks to queue
[2025-05-24T05:31:31.462+0530] {logging_mixin.py:188} INFO - [2025-05-24T05:31:31.462+0530] {dagbag.py:540} INFO - Filling up the DagBag from /Library/Frameworks/Python.framework/Versions/3.12/lib/python3.12/site-packages/airflow/example_dags/tutorial.py
[2025-05-24T05:31:31.471+0530] {processor.py:840} INFO - DAG(s) 'tutorial' retrieved from /Library/Frameworks/Python.framework/Versions/3.12/lib/python3.12/site-packages/airflow/example_dags/tutorial.py
[2025-05-24T05:31:31.609+0530] {logging_mixin.py:188} INFO - [2025-05-24T05:31:31.609+0530] {dag.py:3096} INFO - Sync 1 DAGs
[2025-05-24T05:31:31.628+0530] {logging_mixin.py:188} INFO - [2025-05-24T05:31:31.628+0530] {dag.py:3954} INFO - Setting next_dagrun for tutorial to 2025-05-23 00:00:00+00:00, run_after=2025-05-24 00:00:00+00:00
[2025-05-24T05:31:31.646+0530] {processor.py:183} INFO - Processing /Library/Frameworks/Python.framework/Versions/3.12/lib/python3.12/site-packages/airflow/example_dags/tutorial.py took 0.191 seconds
[2025-05-24T05:33:51.965+0530] {processor.py:161} INFO - Started process (PID=20948) to work on /Library/Frameworks/Python.framework/Versions/3.12/lib/python3.12/site-packages/airflow/example_dags/tutorial.py
[2025-05-24T05:33:51.967+0530] {processor.py:830} INFO - Processing file /Library/Frameworks/Python.framework/Versions/3.12/lib/python3.12/site-packages/airflow/example_dags/tutorial.py for tasks to queue
[2025-05-24T05:33:51.968+0530] {logging_mixin.py:188} INFO - [2025-05-24T05:33:51.967+0530] {dagbag.py:540} INFO - Filling up the DagBag from /Library/Frameworks/Python.framework/Versions/3.12/lib/python3.12/site-packages/airflow/example_dags/tutorial.py
[2025-05-24T05:33:51.976+0530] {processor.py:840} INFO - DAG(s) 'tutorial' retrieved from /Library/Frameworks/Python.framework/Versions/3.12/lib/python3.12/site-packages/airflow/example_dags/tutorial.py
[2025-05-24T05:33:52.122+0530] {logging_mixin.py:188} INFO - [2025-05-24T05:33:52.122+0530] {dag.py:3096} INFO - Sync 1 DAGs
[2025-05-24T05:33:52.140+0530] {logging_mixin.py:188} INFO - [2025-05-24T05:33:52.140+0530] {dag.py:3954} INFO - Setting next_dagrun for tutorial to 2025-05-23 00:00:00+00:00, run_after=2025-05-24 00:00:00+00:00
[2025-05-24T05:33:52.159+0530] {processor.py:183} INFO - Processing /Library/Frameworks/Python.framework/Versions/3.12/lib/python3.12/site-packages/airflow/example_dags/tutorial.py took 0.198 seconds
[2025-05-24T05:36:14.138+0530] {processor.py:161} INFO - Started process (PID=21127) to work on /Library/Frameworks/Python.framework/Versions/3.12/lib/python3.12/site-packages/airflow/example_dags/tutorial.py
[2025-05-24T05:36:14.140+0530] {processor.py:830} INFO - Processing file /Library/Frameworks/Python.framework/Versions/3.12/lib/python3.12/site-packages/airflow/example_dags/tutorial.py for tasks to queue
[2025-05-24T05:36:14.140+0530] {logging_mixin.py:188} INFO - [2025-05-24T05:36:14.140+0530] {dagbag.py:540} INFO - Filling up the DagBag from /Library/Frameworks/Python.framework/Versions/3.12/lib/python3.12/site-packages/airflow/example_dags/tutorial.py
[2025-05-24T05:36:14.148+0530] {processor.py:840} INFO - DAG(s) 'tutorial' retrieved from /Library/Frameworks/Python.framework/Versions/3.12/lib/python3.12/site-packages/airflow/example_dags/tutorial.py
[2025-05-24T05:36:14.284+0530] {logging_mixin.py:188} INFO - [2025-05-24T05:36:14.283+0530] {dag.py:3096} INFO - Sync 1 DAGs
[2025-05-24T05:36:14.303+0530] {logging_mixin.py:188} INFO - [2025-05-24T05:36:14.303+0530] {dag.py:3954} INFO - Setting next_dagrun for tutorial to 2025-05-23 00:00:00+00:00, run_after=2025-05-24 00:00:00+00:00
[2025-05-24T05:36:14.321+0530] {processor.py:183} INFO - Processing /Library/Frameworks/Python.framework/Versions/3.12/lib/python3.12/site-packages/airflow/example_dags/tutorial.py took 0.187 seconds
[2025-05-24T05:38:33.100+0530] {processor.py:161} INFO - Started process (PID=21239) to work on /Library/Frameworks/Python.framework/Versions/3.12/lib/python3.12/site-packages/airflow/example_dags/tutorial.py
[2025-05-24T05:38:33.102+0530] {processor.py:830} INFO - Processing file /Library/Frameworks/Python.framework/Versions/3.12/lib/python3.12/site-packages/airflow/example_dags/tutorial.py for tasks to queue
[2025-05-24T05:38:33.104+0530] {logging_mixin.py:188} INFO - [2025-05-24T05:38:33.103+0530] {dagbag.py:540} INFO - Filling up the DagBag from /Library/Frameworks/Python.framework/Versions/3.12/lib/python3.12/site-packages/airflow/example_dags/tutorial.py
[2025-05-24T05:38:33.112+0530] {processor.py:840} INFO - DAG(s) 'tutorial' retrieved from /Library/Frameworks/Python.framework/Versions/3.12/lib/python3.12/site-packages/airflow/example_dags/tutorial.py
[2025-05-24T05:38:33.251+0530] {logging_mixin.py:188} INFO - [2025-05-24T05:38:33.251+0530] {dag.py:3096} INFO - Sync 1 DAGs
[2025-05-24T05:38:33.269+0530] {logging_mixin.py:188} INFO - [2025-05-24T05:38:33.268+0530] {dag.py:3954} INFO - Setting next_dagrun for tutorial to 2025-05-23 00:00:00+00:00, run_after=2025-05-24 00:00:00+00:00
[2025-05-24T05:38:33.287+0530] {processor.py:183} INFO - Processing /Library/Frameworks/Python.framework/Versions/3.12/lib/python3.12/site-packages/airflow/example_dags/tutorial.py took 0.192 seconds
[2025-05-24T05:40:57.852+0530] {processor.py:161} INFO - Started process (PID=21426) to work on /Library/Frameworks/Python.framework/Versions/3.12/lib/python3.12/site-packages/airflow/example_dags/tutorial.py
[2025-05-24T05:40:57.853+0530] {processor.py:830} INFO - Processing file /Library/Frameworks/Python.framework/Versions/3.12/lib/python3.12/site-packages/airflow/example_dags/tutorial.py for tasks to queue
[2025-05-24T05:40:57.853+0530] {logging_mixin.py:188} INFO - [2025-05-24T05:40:57.853+0530] {dagbag.py:540} INFO - Filling up the DagBag from /Library/Frameworks/Python.framework/Versions/3.12/lib/python3.12/site-packages/airflow/example_dags/tutorial.py
[2025-05-24T05:40:57.862+0530] {processor.py:840} INFO - DAG(s) 'tutorial' retrieved from /Library/Frameworks/Python.framework/Versions/3.12/lib/python3.12/site-packages/airflow/example_dags/tutorial.py
[2025-05-24T05:40:58.026+0530] {logging_mixin.py:188} INFO - [2025-05-24T05:40:58.026+0530] {dag.py:3096} INFO - Sync 1 DAGs
[2025-05-24T05:40:58.046+0530] {logging_mixin.py:188} INFO - [2025-05-24T05:40:58.046+0530] {dag.py:3954} INFO - Setting next_dagrun for tutorial to 2025-05-23 00:00:00+00:00, run_after=2025-05-24 00:00:00+00:00
[2025-05-24T05:40:58.065+0530] {processor.py:183} INFO - Processing /Library/Frameworks/Python.framework/Versions/3.12/lib/python3.12/site-packages/airflow/example_dags/tutorial.py took 0.217 seconds
[2025-05-24T05:43:19.696+0530] {processor.py:161} INFO - Started process (PID=21589) to work on /Library/Frameworks/Python.framework/Versions/3.12/lib/python3.12/site-packages/airflow/example_dags/tutorial.py
[2025-05-24T05:43:19.698+0530] {processor.py:830} INFO - Processing file /Library/Frameworks/Python.framework/Versions/3.12/lib/python3.12/site-packages/airflow/example_dags/tutorial.py for tasks to queue
[2025-05-24T05:43:19.699+0530] {logging_mixin.py:188} INFO - [2025-05-24T05:43:19.699+0530] {dagbag.py:540} INFO - Filling up the DagBag from /Library/Frameworks/Python.framework/Versions/3.12/lib/python3.12/site-packages/airflow/example_dags/tutorial.py
[2025-05-24T05:43:19.706+0530] {processor.py:840} INFO - DAG(s) 'tutorial' retrieved from /Library/Frameworks/Python.framework/Versions/3.12/lib/python3.12/site-packages/airflow/example_dags/tutorial.py
[2025-05-24T05:43:19.861+0530] {logging_mixin.py:188} INFO - [2025-05-24T05:43:19.861+0530] {dag.py:3096} INFO - Sync 1 DAGs
[2025-05-24T05:43:19.880+0530] {logging_mixin.py:188} INFO - [2025-05-24T05:43:19.880+0530] {dag.py:3954} INFO - Setting next_dagrun for tutorial to 2025-05-23 00:00:00+00:00, run_after=2025-05-24 00:00:00+00:00
[2025-05-24T05:43:19.898+0530] {processor.py:183} INFO - Processing /Library/Frameworks/Python.framework/Versions/3.12/lib/python3.12/site-packages/airflow/example_dags/tutorial.py took 0.206 seconds
[2025-05-24T05:45:45.350+0530] {processor.py:161} INFO - Started process (PID=22068) to work on /Library/Frameworks/Python.framework/Versions/3.12/lib/python3.12/site-packages/airflow/example_dags/tutorial.py
[2025-05-24T05:45:45.351+0530] {processor.py:830} INFO - Processing file /Library/Frameworks/Python.framework/Versions/3.12/lib/python3.12/site-packages/airflow/example_dags/tutorial.py for tasks to queue
[2025-05-24T05:45:45.352+0530] {logging_mixin.py:188} INFO - [2025-05-24T05:45:45.352+0530] {dagbag.py:540} INFO - Filling up the DagBag from /Library/Frameworks/Python.framework/Versions/3.12/lib/python3.12/site-packages/airflow/example_dags/tutorial.py
[2025-05-24T05:45:45.360+0530] {processor.py:840} INFO - DAG(s) 'tutorial' retrieved from /Library/Frameworks/Python.framework/Versions/3.12/lib/python3.12/site-packages/airflow/example_dags/tutorial.py
[2025-05-24T05:45:45.507+0530] {logging_mixin.py:188} INFO - [2025-05-24T05:45:45.507+0530] {dag.py:3096} INFO - Sync 1 DAGs
[2025-05-24T05:45:45.526+0530] {logging_mixin.py:188} INFO - [2025-05-24T05:45:45.525+0530] {dag.py:3954} INFO - Setting next_dagrun for tutorial to 2025-05-23 00:00:00+00:00, run_after=2025-05-24 00:00:00+00:00
[2025-05-24T05:45:45.545+0530] {processor.py:183} INFO - Processing /Library/Frameworks/Python.framework/Versions/3.12/lib/python3.12/site-packages/airflow/example_dags/tutorial.py took 0.198 seconds
