[2025-05-27T17:37:32.834+0530] {processor.py:161} INFO - Started process (PID=22775) to work on /Users/zafarimam/Documents/E-Commerce Order Pipeline/airflow_venv_39/lib/python3.9/site-packages/airflow/example_dags/plugins/workday.py
[2025-05-27T17:37:32.835+0530] {processor.py:830} INFO - Processing file /Users/zafarimam/Documents/E-Commerce Order Pipeline/airflow_venv_39/lib/python3.9/site-packages/airflow/example_dags/plugins/workday.py for tasks to queue
[2025-05-27T17:37:32.836+0530] {logging_mixin.py:188} INFO - [2025-05-27T17:37:32.835+0530] {dagbag.py:538} INFO - Filling up the DagBag from /Users/zafarimam/Documents/E-Commerce Order Pipeline/airflow_venv_39/lib/python3.9/site-packages/airflow/example_dags/plugins/workday.py
[2025-05-27T17:37:32.837+0530] {logging_mixin.py:188} INFO - [2025-05-27T17:37:32.837+0530] {workday.py:40} WARNING - Could not import pandas. Holidays will not be considered.
[2025-05-27T17:37:32.837+0530] {processor.py:842} WARNING - No viable dags retrieved from /Users/zafarimam/Documents/E-Commerce Order Pipeline/airflow_venv_39/lib/python3.9/site-packages/airflow/example_dags/plugins/workday.py
[2025-05-27T17:37:32.913+0530] {processor.py:183} INFO - Processing /Users/zafarimam/Documents/E-Commerce Order Pipeline/airflow_venv_39/lib/python3.9/site-packages/airflow/example_dags/plugins/workday.py took 0.080 seconds
[2025-05-27T17:39:42.340+0530] {processor.py:161} INFO - Started process (PID=22884) to work on /Users/zafarimam/Documents/E-Commerce Order Pipeline/airflow_venv_39/lib/python3.9/site-packages/airflow/example_dags/plugins/workday.py
[2025-05-27T17:39:42.341+0530] {processor.py:830} INFO - Processing file /Users/zafarimam/Documents/E-Commerce Order Pipeline/airflow_venv_39/lib/python3.9/site-packages/airflow/example_dags/plugins/workday.py for tasks to queue
[2025-05-27T17:39:42.342+0530] {logging_mixin.py:188} INFO - [2025-05-27T17:39:42.342+0530] {dagbag.py:538} INFO - Filling up the DagBag from /Users/zafarimam/Documents/E-Commerce Order Pipeline/airflow_venv_39/lib/python3.9/site-packages/airflow/example_dags/plugins/workday.py
[2025-05-27T17:39:42.344+0530] {logging_mixin.py:188} INFO - [2025-05-27T17:39:42.343+0530] {workday.py:40} WARNING - Could not import pandas. Holidays will not be considered.
[2025-05-27T17:39:42.344+0530] {processor.py:842} WARNING - No viable dags retrieved from /Users/zafarimam/Documents/E-Commerce Order Pipeline/airflow_venv_39/lib/python3.9/site-packages/airflow/example_dags/plugins/workday.py
[2025-05-27T17:39:42.421+0530] {processor.py:183} INFO - Processing /Users/zafarimam/Documents/E-Commerce Order Pipeline/airflow_venv_39/lib/python3.9/site-packages/airflow/example_dags/plugins/workday.py took 0.082 seconds
[2025-05-27T17:41:42.189+0530] {processor.py:161} INFO - Started process (PID=22951) to work on /Users/zafarimam/Documents/E-Commerce Order Pipeline/airflow_venv_39/lib/python3.9/site-packages/airflow/example_dags/plugins/workday.py
[2025-05-27T17:41:42.191+0530] {processor.py:830} INFO - Processing file /Users/zafarimam/Documents/E-Commerce Order Pipeline/airflow_venv_39/lib/python3.9/site-packages/airflow/example_dags/plugins/workday.py for tasks to queue
[2025-05-27T17:41:42.191+0530] {logging_mixin.py:188} INFO - [2025-05-27T17:41:42.191+0530] {dagbag.py:538} INFO - Filling up the DagBag from /Users/zafarimam/Documents/E-Commerce Order Pipeline/airflow_venv_39/lib/python3.9/site-packages/airflow/example_dags/plugins/workday.py
[2025-05-27T17:41:42.193+0530] {logging_mixin.py:188} INFO - [2025-05-27T17:41:42.192+0530] {workday.py:40} WARNING - Could not import pandas. Holidays will not be considered.
[2025-05-27T17:41:42.193+0530] {processor.py:842} WARNING - No viable dags retrieved from /Users/zafarimam/Documents/E-Commerce Order Pipeline/airflow_venv_39/lib/python3.9/site-packages/airflow/example_dags/plugins/workday.py
[2025-05-27T17:41:42.275+0530] {processor.py:183} INFO - Processing /Users/zafarimam/Documents/E-Commerce Order Pipeline/airflow_venv_39/lib/python3.9/site-packages/airflow/example_dags/plugins/workday.py took 0.087 seconds
[2025-05-27T17:43:33.654+0530] {processor.py:161} INFO - Started process (PID=23013) to work on /Users/zafarimam/Documents/E-Commerce Order Pipeline/airflow_venv_39/lib/python3.9/site-packages/airflow/example_dags/plugins/workday.py
[2025-05-27T17:43:33.656+0530] {processor.py:830} INFO - Processing file /Users/zafarimam/Documents/E-Commerce Order Pipeline/airflow_venv_39/lib/python3.9/site-packages/airflow/example_dags/plugins/workday.py for tasks to queue
[2025-05-27T17:43:33.657+0530] {logging_mixin.py:188} INFO - [2025-05-27T17:43:33.656+0530] {dagbag.py:538} INFO - Filling up the DagBag from /Users/zafarimam/Documents/E-Commerce Order Pipeline/airflow_venv_39/lib/python3.9/site-packages/airflow/example_dags/plugins/workday.py
[2025-05-27T17:43:33.658+0530] {logging_mixin.py:188} INFO - [2025-05-27T17:43:33.658+0530] {workday.py:40} WARNING - Could not import pandas. Holidays will not be considered.
[2025-05-27T17:43:33.658+0530] {processor.py:842} WARNING - No viable dags retrieved from /Users/zafarimam/Documents/E-Commerce Order Pipeline/airflow_venv_39/lib/python3.9/site-packages/airflow/example_dags/plugins/workday.py
[2025-05-27T17:43:33.735+0530] {processor.py:183} INFO - Processing /Users/zafarimam/Documents/E-Commerce Order Pipeline/airflow_venv_39/lib/python3.9/site-packages/airflow/example_dags/plugins/workday.py took 0.082 seconds
[2025-05-27T17:45:21.436+0530] {processor.py:161} INFO - Started process (PID=23069) to work on /Users/zafarimam/Documents/E-Commerce Order Pipeline/airflow_venv_39/lib/python3.9/site-packages/airflow/example_dags/plugins/workday.py
[2025-05-27T17:45:21.437+0530] {processor.py:830} INFO - Processing file /Users/zafarimam/Documents/E-Commerce Order Pipeline/airflow_venv_39/lib/python3.9/site-packages/airflow/example_dags/plugins/workday.py for tasks to queue
[2025-05-27T17:45:21.437+0530] {logging_mixin.py:188} INFO - [2025-05-27T17:45:21.437+0530] {dagbag.py:538} INFO - Filling up the DagBag from /Users/zafarimam/Documents/E-Commerce Order Pipeline/airflow_venv_39/lib/python3.9/site-packages/airflow/example_dags/plugins/workday.py
[2025-05-27T17:45:21.439+0530] {logging_mixin.py:188} INFO - [2025-05-27T17:45:21.438+0530] {workday.py:40} WARNING - Could not import pandas. Holidays will not be considered.
[2025-05-27T17:45:21.439+0530] {processor.py:842} WARNING - No viable dags retrieved from /Users/zafarimam/Documents/E-Commerce Order Pipeline/airflow_venv_39/lib/python3.9/site-packages/airflow/example_dags/plugins/workday.py
[2025-05-27T17:45:21.511+0530] {processor.py:183} INFO - Processing /Users/zafarimam/Documents/E-Commerce Order Pipeline/airflow_venv_39/lib/python3.9/site-packages/airflow/example_dags/plugins/workday.py took 0.077 seconds
[2025-05-27T17:52:20.587+0530] {processor.py:161} INFO - Started process (PID=23384) to work on /Users/zafarimam/Documents/E-Commerce Order Pipeline/airflow_venv_39/lib/python3.9/site-packages/airflow/example_dags/plugins/workday.py
[2025-05-27T17:52:20.589+0530] {processor.py:830} INFO - Processing file /Users/zafarimam/Documents/E-Commerce Order Pipeline/airflow_venv_39/lib/python3.9/site-packages/airflow/example_dags/plugins/workday.py for tasks to queue
[2025-05-27T17:52:20.589+0530] {logging_mixin.py:188} INFO - [2025-05-27T17:52:20.589+0530] {dagbag.py:538} INFO - Filling up the DagBag from /Users/zafarimam/Documents/E-Commerce Order Pipeline/airflow_venv_39/lib/python3.9/site-packages/airflow/example_dags/plugins/workday.py
[2025-05-27T17:52:20.591+0530] {logging_mixin.py:188} INFO - [2025-05-27T17:52:20.590+0530] {workday.py:40} WARNING - Could not import pandas. Holidays will not be considered.
[2025-05-27T17:52:20.591+0530] {processor.py:842} WARNING - No viable dags retrieved from /Users/zafarimam/Documents/E-Commerce Order Pipeline/airflow_venv_39/lib/python3.9/site-packages/airflow/example_dags/plugins/workday.py
[2025-05-27T17:52:20.670+0530] {processor.py:183} INFO - Processing /Users/zafarimam/Documents/E-Commerce Order Pipeline/airflow_venv_39/lib/python3.9/site-packages/airflow/example_dags/plugins/workday.py took 0.084 seconds
[2025-05-27T17:54:45.238+0530] {processor.py:161} INFO - Started process (PID=23999) to work on /Users/zafarimam/Documents/E-Commerce Order Pipeline/airflow_venv_39/lib/python3.9/site-packages/airflow/example_dags/plugins/workday.py
[2025-05-27T17:54:45.240+0530] {processor.py:830} INFO - Processing file /Users/zafarimam/Documents/E-Commerce Order Pipeline/airflow_venv_39/lib/python3.9/site-packages/airflow/example_dags/plugins/workday.py for tasks to queue
[2025-05-27T17:54:45.241+0530] {logging_mixin.py:188} INFO - [2025-05-27T17:54:45.240+0530] {dagbag.py:538} INFO - Filling up the DagBag from /Users/zafarimam/Documents/E-Commerce Order Pipeline/airflow_venv_39/lib/python3.9/site-packages/airflow/example_dags/plugins/workday.py
[2025-05-27T17:54:45.242+0530] {logging_mixin.py:188} INFO - [2025-05-27T17:54:45.242+0530] {workday.py:40} WARNING - Could not import pandas. Holidays will not be considered.
[2025-05-27T17:54:45.242+0530] {processor.py:842} WARNING - No viable dags retrieved from /Users/zafarimam/Documents/E-Commerce Order Pipeline/airflow_venv_39/lib/python3.9/site-packages/airflow/example_dags/plugins/workday.py
[2025-05-27T17:54:45.324+0530] {processor.py:183} INFO - Processing /Users/zafarimam/Documents/E-Commerce Order Pipeline/airflow_venv_39/lib/python3.9/site-packages/airflow/example_dags/plugins/workday.py took 0.087 seconds
[2025-05-27T17:57:01.559+0530] {processor.py:161} INFO - Started process (PID=24098) to work on /Users/zafarimam/Documents/E-Commerce Order Pipeline/airflow_venv_39/lib/python3.9/site-packages/airflow/example_dags/plugins/workday.py
[2025-05-27T17:57:01.561+0530] {processor.py:830} INFO - Processing file /Users/zafarimam/Documents/E-Commerce Order Pipeline/airflow_venv_39/lib/python3.9/site-packages/airflow/example_dags/plugins/workday.py for tasks to queue
[2025-05-27T17:57:01.562+0530] {logging_mixin.py:188} INFO - [2025-05-27T17:57:01.561+0530] {dagbag.py:538} INFO - Filling up the DagBag from /Users/zafarimam/Documents/E-Commerce Order Pipeline/airflow_venv_39/lib/python3.9/site-packages/airflow/example_dags/plugins/workday.py
[2025-05-27T17:57:01.563+0530] {logging_mixin.py:188} INFO - [2025-05-27T17:57:01.563+0530] {workday.py:40} WARNING - Could not import pandas. Holidays will not be considered.
[2025-05-27T17:57:01.563+0530] {processor.py:842} WARNING - No viable dags retrieved from /Users/zafarimam/Documents/E-Commerce Order Pipeline/airflow_venv_39/lib/python3.9/site-packages/airflow/example_dags/plugins/workday.py
[2025-05-27T17:57:01.645+0530] {processor.py:183} INFO - Processing /Users/zafarimam/Documents/E-Commerce Order Pipeline/airflow_venv_39/lib/python3.9/site-packages/airflow/example_dags/plugins/workday.py took 0.087 seconds
[2025-05-27T18:01:07.249+0530] {processor.py:161} INFO - Started process (PID=24945) to work on /Users/zafarimam/Documents/E-Commerce Order Pipeline/airflow_venv_39/lib/python3.9/site-packages/airflow/example_dags/plugins/workday.py
[2025-05-27T18:01:07.251+0530] {processor.py:830} INFO - Processing file /Users/zafarimam/Documents/E-Commerce Order Pipeline/airflow_venv_39/lib/python3.9/site-packages/airflow/example_dags/plugins/workday.py for tasks to queue
[2025-05-27T18:01:07.252+0530] {logging_mixin.py:188} INFO - [2025-05-27T18:01:07.252+0530] {dagbag.py:538} INFO - Filling up the DagBag from /Users/zafarimam/Documents/E-Commerce Order Pipeline/airflow_venv_39/lib/python3.9/site-packages/airflow/example_dags/plugins/workday.py
[2025-05-27T18:01:07.253+0530] {logging_mixin.py:188} INFO - [2025-05-27T18:01:07.253+0530] {workday.py:40} WARNING - Could not import pandas. Holidays will not be considered.
[2025-05-27T18:01:07.253+0530] {processor.py:842} WARNING - No viable dags retrieved from /Users/zafarimam/Documents/E-Commerce Order Pipeline/airflow_venv_39/lib/python3.9/site-packages/airflow/example_dags/plugins/workday.py
[2025-05-27T18:01:07.337+0530] {processor.py:183} INFO - Processing /Users/zafarimam/Documents/E-Commerce Order Pipeline/airflow_venv_39/lib/python3.9/site-packages/airflow/example_dags/plugins/workday.py took 0.089 seconds
[2025-05-27T18:05:26.447+0530] {processor.py:161} INFO - Started process (PID=25079) to work on /Users/zafarimam/Documents/E-Commerce Order Pipeline/airflow_venv_39/lib/python3.9/site-packages/airflow/example_dags/plugins/workday.py
[2025-05-27T18:05:26.448+0530] {processor.py:830} INFO - Processing file /Users/zafarimam/Documents/E-Commerce Order Pipeline/airflow_venv_39/lib/python3.9/site-packages/airflow/example_dags/plugins/workday.py for tasks to queue
[2025-05-27T18:05:26.449+0530] {logging_mixin.py:188} INFO - [2025-05-27T18:05:26.449+0530] {dagbag.py:538} INFO - Filling up the DagBag from /Users/zafarimam/Documents/E-Commerce Order Pipeline/airflow_venv_39/lib/python3.9/site-packages/airflow/example_dags/plugins/workday.py
[2025-05-27T18:05:26.451+0530] {logging_mixin.py:188} INFO - [2025-05-27T18:05:26.450+0530] {workday.py:40} WARNING - Could not import pandas. Holidays will not be considered.
[2025-05-27T18:05:26.451+0530] {processor.py:842} WARNING - No viable dags retrieved from /Users/zafarimam/Documents/E-Commerce Order Pipeline/airflow_venv_39/lib/python3.9/site-packages/airflow/example_dags/plugins/workday.py
[2025-05-27T18:05:26.528+0530] {processor.py:183} INFO - Processing /Users/zafarimam/Documents/E-Commerce Order Pipeline/airflow_venv_39/lib/python3.9/site-packages/airflow/example_dags/plugins/workday.py took 0.083 seconds
[2025-05-27T18:07:29.699+0530] {processor.py:161} INFO - Started process (PID=25144) to work on /Users/zafarimam/Documents/E-Commerce Order Pipeline/airflow_venv_39/lib/python3.9/site-packages/airflow/example_dags/plugins/workday.py
[2025-05-27T18:07:29.700+0530] {processor.py:830} INFO - Processing file /Users/zafarimam/Documents/E-Commerce Order Pipeline/airflow_venv_39/lib/python3.9/site-packages/airflow/example_dags/plugins/workday.py for tasks to queue
[2025-05-27T18:07:29.701+0530] {logging_mixin.py:188} INFO - [2025-05-27T18:07:29.700+0530] {dagbag.py:538} INFO - Filling up the DagBag from /Users/zafarimam/Documents/E-Commerce Order Pipeline/airflow_venv_39/lib/python3.9/site-packages/airflow/example_dags/plugins/workday.py
[2025-05-27T18:07:29.702+0530] {logging_mixin.py:188} INFO - [2025-05-27T18:07:29.702+0530] {workday.py:40} WARNING - Could not import pandas. Holidays will not be considered.
[2025-05-27T18:07:29.703+0530] {processor.py:842} WARNING - No viable dags retrieved from /Users/zafarimam/Documents/E-Commerce Order Pipeline/airflow_venv_39/lib/python3.9/site-packages/airflow/example_dags/plugins/workday.py
[2025-05-27T18:07:29.788+0530] {processor.py:183} INFO - Processing /Users/zafarimam/Documents/E-Commerce Order Pipeline/airflow_venv_39/lib/python3.9/site-packages/airflow/example_dags/plugins/workday.py took 0.091 seconds
[2025-05-27T18:09:31.674+0530] {processor.py:161} INFO - Started process (PID=25205) to work on /Users/zafarimam/Documents/E-Commerce Order Pipeline/airflow_venv_39/lib/python3.9/site-packages/airflow/example_dags/plugins/workday.py
[2025-05-27T18:09:31.674+0530] {processor.py:830} INFO - Processing file /Users/zafarimam/Documents/E-Commerce Order Pipeline/airflow_venv_39/lib/python3.9/site-packages/airflow/example_dags/plugins/workday.py for tasks to queue
[2025-05-27T18:09:31.675+0530] {logging_mixin.py:188} INFO - [2025-05-27T18:09:31.675+0530] {dagbag.py:538} INFO - Filling up the DagBag from /Users/zafarimam/Documents/E-Commerce Order Pipeline/airflow_venv_39/lib/python3.9/site-packages/airflow/example_dags/plugins/workday.py
[2025-05-27T18:09:31.676+0530] {logging_mixin.py:188} INFO - [2025-05-27T18:09:31.676+0530] {workday.py:40} WARNING - Could not import pandas. Holidays will not be considered.
[2025-05-27T18:09:31.677+0530] {processor.py:842} WARNING - No viable dags retrieved from /Users/zafarimam/Documents/E-Commerce Order Pipeline/airflow_venv_39/lib/python3.9/site-packages/airflow/example_dags/plugins/workday.py
[2025-05-27T18:09:31.752+0530] {processor.py:183} INFO - Processing /Users/zafarimam/Documents/E-Commerce Order Pipeline/airflow_venv_39/lib/python3.9/site-packages/airflow/example_dags/plugins/workday.py took 0.080 seconds
[2025-05-27T18:11:15.974+0530] {processor.py:161} INFO - Started process (PID=25260) to work on /Users/zafarimam/Documents/E-Commerce Order Pipeline/airflow_venv_39/lib/python3.9/site-packages/airflow/example_dags/plugins/workday.py
[2025-05-27T18:11:15.976+0530] {processor.py:830} INFO - Processing file /Users/zafarimam/Documents/E-Commerce Order Pipeline/airflow_venv_39/lib/python3.9/site-packages/airflow/example_dags/plugins/workday.py for tasks to queue
[2025-05-27T18:11:15.977+0530] {logging_mixin.py:188} INFO - [2025-05-27T18:11:15.977+0530] {dagbag.py:538} INFO - Filling up the DagBag from /Users/zafarimam/Documents/E-Commerce Order Pipeline/airflow_venv_39/lib/python3.9/site-packages/airflow/example_dags/plugins/workday.py
[2025-05-27T18:11:15.979+0530] {logging_mixin.py:188} INFO - [2025-05-27T18:11:15.979+0530] {workday.py:40} WARNING - Could not import pandas. Holidays will not be considered.
[2025-05-27T18:11:15.980+0530] {processor.py:842} WARNING - No viable dags retrieved from /Users/zafarimam/Documents/E-Commerce Order Pipeline/airflow_venv_39/lib/python3.9/site-packages/airflow/example_dags/plugins/workday.py
[2025-05-27T18:11:16.089+0530] {processor.py:183} INFO - Processing /Users/zafarimam/Documents/E-Commerce Order Pipeline/airflow_venv_39/lib/python3.9/site-packages/airflow/example_dags/plugins/workday.py took 0.116 seconds
[2025-05-27T18:13:11.749+0530] {processor.py:161} INFO - Started process (PID=25323) to work on /Users/zafarimam/Documents/E-Commerce Order Pipeline/airflow_venv_39/lib/python3.9/site-packages/airflow/example_dags/plugins/workday.py
[2025-05-27T18:13:11.750+0530] {processor.py:830} INFO - Processing file /Users/zafarimam/Documents/E-Commerce Order Pipeline/airflow_venv_39/lib/python3.9/site-packages/airflow/example_dags/plugins/workday.py for tasks to queue
[2025-05-27T18:13:11.750+0530] {logging_mixin.py:188} INFO - [2025-05-27T18:13:11.750+0530] {dagbag.py:538} INFO - Filling up the DagBag from /Users/zafarimam/Documents/E-Commerce Order Pipeline/airflow_venv_39/lib/python3.9/site-packages/airflow/example_dags/plugins/workday.py
[2025-05-27T18:13:11.752+0530] {logging_mixin.py:188} INFO - [2025-05-27T18:13:11.752+0530] {workday.py:40} WARNING - Could not import pandas. Holidays will not be considered.
[2025-05-27T18:13:11.752+0530] {processor.py:842} WARNING - No viable dags retrieved from /Users/zafarimam/Documents/E-Commerce Order Pipeline/airflow_venv_39/lib/python3.9/site-packages/airflow/example_dags/plugins/workday.py
[2025-05-27T18:13:11.826+0530] {processor.py:183} INFO - Processing /Users/zafarimam/Documents/E-Commerce Order Pipeline/airflow_venv_39/lib/python3.9/site-packages/airflow/example_dags/plugins/workday.py took 0.079 seconds
[2025-05-27T18:15:07.280+0530] {processor.py:161} INFO - Started process (PID=25395) to work on /Users/zafarimam/Documents/E-Commerce Order Pipeline/airflow_venv_39/lib/python3.9/site-packages/airflow/example_dags/plugins/workday.py
[2025-05-27T18:15:07.281+0530] {processor.py:830} INFO - Processing file /Users/zafarimam/Documents/E-Commerce Order Pipeline/airflow_venv_39/lib/python3.9/site-packages/airflow/example_dags/plugins/workday.py for tasks to queue
[2025-05-27T18:15:07.282+0530] {logging_mixin.py:188} INFO - [2025-05-27T18:15:07.282+0530] {dagbag.py:538} INFO - Filling up the DagBag from /Users/zafarimam/Documents/E-Commerce Order Pipeline/airflow_venv_39/lib/python3.9/site-packages/airflow/example_dags/plugins/workday.py
[2025-05-27T18:15:07.284+0530] {logging_mixin.py:188} INFO - [2025-05-27T18:15:07.283+0530] {workday.py:40} WARNING - Could not import pandas. Holidays will not be considered.
[2025-05-27T18:15:07.284+0530] {processor.py:842} WARNING - No viable dags retrieved from /Users/zafarimam/Documents/E-Commerce Order Pipeline/airflow_venv_39/lib/python3.9/site-packages/airflow/example_dags/plugins/workday.py
[2025-05-27T18:15:07.361+0530] {processor.py:183} INFO - Processing /Users/zafarimam/Documents/E-Commerce Order Pipeline/airflow_venv_39/lib/python3.9/site-packages/airflow/example_dags/plugins/workday.py took 0.083 seconds
[2025-05-27T18:16:51.245+0530] {processor.py:161} INFO - Started process (PID=25453) to work on /Users/zafarimam/Documents/E-Commerce Order Pipeline/airflow_venv_39/lib/python3.9/site-packages/airflow/example_dags/plugins/workday.py
[2025-05-27T18:16:51.246+0530] {processor.py:830} INFO - Processing file /Users/zafarimam/Documents/E-Commerce Order Pipeline/airflow_venv_39/lib/python3.9/site-packages/airflow/example_dags/plugins/workday.py for tasks to queue
[2025-05-27T18:16:51.247+0530] {logging_mixin.py:188} INFO - [2025-05-27T18:16:51.247+0530] {dagbag.py:538} INFO - Filling up the DagBag from /Users/zafarimam/Documents/E-Commerce Order Pipeline/airflow_venv_39/lib/python3.9/site-packages/airflow/example_dags/plugins/workday.py
[2025-05-27T18:16:51.248+0530] {logging_mixin.py:188} INFO - [2025-05-27T18:16:51.248+0530] {workday.py:40} WARNING - Could not import pandas. Holidays will not be considered.
[2025-05-27T18:16:51.249+0530] {processor.py:842} WARNING - No viable dags retrieved from /Users/zafarimam/Documents/E-Commerce Order Pipeline/airflow_venv_39/lib/python3.9/site-packages/airflow/example_dags/plugins/workday.py
[2025-05-27T18:16:51.328+0530] {processor.py:183} INFO - Processing /Users/zafarimam/Documents/E-Commerce Order Pipeline/airflow_venv_39/lib/python3.9/site-packages/airflow/example_dags/plugins/workday.py took 0.084 seconds
[2025-05-27T18:18:33.012+0530] {processor.py:161} INFO - Started process (PID=25524) to work on /Users/zafarimam/Documents/E-Commerce Order Pipeline/airflow_venv_39/lib/python3.9/site-packages/airflow/example_dags/plugins/workday.py
[2025-05-27T18:18:33.013+0530] {processor.py:830} INFO - Processing file /Users/zafarimam/Documents/E-Commerce Order Pipeline/airflow_venv_39/lib/python3.9/site-packages/airflow/example_dags/plugins/workday.py for tasks to queue
[2025-05-27T18:18:33.013+0530] {logging_mixin.py:188} INFO - [2025-05-27T18:18:33.013+0530] {dagbag.py:538} INFO - Filling up the DagBag from /Users/zafarimam/Documents/E-Commerce Order Pipeline/airflow_venv_39/lib/python3.9/site-packages/airflow/example_dags/plugins/workday.py
[2025-05-27T18:18:33.015+0530] {logging_mixin.py:188} INFO - [2025-05-27T18:18:33.015+0530] {workday.py:40} WARNING - Could not import pandas. Holidays will not be considered.
[2025-05-27T18:18:33.015+0530] {processor.py:842} WARNING - No viable dags retrieved from /Users/zafarimam/Documents/E-Commerce Order Pipeline/airflow_venv_39/lib/python3.9/site-packages/airflow/example_dags/plugins/workday.py
[2025-05-27T18:18:33.093+0530] {processor.py:183} INFO - Processing /Users/zafarimam/Documents/E-Commerce Order Pipeline/airflow_venv_39/lib/python3.9/site-packages/airflow/example_dags/plugins/workday.py took 0.083 seconds
[2025-05-27T18:21:17.112+0530] {processor.py:161} INFO - Started process (PID=25633) to work on /Users/zafarimam/Documents/E-Commerce Order Pipeline/airflow_venv_39/lib/python3.9/site-packages/airflow/example_dags/plugins/workday.py
[2025-05-27T18:21:17.113+0530] {processor.py:830} INFO - Processing file /Users/zafarimam/Documents/E-Commerce Order Pipeline/airflow_venv_39/lib/python3.9/site-packages/airflow/example_dags/plugins/workday.py for tasks to queue
[2025-05-27T18:21:17.114+0530] {logging_mixin.py:188} INFO - [2025-05-27T18:21:17.114+0530] {dagbag.py:538} INFO - Filling up the DagBag from /Users/zafarimam/Documents/E-Commerce Order Pipeline/airflow_venv_39/lib/python3.9/site-packages/airflow/example_dags/plugins/workday.py
[2025-05-27T18:21:17.116+0530] {logging_mixin.py:188} INFO - [2025-05-27T18:21:17.115+0530] {workday.py:40} WARNING - Could not import pandas. Holidays will not be considered.
[2025-05-27T18:21:17.116+0530] {processor.py:842} WARNING - No viable dags retrieved from /Users/zafarimam/Documents/E-Commerce Order Pipeline/airflow_venv_39/lib/python3.9/site-packages/airflow/example_dags/plugins/workday.py
[2025-05-27T18:21:17.194+0530] {processor.py:183} INFO - Processing /Users/zafarimam/Documents/E-Commerce Order Pipeline/airflow_venv_39/lib/python3.9/site-packages/airflow/example_dags/plugins/workday.py took 0.084 seconds
[2025-05-27T18:23:29.985+0530] {processor.py:161} INFO - Started process (PID=25732) to work on /Users/zafarimam/Documents/E-Commerce Order Pipeline/airflow_venv_39/lib/python3.9/site-packages/airflow/example_dags/plugins/workday.py
[2025-05-27T18:23:29.986+0530] {processor.py:830} INFO - Processing file /Users/zafarimam/Documents/E-Commerce Order Pipeline/airflow_venv_39/lib/python3.9/site-packages/airflow/example_dags/plugins/workday.py for tasks to queue
[2025-05-27T18:23:29.987+0530] {logging_mixin.py:188} INFO - [2025-05-27T18:23:29.986+0530] {dagbag.py:538} INFO - Filling up the DagBag from /Users/zafarimam/Documents/E-Commerce Order Pipeline/airflow_venv_39/lib/python3.9/site-packages/airflow/example_dags/plugins/workday.py
[2025-05-27T18:23:29.988+0530] {logging_mixin.py:188} INFO - [2025-05-27T18:23:29.988+0530] {workday.py:40} WARNING - Could not import pandas. Holidays will not be considered.
[2025-05-27T18:23:29.988+0530] {processor.py:842} WARNING - No viable dags retrieved from /Users/zafarimam/Documents/E-Commerce Order Pipeline/airflow_venv_39/lib/python3.9/site-packages/airflow/example_dags/plugins/workday.py
[2025-05-27T18:23:30.070+0530] {processor.py:183} INFO - Processing /Users/zafarimam/Documents/E-Commerce Order Pipeline/airflow_venv_39/lib/python3.9/site-packages/airflow/example_dags/plugins/workday.py took 0.086 seconds
[2025-05-27T18:26:30.755+0530] {processor.py:161} INFO - Started process (PID=25831) to work on /Users/zafarimam/Documents/E-Commerce Order Pipeline/airflow_venv_39/lib/python3.9/site-packages/airflow/example_dags/plugins/workday.py
[2025-05-27T18:26:30.757+0530] {processor.py:830} INFO - Processing file /Users/zafarimam/Documents/E-Commerce Order Pipeline/airflow_venv_39/lib/python3.9/site-packages/airflow/example_dags/plugins/workday.py for tasks to queue
[2025-05-27T18:26:30.758+0530] {logging_mixin.py:188} INFO - [2025-05-27T18:26:30.758+0530] {dagbag.py:538} INFO - Filling up the DagBag from /Users/zafarimam/Documents/E-Commerce Order Pipeline/airflow_venv_39/lib/python3.9/site-packages/airflow/example_dags/plugins/workday.py
[2025-05-27T18:26:30.759+0530] {logging_mixin.py:188} INFO - [2025-05-27T18:26:30.759+0530] {workday.py:40} WARNING - Could not import pandas. Holidays will not be considered.
[2025-05-27T18:26:30.760+0530] {processor.py:842} WARNING - No viable dags retrieved from /Users/zafarimam/Documents/E-Commerce Order Pipeline/airflow_venv_39/lib/python3.9/site-packages/airflow/example_dags/plugins/workday.py
[2025-05-27T18:26:30.842+0530] {processor.py:183} INFO - Processing /Users/zafarimam/Documents/E-Commerce Order Pipeline/airflow_venv_39/lib/python3.9/site-packages/airflow/example_dags/plugins/workday.py took 0.088 seconds
[2025-05-27T18:28:41.964+0530] {processor.py:161} INFO - Started process (PID=25901) to work on /Users/zafarimam/Documents/E-Commerce Order Pipeline/airflow_venv_39/lib/python3.9/site-packages/airflow/example_dags/plugins/workday.py
[2025-05-27T18:28:41.965+0530] {processor.py:830} INFO - Processing file /Users/zafarimam/Documents/E-Commerce Order Pipeline/airflow_venv_39/lib/python3.9/site-packages/airflow/example_dags/plugins/workday.py for tasks to queue
[2025-05-27T18:28:41.966+0530] {logging_mixin.py:188} INFO - [2025-05-27T18:28:41.966+0530] {dagbag.py:538} INFO - Filling up the DagBag from /Users/zafarimam/Documents/E-Commerce Order Pipeline/airflow_venv_39/lib/python3.9/site-packages/airflow/example_dags/plugins/workday.py
[2025-05-27T18:28:41.967+0530] {logging_mixin.py:188} INFO - [2025-05-27T18:28:41.967+0530] {workday.py:40} WARNING - Could not import pandas. Holidays will not be considered.
[2025-05-27T18:28:41.968+0530] {processor.py:842} WARNING - No viable dags retrieved from /Users/zafarimam/Documents/E-Commerce Order Pipeline/airflow_venv_39/lib/python3.9/site-packages/airflow/example_dags/plugins/workday.py
[2025-05-27T18:28:42.045+0530] {processor.py:183} INFO - Processing /Users/zafarimam/Documents/E-Commerce Order Pipeline/airflow_venv_39/lib/python3.9/site-packages/airflow/example_dags/plugins/workday.py took 0.082 seconds
[2025-05-27T18:30:29.987+0530] {processor.py:161} INFO - Started process (PID=25959) to work on /Users/zafarimam/Documents/E-Commerce Order Pipeline/airflow_venv_39/lib/python3.9/site-packages/airflow/example_dags/plugins/workday.py
[2025-05-27T18:30:29.988+0530] {processor.py:830} INFO - Processing file /Users/zafarimam/Documents/E-Commerce Order Pipeline/airflow_venv_39/lib/python3.9/site-packages/airflow/example_dags/plugins/workday.py for tasks to queue
[2025-05-27T18:30:29.989+0530] {logging_mixin.py:188} INFO - [2025-05-27T18:30:29.989+0530] {dagbag.py:538} INFO - Filling up the DagBag from /Users/zafarimam/Documents/E-Commerce Order Pipeline/airflow_venv_39/lib/python3.9/site-packages/airflow/example_dags/plugins/workday.py
[2025-05-27T18:30:29.991+0530] {logging_mixin.py:188} INFO - [2025-05-27T18:30:29.990+0530] {workday.py:40} WARNING - Could not import pandas. Holidays will not be considered.
[2025-05-27T18:30:29.991+0530] {processor.py:842} WARNING - No viable dags retrieved from /Users/zafarimam/Documents/E-Commerce Order Pipeline/airflow_venv_39/lib/python3.9/site-packages/airflow/example_dags/plugins/workday.py
[2025-05-27T18:30:30.071+0530] {processor.py:183} INFO - Processing /Users/zafarimam/Documents/E-Commerce Order Pipeline/airflow_venv_39/lib/python3.9/site-packages/airflow/example_dags/plugins/workday.py took 0.085 seconds
[2025-05-27T18:32:21.113+0530] {processor.py:161} INFO - Started process (PID=26020) to work on /Users/zafarimam/Documents/E-Commerce Order Pipeline/airflow_venv_39/lib/python3.9/site-packages/airflow/example_dags/plugins/workday.py
[2025-05-27T18:32:21.114+0530] {processor.py:830} INFO - Processing file /Users/zafarimam/Documents/E-Commerce Order Pipeline/airflow_venv_39/lib/python3.9/site-packages/airflow/example_dags/plugins/workday.py for tasks to queue
[2025-05-27T18:32:21.114+0530] {logging_mixin.py:188} INFO - [2025-05-27T18:32:21.114+0530] {dagbag.py:538} INFO - Filling up the DagBag from /Users/zafarimam/Documents/E-Commerce Order Pipeline/airflow_venv_39/lib/python3.9/site-packages/airflow/example_dags/plugins/workday.py
[2025-05-27T18:32:21.116+0530] {logging_mixin.py:188} INFO - [2025-05-27T18:32:21.115+0530] {workday.py:40} WARNING - Could not import pandas. Holidays will not be considered.
[2025-05-27T18:32:21.116+0530] {processor.py:842} WARNING - No viable dags retrieved from /Users/zafarimam/Documents/E-Commerce Order Pipeline/airflow_venv_39/lib/python3.9/site-packages/airflow/example_dags/plugins/workday.py
[2025-05-27T18:32:21.191+0530] {processor.py:183} INFO - Processing /Users/zafarimam/Documents/E-Commerce Order Pipeline/airflow_venv_39/lib/python3.9/site-packages/airflow/example_dags/plugins/workday.py took 0.079 seconds
[2025-05-27T18:36:09.558+0530] {processor.py:161} INFO - Started process (PID=26179) to work on /Users/zafarimam/Documents/E-Commerce Order Pipeline/airflow_venv_39/lib/python3.9/site-packages/airflow/example_dags/plugins/workday.py
[2025-05-27T18:36:09.560+0530] {processor.py:830} INFO - Processing file /Users/zafarimam/Documents/E-Commerce Order Pipeline/airflow_venv_39/lib/python3.9/site-packages/airflow/example_dags/plugins/workday.py for tasks to queue
[2025-05-27T18:36:09.560+0530] {logging_mixin.py:188} INFO - [2025-05-27T18:36:09.560+0530] {dagbag.py:538} INFO - Filling up the DagBag from /Users/zafarimam/Documents/E-Commerce Order Pipeline/airflow_venv_39/lib/python3.9/site-packages/airflow/example_dags/plugins/workday.py
[2025-05-27T18:36:09.562+0530] {logging_mixin.py:188} INFO - [2025-05-27T18:36:09.562+0530] {workday.py:40} WARNING - Could not import pandas. Holidays will not be considered.
[2025-05-27T18:36:09.562+0530] {processor.py:842} WARNING - No viable dags retrieved from /Users/zafarimam/Documents/E-Commerce Order Pipeline/airflow_venv_39/lib/python3.9/site-packages/airflow/example_dags/plugins/workday.py
[2025-05-27T18:36:09.643+0530] {processor.py:183} INFO - Processing /Users/zafarimam/Documents/E-Commerce Order Pipeline/airflow_venv_39/lib/python3.9/site-packages/airflow/example_dags/plugins/workday.py took 0.087 seconds
[2025-05-27T18:38:14.375+0530] {processor.py:161} INFO - Started process (PID=26244) to work on /Users/zafarimam/Documents/E-Commerce Order Pipeline/airflow_venv_39/lib/python3.9/site-packages/airflow/example_dags/plugins/workday.py
[2025-05-27T18:38:14.376+0530] {processor.py:830} INFO - Processing file /Users/zafarimam/Documents/E-Commerce Order Pipeline/airflow_venv_39/lib/python3.9/site-packages/airflow/example_dags/plugins/workday.py for tasks to queue
[2025-05-27T18:38:14.377+0530] {logging_mixin.py:188} INFO - [2025-05-27T18:38:14.376+0530] {dagbag.py:538} INFO - Filling up the DagBag from /Users/zafarimam/Documents/E-Commerce Order Pipeline/airflow_venv_39/lib/python3.9/site-packages/airflow/example_dags/plugins/workday.py
[2025-05-27T18:38:14.378+0530] {logging_mixin.py:188} INFO - [2025-05-27T18:38:14.378+0530] {workday.py:40} WARNING - Could not import pandas. Holidays will not be considered.
[2025-05-27T18:38:14.378+0530] {processor.py:842} WARNING - No viable dags retrieved from /Users/zafarimam/Documents/E-Commerce Order Pipeline/airflow_venv_39/lib/python3.9/site-packages/airflow/example_dags/plugins/workday.py
[2025-05-27T18:38:14.462+0530] {processor.py:183} INFO - Processing /Users/zafarimam/Documents/E-Commerce Order Pipeline/airflow_venv_39/lib/python3.9/site-packages/airflow/example_dags/plugins/workday.py took 0.089 seconds
[2025-05-27T18:38:43.578+0530] {processor.py:161} INFO - Started process (PID=26434) to work on /Users/zafarimam/Documents/E-Commerce Order Pipeline/airflow_venv_39/lib/python3.9/site-packages/airflow/example_dags/plugins/workday.py
[2025-05-27T18:38:43.579+0530] {processor.py:830} INFO - Processing file /Users/zafarimam/Documents/E-Commerce Order Pipeline/airflow_venv_39/lib/python3.9/site-packages/airflow/example_dags/plugins/workday.py for tasks to queue
[2025-05-27T18:38:43.579+0530] {logging_mixin.py:188} INFO - [2025-05-27T18:38:43.579+0530] {dagbag.py:538} INFO - Filling up the DagBag from /Users/zafarimam/Documents/E-Commerce Order Pipeline/airflow_venv_39/lib/python3.9/site-packages/airflow/example_dags/plugins/workday.py
[2025-05-27T18:38:43.581+0530] {logging_mixin.py:188} INFO - [2025-05-27T18:38:43.581+0530] {workday.py:40} WARNING - Could not import pandas. Holidays will not be considered.
[2025-05-27T18:38:43.581+0530] {processor.py:842} WARNING - No viable dags retrieved from /Users/zafarimam/Documents/E-Commerce Order Pipeline/airflow_venv_39/lib/python3.9/site-packages/airflow/example_dags/plugins/workday.py
[2025-05-27T18:38:43.664+0530] {processor.py:183} INFO - Processing /Users/zafarimam/Documents/E-Commerce Order Pipeline/airflow_venv_39/lib/python3.9/site-packages/airflow/example_dags/plugins/workday.py took 0.088 seconds
[2025-05-27T18:46:05.722+0530] {processor.py:161} INFO - Started process (PID=26696) to work on /Users/zafarimam/Documents/E-Commerce Order Pipeline/airflow_venv_39/lib/python3.9/site-packages/airflow/example_dags/plugins/workday.py
[2025-05-27T18:46:05.724+0530] {processor.py:830} INFO - Processing file /Users/zafarimam/Documents/E-Commerce Order Pipeline/airflow_venv_39/lib/python3.9/site-packages/airflow/example_dags/plugins/workday.py for tasks to queue
[2025-05-27T18:46:05.725+0530] {logging_mixin.py:188} INFO - [2025-05-27T18:46:05.725+0530] {dagbag.py:538} INFO - Filling up the DagBag from /Users/zafarimam/Documents/E-Commerce Order Pipeline/airflow_venv_39/lib/python3.9/site-packages/airflow/example_dags/plugins/workday.py
[2025-05-27T18:46:05.726+0530] {logging_mixin.py:188} INFO - [2025-05-27T18:46:05.726+0530] {workday.py:40} WARNING - Could not import pandas. Holidays will not be considered.
[2025-05-27T18:46:05.727+0530] {processor.py:842} WARNING - No viable dags retrieved from /Users/zafarimam/Documents/E-Commerce Order Pipeline/airflow_venv_39/lib/python3.9/site-packages/airflow/example_dags/plugins/workday.py
[2025-05-27T18:46:05.802+0530] {processor.py:183} INFO - Processing /Users/zafarimam/Documents/E-Commerce Order Pipeline/airflow_venv_39/lib/python3.9/site-packages/airflow/example_dags/plugins/workday.py took 0.081 seconds
[2025-05-27T18:48:00.676+0530] {processor.py:161} INFO - Started process (PID=26756) to work on /Users/zafarimam/Documents/E-Commerce Order Pipeline/airflow_venv_39/lib/python3.9/site-packages/airflow/example_dags/plugins/workday.py
[2025-05-27T18:48:00.677+0530] {processor.py:830} INFO - Processing file /Users/zafarimam/Documents/E-Commerce Order Pipeline/airflow_venv_39/lib/python3.9/site-packages/airflow/example_dags/plugins/workday.py for tasks to queue
[2025-05-27T18:48:00.678+0530] {logging_mixin.py:188} INFO - [2025-05-27T18:48:00.678+0530] {dagbag.py:538} INFO - Filling up the DagBag from /Users/zafarimam/Documents/E-Commerce Order Pipeline/airflow_venv_39/lib/python3.9/site-packages/airflow/example_dags/plugins/workday.py
[2025-05-27T18:48:00.679+0530] {logging_mixin.py:188} INFO - [2025-05-27T18:48:00.679+0530] {workday.py:40} WARNING - Could not import pandas. Holidays will not be considered.
[2025-05-27T18:48:00.680+0530] {processor.py:842} WARNING - No viable dags retrieved from /Users/zafarimam/Documents/E-Commerce Order Pipeline/airflow_venv_39/lib/python3.9/site-packages/airflow/example_dags/plugins/workday.py
[2025-05-27T18:48:00.755+0530] {processor.py:183} INFO - Processing /Users/zafarimam/Documents/E-Commerce Order Pipeline/airflow_venv_39/lib/python3.9/site-packages/airflow/example_dags/plugins/workday.py took 0.080 seconds
[2025-05-27T18:49:52.654+0530] {processor.py:161} INFO - Started process (PID=26836) to work on /Users/zafarimam/Documents/E-Commerce Order Pipeline/airflow_venv_39/lib/python3.9/site-packages/airflow/example_dags/plugins/workday.py
[2025-05-27T18:49:52.655+0530] {processor.py:830} INFO - Processing file /Users/zafarimam/Documents/E-Commerce Order Pipeline/airflow_venv_39/lib/python3.9/site-packages/airflow/example_dags/plugins/workday.py for tasks to queue
[2025-05-27T18:49:52.656+0530] {logging_mixin.py:188} INFO - [2025-05-27T18:49:52.655+0530] {dagbag.py:538} INFO - Filling up the DagBag from /Users/zafarimam/Documents/E-Commerce Order Pipeline/airflow_venv_39/lib/python3.9/site-packages/airflow/example_dags/plugins/workday.py
[2025-05-27T18:49:52.657+0530] {logging_mixin.py:188} INFO - [2025-05-27T18:49:52.657+0530] {workday.py:40} WARNING - Could not import pandas. Holidays will not be considered.
[2025-05-27T18:49:52.658+0530] {processor.py:842} WARNING - No viable dags retrieved from /Users/zafarimam/Documents/E-Commerce Order Pipeline/airflow_venv_39/lib/python3.9/site-packages/airflow/example_dags/plugins/workday.py
[2025-05-27T18:49:52.743+0530] {processor.py:183} INFO - Processing /Users/zafarimam/Documents/E-Commerce Order Pipeline/airflow_venv_39/lib/python3.9/site-packages/airflow/example_dags/plugins/workday.py took 0.091 seconds
[2025-05-27T18:51:49.532+0530] {processor.py:161} INFO - Started process (PID=26923) to work on /Users/zafarimam/Documents/E-Commerce Order Pipeline/airflow_venv_39/lib/python3.9/site-packages/airflow/example_dags/plugins/workday.py
[2025-05-27T18:51:49.533+0530] {processor.py:830} INFO - Processing file /Users/zafarimam/Documents/E-Commerce Order Pipeline/airflow_venv_39/lib/python3.9/site-packages/airflow/example_dags/plugins/workday.py for tasks to queue
[2025-05-27T18:51:49.533+0530] {logging_mixin.py:188} INFO - [2025-05-27T18:51:49.533+0530] {dagbag.py:538} INFO - Filling up the DagBag from /Users/zafarimam/Documents/E-Commerce Order Pipeline/airflow_venv_39/lib/python3.9/site-packages/airflow/example_dags/plugins/workday.py
[2025-05-27T18:51:49.535+0530] {logging_mixin.py:188} INFO - [2025-05-27T18:51:49.535+0530] {workday.py:40} WARNING - Could not import pandas. Holidays will not be considered.
[2025-05-27T18:51:49.535+0530] {processor.py:842} WARNING - No viable dags retrieved from /Users/zafarimam/Documents/E-Commerce Order Pipeline/airflow_venv_39/lib/python3.9/site-packages/airflow/example_dags/plugins/workday.py
[2025-05-27T18:51:49.616+0530] {processor.py:183} INFO - Processing /Users/zafarimam/Documents/E-Commerce Order Pipeline/airflow_venv_39/lib/python3.9/site-packages/airflow/example_dags/plugins/workday.py took 0.085 seconds
[2025-05-27T18:53:47.310+0530] {processor.py:161} INFO - Started process (PID=26984) to work on /Users/zafarimam/Documents/E-Commerce Order Pipeline/airflow_venv_39/lib/python3.9/site-packages/airflow/example_dags/plugins/workday.py
[2025-05-27T18:53:47.312+0530] {processor.py:830} INFO - Processing file /Users/zafarimam/Documents/E-Commerce Order Pipeline/airflow_venv_39/lib/python3.9/site-packages/airflow/example_dags/plugins/workday.py for tasks to queue
[2025-05-27T18:53:47.312+0530] {logging_mixin.py:188} INFO - [2025-05-27T18:53:47.312+0530] {dagbag.py:538} INFO - Filling up the DagBag from /Users/zafarimam/Documents/E-Commerce Order Pipeline/airflow_venv_39/lib/python3.9/site-packages/airflow/example_dags/plugins/workday.py
[2025-05-27T18:53:47.314+0530] {logging_mixin.py:188} INFO - [2025-05-27T18:53:47.314+0530] {workday.py:40} WARNING - Could not import pandas. Holidays will not be considered.
[2025-05-27T18:53:47.314+0530] {processor.py:842} WARNING - No viable dags retrieved from /Users/zafarimam/Documents/E-Commerce Order Pipeline/airflow_venv_39/lib/python3.9/site-packages/airflow/example_dags/plugins/workday.py
[2025-05-27T18:53:47.397+0530] {processor.py:183} INFO - Processing /Users/zafarimam/Documents/E-Commerce Order Pipeline/airflow_venv_39/lib/python3.9/site-packages/airflow/example_dags/plugins/workday.py took 0.089 seconds
[2025-05-27T18:55:54.332+0530] {processor.py:161} INFO - Started process (PID=27053) to work on /Users/zafarimam/Documents/E-Commerce Order Pipeline/airflow_venv_39/lib/python3.9/site-packages/airflow/example_dags/plugins/workday.py
[2025-05-27T18:55:54.333+0530] {processor.py:830} INFO - Processing file /Users/zafarimam/Documents/E-Commerce Order Pipeline/airflow_venv_39/lib/python3.9/site-packages/airflow/example_dags/plugins/workday.py for tasks to queue
[2025-05-27T18:55:54.334+0530] {logging_mixin.py:188} INFO - [2025-05-27T18:55:54.334+0530] {dagbag.py:538} INFO - Filling up the DagBag from /Users/zafarimam/Documents/E-Commerce Order Pipeline/airflow_venv_39/lib/python3.9/site-packages/airflow/example_dags/plugins/workday.py
[2025-05-27T18:55:54.335+0530] {logging_mixin.py:188} INFO - [2025-05-27T18:55:54.335+0530] {workday.py:40} WARNING - Could not import pandas. Holidays will not be considered.
[2025-05-27T18:55:54.336+0530] {processor.py:842} WARNING - No viable dags retrieved from /Users/zafarimam/Documents/E-Commerce Order Pipeline/airflow_venv_39/lib/python3.9/site-packages/airflow/example_dags/plugins/workday.py
[2025-05-27T18:55:54.418+0530] {processor.py:183} INFO - Processing /Users/zafarimam/Documents/E-Commerce Order Pipeline/airflow_venv_39/lib/python3.9/site-packages/airflow/example_dags/plugins/workday.py took 0.088 seconds
[2025-05-27T18:57:55.245+0530] {processor.py:161} INFO - Started process (PID=27145) to work on /Users/zafarimam/Documents/E-Commerce Order Pipeline/airflow_venv_39/lib/python3.9/site-packages/airflow/example_dags/plugins/workday.py
[2025-05-27T18:57:55.247+0530] {processor.py:830} INFO - Processing file /Users/zafarimam/Documents/E-Commerce Order Pipeline/airflow_venv_39/lib/python3.9/site-packages/airflow/example_dags/plugins/workday.py for tasks to queue
[2025-05-27T18:57:55.247+0530] {logging_mixin.py:188} INFO - [2025-05-27T18:57:55.247+0530] {dagbag.py:538} INFO - Filling up the DagBag from /Users/zafarimam/Documents/E-Commerce Order Pipeline/airflow_venv_39/lib/python3.9/site-packages/airflow/example_dags/plugins/workday.py
[2025-05-27T18:57:55.249+0530] {logging_mixin.py:188} INFO - [2025-05-27T18:57:55.248+0530] {workday.py:40} WARNING - Could not import pandas. Holidays will not be considered.
[2025-05-27T18:57:55.249+0530] {processor.py:842} WARNING - No viable dags retrieved from /Users/zafarimam/Documents/E-Commerce Order Pipeline/airflow_venv_39/lib/python3.9/site-packages/airflow/example_dags/plugins/workday.py
[2025-05-27T18:57:55.328+0530] {processor.py:183} INFO - Processing /Users/zafarimam/Documents/E-Commerce Order Pipeline/airflow_venv_39/lib/python3.9/site-packages/airflow/example_dags/plugins/workday.py took 0.084 seconds
[2025-05-27T18:59:54.492+0530] {processor.py:161} INFO - Started process (PID=27208) to work on /Users/zafarimam/Documents/E-Commerce Order Pipeline/airflow_venv_39/lib/python3.9/site-packages/airflow/example_dags/plugins/workday.py
[2025-05-27T18:59:54.494+0530] {processor.py:830} INFO - Processing file /Users/zafarimam/Documents/E-Commerce Order Pipeline/airflow_venv_39/lib/python3.9/site-packages/airflow/example_dags/plugins/workday.py for tasks to queue
[2025-05-27T18:59:54.494+0530] {logging_mixin.py:188} INFO - [2025-05-27T18:59:54.494+0530] {dagbag.py:538} INFO - Filling up the DagBag from /Users/zafarimam/Documents/E-Commerce Order Pipeline/airflow_venv_39/lib/python3.9/site-packages/airflow/example_dags/plugins/workday.py
[2025-05-27T18:59:54.496+0530] {logging_mixin.py:188} INFO - [2025-05-27T18:59:54.496+0530] {workday.py:40} WARNING - Could not import pandas. Holidays will not be considered.
[2025-05-27T18:59:54.496+0530] {processor.py:842} WARNING - No viable dags retrieved from /Users/zafarimam/Documents/E-Commerce Order Pipeline/airflow_venv_39/lib/python3.9/site-packages/airflow/example_dags/plugins/workday.py
[2025-05-27T18:59:54.575+0530] {processor.py:183} INFO - Processing /Users/zafarimam/Documents/E-Commerce Order Pipeline/airflow_venv_39/lib/python3.9/site-packages/airflow/example_dags/plugins/workday.py took 0.084 seconds
[2025-05-27T19:02:06.357+0530] {processor.py:161} INFO - Started process (PID=27314) to work on /Users/zafarimam/Documents/E-Commerce Order Pipeline/airflow_venv_39/lib/python3.9/site-packages/airflow/example_dags/plugins/workday.py
[2025-05-27T19:02:06.359+0530] {processor.py:830} INFO - Processing file /Users/zafarimam/Documents/E-Commerce Order Pipeline/airflow_venv_39/lib/python3.9/site-packages/airflow/example_dags/plugins/workday.py for tasks to queue
[2025-05-27T19:02:06.360+0530] {logging_mixin.py:188} INFO - [2025-05-27T19:02:06.360+0530] {dagbag.py:538} INFO - Filling up the DagBag from /Users/zafarimam/Documents/E-Commerce Order Pipeline/airflow_venv_39/lib/python3.9/site-packages/airflow/example_dags/plugins/workday.py
[2025-05-27T19:02:06.361+0530] {logging_mixin.py:188} INFO - [2025-05-27T19:02:06.361+0530] {workday.py:40} WARNING - Could not import pandas. Holidays will not be considered.
[2025-05-27T19:02:06.361+0530] {processor.py:842} WARNING - No viable dags retrieved from /Users/zafarimam/Documents/E-Commerce Order Pipeline/airflow_venv_39/lib/python3.9/site-packages/airflow/example_dags/plugins/workday.py
[2025-05-27T19:02:06.436+0530] {processor.py:183} INFO - Processing /Users/zafarimam/Documents/E-Commerce Order Pipeline/airflow_venv_39/lib/python3.9/site-packages/airflow/example_dags/plugins/workday.py took 0.080 seconds
[2025-05-27T19:03:58.567+0530] {processor.py:161} INFO - Started process (PID=27381) to work on /Users/zafarimam/Documents/E-Commerce Order Pipeline/airflow_venv_39/lib/python3.9/site-packages/airflow/example_dags/plugins/workday.py
[2025-05-27T19:03:58.569+0530] {processor.py:830} INFO - Processing file /Users/zafarimam/Documents/E-Commerce Order Pipeline/airflow_venv_39/lib/python3.9/site-packages/airflow/example_dags/plugins/workday.py for tasks to queue
[2025-05-27T19:03:58.570+0530] {logging_mixin.py:188} INFO - [2025-05-27T19:03:58.569+0530] {dagbag.py:538} INFO - Filling up the DagBag from /Users/zafarimam/Documents/E-Commerce Order Pipeline/airflow_venv_39/lib/python3.9/site-packages/airflow/example_dags/plugins/workday.py
[2025-05-27T19:03:58.572+0530] {logging_mixin.py:188} INFO - [2025-05-27T19:03:58.571+0530] {workday.py:40} WARNING - Could not import pandas. Holidays will not be considered.
[2025-05-27T19:03:58.572+0530] {processor.py:842} WARNING - No viable dags retrieved from /Users/zafarimam/Documents/E-Commerce Order Pipeline/airflow_venv_39/lib/python3.9/site-packages/airflow/example_dags/plugins/workday.py
[2025-05-27T19:03:58.660+0530] {processor.py:183} INFO - Processing /Users/zafarimam/Documents/E-Commerce Order Pipeline/airflow_venv_39/lib/python3.9/site-packages/airflow/example_dags/plugins/workday.py took 0.094 seconds
[2025-05-27T19:06:06.454+0530] {processor.py:161} INFO - Started process (PID=27435) to work on /Users/zafarimam/Documents/E-Commerce Order Pipeline/airflow_venv_39/lib/python3.9/site-packages/airflow/example_dags/plugins/workday.py
[2025-05-27T19:06:06.456+0530] {processor.py:830} INFO - Processing file /Users/zafarimam/Documents/E-Commerce Order Pipeline/airflow_venv_39/lib/python3.9/site-packages/airflow/example_dags/plugins/workday.py for tasks to queue
[2025-05-27T19:06:06.456+0530] {logging_mixin.py:188} INFO - [2025-05-27T19:06:06.456+0530] {dagbag.py:538} INFO - Filling up the DagBag from /Users/zafarimam/Documents/E-Commerce Order Pipeline/airflow_venv_39/lib/python3.9/site-packages/airflow/example_dags/plugins/workday.py
[2025-05-27T19:06:06.458+0530] {logging_mixin.py:188} INFO - [2025-05-27T19:06:06.458+0530] {workday.py:40} WARNING - Could not import pandas. Holidays will not be considered.
[2025-05-27T19:06:06.459+0530] {processor.py:842} WARNING - No viable dags retrieved from /Users/zafarimam/Documents/E-Commerce Order Pipeline/airflow_venv_39/lib/python3.9/site-packages/airflow/example_dags/plugins/workday.py
[2025-05-27T19:06:06.548+0530] {processor.py:183} INFO - Processing /Users/zafarimam/Documents/E-Commerce Order Pipeline/airflow_venv_39/lib/python3.9/site-packages/airflow/example_dags/plugins/workday.py took 0.095 seconds
[2025-05-27T19:08:18.510+0530] {processor.py:161} INFO - Started process (PID=27525) to work on /Users/zafarimam/Documents/E-Commerce Order Pipeline/airflow_venv_39/lib/python3.9/site-packages/airflow/example_dags/plugins/workday.py
[2025-05-27T19:08:18.512+0530] {processor.py:830} INFO - Processing file /Users/zafarimam/Documents/E-Commerce Order Pipeline/airflow_venv_39/lib/python3.9/site-packages/airflow/example_dags/plugins/workday.py for tasks to queue
[2025-05-27T19:08:18.512+0530] {logging_mixin.py:188} INFO - [2025-05-27T19:08:18.512+0530] {dagbag.py:538} INFO - Filling up the DagBag from /Users/zafarimam/Documents/E-Commerce Order Pipeline/airflow_venv_39/lib/python3.9/site-packages/airflow/example_dags/plugins/workday.py
[2025-05-27T19:08:18.514+0530] {logging_mixin.py:188} INFO - [2025-05-27T19:08:18.513+0530] {workday.py:40} WARNING - Could not import pandas. Holidays will not be considered.
[2025-05-27T19:08:18.514+0530] {processor.py:842} WARNING - No viable dags retrieved from /Users/zafarimam/Documents/E-Commerce Order Pipeline/airflow_venv_39/lib/python3.9/site-packages/airflow/example_dags/plugins/workday.py
[2025-05-27T19:08:18.585+0530] {processor.py:183} INFO - Processing /Users/zafarimam/Documents/E-Commerce Order Pipeline/airflow_venv_39/lib/python3.9/site-packages/airflow/example_dags/plugins/workday.py took 0.075 seconds
[2025-05-27T19:09:59.927+0530] {processor.py:161} INFO - Started process (PID=27585) to work on /Users/zafarimam/Documents/E-Commerce Order Pipeline/airflow_venv_39/lib/python3.9/site-packages/airflow/example_dags/plugins/workday.py
[2025-05-27T19:09:59.927+0530] {processor.py:830} INFO - Processing file /Users/zafarimam/Documents/E-Commerce Order Pipeline/airflow_venv_39/lib/python3.9/site-packages/airflow/example_dags/plugins/workday.py for tasks to queue
[2025-05-27T19:09:59.928+0530] {logging_mixin.py:188} INFO - [2025-05-27T19:09:59.928+0530] {dagbag.py:538} INFO - Filling up the DagBag from /Users/zafarimam/Documents/E-Commerce Order Pipeline/airflow_venv_39/lib/python3.9/site-packages/airflow/example_dags/plugins/workday.py
[2025-05-27T19:09:59.929+0530] {logging_mixin.py:188} INFO - [2025-05-27T19:09:59.929+0530] {workday.py:40} WARNING - Could not import pandas. Holidays will not be considered.
[2025-05-27T19:09:59.929+0530] {processor.py:842} WARNING - No viable dags retrieved from /Users/zafarimam/Documents/E-Commerce Order Pipeline/airflow_venv_39/lib/python3.9/site-packages/airflow/example_dags/plugins/workday.py
[2025-05-27T19:09:59.998+0530] {processor.py:183} INFO - Processing /Users/zafarimam/Documents/E-Commerce Order Pipeline/airflow_venv_39/lib/python3.9/site-packages/airflow/example_dags/plugins/workday.py took 0.072 seconds
[2025-05-27T19:11:41.188+0530] {processor.py:161} INFO - Started process (PID=27641) to work on /Users/zafarimam/Documents/E-Commerce Order Pipeline/airflow_venv_39/lib/python3.9/site-packages/airflow/example_dags/plugins/workday.py
[2025-05-27T19:11:41.188+0530] {processor.py:830} INFO - Processing file /Users/zafarimam/Documents/E-Commerce Order Pipeline/airflow_venv_39/lib/python3.9/site-packages/airflow/example_dags/plugins/workday.py for tasks to queue
[2025-05-27T19:11:41.189+0530] {logging_mixin.py:188} INFO - [2025-05-27T19:11:41.189+0530] {dagbag.py:538} INFO - Filling up the DagBag from /Users/zafarimam/Documents/E-Commerce Order Pipeline/airflow_venv_39/lib/python3.9/site-packages/airflow/example_dags/plugins/workday.py
[2025-05-27T19:11:41.190+0530] {logging_mixin.py:188} INFO - [2025-05-27T19:11:41.190+0530] {workday.py:40} WARNING - Could not import pandas. Holidays will not be considered.
[2025-05-27T19:11:41.191+0530] {processor.py:842} WARNING - No viable dags retrieved from /Users/zafarimam/Documents/E-Commerce Order Pipeline/airflow_venv_39/lib/python3.9/site-packages/airflow/example_dags/plugins/workday.py
[2025-05-27T19:11:41.260+0530] {processor.py:183} INFO - Processing /Users/zafarimam/Documents/E-Commerce Order Pipeline/airflow_venv_39/lib/python3.9/site-packages/airflow/example_dags/plugins/workday.py took 0.074 seconds
[2025-05-27T19:13:22.122+0530] {processor.py:161} INFO - Started process (PID=27691) to work on /Users/zafarimam/Documents/E-Commerce Order Pipeline/airflow_venv_39/lib/python3.9/site-packages/airflow/example_dags/plugins/workday.py
[2025-05-27T19:13:22.123+0530] {processor.py:830} INFO - Processing file /Users/zafarimam/Documents/E-Commerce Order Pipeline/airflow_venv_39/lib/python3.9/site-packages/airflow/example_dags/plugins/workday.py for tasks to queue
[2025-05-27T19:13:22.123+0530] {logging_mixin.py:188} INFO - [2025-05-27T19:13:22.123+0530] {dagbag.py:538} INFO - Filling up the DagBag from /Users/zafarimam/Documents/E-Commerce Order Pipeline/airflow_venv_39/lib/python3.9/site-packages/airflow/example_dags/plugins/workday.py
[2025-05-27T19:13:22.125+0530] {logging_mixin.py:188} INFO - [2025-05-27T19:13:22.125+0530] {workday.py:40} WARNING - Could not import pandas. Holidays will not be considered.
[2025-05-27T19:13:22.125+0530] {processor.py:842} WARNING - No viable dags retrieved from /Users/zafarimam/Documents/E-Commerce Order Pipeline/airflow_venv_39/lib/python3.9/site-packages/airflow/example_dags/plugins/workday.py
[2025-05-27T19:13:22.196+0530] {processor.py:183} INFO - Processing /Users/zafarimam/Documents/E-Commerce Order Pipeline/airflow_venv_39/lib/python3.9/site-packages/airflow/example_dags/plugins/workday.py took 0.075 seconds
[2025-05-27T19:15:02.004+0530] {processor.py:161} INFO - Started process (PID=27742) to work on /Users/zafarimam/Documents/E-Commerce Order Pipeline/airflow_venv_39/lib/python3.9/site-packages/airflow/example_dags/plugins/workday.py
[2025-05-27T19:15:02.005+0530] {processor.py:830} INFO - Processing file /Users/zafarimam/Documents/E-Commerce Order Pipeline/airflow_venv_39/lib/python3.9/site-packages/airflow/example_dags/plugins/workday.py for tasks to queue
[2025-05-27T19:15:02.005+0530] {logging_mixin.py:188} INFO - [2025-05-27T19:15:02.005+0530] {dagbag.py:538} INFO - Filling up the DagBag from /Users/zafarimam/Documents/E-Commerce Order Pipeline/airflow_venv_39/lib/python3.9/site-packages/airflow/example_dags/plugins/workday.py
[2025-05-27T19:15:02.007+0530] {logging_mixin.py:188} INFO - [2025-05-27T19:15:02.006+0530] {workday.py:40} WARNING - Could not import pandas. Holidays will not be considered.
[2025-05-27T19:15:02.007+0530] {processor.py:842} WARNING - No viable dags retrieved from /Users/zafarimam/Documents/E-Commerce Order Pipeline/airflow_venv_39/lib/python3.9/site-packages/airflow/example_dags/plugins/workday.py
[2025-05-27T19:15:02.077+0530] {processor.py:183} INFO - Processing /Users/zafarimam/Documents/E-Commerce Order Pipeline/airflow_venv_39/lib/python3.9/site-packages/airflow/example_dags/plugins/workday.py took 0.074 seconds
[2025-05-27T19:16:42.516+0530] {processor.py:161} INFO - Started process (PID=27799) to work on /Users/zafarimam/Documents/E-Commerce Order Pipeline/airflow_venv_39/lib/python3.9/site-packages/airflow/example_dags/plugins/workday.py
[2025-05-27T19:16:42.517+0530] {processor.py:830} INFO - Processing file /Users/zafarimam/Documents/E-Commerce Order Pipeline/airflow_venv_39/lib/python3.9/site-packages/airflow/example_dags/plugins/workday.py for tasks to queue
[2025-05-27T19:16:42.518+0530] {logging_mixin.py:188} INFO - [2025-05-27T19:16:42.517+0530] {dagbag.py:538} INFO - Filling up the DagBag from /Users/zafarimam/Documents/E-Commerce Order Pipeline/airflow_venv_39/lib/python3.9/site-packages/airflow/example_dags/plugins/workday.py
[2025-05-27T19:16:42.519+0530] {logging_mixin.py:188} INFO - [2025-05-27T19:16:42.519+0530] {workday.py:40} WARNING - Could not import pandas. Holidays will not be considered.
[2025-05-27T19:16:42.519+0530] {processor.py:842} WARNING - No viable dags retrieved from /Users/zafarimam/Documents/E-Commerce Order Pipeline/airflow_venv_39/lib/python3.9/site-packages/airflow/example_dags/plugins/workday.py
[2025-05-27T19:16:42.590+0530] {processor.py:183} INFO - Processing /Users/zafarimam/Documents/E-Commerce Order Pipeline/airflow_venv_39/lib/python3.9/site-packages/airflow/example_dags/plugins/workday.py took 0.075 seconds
[2025-05-27T19:18:23.163+0530] {processor.py:161} INFO - Started process (PID=27851) to work on /Users/zafarimam/Documents/E-Commerce Order Pipeline/airflow_venv_39/lib/python3.9/site-packages/airflow/example_dags/plugins/workday.py
[2025-05-27T19:18:23.164+0530] {processor.py:830} INFO - Processing file /Users/zafarimam/Documents/E-Commerce Order Pipeline/airflow_venv_39/lib/python3.9/site-packages/airflow/example_dags/plugins/workday.py for tasks to queue
[2025-05-27T19:18:23.164+0530] {logging_mixin.py:188} INFO - [2025-05-27T19:18:23.164+0530] {dagbag.py:538} INFO - Filling up the DagBag from /Users/zafarimam/Documents/E-Commerce Order Pipeline/airflow_venv_39/lib/python3.9/site-packages/airflow/example_dags/plugins/workday.py
[2025-05-27T19:18:23.165+0530] {logging_mixin.py:188} INFO - [2025-05-27T19:18:23.165+0530] {workday.py:40} WARNING - Could not import pandas. Holidays will not be considered.
[2025-05-27T19:18:23.166+0530] {processor.py:842} WARNING - No viable dags retrieved from /Users/zafarimam/Documents/E-Commerce Order Pipeline/airflow_venv_39/lib/python3.9/site-packages/airflow/example_dags/plugins/workday.py
[2025-05-27T19:18:23.236+0530] {processor.py:183} INFO - Processing /Users/zafarimam/Documents/E-Commerce Order Pipeline/airflow_venv_39/lib/python3.9/site-packages/airflow/example_dags/plugins/workday.py took 0.074 seconds
[2025-05-27T19:20:03.955+0530] {processor.py:161} INFO - Started process (PID=27937) to work on /Users/zafarimam/Documents/E-Commerce Order Pipeline/airflow_venv_39/lib/python3.9/site-packages/airflow/example_dags/plugins/workday.py
[2025-05-27T19:20:03.956+0530] {processor.py:830} INFO - Processing file /Users/zafarimam/Documents/E-Commerce Order Pipeline/airflow_venv_39/lib/python3.9/site-packages/airflow/example_dags/plugins/workday.py for tasks to queue
[2025-05-27T19:20:03.957+0530] {logging_mixin.py:188} INFO - [2025-05-27T19:20:03.956+0530] {dagbag.py:538} INFO - Filling up the DagBag from /Users/zafarimam/Documents/E-Commerce Order Pipeline/airflow_venv_39/lib/python3.9/site-packages/airflow/example_dags/plugins/workday.py
[2025-05-27T19:20:03.958+0530] {logging_mixin.py:188} INFO - [2025-05-27T19:20:03.958+0530] {workday.py:40} WARNING - Could not import pandas. Holidays will not be considered.
[2025-05-27T19:20:03.958+0530] {processor.py:842} WARNING - No viable dags retrieved from /Users/zafarimam/Documents/E-Commerce Order Pipeline/airflow_venv_39/lib/python3.9/site-packages/airflow/example_dags/plugins/workday.py
[2025-05-27T19:20:04.027+0530] {processor.py:183} INFO - Processing /Users/zafarimam/Documents/E-Commerce Order Pipeline/airflow_venv_39/lib/python3.9/site-packages/airflow/example_dags/plugins/workday.py took 0.073 seconds
[2025-05-27T19:21:42.853+0530] {processor.py:161} INFO - Started process (PID=27993) to work on /Users/zafarimam/Documents/E-Commerce Order Pipeline/airflow_venv_39/lib/python3.9/site-packages/airflow/example_dags/plugins/workday.py
[2025-05-27T19:21:42.853+0530] {processor.py:830} INFO - Processing file /Users/zafarimam/Documents/E-Commerce Order Pipeline/airflow_venv_39/lib/python3.9/site-packages/airflow/example_dags/plugins/workday.py for tasks to queue
[2025-05-27T19:21:42.854+0530] {logging_mixin.py:188} INFO - [2025-05-27T19:21:42.854+0530] {dagbag.py:538} INFO - Filling up the DagBag from /Users/zafarimam/Documents/E-Commerce Order Pipeline/airflow_venv_39/lib/python3.9/site-packages/airflow/example_dags/plugins/workday.py
[2025-05-27T19:21:42.855+0530] {logging_mixin.py:188} INFO - [2025-05-27T19:21:42.855+0530] {workday.py:40} WARNING - Could not import pandas. Holidays will not be considered.
[2025-05-27T19:21:42.856+0530] {processor.py:842} WARNING - No viable dags retrieved from /Users/zafarimam/Documents/E-Commerce Order Pipeline/airflow_venv_39/lib/python3.9/site-packages/airflow/example_dags/plugins/workday.py
[2025-05-27T19:21:42.925+0530] {processor.py:183} INFO - Processing /Users/zafarimam/Documents/E-Commerce Order Pipeline/airflow_venv_39/lib/python3.9/site-packages/airflow/example_dags/plugins/workday.py took 0.074 seconds
[2025-05-27T19:23:24.066+0530] {processor.py:161} INFO - Started process (PID=28053) to work on /Users/zafarimam/Documents/E-Commerce Order Pipeline/airflow_venv_39/lib/python3.9/site-packages/airflow/example_dags/plugins/workday.py
[2025-05-27T19:23:24.066+0530] {processor.py:830} INFO - Processing file /Users/zafarimam/Documents/E-Commerce Order Pipeline/airflow_venv_39/lib/python3.9/site-packages/airflow/example_dags/plugins/workday.py for tasks to queue
[2025-05-27T19:23:24.067+0530] {logging_mixin.py:188} INFO - [2025-05-27T19:23:24.067+0530] {dagbag.py:538} INFO - Filling up the DagBag from /Users/zafarimam/Documents/E-Commerce Order Pipeline/airflow_venv_39/lib/python3.9/site-packages/airflow/example_dags/plugins/workday.py
[2025-05-27T19:23:24.068+0530] {logging_mixin.py:188} INFO - [2025-05-27T19:23:24.068+0530] {workday.py:40} WARNING - Could not import pandas. Holidays will not be considered.
[2025-05-27T19:23:24.069+0530] {processor.py:842} WARNING - No viable dags retrieved from /Users/zafarimam/Documents/E-Commerce Order Pipeline/airflow_venv_39/lib/python3.9/site-packages/airflow/example_dags/plugins/workday.py
[2025-05-27T19:23:24.138+0530] {processor.py:183} INFO - Processing /Users/zafarimam/Documents/E-Commerce Order Pipeline/airflow_venv_39/lib/python3.9/site-packages/airflow/example_dags/plugins/workday.py took 0.074 seconds
[2025-05-27T19:25:04.516+0530] {processor.py:161} INFO - Started process (PID=28107) to work on /Users/zafarimam/Documents/E-Commerce Order Pipeline/airflow_venv_39/lib/python3.9/site-packages/airflow/example_dags/plugins/workday.py
[2025-05-27T19:25:04.517+0530] {processor.py:830} INFO - Processing file /Users/zafarimam/Documents/E-Commerce Order Pipeline/airflow_venv_39/lib/python3.9/site-packages/airflow/example_dags/plugins/workday.py for tasks to queue
[2025-05-27T19:25:04.518+0530] {logging_mixin.py:188} INFO - [2025-05-27T19:25:04.517+0530] {dagbag.py:538} INFO - Filling up the DagBag from /Users/zafarimam/Documents/E-Commerce Order Pipeline/airflow_venv_39/lib/python3.9/site-packages/airflow/example_dags/plugins/workday.py
[2025-05-27T19:25:04.519+0530] {logging_mixin.py:188} INFO - [2025-05-27T19:25:04.519+0530] {workday.py:40} WARNING - Could not import pandas. Holidays will not be considered.
[2025-05-27T19:25:04.519+0530] {processor.py:842} WARNING - No viable dags retrieved from /Users/zafarimam/Documents/E-Commerce Order Pipeline/airflow_venv_39/lib/python3.9/site-packages/airflow/example_dags/plugins/workday.py
[2025-05-27T19:25:04.589+0530] {processor.py:183} INFO - Processing /Users/zafarimam/Documents/E-Commerce Order Pipeline/airflow_venv_39/lib/python3.9/site-packages/airflow/example_dags/plugins/workday.py took 0.074 seconds
[2025-05-27T19:26:44.997+0530] {processor.py:161} INFO - Started process (PID=28161) to work on /Users/zafarimam/Documents/E-Commerce Order Pipeline/airflow_venv_39/lib/python3.9/site-packages/airflow/example_dags/plugins/workday.py
[2025-05-27T19:26:44.998+0530] {processor.py:830} INFO - Processing file /Users/zafarimam/Documents/E-Commerce Order Pipeline/airflow_venv_39/lib/python3.9/site-packages/airflow/example_dags/plugins/workday.py for tasks to queue
[2025-05-27T19:26:44.998+0530] {logging_mixin.py:188} INFO - [2025-05-27T19:26:44.998+0530] {dagbag.py:538} INFO - Filling up the DagBag from /Users/zafarimam/Documents/E-Commerce Order Pipeline/airflow_venv_39/lib/python3.9/site-packages/airflow/example_dags/plugins/workday.py
[2025-05-27T19:26:45.000+0530] {logging_mixin.py:188} INFO - [2025-05-27T19:26:44.999+0530] {workday.py:40} WARNING - Could not import pandas. Holidays will not be considered.
[2025-05-27T19:26:45.000+0530] {processor.py:842} WARNING - No viable dags retrieved from /Users/zafarimam/Documents/E-Commerce Order Pipeline/airflow_venv_39/lib/python3.9/site-packages/airflow/example_dags/plugins/workday.py
[2025-05-27T19:26:45.074+0530] {processor.py:183} INFO - Processing /Users/zafarimam/Documents/E-Commerce Order Pipeline/airflow_venv_39/lib/python3.9/site-packages/airflow/example_dags/plugins/workday.py took 0.078 seconds
[2025-05-27T19:28:24.615+0530] {processor.py:161} INFO - Started process (PID=28214) to work on /Users/zafarimam/Documents/E-Commerce Order Pipeline/airflow_venv_39/lib/python3.9/site-packages/airflow/example_dags/plugins/workday.py
[2025-05-27T19:28:24.616+0530] {processor.py:830} INFO - Processing file /Users/zafarimam/Documents/E-Commerce Order Pipeline/airflow_venv_39/lib/python3.9/site-packages/airflow/example_dags/plugins/workday.py for tasks to queue
[2025-05-27T19:28:24.617+0530] {logging_mixin.py:188} INFO - [2025-05-27T19:28:24.616+0530] {dagbag.py:538} INFO - Filling up the DagBag from /Users/zafarimam/Documents/E-Commerce Order Pipeline/airflow_venv_39/lib/python3.9/site-packages/airflow/example_dags/plugins/workday.py
[2025-05-27T19:28:24.618+0530] {logging_mixin.py:188} INFO - [2025-05-27T19:28:24.618+0530] {workday.py:40} WARNING - Could not import pandas. Holidays will not be considered.
[2025-05-27T19:28:24.618+0530] {processor.py:842} WARNING - No viable dags retrieved from /Users/zafarimam/Documents/E-Commerce Order Pipeline/airflow_venv_39/lib/python3.9/site-packages/airflow/example_dags/plugins/workday.py
[2025-05-27T19:28:24.689+0530] {processor.py:183} INFO - Processing /Users/zafarimam/Documents/E-Commerce Order Pipeline/airflow_venv_39/lib/python3.9/site-packages/airflow/example_dags/plugins/workday.py took 0.075 seconds
[2025-05-27T19:30:25.329+0530] {processor.py:161} INFO - Started process (PID=28290) to work on /Users/zafarimam/Documents/E-Commerce Order Pipeline/airflow_venv_39/lib/python3.9/site-packages/airflow/example_dags/plugins/workday.py
[2025-05-27T19:30:25.330+0530] {processor.py:830} INFO - Processing file /Users/zafarimam/Documents/E-Commerce Order Pipeline/airflow_venv_39/lib/python3.9/site-packages/airflow/example_dags/plugins/workday.py for tasks to queue
[2025-05-27T19:30:25.330+0530] {logging_mixin.py:188} INFO - [2025-05-27T19:30:25.330+0530] {dagbag.py:538} INFO - Filling up the DagBag from /Users/zafarimam/Documents/E-Commerce Order Pipeline/airflow_venv_39/lib/python3.9/site-packages/airflow/example_dags/plugins/workday.py
[2025-05-27T19:30:25.332+0530] {logging_mixin.py:188} INFO - [2025-05-27T19:30:25.331+0530] {workday.py:40} WARNING - Could not import pandas. Holidays will not be considered.
[2025-05-27T19:30:25.332+0530] {processor.py:842} WARNING - No viable dags retrieved from /Users/zafarimam/Documents/E-Commerce Order Pipeline/airflow_venv_39/lib/python3.9/site-packages/airflow/example_dags/plugins/workday.py
[2025-05-27T19:30:25.401+0530] {processor.py:183} INFO - Processing /Users/zafarimam/Documents/E-Commerce Order Pipeline/airflow_venv_39/lib/python3.9/site-packages/airflow/example_dags/plugins/workday.py took 0.073 seconds
[2025-05-27T19:32:05.648+0530] {processor.py:161} INFO - Started process (PID=28348) to work on /Users/zafarimam/Documents/E-Commerce Order Pipeline/airflow_venv_39/lib/python3.9/site-packages/airflow/example_dags/plugins/workday.py
[2025-05-27T19:32:05.648+0530] {processor.py:830} INFO - Processing file /Users/zafarimam/Documents/E-Commerce Order Pipeline/airflow_venv_39/lib/python3.9/site-packages/airflow/example_dags/plugins/workday.py for tasks to queue
[2025-05-27T19:32:05.649+0530] {logging_mixin.py:188} INFO - [2025-05-27T19:32:05.649+0530] {dagbag.py:538} INFO - Filling up the DagBag from /Users/zafarimam/Documents/E-Commerce Order Pipeline/airflow_venv_39/lib/python3.9/site-packages/airflow/example_dags/plugins/workday.py
[2025-05-27T19:32:05.650+0530] {logging_mixin.py:188} INFO - [2025-05-27T19:32:05.650+0530] {workday.py:40} WARNING - Could not import pandas. Holidays will not be considered.
[2025-05-27T19:32:05.651+0530] {processor.py:842} WARNING - No viable dags retrieved from /Users/zafarimam/Documents/E-Commerce Order Pipeline/airflow_venv_39/lib/python3.9/site-packages/airflow/example_dags/plugins/workday.py
[2025-05-27T19:32:05.721+0530] {processor.py:183} INFO - Processing /Users/zafarimam/Documents/E-Commerce Order Pipeline/airflow_venv_39/lib/python3.9/site-packages/airflow/example_dags/plugins/workday.py took 0.075 seconds
[2025-05-27T19:33:46.700+0530] {processor.py:161} INFO - Started process (PID=28401) to work on /Users/zafarimam/Documents/E-Commerce Order Pipeline/airflow_venv_39/lib/python3.9/site-packages/airflow/example_dags/plugins/workday.py
[2025-05-27T19:33:46.701+0530] {processor.py:830} INFO - Processing file /Users/zafarimam/Documents/E-Commerce Order Pipeline/airflow_venv_39/lib/python3.9/site-packages/airflow/example_dags/plugins/workday.py for tasks to queue
[2025-05-27T19:33:46.701+0530] {logging_mixin.py:188} INFO - [2025-05-27T19:33:46.701+0530] {dagbag.py:538} INFO - Filling up the DagBag from /Users/zafarimam/Documents/E-Commerce Order Pipeline/airflow_venv_39/lib/python3.9/site-packages/airflow/example_dags/plugins/workday.py
[2025-05-27T19:33:46.703+0530] {logging_mixin.py:188} INFO - [2025-05-27T19:33:46.702+0530] {workday.py:40} WARNING - Could not import pandas. Holidays will not be considered.
[2025-05-27T19:33:46.703+0530] {processor.py:842} WARNING - No viable dags retrieved from /Users/zafarimam/Documents/E-Commerce Order Pipeline/airflow_venv_39/lib/python3.9/site-packages/airflow/example_dags/plugins/workday.py
[2025-05-27T19:33:46.772+0530] {processor.py:183} INFO - Processing /Users/zafarimam/Documents/E-Commerce Order Pipeline/airflow_venv_39/lib/python3.9/site-packages/airflow/example_dags/plugins/workday.py took 0.073 seconds
[2025-05-27T19:35:28.141+0530] {processor.py:161} INFO - Started process (PID=28452) to work on /Users/zafarimam/Documents/E-Commerce Order Pipeline/airflow_venv_39/lib/python3.9/site-packages/airflow/example_dags/plugins/workday.py
[2025-05-27T19:35:28.142+0530] {processor.py:830} INFO - Processing file /Users/zafarimam/Documents/E-Commerce Order Pipeline/airflow_venv_39/lib/python3.9/site-packages/airflow/example_dags/plugins/workday.py for tasks to queue
[2025-05-27T19:35:28.143+0530] {logging_mixin.py:188} INFO - [2025-05-27T19:35:28.143+0530] {dagbag.py:538} INFO - Filling up the DagBag from /Users/zafarimam/Documents/E-Commerce Order Pipeline/airflow_venv_39/lib/python3.9/site-packages/airflow/example_dags/plugins/workday.py
[2025-05-27T19:35:28.144+0530] {logging_mixin.py:188} INFO - [2025-05-27T19:35:28.144+0530] {workday.py:40} WARNING - Could not import pandas. Holidays will not be considered.
[2025-05-27T19:35:28.144+0530] {processor.py:842} WARNING - No viable dags retrieved from /Users/zafarimam/Documents/E-Commerce Order Pipeline/airflow_venv_39/lib/python3.9/site-packages/airflow/example_dags/plugins/workday.py
[2025-05-27T19:35:28.215+0530] {processor.py:183} INFO - Processing /Users/zafarimam/Documents/E-Commerce Order Pipeline/airflow_venv_39/lib/python3.9/site-packages/airflow/example_dags/plugins/workday.py took 0.074 seconds
[2025-05-27T19:37:09.515+0530] {processor.py:161} INFO - Started process (PID=28506) to work on /Users/zafarimam/Documents/E-Commerce Order Pipeline/airflow_venv_39/lib/python3.9/site-packages/airflow/example_dags/plugins/workday.py
[2025-05-27T19:37:09.516+0530] {processor.py:830} INFO - Processing file /Users/zafarimam/Documents/E-Commerce Order Pipeline/airflow_venv_39/lib/python3.9/site-packages/airflow/example_dags/plugins/workday.py for tasks to queue
[2025-05-27T19:37:09.517+0530] {logging_mixin.py:188} INFO - [2025-05-27T19:37:09.516+0530] {dagbag.py:538} INFO - Filling up the DagBag from /Users/zafarimam/Documents/E-Commerce Order Pipeline/airflow_venv_39/lib/python3.9/site-packages/airflow/example_dags/plugins/workday.py
[2025-05-27T19:37:09.518+0530] {logging_mixin.py:188} INFO - [2025-05-27T19:37:09.518+0530] {workday.py:40} WARNING - Could not import pandas. Holidays will not be considered.
[2025-05-27T19:37:09.518+0530] {processor.py:842} WARNING - No viable dags retrieved from /Users/zafarimam/Documents/E-Commerce Order Pipeline/airflow_venv_39/lib/python3.9/site-packages/airflow/example_dags/plugins/workday.py
[2025-05-27T19:37:09.588+0530] {processor.py:183} INFO - Processing /Users/zafarimam/Documents/E-Commerce Order Pipeline/airflow_venv_39/lib/python3.9/site-packages/airflow/example_dags/plugins/workday.py took 0.074 seconds
[2025-05-27T19:38:49.416+0530] {processor.py:161} INFO - Started process (PID=28557) to work on /Users/zafarimam/Documents/E-Commerce Order Pipeline/airflow_venv_39/lib/python3.9/site-packages/airflow/example_dags/plugins/workday.py
[2025-05-27T19:38:49.417+0530] {processor.py:830} INFO - Processing file /Users/zafarimam/Documents/E-Commerce Order Pipeline/airflow_venv_39/lib/python3.9/site-packages/airflow/example_dags/plugins/workday.py for tasks to queue
[2025-05-27T19:38:49.417+0530] {logging_mixin.py:188} INFO - [2025-05-27T19:38:49.417+0530] {dagbag.py:538} INFO - Filling up the DagBag from /Users/zafarimam/Documents/E-Commerce Order Pipeline/airflow_venv_39/lib/python3.9/site-packages/airflow/example_dags/plugins/workday.py
[2025-05-27T19:38:49.419+0530] {logging_mixin.py:188} INFO - [2025-05-27T19:38:49.418+0530] {workday.py:40} WARNING - Could not import pandas. Holidays will not be considered.
[2025-05-27T19:38:49.419+0530] {processor.py:842} WARNING - No viable dags retrieved from /Users/zafarimam/Documents/E-Commerce Order Pipeline/airflow_venv_39/lib/python3.9/site-packages/airflow/example_dags/plugins/workday.py
[2025-05-27T19:38:49.489+0530] {processor.py:183} INFO - Processing /Users/zafarimam/Documents/E-Commerce Order Pipeline/airflow_venv_39/lib/python3.9/site-packages/airflow/example_dags/plugins/workday.py took 0.074 seconds
[2025-05-27T19:40:27.926+0530] {processor.py:161} INFO - Started process (PID=28607) to work on /Users/zafarimam/Documents/E-Commerce Order Pipeline/airflow_venv_39/lib/python3.9/site-packages/airflow/example_dags/plugins/workday.py
[2025-05-27T19:40:27.927+0530] {processor.py:830} INFO - Processing file /Users/zafarimam/Documents/E-Commerce Order Pipeline/airflow_venv_39/lib/python3.9/site-packages/airflow/example_dags/plugins/workday.py for tasks to queue
[2025-05-27T19:40:27.927+0530] {logging_mixin.py:188} INFO - [2025-05-27T19:40:27.927+0530] {dagbag.py:538} INFO - Filling up the DagBag from /Users/zafarimam/Documents/E-Commerce Order Pipeline/airflow_venv_39/lib/python3.9/site-packages/airflow/example_dags/plugins/workday.py
[2025-05-27T19:40:27.929+0530] {logging_mixin.py:188} INFO - [2025-05-27T19:40:27.928+0530] {workday.py:40} WARNING - Could not import pandas. Holidays will not be considered.
[2025-05-27T19:40:27.929+0530] {processor.py:842} WARNING - No viable dags retrieved from /Users/zafarimam/Documents/E-Commerce Order Pipeline/airflow_venv_39/lib/python3.9/site-packages/airflow/example_dags/plugins/workday.py
[2025-05-27T19:40:27.999+0530] {processor.py:183} INFO - Processing /Users/zafarimam/Documents/E-Commerce Order Pipeline/airflow_venv_39/lib/python3.9/site-packages/airflow/example_dags/plugins/workday.py took 0.074 seconds
[2025-05-27T19:42:09.246+0530] {processor.py:161} INFO - Started process (PID=28661) to work on /Users/zafarimam/Documents/E-Commerce Order Pipeline/airflow_venv_39/lib/python3.9/site-packages/airflow/example_dags/plugins/workday.py
[2025-05-27T19:42:09.246+0530] {processor.py:830} INFO - Processing file /Users/zafarimam/Documents/E-Commerce Order Pipeline/airflow_venv_39/lib/python3.9/site-packages/airflow/example_dags/plugins/workday.py for tasks to queue
[2025-05-27T19:42:09.247+0530] {logging_mixin.py:188} INFO - [2025-05-27T19:42:09.247+0530] {dagbag.py:538} INFO - Filling up the DagBag from /Users/zafarimam/Documents/E-Commerce Order Pipeline/airflow_venv_39/lib/python3.9/site-packages/airflow/example_dags/plugins/workday.py
[2025-05-27T19:42:09.248+0530] {logging_mixin.py:188} INFO - [2025-05-27T19:42:09.248+0530] {workday.py:40} WARNING - Could not import pandas. Holidays will not be considered.
[2025-05-27T19:42:09.248+0530] {processor.py:842} WARNING - No viable dags retrieved from /Users/zafarimam/Documents/E-Commerce Order Pipeline/airflow_venv_39/lib/python3.9/site-packages/airflow/example_dags/plugins/workday.py
[2025-05-27T19:42:09.317+0530] {processor.py:183} INFO - Processing /Users/zafarimam/Documents/E-Commerce Order Pipeline/airflow_venv_39/lib/python3.9/site-packages/airflow/example_dags/plugins/workday.py took 0.072 seconds
[2025-05-27T19:43:59.911+0530] {processor.py:161} INFO - Started process (PID=28753) to work on /Users/zafarimam/Documents/E-Commerce Order Pipeline/airflow_venv_39/lib/python3.9/site-packages/airflow/example_dags/plugins/workday.py
[2025-05-27T19:43:59.912+0530] {processor.py:830} INFO - Processing file /Users/zafarimam/Documents/E-Commerce Order Pipeline/airflow_venv_39/lib/python3.9/site-packages/airflow/example_dags/plugins/workday.py for tasks to queue
[2025-05-27T19:43:59.913+0530] {logging_mixin.py:188} INFO - [2025-05-27T19:43:59.913+0530] {dagbag.py:538} INFO - Filling up the DagBag from /Users/zafarimam/Documents/E-Commerce Order Pipeline/airflow_venv_39/lib/python3.9/site-packages/airflow/example_dags/plugins/workday.py
[2025-05-27T19:43:59.915+0530] {logging_mixin.py:188} INFO - [2025-05-27T19:43:59.915+0530] {workday.py:40} WARNING - Could not import pandas. Holidays will not be considered.
[2025-05-27T19:43:59.915+0530] {processor.py:842} WARNING - No viable dags retrieved from /Users/zafarimam/Documents/E-Commerce Order Pipeline/airflow_venv_39/lib/python3.9/site-packages/airflow/example_dags/plugins/workday.py
[2025-05-27T19:43:59.998+0530] {processor.py:183} INFO - Processing /Users/zafarimam/Documents/E-Commerce Order Pipeline/airflow_venv_39/lib/python3.9/site-packages/airflow/example_dags/plugins/workday.py took 0.089 seconds
[2025-05-27T19:46:04.708+0530] {processor.py:161} INFO - Started process (PID=28859) to work on /Users/zafarimam/Documents/E-Commerce Order Pipeline/airflow_venv_39/lib/python3.9/site-packages/airflow/example_dags/plugins/workday.py
[2025-05-27T19:46:04.710+0530] {processor.py:830} INFO - Processing file /Users/zafarimam/Documents/E-Commerce Order Pipeline/airflow_venv_39/lib/python3.9/site-packages/airflow/example_dags/plugins/workday.py for tasks to queue
[2025-05-27T19:46:04.711+0530] {logging_mixin.py:188} INFO - [2025-05-27T19:46:04.711+0530] {dagbag.py:538} INFO - Filling up the DagBag from /Users/zafarimam/Documents/E-Commerce Order Pipeline/airflow_venv_39/lib/python3.9/site-packages/airflow/example_dags/plugins/workday.py
[2025-05-27T19:46:04.712+0530] {logging_mixin.py:188} INFO - [2025-05-27T19:46:04.712+0530] {workday.py:40} WARNING - Could not import pandas. Holidays will not be considered.
[2025-05-27T19:46:04.712+0530] {processor.py:842} WARNING - No viable dags retrieved from /Users/zafarimam/Documents/E-Commerce Order Pipeline/airflow_venv_39/lib/python3.9/site-packages/airflow/example_dags/plugins/workday.py
[2025-05-27T19:46:04.785+0530] {processor.py:183} INFO - Processing /Users/zafarimam/Documents/E-Commerce Order Pipeline/airflow_venv_39/lib/python3.9/site-packages/airflow/example_dags/plugins/workday.py took 0.077 seconds
[2025-05-27T19:47:49.517+0530] {processor.py:161} INFO - Started process (PID=28927) to work on /Users/zafarimam/Documents/E-Commerce Order Pipeline/airflow_venv_39/lib/python3.9/site-packages/airflow/example_dags/plugins/workday.py
[2025-05-27T19:47:49.518+0530] {processor.py:830} INFO - Processing file /Users/zafarimam/Documents/E-Commerce Order Pipeline/airflow_venv_39/lib/python3.9/site-packages/airflow/example_dags/plugins/workday.py for tasks to queue
[2025-05-27T19:47:49.519+0530] {logging_mixin.py:188} INFO - [2025-05-27T19:47:49.518+0530] {dagbag.py:538} INFO - Filling up the DagBag from /Users/zafarimam/Documents/E-Commerce Order Pipeline/airflow_venv_39/lib/python3.9/site-packages/airflow/example_dags/plugins/workday.py
[2025-05-27T19:47:49.520+0530] {logging_mixin.py:188} INFO - [2025-05-27T19:47:49.520+0530] {workday.py:40} WARNING - Could not import pandas. Holidays will not be considered.
[2025-05-27T19:47:49.520+0530] {processor.py:842} WARNING - No viable dags retrieved from /Users/zafarimam/Documents/E-Commerce Order Pipeline/airflow_venv_39/lib/python3.9/site-packages/airflow/example_dags/plugins/workday.py
[2025-05-27T19:47:49.592+0530] {processor.py:183} INFO - Processing /Users/zafarimam/Documents/E-Commerce Order Pipeline/airflow_venv_39/lib/python3.9/site-packages/airflow/example_dags/plugins/workday.py took 0.076 seconds
[2025-05-27T19:49:32.216+0530] {processor.py:161} INFO - Started process (PID=28978) to work on /Users/zafarimam/Documents/E-Commerce Order Pipeline/airflow_venv_39/lib/python3.9/site-packages/airflow/example_dags/plugins/workday.py
[2025-05-27T19:49:32.217+0530] {processor.py:830} INFO - Processing file /Users/zafarimam/Documents/E-Commerce Order Pipeline/airflow_venv_39/lib/python3.9/site-packages/airflow/example_dags/plugins/workday.py for tasks to queue
[2025-05-27T19:49:32.217+0530] {logging_mixin.py:188} INFO - [2025-05-27T19:49:32.217+0530] {dagbag.py:538} INFO - Filling up the DagBag from /Users/zafarimam/Documents/E-Commerce Order Pipeline/airflow_venv_39/lib/python3.9/site-packages/airflow/example_dags/plugins/workday.py
[2025-05-27T19:49:32.219+0530] {logging_mixin.py:188} INFO - [2025-05-27T19:49:32.219+0530] {workday.py:40} WARNING - Could not import pandas. Holidays will not be considered.
[2025-05-27T19:49:32.219+0530] {processor.py:842} WARNING - No viable dags retrieved from /Users/zafarimam/Documents/E-Commerce Order Pipeline/airflow_venv_39/lib/python3.9/site-packages/airflow/example_dags/plugins/workday.py
[2025-05-27T19:49:32.293+0530] {processor.py:183} INFO - Processing /Users/zafarimam/Documents/E-Commerce Order Pipeline/airflow_venv_39/lib/python3.9/site-packages/airflow/example_dags/plugins/workday.py took 0.078 seconds
[2025-05-27T19:51:19.175+0530] {processor.py:161} INFO - Started process (PID=29059) to work on /Users/zafarimam/Documents/E-Commerce Order Pipeline/airflow_venv_39/lib/python3.9/site-packages/airflow/example_dags/plugins/workday.py
[2025-05-27T19:51:19.176+0530] {processor.py:830} INFO - Processing file /Users/zafarimam/Documents/E-Commerce Order Pipeline/airflow_venv_39/lib/python3.9/site-packages/airflow/example_dags/plugins/workday.py for tasks to queue
[2025-05-27T19:51:19.177+0530] {logging_mixin.py:188} INFO - [2025-05-27T19:51:19.176+0530] {dagbag.py:538} INFO - Filling up the DagBag from /Users/zafarimam/Documents/E-Commerce Order Pipeline/airflow_venv_39/lib/python3.9/site-packages/airflow/example_dags/plugins/workday.py
[2025-05-27T19:51:19.178+0530] {logging_mixin.py:188} INFO - [2025-05-27T19:51:19.178+0530] {workday.py:40} WARNING - Could not import pandas. Holidays will not be considered.
[2025-05-27T19:51:19.178+0530] {processor.py:842} WARNING - No viable dags retrieved from /Users/zafarimam/Documents/E-Commerce Order Pipeline/airflow_venv_39/lib/python3.9/site-packages/airflow/example_dags/plugins/workday.py
[2025-05-27T19:51:19.252+0530] {processor.py:183} INFO - Processing /Users/zafarimam/Documents/E-Commerce Order Pipeline/airflow_venv_39/lib/python3.9/site-packages/airflow/example_dags/plugins/workday.py took 0.079 seconds
