[2025-05-24T05:30:21.690+0530] {local_task_job_runner.py:120} INFO - ::group::Pre task execution logs
[2025-05-24T05:30:21.718+0530] {taskinstance.py:2073} INFO - Dependencies all met for dep_context=non-requeueable deps ti=<TaskInstance: order_monitoring_dag1.run_dbt_models manual__2025-05-24T00:00:13.996933+00:00 [queued]>
[2025-05-24T05:30:21.723+0530] {taskinstance.py:2073} INFO - Dependencies all met for dep_context=requeueable deps ti=<TaskInstance: order_monitoring_dag1.run_dbt_models manual__2025-05-24T00:00:13.996933+00:00 [queued]>
[2025-05-24T05:30:21.723+0530] {taskinstance.py:2303} INFO - Starting attempt 1 of 1
[2025-05-24T05:30:21.732+0530] {taskinstance.py:2327} INFO - Executing <Task(BashOperator): run_dbt_models> on 2025-05-24 00:00:13.996933+00:00
[2025-05-24T05:30:21.745+0530] {logging_mixin.py:188} WARNING - /Library/Frameworks/Python.framework/Versions/3.12/lib/python3.12/site-packages/airflow/task/task_runner/standard_task_runner.py:61 DeprecationWarning: This process (pid=20801) is multi-threaded, use of fork() may lead to deadlocks in the child.
[2025-05-24T05:30:21.746+0530] {standard_task_runner.py:63} INFO - Started process 20802 to run task
[2025-05-24T05:30:21.745+0530] {standard_task_runner.py:90} INFO - Running: ['airflow', 'tasks', 'run', 'order_monitoring_dag1', 'run_dbt_models', 'manual__2025-05-24T00:00:13.996933+00:00', '--job-id', '19', '--raw', '--subdir', 'DAGS_FOLDER/order_monitoring_dag.py', '--cfg-path', '/var/folders/7w/779kl2wj7p9971zq3yv085jm0000gn/T/tmpfe39jpx5']
[2025-05-24T05:30:21.749+0530] {standard_task_runner.py:91} INFO - Job 19: Subtask run_dbt_models
[2025-05-24T05:30:21.791+0530] {task_command.py:426} INFO - Running <TaskInstance: order_monitoring_dag1.run_dbt_models manual__2025-05-24T00:00:13.996933+00:00 [running]> on host zafars-macbook-pro.local
[2025-05-24T05:30:21.843+0530] {taskinstance.py:2644} INFO - Exporting env vars: AIRFLOW_CTX_DAG_OWNER='airflow' AIRFLOW_CTX_DAG_ID='order_monitoring_dag1' AIRFLOW_CTX_TASK_ID='run_dbt_models' AIRFLOW_CTX_EXECUTION_DATE='2025-05-24T00:00:13.996933+00:00' AIRFLOW_CTX_TRY_NUMBER='1' AIRFLOW_CTX_DAG_RUN_ID='manual__2025-05-24T00:00:13.996933+00:00'
[2025-05-24T05:30:21.845+0530] {taskinstance.py:430} INFO - ::endgroup::
[2025-05-24T05:30:21.846+0530] {subprocess.py:63} INFO - Tmp dir root location: /var/folders/7w/779kl2wj7p9971zq3yv085jm0000gn/T
[2025-05-24T05:30:21.847+0530] {subprocess.py:75} INFO - Running command: ['/bin/bash', '-c', 'source "/Users/zafarimam/Documents/E-Commerce Order Pipeline/airflow_venv_39/bin/activate" && cd "/Users/zafarimam/Documents/E-Commerce Order Pipeline/dbt_ecommerce" && dbt run']
[2025-05-24T05:30:21.853+0530] {subprocess.py:86} INFO - Output:
[2025-05-24T05:30:24.287+0530] {subprocess.py:93} INFO - [0m00:00:24  Running with dbt=1.9.4
[2025-05-24T05:30:25.055+0530] {subprocess.py:93} INFO - [0m00:00:25  Registered adapter: snowflake=1.9.4
[2025-05-24T05:30:25.499+0530] {subprocess.py:93} INFO - [0m00:00:25  Found 4 models, 476 macros
[2025-05-24T05:30:25.501+0530] {subprocess.py:93} INFO - [0m00:00:25
[2025-05-24T05:30:25.501+0530] {subprocess.py:93} INFO - [0m00:00:25  Concurrency: 1 threads (target='dev')
[2025-05-24T05:30:25.502+0530] {subprocess.py:93} INFO - [0m00:00:25
[2025-05-24T05:30:26.531+0530] {subprocess.py:93} INFO - [0m00:00:26  1 of 4 START sql view model analytics.stg_customers ............................ [RUN]
[2025-05-24T05:30:26.859+0530] {subprocess.py:93} INFO - [0m00:00:26  1 of 4 OK created sql view model analytics.stg_customers ....................... [[32mSUCCESS 1[0m in 0.32s]
[2025-05-24T05:30:26.861+0530] {subprocess.py:93} INFO - [0m00:00:26  2 of 4 START sql view model analytics.stg_orders ............................... [RUN]
[2025-05-24T05:30:27.066+0530] {subprocess.py:93} INFO - [0m00:00:27  2 of 4 OK created sql view model analytics.stg_orders .......................... [[32mSUCCESS 1[0m in 0.20s]
[2025-05-24T05:30:27.069+0530] {subprocess.py:93} INFO - [0m00:00:27  3 of 4 START sql view model analytics.stg_shipments ............................ [RUN]
[2025-05-24T05:30:27.538+0530] {subprocess.py:93} INFO - [0m00:00:27  3 of 4 OK created sql view model analytics.stg_shipments ....................... [[32mSUCCESS 1[0m in 0.47s]
[2025-05-24T05:30:27.541+0530] {subprocess.py:93} INFO - [0m00:00:27  4 of 4 START sql view model analytics.order_status ............................. [RUN]
[2025-05-24T05:30:27.986+0530] {subprocess.py:93} INFO - [0m00:00:27  4 of 4 OK created sql view model analytics.order_status ........................ [[32mSUCCESS 1[0m in 0.44s]
[2025-05-24T05:30:28.097+0530] {subprocess.py:93} INFO - [0m00:00:28
[2025-05-24T05:30:28.098+0530] {subprocess.py:93} INFO - [0m00:00:28  Finished running 4 view models in 0 hours 0 minutes and 2.59 seconds (2.59s).
[2025-05-24T05:30:28.145+0530] {subprocess.py:93} INFO - [0m00:00:28
[2025-05-24T05:30:28.146+0530] {subprocess.py:93} INFO - [0m00:00:28  [32mCompleted successfully[0m
[2025-05-24T05:30:28.146+0530] {subprocess.py:93} INFO - [0m00:00:28
[2025-05-24T05:30:28.147+0530] {subprocess.py:93} INFO - [0m00:00:28  Done. PASS=4 WARN=0 ERROR=0 SKIP=0 TOTAL=4
[2025-05-24T05:30:29.412+0530] {subprocess.py:97} INFO - Command exited with return code 0
[2025-05-24T05:30:29.413+0530] {taskinstance.py:441} INFO - ::group::Post task execution logs
[2025-05-24T05:30:29.430+0530] {taskinstance.py:1205} INFO - Marking task as SUCCESS. dag_id=order_monitoring_dag1, task_id=run_dbt_models, execution_date=20250524T000013, start_date=20250524T000021, end_date=20250524T000029
[2025-05-24T05:30:29.450+0530] {local_task_job_runner.py:240} INFO - Task exited with return code 0
[2025-05-24T05:30:29.467+0530] {taskinstance.py:3482} INFO - 1 downstream tasks scheduled from follow-on schedule check
[2025-05-24T05:30:29.468+0530] {local_task_job_runner.py:222} INFO - ::endgroup::
