[2025-05-27T17:37:30.369+0530] {processor.py:161} INFO - Started process (PID=22770) to work on /Users/zafarimam/Documents/E-Commerce Order Pipeline/airflow_venv_39/lib/python3.9/site-packages/airflow/example_dags/subdags/subdag.py
[2025-05-27T17:37:30.370+0530] {processor.py:830} INFO - Processing file /Users/zafarimam/Documents/E-Commerce Order Pipeline/airflow_venv_39/lib/python3.9/site-packages/airflow/example_dags/subdags/subdag.py for tasks to queue
[2025-05-27T17:37:30.371+0530] {logging_mixin.py:188} INFO - [2025-05-27T17:37:30.371+0530] {dagbag.py:538} INFO - Filling up the DagBag from /Users/zafarimam/Documents/E-Commerce Order Pipeline/airflow_venv_39/lib/python3.9/site-packages/airflow/example_dags/subdags/subdag.py
[2025-05-27T17:37:30.373+0530] {processor.py:842} WARNING - No viable dags retrieved from /Users/zafarimam/Documents/E-Commerce Order Pipeline/airflow_venv_39/lib/python3.9/site-packages/airflow/example_dags/subdags/subdag.py
[2025-05-27T17:37:30.449+0530] {processor.py:183} INFO - Processing /Users/zafarimam/Documents/E-Commerce Order Pipeline/airflow_venv_39/lib/python3.9/site-packages/airflow/example_dags/subdags/subdag.py took 0.081 seconds
[2025-05-27T17:39:39.829+0530] {processor.py:161} INFO - Started process (PID=22883) to work on /Users/zafarimam/Documents/E-Commerce Order Pipeline/airflow_venv_39/lib/python3.9/site-packages/airflow/example_dags/subdags/subdag.py
[2025-05-27T17:39:39.831+0530] {processor.py:830} INFO - Processing file /Users/zafarimam/Documents/E-Commerce Order Pipeline/airflow_venv_39/lib/python3.9/site-packages/airflow/example_dags/subdags/subdag.py for tasks to queue
[2025-05-27T17:39:39.831+0530] {logging_mixin.py:188} INFO - [2025-05-27T17:39:39.831+0530] {dagbag.py:538} INFO - Filling up the DagBag from /Users/zafarimam/Documents/E-Commerce Order Pipeline/airflow_venv_39/lib/python3.9/site-packages/airflow/example_dags/subdags/subdag.py
[2025-05-27T17:39:39.833+0530] {processor.py:842} WARNING - No viable dags retrieved from /Users/zafarimam/Documents/E-Commerce Order Pipeline/airflow_venv_39/lib/python3.9/site-packages/airflow/example_dags/subdags/subdag.py
[2025-05-27T17:39:39.911+0530] {processor.py:183} INFO - Processing /Users/zafarimam/Documents/E-Commerce Order Pipeline/airflow_venv_39/lib/python3.9/site-packages/airflow/example_dags/subdags/subdag.py took 0.083 seconds
[2025-05-27T17:41:40.586+0530] {processor.py:161} INFO - Started process (PID=22948) to work on /Users/zafarimam/Documents/E-Commerce Order Pipeline/airflow_venv_39/lib/python3.9/site-packages/airflow/example_dags/subdags/subdag.py
[2025-05-27T17:41:40.587+0530] {processor.py:830} INFO - Processing file /Users/zafarimam/Documents/E-Commerce Order Pipeline/airflow_venv_39/lib/python3.9/site-packages/airflow/example_dags/subdags/subdag.py for tasks to queue
[2025-05-27T17:41:40.588+0530] {logging_mixin.py:188} INFO - [2025-05-27T17:41:40.588+0530] {dagbag.py:538} INFO - Filling up the DagBag from /Users/zafarimam/Documents/E-Commerce Order Pipeline/airflow_venv_39/lib/python3.9/site-packages/airflow/example_dags/subdags/subdag.py
[2025-05-27T17:41:40.590+0530] {processor.py:842} WARNING - No viable dags retrieved from /Users/zafarimam/Documents/E-Commerce Order Pipeline/airflow_venv_39/lib/python3.9/site-packages/airflow/example_dags/subdags/subdag.py
[2025-05-27T17:41:40.665+0530] {processor.py:183} INFO - Processing /Users/zafarimam/Documents/E-Commerce Order Pipeline/airflow_venv_39/lib/python3.9/site-packages/airflow/example_dags/subdags/subdag.py took 0.080 seconds
[2025-05-27T17:43:32.161+0530] {processor.py:161} INFO - Started process (PID=23012) to work on /Users/zafarimam/Documents/E-Commerce Order Pipeline/airflow_venv_39/lib/python3.9/site-packages/airflow/example_dags/subdags/subdag.py
[2025-05-27T17:43:32.162+0530] {processor.py:830} INFO - Processing file /Users/zafarimam/Documents/E-Commerce Order Pipeline/airflow_venv_39/lib/python3.9/site-packages/airflow/example_dags/subdags/subdag.py for tasks to queue
[2025-05-27T17:43:32.163+0530] {logging_mixin.py:188} INFO - [2025-05-27T17:43:32.163+0530] {dagbag.py:538} INFO - Filling up the DagBag from /Users/zafarimam/Documents/E-Commerce Order Pipeline/airflow_venv_39/lib/python3.9/site-packages/airflow/example_dags/subdags/subdag.py
[2025-05-27T17:43:32.165+0530] {processor.py:842} WARNING - No viable dags retrieved from /Users/zafarimam/Documents/E-Commerce Order Pipeline/airflow_venv_39/lib/python3.9/site-packages/airflow/example_dags/subdags/subdag.py
[2025-05-27T17:43:32.242+0530] {processor.py:183} INFO - Processing /Users/zafarimam/Documents/E-Commerce Order Pipeline/airflow_venv_39/lib/python3.9/site-packages/airflow/example_dags/subdags/subdag.py took 0.082 seconds
[2025-05-27T17:45:19.095+0530] {processor.py:161} INFO - Started process (PID=23068) to work on /Users/zafarimam/Documents/E-Commerce Order Pipeline/airflow_venv_39/lib/python3.9/site-packages/airflow/example_dags/subdags/subdag.py
[2025-05-27T17:45:19.096+0530] {processor.py:830} INFO - Processing file /Users/zafarimam/Documents/E-Commerce Order Pipeline/airflow_venv_39/lib/python3.9/site-packages/airflow/example_dags/subdags/subdag.py for tasks to queue
[2025-05-27T17:45:19.096+0530] {logging_mixin.py:188} INFO - [2025-05-27T17:45:19.096+0530] {dagbag.py:538} INFO - Filling up the DagBag from /Users/zafarimam/Documents/E-Commerce Order Pipeline/airflow_venv_39/lib/python3.9/site-packages/airflow/example_dags/subdags/subdag.py
[2025-05-27T17:45:19.098+0530] {processor.py:842} WARNING - No viable dags retrieved from /Users/zafarimam/Documents/E-Commerce Order Pipeline/airflow_venv_39/lib/python3.9/site-packages/airflow/example_dags/subdags/subdag.py
[2025-05-27T17:45:19.173+0530] {processor.py:183} INFO - Processing /Users/zafarimam/Documents/E-Commerce Order Pipeline/airflow_venv_39/lib/python3.9/site-packages/airflow/example_dags/subdags/subdag.py took 0.079 seconds
[2025-05-27T17:52:18.082+0530] {processor.py:161} INFO - Started process (PID=23383) to work on /Users/zafarimam/Documents/E-Commerce Order Pipeline/airflow_venv_39/lib/python3.9/site-packages/airflow/example_dags/subdags/subdag.py
[2025-05-27T17:52:18.084+0530] {processor.py:830} INFO - Processing file /Users/zafarimam/Documents/E-Commerce Order Pipeline/airflow_venv_39/lib/python3.9/site-packages/airflow/example_dags/subdags/subdag.py for tasks to queue
[2025-05-27T17:52:18.085+0530] {logging_mixin.py:188} INFO - [2025-05-27T17:52:18.084+0530] {dagbag.py:538} INFO - Filling up the DagBag from /Users/zafarimam/Documents/E-Commerce Order Pipeline/airflow_venv_39/lib/python3.9/site-packages/airflow/example_dags/subdags/subdag.py
[2025-05-27T17:52:18.087+0530] {processor.py:842} WARNING - No viable dags retrieved from /Users/zafarimam/Documents/E-Commerce Order Pipeline/airflow_venv_39/lib/python3.9/site-packages/airflow/example_dags/subdags/subdag.py
[2025-05-27T17:52:18.166+0530] {processor.py:183} INFO - Processing /Users/zafarimam/Documents/E-Commerce Order Pipeline/airflow_venv_39/lib/python3.9/site-packages/airflow/example_dags/subdags/subdag.py took 0.085 seconds
[2025-05-27T17:54:42.609+0530] {processor.py:161} INFO - Started process (PID=23996) to work on /Users/zafarimam/Documents/E-Commerce Order Pipeline/airflow_venv_39/lib/python3.9/site-packages/airflow/example_dags/subdags/subdag.py
[2025-05-27T17:54:42.611+0530] {processor.py:830} INFO - Processing file /Users/zafarimam/Documents/E-Commerce Order Pipeline/airflow_venv_39/lib/python3.9/site-packages/airflow/example_dags/subdags/subdag.py for tasks to queue
[2025-05-27T17:54:42.612+0530] {logging_mixin.py:188} INFO - [2025-05-27T17:54:42.612+0530] {dagbag.py:538} INFO - Filling up the DagBag from /Users/zafarimam/Documents/E-Commerce Order Pipeline/airflow_venv_39/lib/python3.9/site-packages/airflow/example_dags/subdags/subdag.py
[2025-05-27T17:54:42.615+0530] {processor.py:842} WARNING - No viable dags retrieved from /Users/zafarimam/Documents/E-Commerce Order Pipeline/airflow_venv_39/lib/python3.9/site-packages/airflow/example_dags/subdags/subdag.py
[2025-05-27T17:54:42.695+0530] {processor.py:183} INFO - Processing /Users/zafarimam/Documents/E-Commerce Order Pipeline/airflow_venv_39/lib/python3.9/site-packages/airflow/example_dags/subdags/subdag.py took 0.088 seconds
[2025-05-27T17:56:58.918+0530] {processor.py:161} INFO - Started process (PID=24096) to work on /Users/zafarimam/Documents/E-Commerce Order Pipeline/airflow_venv_39/lib/python3.9/site-packages/airflow/example_dags/subdags/subdag.py
[2025-05-27T17:56:58.920+0530] {processor.py:830} INFO - Processing file /Users/zafarimam/Documents/E-Commerce Order Pipeline/airflow_venv_39/lib/python3.9/site-packages/airflow/example_dags/subdags/subdag.py for tasks to queue
[2025-05-27T17:56:58.921+0530] {logging_mixin.py:188} INFO - [2025-05-27T17:56:58.921+0530] {dagbag.py:538} INFO - Filling up the DagBag from /Users/zafarimam/Documents/E-Commerce Order Pipeline/airflow_venv_39/lib/python3.9/site-packages/airflow/example_dags/subdags/subdag.py
[2025-05-27T17:56:58.923+0530] {processor.py:842} WARNING - No viable dags retrieved from /Users/zafarimam/Documents/E-Commerce Order Pipeline/airflow_venv_39/lib/python3.9/site-packages/airflow/example_dags/subdags/subdag.py
[2025-05-27T17:56:59.004+0530] {processor.py:183} INFO - Processing /Users/zafarimam/Documents/E-Commerce Order Pipeline/airflow_venv_39/lib/python3.9/site-packages/airflow/example_dags/subdags/subdag.py took 0.086 seconds
[2025-05-27T18:01:04.487+0530] {processor.py:161} INFO - Started process (PID=24942) to work on /Users/zafarimam/Documents/E-Commerce Order Pipeline/airflow_venv_39/lib/python3.9/site-packages/airflow/example_dags/subdags/subdag.py
[2025-05-27T18:01:04.489+0530] {processor.py:830} INFO - Processing file /Users/zafarimam/Documents/E-Commerce Order Pipeline/airflow_venv_39/lib/python3.9/site-packages/airflow/example_dags/subdags/subdag.py for tasks to queue
[2025-05-27T18:01:04.490+0530] {logging_mixin.py:188} INFO - [2025-05-27T18:01:04.489+0530] {dagbag.py:538} INFO - Filling up the DagBag from /Users/zafarimam/Documents/E-Commerce Order Pipeline/airflow_venv_39/lib/python3.9/site-packages/airflow/example_dags/subdags/subdag.py
[2025-05-27T18:01:04.492+0530] {processor.py:842} WARNING - No viable dags retrieved from /Users/zafarimam/Documents/E-Commerce Order Pipeline/airflow_venv_39/lib/python3.9/site-packages/airflow/example_dags/subdags/subdag.py
[2025-05-27T18:01:04.570+0530] {processor.py:183} INFO - Processing /Users/zafarimam/Documents/E-Commerce Order Pipeline/airflow_venv_39/lib/python3.9/site-packages/airflow/example_dags/subdags/subdag.py took 0.084 seconds
[2025-05-27T18:05:23.908+0530] {processor.py:161} INFO - Started process (PID=25076) to work on /Users/zafarimam/Documents/E-Commerce Order Pipeline/airflow_venv_39/lib/python3.9/site-packages/airflow/example_dags/subdags/subdag.py
[2025-05-27T18:05:23.909+0530] {processor.py:830} INFO - Processing file /Users/zafarimam/Documents/E-Commerce Order Pipeline/airflow_venv_39/lib/python3.9/site-packages/airflow/example_dags/subdags/subdag.py for tasks to queue
[2025-05-27T18:05:23.910+0530] {logging_mixin.py:188} INFO - [2025-05-27T18:05:23.910+0530] {dagbag.py:538} INFO - Filling up the DagBag from /Users/zafarimam/Documents/E-Commerce Order Pipeline/airflow_venv_39/lib/python3.9/site-packages/airflow/example_dags/subdags/subdag.py
[2025-05-27T18:05:23.912+0530] {processor.py:842} WARNING - No viable dags retrieved from /Users/zafarimam/Documents/E-Commerce Order Pipeline/airflow_venv_39/lib/python3.9/site-packages/airflow/example_dags/subdags/subdag.py
[2025-05-27T18:05:23.992+0530] {processor.py:183} INFO - Processing /Users/zafarimam/Documents/E-Commerce Order Pipeline/airflow_venv_39/lib/python3.9/site-packages/airflow/example_dags/subdags/subdag.py took 0.086 seconds
[2025-05-27T18:07:27.101+0530] {processor.py:161} INFO - Started process (PID=25143) to work on /Users/zafarimam/Documents/E-Commerce Order Pipeline/airflow_venv_39/lib/python3.9/site-packages/airflow/example_dags/subdags/subdag.py
[2025-05-27T18:07:27.102+0530] {processor.py:830} INFO - Processing file /Users/zafarimam/Documents/E-Commerce Order Pipeline/airflow_venv_39/lib/python3.9/site-packages/airflow/example_dags/subdags/subdag.py for tasks to queue
[2025-05-27T18:07:27.103+0530] {logging_mixin.py:188} INFO - [2025-05-27T18:07:27.103+0530] {dagbag.py:538} INFO - Filling up the DagBag from /Users/zafarimam/Documents/E-Commerce Order Pipeline/airflow_venv_39/lib/python3.9/site-packages/airflow/example_dags/subdags/subdag.py
[2025-05-27T18:07:27.105+0530] {processor.py:842} WARNING - No viable dags retrieved from /Users/zafarimam/Documents/E-Commerce Order Pipeline/airflow_venv_39/lib/python3.9/site-packages/airflow/example_dags/subdags/subdag.py
[2025-05-27T18:07:27.181+0530] {processor.py:183} INFO - Processing /Users/zafarimam/Documents/E-Commerce Order Pipeline/airflow_venv_39/lib/python3.9/site-packages/airflow/example_dags/subdags/subdag.py took 0.081 seconds
[2025-05-27T18:09:29.218+0530] {processor.py:161} INFO - Started process (PID=25204) to work on /Users/zafarimam/Documents/E-Commerce Order Pipeline/airflow_venv_39/lib/python3.9/site-packages/airflow/example_dags/subdags/subdag.py
[2025-05-27T18:09:29.219+0530] {processor.py:830} INFO - Processing file /Users/zafarimam/Documents/E-Commerce Order Pipeline/airflow_venv_39/lib/python3.9/site-packages/airflow/example_dags/subdags/subdag.py for tasks to queue
[2025-05-27T18:09:29.220+0530] {logging_mixin.py:188} INFO - [2025-05-27T18:09:29.220+0530] {dagbag.py:538} INFO - Filling up the DagBag from /Users/zafarimam/Documents/E-Commerce Order Pipeline/airflow_venv_39/lib/python3.9/site-packages/airflow/example_dags/subdags/subdag.py
[2025-05-27T18:09:29.222+0530] {processor.py:842} WARNING - No viable dags retrieved from /Users/zafarimam/Documents/E-Commerce Order Pipeline/airflow_venv_39/lib/python3.9/site-packages/airflow/example_dags/subdags/subdag.py
[2025-05-27T18:09:29.301+0530] {processor.py:183} INFO - Processing /Users/zafarimam/Documents/E-Commerce Order Pipeline/airflow_venv_39/lib/python3.9/site-packages/airflow/example_dags/subdags/subdag.py took 0.084 seconds
[2025-05-27T18:11:13.367+0530] {processor.py:161} INFO - Started process (PID=25259) to work on /Users/zafarimam/Documents/E-Commerce Order Pipeline/airflow_venv_39/lib/python3.9/site-packages/airflow/example_dags/subdags/subdag.py
[2025-05-27T18:11:13.368+0530] {processor.py:830} INFO - Processing file /Users/zafarimam/Documents/E-Commerce Order Pipeline/airflow_venv_39/lib/python3.9/site-packages/airflow/example_dags/subdags/subdag.py for tasks to queue
[2025-05-27T18:11:13.369+0530] {logging_mixin.py:188} INFO - [2025-05-27T18:11:13.369+0530] {dagbag.py:538} INFO - Filling up the DagBag from /Users/zafarimam/Documents/E-Commerce Order Pipeline/airflow_venv_39/lib/python3.9/site-packages/airflow/example_dags/subdags/subdag.py
[2025-05-27T18:11:13.371+0530] {processor.py:842} WARNING - No viable dags retrieved from /Users/zafarimam/Documents/E-Commerce Order Pipeline/airflow_venv_39/lib/python3.9/site-packages/airflow/example_dags/subdags/subdag.py
[2025-05-27T18:11:13.448+0530] {processor.py:183} INFO - Processing /Users/zafarimam/Documents/E-Commerce Order Pipeline/airflow_venv_39/lib/python3.9/site-packages/airflow/example_dags/subdags/subdag.py took 0.082 seconds
[2025-05-27T18:13:09.090+0530] {processor.py:161} INFO - Started process (PID=25318) to work on /Users/zafarimam/Documents/E-Commerce Order Pipeline/airflow_venv_39/lib/python3.9/site-packages/airflow/example_dags/subdags/subdag.py
[2025-05-27T18:13:09.091+0530] {processor.py:830} INFO - Processing file /Users/zafarimam/Documents/E-Commerce Order Pipeline/airflow_venv_39/lib/python3.9/site-packages/airflow/example_dags/subdags/subdag.py for tasks to queue
[2025-05-27T18:13:09.091+0530] {logging_mixin.py:188} INFO - [2025-05-27T18:13:09.091+0530] {dagbag.py:538} INFO - Filling up the DagBag from /Users/zafarimam/Documents/E-Commerce Order Pipeline/airflow_venv_39/lib/python3.9/site-packages/airflow/example_dags/subdags/subdag.py
[2025-05-27T18:13:09.093+0530] {processor.py:842} WARNING - No viable dags retrieved from /Users/zafarimam/Documents/E-Commerce Order Pipeline/airflow_venv_39/lib/python3.9/site-packages/airflow/example_dags/subdags/subdag.py
[2025-05-27T18:13:09.176+0530] {processor.py:183} INFO - Processing /Users/zafarimam/Documents/E-Commerce Order Pipeline/airflow_venv_39/lib/python3.9/site-packages/airflow/example_dags/subdags/subdag.py took 0.088 seconds
[2025-05-27T18:15:04.858+0530] {processor.py:161} INFO - Started process (PID=25394) to work on /Users/zafarimam/Documents/E-Commerce Order Pipeline/airflow_venv_39/lib/python3.9/site-packages/airflow/example_dags/subdags/subdag.py
[2025-05-27T18:15:04.859+0530] {processor.py:830} INFO - Processing file /Users/zafarimam/Documents/E-Commerce Order Pipeline/airflow_venv_39/lib/python3.9/site-packages/airflow/example_dags/subdags/subdag.py for tasks to queue
[2025-05-27T18:15:04.860+0530] {logging_mixin.py:188} INFO - [2025-05-27T18:15:04.860+0530] {dagbag.py:538} INFO - Filling up the DagBag from /Users/zafarimam/Documents/E-Commerce Order Pipeline/airflow_venv_39/lib/python3.9/site-packages/airflow/example_dags/subdags/subdag.py
[2025-05-27T18:15:04.862+0530] {processor.py:842} WARNING - No viable dags retrieved from /Users/zafarimam/Documents/E-Commerce Order Pipeline/airflow_venv_39/lib/python3.9/site-packages/airflow/example_dags/subdags/subdag.py
[2025-05-27T18:15:04.937+0530] {processor.py:183} INFO - Processing /Users/zafarimam/Documents/E-Commerce Order Pipeline/airflow_venv_39/lib/python3.9/site-packages/airflow/example_dags/subdags/subdag.py took 0.080 seconds
[2025-05-27T18:16:48.828+0530] {processor.py:161} INFO - Started process (PID=25452) to work on /Users/zafarimam/Documents/E-Commerce Order Pipeline/airflow_venv_39/lib/python3.9/site-packages/airflow/example_dags/subdags/subdag.py
[2025-05-27T18:16:48.829+0530] {processor.py:830} INFO - Processing file /Users/zafarimam/Documents/E-Commerce Order Pipeline/airflow_venv_39/lib/python3.9/site-packages/airflow/example_dags/subdags/subdag.py for tasks to queue
[2025-05-27T18:16:48.830+0530] {logging_mixin.py:188} INFO - [2025-05-27T18:16:48.830+0530] {dagbag.py:538} INFO - Filling up the DagBag from /Users/zafarimam/Documents/E-Commerce Order Pipeline/airflow_venv_39/lib/python3.9/site-packages/airflow/example_dags/subdags/subdag.py
[2025-05-27T18:16:48.832+0530] {processor.py:842} WARNING - No viable dags retrieved from /Users/zafarimam/Documents/E-Commerce Order Pipeline/airflow_venv_39/lib/python3.9/site-packages/airflow/example_dags/subdags/subdag.py
[2025-05-27T18:16:48.908+0530] {processor.py:183} INFO - Processing /Users/zafarimam/Documents/E-Commerce Order Pipeline/airflow_venv_39/lib/python3.9/site-packages/airflow/example_dags/subdags/subdag.py took 0.081 seconds
[2025-05-27T18:18:30.446+0530] {processor.py:161} INFO - Started process (PID=25523) to work on /Users/zafarimam/Documents/E-Commerce Order Pipeline/airflow_venv_39/lib/python3.9/site-packages/airflow/example_dags/subdags/subdag.py
[2025-05-27T18:18:30.447+0530] {processor.py:830} INFO - Processing file /Users/zafarimam/Documents/E-Commerce Order Pipeline/airflow_venv_39/lib/python3.9/site-packages/airflow/example_dags/subdags/subdag.py for tasks to queue
[2025-05-27T18:18:30.447+0530] {logging_mixin.py:188} INFO - [2025-05-27T18:18:30.447+0530] {dagbag.py:538} INFO - Filling up the DagBag from /Users/zafarimam/Documents/E-Commerce Order Pipeline/airflow_venv_39/lib/python3.9/site-packages/airflow/example_dags/subdags/subdag.py
[2025-05-27T18:18:30.449+0530] {processor.py:842} WARNING - No viable dags retrieved from /Users/zafarimam/Documents/E-Commerce Order Pipeline/airflow_venv_39/lib/python3.9/site-packages/airflow/example_dags/subdags/subdag.py
[2025-05-27T18:18:30.524+0530] {processor.py:183} INFO - Processing /Users/zafarimam/Documents/E-Commerce Order Pipeline/airflow_venv_39/lib/python3.9/site-packages/airflow/example_dags/subdags/subdag.py took 0.080 seconds
[2025-05-27T18:21:14.421+0530] {processor.py:161} INFO - Started process (PID=25630) to work on /Users/zafarimam/Documents/E-Commerce Order Pipeline/airflow_venv_39/lib/python3.9/site-packages/airflow/example_dags/subdags/subdag.py
[2025-05-27T18:21:14.422+0530] {processor.py:830} INFO - Processing file /Users/zafarimam/Documents/E-Commerce Order Pipeline/airflow_venv_39/lib/python3.9/site-packages/airflow/example_dags/subdags/subdag.py for tasks to queue
[2025-05-27T18:21:14.423+0530] {logging_mixin.py:188} INFO - [2025-05-27T18:21:14.423+0530] {dagbag.py:538} INFO - Filling up the DagBag from /Users/zafarimam/Documents/E-Commerce Order Pipeline/airflow_venv_39/lib/python3.9/site-packages/airflow/example_dags/subdags/subdag.py
[2025-05-27T18:21:14.425+0530] {processor.py:842} WARNING - No viable dags retrieved from /Users/zafarimam/Documents/E-Commerce Order Pipeline/airflow_venv_39/lib/python3.9/site-packages/airflow/example_dags/subdags/subdag.py
[2025-05-27T18:21:14.505+0530] {processor.py:183} INFO - Processing /Users/zafarimam/Documents/E-Commerce Order Pipeline/airflow_venv_39/lib/python3.9/site-packages/airflow/example_dags/subdags/subdag.py took 0.086 seconds
[2025-05-27T18:23:27.496+0530] {processor.py:161} INFO - Started process (PID=25729) to work on /Users/zafarimam/Documents/E-Commerce Order Pipeline/airflow_venv_39/lib/python3.9/site-packages/airflow/example_dags/subdags/subdag.py
[2025-05-27T18:23:27.497+0530] {processor.py:830} INFO - Processing file /Users/zafarimam/Documents/E-Commerce Order Pipeline/airflow_venv_39/lib/python3.9/site-packages/airflow/example_dags/subdags/subdag.py for tasks to queue
[2025-05-27T18:23:27.497+0530] {logging_mixin.py:188} INFO - [2025-05-27T18:23:27.497+0530] {dagbag.py:538} INFO - Filling up the DagBag from /Users/zafarimam/Documents/E-Commerce Order Pipeline/airflow_venv_39/lib/python3.9/site-packages/airflow/example_dags/subdags/subdag.py
[2025-05-27T18:23:27.499+0530] {processor.py:842} WARNING - No viable dags retrieved from /Users/zafarimam/Documents/E-Commerce Order Pipeline/airflow_venv_39/lib/python3.9/site-packages/airflow/example_dags/subdags/subdag.py
[2025-05-27T18:23:27.582+0530] {processor.py:183} INFO - Processing /Users/zafarimam/Documents/E-Commerce Order Pipeline/airflow_venv_39/lib/python3.9/site-packages/airflow/example_dags/subdags/subdag.py took 0.087 seconds
[2025-05-27T18:26:28.050+0530] {processor.py:161} INFO - Started process (PID=25828) to work on /Users/zafarimam/Documents/E-Commerce Order Pipeline/airflow_venv_39/lib/python3.9/site-packages/airflow/example_dags/subdags/subdag.py
[2025-05-27T18:26:28.052+0530] {processor.py:830} INFO - Processing file /Users/zafarimam/Documents/E-Commerce Order Pipeline/airflow_venv_39/lib/python3.9/site-packages/airflow/example_dags/subdags/subdag.py for tasks to queue
[2025-05-27T18:26:28.052+0530] {logging_mixin.py:188} INFO - [2025-05-27T18:26:28.052+0530] {dagbag.py:538} INFO - Filling up the DagBag from /Users/zafarimam/Documents/E-Commerce Order Pipeline/airflow_venv_39/lib/python3.9/site-packages/airflow/example_dags/subdags/subdag.py
[2025-05-27T18:26:28.054+0530] {processor.py:842} WARNING - No viable dags retrieved from /Users/zafarimam/Documents/E-Commerce Order Pipeline/airflow_venv_39/lib/python3.9/site-packages/airflow/example_dags/subdags/subdag.py
[2025-05-27T18:26:28.139+0530] {processor.py:183} INFO - Processing /Users/zafarimam/Documents/E-Commerce Order Pipeline/airflow_venv_39/lib/python3.9/site-packages/airflow/example_dags/subdags/subdag.py took 0.091 seconds
[2025-05-27T18:28:39.442+0530] {processor.py:161} INFO - Started process (PID=25898) to work on /Users/zafarimam/Documents/E-Commerce Order Pipeline/airflow_venv_39/lib/python3.9/site-packages/airflow/example_dags/subdags/subdag.py
[2025-05-27T18:28:39.443+0530] {processor.py:830} INFO - Processing file /Users/zafarimam/Documents/E-Commerce Order Pipeline/airflow_venv_39/lib/python3.9/site-packages/airflow/example_dags/subdags/subdag.py for tasks to queue
[2025-05-27T18:28:39.444+0530] {logging_mixin.py:188} INFO - [2025-05-27T18:28:39.444+0530] {dagbag.py:538} INFO - Filling up the DagBag from /Users/zafarimam/Documents/E-Commerce Order Pipeline/airflow_venv_39/lib/python3.9/site-packages/airflow/example_dags/subdags/subdag.py
[2025-05-27T18:28:39.446+0530] {processor.py:842} WARNING - No viable dags retrieved from /Users/zafarimam/Documents/E-Commerce Order Pipeline/airflow_venv_39/lib/python3.9/site-packages/airflow/example_dags/subdags/subdag.py
[2025-05-27T18:28:39.524+0530] {processor.py:183} INFO - Processing /Users/zafarimam/Documents/E-Commerce Order Pipeline/airflow_venv_39/lib/python3.9/site-packages/airflow/example_dags/subdags/subdag.py took 0.083 seconds
[2025-05-27T18:30:28.308+0530] {processor.py:161} INFO - Started process (PID=25958) to work on /Users/zafarimam/Documents/E-Commerce Order Pipeline/airflow_venv_39/lib/python3.9/site-packages/airflow/example_dags/subdags/subdag.py
[2025-05-27T18:30:28.309+0530] {processor.py:830} INFO - Processing file /Users/zafarimam/Documents/E-Commerce Order Pipeline/airflow_venv_39/lib/python3.9/site-packages/airflow/example_dags/subdags/subdag.py for tasks to queue
[2025-05-27T18:30:28.309+0530] {logging_mixin.py:188} INFO - [2025-05-27T18:30:28.309+0530] {dagbag.py:538} INFO - Filling up the DagBag from /Users/zafarimam/Documents/E-Commerce Order Pipeline/airflow_venv_39/lib/python3.9/site-packages/airflow/example_dags/subdags/subdag.py
[2025-05-27T18:30:28.311+0530] {processor.py:842} WARNING - No viable dags retrieved from /Users/zafarimam/Documents/E-Commerce Order Pipeline/airflow_venv_39/lib/python3.9/site-packages/airflow/example_dags/subdags/subdag.py
[2025-05-27T18:30:28.385+0530] {processor.py:183} INFO - Processing /Users/zafarimam/Documents/E-Commerce Order Pipeline/airflow_venv_39/lib/python3.9/site-packages/airflow/example_dags/subdags/subdag.py took 0.079 seconds
[2025-05-27T18:32:18.677+0530] {processor.py:161} INFO - Started process (PID=26019) to work on /Users/zafarimam/Documents/E-Commerce Order Pipeline/airflow_venv_39/lib/python3.9/site-packages/airflow/example_dags/subdags/subdag.py
[2025-05-27T18:32:18.678+0530] {processor.py:830} INFO - Processing file /Users/zafarimam/Documents/E-Commerce Order Pipeline/airflow_venv_39/lib/python3.9/site-packages/airflow/example_dags/subdags/subdag.py for tasks to queue
[2025-05-27T18:32:18.678+0530] {logging_mixin.py:188} INFO - [2025-05-27T18:32:18.678+0530] {dagbag.py:538} INFO - Filling up the DagBag from /Users/zafarimam/Documents/E-Commerce Order Pipeline/airflow_venv_39/lib/python3.9/site-packages/airflow/example_dags/subdags/subdag.py
[2025-05-27T18:32:18.680+0530] {processor.py:842} WARNING - No viable dags retrieved from /Users/zafarimam/Documents/E-Commerce Order Pipeline/airflow_venv_39/lib/python3.9/site-packages/airflow/example_dags/subdags/subdag.py
[2025-05-27T18:32:18.760+0530] {processor.py:183} INFO - Processing /Users/zafarimam/Documents/E-Commerce Order Pipeline/airflow_venv_39/lib/python3.9/site-packages/airflow/example_dags/subdags/subdag.py took 0.085 seconds
[2025-05-27T18:36:06.598+0530] {processor.py:161} INFO - Started process (PID=26175) to work on /Users/zafarimam/Documents/E-Commerce Order Pipeline/airflow_venv_39/lib/python3.9/site-packages/airflow/example_dags/subdags/subdag.py
[2025-05-27T18:36:06.600+0530] {processor.py:830} INFO - Processing file /Users/zafarimam/Documents/E-Commerce Order Pipeline/airflow_venv_39/lib/python3.9/site-packages/airflow/example_dags/subdags/subdag.py for tasks to queue
[2025-05-27T18:36:06.601+0530] {logging_mixin.py:188} INFO - [2025-05-27T18:36:06.601+0530] {dagbag.py:538} INFO - Filling up the DagBag from /Users/zafarimam/Documents/E-Commerce Order Pipeline/airflow_venv_39/lib/python3.9/site-packages/airflow/example_dags/subdags/subdag.py
[2025-05-27T18:36:06.603+0530] {processor.py:842} WARNING - No viable dags retrieved from /Users/zafarimam/Documents/E-Commerce Order Pipeline/airflow_venv_39/lib/python3.9/site-packages/airflow/example_dags/subdags/subdag.py
[2025-05-27T18:36:06.686+0530] {processor.py:183} INFO - Processing /Users/zafarimam/Documents/E-Commerce Order Pipeline/airflow_venv_39/lib/python3.9/site-packages/airflow/example_dags/subdags/subdag.py took 0.089 seconds
[2025-05-27T18:38:11.657+0530] {processor.py:161} INFO - Started process (PID=26243) to work on /Users/zafarimam/Documents/E-Commerce Order Pipeline/airflow_venv_39/lib/python3.9/site-packages/airflow/example_dags/subdags/subdag.py
[2025-05-27T18:38:11.658+0530] {processor.py:830} INFO - Processing file /Users/zafarimam/Documents/E-Commerce Order Pipeline/airflow_venv_39/lib/python3.9/site-packages/airflow/example_dags/subdags/subdag.py for tasks to queue
[2025-05-27T18:38:11.658+0530] {logging_mixin.py:188} INFO - [2025-05-27T18:38:11.658+0530] {dagbag.py:538} INFO - Filling up the DagBag from /Users/zafarimam/Documents/E-Commerce Order Pipeline/airflow_venv_39/lib/python3.9/site-packages/airflow/example_dags/subdags/subdag.py
[2025-05-27T18:38:11.661+0530] {processor.py:842} WARNING - No viable dags retrieved from /Users/zafarimam/Documents/E-Commerce Order Pipeline/airflow_venv_39/lib/python3.9/site-packages/airflow/example_dags/subdags/subdag.py
[2025-05-27T18:38:11.741+0530] {processor.py:183} INFO - Processing /Users/zafarimam/Documents/E-Commerce Order Pipeline/airflow_venv_39/lib/python3.9/site-packages/airflow/example_dags/subdags/subdag.py took 0.086 seconds
[2025-05-27T18:38:40.966+0530] {processor.py:161} INFO - Started process (PID=26431) to work on /Users/zafarimam/Documents/E-Commerce Order Pipeline/airflow_venv_39/lib/python3.9/site-packages/airflow/example_dags/subdags/subdag.py
[2025-05-27T18:38:40.967+0530] {processor.py:830} INFO - Processing file /Users/zafarimam/Documents/E-Commerce Order Pipeline/airflow_venv_39/lib/python3.9/site-packages/airflow/example_dags/subdags/subdag.py for tasks to queue
[2025-05-27T18:38:40.968+0530] {logging_mixin.py:188} INFO - [2025-05-27T18:38:40.967+0530] {dagbag.py:538} INFO - Filling up the DagBag from /Users/zafarimam/Documents/E-Commerce Order Pipeline/airflow_venv_39/lib/python3.9/site-packages/airflow/example_dags/subdags/subdag.py
[2025-05-27T18:38:40.970+0530] {processor.py:842} WARNING - No viable dags retrieved from /Users/zafarimam/Documents/E-Commerce Order Pipeline/airflow_venv_39/lib/python3.9/site-packages/airflow/example_dags/subdags/subdag.py
[2025-05-27T18:38:41.050+0530] {processor.py:183} INFO - Processing /Users/zafarimam/Documents/E-Commerce Order Pipeline/airflow_venv_39/lib/python3.9/site-packages/airflow/example_dags/subdags/subdag.py took 0.086 seconds
[2025-05-27T18:46:03.238+0530] {processor.py:161} INFO - Started process (PID=26693) to work on /Users/zafarimam/Documents/E-Commerce Order Pipeline/airflow_venv_39/lib/python3.9/site-packages/airflow/example_dags/subdags/subdag.py
[2025-05-27T18:46:03.239+0530] {processor.py:830} INFO - Processing file /Users/zafarimam/Documents/E-Commerce Order Pipeline/airflow_venv_39/lib/python3.9/site-packages/airflow/example_dags/subdags/subdag.py for tasks to queue
[2025-05-27T18:46:03.240+0530] {logging_mixin.py:188} INFO - [2025-05-27T18:46:03.240+0530] {dagbag.py:538} INFO - Filling up the DagBag from /Users/zafarimam/Documents/E-Commerce Order Pipeline/airflow_venv_39/lib/python3.9/site-packages/airflow/example_dags/subdags/subdag.py
[2025-05-27T18:46:03.242+0530] {processor.py:842} WARNING - No viable dags retrieved from /Users/zafarimam/Documents/E-Commerce Order Pipeline/airflow_venv_39/lib/python3.9/site-packages/airflow/example_dags/subdags/subdag.py
[2025-05-27T18:46:03.322+0530] {processor.py:183} INFO - Processing /Users/zafarimam/Documents/E-Commerce Order Pipeline/airflow_venv_39/lib/python3.9/site-packages/airflow/example_dags/subdags/subdag.py took 0.085 seconds
[2025-05-27T18:47:58.259+0530] {processor.py:161} INFO - Started process (PID=26755) to work on /Users/zafarimam/Documents/E-Commerce Order Pipeline/airflow_venv_39/lib/python3.9/site-packages/airflow/example_dags/subdags/subdag.py
[2025-05-27T18:47:58.260+0530] {processor.py:830} INFO - Processing file /Users/zafarimam/Documents/E-Commerce Order Pipeline/airflow_venv_39/lib/python3.9/site-packages/airflow/example_dags/subdags/subdag.py for tasks to queue
[2025-05-27T18:47:58.261+0530] {logging_mixin.py:188} INFO - [2025-05-27T18:47:58.261+0530] {dagbag.py:538} INFO - Filling up the DagBag from /Users/zafarimam/Documents/E-Commerce Order Pipeline/airflow_venv_39/lib/python3.9/site-packages/airflow/example_dags/subdags/subdag.py
[2025-05-27T18:47:58.263+0530] {processor.py:842} WARNING - No viable dags retrieved from /Users/zafarimam/Documents/E-Commerce Order Pipeline/airflow_venv_39/lib/python3.9/site-packages/airflow/example_dags/subdags/subdag.py
[2025-05-27T18:47:58.338+0530] {processor.py:183} INFO - Processing /Users/zafarimam/Documents/E-Commerce Order Pipeline/airflow_venv_39/lib/python3.9/site-packages/airflow/example_dags/subdags/subdag.py took 0.080 seconds
[2025-05-27T18:49:50.257+0530] {processor.py:161} INFO - Started process (PID=26835) to work on /Users/zafarimam/Documents/E-Commerce Order Pipeline/airflow_venv_39/lib/python3.9/site-packages/airflow/example_dags/subdags/subdag.py
[2025-05-27T18:49:50.258+0530] {processor.py:830} INFO - Processing file /Users/zafarimam/Documents/E-Commerce Order Pipeline/airflow_venv_39/lib/python3.9/site-packages/airflow/example_dags/subdags/subdag.py for tasks to queue
[2025-05-27T18:49:50.259+0530] {logging_mixin.py:188} INFO - [2025-05-27T18:49:50.259+0530] {dagbag.py:538} INFO - Filling up the DagBag from /Users/zafarimam/Documents/E-Commerce Order Pipeline/airflow_venv_39/lib/python3.9/site-packages/airflow/example_dags/subdags/subdag.py
[2025-05-27T18:49:50.261+0530] {processor.py:842} WARNING - No viable dags retrieved from /Users/zafarimam/Documents/E-Commerce Order Pipeline/airflow_venv_39/lib/python3.9/site-packages/airflow/example_dags/subdags/subdag.py
[2025-05-27T18:49:50.335+0530] {processor.py:183} INFO - Processing /Users/zafarimam/Documents/E-Commerce Order Pipeline/airflow_venv_39/lib/python3.9/site-packages/airflow/example_dags/subdags/subdag.py took 0.079 seconds
[2025-05-27T18:51:47.120+0530] {processor.py:161} INFO - Started process (PID=26922) to work on /Users/zafarimam/Documents/E-Commerce Order Pipeline/airflow_venv_39/lib/python3.9/site-packages/airflow/example_dags/subdags/subdag.py
[2025-05-27T18:51:47.121+0530] {processor.py:830} INFO - Processing file /Users/zafarimam/Documents/E-Commerce Order Pipeline/airflow_venv_39/lib/python3.9/site-packages/airflow/example_dags/subdags/subdag.py for tasks to queue
[2025-05-27T18:51:47.122+0530] {logging_mixin.py:188} INFO - [2025-05-27T18:51:47.122+0530] {dagbag.py:538} INFO - Filling up the DagBag from /Users/zafarimam/Documents/E-Commerce Order Pipeline/airflow_venv_39/lib/python3.9/site-packages/airflow/example_dags/subdags/subdag.py
[2025-05-27T18:51:47.124+0530] {processor.py:842} WARNING - No viable dags retrieved from /Users/zafarimam/Documents/E-Commerce Order Pipeline/airflow_venv_39/lib/python3.9/site-packages/airflow/example_dags/subdags/subdag.py
[2025-05-27T18:51:47.199+0530] {processor.py:183} INFO - Processing /Users/zafarimam/Documents/E-Commerce Order Pipeline/airflow_venv_39/lib/python3.9/site-packages/airflow/example_dags/subdags/subdag.py took 0.080 seconds
[2025-05-27T18:53:44.731+0530] {processor.py:161} INFO - Started process (PID=26983) to work on /Users/zafarimam/Documents/E-Commerce Order Pipeline/airflow_venv_39/lib/python3.9/site-packages/airflow/example_dags/subdags/subdag.py
[2025-05-27T18:53:44.732+0530] {processor.py:830} INFO - Processing file /Users/zafarimam/Documents/E-Commerce Order Pipeline/airflow_venv_39/lib/python3.9/site-packages/airflow/example_dags/subdags/subdag.py for tasks to queue
[2025-05-27T18:53:44.732+0530] {logging_mixin.py:188} INFO - [2025-05-27T18:53:44.732+0530] {dagbag.py:538} INFO - Filling up the DagBag from /Users/zafarimam/Documents/E-Commerce Order Pipeline/airflow_venv_39/lib/python3.9/site-packages/airflow/example_dags/subdags/subdag.py
[2025-05-27T18:53:44.735+0530] {processor.py:842} WARNING - No viable dags retrieved from /Users/zafarimam/Documents/E-Commerce Order Pipeline/airflow_venv_39/lib/python3.9/site-packages/airflow/example_dags/subdags/subdag.py
[2025-05-27T18:53:44.818+0530] {processor.py:183} INFO - Processing /Users/zafarimam/Documents/E-Commerce Order Pipeline/airflow_venv_39/lib/python3.9/site-packages/airflow/example_dags/subdags/subdag.py took 0.089 seconds
[2025-05-27T18:55:51.791+0530] {processor.py:161} INFO - Started process (PID=27052) to work on /Users/zafarimam/Documents/E-Commerce Order Pipeline/airflow_venv_39/lib/python3.9/site-packages/airflow/example_dags/subdags/subdag.py
[2025-05-27T18:55:51.792+0530] {processor.py:830} INFO - Processing file /Users/zafarimam/Documents/E-Commerce Order Pipeline/airflow_venv_39/lib/python3.9/site-packages/airflow/example_dags/subdags/subdag.py for tasks to queue
[2025-05-27T18:55:51.793+0530] {logging_mixin.py:188} INFO - [2025-05-27T18:55:51.793+0530] {dagbag.py:538} INFO - Filling up the DagBag from /Users/zafarimam/Documents/E-Commerce Order Pipeline/airflow_venv_39/lib/python3.9/site-packages/airflow/example_dags/subdags/subdag.py
[2025-05-27T18:55:51.795+0530] {processor.py:842} WARNING - No viable dags retrieved from /Users/zafarimam/Documents/E-Commerce Order Pipeline/airflow_venv_39/lib/python3.9/site-packages/airflow/example_dags/subdags/subdag.py
[2025-05-27T18:55:51.873+0530] {processor.py:183} INFO - Processing /Users/zafarimam/Documents/E-Commerce Order Pipeline/airflow_venv_39/lib/python3.9/site-packages/airflow/example_dags/subdags/subdag.py took 0.084 seconds
[2025-05-27T18:57:53.464+0530] {processor.py:161} INFO - Started process (PID=27144) to work on /Users/zafarimam/Documents/E-Commerce Order Pipeline/airflow_venv_39/lib/python3.9/site-packages/airflow/example_dags/subdags/subdag.py
[2025-05-27T18:57:53.466+0530] {processor.py:830} INFO - Processing file /Users/zafarimam/Documents/E-Commerce Order Pipeline/airflow_venv_39/lib/python3.9/site-packages/airflow/example_dags/subdags/subdag.py for tasks to queue
[2025-05-27T18:57:53.467+0530] {logging_mixin.py:188} INFO - [2025-05-27T18:57:53.467+0530] {dagbag.py:538} INFO - Filling up the DagBag from /Users/zafarimam/Documents/E-Commerce Order Pipeline/airflow_venv_39/lib/python3.9/site-packages/airflow/example_dags/subdags/subdag.py
[2025-05-27T18:57:53.469+0530] {processor.py:842} WARNING - No viable dags retrieved from /Users/zafarimam/Documents/E-Commerce Order Pipeline/airflow_venv_39/lib/python3.9/site-packages/airflow/example_dags/subdags/subdag.py
[2025-05-27T18:57:53.553+0530] {processor.py:183} INFO - Processing /Users/zafarimam/Documents/E-Commerce Order Pipeline/airflow_venv_39/lib/python3.9/site-packages/airflow/example_dags/subdags/subdag.py took 0.090 seconds
[2025-05-27T18:59:51.920+0530] {processor.py:161} INFO - Started process (PID=27206) to work on /Users/zafarimam/Documents/E-Commerce Order Pipeline/airflow_venv_39/lib/python3.9/site-packages/airflow/example_dags/subdags/subdag.py
[2025-05-27T18:59:51.922+0530] {processor.py:830} INFO - Processing file /Users/zafarimam/Documents/E-Commerce Order Pipeline/airflow_venv_39/lib/python3.9/site-packages/airflow/example_dags/subdags/subdag.py for tasks to queue
[2025-05-27T18:59:51.923+0530] {logging_mixin.py:188} INFO - [2025-05-27T18:59:51.923+0530] {dagbag.py:538} INFO - Filling up the DagBag from /Users/zafarimam/Documents/E-Commerce Order Pipeline/airflow_venv_39/lib/python3.9/site-packages/airflow/example_dags/subdags/subdag.py
[2025-05-27T18:59:51.925+0530] {processor.py:842} WARNING - No viable dags retrieved from /Users/zafarimam/Documents/E-Commerce Order Pipeline/airflow_venv_39/lib/python3.9/site-packages/airflow/example_dags/subdags/subdag.py
[2025-05-27T18:59:52.006+0530] {processor.py:183} INFO - Processing /Users/zafarimam/Documents/E-Commerce Order Pipeline/airflow_venv_39/lib/python3.9/site-packages/airflow/example_dags/subdags/subdag.py took 0.087 seconds
[2025-05-27T19:02:04.823+0530] {processor.py:161} INFO - Started process (PID=27313) to work on /Users/zafarimam/Documents/E-Commerce Order Pipeline/airflow_venv_39/lib/python3.9/site-packages/airflow/example_dags/subdags/subdag.py
[2025-05-27T19:02:04.825+0530] {processor.py:830} INFO - Processing file /Users/zafarimam/Documents/E-Commerce Order Pipeline/airflow_venv_39/lib/python3.9/site-packages/airflow/example_dags/subdags/subdag.py for tasks to queue
[2025-05-27T19:02:04.826+0530] {logging_mixin.py:188} INFO - [2025-05-27T19:02:04.826+0530] {dagbag.py:538} INFO - Filling up the DagBag from /Users/zafarimam/Documents/E-Commerce Order Pipeline/airflow_venv_39/lib/python3.9/site-packages/airflow/example_dags/subdags/subdag.py
[2025-05-27T19:02:04.828+0530] {processor.py:842} WARNING - No viable dags retrieved from /Users/zafarimam/Documents/E-Commerce Order Pipeline/airflow_venv_39/lib/python3.9/site-packages/airflow/example_dags/subdags/subdag.py
[2025-05-27T19:02:04.901+0530] {processor.py:183} INFO - Processing /Users/zafarimam/Documents/E-Commerce Order Pipeline/airflow_venv_39/lib/python3.9/site-packages/airflow/example_dags/subdags/subdag.py took 0.079 seconds
[2025-05-27T19:03:56.103+0530] {processor.py:161} INFO - Started process (PID=27380) to work on /Users/zafarimam/Documents/E-Commerce Order Pipeline/airflow_venv_39/lib/python3.9/site-packages/airflow/example_dags/subdags/subdag.py
[2025-05-27T19:03:56.104+0530] {processor.py:830} INFO - Processing file /Users/zafarimam/Documents/E-Commerce Order Pipeline/airflow_venv_39/lib/python3.9/site-packages/airflow/example_dags/subdags/subdag.py for tasks to queue
[2025-05-27T19:03:56.105+0530] {logging_mixin.py:188} INFO - [2025-05-27T19:03:56.104+0530] {dagbag.py:538} INFO - Filling up the DagBag from /Users/zafarimam/Documents/E-Commerce Order Pipeline/airflow_venv_39/lib/python3.9/site-packages/airflow/example_dags/subdags/subdag.py
[2025-05-27T19:03:56.107+0530] {processor.py:842} WARNING - No viable dags retrieved from /Users/zafarimam/Documents/E-Commerce Order Pipeline/airflow_venv_39/lib/python3.9/site-packages/airflow/example_dags/subdags/subdag.py
[2025-05-27T19:03:56.187+0530] {processor.py:183} INFO - Processing /Users/zafarimam/Documents/E-Commerce Order Pipeline/airflow_venv_39/lib/python3.9/site-packages/airflow/example_dags/subdags/subdag.py took 0.085 seconds
[2025-05-27T19:06:03.787+0530] {processor.py:161} INFO - Started process (PID=27434) to work on /Users/zafarimam/Documents/E-Commerce Order Pipeline/airflow_venv_39/lib/python3.9/site-packages/airflow/example_dags/subdags/subdag.py
[2025-05-27T19:06:03.788+0530] {processor.py:830} INFO - Processing file /Users/zafarimam/Documents/E-Commerce Order Pipeline/airflow_venv_39/lib/python3.9/site-packages/airflow/example_dags/subdags/subdag.py for tasks to queue
[2025-05-27T19:06:03.789+0530] {logging_mixin.py:188} INFO - [2025-05-27T19:06:03.789+0530] {dagbag.py:538} INFO - Filling up the DagBag from /Users/zafarimam/Documents/E-Commerce Order Pipeline/airflow_venv_39/lib/python3.9/site-packages/airflow/example_dags/subdags/subdag.py
[2025-05-27T19:06:03.791+0530] {processor.py:842} WARNING - No viable dags retrieved from /Users/zafarimam/Documents/E-Commerce Order Pipeline/airflow_venv_39/lib/python3.9/site-packages/airflow/example_dags/subdags/subdag.py
[2025-05-27T19:06:03.865+0530] {processor.py:183} INFO - Processing /Users/zafarimam/Documents/E-Commerce Order Pipeline/airflow_venv_39/lib/python3.9/site-packages/airflow/example_dags/subdags/subdag.py took 0.079 seconds
[2025-05-27T19:08:16.357+0530] {processor.py:161} INFO - Started process (PID=27524) to work on /Users/zafarimam/Documents/E-Commerce Order Pipeline/airflow_venv_39/lib/python3.9/site-packages/airflow/example_dags/subdags/subdag.py
[2025-05-27T19:08:16.359+0530] {processor.py:830} INFO - Processing file /Users/zafarimam/Documents/E-Commerce Order Pipeline/airflow_venv_39/lib/python3.9/site-packages/airflow/example_dags/subdags/subdag.py for tasks to queue
[2025-05-27T19:08:16.360+0530] {logging_mixin.py:188} INFO - [2025-05-27T19:08:16.359+0530] {dagbag.py:538} INFO - Filling up the DagBag from /Users/zafarimam/Documents/E-Commerce Order Pipeline/airflow_venv_39/lib/python3.9/site-packages/airflow/example_dags/subdags/subdag.py
[2025-05-27T19:08:16.362+0530] {processor.py:842} WARNING - No viable dags retrieved from /Users/zafarimam/Documents/E-Commerce Order Pipeline/airflow_venv_39/lib/python3.9/site-packages/airflow/example_dags/subdags/subdag.py
[2025-05-27T19:08:16.434+0530] {processor.py:183} INFO - Processing /Users/zafarimam/Documents/E-Commerce Order Pipeline/airflow_venv_39/lib/python3.9/site-packages/airflow/example_dags/subdags/subdag.py took 0.077 seconds
[2025-05-27T19:09:58.394+0530] {processor.py:161} INFO - Started process (PID=27584) to work on /Users/zafarimam/Documents/E-Commerce Order Pipeline/airflow_venv_39/lib/python3.9/site-packages/airflow/example_dags/subdags/subdag.py
[2025-05-27T19:09:58.395+0530] {processor.py:830} INFO - Processing file /Users/zafarimam/Documents/E-Commerce Order Pipeline/airflow_venv_39/lib/python3.9/site-packages/airflow/example_dags/subdags/subdag.py for tasks to queue
[2025-05-27T19:09:58.395+0530] {logging_mixin.py:188} INFO - [2025-05-27T19:09:58.395+0530] {dagbag.py:538} INFO - Filling up the DagBag from /Users/zafarimam/Documents/E-Commerce Order Pipeline/airflow_venv_39/lib/python3.9/site-packages/airflow/example_dags/subdags/subdag.py
[2025-05-27T19:09:58.397+0530] {processor.py:842} WARNING - No viable dags retrieved from /Users/zafarimam/Documents/E-Commerce Order Pipeline/airflow_venv_39/lib/python3.9/site-packages/airflow/example_dags/subdags/subdag.py
[2025-05-27T19:09:58.466+0530] {processor.py:183} INFO - Processing /Users/zafarimam/Documents/E-Commerce Order Pipeline/airflow_venv_39/lib/python3.9/site-packages/airflow/example_dags/subdags/subdag.py took 0.073 seconds
[2025-05-27T19:11:39.594+0530] {processor.py:161} INFO - Started process (PID=27640) to work on /Users/zafarimam/Documents/E-Commerce Order Pipeline/airflow_venv_39/lib/python3.9/site-packages/airflow/example_dags/subdags/subdag.py
[2025-05-27T19:11:39.595+0530] {processor.py:830} INFO - Processing file /Users/zafarimam/Documents/E-Commerce Order Pipeline/airflow_venv_39/lib/python3.9/site-packages/airflow/example_dags/subdags/subdag.py for tasks to queue
[2025-05-27T19:11:39.595+0530] {logging_mixin.py:188} INFO - [2025-05-27T19:11:39.595+0530] {dagbag.py:538} INFO - Filling up the DagBag from /Users/zafarimam/Documents/E-Commerce Order Pipeline/airflow_venv_39/lib/python3.9/site-packages/airflow/example_dags/subdags/subdag.py
[2025-05-27T19:11:39.597+0530] {processor.py:842} WARNING - No viable dags retrieved from /Users/zafarimam/Documents/E-Commerce Order Pipeline/airflow_venv_39/lib/python3.9/site-packages/airflow/example_dags/subdags/subdag.py
[2025-05-27T19:11:39.666+0530] {processor.py:183} INFO - Processing /Users/zafarimam/Documents/E-Commerce Order Pipeline/airflow_venv_39/lib/python3.9/site-packages/airflow/example_dags/subdags/subdag.py took 0.073 seconds
[2025-05-27T19:13:19.772+0530] {processor.py:161} INFO - Started process (PID=27690) to work on /Users/zafarimam/Documents/E-Commerce Order Pipeline/airflow_venv_39/lib/python3.9/site-packages/airflow/example_dags/subdags/subdag.py
[2025-05-27T19:13:19.773+0530] {processor.py:830} INFO - Processing file /Users/zafarimam/Documents/E-Commerce Order Pipeline/airflow_venv_39/lib/python3.9/site-packages/airflow/example_dags/subdags/subdag.py for tasks to queue
[2025-05-27T19:13:19.773+0530] {logging_mixin.py:188} INFO - [2025-05-27T19:13:19.773+0530] {dagbag.py:538} INFO - Filling up the DagBag from /Users/zafarimam/Documents/E-Commerce Order Pipeline/airflow_venv_39/lib/python3.9/site-packages/airflow/example_dags/subdags/subdag.py
[2025-05-27T19:13:19.775+0530] {processor.py:842} WARNING - No viable dags retrieved from /Users/zafarimam/Documents/E-Commerce Order Pipeline/airflow_venv_39/lib/python3.9/site-packages/airflow/example_dags/subdags/subdag.py
[2025-05-27T19:13:19.844+0530] {processor.py:183} INFO - Processing /Users/zafarimam/Documents/E-Commerce Order Pipeline/airflow_venv_39/lib/python3.9/site-packages/airflow/example_dags/subdags/subdag.py took 0.074 seconds
[2025-05-27T19:14:59.656+0530] {processor.py:161} INFO - Started process (PID=27741) to work on /Users/zafarimam/Documents/E-Commerce Order Pipeline/airflow_venv_39/lib/python3.9/site-packages/airflow/example_dags/subdags/subdag.py
[2025-05-27T19:14:59.657+0530] {processor.py:830} INFO - Processing file /Users/zafarimam/Documents/E-Commerce Order Pipeline/airflow_venv_39/lib/python3.9/site-packages/airflow/example_dags/subdags/subdag.py for tasks to queue
[2025-05-27T19:14:59.658+0530] {logging_mixin.py:188} INFO - [2025-05-27T19:14:59.658+0530] {dagbag.py:538} INFO - Filling up the DagBag from /Users/zafarimam/Documents/E-Commerce Order Pipeline/airflow_venv_39/lib/python3.9/site-packages/airflow/example_dags/subdags/subdag.py
[2025-05-27T19:14:59.660+0530] {processor.py:842} WARNING - No viable dags retrieved from /Users/zafarimam/Documents/E-Commerce Order Pipeline/airflow_venv_39/lib/python3.9/site-packages/airflow/example_dags/subdags/subdag.py
[2025-05-27T19:14:59.729+0530] {processor.py:183} INFO - Processing /Users/zafarimam/Documents/E-Commerce Order Pipeline/airflow_venv_39/lib/python3.9/site-packages/airflow/example_dags/subdags/subdag.py took 0.073 seconds
[2025-05-27T19:16:40.875+0530] {processor.py:161} INFO - Started process (PID=27798) to work on /Users/zafarimam/Documents/E-Commerce Order Pipeline/airflow_venv_39/lib/python3.9/site-packages/airflow/example_dags/subdags/subdag.py
[2025-05-27T19:16:40.875+0530] {processor.py:830} INFO - Processing file /Users/zafarimam/Documents/E-Commerce Order Pipeline/airflow_venv_39/lib/python3.9/site-packages/airflow/example_dags/subdags/subdag.py for tasks to queue
[2025-05-27T19:16:40.876+0530] {logging_mixin.py:188} INFO - [2025-05-27T19:16:40.876+0530] {dagbag.py:538} INFO - Filling up the DagBag from /Users/zafarimam/Documents/E-Commerce Order Pipeline/airflow_venv_39/lib/python3.9/site-packages/airflow/example_dags/subdags/subdag.py
[2025-05-27T19:16:40.878+0530] {processor.py:842} WARNING - No viable dags retrieved from /Users/zafarimam/Documents/E-Commerce Order Pipeline/airflow_venv_39/lib/python3.9/site-packages/airflow/example_dags/subdags/subdag.py
[2025-05-27T19:16:40.948+0530] {processor.py:183} INFO - Processing /Users/zafarimam/Documents/E-Commerce Order Pipeline/airflow_venv_39/lib/python3.9/site-packages/airflow/example_dags/subdags/subdag.py took 0.074 seconds
[2025-05-27T19:18:20.820+0530] {processor.py:161} INFO - Started process (PID=27850) to work on /Users/zafarimam/Documents/E-Commerce Order Pipeline/airflow_venv_39/lib/python3.9/site-packages/airflow/example_dags/subdags/subdag.py
[2025-05-27T19:18:20.821+0530] {processor.py:830} INFO - Processing file /Users/zafarimam/Documents/E-Commerce Order Pipeline/airflow_venv_39/lib/python3.9/site-packages/airflow/example_dags/subdags/subdag.py for tasks to queue
[2025-05-27T19:18:20.821+0530] {logging_mixin.py:188} INFO - [2025-05-27T19:18:20.821+0530] {dagbag.py:538} INFO - Filling up the DagBag from /Users/zafarimam/Documents/E-Commerce Order Pipeline/airflow_venv_39/lib/python3.9/site-packages/airflow/example_dags/subdags/subdag.py
[2025-05-27T19:18:20.823+0530] {processor.py:842} WARNING - No viable dags retrieved from /Users/zafarimam/Documents/E-Commerce Order Pipeline/airflow_venv_39/lib/python3.9/site-packages/airflow/example_dags/subdags/subdag.py
[2025-05-27T19:18:20.893+0530] {processor.py:183} INFO - Processing /Users/zafarimam/Documents/E-Commerce Order Pipeline/airflow_venv_39/lib/python3.9/site-packages/airflow/example_dags/subdags/subdag.py took 0.074 seconds
[2025-05-27T19:20:01.618+0530] {processor.py:161} INFO - Started process (PID=27936) to work on /Users/zafarimam/Documents/E-Commerce Order Pipeline/airflow_venv_39/lib/python3.9/site-packages/airflow/example_dags/subdags/subdag.py
[2025-05-27T19:20:01.618+0530] {processor.py:830} INFO - Processing file /Users/zafarimam/Documents/E-Commerce Order Pipeline/airflow_venv_39/lib/python3.9/site-packages/airflow/example_dags/subdags/subdag.py for tasks to queue
[2025-05-27T19:20:01.619+0530] {logging_mixin.py:188} INFO - [2025-05-27T19:20:01.619+0530] {dagbag.py:538} INFO - Filling up the DagBag from /Users/zafarimam/Documents/E-Commerce Order Pipeline/airflow_venv_39/lib/python3.9/site-packages/airflow/example_dags/subdags/subdag.py
[2025-05-27T19:20:01.621+0530] {processor.py:842} WARNING - No viable dags retrieved from /Users/zafarimam/Documents/E-Commerce Order Pipeline/airflow_venv_39/lib/python3.9/site-packages/airflow/example_dags/subdags/subdag.py
[2025-05-27T19:20:01.691+0530] {processor.py:183} INFO - Processing /Users/zafarimam/Documents/E-Commerce Order Pipeline/airflow_venv_39/lib/python3.9/site-packages/airflow/example_dags/subdags/subdag.py took 0.075 seconds
[2025-05-27T19:21:40.489+0530] {processor.py:161} INFO - Started process (PID=27992) to work on /Users/zafarimam/Documents/E-Commerce Order Pipeline/airflow_venv_39/lib/python3.9/site-packages/airflow/example_dags/subdags/subdag.py
[2025-05-27T19:21:40.490+0530] {processor.py:830} INFO - Processing file /Users/zafarimam/Documents/E-Commerce Order Pipeline/airflow_venv_39/lib/python3.9/site-packages/airflow/example_dags/subdags/subdag.py for tasks to queue
[2025-05-27T19:21:40.490+0530] {logging_mixin.py:188} INFO - [2025-05-27T19:21:40.490+0530] {dagbag.py:538} INFO - Filling up the DagBag from /Users/zafarimam/Documents/E-Commerce Order Pipeline/airflow_venv_39/lib/python3.9/site-packages/airflow/example_dags/subdags/subdag.py
[2025-05-27T19:21:40.492+0530] {processor.py:842} WARNING - No viable dags retrieved from /Users/zafarimam/Documents/E-Commerce Order Pipeline/airflow_venv_39/lib/python3.9/site-packages/airflow/example_dags/subdags/subdag.py
[2025-05-27T19:21:40.561+0530] {processor.py:183} INFO - Processing /Users/zafarimam/Documents/E-Commerce Order Pipeline/airflow_venv_39/lib/python3.9/site-packages/airflow/example_dags/subdags/subdag.py took 0.074 seconds
[2025-05-27T19:23:21.721+0530] {processor.py:161} INFO - Started process (PID=28052) to work on /Users/zafarimam/Documents/E-Commerce Order Pipeline/airflow_venv_39/lib/python3.9/site-packages/airflow/example_dags/subdags/subdag.py
[2025-05-27T19:23:21.722+0530] {processor.py:830} INFO - Processing file /Users/zafarimam/Documents/E-Commerce Order Pipeline/airflow_venv_39/lib/python3.9/site-packages/airflow/example_dags/subdags/subdag.py for tasks to queue
[2025-05-27T19:23:21.722+0530] {logging_mixin.py:188} INFO - [2025-05-27T19:23:21.722+0530] {dagbag.py:538} INFO - Filling up the DagBag from /Users/zafarimam/Documents/E-Commerce Order Pipeline/airflow_venv_39/lib/python3.9/site-packages/airflow/example_dags/subdags/subdag.py
[2025-05-27T19:23:21.724+0530] {processor.py:842} WARNING - No viable dags retrieved from /Users/zafarimam/Documents/E-Commerce Order Pipeline/airflow_venv_39/lib/python3.9/site-packages/airflow/example_dags/subdags/subdag.py
[2025-05-27T19:23:21.793+0530] {processor.py:183} INFO - Processing /Users/zafarimam/Documents/E-Commerce Order Pipeline/airflow_venv_39/lib/python3.9/site-packages/airflow/example_dags/subdags/subdag.py took 0.073 seconds
[2025-05-27T19:25:02.166+0530] {processor.py:161} INFO - Started process (PID=28106) to work on /Users/zafarimam/Documents/E-Commerce Order Pipeline/airflow_venv_39/lib/python3.9/site-packages/airflow/example_dags/subdags/subdag.py
[2025-05-27T19:25:02.167+0530] {processor.py:830} INFO - Processing file /Users/zafarimam/Documents/E-Commerce Order Pipeline/airflow_venv_39/lib/python3.9/site-packages/airflow/example_dags/subdags/subdag.py for tasks to queue
[2025-05-27T19:25:02.168+0530] {logging_mixin.py:188} INFO - [2025-05-27T19:25:02.167+0530] {dagbag.py:538} INFO - Filling up the DagBag from /Users/zafarimam/Documents/E-Commerce Order Pipeline/airflow_venv_39/lib/python3.9/site-packages/airflow/example_dags/subdags/subdag.py
[2025-05-27T19:25:02.169+0530] {processor.py:842} WARNING - No viable dags retrieved from /Users/zafarimam/Documents/E-Commerce Order Pipeline/airflow_venv_39/lib/python3.9/site-packages/airflow/example_dags/subdags/subdag.py
[2025-05-27T19:25:02.237+0530] {processor.py:183} INFO - Processing /Users/zafarimam/Documents/E-Commerce Order Pipeline/airflow_venv_39/lib/python3.9/site-packages/airflow/example_dags/subdags/subdag.py took 0.072 seconds
[2025-05-27T19:26:42.890+0530] {processor.py:161} INFO - Started process (PID=28160) to work on /Users/zafarimam/Documents/E-Commerce Order Pipeline/airflow_venv_39/lib/python3.9/site-packages/airflow/example_dags/subdags/subdag.py
[2025-05-27T19:26:42.891+0530] {processor.py:830} INFO - Processing file /Users/zafarimam/Documents/E-Commerce Order Pipeline/airflow_venv_39/lib/python3.9/site-packages/airflow/example_dags/subdags/subdag.py for tasks to queue
[2025-05-27T19:26:42.892+0530] {logging_mixin.py:188} INFO - [2025-05-27T19:26:42.892+0530] {dagbag.py:538} INFO - Filling up the DagBag from /Users/zafarimam/Documents/E-Commerce Order Pipeline/airflow_venv_39/lib/python3.9/site-packages/airflow/example_dags/subdags/subdag.py
[2025-05-27T19:26:42.894+0530] {processor.py:842} WARNING - No viable dags retrieved from /Users/zafarimam/Documents/E-Commerce Order Pipeline/airflow_venv_39/lib/python3.9/site-packages/airflow/example_dags/subdags/subdag.py
[2025-05-27T19:26:42.962+0530] {processor.py:183} INFO - Processing /Users/zafarimam/Documents/E-Commerce Order Pipeline/airflow_venv_39/lib/python3.9/site-packages/airflow/example_dags/subdags/subdag.py took 0.073 seconds
[2025-05-27T19:28:22.272+0530] {processor.py:161} INFO - Started process (PID=28213) to work on /Users/zafarimam/Documents/E-Commerce Order Pipeline/airflow_venv_39/lib/python3.9/site-packages/airflow/example_dags/subdags/subdag.py
[2025-05-27T19:28:22.272+0530] {processor.py:830} INFO - Processing file /Users/zafarimam/Documents/E-Commerce Order Pipeline/airflow_venv_39/lib/python3.9/site-packages/airflow/example_dags/subdags/subdag.py for tasks to queue
[2025-05-27T19:28:22.273+0530] {logging_mixin.py:188} INFO - [2025-05-27T19:28:22.273+0530] {dagbag.py:538} INFO - Filling up the DagBag from /Users/zafarimam/Documents/E-Commerce Order Pipeline/airflow_venv_39/lib/python3.9/site-packages/airflow/example_dags/subdags/subdag.py
[2025-05-27T19:28:22.275+0530] {processor.py:842} WARNING - No viable dags retrieved from /Users/zafarimam/Documents/E-Commerce Order Pipeline/airflow_venv_39/lib/python3.9/site-packages/airflow/example_dags/subdags/subdag.py
[2025-05-27T19:28:22.346+0530] {processor.py:183} INFO - Processing /Users/zafarimam/Documents/E-Commerce Order Pipeline/airflow_venv_39/lib/python3.9/site-packages/airflow/example_dags/subdags/subdag.py took 0.075 seconds
[2025-05-27T19:30:14.674+0530] {processor.py:161} INFO - Started process (PID=28279) to work on /Users/zafarimam/Documents/E-Commerce Order Pipeline/airflow_venv_39/lib/python3.9/site-packages/airflow/example_dags/subdags/subdag.py
[2025-05-27T19:30:14.675+0530] {processor.py:830} INFO - Processing file /Users/zafarimam/Documents/E-Commerce Order Pipeline/airflow_venv_39/lib/python3.9/site-packages/airflow/example_dags/subdags/subdag.py for tasks to queue
[2025-05-27T19:30:14.676+0530] {logging_mixin.py:188} INFO - [2025-05-27T19:30:14.675+0530] {dagbag.py:538} INFO - Filling up the DagBag from /Users/zafarimam/Documents/E-Commerce Order Pipeline/airflow_venv_39/lib/python3.9/site-packages/airflow/example_dags/subdags/subdag.py
[2025-05-27T19:30:14.677+0530] {processor.py:842} WARNING - No viable dags retrieved from /Users/zafarimam/Documents/E-Commerce Order Pipeline/airflow_venv_39/lib/python3.9/site-packages/airflow/example_dags/subdags/subdag.py
[2025-05-27T19:30:14.745+0530] {processor.py:183} INFO - Processing /Users/zafarimam/Documents/E-Commerce Order Pipeline/airflow_venv_39/lib/python3.9/site-packages/airflow/example_dags/subdags/subdag.py took 0.072 seconds
[2025-05-27T19:32:04.055+0530] {processor.py:161} INFO - Started process (PID=28347) to work on /Users/zafarimam/Documents/E-Commerce Order Pipeline/airflow_venv_39/lib/python3.9/site-packages/airflow/example_dags/subdags/subdag.py
[2025-05-27T19:32:04.056+0530] {processor.py:830} INFO - Processing file /Users/zafarimam/Documents/E-Commerce Order Pipeline/airflow_venv_39/lib/python3.9/site-packages/airflow/example_dags/subdags/subdag.py for tasks to queue
[2025-05-27T19:32:04.057+0530] {logging_mixin.py:188} INFO - [2025-05-27T19:32:04.057+0530] {dagbag.py:538} INFO - Filling up the DagBag from /Users/zafarimam/Documents/E-Commerce Order Pipeline/airflow_venv_39/lib/python3.9/site-packages/airflow/example_dags/subdags/subdag.py
[2025-05-27T19:32:04.059+0530] {processor.py:842} WARNING - No viable dags retrieved from /Users/zafarimam/Documents/E-Commerce Order Pipeline/airflow_venv_39/lib/python3.9/site-packages/airflow/example_dags/subdags/subdag.py
[2025-05-27T19:32:04.128+0530] {processor.py:183} INFO - Processing /Users/zafarimam/Documents/E-Commerce Order Pipeline/airflow_venv_39/lib/python3.9/site-packages/airflow/example_dags/subdags/subdag.py took 0.074 seconds
[2025-05-27T19:33:44.358+0530] {processor.py:161} INFO - Started process (PID=28400) to work on /Users/zafarimam/Documents/E-Commerce Order Pipeline/airflow_venv_39/lib/python3.9/site-packages/airflow/example_dags/subdags/subdag.py
[2025-05-27T19:33:44.359+0530] {processor.py:830} INFO - Processing file /Users/zafarimam/Documents/E-Commerce Order Pipeline/airflow_venv_39/lib/python3.9/site-packages/airflow/example_dags/subdags/subdag.py for tasks to queue
[2025-05-27T19:33:44.359+0530] {logging_mixin.py:188} INFO - [2025-05-27T19:33:44.359+0530] {dagbag.py:538} INFO - Filling up the DagBag from /Users/zafarimam/Documents/E-Commerce Order Pipeline/airflow_venv_39/lib/python3.9/site-packages/airflow/example_dags/subdags/subdag.py
[2025-05-27T19:33:44.361+0530] {processor.py:842} WARNING - No viable dags retrieved from /Users/zafarimam/Documents/E-Commerce Order Pipeline/airflow_venv_39/lib/python3.9/site-packages/airflow/example_dags/subdags/subdag.py
[2025-05-27T19:33:44.431+0530] {processor.py:183} INFO - Processing /Users/zafarimam/Documents/E-Commerce Order Pipeline/airflow_venv_39/lib/python3.9/site-packages/airflow/example_dags/subdags/subdag.py took 0.074 seconds
[2025-05-27T19:35:25.789+0530] {processor.py:161} INFO - Started process (PID=28451) to work on /Users/zafarimam/Documents/E-Commerce Order Pipeline/airflow_venv_39/lib/python3.9/site-packages/airflow/example_dags/subdags/subdag.py
[2025-05-27T19:35:25.790+0530] {processor.py:830} INFO - Processing file /Users/zafarimam/Documents/E-Commerce Order Pipeline/airflow_venv_39/lib/python3.9/site-packages/airflow/example_dags/subdags/subdag.py for tasks to queue
[2025-05-27T19:35:25.791+0530] {logging_mixin.py:188} INFO - [2025-05-27T19:35:25.791+0530] {dagbag.py:538} INFO - Filling up the DagBag from /Users/zafarimam/Documents/E-Commerce Order Pipeline/airflow_venv_39/lib/python3.9/site-packages/airflow/example_dags/subdags/subdag.py
[2025-05-27T19:35:25.793+0530] {processor.py:842} WARNING - No viable dags retrieved from /Users/zafarimam/Documents/E-Commerce Order Pipeline/airflow_venv_39/lib/python3.9/site-packages/airflow/example_dags/subdags/subdag.py
[2025-05-27T19:35:25.862+0530] {processor.py:183} INFO - Processing /Users/zafarimam/Documents/E-Commerce Order Pipeline/airflow_venv_39/lib/python3.9/site-packages/airflow/example_dags/subdags/subdag.py took 0.074 seconds
[2025-05-27T19:37:07.171+0530] {processor.py:161} INFO - Started process (PID=28505) to work on /Users/zafarimam/Documents/E-Commerce Order Pipeline/airflow_venv_39/lib/python3.9/site-packages/airflow/example_dags/subdags/subdag.py
[2025-05-27T19:37:07.172+0530] {processor.py:830} INFO - Processing file /Users/zafarimam/Documents/E-Commerce Order Pipeline/airflow_venv_39/lib/python3.9/site-packages/airflow/example_dags/subdags/subdag.py for tasks to queue
[2025-05-27T19:37:07.173+0530] {logging_mixin.py:188} INFO - [2025-05-27T19:37:07.173+0530] {dagbag.py:538} INFO - Filling up the DagBag from /Users/zafarimam/Documents/E-Commerce Order Pipeline/airflow_venv_39/lib/python3.9/site-packages/airflow/example_dags/subdags/subdag.py
[2025-05-27T19:37:07.175+0530] {processor.py:842} WARNING - No viable dags retrieved from /Users/zafarimam/Documents/E-Commerce Order Pipeline/airflow_venv_39/lib/python3.9/site-packages/airflow/example_dags/subdags/subdag.py
[2025-05-27T19:37:07.247+0530] {processor.py:183} INFO - Processing /Users/zafarimam/Documents/E-Commerce Order Pipeline/airflow_venv_39/lib/python3.9/site-packages/airflow/example_dags/subdags/subdag.py took 0.077 seconds
[2025-05-27T19:38:47.060+0530] {processor.py:161} INFO - Started process (PID=28556) to work on /Users/zafarimam/Documents/E-Commerce Order Pipeline/airflow_venv_39/lib/python3.9/site-packages/airflow/example_dags/subdags/subdag.py
[2025-05-27T19:38:47.061+0530] {processor.py:830} INFO - Processing file /Users/zafarimam/Documents/E-Commerce Order Pipeline/airflow_venv_39/lib/python3.9/site-packages/airflow/example_dags/subdags/subdag.py for tasks to queue
[2025-05-27T19:38:47.062+0530] {logging_mixin.py:188} INFO - [2025-05-27T19:38:47.062+0530] {dagbag.py:538} INFO - Filling up the DagBag from /Users/zafarimam/Documents/E-Commerce Order Pipeline/airflow_venv_39/lib/python3.9/site-packages/airflow/example_dags/subdags/subdag.py
[2025-05-27T19:38:47.064+0530] {processor.py:842} WARNING - No viable dags retrieved from /Users/zafarimam/Documents/E-Commerce Order Pipeline/airflow_venv_39/lib/python3.9/site-packages/airflow/example_dags/subdags/subdag.py
[2025-05-27T19:38:47.134+0530] {processor.py:183} INFO - Processing /Users/zafarimam/Documents/E-Commerce Order Pipeline/airflow_venv_39/lib/python3.9/site-packages/airflow/example_dags/subdags/subdag.py took 0.075 seconds
[2025-05-27T19:40:25.560+0530] {processor.py:161} INFO - Started process (PID=28606) to work on /Users/zafarimam/Documents/E-Commerce Order Pipeline/airflow_venv_39/lib/python3.9/site-packages/airflow/example_dags/subdags/subdag.py
[2025-05-27T19:40:25.561+0530] {processor.py:830} INFO - Processing file /Users/zafarimam/Documents/E-Commerce Order Pipeline/airflow_venv_39/lib/python3.9/site-packages/airflow/example_dags/subdags/subdag.py for tasks to queue
[2025-05-27T19:40:25.562+0530] {logging_mixin.py:188} INFO - [2025-05-27T19:40:25.562+0530] {dagbag.py:538} INFO - Filling up the DagBag from /Users/zafarimam/Documents/E-Commerce Order Pipeline/airflow_venv_39/lib/python3.9/site-packages/airflow/example_dags/subdags/subdag.py
[2025-05-27T19:40:25.564+0530] {processor.py:842} WARNING - No viable dags retrieved from /Users/zafarimam/Documents/E-Commerce Order Pipeline/airflow_venv_39/lib/python3.9/site-packages/airflow/example_dags/subdags/subdag.py
[2025-05-27T19:40:25.633+0530] {processor.py:183} INFO - Processing /Users/zafarimam/Documents/E-Commerce Order Pipeline/airflow_venv_39/lib/python3.9/site-packages/airflow/example_dags/subdags/subdag.py took 0.074 seconds
[2025-05-27T19:42:06.910+0530] {processor.py:161} INFO - Started process (PID=28660) to work on /Users/zafarimam/Documents/E-Commerce Order Pipeline/airflow_venv_39/lib/python3.9/site-packages/airflow/example_dags/subdags/subdag.py
[2025-05-27T19:42:06.911+0530] {processor.py:830} INFO - Processing file /Users/zafarimam/Documents/E-Commerce Order Pipeline/airflow_venv_39/lib/python3.9/site-packages/airflow/example_dags/subdags/subdag.py for tasks to queue
[2025-05-27T19:42:06.911+0530] {logging_mixin.py:188} INFO - [2025-05-27T19:42:06.911+0530] {dagbag.py:538} INFO - Filling up the DagBag from /Users/zafarimam/Documents/E-Commerce Order Pipeline/airflow_venv_39/lib/python3.9/site-packages/airflow/example_dags/subdags/subdag.py
[2025-05-27T19:42:06.913+0530] {processor.py:842} WARNING - No viable dags retrieved from /Users/zafarimam/Documents/E-Commerce Order Pipeline/airflow_venv_39/lib/python3.9/site-packages/airflow/example_dags/subdags/subdag.py
[2025-05-27T19:42:06.988+0530] {processor.py:183} INFO - Processing /Users/zafarimam/Documents/E-Commerce Order Pipeline/airflow_venv_39/lib/python3.9/site-packages/airflow/example_dags/subdags/subdag.py took 0.079 seconds
[2025-05-27T19:43:57.361+0530] {processor.py:161} INFO - Started process (PID=28751) to work on /Users/zafarimam/Documents/E-Commerce Order Pipeline/airflow_venv_39/lib/python3.9/site-packages/airflow/example_dags/subdags/subdag.py
[2025-05-27T19:43:57.363+0530] {processor.py:830} INFO - Processing file /Users/zafarimam/Documents/E-Commerce Order Pipeline/airflow_venv_39/lib/python3.9/site-packages/airflow/example_dags/subdags/subdag.py for tasks to queue
[2025-05-27T19:43:57.363+0530] {logging_mixin.py:188} INFO - [2025-05-27T19:43:57.363+0530] {dagbag.py:538} INFO - Filling up the DagBag from /Users/zafarimam/Documents/E-Commerce Order Pipeline/airflow_venv_39/lib/python3.9/site-packages/airflow/example_dags/subdags/subdag.py
[2025-05-27T19:43:57.366+0530] {processor.py:842} WARNING - No viable dags retrieved from /Users/zafarimam/Documents/E-Commerce Order Pipeline/airflow_venv_39/lib/python3.9/site-packages/airflow/example_dags/subdags/subdag.py
[2025-05-27T19:43:57.445+0530] {processor.py:183} INFO - Processing /Users/zafarimam/Documents/E-Commerce Order Pipeline/airflow_venv_39/lib/python3.9/site-packages/airflow/example_dags/subdags/subdag.py took 0.086 seconds
[2025-05-27T19:46:03.070+0530] {processor.py:161} INFO - Started process (PID=28858) to work on /Users/zafarimam/Documents/E-Commerce Order Pipeline/airflow_venv_39/lib/python3.9/site-packages/airflow/example_dags/subdags/subdag.py
[2025-05-27T19:46:03.071+0530] {processor.py:830} INFO - Processing file /Users/zafarimam/Documents/E-Commerce Order Pipeline/airflow_venv_39/lib/python3.9/site-packages/airflow/example_dags/subdags/subdag.py for tasks to queue
[2025-05-27T19:46:03.072+0530] {logging_mixin.py:188} INFO - [2025-05-27T19:46:03.072+0530] {dagbag.py:538} INFO - Filling up the DagBag from /Users/zafarimam/Documents/E-Commerce Order Pipeline/airflow_venv_39/lib/python3.9/site-packages/airflow/example_dags/subdags/subdag.py
[2025-05-27T19:46:03.074+0530] {processor.py:842} WARNING - No viable dags retrieved from /Users/zafarimam/Documents/E-Commerce Order Pipeline/airflow_venv_39/lib/python3.9/site-packages/airflow/example_dags/subdags/subdag.py
[2025-05-27T19:46:03.146+0530] {processor.py:183} INFO - Processing /Users/zafarimam/Documents/E-Commerce Order Pipeline/airflow_venv_39/lib/python3.9/site-packages/airflow/example_dags/subdags/subdag.py took 0.078 seconds
[2025-05-27T19:47:47.123+0530] {processor.py:161} INFO - Started process (PID=28926) to work on /Users/zafarimam/Documents/E-Commerce Order Pipeline/airflow_venv_39/lib/python3.9/site-packages/airflow/example_dags/subdags/subdag.py
[2025-05-27T19:47:47.124+0530] {processor.py:830} INFO - Processing file /Users/zafarimam/Documents/E-Commerce Order Pipeline/airflow_venv_39/lib/python3.9/site-packages/airflow/example_dags/subdags/subdag.py for tasks to queue
[2025-05-27T19:47:47.124+0530] {logging_mixin.py:188} INFO - [2025-05-27T19:47:47.124+0530] {dagbag.py:538} INFO - Filling up the DagBag from /Users/zafarimam/Documents/E-Commerce Order Pipeline/airflow_venv_39/lib/python3.9/site-packages/airflow/example_dags/subdags/subdag.py
[2025-05-27T19:47:47.126+0530] {processor.py:842} WARNING - No viable dags retrieved from /Users/zafarimam/Documents/E-Commerce Order Pipeline/airflow_venv_39/lib/python3.9/site-packages/airflow/example_dags/subdags/subdag.py
[2025-05-27T19:47:47.198+0530] {processor.py:183} INFO - Processing /Users/zafarimam/Documents/E-Commerce Order Pipeline/airflow_venv_39/lib/python3.9/site-packages/airflow/example_dags/subdags/subdag.py took 0.076 seconds
[2025-05-27T19:49:30.669+0530] {processor.py:161} INFO - Started process (PID=28977) to work on /Users/zafarimam/Documents/E-Commerce Order Pipeline/airflow_venv_39/lib/python3.9/site-packages/airflow/example_dags/subdags/subdag.py
[2025-05-27T19:49:30.670+0530] {processor.py:830} INFO - Processing file /Users/zafarimam/Documents/E-Commerce Order Pipeline/airflow_venv_39/lib/python3.9/site-packages/airflow/example_dags/subdags/subdag.py for tasks to queue
[2025-05-27T19:49:30.670+0530] {logging_mixin.py:188} INFO - [2025-05-27T19:49:30.670+0530] {dagbag.py:538} INFO - Filling up the DagBag from /Users/zafarimam/Documents/E-Commerce Order Pipeline/airflow_venv_39/lib/python3.9/site-packages/airflow/example_dags/subdags/subdag.py
[2025-05-27T19:49:30.672+0530] {processor.py:842} WARNING - No viable dags retrieved from /Users/zafarimam/Documents/E-Commerce Order Pipeline/airflow_venv_39/lib/python3.9/site-packages/airflow/example_dags/subdags/subdag.py
[2025-05-27T19:49:30.745+0530] {processor.py:183} INFO - Processing /Users/zafarimam/Documents/E-Commerce Order Pipeline/airflow_venv_39/lib/python3.9/site-packages/airflow/example_dags/subdags/subdag.py took 0.078 seconds
[2025-05-27T19:51:16.708+0530] {processor.py:161} INFO - Started process (PID=29058) to work on /Users/zafarimam/Documents/E-Commerce Order Pipeline/airflow_venv_39/lib/python3.9/site-packages/airflow/example_dags/subdags/subdag.py
[2025-05-27T19:51:16.709+0530] {processor.py:830} INFO - Processing file /Users/zafarimam/Documents/E-Commerce Order Pipeline/airflow_venv_39/lib/python3.9/site-packages/airflow/example_dags/subdags/subdag.py for tasks to queue
[2025-05-27T19:51:16.709+0530] {logging_mixin.py:188} INFO - [2025-05-27T19:51:16.709+0530] {dagbag.py:538} INFO - Filling up the DagBag from /Users/zafarimam/Documents/E-Commerce Order Pipeline/airflow_venv_39/lib/python3.9/site-packages/airflow/example_dags/subdags/subdag.py
[2025-05-27T19:51:16.711+0530] {processor.py:842} WARNING - No viable dags retrieved from /Users/zafarimam/Documents/E-Commerce Order Pipeline/airflow_venv_39/lib/python3.9/site-packages/airflow/example_dags/subdags/subdag.py
[2025-05-27T19:51:16.787+0530] {processor.py:183} INFO - Processing /Users/zafarimam/Documents/E-Commerce Order Pipeline/airflow_venv_39/lib/python3.9/site-packages/airflow/example_dags/subdags/subdag.py took 0.081 seconds
