[2025-05-27T17:58:57.593+0530] {taskinstance.py:1956} INFO - Dependencies all met for dep_context=non-requeueable deps ti=<TaskInstance: order_monitoring_dag12.run_dbt_models manual__2025-05-27T12:28:53.561662+00:00 [queued]>
[2025-05-27T17:58:57.597+0530] {taskinstance.py:1956} INFO - Dependencies all met for dep_context=requeueable deps ti=<TaskInstance: order_monitoring_dag12.run_dbt_models manual__2025-05-27T12:28:53.561662+00:00 [queued]>
[2025-05-27T17:58:57.597+0530] {taskinstance.py:2170} INFO - Starting attempt 1 of 1
[2025-05-27T17:58:57.606+0530] {taskinstance.py:2191} INFO - Executing <Task(BashOperator): run_dbt_models> on 2025-05-27 12:28:53.561662+00:00
[2025-05-27T17:58:57.611+0530] {standard_task_runner.py:60} INFO - Started process 24878 to run task
[2025-05-27T17:58:57.616+0530] {standard_task_runner.py:87} INFO - Running: ['airflow', 'tasks', 'run', 'order_monitoring_dag12', 'run_dbt_models', 'manual__2025-05-27T12:28:53.561662+00:00', '--job-id', '7', '--raw', '--subdir', 'DAGS_FOLDER/order_monitoring_dag.py', '--cfg-path', '/var/folders/7w/779kl2wj7p9971zq3yv085jm0000gn/T/tmpwm7isgp3']
[2025-05-27T17:58:57.618+0530] {standard_task_runner.py:88} INFO - Job 7: Subtask run_dbt_models
[2025-05-27T17:58:57.656+0530] {task_command.py:423} INFO - Running <TaskInstance: order_monitoring_dag12.run_dbt_models manual__2025-05-27T12:28:53.561662+00:00 [running]> on host zafars-macbook-pro.local
[2025-05-27T17:58:57.700+0530] {taskinstance.py:2480} INFO - Exporting env vars: AIRFLOW_CTX_DAG_EMAIL='imamzafar100@gmail.com' AIRFLOW_CTX_DAG_OWNER='airflow' AIRFLOW_CTX_DAG_ID='order_monitoring_dag12' AIRFLOW_CTX_TASK_ID='run_dbt_models' AIRFLOW_CTX_EXECUTION_DATE='2025-05-27T12:28:53.561662+00:00' AIRFLOW_CTX_TRY_NUMBER='1' AIRFLOW_CTX_DAG_RUN_ID='manual__2025-05-27T12:28:53.561662+00:00'
[2025-05-27T17:58:57.702+0530] {subprocess.py:63} INFO - Tmp dir root location: /var/folders/7w/779kl2wj7p9971zq3yv085jm0000gn/T
[2025-05-27T17:58:57.703+0530] {subprocess.py:75} INFO - Running command: ['/bin/bash', '-c', 'source "/Users/zafarimam/Documents/E-Commerce Order Pipeline/airflow_venv_39/bin/activate" && cd "/Users/zafarimam/Documents/E-Commerce Order Pipeline/dbt_ecommerce" && dbt run']
[2025-05-27T17:58:57.709+0530] {subprocess.py:86} INFO - Output:
[2025-05-27T17:59:01.448+0530] {subprocess.py:93} INFO - [0m12:29:01  Running with dbt=1.9.4
[2025-05-27T17:59:01.972+0530] {subprocess.py:93} INFO - [0m12:29:01  Registered adapter: snowflake=1.9.4
[2025-05-27T17:59:02.466+0530] {subprocess.py:93} INFO - [0m12:29:02  Found 4 models, 476 macros
[2025-05-27T17:59:02.469+0530] {subprocess.py:93} INFO - [0m12:29:02
[2025-05-27T17:59:02.469+0530] {subprocess.py:93} INFO - [0m12:29:02  Concurrency: 1 threads (target='dev')
[2025-05-27T17:59:02.470+0530] {subprocess.py:93} INFO - [0m12:29:02
[2025-05-27T17:59:04.607+0530] {subprocess.py:93} INFO - [0m12:29:04  1 of 4 START sql view model analytics.stg_customers ............................ [RUN]
[2025-05-27T17:59:05.040+0530] {subprocess.py:93} INFO - [0m12:29:05  1 of 4 OK created sql view model analytics.stg_customers ....................... [[32mSUCCESS 1[0m in 0.43s]
[2025-05-27T17:59:05.042+0530] {subprocess.py:93} INFO - [0m12:29:05  2 of 4 START sql view model analytics.stg_orders ............................... [RUN]
[2025-05-27T17:59:05.313+0530] {subprocess.py:93} INFO - [0m12:29:05  2 of 4 OK created sql view model analytics.stg_orders .......................... [[32mSUCCESS 1[0m in 0.27s]
[2025-05-27T17:59:05.316+0530] {subprocess.py:93} INFO - [0m12:29:05  3 of 4 START sql view model analytics.stg_shipments ............................ [RUN]
[2025-05-27T17:59:05.624+0530] {subprocess.py:93} INFO - [0m12:29:05  3 of 4 OK created sql view model analytics.stg_shipments ....................... [[32mSUCCESS 1[0m in 0.31s]
[2025-05-27T17:59:05.627+0530] {subprocess.py:93} INFO - [0m12:29:05  4 of 4 START sql view model analytics.order_status ............................. [RUN]
[2025-05-27T17:59:06.213+0530] {subprocess.py:93} INFO - [0m12:29:06  4 of 4 OK created sql view model analytics.order_status ........................ [[32mSUCCESS 1[0m in 0.58s]
[2025-05-27T17:59:06.323+0530] {subprocess.py:93} INFO - [0m12:29:06
[2025-05-27T17:59:06.324+0530] {subprocess.py:93} INFO - [0m12:29:06  Finished running 4 view models in 0 hours 0 minutes and 3.85 seconds (3.85s).
[2025-05-27T17:59:06.370+0530] {subprocess.py:93} INFO - [0m12:29:06
[2025-05-27T17:59:06.370+0530] {subprocess.py:93} INFO - [0m12:29:06  [32mCompleted successfully[0m
[2025-05-27T17:59:06.371+0530] {subprocess.py:93} INFO - [0m12:29:06
[2025-05-27T17:59:06.371+0530] {subprocess.py:93} INFO - [0m12:29:06  Done. PASS=4 WARN=0 ERROR=0 SKIP=0 TOTAL=4
[2025-05-27T17:59:07.637+0530] {subprocess.py:97} INFO - Command exited with return code 0
[2025-05-27T17:59:07.658+0530] {taskinstance.py:1138} INFO - Marking task as SUCCESS. dag_id=order_monitoring_dag12, task_id=run_dbt_models, execution_date=20250527T122853, start_date=20250527T122857, end_date=20250527T122907
[2025-05-27T17:59:07.681+0530] {local_task_job_runner.py:234} INFO - Task exited with return code 0
[2025-05-27T17:59:07.698+0530] {taskinstance.py:3280} INFO - 1 downstream tasks scheduled from follow-on schedule check
