[2025-05-27T19:30:02.940+0530] {taskinstance.py:1956} INFO - Dependencies all met for dep_context=non-requeueable deps ti=<TaskInstance: order_monitoring_dag16.run_dbt_models scheduled__2025-05-27T13:00:00+00:00 [queued]>
[2025-05-27T19:30:02.943+0530] {taskinstance.py:1956} INFO - Dependencies all met for dep_context=requeueable deps ti=<TaskInstance: order_monitoring_dag16.run_dbt_models scheduled__2025-05-27T13:00:00+00:00 [queued]>
[2025-05-27T19:30:02.943+0530] {taskinstance.py:2170} INFO - Starting attempt 1 of 1
[2025-05-27T19:30:02.953+0530] {taskinstance.py:2191} INFO - Executing <Task(BashOperator): run_dbt_models> on 2025-05-27 13:00:00+00:00
[2025-05-27T19:30:02.958+0530] {standard_task_runner.py:60} INFO - Started process 28268 to run task
[2025-05-27T19:30:02.963+0530] {standard_task_runner.py:87} INFO - Running: ['airflow', 'tasks', 'run', 'order_monitoring_dag16', 'run_dbt_models', 'scheduled__2025-05-27T13:00:00+00:00', '--job-id', '29', '--raw', '--subdir', 'DAGS_FOLDER/order_monitoring_dag.py', '--cfg-path', '/var/folders/7w/779kl2wj7p9971zq3yv085jm0000gn/T/tmpoc0cdpnj']
[2025-05-27T19:30:02.964+0530] {standard_task_runner.py:88} INFO - Job 29: Subtask run_dbt_models
[2025-05-27T19:30:02.999+0530] {task_command.py:423} INFO - Running <TaskInstance: order_monitoring_dag16.run_dbt_models scheduled__2025-05-27T13:00:00+00:00 [running]> on host zafars-macbook-pro.local
[2025-05-27T19:30:03.044+0530] {taskinstance.py:2480} INFO - Exporting env vars: AIRFLOW_CTX_DAG_EMAIL='imamzafar100@gmail.com' AIRFLOW_CTX_DAG_OWNER='airflow' AIRFLOW_CTX_DAG_ID='order_monitoring_dag16' AIRFLOW_CTX_TASK_ID='run_dbt_models' AIRFLOW_CTX_EXECUTION_DATE='2025-05-27T13:00:00+00:00' AIRFLOW_CTX_TRY_NUMBER='1' AIRFLOW_CTX_DAG_RUN_ID='scheduled__2025-05-27T13:00:00+00:00'
[2025-05-27T19:30:03.046+0530] {subprocess.py:63} INFO - Tmp dir root location: /var/folders/7w/779kl2wj7p9971zq3yv085jm0000gn/T
[2025-05-27T19:30:03.046+0530] {subprocess.py:75} INFO - Running command: ['/bin/bash', '-c', 'source "/Users/zafarimam/Documents/E-Commerce Order Pipeline/airflow_venv_39/bin/activate" && cd "/Users/zafarimam/Documents/E-Commerce Order Pipeline/dbt_ecommerce" && dbt run']
[2025-05-27T19:30:03.052+0530] {subprocess.py:86} INFO - Output:
[2025-05-27T19:30:04.722+0530] {subprocess.py:93} INFO - [0m14:00:04  Running with dbt=1.9.4
[2025-05-27T19:30:05.301+0530] {subprocess.py:93} INFO - [0m14:00:05  Registered adapter: snowflake=1.9.4
[2025-05-27T19:30:05.690+0530] {subprocess.py:93} INFO - [0m14:00:05  Found 4 models, 476 macros
[2025-05-27T19:30:05.692+0530] {subprocess.py:93} INFO - [0m14:00:05
[2025-05-27T19:30:05.692+0530] {subprocess.py:93} INFO - [0m14:00:05  Concurrency: 1 threads (target='dev')
[2025-05-27T19:30:05.693+0530] {subprocess.py:93} INFO - [0m14:00:05
[2025-05-27T19:30:06.780+0530] {subprocess.py:93} INFO - [0m14:00:06  1 of 4 START sql view model analytics.stg_customers ............................ [RUN]
[2025-05-27T19:30:10.776+0530] {subprocess.py:93} INFO - [0m14:00:10  1 of 4 OK created sql view model analytics.stg_customers ....................... [[32mSUCCESS 1[0m in 3.99s]
[2025-05-27T19:30:10.778+0530] {subprocess.py:93} INFO - [0m14:00:10  2 of 4 START sql view model analytics.stg_orders ............................... [RUN]
[2025-05-27T19:30:10.997+0530] {subprocess.py:93} INFO - [0m14:00:10  2 of 4 OK created sql view model analytics.stg_orders .......................... [[32mSUCCESS 1[0m in 0.22s]
[2025-05-27T19:30:10.999+0530] {subprocess.py:93} INFO - [0m14:00:10  3 of 4 START sql view model analytics.stg_shipments ............................ [RUN]
[2025-05-27T19:30:11.214+0530] {subprocess.py:93} INFO - [0m14:00:11  3 of 4 OK created sql view model analytics.stg_shipments ....................... [[32mSUCCESS 1[0m in 0.21s]
[2025-05-27T19:30:11.217+0530] {subprocess.py:93} INFO - [0m14:00:11  4 of 4 START sql view model analytics.order_status ............................. [RUN]
[2025-05-27T19:30:11.642+0530] {subprocess.py:93} INFO - [0m14:00:11  4 of 4 OK created sql view model analytics.order_status ........................ [[32mSUCCESS 1[0m in 0.42s]
[2025-05-27T19:30:11.739+0530] {subprocess.py:93} INFO - [0m14:00:11
[2025-05-27T19:30:11.739+0530] {subprocess.py:93} INFO - [0m14:00:11  Finished running 4 view models in 0 hours 0 minutes and 6.05 seconds (6.05s).
[2025-05-27T19:30:11.782+0530] {subprocess.py:93} INFO - [0m14:00:11
[2025-05-27T19:30:11.782+0530] {subprocess.py:93} INFO - [0m14:00:11  [32mCompleted successfully[0m
[2025-05-27T19:30:11.783+0530] {subprocess.py:93} INFO - [0m14:00:11
[2025-05-27T19:30:11.783+0530] {subprocess.py:93} INFO - [0m14:00:11  Done. PASS=4 WARN=0 ERROR=0 SKIP=0 TOTAL=4
[2025-05-27T19:30:13.215+0530] {subprocess.py:97} INFO - Command exited with return code 0
[2025-05-27T19:30:13.232+0530] {taskinstance.py:1138} INFO - Marking task as SUCCESS. dag_id=order_monitoring_dag16, task_id=run_dbt_models, execution_date=20250527T130000, start_date=20250527T140002, end_date=20250527T140013
[2025-05-27T19:30:13.279+0530] {local_task_job_runner.py:234} INFO - Task exited with return code 0
[2025-05-27T19:30:13.294+0530] {taskinstance.py:3280} INFO - 1 downstream tasks scheduled from follow-on schedule check
