[2025-05-27T18:39:02.338+0530] {taskinstance.py:1956} INFO - Dependencies all met for dep_context=non-requeueable deps ti=<TaskInstance: order_monitoring_dag15.run_dbt_models manual__2025-05-27T13:08:58.045620+00:00 [queued]>
[2025-05-27T18:39:02.342+0530] {taskinstance.py:1956} INFO - Dependencies all met for dep_context=requeueable deps ti=<TaskInstance: order_monitoring_dag15.run_dbt_models manual__2025-05-27T13:08:58.045620+00:00 [queued]>
[2025-05-27T18:39:02.343+0530] {taskinstance.py:2170} INFO - Starting attempt 1 of 1
[2025-05-27T18:39:02.352+0530] {taskinstance.py:2191} INFO - Executing <Task(BashOperator): run_dbt_models> on 2025-05-27 13:08:58.045620+00:00
[2025-05-27T18:39:02.356+0530] {standard_task_runner.py:60} INFO - Started process 26466 to run task
[2025-05-27T18:39:02.362+0530] {standard_task_runner.py:87} INFO - Running: ['airflow', 'tasks', 'run', 'order_monitoring_dag15', 'run_dbt_models', 'manual__2025-05-27T13:08:58.045620+00:00', '--job-id', '22', '--raw', '--subdir', 'DAGS_FOLDER/order_monitoring_dag.py', '--cfg-path', '/var/folders/7w/779kl2wj7p9971zq3yv085jm0000gn/T/tmp716r5cz0']
[2025-05-27T18:39:02.365+0530] {standard_task_runner.py:88} INFO - Job 22: Subtask run_dbt_models
[2025-05-27T18:39:02.402+0530] {task_command.py:423} INFO - Running <TaskInstance: order_monitoring_dag15.run_dbt_models manual__2025-05-27T13:08:58.045620+00:00 [running]> on host zafars-macbook-pro.local
[2025-05-27T18:39:02.446+0530] {taskinstance.py:2480} INFO - Exporting env vars: AIRFLOW_CTX_DAG_EMAIL='imamzafar100@gmail.com' AIRFLOW_CTX_DAG_OWNER='airflow' AIRFLOW_CTX_DAG_ID='order_monitoring_dag15' AIRFLOW_CTX_TASK_ID='run_dbt_models' AIRFLOW_CTX_EXECUTION_DATE='2025-05-27T13:08:58.045620+00:00' AIRFLOW_CTX_TRY_NUMBER='1' AIRFLOW_CTX_DAG_RUN_ID='manual__2025-05-27T13:08:58.045620+00:00'
[2025-05-27T18:39:02.448+0530] {subprocess.py:63} INFO - Tmp dir root location: /var/folders/7w/779kl2wj7p9971zq3yv085jm0000gn/T
[2025-05-27T18:39:02.449+0530] {subprocess.py:75} INFO - Running command: ['/bin/bash', '-c', 'source "/Users/zafarimam/Documents/E-Commerce Order Pipeline/airflow_venv_39/bin/activate" && cd "/Users/zafarimam/Documents/E-Commerce Order Pipeline/dbt_ecommerce" && dbt run']
[2025-05-27T18:39:02.455+0530] {subprocess.py:86} INFO - Output:
[2025-05-27T18:39:04.549+0530] {subprocess.py:93} INFO - [0m13:09:04  Running with dbt=1.9.4
[2025-05-27T18:39:05.071+0530] {subprocess.py:93} INFO - [0m13:09:05  Registered adapter: snowflake=1.9.4
[2025-05-27T18:39:05.556+0530] {subprocess.py:93} INFO - [0m13:09:05  Found 4 models, 476 macros
[2025-05-27T18:39:05.559+0530] {subprocess.py:93} INFO - [0m13:09:05
[2025-05-27T18:39:05.559+0530] {subprocess.py:93} INFO - [0m13:09:05  Concurrency: 1 threads (target='dev')
[2025-05-27T18:39:05.560+0530] {subprocess.py:93} INFO - [0m13:09:05
[2025-05-27T18:39:06.694+0530] {subprocess.py:93} INFO - [0m13:09:06  1 of 4 START sql view model analytics.stg_customers ............................ [RUN]
[2025-05-27T18:39:07.002+0530] {subprocess.py:93} INFO - [0m13:09:07  1 of 4 OK created sql view model analytics.stg_customers ....................... [[32mSUCCESS 1[0m in 0.30s]
[2025-05-27T18:39:07.004+0530] {subprocess.py:93} INFO - [0m13:09:07  2 of 4 START sql view model analytics.stg_orders ............................... [RUN]
[2025-05-27T18:39:07.222+0530] {subprocess.py:93} INFO - [0m13:09:07  2 of 4 OK created sql view model analytics.stg_orders .......................... [[32mSUCCESS 1[0m in 0.22s]
[2025-05-27T18:39:07.225+0530] {subprocess.py:93} INFO - [0m13:09:07  3 of 4 START sql view model analytics.stg_shipments ............................ [RUN]
[2025-05-27T18:39:07.492+0530] {subprocess.py:93} INFO - [0m13:09:07  3 of 4 OK created sql view model analytics.stg_shipments ....................... [[32mSUCCESS 1[0m in 0.27s]
[2025-05-27T18:39:07.494+0530] {subprocess.py:93} INFO - [0m13:09:07  4 of 4 START sql view model analytics.order_status ............................. [RUN]
[2025-05-27T18:39:07.901+0530] {subprocess.py:93} INFO - [0m13:09:07  4 of 4 OK created sql view model analytics.order_status ........................ [[32mSUCCESS 1[0m in 0.40s]
[2025-05-27T18:39:07.994+0530] {subprocess.py:93} INFO - [0m13:09:07
[2025-05-27T18:39:07.995+0530] {subprocess.py:93} INFO - [0m13:09:07  Finished running 4 view models in 0 hours 0 minutes and 2.43 seconds (2.43s).
[2025-05-27T18:39:08.041+0530] {subprocess.py:93} INFO - [0m13:09:08
[2025-05-27T18:39:08.041+0530] {subprocess.py:93} INFO - [0m13:09:08  [32mCompleted successfully[0m
[2025-05-27T18:39:08.042+0530] {subprocess.py:93} INFO - [0m13:09:08
[2025-05-27T18:39:08.042+0530] {subprocess.py:93} INFO - [0m13:09:08  Done. PASS=4 WARN=0 ERROR=0 SKIP=0 TOTAL=4
[2025-05-27T18:39:09.521+0530] {subprocess.py:97} INFO - Command exited with return code 0
[2025-05-27T18:39:09.540+0530] {taskinstance.py:1138} INFO - Marking task as SUCCESS. dag_id=order_monitoring_dag15, task_id=run_dbt_models, execution_date=20250527T130858, start_date=20250527T130902, end_date=20250527T130909
[2025-05-27T18:39:09.570+0530] {local_task_job_runner.py:234} INFO - Task exited with return code 0
[2025-05-27T18:39:09.588+0530] {taskinstance.py:3280} INFO - 1 downstream tasks scheduled from follow-on schedule check
