[2025-05-24T05:31:03.694+0530] {processor.py:161} INFO - Started process (PID=20859) to work on /Users/zafarimam/Documents/E-Commerce Order Pipeline/airflow/dags/order_monitoring_dag.py
[2025-05-24T05:31:03.695+0530] {processor.py:830} INFO - Processing file /Users/zafarimam/Documents/E-Commerce Order Pipeline/airflow/dags/order_monitoring_dag.py for tasks to queue
[2025-05-24T05:31:03.696+0530] {logging_mixin.py:188} INFO - [2025-05-24T05:31:03.696+0530] {dagbag.py:540} INFO - Filling up the DagBag from /Users/zafarimam/Documents/E-Commerce Order Pipeline/airflow/dags/order_monitoring_dag.py
[2025-05-24T05:31:03.707+0530] {processor.py:840} INFO - DAG(s) 'order_monitoring_dag1' retrieved from /Users/zafarimam/Documents/E-Commerce Order Pipeline/airflow/dags/order_monitoring_dag.py
[2025-05-24T05:31:03.934+0530] {logging_mixin.py:188} INFO - [2025-05-24T05:31:03.934+0530] {dag.py:3096} INFO - Sync 1 DAGs
[2025-05-24T05:31:03.948+0530] {logging_mixin.py:188} INFO - [2025-05-24T05:31:03.948+0530] {dag.py:3954} INFO - Setting next_dagrun for order_monitoring_dag1 to 2025-05-24 00:00:00+00:00, run_after=2025-05-24 01:00:00+00:00
[2025-05-24T05:31:03.964+0530] {processor.py:183} INFO - Processing /Users/zafarimam/Documents/E-Commerce Order Pipeline/airflow/dags/order_monitoring_dag.py took 0.274 seconds
[2025-05-24T05:33:23.520+0530] {processor.py:161} INFO - Started process (PID=20937) to work on /Users/zafarimam/Documents/E-Commerce Order Pipeline/airflow/dags/order_monitoring_dag.py
[2025-05-24T05:33:23.522+0530] {processor.py:830} INFO - Processing file /Users/zafarimam/Documents/E-Commerce Order Pipeline/airflow/dags/order_monitoring_dag.py for tasks to queue
[2025-05-24T05:33:23.523+0530] {logging_mixin.py:188} INFO - [2025-05-24T05:33:23.522+0530] {dagbag.py:540} INFO - Filling up the DagBag from /Users/zafarimam/Documents/E-Commerce Order Pipeline/airflow/dags/order_monitoring_dag.py
[2025-05-24T05:33:23.533+0530] {processor.py:840} INFO - DAG(s) 'order_monitoring_dag1' retrieved from /Users/zafarimam/Documents/E-Commerce Order Pipeline/airflow/dags/order_monitoring_dag.py
[2025-05-24T05:33:23.670+0530] {logging_mixin.py:188} INFO - [2025-05-24T05:33:23.670+0530] {dag.py:3096} INFO - Sync 1 DAGs
[2025-05-24T05:33:23.689+0530] {logging_mixin.py:188} INFO - [2025-05-24T05:33:23.689+0530] {dag.py:3954} INFO - Setting next_dagrun for order_monitoring_dag1 to 2025-05-24 00:00:00+00:00, run_after=2025-05-24 01:00:00+00:00
[2025-05-24T05:33:23.706+0530] {processor.py:183} INFO - Processing /Users/zafarimam/Documents/E-Commerce Order Pipeline/airflow/dags/order_monitoring_dag.py took 0.189 seconds
[2025-05-24T05:35:44.966+0530] {processor.py:161} INFO - Started process (PID=21083) to work on /Users/zafarimam/Documents/E-Commerce Order Pipeline/airflow/dags/order_monitoring_dag.py
[2025-05-24T05:35:44.968+0530] {processor.py:830} INFO - Processing file /Users/zafarimam/Documents/E-Commerce Order Pipeline/airflow/dags/order_monitoring_dag.py for tasks to queue
[2025-05-24T05:35:44.969+0530] {logging_mixin.py:188} INFO - [2025-05-24T05:35:44.969+0530] {dagbag.py:540} INFO - Filling up the DagBag from /Users/zafarimam/Documents/E-Commerce Order Pipeline/airflow/dags/order_monitoring_dag.py
[2025-05-24T05:35:45.999+0530] {processor.py:840} INFO - DAG(s) 'order_monitoring_dag1' retrieved from /Users/zafarimam/Documents/E-Commerce Order Pipeline/airflow/dags/order_monitoring_dag.py
[2025-05-24T05:35:46.096+0530] {logging_mixin.py:188} INFO - [2025-05-24T05:35:46.095+0530] {dag.py:3096} INFO - Sync 1 DAGs
[2025-05-24T05:35:46.172+0530] {logging_mixin.py:188} INFO - [2025-05-24T05:35:46.172+0530] {dag.py:3954} INFO - Setting next_dagrun for order_monitoring_dag1 to 2025-05-24 00:00:00+00:00, run_after=2025-05-24 01:00:00+00:00
[2025-05-24T05:35:46.191+0530] {processor.py:183} INFO - Processing /Users/zafarimam/Documents/E-Commerce Order Pipeline/airflow/dags/order_monitoring_dag.py took 1.228 seconds
[2025-05-24T05:38:07.249+0530] {processor.py:161} INFO - Started process (PID=21226) to work on /Users/zafarimam/Documents/E-Commerce Order Pipeline/airflow/dags/order_monitoring_dag.py
[2025-05-24T05:38:07.251+0530] {processor.py:830} INFO - Processing file /Users/zafarimam/Documents/E-Commerce Order Pipeline/airflow/dags/order_monitoring_dag.py for tasks to queue
[2025-05-24T05:38:07.252+0530] {logging_mixin.py:188} INFO - [2025-05-24T05:38:07.252+0530] {dagbag.py:540} INFO - Filling up the DagBag from /Users/zafarimam/Documents/E-Commerce Order Pipeline/airflow/dags/order_monitoring_dag.py
[2025-05-24T05:38:08.295+0530] {processor.py:840} INFO - DAG(s) 'order_monitoring_dag1' retrieved from /Users/zafarimam/Documents/E-Commerce Order Pipeline/airflow/dags/order_monitoring_dag.py
[2025-05-24T05:38:08.381+0530] {logging_mixin.py:188} INFO - [2025-05-24T05:38:08.381+0530] {dag.py:3096} INFO - Sync 1 DAGs
[2025-05-24T05:38:08.446+0530] {logging_mixin.py:188} INFO - [2025-05-24T05:38:08.446+0530] {dag.py:3954} INFO - Setting next_dagrun for order_monitoring_dag1 to 2025-05-24 00:00:00+00:00, run_after=2025-05-24 01:00:00+00:00
[2025-05-24T05:38:08.460+0530] {processor.py:183} INFO - Processing /Users/zafarimam/Documents/E-Commerce Order Pipeline/airflow/dags/order_monitoring_dag.py took 1.215 seconds
[2025-05-24T05:40:27.032+0530] {processor.py:161} INFO - Started process (PID=21386) to work on /Users/zafarimam/Documents/E-Commerce Order Pipeline/airflow/dags/order_monitoring_dag.py
[2025-05-24T05:40:27.033+0530] {processor.py:830} INFO - Processing file /Users/zafarimam/Documents/E-Commerce Order Pipeline/airflow/dags/order_monitoring_dag.py for tasks to queue
[2025-05-24T05:40:27.034+0530] {logging_mixin.py:188} INFO - [2025-05-24T05:40:27.034+0530] {dagbag.py:540} INFO - Filling up the DagBag from /Users/zafarimam/Documents/E-Commerce Order Pipeline/airflow/dags/order_monitoring_dag.py
[2025-05-24T05:40:28.144+0530] {processor.py:840} INFO - DAG(s) 'order_monitoring_dag1' retrieved from /Users/zafarimam/Documents/E-Commerce Order Pipeline/airflow/dags/order_monitoring_dag.py
[2025-05-24T05:40:28.504+0530] {logging_mixin.py:188} INFO - [2025-05-24T05:40:28.503+0530] {dag.py:3096} INFO - Sync 1 DAGs
[2025-05-24T05:40:28.605+0530] {logging_mixin.py:188} INFO - [2025-05-24T05:40:28.605+0530] {dag.py:3954} INFO - Setting next_dagrun for order_monitoring_dag1 to 2025-05-24 00:00:00+00:00, run_after=2025-05-24 01:00:00+00:00
[2025-05-24T05:40:28.622+0530] {processor.py:183} INFO - Processing /Users/zafarimam/Documents/E-Commerce Order Pipeline/airflow/dags/order_monitoring_dag.py took 1.594 seconds
[2025-05-24T05:42:49.419+0530] {processor.py:161} INFO - Started process (PID=21565) to work on /Users/zafarimam/Documents/E-Commerce Order Pipeline/airflow/dags/order_monitoring_dag.py
[2025-05-24T05:42:49.420+0530] {processor.py:830} INFO - Processing file /Users/zafarimam/Documents/E-Commerce Order Pipeline/airflow/dags/order_monitoring_dag.py for tasks to queue
[2025-05-24T05:42:49.421+0530] {logging_mixin.py:188} INFO - [2025-05-24T05:42:49.421+0530] {dagbag.py:540} INFO - Filling up the DagBag from /Users/zafarimam/Documents/E-Commerce Order Pipeline/airflow/dags/order_monitoring_dag.py
[2025-05-24T05:42:50.438+0530] {processor.py:840} INFO - DAG(s) 'order_monitoring_dag1' retrieved from /Users/zafarimam/Documents/E-Commerce Order Pipeline/airflow/dags/order_monitoring_dag.py
[2025-05-24T05:42:50.544+0530] {logging_mixin.py:188} INFO - [2025-05-24T05:42:50.544+0530] {dag.py:3096} INFO - Sync 1 DAGs
[2025-05-24T05:42:50.628+0530] {logging_mixin.py:188} INFO - [2025-05-24T05:42:50.627+0530] {dag.py:3954} INFO - Setting next_dagrun for order_monitoring_dag1 to 2025-05-24 00:00:00+00:00, run_after=2025-05-24 01:00:00+00:00
[2025-05-24T05:42:50.647+0530] {processor.py:183} INFO - Processing /Users/zafarimam/Documents/E-Commerce Order Pipeline/airflow/dags/order_monitoring_dag.py took 1.231 seconds
[2025-05-24T05:45:15.472+0530] {processor.py:161} INFO - Started process (PID=22027) to work on /Users/zafarimam/Documents/E-Commerce Order Pipeline/airflow/dags/order_monitoring_dag.py
[2025-05-24T05:45:15.473+0530] {processor.py:830} INFO - Processing file /Users/zafarimam/Documents/E-Commerce Order Pipeline/airflow/dags/order_monitoring_dag.py for tasks to queue
[2025-05-24T05:45:15.474+0530] {logging_mixin.py:188} INFO - [2025-05-24T05:45:15.474+0530] {dagbag.py:540} INFO - Filling up the DagBag from /Users/zafarimam/Documents/E-Commerce Order Pipeline/airflow/dags/order_monitoring_dag.py
[2025-05-24T05:45:16.487+0530] {processor.py:840} INFO - DAG(s) 'order_monitoring_dag1' retrieved from /Users/zafarimam/Documents/E-Commerce Order Pipeline/airflow/dags/order_monitoring_dag.py
[2025-05-24T05:45:16.582+0530] {logging_mixin.py:188} INFO - [2025-05-24T05:45:16.581+0530] {dag.py:3096} INFO - Sync 1 DAGs
[2025-05-24T05:45:16.665+0530] {logging_mixin.py:188} INFO - [2025-05-24T05:45:16.665+0530] {dag.py:3954} INFO - Setting next_dagrun for order_monitoring_dag1 to 2025-05-24 00:00:00+00:00, run_after=2025-05-24 01:00:00+00:00
[2025-05-24T05:45:16.686+0530] {processor.py:183} INFO - Processing /Users/zafarimam/Documents/E-Commerce Order Pipeline/airflow/dags/order_monitoring_dag.py took 1.217 seconds
